48131|0xceab|1|184670
48131|0xceab|2|412396
48131|0xceab|3|974610
48131|0x8ceab|4|2038792
48131|0x8ceab|5|4912756
48131|0x28ceab|6|10129980
48131|0x68ceab|7|24919228
48131|0x68ceab|8|117183855
48131|0x168ceab|9|139226338
48131|0x168ceab|10|245611148
48131|0x568ceab|11|640431511
48131|0xd68ceab|12|1428793902
48131|0xd68ceab|13|1975058527
48131|0x2d68ceab|14|4928782725
48131|0x2d68ceab|15|8651825092
48131|0xad68ceab|16|15688893964
48131|0x1ad68ceab|17|33991233317
48131|0x3ad68ceab|18|73987904421
48131|0x7ad68ceab|19|150380468302
48131|0x7ad68ceab|20|258795400561
48131|0x17ad68ceab|21|496044593123
48131|0x37ad68ceab|22|992898730184
48131|0x37ad68ceab|23|1985075653611
48131|0x37ad68ceab|24|3966403517089
48133|0xb0cd|1|524349
48133|0x2b0cd|2|927215
48133|0x6b0cd|3|1753614
48133|0xeb0cd|4|3884360
48133|0xeb0cd|5|7581842
48133|0x2eb0cd|6|15390943
48133|0x6eb0cd|7|30892350
48133|0x6eb0cd|8|61818103
48133|0x6eb0cd|9|123349963
48133|0x6eb0cd|10|246528336
48133|0x46eb0cd|11|492711464
48133|0x46eb0cd|12|986763756
48133|0x46eb0cd|13|2201681680
48133|0x246eb0cd|14|3955554561
48133|0x246eb0cd|15|8368184072
48133|0x246eb0cd|16|15769916375
48133|0x246eb0cd|17|31398010946
48133|0x2246eb0cd|18|62297122329
48133|0x6246eb0cd|19|123868976436
48133|0x6246eb0cd|20|249064966543
48133|0x6246eb0cd|21|497714585354
48133|0x26246eb0cd|22|996472075110
48133|0x26246eb0cd|23|3063733684357
48133|0xa6246eb0cd|24|6594367578444
48135|0x1f1b7|1|821100
48135|0x1f1b7|2|1482843
48135|0x1f1b7|3|3093441
48135|0x1f1b7|4|6259094
48135|0x11f1b7|5|12735372
48135|0x11f1b7|6|25550476
48135|0x11f1b7|7|51193785
48135|0x11f1b7|8|101675342
48135|0x11f1b7|9|206240073
48135|0x211f1b7|10|410055041
48135|0x611f1b7|11|813722741
48135|0xe11f1b7|12|1801003272
48135|0x1e11f1b7|13|3281181719
48135|0x1e11f1b7|14|6539477939
48135|0x1e11f1b7|15|13155407330
48135|0x1e11f1b7|16|26284356149
48135|0x1e11f1b7|17|52486721881
48135|0x21e11f1b7|18|103005756352
48135|0x61e11f1b7|19|206825429729
48135|0x61e11f1b7|20|412999315593
48135|0x61e11f1b7|21|825649701927
48135|0x61e11f1b7|22|1652722670593
48135|0x461e11f1b7|23|3305070368918
48135|0x461e11f1b7|24|6621076333970
48137|0x19239|1|624715
48137|0x19239|2|1441385
48137|0x19239|3|3017194
48137|0x19239|4|6195546
48137|0x119239|5|12562365
48137|0x119239|6|25423281
48137|0x119239|7|50987750
48137|0x119239|8|101690783
48137|0x119239|9|204919721
48137|0x119239|10|424083207
48137|0x119239|11|820213961
48137|0x8119239|12|1629903676
48137|0x18119239|13|3273683236
48137|0x18119239|14|6754041838
48137|0x58119239|15|13062035324
48137|0x58119239|16|26186613272
48137|0x58119239|17|52217265973
48137|0x58119239|18|101371937130
48137|0x58119239|19|208552349791
48137|0x58119239|20|414011306881
48137|0x1058119239|21|829498256231
48137|0x1058119239|22|1653767263031
48137|0x5058119239|23|3304070114283
48137|0xd058119239|24|6589402697594
48139|0xefa3|1|359778
48139|0x2efa3|2|835779
48139|0x6efa3|3|1717075
48139|0xeefa3|4|3767643
48139|0xeefa3|5|7133879
48139|0x2eefa3|6|14507929
48139|0x2eefa3|7|29191141
48139|0x2eefa3|8|87254189
48139|0x2eefa3|9|132390406
48139|0x22eefa3|10|304456488
48139|0x22eefa3|11|589807541
48139|0x22eefa3|12|1161174272
48139|0x122eefa3|13|2385739958
48139|0x122eefa3|14|4695916356
48139|0x522eefa3|15|9540513266
48139|0x522eefa3|16|18932499392
48139|0x522eefa3|17|37563051384
48139|0x2522eefa3|18|58812581190
48139|0x6522eefa3|19|176465747107
48139|0x6522eefa3|20|222272985472
48139|0x6522eefa3|21|521132471494
48139|0x26522eefa3|22|1372919195590
48139|0x26522eefa3|23|2014878798624
48139|0x26522eefa3|24|4087772083350
48141|0x1f2c5|1|403465
48141|0x3f2c5|2|789807
48141|0x7f2c5|3|1736851
48141|0x7f2c5|4|3766666
48141|0x17f2c5|5|7594450
48141|0x17f2c5|6|15229116
48141|0x17f2c5|7|30806218
48141|0x97f2c5|8|61177493
48141|0x97f2c5|9|123277359
48141|0x297f2c5|10|246144846
48141|0x297f2c5|11|494731011
48141|0xa97f2c5|12|1906976773
48141|0xa97f2c5|13|1980731650
48141|0x2a97f2c5|14|3942080789
48141|0x6a97f2c5|15|8006354742
48141|0x6a97f2c5|16|15836340823
48141|0x16a97f2c5|17|32375343098
48141|0x36a97f2c5|18|63198775352
48141|0x76a97f2c5|19|125681358851
48141|0xf6a97f2c5|20|258856520082
48141|0x1f6a97f2c5|21|518756399801
48141|0x3f6a97f2c5|22|1008664077732
48141|0x3f6a97f2c5|23|3187088832512
48141|0xbf6a97f2c5|24|6621685587450
48143|0xb2ef|1|622584
48143|0x2b2ef|2|1410983
48143|0x2b2ef|3|3045062
48143|0x2b2ef|4|6227375
48143|0x12b2ef|5|12697699
48143|0x12b2ef|6|25564262
48143|0x12b2ef|7|50918457
48143|0x92b2ef|8|101989426
48143|0x92b2ef|9|205310566
48143|0x92b2ef|10|411151153
48143|0x492b2ef|11|818936773
48143|0x492b2ef|12|1640227768
48143|0x492b2ef|13|3279905200
48143|0x492b2ef|14|6559080670
48143|0x492b2ef|15|13119573923
48143|0x492b2ef|16|26217392769
48143|0x492b2ef|17|52458529235
48143|0x492b2ef|18|104955166411
48143|0x40492b2ef|19|206460726288
48143|0xc0492b2ef|20|415009273204
48143|0x1c0492b2ef|21|827204729829
48143|0x1c0492b2ef|22|1659456312216
48143|0x1c0492b2ef|23|3321570006516
48143|0x1c0492b2ef|24|6636556787502
48145|0x1b4f1|1|669808
48145|0x3b4f1|2|1419336
48145|0x3b4f1|3|3065964
48145|0x3b4f1|4|6220134
48145|0x3b4f1|5|12671996
48145|0x23b4f1|6|25539894
48145|0x63b4f1|7|51263440
48145|0xe3b4f1|8|102647142
48145|0xe3b4f1|9|204056830
48145|0xe3b4f1|10|408238914
48145|0xe3b4f1|11|816550197
48145|0x8e3b4f1|12|1633362715
48145|0x18e3b4f1|13|3289790651
48145|0x38e3b4f1|14|6773867509
48145|0x38e3b4f1|15|13067193391
48145|0x38e3b4f1|16|26137029098
48145|0x138e3b4f1|17|52035105683
48145|0x138e3b4f1|18|104196503358
48145|0x538e3b4f1|19|205558640733
48145|0x538e3b4f1|20|291916474709
48145|0x538e3b4f1|21|840431819645
48145|0x2538e3b4f1|22|1657962898251
48145|0x6538e3b4f1|23|3299879269765
48145|0xe538e3b4f1|24|6605096331489
48147|0x6e1b|1|829960
48147|0x6e1b|2|1407866
48147|0x46e1b|3|3042140
48147|0x46e1b|4|6189291
48147|0x146e1b|5|12615846
48147|0x346e1b|6|25407065
48147|0x746e1b|7|50873968
48147|0xf46e1b|8|101987617
48147|0x1f46e1b|9|204039221
48147|0x3f46e1b|10|408144313
48147|0x7f46e1b|11|816323909
48147|0xff46e1b|12|1632838046
48147|0x1ff46e1b|13|3266332285
48147|0x3ff46e1b|14|6532970711
48147|0x7ff46e1b|15|13064392926
48147|0x7ff46e1b|16|26128927607
48147|0x17ff46e1b|17|52458642011
48147|0x17ff46e1b|18|102469390090
48147|0x57ff46e1b|19|207197548517
48147|0x57ff46e1b|20|412175847174
48147|0x57ff46e1b|21|824814365579
48147|0x257ff46e1b|22|1646642507766
48147|0x657ff46e1b|23|3187869838678
48147|0xe57ff46e1b|24|5295499299564
48149|0x1333d|1|513082
48149|0x3333d|2|856210
48149|0x7333d|3|1686839
48149|0xf333d|4|3820854
48149|0xf333d|5|7535558
48149|0x2f333d|6|15272518
48149|0x2f333d|7|30531067
48149|0xaf333d|8|61190179
48149|0xaf333d|9|122430566
48149|0xaf333d|10|245007407
48149|0xaf333d|11|490178267
48149|0x8af333d|12|980281989
48149|0x8af333d|13|1960120917
48149|0x28af333d|14|3920666673
48149|0x28af333d|15|7860405507
48149|0x28af333d|16|15900182262
48149|0x28af333d|17|31358061402
48149|0x28af333d|18|63053650458
48149|0x428af333d|19|124237001801
48149|0xc28af333d|20|248833355295
48149|0xc28af333d|21|502932200946
48149|0x2c28af333d|22|992459585302
48149|0x2c28af333d|23|1984550874070
48149|0xac28af333d|24|3970209183022
48151|0x3ba7|1|462964
48151|0x3ba7|2|917270
48151|0x43ba7|3|1801097
48151|0x43ba7|4|3759788
48151|0x143ba7|5|7438430
48151|0x343ba7|6|15206466
48151|0x343ba7|7|30524008
48151|0xb43ba7|8|61105416
48151|0xb43ba7|9|122493615
48151|0xb43ba7|10|246617712
48151|0x4b43ba7|11|493028759
48151|0xcb43ba7|12|986626598
48151|0xcb43ba7|13|1973159660
48151|0xcb43ba7|14|3922095726
48151|0xcb43ba7|15|7881488928
48151|0x8cb43ba7|16|15749087955
48151|0x18cb43ba7|17|31352780730
48151|0x18cb43ba7|18|61768156134
48151|0x18cb43ba7|19|124008460143
48151|0x98cb43ba7|20|248095070211
48151|0x198cb43ba7|21|610548650888
48151|0x398cb43ba7|22|1655809214398
48151|0x398cb43ba7|23|3306435501482
48151|0xb98cb43ba7|24|5474008932656
48153|0xe029|1|363638
48153|0xe029|2|817266
48153|0x4e029|3|1732660
48153|0xce029|4|3744045
48153|0xce029|5|7072910
48153|0x2ce029|6|11479344
48153|0x2ce029|7|26516458
48153|0x2ce029|8|55133887
48153|0x12ce029|9|109581001
48153|0x32ce029|10|210291634
48153|0x72ce029|11|429571634
48153|0xf2ce029|12|827432847
48153|0x1f2ce029|13|1673538112
48153|0x1f2ce029|14|3258453838
48153|0x1f2ce029|15|6556853625
48153|0x1f2ce029|16|14391478459
48153|0x1f2ce029|17|31515307085
48153|0x1f2ce029|18|62924694603
48153|0x1f2ce029|19|125879033679
48153|0x81f2ce029|20|247926775212
48153|0x181f2ce029|21|512650770737
48153|0x181f2ce029|22|1023834523640
48153|0x581f2ce029|23|2015398633609
48153|0xd81f2ce029|24|5571478448356
48155|0xbe13|1|622768
48155|0x2be13|2|1436694
48155|0x2be13|3|3017825
48155|0x2be13|4|6237826
48155|0x2be13|5|12562841
48155|0x22be13|6|25359415
48155|0x62be13|7|50877215
48155|0x62be13|8|102718110
48155|0x62be13|9|205480512
48155|0x262be13|10|411135377
48155|0x662be13|11|816622311
48155|0x662be13|12|1632701234
48155|0x1662be13|13|3272655420
48155|0x3662be13|14|6555840771
48155|0x7662be13|15|13123009349
48155|0x7662be13|16|25777736601
48155|0x17662be13|17|52443031374
48155|0x17662be13|18|105627893233
48155|0x17662be13|19|206183786941
48155|0x97662be13|20|417248421985
48155|0x197662be13|21|824368317202
48155|0x397662be13|22|1655538922854
48155|0x397662be13|23|3315360131284
48155|0x397662be13|24|4514306203963
48157|0x1e635|1|522064
48157|0x3e635|2|954256
48157|0x3e635|3|1809342
48157|0x3e635|4|3859142
48157|0x3e635|5|7519140
48157|0x3e635|6|15397107
48157|0x3e635|7|30856001
48157|0x83e635|8|61757749
48157|0x83e635|9|123422503
48157|0x83e635|10|245454238
48157|0x483e635|11|494223437
48157|0x483e635|12|981784496
48157|0x483e635|13|1975032533
48157|0x2483e635|14|3927787116
48157|0x2483e635|15|7909066391
48157|0x2483e635|16|15757517491
48157|0x12483e635|17|30970596883
48157|0x32483e635|18|61947500785
48157|0x72483e635|19|123845584090
48157|0x72483e635|20|248521392633
48157|0x72483e635|21|495761197904
48157|0x272483e635|22|993021326070
48157|0x672483e635|23|1986864761385
48157|0xe72483e635|24|3968646160683
48159|0x1bfdf|1|434129
48159|0x3bfdf|2|862707
48159|0x7bfdf|3|1743232
48159|0xfbfdf|4|3777413
48159|0x1fbfdf|5|7547788
48159|0x1fbfdf|6|15239335
48159|0x5fbfdf|7|30563289
48159|0xdfbfdf|8|61146348
48159|0xdfbfdf|9|122386254
48159|0xdfbfdf|10|244719574
48159|0x4dfbfdf|11|489741336
48159|0xcdfbfdf|12|979503489
48159|0xcdfbfdf|13|1984461261
48159|0x2cdfbfdf|14|3962533394
48159|0x6cdfbfdf|15|7835242255
48159|0xecdfbfdf|16|15675090200
48159|0x1ecdfbfdf|17|30747220115
48159|0x1ecdfbfdf|18|62130535328
48159|0x1ecdfbfdf|19|123940469217
48159|0x1ecdfbfdf|20|248124889001
48159|0x11ecdfbfdf|21|496269783710
48159|0x31ecdfbfdf|22|993387638944
48159|0x31ecdfbfdf|23|1984941463610
48159|0x31ecdfbfdf|24|3969180147772
48161|0x1c7e1|1|444020
48161|0x1c7e1|2|809772
48161|0x5c7e1|3|1760301
48161|0xdc7e1|4|3735945
48161|0x1dc7e1|5|7592912
48161|0x3dc7e1|6|15201338
48161|0x7dc7e1|7|30537718
48161|0x7dc7e1|8|61197688
48161|0x17dc7e1|9|122384228
48161|0x17dc7e1|10|244747376
48161|0x17dc7e1|11|495364303
48161|0x17dc7e1|12|979514596
48161|0x117dc7e1|13|1959006018
48161|0x317dc7e1|14|3953640690
48161|0x717dc7e1|15|7888744547
48161|0x717dc7e1|16|15670948441
48161|0x1717dc7e1|17|31560086635
48161|0x1717dc7e1|18|62169990703
48161|0x1717dc7e1|19|124116429374
48161|0x9717dc7e1|20|247952663515
48161|0x19717dc7e1|21|495869856408
48161|0x39717dc7e1|22|990197195048
48161|0x79717dc7e1|23|1984937462515
48161|0x79717dc7e1|24|3975602739330
48163|0x1d38b|1|348704
48163|0x3d38b|2|789877
48163|0x3d38b|3|1902950
48163|0x3d38b|4|3642447
48163|0x3d38b|5|7687242
48163|0x23d38b|6|15204973
48163|0x63d38b|7|30544234
48163|0x63d38b|8|61134245
48163|0x163d38b|9|122343951
48163|0x163d38b|10|244731748
48163|0x163d38b|11|489763844
48163|0x163d38b|12|979257130
48163|0x163d38b|13|1959013243
48163|0x163d38b|14|3918966844
48163|0x163d38b|15|7837169361
48163|0x8163d38b|16|15672620260
48163|0x18163d38b|17|31369375812
48163|0x38163d38b|18|62119878165
48163|0x38163d38b|19|123744769513
48163|0x38163d38b|20|247704365148
48163|0x38163d38b|21|495614627502
48163|0x38163d38b|22|991494136589
48163|0x38163d38b|23|1985862412976
48163|0x838163d38b|24|3965625961626
48165|0xffad|1|396399
48165|0xffad|2|852098
48165|0xffad|3|1703791
48165|0x8ffad|4|3831662
48165|0x18ffad|5|7521728
48165|0x38ffad|6|15191875
48165|0x38ffad|7|30772153
48165|0x38ffad|8|61579618
48165|0x38ffad|9|123209337
48165|0x38ffad|10|244681411
48165|0x438ffad|11|491741862
48165|0xc38ffad|12|985978989
48165|0xc38ffad|13|1961647421
48165|0x2c38ffad|14|3938281207
48165|0x6c38ffad|15|7872903895
48165|0xec38ffad|16|15728852593
48165|0xec38ffad|17|30462746293
48165|0xec38ffad|18|61436796913
48165|0x4ec38ffad|19|123981121993
48165|0x4ec38ffad|20|248017888831
48165|0x14ec38ffad|21|496219343827
48165|0x14ec38ffad|22|992892752833
48165|0x14ec38ffad|23|3136569543951
48165|0x94ec38ffad|24|6603307250036
48167|0xf397|1|849100
48167|0xf397|2|1459478
48167|0xf397|3|3115143
48167|0x8f397|4|6262146
48167|0x8f397|5|12685102
48167|0x8f397|6|25379201
48167|0x48f397|7|50854282
48167|0x48f397|8|101851758
48167|0x48f397|9|203827982
48167|0x248f397|10|410680344
48167|0x648f397|11|814388599
48167|0xe48f397|12|1630823069
48167|0xe48f397|13|3264818152
48167|0xe48f397|14|6567743341
48167|0x4e48f397|15|13082548188
48167|0xce48f397|16|26210527452
48167|0x1ce48f397|17|51370842945
48167|0x1ce48f397|18|103279392679
48167|0x5ce48f397|19|206456962650
48167|0x5ce48f397|20|413000984103
48167|0x5ce48f397|21|825487073807
48167|0x25ce48f397|22|1650967925698
48167|0x65ce48f397|23|3187969665132
48167|0x65ce48f397|24|6071927213304
48169|0xa019|1|829646
48169|0xa019|2|1459448
48169|0x4a019|3|3090574
48169|0x4a019|4|6266391
48169|0x14a019|5|12722548
48169|0x34a019|6|25545770
48169|0x34a019|7|51202140
48169|0x34a019|8|102595479
48169|0x34a019|9|233754646
48169|0x234a019|10|410646609
48169|0x234a019|11|821630988
48169|0x234a019|12|1642524950
48169|0x234a019|13|3284421901
48169|0x234a019|14|6525110275
48169|0x234a019|15|13154044220
48169|0x234a019|16|26104214805
48169|0x10234a019|17|50936382399
48169|0x10234a019|18|102222480251
48169|0x10234a019|19|206620918411
48169|0x90234a019|20|416956461668
48169|0x190234a019|21|843968773739
48169|0x390234a019|22|1704050709058
48169|0x790234a019|23|3379991471908
48169|0x790234a019|24|6688501293288
48171|0x2283|1|622304
48171|0x22283|2|1410922
48171|0x62283|3|3049988
48171|0x62283|4|6215275
48171|0x62283|5|12580910
48171|0x262283|6|25366964
48171|0x662283|7|51088562
48171|0xe62283|8|102526431
48171|0xe62283|9|205193874
48171|0xe62283|10|425199367
48171|0xe62283|11|816170035
48171|0x8e62283|12|1631474806
48171|0x8e62283|13|3263111295
48171|0x8e62283|14|6570578978
48171|0x8e62283|15|13064508791
48171|0x88e62283|16|26197993936
48171|0x88e62283|17|52106025905
48171|0x88e62283|18|102494986892
48171|0x88e62283|19|205228668251
48171|0x88e62283|20|406007657316
48171|0x88e62283|21|825228876464
48171|0x2088e62283|22|1711958992424
48171|0x2088e62283|23|3301558918045
48171|0x2088e62283|24|6412443364666
48173|0xf3a5|1|671386
48173|0xf3a5|2|1433845
48173|0xf3a5|3|3015948
48173|0x8f3a5|4|6203068
48173|0x8f3a5|5|12577122
48173|0x8f3a5|6|25335746
48173|0x8f3a5|7|50824984
48173|0x88f3a5|8|101861384
48173|0x188f3a5|9|203820507
48173|0x188f3a5|10|407810489
48173|0x188f3a5|11|815794074
48173|0x988f3a5|12|1631411603
48173|0x988f3a5|13|3261227866
48173|0x988f3a5|14|6523589983
48173|0x4988f3a5|15|13051815676
48173|0xc988f3a5|16|26093572314
48173|0xc988f3a5|17|50632770638
48173|0xc988f3a5|18|103795104779
48173|0x4c988f3a5|19|204674935880
48173|0xcc988f3a5|20|302394738447
48173|0xcc988f3a5|21|815617324251
48173|0xcc988f3a5|22|1652196647368
48173|0x4cc988f3a5|23|3305165653091
48173|0xccc988f3a5|24|6610915347919
48175|0xacf|1|654234
48175|0x20acf|2|1430018
48175|0x20acf|3|3017350
48175|0x20acf|4|6202979
48175|0x120acf|5|12560406
48175|0x120acf|6|25314240
48175|0x520acf|7|50869008
48175|0x520acf|8|101815529
48175|0x1520acf|9|203794173
48175|0x3520acf|10|407673625
48175|0x7520acf|11|821143544
48175|0xf520acf|12|1642502966
48175|0x1f520acf|13|3262419369
48175|0x1f520acf|14|6567910071
48175|0x1f520acf|15|13039971271
48175|0x1f520acf|16|26085914192
48175|0x1f520acf|17|52428065600
48175|0x21f520acf|18|103686202158
48175|0x61f520acf|19|208490003938
48175|0x61f520acf|20|419075391407
48175|0x61f520acf|21|838980585362
48175|0x261f520acf|22|1685110003522
48175|0x261f520acf|23|3431318440538
48175|0x261f520acf|24|6797664874558
48177|0x11cd1|1|808605
48177|0x11cd1|2|1430649
48177|0x11cd1|3|3017644
48177|0x11cd1|4|6205706
48177|0x11cd1|5|12569187
48177|0x211cd1|6|25359711
48177|0x211cd1|7|51240991
48177|0xa11cd1|8|101823346
48177|0xa11cd1|9|205155090
48177|0xa11cd1|10|410465963
48177|0xa11cd1|11|815525633
48177|0xa11cd1|12|1635046840
48177|0x10a11cd1|13|3273688987
48177|0x10a11cd1|14|6544131797
48177|0x10a11cd1|15|13670662501
48177|0x90a11cd1|16|26246082772
48177|0x90a11cd1|17|51706757438
48177|0x290a11cd1|18|103431051432
48177|0x690a11cd1|19|210919954637
48177|0xe90a11cd1|20|413454775969
48177|0xe90a11cd1|21|840967156771
48177|0xe90a11cd1|22|1692045388181
48177|0xe90a11cd1|23|3374311806023
48177|0xe90a11cd1|24|6657489386751
48179|0x9efb|1|638662
48179|0x9efb|2|1641039
48179|0x9efb|3|3075375
48179|0x9efb|4|6218433
48179|0x9efb|5|12670921
48179|0x209efb|6|25485543
48179|0x609efb|7|51234257
48179|0x609efb|8|102566017
48179|0x609efb|9|205240655
48179|0x609efb|10|410604044
48179|0x609efb|11|821146978
48179|0x8609efb|12|1642384533
48179|0x8609efb|13|3284093966
48179|0x28609efb|14|6524104146
48179|0x28609efb|15|13138314392
48179|0x28609efb|16|26089827825
48179|0x128609efb|17|51551266768
48179|0x328609efb|18|103264698654
48179|0x328609efb|19|207009064830
48179|0xb28609efb|20|413970421670
48179|0xb28609efb|21|828697486519
48179|0x2b28609efb|22|1653459532886
48179|0x6b28609efb|23|3306205124090
48179|0x6b28609efb|24|6621317269274
48181|0x1b61d|1|646295
48181|0x1b61d|2|1470209
48181|0x1b61d|3|3089556
48181|0x9b61d|4|6259562
48181|0x9b61d|5|12696270
48181|0x9b61d|6|25539462
48181|0x49b61d|7|51138387
48181|0x49b61d|8|101788529
48181|0x149b61d|9|205104453
48181|0x349b61d|10|407605843
48181|0x349b61d|11|820893978
48181|0x349b61d|12|2022052766
48181|0x1349b61d|13|3426065246
48181|0x3349b61d|14|6539496971
48181|0x7349b61d|15|13184837254
48181|0x7349b61d|16|26509457618
48181|0x7349b61d|17|52338255586
48181|0x27349b61d|18|103371201601
48181|0x67349b61d|19|210427833085
48181|0x67349b61d|20|428455880492
48181|0x67349b61d|21|838500805564
48181|0x67349b61d|22|1696225037804
48181|0x67349b61d|23|3285074242311
48181|0x67349b61d|24|4028625600369
48183|0x1b987|1|401823
48183|0x3b987|2|817389
48183|0x7b987|3|1828250
48183|0xfb987|4|3766258
48183|0xfb987|5|7752354
48183|0x2fb987|6|15428612
48183|0x2fb987|7|30189001
48183|0xafb987|8|61803792
48183|0xafb987|9|123581466
48183|0x2afb987|10|245356284
48183|0x2afb987|11|491031873
48183|0x2afb987|12|988990610
48183|0x2afb987|13|1956485353
48183|0x22afb987|14|4059730511
48183|0x22afb987|15|8396149977
48183|0xa2afb987|16|15742785937
48183|0xa2afb987|17|31103984381
48183|0xa2afb987|18|62397981274
48183|0x4a2afb987|19|124358766370
48183|0xca2afb987|20|253825118479
48183|0x1ca2afb987|21|499931937824
48183|0x3ca2afb987|22|998421994337
48183|0x3ca2afb987|23|2592070584791
48183|0xbca2afb987|24|4845207710207
48185|0x7209|1|380539
48185|0x7209|2|843758
48185|0x7209|3|1966249
48185|0x87209|4|3679202
48185|0x87209|5|7719883
48185|0x287209|6|15336301
48185|0x687209|7|30754707
48185|0x687209|8|61532204
48185|0x1687209|9|122463431
48185|0x1687209|10|244843063
48185|0x5687209|11|493431989
48185|0xd687209|12|979744238
48185|0x1d687209|13|1973846459
48185|0x1d687209|14|3941974761
48185|0x5d687209|15|7808447921
48185|0xdd687209|16|15757749082
48185|0xdd687209|17|30531468328
48185|0x2dd687209|18|66615034925
48185|0x6dd687209|19|124031143069
48185|0x6dd687209|20|246996569026
48185|0x6dd687209|21|496611332979
48185|0x26dd687209|22|1245164094583
48185|0x66dd687209|23|2182283550939
48185|0xe6dd687209|24|4617029862860
48187|0xbcf3|1|399489
48187|0x2bcf3|2|817487
48187|0x6bcf3|3|1749366
48187|0x6bcf3|4|3793307
48187|0x16bcf3|5|7538115
48187|0x16bcf3|6|14966445
48187|0x16bcf3|7|30341367
48187|0x16bcf3|8|57741244
48187|0x16bcf3|9|121986914
48187|0x16bcf3|10|242340152
48187|0x16bcf3|11|486892458
48187|0x816bcf3|12|971449635
48187|0x1816bcf3|13|1947583183
48187|0x1816bcf3|14|3905599510
48187|0x5816bcf3|15|7787621659
48187|0x5816bcf3|16|15589091073
48187|0x15816bcf3|17|31457462686
48187|0x15816bcf3|18|61942352589
48187|0x15816bcf3|19|160122868294
48187|0x15816bcf3|20|413939070528
48187|0x15816bcf3|21|715119805143
48187|0x15816bcf3|22|1469051570866
48187|0x15816bcf3|23|2677114213360
48187|0x15816bcf3|24|4058201204443
48189|0xbb15|1|384320
48189|0xbb15|2|794817
48189|0xbb15|3|1912356
48189|0xbb15|4|3673082
48189|0x10bb15|5|7739192
48189|0x30bb15|6|15359886
48189|0x30bb15|7|30762109
48189|0x30bb15|8|61564969
48189|0x130bb15|9|123167345
48189|0x330bb15|10|246596271
48189|0x730bb15|11|493131719
48189|0x730bb15|12|986175174
48189|0x730bb15|13|1971824124
48189|0x730bb15|14|3920226666
48189|0x730bb15|15|7050955542
48189|0x8730bb15|16|15958389665
48189|0x8730bb15|17|51375881451
48189|0x8730bb15|18|102347913586
48189|0x8730bb15|19|208006484786
48189|0x88730bb15|20|247974473440
48189|0x188730bb15|21|500734289202
48189|0x388730bb15|22|995608345974
48189|0x788730bb15|23|1975574459409
48189|0x788730bb15|24|5194276733027
48191|0x133bf|1|362096
48191|0x133bf|2|846800
48191|0x533bf|3|1916208
48191|0xd33bf|4|3647111
48191|0xd33bf|5|7746615
48191|0xd33bf|6|15218939
48191|0x4d33bf|7|30433173
48191|0x4d33bf|8|61153940
48191|0x14d33bf|9|122400681
48191|0x14d33bf|10|244901647
48191|0x54d33bf|11|490201486
48191|0x54d33bf|12|972406886
48191|0x54d33bf|13|1944909384
48191|0x54d33bf|14|3886423466
48191|0x54d33bf|15|7809686950
48191|0x54d33bf|16|15537263326
48191|0x54d33bf|17|31239037369
48191|0x2054d33bf|18|61507645411
48191|0x6054d33bf|19|123842828431
48191|0x6054d33bf|20|247031474531
48191|0x6054d33bf|21|495740981367
48191|0x26054d33bf|22|1544185518785
48191|0x66054d33bf|23|3315658722473
48191|0x66054d33bf|24|5062173790813
48193|0x153c1|1|375794
48193|0x153c1|2|928893
48193|0x153c1|3|1941077
48193|0x953c1|4|3671126
48193|0x953c1|5|7578608
48193|0x2953c1|6|15229854
48193|0x2953c1|7|50108255
48193|0x2953c1|8|61188166
48193|0x2953c1|9|122132578
48193|0x2953c1|10|244324808
48193|0x42953c1|11|488573382
48193|0xc2953c1|12|977344764
48193|0x1c2953c1|13|1942073150
48193|0x1c2953c1|14|3879787567
48193|0x1c2953c1|15|7767765656
48193|0x9c2953c1|16|15737530056
48193|0x9c2953c1|17|33842188974
48193|0x29c2953c1|18|61376338767
48193|0x29c2953c1|19|123646581590
48193|0xa9c2953c1|20|249699287878
48193|0xa9c2953c1|21|553898850455
48193|0x2a9c2953c1|22|1445195279748
48193|0x2a9c2953c1|23|2020150594771
48193|0xaa9c2953c1|24|5036979988644
48195|0x706b|1|681619
48195|0x706b|2|1459468
48195|0x4706b|3|3087902
48195|0xc706b|4|6293133
48195|0x1c706b|5|12713895
48195|0x1c706b|6|25575314
48195|0x1c706b|7|51309312
48195|0x1c706b|8|102690511
48195|0x1c706b|9|205623320
48195|0x21c706b|10|411358720
48195|0x21c706b|11|817148981
48195|0x21c706b|12|1638485520
48195|0x121c706b|13|3278423416
48195|0x321c706b|14|6562485008
48195|0x321c706b|15|13122470443
48195|0x321c706b|16|13085835073
48195|0x321c706b|17|34857479071
48195|0x2321c706b|18|58403505940
48195|0x2321c706b|19|136787069266
48195|0x2321c706b|20|291356654310
48195|0x2321c706b|21|805953029055
48195|0x22321c706b|22|1202545201503
48195|0x62321c706b|23|2272452560429
48195|0xe2321c706b|24|5780200499991
48197|0xf68d|1|679730
48197|0x2f68d|2|1482700
48197|0x6f68d|3|3067146
48197|0x6f68d|4|6314779
48197|0x16f68d|5|12727902
48197|0x16f68d|6|25597451
48197|0x56f68d|7|50911092
48197|0xd6f68d|8|102023011
48197|0x1d6f68d|9|205578006
48197|0x1d6f68d|10|411171699
48197|0x5d6f68d|11|818870887
48197|0x5d6f68d|12|1634120234
48197|0x15d6f68d|13|3279748642
48197|0x15d6f68d|14|6562564209
48197|0x55d6f68d|15|13116202930
48197|0x55d6f68d|16|26244987516
48197|0x155d6f68d|17|52412160899
48197|0x355d6f68d|18|103591273944
48197|0x355d6f68d|19|192354006530
48197|0x355d6f68d|20|368839465198
48197|0x1355d6f68d|21|824886589578
48197|0x1355d6f68d|22|1595230079051
48197|0x5355d6f68d|23|2259487692210
48197|0xd355d6f68d|24|5158596434012
48199|0x2d77|1|269859
48199|0x2d77|2|580706
48199|0x2d77|3|1265010
48199|0x2d77|4|2519206
48199|0x102d77|5|6500763
48199|0x302d77|6|15120668
48199|0x702d77|7|30363167
48199|0xf02d77|8|56370363
48199|0xf02d77|9|111012989
48199|0xf02d77|10|225228546
48199|0x4f02d77|11|447798726
48199|0x4f02d77|12|896126820
48199|0x4f02d77|13|2085843078
48199|0x4f02d77|14|4542045044
48199|0x44f02d77|15|9089451326
48199|0xc4f02d77|16|21908862918
48199|0x1c4f02d77|17|36517199564
48199|0x3c4f02d77|18|58210942898
48199|0x7c4f02d77|19|180672688880
48199|0xfc4f02d77|20|301879792481
48199|0xfc4f02d77|21|685770878063
48199|0xfc4f02d77|22|1613950970802
48199|0xfc4f02d77|23|2950748386104
48199|0xfc4f02d77|24|5343689132168
48201|0x1f5f9|1|362151
48201|0x3f5f9|2|933293
48201|0x7f5f9|3|1901940
48201|0xff5f9|4|3613168
48201|0x1ff5f9|5|7504602
48201|0x1ff5f9|6|15140891
48201|0x5ff5f9|7|30427772
48201|0x5ff5f9|8|60596581
48201|0x5ff5f9|9|122168625
48201|0x5ff5f9|10|245308411
48201|0x45ff5f9|11|476214935
48201|0xc5ff5f9|12|974588735
48201|0xc5ff5f9|13|1956592904
48201|0xc5ff5f9|14|3956575553
48201|0xc5ff5f9|15|7812699531
48201|0xc5ff5f9|16|15921884360
48201|0xc5ff5f9|17|31245538457
48201|0x20c5ff5f9|18|62737671113
48201|0x60c5ff5f9|19|140505092684
48201|0x60c5ff5f9|20|412770922584
48201|0x160c5ff5f9|21|815703582672
48201|0x360c5ff5f9|22|1353893159599
48201|0x360c5ff5f9|23|2331214898232
48201|0xb60c5ff5f9|24|5093709565395
48203|0x2d63|1|622890
48203|0x22d63|2|1411610
48203|0x22d63|3|3040460
48203|0xa2d63|4|6190384
48203|0x1a2d63|5|12587005
48203|0x1a2d63|6|25378923
48203|0x1a2d63|7|51333929
48203|0x1a2d63|8|102761207
48203|0x11a2d63|9|204161055
48203|0x11a2d63|10|445240195
48203|0x51a2d63|11|818460443
48203|0xd1a2d63|12|1616781898
48203|0x1d1a2d63|13|3266705122
48203|0x1d1a2d63|14|6561235242
48203|0x5d1a2d63|15|13085568882
48203|0xdd1a2d63|16|26096797976
48203|0xdd1a2d63|17|50559399009
48203|0xdd1a2d63|18|99291790770
48203|0xdd1a2d63|19|125631033284
48203|0xdd1a2d63|20|246752840195
48203|0xdd1a2d63|21|826638332406
48203|0x20dd1a2d63|22|1660679751001
48203|0x20dd1a2d63|23|3012694208533
48203|0x20dd1a2d63|24|5081786111510
48205|0xdc85|1|647642
48205|0xdc85|2|3183652
48205|0x4dc85|3|3018555
48205|0xcdc85|4|6230744
48205|0x1cdc85|5|12602978
48205|0x3cdc85|6|25399698
48205|0x7cdc85|7|30588726
48205|0xfcdc85|8|95353622
48205|0xfcdc85|9|175129731
48205|0x2fcdc85|10|374390428
48205|0x2fcdc85|11|722642318
48205|0xafcdc85|12|1436378628
48205|0xafcdc85|13|2747195549
48205|0xafcdc85|14|5979332577
48205|0xafcdc85|15|13222194359
48205|0xafcdc85|16|26247806506
48205|0x10afcdc85|17|50921599418
48205|0x30afcdc85|18|102558709551
48205|0x70afcdc85|19|149126579575
48205|0x70afcdc85|20|384285859163
48205|0x170afcdc85|21|751020252744
48205|0x170afcdc85|22|1529425125900
48205|0x170afcdc85|23|3101321143984
48205|0x170afcdc85|24|5706206684582
48207|0xdaaf|1|396830
48207|0xdaaf|2|898311
48207|0x4daaf|3|1740858
48207|0xcdaaf|4|3753574
48207|0x1cdaaf|5|7362007
48207|0x1cdaaf|6|15147981
48207|0x1cdaaf|7|30359510
48207|0x9cdaaf|8|60933411
48207|0x19cdaaf|9|122158276
48207|0x19cdaaf|10|244588106
48207|0x19cdaaf|11|489140770
48207|0x19cdaaf|12|974058703
48207|0x119cdaaf|13|1957304481
48207|0x319cdaaf|14|3896645838
48207|0x319cdaaf|15|7915193425
48207|0xb19cdaaf|16|15652390103
48207|0xb19cdaaf|17|30265421316
48207|0x2b19cdaaf|18|65455121982
48207|0x6b19cdaaf|19|195320469787
48207|0x6b19cdaaf|20|415604514313
48207|0x6b19cdaaf|21|739182720207
48207|0x6b19cdaaf|22|1117930216100
48207|0x6b19cdaaf|23|2778783996012
48207|0x86b19cdaaf|24|5745199785484
48209|0xcb1|1|668509
48209|0x20cb1|2|1458979
48209|0x20cb1|3|3123191
48209|0xa0cb1|4|6270134
48209|0xa0cb1|5|12734329
48209|0xa0cb1|6|25609405
48209|0xa0cb1|7|51348335
48209|0x8a0cb1|8|102778662
48209|0x18a0cb1|9|205018300
48209|0x38a0cb1|10|408485008
48209|0x38a0cb1|11|822571625
48209|0x38a0cb1|12|1638304119
48209|0x38a0cb1|13|3269289039
48209|0x38a0cb1|14|6543475863
48209|0x38a0cb1|15|12510301659
48209|0x838a0cb1|16|22612116667
48209|0x1838a0cb1|17|38438867707
48209|0x1838a0cb1|18|61242625536
48209|0x5838a0cb1|19|139356909441
48209|0xd838a0cb1|20|245343112560
48209|0xd838a0cb1|21|625568268716
48209|0x2d838a0cb1|22|1514379451761
48209|0x2d838a0cb1|23|2656118223468
48209|0x2d838a0cb1|24|6126413859889
48211|0xe7db|1|455418
48211|0xe7db|2|945215
48211|0xe7db|3|1825310
48211|0xe7db|4|3774280
48211|0x10e7db|5|10328681
48211|0x10e7db|6|15049378
48211|0x50e7db|7|30501441
48211|0xd0e7db|8|85354858
48211|0xd0e7db|9|122231401
48211|0x2d0e7db|10|242289089
48211|0x6d0e7db|11|490682395
48211|0x6d0e7db|12|948437571
48211|0x6d0e7db|13|1722114715
48211|0x26d0e7db|14|3508935935
48211|0x26d0e7db|15|6746006531
48211|0x26d0e7db|16|15374872495
48211|0x26d0e7db|17|28769666446
48211|0x226d0e7db|18|70728991377
48211|0x626d0e7db|19|116438506378
48211|0x626d0e7db|20|227709856143
48211|0x626d0e7db|21|663481658510
48211|0x626d0e7db|22|1370207735627
48211|0x626d0e7db|23|2706213080151
48211|0x8626d0e7db|24|5456953811660
48213|0x60fd|1|349641
48213|0x260fd|2|804262
48213|0x660fd|3|1821520
48213|0xe60fd|4|3660055
48213|0xe60fd|5|7584995
48213|0xe60fd|6|15138074
48213|0xe60fd|7|30334711
48213|0xe60fd|8|61165817
48213|0xe60fd|9|122292011
48213|0xe60fd|10|245201424
48213|0x40e60fd|11|490470416
48213|0xc0e60fd|12|980446516
48213|0x1c0e60fd|13|1955337853
48213|0x3c0e60fd|14|3908053981
48213|0x3c0e60fd|15|8706009719
48213|0xbc0e60fd|16|15612521339
48213|0x1bc0e60fd|17|31554731500
48213|0x3bc0e60fd|18|61936768113
48213|0x3bc0e60fd|19|126942099862
48213|0xbbc0e60fd|20|254187363482
48213|0xbbc0e60fd|21|774749999207
48213|0xbbc0e60fd|22|1569922072367
48213|0xbbc0e60fd|23|2680420470221
48213|0xbbc0e60fd|24|5798524365220
48215|0x1ef67|1|648342
48215|0x1ef67|2|1444421
48215|0x1ef67|3|3018692
48215|0x9ef67|4|6204575
48215|0x19ef67|5|12599903
48215|0x39ef67|6|25389135
48215|0x39ef67|7|50847954
48215|0xb9ef67|8|101942213
48215|0x1b9ef67|9|205522641
48215|0x3b9ef67|10|409830012
48215|0x3b9ef67|11|960564551
48215|0x3b9ef67|12|1645451433
48215|0x13b9ef67|13|3268458405
48215|0x13b9ef67|14|6548916215
48215|0x53b9ef67|15|13234106891
48215|0x53b9ef67|16|26238628462
48215|0x153b9ef67|17|52394368543
48215|0x153b9ef67|18|104476916410
48215|0x153b9ef67|19|204215006995
48215|0x153b9ef67|20|413258573350
48215|0x1153b9ef67|21|828245196929
48215|0x3153b9ef67|22|1642808951834
48215|0x7153b9ef67|23|2438950090905
48215|0x7153b9ef67|24|4801476918577
48217|0xcbe9|1|679928
48217|0x2cbe9|2|1479426
48217|0x2cbe9|3|3098826
48217|0xacbe9|4|6270199
48217|0xacbe9|5|12735563
48217|0xacbe9|6|25584256
48217|0xacbe9|7|51292080
48217|0x8acbe9|8|102724114
48217|0x8acbe9|9|204243394
48217|0x28acbe9|10|408556342
48217|0x28acbe9|11|823118932
48217|0x28acbe9|12|1635918327
48217|0x128acbe9|13|3269752911
48217|0x328acbe9|14|6582009596
48217|0x328acbe9|15|13128809800
48217|0xb28acbe9|16|26270582328
48217|0xb28acbe9|17|50876620983
48217|0xb28acbe9|18|99657634481
48217|0x4b28acbe9|19|172605238817
48217|0x4b28acbe9|20|415843880247
48217|0x4b28acbe9|21|830973508329
48217|0x4b28acbe9|22|1644313129349
48217|0x44b28acbe9|23|3174905638721
48217|0x44b28acbe9|24|5606975514754
48219|0x13d3|1|626778
48219|0x213d3|2|897603
48219|0x613d3|3|1732426
48219|0xe13d3|4|3871895
48219|0x1e13d3|5|7604129
48219|0x1e13d3|6|15350423
48219|0x5e13d3|7|30690959
48219|0x5e13d3|8|61238369
48219|0x5e13d3|9|128085125
48219|0x5e13d3|10|246388926
48219|0x5e13d3|11|491434333
48219|0x85e13d3|12|987776479
48219|0x185e13d3|13|1983285268
48219|0x185e13d3|14|3932783066
48219|0x585e13d3|15|7886656033
48219|0xd85e13d3|16|15633346562
48219|0xd85e13d3|17|29477644091
48219|0x2d85e13d3|18|61646888770
48219|0x2d85e13d3|19|123633745960
48219|0xad85e13d3|20|246978864593
48219|0xad85e13d3|21|492922243214
48219|0xad85e13d3|22|1297073671931
48219|0x4ad85e13d3|23|2200250964509
48219|0xcad85e13d3|24|4414173519758
48221|0xf7f5|1|495844
48221|0x2f7f5|2|804441
48221|0x6f7f5|3|1689435
48221|0x6f7f5|4|3807154
48221|0x6f7f5|5|7453190
48221|0x26f7f5|6|15209949
48221|0x66f7f5|7|30330643
48221|0xe6f7f5|8|61290752
48221|0xe6f7f5|9|122573329
48221|0x2e6f7f5|10|244916123
48221|0x6e6f7f5|11|486564826
48221|0x6e6f7f5|12|980321385
48221|0x6e6f7f5|13|1944323207
48221|0x26e6f7f5|14|3924903644
48221|0x66e6f7f5|15|8423341643
48221|0x66e6f7f5|16|15886873095
48221|0x166e6f7f5|17|31143355532
48221|0x166e6f7f5|18|61637381092
48221|0x566e6f7f5|19|123652112205
48221|0xd66e6f7f5|20|250126501639
48221|0x1d66e6f7f5|21|498786003762
48221|0x1d66e6f7f5|22|994869360006
48221|0x5d66e6f7f5|23|1985108581275
48221|0xdd66e6f7f5|24|3955164056457
48223|0x9f9f|1|411524
48223|0x9f9f|2|883764
48223|0x49f9f|3|1736402
48223|0x49f9f|4|3803802
48223|0x149f9f|5|7418021
48223|0x349f9f|6|15104040
48223|0x749f9f|7|30347172
48223|0xf49f9f|8|60934394
48223|0xf49f9f|9|122294286
48223|0xf49f9f|10|242414335
48223|0xf49f9f|11|488863919
48223|0xf49f9f|12|978838360
48223|0xf49f9f|13|1966015321
48223|0xf49f9f|14|3905783426
48223|0xf49f9f|15|7808441131
48223|0xf49f9f|16|15610661716
48223|0xf49f9f|17|31212650605
48223|0xf49f9f|18|62952145337
48223|0x400f49f9f|19|123538657005
48223|0x400f49f9f|20|246130191091
48223|0x1400f49f9f|21|495082479432
48223|0x3400f49f9f|22|984757225673
48223|0x3400f49f9f|23|2845024001560
48223|0x3400f49f9f|24|5435763650479
48225|0xe7a1|1|675029
48225|0x2e7a1|2|1461183
48225|0x6e7a1|3|3092610
48225|0xee7a1|4|6276600
48225|0xee7a1|5|12716532
48225|0xee7a1|6|25598836
48225|0x4ee7a1|7|51254696
48225|0x4ee7a1|8|102645067
48225|0x4ee7a1|9|205491548
48225|0x4ee7a1|10|411157737
48225|0x4ee7a1|11|816791038
48225|0x4ee7a1|12|1648015192
48225|0x104ee7a1|13|3386229871
48225|0x304ee7a1|14|6581048230
48225|0x704ee7a1|15|11867897238
48225|0xf04ee7a1|16|13436773422
48225|0x1f04ee7a1|17|26277736008
48225|0x3f04ee7a1|18|70765747004
48225|0x3f04ee7a1|19|123523362172
48225|0xbf04ee7a1|20|246223814091
48225|0xbf04ee7a1|21|492237169807
48225|0xbf04ee7a1|22|986973278844
48225|0xbf04ee7a1|23|2257359941385
48225|0xbf04ee7a1|24|4733584897463
48227|0x1a54b|1|502126
48227|0x3a54b|2|916351
48227|0x7a54b|3|1737559
48227|0xfa54b|4|3726989
48227|0x1fa54b|5|7394382
48227|0x3fa54b|6|15156843
48227|0x3fa54b|7|30201482
48227|0x3fa54b|8|61069005
48227|0x3fa54b|9|122506542
48227|0x23fa54b|10|244773901
48227|0x63fa54b|11|489235629
48227|0xe3fa54b|12|979512872
48227|0xe3fa54b|13|1964819883
48227|0xe3fa54b|14|3896955872
48227|0x4e3fa54b|15|7793991771
48227|0x4e3fa54b|16|15592347008
48227|0x14e3fa54b|17|31082088688
48227|0x14e3fa54b|18|61905953399
48227|0x14e3fa54b|19|123194231690
48227|0x94e3fa54b|20|246036617884
48227|0x194e3fa54b|21|491939121339
48227|0x194e3fa54b|22|1099194086247
48227|0x594e3fa54b|23|2607582955806
48227|0x594e3fa54b|24|5300127214899
48229|0x1956d|1|380687
48229|0x1956d|2|817286
48229|0x5956d|3|1828524
48229|0x5956d|4|3743906
48229|0x15956d|5|7624507
48229|0x15956d|6|15173726
48229|0x55956d|7|28401425
48229|0xd5956d|8|60580748
48229|0xd5956d|9|121759764
48229|0x2d5956d|10|244485450
48229|0x2d5956d|11|489521327
48229|0xad5956d|12|973531383
48229|0xad5956d|13|1949256465
48229|0x2ad5956d|14|3918994476
48229|0x6ad5956d|15|7807231718
48229|0x6ad5956d|16|15587099590
48229|0x16ad5956d|17|31177686870
48229|0x16ad5956d|18|61543359418
48229|0x56ad5956d|19|122940156855
48229|0xd6ad5956d|20|245210591756
48229|0xd6ad5956d|21|491815608478
48229|0xd6ad5956d|22|983160486472
48229|0x4d6ad5956d|23|2166717532200
48229|0x4d6ad5956d|24|6265153810634
48231|0x9f57|1|632899
48231|0x9f57|2|1413718
48231|0x49f57|3|3056596
48231|0x49f57|4|6216579
48231|0x49f57|5|12602306
48231|0x249f57|6|25379579
48231|0x649f57|7|50927663
48231|0xe49f57|8|102711103
48231|0x1e49f57|9|205629077
48231|0x1e49f57|10|411571747
48231|0x1e49f57|11|817399985
48231|0x9e49f57|12|1647282827
48231|0x9e49f57|13|3273545472
48231|0x29e49f57|14|6566007743
48231|0x69e49f57|15|13121779928
48231|0xe9e49f57|16|26258458257
48231|0xe9e49f57|17|50859685727
48231|0x2e9e49f57|18|103283754711
48231|0x2e9e49f57|19|206744155667
48231|0x2e9e49f57|20|413755489333
48231|0x12e9e49f57|21|827317202288
48231|0x32e9e49f57|22|1151557710293
48231|0x72e9e49f57|23|2374470687431
48231|0x72e9e49f57|24|5366011346550
48233|0x93d9|1|701031
48233|0x93d9|2|1467004
48233|0x93d9|3|3043790
48233|0x93d9|4|6242324
48233|0x1093d9|5|12698876
48233|0x3093d9|6|19353837
48233|0x3093d9|7|49832159
48233|0xb093d9|8|91569037
48233|0x1b093d9|9|179711139
48233|0x3b093d9|10|294182014
48233|0x3b093d9|11|714296493
48233|0x3b093d9|12|1385401604
48233|0x13b093d9|13|2716399973
48233|0x13b093d9|14|5634135860
48233|0x53b093d9|15|10913807689
48233|0x53b093d9|16|24061354645
48233|0x53b093d9|17|50991598506
48233|0x53b093d9|18|65068760161
48233|0x53b093d9|19|144366032184
48233|0x853b093d9|20|313739711713
48233|0x853b093d9|21|628836869109
48233|0x2853b093d9|22|1369923974928
48233|0x2853b093d9|23|2692871653076
48233|0x2853b093d9|24|5266235291572
48235|0x1043|1|351127
48235|0x1043|2|788562
48235|0x1043|3|1914891
48235|0x81043|4|3584691
48235|0x181043|5|7654851
48235|0x181043|6|15186186
48235|0x181043|7|24947176
48235|0x181043|8|54418794
48235|0x181043|9|100378585
48235|0x2181043|10|227707219
48235|0x6181043|11|721591226
48235|0xe181043|12|1376430435
48235|0x1e181043|13|2929692507
48235|0x1e181043|14|5734158130
48235|0x5e181043|15|12899474998
48235|0x5e181043|16|19106936917
48235|0x15e181043|17|39732746322
48235|0x15e181043|18|81064800989
48235|0x55e181043|19|123170839907
48235|0xd5e181043|20|290563789592
48235|0x1d5e181043|21|539243467697
48235|0x3d5e181043|22|992689382722
48235|0x7d5e181043|23|2461720708786
48235|0xfd5e181043|24|5060242925642
48237|0xad65|1|348834
48237|0xad65|2|790626
48237|0xad65|3|1719311
48237|0xad65|4|3715362
48237|0xad65|5|7067097
48237|0x20ad65|6|14420311
48237|0x60ad65|7|28972727
48237|0xe0ad65|8|57935142
48237|0x1e0ad65|9|116697152
48237|0x1e0ad65|10|231849134
48237|0x5e0ad65|11|463753432
48237|0x5e0ad65|12|950201709
48237|0x5e0ad65|13|2567788711
48237|0x5e0ad65|14|4734146269
48237|0x5e0ad65|15|8907786337
48237|0x85e0ad65|16|18122619432
48237|0x85e0ad65|17|34304352143
48237|0x285e0ad65|18|58311623157
48237|0x685e0ad65|19|154586626384
48237|0xe85e0ad65|20|280052158508
48237|0xe85e0ad65|21|503559204536
48237|0xe85e0ad65|22|985892654132
48237|0xe85e0ad65|23|2569292725268
48237|0x8e85e0ad65|24|4765678640781
48239|0x228f|1|369363
48239|0x228f|2|828412
48239|0x228f|3|1717899
48239|0x228f|4|3542392
48239|0x10228f|5|7076107
48239|0x30228f|6|9865530
48239|0x70228f|7|27711949
48239|0x70228f|8|58830813
48239|0x70228f|9|101690562
48239|0x270228f|10|211750460
48239|0x270228f|11|401664917
48239|0xa70228f|12|833272042
48239|0xa70228f|13|1945085674
48239|0x2a70228f|14|6406493282
48239|0x6a70228f|15|11100911105
48239|0xea70228f|16|21579304587
48239|0xea70228f|17|37248773498
48239|0xea70228f|18|68731610808
48239|0xea70228f|19|119263785881
48239|0xea70228f|20|318458083332
48239|0x10ea70228f|21|492138259941
48239|0x10ea70228f|22|1427937659159
48239|0x10ea70228f|23|2438453998212
48239|0x90ea70228f|24|3971012521490
48241|0x18491|1|349441
48241|0x38491|2|809759
48241|0x38491|3|1938517
48241|0xb8491|4|3661610
48241|0x1b8491|5|7675570
48241|0x1b8491|6|15261569
48241|0x1b8491|7|30637019
48241|0x9b8491|8|61643334
48241|0x9b8491|9|123605114
48241|0x29b8491|10|245149308
48241|0x69b8491|11|491488987
48241|0x69b8491|12|969402045
48241|0x69b8491|13|1944327502
48241|0x269b8491|14|3990091857
48241|0x669b8491|15|8645286561
48241|0xe69b8491|16|15707453109
48241|0xe69b8491|17|30413105151
48241|0xe69b8491|18|61686772614
48241|0xe69b8491|19|123311557199
48241|0xe69b8491|20|241475589721
48241|0xe69b8491|21|491310263276
48241|0xe69b8491|22|982622200057
48241|0x40e69b8491|23|1965048454842
48241|0x40e69b8491|24|4582453085515
48243|0x48bb|1|392390
48243|0x248bb|2|817414
48243|0x248bb|3|1736897
48243|0x248bb|4|3832901
48243|0x1248bb|5|7498255
48243|0x3248bb|6|15199746
48243|0x3248bb|7|30521633
48243|0x3248bb|8|60926582
48243|0x3248bb|9|133414827
48243|0x3248bb|10|244321757
48243|0x43248bb|11|489140836
48243|0x43248bb|12|971059072
48243|0x143248bb|13|1950632907
48243|0x143248bb|14|3912886822
48243|0x143248bb|15|7772733356
48243|0x143248bb|16|15543292012
48243|0x143248bb|17|31720884012
48243|0x2143248bb|18|62220283124
48243|0x6143248bb|19|123090104256
48243|0x6143248bb|20|245789321538
48243|0x16143248bb|21|532686662295
48243|0x16143248bb|22|1115430074322
48243|0x56143248bb|23|2256639081332
48243|0xd6143248bb|24|4923745441230
48245|0x33dd|1|363056
48245|0x233dd|2|930639
48245|0x233dd|3|1864257
48245|0xa33dd|4|3539348
48245|0xa33dd|5|7113299
48245|0xa33dd|6|14531821
48245|0x4a33dd|7|29167432
48245|0x4a33dd|8|58335520
48245|0x4a33dd|9|240539493
48245|0x4a33dd|10|233249656
48245|0x4a33dd|11|462419834
48245|0x4a33dd|12|925968570
48245|0x4a33dd|13|1845792558
48245|0x204a33dd|14|3786920538
48245|0x604a33dd|15|7553911012
48245|0xe04a33dd|16|14868680245
48245|0x1e04a33dd|17|29184606917
48245|0x3e04a33dd|18|65745844929
48245|0x7e04a33dd|19|145249730235
48245|0x7e04a33dd|20|235574281530
48245|0x17e04a33dd|21|495047157244
48245|0x37e04a33dd|22|991623336642
48245|0x77e04a33dd|23|1931185360787
48245|0xf7e04a33dd|24|5832892026722
48247|0x1dd47|1|427470
48247|0x3dd47|2|886416
48247|0x7dd47|3|1717447
48247|0xfdd47|4|3831375
48247|0xfdd47|5|7443713
48247|0x2fdd47|6|15231879
48247|0x6fdd47|7|30524782
48247|0xefdd47|8|60950445
48247|0xefdd47|9|121973421
48247|0x2efdd47|10|242774210
48247|0x6efdd47|11|963582744
48247|0x6efdd47|12|976843777
48247|0x6efdd47|13|1940655152
48247|0x26efdd47|14|3882009169
48247|0x66efdd47|15|7818722890
48247|0x66efdd47|16|15546543030
48247|0x66efdd47|17|31425647955
48247|0x66efdd47|18|60393730018
48247|0x66efdd47|19|123906124194
48247|0x866efdd47|20|246309831475
48247|0x866efdd47|21|611813201509
48247|0x866efdd47|22|1433960874119
48247|0x866efdd47|23|2327292494828
48247|0x8866efdd47|24|4467261729890
48249|0xedc9|1|358367
48249|0xedc9|2|859954
48249|0xedc9|3|1956178
48249|0xedc9|4|3588439
48249|0x10edc9|5|7624537
48249|0x30edc9|6|15165338
48249|0x70edc9|7|30374810
48249|0x70edc9|8|60586867
48249|0x70edc9|9|121290642
48249|0x70edc9|10|242995367
48249|0x470edc9|11|485261513
48249|0xc70edc9|12|977295345
48249|0x1c70edc9|13|2404890118
48249|0x3c70edc9|14|3855470863
48249|0x3c70edc9|15|7765976898
48249|0xbc70edc9|16|15663012259
48249|0xbc70edc9|17|30108463995
48249|0xbc70edc9|18|61859298894
48249|0x4bc70edc9|19|112903903349
48249|0x4bc70edc9|20|228181892637
48249|0x4bc70edc9|21|507423354316
48249|0x24bc70edc9|22|1290785446411
48249|0x64bc70edc9|23|2378597908723
48249|0x64bc70edc9|24|4708602928922
48251|0x1c2b3|1|623398
48251|0x1c2b3|2|1478939
48251|0x5c2b3|3|3017884
48251|0x5c2b3|4|6261193
48251|0x5c2b3|5|12672825
48251|0x5c2b3|6|25434195
48251|0x45c2b3|7|51040481
48251|0xc5c2b3|8|102157861
48251|0xc5c2b3|9|171446308
48251|0x2c5c2b3|10|291711405
48251|0x2c5c2b3|11|705221827
48251|0x2c5c2b3|12|1426609843
48251|0x12c5c2b3|13|2773268568
48251|0x12c5c2b3|14|5615396297
48251|0x52c5c2b3|15|10935178801
48251|0x52c5c2b3|16|21953971395
48251|0x152c5c2b3|17|44223127615
48251|0x152c5c2b3|18|68334879154
48251|0x552c5c2b3|19|135076990666
48251|0xd52c5c2b3|20|334069078920
48251|0x1d52c5c2b3|21|652947070650
48251|0x3d52c5c2b3|22|1314288779141
48251|0x7d52c5c2b3|23|2598195593985
48251|0x7d52c5c2b3|24|5308834033988
48253|0x19cd5|1|639200
48253|0x39cd5|2|3150838
48253|0x39cd5|3|3103482
48253|0x39cd5|4|6323195
48253|0x139cd5|5|12650872
48253|0x139cd5|6|25438477
48253|0x539cd5|7|44065052
48253|0x539cd5|8|86820664
48253|0x539cd5|9|131176266
48253|0x539cd5|10|318723562
48253|0x539cd5|11|624192594
48253|0x539cd5|12|1205195960
48253|0x10539cd5|13|2706364769
48253|0x30539cd5|14|6552339579
48253|0x30539cd5|15|11581307948
48253|0x30539cd5|16|14876647533
48253|0x130539cd5|17|31173632451
48253|0x330539cd5|18|65200955446
48253|0x730539cd5|19|144249321298
48253|0x730539cd5|20|305831131024
48253|0x730539cd5|21|635603899593
48253|0x730539cd5|22|1275846680364
48253|0x730539cd5|23|2184625513065
48253|0x730539cd5|24|4339381335467
48255|0x1037f|1|847907
48255|0x3037f|2|3145603
48255|0x3037f|3|2373487
48255|0x3037f|4|4359845
48255|0x13037f|5|9916503
48255|0x13037f|6|25432108
48255|0x13037f|7|44394279
48255|0x13037f|8|87053089
48255|0x13037f|9|167777758
48255|0x13037f|10|300329889
48255|0x13037f|11|585845601
48255|0x13037f|12|1198696031
48255|0x13037f|13|2348636982
48255|0x13037f|14|4623387589
48255|0x13037f|15|7513036131
48255|0x13037f|16|15163183730
48255|0x13037f|17|35647333421
48255|0x20013037f|18|76198614128
48255|0x60013037f|19|123257833291
48255|0xe0013037f|20|264041496422
48255|0xe0013037f|21|545707226519
48255|0xe0013037f|22|1156940577506
48255|0xe0013037f|23|2582987909887
48255|0xe0013037f|24|4630585998175
48257|0x18381|1|272943
48257|0x38381|2|580649
48257|0x38381|3|1344498
48257|0xb8381|4|2450345
48257|0xb8381|5|5188912
48257|0x2b8381|6|10434582
48257|0x2b8381|7|23143323
48257|0xab8381|8|50572828
48257|0x1ab8381|9|99595002
48257|0x1ab8381|10|201083378
48257|0x5ab8381|11|406228892
48257|0x5ab8381|12|753778627
48257|0x15ab8381|13|1810084911
48257|0x35ab8381|14|2838771544
48257|0x35ab8381|15|7174962731
48257|0x35ab8381|16|24534978489
48257|0x135ab8381|17|34813073194
48257|0x335ab8381|18|59536528831
48257|0x335ab8381|19|118304069569
48257|0xb35ab8381|20|243333635496
48257|0x1b35ab8381|21|472767080241
48257|0x3b35ab8381|22|1124258588887
48257|0x7b35ab8381|23|2459990976584
48257|0xfb35ab8381|24|4587132319314
48259|0x722b|1|714827
48259|0x2722b|2|1412095
48259|0x2722b|3|3053359
48259|0xa722b|4|6200913
48259|0x1a722b|5|12637286
48259|0x3a722b|6|25421448
48259|0x7a722b|7|50942303
48259|0xfa722b|8|101997597
48259|0xfa722b|9|204322939
48259|0xfa722b|10|408753157
48259|0x4fa722b|11|817726205
48259|0xcfa722b|12|1590371194
48259|0x1cfa722b|13|2263880021
48259|0x1cfa722b|14|3550033077
48259|0x5cfa722b|15|10616025331
48259|0xdcfa722b|16|17389053674
48259|0x1dcfa722b|17|50637642721
48259|0x1dcfa722b|18|103585648003
48259|0x5dcfa722b|19|116163948859
48259|0xddcfa722b|20|268525824896
48259|0xddcfa722b|21|615621077325
48259|0x2ddcfa722b|22|1295455718885
48259|0x6ddcfa722b|23|2527053387348
48259|0xeddcfa722b|24|5069993395154
48261|0x1dc4d|1|427816
48261|0x1dc4d|2|928799
48261|0x1dc4d|3|1789719
48261|0x1dc4d|4|3875381
48261|0x1dc4d|5|7515454
48261|0x1dc4d|6|15386194
48261|0x41dc4d|7|30797689
48261|0x41dc4d|8|61715189
48261|0x41dc4d|9|122575560
48261|0x41dc4d|10|245166399
48261|0x41dc4d|11|493404986
48261|0x41dc4d|12|983656053
48261|0x41dc4d|13|1971312848
48261|0x41dc4d|14|3951641913
48261|0x41dc4d|15|7908157075
48261|0x8041dc4d|16|14140081701
48261|0x18041dc4d|17|29859419059
48261|0x18041dc4d|18|58431940778
48261|0x18041dc4d|19|123154196698
48261|0x98041dc4d|20|248557823507
48261|0x98041dc4d|21|610355625107
48261|0x298041dc4d|22|1263758768201
48261|0x698041dc4d|23|2696989175157
48261|0x698041dc4d|24|4611116776037
48263|0x14937|1|411871
48263|0x34937|2|943205
48263|0x34937|3|1788935
48263|0x34937|4|3710972
48263|0x34937|5|7497129
48263|0x34937|6|14889041
48263|0x34937|7|30085421
48263|0x834937|8|59888834
48263|0x1834937|9|119916412
48263|0x3834937|10|241488727
48263|0x7834937|11|479456914
48263|0x7834937|12|966816501
48263|0x7834937|13|1925350616
48263|0x27834937|14|3851894364
48263|0x67834937|15|7757101484
48263|0x67834937|16|15580881495
48263|0x167834937|17|31114705716
48263|0x367834937|18|61446277509
48263|0x367834937|19|123262978521
48263|0x367834937|20|249464110352
48263|0x1367834937|21|497729954837
48263|0x1367834937|22|1193407440946
48263|0x5367834937|23|2811645282083
48263|0x5367834937|24|5389125779854
48265|0x179b9|1|425066
48265|0x379b9|2|949149
48265|0x379b9|3|2159536
48265|0x379b9|4|4388308
48265|0x379b9|5|12147245
48265|0x379b9|6|25446159
48265|0x4379b9|7|46084727
48265|0xc379b9|8|85791181
48265|0xc379b9|9|179979357
48265|0x2c379b9|10|325125880
48265|0x2c379b9|11|693037904
48265|0xac379b9|12|1288621778
48265|0x1ac379b9|13|2394572374
48265|0x3ac379b9|14|5810808547
48265|0x3ac379b9|15|11000002114
48265|0x3ac379b9|16|17770251733
48265|0x13ac379b9|17|30019036029
48265|0x13ac379b9|18|74021088076
48265|0x13ac379b9|19|163280557279
48265|0x13ac379b9|20|356009228398
48265|0x113ac379b9|21|672860942803
48265|0x313ac379b9|22|1306064508684
48265|0x313ac379b9|23|2599074511155
48265|0xb13ac379b9|24|3795964749391
48267|0xcb23|1|347337
48267|0xcb23|2|790421
48267|0x4cb23|3|1855748
48267|0xccb23|4|3664324
48267|0xccb23|5|7454779
48267|0x2ccb23|6|12718624
48267|0x2ccb23|7|27105689
48267|0xaccb23|8|46063002
48267|0x1accb23|9|93419713
48267|0x3accb23|10|195126277
48267|0x7accb23|11|416064353
48267|0x7accb23|12|769697521
48267|0x17accb23|13|1575018790
48267|0x17accb23|14|2823191627
48267|0x57accb23|15|6027728996
48267|0xd7accb23|16|12527149167
48267|0xd7accb23|17|27580019132
48267|0xd7accb23|18|55284518023
48267|0xd7accb23|19|105214538807
48267|0x8d7accb23|20|212428086916
48267|0x18d7accb23|21|667281697184
48267|0x38d7accb23|22|1324039793224
48267|0x78d7accb23|23|2549578063715
48267|0x78d7accb23|24|5252856795662
48269|0x16645|1|380553
48269|0x16645|2|817347
48269|0x16645|3|1864853
48269|0x16645|4|3677543
48269|0x16645|5|7514986
48269|0x216645|6|14241008
48269|0x216645|7|25864863
48269|0xa16645|8|54072099
48269|0xa16645|9|110599648
48269|0xa16645|10|219630289
48269|0xa16645|11|416977457
48269|0xa16645|12|866464462
48269|0xa16645|13|1744055153
48269|0x20a16645|14|3838033153
48269|0x20a16645|15|9172320266
48269|0xa0a16645|16|16138717926
48269|0x1a0a16645|17|39648971980
48269|0x1a0a16645|18|70684602088
48269|0x5a0a16645|19|145375320072
48269|0x5a0a16645|20|287723085815
48269|0x15a0a16645|21|658886552789
48269|0x35a0a16645|22|1364629985122
48269|0x35a0a16645|23|2459724459328
48269|0xb5a0a16645|24|4632303162499
48271|0xe26f|1|647048
48271|0xe26f|2|1493302
48271|0xe26f|3|3071442
48271|0x8e26f|4|6312826
48271|0x8e26f|5|12728483
48271|0x8e26f|6|25602881
48271|0x48e26f|7|51311040
48271|0x48e26f|8|102030703
48271|0x148e26f|9|205779825
48271|0x348e26f|10|411644611
48271|0x748e26f|11|813854503
48271|0xf48e26f|12|1636372519
48271|0x1f48e26f|13|3288820044
48271|0x1f48e26f|14|6566648437
48271|0x1f48e26f|15|12718458726
48271|0x1f48e26f|16|26262876279
48271|0x11f48e26f|17|51560074423
48271|0x31f48e26f|18|96503101451
48271|0x31f48e26f|19|126615500486
48271|0xb1f48e26f|20|242308185211
48271|0x1b1f48e26f|21|529391728986
48271|0x3b1f48e26f|22|1214620296709
48271|0x3b1f48e26f|23|2352466896127
48271|0x3b1f48e26f|24|4853410257730
48273|0x8471|1|359857
48273|0x28471|2|1796204
48273|0x28471|3|1718156
48273|0x28471|4|3524708
48273|0x128471|5|7067355
48273|0x128471|6|14195698
48273|0x528471|7|28466046
48273|0x528471|8|79723409
48273|0x528471|9|159692573
48273|0x528471|10|345744068
48273|0x528471|11|742473329
48273|0x8528471|12|1325945356
48273|0x18528471|13|2649897629
48273|0x38528471|14|4681367025
48273|0x38528471|15|7072874513
48273|0xb8528471|16|13664629680
48273|0x1b8528471|17|38216416511
48273|0x3b8528471|18|59827114486
48273|0x3b8528471|19|155342909595
48273|0xbb8528471|20|240426127060
48273|0xbb8528471|21|477859179368
48273|0xbb8528471|22|1243046698808
48273|0xbb8528471|23|2502975431386
48273|0xbb8528471|24|4563700025443
48275|0x1c19b|1|648220
48275|0x1c19b|2|3172126
48275|0x1c19b|3|3017639
48275|0x1c19b|4|6313146
48275|0x11c19b|5|12723807
48275|0x31c19b|6|19318594
48275|0x71c19b|7|49871184
48275|0xf1c19b|8|92579703
48275|0x1f1c19b|9|182762875
48275|0x1f1c19b|10|374116628
48275|0x1f1c19b|11|671797265
48275|0x9f1c19b|12|1090169086
48275|0x9f1c19b|13|2591880904
48275|0x9f1c19b|14|5604428958
48275|0x49f1c19b|15|7266554898
48275|0x49f1c19b|16|20142983696
48275|0x49f1c19b|17|41919582980
48275|0x49f1c19b|18|77100387585
48275|0x49f1c19b|19|156978807869
48275|0x849f1c19b|20|266215775852
48275|0x1849f1c19b|21|576656690394
48275|0x1849f1c19b|22|1105680316817
48275|0x5849f1c19b|23|2372325635577
48275|0x5849f1c19b|24|5509292245949
48277|0x2ebd|1|405457
48277|0x22ebd|2|948747
48277|0x22ebd|3|1863933
48277|0xa2ebd|4|3688473
48277|0xa2ebd|5|7520802
48277|0xa2ebd|6|15257815
48277|0x4a2ebd|7|30266057
48277|0xca2ebd|8|60701989
48277|0xca2ebd|9|131312902
48277|0xca2ebd|10|245218537
48277|0xca2ebd|11|474810203
48277|0xca2ebd|12|973060812
48277|0x10ca2ebd|13|1844466826
48277|0x10ca2ebd|14|3464953054
48277|0x50ca2ebd|15|7292100709
48277|0xd0ca2ebd|16|14919639950
48277|0xd0ca2ebd|17|27349435087
48277|0x2d0ca2ebd|18|81942295077
48277|0x2d0ca2ebd|19|129927112387
48277|0xad0ca2ebd|20|247682246088
48277|0xad0ca2ebd|21|548858380460
48277|0x2ad0ca2ebd|22|1149949841201
48277|0x6ad0ca2ebd|23|2565598016927
48277|0xead0ca2ebd|24|5216127388129
48279|0x8327|1|465365
48279|0x28327|2|817540
48279|0x68327|3|1962870
48279|0xe8327|4|3572051
48279|0xe8327|5|7690783
48279|0x2e8327|6|14978319
48279|0x6e8327|7|30461311
48279|0xee8327|8|63236000
48279|0x1ee8327|9|120301839
48279|0x1ee8327|10|240722762
48279|0x5ee8327|11|501986318
48279|0xdee8327|12|963142201
48279|0xdee8327|13|1933672006
48279|0x2dee8327|14|3857186677
48279|0x6dee8327|15|7732625504
48279|0x6dee8327|16|15480842570
48279|0x6dee8327|17|32978597447
48279|0x6dee8327|18|83056518639
48279|0x46dee8327|19|122121685334
48279|0xc6dee8327|20|303667614835
48279|0x1c6dee8327|21|522748666953
48279|0x1c6dee8327|22|1048025088141
48279|0x1c6dee8327|23|2058897838928
48279|0x9c6dee8327|24|5114145172135
48281|0x1d7a9|1|253121
48281|0x3d7a9|2|510828
48281|0x7d7a9|3|1208597
48281|0x7d7a9|4|2443418
48281|0x17d7a9|5|5635029
48281|0x37d7a9|6|14298315
48281|0x77d7a9|7|28506308
48281|0x77d7a9|8|49043957
48281|0x77d7a9|9|94839176
48281|0x277d7a9|10|194547194
48281|0x677d7a9|11|392960506
48281|0x677d7a9|12|768266533
48281|0x677d7a9|13|1486496230
48281|0x2677d7a9|14|4107663612
48281|0x2677d7a9|15|10715906174
48281|0x2677d7a9|16|18700018930
48281|0x12677d7a9|17|40310233228
48281|0x12677d7a9|18|71594631352
48281|0x12677d7a9|19|127567733283
48281|0x12677d7a9|20|264776275666
48281|0x112677d7a9|21|599313731339
48281|0x112677d7a9|22|1156423262153
48281|0x112677d7a9|23|2482198068945
48281|0x912677d7a9|24|5228119047852
48283|0xc993|1|474985
48283|0x2c993|2|913362
48283|0x2c993|3|3060877
48283|0xac993|4|6277078
48283|0x1ac993|5|12705470
48283|0x1ac993|6|24803840
48283|0x5ac993|7|45545870
48283|0x5ac993|8|94846817
48283|0x15ac993|9|120147719
48283|0x35ac993|10|357222338
48283|0x75ac993|11|721889811
48283|0x75ac993|12|1434522651
48283|0x75ac993|13|2864484327
48283|0x275ac993|14|4382045001
48283|0x275ac993|15|10068019500
48283|0xa75ac993|16|19468184430
48283|0xa75ac993|17|39747869553
48283|0xa75ac993|18|85166020350
48283|0x4a75ac993|19|156832736991
48283|0xca75ac993|20|284425297866
48283|0x1ca75ac993|21|673679126554
48283|0x1ca75ac993|22|1287342527959
48283|0x5ca75ac993|23|2628250273375
48283|0x5ca75ac993|24|5195019780441
48285|0x1a9b5|1|239121
48285|0x3a9b5|2|510923
48285|0x3a9b5|3|1323552
48285|0x3a9b5|4|2653541
48285|0x3a9b5|5|5231192
48285|0x23a9b5|6|14240625
48285|0x23a9b5|7|30213609
48285|0xa3a9b5|8|54505340
48285|0x1a3a9b5|9|105810043
48285|0x3a3a9b5|10|217010656
48285|0x7a3a9b5|11|438033035
48285|0x7a3a9b5|12|831552170
48285|0x7a3a9b5|13|1526343850
48285|0x27a3a9b5|14|3632465281
48285|0x27a3a9b5|15|8999971988
48285|0xa7a3a9b5|16|17769376020
48285|0x1a7a3a9b5|17|27797642552
48285|0x1a7a3a9b5|18|93283396344
48285|0x1a7a3a9b5|19|164232312642
48285|0x1a7a3a9b5|20|280011053036
48285|0x1a7a3a9b5|21|633096040025
48285|0x21a7a3a9b5|22|1183842242602
48285|0x61a7a3a9b5|23|2818005796288
48285|0x61a7a3a9b5|24|5114422847676
