49155|0x1eaab|1|226734
49155|0x3eaab|2|509028
49155|0x7eaab|3|1210118
49155|0xfeaab|4|2468171
49155|0x1feaab|5|5888864
49155|0x3feaab|6|15074290
49155|0x7feaab|7|30764829
49155|0xffeaab|8|141514321
49155|0x1ffeaab|9|187029313
49155|0x3ffeaab|10|419323512
49155|0x7ffeaab|11|495542193
49155|0xfffeaab|12|1117938030
49155|0xfffeaab|13|2027202832
49155|0x2fffeaab|14|4968325105
49155|0x2fffeaab|15|9163774346
49155|0xafffeaab|16|15741437370
49155|0xafffeaab|17|34143482234
49155|0x2afffeaab|18|73946119713
49155|0x2afffeaab|19|145050033095
49155|0xaafffeaab|20|250471531554
49155|0xaafffeaab|21|503172659765
49155|0x2aafffeaab|22|998054108173
49155|0x2aafffeaab|23|2001990435173
49155|0xaaafffeaab|24|3987105677482
49157|0xccd|1|376548
49157|0x20ccd|2|878834
49157|0x60ccd|3|1976262
49157|0xe0ccd|4|3712712
49157|0xe0ccd|5|7686840
49157|0x2e0ccd|6|15372279
49157|0x2e0ccd|7|30730057
49157|0xae0ccd|8|61618875
49157|0x1ae0ccd|9|122679263
49157|0x3ae0ccd|10|246088270
49157|0x7ae0ccd|11|491448769
49157|0x7ae0ccd|12|990833541
49157|0x17ae0ccd|13|1969187375
49157|0x17ae0ccd|14|3947828537
49157|0x17ae0ccd|15|7966028166
49157|0x17ae0ccd|16|15882335584
49157|0x117ae0ccd|17|30919224667
49157|0x117ae0ccd|18|61955005832
49157|0x117ae0ccd|19|124853580492
49157|0x917ae0ccd|20|250234053638
49157|0x1917ae0ccd|21|502907717965
49157|0x1917ae0ccd|22|1003112938049
49157|0x5917ae0ccd|23|1997559812941
49157|0xd917ae0ccd|24|3982539607090
49159|0xadb7|1|416552
49159|0x2adb7|2|817556
49159|0x6adb7|3|1961689
49159|0xeadb7|4|3706162
49159|0x1eadb7|5|7778100
49159|0x3eadb7|6|15385337
49159|0x3eadb7|7|30833698
49159|0x3eadb7|8|61684704
49159|0x3eadb7|9|123685242
49159|0x3eadb7|10|247290094
49159|0x43eadb7|11|491314840
49159|0x43eadb7|12|982163514
49159|0x43eadb7|13|1977518087
49159|0x243eadb7|14|4030259522
49159|0x243eadb7|15|7856529826
49159|0x243eadb7|16|16398091649
49159|0x243eadb7|17|31549668235
49159|0x243eadb7|18|62507738629
49159|0x243eadb7|19|124518136436
49159|0x243eadb7|20|248424077107
49159|0x10243eadb7|21|501675497818
49159|0x30243eadb7|22|1002278225294
49159|0x30243eadb7|23|2003592819266
49159|0xb0243eadb7|24|3987799885737
49161|0xce39|1|444127
49161|0x2ce39|2|823018
49161|0x6ce39|3|1730104
49161|0xece39|4|3817319
49161|0x1ece39|5|7589098
49161|0x1ece39|6|15271121
49161|0x5ece39|7|30653705
49161|0x5ece39|8|61295896
49161|0x5ece39|9|122788106
49161|0x25ece39|10|245609931
49161|0x25ece39|11|490945664
49161|0x25ece39|12|1098901888
49161|0x125ece39|13|1978170087
49161|0x125ece39|14|3930312731
49161|0x525ece39|15|8067509951
49161|0x525ece39|16|15944967520
49161|0x525ece39|17|31711530002
49161|0x2525ece39|18|62563229793
49161|0x6525ece39|19|124609972998
49161|0x6525ece39|20|250824547260
49161|0x6525ece39|21|503500596656
49161|0x6525ece39|22|1004034838428
49161|0x6525ece39|23|2011160806239
49161|0x6525ece39|24|4013947892775
49163|0x1cba3|1|444533
49163|0x3cba3|2|845749
49163|0x7cba3|3|1928746
49163|0x7cba3|4|3678986
49163|0x17cba3|5|7685061
49163|0x17cba3|6|15271380
49163|0x57cba3|7|30686318
49163|0xd7cba3|8|61389482
49163|0xd7cba3|9|122951828
49163|0x2d7cba3|10|246168890
49163|0x2d7cba3|11|491741114
49163|0xad7cba3|12|984562280
49163|0x1ad7cba3|13|1969768512
49163|0x1ad7cba3|14|3935873206
49163|0x1ad7cba3|15|7877432212
49163|0x1ad7cba3|16|16063988921
49163|0x11ad7cba3|17|31007378010
49163|0x31ad7cba3|18|62636169807
49163|0x71ad7cba3|19|125834070574
49163|0x71ad7cba3|20|251993164206
49163|0x171ad7cba3|21|501671220538
49163|0x371ad7cba3|22|999525626587
49163|0x371ad7cba3|23|2269582345082
49163|0xb71ad7cba3|24|4002312318757
49165|0x18ec5|1|410642
49165|0x18ec5|2|847461
49165|0x18ec5|3|1979313
49165|0x98ec5|4|3710627
49165|0x198ec5|5|7728300
49165|0x398ec5|6|15373567
49165|0x398ec5|7|30849034
49165|0x398ec5|8|61691543
49165|0x398ec5|9|122661131
49165|0x2398ec5|10|247173290
49165|0x2398ec5|11|494157197
49165|0xa398ec5|12|1137412453
49165|0x1a398ec5|13|1967199958
49165|0x1a398ec5|14|3935701926
49165|0x1a398ec5|15|7881928893
49165|0x9a398ec5|16|15778305181
49165|0x19a398ec5|17|31302540027
49165|0x19a398ec5|18|62860391161
49165|0x19a398ec5|19|125699787177
49165|0x19a398ec5|20|250081415132
49165|0x19a398ec5|21|503200686091
49165|0x19a398ec5|22|1001608728290
49165|0x419a398ec5|23|2133764166369
49165|0x419a398ec5|24|6448699136229
49167|0x2eef|1|643815
49167|0x22eef|2|1440231
49167|0x62eef|3|3031968
49167|0x62eef|4|6249702
49167|0x162eef|5|12651658
49167|0x162eef|6|28202145
49167|0x162eef|7|51080510
49167|0x962eef|8|102969293
49167|0x962eef|9|205282498
49167|0x962eef|10|412404534
49167|0x4962eef|11|824876467
49167|0xc962eef|12|1639268742
49167|0xc962eef|13|3278603017
49167|0x2c962eef|14|6579569852
49167|0x6c962eef|15|13159717973
49167|0x6c962eef|16|26343864500
49167|0x16c962eef|17|52659354930
49167|0x36c962eef|18|103776018080
49167|0x76c962eef|19|207596856066
49167|0x76c962eef|20|415151434025
49167|0x76c962eef|21|830178503734
49167|0x276c962eef|22|1660184784904
49167|0x676c962eef|23|3321263107692
49167|0xe76c962eef|24|6641853931137
49169|0x30f1|1|648286
49169|0x30f1|2|1461568
49169|0x30f1|3|3103700
49169|0x830f1|4|6329920
49169|0x830f1|5|12775712
49169|0x830f1|6|25634658
49169|0x4830f1|7|51406692
49169|0xc830f1|8|103028180
49169|0xc830f1|9|206256878
49169|0x2c830f1|10|415262145
49169|0x6c830f1|11|824991363
49169|0xec830f1|12|1650059614
49169|0xec830f1|13|3278672501
49169|0x2ec830f1|14|6602932616
49169|0x6ec830f1|15|13200712610
49169|0xeec830f1|16|26399153974
49169|0xeec830f1|17|50921404393
49169|0x2eec830f1|18|103109521829
49169|0x2eec830f1|19|207585093083
49169|0xaeec830f1|20|415188154621
49169|0x1aeec830f1|21|830210763220
49169|0x3aeec830f1|22|1661217763028
49169|0x3aeec830f1|23|3097883020755
49169|0x3aeec830f1|24|3926487810503
49171|0x10a1b|1|625492
49171|0x10a1b|2|1451834
49171|0x10a1b|3|3056790
49171|0x90a1b|4|6226566
49171|0x90a1b|5|12653917
49171|0x90a1b|6|25451660
49171|0x490a1b|7|51503023
49171|0x490a1b|8|66551303
49171|0x1490a1b|9|159586519
49171|0x1490a1b|10|278587049
49171|0x1490a1b|11|608919433
49171|0x1490a1b|12|1229059015
49171|0x1490a1b|13|2392777222
49171|0x21490a1b|14|4900601393
49171|0x61490a1b|15|12117915803
49171|0x61490a1b|16|26281920575
49171|0x61490a1b|17|44847972803
49171|0x261490a1b|18|83949533860
49171|0x661490a1b|19|188560058398
49171|0x661490a1b|20|416437116654
49171|0x1661490a1b|21|820343361052
49171|0x3661490a1b|22|1604272664554
49171|0x3661490a1b|23|2100930532677
49171|0x3661490a1b|24|3753009394733
49173|0x10f3d|1|350719
49173|0x10f3d|2|810121
49173|0x50f3d|3|1868678
49173|0xd0f3d|4|3679806
49173|0xd0f3d|5|7749551
49173|0xd0f3d|6|15257835
49173|0xd0f3d|7|30673076
49173|0x8d0f3d|8|61390971
49173|0x18d0f3d|9|122794141
49173|0x18d0f3d|10|244195812
49173|0x58d0f3d|11|494402411
49173|0x58d0f3d|12|983862809
49173|0x58d0f3d|13|1971592957
49173|0x58d0f3d|14|3920141690
49173|0x458d0f3d|15|7954188586
49173|0xc58d0f3d|16|15772936623
49173|0xc58d0f3d|17|30893143339
49173|0x2c58d0f3d|18|62345394157
49173|0x6c58d0f3d|19|140879593002
49173|0xec58d0f3d|20|321826215535
49173|0xec58d0f3d|21|616640497896
49173|0x2ec58d0f3d|22|1360539388040
49173|0x2ec58d0f3d|23|2827976764337
49173|0x2ec58d0f3d|24|4717131417858
49175|0x77a7|1|350384
49175|0x77a7|2|812514
49175|0x77a7|3|1485128
49175|0x877a7|4|2480302
49175|0x877a7|5|4949865
49175|0x877a7|6|11138127
49175|0x877a7|7|28879284
49175|0x8877a7|8|52404040
49175|0x8877a7|9|112714252
49175|0x28877a7|10|219656318
49175|0x68877a7|11|464571330
49175|0x68877a7|12|936639896
49175|0x168877a7|13|1879871738
49175|0x368877a7|14|3721305314
49175|0x768877a7|15|7466628794
49175|0x768877a7|16|15007493370
49175|0x1768877a7|17|28993626128
49175|0x1768877a7|18|51548619138
49175|0x1768877a7|19|115898358231
49175|0x9768877a7|20|236644514471
49175|0x9768877a7|21|508262660917
49175|0x9768877a7|22|1327927517347
49175|0x49768877a7|23|2474867116504
49175|0xc9768877a7|24|5255425471681
49177|0x9c29|1|403072
49177|0x29c29|2|912071
49177|0x29c29|3|3010753
49177|0x29c29|4|6297405
49177|0x29c29|5|12735691
49177|0x229c29|6|25593118
49177|0x229c29|7|44322662
49177|0xa29c29|8|92519095
49177|0x1a29c29|9|199886170
49177|0x3a29c29|10|441627449
49177|0x3a29c29|11|825454644
49177|0x3a29c29|12|1738925674
49177|0x13a29c29|13|3280770598
49177|0x33a29c29|14|6603040356
49177|0x33a29c29|15|13166057439
49177|0x33a29c29|16|26354619395
49177|0x133a29c29|17|51280682766
49177|0x133a29c29|18|63367810532
49177|0x133a29c29|19|121014486910
49177|0x933a29c29|20|274163028495
49177|0x933a29c29|21|649101328749
49177|0x2933a29c29|22|961726630350
49177|0x6933a29c29|23|2031806390980
49177|0x6933a29c29|24|3743523200331
49179|0x11a13|1|409309
49179|0x11a13|2|970906
49179|0x51a13|3|1799982
49179|0xd1a13|4|3845111
49179|0x1d1a13|5|7495212
49179|0x3d1a13|6|15322616
49179|0x3d1a13|7|30807577
49179|0x3d1a13|8|61841432
49179|0x3d1a13|9|191607142
49179|0x23d1a13|10|315754970
49179|0x23d1a13|11|664456158
49179|0x23d1a13|12|1236211727
49179|0x123d1a13|13|2473948673
49179|0x123d1a13|14|4970395427
49179|0x523d1a13|15|10243479620
49179|0xd23d1a13|16|20096286656
49179|0xd23d1a13|17|38802233138
49179|0xd23d1a13|18|90417441922
49179|0x4d23d1a13|19|172686429023
49179|0x4d23d1a13|20|299985180879
49179|0x14d23d1a13|21|681648726498
49179|0x34d23d1a13|22|1271100731391
49179|0x74d23d1a13|23|2376503941775
49179|0x74d23d1a13|24|4163512300930
49181|0x235|1|422076
49181|0x235|2|944717
49181|0x235|3|2164556
49181|0x80235|4|5871460
49181|0x180235|5|12765298
49181|0x380235|6|19582627
49181|0x380235|7|48542942
49181|0x380235|8|91376602
49181|0x380235|9|182430608
49181|0x380235|10|347674517
49181|0x380235|11|708052299
49181|0x8380235|12|1306506904
49181|0x18380235|13|2422794437
49181|0x18380235|14|4897924665
49181|0x58380235|15|9951446982
49181|0x58380235|16|20149629461
49181|0x58380235|17|40076711421
49181|0x58380235|18|77005445036
49181|0x458380235|19|114393551601
49181|0xc58380235|20|218555379801
49181|0x1c58380235|21|438806267321
49181|0x3c58380235|22|1383132992644
49181|0x3c58380235|23|3320759045534
49181|0x3c58380235|24|5333412954588
49183|0xbbdf|1|650345
49183|0x2bbdf|2|1491195
49183|0x6bbdf|3|3080642
49183|0xebbdf|4|6315691
49183|0x1ebbdf|5|12799414
49183|0x3ebbdf|6|25724843
49183|0x3ebbdf|7|51057161
49183|0xbebbdf|8|102353620
49183|0xbebbdf|9|204786160
49183|0xbebbdf|10|412351829
49183|0x4bebbdf|11|819672062
49183|0x4bebbdf|12|1639560933
49183|0x4bebbdf|13|3300667742
49183|0x24bebbdf|14|6459565053
49183|0x24bebbdf|15|13578613014
49183|0xa4bebbdf|16|26297677535
49183|0x1a4bebbdf|17|53974335369
49183|0x3a4bebbdf|18|104997584194
49183|0x3a4bebbdf|19|207669284400
49183|0x3a4bebbdf|20|415152928026
49183|0x3a4bebbdf|21|830234355897
49183|0x3a4bebbdf|22|1660183055192
49183|0x3a4bebbdf|23|3319523646124
49183|0x3a4bebbdf|24|6623925478264
49185|0xc3e1|1|662105
49185|0x2c3e1|2|1464141
49185|0x6c3e1|3|3114255
49185|0xec3e1|4|6302220
49185|0x1ec3e1|5|12808072
49185|0x3ec3e1|6|25665860
49185|0x3ec3e1|7|51436247
49185|0x3ec3e1|8|102328375
49185|0x13ec3e1|9|204789899
49185|0x13ec3e1|10|410944091
49185|0x53ec3e1|11|825377767
49185|0x53ec3e1|12|1642675785
49185|0x53ec3e1|13|3279897797
49185|0x53ec3e1|14|6565192599
49185|0x453ec3e1|15|13190006918
49185|0x453ec3e1|16|26324119580
49185|0x453ec3e1|17|52669372189
49185|0x453ec3e1|18|104362607967
49185|0x453ec3e1|19|206349385361
49185|0x8453ec3e1|20|413974591645
49185|0x8453ec3e1|21|830409833908
49185|0x8453ec3e1|22|1660516458111
49185|0x8453ec3e1|23|3321065457891
49185|0x8453ec3e1|24|4503222135608
49187|0x1ef8b|1|363450
49187|0x1ef8b|2|812048
49187|0x5ef8b|3|1957951
49187|0xdef8b|4|3678650
49187|0x1def8b|5|7685845
49187|0x1def8b|6|15302264
49187|0x5def8b|7|30773740
49187|0xddef8b|8|61834713
49187|0xddef8b|9|124156461
49187|0x2ddef8b|10|247837324
49187|0x2ddef8b|11|466152993
49187|0xaddef8b|12|984004938
49187|0x1addef8b|13|2017708438
49187|0x3addef8b|14|3963064602
49187|0x3addef8b|15|7889907985
49187|0xbaddef8b|16|15804321769
49187|0xbaddef8b|17|30719320443
49187|0xbaddef8b|18|63109700526
49187|0xbaddef8b|19|125264665577
49187|0xbaddef8b|20|248456593277
49187|0xbaddef8b|21|499073603378
49187|0xbaddef8b|22|955434309747
49187|0x40baddef8b|23|2900477188043
49187|0x40baddef8b|24|6544427282925
49189|0x15bad|1|675577
49189|0x15bad|2|1465702
49189|0x55bad|3|3107345
49189|0xd5bad|4|6298711
49189|0x1d5bad|5|11442323
49189|0x1d5bad|6|21830466
49189|0x1d5bad|7|43533236
49189|0x1d5bad|8|89990796
49189|0x11d5bad|9|181368790
49189|0x31d5bad|10|351798626
49189|0x31d5bad|11|703149278
49189|0xb1d5bad|12|1454703209
49189|0xb1d5bad|13|2927451305
49189|0x2b1d5bad|14|5571781512
49189|0x6b1d5bad|15|10979602142
49189|0xeb1d5bad|16|26227243949
49189|0xeb1d5bad|17|51120107821
49189|0xeb1d5bad|18|103120711213
49189|0xeb1d5bad|19|205889793301
49189|0x8eb1d5bad|20|414528961074
49189|0x8eb1d5bad|21|828648637480
49189|0x28eb1d5bad|22|1146802963616
49189|0x68eb1d5bad|23|2257994158578
49189|0xe8eb1d5bad|24|5395590464992
49191|0xaf97|1|496187
49191|0xaf97|2|931358
49191|0x4af97|3|1915888
49191|0xcaf97|4|3765476
49191|0xcaf97|5|7612459
49191|0x2caf97|6|15408531
49191|0x2caf97|7|25370368
49191|0xacaf97|8|52334418
49191|0xacaf97|9|114348520
49191|0x2acaf97|10|219290621
49191|0x6acaf97|11|404720308
49191|0xeacaf97|12|887043737
49191|0xeacaf97|13|1736452241
49191|0xeacaf97|14|3306014200
49191|0x4eacaf97|15|6601017812
49191|0xceacaf97|16|13610658373
49191|0x1ceacaf97|17|26679056154
49191|0x1ceacaf97|18|54119960739
49191|0x1ceacaf97|19|118031578866
49191|0x9ceacaf97|20|248791265532
49191|0x9ceacaf97|21|495282594347
49191|0x9ceacaf97|22|1004830329630
49191|0x9ceacaf97|23|1991627911150
49191|0x89ceacaf97|24|3921243265858
49193|0xdc19|1|381854
49193|0x2dc19|2|852338
49193|0x2dc19|3|1977316
49193|0xadc19|4|3717554
49193|0x1adc19|5|7729500
49193|0x3adc19|6|15361840
49193|0x3adc19|7|30849221
49193|0xbadc19|8|58630937
49193|0x1badc19|9|122792718
49193|0x1badc19|10|245981517
49193|0x5badc19|11|490443280
49193|0x5badc19|12|989618069
49193|0x15badc19|13|1967385537
49193|0x35badc19|14|3943411826
49193|0x75badc19|15|7869088586
49193|0x75badc19|16|15867934229
49193|0x175badc19|17|31399956360
49193|0x175badc19|18|62282187794
49193|0x175badc19|19|124853043419
49193|0x975badc19|20|245195413713
49193|0x1975badc19|21|497363250418
49193|0x3975badc19|22|996261130294
49193|0x3975badc19|23|2005802767848
49193|0xb975badc19|24|4371634584555
49195|0x1fe83|1|621560
49195|0x1fe83|2|1433879
49195|0x1fe83|3|7451739
49195|0x9fe83|4|6247102
49195|0x19fe83|5|12646418
49195|0x19fe83|6|25655185
49195|0x59fe83|7|51375634
49195|0x59fe83|8|102340308
49195|0x59fe83|9|206252369
49195|0x259fe83|10|412267454
49195|0x659fe83|11|824376214
49195|0x659fe83|12|1639159513
49195|0x1659fe83|13|3344553041
49195|0x1659fe83|14|6580248884
49195|0x5659fe83|15|13158487282
49195|0x5659fe83|16|26308353826
49195|0x5659fe83|17|52638729829
49195|0x25659fe83|18|103719728006
49195|0x25659fe83|19|207778921335
49195|0xa5659fe83|20|406416852153
49195|0xa5659fe83|21|605335205267
49195|0xa5659fe83|22|1148159588703
49195|0xa5659fe83|23|2465241158146
49195|0x8a5659fe83|24|4431585636359
49197|0x18fa5|1|642186
49197|0x38fa5|2|3217176
49197|0x78fa5|3|3033544
49197|0x78fa5|4|6260118
49197|0x178fa5|5|12643148
49197|0x378fa5|6|21831755
49197|0x378fa5|7|49514570
49197|0xb78fa5|8|84707447
49197|0xb78fa5|9|201996586
49197|0xb78fa5|10|364896289
49197|0x4b78fa5|11|689446099
49197|0x4b78fa5|12|1373089726
49197|0x4b78fa5|13|2979711215
49197|0x4b78fa5|14|5772414089
49197|0x4b78fa5|15|10894972142
49197|0x84b78fa5|16|25436373574
49197|0x184b78fa5|17|46676059774
49197|0x384b78fa5|18|85269541970
49197|0x384b78fa5|19|141150641216
49197|0xb84b78fa5|20|228509283073
49197|0x1b84b78fa5|21|568788148463
49197|0x3b84b78fa5|22|1295281478805
49197|0x3b84b78fa5|23|2511331684491
49197|0x3b84b78fa5|24|4523079218077
49199|0x86cf|1|396385
49199|0x86cf|2|901684
49199|0x486cf|3|1787860
49199|0x486cf|4|3841022
49199|0x1486cf|5|7448504
49199|0x3486cf|6|14432259
49199|0x7486cf|7|24804473
49199|0xf486cf|8|54748278
49199|0xf486cf|9|110501480
49199|0x2f486cf|10|206692115
49199|0x2f486cf|11|442563805
49199|0x2f486cf|12|879586382
49199|0x12f486cf|13|1707376358
49199|0x32f486cf|14|3526712989
49199|0x72f486cf|15|7041778580
49199|0xf2f486cf|16|14861993113
49199|0xf2f486cf|17|28033494436
49199|0xf2f486cf|18|55111918797
49199|0x4f2f486cf|19|109900630717
49199|0x4f2f486cf|20|230894045875
49199|0x4f2f486cf|21|494422720377
49199|0x24f2f486cf|22|990284962600
49199|0x24f2f486cf|23|2304739683725
49199|0x24f2f486cf|24|4089033744024
49201|0x98d1|1|626892
49201|0x298d1|2|1417234
49201|0x698d1|3|3077312
49201|0x698d1|4|6239199
49201|0x698d1|5|12658875
49201|0x2698d1|6|25434495
49201|0x2698d1|7|51062114
49201|0x2698d1|8|102204898
49201|0x2698d1|9|206113146
49201|0x22698d1|10|412151952
49201|0x62698d1|11|780988424
49201|0x62698d1|12|1368032857
49201|0x62698d1|13|2742329191
49201|0x262698d1|14|6522849141
49201|0x662698d1|15|13122320830
49201|0xe62698d1|16|26439862241
49201|0x1e62698d1|17|51326949761
49201|0x3e62698d1|18|103821107412
49201|0x7e62698d1|19|176693212489
49201|0x7e62698d1|20|404294381673
49201|0x7e62698d1|21|581724017969
49201|0x27e62698d1|22|1165953589198
49201|0x67e62698d1|23|1959645602176
49201|0xe7e62698d1|24|4157136786923
49203|0x3afb|1|376321
49203|0x3afb|2|819642
49203|0x3afb|3|1946169
49203|0x83afb|4|3767128
49203|0x83afb|5|7880025
49203|0x283afb|6|15485585
49203|0x683afb|7|30744826
49203|0x683afb|8|61507344
49203|0x1683afb|9|124474795
49203|0x1683afb|10|247365498
49203|0x5683afb|11|495432860
49203|0x5683afb|12|993795647
49203|0x5683afb|13|1984252823
49203|0x5683afb|14|4696454963
49203|0x45683afb|15|10025550150
49203|0x45683afb|16|19998791217
49203|0x45683afb|17|39666980144
49203|0x45683afb|18|63420577189
49203|0x445683afb|19|127484947173
49203|0xc45683afb|20|250621695390
49203|0xc45683afb|21|534755290675
49203|0xc45683afb|22|1071669421808
49203|0xc45683afb|23|2331376242715
49203|0x8c45683afb|24|4487176327698
49205|0x921d|1|648524
49205|0x921d|2|1447200
49205|0x4921d|3|3036402
49205|0xc921d|4|6219867
49205|0x1c921d|5|12678830
49205|0x1c921d|6|25487386
49205|0x1c921d|7|51096883
49205|0x9c921d|8|102410991
49205|0x9c921d|9|204864376
49205|0x29c921d|10|409802355
49205|0x29c921d|11|824923713
49205|0xa9c921d|12|1641892215
49205|0xa9c921d|13|3300741294
49205|0x2a9c921d|14|6557052346
49205|0x6a9c921d|15|13136125049
49205|0xea9c921d|16|26352739346
49205|0xea9c921d|17|51049457046
49205|0x2ea9c921d|18|103374287389
49205|0x2ea9c921d|19|172210725792
49205|0x2ea9c921d|20|263041360590
49205|0x12ea9c921d|21|527500809848
49205|0x32ea9c921d|22|1106230799113
49205|0x32ea9c921d|23|2035467177296
49205|0xb2ea9c921d|24|4440302331595
49207|0xf587|1|391195
49207|0x2f587|2|819606
49207|0x2f587|3|1843772
49207|0xaf587|4|3764963
49207|0xaf587|5|7764315
49207|0xaf587|6|15422785
49207|0xaf587|7|30844248
49207|0x8af587|8|61359155
49207|0x8af587|9|123450065
49207|0x28af587|10|247145523
49207|0x68af587|11|491326272
49207|0x68af587|12|981030318
49207|0x68af587|13|1968185355
49207|0x268af587|14|3946035926
49207|0x268af587|15|8011043648
49207|0xa68af587|16|15794987495
49207|0xa68af587|17|31238118803
49207|0xa68af587|18|63242218673
49207|0x4a68af587|19|132510938085
49207|0xca68af587|20|252072037629
49207|0xca68af587|21|503095281685
49207|0x2ca68af587|22|1014147101367
49207|0x2ca68af587|23|2022108373995
49207|0xaca68af587|24|4850676022534
49209|0x12e09|1|802714
49209|0x32e09|2|1463871
49209|0x72e09|3|3109508
49209|0x72e09|4|6306772
49209|0x72e09|5|12778001
49209|0x272e09|6|25641891
49209|0x672e09|7|51442686
49209|0xe72e09|8|103058733
49209|0xe72e09|9|206175306
49209|0x2e72e09|10|409730700
49209|0x2e72e09|11|839007346
49209|0xae72e09|12|1649747824
49209|0x1ae72e09|13|3279141506
49209|0x3ae72e09|14|6602689353
49209|0x3ae72e09|15|13188755337
49209|0xbae72e09|16|24920463101
49209|0x1bae72e09|17|51679646729
49209|0x1bae72e09|18|103807485769
49209|0x1bae72e09|19|207205168096
49209|0x1bae72e09|20|414231869741
49209|0x11bae72e09|21|829956870471
49209|0x31bae72e09|22|1553920168159
49209|0x71bae72e09|23|2247319548412
49209|0xf1bae72e09|24|3990677654442
49211|0x18f3|1|397867
49211|0x18f3|2|933437
49211|0x418f3|3|1865227
49211|0xc18f3|4|3770805
49211|0xc18f3|5|7603483
49211|0xc18f3|6|15402617
49211|0xc18f3|7|30832306
49211|0x8c18f3|8|54136959
49211|0x18c18f3|9|123432273
49211|0x38c18f3|10|247304276
49211|0x78c18f3|11|494380603
49211|0x78c18f3|12|989966658
49211|0x178c18f3|13|1977956331
49211|0x178c18f3|14|3931903614
49211|0x178c18f3|15|7896697041
49211|0x978c18f3|16|15825470826
49211|0x978c18f3|17|31048988727
49211|0x978c18f3|18|62464729261
49211|0x4978c18f3|19|125448706623
49211|0xc978c18f3|20|252602893898
49211|0x1c978c18f3|21|501862792216
49211|0x1c978c18f3|22|999534224906
49211|0x5c978c18f3|23|2116096396138
49211|0x5c978c18f3|24|4670546819657
49213|0x1d715|1|523303
49213|0x1d715|2|1125359
49213|0x1d715|3|1726914
49213|0x1d715|4|3836586
49213|0x1d715|5|7451232
49213|0x1d715|6|15234936
49213|0x41d715|7|38450959
49213|0x41d715|8|87690842
49213|0x141d715|9|160043403
49213|0x341d715|10|291390133
49213|0x341d715|11|626030849
49213|0xb41d715|12|1214836477
49213|0x1b41d715|13|2544603559
49213|0x3b41d715|14|4999841569
49213|0x3b41d715|15|9911369182
49213|0xbb41d715|16|22823377951
49213|0xbb41d715|17|38264115451
49213|0x2bb41d715|18|64062084964
49213|0x2bb41d715|19|135829028856
49213|0xabb41d715|20|337732344909
49213|0xabb41d715|21|599468140738
49213|0xabb41d715|22|1147392879319
49213|0xabb41d715|23|2032318969367
49213|0xabb41d715|24|4543671851464
49215|0x12fbf|1|400499
49215|0x32fbf|2|809946
49215|0x32fbf|3|1287368
49215|0xb2fbf|4|2764625
49215|0x1b2fbf|5|5351838
49215|0x1b2fbf|6|14032646
49215|0x1b2fbf|7|21563556
49215|0x9b2fbf|8|57004277
49215|0x9b2fbf|9|111556188
49215|0x29b2fbf|10|214132421
49215|0x29b2fbf|11|449850372
49215|0xa9b2fbf|12|826929764
49215|0xa9b2fbf|13|1659103641
49215|0xa9b2fbf|14|3410051961
49215|0xa9b2fbf|15|6885853703
49215|0xa9b2fbf|16|13205326793
49215|0x10a9b2fbf|17|26214449859
49215|0x30a9b2fbf|18|62158945185
49215|0x70a9b2fbf|19|114958576753
49215|0x70a9b2fbf|20|232547328453
49215|0x170a9b2fbf|21|543719290283
49215|0x370a9b2fbf|22|981990739346
49215|0x370a9b2fbf|23|2238959288372
49215|0xb70a9b2fbf|24|4198446752448
49217|0x14fc1|1|650596
49217|0x34fc1|2|1465724
49217|0x34fc1|3|3105816
49217|0xb4fc1|4|6324669
49217|0x1b4fc1|5|12768757
49217|0x1b4fc1|6|25683263
49217|0x5b4fc1|7|41452819
49217|0x5b4fc1|8|93275984
49217|0x15b4fc1|9|192372638
49217|0x15b4fc1|10|377150382
49217|0x55b4fc1|11|731606090
49217|0xd5b4fc1|12|1419758938
49217|0xd5b4fc1|13|3030088985
49217|0x2d5b4fc1|14|6363308105
49217|0x2d5b4fc1|15|13170502932
49217|0x2d5b4fc1|16|26433031250
49217|0x2d5b4fc1|17|52701930087
49217|0x2d5b4fc1|18|78470242765
49217|0x2d5b4fc1|19|156959099175
49217|0x2d5b4fc1|20|341823771354
49217|0x102d5b4fc1|21|590712853589
49217|0x302d5b4fc1|22|1100478581242
49217|0x702d5b4fc1|23|2313110123128
49217|0xf02d5b4fc1|24|4860817755187
49219|0x18c6b|1|648903
49219|0x18c6b|2|1443238
49219|0x18c6b|3|3032480
49219|0x98c6b|4|6259867
49219|0x198c6b|5|12686168
49219|0x198c6b|6|25477297
49219|0x198c6b|7|51152297
49219|0x198c6b|8|102427995
49219|0x198c6b|9|212013730
49219|0x198c6b|10|410209732
49219|0x198c6b|11|820390039
49219|0x198c6b|12|1640664308
49219|0x10198c6b|13|3281103297
49219|0x30198c6b|14|6630144550
49219|0x70198c6b|15|13081758142
49219|0xf0198c6b|16|18865418964
49219|0xf0198c6b|17|30154379527
49219|0x2f0198c6b|18|62686829287
49219|0x2f0198c6b|19|124703970142
49219|0xaf0198c6b|20|255821414597
49219|0x1af0198c6b|21|656485670048
49219|0x3af0198c6b|22|1176116735719
49219|0x3af0198c6b|23|2218178514304
49219|0xbaf0198c6b|24|4455252913786
49221|0x528d|1|359478
49221|0x528d|2|1956863
49221|0x528d|3|1894787
49221|0x528d|4|3774778
49221|0x528d|5|7563316
49221|0x528d|6|10579740
49221|0x528d|7|20999998
49221|0x528d|8|53692411
49221|0x528d|9|105418311
49221|0x200528d|10|221291968
49221|0x200528d|11|459029494
49221|0xa00528d|12|971446959
49221|0x1a00528d|13|1668040152
49221|0x1a00528d|14|3966619145
49221|0x5a00528d|15|7305529543
49221|0xda00528d|16|14494391899
49221|0x1da00528d|17|34088539500
49221|0x1da00528d|18|71336062387
49221|0x1da00528d|19|131283553467
49221|0x1da00528d|20|246163658848
49221|0x1da00528d|21|537008537878
49221|0x1da00528d|22|1070936710869
49221|0x1da00528d|23|2244586535556
49221|0x1da00528d|24|4268831116550
49223|0xe977|1|425614
49223|0x2e977|2|911437
49223|0x2e977|3|2167859
49223|0xae977|4|4418445
49223|0xae977|5|8914014
49223|0x2ae977|6|25666070
49223|0x2ae977|7|43081711
49223|0x2ae977|8|96073462
49223|0x12ae977|9|180055334
49223|0x32ae977|10|363626530
49223|0x32ae977|11|721102913
49223|0x32ae977|12|1464021627
49223|0x132ae977|13|2883533380
49223|0x132ae977|14|3752922723
49223|0x132ae977|15|7140178086
49223|0x932ae977|16|21137818315
49223|0x1932ae977|17|32558168305
49223|0x1932ae977|18|64790504937
49223|0x1932ae977|19|142242723504
49223|0x1932ae977|20|277476178039
49223|0x11932ae977|21|568462865550
49223|0x11932ae977|22|1090024414600
49223|0x51932ae977|23|2297332936157
49223|0x51932ae977|24|4652590426385
49225|0x131f9|1|853979
49225|0x331f9|2|1419339
49225|0x731f9|3|3079411
49225|0xf31f9|4|6235714
49225|0x1f31f9|5|12743017
49225|0x3f31f9|6|16214969
49225|0x3f31f9|7|30888941
49225|0xbf31f9|8|76299955
49225|0xbf31f9|9|163153372
49225|0xbf31f9|10|297695165
49225|0x4bf31f9|11|615736801
49225|0x4bf31f9|12|1216364471
49225|0x4bf31f9|13|2457503076
49225|0x4bf31f9|14|5030544067
49225|0x44bf31f9|15|9061278674
49225|0x44bf31f9|16|17531615925
49225|0x144bf31f9|17|37490492559
49225|0x144bf31f9|18|73745913212
49225|0x544bf31f9|19|145661285033
49225|0x544bf31f9|20|307424566848
49225|0x1544bf31f9|21|509964595805
49225|0x3544bf31f9|22|1318508808834
49225|0x7544bf31f9|23|2304475215278
49225|0x7544bf31f9|24|4474668468313
49227|0x10963|1|351817
49227|0x10963|2|1810925
49227|0x10963|3|1959750
49227|0x90963|4|3564159
49227|0x190963|5|7628993
49227|0x390963|6|15107103
49227|0x790963|7|30692959
49227|0xf90963|8|61440106
49227|0xf90963|9|122028441
49227|0xf90963|10|256931295
49227|0xf90963|11|489533688
49227|0xf90963|12|983913952
49227|0x10f90963|13|1886359832
49227|0x10f90963|14|3523078377
49227|0x50f90963|15|7147963143
49227|0xd0f90963|16|15553405735
49227|0xd0f90963|17|28598730048
49227|0xd0f90963|18|66474345824
49227|0xd0f90963|19|145279469937
49227|0x8d0f90963|20|283040538378
49227|0x18d0f90963|21|553625357337
49227|0x18d0f90963|22|1140419661968
49227|0x18d0f90963|23|2167794031877
49227|0x18d0f90963|24|3986354715143
49229|0x7885|1|357614
49229|0x7885|2|870607
49229|0x7885|3|1724381
49229|0x87885|4|3523003
49229|0x187885|5|7404749
49229|0x187885|6|14599422
49229|0x587885|7|29339104
49229|0x587885|8|57966553
49229|0x1587885|9|117139399
49229|0x3587885|10|233921522
49229|0x7587885|11|466678317
49229|0x7587885|12|1034116865
49229|0x17587885|13|1868084340
49229|0x37587885|14|3788842871
49229|0x37587885|15|7309208814
49229|0x37587885|16|17129123411
49229|0x137587885|17|31301869297
49229|0x137587885|18|55693801782
49229|0x137587885|19|118869648596
49229|0x137587885|20|236617021955
49229|0x137587885|21|459745505318
49229|0x2137587885|22|944113129750
49229|0x2137587885|23|2023816062497
49229|0xa137587885|24|3824375151066
49231|0x56af|1|362947
49231|0x256af|2|2071024
49231|0x656af|3|1751096
49231|0xe56af|4|3784692
49231|0x1e56af|5|7453169
49231|0x3e56af|6|15204302
49231|0x7e56af|7|30707699
49231|0x7e56af|8|61299932
49231|0x7e56af|9|131440027
49231|0x7e56af|10|245282663
49231|0x7e56af|11|489345015
49231|0x87e56af|12|947242166
49231|0x87e56af|13|1905142855
49231|0x287e56af|14|3355928065
49231|0x687e56af|15|7776747813
49231|0x687e56af|16|13453130747
49231|0x1687e56af|17|28648043023
49231|0x3687e56af|18|61573083143
49231|0x7687e56af|19|126724025088
49231|0xf687e56af|20|234233961449
49231|0xf687e56af|21|474039549290
49231|0x2f687e56af|22|929041057071
49231|0x2f687e56af|23|1964196151380
49231|0x2f687e56af|24|3922025850717
49233|0x88b1|1|354511
49233|0x88b1|2|791765
49233|0x88b1|3|1814638
49233|0x88b1|4|3691749
49233|0x1088b1|5|7023687
49233|0x1088b1|6|10451980
49233|0x5088b1|7|20952270
49233|0x5088b1|8|57953668
49233|0x5088b1|9|114508235
49233|0x5088b1|10|214504714
49233|0x5088b1|11|444447912
49233|0x5088b1|12|868586583
49233|0x5088b1|13|1942567377
49233|0x5088b1|14|3906063091
49233|0x5088b1|15|7772225585
49233|0x805088b1|16|14934416585
49233|0x1805088b1|17|29310651889
49233|0x3805088b1|18|56416127643
49233|0x3805088b1|19|115657050680
49233|0xb805088b1|20|235072952578
49233|0xb805088b1|21|523826458446
49233|0x2b805088b1|22|1031892633322
49233|0x2b805088b1|23|1977901591062
49233|0x2b805088b1|24|4015776516591
49235|0x183db|1|363671
49235|0x383db|2|1363739
49235|0x383db|3|1837183
49235|0xb83db|4|3727374
49235|0xb83db|5|7736876
49235|0x2b83db|6|15165240
49235|0x2b83db|7|30602752
49235|0x2b83db|8|61218793
49235|0x12b83db|9|122697104
49235|0x12b83db|10|244516285
49235|0x52b83db|11|489608168
49235|0x52b83db|12|1003638459
49235|0x152b83db|13|1700888149
49235|0x152b83db|14|3895536182
49235|0x152b83db|15|10605332995
49235|0x952b83db|16|16033354560
49235|0x1952b83db|17|31196308194
49235|0x1952b83db|18|59836745272
49235|0x5952b83db|19|121279739660
49235|0x5952b83db|20|226980647941
49235|0x15952b83db|21|457673652589
49235|0x35952b83db|22|985929987685
49235|0x75952b83db|23|1908581248637
49235|0x75952b83db|24|3850927893517
49237|0x3cfd|1|272263
49237|0x23cfd|2|644833
49237|0x63cfd|3|1715919
49237|0x63cfd|4|3833813
49237|0x163cfd|5|7119119
49237|0x363cfd|6|10526929
49237|0x763cfd|7|30338689
49237|0x763cfd|8|56039767
49237|0x1763cfd|9|113326087
49237|0x3763cfd|10|223014055
49237|0x7763cfd|11|437843885
49237|0xf763cfd|12|854087590
49237|0x1f763cfd|13|1725292449
49237|0x3f763cfd|14|3502795965
49237|0x7f763cfd|15|7509964951
49237|0x7f763cfd|16|14213825167
49237|0x17f763cfd|17|28635285100
49237|0x17f763cfd|18|55232496049
49237|0x17f763cfd|19|113686776068
49237|0x97f763cfd|20|230810915039
49237|0x97f763cfd|21|489797927391
49237|0x97f763cfd|22|959141219873
49237|0x497f763cfd|23|1934284051326
49237|0x497f763cfd|24|3873757283487
49239|0x2b67|1|413710
49239|0x2b67|2|867053
49239|0x42b67|3|1724358
49239|0xc2b67|4|3852163
49239|0x1c2b67|5|7503238
49239|0x3c2b67|6|12084804
49239|0x3c2b67|7|26782432
49239|0x3c2b67|8|52424456
49239|0x13c2b67|9|111006962
49239|0x13c2b67|10|218352195
49239|0x53c2b67|11|439259915
49239|0xd3c2b67|12|964187386
49239|0xd3c2b67|13|1961171191
49239|0x2d3c2b67|14|3926531622
49239|0x2d3c2b67|15|7544268772
49239|0xad3c2b67|16|15804268124
49239|0xad3c2b67|17|29971213989
49239|0xad3c2b67|18|63172230544
49239|0xad3c2b67|19|122307064939
49239|0x8ad3c2b67|20|260984368097
49239|0x8ad3c2b67|21|461339897849
49239|0x28ad3c2b67|22|999809637966
49239|0x68ad3c2b67|23|1911983812009
49239|0xe8ad3c2b67|24|3881171678006
49241|0x87e9|1|364003
49241|0x287e9|2|1781666
49241|0x287e9|3|1786040
49241|0x287e9|4|3701083
49241|0x1287e9|5|7551963
49241|0x3287e9|6|14939572
49241|0x3287e9|7|25072846
49241|0xb287e9|8|53517683
49241|0xb287e9|9|113978085
49241|0xb287e9|10|244894290
49241|0x4b287e9|11|482451656
49241|0xcb287e9|12|832702495
49241|0x1cb287e9|13|1610575141
49241|0x3cb287e9|14|3585069663
49241|0x3cb287e9|15|7298055739
49241|0x3cb287e9|16|14148126251
49241|0x13cb287e9|17|28992489980
49241|0x13cb287e9|18|59523175730
49241|0x53cb287e9|19|113910203439
49241|0xd3cb287e9|20|228081976593
49241|0xd3cb287e9|21|452854466548
49241|0x2d3cb287e9|22|921686557482
49241|0x6d3cb287e9|23|1857987900504
49241|0xed3cb287e9|24|3892215781672
49243|0x6fd3|1|400040
49243|0x26fd3|2|870027
49243|0x66fd3|3|1522481
49243|0xe6fd3|4|2645563
49243|0xe6fd3|5|5253530
49243|0xe6fd3|6|13609345
49243|0xe6fd3|7|30684060
49243|0xe6fd3|8|48437965
49243|0x10e6fd3|9|111647880
49243|0x10e6fd3|10|223514881
49243|0x50e6fd3|11|458571884
49243|0x50e6fd3|12|888718510
49243|0x50e6fd3|13|1691272206
49243|0x250e6fd3|14|3669365532
49243|0x250e6fd3|15|7816412732
49243|0x250e6fd3|16|14187767110
49243|0x250e6fd3|17|27297740874
49243|0x250e6fd3|18|56721810952
49243|0x250e6fd3|19|114469236197
49243|0x8250e6fd3|20|233783239577
49243|0x18250e6fd3|21|476851372030
49243|0x38250e6fd3|22|968220602496
49243|0x78250e6fd3|23|1894669552284
49243|0xf8250e6fd3|24|3782874423576
49245|0x113f5|1|672775
49245|0x113f5|2|1465128
49245|0x513f5|3|3121375
49245|0x513f5|4|6317807
49245|0x1513f5|5|12785811
49245|0x3513f5|6|25635118
49245|0x7513f5|7|51180529
49245|0xf513f5|8|103080361
49245|0xf513f5|9|206275961
49245|0xf513f5|10|412833333
49245|0xf513f5|11|824315447
49245|0x8f513f5|12|1644873329
49245|0x18f513f5|13|3292439328
49245|0x38f513f5|14|6584155359
49245|0x38f513f5|15|11814621194
49245|0xb8f513f5|16|15545532789
49245|0x1b8f513f5|17|27305777949
49245|0x1b8f513f5|18|54376046660
49245|0x1b8f513f5|19|113448769762
49245|0x9b8f513f5|20|228733672632
49245|0x9b8f513f5|21|461195835131
49245|0x9b8f513f5|22|1023949835269
49245|0x49b8f513f5|23|1903489051561
49245|0xc9b8f513f5|24|3857780998825
49247|0x19b9f|1|418502
49247|0x19b9f|2|839768
49247|0x19b9f|3|1731154
49247|0x19b9f|4|3850242
49247|0x119b9f|5|7610317
49247|0x119b9f|6|11294534
49247|0x519b9f|7|27460077
49247|0x519b9f|8|53030745
49247|0x1519b9f|9|107488215
49247|0x3519b9f|10|212984319
49247|0x3519b9f|11|432676649
49247|0x3519b9f|12|833779311
49247|0x13519b9f|13|1745773866
49247|0x33519b9f|14|3701680021
49247|0x73519b9f|15|6557595184
49247|0x73519b9f|16|15539622051
49247|0x73519b9f|17|31502125760
49247|0x73519b9f|18|61514414696
49247|0x73519b9f|19|156940937050
49247|0x873519b9f|20|224545257905
49247|0x873519b9f|21|478204623282
49247|0x2873519b9f|22|947142095616
49247|0x2873519b9f|23|1981670567442
49247|0xa873519b9f|24|3849282385405
49249|0x1e3a1|1|420768
49249|0x1e3a1|2|901894
49249|0x1e3a1|3|1792365
49249|0x1e3a1|4|3721753
49249|0x11e3a1|5|7475857
49249|0x11e3a1|6|15203069
49249|0x11e3a1|7|30626818
49249|0x91e3a1|8|55431319
49249|0x91e3a1|9|119572947
49249|0x291e3a1|10|207791681
49249|0x691e3a1|11|451897948
49249|0xe91e3a1|12|961611522
49249|0x1e91e3a1|13|1889633496
49249|0x1e91e3a1|14|3420471731
49249|0x1e91e3a1|15|6772127008
49249|0x1e91e3a1|16|14097957477
49249|0x11e91e3a1|17|25790872383
49249|0x31e91e3a1|18|62232747456
49249|0x71e91e3a1|19|207684550529
49249|0x71e91e3a1|20|381778687193
49249|0x71e91e3a1|21|556415200652
49249|0x271e91e3a1|22|1295619494262
49249|0x671e91e3a1|23|2041902296344
49249|0x671e91e3a1|24|3783454933174
49251|0x1c14b|1|395535
49251|0x3c14b|2|791668
49251|0x7c14b|3|1744665
49251|0xfc14b|4|3757548
49251|0x1fc14b|5|5701127
49251|0x1fc14b|6|10526574
49251|0x5fc14b|7|29950877
49251|0x5fc14b|8|54144700
49251|0x5fc14b|9|111695182
49251|0x25fc14b|10|216408153
49251|0x65fc14b|11|410771751
49251|0xe5fc14b|12|963870373
49251|0xe5fc14b|13|1959485485
49251|0x2e5fc14b|14|3942207053
49251|0x6e5fc14b|15|7790014721
49251|0xee5fc14b|16|15293361426
49251|0xee5fc14b|17|28129789211
49251|0xee5fc14b|18|61046839975
49251|0x4ee5fc14b|19|118788064138
49251|0x4ee5fc14b|20|229657559797
49251|0x14ee5fc14b|21|478270630104
49251|0x34ee5fc14b|22|928647249880
49251|0x74ee5fc14b|23|1869254808275
49251|0x74ee5fc14b|24|3834492941663
49253|0x1f16d|1|376840
49253|0x3f16d|2|841816
49253|0x3f16d|3|1724538
49253|0x3f16d|4|3836389
49253|0x3f16d|5|5865939
49253|0x23f16d|6|10546702
49253|0x63f16d|7|29718971
49253|0xe3f16d|8|61127035
49253|0x1e3f16d|9|113397367
49253|0x1e3f16d|10|202909685
49253|0x5e3f16d|11|446054503
49253|0xde3f16d|12|981851727
49253|0x1de3f16d|13|1960856467
49253|0x1de3f16d|14|3778447539
49253|0x5de3f16d|15|6934664180
49253|0x5de3f16d|16|14276288315
49253|0x5de3f16d|17|28473496771
49253|0x5de3f16d|18|56214810500
49253|0x5de3f16d|19|117614696925
49253|0x5de3f16d|20|226805021500
49253|0x105de3f16d|21|474365815240
49253|0x305de3f16d|22|979464903450
49253|0x305de3f16d|23|1847860722930
49253|0xb05de3f16d|24|3730395613189
49255|0x5b57|1|414986
49255|0x25b57|2|914866
49255|0x65b57|3|1702810
49255|0x65b57|4|3806274
49255|0x165b57|5|7450473
49255|0x165b57|6|15194129
49255|0x165b57|7|30475002
49255|0x965b57|8|61404062
49255|0x1965b57|9|121290212
49255|0x1965b57|10|244372465
49255|0x1965b57|11|488394317
49255|0x9965b57|12|976961107
49255|0x9965b57|13|1904878273
49255|0x29965b57|14|3451529316
49255|0x29965b57|15|6573282049
49255|0xa9965b57|16|13509799496
49255|0x1a9965b57|17|26731683309
49255|0x1a9965b57|18|58352809280
49255|0x5a9965b57|19|119106075314
49255|0xda9965b57|20|230609651599
49255|0x1da9965b57|21|460543629489
49255|0x3da9965b57|22|921232807720
49255|0x3da9965b57|23|1855874925455
49255|0x3da9965b57|24|3897053265075
49257|0xcfd9|1|414080
49257|0xcfd9|2|2035001
49257|0xcfd9|3|1732075
49257|0x8cfd9|4|3862865
49257|0x8cfd9|5|7552459
49257|0x8cfd9|6|15298166
49257|0x8cfd9|7|30925317
49257|0x88cfd9|8|61982253
49257|0x88cfd9|9|123003986
49257|0x88cfd9|10|247678089
49257|0x488cfd9|11|495322885
49257|0xc88cfd9|12|988237610
49257|0xc88cfd9|13|1968276694
49257|0xc88cfd9|14|3948968873
49257|0x4c88cfd9|15|6836723432
49257|0x4c88cfd9|16|13125791873
49257|0x4c88cfd9|17|30723053520
49257|0x24c88cfd9|18|61297941317
49257|0x24c88cfd9|19|119491116129
49257|0xa4c88cfd9|20|235118922003
49257|0xa4c88cfd9|21|461846069013
49257|0x2a4c88cfd9|22|1019895670179
49257|0x6a4c88cfd9|23|1868218520345
49257|0x6a4c88cfd9|24|4005406416456
49259|0x1ec43|1|399323
49259|0x1ec43|2|831449
49259|0x1ec43|3|1715396
49259|0x1ec43|4|3835721
49259|0x1ec43|5|7633394
49259|0x1ec43|6|14676183
49259|0x1ec43|7|24303144
49259|0x1ec43|8|52469578
49259|0x1ec43|9|106280816
49259|0x201ec43|10|221668693
49259|0x201ec43|11|437220994
49259|0xa01ec43|12|868774039
49259|0xa01ec43|13|1649139262
49259|0x2a01ec43|14|3270141732
49259|0x2a01ec43|15|9499095890
49259|0x2a01ec43|16|19167463855
49259|0x12a01ec43|17|27849613748
49259|0x32a01ec43|18|64491463345
49259|0x72a01ec43|19|130119452680
49259|0x72a01ec43|20|302830752101
49259|0x72a01ec43|21|457030395077
49259|0x72a01ec43|22|982884961649
49259|0x72a01ec43|23|1880363755573
49259|0x872a01ec43|24|4660949905314
49261|0x14965|1|424744
49261|0x14965|2|908875
49261|0x14965|3|2165216
49261|0x94965|4|4433628
49261|0x94965|5|12777555
49261|0x94965|6|25668029
49261|0x94965|7|41333052
49261|0x94965|8|80205608
49261|0x1094965|9|177524355
49261|0x1094965|10|378979236
49261|0x1094965|11|727870522
49261|0x9094965|12|1414438198
49261|0x19094965|13|2821890960
49261|0x39094965|14|4964060966
49261|0x79094965|15|10729363673
49261|0xf9094965|16|18690784390
49261|0x1f9094965|17|37557243057
49261|0x3f9094965|18|71929227626
49261|0x3f9094965|19|151442603305
49261|0xbf9094965|20|289080252859
49261|0xbf9094965|21|608369300257
49261|0x2bf9094965|22|1097148030120
49261|0x2bf9094965|23|2077255029758
49261|0xabf9094965|24|4615733503150
49263|0x9e8f|1|413983
49263|0x9e8f|2|901644
49263|0x9e8f|3|1847820
49263|0x9e8f|4|3695384
49263|0x109e8f|5|7519735
49263|0x309e8f|6|15253256
49263|0x309e8f|7|30439941
49263|0x309e8f|8|60744576
49263|0x309e8f|9|121715522
49263|0x309e8f|10|243500664
49263|0x4309e8f|11|486841098
49263|0xc309e8f|12|980221472
49263|0xc309e8f|13|1957962573
49263|0xc309e8f|14|3920908066
49263|0x4c309e8f|15|7787809388
49263|0xcc309e8f|16|15590220314
49263|0x1cc309e8f|17|30599682187
49263|0x1cc309e8f|18|63685578941
49263|0x5cc309e8f|19|159572706332
49263|0xdcc309e8f|20|283592220637
49263|0xdcc309e8f|21|593823306989
49263|0x2dcc309e8f|22|1157788895796
49263|0x2dcc309e8f|23|1997350273530
49263|0x2dcc309e8f|24|3925463216106
49265|0x10091|1|402100
49265|0x30091|2|2030879
49265|0x30091|3|1810082
49265|0x30091|4|3795722
49265|0x30091|5|7540835
49265|0x30091|6|15334159
49265|0x430091|7|30697289
49265|0x430091|8|61280730
49265|0x430091|9|122833056
49265|0x2430091|10|246335583
49265|0x2430091|11|437358009
49265|0x2430091|12|887364451
49265|0x2430091|13|1949173319
49265|0x2430091|14|3657080069
49265|0x42430091|15|7157090803
49265|0xc2430091|16|13810222202
49265|0xc2430091|17|30110957276
49265|0xc2430091|18|62353481220
49265|0xc2430091|19|123173014853
49265|0x8c2430091|20|238182064514
49265|0x18c2430091|21|476370029086
49265|0x38c2430091|22|938974224433
49265|0x78c2430091|23|1903283378589
49265|0x78c2430091|24|3758014789381
49267|0x1e4bb|1|399428
49267|0x3e4bb|2|883465
49267|0x7e4bb|3|1698405
49267|0xfe4bb|4|3811259
49267|0x1fe4bb|5|7404812
49267|0x3fe4bb|6|13496146
49267|0x7fe4bb|7|27157069
49267|0x7fe4bb|8|56216091
49267|0x17fe4bb|9|116180960
49267|0x17fe4bb|10|214552951
49267|0x17fe4bb|11|446573479
49267|0x97fe4bb|12|847295830
49267|0x197fe4bb|13|1725570629
49267|0x397fe4bb|14|3399692738
49267|0x797fe4bb|15|7676392811
49267|0xf97fe4bb|16|13720655509
49267|0xf97fe4bb|17|28848875059
49267|0xf97fe4bb|18|56787263967
49267|0xf97fe4bb|19|110802202975
49267|0xf97fe4bb|20|221527028320
49267|0x10f97fe4bb|21|460625167217
49267|0x10f97fe4bb|22|918566903758
49267|0x50f97fe4bb|23|1906034411701
49267|0xd0f97fe4bb|24|3831208022196
49269|0x10fdd|1|352265
49269|0x30fdd|2|793786
49269|0x70fdd|3|1936747
49269|0x70fdd|4|3604900
49269|0x70fdd|5|7712226
49269|0x270fdd|6|15124116
49269|0x670fdd|7|24496701
49269|0x670fdd|8|59233957
49269|0x1670fdd|9|117388756
49269|0x1670fdd|10|226205543
49269|0x1670fdd|11|428892195
49269|0x1670fdd|12|880479234
49269|0x11670fdd|13|1734542813
49269|0x11670fdd|14|3813065856
49269|0x51670fdd|15|7714339980
49269|0xd1670fdd|16|13310089891
49269|0x1d1670fdd|17|27763084151
49269|0x3d1670fdd|18|56538387058
49269|0x7d1670fdd|19|127803797947
49269|0x7d1670fdd|20|269049807569
49269|0x7d1670fdd|21|475630889336
49269|0x27d1670fdd|22|952306272542
49269|0x67d1670fdd|23|1847942002150
49269|0xe7d1670fdd|24|3884395409096
49271|0x11947|1|251420
49271|0x11947|2|526116
49271|0x11947|3|1298235
49271|0x91947|4|2689522
49271|0x191947|5|7478319
49271|0x391947|6|15266211
49271|0x391947|7|27603406
49271|0xb91947|8|58628234
49271|0x1b91947|9|109633245
49271|0x1b91947|10|208850390
49271|0x1b91947|11|436023143
49271|0x1b91947|12|881462630
49271|0x1b91947|13|1948707926
49271|0x21b91947|14|3283510388
49271|0x21b91947|15|7084705173
49271|0xa1b91947|16|15764331982
49271|0xa1b91947|17|26196488140
49271|0x2a1b91947|18|67452463350
49271|0x6a1b91947|19|125637182672
49271|0x6a1b91947|20|289706741490
49271|0x6a1b91947|21|466322334587
49271|0x26a1b91947|22|935513865489
49271|0x66a1b91947|23|1859208622809
49271|0x66a1b91947|24|3600113493961
49273|0x1a9c9|1|363826
49273|0x1a9c9|2|793784
49273|0x1a9c9|3|1716739
49273|0x1a9c9|4|3558935
49273|0x1a9c9|5|5227183
49273|0x21a9c9|6|12385170
49273|0x61a9c9|7|26284293
49273|0xe1a9c9|8|46437761
49273|0xe1a9c9|9|97271405
49273|0x2e1a9c9|10|207300726
49273|0x6e1a9c9|11|484207455
49273|0x6e1a9c9|12|977452282
49273|0x6e1a9c9|13|1769729525
49273|0x6e1a9c9|14|3249449975
49273|0x6e1a9c9|15|6201481042
49273|0x86e1a9c9|16|13668810302
49273|0x186e1a9c9|17|27507364714
49273|0x386e1a9c9|18|55900252677
49273|0x786e1a9c9|19|114545457759
49273|0xf86e1a9c9|20|228766343354
49273|0xf86e1a9c9|21|463185641717
49273|0xf86e1a9c9|22|992908674764
49273|0xf86e1a9c9|23|2273057147287
49273|0x8f86e1a9c9|24|3944815366654
49275|0x11eb3|1|724683
49275|0x11eb3|2|2473482
49275|0x11eb3|3|3120814
49275|0x11eb3|4|6302319
49275|0x111eb3|5|12800750
49275|0x111eb3|6|25749963
49275|0x511eb3|7|44408657
49275|0x511eb3|8|58865691
49275|0x511eb3|9|157007758
49275|0x2511eb3|10|313507273
49275|0x6511eb3|11|579719950
49275|0x6511eb3|12|1240398145
49275|0x6511eb3|13|1558373188
49275|0x26511eb3|14|3622677868
49275|0x66511eb3|15|6296208847
49275|0x66511eb3|16|14499214236
49275|0x66511eb3|17|36333225779
49275|0x266511eb3|18|59281394778
49275|0x666511eb3|19|114178344083
49275|0x666511eb3|20|236283697158
49275|0x1666511eb3|21|503662312369
49275|0x1666511eb3|22|936608411278
49275|0x1666511eb3|23|1865722251195
49275|0x9666511eb3|24|3781358205135
49277|0xb8d5|1|351461
49277|0x2b8d5|2|793752
49277|0x6b8d5|3|1756799
49277|0xeb8d5|4|3783870
49277|0x1eb8d5|5|7516924
49277|0x3eb8d5|6|15300768
49277|0x7eb8d5|7|30635445
49277|0xfeb8d5|8|51676603
49277|0x1feb8d5|9|106318046
49277|0x1feb8d5|10|210056895
49277|0x5feb8d5|11|417252100
49277|0xdfeb8d5|12|810429751
49277|0xdfeb8d5|13|1754800315
49277|0x2dfeb8d5|14|3795361441
49277|0x2dfeb8d5|15|5856998786
49277|0xadfeb8d5|16|17982823337
49277|0xadfeb8d5|17|25669539970
49277|0xadfeb8d5|18|56935639960
49277|0x4adfeb8d5|19|102428988900
49277|0xcadfeb8d5|20|260891776054
49277|0x1cadfeb8d5|21|488502284654
49277|0x1cadfeb8d5|22|842304669365
49277|0x1cadfeb8d5|23|1972332590478
49277|0x9cadfeb8d5|24|3757678040409
49279|0xff7f|1|225837
49279|0x2ff7f|2|510496
49279|0x6ff7f|3|1225385
49279|0xeff7f|4|2579237
49279|0x1eff7f|5|7027825
49279|0x1eff7f|6|14850610
49279|0x1eff7f|7|28276329
49279|0x1eff7f|8|44510320
49279|0x11eff7f|9|96510430
49279|0x31eff7f|10|186857801
49279|0x71eff7f|11|364966910
49279|0xf1eff7f|12|798290091
49279|0xf1eff7f|13|1902891987
49279|0xf1eff7f|14|3101623369
49279|0x4f1eff7f|15|6335051885
49279|0xcf1eff7f|16|11886782044
49279|0xcf1eff7f|17|24646734344
49279|0x2cf1eff7f|18|52845837145
49279|0x6cf1eff7f|19|114745824466
49279|0xecf1eff7f|20|225992952524
49279|0x1ecf1eff7f|21|465488747031
49279|0x3ecf1eff7f|22|1003616193866
49279|0x3ecf1eff7f|23|2359778754849
49279|0xbecf1eff7f|24|4592721964698
49281|0x17f81|1|403724
49281|0x37f81|2|897793
49281|0x77f81|3|1714396
49281|0xf7f81|4|3842862
49281|0x1f7f81|5|7494770
49281|0x1f7f81|6|14944358
49281|0x1f7f81|7|25818780
49281|0x9f7f81|8|53926254
49281|0x9f7f81|9|108837674
49281|0x9f7f81|10|215879917
49281|0x9f7f81|11|435143666
49281|0x9f7f81|12|866159996
49281|0x109f7f81|13|1615962276
49281|0x109f7f81|14|3323040997
49281|0x109f7f81|15|6714619329
49281|0x109f7f81|16|19816295579
49281|0x109f7f81|17|39368392356
49281|0x109f7f81|18|67351013800
49281|0x109f7f81|19|145268658956
49281|0x109f7f81|20|280446446491
49281|0x109f7f81|21|517651111969
49281|0x109f7f81|22|1115013198470
49281|0x109f7f81|23|2230116692499
49281|0x80109f7f81|24|4658406757756
49283|0x18e2b|1|646253
49283|0x18e2b|2|3207048
49283|0x58e2b|3|3081432
49283|0xd8e2b|4|6377911
49283|0x1d8e2b|5|12738882
49283|0x1d8e2b|6|25464954
49283|0x5d8e2b|7|34038004
49283|0xdd8e2b|8|61438786
49283|0xdd8e2b|9|161000141
49283|0xdd8e2b|10|298701143
49283|0x4dd8e2b|11|580211253
49283|0xcdd8e2b|12|1016769175
49283|0xcdd8e2b|13|1607814571
49283|0xcdd8e2b|14|3309792488
49283|0x4cdd8e2b|15|6749989408
49283|0xccdd8e2b|16|14638698722
49283|0x1ccdd8e2b|17|28919100385
49283|0x3ccdd8e2b|18|58761728945
49283|0x3ccdd8e2b|19|144890908611
49283|0xbccdd8e2b|20|292900098150
49283|0x1bccdd8e2b|21|553879467509
49283|0x3bccdd8e2b|22|1012049769193
49283|0x7bccdd8e2b|23|1922897419632
49283|0x7bccdd8e2b|24|4157158701525
49285|0x1384d|1|364098
49285|0x1384d|2|794204
49285|0x5384d|3|1698607
49285|0x5384d|4|3518736
49285|0x15384d|5|7359673
49285|0x15384d|6|14516090
49285|0x55384d|7|29109702
49285|0xd5384d|8|58033646
49285|0x1d5384d|9|199126993
49285|0x3d5384d|10|299256363
49285|0x3d5384d|11|594236590
49285|0xbd5384d|12|1248903116
49285|0x1bd5384d|13|2413685937
49285|0x3bd5384d|14|5342044197
49285|0x3bd5384d|15|6594056771
49285|0x3bd5384d|16|15763110611
49285|0x13bd5384d|17|33043786987
49285|0x13bd5384d|18|68395402688
49285|0x53bd5384d|19|121805391030
49285|0xd3bd5384d|20|244293923526
49285|0xd3bd5384d|21|475324538926
49285|0xd3bd5384d|22|974907994033
49285|0x4d3bd5384d|23|1875809394837
49285|0x4d3bd5384d|24|3793610105270
49287|0x537|1|399176
49287|0x537|2|903713
49287|0x40537|3|1667445
49287|0xc0537|4|2652327
49287|0xc0537|5|5266762
49287|0xc0537|6|10458982
49287|0x4c0537|7|25825099
49287|0x4c0537|8|51890277
49287|0x4c0537|9|110226285
49287|0x4c0537|10|205317093
49287|0x44c0537|11|425901634
49287|0xc4c0537|12|845821231
49287|0xc4c0537|13|1652536604
49287|0xc4c0537|14|3724227095
49287|0xc4c0537|15|7245667942
49287|0x8c4c0537|16|14397932707
49287|0x18c4c0537|17|27865933374
49287|0x38c4c0537|18|55772685452
49287|0x38c4c0537|19|120755037363
49287|0xb8c4c0537|20|233615225329
49287|0x1b8c4c0537|21|474562744939
49287|0x1b8c4c0537|22|923028650276
49287|0x5b8c4c0537|23|1903180589326
49287|0xdb8c4c0537|24|3858061590567
49289|0xb5b9|1|399631
49289|0xb5b9|2|1874154
49289|0x4b5b9|3|1779372
49289|0x4b5b9|4|3738123
49289|0x14b5b9|5|7586765
49289|0x34b5b9|6|15130943
49289|0x34b5b9|7|30658554
49289|0xb4b5b9|8|61539105
49289|0x1b4b5b9|9|122169511
49289|0x3b4b5b9|10|245851917
49289|0x7b4b5b9|11|469595398
49289|0xfb4b5b9|12|947608519
49289|0x1fb4b5b9|13|1655367982
49289|0x1fb4b5b9|14|3879494752
49289|0x1fb4b5b9|15|7138949929
49289|0x9fb4b5b9|16|14224502928
49289|0x19fb4b5b9|17|32580926855
49289|0x39fb4b5b9|18|57278735212
49289|0x39fb4b5b9|19|118337023643
49289|0xb9fb4b5b9|20|231754248676
49289|0xb9fb4b5b9|21|525272060335
49289|0xb9fb4b5b9|22|910793426659
49289|0xb9fb4b5b9|23|1848008783147
49289|0xb9fb4b5b9|24|3708092842477
49291|0x1a723|1|375090
49291|0x1a723|2|806299
49291|0x1a723|3|1899074
49291|0x1a723|4|3624016
49291|0x1a723|5|7771796
49291|0x1a723|6|15337648
49291|0x41a723|7|30537540
49291|0x41a723|8|61054612
49291|0x141a723|9|122711124
49291|0x141a723|10|246234148
49291|0x541a723|11|484271085
49291|0xd41a723|12|958618833
49291|0x1d41a723|13|1912725503
49291|0x3d41a723|14|3767341009
49291|0x3d41a723|15|7378782008
49291|0xbd41a723|16|13360337816
49291|0xbd41a723|17|27738709839
49291|0xbd41a723|18|56804370121
49291|0xbd41a723|19|113360261473
49291|0x8bd41a723|20|234139338862
49291|0x18bd41a723|21|461609146513
49291|0x38bd41a723|22|919190673035
49291|0x78bd41a723|23|1927887676239
49291|0xf8bd41a723|24|4435008857992
49293|0x10245|1|351868
49293|0x30245|2|793728
49293|0x70245|3|1855811
49293|0x70245|4|3732398
49293|0x170245|5|7850559
49293|0x370245|6|15488177
49293|0x370245|7|30994649
49293|0x370245|8|53090379
49293|0x370245|9|106733487
49293|0x370245|10|228493602
49293|0x370245|11|440709141
49293|0x370245|12|1109142577
49293|0x370245|13|2483684596
49293|0x20370245|14|5429793281
49293|0x20370245|15|9109603347
49293|0x20370245|16|17099218901
49293|0x120370245|17|32129800947
49293|0x120370245|18|58453453561
49293|0x120370245|19|143386122180
49293|0x920370245|20|278483325791
49293|0x1920370245|21|579126486712
49293|0x1920370245|22|985844766025
49293|0x1920370245|23|2263033870977
49293|0x1920370245|24|4492332312521
49295|0x5e6f|1|677418
49295|0x5e6f|2|1417879
49295|0x5e6f|3|3071728
49295|0x85e6f|4|6270039
49295|0x85e6f|5|12696348
49295|0x85e6f|6|25473397
49295|0x85e6f|7|51191634
49295|0x885e6f|8|102449233
49295|0x1885e6f|9|206345933
49295|0x3885e6f|10|411157418
49295|0x3885e6f|11|685939677
49295|0x3885e6f|12|1192647527
49295|0x3885e6f|13|2619534304
49295|0x3885e6f|14|5170376155
49295|0x43885e6f|15|10511101038
49295|0x43885e6f|16|16165686305
49295|0x43885e6f|17|28620010204
49295|0x43885e6f|18|57166431833
49295|0x443885e6f|19|113440788043
49295|0xc43885e6f|20|239311667103
49295|0xc43885e6f|21|463367433242
49295|0xc43885e6f|22|899713559775
49295|0xc43885e6f|23|1845689266954
49295|0x8c43885e6f|24|4162567115342
49297|0x10071|1|278954
49297|0x30071|2|580006
49297|0x30071|3|1377476
49297|0xb0071|4|2494784
49297|0x1b0071|5|5299654
49297|0x3b0071|6|10626741
49297|0x7b0071|7|23721300
49297|0x7b0071|8|46245393
49297|0x7b0071|9|92345289
49297|0x27b0071|10|207806603
49297|0x27b0071|11|381642264
49297|0xa7b0071|12|732433810
49297|0x1a7b0071|13|1381491152
49297|0x1a7b0071|14|2871723571
49297|0x5a7b0071|15|5695084698
49297|0xda7b0071|16|13674122858
49297|0xda7b0071|17|37551068323
49297|0xda7b0071|18|72386716873
49297|0xda7b0071|19|113552379141
49297|0x8da7b0071|20|236449811306
49297|0x8da7b0071|21|504786309541
49297|0x28da7b0071|22|1125947281452
49297|0x28da7b0071|23|2310608499811
49297|0x28da7b0071|24|3886374019918
49299|0x5d9b|1|363905
49299|0x25d9b|2|2027590
49299|0x25d9b|3|1853668
49299|0x25d9b|4|3819160
49299|0x125d9b|5|7459890
49299|0x125d9b|6|15221309
49299|0x525d9b|7|30577988
49299|0xd25d9b|8|60860213
49299|0x1d25d9b|9|123120549
49299|0x3d25d9b|10|242638268
49299|0x3d25d9b|11|492360006
49299|0xbd25d9b|12|980169916
49299|0x1bd25d9b|13|1959145377
49299|0x1bd25d9b|14|3939644442
49299|0x5bd25d9b|15|6828441242
49299|0xdbd25d9b|16|13177725743
49299|0xdbd25d9b|17|28681842842
49299|0xdbd25d9b|18|56109765350
49299|0x4dbd25d9b|19|120335543371
49299|0xcdbd25d9b|20|246995186033
49299|0xcdbd25d9b|21|490449459646
49299|0xcdbd25d9b|22|922866118379
49299|0x4cdbd25d9b|23|1914548659813
49299|0x4cdbd25d9b|24|3739497189965
49301|0xabd|1|389425
49301|0xabd|2|931662
49301|0x40abd|3|1959577
49301|0xc0abd|4|3766640
49301|0x1c0abd|5|7620923
49301|0x3c0abd|6|15340387
49301|0x3c0abd|7|30649868
49301|0x3c0abd|8|61175599
49301|0x13c0abd|9|122935077
49301|0x13c0abd|10|246025062
49301|0x13c0abd|11|473150843
49301|0x13c0abd|12|1064020439
49301|0x13c0abd|13|2959652433
49301|0x13c0abd|14|4072570183
49301|0x413c0abd|15|10713254229
49301|0x413c0abd|16|19887607770
49301|0x1413c0abd|17|42121312397
49301|0x1413c0abd|18|86169236723
49301|0x1413c0abd|19|141188200862
49301|0x9413c0abd|20|352456999690
49301|0x19413c0abd|21|578320666564
49301|0x39413c0abd|22|943315251467
49301|0x79413c0abd|23|1973161488828
49301|0xf9413c0abd|24|4474960296621
49303|0xbf27|1|492923
49303|0x2bf27|2|902390
49303|0x6bf27|3|1745026
49303|0xebf27|4|3857082
49303|0x1ebf27|5|7513099
49303|0x1ebf27|6|15293794
49303|0x1ebf27|7|30756914
49303|0x9ebf27|8|61840642
49303|0x19ebf27|9|123727134
49303|0x19ebf27|10|247568294
49303|0x59ebf27|11|494982849
49303|0x59ebf27|12|990179793
49303|0x59ebf27|13|1971682705
49303|0x259ebf27|14|5434167163
49303|0x659ebf27|15|11065300738
49303|0x659ebf27|16|17824987082
49303|0x1659ebf27|17|33496756625
49303|0x3659ebf27|18|61745682602
49303|0x3659ebf27|19|122204872847
49303|0xb659ebf27|20|311623251401
49303|0x1b659ebf27|21|497221164000
49303|0x3b659ebf27|22|1121279336631
49303|0x7b659ebf27|23|2158245929387
49303|0x7b659ebf27|24|4394567958484
49305|0x193a9|1|398406
49305|0x193a9|2|902267
49305|0x193a9|3|1855464
49305|0x193a9|4|3807105
49305|0x1193a9|5|7504675
49305|0x1193a9|6|15339849
49305|0x5193a9|7|30546092
49305|0xd193a9|8|61184305
49305|0xd193a9|9|123003447
49305|0xd193a9|10|248401549
49305|0x4d193a9|11|582269329
49305|0x4d193a9|12|1210063123
49305|0x14d193a9|13|2441385273
49305|0x34d193a9|14|5063080460
49305|0x74d193a9|15|9671215098
49305|0x74d193a9|16|20192401448
49305|0x174d193a9|17|44863715077
49305|0x174d193a9|18|72552381915
49305|0x574d193a9|19|139075192093
49305|0x574d193a9|20|292134518408
49305|0x574d193a9|21|489636246664
49305|0x2574d193a9|22|1005521914910
49305|0x2574d193a9|23|2165306788668
49305|0x2574d193a9|24|4634206161095
49307|0x12593|1|459468
49307|0x12593|2|1787784
49307|0x12593|3|1746335
49307|0x12593|4|3526147
49307|0x12593|5|7144201
49307|0x212593|6|19579781
49307|0x612593|7|51190736
49307|0x612593|8|70353424
49307|0x1612593|9|155653468
49307|0x3612593|10|288152944
49307|0x3612593|11|609881631
49307|0xb612593|12|1170610973
49307|0xb612593|13|2367213094
49307|0xb612593|14|4740122522
49307|0x4b612593|15|10628319303
49307|0xcb612593|16|21498811153
49307|0xcb612593|17|38821619749
49307|0xcb612593|18|63359071179
49307|0x4cb612593|19|137097519087
49307|0x4cb612593|20|288246191796
49307|0x14cb612593|21|526930668034
49307|0x34cb612593|22|1118380692312
49307|0x34cb612593|23|2159697949292
49307|0xb4cb612593|24|4352676959464
49309|0x1c5b5|1|299732
49309|0x3c5b5|2|510522
49309|0x3c5b5|3|1240168
49309|0xbc5b5|4|2684162
49309|0xbc5b5|5|5186176
49309|0xbc5b5|6|13527019
49309|0xbc5b5|7|23136887
49309|0x8bc5b5|8|58117819
49309|0x8bc5b5|9|103173192
49309|0x28bc5b5|10|254051463
49309|0x68bc5b5|11|574056057
49309|0xe8bc5b5|12|1253421611
49309|0xe8bc5b5|13|1592950596
49309|0xe8bc5b5|14|2956364125
49309|0x4e8bc5b5|15|8184831387
49309|0x4e8bc5b5|16|15988990237
49309|0x14e8bc5b5|17|37806648945
49309|0x34e8bc5b5|18|62037588600
49309|0x34e8bc5b5|19|138375389260
49309|0x34e8bc5b5|20|246322297837
49309|0x134e8bc5b5|21|566252062082
49309|0x134e8bc5b5|22|1099189574743
49309|0x534e8bc5b5|23|2019419873691
49309|0x534e8bc5b5|24|4812886400450
49311|0x5b5f|1|627673
49311|0x5b5f|2|3237867
49311|0x5b5f|3|3082019
49311|0x5b5f|4|6230779
49311|0x5b5f|5|12759986
49311|0x5b5f|6|25643895
49311|0x405b5f|7|37541345
49311|0xc05b5f|8|80072316
49311|0xc05b5f|9|172545442
49311|0xc05b5f|10|321229418
49311|0x4c05b5f|11|726723198
49311|0xcc05b5f|12|1455238322
49311|0x1cc05b5f|13|2681574943
49311|0x3cc05b5f|14|5613346886
49311|0x3cc05b5f|15|11150713472
49311|0x3cc05b5f|16|15893673982
49311|0x3cc05b5f|17|40234022191
49311|0x23cc05b5f|18|71952841260
49311|0x63cc05b5f|19|170270090090
49311|0x63cc05b5f|20|307220958446
49311|0x163cc05b5f|21|556896707226
49311|0x363cc05b5f|22|1169032215176
49311|0x763cc05b5f|23|2107818995280
49311|0x763cc05b5f|24|4045909351794
49313|0x12361|1|371271
49313|0x12361|2|819788
49313|0x12361|3|1869227
49313|0x12361|4|3812169
49313|0x12361|5|7801913
49313|0x12361|6|15383065
49313|0x412361|7|30819986
49313|0xc12361|8|62020351
49313|0xc12361|9|123583349
49313|0xc12361|10|248611526
49313|0x4c12361|11|494290406
49313|0xcc12361|12|991718598
49313|0xcc12361|13|1989948617
49313|0x2cc12361|14|3959240988
49313|0x2cc12361|15|7928641151
49313|0x2cc12361|16|15801557100
49313|0x12cc12361|17|31086898824
49313|0x32cc12361|18|61111768462
49313|0x32cc12361|19|121999554489
49313|0x32cc12361|20|238029848786
49313|0x132cc12361|21|476630441124
49313|0x332cc12361|22|972917570819
49313|0x732cc12361|23|1933475383710
49313|0x732cc12361|24|4487755764636
49315|0x1f30b|1|642298
49315|0x3f30b|2|1474563
49315|0x7f30b|3|3132328
49315|0xff30b|4|6554102
49315|0x1ff30b|5|12798451
49315|0x3ff30b|6|25730047
49315|0x3ff30b|7|42216966
49315|0x3ff30b|8|106800043
49315|0x13ff30b|9|132840200
49315|0x33ff30b|10|203248085
49315|0x33ff30b|11|419192343
49315|0xb3ff30b|12|719521777
49315|0xb3ff30b|13|2243604986
49315|0x2b3ff30b|14|4641363626
49315|0x2b3ff30b|15|10800140739
49315|0xab3ff30b|16|15115465609
49315|0x1ab3ff30b|17|39007839505
49315|0x1ab3ff30b|18|59065419000
49315|0x1ab3ff30b|19|143344826872
49315|0x1ab3ff30b|20|256309792381
49315|0x1ab3ff30b|21|673538407583
49315|0x1ab3ff30b|22|1286504008206
49315|0x1ab3ff30b|23|1982491602070
49315|0x81ab3ff30b|24|4009618712787
49317|0x1272d|1|273142
49317|0x1272d|2|598667
49317|0x1272d|3|1247220
49317|0x1272d|4|2438229
49317|0x1272d|5|5223357
49317|0x21272d|6|10435773
49317|0x61272d|7|29639870
49317|0x61272d|8|50681250
49317|0x61272d|9|96999609
49317|0x61272d|10|191677196
49317|0x461272d|11|342221845
49317|0x461272d|12|781199478
49317|0x1461272d|13|1430181754
49317|0x1461272d|14|3128840075
49317|0x1461272d|15|7236229387
49317|0x1461272d|16|15157836038
49317|0x1461272d|17|29870725602
49317|0x21461272d|18|58882341395
49317|0x21461272d|19|157607445061
49317|0x21461272d|20|376329501895
49317|0x21461272d|21|573104280245
49317|0x221461272d|22|1361628362208
49317|0x621461272d|23|2464892965956
49317|0xe21461272d|24|4208749243898
49319|0xe717|1|351804
49319|0xe717|2|1877881
49319|0xe717|3|3015576
49319|0x8e717|4|5449994
49319|0x8e717|5|7143577
49319|0x28e717|6|14593015
49319|0x28e717|7|41289096
49319|0x28e717|8|73347493
49319|0x28e717|9|120774935
49319|0x28e717|10|305359346
49319|0x28e717|11|668157704
49319|0x828e717|12|1334067674
49319|0x828e717|13|2422272873
49319|0x828e717|14|3656575248
49319|0x828e717|15|5683259499
49319|0x828e717|16|11509445324
49319|0x828e717|17|32294541762
49319|0x828e717|18|74997604802
49319|0x40828e717|19|132790185046
49319|0x40828e717|20|243887094656
49319|0x40828e717|21|478791724536
49319|0x40828e717|22|1055616168006
49319|0x440828e717|23|2000976457017
49319|0xc40828e717|24|4010476496719
49321|0x1e399|1|398874
49321|0x3e399|2|1914499
49321|0x7e399|3|1721038
49321|0xfe399|4|3831337
49321|0x1fe399|5|7450957
49321|0x1fe399|6|15149459
49321|0x5fe399|7|22850614
49321|0x5fe399|8|50330417
49321|0x5fe399|9|115072541
49321|0x25fe399|10|217342124
49321|0x65fe399|11|442360007
49321|0x65fe399|12|834729355
49321|0x65fe399|13|1770225287
49321|0x265fe399|14|4309571415
49321|0x665fe399|15|7099816326
49321|0xe65fe399|16|16861624858
49321|0xe65fe399|17|34812423469
49321|0xe65fe399|18|70378291867
49321|0xe65fe399|19|134506516882
49321|0xe65fe399|20|282703650047
49321|0xe65fe399|21|435845995147
49321|0x20e65fe399|22|927210042865
49321|0x20e65fe399|23|2016886859003
49321|0xa0e65fe399|24|4233221011953
49323|0x13a03|1|715953
49323|0x13a03|2|1464118
49323|0x53a03|3|3110400
49323|0x53a03|4|6385876
49323|0x53a03|5|12786564
49323|0x53a03|6|25371662
49323|0x53a03|7|87291777
49323|0x53a03|8|120278625
49323|0x1053a03|9|206883000
49323|0x3053a03|10|412503762
49323|0x3053a03|11|839749737
49323|0x3053a03|12|1128895682
49323|0x13053a03|13|2107053618
49323|0x33053a03|14|6660425599
49323|0x33053a03|15|13194968984
49323|0x33053a03|16|26268541991
49323|0x33053a03|17|37728010288
49323|0x233053a03|18|73145667571
49323|0x633053a03|19|146227575029
49323|0xe33053a03|20|278705486475
49323|0xe33053a03|21|553231761149
49323|0xe33053a03|22|1229845248347
49323|0x4e33053a03|23|2560970415873
49323|0xce33053a03|24|4154581929253
49325|0xa325|1|648849
49325|0x2a325|2|1419096
49325|0x6a325|3|3060996
49325|0xea325|4|6238138
49325|0xea325|5|12674421
49325|0xea325|6|25443259
49325|0x4ea325|7|51188961
49325|0xcea325|8|103130610
49325|0xcea325|9|206159879
49325|0x2cea325|10|410161448
49325|0x2cea325|11|825421186
49325|0x2cea325|12|1643369160
49325|0x2cea325|13|3303060673
49325|0x22cea325|14|6559647725
49325|0x22cea325|15|16635462617
49325|0xa2cea325|16|18407839994
49325|0x1a2cea325|17|34616942622
49325|0x3a2cea325|18|59894909083
49325|0x3a2cea325|19|145902683056
49325|0x3a2cea325|20|300218092474
49325|0x13a2cea325|21|513856290013
49325|0x33a2cea325|22|991649236745
49325|0x33a2cea325|23|1804366779304
49325|0x33a2cea325|24|4121435888376
49327|0x964f|1|361536
49327|0x2964f|2|1980543
49327|0x2964f|3|1873912
49327|0x2964f|4|3734209
49327|0x2964f|5|7584271
49327|0x2964f|6|15282288
49327|0x2964f|7|29742410
49327|0x82964f|8|56071498
49327|0x82964f|9|110547683
49327|0x282964f|10|227693809
49327|0x282964f|11|455773870
49327|0xa82964f|12|965540914
49327|0xa82964f|13|1710366691
49327|0x2a82964f|14|3216703957
49327|0x2a82964f|15|6310955594
49327|0x2a82964f|16|12620792476
49327|0x12a82964f|17|24244785905
49327|0x32a82964f|18|56671515382
49327|0x72a82964f|19|151154153836
49327|0xf2a82964f|20|277877587671
49327|0xf2a82964f|21|499540571131
49327|0xf2a82964f|22|1143146037495
49327|0x4f2a82964f|23|1993235048103
49327|0x4f2a82964f|24|4490512159211
49329|0x18851|1|421391
49329|0x18851|2|1428598
49329|0x58851|3|3105126
49329|0x58851|4|6294382
49329|0x158851|5|12782053
49329|0x358851|6|25721272
49329|0x758851|7|47608742
49329|0xf58851|8|90380568
49329|0xf58851|9|140201520
49329|0xf58851|10|289695968
49329|0xf58851|11|413692922
49329|0xf58851|12|780423464
49329|0x10f58851|13|1635152496
49329|0x30f58851|14|4155054227
49329|0x30f58851|15|8700636643
49329|0x30f58851|16|15251359642
49329|0x30f58851|17|37249483104
49329|0x230f58851|18|57764057151
49329|0x630f58851|19|148205558594
49329|0x630f58851|20|283636271737
49329|0x630f58851|21|566037541860
49329|0x630f58851|22|1002655452093
49329|0x630f58851|23|1874130907854
49329|0x630f58851|24|3611805459518
49331|0x1ee7b|1|392112
49331|0x3ee7b|2|851562
49331|0x7ee7b|3|1700201
49331|0xfee7b|4|3835553
49331|0xfee7b|5|7440769
49331|0xfee7b|6|15063282
49331|0xfee7b|7|29971450
49331|0xfee7b|8|57459380
49331|0xfee7b|9|112436678
49331|0x20fee7b|10|241336965
49331|0x60fee7b|11|481127025
49331|0x60fee7b|12|796326346
49331|0x160fee7b|13|1855842028
49331|0x360fee7b|14|3453091279
49331|0x760fee7b|15|6800542480
49331|0xf60fee7b|16|14286081366
49331|0xf60fee7b|17|30016080166
49331|0xf60fee7b|18|65617580633
49331|0xf60fee7b|19|112722706716
49331|0x8f60fee7b|20|217468950638
49331|0x18f60fee7b|21|448274545912
49331|0x18f60fee7b|22|918777355455
49331|0x18f60fee7b|23|1943960954925
49331|0x18f60fee7b|24|3617089261954
49333|0x2d9d|1|352883
49333|0x22d9d|2|895880
49333|0x22d9d|3|1932073
49333|0x22d9d|4|3643566
49333|0x22d9d|5|7662319
49333|0x22d9d|6|15310924
49333|0x422d9d|7|30782829
49333|0x422d9d|8|61007785
49333|0x1422d9d|9|122872792
49333|0x3422d9d|10|242752393
49333|0x3422d9d|11|462462389
49333|0x3422d9d|12|844244649
49333|0x13422d9d|13|1670211099
49333|0x13422d9d|14|2856305032
49333|0x53422d9d|15|6295228486
49333|0xd3422d9d|16|12512859755
49333|0x1d3422d9d|17|27483649832
49333|0x1d3422d9d|18|63229308628
49333|0x5d3422d9d|19|131069475584
49333|0x5d3422d9d|20|246724766127
49333|0x15d3422d9d|21|510842679060
49333|0x35d3422d9d|22|1101079033162
49333|0x35d3422d9d|23|2154555193344
49333|0xb5d3422d9d|24|4982637660086
49335|0x1d07|1|547164
49335|0x21d07|2|2021373
49335|0x21d07|3|1699278
49335|0xa1d07|4|3815337
49335|0xa1d07|5|8774726
49335|0xa1d07|6|25666923
49335|0xa1d07|7|51317083
49335|0xa1d07|8|102700424
49335|0x10a1d07|9|172861671
49335|0x10a1d07|10|306306853
49335|0x50a1d07|11|706519275
49335|0x50a1d07|12|1391195322
49335|0x150a1d07|13|2832350913
49335|0x350a1d07|14|5607264638
49335|0x350a1d07|15|10879879844
49335|0xb50a1d07|16|22621294069
49335|0x1b50a1d07|17|41791433777
49335|0x1b50a1d07|18|74462696410
49335|0x1b50a1d07|19|122116588154
49335|0x1b50a1d07|20|251450713744
49335|0x1b50a1d07|21|647432797673
49335|0x1b50a1d07|22|1268970340745
49335|0x1b50a1d07|23|2637822293460
49335|0x1b50a1d07|24|5140509031636
49337|0x14589|1|681431
49337|0x34589|2|1463858
49337|0x74589|3|3100213
49337|0xf4589|4|6317159
49337|0x1f4589|5|12793940
49337|0x1f4589|6|25665429
49337|0x5f4589|7|45506919
49337|0x5f4589|8|94553462
49337|0x15f4589|9|187239457
49337|0x35f4589|10|370956699
49337|0x75f4589|11|705833548
49337|0xf5f4589|12|1455127174
49337|0x1f5f4589|13|2800813211
49337|0x3f5f4589|14|4370857535
49337|0x7f5f4589|15|7309958818
49337|0xff5f4589|16|22255363250
49337|0xff5f4589|17|34862910674
49337|0xff5f4589|18|80480878876
49337|0xff5f4589|19|154957853590
49337|0xff5f4589|20|314649641750
49337|0xff5f4589|21|618157857772
49337|0xff5f4589|22|1237692943520
49337|0x40ff5f4589|23|2592866532724
49337|0xc0ff5f4589|24|4763987409876
49339|0x18473|1|649219
49339|0x38473|2|1463926
49339|0x38473|3|3126178
49339|0xb8473|4|6303555
49339|0xb8473|5|12802489
49339|0xb8473|6|20584799
49339|0x4b8473|7|42776273
49339|0xcb8473|8|92735373
49339|0xcb8473|9|188803106
49339|0xcb8473|10|257496601
49339|0xcb8473|11|440447154
49339|0x8cb8473|12|865779326
49339|0x18cb8473|13|2082264178
49339|0x18cb8473|14|4952392243
49339|0x58cb8473|15|8931254794
49339|0xd8cb8473|16|14955317912
49339|0x1d8cb8473|17|51358828678
49339|0x3d8cb8473|18|103597112412
49339|0x3d8cb8473|19|207705004645
49339|0xbd8cb8473|20|415710953006
49339|0xbd8cb8473|21|526629777879
49339|0xbd8cb8473|22|1016433340246
49339|0x4bd8cb8473|23|2290341256211
49339|0x4bd8cb8473|24|5197468415281
49341|0x13a95|1|712711
49341|0x13a95|2|1418045
49341|0x13a95|3|3060167
49341|0x93a95|4|6236264
49341|0x93a95|5|11517194
49341|0x93a95|6|19488149
49341|0x493a95|7|42715217
49341|0x493a95|8|97545841
49341|0x493a95|9|174284658
49341|0x2493a95|10|364663986
49341|0x6493a95|11|707510178
49341|0x6493a95|12|1433518605
49341|0x16493a95|13|2797808965
49341|0x36493a95|14|6150773342
49341|0x36493a95|15|13184582634
49341|0x36493a95|16|23119233654
49341|0x136493a95|17|41322611482
49341|0x136493a95|18|84841126595
49341|0x536493a95|19|170215876456
49341|0x536493a95|20|319240876717
49341|0x1536493a95|21|616877911004
49341|0x3536493a95|22|1286382820018
49341|0x3536493a95|23|2512807202746
49341|0x3536493a95|24|4272923474300
