63491|0x172ab|1|386554
63491|0x372ab|2|851777
63491|0x372ab|3|1787961
63491|0x372ab|4|3681179
63491|0x372ab|5|7488787
63491|0x2372ab|6|15258861
63491|0x2372ab|7|30491973
63491|0xa372ab|8|61493424
63491|0x1a372ab|9|122508883
63491|0x1a372ab|10|244949039
63491|0x5a372ab|11|490052246
63491|0xda372ab|12|983230201
63491|0xda372ab|13|1956173719
63491|0xda372ab|14|3917451462
63491|0xda372ab|15|7832886899
63491|0x8da372ab|16|15716645911
63491|0x8da372ab|17|31134501057
63491|0x8da372ab|18|62630074740
63491|0x8da372ab|19|125585047482
63491|0x88da372ab|20|253890458942
63491|0x188da372ab|21|505748957334
63491|0x188da372ab|22|1013446735126
63491|0x188da372ab|23|2041285534903
63491|0x988da372ab|24|4030936607643
63493|0x114cd|1|460215
63493|0x114cd|2|965871
63493|0x514cd|3|1817982
63493|0x514cd|4|3663204
63493|0x514cd|5|7416123
63493|0x514cd|6|15224568
63493|0x4514cd|7|30498096
63493|0xc514cd|8|60841205
63493|0xc514cd|9|122082050
63493|0xc514cd|10|243810780
63493|0xc514cd|11|487905339
63493|0xc514cd|12|977376437
63493|0x10c514cd|13|1995973247
63493|0x10c514cd|14|3929105082
63493|0x50c514cd|15|7859480011
63493|0xd0c514cd|16|15964424174
63493|0x1d0c514cd|17|31393177845
63493|0x1d0c514cd|18|62908835685
63493|0x1d0c514cd|19|125977541079
63493|0x9d0c514cd|20|252609697149
63493|0x19d0c514cd|21|504313449170
63493|0x19d0c514cd|22|1018472585986
63493|0x59d0c514cd|23|3049743539950
63493|0x59d0c514cd|24|7047150075395
63495|0xf5b7|1|708162
63495|0xf5b7|2|1551062
63495|0xf5b7|3|3194393
63495|0xf5b7|4|6574591
63495|0x10f5b7|5|13284203
63495|0x10f5b7|6|26783796
63495|0x10f5b7|7|53668733
63495|0x90f5b7|8|107402821
63495|0x90f5b7|9|392540331
63495|0x290f5b7|10|429754021
63495|0x290f5b7|11|859788902
63495|0x290f5b7|12|1700071425
63495|0x290f5b7|13|3442252531
63495|0x290f5b7|14|6887189895
63495|0x290f5b7|15|13766142679
63495|0x8290f5b7|16|27522283665
63495|0x8290f5b7|17|54984179873
63495|0x8290f5b7|18|110000124929
63495|0x8290f5b7|19|220025163919
63495|0x8290f5b7|20|439882947608
63495|0x8290f5b7|21|879811415745
63495|0x8290f5b7|22|1759516848664
63495|0x8290f5b7|23|3490368968485
63495|0x808290f5b7|24|6230825165971
63497|0x1639|1|425594
63497|0x1639|2|866756
63497|0x1639|3|1790591
63497|0x81639|4|3656400
63497|0x181639|5|7651813
63497|0x381639|6|15196687
63497|0x381639|7|30472160
63497|0xb81639|8|61241380
63497|0xb81639|9|122134466
63497|0xb81639|10|244822259
63497|0x4b81639|11|490909933
63497|0x4b81639|12|979933768
63497|0x4b81639|13|1954967117
63497|0x4b81639|14|3907724655
63497|0x4b81639|15|7821818755
63497|0x84b81639|16|15645728423
63497|0x184b81639|17|31259670848
63497|0x184b81639|18|62480420382
63497|0x184b81639|19|124974922460
63497|0x184b81639|20|250039922562
63497|0x184b81639|21|570503070073
63497|0x2184b81639|22|1036264554364
63497|0x6184b81639|23|2392986234980
63497|0x6184b81639|24|4246864460280
63499|0x1d3a3|1|450504
63499|0x3d3a3|2|968625
63499|0x3d3a3|3|1857031
63499|0x3d3a3|4|4022756
63499|0x13d3a3|5|7896120
63499|0x33d3a3|6|16118000
63499|0x73d3a3|7|32205447
63499|0x73d3a3|8|64560847
63499|0x73d3a3|9|128881637
63499|0x273d3a3|10|259426702
63499|0x273d3a3|11|554184257
63499|0x273d3a3|12|1032021241
63499|0x1273d3a3|13|2064077334
63499|0x1273d3a3|14|4194561404
63499|0x1273d3a3|15|8267352382
63499|0x1273d3a3|16|16575870445
63499|0x11273d3a3|17|33178566313
63499|0x11273d3a3|18|66305841946
63499|0x51273d3a3|19|133185015517
63499|0xd1273d3a3|20|268001492322
63499|0x1d1273d3a3|21|533079665566
63499|0x3d1273d3a3|22|1062283027977
63499|0x3d1273d3a3|23|2323352746703
63499|0xbd1273d3a3|24|6055725075690
63501|0x16c5|1|734455
63501|0x16c5|2|1519601
63501|0x16c5|3|3162560
63501|0x16c5|4|6538404
63501|0x1016c5|5|13235347
63501|0x3016c5|6|26747949
63501|0x3016c5|7|53683388
63501|0xb016c5|8|107665161
63501|0x1b016c5|9|215307425
63501|0x1b016c5|10|431030051
63501|0x5b016c5|11|861406739
63501|0x5b016c5|12|1722992714
63501|0x5b016c5|13|3448474867
63501|0x25b016c5|14|6898176326
63501|0x25b016c5|15|13782993689
63501|0xa5b016c5|16|27587046295
63501|0x1a5b016c5|17|54983651455
63501|0x1a5b016c5|18|110350729010
63501|0x1a5b016c5|19|220227970495
63501|0x9a5b016c5|20|440498238958
63501|0x9a5b016c5|21|881197692513
63501|0x9a5b016c5|22|1731688995305
63501|0x9a5b016c5|23|2051857805899
63501|0x9a5b016c5|24|7053152978332
63503|0xf6ef|1|688945
63503|0x2f6ef|2|1498658
63503|0x6f6ef|3|3206741
63503|0x6f6ef|4|6545642
63503|0x6f6ef|5|13252239
63503|0x26f6ef|6|26803799
63503|0x26f6ef|7|53754094
63503|0xa6f6ef|8|107620508
63503|0x1a6f6ef|9|215281074
63503|0x1a6f6ef|10|430707557
63503|0x1a6f6ef|11|862041156
63503|0x9a6f6ef|12|1761274107
63503|0x19a6f6ef|13|3444603178
63503|0x19a6f6ef|14|6899662061
63503|0x59a6f6ef|15|13794113556
63503|0x59a6f6ef|16|27594704409
63503|0x159a6f6ef|17|55178452817
63503|0x359a6f6ef|18|110152526613
63503|0x759a6f6ef|19|220356904785
63503|0xf59a6f6ef|20|440718601282
63503|0xf59a6f6ef|21|881599936241
63503|0xf59a6f6ef|22|1763929103610
63503|0x4f59a6f6ef|23|3526931207072
63503|0xcf59a6f6ef|24|6991354447818
63505|0xf8f1|1|708711
63505|0x2f8f1|2|1545359
63505|0x6f8f1|3|3225301
63505|0x6f8f1|4|6569458
63505|0x6f8f1|5|13319232
63505|0x26f8f1|6|26758818
63505|0x66f8f1|7|53702931
63505|0x66f8f1|8|107582339
63505|0x66f8f1|9|215214574
63505|0x66f8f1|10|430615314
63505|0x66f8f1|11|862042589
63505|0x866f8f1|12|1722873041
63505|0x1866f8f1|13|3448573476
63505|0x3866f8f1|14|6893385168
63505|0x3866f8f1|15|13829195871
63505|0xb866f8f1|16|27586308013
63505|0xb866f8f1|17|54983067472
63505|0xb866f8f1|18|110287512900
63505|0xb866f8f1|19|219846742848
63505|0xb866f8f1|20|439565973638
63505|0x10b866f8f1|21|881953014602
63505|0x10b866f8f1|22|1763476721525
63505|0x50b866f8f1|23|2732210892904
63505|0x50b866f8f1|24|4353477418498
63507|0x1921b|1|386093
63507|0x1921b|2|1574086
63507|0x1921b|3|1788722
63507|0x9921b|4|3675540
63507|0x9921b|5|7665851
63507|0x9921b|6|15181455
63507|0x49921b|7|30355450
63507|0x49921b|8|60913910
63507|0x149921b|9|122267237
63507|0x349921b|10|244358457
63507|0x749921b|11|489432506
63507|0x749921b|12|977970357
63507|0x1749921b|13|1956509036
63507|0x1749921b|14|3911086486
63507|0x1749921b|15|7818447492
63507|0x1749921b|16|15644568183
63507|0x11749921b|17|31304489883
63507|0x11749921b|18|62540467259
63507|0x51749921b|19|125133433836
63507|0x51749921b|20|250231828856
63507|0x151749921b|21|500536991300
63507|0x351749921b|22|1000549747887
63507|0x351749921b|23|2299592197168
63507|0xb51749921b|24|6399722851413
63509|0x1173d|1|707644
63509|0x3173d|2|1522848
63509|0x7173d|3|3220839
63509|0xf173d|4|6592880
63509|0xf173d|5|13298417
63509|0xf173d|6|26805994
63509|0x4f173d|7|53679371
63509|0x4f173d|8|107622164
63509|0x14f173d|9|215413637
63509|0x34f173d|10|431004386
63509|0x74f173d|11|862187189
63509|0xf4f173d|12|1722770688
63509|0xf4f173d|13|3448471850
63509|0x2f4f173d|14|6897312669
63509|0x2f4f173d|15|13782526854
63509|0xaf4f173d|16|27567809360
63509|0x1af4f173d|17|55021285851
63509|0x1af4f173d|18|110338020085
63509|0x1af4f173d|19|219972934197
63509|0x9af4f173d|20|359439726442
63509|0x9af4f173d|21|500531466711
63509|0x29af4f173d|22|1110022475519
63509|0x69af4f173d|23|2170568147885
63509|0xe9af4f173d|24|4043063563417
63511|0x1bfa7|1|384649
63511|0x3bfa7|2|2113402
63511|0x3bfa7|3|1990768
63511|0x3bfa7|4|3713277
63511|0x3bfa7|5|7389696
63511|0x3bfa7|6|15239916
63511|0x3bfa7|7|30685149
63511|0x3bfa7|8|61038903
63511|0x3bfa7|9|122472429
63511|0x203bfa7|10|244715615
63511|0x203bfa7|11|490036988
63511|0x203bfa7|12|979165619
63511|0x1203bfa7|13|1974864316
63511|0x1203bfa7|14|3916820212
63511|0x5203bfa7|15|7843787360
63511|0x5203bfa7|16|15676141797
63511|0x15203bfa7|17|31386218188
63511|0x35203bfa7|18|62655387335
63511|0x35203bfa7|19|125154849137
63511|0x35203bfa7|20|250264534224
63511|0x35203bfa7|21|500791713684
63511|0x35203bfa7|22|1002707323543
63511|0x435203bfa7|23|2004306920167
63511|0xc35203bfa7|24|4003765186638
63513|0xe429|1|398487
63513|0x2e429|2|1224100
63513|0x2e429|3|2002673
63513|0x2e429|4|3677288
63513|0x12e429|5|7530860
63513|0x32e429|6|15384853
63513|0x32e429|7|30521465
63513|0x32e429|8|61641484
63513|0x32e429|9|122924670
63513|0x232e429|10|246190498
63513|0x632e429|11|492075908
63513|0xe32e429|12|987401196
63513|0x1e32e429|13|1974989646
63513|0x1e32e429|14|3931793011
63513|0x5e32e429|15|7842783655
63513|0xde32e429|16|15698984278
63513|0x1de32e429|17|31379577593
63513|0x1de32e429|18|62565318675
63513|0x1de32e429|19|125467519949
63513|0x1de32e429|20|250085823824
63513|0x11de32e429|21|501663943262
63513|0x11de32e429|22|1002794304297
63513|0x11de32e429|23|2006904631044
63513|0x11de32e429|24|4228075822202
63515|0x2213|1|372932
63515|0x22213|2|2109544
63515|0x62213|3|1817202
63515|0xe2213|4|3685475
63515|0xe2213|5|7656925
63515|0xe2213|6|23591732
63515|0xe2213|7|53836974
63515|0x8e2213|8|67546184
63515|0x8e2213|9|158601285
63515|0x8e2213|10|320218890
63515|0x8e2213|11|609853198
63515|0x8e2213|12|1207721090
63515|0x8e2213|13|2504318901
63515|0x8e2213|14|5030935865
63515|0x408e2213|15|10000674356
63515|0xc08e2213|16|19959458055
63515|0xc08e2213|17|37987218019
63515|0x2c08e2213|18|69650779644
63515|0x6c08e2213|19|148035485627
63515|0x6c08e2213|20|264689624689
63515|0x6c08e2213|21|644756101487
63515|0x6c08e2213|22|898894689274
63515|0x46c08e2213|23|2194263451802
63515|0x46c08e2213|24|4716963394244
63517|0x18a35|1|691132
63517|0x18a35|2|1561642
63517|0x18a35|3|3193948
63517|0x18a35|4|6597742
63517|0x118a35|5|13302636
63517|0x318a35|6|26828364
63517|0x318a35|7|43200510
63517|0xb18a35|8|95146132
63517|0xb18a35|9|188070622
63517|0x2b18a35|10|355030268
63517|0x6b18a35|11|724611540
63517|0x6b18a35|12|1231769236
63517|0x6b18a35|13|2534054385
63517|0x6b18a35|14|4944200852
63517|0x46b18a35|15|10102329694
63517|0x46b18a35|16|14411728848
63517|0x46b18a35|17|25831669081
63517|0x46b18a35|18|53756068237
63517|0x446b18a35|19|124981316420
63517|0xc46b18a35|20|250217886787
63517|0xc46b18a35|21|493132341746
63517|0x2c46b18a35|22|1015085894150
63517|0x2c46b18a35|23|2002173244108
63517|0xac46b18a35|24|4674731914366
63519|0x83df|1|374037
63519|0x83df|2|853099
63519|0x83df|3|1773245
63519|0x83df|4|3651648
63519|0x1083df|5|7652511
63519|0x1083df|6|15197002
63519|0x5083df|7|30441546
63519|0xd083df|8|61094411
63519|0x1d083df|9|122484540
63519|0x1d083df|10|244832624
63519|0x1d083df|11|489955892
63519|0x9d083df|12|981211962
63519|0x19d083df|13|1962864271
63519|0x39d083df|14|3927491366
63519|0x39d083df|15|7866041177
63519|0x39d083df|16|15693062734
63519|0x139d083df|17|31411910482
63519|0x139d083df|18|62883530508
63519|0x139d083df|19|125173220206
63519|0x939d083df|20|284504587873
63519|0x939d083df|21|501017935023
63519|0x2939d083df|22|1002458343378
63519|0x2939d083df|23|2003838415782
63519|0x2939d083df|24|4339644972307
63521|0x8be1|1|686669
63521|0x8be1|2|1498461
63521|0x48be1|3|3190462
63521|0xc8be1|4|6585142
63521|0xc8be1|5|13254427
63521|0x2c8be1|6|26759837
63521|0x6c8be1|7|53706635
63521|0xec8be1|8|107666849
63521|0xec8be1|9|215479154
63521|0x2ec8be1|10|431060633
63521|0x2ec8be1|11|861645697
63521|0xaec8be1|12|1730451656
63521|0x1aec8be1|13|3447148483
63521|0x3aec8be1|14|6894537828
63521|0x7aec8be1|15|13797582759
63521|0x7aec8be1|16|27595732079
63521|0x17aec8be1|17|55202749447
63521|0x37aec8be1|18|109997815830
63521|0x37aec8be1|19|219993882923
63521|0xb7aec8be1|20|440819550596
63521|0x1b7aec8be1|21|881263542005
63521|0x3b7aec8be1|22|1763713564300
63521|0x7b7aec8be1|23|3526300824195
63521|0x7b7aec8be1|24|7045540875676
63523|0x1778b|1|706646
63523|0x3778b|2|1519011
63523|0x3778b|3|3205187
63523|0xb778b|4|6566945
63523|0xb778b|5|13268761
63523|0x2b778b|6|26731141
63523|0x6b778b|7|53615300
63523|0xeb778b|8|107441897
63523|0xeb778b|9|215224190
63523|0xeb778b|10|430113038
63523|0x4eb778b|11|860468036
63523|0xceb778b|12|1722537595
63523|0xceb778b|13|3445604519
63523|0x2ceb778b|14|6893480755
63523|0x6ceb778b|15|13780126689
63523|0x6ceb778b|16|27556986785
63523|0x16ceb778b|17|55171114418
63523|0x36ceb778b|18|109906854269
63523|0x76ceb778b|19|220196398801
63523|0xf6ceb778b|20|440463743013
63523|0xf6ceb778b|21|880803247771
63523|0x2f6ceb778b|22|1760975676922
63523|0x2f6ceb778b|23|3523469589491
63523|0x2f6ceb778b|24|6887347041743
63525|0x63ad|1|666063
63525|0x263ad|2|1498668
63525|0x263ad|3|3197501
63525|0xa63ad|4|6580854
63525|0x1a63ad|5|13325425
63525|0x3a63ad|6|26789381
63525|0x3a63ad|7|53676085
63525|0x3a63ad|8|107395972
63525|0x13a63ad|9|215018582
63525|0x33a63ad|10|430661599
63525|0x33a63ad|11|861358386
63525|0xb3a63ad|12|1721181978
63525|0x1b3a63ad|13|3444918041
63525|0x1b3a63ad|14|6893291060
63525|0x1b3a63ad|15|13783556803
63525|0x9b3a63ad|16|27565158414
63525|0x19b3a63ad|17|54935416211
63525|0x19b3a63ad|18|106268327295
63525|0x59b3a63ad|19|131548579362
63525|0x59b3a63ad|20|260263924681
63525|0x159b3a63ad|21|500435815333
63525|0x159b3a63ad|22|1078786748399
63525|0x159b3a63ad|23|3524718964397
63525|0x959b3a63ad|24|5331365085849
63527|0xf797|1|387409
63527|0xf797|2|852818
63527|0xf797|3|1809146
63527|0xf797|4|3660900
63527|0xf797|5|7669383
63527|0xf797|6|15206531
63527|0xf797|7|30461758
63527|0xf797|8|61055271
63527|0xf797|9|122056202
63527|0xf797|10|244398542
63527|0xf797|11|497289072
63527|0xf797|12|977523705
63527|0x1000f797|13|1956091647
63527|0x3000f797|14|3919081851
63527|0x7000f797|15|7846223614
63527|0x7000f797|16|15695408985
63527|0x7000f797|17|31368920551
63527|0x27000f797|18|62565651050
63527|0x27000f797|19|124981672874
63527|0x27000f797|20|250296259133
63527|0x27000f797|21|500017893838
63527|0x227000f797|22|1000802758784
63527|0x627000f797|23|2002762870897
63527|0xe27000f797|24|5499738373421
63529|0x2419|1|451406
63529|0x22419|2|948625
63529|0x22419|3|1788743
63529|0x22419|4|4027327
63529|0x122419|5|7986381
63529|0x322419|6|16122964
63529|0x322419|7|32187095
63529|0x322419|8|64639947
63529|0x1322419|9|129015377
63529|0x1322419|10|258559912
63529|0x5322419|11|517085438
63529|0xd322419|12|1031663071
63529|0x1d322419|13|2092436251
63529|0x1d322419|14|4134747083
63529|0x5d322419|15|8267301222
63529|0xdd322419|16|16550084729
63529|0xdd322419|17|33006985936
63529|0xdd322419|18|65998430555
63529|0x4dd322419|19|132827050849
63529|0x4dd322419|20|264689025598
63529|0x14dd322419|21|709458330922
63529|0x34dd322419|22|1760894231831
63529|0x74dd322419|23|2421786642297
63529|0x74dd322419|24|4004735818681
63531|0x683|1|397188
63531|0x683|2|850935
63531|0x683|3|2052603
63531|0x683|4|3674177
63531|0x100683|5|7427366
63531|0x100683|6|15219250
63531|0x100683|7|30462858
63531|0x100683|8|61120094
63531|0x1100683|9|122261356
63531|0x1100683|10|244330005
63531|0x5100683|11|488629822
63531|0x5100683|12|978346775
63531|0x5100683|13|1956713120
63531|0x25100683|14|3925186932
63531|0x65100683|15|7848745118
63531|0xe5100683|16|15704007854
63531|0xe5100683|17|31267768520
63531|0x2e5100683|18|62345351546
63531|0x6e5100683|19|165922891144
63531|0x6e5100683|20|431733644695
63531|0x16e5100683|21|881656619460
63531|0x16e5100683|22|1762721345970
63531|0x56e5100683|23|2863279623352
63531|0xd6e5100683|24|4965840136178
63533|0x17a5|1|376291
63533|0x17a5|2|840568
63533|0x417a5|3|1797256
63533|0x417a5|4|3668816
63533|0x417a5|5|7616138
63533|0x2417a5|6|15017042
63533|0x6417a5|7|22979102
63533|0xe417a5|8|54121448
63533|0x1e417a5|9|105063192
63533|0x1e417a5|10|213192591
63533|0x5e417a5|11|414419705
63533|0x5e417a5|12|986134383
63533|0x5e417a5|13|1954743557
63533|0x5e417a5|14|3924603894
63533|0x5e417a5|15|7832582776
63533|0x5e417a5|16|15660995644
63533|0x5e417a5|17|31217213842
63533|0x205e417a5|18|96285217245
63533|0x205e417a5|19|210823182576
63533|0x205e417a5|20|286452574593
63533|0x1205e417a5|21|581928519703
63533|0x3205e417a5|22|1091166939980
63533|0x3205e417a5|23|2565100552995
63533|0xb205e417a5|24|4696407809158
63535|0x14ecf|1|384671
63535|0x34ecf|2|1355776
63535|0x74ecf|3|1922167
63535|0x74ecf|4|3670736
63535|0x174ecf|5|7441022
63535|0x374ecf|6|15199598
63535|0x374ecf|7|30493597
63535|0xb74ecf|8|61074322
63535|0xb74ecf|9|122161259
63535|0x2b74ecf|10|244114537
63535|0x6b74ecf|11|488858230
63535|0x6b74ecf|12|978125509
63535|0x16b74ecf|13|1968419554
63535|0x16b74ecf|14|3909275501
63535|0x56b74ecf|15|7813365154
63535|0xd6b74ecf|16|15638506894
63535|0x1d6b74ecf|17|31159556902
63535|0x1d6b74ecf|18|62626646234
63535|0x1d6b74ecf|19|125474282142
63535|0x9d6b74ecf|20|250365091529
63535|0x19d6b74ecf|21|501109673207
63535|0x19d6b74ecf|22|1001245584666
63535|0x59d6b74ecf|23|2140809277872
63535|0xd9d6b74ecf|24|3994125998267
63537|0x160d1|1|421518
63537|0x360d1|2|839358
63537|0x360d1|3|1773229
63537|0x360d1|4|3668950
63537|0x1360d1|5|7657771
63537|0x1360d1|6|15202140
63537|0x1360d1|7|30740411
63537|0x9360d1|8|61021024
63537|0x9360d1|9|123075068
63537|0x29360d1|10|245841061
63537|0x69360d1|11|491809659
63537|0xe9360d1|12|983513172
63537|0x1e9360d1|13|1960465999
63537|0x3e9360d1|14|3915450137
63537|0x7e9360d1|15|7836642085
63537|0x7e9360d1|16|15667943909
63537|0x17e9360d1|17|31322745766
63537|0x17e9360d1|18|62318781903
63537|0x17e9360d1|19|124643197564
63537|0x97e9360d1|20|249976547521
63537|0x197e9360d1|21|500831241571
63537|0x197e9360d1|22|1001695892083
63537|0x197e9360d1|23|2068328785862
63537|0x997e9360d1|24|5763818763046
63539|0xc2fb|1|387132
63539|0x2c2fb|2|1772003
63539|0x2c2fb|3|1962951
63539|0x2c2fb|4|3827925
63539|0x12c2fb|5|8086853
63539|0x32c2fb|6|15916919
63539|0x32c2fb|7|31937915
63539|0x32c2fb|8|57100639
63539|0x132c2fb|9|113982045
63539|0x332c2fb|10|217361195
63539|0x332c2fb|11|454317797
63539|0x332c2fb|12|884292939
63539|0x1332c2fb|13|1698221793
63539|0x1332c2fb|14|3409296464
63539|0x1332c2fb|15|6846265335
63539|0x1332c2fb|16|13583629259
63539|0x11332c2fb|17|27037421074
63539|0x11332c2fb|18|62312642549
63539|0x11332c2fb|19|125143715202
63539|0x11332c2fb|20|249875421506
63539|0x111332c2fb|21|500544792044
63539|0x111332c2fb|22|1000052874774
63539|0x111332c2fb|23|2001098157916
63539|0x111332c2fb|24|5901021180895
63541|0x9a1d|1|387251
63541|0x9a1d|2|852691
63541|0x49a1d|3|1803053
63541|0x49a1d|4|3661155
63541|0x49a1d|5|7684530
63541|0x49a1d|6|15230057
63541|0x449a1d|7|30497438
63541|0xc49a1d|8|61034324
63541|0xc49a1d|9|119969688
63541|0x2c49a1d|10|244271917
63541|0x2c49a1d|11|489041713
63541|0xac49a1d|12|977194293
63541|0x1ac49a1d|13|1955953312
63541|0x1ac49a1d|14|3914116433
63541|0x1ac49a1d|15|7872528541
63541|0x1ac49a1d|16|15642358102
63541|0x1ac49a1d|17|31327770748
63541|0x1ac49a1d|18|62708805537
63541|0x41ac49a1d|19|125451178408
63541|0xc1ac49a1d|20|250355481036
63541|0x1c1ac49a1d|21|500266508775
63541|0x1c1ac49a1d|22|1000942843171
63541|0x5c1ac49a1d|23|2015937670568
63541|0x5c1ac49a1d|24|4005915888363
63543|0x3d87|1|394171
63543|0x3d87|2|933001
63543|0x3d87|3|1936275
63543|0x83d87|4|3678201
63543|0x83d87|5|7422071
63543|0x283d87|6|15221938
63543|0x683d87|7|30526960
63543|0x683d87|8|61116596
63543|0x683d87|9|122003946
63543|0x2683d87|10|244432798
63543|0x2683d87|11|489521403
63543|0x2683d87|12|983701714
63543|0x2683d87|13|1953893953
63543|0x2683d87|14|3912904579
63543|0x2683d87|15|7818990762
63543|0x82683d87|16|15642619725
63543|0x182683d87|17|31309908527
63543|0x182683d87|18|62456186416
63543|0x182683d87|19|124890430999
63543|0x982683d87|20|250131352383
63543|0x982683d87|21|500397156507
63543|0x2982683d87|22|1001392437376
63543|0x6982683d87|23|2700005582315
63543|0x6982683d87|24|5086447623610
63545|0x17609|1|385682
63545|0x17609|2|839276
63545|0x57609|3|1773047
63545|0x57609|4|3665449
63545|0x157609|5|7410195
63545|0x357609|6|12937065
63545|0x757609|7|26341467
63545|0xf57609|8|53507833
63545|0x1f57609|9|110040274
63545|0x3f57609|10|220640978
63545|0x7f57609|11|438921370
63545|0x7f57609|12|838200919
63545|0x17f57609|13|1757074867
63545|0x37f57609|14|3477459014
63545|0x77f57609|15|6815591302
63545|0xf7f57609|16|12921637408
63545|0x1f7f57609|17|29578016764
63545|0x3f7f57609|18|57580237989
63545|0x3f7f57609|19|137777016171
63545|0xbf7f57609|20|375342421753
63545|0xbf7f57609|21|516033216586
63545|0x2bf7f57609|22|991275219650
63545|0x2bf7f57609|23|2001220829783
63545|0x2bf7f57609|24|3996310696836
63547|0x120f3|1|437791
63547|0x320f3|2|918933
63547|0x720f3|3|1796085
63547|0x720f3|4|3639749
63547|0x1720f3|5|7410154
63547|0x1720f3|6|15212815
63547|0x5720f3|7|30516641
63547|0x5720f3|8|60840176
63547|0x5720f3|9|121771554
63547|0x5720f3|10|243966812
63547|0x45720f3|11|488323195
63547|0xc5720f3|12|978265241
63547|0xc5720f3|13|1953387883
63547|0xc5720f3|14|3910132757
63547|0x4c5720f3|15|7810951561
63547|0x4c5720f3|16|15654737768
63547|0x4c5720f3|17|31276479632
63547|0x24c5720f3|18|62459043721
63547|0x64c5720f3|19|124911845212
63547|0xe4c5720f3|20|250065490722
63547|0xe4c5720f3|21|501646930514
63547|0xe4c5720f3|22|1000881290081
63547|0x4e4c5720f3|23|2000051591667
63547|0x4e4c5720f3|24|5092718204113
63549|0x15f15|1|687585
63549|0x15f15|2|3860672
63549|0x15f15|3|3176097
63549|0x15f15|4|6553340
63549|0x115f15|5|13230527
63549|0x115f15|6|26743011
63549|0x515f15|7|53648051
63549|0xd15f15|8|107473311
63549|0xd15f15|9|215187242
63549|0x2d15f15|10|430846951
63549|0x2d15f15|11|861660699
63549|0x2d15f15|12|1722253013
63549|0x2d15f15|13|3447152859
63549|0x2d15f15|14|6890981964
63549|0x2d15f15|15|13783143795
63549|0x82d15f15|16|27581232137
63549|0x82d15f15|17|54988225271
63549|0x282d15f15|18|109982025550
63549|0x682d15f15|19|220106283512
63549|0xe82d15f15|20|321792040299
63549|0x1e82d15f15|21|839155146309
63549|0x1e82d15f15|22|1435588351725
63549|0x1e82d15f15|23|2483415540537
63549|0x1e82d15f15|24|5151215888345
63551|0xf7bf|1|663306
63551|0x2f7bf|2|1534086
63551|0x6f7bf|3|3224432
63551|0xef7bf|4|6526664
63551|0x1ef7bf|5|13350879
63551|0x3ef7bf|6|26759828
63551|0x3ef7bf|7|53766934
63551|0xbef7bf|8|107683325
63551|0x1bef7bf|9|215580215
63551|0x3bef7bf|10|431333026
63551|0x7bef7bf|11|862043721
63551|0xfbef7bf|12|1726017857
63551|0xfbef7bf|13|3451431967
63551|0x2fbef7bf|14|6316144253
63551|0x6fbef7bf|15|10814377590
63551|0xefbef7bf|16|23839518061
63551|0xefbef7bf|17|47971445305
63551|0xefbef7bf|18|98502670275
63551|0x4efbef7bf|19|158299209180
63551|0xcefbef7bf|20|284902965744
63551|0x1cefbef7bf|21|654757729027
63551|0x3cefbef7bf|22|1425377261816
63551|0x7cefbef7bf|23|3162222676935
63551|0x7cefbef7bf|24|5128420268078
63553|0x117c1|1|509758
63553|0x317c1|2|911821
63553|0x717c1|3|1805172
63553|0x717c1|4|4026009
63553|0x1717c1|5|7975611
63553|0x3717c1|6|16076259
63553|0x3717c1|7|32084210
63553|0x3717c1|8|64685487
63553|0x13717c1|9|129601931
63553|0x33717c1|10|258687401
63553|0x33717c1|11|517538281
63553|0x33717c1|12|1033578053
63553|0x133717c1|13|2053332473
63553|0x133717c1|14|4099507274
63553|0x533717c1|15|8200802455
63553|0xd33717c1|16|16403899221
63553|0x1d33717c1|17|32671819299
63553|0x1d33717c1|18|65427197646
63553|0x5d33717c1|19|131495349303
63553|0xdd33717c1|20|263386341279
63553|0xdd33717c1|21|524746629565
63553|0x2dd33717c1|22|1048850243313
63553|0x6dd33717c1|23|2563012323098
63553|0xedd33717c1|24|4585146877999
63555|0x1146b|1|407702
63555|0x1146b|2|839225
63555|0x1146b|3|1877727
63555|0x1146b|4|3920003
63555|0x11146b|5|8081002
63555|0x11146b|6|15959956
63555|0x51146b|7|32131367
63555|0x51146b|8|64676152
63555|0x151146b|9|129412681
63555|0x151146b|10|258940566
63555|0x551146b|11|518055250
63555|0x551146b|12|1035055878
63555|0x1551146b|13|2067927903
63555|0x3551146b|14|4138822934
63555|0x3551146b|15|8292008138
63555|0xb551146b|16|16660018497
63555|0xb551146b|17|32053056755
63555|0x2b551146b|18|63562827153
63555|0x6b551146b|19|138736995943
63555|0xeb551146b|20|245922781751
63555|0xeb551146b|21|493253313884
63555|0xeb551146b|22|1042932405778
63555|0xeb551146b|23|2112712062232
63555|0x8eb551146b|24|4232599135836
63557|0x15a8d|1|449427
63557|0x35a8d|2|2111189
63557|0x35a8d|3|1921678
63557|0x35a8d|4|3870081
63557|0x35a8d|5|8054528
63557|0x235a8d|6|15963574
63557|0x635a8d|7|31941754
63557|0xe35a8d|8|63982249
63557|0x1e35a8d|9|128027503
63557|0x3e35a8d|10|256142642
63557|0x7e35a8d|11|515154449
63557|0x7e35a8d|12|1025920109
63557|0x7e35a8d|13|2048006960
63557|0x27e35a8d|14|4106099626
63557|0x27e35a8d|15|8275043825
63557|0x27e35a8d|16|16572424251
63557|0x127e35a8d|17|33134253391
63557|0x127e35a8d|18|66315742722
63557|0x527e35a8d|19|179032484385
63557|0xd27e35a8d|20|261276102366
63557|0x1d27e35a8d|21|527617141004
63557|0x1d27e35a8d|22|1161997230791
63557|0x1d27e35a8d|23|2363789903204
63557|0x9d27e35a8d|24|4582676455918
63559|0x13177|1|669360
63559|0x13177|2|3793220
63559|0x13177|3|3223974
63559|0x13177|4|6556861
63559|0x13177|5|13187701
63559|0x13177|6|26641021
63559|0x413177|7|53704410
63559|0x413177|8|107770496
63559|0x413177|9|215200137
63559|0x2413177|10|431375496
63559|0x2413177|11|862891647
63559|0xa413177|12|1726032028
63559|0xa413177|13|3452388800
63559|0xa413177|14|6905661767
63559|0xa413177|15|13813715601
63559|0xa413177|16|26714944780
63559|0xa413177|17|30298825152
63559|0x20a413177|18|76091682873
63559|0x20a413177|19|210539254411
63559|0x20a413177|20|285832416840
63559|0x20a413177|21|525473258561
63559|0x20a413177|22|1256919405686
63559|0x20a413177|23|2775894316853
63559|0x820a413177|24|4459704780910
63561|0x79f9|1|371219
63561|0x79f9|2|839397
63561|0x479f9|3|2038383
63561|0x479f9|4|3806808
63561|0x1479f9|5|8019840
63561|0x1479f9|6|15914159
63561|0x1479f9|7|31965235
63561|0x1479f9|8|63990414
63561|0x1479f9|9|128160371
63561|0x1479f9|10|256423870
63561|0x41479f9|11|501630845
63561|0x41479f9|12|1031747718
63561|0x41479f9|13|2051863248
63561|0x41479f9|14|4104711209
63561|0x41479f9|15|8206658187
63561|0x41479f9|16|16400134566
63561|0x1041479f9|17|32763371977
63561|0x3041479f9|18|72010237783
63561|0x3041479f9|19|197743211647
63561|0x3041479f9|20|307787411575
63561|0x13041479f9|21|527144390153
63561|0x33041479f9|22|1685899891207
63561|0x33041479f9|23|2546751423363
63561|0xb3041479f9|24|7060710224262
63563|0x11163|1|686508
63563|0x11163|2|1498881
63563|0x11163|3|3189193
63563|0x91163|4|6549343
63563|0x91163|5|13261825
63563|0x91163|6|26688296
63563|0x91163|7|53658367
63563|0x891163|8|107541030
63563|0x1891163|9|215350409
63563|0x1891163|10|430974409
63563|0x5891163|11|862900704
63563|0xd891163|12|1725011367
63563|0xd891163|13|3449724354
63563|0xd891163|14|6899005491
63563|0x4d891163|15|13809500045
63563|0xcd891163|16|27606475978
63563|0x1cd891163|17|55039059066
63563|0x1cd891163|18|110242120190
63563|0x5cd891163|19|220593345477
63563|0x5cd891163|20|441551573857
63563|0x15cd891163|21|882492109287
63563|0x15cd891163|22|1758967353525
63563|0x15cd891163|23|3530084029242
63563|0x95cd891163|24|5669559470381
63565|0x10085|1|383205
63565|0x30085|2|950631
63565|0x30085|3|2005748
63565|0xb0085|4|3821214
63565|0x1b0085|5|7910334
63565|0x3b0085|6|15902502
63565|0x7b0085|7|31917650
63565|0xfb0085|8|63844677
63565|0xfb0085|9|127249673
63565|0xfb0085|10|255732166
63565|0x4fb0085|11|511704957
63565|0xcfb0085|12|1023575651
63565|0x1cfb0085|13|2049196071
63565|0x3cfb0085|14|4098176920
63565|0x3cfb0085|15|8196257755
63565|0xbcfb0085|16|16386454081
63565|0xbcfb0085|17|32638082907
63565|0xbcfb0085|18|65665041856
63565|0x4bcfb0085|19|130932993904
63565|0x4bcfb0085|20|262129561710
63565|0x4bcfb0085|21|524018863342
63565|0x4bcfb0085|22|1049249252766
63565|0x4bcfb0085|23|2101746337360
63565|0x84bcfb0085|24|5644050709039
63567|0x11eaf|1|386962
63567|0x31eaf|2|852452
63567|0x31eaf|3|1809344
63567|0x31eaf|4|3706857
63567|0x131eaf|5|7421400
63567|0x331eaf|6|20723718
63567|0x331eaf|7|36849281
63567|0xb31eaf|8|74538430
63567|0x1b31eaf|9|159555931
63567|0x1b31eaf|10|315885904
63567|0x5b31eaf|11|644377926
63567|0xdb31eaf|12|970022501
63567|0xdb31eaf|13|1613029612
63567|0xdb31eaf|14|5650055673
63567|0x4db31eaf|15|9113160091
63567|0xcdb31eaf|16|16380961215
63567|0x1cdb31eaf|17|32650778725
63567|0x1cdb31eaf|18|65373723468
63567|0x5cdb31eaf|19|130920249239
63567|0x5cdb31eaf|20|325982578705
63567|0x15cdb31eaf|21|551115992121
63567|0x15cdb31eaf|22|1511806393005
63567|0x15cdb31eaf|23|2072241605234
63567|0x15cdb31eaf|24|4828354803908
63569|0x150b1|1|387230
63569|0x350b1|2|852610
63569|0x350b1|3|1798077
63569|0xb50b1|4|3680971
63569|0xb50b1|5|7676853
63569|0xb50b1|6|15000215
63569|0x4b50b1|7|30446257
63569|0x4b50b1|8|60765833
63569|0x4b50b1|9|122117974
63569|0x24b50b1|10|244236538
63569|0x24b50b1|11|489507227
63569|0x24b50b1|12|987703403
63569|0x124b50b1|13|1962780239
63569|0x124b50b1|14|3928199264
63569|0x524b50b1|15|7849359665
63569|0x524b50b1|16|17004308322
63569|0x1524b50b1|17|37424466105
63569|0x1524b50b1|18|101076011005
63569|0x5524b50b1|19|143501901644
63569|0xd524b50b1|20|440855437853
63569|0x1d524b50b1|21|633022047582
63569|0x1d524b50b1|22|1315117747211
63569|0x1d524b50b1|23|2563757455814
63569|0x1d524b50b1|24|4436344565886
63571|0xbdb|1|442186
63571|0xbdb|2|2099298
63571|0xbdb|3|2009110
63571|0xbdb|4|3881091
63571|0xbdb|5|8048617
63571|0xbdb|6|16014852
63571|0xbdb|7|32274985
63571|0x800bdb|8|64553545
63571|0x1800bdb|9|129401132
63571|0x1800bdb|10|258661453
63571|0x1800bdb|11|519963107
63571|0x9800bdb|12|1038448488
63571|0x9800bdb|13|2068825725
63571|0x29800bdb|14|4139546868
63571|0x29800bdb|15|8276406589
63571|0xa9800bdb|16|16550778432
63571|0x1a9800bdb|17|32483600211
63571|0x3a9800bdb|18|65240954185
63571|0x7a9800bdb|19|130611994509
63571|0x7a9800bdb|20|264649476958
63571|0x17a9800bdb|21|526340765302
63571|0x37a9800bdb|22|1051673673876
63571|0x77a9800bdb|23|2145649671598
63571|0x77a9800bdb|24|4235438413412
63573|0x44fd|1|384821
63573|0x44fd|2|870341
63573|0x444fd|3|1948626
63573|0x444fd|4|3902364
63573|0x444fd|5|8124068
63573|0x444fd|6|16041462
63573|0x4444fd|7|32291240
63573|0xc444fd|8|64737867
63573|0xc444fd|9|129691284
63573|0xc444fd|10|258812853
63573|0x4c444fd|11|518307868
63573|0xcc444fd|12|1033928585
63573|0xcc444fd|13|2075484250
63573|0x2cc444fd|14|4158117881
63573|0x2cc444fd|15|8315299381
63573|0x2cc444fd|16|16568903441
63573|0x12cc444fd|17|33091891750
63573|0x32cc444fd|18|66364316241
63573|0x72cc444fd|19|132402179891
63573|0x72cc444fd|20|264949561074
63573|0x72cc444fd|21|528586705866
63573|0x72cc444fd|22|1058972058372
63573|0x472cc444fd|23|2114216996158
63573|0x472cc444fd|24|4230920987445
63575|0x17367|1|435055
63575|0x37367|2|1333951
63575|0x37367|3|1771806
63575|0xb7367|4|4019974
63575|0x1b7367|5|7975423
63575|0x3b7367|6|16059042
63575|0x3b7367|7|32172504
63575|0x3b7367|8|64820360
63575|0x3b7367|9|129769286
63575|0x3b7367|10|259137236
63575|0x43b7367|11|518519541
63575|0xc3b7367|12|1036891595
63575|0xc3b7367|13|2074410428
63575|0xc3b7367|14|4147462637
63575|0x4c3b7367|15|8324572121
63575|0xcc3b7367|16|16558329344
63575|0x1cc3b7367|17|33063684710
63575|0x3cc3b7367|18|66213845144
63575|0x7cc3b7367|19|132513908882
63575|0x7cc3b7367|20|264689960254
63575|0x7cc3b7367|21|529574331153
63575|0x7cc3b7367|22|1059676965435
63575|0x7cc3b7367|23|2113522897565
63575|0x87cc3b7367|24|4228728031764
63577|0xcfe9|1|440315
63577|0x2cfe9|2|2205367
63577|0x6cfe9|3|1973291
63577|0xecfe9|4|3883201
63577|0x1ecfe9|5|8118036
63577|0x3ecfe9|6|15975175
63577|0x7ecfe9|7|32182553
63577|0xfecfe9|8|64534635
63577|0xfecfe9|9|129262973
63577|0x2fecfe9|10|258692222
63577|0x6fecfe9|11|517364083
63577|0xefecfe9|12|1034252288
63577|0x1efecfe9|13|2068431589
63577|0x3efecfe9|14|4136862460
63577|0x7efecfe9|15|8267429796
63577|0x7efecfe9|16|16542954264
63577|0x17efecfe9|17|33085751467
63577|0x17efecfe9|18|65951887586
63577|0x57efecfe9|19|127852355515
63577|0x57efecfe9|20|263907417549
63577|0x157efecfe9|21|529734719299
63577|0x157efecfe9|22|1078445844812
63577|0x157efecfe9|23|2195635350711
63577|0x957efecfe9|24|6772908110099
63579|0x177d3|1|687847
63579|0x377d3|2|1528410
63579|0x377d3|3|3201148
63579|0x377d3|4|6534269
63579|0x1377d3|5|13277252
63579|0x1377d3|6|26684333
63579|0x1377d3|7|53745498
63579|0x1377d3|8|107794247
63579|0x11377d3|9|215763747
63579|0x31377d3|10|431762040
63579|0x71377d3|11|862401275
63579|0x71377d3|12|1740931767
63579|0x71377d3|13|3450927434
63579|0x271377d3|14|6898497500
63579|0x671377d3|15|13801112635
63579|0xe71377d3|16|27615153522
63579|0x1e71377d3|17|55052694615
63579|0x1e71377d3|18|110109950383
63579|0x1e71377d3|19|220615929881
63579|0x9e71377d3|20|441265401106
63579|0x9e71377d3|21|882583261452
63579|0x29e71377d3|22|1649500811234
63579|0x69e71377d3|23|2112405710795
63579|0xe9e71377d3|24|4230920137626
63581|0x9bf5|1|477552
63581|0x29bf5|2|887562
63581|0x29bf5|3|1771612
63581|0xa9bf5|4|3965789
63581|0x1a9bf5|5|7749746
63581|0x1a9bf5|6|12346999
63581|0x5a9bf5|7|29633131
63581|0x5a9bf5|8|63927566
63581|0x5a9bf5|9|114788468
63581|0x5a9bf5|10|226254555
63581|0x5a9bf5|11|464262788
63581|0x85a9bf5|12|870812234
63581|0x185a9bf5|13|1701155518
63581|0x385a9bf5|14|3454213208
63581|0x785a9bf5|15|7372811235
63581|0xf85a9bf5|16|14934657230
63581|0xf85a9bf5|17|32135536249
63581|0x2f85a9bf5|18|66014456687
63581|0x6f85a9bf5|19|150644141043
63581|0x6f85a9bf5|20|281881567316
63581|0x6f85a9bf5|21|528992042499
63581|0x26f85a9bf5|22|1082151096829
63581|0x66f85a9bf5|23|2119434851307
63581|0x66f85a9bf5|24|4511715890346
63583|0x1639f|1|707442
63583|0x3639f|2|1522876
63583|0x7639f|3|3217185
63583|0x7639f|4|6587426
63583|0x7639f|5|13292824
63583|0x7639f|6|26804646
63583|0x47639f|7|53620118
63583|0x47639f|8|107569503
63583|0x147639f|9|215324537
63583|0x347639f|10|431336753
63583|0x347639f|11|862881360
63583|0x347639f|12|1726098008
63583|0x347639f|13|3463425621
63583|0x2347639f|14|6900090658
63583|0x6347639f|15|13798972201
63583|0x6347639f|16|27599315060
63583|0x6347639f|17|55238181239
63583|0x26347639f|18|110073410858
63583|0x26347639f|19|219302506957
63583|0x26347639f|20|264316023565
63583|0x126347639f|21|528362484506
63583|0x126347639f|22|1047179057454
63583|0x126347639f|23|2112616633654
63583|0x126347639f|24|4286399467424
63585|0x1aba1|1|387329
63585|0x3aba1|2|852496
63585|0x3aba1|3|2021015
63585|0xbaba1|4|3911457
63585|0x1baba1|5|8107816
63585|0x1baba1|6|16046229
63585|0x5baba1|7|32413180
63585|0x5baba1|8|64680407
63585|0x15baba1|9|129500889
63585|0x35baba1|10|256143783
63585|0x75baba1|11|518924287
63585|0xf5baba1|12|1037507891
63585|0xf5baba1|13|2078999255
63585|0x2f5baba1|14|4160877631
63585|0x6f5baba1|15|8302557637
63585|0x6f5baba1|16|16603270136
63585|0x16f5baba1|17|33198294619
63585|0x16f5baba1|18|66060589741
63585|0x56f5baba1|19|132422117496
63585|0x56f5baba1|20|264775895922
63585|0x156f5baba1|21|529169086288
63585|0x156f5baba1|22|1055049516412
63585|0x156f5baba1|23|2118111725841
63585|0x156f5baba1|24|4242107165393
63587|0x1494b|1|389388
63587|0x1494b|2|861843
63587|0x1494b|3|2027631
63587|0x1494b|4|3873184
63587|0x1494b|5|8053235
63587|0x1494b|6|15979114
63587|0x1494b|7|32202426
63587|0x81494b|8|64644349
63587|0x181494b|9|129205642
63587|0x181494b|10|259009791
63587|0x581494b|11|517858280
63587|0x581494b|12|1035632345
63587|0x581494b|13|2069822781
63587|0x2581494b|14|4142206380
63587|0x6581494b|15|8281239000
63587|0xe581494b|16|16592454832
63587|0xe581494b|17|33044548407
63587|0x2e581494b|18|66130628200
63587|0x6e581494b|19|132441150831
63587|0x6e581494b|20|264801442870
63587|0x6e581494b|21|525386123810
63587|0x6e581494b|22|1057300948051
63587|0x6e581494b|23|2176296474037
63587|0x6e581494b|24|5563167787987
63589|0xf96d|1|683912
63589|0xf96d|2|1520164
63589|0x4f96d|3|3225999
63589|0xcf96d|4|6592532
63589|0xcf96d|5|13302653
63589|0xcf96d|6|26800675
63589|0x4cf96d|7|53745397
63589|0x4cf96d|8|107662758
63589|0x4cf96d|9|215445757
63589|0x4cf96d|10|431229334
63589|0x4cf96d|11|862068728
63589|0x4cf96d|12|1723900311
63589|0x104cf96d|13|3449151788
63589|0x104cf96d|14|6901621573
63589|0x104cf96d|15|13799214427
63589|0x104cf96d|16|27616907867
63589|0x1104cf96d|17|40368748414
63589|0x3104cf96d|18|66240432367
63589|0x3104cf96d|19|132286494644
63589|0x3104cf96d|20|351503272508
63589|0x3104cf96d|21|539003061188
63589|0x3104cf96d|22|1088951257972
63589|0x3104cf96d|23|2485339705571
63589|0x3104cf96d|24|4266864870803
63591|0xa357|1|398830
63591|0x2a357|2|954041
63591|0x6a357|3|2024963
63591|0xea357|4|3916229
63591|0xea357|5|7901905
63591|0x2ea357|6|16169027
63591|0x2ea357|7|32498894
63591|0x2ea357|8|64908796
63591|0x12ea357|9|129763238
63591|0x12ea357|10|259583501
63591|0x12ea357|11|520048762
63591|0x92ea357|12|1039243234
63591|0x92ea357|13|2079816627
63591|0x292ea357|14|4158760409
63591|0x692ea357|15|8313711193
63591|0xe92ea357|16|16590506607
63591|0x1e92ea357|17|33093976191
63591|0x3e92ea357|18|65694041019
63591|0x3e92ea357|19|132511652064
63591|0xbe92ea357|20|262847116041
63591|0x1be92ea357|21|526108477091
63591|0x3be92ea357|22|1054139682405
63591|0x3be92ea357|23|2166381261350
63591|0x3be92ea357|24|4420766267381
63593|0x17d9|1|460580
63593|0x17d9|2|893163
63593|0x417d9|3|1829603
63593|0xc17d9|4|3996311
63593|0x1c17d9|5|8084626
63593|0x3c17d9|6|16144571
63593|0x7c17d9|7|32260449
63593|0x7c17d9|8|64820396
63593|0x7c17d9|9|129846317
63593|0x27c17d9|10|259711808
63593|0x67c17d9|11|519603828
63593|0x67c17d9|12|1038390704
63593|0x67c17d9|13|2071841473
63593|0x267c17d9|14|4148433865
63593|0x267c17d9|15|8313165151
63593|0x267c17d9|16|16589808738
63593|0x267c17d9|17|33173201834
63593|0x267c17d9|18|65178794349
63593|0x267c17d9|19|151126560852
63593|0x8267c17d9|20|271767316000
63593|0x8267c17d9|21|539813183422
63593|0x28267c17d9|22|1049409250921
63593|0x68267c17d9|23|2365590168790
63593|0x68267c17d9|24|4790870795310
63595|0x1f443|1|396600
63595|0x3f443|2|2201473
63595|0x3f443|3|2071291
63595|0xbf443|4|3877253
63595|0xbf443|5|7962574
63595|0x2bf443|6|16039979
63595|0x2bf443|7|32371581
63595|0x2bf443|8|64577802
63595|0x12bf443|9|129374638
63595|0x32bf443|10|258699376
63595|0x32bf443|11|504211066
63595|0xb2bf443|12|1027553626
63595|0xb2bf443|13|1933069129
63595|0xb2bf443|14|3580320857
63595|0x4b2bf443|15|6916536795
63595|0x4b2bf443|16|15317373015
63595|0x4b2bf443|17|30327333673
63595|0x24b2bf443|18|57924025604
63595|0x24b2bf443|19|119653936484
63595|0xa4b2bf443|20|287227651401
63595|0xa4b2bf443|21|511030281672
63595|0x2a4b2bf443|22|1222479794622
63595|0x2a4b2bf443|23|2227966682112
63595|0xaa4b2bf443|24|4279374278061
63597|0x1d165|1|384803
63597|0x1d165|2|858871
63597|0x1d165|3|2029518
63597|0x1d165|4|3860180
63597|0x1d165|5|8005640
63597|0x21d165|6|15943428
63597|0x61d165|7|32200146
63597|0xe1d165|8|64546760
63597|0x1e1d165|9|129340831
63597|0x1e1d165|10|258779386
63597|0x1e1d165|11|522619017
63597|0x1e1d165|12|1034185359
63597|0x11e1d165|13|2070284282
63597|0x31e1d165|14|4138508227
63597|0x31e1d165|15|8271191954
63597|0x31e1d165|16|16594885252
63597|0x31e1d165|17|33122937759
63597|0x31e1d165|18|64896972066
63597|0x31e1d165|19|136807024808
63597|0x831e1d165|20|323075825087
63597|0x1831e1d165|21|596940888132
63597|0x3831e1d165|22|1119460691422
63597|0x7831e1d165|23|2124902537685
63597|0xf831e1d165|24|4592423899631
63599|0x1668f|1|386319
63599|0x3668f|2|852906
63599|0x7668f|3|1966759
63599|0x7668f|4|3885019
63599|0x17668f|5|8121786
63599|0x17668f|6|16016177
63599|0x17668f|7|26217451
63599|0x97668f|8|62272446
63599|0x197668f|9|120694718
63599|0x197668f|10|233666744
63599|0x597668f|11|470422259
63599|0xd97668f|12|923157439
63599|0x1d97668f|13|1812411607
63599|0x1d97668f|14|3637191122
63599|0x1d97668f|15|8008592976
63599|0x9d97668f|16|20909743774
63599|0x19d97668f|17|37223373175
63599|0x39d97668f|18|67294392497
63599|0x79d97668f|19|161323773984
63599|0xf9d97668f|20|247144338321
63599|0x1f9d97668f|21|532447292983
63599|0x3f9d97668f|22|1126231176659
63599|0x7f9d97668f|23|2173370721069
63599|0x7f9d97668f|24|4327244691395
63601|0x1c891|1|441547
63601|0x3c891|2|852651
63601|0x3c891|3|1815907
63601|0xbc891|4|3985105
63601|0xbc891|5|7836911
63601|0xbc891|6|15882888
63601|0xbc891|7|27768465
63601|0x8bc891|8|55492609
63601|0x8bc891|9|112669027
63601|0x8bc891|10|226200249
63601|0x8bc891|11|449739407
63601|0x88bc891|12|871926756
63601|0x188bc891|13|1749870688
63601|0x188bc891|14|3843631461
63601|0x588bc891|15|8091880579
63601|0xd88bc891|16|14436350192
63601|0x1d88bc891|17|28692728732
63601|0x1d88bc891|18|57816285275
63601|0x1d88bc891|19|125141513944
63601|0x9d88bc891|20|260910526735
63601|0x9d88bc891|21|580030043353
63601|0x29d88bc891|22|1211344631091
63601|0x69d88bc891|23|2746592748322
63601|0xe9d88bc891|24|4944190540326
63603|0x6cbb|1|687495
63603|0x26cbb|2|1499178
63603|0x66cbb|3|3200083
63603|0xe6cbb|4|6558998
63603|0x1e6cbb|5|13243959
63603|0x1e6cbb|6|26686022
63603|0x1e6cbb|7|53674143
63603|0x1e6cbb|8|107498450
63603|0x11e6cbb|9|210544705
63603|0x31e6cbb|10|431056462
63603|0x31e6cbb|11|862665647
63603|0x31e6cbb|12|1724204473
63603|0x31e6cbb|13|3450117512
63603|0x231e6cbb|14|6903406535
63603|0x631e6cbb|15|13798082004
63603|0x631e6cbb|16|27610374245
63603|0x631e6cbb|17|51812760430
63603|0x2631e6cbb|18|110039111892
63603|0x2631e6cbb|19|155827672829
63603|0xa631e6cbb|20|322693153883
63603|0x1a631e6cbb|21|545247823795
63603|0x3a631e6cbb|22|1306628146150
63603|0x7a631e6cbb|23|2094146061122
63603|0x7a631e6cbb|24|4480257013370
63605|0x117dd|1|440482
63605|0x317dd|2|873044
63605|0x317dd|3|1826236
63605|0xb17dd|4|2824368
63605|0x1b17dd|5|5361111
63605|0x1b17dd|6|14310686
63605|0x1b17dd|7|32157668
63605|0x9b17dd|8|64462665
63605|0x9b17dd|9|109910459
63605|0x29b17dd|10|224228568
63605|0x29b17dd|11|427990980
63605|0x29b17dd|12|878784314
63605|0x129b17dd|13|2735297074
63605|0x129b17dd|14|5722593477
63605|0x529b17dd|15|9093939183
63605|0x529b17dd|16|15659484318
63605|0x529b17dd|17|38365543921
63605|0x529b17dd|18|85878826568
63605|0x4529b17dd|19|169822644639
63605|0x4529b17dd|20|274704057650
63605|0x4529b17dd|21|576811503362
63605|0x4529b17dd|22|1043864344758
63605|0x4529b17dd|23|2175295671902
63605|0x4529b17dd|24|4157298000330
63607|0x6147|1|383073
63607|0x26147|2|852960
63607|0x26147|3|1971290
63607|0xa6147|4|3903027
63607|0x1a6147|5|8113119
63607|0x1a6147|6|39936880
63607|0x1a6147|7|56290675
63607|0x9a6147|8|128660339
63607|0x9a6147|9|169280114
63607|0x29a6147|10|258796555
63607|0x69a6147|11|720676882
63607|0x69a6147|12|1830326714
63607|0x69a6147|13|3157941023
63607|0x269a6147|14|5829973545
63607|0x269a6147|15|9025849931
63607|0xa69a6147|16|19122792464
63607|0x1a69a6147|17|45070909646
63607|0x3a69a6147|18|90804768619
63607|0x3a69a6147|19|179640445462
63607|0xba69a6147|20|363066493271
63607|0x1ba69a6147|21|682828572720
63607|0x1ba69a6147|22|1486170542746
63607|0x5ba69a6147|23|2602662914964
63607|0x5ba69a6147|24|4854637215224
63609|0x1f1c9|1|664901
63609|0x3f1c9|2|1495914
63609|0x3f1c9|3|3206172
63609|0xbf1c9|4|6555253
63609|0xbf1c9|5|13272433
63609|0x2bf1c9|6|26734558
63609|0x2bf1c9|7|53638546
63609|0x2bf1c9|8|107620006
63609|0x12bf1c9|9|215360365
63609|0x12bf1c9|10|431021055
63609|0x12bf1c9|11|862294010
63609|0x12bf1c9|12|1724583213
63609|0x12bf1c9|13|3450168333
63609|0x212bf1c9|14|6580825541
63609|0x612bf1c9|15|11799170195
63609|0xe12bf1c9|16|22660857295
63609|0x1e12bf1c9|17|46678410769
63609|0x3e12bf1c9|18|86936665061
63609|0x3e12bf1c9|19|130539577585
63609|0xbe12bf1c9|20|293328334059
63609|0xbe12bf1c9|21|722277038346
63609|0xbe12bf1c9|22|1376494532581
63609|0x4be12bf1c9|23|2528994093468
63609|0x4be12bf1c9|24|5584331690088
63611|0x26b3|1|374753
63611|0x26b3|2|839624
63611|0x26b3|3|1991438
63611|0x26b3|4|3875147
63611|0x1026b3|5|8041290
63611|0x1026b3|6|15980124
63611|0x5026b3|7|32148867
63611|0x5026b3|8|64598077
63611|0x5026b3|9|129522583
63611|0x5026b3|10|253698505
63611|0x45026b3|11|509254970
63611|0xc5026b3|12|1029512602
63611|0x1c5026b3|13|2071876182
63611|0x1c5026b3|14|4070177035
63611|0x5c5026b3|15|7441858847
63611|0x5c5026b3|16|14682828923
63611|0x5c5026b3|17|29912177697
63611|0x25c5026b3|18|74950160994
63611|0x25c5026b3|19|209749603519
63611|0x25c5026b3|20|300907627506
63611|0x125c5026b3|21|554425311886
63611|0x125c5026b3|22|1053639530618
63611|0x525c5026b3|23|2114528083529
63611|0x525c5026b3|24|5065474603712
63613|0x40d5|1|388161
63613|0x240d5|2|1853156
63613|0x240d5|3|3232325
63613|0xa40d5|4|6574742
63613|0x1a40d5|5|13361419
63613|0x3a40d5|6|26755741
63613|0x7a40d5|7|53792698
63613|0xfa40d5|8|107852299
63613|0x1fa40d5|9|171603559
63613|0x3fa40d5|10|383553477
63613|0x3fa40d5|11|768982147
63613|0x3fa40d5|12|1427292378
63613|0x3fa40d5|13|1970504901
63613|0x23fa40d5|14|3572545201
63613|0x23fa40d5|15|7271634127
63613|0x23fa40d5|16|15143427331
63613|0x23fa40d5|17|30267365503
63613|0x23fa40d5|18|67212261205
63613|0x423fa40d5|19|121477841064
63613|0x423fa40d5|20|266148240970
63613|0x423fa40d5|21|491545253396
63613|0x2423fa40d5|22|1065295248412
63613|0x2423fa40d5|23|2114288825152
63613|0xa423fa40d5|24|4499790215522
63615|0xc77f|1|718724
63615|0x2c77f|2|1499519
63615|0x6c77f|3|3191700
63615|0x6c77f|4|6563130
63615|0x6c77f|5|13247939
63615|0x26c77f|6|26717264
63615|0x26c77f|7|53631163
63615|0xa6c77f|8|107512192
63615|0xa6c77f|9|215600339
63615|0xa6c77f|10|429902264
63615|0x4a6c77f|11|862816728
63615|0x4a6c77f|12|1724795063
63615|0x4a6c77f|13|3449253899
63615|0x24a6c77f|14|6904747633
63615|0x64a6c77f|15|13799567983
63615|0xe4a6c77f|16|27620355918
63615|0x1e4a6c77f|17|55008135746
63615|0x3e4a6c77f|18|110046068538
63615|0x3e4a6c77f|19|220769118754
63615|0x3e4a6c77f|20|310457415290
63615|0x13e4a6c77f|21|563293382308
63615|0x33e4a6c77f|22|1401347693324
63615|0x73e4a6c77f|23|2343151246500
63615|0x73e4a6c77f|24|4529343879653
63617|0x14781|1|397465
63617|0x34781|2|852720
63617|0x74781|3|1803867
63617|0x74781|4|3684034
63617|0x174781|5|6129113
63617|0x174781|6|10037867
63617|0x174781|7|23753143
63617|0x174781|8|46869759
63617|0x1174781|9|99739914
63617|0x3174781|10|210938886
63617|0x7174781|11|404670323
63617|0x7174781|12|717344070
63617|0x7174781|13|1703177276
63617|0x27174781|14|3049695511
63617|0x67174781|15|6893359893
63617|0xe7174781|16|14271833822
63617|0x1e7174781|17|29464285446
63617|0x1e7174781|18|60747643300
63617|0x5e7174781|19|145770652718
63617|0xde7174781|20|300636124642
63617|0xde7174781|21|546201803593
63617|0x2de7174781|22|1139469373382
63617|0x2de7174781|23|2057302141635
63617|0x2de7174781|24|4255606031936
63619|0x1162b|1|373630
63619|0x1162b|2|839575
63619|0x1162b|3|1958369
63619|0x9162b|4|3896266
63619|0x9162b|5|8142380
63619|0x29162b|6|16034745
63619|0x29162b|7|32338166
63619|0xa9162b|8|64859827
63619|0xa9162b|9|129971784
63619|0xa9162b|10|260112992
63619|0x4a9162b|11|518484104
63619|0x4a9162b|12|1039127873
63619|0x14a9162b|13|2083495222
63619|0x34a9162b|14|4155289619
63619|0x74a9162b|15|8299996347
63619|0xf4a9162b|16|16587026857
63619|0x1f4a9162b|17|32963355711
63619|0x1f4a9162b|18|65237758520
63619|0x5f4a9162b|19|125816579699
63619|0x5f4a9162b|20|238054774481
63619|0x15f4a9162b|21|593144004547
63619|0x15f4a9162b|22|1140105460913
63619|0x55f4a9162b|23|2144252692924
63619|0x55f4a9162b|24|4250262000421
63621|0x404d|1|466280
63621|0x404d|2|918204
63621|0x4404d|3|1773711
63621|0x4404d|4|4012778
63621|0x4404d|5|7848074
63621|0x4404d|6|15936971
63621|0x4404d|7|31996930
63621|0x84404d|8|64070314
63621|0x184404d|9|128479488
63621|0x184404d|10|256522883
63621|0x184404d|11|513516212
63621|0x984404d|12|950739164
63621|0x1984404d|13|1825235558
63621|0x3984404d|14|3374282833
63621|0x3984404d|15|7624905195
63621|0x3984404d|16|15960160931
63621|0x3984404d|17|33138195196
63621|0x23984404d|18|66248513952
63621|0x23984404d|19|144468241634
63621|0x23984404d|20|284509843400
63621|0x23984404d|21|533546739244
63621|0x223984404d|22|1076344579213
63621|0x223984404d|23|2084952021103
63621|0xa23984404d|24|4222133135065
63623|0x4d37|1|388003
63623|0x24d37|2|891864
63623|0x64d37|3|1951402
63623|0x64d37|4|3794149
63623|0x64d37|5|7732554
63623|0x264d37|6|15736761
63623|0x264d37|7|31325284
63623|0x264d37|8|63030340
63623|0x1264d37|9|126465456
63623|0x3264d37|10|253005135
63623|0x7264d37|11|506095263
63623|0x7264d37|12|957558335
63623|0x7264d37|13|1942263734
63623|0x27264d37|14|3678798544
63623|0x67264d37|15|6151836230
63623|0xe7264d37|16|12126768816
63623|0x1e7264d37|17|25420387800
63623|0x3e7264d37|18|62157816808
63623|0x7e7264d37|19|152009839226
63623|0xfe7264d37|20|314530709637
63623|0x1fe7264d37|21|564985855089
63623|0x1fe7264d37|22|1123604390203
63623|0x5fe7264d37|23|2360546586968
63623|0xdfe7264d37|24|3906137559356
63625|0x1fdb9|1|372688
63625|0x1fdb9|2|837761
63625|0x5fdb9|3|1883903
63625|0x5fdb9|4|3853188
63625|0x5fdb9|5|7907338
63625|0x5fdb9|6|15801024
63625|0x5fdb9|7|31765903
63625|0x5fdb9|8|63697917
63625|0x105fdb9|9|127206533
63625|0x305fdb9|10|229299785
63625|0x705fdb9|11|443456800
63625|0x705fdb9|12|880121747
63625|0x1705fdb9|13|1566855286
63625|0x3705fdb9|14|3082559612
63625|0x7705fdb9|15|6163750448
63625|0xf705fdb9|16|13241067255
63625|0xf705fdb9|17|25058868637
63625|0x2f705fdb9|18|60249392491
63625|0x6f705fdb9|19|117875017978
63625|0xef705fdb9|20|229607356982
63625|0x1ef705fdb9|21|491383663679
63625|0x3ef705fdb9|22|1264398633844
63625|0x3ef705fdb9|23|2507813819254
63625|0x3ef705fdb9|24|4286506108708
63627|0x1af23|1|246504
63627|0x1af23|2|504851
63627|0x5af23|3|1244584
63627|0x5af23|4|2777997
63627|0x5af23|5|5689895
63627|0x5af23|6|15651817
63627|0x45af23|7|25740375
63627|0xc5af23|8|51487854
63627|0x1c5af23|9|99661353
63627|0x1c5af23|10|204904861
63627|0x1c5af23|11|383835836
63627|0x9c5af23|12|890757954
63627|0x19c5af23|13|1485517836
63627|0x19c5af23|14|3490781687
63627|0x19c5af23|15|6503123359
63627|0x99c5af23|16|12977782813
63627|0x199c5af23|17|26114409264
63627|0x399c5af23|18|53993141296
63627|0x799c5af23|19|212055442898
63627|0xf99c5af23|20|360300760699
63627|0x1f99c5af23|21|503630360797
63627|0x3f99c5af23|22|1206320237993
63627|0x3f99c5af23|23|2043244278412
63627|0xbf99c5af23|24|4227578025467
63629|0x18a45|1|448137
63629|0x18a45|2|839704
63629|0x58a45|3|1834295
63629|0x58a45|4|3960495
63629|0x58a45|5|8065218
63629|0x58a45|6|16060444
63629|0x58a45|7|32068820
63629|0x58a45|8|72627395
63629|0x1058a45|9|142201616
63629|0x3058a45|10|344753535
63629|0x3058a45|11|402609337
63629|0xb058a45|12|819563911
63629|0x1b058a45|13|1655096607
63629|0x1b058a45|14|4612334782
63629|0x5b058a45|15|8091799934
63629|0xdb058a45|16|18906244810
63629|0xdb058a45|17|36662187640
63629|0x2db058a45|18|73065490046
63629|0x2db058a45|19|153501474160
63629|0x2db058a45|20|281697738611
63629|0x2db058a45|21|519509899451
63629|0x2db058a45|22|1041939541051
63629|0x42db058a45|23|2236319902994
63629|0x42db058a45|24|4927674155457
63631|0x1266f|1|373900
63631|0x1266f|2|2085997
63631|0x1266f|3|1814899
63631|0x1266f|4|3669026
63631|0x1266f|5|7413589
63631|0x21266f|6|14967806
63631|0x61266f|7|40857808
63631|0xe1266f|8|63677837
63631|0x1e1266f|9|132900189
63631|0x3e1266f|10|306550484
63631|0x3e1266f|11|757942897
63631|0xbe1266f|12|1588618069
63631|0xbe1266f|13|3089014953
63631|0xbe1266f|14|6131650465
63631|0x4be1266f|15|9148284452
63631|0xcbe1266f|16|14567259912
63631|0xcbe1266f|17|38561290644
63631|0xcbe1266f|18|76848829409
63631|0x4cbe1266f|19|159456873640
63631|0x4cbe1266f|20|387255781973
63631|0x14cbe1266f|21|603086623292
63631|0x34cbe1266f|22|1189504942905
63631|0x34cbe1266f|23|2255739531588
63631|0x34cbe1266f|24|4498893967563
63633|0x1c871|1|419366
63633|0x1c871|2|879648
63633|0x1c871|3|1789415
63633|0x1c871|4|3990767
63633|0x11c871|5|7215285
63633|0x11c871|6|10741041
63633|0x51c871|7|32113467
63633|0xd1c871|8|53366397
63633|0x1d1c871|9|94749198
63633|0x3d1c871|10|310016576
63633|0x7d1c871|11|622315683
63633|0xfd1c871|12|1308453175
63633|0x1fd1c871|13|1971070418
63633|0x1fd1c871|14|4850071952
63633|0x5fd1c871|15|11164028438
63633|0xdfd1c871|16|14864004490
63633|0xdfd1c871|17|29031889998
63633|0x2dfd1c871|18|89342853723
63633|0x6dfd1c871|19|178999757028
63633|0xedfd1c871|20|289323160919
63633|0xedfd1c871|21|575899753578
63633|0xedfd1c871|22|1084452167066
63633|0x4edfd1c871|23|2283483037454
63633|0xcedfd1c871|24|3988161162364
63635|0xe59b|1|399567
63635|0x2e59b|2|969222
63635|0x2e59b|3|2031712
63635|0xae59b|4|3923598
63635|0x1ae59b|5|7894019
63635|0x3ae59b|6|16149642
63635|0x7ae59b|7|32425293
63635|0x7ae59b|8|64752750
63635|0x17ae59b|9|129443139
63635|0x17ae59b|10|268302630
63635|0x17ae59b|11|518518399
63635|0x97ae59b|12|1036046426
63635|0x97ae59b|13|2074395575
63635|0x97ae59b|14|4149784726
63635|0x97ae59b|15|8204118195
63635|0x897ae59b|16|16408876686
63635|0x897ae59b|17|32739880184
63635|0x2897ae59b|18|65553441451
63635|0x6897ae59b|19|131135129047
63635|0x6897ae59b|20|289909755887
63635|0x16897ae59b|21|778007586109
63635|0x36897ae59b|22|1484366482642
63635|0x36897ae59b|23|2348407835982
63635|0xb6897ae59b|24|5110323287164
63637|0x12bd|1|722372
63637|0x212bd|2|1523028
63637|0x612bd|3|3237450
63637|0x612bd|4|6566192
63637|0x1612bd|5|13280657
63637|0x1612bd|6|26663663
63637|0x1612bd|7|53754715
63637|0x1612bd|8|107679680
63637|0x11612bd|9|215499958
63637|0x11612bd|10|430871374
63637|0x51612bd|11|863432882
63637|0xd1612bd|12|1725742293
63637|0xd1612bd|13|3463520379
63637|0xd1612bd|14|6919414775
63637|0xd1612bd|15|13813676061
63637|0xd1612bd|16|27622254808
63637|0x10d1612bd|17|55259316923
63637|0x30d1612bd|18|110341066578
63637|0x70d1612bd|19|155542734740
63637|0xf0d1612bd|20|262236937518
63637|0x1f0d1612bd|21|523336121199
63637|0x1f0d1612bd|22|1049334478568
63637|0x5f0d1612bd|23|2467162316918
63637|0x5f0d1612bd|24|4588368160189
63639|0x727|1|438028
63639|0x20727|2|930819
63639|0x20727|3|1840504
63639|0x20727|4|3980792
63639|0x20727|5|6423700
63639|0x220727|6|10695183
63639|0x220727|7|22563856
63639|0x220727|8|66098718
63639|0x1220727|9|127058155
63639|0x3220727|10|253559338
63639|0x3220727|11|463009115
63639|0x3220727|12|835248271
63639|0x13220727|13|1877417735
63639|0x13220727|14|3638219560
63639|0x53220727|15|6344760218
63639|0x53220727|16|12933120668
63639|0x53220727|17|25690674673
63639|0x253220727|18|53115682619
63639|0x253220727|19|170344890515
63639|0xa53220727|20|263464742922
63639|0xa53220727|21|530264036428
63639|0x2a53220727|22|1047212603764
63639|0x2a53220727|23|2125334570694
63639|0xaa53220727|24|4557437740393
63641|0x1dba9|1|259014
63641|0x1dba9|2|504895
63641|0x1dba9|3|1232454
63641|0x9dba9|4|2743977
63641|0x19dba9|5|7643820
63641|0x19dba9|6|11057783
63641|0x59dba9|7|28117819
63641|0xd9dba9|8|54574974
63641|0x1d9dba9|9|105610137
63641|0x1d9dba9|10|206091852
63641|0x1d9dba9|11|391162589
63641|0x9d9dba9|12|806288402
63641|0x19d9dba9|13|2997825567
63641|0x19d9dba9|14|4979047765
63641|0x19d9dba9|15|8000509563
63641|0x99d9dba9|16|15440979140
63641|0x199d9dba9|17|31589588938
63641|0x199d9dba9|18|78464090887
63641|0x199d9dba9|19|173237732847
63641|0x199d9dba9|20|284755685215
63641|0x199d9dba9|21|685458511523
63641|0x199d9dba9|22|1148438267513
63641|0x199d9dba9|23|2022061938301
63641|0x199d9dba9|24|4839892527035
63643|0x2d93|1|384310
63643|0x22d93|2|955622
63643|0x22d93|3|2017010
63643|0xa2d93|4|3768888
63643|0x1a2d93|5|7913382
63643|0x1a2d93|6|15717241
63643|0x1a2d93|7|31662751
63643|0x1a2d93|8|50296256
63643|0x1a2d93|9|99967188
63643|0x1a2d93|10|206215199
63643|0x41a2d93|11|411818321
63643|0xc1a2d93|12|744744036
63643|0x1c1a2d93|13|1633679447
63643|0x3c1a2d93|14|3110406434
63643|0x7c1a2d93|15|6363205432
63643|0xfc1a2d93|16|19303810397
63643|0xfc1a2d93|17|41847308465
63643|0x2fc1a2d93|18|74760329022
63643|0x2fc1a2d93|19|136655688131
63643|0xafc1a2d93|20|274415865163
63643|0xafc1a2d93|21|637715180317
63643|0x2afc1a2d93|22|1068604803480
63643|0x6afc1a2d93|23|2387563093092
63643|0x6afc1a2d93|24|4994164403309
63645|0x14db5|1|440965
63645|0x14db5|2|2268978
63645|0x54db5|3|1880681
63645|0xd4db5|4|6263359
63645|0x1d4db5|5|13249469
63645|0x1d4db5|6|26829450
63645|0x5d4db5|7|37560635
63645|0xdd4db5|8|77166292
63645|0x1dd4db5|9|156973996
63645|0x1dd4db5|10|289813570
63645|0x1dd4db5|11|654073171
63645|0x9dd4db5|12|927772486
63645|0x19dd4db5|13|1628591091
63645|0x19dd4db5|14|3032002063
63645|0x59dd4db5|15|8028807243
63645|0xd9dd4db5|16|15678366927
63645|0xd9dd4db5|17|34832127561
63645|0xd9dd4db5|18|69547650704
63645|0x4d9dd4db5|19|130561847867
63645|0xcd9dd4db5|20|279653884113
63645|0x1cd9dd4db5|21|542897538170
63645|0x1cd9dd4db5|22|1106272055929
63645|0x5cd9dd4db5|23|2495352798004
63645|0x5cd9dd4db5|24|4365907002239
63647|0x235f|1|424960
63647|0x2235f|2|1547098
63647|0x2235f|3|1834084
63647|0xa235f|4|3960967
63647|0x1a235f|5|7776913
63647|0x1a235f|6|15852173
63647|0x1a235f|7|31310886
63647|0x9a235f|8|52863775
63647|0x9a235f|9|115786492
63647|0x29a235f|10|225551320
63647|0x29a235f|11|432344822
63647|0x29a235f|12|897921234
63647|0x129a235f|13|2821969913
63647|0x329a235f|14|5641357510
63647|0x729a235f|15|11649443310
63647|0xf29a235f|16|19299675467
63647|0xf29a235f|17|42349478816
63647|0xf29a235f|18|61969482050
63647|0x4f29a235f|19|116152646722
63647|0xcf29a235f|20|334151786877
63647|0x1cf29a235f|21|627603891905
63647|0x1cf29a235f|22|1298988241234
63647|0x1cf29a235f|23|2625956803595
63647|0x1cf29a235f|24|5459479717659
63649|0xeb61|1|716335
63649|0x2eb61|2|1523376
63649|0x6eb61|3|3225403
63649|0x6eb61|4|5417647
63649|0x6eb61|5|8934933
63649|0x26eb61|6|26499167
63649|0x26eb61|7|45789375
63649|0xa6eb61|8|107598785
63649|0x1a6eb61|9|191919811
63649|0x3a6eb61|10|378153792
63649|0x3a6eb61|11|794431326
63649|0x3a6eb61|12|1550398956
63649|0x3a6eb61|13|2970881833
63649|0x3a6eb61|14|5972319421
63649|0x3a6eb61|15|11387910081
63649|0x3a6eb61|16|22086014268
63649|0x3a6eb61|17|33169226192
63649|0x3a6eb61|18|65586666138
63649|0x403a6eb61|19|133257339049
63649|0x403a6eb61|20|248639132106
63649|0x1403a6eb61|21|476271765325
63649|0x3403a6eb61|22|1059009436577
63649|0x7403a6eb61|23|1930644531498
63649|0xf403a6eb61|24|4485058926476
63651|0x17b0b|1|438012
63651|0x17b0b|2|969702
63651|0x57b0b|3|1822055
63651|0x57b0b|4|3989865
63651|0x157b0b|5|7753545
63651|0x357b0b|6|15941854
63651|0x757b0b|7|31453876
63651|0x757b0b|8|64132472
63651|0x757b0b|9|128746727
63651|0x2757b0b|10|257252996
63651|0x2757b0b|11|514175024
63651|0x2757b0b|12|1028321831
63651|0x2757b0b|13|2053003822
63651|0x22757b0b|14|4108231139
63651|0x62757b0b|15|8224500392
63651|0xe2757b0b|16|16397545813
63651|0xe2757b0b|17|32597367764
63651|0x2e2757b0b|18|65348072571
63651|0x2e2757b0b|19|129464292403
63651|0xae2757b0b|20|275102988859
63651|0x1ae2757b0b|21|610973971799
63651|0x1ae2757b0b|22|994157421513
63651|0x1ae2757b0b|23|2031112440487
63651|0x9ae2757b0b|24|4627741386337
63653|0x2f2d|1|244205
63653|0x22f2d|2|505014
63653|0x62f2d|3|1232586
63653|0x62f2d|4|2503236
63653|0x162f2d|5|5000999
63653|0x162f2d|6|12836835
63653|0x162f2d|7|37878418
63653|0x162f2d|8|65371731
63653|0x162f2d|9|89005535
63653|0x162f2d|10|185953825
63653|0x4162f2d|11|476493698
63653|0x4162f2d|12|817341514
63653|0x4162f2d|13|1407565674
63653|0x24162f2d|14|3265181324
63653|0x64162f2d|15|8102584511
63653|0x64162f2d|16|15883629314
63653|0x64162f2d|17|31894772648
63653|0x264162f2d|18|65968149459
63653|0x264162f2d|19|143775392394
63653|0x264162f2d|20|300285967674
63653|0x264162f2d|21|553780689321
63653|0x264162f2d|22|1131299389198
63653|0x264162f2d|23|2065510918624
63653|0x8264162f2d|24|3937670952887
63655|0x12f17|1|437293
63655|0x12f17|2|954317
63655|0x52f17|3|1970436
63655|0x52f17|4|3958424
63655|0x52f17|5|7909719
63655|0x52f17|6|16158556
63655|0x52f17|7|32452852
63655|0x52f17|8|65153814
63655|0x1052f17|9|130051072
63655|0x1052f17|10|259655289
63655|0x1052f17|11|519941967
63655|0x1052f17|12|1039968001
63655|0x11052f17|13|2081345463
63655|0x31052f17|14|4176615996
63655|0x31052f17|15|8324587564
63655|0x31052f17|16|16676802286
63655|0x131052f17|17|33183576634
63655|0x131052f17|18|64860888761
63655|0x531052f17|19|140033122223
63655|0x531052f17|20|262882077270
63655|0x531052f17|21|612050067935
63655|0x2531052f17|22|1442933491794
63655|0x6531052f17|23|2095098807376
63655|0xe531052f17|24|4150338695198
63657|0x12b99|1|373648
63657|0x32b99|2|839730
63657|0x72b99|3|1774291
63657|0xf2b99|4|3655118
63657|0xf2b99|5|7679986
63657|0xf2b99|6|15180261
63657|0x4f2b99|7|30525462
63657|0xcf2b99|8|61087062
63657|0x1cf2b99|9|122159764
63657|0x1cf2b99|10|244478472
63657|0x5cf2b99|11|489306207
63657|0xdcf2b99|12|978742722
63657|0x1dcf2b99|13|1959044910
63657|0x3dcf2b99|14|3908565940
63657|0x3dcf2b99|15|7826289538
63657|0xbdcf2b99|16|15641631200
63657|0xbdcf2b99|17|31189229156
63657|0x2bdcf2b99|18|62922352884
63657|0x2bdcf2b99|19|131688799090
63657|0x2bdcf2b99|20|258561610647
63657|0x12bdcf2b99|21|487412002132
63657|0x12bdcf2b99|22|1065616359572
63657|0x52bdcf2b99|23|2223872983203
63657|0xd2bdcf2b99|24|4664933020162
