50179|0x106ab|1|381193
50179|0x306ab|2|862536
50179|0x706ab|3|1938835
50179|0x706ab|4|3707045
50179|0x1706ab|5|19485263
50179|0x3706ab|6|17721497
50179|0x7706ab|7|20103423
50179|0xf706ab|8|46100414
50179|0xf706ab|9|116999858
50179|0xf706ab|10|249402302
50179|0x4f706ab|11|497808518
50179|0x4f706ab|12|989303785
50179|0x14f706ab|13|1975515700
50179|0x34f706ab|14|3947409022
50179|0x74f706ab|15|7880313533
50179|0xf4f706ab|16|15785662202
50179|0xf4f706ab|17|30830070809
50179|0xf4f706ab|18|61922119133
50179|0xf4f706ab|19|125155046141
50179|0xf4f706ab|20|251139123641
50179|0x10f4f706ab|21|506458178743
50179|0x10f4f706ab|22|1008182010981
50179|0x50f4f706ab|23|2008379464743
50179|0xd0f4f706ab|24|3995787234541
50181|0x168cd|1|416208
50181|0x168cd|2|905438
50181|0x568cd|3|1862433
50181|0xd68cd|4|3811968
50181|0xd68cd|5|7518982
50181|0xd68cd|6|15387840
50181|0xd68cd|7|30908724
50181|0x8d68cd|8|61757728
50181|0x18d68cd|9|123367930
50181|0x18d68cd|10|246895009
50181|0x58d68cd|11|495597758
50181|0x58d68cd|12|1001132740
50181|0x58d68cd|13|1983371996
50181|0x258d68cd|14|3991254454
50181|0x258d68cd|15|7980398425
50181|0x258d68cd|16|15936465655
50181|0x1258d68cd|17|31461653610
50181|0x3258d68cd|18|63234099321
50181|0x3258d68cd|19|126190097481
50181|0x3258d68cd|20|251998439840
50181|0x13258d68cd|21|506637579241
50181|0x33258d68cd|22|1006667674992
50181|0x73258d68cd|23|2009913669635
50181|0x73258d68cd|24|4011690553356
50183|0x169b7|1|410283
50183|0x369b7|2|934040
50183|0x369b7|3|1952748
50183|0xb69b7|4|3751023
50183|0xb69b7|5|7575400
50183|0xb69b7|6|15316190
50183|0x4b69b7|7|30727937
50183|0x4b69b7|8|61537461
50183|0x14b69b7|9|123248707
50183|0x34b69b7|10|280361270
50183|0x74b69b7|11|496052075
50183|0x74b69b7|12|1988132822
50183|0x174b69b7|13|1986922631
50183|0x374b69b7|14|3969719631
50183|0x774b69b7|15|7904442690
50183|0x774b69b7|16|15847789056
50183|0x1774b69b7|17|31869175514
50183|0x1774b69b7|18|62497415781
50183|0x1774b69b7|19|125243612473
50183|0x1774b69b7|20|253754955645
50183|0x1774b69b7|21|503630647170
50183|0x21774b69b7|22|1013234039849
50183|0x61774b69b7|23|2004435121021
50183|0x61774b69b7|24|4015340543700
50185|0xa39|1|444245
50185|0xa39|2|869004
50185|0x40a39|3|1952114
50185|0xc0a39|4|3687441
50185|0xc0a39|5|7649022
50185|0xc0a39|6|15325676
50185|0x4c0a39|7|30738070
50185|0xcc0a39|8|61716937
50185|0x1cc0a39|9|123515521
50185|0x1cc0a39|10|246870537
50185|0x1cc0a39|11|497519610
50185|0x9cc0a39|12|982298390
50185|0x19cc0a39|13|1976484609
50185|0x39cc0a39|14|4030150923
50185|0x79cc0a39|15|7911361287
50185|0xf9cc0a39|16|16924636083
50185|0x1f9cc0a39|17|31039928029
50185|0x3f9cc0a39|18|62876137415
50185|0x7f9cc0a39|19|125533143640
50185|0xff9cc0a39|20|250661606192
50185|0x1ff9cc0a39|21|501880538719
50185|0x3ff9cc0a39|22|1004527543305
50185|0x3ff9cc0a39|23|2009207116617
50185|0xbff9cc0a39|24|3999369214535
50187|0xa7a3|1|474505
50187|0xa7a3|2|905089
50187|0xa7a3|3|1794339
50187|0xa7a3|4|3866216
50187|0xa7a3|5|7477862
50187|0x20a7a3|6|15362676
50187|0x60a7a3|7|30810948
50187|0xe0a7a3|8|61654437
50187|0xe0a7a3|9|124152255
50187|0x2e0a7a3|10|248572433
50187|0x2e0a7a3|11|497170471
50187|0x2e0a7a3|12|988810761
50187|0x2e0a7a3|13|2167447608
50187|0x22e0a7a3|14|3973322892
50187|0x22e0a7a3|15|7889289138
50187|0xa2e0a7a3|16|15719056835
50187|0x1a2e0a7a3|17|31225810889
50187|0x3a2e0a7a3|18|62426408196
50187|0x7a2e0a7a3|19|127011300266
50187|0xfa2e0a7a3|20|252802187839
50187|0xfa2e0a7a3|21|507190348759
50187|0x2fa2e0a7a3|22|1009782995959
50187|0x6fa2e0a7a3|23|2003829184248
50187|0xefa2e0a7a3|24|4000040690545
50189|0x12ac5|1|433460
50189|0x32ac5|2|933684
50189|0x32ac5|3|1750398
50189|0xb2ac5|4|3913714
50189|0x1b2ac5|5|7632892
50189|0x3b2ac5|6|15516105
50189|0x7b2ac5|7|31041335
50189|0x7b2ac5|8|62043381
50189|0x17b2ac5|9|123872275
50189|0x17b2ac5|10|248072771
50189|0x17b2ac5|11|495904873
50189|0x17b2ac5|12|1212571347
50189|0x17b2ac5|13|1984365048
50189|0x217b2ac5|14|4187459013
50189|0x217b2ac5|15|7753739092
50189|0x217b2ac5|16|16010721388
50189|0x217b2ac5|17|31682497132
50189|0x217b2ac5|18|63391191860
50189|0x4217b2ac5|19|126888226696
50189|0xc217b2ac5|20|253263976410
50189|0xc217b2ac5|21|504424965096
50189|0xc217b2ac5|22|1020751071252
50189|0x4c217b2ac5|23|2012305563512
50189|0xcc217b2ac5|24|4217932987885
50191|0x1aaef|1|680871
50191|0x1aaef|2|1467675
50191|0x1aaef|3|3113216
50191|0x9aaef|4|6378317
50191|0x19aaef|5|12782007
50191|0x39aaef|6|25732270
50191|0x79aaef|7|51609809
50191|0x79aaef|8|103453318
50191|0x79aaef|9|206661348
50191|0x279aaef|10|411392337
50191|0x679aaef|11|822990270
50191|0xe79aaef|12|1645972495
50191|0xe79aaef|13|3311031677
50191|0xe79aaef|14|7055376610
50191|0xe79aaef|15|13185847433
50191|0xe79aaef|16|15855155088
50191|0xe79aaef|17|31771514544
50191|0x20e79aaef|18|62868634981
50191|0x60e79aaef|19|125674895311
50191|0x60e79aaef|20|251266553048
50191|0x160e79aaef|21|502954055962
50191|0x360e79aaef|22|1040342078542
50191|0x760e79aaef|23|2374061548850
50191|0x760e79aaef|24|3885907349739
50193|0xacf1|1|396818
50193|0xacf1|2|796557
50193|0x4acf1|3|1706477
50193|0xcacf1|4|3745689
50193|0xcacf1|5|7070316
50193|0xcacf1|6|14514258
50193|0x4cacf1|7|23575502
50193|0xccacf1|8|50170572
50193|0xccacf1|9|117019852
50193|0x2ccacf1|10|211046242
50193|0x6ccacf1|11|416058495
50193|0xeccacf1|12|774926770
50193|0x1eccacf1|13|1625390589
50193|0x1eccacf1|14|3172786021
50193|0x5eccacf1|15|6248463069
50193|0x5eccacf1|16|12449023546
50193|0x15eccacf1|17|24954495554
50193|0x15eccacf1|18|49667484683
50193|0x55eccacf1|19|100425993394
50193|0x55eccacf1|20|200123376314
50193|0x155eccacf1|21|438243926256
50193|0x155eccacf1|22|938611671598
50193|0x155eccacf1|23|2665022241119
50193|0x155eccacf1|24|3924370104247
50195|0x1a61b|1|361704
50195|0x1a61b|2|821992
50195|0x5a61b|3|1879240
50195|0xda61b|4|3652071
50195|0x1da61b|5|7178698
50195|0x3da61b|6|14510522
50195|0x7da61b|7|29106848
50195|0xfda61b|8|58562747
50195|0xfda61b|9|117489030
50195|0x2fda61b|10|235306868
50195|0x6fda61b|11|468528224
50195|0xefda61b|12|935668132
50195|0x1efda61b|13|1934807005
50195|0x1efda61b|14|3749706782
50195|0x1efda61b|15|7512924278
50195|0x9efda61b|16|15358819228
50195|0x9efda61b|17|29283006620
50195|0x29efda61b|18|59652140284
50195|0x69efda61b|19|119271919500
50195|0xe9efda61b|20|237959587047
50195|0x1e9efda61b|21|478847209958
50195|0x1e9efda61b|22|1427457950165
50195|0x1e9efda61b|23|2697699928271
50195|0x1e9efda61b|24|4351449227863
50197|0xeb3d|1|353009
50197|0x2eb3d|2|796548
50197|0x2eb3d|3|1706693
50197|0xaeb3d|4|3615486
50197|0xaeb3d|5|5512537
50197|0xaeb3d|6|10516235
50197|0xaeb3d|7|29111173
50197|0xaeb3d|8|51582014
50197|0x10aeb3d|9|111446637
50197|0x30aeb3d|10|215077189
50197|0x70aeb3d|11|416799425
50197|0x70aeb3d|12|840249688
50197|0x170aeb3d|13|1702344706
50197|0x170aeb3d|14|3241770929
50197|0x570aeb3d|15|6488694182
50197|0xd70aeb3d|16|12995331757
50197|0xd70aeb3d|17|25692093874
50197|0x2d70aeb3d|18|51842603655
50197|0x2d70aeb3d|19|110763946385
50197|0x2d70aeb3d|20|240719746822
50197|0x2d70aeb3d|21|477700548402
50197|0x22d70aeb3d|22|947999469144
50197|0x22d70aeb3d|23|2192540325577
50197|0xa2d70aeb3d|24|5873865161548
50199|0xb3a7|1|628471
50199|0xb3a7|2|1441780
50199|0x4b3a7|3|3073553
50199|0xcb3a7|4|6252526
50199|0x1cb3a7|5|12664991
50199|0x3cb3a7|6|25575966
50199|0x3cb3a7|7|51227742
50199|0x3cb3a7|8|102674467
50199|0x13cb3a7|9|206892607
50199|0x33cb3a7|10|413954182
50199|0x73cb3a7|11|822669446
50199|0x73cb3a7|12|1649857782
50199|0x73cb3a7|13|3311682108
50199|0x273cb3a7|14|6667775333
50199|0x273cb3a7|15|13172359400
50199|0x273cb3a7|16|26411197577
50199|0x273cb3a7|17|49953163457
50199|0x2273cb3a7|18|102735487444
50199|0x6273cb3a7|19|190271121927
50199|0xe273cb3a7|20|256588183604
50199|0x1e273cb3a7|21|554943629552
50199|0x1e273cb3a7|22|1190432827660
50199|0x5e273cb3a7|23|2105107614447
50199|0xde273cb3a7|24|3954480789272
50201|0x5829|1|644418
50201|0x5829|2|1433114
50201|0x5829|3|3111646
50201|0x85829|4|6329581
50201|0x185829|5|12724458
50201|0x385829|6|25709060
50201|0x385829|7|51583827
50201|0x385829|8|103359101
50201|0x1385829|9|206942679
50201|0x3385829|10|413920208
50201|0x7385829|11|828071032
50201|0xf385829|12|1656066050
50201|0xf385829|13|3312584979
50201|0x2f385829|14|6625195522
50201|0x6f385829|15|13170684089
50201|0x6f385829|16|26500942150
50201|0x6f385829|17|47322914059
50201|0x26f385829|18|87644916280
50201|0x66f385829|19|203972586091
50201|0xe6f385829|20|263972296259
50201|0x1e6f385829|21|648195535692
50201|0x3e6f385829|22|1009857575585
50201|0x7e6f385829|23|2497732678035
50201|0xfe6f385829|24|5415590827287
50203|0x17613|1|651913
50203|0x37613|2|1504798
50203|0x77613|3|3090673
50203|0x77613|4|6379365
50203|0x177613|5|12758752
50203|0x377613|6|25780565
50203|0x777613|7|51524043
50203|0x777613|8|102701325
50203|0x1777613|9|206840701
50203|0x3777613|10|411223953
50203|0x7777613|11|827724275
50203|0x7777613|12|1645665246
50203|0x7777613|13|3228615079
50203|0x7777613|14|4814592000
50203|0x47777613|15|8035412207
50203|0x47777613|16|14911071056
50203|0x147777613|17|29821226807
50203|0x347777613|18|59274261469
50203|0x347777613|19|118764394187
50203|0x347777613|20|237818784032
50203|0x1347777613|21|695258157984
50203|0x1347777613|22|1268858848452
50203|0x5347777613|23|2774877540769
50203|0xd347777613|24|4883164890172
50205|0x1e35|1|652745
50205|0x1e35|2|1500622
50205|0x41e35|3|3090219
50205|0xc1e35|4|6352624
50205|0xc1e35|5|12789639
50205|0xc1e35|6|25788599
50205|0xc1e35|7|47971804
50205|0x8c1e35|8|90556599
50205|0x18c1e35|9|190458351
50205|0x18c1e35|10|361094226
50205|0x58c1e35|11|638679378
50205|0xd8c1e35|12|1185339123
50205|0x1d8c1e35|13|2324820456
50205|0x3d8c1e35|14|3963033330
50205|0x7d8c1e35|15|7508681001
50205|0xfd8c1e35|16|14922472414
50205|0xfd8c1e35|17|29599948618
50205|0xfd8c1e35|18|58396226009
50205|0x4fd8c1e35|19|119090157603
50205|0x4fd8c1e35|20|365135125520
50205|0x14fd8c1e35|21|494332869799
50205|0x14fd8c1e35|22|950919735529
50205|0x14fd8c1e35|23|2008305078286
50205|0x94fd8c1e35|24|4695897165899
50207|0x1b7df|1|478153
50207|0x1b7df|2|796872
50207|0x5b7df|3|1757300
50207|0xdb7df|4|3822340
50207|0x1db7df|5|7658149
50207|0x3db7df|6|15360522
50207|0x7db7df|7|30820587
50207|0x7db7df|8|62099720
50207|0x7db7df|9|123754214
50207|0x7db7df|10|248975895
50207|0x7db7df|11|494735743
50207|0x7db7df|12|995332955
50207|0x107db7df|13|1980480436
50207|0x107db7df|14|4498244035
50207|0x507db7df|15|9871206425
50207|0x507db7df|16|19812853103
50207|0x507db7df|17|28798624787
50207|0x2507db7df|18|61854835826
50207|0x2507db7df|19|126350248524
50207|0xa507db7df|20|251961435915
50207|0xa507db7df|21|506070269220
50207|0x2a507db7df|22|1010805866395
50207|0x6a507db7df|23|2110482681225
50207|0xea507db7df|24|4427133198541
50209|0x1bfe1|1|395897
50209|0x3bfe1|2|796488
50209|0x7bfe1|3|1745171
50209|0xfbfe1|4|3495321
50209|0x1fbfe1|5|7372983
50209|0x1fbfe1|6|14645908
50209|0x1fbfe1|7|29374690
50209|0x1fbfe1|8|58338620
50209|0x11fbfe1|9|117499855
50209|0x11fbfe1|10|234024636
50209|0x51fbfe1|11|454486396
50209|0xd1fbfe1|12|938922043
50209|0xd1fbfe1|13|1874849714
50209|0xd1fbfe1|14|3496157414
50209|0xd1fbfe1|15|7087886730
50209|0xd1fbfe1|16|13820972476
50209|0xd1fbfe1|17|26421435687
50209|0x20d1fbfe1|18|57370995160
50209|0x20d1fbfe1|19|118494861861
50209|0x20d1fbfe1|20|262925072248
50209|0x120d1fbfe1|21|479106002225
50209|0x320d1fbfe1|22|1024425181442
50209|0x320d1fbfe1|23|1920585300872
50209|0xb20d1fbfe1|24|5164522928638
50211|0xb8b|1|362833
50211|0xb8b|2|850281
50211|0xb8b|3|1730567
50211|0x80b8b|4|3567735
50211|0x180b8b|5|7381372
50211|0x380b8b|6|12997994
50211|0x380b8b|7|29125358
50211|0xb80b8b|8|50424631
50211|0xb80b8b|9|107220530
50211|0x2b80b8b|10|227439154
50211|0x2b80b8b|11|414823557
50211|0xab80b8b|12|825520449
50211|0xab80b8b|13|1641629011
50211|0x2ab80b8b|14|3322949655
50211|0x6ab80b8b|15|6537161531
50211|0xeab80b8b|16|13010067041
50211|0x1eab80b8b|17|29145398218
50211|0x1eab80b8b|18|75948536358
50211|0x1eab80b8b|19|151569438019
50211|0x9eab80b8b|20|274925589801
50211|0x19eab80b8b|21|548627194006
50211|0x19eab80b8b|22|1343641820809
50211|0x59eab80b8b|23|2047948116253
50211|0x59eab80b8b|24|5115378550782
50213|0x1b7ad|1|365896
50213|0x1b7ad|2|821945
50213|0x1b7ad|3|1743017
50213|0x1b7ad|4|3560545
50213|0x1b7ad|5|7375188
50213|0x21b7ad|6|14667660
50213|0x21b7ad|7|24141812
50213|0xa1b7ad|8|69310126
50213|0xa1b7ad|9|110385723
50213|0xa1b7ad|10|209168190
50213|0xa1b7ad|11|408875292
50213|0x8a1b7ad|12|837304949
50213|0x18a1b7ad|13|1643039451
50213|0x38a1b7ad|14|3251243428
50213|0x38a1b7ad|15|6499177696
50213|0x38a1b7ad|16|13030393024
50213|0x38a1b7ad|17|25997576157
50213|0x38a1b7ad|18|52287626830
50213|0x438a1b7ad|19|120410416802
50213|0xc38a1b7ad|20|243134785966
50213|0xc38a1b7ad|21|492780629992
50213|0x2c38a1b7ad|22|952800567647
50213|0x6c38a1b7ad|23|2415841457877
50213|0x6c38a1b7ad|24|6215748515605
50215|0x6b97|1|653611
50215|0x6b97|2|988017
50215|0x6b97|3|2169990
50215|0x6b97|4|4394272
50215|0x106b97|5|8849134
50215|0x306b97|6|25507512
50215|0x706b97|7|43332090
50215|0xf06b97|8|92108712
50215|0x1f06b97|9|181554557
50215|0x3f06b97|10|365287652
50215|0x7f06b97|11|722102001
50215|0xff06b97|12|1378741458
50215|0xff06b97|13|2762616657
50215|0xff06b97|14|5724633310
50215|0xff06b97|15|11157344635
50215|0x8ff06b97|16|22279357032
50215|0x8ff06b97|17|44468057942
50215|0x28ff06b97|18|88992017292
50215|0x28ff06b97|19|178703320488
50215|0xa8ff06b97|20|291183021387
50215|0x1a8ff06b97|21|512153459513
50215|0x1a8ff06b97|22|1295535043141
50215|0x5a8ff06b97|23|2157505954109
50215|0x5a8ff06b97|24|4982989733638
50217|0x11819|1|240694
50217|0x11819|2|510603
50217|0x11819|3|1215118
50217|0x11819|4|2477883
50217|0x11819|5|4912350
50217|0x211819|6|13739082
50217|0x611819|7|29225769
50217|0x611819|8|48496087
50217|0x611819|9|91623913
50217|0x2611819|10|202059496
50217|0x2611819|11|412715662
50217|0xa611819|12|839553792
50217|0xa611819|13|1572141499
50217|0xa611819|14|3238383109
50217|0xa611819|15|7444563974
50217|0xa611819|16|14975572143
50217|0xa611819|17|29366850229
50217|0xa611819|18|59145900020
50217|0x40a611819|19|119027494887
50217|0xc0a611819|20|234295430344
50217|0xc0a611819|21|534390035892
50217|0x2c0a611819|22|956874711100
50217|0x2c0a611819|23|2475195186584
50217|0x2c0a611819|24|4616187094586
50219|0x1da83|1|354146
50219|0x1da83|2|796772
50219|0x5da83|3|1845239
50219|0xdda83|4|3715546
50219|0xdda83|5|7725357
50219|0x2dda83|6|15301386
50219|0x2dda83|7|30812789
50219|0x2dda83|8|61596137
50219|0x12dda83|9|123209202
50219|0x32dda83|10|247013335
50219|0x72dda83|11|492992859
50219|0x72dda83|12|991418388
50219|0x172dda83|13|1986060008
50219|0x172dda83|14|4148384645
50219|0x172dda83|15|7861667595
50219|0x172dda83|16|16289356523
50219|0x1172dda83|17|31894073209
50219|0x3172dda83|18|63011325534
50219|0x7172dda83|19|164966671911
50219|0x7172dda83|20|349206947279
50219|0x17172dda83|21|554999229712
50219|0x37172dda83|22|1152989059064
50219|0x37172dda83|23|1950606357670
50219|0x37172dda83|24|4210549030339
50221|0x2ba5|1|684698
50221|0x22ba5|2|1459505
50221|0x62ba5|3|3078253
50221|0x62ba5|4|6322068
50221|0x62ba5|5|12756138
50221|0x62ba5|6|25708787
50221|0x62ba5|7|51553578
50221|0x862ba5|8|102647227
50221|0x1862ba5|9|205385269
50221|0x3862ba5|10|413491040
50221|0x3862ba5|11|610731587
50221|0xb862ba5|12|999927254
50221|0xb862ba5|13|1979245778
50221|0xb862ba5|14|3965306823
50221|0x4b862ba5|15|7963038097
50221|0x4b862ba5|16|23721471943
50221|0x4b862ba5|17|52891130144
50221|0x4b862ba5|18|53453848025
50221|0x4b862ba5|19|100792305794
50221|0x4b862ba5|20|199539848896
50221|0x4b862ba5|21|430601484299
50221|0x204b862ba5|22|1090551434945
50221|0x204b862ba5|23|2067973369855
50221|0xa04b862ba5|24|4090052188146
50223|0x102cf|1|645490
50223|0x302cf|2|1468618
50223|0x702cf|3|1968997
50223|0x702cf|4|3509653
50223|0x1702cf|5|7399495
50223|0x3702cf|6|14690137
50223|0x7702cf|7|28241288
50223|0x7702cf|8|58776670
50223|0x7702cf|9|155778821
50223|0x7702cf|10|296842011
50223|0x47702cf|11|611177902
50223|0x47702cf|12|1172188779
50223|0x147702cf|13|2353580815
50223|0x347702cf|14|4815413765
50223|0x747702cf|15|9498014474
50223|0xf47702cf|16|19308510344
50223|0xf47702cf|17|37171697241
50223|0xf47702cf|18|74933135883
50223|0xf47702cf|19|127836583875
50223|0x8f47702cf|20|340845056975
50223|0x18f47702cf|21|599427222965
50223|0x18f47702cf|22|1069697064160
50223|0x58f47702cf|23|1824637438210
50223|0xd8f47702cf|24|4563601850409
50225|0x14d1|1|403212
50225|0x14d1|2|911063
50225|0x414d1|3|2170002
50225|0xc14d1|4|6221739
50225|0xc14d1|5|12747351
50225|0xc14d1|6|25698580
50225|0x4c14d1|7|43668964
50225|0xcc14d1|8|91407312
50225|0x1cc14d1|9|182162050
50225|0x1cc14d1|10|363583655
50225|0x1cc14d1|11|737445106
50225|0x9cc14d1|12|1459766880
50225|0x9cc14d1|13|2744177406
50225|0x29cc14d1|14|5458486271
50225|0x69cc14d1|15|10942364215
50225|0xe9cc14d1|16|21630909775
50225|0x1e9cc14d1|17|44354606256
50225|0x3e9cc14d1|18|104332229630
50225|0x3e9cc14d1|19|102111455674
50225|0x3e9cc14d1|20|347669700914
50225|0x3e9cc14d1|21|606984778685
50225|0x3e9cc14d1|22|1092858346939
50225|0x43e9cc14d1|23|2300235954918
50225|0x43e9cc14d1|24|4709448556507
50227|0x1d6fb|1|353505
50227|0x3d6fb|2|812148
50227|0x7d6fb|3|1960299
50227|0xfd6fb|4|3652866
50227|0xfd6fb|5|7696477
50227|0xfd6fb|6|15185206
50227|0x4fd6fb|7|30631126
50227|0xcfd6fb|8|61643151
50227|0xcfd6fb|9|122420705
50227|0x2cfd6fb|10|244947880
50227|0x2cfd6fb|11|487194557
50227|0x2cfd6fb|12|989568415
50227|0x12cfd6fb|13|1988940724
50227|0x32cfd6fb|14|3976586315
50227|0x72cfd6fb|15|7949887072
50227|0x72cfd6fb|16|16139351653
50227|0x72cfd6fb|17|31858514726
50227|0x272cfd6fb|18|62421400417
50227|0x672cfd6fb|19|136699575849
50227|0x672cfd6fb|20|351746075225
50227|0x1672cfd6fb|21|559912572093
50227|0x3672cfd6fb|22|977142458575
50227|0x7672cfd6fb|23|2095340938054
50227|0xf672cfd6fb|24|3967246228668
50229|0x16e1d|1|473409
50229|0x36e1d|2|821782
50229|0x76e1d|3|1730555
50229|0xf6e1d|4|3676285
50229|0xf6e1d|5|7274263
50229|0xf6e1d|6|14618944
50229|0xf6e1d|7|23374534
50229|0x8f6e1d|8|51599142
50229|0x8f6e1d|9|111476666
50229|0x28f6e1d|10|213915371
50229|0x28f6e1d|11|388978329
50229|0xa8f6e1d|12|781272013
50229|0xa8f6e1d|13|1635951874
50229|0xa8f6e1d|14|3183895075
50229|0xa8f6e1d|15|6264583120
50229|0xa8f6e1d|16|12619247507
50229|0xa8f6e1d|17|25168720318
50229|0xa8f6e1d|18|50313118579
50229|0xa8f6e1d|19|113584888097
50229|0x80a8f6e1d|20|246042342154
50229|0x80a8f6e1d|21|760933210763
50229|0x80a8f6e1d|22|1417191462809
50229|0x480a8f6e1d|23|2665393907779
50229|0x480a8f6e1d|24|4911192034545
50231|0x3187|1|628464
50231|0x23187|2|1455907
50231|0x63187|3|3074823
50231|0x63187|4|6250530
50231|0x63187|5|12684940
50231|0x63187|6|25535426
50231|0x463187|7|46062023
50231|0x463187|8|95550385
50231|0x1463187|9|184709412
50231|0x1463187|10|366696553
50231|0x5463187|11|732528308
50231|0x5463187|12|1510859787
50231|0x5463187|13|2892034729
50231|0x25463187|14|5522148767
50231|0x65463187|15|11098359504
50231|0xe5463187|16|22150859635
50231|0x1e5463187|17|45161028199
50231|0x3e5463187|18|90253014071
50231|0x3e5463187|19|144437162726
50231|0x3e5463187|20|220462296019
50231|0x3e5463187|21|475020233586
50231|0x23e5463187|22|1263392603067
50231|0x63e5463187|23|2355475031923
50231|0x63e5463187|24|5136664167607
50233|0x1ea09|1|645530
50233|0x1ea09|2|1909585
50233|0x5ea09|3|3123041
50233|0x5ea09|4|6326848
50233|0x5ea09|5|8032224
50233|0x5ea09|6|19358505
50233|0x5ea09|7|47378154
50233|0x85ea09|8|91631839
50233|0x185ea09|9|180979045
50233|0x385ea09|10|375446654
50233|0x385ea09|11|710608390
50233|0x385ea09|12|1415324346
50233|0x1385ea09|13|2733656935
50233|0x3385ea09|14|5428399357
50233|0x3385ea09|15|11048714031
50233|0x3385ea09|16|21984999092
50233|0x3385ea09|17|43935980595
50233|0x23385ea09|18|84773469801
50233|0x23385ea09|19|179930230096
50233|0x23385ea09|20|305318970417
50233|0x123385ea09|21|467126464377
50233|0x123385ea09|22|1450446204724
50233|0x123385ea09|23|2572233495489
50233|0x923385ea09|24|4488653097783
50235|0x174f3|1|366026
50235|0x174f3|2|822424
50235|0x174f3|3|1827156
50235|0x174f3|4|3708362
50235|0x174f3|5|7135912
50235|0x2174f3|6|14637836
50235|0x6174f3|7|44477760
50235|0x6174f3|8|80123364
50235|0x6174f3|9|157110275
50235|0x6174f3|10|274311160
50235|0x46174f3|11|605181993
50235|0x46174f3|12|1195906445
50235|0x46174f3|13|2418018139
50235|0x246174f3|14|4753613559
50235|0x246174f3|15|9663529892
50235|0x246174f3|16|19219793778
50235|0x1246174f3|17|37852378588
50235|0x3246174f3|18|70289637841
50235|0x7246174f3|19|104886355113
50235|0x7246174f3|20|274227386979
50235|0x7246174f3|21|622453736079
50235|0x7246174f3|22|952031423951
50235|0x7246174f3|23|2175841212605
50235|0x87246174f3|24|4395528253746
50237|0xf315|1|684227
50237|0x2f315|2|1424198
50237|0x2f315|3|3081695
50237|0x2f315|4|6291450
50237|0x12f315|5|12657237
50237|0x32f315|6|25542774
50237|0x72f315|7|51196692
50237|0xf2f315|8|102608144
50237|0xf2f315|9|206612426
50237|0xf2f315|10|413539577
50237|0x4f2f315|11|823148593
50237|0x4f2f315|12|1330746889
50237|0x14f2f315|13|2485810586
50237|0x14f2f315|14|5059535341
50237|0x14f2f315|15|9929595399
50237|0x14f2f315|16|19598377853
50237|0x114f2f315|17|41183960307
50237|0x114f2f315|18|85612564658
50237|0x514f2f315|19|176264299091
50237|0x514f2f315|20|408859228500
50237|0x514f2f315|21|591285033972
50237|0x514f2f315|22|1173220623387
50237|0x4514f2f315|23|2260742567127
50237|0xc514f2f315|24|4390026055060
50239|0x12bbf|1|366624
50239|0x12bbf|2|848436
50239|0x12bbf|3|1865175
50239|0x92bbf|4|3730970
50239|0x92bbf|5|7707078
50239|0x92bbf|6|15167333
50239|0x492bbf|7|30514348
50239|0xc92bbf|8|61267069
50239|0x1c92bbf|9|119651338
50239|0x3c92bbf|10|246598264
50239|0x7c92bbf|11|497808702
50239|0x7c92bbf|12|1019290886
50239|0x17c92bbf|13|1999274573
50239|0x37c92bbf|14|3967190043
50239|0x77c92bbf|15|7910492154
50239|0xf7c92bbf|16|14593984469
50239|0x1f7c92bbf|17|24910487570
50239|0x3f7c92bbf|18|50861406663
50239|0x3f7c92bbf|19|104705461416
50239|0x3f7c92bbf|20|265595237071
50239|0x13f7c92bbf|21|719807915078
50239|0x33f7c92bbf|22|1144081145892
50239|0x33f7c92bbf|23|1881323475179
50239|0xb3f7c92bbf|24|4547071016320
50241|0x14bc1|1|250163
50241|0x14bc1|2|510300
50241|0x54bc1|3|1215167
50241|0xd4bc1|4|2456262
50241|0xd4bc1|5|5409433
50241|0x2d4bc1|6|14540750
50241|0x2d4bc1|7|29113725
50241|0xad4bc1|8|51724800
50241|0xad4bc1|9|101843548
50241|0x2ad4bc1|10|210244377
50241|0x6ad4bc1|11|406495081
50241|0x6ad4bc1|12|824737120
50241|0x6ad4bc1|13|1701946722
50241|0x26ad4bc1|14|3165087323
50241|0x26ad4bc1|15|6381204657
50241|0xa6ad4bc1|16|12844230616
50241|0x1a6ad4bc1|17|25441212517
50241|0x1a6ad4bc1|18|52901689152
50241|0x1a6ad4bc1|19|101251170460
50241|0x9a6ad4bc1|20|281179459780
50241|0x19a6ad4bc1|21|478878905458
50241|0x39a6ad4bc1|22|1181348366082
50241|0x79a6ad4bc1|23|2359253693799
50241|0xf9a6ad4bc1|24|5084057756844
50243|0xa86b|1|493159
50243|0x2a86b|2|1828449
50243|0x6a86b|3|1901027
50243|0x6a86b|4|3686913
50243|0x16a86b|5|7752413
50243|0x36a86b|6|15346195
50243|0x76a86b|7|32919391
50243|0x76a86b|8|103224759
50243|0x76a86b|9|205440187
50243|0x76a86b|10|306747389
50243|0x76a86b|11|623736729
50243|0x876a86b|12|1248227787
50243|0x1876a86b|13|2523258947
50243|0x1876a86b|14|4986154182
50243|0x5876a86b|15|9933845595
50243|0x5876a86b|16|22326887771
50243|0x5876a86b|17|29983653235
50243|0x25876a86b|18|68024669457
50243|0x25876a86b|19|117357506075
50243|0xa5876a86b|20|245093090340
50243|0x1a5876a86b|21|506115527751
50243|0x3a5876a86b|22|1042350817622
50243|0x3a5876a86b|23|2276037471616
50243|0x3a5876a86b|24|4017537384491
50245|0x1ae8d|1|438854
50245|0x1ae8d|2|822185
50245|0x1ae8d|3|1730666
50245|0x9ae8d|4|3545235
50245|0x9ae8d|5|7393105
50245|0x9ae8d|6|14597335
50245|0x49ae8d|7|24104413
50245|0xc9ae8d|8|54036742
50245|0xc9ae8d|9|109780053
50245|0xc9ae8d|10|212535270
50245|0xc9ae8d|11|431702435
50245|0xc9ae8d|12|832501631
50245|0xc9ae8d|13|1660163125
50245|0x20c9ae8d|14|3101322694
50245|0x60c9ae8d|15|6319739239
50245|0xe0c9ae8d|16|12882031579
50245|0x1e0c9ae8d|17|25193651902
50245|0x1e0c9ae8d|18|50620638095
50245|0x5e0c9ae8d|19|111098519217
50245|0x5e0c9ae8d|20|243367150535
50245|0x15e0c9ae8d|21|535279022444
50245|0x15e0c9ae8d|22|1057026616298
50245|0x15e0c9ae8d|23|2108236780309
50245|0x15e0c9ae8d|24|4495442493177
50247|0x1a577|1|227570
50247|0x1a577|2|510259
50247|0x5a577|3|1215071
50247|0x5a577|4|2126174
50247|0x5a577|5|4897568
50247|0x5a577|6|14013837
50247|0x45a577|7|29146397
50247|0x45a577|8|49284778
50247|0x45a577|9|100058695
50247|0x245a577|10|206787156
50247|0x645a577|11|416522699
50247|0x645a577|12|756713112
50247|0x1645a577|13|1568511467
50247|0x1645a577|14|5021440782
50247|0x1645a577|15|9829247441
50247|0x9645a577|16|16835894666
50247|0x19645a577|17|28803211157
50247|0x39645a577|18|69816859252
50247|0x79645a577|19|119077020858
50247|0xf9645a577|20|257899926358
50247|0xf9645a577|21|516564906702
50247|0x2f9645a577|22|1043022913111
50247|0x6f9645a577|23|2296376607734
50247|0x6f9645a577|24|4499315312446
50249|0x6df9|1|272541
50249|0x26df9|2|510442
50249|0x66df9|3|1215267
50249|0xe6df9|4|2600926
50249|0x1e6df9|5|5793619
50249|0x3e6df9|6|14634524
50249|0x3e6df9|7|23310914
50249|0x3e6df9|8|50015351
50249|0x3e6df9|9|110581825
50249|0x23e6df9|10|187550769
50249|0x23e6df9|11|444027858
50249|0x23e6df9|12|847436781
50249|0x123e6df9|13|1645465076
50249|0x123e6df9|14|3111372787
50249|0x123e6df9|15|7232192918
50249|0x123e6df9|16|15684524212
50249|0x1123e6df9|17|30716162008
50249|0x3123e6df9|18|62008472304
50249|0x3123e6df9|19|126067705022
50249|0xb123e6df9|20|251016178277
50249|0xb123e6df9|21|503951743500
50249|0x2b123e6df9|22|1179696285099
50249|0x6b123e6df9|23|2172717832442
50249|0xeb123e6df9|24|4424430378334
50251|0x1e563|1|401536
50251|0x3e563|2|842410
50251|0x7e563|3|1739166
50251|0x7e563|4|3852602
50251|0x17e563|5|7634140
50251|0x37e563|6|15484098
50251|0x37e563|7|21359619
50251|0x37e563|8|56468542
50251|0x37e563|9|114202814
50251|0x37e563|10|219914507
50251|0x437e563|11|441130529
50251|0xc37e563|12|834563811
50251|0xc37e563|13|2248836258
50251|0x2c37e563|14|3440634257
50251|0x6c37e563|15|6513953900
50251|0xec37e563|16|16274472007
50251|0xec37e563|17|30405932467
50251|0xec37e563|18|83212381351
50251|0xec37e563|19|138744545479
50251|0xec37e563|20|294147451518
50251|0xec37e563|21|610580118800
50251|0x20ec37e563|22|1089919830883
50251|0x20ec37e563|23|2151505289500
50251|0xa0ec37e563|24|3879662237393
50253|0x1485|1|396276
50253|0x1485|2|796882
50253|0x41485|3|1707092
50253|0x41485|4|3504836
50253|0x141485|5|7148292
50253|0x141485|6|14386487
50253|0x541485|7|48708313
50253|0x541485|8|71223219
50253|0x1541485|9|130365500
50253|0x3541485|10|296267097
50253|0x3541485|11|565835895
50253|0x3541485|12|1135500611
50253|0x3541485|13|2405720009
50253|0x23541485|14|4077742602
50253|0x23541485|15|7002099673
50253|0x23541485|16|19202299219
50253|0x123541485|17|28066579568
50253|0x123541485|18|56215094990
50253|0x523541485|19|123634204712
50253|0xd23541485|20|336061859354
50253|0xd23541485|21|554740359192
50253|0xd23541485|22|1133325725051
50253|0xd23541485|23|2256397775744
50253|0xd23541485|24|4513523599570
50255|0x1d2af|1|650926
50255|0x3d2af|2|1657775
50255|0x7d2af|3|2170140
50255|0xfd2af|4|4383546
50255|0x1fd2af|5|7382979
50255|0x3fd2af|6|25229513
50255|0x3fd2af|7|51711163
50255|0x3fd2af|8|91108623
50255|0x13fd2af|9|188630753
50255|0x13fd2af|10|350384695
50255|0x13fd2af|11|721712531
50255|0x13fd2af|12|1410872502
50255|0x13fd2af|13|2541980799
50255|0x13fd2af|14|6252549881
50255|0x413fd2af|15|11498245274
50255|0x413fd2af|16|18468986751
50255|0x1413fd2af|17|37760020700
50255|0x1413fd2af|18|64820650721
50255|0x1413fd2af|19|118968575598
50255|0x9413fd2af|20|289084181519
50255|0x19413fd2af|21|568647421334
50255|0x19413fd2af|22|1158002170220
50255|0x59413fd2af|23|2166460881998
50255|0xd9413fd2af|24|3778345043813
50257|0x104b1|1|647109
50257|0x304b1|2|3333962
50257|0x704b1|3|3134560
50257|0x704b1|4|6319753
50257|0x1704b1|5|12833031
50257|0x3704b1|6|24911426
50257|0x3704b1|7|51327851
50257|0x3704b1|8|102707201
50257|0x13704b1|9|206960327
50257|0x33704b1|10|411620435
50257|0x73704b1|11|809800480
50257|0xf3704b1|12|1649634681
50257|0x1f3704b1|13|3299479820
50257|0x1f3704b1|14|5232968592
50257|0x1f3704b1|15|10041971252
50257|0x1f3704b1|16|19198256164
50257|0x1f3704b1|17|38608408362
50257|0x1f3704b1|18|69057415980
50257|0x1f3704b1|19|127916407090
50257|0x1f3704b1|20|255778193625
50257|0x101f3704b1|21|557773752321
50257|0x101f3704b1|22|1222345735620
50257|0x101f3704b1|23|2320001556089
50257|0x101f3704b1|24|4498970384928
50259|0x1fdb|1|366605
50259|0x21fdb|2|822184
50259|0x61fdb|3|1751750
50259|0x61fdb|4|3552691
50259|0x61fdb|5|7152803
50259|0x261fdb|6|14535701
50259|0x661fdb|7|29193564
50259|0xe61fdb|8|51758393
50259|0x1e61fdb|9|109194757
50259|0x3e61fdb|10|215075973
50259|0x7e61fdb|11|397393581
50259|0x7e61fdb|12|1056128123
50259|0x7e61fdb|13|1741473791
50259|0x7e61fdb|14|4184702005
50259|0x47e61fdb|15|6856860867
50259|0xc7e61fdb|16|21528249477
50259|0x1c7e61fdb|17|34640707821
50259|0x1c7e61fdb|18|71947863663
50259|0x1c7e61fdb|19|151148011072
50259|0x1c7e61fdb|20|260981721806
50259|0x1c7e61fdb|21|542318784438
50259|0x21c7e61fdb|22|1086383778241
50259|0x21c7e61fdb|23|2224113799749
50259|0x21c7e61fdb|24|4358146983445
50261|0x18fd|1|375079
50261|0x218fd|2|836778
50261|0x618fd|3|1822937
50261|0xe18fd|4|3811376
50261|0x1e18fd|5|7778643
50261|0x3e18fd|6|12365831
50261|0x7e18fd|7|26791743
50261|0x7e18fd|8|55856432
50261|0x17e18fd|9|114813608
50261|0x37e18fd|10|220045216
50261|0x77e18fd|11|439052213
50261|0xf7e18fd|12|834876729
50261|0x1f7e18fd|13|1670350991
50261|0x1f7e18fd|14|3283616705
50261|0x1f7e18fd|15|7487886204
50261|0x1f7e18fd|16|21497594540
50261|0x11f7e18fd|17|35613140876
50261|0x11f7e18fd|18|73022498490
50261|0x51f7e18fd|19|137337595923
50261|0x51f7e18fd|20|311008312616
50261|0x151f7e18fd|21|525894317661
50261|0x351f7e18fd|22|1059363494525
50261|0x751f7e18fd|23|1949594780034
50261|0x751f7e18fd|24|4032829704923
50263|0x6767|1|459867
50263|0x26767|2|1969021
50263|0x66767|3|1743179
50263|0xe6767|4|3855092
50263|0x1e6767|5|7586350
50263|0x1e6767|6|15218180
50263|0x1e6767|7|30564221
50263|0x9e6767|8|61612917
50263|0x19e6767|9|122899174
50263|0x19e6767|10|229880761
50263|0x59e6767|11|506422225
50263|0x59e6767|12|981822950
50263|0x159e6767|13|1958674272
50263|0x359e6767|14|3883238680
50263|0x359e6767|15|6943454600
50263|0xb59e6767|16|14194410158
50263|0x1b59e6767|17|27598687860
50263|0x3b59e6767|18|56180383897
50263|0x3b59e6767|19|114061192338
50263|0x3b59e6767|20|226736490765
50263|0x13b59e6767|21|455946385673
50263|0x13b59e6767|22|919758185207
50263|0x53b59e6767|23|2076185056383
50263|0xd3b59e6767|24|4494744001404
50265|0x43e9|1|239701
50265|0x243e9|2|510312
50265|0x243e9|3|1215117
50265|0xa43e9|4|2768180
50265|0x1a43e9|5|5247103
50265|0x3a43e9|6|14566233
50265|0x7a43e9|7|30516241
50265|0xfa43e9|8|54459811
50265|0x1fa43e9|9|105968833
50265|0x1fa43e9|10|211526609
50265|0x5fa43e9|11|438682469
50265|0x5fa43e9|12|880477185
50265|0x15fa43e9|13|1951856455
50265|0x15fa43e9|14|3935438255
50265|0x55fa43e9|15|7436132821
50265|0xd5fa43e9|16|13619119811
50265|0xd5fa43e9|17|28019434743
50265|0x2d5fa43e9|18|56320321014
50265|0x2d5fa43e9|19|129934844823
50265|0x2d5fa43e9|20|235157047800
50265|0x12d5fa43e9|21|461652219702
50265|0x32d5fa43e9|22|971480655899
50265|0x32d5fa43e9|23|1978692542238
50265|0xb2d5fa43e9|24|3817078781433
50267|0xcbd3|1|366715
50267|0x2cbd3|2|822191
50267|0x6cbd3|3|1758828
50267|0xecbd3|4|3842372
50267|0x1ecbd3|5|6265222
50267|0x1ecbd3|6|10524165
50267|0x1ecbd3|7|27799936
50267|0x1ecbd3|8|53363350
50267|0x11ecbd3|9|102773196
50267|0x31ecbd3|10|212482023
50267|0x31ecbd3|11|446341542
50267|0x31ecbd3|12|988052261
50267|0x131ecbd3|13|1862238865
50267|0x331ecbd3|14|3460854190
50267|0x731ecbd3|15|6737729170
50267|0xf31ecbd3|16|13756531201
50267|0xf31ecbd3|17|27217246928
50267|0x2f31ecbd3|18|56716185176
50267|0x2f31ecbd3|19|112790329700
50267|0x2f31ecbd3|20|222899024009
50267|0x12f31ecbd3|21|467339861691
50267|0x32f31ecbd3|22|971991466268
50267|0x72f31ecbd3|23|1846727380598
50267|0x72f31ecbd3|24|3798033084387
50269|0x12ff5|1|352349
50269|0x32ff5|2|797056
50269|0x32ff5|3|1824317
50269|0x32ff5|4|3686013
50269|0x32ff5|5|7549477
50269|0x232ff5|6|15199192
50269|0x232ff5|7|23964028
50269|0xa32ff5|8|53863600
50269|0xa32ff5|9|113859928
50269|0xa32ff5|10|217951779
50269|0x4a32ff5|11|439218265
50269|0x4a32ff5|12|898320596
50269|0x4a32ff5|13|1753137947
50269|0x24a32ff5|14|3298078556
50269|0x64a32ff5|15|7201170476
50269|0xe4a32ff5|16|14560453425
50269|0xe4a32ff5|17|28358912141
50269|0xe4a32ff5|18|54703279009
50269|0xe4a32ff5|19|110237311701
50269|0xe4a32ff5|20|244332384645
50269|0xe4a32ff5|21|481853627621
50269|0x20e4a32ff5|22|943302323190
50269|0x20e4a32ff5|23|1852627981979
50269|0x20e4a32ff5|24|4340389919837
50271|0x979f|1|376938
50271|0x2979f|2|822196
50271|0x6979f|3|1731069
50271|0xe979f|4|3564426
50271|0xe979f|5|7426576
50271|0xe979f|6|14651700
50271|0xe979f|7|42750138
50271|0x8e979f|8|59101788
50271|0x18e979f|9|148144692
50271|0x18e979f|10|279801334
50271|0x18e979f|11|425474478
50271|0x18e979f|12|776219237
50271|0x18e979f|13|1545658033
50271|0x18e979f|14|3405040586
50271|0x418e979f|15|9820247264
50271|0xc18e979f|16|19206141173
50271|0x1c18e979f|17|32451863201
50271|0x1c18e979f|18|65209701199
50271|0x1c18e979f|19|138748772184
50271|0x9c18e979f|20|273932061134
50271|0x19c18e979f|21|575873975775
50271|0x19c18e979f|22|1130978128027
50271|0x59c18e979f|23|2309453525469
50271|0xd9c18e979f|24|4490767073642
50273|0xdfa1|1|352931
50273|0xdfa1|2|851734
50273|0x4dfa1|3|1967981
50273|0x4dfa1|4|3673527
50273|0x14dfa1|5|7682068
50273|0x34dfa1|6|11838459
50273|0x74dfa1|7|27505726
50273|0xf4dfa1|8|53728101
50273|0xf4dfa1|9|107847138
50273|0xf4dfa1|10|224045284
50273|0xf4dfa1|11|419868323
50273|0x8f4dfa1|12|886696488
50273|0x8f4dfa1|13|2809089337
50273|0x28f4dfa1|14|5080930676
50273|0x28f4dfa1|15|8799872294
50273|0x28f4dfa1|16|13989746569
50273|0x128f4dfa1|17|36417229604
50273|0x128f4dfa1|18|73843626122
50273|0x528f4dfa1|19|133023593530
50273|0x528f4dfa1|20|276118765591
50273|0x1528f4dfa1|21|512007571224
50273|0x3528f4dfa1|22|1115998921182
50273|0x3528f4dfa1|23|2122252481113
50273|0xb528f4dfa1|24|4300235453955
50275|0x1dd4b|1|629626
50275|0x3dd4b|2|1422584
50275|0x7dd4b|3|3086070
50275|0xfdd4b|4|6290904
50275|0x1fdd4b|5|12494636
50275|0x1fdd4b|6|20902394
50275|0x5fdd4b|7|43066344
50275|0xdfdd4b|8|87142118
50275|0xdfdd4b|9|189441674
50275|0xdfdd4b|10|395261750
50275|0x4dfdd4b|11|774571247
50275|0xcdfdd4b|12|1526145350
50275|0xcdfdd4b|13|2726482178
50275|0x2cdfdd4b|14|4620487538
50275|0x6cdfdd4b|15|7628193920
50275|0xecdfdd4b|16|15512241428
50275|0x1ecdfdd4b|17|36210736153
50275|0x3ecdfdd4b|18|62492614572
50275|0x3ecdfdd4b|19|203776681110
50275|0x3ecdfdd4b|20|328661998582
50275|0x3ecdfdd4b|21|517857181119
50275|0x23ecdfdd4b|22|1017550844058
50275|0x63ecdfdd4b|23|1894575123632
50275|0x63ecdfdd4b|24|4132943698021
50277|0x4d6d|1|239983
50277|0x24d6d|2|510215
50277|0x24d6d|3|1375480
50277|0x24d6d|4|2607463
50277|0x124d6d|5|5269287
50277|0x124d6d|6|13818666
50277|0x124d6d|7|30583356
50277|0x924d6d|8|57072029
50277|0x1924d6d|9|111461215
50277|0x3924d6d|10|216288846
50277|0x7924d6d|11|415714217
50277|0x7924d6d|12|825988525
50277|0x7924d6d|13|1661773677
50277|0x7924d6d|14|3445915170
50277|0x7924d6d|15|7855413896
50277|0x7924d6d|16|13288124199
50277|0x107924d6d|17|25837812249
50277|0x107924d6d|18|58005053773
50277|0x507924d6d|19|113658655182
50277|0xd07924d6d|20|347891222635
50277|0x1d07924d6d|21|502038333555
50277|0x1d07924d6d|22|1097047362799
50277|0x5d07924d6d|23|2226864437702
50277|0xdd07924d6d|24|4526368586591
50279|0x1757|1|455820
50279|0x1757|2|823517
50279|0x1757|3|1784480
50279|0x81757|4|3801522
50279|0x81757|5|7725547
50279|0x281757|6|15471811
50279|0x281757|7|30968026
50279|0x281757|8|61801290
50279|0x281757|9|123590398
50279|0x2281757|10|261579825
50279|0x2281757|11|449311624
50279|0x2281757|12|832813073
50279|0x12281757|13|1786049816
50279|0x12281757|14|3319288565
50279|0x12281757|15|7449693271
50279|0x12281757|16|14790522662
50279|0x12281757|17|27513095209
50279|0x212281757|18|63131354759
50279|0x612281757|19|144127600063
50279|0xe12281757|20|266443743080
50279|0x1e12281757|21|507170399321
50279|0x1e12281757|22|1141910009643
50279|0x1e12281757|23|2331397496671
50279|0x1e12281757|24|4161808050824
50281|0x10bd9|1|402165
50281|0x10bd9|2|2023507
50281|0x10bd9|3|1731695
50281|0x10bd9|4|3826768
50281|0x10bd9|5|7408431
50281|0x10bd9|6|15253468
50281|0x10bd9|7|30765300
50281|0x810bd9|8|61176475
50281|0x810bd9|9|137289104
50281|0x2810bd9|10|233599979
50281|0x6810bd9|11|492747396
50281|0xe810bd9|12|986514297
50281|0xe810bd9|13|1983309852
50281|0xe810bd9|14|3450186542
50281|0x4e810bd9|15|9723381279
50281|0x4e810bd9|16|18510269051
50281|0x14e810bd9|17|39110399698
50281|0x14e810bd9|18|80483590635
50281|0x54e810bd9|19|123827183548
50281|0xd4e810bd9|20|250602202083
50281|0x1d4e810bd9|21|573815595761
50281|0x3d4e810bd9|22|1195629535675
50281|0x7d4e810bd9|23|2267246763617
50281|0xfd4e810bd9|24|4541834528007
50283|0x1c843|1|626606
50283|0x3c843|2|3160945
50283|0x3c843|3|3088933
50283|0xbc843|4|4012666
50283|0xbc843|5|7167666
50283|0xbc843|6|14427014
50283|0x4bc843|7|29029205
50283|0x4bc843|8|85639475
50283|0x14bc843|9|158930527
50283|0x14bc843|10|352564897
50283|0x14bc843|11|587557496
50283|0x14bc843|12|1231442625
50283|0x114bc843|13|2803980083
50283|0x114bc843|14|5113153817
50283|0x514bc843|15|8398971378
50283|0x514bc843|16|19039552723
50283|0x514bc843|17|35462136373
50283|0x514bc843|18|65104178169
50283|0x514bc843|19|115241443231
50283|0x514bc843|20|235798534100
50283|0x514bc843|21|513140783413
50283|0x20514bc843|22|1069129769207
50283|0x60514bc843|23|2196556132935
50283|0xe0514bc843|24|4464829367988
50285|0x1e565|1|258216
50285|0x1e565|2|579787
50285|0x1e565|3|1343731
50285|0x1e565|4|2981918
50285|0x11e565|5|7282805
50285|0x11e565|6|12339358
50285|0x51e565|7|26473598
50285|0xd1e565|8|58730928
50285|0x1d1e565|9|112396825
50285|0x3d1e565|10|208400972
50285|0x7d1e565|11|391760329
50285|0xfd1e565|12|886050624
50285|0x1fd1e565|13|2939880067
50285|0x1fd1e565|14|4913560143
50285|0x5fd1e565|15|7167592682
50285|0xdfd1e565|16|14342657414
50285|0xdfd1e565|17|28529411626
50285|0xdfd1e565|18|60502778432
50285|0x4dfd1e565|19|117617527275
50285|0x4dfd1e565|20|242818092702
50285|0x14dfd1e565|21|486687275425
50285|0x14dfd1e565|22|1053697659796
50285|0x54dfd1e565|23|1915517316825
50285|0xd4dfd1e565|24|4024614155007
50287|0x11a8f|1|567151
50287|0x11a8f|2|1266116
50287|0x11a8f|3|1440592
50287|0x11a8f|4|2459693
50287|0x111a8f|5|5252441
50287|0x111a8f|6|12264821
50287|0x511a8f|7|30465919
50287|0xd11a8f|8|46996873
50287|0x1d11a8f|9|112542410
50287|0x3d11a8f|10|201328556
50287|0x3d11a8f|11|417756135
50287|0x3d11a8f|12|876323399
50287|0x3d11a8f|13|1662030188
50287|0x3d11a8f|14|3857864125
50287|0x43d11a8f|15|7657641747
50287|0xc3d11a8f|16|25217372771
50287|0x1c3d11a8f|17|51583238799
50287|0x1c3d11a8f|18|58808742679
50287|0x1c3d11a8f|19|115877287958
50287|0x1c3d11a8f|20|231587336550
50287|0x11c3d11a8f|21|549975074109
50287|0x31c3d11a8f|22|1048665512292
50287|0x31c3d11a8f|23|1976358298277
50287|0xb1c3d11a8f|24|3947341727549
50289|0x7c91|1|353223
50289|0x27c91|2|1950391
50289|0x27c91|3|1908906
50289|0xa7c91|4|3692523
50289|0xa7c91|5|7587297
50289|0xa7c91|6|15341737
50289|0xa7c91|7|30514339
50289|0xa7c91|8|61351470
50289|0xa7c91|9|123249446
50289|0xa7c91|10|238432285
50289|0x40a7c91|11|493103574
50289|0x40a7c91|12|981649492
50289|0x140a7c91|13|1974781710
50289|0x340a7c91|14|3625117488
50289|0x340a7c91|15|7172919691
50289|0x340a7c91|16|14162354616
50289|0x1340a7c91|17|28561242717
50289|0x1340a7c91|18|57660836179
50289|0x1340a7c91|19|143359638947
50289|0x1340a7c91|20|251052864373
50289|0x1340a7c91|21|471817847271
50289|0x21340a7c91|22|940917996564
50289|0x21340a7c91|23|2635151017785
50289|0xa1340a7c91|24|6093361415705
50291|0x180bb|1|414292
50291|0x180bb|2|1944227
50291|0x580bb|3|1786280
50291|0xd80bb|4|3830730
50291|0xd80bb|5|7655432
50291|0x2d80bb|6|15493185
50291|0x2d80bb|7|30794372
50291|0x2d80bb|8|61998759
50291|0x12d80bb|9|123899005
50291|0x32d80bb|10|248322832
50291|0x72d80bb|11|493149856
50291|0x72d80bb|12|992677149
50291|0x172d80bb|13|1981708680
50291|0x172d80bb|14|3961352534
50291|0x572d80bb|15|7920884937
50291|0x572d80bb|16|15883152844
50291|0x572d80bb|17|31778556196
50291|0x2572d80bb|18|62775981471
50291|0x6572d80bb|19|114721431630
50291|0xe572d80bb|20|367089143463
50291|0x1e572d80bb|21|833608866198
50291|0x3e572d80bb|22|1657341083800
50291|0x7e572d80bb|23|3054863552932
50291|0xfe572d80bb|24|4673204505788
50293|0x1ebdd|1|367435
50293|0x3ebdd|2|1968042
50293|0x3ebdd|3|1925491
50293|0x3ebdd|4|3753637
50293|0x3ebdd|5|7582480
50293|0x23ebdd|6|15344695
50293|0x23ebdd|7|33344466
50293|0x23ebdd|8|103512376
50293|0x123ebdd|9|123940334
50293|0x323ebdd|10|300792029
50293|0x323ebdd|11|605570289
50293|0x323ebdd|12|1219109855
50293|0x1323ebdd|13|2131105088
50293|0x1323ebdd|14|3275425789
50293|0x5323ebdd|15|6651467236
50293|0xd323ebdd|16|13416414862
50293|0xd323ebdd|17|26417307407
50293|0xd323ebdd|18|68858308291
50293|0xd323ebdd|19|143435479456
50293|0x8d323ebdd|20|296345397185
50293|0x18d323ebdd|21|663144035004
50293|0x18d323ebdd|22|1127933777297
50293|0x18d323ebdd|23|2276900788657
50293|0x18d323ebdd|24|4334248421803
50295|0x5547|1|352557
50295|0x25547|2|796808
50295|0x25547|3|1733147
50295|0x25547|4|3509947
50295|0x25547|5|7317995
50295|0x225547|6|14474518
50295|0x625547|7|28963402
50295|0x625547|8|58372990
50295|0x1625547|9|116958422
50295|0x3625547|10|233710082
50295|0x7625547|11|467195547
50295|0xf625547|12|944028919
50295|0x1f625547|13|1878531253
50295|0x3f625547|14|3757822650
50295|0x7f625547|15|7483227144
50295|0xff625547|16|15032910919
50295|0xff625547|17|29091501068
50295|0x2ff625547|18|59075136025
50295|0x6ff625547|19|128296435445
50295|0xeff625547|20|273836766936
50295|0xeff625547|21|482590059135
50295|0xeff625547|22|1520120908265
50295|0xeff625547|23|2624885183219
50295|0x8eff625547|24|5044208606136
50297|0x65c9|1|398136
50297|0x265c9|2|822235
50297|0x265c9|3|1861749
50297|0x265c9|4|3771905
50297|0x1265c9|5|7766363
50297|0x3265c9|6|15469769
50297|0x7265c9|7|30775548
50297|0x7265c9|8|61974115
50297|0x7265c9|9|123382726
50297|0x7265c9|10|246927852
50297|0x47265c9|11|494927217
50297|0x47265c9|12|985735622
50297|0x147265c9|13|1981757473
50297|0x147265c9|14|3964870834
50297|0x547265c9|15|7926038533
50297|0xd47265c9|16|15842549356
50297|0xd47265c9|17|28092787588
50297|0xd47265c9|18|88347179227
50297|0x4d47265c9|19|124006283974
50297|0x4d47265c9|20|235633426074
50297|0x14d47265c9|21|494310394090
50297|0x14d47265c9|22|1026666695761
50297|0x14d47265c9|23|1999668549108
50297|0x94d47265c9|24|4607855785049
50299|0x7ab3|1|497487
50299|0x7ab3|2|797381
50299|0x47ab3|3|1848596
50299|0xc7ab3|4|3738441
50299|0x1c7ab3|5|7770259
50299|0x3c7ab3|6|15455943
50299|0x3c7ab3|7|31004309
50299|0x3c7ab3|8|61880000
50299|0x13c7ab3|9|124235821
50299|0x33c7ab3|10|248396488
50299|0x73c7ab3|11|496744969
50299|0xf3c7ab3|12|996008561
50299|0xf3c7ab3|13|1989836462
50299|0x2f3c7ab3|14|3978615644
50299|0x2f3c7ab3|15|7956478467
50299|0x2f3c7ab3|16|15880995535
50299|0x12f3c7ab3|17|37846407007
50299|0x12f3c7ab3|18|101297656829
50299|0x52f3c7ab3|19|124452747579
50299|0xd2f3c7ab3|20|250612972303
50299|0xd2f3c7ab3|21|497109736895
50299|0xd2f3c7ab3|22|999900118019
50299|0xd2f3c7ab3|23|2002888742474
50299|0x8d2f3c7ab3|24|3995582428507
50301|0x1d4d5|1|415405
50301|0x1d4d5|2|871381
50301|0x1d4d5|3|1753507
50301|0x9d4d5|4|3892443
50301|0x9d4d5|5|7671420
50301|0x9d4d5|6|15448194
50301|0x49d4d5|7|29530251
50301|0x49d4d5|8|61891033
50301|0x149d4d5|9|124112173
50301|0x149d4d5|10|248156100
50301|0x149d4d5|11|493776198
50301|0x949d4d5|12|984501404
50301|0x1949d4d5|13|1974153705
50301|0x3949d4d5|14|3967420703
50301|0x3949d4d5|15|7927690674
50301|0xb949d4d5|16|15841585537
50301|0x1b949d4d5|17|31243382635
50301|0x1b949d4d5|18|62651345520
50301|0x5b949d4d5|19|125220980552
50301|0xdb949d4d5|20|248019177632
50301|0x1db949d4d5|21|496518239576
50301|0x3db949d4d5|22|997326393284
50301|0x3db949d4d5|23|2363325916438
50301|0x3db949d4d5|24|4503815297513
50303|0xfb7f|1|492251
50303|0x2fb7f|2|822450
50303|0x2fb7f|3|1743180
50303|0xafb7f|4|3554475
50303|0xafb7f|5|7390148
50303|0xafb7f|6|14615186
50303|0xafb7f|7|29303544
50303|0xafb7f|8|58675283
50303|0xafb7f|9|117387693
50303|0x20afb7f|10|233811912
50303|0x60afb7f|11|467392623
50303|0xe0afb7f|12|940486963
50303|0xe0afb7f|13|1878529366
50303|0x2e0afb7f|14|3763845415
50303|0x6e0afb7f|15|7491403302
50303|0x6e0afb7f|16|15003493580
50303|0x16e0afb7f|17|30047615504
50303|0x36e0afb7f|18|58918434886
50303|0x76e0afb7f|19|195671330470
50303|0x76e0afb7f|20|295894674987
50303|0x176e0afb7f|21|776047873170
50303|0x376e0afb7f|22|1207332024276
50303|0x776e0afb7f|23|2609398418889
50303|0xf76e0afb7f|24|4490204401341
50305|0x17b81|1|420001
50305|0x37b81|2|1834611
50305|0x37b81|3|1706655
50305|0x37b81|4|3839820
50305|0x137b81|5|7508655
50305|0x337b81|6|15279756
50305|0x337b81|7|30772236
50305|0xb37b81|8|61687851
50305|0x1b37b81|9|122623463
50305|0x3b37b81|10|245856641
50305|0x3b37b81|11|503866369
50305|0xbb37b81|12|1010371673
50305|0x1bb37b81|13|1923335005
50305|0x3bb37b81|14|3024566320
50305|0x3bb37b81|15|6591440292
50305|0xbbb37b81|16|14369870971
50305|0xbbb37b81|17|28713029296
50305|0xbbb37b81|18|57750727530
50305|0x4bbb37b81|19|124923794997
50305|0xcbbb37b81|20|279523322430
50305|0xcbbb37b81|21|717240595915
50305|0x2cbbb37b81|22|1038161208051
50305|0x6cbbb37b81|23|2058493827487
50305|0xecbbb37b81|24|4271899148125
50307|0xaa2b|1|354980
50307|0xaa2b|2|797071
50307|0xaa2b|3|1707589
50307|0xaa2b|4|3524666
50307|0xaa2b|5|7188640
50307|0x20aa2b|6|14508842
50307|0x20aa2b|7|29414562
50307|0x20aa2b|8|95443514
50307|0x120aa2b|9|185940447
50307|0x320aa2b|10|367963858
50307|0x720aa2b|11|648751598
50307|0xf20aa2b|12|1232390889
50307|0xf20aa2b|13|2622105179
50307|0xf20aa2b|14|4369327298
50307|0x4f20aa2b|15|8949592081
50307|0xcf20aa2b|16|17149155513
50307|0x1cf20aa2b|17|30174615267
50307|0x3cf20aa2b|18|66895169527
50307|0x3cf20aa2b|19|155701319167
50307|0xbcf20aa2b|20|237549195257
50307|0xbcf20aa2b|21|629846287953
50307|0x2bcf20aa2b|22|1127234119298
50307|0x2bcf20aa2b|23|2220023346019
50307|0x2bcf20aa2b|24|4592300907958
50309|0x944d|1|630164
50309|0x944d|2|1423751
50309|0x944d|3|3079419
50309|0x8944d|4|6263072
50309|0x8944d|5|12691762
50309|0x8944d|6|25525426
50309|0x8944d|7|51595620
50309|0x8944d|8|103379609
50309|0x8944d|9|204904033
50309|0x208944d|10|413885594
50309|0x208944d|11|821553542
50309|0x208944d|12|1651220797
50309|0x208944d|13|1809833522
50309|0x2208944d|14|3513270389
50309|0x6208944d|15|7713223550
50309|0xe208944d|16|18382645935
50309|0xe208944d|17|39657613028
50309|0xe208944d|18|74481179762
50309|0x4e208944d|19|208811048479
50309|0xce208944d|20|409773286804
50309|0xce208944d|21|703062482837
50309|0xce208944d|22|1430978658112
50309|0x4ce208944d|23|2847800250696
50309|0x4ce208944d|24|3928488035044
50311|0xc137|1|352758
50311|0xc137|2|797057
50311|0x4c137|3|1908612
50311|0x4c137|4|3607397
50311|0x14c137|5|10433572
50311|0x34c137|6|15198853
50311|0x74c137|7|36207706
50311|0xf4c137|8|60385047
50311|0x1f4c137|9|97129037
50311|0x1f4c137|10|178602752
50311|0x5f4c137|11|428502629
50311|0xdf4c137|12|907333706
50311|0xdf4c137|13|1754358202
50311|0xdf4c137|14|3814954000
50311|0x4df4c137|15|9427634063
50311|0xcdf4c137|16|18169922377
50311|0xcdf4c137|17|41818534098
50311|0xcdf4c137|18|64702667035
50311|0x4cdf4c137|19|122844531216
50311|0xccdf4c137|20|280089448855
50311|0x1ccdf4c137|21|616509587319
50311|0x3ccdf4c137|22|1223201565814
50311|0x7ccdf4c137|23|2151989058807
50311|0xfccdf4c137|24|4531067015803
50313|0x1f1b9|1|226997
50313|0x1f1b9|2|532478
50313|0x5f1b9|3|1403510
50313|0x5f1b9|4|2562749
50313|0x5f1b9|5|5586771
50313|0x5f1b9|6|15292073
50313|0x45f1b9|7|29953647
50313|0xc5f1b9|8|55556051
50313|0x1c5f1b9|9|111899724
50313|0x1c5f1b9|10|215725100
50313|0x1c5f1b9|11|440940177
50313|0x1c5f1b9|12|922368979
50313|0x1c5f1b9|13|1939912209
50313|0x1c5f1b9|14|3835416210
50313|0x1c5f1b9|15|7517785218
50313|0x81c5f1b9|16|15024755855
50313|0x181c5f1b9|17|28742842404
50313|0x381c5f1b9|18|68387854741
50313|0x781c5f1b9|19|125242599879
50313|0x781c5f1b9|20|324280297376
50313|0x781c5f1b9|21|572462531268
50313|0x2781c5f1b9|22|1318997246925
50313|0x2781c5f1b9|23|2251228863817
50313|0xa781c5f1b9|24|4213570833065
50315|0x8323|1|361391
50315|0x28323|2|822355
50315|0x68323|3|1815218
50315|0x68323|4|3776401
50315|0x168323|5|7667230
50315|0x368323|6|15269596
50315|0x368323|7|30668917
50315|0x368323|8|61578696
50315|0x368323|9|120632775
50315|0x2368323|10|246086502
50315|0x2368323|11|492575580
50315|0x2368323|12|984275143
50315|0x12368323|13|1956935125
50315|0x32368323|14|3919781511
50315|0x32368323|15|7747381014
50315|0x32368323|16|22436143491
50315|0x132368323|17|42374429638
50315|0x132368323|18|58760123043
50315|0x132368323|19|124987149058
50315|0x932368323|20|280569583600
50315|0x1932368323|21|567139784437
50315|0x3932368323|22|1429870939259
50315|0x3932368323|23|2424339797747
50315|0xb932368323|24|3783126052691
50317|0x9e45|1|414400
50317|0x9e45|2|2009118
50317|0x49e45|3|1709690
50317|0xc9e45|4|3820636
50317|0xc9e45|5|7459283
50317|0x2c9e45|6|15250344
50317|0x6c9e45|7|30575755
50317|0x6c9e45|8|56046850
50317|0x16c9e45|9|116230894
50317|0x36c9e45|10|219478678
50317|0x76c9e45|11|413827686
50317|0x76c9e45|12|870563753
50317|0x76c9e45|13|1746384961
50317|0x76c9e45|14|3510258320
50317|0x476c9e45|15|6478390502
50317|0xc76c9e45|16|13219556114
50317|0x1c76c9e45|17|27595484657
50317|0x3c76c9e45|18|58287961806
50317|0x7c76c9e45|19|113536479482
50317|0xfc76c9e45|20|237141068788
50317|0xfc76c9e45|21|468894487412
50317|0x2fc76c9e45|22|963705963969
50317|0x2fc76c9e45|23|2140506972918
50317|0x2fc76c9e45|24|4604939363919
50319|0x1da6f|1|701821
50319|0x3da6f|2|1502119
50319|0x7da6f|3|3124439
50319|0x7da6f|4|6326605
50319|0x7da6f|5|10359682
50319|0x27da6f|6|21065254
50319|0x27da6f|7|45836585
50319|0xa7da6f|8|94186740
50319|0x1a7da6f|9|185132491
50319|0x1a7da6f|10|371508042
50319|0x1a7da6f|11|737613846
50319|0x1a7da6f|12|1516991445
50319|0x11a7da6f|13|2982947141
50319|0x31a7da6f|14|5934021291
50319|0x71a7da6f|15|10382434228
50319|0x71a7da6f|16|24476283107
50319|0x71a7da6f|17|52855423920
50319|0x71a7da6f|18|102836277638
50319|0x471a7da6f|19|208558368127
50319|0x471a7da6f|20|320442749643
50319|0x471a7da6f|21|596157033789
50319|0x471a7da6f|22|1159475940270
50319|0x471a7da6f|23|2697028484733
50319|0x8471a7da6f|24|4521149279509
50321|0x17c71|1|447406
50321|0x37c71|2|910979
50321|0x37c71|3|2193235
50321|0x37c71|4|4380660
50321|0x37c71|5|9832836
50321|0x37c71|6|25580041
50321|0x437c71|7|44338992
50321|0xc37c71|8|94022760
50321|0xc37c71|9|181276264
50321|0x2c37c71|10|322467362
50321|0x6c37c71|11|566939694
50321|0x6c37c71|12|1205044492
50321|0x6c37c71|13|2395039783
50321|0x6c37c71|14|5168004671
50321|0x6c37c71|15|11285256667
50321|0x86c37c71|16|21360135952
50321|0x86c37c71|17|41607481443
50321|0x286c37c71|18|69969326757
50321|0x686c37c71|19|139350431656
50321|0x686c37c71|20|265841132995
50321|0x686c37c71|21|617795963634
50321|0x2686c37c71|22|1124863800354
50321|0x2686c37c71|23|2535705027426
50321|0x2686c37c71|24|4449600541394
50323|0xf99b|1|365914
50323|0x2f99b|2|822217
50323|0x2f99b|3|1805696
50323|0x2f99b|4|3828983
50323|0x12f99b|5|7650218
50323|0x12f99b|6|15319333
50323|0x12f99b|7|25454576
50323|0x12f99b|8|57713647
50323|0x12f99b|9|109547657
50323|0x212f99b|10|221902609
50323|0x212f99b|11|421210957
50323|0xa12f99b|12|892381560
50323|0x1a12f99b|13|1771528547
50323|0x1a12f99b|14|3396029037
50323|0x1a12f99b|15|6518466679
50323|0x9a12f99b|16|13193067660
50323|0x19a12f99b|17|37327516258
50323|0x39a12f99b|18|64727356234
50323|0x39a12f99b|19|121547794825
50323|0xb9a12f99b|20|230630870525
50323|0xb9a12f99b|21|608153449077
50323|0x2b9a12f99b|22|1111939315772
50323|0x2b9a12f99b|23|2400045562538
50323|0x2b9a12f99b|24|4206320888665
50325|0x1e6bd|1|361570
50325|0x1e6bd|2|838705
50325|0x5e6bd|3|1967456
50325|0xde6bd|4|3692047
50325|0xde6bd|5|7734345
50325|0xde6bd|6|15339956
50325|0x4de6bd|7|22674204
50325|0x4de6bd|8|51600611
50325|0x4de6bd|9|108042172
50325|0x24de6bd|10|213756439
50325|0x64de6bd|11|434209085
50325|0x64de6bd|12|872939329
50325|0x164de6bd|13|1759084439
50325|0x364de6bd|14|3966808181
50325|0x764de6bd|15|7920557023
50325|0xf64de6bd|16|15882192371
50325|0x1f64de6bd|17|30833750219
50325|0x1f64de6bd|18|62596362331
50325|0x1f64de6bd|19|123978658910
50325|0x9f64de6bd|20|242738774115
50325|0x9f64de6bd|21|491232004113
50325|0x29f64de6bd|22|997397942656
50325|0x29f64de6bd|23|1987445194505
50325|0x29f64de6bd|24|3974206476161
50327|0xfb27|1|503383
50327|0x2fb27|2|930761
50327|0x6fb27|3|1731523
50327|0xefb27|4|3898968
50327|0xefb27|5|7638562
50327|0x2efb27|6|15479739
50327|0x2efb27|7|31030559
50327|0x2efb27|8|61820353
50327|0x2efb27|9|123497992
50327|0x2efb27|10|248764170
50327|0x42efb27|11|494918598
50327|0x42efb27|12|997727906
50327|0x142efb27|13|1979369290
50327|0x342efb27|14|3977447901
50327|0x742efb27|15|7944752913
50327|0xf42efb27|16|15852126192
50327|0xf42efb27|17|29378664205
50327|0xf42efb27|18|54515325869
50327|0x4f42efb27|19|119738138938
50327|0x4f42efb27|20|272838576453
50327|0x4f42efb27|21|497022726767
50327|0x24f42efb27|22|965034203211
50327|0x64f42efb27|23|2116560619703
50327|0xe4f42efb27|24|5182438151536
50329|0x14fa9|1|632311
50329|0x34fa9|2|1425662
50329|0x34fa9|3|3103352
50329|0xb4fa9|4|6308314
50329|0xb4fa9|5|12758657
50329|0xb4fa9|6|25626796
50329|0x4b4fa9|7|51329422
50329|0x4b4fa9|8|102823502
50329|0x4b4fa9|9|205856443
50329|0x24b4fa9|10|411984392
50329|0x24b4fa9|11|711986671
50329|0xa4b4fa9|12|1441845890
50329|0x1a4b4fa9|13|2814122871
50329|0x3a4b4fa9|14|5733547115
50329|0x3a4b4fa9|15|11197979857
50329|0xba4b4fa9|16|22401711892
50329|0x1ba4b4fa9|17|38750804946
50329|0x3ba4b4fa9|18|74486547164
50329|0x7ba4b4fa9|19|128873053365
50329|0x7ba4b4fa9|20|260000511179
50329|0x7ba4b4fa9|21|440321556857
50329|0x7ba4b4fa9|22|1111679309004
50329|0x47ba4b4fa9|23|2292048039510
50329|0xc7ba4b4fa9|24|4521545843217
50331|0x18193|1|416862
50331|0x38193|2|934047
50331|0x78193|3|1879796
50331|0x78193|4|3756391
50331|0x78193|5|7627837
50331|0x78193|6|15360995
50331|0x478193|7|30740782
50331|0xc78193|8|61327511
50331|0xc78193|9|122513042
50331|0xc78193|10|246361498
50331|0xc78193|11|490088439
50331|0x8c78193|12|1024824062
50331|0x18c78193|13|1970572750
50331|0x18c78193|14|3924148263
50331|0x58c78193|15|7866291543
50331|0xd8c78193|16|15730513908
50331|0xd8c78193|17|39254149305
50331|0xd8c78193|18|64389913363
50331|0x4d8c78193|19|123134896281
50331|0xcd8c78193|20|248023310342
50331|0xcd8c78193|21|723749187675
50331|0xcd8c78193|22|1196488327402
50331|0x4cd8c78193|23|2202450374783
50331|0xccd8c78193|24|3768417399497
50333|0x1e1b5|1|445162
50333|0x3e1b5|2|906120
50333|0x3e1b5|3|1849771
50333|0x3e1b5|4|3552539
50333|0x13e1b5|5|7563153
50333|0x13e1b5|6|15050536
50333|0x13e1b5|7|30394141
50333|0x13e1b5|8|60497993
50333|0x113e1b5|9|121873909
50333|0x313e1b5|10|243277487
50333|0x713e1b5|11|487834623
50333|0x713e1b5|12|974960573
50333|0x1713e1b5|13|1954587195
50333|0x3713e1b5|14|3902047517
50333|0x3713e1b5|15|6479225418
50333|0x3713e1b5|16|12033451207
50333|0x13713e1b5|17|28249433522
50333|0x33713e1b5|18|94124430211
50333|0x73713e1b5|19|126710877200
50333|0xf3713e1b5|20|237898838223
50333|0xf3713e1b5|21|437628330458
50333|0xf3713e1b5|22|930022499092
50333|0xf3713e1b5|23|1835896345626
50333|0x8f3713e1b5|24|3802420074460
50335|0x1575f|1|404456
50335|0x3575f|2|923876
50335|0x3575f|3|1965769
50335|0xb575f|4|3666049
50335|0x1b575f|5|7658816
50335|0x3b575f|6|14713115
50335|0x7b575f|7|21956534
50335|0xfb575f|8|57945569
50335|0x1fb575f|9|108109652
50335|0x3fb575f|10|212110795
50335|0x3fb575f|11|436879152
50335|0xbfb575f|12|886696578
50335|0xbfb575f|13|1705567185
50335|0x2bfb575f|14|3627285851
50335|0x6bfb575f|15|7409508074
50335|0xebfb575f|16|14094749208
50335|0x1ebfb575f|17|28160004160
50335|0x3ebfb575f|18|56824595563
50335|0x7ebfb575f|19|112777511466
50335|0xfebfb575f|20|225331611499
50335|0x1febfb575f|21|455187134698
50335|0x1febfb575f|22|912760949153
50335|0x1febfb575f|23|1817275415141
50335|0x9febfb575f|24|3701909809719
50337|0x1f61|1|380742
50337|0x21f61|2|934576
50337|0x61f61|3|1925296
50337|0x61f61|4|3671264
50337|0x61f61|5|7585578
50337|0x261f61|6|15098508
50337|0x261f61|7|30367356
50337|0x261f61|8|60266409
50337|0x261f61|9|121460272
50337|0x261f61|10|231255971
50337|0x261f61|11|437343968
50337|0x8261f61|12|739004431
50337|0x18261f61|13|1758359497
50337|0x38261f61|14|3077303486
50337|0x38261f61|15|6521453226
50337|0xb8261f61|16|14522537611
50337|0x1b8261f61|17|28219062889
50337|0x3b8261f61|18|57554709108
50337|0x7b8261f61|19|137148191189
50337|0xfb8261f61|20|229337395641
50337|0xfb8261f61|21|464864833068
50337|0x2fb8261f61|22|925450814276
50337|0x2fb8261f61|23|1809189514995
50337|0x2fb8261f61|24|3660528467990
50339|0xf0b|1|691895
50339|0x20f0b|2|1423416
50339|0x60f0b|3|3089808
50339|0x60f0b|4|6294274
50339|0x60f0b|5|10947338
50339|0x260f0b|6|22237042
50339|0x660f0b|7|38454150
50339|0xe60f0b|8|83759892
50339|0xe60f0b|9|172190758
50339|0x2e60f0b|10|279858373
50339|0x6e60f0b|11|645358100
50339|0xee60f0b|12|1287274343
50339|0xee60f0b|13|1470981105
50339|0x2ee60f0b|14|5179664370
50339|0x2ee60f0b|15|10566497062
50339|0x2ee60f0b|16|15723454188
50339|0x2ee60f0b|17|31336914225
50339|0x22ee60f0b|18|51879843234
50339|0x62ee60f0b|19|127664681759
50339|0xe2ee60f0b|20|224479677396
50339|0x1e2ee60f0b|21|420357261088
50339|0x3e2ee60f0b|22|866154305742
50339|0x3e2ee60f0b|23|1808508474130
50339|0xbe2ee60f0b|24|3576883470673
50341|0x1832d|1|392801
50341|0x1832d|2|833265
50341|0x1832d|3|1922628
50341|0x9832d|4|3671001
50341|0x19832d|5|7749551
50341|0x39832d|6|15320989
50341|0x39832d|7|30549811
50341|0xb9832d|8|61340613
50341|0xb9832d|9|122770919
50341|0xb9832d|10|254991040
50341|0xb9832d|11|493550086
50341|0xb9832d|12|990220178
50341|0xb9832d|13|1732434596
50341|0xb9832d|14|3826624324
50341|0xb9832d|15|7154661501
50341|0x80b9832d|16|14103443565
50341|0x180b9832d|17|28581584206
50341|0x380b9832d|18|53749905661
50341|0x380b9832d|19|113930419717
50341|0x380b9832d|20|225879841662
50341|0x1380b9832d|21|455294127946
50341|0x3380b9832d|22|930998811306
50341|0x7380b9832d|23|1887197057825
50341|0x7380b9832d|24|3688299370972
50343|0xa317|1|273662
50343|0xa317|2|598261
50343|0xa317|3|1337558
50343|0x8a317|4|2445272
50343|0x8a317|5|5588207
50343|0x8a317|6|13605102
50343|0x8a317|7|20943294
50343|0x88a317|8|56587558
50343|0x88a317|9|94368089
50343|0x288a317|10|195240883
50343|0x688a317|11|395363293
50343|0x688a317|12|796108869
50343|0x688a317|13|1647712067
50343|0x2688a317|14|3181448579
50343|0x6688a317|15|6663495821
50343|0xe688a317|16|13816952829
50343|0x1e688a317|17|25018433143
50343|0x3e688a317|18|60861382718
50343|0x7e688a317|19|113481311582
50343|0xfe688a317|20|229055472486
50343|0xfe688a317|21|455119665278
50343|0x2fe688a317|22|923630099777
50343|0x6fe688a317|23|1913751749298
50343|0xefe688a317|24|4256861704461
50345|0x1f99|1|441073
50345|0x21f99|2|912384
50345|0x21f99|3|1777703
50345|0xa1f99|4|3898249
50345|0xa1f99|5|7423503
50345|0x2a1f99|6|15321812
50345|0x2a1f99|7|30701386
50345|0x2a1f99|8|61604960
50345|0x2a1f99|9|123552410
50345|0x2a1f99|10|238575169
50345|0x42a1f99|11|416207891
50345|0x42a1f99|12|873408027
50345|0x42a1f99|13|1804107791
50345|0x42a1f99|14|3656684600
50345|0x42a1f99|15|6915823021
50345|0x42a1f99|16|13734117225
50345|0x1042a1f99|17|27747543606
50345|0x1042a1f99|18|56746706543
50345|0x5042a1f99|19|124058824399
50345|0x5042a1f99|20|225859444170
50345|0x5042a1f99|21|427263434045
50345|0x5042a1f99|22|875780054579
50345|0x5042a1f99|23|1874848320473
50345|0x85042a1f99|24|4244025626454
50347|0x11603|1|632030
50347|0x11603|2|1460152
50347|0x51603|3|3086772
50347|0x51603|4|6266011
50347|0x51603|5|12669814
50347|0x51603|6|25586109
50347|0x451603|7|51310370
50347|0x451603|8|95817622
50347|0x1451603|9|182487050
50347|0x3451603|10|388349974
50347|0x7451603|11|772327474
50347|0x7451603|12|1447019543
50347|0x7451603|13|2782043929
50347|0x7451603|14|4582832166
50347|0x47451603|15|9043521858
50347|0xc7451603|16|17512099810
50347|0xc7451603|17|32860000394
50347|0x2c7451603|18|66057017780
50347|0x6c7451603|19|155258801040
50347|0xec7451603|20|340240919120
50347|0x1ec7451603|21|606576739793
50347|0x3ec7451603|22|1108887407569
50347|0x3ec7451603|23|1855340852144
50347|0xbec7451603|24|3726834982225
50349|0x13f25|1|403293
50349|0x13f25|2|2028740
50349|0x13f25|3|1739436
50349|0x13f25|4|3834601
50349|0x113f25|5|7381427
50349|0x113f25|6|15248360
50349|0x113f25|7|22580524
50349|0x113f25|8|61182693
50349|0x113f25|9|117856823
50349|0x113f25|10|220794245
50349|0x113f25|11|443759372
50349|0x113f25|12|963868957
50349|0x113f25|13|1688948454
50349|0x113f25|14|3595895384
50349|0x40113f25|15|7227221927
50349|0xc0113f25|16|14565267145
50349|0x1c0113f25|17|28056758656
50349|0x1c0113f25|18|55336428858
50349|0x5c0113f25|19|179407004690
50349|0x5c0113f25|20|254517334836
50349|0x15c0113f25|21|527059827762
50349|0x15c0113f25|22|1014017090063
50349|0x55c0113f25|23|1815606706568
50349|0x55c0113f25|24|3914629973471
50351|0x1124f|1|501343
50351|0x1124f|2|906020
50351|0x1124f|3|1865928
50351|0x1124f|4|3837737
50351|0x1124f|5|7517628
50351|0x1124f|6|15451048
50351|0x41124f|7|30950590
50351|0xc1124f|8|61953897
50351|0xc1124f|9|124335272
50351|0x2c1124f|10|248943565
50351|0x6c1124f|11|498230444
50351|0x6c1124f|12|990446543
50351|0x16c1124f|13|1987143204
50351|0x36c1124f|14|3986056518
50351|0x76c1124f|15|7932153242
50351|0x76c1124f|16|15914052960
50351|0x176c1124f|17|31734095645
50351|0x176c1124f|18|61745496761
50351|0x576c1124f|19|123830994100
50351|0xd76c1124f|20|248089070307
50351|0xd76c1124f|21|504845594808
50351|0x2d76c1124f|22|996117817626
50351|0x2d76c1124f|23|1971238689709
50351|0x2d76c1124f|24|4000940405462
50353|0x10451|1|456035
50353|0x30451|2|2025657
50353|0x70451|3|1759736
50353|0xf0451|4|3860204
50353|0x1f0451|5|7492007
50353|0x1f0451|6|15287182
50353|0x5f0451|7|30572001
50353|0x5f0451|8|77440249
50353|0x15f0451|9|142659794
50353|0x35f0451|10|287451307
50353|0x75f0451|11|437183743
50353|0xf5f0451|12|1101700047
50353|0xf5f0451|13|2575543459
50353|0x2f5f0451|14|4941257456
50353|0x2f5f0451|15|8349957357
50353|0xaf5f0451|16|14817739054
50353|0xaf5f0451|17|26978324146
50353|0x2af5f0451|18|64656317087
50353|0x2af5f0451|19|142640067372
50353|0x2af5f0451|20|273808388388
50353|0x2af5f0451|21|546855273553
50353|0x22af5f0451|22|1132357252789
50353|0x62af5f0451|23|1904570635152
50353|0xe2af5f0451|24|4305731900162
50355|0x18a7b|1|352916
50355|0x38a7b|2|797188
50355|0x38a7b|3|1708022
50355|0x38a7b|4|2742282
50355|0x38a7b|5|4916246
50355|0x38a7b|6|10142835
50355|0x38a7b|7|21046578
50355|0x838a7b|8|43131313
50355|0x838a7b|9|100261548
50355|0x2838a7b|10|186996899
50355|0x2838a7b|11|376196208
50355|0xa838a7b|12|1185737522
50355|0x1a838a7b|13|2282449247
50355|0x1a838a7b|14|4712162328
50355|0x5a838a7b|15|11285383513
50355|0x5a838a7b|16|21956555376
50355|0x5a838a7b|17|33602381522
50355|0x5a838a7b|18|65857540629
50355|0x45a838a7b|19|128044914585
50355|0xc5a838a7b|20|256624251086
50355|0x1c5a838a7b|21|551392389473
50355|0x3c5a838a7b|22|1069072120338
50355|0x3c5a838a7b|23|2211305002505
50355|0xbc5a838a7b|24|5638038880595
50357|0x1099d|1|319055
50357|0x1099d|2|579767
50357|0x1099d|3|1358100
50357|0x9099d|4|3262389
50357|0x9099d|5|7663522
50357|0x9099d|6|15248069
50357|0x49099d|7|27920715
50357|0x49099d|8|57822982
50357|0x149099d|9|110574261
50357|0x149099d|10|229279602
50357|0x549099d|11|713382417
50357|0xd49099d|12|1354747568
50357|0x1d49099d|13|2808407869
50357|0x3d49099d|14|5740466749
50357|0x7d49099d|15|9972390778
50357|0xfd49099d|16|20921463213
50357|0x1fd49099d|17|39607838398
50357|0x1fd49099d|18|66137527363
50357|0x5fd49099d|19|152974141551
50357|0xdfd49099d|20|330821953312
50357|0x1dfd49099d|21|718291254530
50357|0x3dfd49099d|22|1154563983083
50357|0x7dfd49099d|23|2362702530472
50357|0x7dfd49099d|24|4406822961995
50359|0x15907|1|646777
50359|0x15907|2|1423194
50359|0x15907|3|3077054
50359|0x15907|4|6323414
50359|0x15907|5|12679894
50359|0x215907|6|25553608
50359|0x215907|7|51308630
50359|0x215907|8|103430684
50359|0x215907|9|205712698
50359|0x215907|10|414087343
50359|0x215907|11|823246852
50359|0x215907|12|1648809717
50359|0x215907|13|3300267531
50359|0x20215907|14|6611595973
50359|0x20215907|15|13211254591
50359|0xa0215907|16|17543611532
50359|0xa0215907|17|33369563799
50359|0xa0215907|18|69540973886
50359|0x4a0215907|19|137304184831
50359|0xca0215907|20|262388343519
50359|0xca0215907|21|546225762078
50359|0x2ca0215907|22|1087358997924
50359|0x2ca0215907|23|2287281753290
50359|0xaca0215907|24|4687718231231
50361|0x189|1|365261
50361|0x20189|2|1827104
50361|0x20189|3|1762154
50361|0x20189|4|3527904
50361|0x20189|5|7153688
50361|0x220189|6|18449438
50361|0x620189|7|49204584
50361|0x620189|8|85641453
50361|0x620189|9|140104587
50361|0x620189|10|272854196
50361|0x620189|11|599552084
50361|0x620189|12|1272196040
50361|0x10620189|13|2384661644
50361|0x30620189|14|4819617551
50361|0x30620189|15|6672710279
50361|0x30620189|16|15784702290
50361|0x30620189|17|25463070831
50361|0x230620189|18|73661523133
50361|0x230620189|19|133018652186
50361|0x230620189|20|244886422551
50361|0x230620189|21|521231189763
50361|0x2230620189|22|1099545017788
50361|0x6230620189|23|2405062434895
50361|0x6230620189|24|5116804686793
50363|0xe073|1|353160
50363|0xe073|2|797131
50363|0x4e073|3|1708204
50363|0xce073|4|3534847
50363|0xce073|5|7376687
50363|0xce073|6|13515765
50363|0x4ce073|7|26939964
50363|0x4ce073|8|49657749
50363|0x4ce073|9|90835674
50363|0x4ce073|10|203785561
50363|0x44ce073|11|484491018
50363|0x44ce073|12|926450131
50363|0x44ce073|13|1463163350
50363|0x44ce073|14|3282723584
50363|0x44ce073|15|6716650499
50363|0x44ce073|16|12780396473
50363|0x44ce073|17|24633590314
50363|0x2044ce073|18|51707086336
50363|0x6044ce073|19|107176446448
50363|0x6044ce073|20|231786517539
50363|0x16044ce073|21|477816366851
50363|0x36044ce073|22|874202362482
50363|0x76044ce073|23|1812192464833
50363|0xf6044ce073|24|3564607544766
