57347|0xcaab|1|672995
57347|0xcaab|2|3584946
57347|0xcaab|3|3061461
57347|0x8caab|4|6560358
57347|0x18caab|5|16493036
57347|0x38caab|6|14908985
57347|0x38caab|7|30017844
57347|0x38caab|8|60101279
57347|0x38caab|9|168681531
57347|0x238caab|10|278033330
57347|0x238caab|11|507844567
57347|0xa38caab|12|959114952
57347|0x1a38caab|13|1920658625
57347|0x1a38caab|14|3844167735
57347|0x1a38caab|15|7635031972
57347|0x1a38caab|16|15385222725
57347|0x1a38caab|17|30553364972
57347|0x21a38caab|18|61235409797
57347|0x21a38caab|19|122301902500
57347|0xa1a38caab|20|245965166463
57347|0x1a1a38caab|21|493011754169
57347|0x1a1a38caab|22|980896698229
57347|0x5a1a38caab|23|1955380502282
57347|0x5a1a38caab|24|3911916267958
57349|0xeccd|1|433866
57349|0xeccd|2|819457
57349|0xeccd|3|1723508
57349|0x8eccd|4|3589663
57349|0x8eccd|5|7349268
57349|0x28eccd|6|14890467
57349|0x28eccd|7|29792440
57349|0x28eccd|8|59718729
57349|0x28eccd|9|119531063
57349|0x28eccd|10|239194577
57349|0x28eccd|11|478294404
57349|0x28eccd|12|956361472
57349|0x1028eccd|13|1923203175
57349|0x3028eccd|14|3796117041
57349|0x7028eccd|15|7699931437
57349|0x7028eccd|16|15329286839
57349|0x7028eccd|17|30473162256
57349|0x27028eccd|18|61331320394
57349|0x27028eccd|19|123109279302
57349|0x27028eccd|20|246025071089
57349|0x127028eccd|21|491957272591
57349|0x127028eccd|22|986254881460
57349|0x127028eccd|23|1981820791613
57349|0x927028eccd|24|3905671938021
57351|0x8db7|1|363436
57351|0x8db7|2|1967709
57351|0x48db7|3|1813817
57351|0x48db7|4|3765629
57351|0x48db7|5|7259111
57351|0x248db7|6|15111527
57351|0x248db7|7|29864803
57351|0x248db7|8|60192619
57351|0x1248db7|9|120101727
57351|0x1248db7|10|241268258
57351|0x5248db7|11|482364520
57351|0x5248db7|12|968599728
57351|0x5248db7|13|1867417233
57351|0x25248db7|14|3850046329
57351|0x25248db7|15|7677188908
57351|0x25248db7|16|15650240481
57351|0x125248db7|17|30673187609
57351|0x125248db7|18|61787399686
57351|0x125248db7|19|123002641994
57351|0x925248db7|20|247011573702
57351|0x925248db7|21|491626824842
57351|0x925248db7|22|996561314017
57351|0x4925248db7|23|1966502163604
57351|0xc925248db7|24|3905176635590
57353|0xae39|1|451112
57353|0xae39|2|838466
57353|0xae39|3|1749647
57353|0x8ae39|4|3650643
57353|0x8ae39|5|7479039
57353|0x8ae39|6|14849020
57353|0x48ae39|7|29815189
57353|0x48ae39|8|59734904
57353|0x148ae39|9|120142054
57353|0x148ae39|10|240123942
57353|0x548ae39|11|480330477
57353|0xd48ae39|12|961457268
57353|0x1d48ae39|13|1919143145
57353|0x3d48ae39|14|3835445524
57353|0x7d48ae39|15|7675011665
57353|0x7d48ae39|16|15625393868
57353|0x7d48ae39|17|30611801188
57353|0x7d48ae39|18|60518271806
57353|0x47d48ae39|19|125399585634
57353|0xc7d48ae39|20|248838365815
57353|0x1c7d48ae39|21|495501921415
57353|0x3c7d48ae39|22|1620620299088
57353|0x7c7d48ae39|23|3128389352678
57353|0x7c7d48ae39|24|4842180593560
57355|0xaba3|1|673467
57355|0x2aba3|2|1496887
57355|0x6aba3|3|3147244
57355|0xeaba3|4|6479192
57355|0x1eaba3|5|13065446
57355|0x1eaba3|6|26267298
57355|0x1eaba3|7|52702220
57355|0x9eaba3|8|119413802
57355|0x19eaba3|9|210924625
57355|0x19eaba3|10|420775716
57355|0x19eaba3|11|843900857
57355|0x99eaba3|12|1683943585
57355|0x99eaba3|13|3248931098
57355|0x99eaba3|14|6735362190
57355|0x499eaba3|15|13479507841
57355|0x499eaba3|16|27020763563
57355|0x499eaba3|17|53842870213
57355|0x2499eaba3|18|108075319708
57355|0x6499eaba3|19|214102367007
57355|0x6499eaba3|20|429471871300
57355|0x16499eaba3|21|862391929652
57355|0x36499eaba3|22|1722568180263
57355|0x76499eaba3|23|3440926891741
57355|0xf6499eaba3|24|5695698531193
57357|0x6ec5|1|677129
57357|0x26ec5|2|1510965
57357|0x66ec5|3|3089658
57357|0x66ec5|4|6490129
57357|0x66ec5|5|13045278
57357|0x66ec5|6|26241904
57357|0x466ec5|7|52717891
57357|0xc66ec5|8|105595364
57357|0x1c66ec5|9|211412206
57357|0x1c66ec5|10|421607540
57357|0x1c66ec5|11|843474379
57357|0x9c66ec5|12|1686803817
57357|0x9c66ec5|13|3407988384
57357|0x29c66ec5|14|4222146260
57357|0x69c66ec5|15|7670354764
57357|0x69c66ec5|16|15362024791
57357|0x169c66ec5|17|30735179093
57357|0x169c66ec5|18|60819127100
57357|0x169c66ec5|19|142741498251
57357|0x169c66ec5|20|369761250418
57357|0x169c66ec5|21|650259184195
57357|0x2169c66ec5|22|1239205717464
57357|0x6169c66ec5|23|2083625226273
57357|0xe169c66ec5|24|3907498558538
57359|0xeef|1|443410
57359|0x20eef|2|838576
57359|0x20eef|3|1751481
57359|0x20eef|4|3620304
57359|0x120eef|5|7516844
57359|0x320eef|6|14864555
57359|0x320eef|7|29770139
57359|0x320eef|8|59733471
57359|0x320eef|9|119980012
57359|0x320eef|10|239156774
57359|0x320eef|11|480221179
57359|0x320eef|12|957324449
57359|0x10320eef|13|1910786902
57359|0x10320eef|14|3835896073
57359|0x50320eef|15|7676009119
57359|0xd0320eef|16|15334666627
57359|0xd0320eef|17|30210334035
57359|0xd0320eef|18|60938968852
57359|0xd0320eef|19|122826290554
57359|0x8d0320eef|20|245283732222
57359|0x18d0320eef|21|519180413996
57359|0x38d0320eef|22|1081164637959
57359|0x38d0320eef|23|1962360144909
57359|0xb8d0320eef|24|3907957305742
57361|0x10f1|1|363228
57361|0x10f1|2|834938
57361|0x410f1|3|1872333
57361|0xc10f1|4|3712732
57361|0xc10f1|5|7262374
57361|0x2c10f1|6|15147084
57361|0x6c10f1|7|29913425
57361|0x6c10f1|8|59910864
57361|0x6c10f1|9|120111128
57361|0x26c10f1|10|239287959
57361|0x26c10f1|11|480289971
57361|0xa6c10f1|12|889658788
57361|0xa6c10f1|13|1918588880
57361|0xa6c10f1|14|3944019967
57361|0x4a6c10f1|15|7678839130
57361|0xca6c10f1|16|15245803237
57361|0xca6c10f1|17|30288821023
57361|0xca6c10f1|18|60969310877
57361|0x4ca6c10f1|19|121872627496
57361|0x4ca6c10f1|20|245806008292
57361|0x14ca6c10f1|21|491327676485
57361|0x14ca6c10f1|22|988424290530
57361|0x14ca6c10f1|23|1975125723439
57361|0x94ca6c10f1|24|3918042868941
57363|0x1ea1b|1|425361
57363|0x1ea1b|2|838317
57363|0x5ea1b|3|1751497
57363|0xdea1b|4|3874956
57363|0xdea1b|5|7285229
57363|0x2dea1b|6|14880583
57363|0x6dea1b|7|29927376
57363|0x6dea1b|8|59760276
57363|0x16dea1b|9|120326326
57363|0x16dea1b|10|239719342
57363|0x16dea1b|11|480979629
57363|0x96dea1b|12|961879098
57363|0x96dea1b|13|2040861863
57363|0x296dea1b|14|3841590343
57363|0x696dea1b|15|7662435732
57363|0x696dea1b|16|16228107071
57363|0x696dea1b|17|30605332180
57363|0x696dea1b|18|60428803587
57363|0x696dea1b|19|121434028192
57363|0x8696dea1b|20|247227722842
57363|0x8696dea1b|21|495657326163
57363|0x28696dea1b|22|984884979500
57363|0x68696dea1b|23|1958117192127
57363|0x68696dea1b|24|5575414876438
57365|0x1ef3d|1|688502
57365|0x3ef3d|2|1527921
57365|0x3ef3d|3|3124161
57365|0xbef3d|4|6474038
57365|0x1bef3d|5|13084159
57365|0x3bef3d|6|26344539
57365|0x7bef3d|7|52749374
57365|0xfbef3d|8|105245576
57365|0xfbef3d|9|211266458
57365|0x2fbef3d|10|421504018
57365|0x2fbef3d|11|842543913
57365|0x2fbef3d|12|1688224767
57365|0x12fbef3d|13|3373437690
57365|0x12fbef3d|14|6827241338
57365|0x12fbef3d|15|13525644500
57365|0x12fbef3d|16|27079019400
57365|0x12fbef3d|17|54099244053
57365|0x212fbef3d|18|107091218349
57365|0x212fbef3d|19|214815840226
57365|0xa12fbef3d|20|429614679636
57365|0x1a12fbef3d|21|858530972790
57365|0x1a12fbef3d|22|1718599381912
57365|0x5a12fbef3d|23|3101918626137
57365|0x5a12fbef3d|24|6004532316601
57367|0x57a7|1|673257
57367|0x257a7|2|1506423
57367|0x257a7|3|3120129
57367|0xa57a7|4|6448734
57367|0xa57a7|5|13053064
57367|0x2a57a7|6|26303841
57367|0x2a57a7|7|52739189
57367|0xaa57a7|8|105314673
57367|0xaa57a7|9|210763041
57367|0xaa57a7|10|390264390
57367|0x4aa57a7|11|846555117
57367|0xcaa57a7|12|1695720954
57367|0x1caa57a7|13|3381402279
57367|0x3caa57a7|14|6751873262
57367|0x3caa57a7|15|13525463440
57367|0xbcaa57a7|16|27036942958
57367|0xbcaa57a7|17|50970410778
57367|0x2bcaa57a7|18|107794015994
57367|0x6bcaa57a7|19|214417434752
57367|0x6bcaa57a7|20|431416863160
57367|0x16bcaa57a7|21|692952003932
57367|0x36bcaa57a7|22|1695365693633
57367|0x36bcaa57a7|23|2081041976272
57367|0x36bcaa57a7|24|3896018898396
57369|0x7c29|1|421500
57369|0x7c29|2|838434
57369|0x7c29|3|1883074
57369|0x7c29|4|3745259
57369|0x107c29|5|7284105
57369|0x107c29|6|14950102
57369|0x507c29|7|27181191
57369|0xd07c29|8|71793813
57369|0x1d07c29|9|111986694
57369|0x3d07c29|10|200755157
57369|0x7d07c29|11|417583424
57369|0x7d07c29|12|835645248
57369|0x17d07c29|13|1744578853
57369|0x17d07c29|14|3328519365
57369|0x57d07c29|15|6657712378
57369|0x57d07c29|16|13285721321
57369|0x157d07c29|17|26530229303
57369|0x157d07c29|18|56709187965
57369|0x157d07c29|19|123077687625
57369|0x957d07c29|20|285274100601
57369|0x957d07c29|21|858084695432
57369|0x957d07c29|22|1309518913844
57369|0x4957d07c29|23|3306172543791
57369|0x4957d07c29|24|6130357211272
57371|0x1fa13|1|738164
57371|0x3fa13|2|1463106
57371|0x7fa13|3|3115850
57371|0xffa13|4|6459416
57371|0xffa13|5|13031587
57371|0xffa13|6|26181632
57371|0xffa13|7|52578510
57371|0x8ffa13|8|105649649
57371|0x8ffa13|9|211476454
57371|0x28ffa13|10|423150113
57371|0x28ffa13|11|987998339
57371|0x28ffa13|12|1687659721
57371|0x28ffa13|13|3487332613
57371|0x28ffa13|14|6749852249
57371|0x428ffa13|15|12038490778
57371|0x428ffa13|16|15348352595
57371|0x1428ffa13|17|30707898909
57371|0x1428ffa13|18|61513421422
57371|0x1428ffa13|19|121561854278
57371|0x1428ffa13|20|244090401138
57371|0x1428ffa13|21|489037038306
57371|0x21428ffa13|22|978052037138
57371|0x61428ffa13|23|1955753231680
57371|0xe1428ffa13|24|4710995169801
57373|0xe235|1|686436
57373|0xe235|2|1497844
57373|0xe235|3|3167284
57373|0x8e235|4|6499261
57373|0x18e235|5|13097664
57373|0x18e235|6|26290955
57373|0x58e235|7|52749253
57373|0x58e235|8|105245289
57373|0x58e235|9|210678732
57373|0x58e235|10|422861151
57373|0x58e235|11|846000166
57373|0x58e235|12|1687017507
57373|0x1058e235|13|3384973105
57373|0x3058e235|14|6748105949
57373|0x7058e235|15|13532835543
57373|0xf058e235|16|27027642320
57373|0x1f058e235|17|53312492700
57373|0x3f058e235|18|89766816622
57373|0x3f058e235|19|170211556971
57373|0x3f058e235|20|340373307887
57373|0x3f058e235|21|587883255680
57373|0x3f058e235|22|872864787140
57373|0x43f058e235|23|1948230611294
57373|0x43f058e235|24|4085882670998
57375|0x9bdf|1|436893
57375|0x29bdf|2|838600
57375|0x69bdf|3|1751393
57375|0x69bdf|4|3623481
57375|0x169bdf|5|7592141
57375|0x369bdf|6|13346201
57375|0x369bdf|7|26046241
57375|0x369bdf|8|53996913
57375|0x1369bdf|9|110676220
57375|0x3369bdf|10|204556861
57375|0x7369bdf|11|407527556
57375|0xf369bdf|12|832473974
57375|0xf369bdf|13|1609606876
57375|0x2f369bdf|14|3179269571
57375|0x2f369bdf|15|6377448866
57375|0xaf369bdf|16|12660318969
57375|0x1af369bdf|17|34023301602
57375|0x1af369bdf|18|77271150910
57375|0x5af369bdf|19|181138236167
57375|0x5af369bdf|20|359772878907
57375|0x5af369bdf|21|565872879323
57375|0x5af369bdf|22|875390745026
57375|0x5af369bdf|23|1799313617096
57375|0x5af369bdf|24|4185927116792
57377|0xa3e1|1|373211
57377|0x2a3e1|2|982280
57377|0x6a3e1|3|1829912
57377|0x6a3e1|4|3605613
57377|0x6a3e1|5|7266230
57377|0x6a3e1|6|14863192
57377|0x46a3e1|7|29814706
57377|0xc6a3e1|8|59520947
57377|0x1c6a3e1|9|119773186
57377|0x3c6a3e1|10|239758825
57377|0x7c6a3e1|11|478533181
57377|0x7c6a3e1|12|943359551
57377|0x17c6a3e1|13|1920346974
57377|0x37c6a3e1|14|3840851120
57377|0x37c6a3e1|15|7615832414
57377|0x37c6a3e1|16|15290108854
57377|0x137c6a3e1|17|30487632163
57377|0x337c6a3e1|18|62037102390
57377|0x337c6a3e1|19|122089969160
57377|0xb37c6a3e1|20|244106929646
57377|0xb37c6a3e1|21|676127466815
57377|0xb37c6a3e1|22|954413593490
57377|0x4b37c6a3e1|23|1944872346180
57377|0xcb37c6a3e1|24|3914705523550
57379|0xcf8b|1|421369
57379|0x2cf8b|2|855525
57379|0x6cf8b|3|1751681
57379|0xecf8b|4|3648232
57379|0xecf8b|5|7522419
57379|0x2ecf8b|6|14810274
57379|0x2ecf8b|7|29848470
57379|0x2ecf8b|8|59814857
57379|0x2ecf8b|9|119657446
57379|0x2ecf8b|10|239214737
57379|0x42ecf8b|11|501499735
57379|0xc2ecf8b|12|958476406
57379|0xc2ecf8b|13|1949510118
57379|0x2c2ecf8b|14|3867267440
57379|0x2c2ecf8b|15|7857090609
57379|0x2c2ecf8b|16|15368068572
57379|0x12c2ecf8b|17|30775912101
57379|0x32c2ecf8b|18|61430657566
57379|0x32c2ecf8b|19|123001624953
57379|0xb2c2ecf8b|20|247636638727
57379|0x1b2c2ecf8b|21|495296706614
57379|0x3b2c2ecf8b|22|985196176979
57379|0x7b2c2ecf8b|23|1954518026976
57379|0xfb2c2ecf8b|24|3907925787629
57381|0x3bad|1|422710
57381|0x3bad|2|838679
57381|0x3bad|3|1749795
57381|0x3bad|4|3582817
57381|0x3bad|5|7521224
57381|0x3bad|6|14742452
57381|0x403bad|7|29701311
57381|0xc03bad|8|59734017
57381|0xc03bad|9|119558398
57381|0xc03bad|10|239629196
57381|0xc03bad|11|479305373
57381|0xc03bad|12|1223176733
57381|0x10c03bad|13|1917259486
57381|0x30c03bad|14|3837027026
57381|0x70c03bad|15|7671520120
57381|0xf0c03bad|16|15317481412
57381|0x1f0c03bad|17|30285919738
57381|0x1f0c03bad|18|60898748490
57381|0x1f0c03bad|19|123171679432
57381|0x1f0c03bad|20|244901377686
57381|0x11f0c03bad|21|491158489765
57381|0x11f0c03bad|22|989576017780
57381|0x51f0c03bad|23|1961528768970
57381|0xd1f0c03bad|24|3899256830494
57383|0x8f97|1|384529
57383|0x28f97|2|819845
57383|0x28f97|3|1738827
57383|0xa8f97|4|3847299
57383|0xa8f97|5|7242735
57383|0xa8f97|6|14852199
57383|0x4a8f97|7|29837376
57383|0x4a8f97|8|59844948
57383|0x14a8f97|9|119379954
57383|0x14a8f97|10|239905246
57383|0x14a8f97|11|448100059
57383|0x14a8f97|12|959503660
57383|0x114a8f97|13|1913429063
57383|0x314a8f97|14|3776164696
57383|0x714a8f97|15|7808709831
57383|0xf14a8f97|16|15799421019
57383|0xf14a8f97|17|30286098868
57383|0x2f14a8f97|18|60902303293
57383|0x6f14a8f97|19|125935535382
57383|0x6f14a8f97|20|246518200405
57383|0x16f14a8f97|21|490391077562
57383|0x36f14a8f97|22|985101304293
57383|0x36f14a8f97|23|1967212351948
57383|0xb6f14a8f97|24|3908531329732
57385|0xbc19|1|411527
57385|0xbc19|2|842183
57385|0x4bc19|3|1724085
57385|0xcbc19|4|3593257
57385|0xcbc19|5|7534499
57385|0x2cbc19|6|14895791
57385|0x6cbc19|7|29913281
57385|0x6cbc19|8|59554561
57385|0x6cbc19|9|119936589
57385|0x26cbc19|10|239226397
57385|0x26cbc19|11|493509869
57385|0xa6cbc19|12|957946188
57385|0x1a6cbc19|13|1901586577
57385|0x3a6cbc19|14|3863336352
57385|0x3a6cbc19|15|7625054647
57385|0xba6cbc19|16|15325597904
57385|0x1ba6cbc19|17|30955902292
57385|0x3ba6cbc19|18|62309044478
57385|0x3ba6cbc19|19|122884654245
57385|0xbba6cbc19|20|245848908661
57385|0xbba6cbc19|21|494686452236
57385|0xbba6cbc19|22|985646368598
57385|0xbba6cbc19|23|1947908874176
57385|0xbba6cbc19|24|6781782830111
57387|0xde83|1|672355
57387|0xde83|2|1463847
57387|0xde83|3|3103010
57387|0x8de83|4|6415900
57387|0x18de83|5|13081656
57387|0x38de83|6|26262034
57387|0x78de83|7|52686989
57387|0x78de83|8|105739713
57387|0x178de83|9|211481649
57387|0x378de83|10|421579668
57387|0x378de83|11|843423983
57387|0xb78de83|12|1691323440
57387|0x1b78de83|13|3369853305
57387|0x3b78de83|14|6739582523
57387|0x7b78de83|15|13506198069
57387|0xfb78de83|16|27041474905
57387|0xfb78de83|17|50170675743
57387|0xfb78de83|18|105845078296
57387|0x4fb78de83|19|214545741526
57387|0x4fb78de83|20|429680111597
57387|0x4fb78de83|21|859078095943
57387|0x24fb78de83|22|1720633227527
57387|0x64fb78de83|23|3440015260974
57387|0x64fb78de83|24|6909170025432
57389|0x6fa5|1|666721
57389|0x6fa5|2|1478660
57389|0x46fa5|3|3114236
57389|0xc6fa5|4|6456663
57389|0xc6fa5|5|13061854
57389|0x2c6fa5|6|26196177
57389|0x2c6fa5|7|52707780
57389|0xac6fa5|8|105550023
57389|0xac6fa5|9|211150880
57389|0xac6fa5|10|422186975
57389|0xac6fa5|11|844372833
57389|0xac6fa5|12|1683763870
57389|0xac6fa5|13|3695005255
57389|0xac6fa5|14|7176550698
57389|0xac6fa5|15|13512749483
57389|0xac6fa5|16|27062701094
57389|0x100ac6fa5|17|53464122383
57389|0x100ac6fa5|18|107014803960
57389|0x500ac6fa5|19|217647793659
57389|0xd00ac6fa5|20|416397656086
57389|0xd00ac6fa5|21|531220187556
57389|0x2d00ac6fa5|22|1012609997580
57389|0x2d00ac6fa5|23|1947842413212
57389|0xad00ac6fa5|24|4024752913930
57391|0x66cf|1|413375
57391|0x66cf|2|881570
57391|0x66cf|3|2016353
57391|0x866cf|4|3845533
57391|0x866cf|5|7866111
57391|0x866cf|6|15752613
57391|0x866cf|7|31576457
57391|0x8866cf|8|63301790
57391|0x18866cf|9|126485358
57391|0x38866cf|10|267076808
57391|0x38866cf|11|507880812
57391|0x38866cf|12|1012383010
57391|0x38866cf|13|1780360488
57391|0x38866cf|14|3952908430
57391|0x38866cf|15|8318184027
57391|0x38866cf|16|16204829463
57391|0x38866cf|17|32362220960
57391|0x38866cf|18|64969925259
57391|0x38866cf|19|129792725629
57391|0x8038866cf|20|261870626773
57391|0x18038866cf|21|520865226428
57391|0x18038866cf|22|1044242334937
57391|0x18038866cf|23|2300713477371
57391|0x98038866cf|24|4167487858991
57393|0x78d1|1|414540
57393|0x278d1|2|933025
57393|0x278d1|3|1871596
57393|0x278d1|4|3904469
57393|0x1278d1|5|7688856
57393|0x1278d1|6|15765233
57393|0x5278d1|7|56531911
57393|0xd278d1|8|63217335
57393|0xd278d1|9|126533003
57393|0x2d278d1|10|252802793
57393|0x6d278d1|11|507606153
57393|0xed278d1|12|1012979998
57393|0xed278d1|13|2012626852
57393|0xed278d1|14|4209173387
57393|0xed278d1|15|8101519442
57393|0xed278d1|16|16070828561
57393|0x10ed278d1|17|33154081240
57393|0x10ed278d1|18|64361091403
57393|0x50ed278d1|19|130429860215
57393|0x50ed278d1|20|262252299065
57393|0x150ed278d1|21|518635801494
57393|0x150ed278d1|22|1049010471251
57393|0x150ed278d1|23|2076792337598
57393|0x150ed278d1|24|5210614157137
57395|0x11afb|1|688160
57395|0x11afb|2|1466969
57395|0x51afb|3|3115467
57395|0x51afb|4|6435433
57395|0x51afb|5|13022991
57395|0x251afb|6|26159324
57395|0x251afb|7|52516204
57395|0x251afb|8|105165177
57395|0x1251afb|9|210485464
57395|0x3251afb|10|421096445
57395|0x3251afb|11|842403461
57395|0xb251afb|12|1685115648
57395|0x1b251afb|13|3370806575
57395|0x3b251afb|14|6741177425
57395|0x7b251afb|15|13484004435
57395|0x7b251afb|16|27722369275
57395|0x17b251afb|17|54119816998
57395|0x17b251afb|18|52269999396
57395|0x57b251afb|19|186683159142
57395|0xd7b251afb|20|261693924432
57395|0x1d7b251afb|21|823588713329
57395|0x3d7b251afb|22|1080336394381
57395|0x3d7b251afb|23|2222329107468
57395|0x3d7b251afb|24|4707676878650
57397|0x1721d|1|381857
57397|0x3721d|2|832857
57397|0x3721d|3|1766395
57397|0x3721d|4|3838312
57397|0x13721d|5|7275606
57397|0x33721d|6|15099382
57397|0x33721d|7|30082404
57397|0xb3721d|8|60233539
57397|0x1b3721d|9|120424839
57397|0x3b3721d|10|241846481
57397|0x3b3721d|11|482386708
57397|0xbb3721d|12|1018922449
57397|0x1bb3721d|13|2002458845
57397|0x1bb3721d|14|4050578475
57397|0x5bb3721d|15|7656476302
57397|0x5bb3721d|16|15414623472
57397|0x5bb3721d|17|30946472062
57397|0x5bb3721d|18|60764569491
57397|0x5bb3721d|19|122750486607
57397|0x5bb3721d|20|241968187597
57397|0x105bb3721d|21|490366188806
57397|0x305bb3721d|22|972195672430
57397|0x705bb3721d|23|1952593747114
57397|0xf05bb3721d|24|6779354266442
57399|0xd587|1|752329
57399|0xd587|2|1497701
57399|0x4d587|3|3158223
57399|0x4d587|4|6492388
57399|0x4d587|5|13073152
57399|0x24d587|6|26281893
57399|0x64d587|7|52747279
57399|0xe4d587|8|105565741
57399|0xe4d587|9|203418027
57399|0xe4d587|10|421246722
57399|0x4e4d587|11|848276498
57399|0xce4d587|12|1693035010
57399|0xce4d587|13|3385379686
57399|0xce4d587|14|6762238338
57399|0xce4d587|15|13506962053
57399|0xce4d587|16|27024709057
57399|0x10ce4d587|17|53588067451
57399|0x30ce4d587|18|107052408753
57399|0x30ce4d587|19|214606549371
57399|0x30ce4d587|20|423665634130
57399|0x130ce4d587|21|645180378515
57399|0x330ce4d587|22|976973797390
57399|0x730ce4d587|23|2253583304575
57399|0x730ce4d587|24|3969752906034
57401|0x10e09|1|481550
57401|0x10e09|2|941417
57401|0x50e09|3|1751778
57401|0xd0e09|4|3618519
57401|0x1d0e09|5|7308320
57401|0x1d0e09|6|14937418
57401|0x5d0e09|7|29926731
57401|0x5d0e09|8|59960113
57401|0x15d0e09|9|119984543
57401|0x35d0e09|10|239058743
57401|0x75d0e09|11|478630668
57401|0x75d0e09|12|959592807
57401|0x175d0e09|13|1917435737
57401|0x375d0e09|14|3839070226
57401|0x775d0e09|15|7656426071
57401|0x775d0e09|16|15332981917
57401|0x775d0e09|17|30642511048
57401|0x775d0e09|18|60461876694
57401|0x4775d0e09|19|121781440800
57401|0x4775d0e09|20|244210792791
57401|0x14775d0e09|21|487785972340
57401|0x14775d0e09|22|975936244520
57401|0x14775d0e09|23|2820366600514
57401|0x14775d0e09|24|5148236545551
57403|0xf8f3|1|490383
57403|0x2f8f3|2|836141
57403|0x6f8f3|3|1724215
57403|0x6f8f3|4|3604125
57403|0x16f8f3|5|7294219
57403|0x36f8f3|6|14926738
57403|0x36f8f3|7|29934862
57403|0xb6f8f3|8|59771357
57403|0xb6f8f3|9|119964245
57403|0xb6f8f3|10|239031859
57403|0x4b6f8f3|11|479910040
57403|0x4b6f8f3|12|959909597
57403|0x14b6f8f3|13|1920672042
57403|0x34b6f8f3|14|3832894084
57403|0x74b6f8f3|15|7660061394
57403|0x74b6f8f3|16|15337945845
57403|0x174b6f8f3|17|30664458001
57403|0x374b6f8f3|18|61005459680
57403|0x774b6f8f3|19|122096043695
57403|0xf74b6f8f3|20|244002221598
57403|0x1f74b6f8f3|21|488830777626
57403|0x3f74b6f8f3|22|968749719946
57403|0x7f74b6f8f3|23|1952267689303
57403|0xff74b6f8f3|24|3903655348777
57405|0xb715|1|363486
57405|0x2b715|2|819735
57405|0x2b715|3|1724287
57405|0xab715|4|3589380
57405|0xab715|5|7541387
57405|0xab715|6|14862810
57405|0x4ab715|7|29949857
57405|0x4ab715|8|59770390
57405|0x4ab715|9|119986391
57405|0x24ab715|10|239734652
57405|0x64ab715|11|479301336
57405|0x64ab715|12|956891389
57405|0x64ab715|13|1914849077
57405|0x264ab715|14|3828703305
57405|0x264ab715|15|7687738639
57405|0xa64ab715|16|15341571492
57405|0x1a64ab715|17|30396030300
57405|0x3a64ab715|18|60913588214
57405|0x3a64ab715|19|121936396742
57405|0x3a64ab715|20|244101806187
57405|0x3a64ab715|21|478421819951
57405|0x23a64ab715|22|976084933197
57405|0x23a64ab715|23|1961905155138
57405|0x23a64ab715|24|4061952410873
57407|0x10fbf|1|442433
57407|0x30fbf|2|905847
57407|0x30fbf|3|2197431
57407|0xb0fbf|4|4436329
57407|0xb0fbf|5|9362513
57407|0xb0fbf|6|26249193
57407|0xb0fbf|7|47401134
57407|0x8b0fbf|8|93847047
57407|0x8b0fbf|9|195841334
57407|0x8b0fbf|10|373379497
57407|0x8b0fbf|11|745408956
57407|0x8b0fbf|12|1452073272
57407|0x108b0fbf|13|2802194197
57407|0x108b0fbf|14|5589492062
57407|0x508b0fbf|15|11656597753
57407|0xd08b0fbf|16|23100630908
57407|0x1d08b0fbf|17|44622702035
57407|0x1d08b0fbf|18|107564366471
57407|0x5d08b0fbf|19|216993936512
57407|0xdd08b0fbf|20|424722203300
57407|0xdd08b0fbf|21|488725666519
57407|0x2dd08b0fbf|22|967812316366
57407|0x6dd08b0fbf|23|2089015265151
57407|0xedd08b0fbf|24|4647869960121
57409|0x12fc1|1|376192
57409|0x32fc1|2|838664
57409|0x32fc1|3|1751979
57409|0xb2fc1|4|3616905
57409|0xb2fc1|5|7570411
57409|0x2b2fc1|6|14922396
57409|0x6b2fc1|7|29755647
57409|0x6b2fc1|8|59941776
57409|0x16b2fc1|9|119806979
57409|0x36b2fc1|10|238397238
57409|0x36b2fc1|11|476899518
57409|0xb6b2fc1|12|952755740
57409|0x1b6b2fc1|13|1906091594
57409|0x1b6b2fc1|14|3827790469
57409|0x5b6b2fc1|15|7657169196
57409|0x5b6b2fc1|16|15335081316
57409|0x15b6b2fc1|17|30666489909
57409|0x35b6b2fc1|18|61058505397
57409|0x35b6b2fc1|19|122104346684
57409|0xb5b6b2fc1|20|243864971959
57409|0xb5b6b2fc1|21|487772458154
57409|0x2b5b6b2fc1|22|976164639436
57409|0x2b5b6b2fc1|23|2866251052953
57409|0x2b5b6b2fc1|24|5294336090766
57411|0x6c6b|1|677256
57411|0x26c6b|2|1465572
57411|0x26c6b|3|3112168
57411|0x26c6b|4|6416805
57411|0x26c6b|5|13051969
57411|0x26c6b|6|26165219
57411|0x26c6b|7|52740104
57411|0x826c6b|8|105266539
57411|0x1826c6b|9|211385176
57411|0x1826c6b|10|422797731
57411|0x5826c6b|11|807910147
57411|0x5826c6b|12|1637898011
57411|0x15826c6b|13|3382490510
57411|0x15826c6b|14|6760015440
57411|0x55826c6b|15|8102463464
57411|0xd5826c6b|16|17402234634
57411|0xd5826c6b|17|30346601941
57411|0x2d5826c6b|18|65466671060
57411|0x2d5826c6b|19|177729484414
57411|0x2d5826c6b|20|289437285487
57411|0x12d5826c6b|21|573607372476
57411|0x12d5826c6b|22|1076691722403
57411|0x52d5826c6b|23|2203815417397
57411|0xd2d5826c6b|24|4823933935324
57413|0x1328d|1|479029
57413|0x3328d|2|952935
57413|0x3328d|3|1880314
57413|0xb328d|4|3929324
57413|0xb328d|5|7706772
57413|0xb328d|6|15754195
57413|0x4b328d|7|31658430
57413|0xcb328d|8|63278049
57413|0x1cb328d|9|126640187
57413|0x1cb328d|10|252835709
57413|0x1cb328d|11|505778566
57413|0x9cb328d|12|1015301271
57413|0x19cb328d|13|2031659707
57413|0x19cb328d|14|4049275927
57413|0x59cb328d|15|8114343351
57413|0x59cb328d|16|16223020278
57413|0x59cb328d|17|32441980665
57413|0x259cb328d|18|64609648927
57413|0x659cb328d|19|129199359591
57413|0xe59cb328d|20|260797562165
57413|0x1e59cb328d|21|688601257709
57413|0x1e59cb328d|22|1279329564517
57413|0x5e59cb328d|23|2225100102005
57413|0x5e59cb328d|24|4862790828856
57415|0xc977|1|683494
57415|0xc977|2|3598705
57415|0xc977|3|3158522
57415|0xc977|4|6472326
57415|0xc977|5|13102212
57415|0xc977|6|26369622
57415|0xc977|7|52649749
57415|0x80c977|8|105456590
57415|0x80c977|9|210985319
57415|0x80c977|10|423409735
57415|0x480c977|11|847000619
57415|0x480c977|12|1688490675
57415|0x1480c977|13|3382051310
57415|0x3480c977|14|6776531334
57415|0x7480c977|15|13538638293
57415|0x7480c977|16|27069829116
57415|0x17480c977|17|54146642107
57415|0x17480c977|18|106829377005
57415|0x17480c977|19|196442008931
57415|0x97480c977|20|318533901623
57415|0x197480c977|21|752525590894
57415|0x197480c977|22|1583488198578
57415|0x197480c977|23|2612262953646
57415|0x197480c977|24|4161322780238
57417|0x111f9|1|421940
57417|0x111f9|2|838670
57417|0x111f9|3|1991534
57417|0x911f9|4|3844324
57417|0x1911f9|5|7970234
57417|0x3911f9|6|15740844
57417|0x3911f9|7|31457523
57417|0x3911f9|8|63342927
57417|0x3911f9|9|126502316
57417|0x3911f9|10|253086454
57417|0x3911f9|11|506066773
57417|0x3911f9|12|1015523470
57417|0x3911f9|13|2025774165
57417|0x3911f9|14|4050539757
57417|0x3911f9|15|8164719804
57417|0x3911f9|16|16192571535
57417|0x3911f9|17|32447484588
57417|0x2003911f9|18|64297855676
57417|0x6003911f9|19|131080273682
57417|0xe003911f9|20|258173364621
57417|0x1e003911f9|21|515957114114
57417|0x1e003911f9|22|1030843656491
57417|0x5e003911f9|23|2068418977592
57417|0x5e003911f9|24|4170779800698
57419|0x1e963|1|413246
57419|0x3e963|2|932500
57419|0x7e963|3|1744839
57419|0xfe963|4|3960910
57419|0xfe963|5|7812077
57419|0x2fe963|6|15775648
57419|0x6fe963|7|31599895
57419|0x6fe963|8|63479892
57419|0x16fe963|9|127364159
57419|0x16fe963|10|254617281
57419|0x16fe963|11|508275588
57419|0x96fe963|12|1017939714
57419|0x196fe963|13|2030632141
57419|0x396fe963|14|4072899105
57419|0x796fe963|15|8145243492
57419|0xf96fe963|16|16289738790
57419|0x1f96fe963|17|32034881533
57419|0x3f96fe963|18|94084773966
57419|0x7f96fe963|19|142122238142
57419|0xff96fe963|20|251644105461
57419|0x1ff96fe963|21|573994577378
57419|0x3ff96fe963|22|1029768763674
57419|0x3ff96fe963|23|2284135662404
57419|0x3ff96fe963|24|4139787546505
57421|0x15885|1|362286
57421|0x15885|2|819710
57421|0x55885|3|1862931
57421|0x55885|4|3841847
57421|0x155885|5|7827482
57421|0x355885|6|11498126
57421|0x355885|7|26123247
57421|0xb55885|8|59664224
57421|0xb55885|9|109667643
57421|0xb55885|10|224731394
57421|0x4b55885|11|454887485
57421|0xcb55885|12|895552432
57421|0xcb55885|13|1706381555
57421|0xcb55885|14|4659998688
57421|0xcb55885|15|10857716895
57421|0x8cb55885|16|22843184449
57421|0x18cb55885|17|51106713184
57421|0x38cb55885|18|69512977722
57421|0x38cb55885|19|126594226325
57421|0x38cb55885|20|277124660245
57421|0x138cb55885|21|495273377682
57421|0x138cb55885|22|1157188732290
57421|0x138cb55885|23|2222489784717
57421|0x138cb55885|24|5056493090490
57423|0x36af|1|411400
57423|0x236af|2|832780
57423|0x236af|3|1782587
57423|0xa36af|4|3793065
57423|0xa36af|5|7271034
57423|0xa36af|6|14870113
57423|0xa36af|7|30102462
57423|0xa36af|8|59798220
57423|0x10a36af|9|119960950
57423|0x30a36af|10|239838531
57423|0x30a36af|11|479900290
57423|0x30a36af|12|960139145
57423|0x30a36af|13|1917863706
57423|0x230a36af|14|3840896783
57423|0x630a36af|15|7541318202
57423|0xe30a36af|16|15293058172
57423|0x1e30a36af|17|30725440015
57423|0x3e30a36af|18|65555710326
57423|0x7e30a36af|19|168830383300
57423|0xfe30a36af|20|258676552037
57423|0x1fe30a36af|21|581276795911
57423|0x1fe30a36af|22|1017413334001
57423|0x1fe30a36af|23|2335913455095
57423|0x9fe30a36af|24|4174529470879
57425|0x68b1|1|682931
57425|0x68b1|2|3578765
57425|0x468b1|3|3130592
57425|0x468b1|4|6498836
57425|0x468b1|5|29108443
57425|0x468b1|6|58348059
57425|0x468b1|7|62924657
57425|0x468b1|8|63174933
57425|0x10468b1|9|127197217
57425|0x30468b1|10|254379266
57425|0x30468b1|11|508795262
57425|0x30468b1|12|1014742244
57425|0x130468b1|13|2030956142
57425|0x330468b1|14|4070305117
57425|0x330468b1|15|8128797903
57425|0x330468b1|16|16238800194
57425|0x330468b1|17|32469219992
57425|0x330468b1|18|65036526229
57425|0x4330468b1|19|127453040512
57425|0xc330468b1|20|251085202212
57425|0xc330468b1|21|679916033871
57425|0xc330468b1|22|1574295520024
57425|0xc330468b1|23|2047878769934
57425|0x8c330468b1|24|4119707129486
57427|0x63db|1|489188
57427|0x63db|2|830154
57427|0x63db|3|1771057
57427|0x63db|4|3903687
57427|0x63db|5|7857030
57427|0x63db|6|15739953
57427|0x63db|7|31549530
57427|0x8063db|8|63170804
57427|0x18063db|9|126947540
57427|0x18063db|10|267646005
57427|0x58063db|11|507026285
57427|0x58063db|12|1012451879
57427|0x58063db|13|2025003611
57427|0x258063db|14|4060930373
57427|0x258063db|15|8104278698
57427|0xa58063db|16|16214513885
57427|0xa58063db|17|32028568162
57427|0x2a58063db|18|64560569538
57427|0x6a58063db|19|129290210783
57427|0xea58063db|20|258386203647
57427|0x1ea58063db|21|514940273449
57427|0x1ea58063db|22|1018529960487
57427|0x5ea58063db|23|2064017630929
57427|0xdea58063db|24|4128052192345
57429|0x11cfd|1|415552
57429|0x11cfd|2|819922
57429|0x51cfd|3|1829533
57429|0x51cfd|4|3885784
57429|0x151cfd|5|7928345
57429|0x351cfd|6|15790569
57429|0x351cfd|7|31565549
57429|0x351cfd|8|63495505
57429|0x1351cfd|9|127039194
57429|0x1351cfd|10|254480988
57429|0x1351cfd|11|509176411
57429|0x1351cfd|12|1018188988
57429|0x1351cfd|13|2035938685
57429|0x21351cfd|14|4061830600
57429|0x21351cfd|15|8128327454
57429|0xa1351cfd|16|16312107344
57429|0xa1351cfd|17|32106398452
57429|0xa1351cfd|18|64941153785
57429|0x4a1351cfd|19|128339102951
57429|0xca1351cfd|20|257922451616
57429|0xca1351cfd|21|516094530077
57429|0xca1351cfd|22|1110783376425
57429|0x4ca1351cfd|23|2163431520872
57429|0xcca1351cfd|24|4666732347778
57431|0xb67|1|376093
57431|0x20b67|2|839020
57431|0x60b67|3|1782262
57431|0xe0b67|4|3616963
57431|0xe0b67|5|7559188
57431|0xe0b67|6|14859682
57431|0x4e0b67|7|29871215
57431|0xce0b67|8|60284499
57431|0xce0b67|9|119901647
57431|0xce0b67|10|240486510
57431|0xce0b67|11|481384127
57431|0xce0b67|12|964561388
57431|0x10ce0b67|13|1923073828
57431|0x10ce0b67|14|3857519783
57431|0x10ce0b67|15|7682333446
57431|0x10ce0b67|16|15363826366
57431|0x10ce0b67|17|30719415047
57431|0x210ce0b67|18|57893560892
57431|0x210ce0b67|19|121793073650
57431|0xa10ce0b67|20|270604090065
57431|0xa10ce0b67|21|659360808002
57431|0x2a10ce0b67|22|1691256309286
57431|0x2a10ce0b67|23|2192862344512
57431|0x2a10ce0b67|24|6199780373118
57433|0x67e9|1|712905
57433|0x67e9|2|1464212
57433|0x67e9|3|3110053
57433|0x67e9|4|6446796
57433|0x1067e9|5|13086508
57433|0x3067e9|6|26356391
57433|0x7067e9|7|52774269
57433|0x7067e9|8|105435556
57433|0x7067e9|9|211106192
57433|0x27067e9|10|422390051
57433|0x67067e9|11|863810999
57433|0xe7067e9|12|1694273632
57433|0xe7067e9|13|3379830112
57433|0x2e7067e9|14|6768244467
57433|0x2e7067e9|15|13533593772
57433|0xae7067e9|16|27073482025
57433|0x1ae7067e9|17|53475637339
57433|0x1ae7067e9|18|108098649139
57433|0x1ae7067e9|19|215355318973
57433|0x9ae7067e9|20|430323244489
57433|0x9ae7067e9|21|860429748844
57433|0x9ae7067e9|22|1720902477268
57433|0x9ae7067e9|23|2640817655115
57433|0x9ae7067e9|24|4706671747382
57435|0x14fd3|1|732952
57435|0x14fd3|2|1460908
57435|0x14fd3|3|3113780
57435|0x14fd3|4|6455548
57435|0x114fd3|5|13009015
57435|0x114fd3|6|26211706
57435|0x114fd3|7|52666776
57435|0x114fd3|8|105777165
57435|0x114fd3|9|211676386
57435|0x114fd3|10|423383494
57435|0x4114fd3|11|846582345
57435|0xc114fd3|12|1693516602
57435|0x1c114fd3|13|3387643813
57435|0x3c114fd3|14|6755764586
57435|0x3c114fd3|15|13530181218
57435|0xbc114fd3|16|27062658053
57435|0xbc114fd3|17|32018178090
57435|0x2bc114fd3|18|64718276148
57435|0x2bc114fd3|19|130068494769
57435|0xabc114fd3|20|248661708268
57435|0xabc114fd3|21|506966949018
57435|0x2abc114fd3|22|1623043781674
57435|0x6abc114fd3|23|2232087698093
57435|0xeabc114fd3|24|4241632937488
57437|0x1f3f5|1|409823
57437|0x1f3f5|2|855046
57437|0x5f3f5|3|1978420
57437|0x5f3f5|4|3616016
57437|0x5f3f5|5|7307832
57437|0x25f3f5|6|14933872
57437|0x65f3f5|7|29941686
57437|0xe5f3f5|8|59062800
57437|0x1e5f3f5|9|119838990
57437|0x3e5f3f5|10|238719294
57437|0x3e5f3f5|11|478002915
57437|0x3e5f3f5|12|956085841
57437|0x3e5f3f5|13|1939228520
57437|0x23e5f3f5|14|3824298759
57437|0x63e5f3f5|15|7681419734
57437|0xe3e5f3f5|16|15364125616
57437|0xe3e5f3f5|17|30223133076
57437|0xe3e5f3f5|18|60508276562
57437|0x4e3e5f3f5|19|181155912729
57437|0x4e3e5f3f5|20|430098751256
57437|0x14e3e5f3f5|21|856889814800
57437|0x14e3e5f3f5|22|1474329985760
57437|0x14e3e5f3f5|23|2871633655814
57437|0x14e3e5f3f5|24|4284611871544
57439|0x17b9f|1|684203
57439|0x17b9f|2|1464130
57439|0x17b9f|3|3118736
57439|0x97b9f|4|6416589
57439|0x197b9f|5|13059541
57439|0x397b9f|6|26207218
57439|0x397b9f|7|52638599
57439|0xb97b9f|8|105404162
57439|0x1b97b9f|9|210921949
57439|0x1b97b9f|10|422173821
57439|0x1b97b9f|11|844470770
57439|0x1b97b9f|12|1688859189
57439|0x11b97b9f|13|3377925834
57439|0x31b97b9f|14|6756747457
57439|0x71b97b9f|15|13511631819
57439|0xf1b97b9f|16|27024284544
57439|0xf1b97b9f|17|53280054604
57439|0xf1b97b9f|18|106900523843
57439|0x4f1b97b9f|19|215260271888
57439|0xcf1b97b9f|20|292815867415
57439|0x1cf1b97b9f|21|527523416251
57439|0x1cf1b97b9f|22|1019822467087
57439|0x5cf1b97b9f|23|1953960048624
57439|0x5cf1b97b9f|24|5105361944456
57441|0x1c3a1|1|383168
57441|0x1c3a1|2|820184
57441|0x1c3a1|3|1738115
57441|0x9c3a1|4|3590831
57441|0x9c3a1|5|7526906
57441|0x29c3a1|6|14859379
57441|0x29c3a1|7|29794942
57441|0x29c3a1|8|59604425
57441|0x129c3a1|9|119648511
57441|0x129c3a1|10|238904158
57441|0x529c3a1|11|477876557
57441|0x529c3a1|12|956513664
57441|0x529c3a1|13|1912118845
57441|0x529c3a1|14|3821623469
57441|0x529c3a1|15|7648743350
57441|0x8529c3a1|16|15300588166
57441|0x18529c3a1|17|30575911960
57441|0x18529c3a1|18|60529305444
57441|0x18529c3a1|19|121583544232
57441|0x98529c3a1|20|301711174332
57441|0x98529c3a1|21|708092223553
57441|0x298529c3a1|22|1324485473369
57441|0x698529c3a1|23|2233766463709
57441|0xe98529c3a1|24|4116803558468
57443|0xa14b|1|412357
57443|0xa14b|2|976676
57443|0xa14b|3|1986164
57443|0xa14b|4|3788425
57443|0xa14b|5|7822408
57443|0x20a14b|6|15657617
57443|0x60a14b|7|31460020
57443|0xe0a14b|8|63221488
57443|0xe0a14b|9|126310192
57443|0xe0a14b|10|252942802
57443|0x4e0a14b|11|506063694
57443|0x4e0a14b|12|1012120314
57443|0x14e0a14b|13|2025460208
57443|0x34e0a14b|14|4059767397
57443|0x34e0a14b|15|8125537954
57443|0x34e0a14b|16|16241821378
57443|0x134e0a14b|17|32387504516
57443|0x134e0a14b|18|64852203345
57443|0x534e0a14b|19|129075038234
57443|0xd34e0a14b|20|256426330837
57443|0xd34e0a14b|21|512788340764
57443|0x2d34e0a14b|22|1028955592923
57443|0x6d34e0a14b|23|2068308226945
57443|0xed34e0a14b|24|4154581684637
57445|0xd16d|1|491721
57445|0x2d16d|2|952963
57445|0x6d16d|3|1842203
57445|0x6d16d|4|3975952
57445|0x16d16d|5|7735259
57445|0x16d16d|6|15815989
57445|0x56d16d|7|31722574
57445|0xd6d16d|8|63312141
57445|0xd6d16d|9|126862067
57445|0xd6d16d|10|253869233
57445|0x4d6d16d|11|507450128
57445|0x4d6d16d|12|1015273386
57445|0x4d6d16d|13|2030448263
57445|0x24d6d16d|14|4066694859
57445|0x24d6d16d|15|8128342866
57445|0xa4d6d16d|16|16218719371
57445|0x1a4d6d16d|17|32162075398
57445|0x3a4d6d16d|18|64277310063
57445|0x7a4d6d16d|19|129082994197
57445|0x7a4d6d16d|20|255501215117
57445|0x7a4d6d16d|21|515953101289
57445|0x7a4d6d16d|22|1023161827575
57445|0x47a4d6d16d|23|2058785726875
57445|0xc7a4d6d16d|24|4149985086317
57447|0x3b57|1|384563
57447|0x3b57|2|2191401
57447|0x43b57|3|1904880
57447|0x43b57|4|3917757
57447|0x43b57|5|7727167
57447|0x243b57|6|15826524
57447|0x243b57|7|31419462
57447|0xa43b57|8|63382675
57447|0xa43b57|9|126495956
57447|0x2a43b57|10|253766796
57447|0x6a43b57|11|506301862
57447|0x6a43b57|12|1015181244
57447|0x6a43b57|13|2029723220
57447|0x26a43b57|14|4068451167
57447|0x66a43b57|15|8109210696
57447|0x66a43b57|16|16215519017
57447|0x166a43b57|17|32458887056
57447|0x166a43b57|18|64132414590
57447|0x166a43b57|19|129366522368
57447|0x166a43b57|20|257729187893
57447|0x166a43b57|21|510676198255
57447|0x2166a43b57|22|1026924687660
57447|0x6166a43b57|23|2056527058468
57447|0x6166a43b57|24|4138738055051
57449|0xafd9|1|407379
57449|0x2afd9|2|819924
57449|0x2afd9|3|1787372
57449|0xaafd9|4|3889918
57449|0xaafd9|5|7889591
57449|0xaafd9|6|15757359
57449|0x4aafd9|7|31650368
57449|0xcaafd9|8|63427638
57449|0x1caafd9|9|125678317
57449|0x3caafd9|10|253904928
57449|0x3caafd9|11|508066430
57449|0xbcaafd9|12|1012232883
57449|0x1bcaafd9|13|2027829606
57449|0x1bcaafd9|14|4067595498
57449|0x5bcaafd9|15|8109075373
57449|0x5bcaafd9|16|16218694555
57449|0x15bcaafd9|17|32441766122
57449|0x15bcaafd9|18|64340453452
57449|0x15bcaafd9|19|129253747561
57449|0x15bcaafd9|20|257695921777
57449|0x15bcaafd9|21|516592572453
57449|0x215bcaafd9|22|1031494264341
57449|0x215bcaafd9|23|2097692345115
57449|0x215bcaafd9|24|4134993821813
57451|0xcc43|1|427202
57451|0xcc43|2|953063
57451|0xcc43|3|1774698
57451|0xcc43|4|3961554
57451|0x10cc43|5|7786649
57451|0x10cc43|6|15811401
57451|0x50cc43|7|31686694
57451|0xd0cc43|8|63299344
57451|0xd0cc43|9|127023357
57451|0x2d0cc43|10|255056336
57451|0x2d0cc43|11|508353190
57451|0x2d0cc43|12|1019026167
57451|0x2d0cc43|13|2035243923
57451|0x22d0cc43|14|4074112094
57451|0x62d0cc43|15|8159177449
57451|0x62d0cc43|16|16311469971
57451|0x62d0cc43|17|32504064281
57451|0x62d0cc43|18|64207016861
57451|0x62d0cc43|19|129492422495
57451|0x62d0cc43|20|257177032891
57451|0x62d0cc43|21|510106930977
57451|0x2062d0cc43|22|1032557235831
57451|0x2062d0cc43|23|2064825336162
57451|0x2062d0cc43|24|4129271621350
57453|0x2965|1|376137
57453|0x22965|2|849967
57453|0x62965|3|1960741
57453|0xe2965|4|3652118
57453|0xe2965|5|7313278
57453|0xe2965|6|14932642
57453|0x4e2965|7|29949379
57453|0xce2965|8|60007132
57453|0xce2965|9|120052451
57453|0xce2965|10|239199717
57453|0x4ce2965|11|478025563
57453|0x4ce2965|12|958322327
57453|0x14ce2965|13|1916638000
57453|0x14ce2965|14|3829643013
57453|0x54ce2965|15|7675502311
57453|0xd4ce2965|16|15340055209
57453|0x1d4ce2965|17|31643906968
57453|0x1d4ce2965|18|64609328353
57453|0x5d4ce2965|19|127950466276
57453|0x5d4ce2965|20|257979749830
57453|0x15d4ce2965|21|516014157184
57453|0x15d4ce2965|22|1032166225433
57453|0x15d4ce2965|23|2061070186873
57453|0x95d4ce2965|24|4121840895421
57455|0x7e8f|1|381058
57455|0x7e8f|2|835271
57455|0x47e8f|3|1866624
57455|0x47e8f|4|3828792
57455|0x147e8f|5|7963027
57455|0x347e8f|6|15687730
57455|0x347e8f|7|31512273
57455|0xb47e8f|8|63457962
57455|0x1b47e8f|9|126802543
57455|0x1b47e8f|10|253979670
57455|0x5b47e8f|11|507870913
57455|0xdb47e8f|12|1015196111
57455|0xdb47e8f|13|2031439104
57455|0x2db47e8f|14|4061764243
57455|0x6db47e8f|15|8115917667
57455|0xedb47e8f|16|16218800411
57455|0x1edb47e8f|17|32010300255
57455|0x1edb47e8f|18|64232329333
57455|0x5edb47e8f|19|129031924885
57455|0x5edb47e8f|20|257981389395
57455|0x15edb47e8f|21|516117530930
57455|0x15edb47e8f|22|1027233619437
57455|0x15edb47e8f|23|2057383326612
57455|0x95edb47e8f|24|4130674011392
57457|0xe091|1|432310
57457|0x2e091|2|866104
57457|0x6e091|3|1769352
57457|0xee091|4|3946445
57457|0x1ee091|5|7706788
57457|0x3ee091|6|15638781
57457|0x7ee091|7|21430503
57457|0xfee091|8|63999126
57457|0x1fee091|9|114942388
57457|0x3fee091|10|232110121
57457|0x3fee091|11|457281188
57457|0xbfee091|12|914160742
57457|0x1bfee091|13|1810649535
57457|0x3bfee091|14|3732521302
57457|0x3bfee091|15|6772489083
57457|0xbbfee091|16|13742012976
57457|0xbbfee091|17|28882170128
57457|0x2bbfee091|18|79929697534
57457|0x6bbfee091|19|214473987643
57457|0xebbfee091|20|256855094163
57457|0xebbfee091|21|498756206776
57457|0xebbfee091|22|968612267857
57457|0xebbfee091|23|2032263622951
57457|0xebbfee091|24|4571714905763
57459|0xc4bb|1|379591
57459|0xc4bb|2|828305
57459|0x4c4bb|3|1748525
57459|0xcc4bb|4|3613827
57459|0xcc4bb|5|7550813
57459|0x2cc4bb|6|14909775
57459|0x6cc4bb|7|29666312
57459|0x6cc4bb|8|59900655
57459|0x16cc4bb|9|119761939
57459|0x16cc4bb|10|239572948
57459|0x16cc4bb|11|479648860
57459|0x16cc4bb|12|959331451
57459|0x116cc4bb|13|1917368489
57459|0x116cc4bb|14|3822190479
57459|0x116cc4bb|15|7686716114
57459|0x116cc4bb|16|15303743093
57459|0x1116cc4bb|17|30517694934
57459|0x3116cc4bb|18|60850214146
57459|0x3116cc4bb|19|122155479537
57459|0x3116cc4bb|20|321986805140
57459|0x3116cc4bb|21|584022123795
57459|0x23116cc4bb|22|1198850153800
57459|0x23116cc4bb|23|2302896444126
57459|0x23116cc4bb|24|5257293123200
57461|0x1efdd|1|368008
57461|0x1efdd|2|1970411
57461|0x5efdd|3|1987269
57461|0xdefdd|4|3804456
57461|0xdefdd|5|7894732
57461|0xdefdd|6|15775924
57461|0x4defdd|7|31575354
57461|0xcdefdd|8|63221920
57461|0xcdefdd|9|123804271
57461|0xcdefdd|10|251926557
57461|0xcdefdd|11|503798892
57461|0xcdefdd|12|1007352666
57461|0x10cdefdd|13|1971234575
57461|0x30cdefdd|14|3981140048
57461|0x30cdefdd|15|6971629299
57461|0xb0cdefdd|16|14418116220
57461|0x1b0cdefdd|17|35018513985
57461|0x3b0cdefdd|18|76989112259
57461|0x7b0cdefdd|19|138912776319
57461|0xfb0cdefdd|20|255998032172
57461|0xfb0cdefdd|21|723198372994
57461|0x2fb0cdefdd|22|1044926005115
57461|0x2fb0cdefdd|23|2097281276368
57461|0xafb0cdefdd|24|4125684952470
57463|0xf947|1|416687
57463|0x2f947|2|964449
57463|0x2f947|3|1772923
57463|0x2f947|4|3941962
57463|0x2f947|5|7685635
57463|0x2f947|6|15725869
57463|0x2f947|7|37226667
57463|0x82f947|8|63030782
57463|0x182f947|9|126455461
57463|0x382f947|10|253088060
57463|0x782f947|11|506245394
57463|0xf82f947|12|1015650621
57463|0x1f82f947|13|2020692985
57463|0x1f82f947|14|4049052959
57463|0x5f82f947|15|8125104635
57463|0x5f82f947|16|16244693495
57463|0x15f82f947|17|32416915420
57463|0x35f82f947|18|77025642155
57463|0x75f82f947|19|151622249256
57463|0x75f82f947|20|289871494889
57463|0x75f82f947|21|519389996113
57463|0x75f82f947|22|1026547292663
57463|0x75f82f947|23|2223712479631
57463|0x75f82f947|24|4512323566888
57465|0x189c9|1|479781
57465|0x389c9|2|2259240
57465|0x789c9|3|1764334
57465|0x789c9|4|3966809
57465|0x789c9|5|7822501
57465|0x2789c9|6|15855707
57465|0x6789c9|7|50408478
57465|0xe789c9|8|82875507
57465|0xe789c9|9|152766155
57465|0x2e789c9|10|315018022
57465|0x2e789c9|11|730113499
57465|0xae789c9|12|1499956227
57465|0xae789c9|13|2719651556
57465|0xae789c9|14|5089514842
57465|0x4ae789c9|15|10527955292
57465|0x4ae789c9|16|13665781185
57465|0x4ae789c9|17|31167149724
57465|0x24ae789c9|18|62347046857
57465|0x24ae789c9|19|142811524718
57465|0x24ae789c9|20|278422830294
57465|0x24ae789c9|21|557896087011
57465|0x224ae789c9|22|1068818996599
57465|0x624ae789c9|23|2238752528445
57465|0x624ae789c9|24|4428122997565
57467|0x1feb3|1|413482
57467|0x3feb3|2|2132717
57467|0x3feb3|3|1758569
57467|0xbfeb3|4|3861587
57467|0xbfeb3|5|12343023
57467|0x2bfeb3|6|26268816
57467|0x2bfeb3|7|52748399
57467|0x2bfeb3|8|80007101
57467|0x2bfeb3|9|181061967
57467|0x2bfeb3|10|358763527
57467|0x42bfeb3|11|719899721
57467|0x42bfeb3|12|1443749902
57467|0x42bfeb3|13|2915712618
57467|0x42bfeb3|14|4607792165
57467|0x42bfeb3|15|8045464695
57467|0x842bfeb3|16|16104857811
57467|0x842bfeb3|17|32119921130
57467|0x2842bfeb3|18|64241955234
57467|0x6842bfeb3|19|117857106738
57467|0xe842bfeb3|20|237384972846
57467|0xe842bfeb3|21|577839114470
57467|0x2e842bfeb3|22|1218521720134
57467|0x2e842bfeb3|23|2614762178550
57467|0x2e842bfeb3|24|4980063221033
57469|0x198d5|1|367875
57469|0x398d5|2|819797
57469|0x798d5|3|1936664
57469|0x798d5|4|3831220
57469|0x1798d5|5|7943253
57469|0x1798d5|6|15668970
57469|0x5798d5|7|31442001
57469|0xd798d5|8|63158653
57469|0x1d798d5|9|126341986
57469|0x1d798d5|10|253891916
57469|0x5d798d5|11|507719062
57469|0x5d798d5|12|1014944385
57469|0x5d798d5|13|2030517857
57469|0x5d798d5|14|4051562124
57469|0x5d798d5|15|8153272476
57469|0x85d798d5|16|16259313183
57469|0x85d798d5|17|32409974378
57469|0x285d798d5|18|63824264728
57469|0x285d798d5|19|122640060276
57469|0xa85d798d5|20|268598358174
57469|0xa85d798d5|21|590309235719
57469|0xa85d798d5|22|1179341267176
57469|0x4a85d798d5|23|2348869532459
57469|0xca85d798d5|24|4139553185109
57471|0xdf7f|1|469473
57471|0x2df7f|2|902807
57471|0x6df7f|3|1751945
57471|0xedf7f|4|3973047
57471|0x1edf7f|5|7863342
57471|0x3edf7f|6|15798395
57471|0x7edf7f|7|31676385
57471|0xfedf7f|8|63311589
57471|0xfedf7f|9|126942165
57471|0x2fedf7f|10|253149419
57471|0x2fedf7f|11|506013553
57471|0x2fedf7f|12|1015588552
57471|0x2fedf7f|13|2031980845
57471|0x2fedf7f|14|4051734644
57471|0x2fedf7f|15|8124521818
57471|0x82fedf7f|16|16229611115
57471|0x82fedf7f|17|32392037983
57471|0x82fedf7f|18|64602538054
57471|0x82fedf7f|19|166716262695
57471|0x82fedf7f|20|261196939817
57471|0x82fedf7f|21|501517443539
57471|0x2082fedf7f|22|1032134127594
57471|0x6082fedf7f|23|2127790157629
57471|0xe082fedf7f|24|4470241011650
57473|0x15f81|1|374077
57473|0x35f81|2|830210
57473|0x75f81|3|1885997
57473|0xf5f81|4|3793845
57473|0x1f5f81|5|7945563
57473|0x3f5f81|6|15652985
57473|0x3f5f81|7|31295796
57473|0xbf5f81|8|62767025
57473|0xbf5f81|9|125477422
57473|0xbf5f81|10|250389077
57473|0x4bf5f81|11|504100387
57473|0xcbf5f81|12|1007419058
57473|0xcbf5f81|13|2006774092
57473|0x2cbf5f81|14|4031559576
57473|0x2cbf5f81|15|8029470217
57473|0x2cbf5f81|16|16092617720
57473|0x2cbf5f81|17|33906439454
57473|0x22cbf5f81|18|63352967014
57473|0x22cbf5f81|19|137224228838
57473|0x22cbf5f81|20|255944755318
57473|0x22cbf5f81|21|513229816275
57473|0x22cbf5f81|22|1110939998421
57473|0x422cbf5f81|23|2346309951256
57473|0xc22cbf5f81|24|4627808961668
57475|0x6e2b|1|427568
57475|0x26e2b|2|953319
57475|0x66e2b|3|1834742
57475|0x66e2b|4|3996983
57475|0x166e2b|5|7793677
57475|0x366e2b|6|15849941
57475|0x766e2b|7|31779507
57475|0x766e2b|8|63320358
57475|0x1766e2b|9|126583447
57475|0x1766e2b|10|256711911
57475|0x1766e2b|11|507687662
57475|0x1766e2b|12|1012630855
57475|0x1766e2b|13|2029072542
57475|0x21766e2b|14|4051502080
57475|0x61766e2b|15|8099514833
57475|0xe1766e2b|16|16216601180
57475|0x1e1766e2b|17|31987627266
57475|0x3e1766e2b|18|64251683342
57475|0x7e1766e2b|19|129015388612
57475|0x7e1766e2b|20|257812911874
57475|0x17e1766e2b|21|507018545249
57475|0x17e1766e2b|22|1032818194337
57475|0x17e1766e2b|23|2068308877523
57475|0x97e1766e2b|24|4174770270533
57477|0x184d|1|369951
57477|0x184d|2|841696
57477|0x184d|3|1959955
57477|0x184d|4|3810693
57477|0x10184d|5|7915583
57477|0x30184d|6|15726909
57477|0x70184d|7|31527471
57477|0xf0184d|8|63520093
57477|0xf0184d|9|126897804
57477|0x2f0184d|10|254011587
57477|0x6f0184d|11|508081869
57477|0x6f0184d|12|1015664357
57477|0x16f0184d|13|2033653326
57477|0x16f0184d|14|4065940900
57477|0x16f0184d|15|8129216840
57477|0x16f0184d|16|16252143361
57477|0x16f0184d|17|32501490645
57477|0x216f0184d|18|64460851283
57477|0x216f0184d|19|129225905038
57477|0xa16f0184d|20|258786937406
57477|0x1a16f0184d|21|517198946837
57477|0x3a16f0184d|22|1029687450004
57477|0x7a16f0184d|23|2047507487256
57477|0xfa16f0184d|24|4101413073600
57479|0x1e537|1|382424
57479|0x1e537|2|1998604
57479|0x1e537|3|1752163
57479|0x1e537|4|3637845
57479|0x11e537|5|7544263
57479|0x11e537|6|14944574
57479|0x11e537|7|29960254
57479|0x11e537|8|60322912
57479|0x11e537|9|122895338
57479|0x211e537|10|240493176
57479|0x211e537|11|480567711
57479|0x211e537|12|961827413
57479|0x211e537|13|1917217223
57479|0x211e537|14|3829900990
57479|0x4211e537|15|7866338302
57479|0xc211e537|16|16226338924
57479|0xc211e537|17|32011098058
57479|0x2c211e537|18|64490251855
57479|0x6c211e537|19|117719868071
57479|0x6c211e537|20|248109767388
57479|0x6c211e537|21|515583273546
57479|0x26c211e537|22|1026889357173
57479|0x66c211e537|23|2030195802790
57479|0x66c211e537|24|4434594434834
57481|0x95b9|1|396154
57481|0x295b9|2|840359
57481|0x695b9|3|1861503
57481|0xe95b9|4|3892822
57481|0x1e95b9|5|7980923
57481|0x3e95b9|6|15823840
57481|0x3e95b9|7|31581366
57481|0xbe95b9|8|63454652
57481|0x1be95b9|9|126861473
57481|0x3be95b9|10|253207920
57481|0x7be95b9|11|505402338
57481|0xfbe95b9|12|1012324213
57481|0x1fbe95b9|13|2031268981
57481|0x1fbe95b9|14|4061925554
57481|0x5fbe95b9|15|8099050049
57481|0x5fbe95b9|16|16232468539
57481|0x5fbe95b9|17|32444609500
57481|0x25fbe95b9|18|70823561731
57481|0x65fbe95b9|19|178787941258
57481|0x65fbe95b9|20|300714259532
57481|0x165fbe95b9|21|663113390309
57481|0x165fbe95b9|22|990835623988
57481|0x565fbe95b9|23|2250374712947
57481|0x565fbe95b9|24|5209023586041
57483|0x8723|1|431262
57483|0x8723|2|2022270
57483|0x8723|3|1901185
57483|0x88723|4|3828857
57483|0x88723|5|7929358
57483|0x288723|6|15700212
57483|0x688723|7|31138677
57483|0x688723|8|62549215
57483|0x1688723|9|125982926
57483|0x3688723|10|246386674
57483|0x3688723|11|495716751
57483|0x3688723|12|989852398
57483|0x13688723|13|2008177204
57483|0x13688723|14|4046616373
57483|0x13688723|15|7166995914
57483|0x13688723|16|14647259437
57483|0x13688723|17|29480822707
57483|0x213688723|18|56942790580
57483|0x613688723|19|154304907342
57483|0xe13688723|20|271283804753
57483|0xe13688723|21|580586654710
57483|0x2e13688723|22|1136675786957
57483|0x2e13688723|23|2380118026290
57483|0x2e13688723|24|4502279156163
57485|0x1e245|1|696046
57485|0x3e245|2|1467213
57485|0x3e245|3|3081872
57485|0x3e245|4|6444225
57485|0x3e245|5|10679061
57485|0x23e245|6|23255556
57485|0x63e245|7|52757180
57485|0x63e245|8|90231400
57485|0x163e245|9|194178292
57485|0x363e245|10|378764856
57485|0x763e245|11|763493004
57485|0xf63e245|12|1518104101
57485|0xf63e245|13|2832200054
57485|0x2f63e245|14|5406957006
57485|0x2f63e245|15|10401200608
57485|0xaf63e245|16|18831210960
57485|0xaf63e245|17|26104928612
57485|0xaf63e245|18|75028178657
57485|0xaf63e245|19|157341459503
57485|0x8af63e245|20|298017880340
57485|0x8af63e245|21|571053904675
57485|0x8af63e245|22|1078608196450
57485|0x48af63e245|23|2123289004540
57485|0xc8af63e245|24|5017120625349
57487|0x3e6f|1|686837
57487|0x3e6f|2|1482252
57487|0x43e6f|3|2124505
57487|0x43e6f|4|4472871
57487|0x43e6f|5|8938895
57487|0x43e6f|6|28950293
57487|0x43e6f|7|45005753
57487|0x43e6f|8|92362239
57487|0x1043e6f|9|186995247
57487|0x1043e6f|10|354051290
57487|0x1043e6f|11|741629715
57487|0x9043e6f|12|1461712345
57487|0x9043e6f|13|2936825415
57487|0x9043e6f|14|5772793920
57487|0x49043e6f|15|11461344140
57487|0xc9043e6f|16|22493778506
57487|0xc9043e6f|17|49148094760
57487|0xc9043e6f|18|78999018078
57487|0x4c9043e6f|19|131618588716
57487|0x4c9043e6f|20|347024624499
57487|0x14c9043e6f|21|588134161223
57487|0x14c9043e6f|22|1160267160251
57487|0x14c9043e6f|23|2273807280711
57487|0x94c9043e6f|24|4741835743778
57489|0xe071|1|370276
57489|0x2e071|2|2039549
57489|0x6e071|3|1959766
57489|0xee071|4|3805246
57489|0x1ee071|5|7859595
57489|0x3ee071|6|15729349
57489|0x3ee071|7|31547786
57489|0x3ee071|8|63620255
57489|0x3ee071|9|126867452
57489|0x3ee071|10|254839613
57489|0x3ee071|11|509082482
57489|0x83ee071|12|1018811861
57489|0x183ee071|13|2050435314
57489|0x183ee071|14|4052491396
57489|0x583ee071|15|7371350204
57489|0x583ee071|16|15753561506
57489|0x1583ee071|17|32074426450
57489|0x3583ee071|18|68017456205
57489|0x7583ee071|19|127648351105
57489|0x7583ee071|20|255761292614
57489|0x7583ee071|21|655484670373
57489|0x27583ee071|22|1011014411392
57489|0x27583ee071|23|2140197121505
57489|0xa7583ee071|24|4772397269561
57491|0x13d9b|1|243857
57491|0x33d9b|2|558837
57491|0x73d9b|3|1396160
57491|0x73d9b|4|2565772
57491|0x173d9b|5|5300963
57491|0x173d9b|6|14280216
57491|0x573d9b|7|31327111
57491|0x573d9b|8|57752748
57491|0x573d9b|9|112059649
57491|0x573d9b|10|233289714
57491|0x573d9b|11|457945120
57491|0x8573d9b|12|1007353749
57491|0x8573d9b|13|2016921578
57491|0x28573d9b|14|5254787863
57491|0x28573d9b|15|13503906989
57491|0xa8573d9b|16|27038246346
57491|0x1a8573d9b|17|46243886249
57491|0x1a8573d9b|18|64382477938
57491|0x1a8573d9b|19|129133654521
57491|0x1a8573d9b|20|259469701497
57491|0x1a8573d9b|21|719035203452
57491|0x1a8573d9b|22|1019089981243
57491|0x41a8573d9b|23|2052877352162
57491|0x41a8573d9b|24|3905440499362
57493|0xeabd|1|365939
57493|0x2eabd|2|820184
57493|0x2eabd|3|1584978
57493|0xaeabd|4|2704679
57493|0xaeabd|5|7313671
57493|0xaeabd|6|15562078
57493|0x4aeabd|7|19520175
57493|0x4aeabd|8|41733575
57493|0x14aeabd|9|103351595
57493|0x34aeabd|10|183573904
57493|0x34aeabd|11|378276399
57493|0xb4aeabd|12|777397613
57493|0xb4aeabd|13|1593495425
57493|0x2b4aeabd|14|3115796226
57493|0x6b4aeabd|15|6129297567
57493|0x6b4aeabd|16|12051748772
57493|0x6b4aeabd|17|27456204950
57493|0x6b4aeabd|18|58831694865
57493|0x6b4aeabd|19|115527363007
57493|0x6b4aeabd|20|243965684171
57493|0x6b4aeabd|21|468024787300
57493|0x206b4aeabd|22|1022658985446
57493|0x606b4aeabd|23|2178982885234
57493|0x606b4aeabd|24|5135531012219
57495|0x9f27|1|543113
57495|0x9f27|2|918650
57495|0x9f27|3|1724917
57495|0x9f27|4|3922122
57495|0x9f27|5|7635606
57495|0x209f27|6|15599160
57495|0x209f27|7|31284203
57495|0xa09f27|8|62648579
57495|0xa09f27|9|125250424
57495|0x2a09f27|10|250654172
57495|0x2a09f27|11|501552088
57495|0xaa09f27|12|1002625574
57495|0x1aa09f27|13|2005055184
57495|0x1aa09f27|14|4012145596
57495|0x5aa09f27|15|8047973895
57495|0x5aa09f27|16|16834359194
57495|0x5aa09f27|17|40295692704
57495|0x25aa09f27|18|68866185281
57495|0x25aa09f27|19|141940060178
57495|0x25aa09f27|20|410441496582
57495|0x125aa09f27|21|647682712087
57495|0x325aa09f27|22|1055335424753
57495|0x325aa09f27|23|2143334730810
57495|0x325aa09f27|24|4855326614700
57497|0x173a9|1|412918
57497|0x373a9|2|850324
57497|0x773a9|3|1937210
57497|0xf73a9|4|3673473
57497|0x1f73a9|5|7808405
57497|0x1f73a9|6|15277532
57497|0x1f73a9|7|30962951
57497|0x1f73a9|8|61805909
57497|0x1f73a9|9|124013993
57497|0x1f73a9|10|248065260
57497|0x1f73a9|11|495145167
57497|0x81f73a9|12|993478773
57497|0x81f73a9|13|1984498170
57497|0x281f73a9|14|3987230048
57497|0x281f73a9|15|7943830330
57497|0xa81f73a9|16|16078649637
57497|0xa81f73a9|17|31737719598
57497|0xa81f73a9|18|64341355577
57497|0xa81f73a9|19|183494062766
57497|0xa81f73a9|20|407003459433
57497|0xa81f73a9|21|851300080609
57497|0xa81f73a9|22|1281845654038
57497|0xa81f73a9|23|1857918488975
57497|0x80a81f73a9|24|3945627856952
57499|0x593|1|412525
57499|0x593|2|1767641
57499|0x40593|3|1754682
57499|0x40593|4|3878368
57499|0x140593|5|7705702
57499|0x140593|6|12467077
57499|0x140593|7|24759822
57499|0x140593|8|49353429
57499|0x1140593|9|89470827
57499|0x1140593|10|196146949
57499|0x5140593|11|395473170
57499|0xd140593|12|809331079
57499|0x1d140593|13|1554446002
57499|0x3d140593|14|3486645640
57499|0x3d140593|15|6482510692
57499|0xbd140593|16|12731743960
57499|0xbd140593|17|24833052278
57499|0xbd140593|18|58149909452
57499|0x4bd140593|19|109411530345
57499|0x4bd140593|20|234603209461
57499|0x14bd140593|21|482773917571
57499|0x14bd140593|22|1054185473881
57499|0x14bd140593|23|2253692261581
57499|0x14bd140593|24|4010260450688
57501|0xa5b5|1|376471
57501|0xa5b5|2|828663
57501|0x4a5b5|3|1731800
57501|0xca5b5|4|3674331
57501|0xca5b5|5|7335042
57501|0xca5b5|6|25265406
57501|0x4ca5b5|7|38376335
57501|0x4ca5b5|8|63330982
57501|0x4ca5b5|9|167231473
57501|0x4ca5b5|10|206527937
57501|0x4ca5b5|11|559542635
57501|0x4ca5b5|12|1122132469
57501|0x4ca5b5|13|1858837173
57501|0x4ca5b5|14|3532354780
57501|0x404ca5b5|15|6474791108
57501|0xc04ca5b5|16|15232524882
57501|0x1c04ca5b5|17|35750251339
57501|0x3c04ca5b5|18|60413783167
57501|0x3c04ca5b5|19|113207737937
57501|0x3c04ca5b5|20|260669516812
57501|0x13c04ca5b5|21|545834654916
57501|0x33c04ca5b5|22|1107990010679
57501|0x33c04ca5b5|23|2281498785746
57501|0x33c04ca5b5|24|4228944495268
57503|0x3b5f|1|384752
57503|0x3b5f|2|838626
57503|0x3b5f|3|1776154
57503|0x83b5f|4|3620010
57503|0x183b5f|5|7527531
57503|0x183b5f|6|14696838
57503|0x183b5f|7|29452087
57503|0x183b5f|8|52147270
57503|0x1183b5f|9|106002846
57503|0x3183b5f|10|201391937
57503|0x3183b5f|11|570457948
57503|0x3183b5f|12|1219434243
57503|0x3183b5f|13|2435527841
57503|0x23183b5f|14|4946309206
57503|0x23183b5f|15|6659705393
57503|0x23183b5f|16|15881497139
57503|0x123183b5f|17|37365432382
57503|0x323183b5f|18|73268008811
57503|0x323183b5f|19|154350318428
57503|0xb23183b5f|20|295142947088
57503|0xb23183b5f|21|624191648181
57503|0x2b23183b5f|22|1155624415316
57503|0x2b23183b5f|23|2091650277697
57503|0xab23183b5f|24|4566042728293
57505|0x10361|1|438511
57505|0x10361|2|953312
57505|0x10361|3|1984606
57505|0x90361|4|3844710
57505|0x90361|5|7812652
57505|0x290361|6|15856758
57505|0x690361|7|31800890
57505|0x690361|8|63315607
57505|0x1690361|9|127154764
57505|0x3690361|10|254960188
57505|0x3690361|11|507993405
57505|0xb690361|12|1015406719
57505|0x1b690361|13|2036440285
57505|0x3b690361|14|4077920405
57505|0x7b690361|15|8144875782
57505|0xfb690361|16|16287599523
57505|0xfb690361|17|32174856477
57505|0x2fb690361|18|64593579525
57505|0x6fb690361|19|129112844091
57505|0x6fb690361|20|254743497182
57505|0x6fb690361|21|515970782342
57505|0x26fb690361|22|1022885590863
57505|0x26fb690361|23|2061589618527
57505|0xa6fb690361|24|4805290435811
57507|0xd30b|1|394160
57507|0xd30b|2|2028246
57507|0xd30b|3|1978256
57507|0xd30b|4|3854446
57507|0x10d30b|5|7893872
57507|0x30d30b|6|15796979
57507|0x70d30b|7|31917262
57507|0xf0d30b|8|63844966
57507|0xf0d30b|9|223968992
57507|0x2f0d30b|10|580657418
57507|0x2f0d30b|11|849547319
57507|0xaf0d30b|12|2051262309
57507|0x1af0d30b|13|4296859279
57507|0x3af0d30b|14|5975737177
57507|0x7af0d30b|15|13572304239
57507|0x7af0d30b|16|27693569043
57507|0x17af0d30b|17|37055437216
57507|0x17af0d30b|18|66229062948
57507|0x57af0d30b|19|149695133459
57507|0x57af0d30b|20|313340017922
57507|0x157af0d30b|21|566037832900
57507|0x157af0d30b|22|1153706746922
57507|0x557af0d30b|23|2767757105632
57507|0x557af0d30b|24|4230659262004
57509|0x72d|1|236929
57509|0x72d|2|583087
57509|0x4072d|3|1417752
57509|0x4072d|4|2524269
57509|0x4072d|5|5277327
57509|0x24072d|6|15493548
57509|0x24072d|7|23636027
57509|0xa4072d|8|49847006
57509|0xa4072d|9|104460785
57509|0xa4072d|10|186369738
57509|0xa4072d|11|392457011
57509|0xa4072d|12|771581316
57509|0x10a4072d|13|1713977905
57509|0x10a4072d|14|3305303586
57509|0x50a4072d|15|6226211533
57509|0xd0a4072d|16|12900870428
57509|0xd0a4072d|17|26772636045
57509|0x2d0a4072d|18|59983378906
57509|0x2d0a4072d|19|130147757095
57509|0x2d0a4072d|20|287575563520
57509|0x2d0a4072d|21|537737496216
57509|0x22d0a4072d|22|1082979237281
57509|0x22d0a4072d|23|2072531464038
57509|0x22d0a4072d|24|4079031189892
57511|0xc717|1|374516
57511|0x2c717|2|839118
57511|0x6c717|3|1768180
57511|0x6c717|4|3624320
57511|0x6c717|5|7309171
57511|0x26c717|6|14941777
57511|0x26c717|7|29850195
57511|0xa6c717|8|59493156
57511|0x1a6c717|9|119758018
57511|0x3a6c717|10|238925443
57511|0x3a6c717|11|479361608
57511|0x3a6c717|12|957304710
57511|0x13a6c717|13|1907635189
57511|0x13a6c717|14|3833826615
57511|0x53a6c717|15|7678486387
57511|0xd3a6c717|16|15375487660
57511|0xd3a6c717|17|30243660769
57511|0xd3a6c717|18|76175297364
57511|0x4d3a6c717|19|133836223343
57511|0xcd3a6c717|20|347946429531
57511|0x1cd3a6c717|21|703185018120
57511|0x1cd3a6c717|22|1238202177567
57511|0x1cd3a6c717|23|2286403787876
57511|0x1cd3a6c717|24|4663197631225
57513|0x1c399|1|237765
57513|0x1c399|2|507513
57513|0x1c399|3|1215686
57513|0x1c399|4|2503258
57513|0x11c399|5|6451024
57513|0x31c399|6|14603124
57513|0x31c399|7|29373405
57513|0x31c399|8|52083542
57513|0x31c399|9|113835361
57513|0x31c399|10|216645134
57513|0x431c399|11|390836669
57513|0x431c399|12|785287345
57513|0x1431c399|13|2050354865
57513|0x3431c399|14|5927494342
57513|0x3431c399|15|8547629569
57513|0x3431c399|16|22259665653
57513|0x3431c399|17|32446998916
57513|0x23431c399|18|65792275973
57513|0x23431c399|19|103835462527
57513|0x23431c399|20|235864871390
57513|0x23431c399|21|499025643874
57513|0x223431c399|22|1205735734290
57513|0x623431c399|23|2619102997824
57513|0xe23431c399|24|4585257749941
57515|0x1a03|1|649856
57515|0x1a03|2|1497238
57515|0x41a03|3|3121865
57515|0x41a03|4|6420231
57515|0x41a03|5|13017183
57515|0x41a03|6|19214600
57515|0x41a03|7|53212186
57515|0x841a03|8|93828303
57515|0x1841a03|9|194813435
57515|0x3841a03|10|380239891
57515|0x3841a03|11|664380494
57515|0x3841a03|12|1128372565
57515|0x13841a03|13|2861569427
57515|0x33841a03|14|4750890544
57515|0x33841a03|15|6700531606
57515|0x33841a03|16|21435295500
57515|0x33841a03|17|51696314886
57515|0x233841a03|18|107935566380
57515|0x633841a03|19|166406874097
57515|0xe33841a03|20|331031150170
57515|0x1e33841a03|21|629079627733
57515|0x1e33841a03|22|1233441673054
57515|0x5e33841a03|23|2295882169344
57515|0x5e33841a03|24|4650004036465
57517|0x18325|1|411062
57517|0x38325|2|932039
57517|0x38325|3|1885250
57517|0x38325|4|3840187
57517|0x38325|5|7739463
57517|0x238325|6|15702118
57517|0x638325|7|30769545
57517|0x638325|8|63074626
57517|0x638325|9|112176800
57517|0x2638325|10|251229283
57517|0x2638325|11|459356793
57517|0x2638325|12|820693181
57517|0x12638325|13|1697509844
57517|0x12638325|14|3583114109
57517|0x12638325|15|7611111584
57517|0x92638325|16|14734523922
57517|0x92638325|17|29319779417
57517|0x292638325|18|86581853779
57517|0x692638325|19|123026684859
57517|0xe92638325|20|252386141462
57517|0x1e92638325|21|497051436166
57517|0x1e92638325|22|1062854735278
57517|0x5e92638325|23|1937255173967
57517|0x5e92638325|24|4079424985902
57519|0x764f|1|374296
57519|0x2764f|2|850615
57519|0x6764f|3|1731576
57519|0x6764f|4|3647932
57519|0x16764f|5|7548842
57519|0x36764f|6|14943414
57519|0x76764f|7|29913319
57519|0xf6764f|8|59988135
57519|0xf6764f|9|120058623
57519|0xf6764f|10|240215035
57519|0xf6764f|11|480249615
57519|0xf6764f|12|959816144
57519|0x10f6764f|13|1925918377
57519|0x10f6764f|14|3841654478
57519|0x50f6764f|15|7704734730
57519|0x50f6764f|16|15317091128
57519|0x150f6764f|17|29912508683
57519|0x350f6764f|18|64293316721
57519|0x750f6764f|19|119791747474
57519|0xf50f6764f|20|249015421645
57519|0x1f50f6764f|21|488921969249
57519|0x1f50f6764f|22|975179216888
57519|0x5f50f6764f|23|2312934541288
57519|0x5f50f6764f|24|5231667673119
57521|0x16851|1|275462
57521|0x16851|2|507428
57521|0x16851|3|1215541
57521|0x16851|4|2497970
57521|0x16851|5|6369269
57521|0x16851|6|11114858
57521|0x416851|7|27525569
57521|0xc16851|8|50959214
57521|0x1c16851|9|106625936
57521|0x3c16851|10|202798005
57521|0x7c16851|11|642208847
57521|0xfc16851|12|1688778639
57521|0xfc16851|13|3376782346
57521|0x2fc16851|14|5513691780
57521|0x6fc16851|15|10532131155
57521|0xefc16851|16|23337021320
57521|0x1efc16851|17|27917398434
57521|0x1efc16851|18|77494983301
57521|0x1efc16851|19|168124989686
57521|0x1efc16851|20|278067221712
57521|0x1efc16851|21|526659123330
57521|0x21efc16851|22|997598007400
57521|0x61efc16851|23|2236990505927
57521|0xe1efc16851|24|4836981657821
57523|0xce7b|1|370217
57523|0xce7b|2|820082
57523|0x4ce7b|3|1725134
57523|0xcce7b|4|3597264
57523|0xcce7b|5|7300386
57523|0x2cce7b|6|14905926
57523|0x2cce7b|7|23315248
57523|0x2cce7b|8|57021881
57523|0x2cce7b|9|95205709
57523|0x2cce7b|10|201995442
57523|0x42cce7b|11|403670306
57523|0x42cce7b|12|809977152
57523|0x42cce7b|13|2343775302
57523|0x242cce7b|14|4287591532
57523|0x242cce7b|15|7679797707
57523|0xa42cce7b|16|15820834023
57523|0xa42cce7b|17|26391873035
57523|0x2a42cce7b|18|62101394538
57523|0x2a42cce7b|19|128482562729
57523|0x2a42cce7b|20|296484379039
57523|0x2a42cce7b|21|644758152265
57523|0x2a42cce7b|22|1094738791149
57523|0x2a42cce7b|23|2791951625721
57523|0x82a42cce7b|24|4845374796907
