39939|0x1eeab|1|218845
39939|0x3eeab|2|498292
39939|0x7eeab|3|1196579
39939|0xfeeab|4|2446546
39939|0xfeeab|5|5724314
39939|0x2feeab|6|14017829
39939|0x2feeab|7|28283158
39939|0x2feeab|8|72431185
39939|0x2feeab|9|145684303
39939|0x22feeab|10|227819646
39939|0x62feeab|11|440301034
39939|0xe2feeab|12|812366368
39939|0xe2feeab|13|1575276485
39939|0x2e2feeab|14|3784116373
39939|0x6e2feeab|15|7282674451
39939|0xee2feeab|16|14693375781
39939|0xee2feeab|17|24353716946
39939|0xee2feeab|18|53075694164
39939|0xee2feeab|19|108759380981
39939|0x8ee2feeab|20|230035784635
39939|0x8ee2feeab|21|468380102882
39939|0x8ee2feeab|22|946023996243
39939|0x48ee2feeab|23|1920119445689
39939|0x48ee2feeab|24|3845424490140
39941|0x1d0cd|1|455131
39941|0x3d0cd|2|795826
39941|0x3d0cd|3|1820832
39941|0x3d0cd|4|3592463
39941|0x13d0cd|5|7526086
39941|0x33d0cd|6|14812200
39941|0x73d0cd|7|29668562
39941|0xf3d0cd|8|59511248
39941|0xf3d0cd|9|119254615
39941|0xf3d0cd|10|238211103
39941|0xf3d0cd|11|476595876
39941|0x8f3d0cd|12|963522300
39941|0x8f3d0cd|13|1960164635
39941|0x8f3d0cd|14|3853840889
39941|0x48f3d0cd|15|8067855560
39941|0x48f3d0cd|16|15345018080
39941|0x48f3d0cd|17|30668708324
39941|0x248f3d0cd|18|60863202231
39941|0x248f3d0cd|19|120598304002
39941|0x248f3d0cd|20|243005001851
39941|0x248f3d0cd|21|485570479944
39941|0x248f3d0cd|22|960071189879
39941|0x248f3d0cd|23|1936754229206
39941|0x8248f3d0cd|24|3834813529956
39943|0x11b7|1|431856
39943|0x11b7|2|927166
39943|0x411b7|3|1838759
39943|0xc11b7|4|3718812
39943|0xc11b7|5|7417668
39943|0x2c11b7|6|15002186
39943|0x2c11b7|7|30066397
39943|0x2c11b7|8|60264171
39943|0x2c11b7|9|120435184
39943|0x2c11b7|10|237810511
39943|0x42c11b7|11|476363309
39943|0xc2c11b7|12|963205636
39943|0x1c2c11b7|13|1786042989
39943|0x3c2c11b7|14|3853140409
39943|0x3c2c11b7|15|7650871602
39943|0xbc2c11b7|16|15418083347
39943|0xbc2c11b7|17|29467106602
39943|0xbc2c11b7|18|60762368191
39943|0xbc2c11b7|19|118984889134
39943|0xbc2c11b7|20|238589210861
39943|0x10bc2c11b7|21|487167054761
39943|0x30bc2c11b7|22|963592118272
39943|0x30bc2c11b7|23|1917369554666
39943|0x30bc2c11b7|24|3880833872196
39945|0x1b239|1|431070
39945|0x3b239|2|808593
39945|0x7b239|3|1691309
39945|0x7b239|4|3719492
39945|0x7b239|5|7376959
39945|0x27b239|6|14832407
39945|0x27b239|7|29681661
39945|0x27b239|8|60109016
39945|0x27b239|9|119020835
39945|0x227b239|10|237837394
39945|0x627b239|11|478389442
39945|0xe27b239|12|959429612
39945|0x1e27b239|13|1921032915
39945|0x1e27b239|14|3861654052
39945|0x5e27b239|15|7647081823
39945|0xde27b239|16|15282877777
39945|0xde27b239|17|29242332515
39945|0xde27b239|18|60180607699
39945|0xde27b239|19|120058829451
39945|0x8de27b239|20|239760817226
39945|0x18de27b239|21|481218164548
39945|0x18de27b239|22|1023092582147
39945|0x58de27b239|23|3189067285843
39945|0xd8de27b239|24|6370044154694
39947|0xfa3|1|602596
39947|0xfa3|2|1421216
39947|0xfa3|3|2955231
39947|0x80fa3|4|6069193
39947|0x80fa3|5|12256594
39947|0x280fa3|6|24634324
39947|0x680fa3|7|49829182
39947|0x680fa3|8|98684228
39947|0x680fa3|9|198604875
39947|0x2680fa3|10|399422602
39947|0x6680fa3|11|792569055
39947|0x6680fa3|12|1590027679
39947|0x16680fa3|13|3174936274
39947|0x36680fa3|14|6406649836
39947|0x76680fa3|15|13514009263
39947|0xf6680fa3|16|25421687504
39947|0xf6680fa3|17|48486435146
39947|0x2f6680fa3|18|99131706779
39947|0x2f6680fa3|19|198936718443
39947|0xaf6680fa3|20|397763205900
39947|0xaf6680fa3|21|544636272115
39947|0x2af6680fa3|22|964478645367
39947|0x2af6680fa3|23|1924865383033
39947|0x2af6680fa3|24|3854760136973
39949|0x112c5|1|555803
39949|0x312c5|2|904943
39949|0x312c5|3|1675184
39949|0xb12c5|4|3750222
39949|0xb12c5|5|7242882
39949|0xb12c5|6|14933270
39949|0xb12c5|7|29965582
39949|0xb12c5|8|60025088
39949|0xb12c5|9|120026041
39949|0xb12c5|10|237601331
39949|0xb12c5|11|475404609
39949|0xb12c5|12|950338291
39949|0xb12c5|13|2698174927
39949|0xb12c5|14|3856288763
39949|0x400b12c5|15|7637695378
39949|0x400b12c5|16|15229477584
39949|0x400b12c5|17|30548487064
39949|0x2400b12c5|18|60292984703
39949|0x6400b12c5|19|121602177901
39949|0xe400b12c5|20|240063430331
39949|0xe400b12c5|21|482395109372
39949|0xe400b12c5|22|972781912916
39949|0x4e400b12c5|23|2363820662001
39949|0x4e400b12c5|24|3741714469193
39951|0xd2ef|1|336389
39951|0x2d2ef|2|795973
39951|0x6d2ef|3|1668587
39951|0x6d2ef|4|3446297
39951|0x16d2ef|5|7047681
39951|0x36d2ef|6|14032803
39951|0x76d2ef|7|28124386
39951|0xf6d2ef|8|56271284
39951|0x1f6d2ef|9|112700922
39951|0x3f6d2ef|10|225657998
39951|0x7f6d2ef|11|451303994
39951|0x7f6d2ef|12|902775261
39951|0x7f6d2ef|13|1804513922
39951|0x27f6d2ef|14|3610164532
39951|0x67f6d2ef|15|7218662624
39951|0xe7f6d2ef|16|14443112639
39951|0xe7f6d2ef|17|31273473661
39951|0xe7f6d2ef|18|67522532693
39951|0xe7f6d2ef|19|113490921954
39951|0x8e7f6d2ef|20|344170632496
39951|0x8e7f6d2ef|21|672855981440
39951|0x28e7f6d2ef|22|955577951887
39951|0x68e7f6d2ef|23|2171196750806
39951|0xe8e7f6d2ef|24|3772956516394
39953|0x1d4f1|1|670016
39953|0x3d4f1|2|1409460
39953|0x7d4f1|3|3003559
39953|0xfd4f1|4|6086412
39953|0x1fd4f1|5|27790268
39953|0x3fd4f1|6|19645950
39953|0x3fd4f1|7|28345994
39953|0x3fd4f1|8|56257028
39953|0x3fd4f1|9|150391868
39953|0x23fd4f1|10|292739359
39953|0x63fd4f1|11|571647454
39953|0x63fd4f1|12|1214548610
39953|0x163fd4f1|13|2300230661
39953|0x363fd4f1|14|4748454146
39953|0x363fd4f1|15|9733741277
39953|0xb63fd4f1|16|18703410438
39953|0x1b63fd4f1|17|37099107017
39953|0x1b63fd4f1|18|72345286456
39953|0x5b63fd4f1|19|136166657847
39953|0x5b63fd4f1|20|243851697886
39953|0x15b63fd4f1|21|453245324384
39953|0x15b63fd4f1|22|880408808941
39953|0x15b63fd4f1|23|1857380052128
39953|0x95b63fd4f1|24|3664284174824
39955|0x18e1b|1|337683
39955|0x38e1b|2|817105
39955|0x78e1b|3|1871080
39955|0xf8e1b|4|3480870
39955|0xf8e1b|5|6989720
39955|0xf8e1b|6|10280968
39955|0x4f8e1b|7|26258452
39955|0xcf8e1b|8|51017515
39955|0xcf8e1b|9|107526508
39955|0x2cf8e1b|10|212573985
39955|0x2cf8e1b|11|440383949
39955|0x2cf8e1b|12|951621656
39955|0x12cf8e1b|13|1918469222
39955|0x32cf8e1b|14|3884594788
39955|0x72cf8e1b|15|7646960268
39955|0x72cf8e1b|16|15467865192
39955|0x172cf8e1b|17|27699287901
39955|0x372cf8e1b|18|58084342627
39955|0x372cf8e1b|19|120757546240
39955|0xb72cf8e1b|20|205389994419
39955|0x1b72cf8e1b|21|460366782399
39955|0x1b72cf8e1b|22|962244890176
39955|0x1b72cf8e1b|23|1761177326267
39955|0x1b72cf8e1b|24|3838032637286
39957|0x533d|1|333938
39957|0x533d|2|849457
39957|0x533d|3|1873309
39957|0x533d|4|7821946
39957|0x533d|5|7507082
39957|0x533d|6|14747218
39957|0x40533d|7|29558093
39957|0x40533d|8|59371229
39957|0x40533d|9|118714877
39957|0x40533d|10|240167160
39957|0x40533d|11|480454536
39957|0x840533d|12|938957940
39957|0x840533d|13|1922096871
39957|0x2840533d|14|3814325380
39957|0x2840533d|15|7683337428
39957|0xa840533d|16|15309287208
39957|0x1a840533d|17|30345518040
39957|0x3a840533d|18|59945125678
39957|0x7a840533d|19|154098438844
39957|0xfa840533d|20|268163735266
39957|0x1fa840533d|21|481814925841
39957|0x3fa840533d|22|1031169613186
39957|0x7fa840533d|23|1834639849399
39957|0x7fa840533d|24|3853904558329
39959|0x5ba7|1|450046
39959|0x25ba7|2|890315
39959|0x25ba7|3|2140429
39959|0x25ba7|4|6070822
39959|0x125ba7|5|12315375
39959|0x125ba7|6|22976215
39959|0x125ba7|7|44826562
39959|0x925ba7|8|93959310
39959|0x1925ba7|9|172340037
39959|0x1925ba7|10|350765495
39959|0x5925ba7|11|667112384
39959|0x5925ba7|12|1411519962
39959|0x15925ba7|13|2652233115
39959|0x35925ba7|14|5292419650
39959|0x35925ba7|15|10669870639
39959|0x35925ba7|16|21239472558
39959|0x35925ba7|17|37881038503
39959|0x235925ba7|18|72124683041
39959|0x235925ba7|19|143857312036
39959|0xa35925ba7|20|271144836273
39959|0x1a35925ba7|21|504887065344
39959|0x1a35925ba7|22|1022005386573
39959|0x1a35925ba7|23|2853596338786
39959|0x1a35925ba7|24|5650583219972
39961|0x10029|1|391927
39961|0x30029|2|815812
39961|0x70029|3|1679863
39961|0xf0029|4|3467276
39961|0x1f0029|5|7177128
39961|0x3f0029|6|14149091
39961|0x7f0029|7|28412889
39961|0xff0029|8|56259435
39961|0x1ff0029|9|112528204
39961|0x3ff0029|10|227830261
39961|0x3ff0029|11|455554122
39961|0xbff0029|12|901688499
39961|0x1bff0029|13|1820995074
39961|0x3bff0029|14|3631539129
39961|0x7bff0029|15|7247533042
39961|0xfbff0029|16|14468213663
39961|0xfbff0029|17|27608191856
39961|0xfbff0029|18|71820242141
39961|0xfbff0029|19|187213931585
39961|0x8fbff0029|20|334603976133
39961|0x18fbff0029|21|556109590983
39961|0x18fbff0029|22|967374802351
39961|0x18fbff0029|23|1938842504580
39961|0x18fbff0029|24|3988208981693
39963|0x1de13|1|335368
39963|0x3de13|2|796065
39963|0x7de13|3|1943851
39963|0xfde13|4|3613649
39963|0xfde13|5|7496932
39963|0xfde13|6|14898404
39963|0xfde13|7|29710626
39963|0xfde13|8|60026122
39963|0x10fde13|9|120224846
39963|0x10fde13|10|208061314
39963|0x10fde13|11|482269849
39963|0x90fde13|12|959466895
39963|0x90fde13|13|1911752125
39963|0x290fde13|14|3818551393
39963|0x290fde13|15|7688397207
39963|0x290fde13|16|15306521655
39963|0x290fde13|17|30695454866
39963|0x2290fde13|18|60152219040
39963|0x2290fde13|19|119946150838
39963|0x2290fde13|20|240066300209
39963|0x2290fde13|21|479201134447
39963|0x2290fde13|22|988285631388
39963|0x42290fde13|23|1899972089978
39963|0x42290fde13|24|4173491863979
39965|0x10635|1|479762
39965|0x30635|2|852552
39965|0x30635|3|1911337
39965|0x30635|4|3631129
39965|0x30635|5|7570829
39965|0x230635|6|14988726
39965|0x630635|7|29916964
39965|0x630635|8|59875631
39965|0x1630635|9|120057526
39965|0x1630635|10|240098277
39965|0x1630635|11|474966737
39965|0x1630635|12|963254871
39965|0x1630635|13|1926489675
39965|0x1630635|14|3814682320
39965|0x1630635|15|7629669828
39965|0x81630635|16|15260279466
39965|0x181630635|17|30632408891
39965|0x181630635|18|60206025475
39965|0x581630635|19|120108439958
39965|0xd81630635|20|240028471470
39965|0xd81630635|21|482569952170
39965|0x2d81630635|22|964445628258
39965|0x2d81630635|23|1936589495687
39965|0x2d81630635|24|3847250502037
39967|0x1dfdf|1|336409
39967|0x3dfdf|2|817047
39967|0x7dfdf|3|1747011
39967|0x7dfdf|4|3654536
39967|0x7dfdf|5|7304529
39967|0x27dfdf|6|14719746
39967|0x67dfdf|7|21982507
39967|0x67dfdf|8|55273497
39967|0x167dfdf|9|110446360
39967|0x167dfdf|10|218455704
39967|0x167dfdf|11|431486556
39967|0x967dfdf|12|841340655
39967|0x1967dfdf|13|1616341583
39967|0x3967dfdf|14|3319601934
39967|0x7967dfdf|15|6549281916
39967|0x7967dfdf|16|13259401399
39967|0x7967dfdf|17|28349246043
39967|0x27967dfdf|18|59578841498
39967|0x27967dfdf|19|118355309668
39967|0xa7967dfdf|20|241989232840
39967|0xa7967dfdf|21|482408453354
39967|0xa7967dfdf|22|963663371649
39967|0x4a7967dfdf|23|1928889239143
39967|0x4a7967dfdf|24|3864222888021
39969|0x1e7e1|1|390136
39969|0x1e7e1|2|927261
39969|0x5e7e1|3|1764867
39969|0x5e7e1|4|3780724
39969|0x15e7e1|5|7338630
39969|0x35e7e1|6|14998022
39969|0x75e7e1|7|29978622
39969|0xf5e7e1|8|59464054
39969|0x1f5e7e1|9|120033275
39969|0x3f5e7e1|10|237830570
39969|0x7f5e7e1|11|491760111
39969|0x7f5e7e1|12|961044342
39969|0x7f5e7e1|13|1890923766
39969|0x27f5e7e1|14|3819166326
39969|0x27f5e7e1|15|7666236843
39969|0x27f5e7e1|16|15291738858
39969|0x127f5e7e1|17|29585630046
39969|0x127f5e7e1|18|59496615598
39969|0x127f5e7e1|19|120029853441
39969|0x127f5e7e1|20|240512629214
39969|0x127f5e7e1|21|478128294561
39969|0x127f5e7e1|22|957872268421
39969|0x127f5e7e1|23|1914145500785
39969|0x8127f5e7e1|24|4073344486599
39971|0xf38b|1|381533
39971|0x2f38b|2|906391
39971|0x2f38b|3|1769614
39971|0x2f38b|4|3725327
39971|0x12f38b|5|7234376
39971|0x12f38b|6|14830089
39971|0x12f38b|7|30859967
39971|0x12f38b|8|59448339
39971|0x112f38b|9|118766363
39971|0x312f38b|10|239546930
39971|0x312f38b|11|480685292
39971|0xb12f38b|12|959179572
39971|0x1b12f38b|13|1921458250
39971|0x1b12f38b|14|3842963280
39971|0x5b12f38b|15|7610450482
39971|0x5b12f38b|16|15264603033
39971|0x5b12f38b|17|30516951024
39971|0x5b12f38b|18|59054549056
39971|0x45b12f38b|19|120346637292
39971|0xc5b12f38b|20|240713352307
39971|0x1c5b12f38b|21|462152145215
39971|0x3c5b12f38b|22|955957715889
39971|0x7c5b12f38b|23|1896960905623
39971|0xfc5b12f38b|24|3837989641678
39973|0x1fad|1|394476
39973|0x21fad|2|894030
39973|0x61fad|3|1701291
39973|0x61fad|4|3823705
39973|0x161fad|5|7452953
39973|0x161fad|6|15013872
39973|0x161fad|7|30084453
39973|0x961fad|8|60215880
39973|0x1961fad|9|120550925
39973|0x3961fad|10|240524596
39973|0x3961fad|11|481204011
39973|0x3961fad|12|963393907
39973|0x3961fad|13|1908159767
39973|0x3961fad|14|3811024853
39973|0x3961fad|15|7705415307
39973|0x3961fad|16|15429148027
39973|0x3961fad|17|30721387756
39973|0x3961fad|18|61153253432
39973|0x3961fad|19|122719222063
39973|0x3961fad|20|245104590645
39973|0x1003961fad|21|484609500100
39973|0x1003961fad|22|956839301375
39973|0x1003961fad|23|2087197124934
39973|0x9003961fad|24|3878598459092
39975|0x11397|1|351531
39975|0x31397|2|1989493
39975|0x31397|3|1813491
39975|0xb1397|4|3557935
39975|0xb1397|5|7247176
39975|0x2b1397|6|14606912
39975|0x2b1397|7|29361053
39975|0xab1397|8|59476411
39975|0xab1397|9|119108941
39975|0x2ab1397|10|238266430
39975|0x2ab1397|11|505608936
39975|0xaab1397|12|980374129
39975|0xaab1397|13|2478625793
39975|0x2aab1397|14|3571816478
39975|0x6aab1397|15|7245619145
39975|0xeaab1397|16|14520380251
39975|0xeaab1397|17|27682138336
39975|0xeaab1397|18|56627492183
39975|0x4eaab1397|19|99731650023
39975|0x4eaab1397|20|200383818750
39975|0x4eaab1397|21|512902425205
39975|0x4eaab1397|22|1464190792805
39975|0x44eaab1397|23|2088818555575
39975|0xc4eaab1397|24|3596563378375
39977|0xc019|1|369222
39977|0x2c019|2|795917
39977|0x2c019|3|1648556
39977|0x2c019|4|3528860
39977|0x2c019|5|6985205
39977|0x2c019|6|14142069
39977|0x2c019|7|28279602
39977|0x82c019|8|56578446
39977|0x82c019|9|114635350
39977|0x282c019|10|226717276
39977|0x682c019|11|457409588
39977|0xe82c019|12|906091768
39977|0xe82c019|13|1828919068
39977|0xe82c019|14|3729074360
39977|0xe82c019|15|7485067300
39977|0xe82c019|16|14530768207
39977|0xe82c019|17|29115599281
39977|0x20e82c019|18|56239405128
39977|0x60e82c019|19|114351096071
39977|0x60e82c019|20|229322088674
39977|0x160e82c019|21|466838266999
39977|0x360e82c019|22|918952790942
39977|0x360e82c019|23|1935536368508
39977|0xb60e82c019|24|3917737973717
39979|0x14283|1|599060
39979|0x34283|2|1421330
39979|0x74283|3|3039295
39979|0x74283|4|6203692
39979|0x74283|5|12422162
39979|0x74283|6|24122553
39979|0x474283|7|28113865
39979|0xc74283|8|56559126
39979|0xc74283|9|150449368
39979|0x2c74283|10|277218500
39979|0x6c74283|11|578604714
39979|0x6c74283|12|1154095836
39979|0x16c74283|13|2283615827
39979|0x16c74283|14|4621588294
39979|0x56c74283|15|9178627730
39979|0x56c74283|16|18497201360
39979|0x56c74283|17|37932041343
39979|0x56c74283|18|55560938908
39979|0x56c74283|19|131665940228
39979|0x56c74283|20|256352572550
39979|0x1056c74283|21|627914928667
39979|0x3056c74283|22|1027333006233
39979|0x3056c74283|23|2187859627720
39979|0x3056c74283|24|3783437619972
39981|0x13a5|1|235963
39981|0x13a5|2|498171
39981|0x413a5|3|1339730
39981|0x413a5|4|2920938
39981|0x1413a5|5|7334380
39981|0x1413a5|6|12703364
39981|0x1413a5|7|26677620
39981|0x9413a5|8|55323119
39981|0x9413a5|9|109449182
39981|0x29413a5|10|208385964
39981|0x29413a5|11|406678348
39981|0x29413a5|12|810714102
39981|0x129413a5|13|1603498131
39981|0x129413a5|14|3228541643
39981|0x129413a5|15|6310435101
39981|0x929413a5|16|12619239435
39981|0x929413a5|17|25042663479
39981|0x929413a5|18|72711249972
39981|0x4929413a5|19|163133434109
39981|0x4929413a5|20|255583089947
39981|0x4929413a5|21|404869290158
39981|0x24929413a5|22|845488566984
39981|0x64929413a5|23|1754320285147
39981|0x64929413a5|24|3552738491518
39983|0x2acf|1|694425
39983|0x22acf|2|1423985
39983|0x62acf|3|2975297
39983|0xe2acf|4|6079685
39983|0x1e2acf|5|9842295
39983|0x3e2acf|6|20765300
39983|0x3e2acf|7|29755743
39983|0xbe2acf|8|95629641
39983|0x1be2acf|9|141760310
39983|0x1be2acf|10|277526915
39983|0x5be2acf|11|618150780
39983|0x5be2acf|12|1197146848
39983|0x15be2acf|13|2447153489
39983|0x35be2acf|14|4743482666
39983|0x75be2acf|15|9752722201
39983|0xf5be2acf|16|19088577549
39983|0x1f5be2acf|17|27041459771
39983|0x1f5be2acf|18|69760468216
39983|0x5f5be2acf|19|123434955772
39983|0xdf5be2acf|20|395566558475
39983|0x1df5be2acf|21|646281451069
39983|0x1df5be2acf|22|975096079947
39983|0x5df5be2acf|23|2083176807988
39983|0x5df5be2acf|24|4222577127465
39985|0x13cd1|1|236215
39985|0x13cd1|2|498411
39985|0x53cd1|3|1325861
39985|0x53cd1|4|2623340
39985|0x153cd1|5|5202294
39985|0x353cd1|6|10432741
39985|0x753cd1|7|20818629
39985|0xf53cd1|8|58020832
39985|0xf53cd1|9|127341065
39985|0xf53cd1|10|219170376
39985|0xf53cd1|11|398236526
39985|0xf53cd1|12|874285879
39985|0xf53cd1|13|1868305872
39985|0x20f53cd1|14|3881019467
39985|0x60f53cd1|15|7817542473
39985|0x60f53cd1|16|15375195035
39985|0x60f53cd1|17|30786352777
39985|0x60f53cd1|18|58667576605
39985|0x60f53cd1|19|142213274434
39985|0x860f53cd1|20|249052132386
39985|0x1860f53cd1|21|485578348761
39985|0x1860f53cd1|22|935742401851
39985|0x5860f53cd1|23|1753746770114
39985|0x5860f53cd1|24|3393346830586
39987|0x1befb|1|379630
39987|0x3befb|2|950428
39987|0x3befb|3|1851345
39987|0x3befb|4|3610915
39987|0x3befb|5|7438171
39987|0x23befb|6|14862060
39987|0x23befb|7|26699618
39987|0xa3befb|8|57840384
39987|0x1a3befb|9|107752537
39987|0x1a3befb|10|199467994
39987|0x5a3befb|11|424911065
39987|0xda3befb|12|835963833
39987|0xda3befb|13|1598280706
39987|0xda3befb|14|3189385401
39987|0xda3befb|15|6313767782
39987|0x8da3befb|16|12747800898
39987|0x8da3befb|17|25088069052
39987|0x8da3befb|18|50151687645
39987|0x48da3befb|19|100707579428
39987|0xc8da3befb|20|240684192701
39987|0x1c8da3befb|21|460525778490
39987|0x1c8da3befb|22|865813503624
39987|0x1c8da3befb|23|1972623021063
39987|0x1c8da3befb|24|4160570822509
39989|0xd61d|1|470726
39989|0x2d61d|2|808965
39989|0x2d61d|3|1840300
39989|0x2d61d|4|3638092
39989|0x12d61d|5|7614575
39989|0x32d61d|6|15020761
39989|0x32d61d|7|30045581
39989|0x32d61d|8|60097594
39989|0x132d61d|9|120180348
39989|0x332d61d|10|241097342
39989|0x732d61d|11|481681259
39989|0xf32d61d|12|953940170
39989|0xf32d61d|13|1927606039
39989|0x2f32d61d|14|3841546034
39989|0x6f32d61d|15|7660543593
39989|0x6f32d61d|16|15371174578
39989|0x6f32d61d|17|30724332158
39989|0x26f32d61d|18|60877007901
39989|0x66f32d61d|19|115217426768
39989|0xe6f32d61d|20|215483805577
39989|0xe6f32d61d|21|477081045045
39989|0xe6f32d61d|22|961145264483
39989|0x4e6f32d61d|23|1918690183844
39989|0x4e6f32d61d|24|3872919814175
39991|0x1d987|1|399228
39991|0x1d987|2|828796
39991|0x5d987|3|1721686
39991|0x5d987|4|3756870
39991|0x15d987|5|7478561
39991|0x15d987|6|14997438
39991|0x55d987|7|29964462
39991|0x55d987|8|59430276
39991|0x155d987|9|118797267
39991|0x355d987|10|237935056
39991|0x355d987|11|480850551
39991|0xb55d987|12|961377355
39991|0xb55d987|13|1916033607
39991|0xb55d987|14|3979183610
39991|0x4b55d987|15|7649185652
39991|0xcb55d987|16|15277342191
39991|0xcb55d987|17|29221445480
39991|0xcb55d987|18|60775707799
39991|0x4cb55d987|19|121323379121
39991|0x4cb55d987|20|241108260043
39991|0x14cb55d987|21|478958597222
39991|0x34cb55d987|22|961358138692
39991|0x74cb55d987|23|2056783996340
39991|0x74cb55d987|24|3883698615451
39993|0x9209|1|391636
39993|0x29209|2|918625
39993|0x29209|3|1654778
39993|0x29209|4|3406306
39993|0x129209|5|6864235
39993|0x329209|6|14026494
39993|0x729209|7|28383050
39993|0xf29209|8|89908520
39993|0x1f29209|9|128145857
39993|0x1f29209|10|294823970
39993|0x1f29209|11|565343862
39993|0x1f29209|12|1140631464
39993|0x1f29209|13|2368884966
39993|0x1f29209|14|4649653773
39993|0x41f29209|15|9185220454
39993|0xc1f29209|16|18446525438
39993|0x1c1f29209|17|36962730667
39993|0x1c1f29209|18|73556050815
39993|0x5c1f29209|19|127708111187
39993|0xdc1f29209|20|204906041497
39993|0xdc1f29209|21|617527793888
39993|0xdc1f29209|22|1072208371918
39993|0x4dc1f29209|23|2114497714103
39993|0xcdc1f29209|24|3829238773092
39995|0x1dcf3|1|414878
39995|0x3dcf3|2|851422
39995|0x3dcf3|3|1655849
39995|0xbdcf3|4|3739340
39995|0xbdcf3|5|7334105
39995|0x2bdcf3|6|14797990
39995|0x6bdcf3|7|29678122
39995|0xebdcf3|8|59405137
39995|0x1ebdcf3|9|118773336
39995|0x1ebdcf3|10|237600898
39995|0x5ebdcf3|11|475472025
39995|0xdebdcf3|12|951532169
39995|0x1debdcf3|13|1903098326
39995|0x3debdcf3|14|3806479339
39995|0x3debdcf3|15|7685917103
39995|0x3debdcf3|16|15363466514
39995|0x3debdcf3|17|30939576979
39995|0x23debdcf3|18|60246740392
39995|0x23debdcf3|19|119151391756
39995|0x23debdcf3|20|243640961425
39995|0x23debdcf3|21|483101061034
39995|0x23debdcf3|22|968927008026
39995|0x423debdcf3|23|1918299187301
39995|0x423debdcf3|24|4104784939634
39997|0x1db15|1|336927
39997|0x3db15|2|2009607
39997|0x7db15|3|1806908
39997|0x7db15|4|3544312
39997|0x7db15|5|7418756
39997|0x27db15|6|14570543
39997|0x27db15|7|29744812
39997|0x27db15|8|59218620
39997|0x127db15|9|119016553
39997|0x127db15|10|237205412
39997|0x127db15|11|481760860
39997|0x127db15|12|939060130
39997|0x1127db15|13|1985454706
39997|0x3127db15|14|3884358404
39997|0x3127db15|15|7634469516
39997|0x3127db15|16|15897368655
39997|0x3127db15|17|44729144015
39997|0x3127db15|18|83355776616
39997|0x3127db15|19|112083755027
39997|0x3127db15|20|254860758146
39997|0x3127db15|21|417698493748
39997|0x3127db15|22|954395889029
39997|0x3127db15|23|1871193921080
39997|0x3127db15|24|3835148569846
39999|0x153bf|1|387106
39999|0x153bf|2|936707
39999|0x553bf|3|1707086
39999|0xd53bf|4|3793905
39999|0x1d53bf|5|7285772
39999|0x1d53bf|6|14971503
39999|0x5d53bf|7|29996812
39999|0x5d53bf|8|59966038
39999|0x5d53bf|9|119807532
39999|0x25d53bf|10|240002790
39999|0x65d53bf|11|480181956
39999|0x65d53bf|12|960654869
39999|0x165d53bf|13|1902166448
39999|0x365d53bf|14|3843502685
39999|0x765d53bf|15|7610833488
39999|0x765d53bf|16|15215696262
39999|0x765d53bf|17|30964417565
39999|0x2765d53bf|18|59807971255
39999|0x6765d53bf|19|119820853873
39999|0xe765d53bf|20|273793884409
39999|0x1e765d53bf|21|478608498355
39999|0x3e765d53bf|22|957712701339
39999|0x3e765d53bf|23|1923207704002
39999|0xbe765d53bf|24|3958644820604
40001|0x173c1|1|512182
40001|0x173c1|2|2004662
40001|0x173c1|3|1849993
40001|0x973c1|4|3575470
40001|0x1973c1|5|7493789
40001|0x1973c1|6|14791529
40001|0x1973c1|7|29626130
40001|0x1973c1|8|59342411
40001|0x11973c1|9|120223339
40001|0x31973c1|10|232796293
40001|0x71973c1|11|475344712
40001|0x71973c1|12|957116885
40001|0x171973c1|13|1922901912
40001|0x371973c1|14|3855932571
40001|0x371973c1|15|7621049314
40001|0xb71973c1|16|15309478538
40001|0xb71973c1|17|29585296387
40001|0x2b71973c1|18|59965048204
40001|0x6b71973c1|19|120684135878
40001|0xeb71973c1|20|242042631494
40001|0x1eb71973c1|21|481653316204
40001|0x3eb71973c1|22|958425969478
40001|0x3eb71973c1|23|1920642437553
40001|0xbeb71973c1|24|3850795556623
40003|0x1906b|1|428327
40003|0x3906b|2|904531
40003|0x3906b|3|1717013
40003|0x3906b|4|3743189
40003|0x13906b|5|7226296
40003|0x33906b|6|14830481
40003|0x33906b|7|29802824
40003|0xb3906b|8|59669197
40003|0x1b3906b|9|118925751
40003|0x3b3906b|10|238404971
40003|0x7b3906b|11|476831122
40003|0x7b3906b|12|963080125
40003|0x17b3906b|13|1930433492
40003|0x37b3906b|14|3872968789
40003|0x37b3906b|15|7730949182
40003|0x37b3906b|16|15357554070
40003|0x37b3906b|17|30648779667
40003|0x37b3906b|18|61343462420
40003|0x37b3906b|19|116899914157
40003|0x37b3906b|20|241081403735
40003|0x37b3906b|21|481352657931
40003|0x37b3906b|22|954818056546
40003|0x37b3906b|23|1908920622984
40003|0x37b3906b|24|3827457197813
40005|0x168d|1|509164
40005|0x168d|2|884175
40005|0x4168d|3|1698188
40005|0xc168d|4|3787763
40005|0xc168d|5|7468341
40005|0xc168d|6|15008843
40005|0xc168d|7|30040205
40005|0xc168d|8|60143296
40005|0x10c168d|9|119279416
40005|0x30c168d|10|238468920
40005|0x30c168d|11|487695862
40005|0x30c168d|12|956750331
40005|0x130c168d|13|1913026784
40005|0x130c168d|14|3844266798
40005|0x130c168d|15|7673076763
40005|0x930c168d|16|15867177427
40005|0x1930c168d|17|30340711875
40005|0x1930c168d|18|60523231009
40005|0x1930c168d|19|120414642485
40005|0x9930c168d|20|242040406530
40005|0x19930c168d|21|481863640933
40005|0x19930c168d|22|967711034563
40005|0x19930c168d|23|1927733427748
40005|0x99930c168d|24|3822964633759
40007|0x4d77|1|351760
40007|0x24d77|2|877282
40007|0x24d77|3|1939523
40007|0xa4d77|4|3614046
40007|0x1a4d77|5|7530945
40007|0x1a4d77|6|15000718
40007|0x1a4d77|7|28184863
40007|0x9a4d77|8|59881399
40007|0x9a4d77|9|118924290
40007|0x29a4d77|10|240249273
40007|0x29a4d77|11|472320578
40007|0x29a4d77|12|959773710
40007|0x29a4d77|13|1898875597
40007|0x29a4d77|14|3827932237
40007|0x429a4d77|15|8128410823
40007|0xc29a4d77|16|15309679838
40007|0xc29a4d77|17|29217220371
40007|0xc29a4d77|18|60628671142
40007|0x4c29a4d77|19|119873494086
40007|0xcc29a4d77|20|241712502289
40007|0xcc29a4d77|21|481083505964
40007|0x2cc29a4d77|22|953983180454
40007|0x2cc29a4d77|23|1986115668737
40007|0x2cc29a4d77|24|3798392879880
40009|0x15f9|1|383001
40009|0x215f9|2|824888
40009|0x615f9|3|1682241
40009|0x615f9|4|3755517
40009|0x615f9|5|7314515
40009|0x2615f9|6|14641866
40009|0x6615f9|7|29405036
40009|0xe615f9|8|52492253
40009|0x1e615f9|9|105957246
40009|0x1e615f9|10|200065637
40009|0x1e615f9|11|427521902
40009|0x1e615f9|12|796866503
40009|0x1e615f9|13|1859983046
40009|0x1e615f9|14|3837985650
40009|0x41e615f9|15|9547541870
40009|0x41e615f9|16|19609550432
40009|0x141e615f9|17|49923046163
40009|0x141e615f9|18|67852230006
40009|0x541e615f9|19|174887015530
40009|0xd41e615f9|20|259466926669
40009|0x1d41e615f9|21|560537438760
40009|0x1d41e615f9|22|955244352115
40009|0x1d41e615f9|23|2235703927043
40009|0x9d41e615f9|24|3781121380499
40011|0x14d63|1|382231
40011|0x34d63|2|904745
40011|0x34d63|3|1778354
40011|0x34d63|4|3677286
40011|0x34d63|5|7329696
40011|0x234d63|6|14875359
40011|0x234d63|7|29765589
40011|0xa34d63|8|59535240
40011|0x1a34d63|9|118967279
40011|0x3a34d63|10|239878114
40011|0x7a34d63|11|480596553
40011|0x7a34d63|12|954840523
40011|0x7a34d63|13|1926691691
40011|0x7a34d63|14|3853667878
40011|0x47a34d63|15|7702011759
40011|0xc7a34d63|16|15434112937
40011|0xc7a34d63|17|29262021158
40011|0x2c7a34d63|18|59802824673
40011|0x2c7a34d63|19|120834429946
40011|0xac7a34d63|20|236940471500
40011|0x1ac7a34d63|21|508569305815
40011|0x1ac7a34d63|22|906022136276
40011|0x1ac7a34d63|23|1896644815850
40011|0x9ac7a34d63|24|3763145079067
40013|0x1fc85|1|490056
40013|0x3fc85|2|897792
40013|0x7fc85|3|1871892
40013|0xffc85|4|3581142
40013|0x1ffc85|5|7505105
40013|0x1ffc85|6|14973520
40013|0x1ffc85|7|29934813
40013|0x9ffc85|8|59948348
40013|0x9ffc85|9|118891704
40013|0x29ffc85|10|237735886
40013|0x29ffc85|11|475324821
40013|0xa9ffc85|12|958202014
40013|0x1a9ffc85|13|1936863565
40013|0x1a9ffc85|14|3821988303
40013|0x1a9ffc85|15|7647353301
40013|0x9a9ffc85|16|15300226200
40013|0x9a9ffc85|17|29946986339
40013|0x9a9ffc85|18|59633505364
40013|0x9a9ffc85|19|141327724816
40013|0x89a9ffc85|20|235063932346
40013|0x189a9ffc85|21|489738736306
40013|0x389a9ffc85|22|921803365969
40013|0x789a9ffc85|23|1904828335398
40013|0xf89a9ffc85|24|4090227219629
40015|0xfaaf|1|601158
40015|0xfaaf|2|2933246
40015|0xfaaf|3|2944837
40015|0xfaaf|4|6131349
40015|0x10faaf|5|12306870
40015|0x10faaf|6|24658637
40015|0x10faaf|7|33977956
40015|0x10faaf|8|56585947
40015|0x10faaf|9|125484420
40015|0x210faaf|10|284662885
40015|0x610faaf|11|511138764
40015|0xe10faaf|12|1186308135
40015|0x1e10faaf|13|2239634318
40015|0x3e10faaf|14|5251785623
40015|0x3e10faaf|15|6116221350
40015|0xbe10faaf|16|15244156625
40015|0x1be10faaf|17|31591063057
40015|0x1be10faaf|18|69477986502
40015|0x5be10faaf|19|119966936391
40015|0xdbe10faaf|20|241585703794
40015|0x1dbe10faaf|21|481995413176
40015|0x1dbe10faaf|22|937284282692
40015|0x1dbe10faaf|23|1948740769320
40015|0x1dbe10faaf|24|3674500553014
40017|0x2cb1|1|420346
40017|0x22cb1|2|848651
40017|0x62cb1|3|1682016
40017|0x62cb1|4|3785542
40017|0x162cb1|5|7291018
40017|0x162cb1|6|14765048
40017|0x562cb1|7|29570343
40017|0xd62cb1|8|61732404
40017|0x1d62cb1|9|117524460
40017|0x1d62cb1|10|233873589
40017|0x1d62cb1|11|472298670
40017|0x9d62cb1|12|937716023
40017|0x9d62cb1|13|1898060850
40017|0x29d62cb1|14|3416431984
40017|0x69d62cb1|15|6588128652
40017|0x69d62cb1|16|13142720331
40017|0x69d62cb1|17|28415759377
40017|0x69d62cb1|18|55193501694
40017|0x69d62cb1|19|109144192373
40017|0x69d62cb1|20|221078234431
40017|0x69d62cb1|21|444088187763
40017|0x2069d62cb1|22|911000531213
40017|0x6069d62cb1|23|1860381205867
40017|0x6069d62cb1|24|3809453805527
40019|0x7db|1|420707
40019|0x7db|2|1066989
40019|0x407db|3|1681964
40019|0xc07db|4|3778224
40019|0x1c07db|5|7204957
40019|0x3c07db|6|14725552
40019|0x7c07db|7|29435756
40019|0x7c07db|8|59179699
40019|0x17c07db|9|106719480
40019|0x17c07db|10|237808962
40019|0x17c07db|11|421378883
40019|0x17c07db|12|870836052
40019|0x117c07db|13|1718705254
40019|0x117c07db|14|3507623387
40019|0x517c07db|15|7524421317
40019|0x517c07db|16|13374127112
40019|0x517c07db|17|27461369611
40019|0x2517c07db|18|55597863003
40019|0x2517c07db|19|116443904282
40019|0xa517c07db|20|231235373990
40019|0xa517c07db|21|475281917292
40019|0xa517c07db|22|926334915814
40019|0xa517c07db|23|1889899166821
40019|0xa517c07db|24|4045773515464
40021|0x180fd|1|382485
40021|0x380fd|2|927184
40021|0x780fd|3|1659223
40021|0xf80fd|4|3758759
40021|0xf80fd|5|7256338
40021|0xf80fd|6|14801506
40021|0x4f80fd|7|29730171
40021|0x4f80fd|8|59470480
40021|0x14f80fd|9|118766565
40021|0x34f80fd|10|284673902
40021|0x74f80fd|11|589931688
40021|0x74f80fd|12|1208375334
40021|0x74f80fd|13|2630202661
40021|0x274f80fd|14|5359699442
40021|0x274f80fd|15|10486882509
40021|0xa74f80fd|16|21779416230
40021|0xa74f80fd|17|31576401676
40021|0xa74f80fd|18|58987001060
40021|0x4a74f80fd|19|134284325981
40021|0x4a74f80fd|20|265586763386
40021|0x4a74f80fd|21|495192022199
40021|0x4a74f80fd|22|1084104079703
40021|0x4a74f80fd|23|1990443236901
40021|0x84a74f80fd|24|4168383341941
40023|0xf67|1|442262
40023|0xf67|2|927356
40023|0xf67|3|1720082
40023|0x80f67|4|3650802
40023|0x80f67|5|7290912
40023|0x280f67|6|14763529
40023|0x280f67|7|21509327
40023|0x280f67|8|50808246
40023|0x1280f67|9|104045468
40023|0x3280f67|10|212615992
40023|0x7280f67|11|503100684
40023|0xf280f67|12|949564166
40023|0x1f280f67|13|1870716602
40023|0x1f280f67|14|3915825810
40023|0x1f280f67|15|6378760375
40023|0x1f280f67|16|14214830944
40023|0x11f280f67|17|35495171679
40023|0x31f280f67|18|66964133616
40023|0x71f280f67|19|113406672090
40023|0xf1f280f67|20|222853225914
40023|0xf1f280f67|21|527703087839
40023|0x2f1f280f67|22|918951717672
40023|0x2f1f280f67|23|1956645158660
40023|0x2f1f280f67|24|4329302908996
40025|0xebe9|1|600200
40025|0xebe9|2|1461671
40025|0x4ebe9|3|2944702
40025|0xcebe9|4|6108113
40025|0xcebe9|5|11666887
40025|0xcebe9|6|13967398
40025|0x4cebe9|7|28472510
40025|0xccebe9|8|72707263
40025|0x1ccebe9|9|135483850
40025|0x1ccebe9|10|394475535
40025|0x1ccebe9|11|738340947
40025|0x1ccebe9|12|1040733194
40025|0x1ccebe9|13|2355433199
40025|0x1ccebe9|14|3564254233
40025|0x1ccebe9|15|7219926808
40025|0x81ccebe9|16|13799776049
40025|0x81ccebe9|17|36493607939
40025|0x281ccebe9|18|62158586772
40025|0x281ccebe9|19|126342856968
40025|0xa81ccebe9|20|266025699941
40025|0xa81ccebe9|21|550542286653
40025|0xa81ccebe9|22|955190325540
40025|0x4a81ccebe9|23|1968067994822
40025|0x4a81ccebe9|24|3663620890939
40027|0x133d3|1|461945
40027|0x333d3|2|818730
40027|0x333d3|3|1647474
40027|0xb33d3|4|3754296
40027|0x1b33d3|5|5718739
40027|0x1b33d3|6|11145777
40027|0x5b33d3|7|29605608
40027|0x5b33d3|8|46277346
40027|0x5b33d3|9|117343122
40027|0x5b33d3|10|218774954
40027|0x45b33d3|11|434055222
40027|0x45b33d3|12|871552511
40027|0x45b33d3|13|1803912502
40027|0x245b33d3|14|3447542291
40027|0x245b33d3|15|6622280125
40027|0xa45b33d3|16|14590143483
40027|0xa45b33d3|17|28075844948
40027|0x2a45b33d3|18|54244328335
40027|0x2a45b33d3|19|111197110916
40027|0xaa45b33d3|20|230945407997
40027|0x1aa45b33d3|21|454001931753
40027|0x3aa45b33d3|22|898139297824
40027|0x3aa45b33d3|23|1829951614721
40027|0x3aa45b33d3|24|3659044607288
40029|0x17f5|1|336739
40029|0x217f5|2|796336
40029|0x617f5|3|1904160
40029|0x617f5|4|3508231
40029|0x1617f5|5|7481974
40029|0x3617f5|6|14641417
40029|0x7617f5|7|29446653
40029|0xf617f5|8|58859619
40029|0xf617f5|9|117964215
40029|0xf617f5|10|236296332
40029|0xf617f5|11|455608468
40029|0xf617f5|12|868264451
40029|0x10f617f5|13|1799975761
40029|0x30f617f5|14|3316719195
40029|0x70f617f5|15|7571787991
40029|0x70f617f5|16|13651280187
40029|0x170f617f5|17|27153396909
40029|0x170f617f5|18|52225638007
40029|0x570f617f5|19|119135985677
40029|0x570f617f5|20|217624766629
40029|0x1570f617f5|21|441475558501
40029|0x3570f617f5|22|911737824893
40029|0x7570f617f5|23|1829346047213
40029|0xf570f617f5|24|4169011583890
40031|0xbf9f|1|466094
40031|0xbf9f|2|890211
40031|0x4bf9f|3|2139884
40031|0xcbf9f|4|4377361
40031|0xcbf9f|5|12107211
40031|0xcbf9f|6|24669265
40031|0xcbf9f|7|49444813
40031|0x8cbf9f|8|99009100
40031|0x18cbf9f|9|168444013
40031|0x18cbf9f|10|383236351
40031|0x18cbf9f|11|750596709
40031|0x98cbf9f|12|1213138355
40031|0x198cbf9f|13|2452421828
40031|0x198cbf9f|14|4242303447
40031|0x598cbf9f|15|5902315896
40031|0x598cbf9f|16|15329395477
40031|0x1598cbf9f|17|40051865490
40031|0x3598cbf9f|18|54999942572
40031|0x3598cbf9f|19|107542520118
40031|0x3598cbf9f|20|219036551831
40031|0x13598cbf9f|21|487415748059
40031|0x13598cbf9f|22|1133951140180
40031|0x53598cbf9f|23|1964857209506
40031|0xd3598cbf9f|24|3603650783881
40033|0x107a1|1|382641
40033|0x307a1|2|2016935
40033|0x707a1|3|1755289
40033|0x707a1|4|3666076
40033|0x1707a1|5|7361664
40033|0x3707a1|6|12780906
40033|0x3707a1|7|24989618
40033|0xb707a1|8|50618675
40033|0xb707a1|9|110800080
40033|0x2b707a1|10|210658872
40033|0x2b707a1|11|398620733
40033|0x2b707a1|12|850929751
40033|0x12b707a1|13|1705314247
40033|0x32b707a1|14|3204438073
40033|0x72b707a1|15|6648966536
40033|0x72b707a1|16|14494475401
40033|0x172b707a1|17|27769302202
40033|0x172b707a1|18|55832387862
40033|0x572b707a1|19|109585476759
40033|0xd72b707a1|20|225815837833
40033|0xd72b707a1|21|477785665096
40033|0xd72b707a1|22|887966641107
40033|0xd72b707a1|23|1809925031210
40033|0xd72b707a1|24|3577016328075
40035|0xc54b|1|341440
40035|0x2c54b|2|809238
40035|0x6c54b|3|1780842
40035|0xec54b|4|3697260
40035|0x1ec54b|5|7407708
40035|0x3ec54b|6|14844018
40035|0x3ec54b|7|29911525
40035|0xbec54b|8|59531385
40035|0xbec54b|9|117973820
40035|0x2bec54b|10|236092669
40035|0x2bec54b|11|476704971
40035|0x2bec54b|12|951512376
40035|0x12bec54b|13|1850504363
40035|0x12bec54b|14|3827199242
40035|0x12bec54b|15|7478399568
40035|0x92bec54b|16|13198117876
40035|0x192bec54b|17|26800230096
40035|0x192bec54b|18|50322616889
40035|0x192bec54b|19|104960735668
40035|0x992bec54b|20|227810648924
40035|0x992bec54b|21|442962777149
40035|0x2992bec54b|22|985024358670
40035|0x2992bec54b|23|1788095890008
40035|0xa992bec54b|24|3673320429054
40037|0xb56d|1|425189
40037|0x2b56d|2|1031955
40037|0x2b56d|3|1733140
40037|0x2b56d|4|3073082
40037|0x2b56d|5|5167131
40037|0x22b56d|6|10506376
40037|0x62b56d|7|29401670
40037|0xe2b56d|8|52149454
40037|0xe2b56d|9|104227418
40037|0xe2b56d|10|214942344
40037|0xe2b56d|11|439642667
40037|0xe2b56d|12|846130966
40037|0xe2b56d|13|1637963446
40037|0xe2b56d|14|3198508281
40037|0xe2b56d|15|7477150348
40037|0x80e2b56d|16|13923179808
40037|0x180e2b56d|17|28497914803
40037|0x380e2b56d|18|55141836904
40037|0x780e2b56d|19|109350745917
40037|0x780e2b56d|20|221900956887
40037|0x780e2b56d|21|494138177496
40037|0x780e2b56d|22|1031239469422
40037|0x780e2b56d|23|1991445777661
40037|0x8780e2b56d|24|4118320350026
40039|0xbf57|1|396110
40039|0x2bf57|2|935878
40039|0x6bf57|3|1682372
40039|0x6bf57|4|2802628
40039|0x16bf57|5|5185210
40039|0x16bf57|6|12858586
40039|0x56bf57|7|29610359
40039|0xd6bf57|8|51716528
40039|0x1d6bf57|9|104414476
40039|0x3d6bf57|10|217694888
40039|0x3d6bf57|11|404970137
40039|0xbd6bf57|12|890638165
40039|0xbd6bf57|13|1869858097
40039|0x2bd6bf57|14|3466416150
40039|0x2bd6bf57|15|6335319008
40039|0xabd6bf57|16|13197380086
40039|0xabd6bf57|17|27370131828
40039|0xabd6bf57|18|54589203162
40039|0x4abd6bf57|19|112731625293
40039|0xcabd6bf57|20|222146312116
40039|0x1cabd6bf57|21|440738010452
40039|0x1cabd6bf57|22|965999327671
40039|0x5cabd6bf57|23|1785545477702
40039|0x5cabd6bf57|24|3767415205094
40041|0xb3d9|1|344883
40041|0x2b3d9|2|2057897
40041|0x6b3d9|3|1939225
40041|0xeb3d9|4|3591398
40041|0xeb3d9|5|7459799
40041|0x2eb3d9|6|14677215
40041|0x6eb3d9|7|29369326
40041|0x6eb3d9|8|53821393
40041|0x16eb3d9|9|106681393
40041|0x16eb3d9|10|238177319
40041|0x56eb3d9|11|469751014
40041|0x56eb3d9|12|936411275
40041|0x156eb3d9|13|1891094152
40041|0x156eb3d9|14|3782805741
40041|0x556eb3d9|15|6851552612
40041|0xd56eb3d9|16|13965393614
40041|0x1d56eb3d9|17|26277308062
40041|0x1d56eb3d9|18|55227874997
40041|0x1d56eb3d9|19|110851307425
40041|0x1d56eb3d9|20|228143511344
40041|0x11d56eb3d9|21|444283874590
40041|0x31d56eb3d9|22|926376375840
40041|0x31d56eb3d9|23|1928801172751
40041|0xb1d56eb3d9|24|3961430295978
40043|0x13043|1|266759
40043|0x13043|2|598172
40043|0x13043|3|1271241
40043|0x93043|4|2536635
40043|0x93043|5|7508711
40043|0x93043|6|14779426
40043|0x493043|7|27468487
40043|0x493043|8|50389247
40043|0x493043|9|111603172
40043|0x493043|10|198496491
40043|0x493043|11|457970971
40043|0x8493043|12|966598362
40043|0x18493043|13|1889756439
40043|0x18493043|14|3687410652
40043|0x58493043|15|7295728874
40043|0xd8493043|16|13193721638
40043|0x1d8493043|17|27209488355
40043|0x3d8493043|18|56198867692
40043|0x3d8493043|19|110460390952
40043|0xbd8493043|20|218530327129
40043|0xbd8493043|21|445014185961
40043|0xbd8493043|22|877552137618
40043|0x4bd8493043|23|1885353540219
40043|0xcbd8493043|24|4240923240077
40045|0x1cd65|1|342897
40045|0x3cd65|2|816257
40045|0x3cd65|3|1723212
40045|0xbcd65|4|2866354
40045|0x1bcd65|5|5185905
40045|0x1bcd65|6|12778577
40045|0x1bcd65|7|28382990
40045|0x1bcd65|8|57041925
40045|0x11bcd65|9|103189493
40045|0x31bcd65|10|217955489
40045|0x71bcd65|11|475527220
40045|0xf1bcd65|12|941807305
40045|0xf1bcd65|13|1710106883
40045|0x2f1bcd65|14|3313653591
40045|0x2f1bcd65|15|6413086463
40045|0x2f1bcd65|16|13488979295
40045|0x12f1bcd65|17|25573630123
40045|0x32f1bcd65|18|60128577038
40045|0x32f1bcd65|19|117555824751
40045|0x32f1bcd65|20|219555763166
40045|0x132f1bcd65|21|469966072917
40045|0x332f1bcd65|22|938652006337
40045|0x332f1bcd65|23|2042330806069
40045|0xb32f1bcd65|24|3590488479563
40047|0x428f|1|337815
40047|0x428f|2|2138086
40047|0x4428f|3|1846537
40047|0xc428f|4|3601302
40047|0xc428f|5|7356599
40047|0x2c428f|6|15002204
40047|0x6c428f|7|29165671
40047|0xec428f|8|51994154
40047|0x1ec428f|9|122828381
40047|0x3ec428f|10|224311464
40047|0x7ec428f|11|474883203
40047|0xfec428f|12|948880338
40047|0xfec428f|13|1892796968
40047|0x2fec428f|14|3788880332
40047|0x6fec428f|15|7422582168
40047|0xefec428f|16|12953963143
40047|0xefec428f|17|27801505455
40047|0xefec428f|18|53301902591
40047|0x4efec428f|19|123682392660
40047|0xcefec428f|20|221666667117
40047|0x1cefec428f|21|576270331856
40047|0x1cefec428f|22|912439360410
40047|0x5cefec428f|23|2046318611366
40047|0xdcefec428f|24|4159687949297
40049|0x1a491|1|390264
40049|0x3a491|2|920308
40049|0x7a491|3|1684749
40049|0xfa491|4|3819487
40049|0x1fa491|5|7416662
40049|0x1fa491|6|15043020
40049|0x5fa491|7|30142057
40049|0xdfa491|8|60285813
40049|0x1dfa491|9|119545560
40049|0x1dfa491|10|241630515
40049|0x5dfa491|11|482162392
40049|0x5dfa491|12|968467579
40049|0x5dfa491|13|1929218356
40049|0x25dfa491|14|3843876032
40049|0x25dfa491|15|7690449526
40049|0x25dfa491|16|15353668809
40049|0x125dfa491|17|29744915366
40049|0x325dfa491|18|57237304230
40049|0x325dfa491|19|128659854117
40049|0xb25dfa491|20|249692854402
40049|0xb25dfa491|21|524413929607
40049|0xb25dfa491|22|961032784190
40049|0xb25dfa491|23|1879261885705
40049|0xb25dfa491|24|3816201613687
40051|0x168bb|1|391885
40051|0x168bb|2|920515
40051|0x568bb|3|1744274
40051|0x568bb|4|3795366
40051|0x568bb|5|7297812
40051|0x568bb|6|14863954
40051|0x4568bb|7|29763009
40051|0x4568bb|8|59602996
40051|0x14568bb|9|123499680
40051|0x34568bb|10|235225721
40051|0x74568bb|11|476467973
40051|0x74568bb|12|950676582
40051|0x174568bb|13|1666066770
40051|0x174568bb|14|3239907053
40051|0x574568bb|15|6490199799
40051|0xd74568bb|16|14366154607
40051|0x1d74568bb|17|28012518715
40051|0x3d74568bb|18|52838763962
40051|0x3d74568bb|19|109308443423
40051|0xbd74568bb|20|229358061583
40051|0xbd74568bb|21|470707139753
40051|0xbd74568bb|22|968594082523
40051|0xbd74568bb|23|1869916049097
40051|0x8bd74568bb|24|4318821754025
40053|0x153dd|1|343664
40053|0x353dd|2|816353
40053|0x353dd|3|1868256
40053|0x353dd|4|3581634
40053|0x353dd|5|7418528
40053|0x2353dd|6|10354814
40053|0x6353dd|7|24359134
40053|0xe353dd|8|57589386
40053|0x1e353dd|9|119162880
40053|0x1e353dd|10|237984328
40053|0x5e353dd|11|476453607
40053|0xde353dd|12|958969026
40053|0xde353dd|13|1958069864
40053|0x2de353dd|14|3864377840
40053|0x2de353dd|15|7121037658
40053|0xade353dd|16|14940348496
40053|0xade353dd|17|28747788220
40053|0x2ade353dd|18|53353433134
40053|0x2ade353dd|19|109082699983
40053|0x2ade353dd|20|218009042312
40053|0x12ade353dd|21|447727412230
40053|0x12ade353dd|22|909163960733
40053|0x12ade353dd|23|1827445886235
40053|0x92ade353dd|24|3676943560749
40055|0x1fd47|1|233675
40055|0x1fd47|2|530716
40055|0x5fd47|3|1287854
40055|0x5fd47|4|2648196
40055|0x5fd47|5|5635089
40055|0x25fd47|6|14744709
40055|0x25fd47|7|29206775
40055|0x25fd47|8|51060954
40055|0x25fd47|9|106713656
40055|0x25fd47|10|204101114
40055|0x25fd47|11|431505616
40055|0x825fd47|12|837678876
40055|0x1825fd47|13|1599698576
40055|0x3825fd47|14|3521247307
40055|0x7825fd47|15|6398969804
40055|0x7825fd47|16|13323741104
40055|0x17825fd47|17|26010002825
40055|0x37825fd47|18|54748461637
40055|0x77825fd47|19|109000049390
40055|0x77825fd47|20|231571250433
40055|0x177825fd47|21|448097591799
40055|0x377825fd47|22|901278195215
40055|0x377825fd47|23|1779998836320
40055|0x377825fd47|24|3604280696881
40057|0x10dc9|1|337089
40057|0x30dc9|2|796452
40057|0x30dc9|3|1910443
40057|0xb0dc9|4|3521376
40057|0xb0dc9|5|7461741
40057|0x2b0dc9|6|14781536
40057|0x6b0dc9|7|29806398
40057|0x6b0dc9|8|59360975
40057|0x16b0dc9|9|119349973
40057|0x16b0dc9|10|236604641
40057|0x16b0dc9|11|476581415
40057|0x96b0dc9|12|855922612
40057|0x196b0dc9|13|1589760489
40057|0x196b0dc9|14|3230041221
40057|0x596b0dc9|15|6358225973
40057|0xd96b0dc9|16|13347958546
40057|0xd96b0dc9|17|26403700615
40057|0xd96b0dc9|18|54051652980
40057|0x4d96b0dc9|19|116812900585
40057|0xcd96b0dc9|20|218093935845
40057|0x1cd96b0dc9|21|445583916746
40057|0x3cd96b0dc9|22|893440579563
40057|0x7cd96b0dc9|23|1799787370715
40057|0xfcd96b0dc9|24|4260621109225
40059|0xe2b3|1|334659
40059|0x2e2b3|2|1800372
40059|0x2e2b3|3|1841388
40059|0xae2b3|4|3443410
40059|0xae2b3|5|7158095
40059|0x2ae2b3|6|14123663
40059|0x6ae2b3|7|36712863
40059|0xeae2b3|8|86610738
40059|0x1eae2b3|9|113570211
40059|0x3eae2b3|10|307775089
40059|0x7eae2b3|11|555553420
40059|0x7eae2b3|12|747075709
40059|0x17eae2b3|13|1975018326
40059|0x37eae2b3|14|3463944008
40059|0x37eae2b3|15|10036821157
40059|0x37eae2b3|16|16752506101
40059|0x37eae2b3|17|37076515779
40059|0x237eae2b3|18|76492980196
40059|0x637eae2b3|19|151337220288
40059|0x637eae2b3|20|323263552364
40059|0x1637eae2b3|21|483325701499
40059|0x1637eae2b3|22|1068686121692
40059|0x5637eae2b3|23|2069216557792
40059|0xd637eae2b3|24|3700563182697
40061|0xbcd5|1|602641
40061|0x2bcd5|2|1422196
40061|0x2bcd5|3|2984782
40061|0xabcd5|4|6127833
40061|0x1abcd5|5|12321592
40061|0x3abcd5|6|24705969
40061|0x7abcd5|7|49421277
40061|0x7abcd5|8|99052016
40061|0x17abcd5|9|198234665
40061|0x17abcd5|10|396542458
40061|0x57abcd5|11|793356704
40061|0xd7abcd5|12|1586945514
40061|0xd7abcd5|13|3173642296
40061|0x2d7abcd5|14|3755199568
40061|0x2d7abcd5|15|7185158263
40061|0x2d7abcd5|16|14966142716
40061|0x12d7abcd5|17|30156420522
40061|0x32d7abcd5|18|69883384945
40061|0x72d7abcd5|19|146785140803
40061|0xf2d7abcd5|20|284827524228
40061|0xf2d7abcd5|21|477521184705
40061|0x2f2d7abcd5|22|941390537060
40061|0x6f2d7abcd5|23|1827251881183
40061|0x6f2d7abcd5|24|3605713499926
40063|0x1237f|1|426873
40063|0x3237f|2|856929
40063|0x3237f|3|1649610
40063|0x3237f|4|3746702
40063|0x13237f|5|7276356
40063|0x33237f|6|14748390
40063|0x33237f|7|29876473
40063|0x33237f|8|58861196
40063|0x133237f|9|118790851
40063|0x333237f|10|238613403
40063|0x333237f|11|474007771
40063|0x333237f|12|878999318
40063|0x333237f|13|1751720225
40063|0x333237f|14|3798663256
40063|0x4333237f|15|7612783837
40063|0xc333237f|16|14244601785
40063|0xc333237f|17|27935015085
40063|0xc333237f|18|53105734670
40063|0x4c333237f|19|110537239821
40063|0x4c333237f|20|219334560622
40063|0x14c333237f|21|440415783303
40063|0x14c333237f|22|902798259812
40063|0x54c333237f|23|1796747154877
40063|0x54c333237f|24|3643089711610
40065|0x1a381|1|242578
40065|0x3a381|2|544799
40065|0x3a381|3|1668363
40065|0xba381|4|3747893
40065|0xba381|5|7250380
40065|0xba381|6|14872159
40065|0xba381|7|29374201
40065|0x8ba381|8|50859699
40065|0x8ba381|9|105356454
40065|0x28ba381|10|240394525
40065|0x28ba381|11|426246721
40065|0x28ba381|12|789384141
40065|0x28ba381|13|1642117914
40065|0x228ba381|14|3696041910
40065|0x228ba381|15|6897522495
40065|0xa28ba381|16|13651339415
40065|0x1a28ba381|17|26878241226
40065|0x1a28ba381|18|54977602793
40065|0x1a28ba381|19|110155229466
40065|0x1a28ba381|20|218222263506
40065|0x1a28ba381|21|477706530604
40065|0x21a28ba381|22|912585353712
40065|0x21a28ba381|23|2139660903050
40065|0x21a28ba381|24|4316707291235
40067|0x1922b|1|377869
40067|0x1922b|2|796419
40067|0x1922b|3|1684861
40067|0x1922b|4|3413113
40067|0x1922b|5|7190960
40067|0x21922b|6|13975049
40067|0x61922b|7|20560135
40067|0x61922b|8|47909116
40067|0x161922b|9|107369224
40067|0x361922b|10|307145493
40067|0x361922b|11|524693865
40067|0x361922b|12|757074194
40067|0x1361922b|13|1693037166
40067|0x3361922b|14|4789572988
40067|0x7361922b|15|10293944264
40067|0xf361922b|16|12402975346
40067|0xf361922b|17|25690065806
40067|0xf361922b|18|79159469791
40067|0x4f361922b|19|117001400386
40067|0xcf361922b|20|276391435319
40067|0x1cf361922b|21|539385205393
40067|0x3cf361922b|22|1091126769905
40067|0x3cf361922b|23|2051526257379
40067|0xbcf361922b|24|3778235749220
40069|0xfc4d|1|519630
40069|0x2fc4d|2|2235345
40069|0x6fc4d|3|1649723
40069|0x6fc4d|4|3744038
40069|0x6fc4d|5|7191210
40069|0x26fc4d|6|14803924
40069|0x26fc4d|7|37226427
40069|0x26fc4d|8|59046713
40069|0x26fc4d|9|118353213
40069|0x226fc4d|10|236342764
40069|0x226fc4d|11|472774159
40069|0x226fc4d|12|948232478
40069|0x226fc4d|13|1900429775
40069|0x2226fc4d|14|3388562803
40069|0x2226fc4d|15|7254126268
40069|0xa226fc4d|16|14759654528
40069|0xa226fc4d|17|29633388905
40069|0xa226fc4d|18|59911230525
40069|0x4a226fc4d|19|141946441141
40069|0xca226fc4d|20|264302382570
40069|0xca226fc4d|21|461796718509
40069|0x2ca226fc4d|22|931485632540
40069|0x2ca226fc4d|23|1816330387187
40069|0x2ca226fc4d|24|3450613236317
40071|0x16937|1|374994
40071|0x16937|2|796349
40071|0x56937|3|1649355
40071|0xd6937|4|3010864
40071|0x1d6937|5|6317505
40071|0x3d6937|6|12557734
40071|0x3d6937|7|20434229
40071|0xbd6937|8|49094728
40071|0xbd6937|9|102007519
40071|0xbd6937|10|200144699
40071|0xbd6937|11|444251850
40071|0xbd6937|12|829261514
40071|0x10bd6937|13|1393321003
40071|0x10bd6937|14|3252110181
40071|0x50bd6937|15|6723343893
40071|0x50bd6937|16|11996838254
40071|0x50bd6937|17|28698207119
40071|0x250bd6937|18|55637021406
40071|0x650bd6937|19|110895915168
40071|0xe50bd6937|20|204143081207
40071|0xe50bd6937|21|490556107954
40071|0xe50bd6937|22|888381094658
40071|0x4e50bd6937|23|1777360619331
40071|0xce50bd6937|24|4044972338243
40073|0x199b9|1|350994
40073|0x199b9|2|816232
40073|0x199b9|3|1680527
40073|0x999b9|4|3445990
40073|0x1999b9|5|5436318
40073|0x3999b9|6|10354077
40073|0x3999b9|7|26537222
40073|0xb999b9|8|52306052
40073|0x1b999b9|9|99060579
40073|0x3b999b9|10|211454663
40073|0x3b999b9|11|401025592
40073|0xbb999b9|12|813278790
40073|0xbb999b9|13|1625209003
40073|0x2bb999b9|14|3227587958
40073|0x2bb999b9|15|6039013720
40073|0xabb999b9|16|13924635685
40073|0x1abb999b9|17|35549380861
40073|0x3abb999b9|18|55287543662
40073|0x7abb999b9|19|133664468041
40073|0x7abb999b9|20|268150890367
40073|0x7abb999b9|21|452001999093
40073|0x7abb999b9|22|894493565651
40073|0x47abb999b9|23|1798354359971
40073|0x47abb999b9|24|3548802605536
40075|0x1eb23|1|365816
40075|0x1eb23|2|905083
40075|0x5eb23|3|1866301
40075|0x5eb23|4|3608529
40075|0x5eb23|5|7398056
40075|0x5eb23|6|14890407
40075|0x5eb23|7|29779013
40075|0x85eb23|8|59519267
40075|0x85eb23|9|119083319
40075|0x85eb23|10|241273965
40075|0x485eb23|11|482264746
40075|0x485eb23|12|958308549
40075|0x1485eb23|13|1692318568
40075|0x1485eb23|14|3281655068
40075|0x5485eb23|15|6793756764
40075|0xd485eb23|16|13243411174
40075|0x1d485eb23|17|26835939503
40075|0x1d485eb23|18|52364129675
40075|0x1d485eb23|19|116056672309
40075|0x1d485eb23|20|219212818521
40075|0x1d485eb23|21|463575953659
40075|0x1d485eb23|22|893618469362
40075|0x1d485eb23|23|1758842600694
40075|0x81d485eb23|24|3705638176875
40077|0x8645|1|409316
40077|0x8645|2|927768
40077|0x48645|3|1817076
40077|0x48645|4|3657765
40077|0x148645|5|6888466
40077|0x348645|6|10386635
40077|0x748645|7|25803763
40077|0x748645|8|53598382
40077|0x748645|9|107511077
40077|0x2748645|10|219073567
40077|0x6748645|11|415937724
40077|0x6748645|12|796550402
40077|0x16748645|13|1673139996
40077|0x36748645|14|3381741676
40077|0x36748645|15|6384417841
40077|0x36748645|16|14239526459
40077|0x136748645|17|27635673335
40077|0x336748645|18|54268272501
40077|0x736748645|19|116896386825
40077|0xf36748645|20|224278347854
40077|0x1f36748645|21|465872122466
40077|0x3f36748645|22|1022399202059
40077|0x3f36748645|23|2119516350977
40077|0x3f36748645|24|4234117760793
40079|0x1026f|1|599970
40079|0x1026f|2|2253500
40079|0x5026f|3|2989115
40079|0xd026f|4|6088664
40079|0xd026f|5|12331579
40079|0xd026f|6|24745989
40079|0x4d026f|7|33789717
40079|0xcd026f|8|56325028
40079|0xcd026f|9|124708311
40079|0xcd026f|10|313313416
40079|0xcd026f|11|575960433
40079|0xcd026f|12|1168295163
40079|0xcd026f|13|2318162010
40079|0x20cd026f|14|3573535596
40079|0x60cd026f|15|6249162360
40079|0x60cd026f|16|13808496875
40079|0x160cd026f|17|42445535723
40079|0x360cd026f|18|84129222538
40079|0x360cd026f|19|132622513123
40079|0x360cd026f|20|276961266994
40079|0x360cd026f|21|508862484989
40079|0x2360cd026f|22|981844681016
40079|0x6360cd026f|23|2010268737867
40079|0xe360cd026f|24|3892911685888
40081|0xa471|1|638327
40081|0x2a471|2|1459035
40081|0x6a471|3|3048426
40081|0xea471|4|6167656
40081|0xea471|5|12462408
40081|0xea471|6|24754216
40081|0xea471|7|49477979
40081|0x8ea471|8|100154363
40081|0x18ea471|9|200278064
40081|0x38ea471|10|397212759
40081|0x38ea471|11|611597401
40081|0x38ea471|12|1362188164
40081|0x138ea471|13|2631966848
40081|0x138ea471|14|3227790055
40081|0x138ea471|15|6449516291
40081|0x138ea471|16|18444671997
40081|0x138ea471|17|37723867050
40081|0x2138ea471|18|59072794216
40081|0x2138ea471|19|156332717997
40081|0xa138ea471|20|251410990060
40081|0xa138ea471|21|536962194013
40081|0x2a138ea471|22|968223427477
40081|0x6a138ea471|23|1884453137168
40081|0x6a138ea471|24|3562742369948
40083|0xe19b|1|486686
40083|0xe19b|2|2039061
40083|0x4e19b|3|1912222
40083|0xce19b|4|3650558
40083|0xce19b|5|7601686
40083|0x2ce19b|6|14212409
40083|0x6ce19b|7|29860965
40083|0x6ce19b|8|59429888
40083|0x6ce19b|9|119967271
40083|0x6ce19b|10|237663721
40083|0x6ce19b|11|480716461
40083|0x86ce19b|12|1079505065
40083|0x186ce19b|13|1913391844
40083|0x386ce19b|14|3332483818
40083|0x786ce19b|15|7528876691
40083|0xf86ce19b|16|15565492498
40083|0x1f86ce19b|17|28804561239
40083|0x1f86ce19b|18|59040222975
40083|0x5f86ce19b|19|117579637984
40083|0x5f86ce19b|20|229868365307
40083|0x15f86ce19b|21|474109616816
40083|0x15f86ce19b|22|1051297300688
40083|0x15f86ce19b|23|1825996411452
40083|0x15f86ce19b|24|3595140287196
40085|0x14ebd|1|399040
40085|0x34ebd|2|842646
40085|0x34ebd|3|1948835
40085|0xb4ebd|4|3554582
40085|0x1b4ebd|5|7508454
40085|0x3b4ebd|6|14859154
40085|0x3b4ebd|7|29422827
40085|0xbb4ebd|8|58858245
40085|0x1bb4ebd|9|111172564
40085|0x3bb4ebd|10|234540232
40085|0x3bb4ebd|11|449094103
40085|0x3bb4ebd|12|966784796
40085|0x13bb4ebd|13|1772765128
40085|0x33bb4ebd|14|3595045547
40085|0x73bb4ebd|15|6867499568
40085|0xf3bb4ebd|16|14025262011
40085|0xf3bb4ebd|17|25915704660
40085|0xf3bb4ebd|18|53536096379
40085|0x4f3bb4ebd|19|111683535789
40085|0xcf3bb4ebd|20|220755964938
40085|0x1cf3bb4ebd|21|439721989894
40085|0x3cf3bb4ebd|22|919061272926
40085|0x3cf3bb4ebd|23|1791661734003
40085|0x3cf3bb4ebd|24|4223974588764
40087|0xa327|1|333848
40087|0xa327|2|2061683
40087|0x4a327|3|1649762
40087|0xca327|4|3408497
40087|0xca327|5|6883999
40087|0x2ca327|6|16690258
40087|0x6ca327|7|49516050
40087|0xeca327|8|73865526
40087|0x1eca327|9|173728866
40087|0x3eca327|10|238360541
40087|0x7eca327|11|622867234
40087|0x7eca327|12|1138267458
40087|0x7eca327|13|2022486394
40087|0x27eca327|14|4660168371
40087|0x67eca327|15|10174615799
40087|0xe7eca327|16|14489038402
40087|0x1e7eca327|17|27579355737
40087|0x1e7eca327|18|64441888564
40087|0x5e7eca327|19|116112354226
40087|0x5e7eca327|20|218094704072
40087|0x15e7eca327|21|474448424126
40087|0x15e7eca327|22|967198032026
40087|0x55e7eca327|23|2235545995851
40087|0x55e7eca327|24|4191818965262
40089|0x1f7a9|1|353870
40089|0x1f7a9|2|796163
40089|0x1f7a9|3|1666167
40089|0x9f7a9|4|3406832
40089|0x9f7a9|5|7102401
40089|0x29f7a9|6|13847586
40089|0x29f7a9|7|28019464
40089|0x29f7a9|8|56242706
40089|0x29f7a9|9|113481803
40089|0x29f7a9|10|224982609
40089|0x429f7a9|11|449941394
40089|0x429f7a9|12|899819563
40089|0x1429f7a9|13|1818481536
40089|0x3429f7a9|14|3622231072
40089|0x7429f7a9|15|7223597089
40089|0x7429f7a9|16|14464720471
40089|0x17429f7a9|17|28899395807
40089|0x17429f7a9|18|54671139397
40089|0x17429f7a9|19|130717239347
40089|0x97429f7a9|20|352008443828
40089|0x197429f7a9|21|476032907692
40089|0x197429f7a9|22|1246132244191
40089|0x197429f7a9|23|2665924645793
40089|0x197429f7a9|24|4428035037101
40091|0x1e993|1|379504
40091|0x3e993|2|889722
40091|0x7e993|3|2182061
40091|0x7e993|4|4357842
40091|0x7e993|5|8734601
40091|0x27e993|6|17496385
40091|0x27e993|7|29936921
40091|0xa7e993|8|57133033
40091|0xa7e993|9|101452419
40091|0xa7e993|10|192072395
40091|0xa7e993|11|397432010
40091|0x8a7e993|12|777981065
40091|0x18a7e993|13|1851692542
40091|0x18a7e993|14|5699509241
40091|0x58a7e993|15|10211083523
40091|0x58a7e993|16|13485850103
40091|0x58a7e993|17|34504513533
40091|0x58a7e993|18|63221293691
40091|0x458a7e993|19|100461552995
40091|0xc58a7e993|20|222586798366
40091|0xc58a7e993|21|485977368996
40091|0xc58a7e993|22|962399031332
40091|0xc58a7e993|23|1933270874670
40091|0x8c58a7e993|24|4158421203101
40093|0xc9b5|1|337210
40093|0x2c9b5|2|2201811
40093|0x2c9b5|3|1785569
40093|0x2c9b5|4|3612357
40093|0x2c9b5|5|7314608
40093|0x22c9b5|6|14840971
40093|0x62c9b5|7|29771230
40093|0xe2c9b5|8|59582674
40093|0xe2c9b5|9|118286954
40093|0x2e2c9b5|10|238962882
40093|0x2e2c9b5|11|477499582
40093|0xae2c9b5|12|955382442
40093|0xae2c9b5|13|1897875484
40093|0x2ae2c9b5|14|4957777133
40093|0x2ae2c9b5|15|8248118867
40093|0xaae2c9b5|16|21232222228
40093|0x1aae2c9b5|17|31635129109
40093|0x1aae2c9b5|18|61609835349
40093|0x1aae2c9b5|19|111713287808
40093|0x9aae2c9b5|20|228721293001
40093|0x19aae2c9b5|21|450090698980
40093|0x39aae2c9b5|22|917428206367
40093|0x39aae2c9b5|23|2054701783938
40093|0xb9aae2c9b5|24|4122958539700
40095|0x17f5f|1|371181
40095|0x17f5f|2|1327297
40095|0x57f5f|3|1794041
40095|0xd7f5f|4|3612557
40095|0xd7f5f|5|7349922
40095|0xd7f5f|6|14797482
40095|0xd7f5f|7|29339693
40095|0xd7f5f|8|51034732
40095|0xd7f5f|9|107019460
40095|0x20d7f5f|10|217962900
40095|0x20d7f5f|11|430537293
40095|0x20d7f5f|12|857075712
40095|0x20d7f5f|13|1812147967
40095|0x20d7f5f|14|3768875194
40095|0x20d7f5f|15|7624831824
40095|0x820d7f5f|16|13765555302
40095|0x1820d7f5f|17|26656459340
40095|0x1820d7f5f|18|54557043105
40095|0x1820d7f5f|19|115058398221
40095|0x1820d7f5f|20|234225384887
40095|0x11820d7f5f|21|457256315489
40095|0x31820d7f5f|22|913078784216
40095|0x31820d7f5f|23|1797842534617
40095|0x31820d7f5f|24|3413527965455
40097|0x4761|1|337866
40097|0x4761|2|796448
40097|0x44761|3|1649506
40097|0x44761|4|3443149
40097|0x144761|5|7163434
40097|0x144761|6|16371278
40097|0x544761|7|50057707
40097|0xd44761|8|79244380
40097|0x1d44761|9|149742603
40097|0x3d44761|10|288279789
40097|0x7d44761|11|574677775
40097|0xfd44761|12|1169222010
40097|0x1fd44761|13|2279058149
40097|0x3fd44761|14|5334843182
40097|0x3fd44761|15|11155748749
40097|0xbfd44761|16|19425828470
40097|0xbfd44761|17|37525704201
40097|0x2bfd44761|18|54362210655
40097|0x2bfd44761|19|119763251580
40097|0x2bfd44761|20|255045561546
40097|0x2bfd44761|21|444820751337
40097|0x22bfd44761|22|988358534798
40097|0x62bfd44761|23|2072198323383
40097|0x62bfd44761|24|3953686072170
40099|0xf70b|1|603278
40099|0xf70b|2|3575637
40099|0xf70b|3|2988553
40099|0x8f70b|4|6075627
40099|0x8f70b|5|7913481
40099|0x8f70b|6|15892822
40099|0x48f70b|7|50295882
40099|0x48f70b|8|73271962
40099|0x148f70b|9|150204161
40099|0x148f70b|10|269904693
40099|0x148f70b|11|607478352
40099|0x948f70b|12|1201190093
40099|0x948f70b|13|2210841149
40099|0x2948f70b|14|3556475264
40099|0x6948f70b|15|10767476127
40099|0xe948f70b|16|17965543277
40099|0x1e948f70b|17|38146209991
40099|0x1e948f70b|18|74782310464
40099|0x1e948f70b|19|129793182480
40099|0x1e948f70b|20|255977916221
40099|0x1e948f70b|21|463679765959
40099|0x21e948f70b|22|987656571500
40099|0x61e948f70b|23|2074794097933
40099|0xe1e948f70b|24|4215912828165
40101|0x1eb2d|1|600333
40101|0x1eb2d|2|1445740
40101|0x5eb2d|3|2991742
40101|0x5eb2d|4|6090296
40101|0x5eb2d|5|12293103
40101|0x25eb2d|6|23413994
40101|0x65eb2d|7|27936797
40101|0x65eb2d|8|55624554
40101|0x165eb2d|9|152718790
40101|0x365eb2d|10|308909895
40101|0x765eb2d|11|567133991
40101|0x765eb2d|12|1142583630
40101|0x765eb2d|13|2365164302
40101|0x2765eb2d|14|4665633625
40101|0x2765eb2d|15|6416239817
40101|0xa765eb2d|16|12050100772
40101|0xa765eb2d|17|36645766050
40101|0x2a765eb2d|18|73952573494
40101|0x2a765eb2d|19|131522999019
40101|0xaa765eb2d|20|281366607029
40101|0xaa765eb2d|21|527189177452
40101|0x2aa765eb2d|22|1025345427345
40101|0x2aa765eb2d|23|1829775525920
40101|0xaaa765eb2d|24|4333587841196
40103|0x14b17|1|1086168
40103|0x34b17|2|1422340
40103|0x34b17|3|2988638
40103|0xb4b17|4|6126532
40103|0xb4b17|5|9661372
40103|0x2b4b17|6|20660244
40103|0x2b4b17|7|44988302
40103|0x2b4b17|8|89126214
40103|0x2b4b17|9|175644713
40103|0x22b4b17|10|355514845
40103|0x62b4b17|11|723343396
40103|0xe2b4b17|12|1366140367
40103|0xe2b4b17|13|2768940413
40103|0x2e2b4b17|14|5599796394
40103|0x2e2b4b17|15|10874393089
40103|0xae2b4b17|16|18331088397
40103|0xae2b4b17|17|36869801758
40103|0xae2b4b17|18|84067752414
40103|0x4ae2b4b17|19|116065523083
40103|0x4ae2b4b17|20|268270184195
40103|0x14ae2b4b17|21|467434359671
40103|0x34ae2b4b17|22|1051273506904
40103|0x34ae2b4b17|23|2756025985949
40103|0xb4ae2b4b17|24|5136725808272
40105|0x1c799|1|459454
40105|0x3c799|2|927587
40105|0x3c799|3|1850426
40105|0x3c799|4|3652809
40105|0x3c799|5|7377498
40105|0x23c799|6|14856341
40105|0x63c799|7|29478312
40105|0xe3c799|8|59465492
40105|0xe3c799|9|117837377
40105|0xe3c799|10|235258681
40105|0x4e3c799|11|475774822
40105|0xce3c799|12|942054908
40105|0x1ce3c799|13|1902553189
40105|0x3ce3c799|14|3793065960
40105|0x3ce3c799|15|7587408393
40105|0x3ce3c799|16|15170684837
40105|0x13ce3c799|17|29614147894
40105|0x13ce3c799|18|58642820908
40105|0x53ce3c799|19|116671591905
40105|0x53ce3c799|20|268577820484
40105|0x153ce3c799|21|569567341797
40105|0x353ce3c799|22|1083702164549
40105|0x753ce3c799|23|1919090965824
40105|0xf53ce3c799|24|3650577860213
40107|0x7e03|1|383009
40107|0x27e03|2|905222
40107|0x67e03|3|1736646
40107|0x67e03|4|3746291
40107|0x67e03|5|5234855
40107|0x267e03|6|12072471
40107|0x267e03|7|45819081
40107|0xa67e03|8|56321045
40107|0xa67e03|9|107626006
40107|0xa67e03|10|240540578
40107|0x4a67e03|11|633675591
40107|0x4a67e03|12|1232172467
40107|0x14a67e03|13|2287808801
40107|0x14a67e03|14|3912770431
40107|0x54a67e03|15|6788990029
40107|0x54a67e03|16|21864552120
40107|0x54a67e03|17|34061356387
40107|0x254a67e03|18|67249973252
40107|0x654a67e03|19|122496589948
40107|0x654a67e03|20|255079320816
40107|0x1654a67e03|21|605106299711
40107|0x1654a67e03|22|980920395719
40107|0x1654a67e03|23|2455301382927
40107|0x9654a67e03|24|3571311942707
40109|0x12725|1|380368
40109|0x32725|2|2319132
40109|0x72725|3|1709587
40109|0x72725|4|3667684
40109|0x172725|5|5083410
40109|0x172725|6|10158205
40109|0x172725|7|20584715
40109|0x972725|8|57885685
40109|0x972725|9|115809589
40109|0x2972725|10|231479696
40109|0x6972725|11|372371292
40109|0x6972725|12|901817349
40109|0x16972725|13|1484809005
40109|0x36972725|14|2826570000
40109|0x36972725|15|5967021468
40109|0x36972725|16|11396982169
40109|0x136972725|17|29664879221
40109|0x336972725|18|61930065250
40109|0x336972725|19|124614300048
40109|0x336972725|20|301841028407
40109|0x1336972725|21|557208328825
40109|0x1336972725|22|1091935963154
40109|0x5336972725|23|2298584639721
40109|0xd336972725|24|4035889356332
40111|0x3a4f|1|382265
40111|0x3a4f|2|822559
40111|0x3a4f|3|1675281
40111|0x3a4f|4|3734793
40111|0x103a4f|5|7379822
40111|0x303a4f|6|14818049
40111|0x303a4f|7|29685487
40111|0xb03a4f|8|59589252
40111|0xb03a4f|9|119268727
40111|0xb03a4f|10|238320368
40111|0x4b03a4f|11|476381675
40111|0xcb03a4f|12|953598989
40111|0x1cb03a4f|13|1907411203
40111|0x1cb03a4f|14|3813959641
40111|0x1cb03a4f|15|7629071458
40111|0x1cb03a4f|16|15309947263
40111|0x11cb03a4f|17|29385600116
40111|0x31cb03a4f|18|56272906220
40111|0x71cb03a4f|19|119690156693
40111|0xf1cb03a4f|20|235201834312
40111|0x1f1cb03a4f|21|466853402180
40111|0x1f1cb03a4f|22|1072180466220
40111|0x5f1cb03a4f|23|2262931844834
40111|0xdf1cb03a4f|24|4356729232081
40113|0x2c51|1|338111
40113|0x2c51|2|796383
40113|0x2c51|3|1648016
40113|0x2c51|4|3404120
40113|0x2c51|5|6905378
40113|0x202c51|6|13143614
40113|0x602c51|7|21531037
40113|0xe02c51|8|55728617
40113|0xe02c51|9|102868245
40113|0x2e02c51|10|200644715
40113|0x2e02c51|11|619128117
40113|0xae02c51|12|1111617617
40113|0xae02c51|13|2292995689
40113|0x2ae02c51|14|4958070728
40113|0x6ae02c51|15|10461300862
40113|0xeae02c51|16|19589439907
40113|0x1eae02c51|17|35192153804
40113|0x1eae02c51|18|57666650377
40113|0x5eae02c51|19|124479192431
40113|0xdeae02c51|20|263379553078
40113|0xdeae02c51|21|603487993015
40113|0xdeae02c51|22|1121579584955
40113|0x4deae02c51|23|2097298476136
40113|0x4deae02c51|24|4065276210859
40115|0x1727b|1|354305
40115|0x3727b|2|816457
40115|0x7727b|3|1875121
40115|0xf727b|4|3544329
40115|0x1f727b|5|7356978
40115|0x1f727b|6|14741475
40115|0x5f727b|7|23779671
40115|0xdf727b|8|44129458
40115|0xdf727b|9|105266240
40115|0x2df727b|10|223613986
40115|0x6df727b|11|430837785
40115|0xedf727b|12|836247231
40115|0x1edf727b|13|1554987681
40115|0x1edf727b|14|2902948326
40115|0x5edf727b|15|6076099924
40115|0xdedf727b|16|13356960030
40115|0xdedf727b|17|25744640866
40115|0xdedf727b|18|53091936633
40115|0x4dedf727b|19|113485297068
40115|0xcdedf727b|20|213813245154
40115|0x1cdedf727b|21|412030562890
40115|0x1cdedf727b|22|849127104244
40115|0x1cdedf727b|23|1777091440657
40115|0x1cdedf727b|24|3437269068120
40117|0x719d|1|235709
40117|0x719d|2|546119
40117|0x4719d|3|1397914
40117|0x4719d|4|3488078
40117|0x4719d|5|7434201
40117|0x24719d|6|10738531
40117|0x24719d|7|28336238
40117|0x24719d|8|51395447
40117|0x124719d|9|69875993
40117|0x124719d|10|234251584
40117|0x524719d|11|450854575
40117|0xd24719d|12|932184409
40117|0xd24719d|13|1662702571
40117|0xd24719d|14|3536047353
40117|0xd24719d|15|7232767182
40117|0x8d24719d|16|13378842806
40117|0x8d24719d|17|27650177240
40117|0x28d24719d|18|55918802554
40117|0x28d24719d|19|115804676730
40117|0x28d24719d|20|213347345485
40117|0x128d24719d|21|438360676939
40117|0x328d24719d|22|888432923471
40117|0x728d24719d|23|2013205873348
40117|0x728d24719d|24|3447615421258
40119|0x10107|1|268790
40119|0x10107|2|566267
40119|0x10107|3|1259018
40119|0x90107|4|2448642
40119|0x190107|5|5751725
40119|0x190107|6|10885538
40119|0x190107|7|28016228
40119|0x990107|8|51709655
40119|0x990107|9|96976572
40119|0x2990107|10|194762871
40119|0x2990107|11|418447827
40119|0xa990107|12|732489636
40119|0x1a990107|13|1466653023
40119|0x1a990107|14|2896865991
40119|0x5a990107|15|6127205005
40119|0x5a990107|16|11880767336
40119|0x5a990107|17|26792523397
40119|0x25a990107|18|53992903195
40119|0x65a990107|19|109667147076
40119|0x65a990107|20|205555013903
40119|0x65a990107|21|428351910769
40119|0x65a990107|22|801931795958
40119|0x465a990107|23|1723797010528
40119|0xc65a990107|24|3789523671754
40121|0xa989|1|235346
40121|0x2a989|2|523928
40121|0x6a989|3|1311866
40121|0x6a989|4|2614637
40121|0x6a989|5|5424520
40121|0x26a989|6|12218011
40121|0x66a989|7|23388098
40121|0xe6a989|8|48127186
40121|0xe6a989|9|88606062
40121|0x2e6a989|10|177501201
40121|0x2e6a989|11|407560114
40121|0xae6a989|12|843469914
40121|0x1ae6a989|13|1672891975
40121|0x1ae6a989|14|2807851795
40121|0x1ae6a989|15|6579932451
40121|0x1ae6a989|16|12922641440
40121|0x1ae6a989|17|27476387562
40121|0x1ae6a989|18|58216698233
40121|0x1ae6a989|19|133024281896
40121|0x81ae6a989|20|286427600788
40121|0x81ae6a989|21|548952198107
40121|0x81ae6a989|22|1091143355036
40121|0x481ae6a989|23|2009265472076
40121|0xc81ae6a989|24|4118058994071
40123|0x14873|1|384742
40123|0x34873|2|2086079
40123|0x74873|3|1743473
40123|0xf4873|4|3719151
40123|0x1f4873|5|7400254
40123|0x1f4873|6|14829392
40123|0x1f4873|7|29615427
40123|0x1f4873|8|59539547
40123|0x11f4873|9|119272395
40123|0x31f4873|10|235343319
40123|0x31f4873|11|512134135
40123|0xb1f4873|12|951970425
40123|0x1b1f4873|13|2069352861
40123|0x3b1f4873|14|4386487436
40123|0x7b1f4873|15|7951191245
40123|0x7b1f4873|16|15264447751
40123|0x17b1f4873|17|30503444908
40123|0x17b1f4873|18|68940826813
40123|0x57b1f4873|19|156558658533
40123|0xd7b1f4873|20|301305128681
40123|0xd7b1f4873|21|581123915005
40123|0x2d7b1f4873|22|1109042976186
40123|0x6d7b1f4873|23|2032243852733
40123|0x6d7b1f4873|24|4198247441939
40125|0x13e95|1|423045
40125|0x33e95|2|890624
40125|0x33e95|3|2140570
40125|0xb3e95|4|4386551
40125|0x1b3e95|5|10601420
40125|0x1b3e95|6|16820746
40125|0x5b3e95|7|43092784
40125|0xdb3e95|8|76230249
40125|0xdb3e95|9|149995778
40125|0xdb3e95|10|303791034
40125|0x4db3e95|11|518009740
40125|0x4db3e95|12|1247580783
40125|0x14db3e95|13|2596982159
40125|0x14db3e95|14|3856701597
40125|0x14db3e95|15|7157018866
40125|0x14db3e95|16|16674762669
40125|0x114db3e95|17|34187605515
40125|0x314db3e95|18|81628819274
40125|0x714db3e95|19|126374094094
40125|0x714db3e95|20|287991384258
40125|0x1714db3e95|21|537971727731
40125|0x1714db3e95|22|989512363916
40125|0x5714db3e95|23|2340856955628
40125|0x5714db3e95|24|4762031230264
40127|0xd33f|1|270369
40127|0xd33f|2|566196
40127|0xd33f|3|1391915
40127|0x8d33f|4|2434063
40127|0x18d33f|5|5236648
40127|0x18d33f|6|14110329
40127|0x58d33f|7|23589240
40127|0x58d33f|8|43399463
40127|0x158d33f|9|106290223
40127|0x358d33f|10|185761118
40127|0x358d33f|11|397860038
40127|0x358d33f|12|1022674667
40127|0x358d33f|13|2583581524
40127|0x2358d33f|14|5078753576
40127|0x2358d33f|15|8306440853
40127|0xa358d33f|16|19830711590
40127|0xa358d33f|17|33921827378
40127|0xa358d33f|18|70754003844
40127|0x4a358d33f|19|121361653759
40127|0x4a358d33f|20|277303091934
40127|0x4a358d33f|21|471093980373
40127|0x4a358d33f|22|1054182692128
40127|0x4a358d33f|23|2260534080643
40127|0x4a358d33f|24|4201382253835
40129|0x1f341|1|333359
40129|0x1f341|2|796571
40129|0x5f341|3|1650070
40129|0xdf341|4|3417262
40129|0xdf341|5|6906700
40129|0xdf341|6|16593738
40129|0x4df341|7|49671391
40129|0x4df341|8|60781482
40129|0x14df341|9|119341950
40129|0x14df341|10|192983877
40129|0x54df341|11|408349340
40129|0x54df341|12|803069012
40129|0x54df341|13|1452466381
40129|0x54df341|14|3181408023
40129|0x54df341|15|7247336575
40129|0x854df341|16|14509421620
40129|0x854df341|17|28876115619
40129|0x854df341|18|55705030545
40129|0x854df341|19|111007382296
40129|0x854df341|20|234069203684
40129|0x854df341|21|511971826903
40129|0x20854df341|22|1048878900420
40129|0x60854df341|23|2153463954666
40129|0x60854df341|24|4347736691595
40131|0x1f3eb|1|626802
40131|0x1f3eb|2|3023699
40131|0x1f3eb|3|1634676
40131|0x1f3eb|4|3445509
40131|0x1f3eb|5|7019163
40131|0x21f3eb|6|20577128
40131|0x21f3eb|7|32391759
40131|0xa1f3eb|8|65328700
40131|0xa1f3eb|9|137669121
40131|0xa1f3eb|10|232075888
40131|0x4a1f3eb|11|596261543
40131|0xca1f3eb|12|1144452167
40131|0x1ca1f3eb|13|2390907549
40131|0x1ca1f3eb|14|4352643018
40131|0x1ca1f3eb|15|8605677188
40131|0x9ca1f3eb|16|12454640623
40131|0x9ca1f3eb|17|22659360853
40131|0x29ca1f3eb|18|62171344920
40131|0x29ca1f3eb|19|132207324146
40131|0x29ca1f3eb|20|257959291668
40131|0x129ca1f3eb|21|494760446996
40131|0x329ca1f3eb|22|962588044192
40131|0x329ca1f3eb|23|2152403442809
40131|0x329ca1f3eb|24|4692338074016
40133|0x820d|1|379013
40133|0x820d|2|822985
40133|0x4820d|3|1664358
40133|0xc820d|4|3716999
40133|0xc820d|5|7224293
40133|0x2c820d|6|14766580
40133|0x2c820d|7|29907667
40133|0xac820d|8|58223387
40133|0xac820d|9|119386006
40133|0xac820d|10|238575614
40133|0x4ac820d|11|476380737
40133|0xcac820d|12|943411829
40133|0xcac820d|13|1899459745
40133|0x2cac820d|14|3753689104
40133|0x2cac820d|15|7502201524
40133|0xacac820d|16|17132382078
40133|0xacac820d|17|45557517663
40133|0x2acac820d|18|99855684677
40133|0x2acac820d|19|180705598070
40133|0xaacac820d|20|336989291120
40133|0x1aacac820d|21|648268007791
40133|0x1aacac820d|22|1137778239885
40133|0x5aacac820d|23|1910742780914
40133|0x5aacac820d|24|3773937294918
40135|0x164f7|1|396309
40135|0x164f7|2|1555218
40135|0x564f7|3|1873490
40135|0xd64f7|4|3597492
40135|0x1d64f7|5|7490291
40135|0x3d64f7|6|14941882
40135|0x7d64f7|7|29720956
40135|0x7d64f7|8|58856078
40135|0x17d64f7|9|119273692
40135|0x37d64f7|10|237837935
40135|0x37d64f7|11|458008573
40135|0x37d64f7|12|940110169
40135|0x37d64f7|13|1873472151
40135|0x237d64f7|14|3763450069
40135|0x237d64f7|15|6964875167
40135|0x237d64f7|16|15187925847
40135|0x237d64f7|17|30609445480
40135|0x237d64f7|18|59570619645
40135|0x4237d64f7|19|114194986316
40135|0xc237d64f7|20|239254162783
40135|0x1c237d64f7|21|527682097106
40135|0x1c237d64f7|22|980969903320
40135|0x1c237d64f7|23|2466530554830
40135|0x9c237d64f7|24|3968328822510
40137|0x3d79|1|336652
40137|0x23d79|2|1080297
40137|0x23d79|3|1871946
40137|0xa3d79|4|3555893
40137|0xa3d79|5|7416510
40137|0xa3d79|6|14579797
40137|0xa3d79|7|29573825
40137|0x8a3d79|8|58917526
40137|0x8a3d79|9|118183206
40137|0x28a3d79|10|222353428
40137|0x68a3d79|11|465659635
40137|0x68a3d79|12|871311143
40137|0x68a3d79|13|1728004918
40137|0x268a3d79|14|3341720666
40137|0x268a3d79|15|6378352976
40137|0xa68a3d79|16|12634908189
40137|0x1a68a3d79|17|26896264949
40137|0x1a68a3d79|18|56863478774
40137|0x1a68a3d79|19|106429492630
40137|0x9a68a3d79|20|230811643208
40137|0x19a68a3d79|21|470433198233
40137|0x39a68a3d79|22|1041521191895
40137|0x79a68a3d79|23|1956543575081
40137|0x79a68a3d79|24|4261358527020
40139|0x1e8e3|1|393011
40139|0x3e8e3|2|964330
40139|0x7e8e3|3|1745441
40139|0x7e8e3|4|3601937
40139|0x17e8e3|5|7114209
40139|0x37e8e3|6|10157377
40139|0x77e8e3|7|21833723
40139|0x77e8e3|8|49963755
40139|0x177e8e3|9|97101079
40139|0x177e8e3|10|195099455
40139|0x577e8e3|11|399744742
40139|0xd77e8e3|12|763224845
40139|0xd77e8e3|13|1322429647
40139|0xd77e8e3|14|2984923048
40139|0x4d77e8e3|15|5895600791
40139|0xcd77e8e3|16|12223703342
40139|0xcd77e8e3|17|24521535039
40139|0xcd77e8e3|18|48333322538
40139|0xcd77e8e3|19|103978665344
40139|0x8cd77e8e3|20|220615926296
40139|0x18cd77e8e3|21|437093445566
40139|0x38cd77e8e3|22|836662208861
40139|0x78cd77e8e3|23|1644292679091
40139|0x78cd77e8e3|24|3470670556233
40141|0xb005|1|345950
40141|0xb005|2|2045392
40141|0xb005|3|1683114
40141|0xb005|4|3486990
40141|0x10b005|5|6984691
40141|0x30b005|6|13972864
40141|0x70b005|7|28635903
40141|0xf0b005|8|58364959
40141|0xf0b005|9|116978983
40141|0xf0b005|10|236386242
40141|0x4f0b005|11|472244839
40141|0x4f0b005|12|944518446
40141|0x4f0b005|13|1895014546
40141|0x24f0b005|14|4638037829
40141|0x64f0b005|15|10927074669
40141|0xe4f0b005|16|20755762398
40141|0xe4f0b005|17|46217666728
40141|0x2e4f0b005|18|53974245487
40141|0x6e4f0b005|19|110441016133
40141|0xee4f0b005|20|248128246316
40141|0x1ee4f0b005|21|437454794654
40141|0x1ee4f0b005|22|881399607813
40141|0x5ee4f0b005|23|1770980518987
40141|0xdee4f0b005|24|3605158662083
40143|0xea2f|1|361293
40143|0x2ea2f|2|809652
40143|0x2ea2f|3|1690895
40143|0x2ea2f|4|3458633
40143|0x12ea2f|5|7188631
40143|0x12ea2f|6|13919400
40143|0x12ea2f|7|28407697
40143|0x12ea2f|8|56606667
40143|0x12ea2f|9|113243821
40143|0x212ea2f|10|226698100
40143|0x612ea2f|11|453316201
40143|0x612ea2f|12|907132792
40143|0x1612ea2f|13|1815816146
40143|0x3612ea2f|14|3627876055
40143|0x7612ea2f|15|7256925692
40143|0x7612ea2f|16|19704125830
40143|0x17612ea2f|17|32682463438
40143|0x37612ea2f|18|59549338198
40143|0x37612ea2f|19|99460644550
40143|0x37612ea2f|20|213904495270
40143|0x37612ea2f|21|435100837803
40143|0x37612ea2f|22|881262752649
40143|0x437612ea2f|23|1768744454085
40143|0xc37612ea2f|24|3489736808665
