38915|0xd2ab|1|403576
38915|0xd2ab|2|899500
38915|0xd2ab|3|1763066
38915|0x8d2ab|4|3610793
38915|0x18d2ab|5|7422194
38915|0x38d2ab|6|30681573
38915|0x78d2ab|7|53935391
38915|0xf8d2ab|8|103298865
38915|0xf8d2ab|9|179892881
38915|0xf8d2ab|10|267276667
38915|0xf8d2ab|11|474677441
38915|0xf8d2ab|12|950087692
38915|0xf8d2ab|13|2415182093
38915|0xf8d2ab|14|4093909225
38915|0x40f8d2ab|15|8164999303
38915|0xc0f8d2ab|16|15216371981
38915|0xc0f8d2ab|17|32517562577
38915|0x2c0f8d2ab|18|64526632058
38915|0x6c0f8d2ab|19|137078345925
38915|0xec0f8d2ab|20|238558147360
38915|0xec0f8d2ab|21|475425429308
38915|0xec0f8d2ab|22|960242501587
38915|0x4ec0f8d2ab|23|1906553642165
38915|0xcec0f8d2ab|24|3806153343956
38917|0x74cd|1|564996
38917|0x74cd|2|924177
38917|0x474cd|3|1753211
38917|0x474cd|4|3758745
38917|0x1474cd|5|7286415
38917|0x1474cd|6|14910895
38917|0x5474cd|7|29872534
38917|0x5474cd|8|59879172
38917|0x15474cd|9|119527737
38917|0x15474cd|10|236452622
38917|0x55474cd|11|472673329
38917|0x55474cd|12|948781904
38917|0x55474cd|13|1897881478
38917|0x55474cd|14|3795414637
38917|0x455474cd|15|7618024747
38917|0xc55474cd|16|15239547607
38917|0xc55474cd|17|29035333041
38917|0x2c55474cd|18|59879521748
38917|0x2c55474cd|19|119681458075
38917|0xac55474cd|20|238788123102
38917|0xac55474cd|21|480571219306
38917|0x2ac55474cd|22|960592551557
38917|0x2ac55474cd|23|1923755729947
38917|0x2ac55474cd|24|3840613992531
38919|0x155b7|1|561097
38919|0x355b7|2|899725
38919|0x755b7|3|1768113
38919|0xf55b7|4|3661506
38919|0x1f55b7|5|7236315
38919|0x1f55b7|6|14754993
38919|0x5f55b7|7|29618528
38919|0xdf55b7|8|59070740
38919|0x1df55b7|9|118342373
38919|0x1df55b7|10|239210086
38919|0x1df55b7|11|432612584
38919|0x9df55b7|12|945701578
38919|0x9df55b7|13|1986445135
38919|0x29df55b7|14|3794968447
38919|0x69df55b7|15|7604063327
38919|0xe9df55b7|16|15247814198
38919|0x1e9df55b7|17|29652408895
38919|0x3e9df55b7|18|59967611375
38919|0x3e9df55b7|19|120060896698
38919|0xbe9df55b7|20|241149757167
38919|0x1be9df55b7|21|479745489973
38919|0x3be9df55b7|22|957693494836
38919|0x3be9df55b7|23|1919620930835
38919|0xbbe9df55b7|24|3817689921052
38921|0x7639|1|547203
38921|0x27639|2|791840
38921|0x27639|3|1716834
38921|0xa7639|4|3670170
38921|0x1a7639|5|7302831
38921|0x3a7639|6|14676870
38921|0x7a7639|7|29504921
38921|0xfa7639|8|59828274
38921|0x1fa7639|9|119533074
38921|0x1fa7639|10|272965549
38921|0x1fa7639|11|478165364
38921|0x9fa7639|12|1132931136
38921|0x19fa7639|13|1913870036
38921|0x39fa7639|14|3828807236
38921|0x79fa7639|15|7624672550
38921|0x79fa7639|16|15114353778
38921|0x179fa7639|17|30165805593
38921|0x379fa7639|18|59942937069
38921|0x779fa7639|19|118779577073
38921|0x779fa7639|20|239669267622
38921|0x1779fa7639|21|483656296541
38921|0x1779fa7639|22|964616639927
38921|0x5779fa7639|23|1915503087376
38921|0xd779fa7639|24|3813123428719
38923|0x133a3|1|380078
38923|0x333a3|2|899689
38923|0x733a3|3|1819531
38923|0xf33a3|4|3618006
38923|0x1f33a3|5|7285983
38923|0x1f33a3|6|14776944
38923|0x1f33a3|7|29665088
38923|0x1f33a3|8|59232368
38923|0x1f33a3|9|119808538
38923|0x1f33a3|10|240163831
38923|0x1f33a3|11|474556393
38923|0x81f33a3|12|862540791
38923|0x81f33a3|13|1913766028
38923|0x281f33a3|14|3801155951
38923|0x681f33a3|15|7628751164
38923|0x681f33a3|16|15269637190
38923|0x1681f33a3|17|29925196722
38923|0x3681f33a3|18|60941692455
38923|0x3681f33a3|19|119634213892
38923|0xb681f33a3|20|242572789747
38923|0x1b681f33a3|21|483146633924
38923|0x1b681f33a3|22|966650537755
38923|0x1b681f33a3|23|1922521559978
38923|0x1b681f33a3|24|5280756211013
38925|0x176c5|1|751686
38925|0x176c5|2|1416609
38925|0x176c5|3|2945262
38925|0x976c5|4|6051872
38925|0x976c5|5|12165390
38925|0x976c5|6|24497939
38925|0x976c5|7|49157851
38925|0x976c5|8|98345425
38925|0x10976c5|9|199039212
38925|0x10976c5|10|393778754
38925|0x50976c5|11|796308102
38925|0x50976c5|12|1592893668
38925|0x50976c5|13|3150582308
38925|0x250976c5|14|6327632275
38925|0x250976c5|15|12647401159
38925|0xa50976c5|16|25347322080
38925|0xa50976c5|17|49413963454
38925|0x2a50976c5|18|100495444978
38925|0x2a50976c5|19|196679960658
38925|0x2a50976c5|20|396765983343
38925|0x2a50976c5|21|793272682526
38925|0x22a50976c5|22|1588666120824
38925|0x62a50976c5|23|2699333776341
38925|0x62a50976c5|24|3821794996793
38927|0x156ef|1|417542
38927|0x356ef|2|899517
38927|0x356ef|3|1879288
38927|0x356ef|4|3551260
38927|0x1356ef|5|7334423
38927|0x1356ef|6|14759187
38927|0x5356ef|7|29483361
38927|0xd356ef|8|59030670
38927|0xd356ef|9|118479818
38927|0xd356ef|10|236736805
38927|0xd356ef|11|478946968
38927|0x8d356ef|12|947110334
38927|0x8d356ef|13|1915512987
38927|0x8d356ef|14|3828751836
38927|0x8d356ef|15|7587892500
38927|0x8d356ef|16|15191868863
38927|0x8d356ef|17|30565276391
38927|0x208d356ef|18|59277841057
38927|0x608d356ef|19|120325482594
38927|0xe08d356ef|20|239663897312
38927|0x1e08d356ef|21|477740079041
38927|0x1e08d356ef|22|1025432519830
38927|0x1e08d356ef|23|3193680926157
38927|0x1e08d356ef|24|6376522982522
38929|0x158f1|1|674632
38929|0x358f1|2|1481760
38929|0x358f1|3|2992767
38929|0xb58f1|4|6151889
38929|0x1b58f1|5|12343773
38929|0x3b58f1|6|24826266
38929|0x7b58f1|7|49775056
38929|0x7b58f1|8|99654755
38929|0x17b58f1|9|199428288
38929|0x37b58f1|10|399089308
38929|0x37b58f1|11|787610307
38929|0xb7b58f1|12|1579427402
38929|0xb7b58f1|13|3195435298
38929|0xb7b58f1|14|6367689301
38929|0xb7b58f1|15|12689413064
38929|0xb7b58f1|16|25379538732
38929|0xb7b58f1|17|51059338821
38929|0x20b7b58f1|18|99079927733
38929|0x60b7b58f1|19|199298131758
38929|0xe0b7b58f1|20|399780968105
38929|0xe0b7b58f1|21|798167813885
38929|0xe0b7b58f1|22|1592419772082
38929|0x4e0b7b58f1|23|3177793955180
38929|0x4e0b7b58f1|24|5652516232204
38931|0xf21b|1|631492
38931|0x2f21b|2|1485063
38931|0x2f21b|3|2991031
38931|0xaf21b|4|6161864
38931|0x1af21b|5|12380203
38931|0x1af21b|6|24839549
38931|0x5af21b|7|49825961
38931|0xdaf21b|8|99705855
38931|0xdaf21b|9|199441821
38931|0xdaf21b|10|398991805
38931|0xdaf21b|11|798119035
38931|0xdaf21b|12|1581821297
38931|0x10daf21b|13|3193145924
38931|0x10daf21b|14|6325284336
38931|0x50daf21b|15|12686270589
38931|0x50daf21b|16|25392640293
38931|0x50daf21b|17|43506826985
38931|0x50daf21b|18|59410669462
38931|0x50daf21b|19|119038711128
38931|0x850daf21b|20|241956438022
38931|0x850daf21b|21|482981219445
38931|0x2850daf21b|22|959373833838
38931|0x2850daf21b|23|1918061731386
38931|0x2850daf21b|24|3823268500289
38933|0x773d|1|496652
38933|0x2773d|2|828997
38933|0x2773d|3|1808696
38933|0x2773d|4|3648393
38933|0x2773d|5|7502587
38933|0x2773d|6|14848885
38933|0x2773d|7|29810011
38933|0x2773d|8|59800500
38933|0x102773d|9|119671670
38933|0x102773d|10|236740690
38933|0x502773d|11|473618002
38933|0x502773d|12|947256703
38933|0x502773d|13|1915211895
38933|0x2502773d|14|3816064669
38933|0x2502773d|15|7883762444
38933|0xa502773d|16|15263169749
38933|0x1a502773d|17|30119557382
38933|0x1a502773d|18|59873988576
38933|0x5a502773d|19|120856885649
38933|0x5a502773d|20|241988281684
38933|0x15a502773d|21|477708788706
38933|0x15a502773d|22|957403282639
38933|0x55a502773d|23|1909491138247
38933|0x55a502773d|24|3817010734043
38935|0x1fa7|1|418923
38935|0x21fa7|2|899789
38935|0x61fa7|3|1724759
38935|0xe1fa7|4|3703510
38935|0x1e1fa7|5|7179270
38935|0x1e1fa7|6|14758000
38935|0x1e1fa7|7|32264532
38935|0x9e1fa7|8|59162790
38935|0x19e1fa7|9|118241422
38935|0x19e1fa7|10|236880736
38935|0x19e1fa7|11|472923827
38935|0x99e1fa7|12|956613052
38935|0x99e1fa7|13|1911309267
38935|0x99e1fa7|14|3832711633
38935|0x499e1fa7|15|7581746990
38935|0xc99e1fa7|16|15230142012
38935|0xc99e1fa7|17|29166987491
38935|0xc99e1fa7|18|60319179112
38935|0xc99e1fa7|19|119657570048
38935|0x8c99e1fa7|20|240138159337
38935|0x8c99e1fa7|21|480419101200
38935|0x8c99e1fa7|22|957461772361
38935|0x8c99e1fa7|23|1919155517399
38935|0x88c99e1fa7|24|3816685608399
38937|0x14429|1|378330
38937|0x14429|2|931047
38937|0x14429|3|1833270
38937|0x94429|4|3580597
38937|0x94429|5|7355896
38937|0x294429|6|17516214
38937|0x294429|7|29486630
38937|0xa94429|8|59257394
38937|0x1a94429|9|118192402
38937|0x3a94429|10|236601774
38937|0x7a94429|11|473461461
38937|0x7a94429|12|965768359
38937|0x7a94429|13|1913918862
38937|0x7a94429|14|3773236426
38937|0x47a94429|15|7581932243
38937|0xc7a94429|16|15198996388
38937|0xc7a94429|17|29151208319
38937|0xc7a94429|18|60866178645
38937|0xc7a94429|19|166516308395
38937|0xc7a94429|20|261323330039
38937|0xc7a94429|21|658786737349
38937|0x20c7a94429|22|939297071756
38937|0x60c7a94429|23|2131693214782
38937|0x60c7a94429|24|4040215100726
38939|0x18213|1|396517
38939|0x18213|2|944094
38939|0x58213|3|1767483
38939|0x58213|4|3752439
38939|0x158213|5|7298513
38939|0x158213|6|14974433
38939|0x158213|7|28218872
38939|0x958213|8|59651081
38939|0x1958213|9|119640346
38939|0x1958213|10|239811908
38939|0x1958213|11|483602773
38939|0x1958213|12|949962440
38939|0x11958213|13|1906263342
38939|0x31958213|14|3823338326
38939|0x31958213|15|7649680220
38939|0x31958213|16|15282202703
38939|0x31958213|17|30532106890
38939|0x231958213|18|59529550740
38939|0x631958213|19|118023896844
38939|0xe31958213|20|282074771967
38939|0x1e31958213|21|515403800130
38939|0x3e31958213|22|1016031482023
38939|0x3e31958213|23|2283813984466
38939|0x3e31958213|24|3990753412581
38941|0xea35|1|350436
38941|0x2ea35|2|792079
38941|0x6ea35|3|1767177
38941|0xeea35|4|3636774
38941|0xeea35|5|7362509
38941|0xeea35|6|14688442
38941|0x4eea35|7|29521814
38941|0x4eea35|8|59230763
38941|0x4eea35|9|118374251
38941|0x4eea35|10|239478890
38941|0x44eea35|11|479102844
38941|0xc4eea35|12|958143286
38941|0xc4eea35|13|1896042594
38941|0xc4eea35|14|3798569945
38941|0x4c4eea35|15|7644120253
38941|0xcc4eea35|16|15270934836
38941|0xcc4eea35|17|29096801194
38941|0x2cc4eea35|18|59325816383
38941|0x2cc4eea35|19|119565809233
38941|0x2cc4eea35|20|239908878053
38941|0x2cc4eea35|21|479447131219
38941|0x22cc4eea35|22|982067800138
38941|0x62cc4eea35|23|1891502154146
38941|0xe2cc4eea35|24|3808116085151
38943|0xe3df|1|395824
38943|0xe3df|2|944371
38943|0xe3df|3|1722139
38943|0x8e3df|4|3771501
38943|0x8e3df|5|7270048
38943|0x28e3df|6|14918067
38943|0x68e3df|7|29942849
38943|0x68e3df|8|75282517
38943|0x68e3df|9|119682955
38943|0x68e3df|10|239586607
38943|0x468e3df|11|475488884
38943|0x468e3df|12|947365815
38943|0x1468e3df|13|1799928182
38943|0x1468e3df|14|3883561024
38943|0x5468e3df|15|7789052727
38943|0xd468e3df|16|15157166807
38943|0xd468e3df|17|29034221900
38943|0xd468e3df|18|60082249140
38943|0xd468e3df|19|119403949830
38943|0x8d468e3df|20|255909011034
38943|0x18d468e3df|21|478493071453
38943|0x38d468e3df|22|980620931940
38943|0x38d468e3df|23|1977942197904
38943|0x38d468e3df|24|3798355420706
38945|0xebe1|1|379728
38945|0xebe1|2|928873
38945|0x4ebe1|3|1789998
38945|0x4ebe1|4|3633456
38945|0x14ebe1|5|7276358
38945|0x14ebe1|6|14827313
38945|0x54ebe1|7|29939518
38945|0x54ebe1|8|59601632
38945|0x154ebe1|9|119613656
38945|0x154ebe1|10|238710196
38945|0x154ebe1|11|476832314
38945|0x954ebe1|12|940311654
38945|0x954ebe1|13|2178545566
38945|0x2954ebe1|14|3312239365
38945|0x6954ebe1|15|6560716776
38945|0x6954ebe1|16|14287847456
38945|0x6954ebe1|17|31405214970
38945|0x6954ebe1|18|51834781643
38945|0x6954ebe1|19|119664954471
38945|0x86954ebe1|20|236320114891
38945|0x86954ebe1|21|480671815232
38945|0x286954ebe1|22|962276923497
38945|0x686954ebe1|23|1915408659376
38945|0x686954ebe1|24|3771716938621
38947|0xd78b|1|334195
38947|0xd78b|2|822089
38947|0xd78b|3|1860327
38947|0x8d78b|4|3548321
38947|0x18d78b|5|7450595
38947|0x38d78b|6|14699005
38947|0x78d78b|7|29474887
38947|0xf8d78b|8|59077375
38947|0xf8d78b|9|119840152
38947|0x2f8d78b|10|239535036
38947|0x2f8d78b|11|478823364
38947|0xaf8d78b|12|1001339629
38947|0xaf8d78b|13|1905192571
38947|0xaf8d78b|14|3820632415
38947|0x4af8d78b|15|7765905763
38947|0x4af8d78b|16|15206182903
38947|0x4af8d78b|17|30445818333
38947|0x24af8d78b|18|59972771499
38947|0x64af8d78b|19|120923442664
38947|0x64af8d78b|20|239914682577
38947|0x64af8d78b|21|481616834726
38947|0x264af8d78b|22|964883105150
38947|0x664af8d78b|23|1917321302354
38947|0xe64af8d78b|24|3889196314641
38949|0x1c3ad|1|593292
38949|0x1c3ad|2|1414187
38949|0x1c3ad|3|2963573
38949|0x1c3ad|4|6062809
38949|0x11c3ad|5|12185583
38949|0x11c3ad|6|24502614
38949|0x51c3ad|7|49211386
38949|0x51c3ad|8|98554451
38949|0x51c3ad|9|199298408
38949|0x51c3ad|10|394473864
38949|0x51c3ad|11|797852678
38949|0x851c3ad|12|1006555561
38949|0x851c3ad|13|1583251593
38949|0x851c3ad|14|3803773607
38949|0x4851c3ad|15|7885052728
38949|0x4851c3ad|16|15303847456
38949|0x14851c3ad|17|29910089520
38949|0x14851c3ad|18|59519927673
38949|0x14851c3ad|19|119053817053
38949|0x14851c3ad|20|238882982062
38949|0x14851c3ad|21|477168646476
38949|0x214851c3ad|22|948256792877
38949|0x614851c3ad|23|1822017414859
38949|0x614851c3ad|24|3604113202081
38951|0x15797|1|381511
38951|0x35797|2|2125190
38951|0x75797|3|1656825
38951|0x75797|4|3699456
38951|0x75797|5|7231164
38951|0x275797|6|14630060
38951|0x275797|7|29602362
38951|0x275797|8|52289848
38951|0x275797|9|96491433
38951|0x2275797|10|213464077
38951|0x2275797|11|400972561
38951|0x2275797|12|802459032
38951|0x12275797|13|1592443659
38951|0x32275797|14|3180369019
38951|0x32275797|15|6322211690
38951|0x32275797|16|12549042196
38951|0x132275797|17|24748034402
38951|0x332275797|18|50159558017
38951|0x732275797|19|115760047627
38951|0x732275797|20|219299690844
38951|0x732275797|21|440569735639
38951|0x2732275797|22|902473067782
38951|0x6732275797|23|1770572087969
38951|0xe732275797|24|3589174317632
38953|0x8419|1|397133
38953|0x8419|2|924231
38953|0x48419|3|1749260
38953|0xc8419|4|3695724
38953|0x1c8419|5|7288287
38953|0x1c8419|6|14686121
38953|0x1c8419|7|29232541
38953|0x1c8419|8|47858521
38953|0x11c8419|9|108572568
38953|0x11c8419|10|221227717
38953|0x51c8419|11|424710689
38953|0x51c8419|12|799688342
38953|0x51c8419|13|1593045072
38953|0x51c8419|14|3157023673
38953|0x451c8419|15|6246417432
38953|0x451c8419|16|12644700392
38953|0x451c8419|17|25218184325
38953|0x451c8419|18|49963530780
38953|0x4451c8419|19|99975230588
38953|0xc451c8419|20|305793534729
38953|0xc451c8419|21|534276831560
38953|0xc451c8419|22|971800254679
38953|0xc451c8419|23|1819085071509
38953|0xc451c8419|24|3715944675105
38955|0x16683|1|470122
38955|0x36683|2|899876
38955|0x36683|3|1663349
38955|0x36683|4|3750144
38955|0x136683|5|7207972
38955|0x336683|6|14739177
38955|0x336683|7|29657070
38955|0xb36683|8|59485459
38955|0x1b36683|9|114089100
38955|0x3b36683|10|237606064
38955|0x7b36683|11|478489180
38955|0x7b36683|12|954240190
38955|0x17b36683|13|1906308285
38955|0x17b36683|14|3825299392
38955|0x17b36683|15|7653245708
38955|0x97b36683|16|15292482162
38955|0x97b36683|17|29983098019
38955|0x97b36683|18|59136419097
38955|0x497b36683|19|119334496333
38955|0xc97b36683|20|238412569226
38955|0x1c97b36683|21|476667754139
38955|0x3c97b36683|22|952231293001
38955|0x7c97b36683|23|1902236989512
38955|0x7c97b36683|24|3859923473746
38957|0x177a5|1|403459
38957|0x177a5|2|900033
38957|0x577a5|3|1774941
38957|0x577a5|4|3679521
38957|0x577a5|5|7301349
38957|0x577a5|6|14979213
38957|0x577a5|7|29927641
38957|0x577a5|8|59206828
38957|0x577a5|9|118758330
38957|0x577a5|10|239462162
38957|0x577a5|11|476173909
38957|0x577a5|12|955106722
38957|0x577a5|13|1922078485
38957|0x577a5|14|3813067815
38957|0x400577a5|15|7623369119
38957|0xc00577a5|16|15247047599
38957|0x1c00577a5|17|30002695896
38957|0x3c00577a5|18|59826947020
38957|0x7c00577a5|19|119227188236
38957|0x7c00577a5|20|238130324421
38957|0x7c00577a5|21|508619525206
38957|0x27c00577a5|22|950646795309
38957|0x27c00577a5|23|1903646308593
38957|0x27c00577a5|24|3823711831746
38959|0x1aecf|1|395578
38959|0x3aecf|2|938482
38959|0x3aecf|3|1755186
38959|0xbaecf|4|3769675
38959|0x1baecf|5|7296722
38959|0x3baecf|6|14948621
38959|0x7baecf|7|29785802
38959|0xfbaecf|8|59621228
38959|0xfbaecf|9|119537957
38959|0x2fbaecf|10|239276411
38959|0x6fbaecf|11|473789083
38959|0xefbaecf|12|948323510
38959|0x1efbaecf|13|1916194472
38959|0x3efbaecf|14|3833017565
38959|0x3efbaecf|15|7634985551
38959|0x3efbaecf|16|15265217388
38959|0x13efbaecf|17|29712939229
38959|0x13efbaecf|18|59547971752
38959|0x13efbaecf|19|119116666920
38959|0x13efbaecf|20|238351877169
38959|0x13efbaecf|21|476438597592
38959|0x213efbaecf|22|968114135897
38959|0x213efbaecf|23|1905914582921
38959|0xa13efbaecf|24|3809309798316
38961|0x1c0d1|1|376150
38961|0x3c0d1|2|813193
38961|0x7c0d1|3|1878604
38961|0xfc0d1|4|3617713
38961|0xfc0d1|5|7555100
38961|0xfc0d1|6|14857749
38961|0xfc0d1|7|29845111
38961|0x8fc0d1|8|59695013
38961|0x8fc0d1|9|119854458
38961|0x28fc0d1|10|236946932
38961|0x28fc0d1|11|474120926
38961|0xa8fc0d1|12|958270474
38961|0xa8fc0d1|13|1909813427
38961|0x2a8fc0d1|14|3804583011
38961|0x2a8fc0d1|15|7632876830
38961|0xaa8fc0d1|16|15236455064
38961|0xaa8fc0d1|17|29576144169
38961|0x2aa8fc0d1|18|59598052680
38961|0x2aa8fc0d1|19|119135336307
38961|0xaaa8fc0d1|20|238194756990
38961|0x1aaa8fc0d1|21|476683318914
38961|0x3aaa8fc0d1|22|950456781319
38961|0x3aaa8fc0d1|23|1907417399927
38961|0xbaaa8fc0d1|24|3878081023562
38963|0x22fb|1|437081
38963|0x22fb|2|791881
38963|0x422fb|3|1686616
38963|0xc22fb|4|3705272
38963|0x1c22fb|5|7282504
38963|0x3c22fb|6|14705512
38963|0x7c22fb|7|29538660
38963|0xfc22fb|8|59879006
38963|0x1fc22fb|9|119634142
38963|0x3fc22fb|10|239332648
38963|0x3fc22fb|11|476399932
38963|0x3fc22fb|12|956758282
38963|0x3fc22fb|13|1911325019
38963|0x3fc22fb|14|3814100576
38963|0x3fc22fb|15|7630524936
38963|0x83fc22fb|16|15269607096
38963|0x83fc22fb|17|30409484322
38963|0x83fc22fb|18|57550985628
38963|0x83fc22fb|19|118083257849
38963|0x883fc22fb|20|237974144323
38963|0x1883fc22fb|21|477160833354
38963|0x1883fc22fb|22|982403888254
38963|0x5883fc22fb|23|1934103912185
38963|0x5883fc22fb|24|4055360914717
38965|0x1fa1d|1|334870
38965|0x3fa1d|2|2161276
38965|0x7fa1d|3|1764780
38965|0xffa1d|4|3601969
38965|0x1ffa1d|5|7231423
38965|0x3ffa1d|6|14733798
38965|0x7ffa1d|7|29509530
38965|0x7ffa1d|8|58602343
38965|0x17ffa1d|9|118530665
38965|0x17ffa1d|10|234781661
38965|0x57ffa1d|11|469991668
38965|0x57ffa1d|12|947159045
38965|0x57ffa1d|13|1902108871
38965|0x257ffa1d|14|3869585358
38965|0x657ffa1d|15|7682596559
38965|0x657ffa1d|16|15191817694
38965|0x1657ffa1d|17|33960886863
38965|0x3657ffa1d|18|72233919327
38965|0x3657ffa1d|19|122263369945
38965|0xb657ffa1d|20|237348968554
38965|0xb657ffa1d|21|476376627789
38965|0x2b657ffa1d|22|953493391296
38965|0x6b657ffa1d|23|1906871138076
38965|0xeb657ffa1d|24|3815503295319
38967|0x9d87|1|403643
38967|0x29d87|2|899947
38967|0x29d87|3|1675663
38967|0xa9d87|4|3732170
38967|0x1a9d87|5|7176349
38967|0x1a9d87|6|14925321
38967|0x5a9d87|7|29247892
38967|0x5a9d87|8|59124372
38967|0x15a9d87|9|118875840
38967|0x15a9d87|10|239416455
38967|0x15a9d87|11|475840839
38967|0x95a9d87|12|953104612
38967|0x195a9d87|13|1904975132
38967|0x195a9d87|14|3812864854
38967|0x595a9d87|15|7625027774
38967|0x595a9d87|16|15249561204
38967|0x1595a9d87|17|29957855402
38967|0x1595a9d87|18|59359369422
38967|0x1595a9d87|19|119260604302
38967|0x9595a9d87|20|238071436243
38967|0x19595a9d87|21|473910193909
38967|0x19595a9d87|22|953471460927
38967|0x19595a9d87|23|1906612972728
38967|0x99595a9d87|24|4045353865973
38969|0x1d609|1|382598
38969|0x3d609|2|914250
38969|0x3d609|3|1830766
38969|0x3d609|4|3585010
38969|0x13d609|5|7312504
38969|0x13d609|6|14756726
38969|0x13d609|7|29560527
38969|0x93d609|8|59048617
38969|0x93d609|9|119714904
38969|0x93d609|10|236856292
38969|0x93d609|11|473490839
38969|0x893d609|12|947565283
38969|0x1893d609|13|1898864797
38969|0x1893d609|14|3816320405
38969|0x5893d609|15|7621903150
38969|0xd893d609|16|15246795589
38969|0xd893d609|17|28985612692
38969|0xd893d609|18|59832890682
38969|0xd893d609|19|132706826707
38969|0x8d893d609|20|281900946233
38969|0x18d893d609|21|476193450972
38969|0x38d893d609|22|981926849384
38969|0x78d893d609|23|2000372635799
38969|0xf8d893d609|24|3866374144949
38971|0x80f3|1|353237
38971|0x280f3|2|825020
38971|0x680f3|3|1862627
38971|0x680f3|4|3493837
38971|0x1680f3|5|7368744
38971|0x1680f3|6|14476356
38971|0x5680f3|7|29616973
38971|0xd680f3|8|58635116
38971|0xd680f3|9|118064844
38971|0x2d680f3|10|234929178
38971|0x6d680f3|11|473323275
38971|0x6d680f3|12|951125736
38971|0x16d680f3|13|1896858190
38971|0x36d680f3|14|3825255556
38971|0x36d680f3|15|7752212880
38971|0x36d680f3|16|15141454913
38971|0x36d680f3|17|30527667350
38971|0x36d680f3|18|61157937784
38971|0x436d680f3|19|118637355882
38971|0xc36d680f3|20|238086590727
38971|0xc36d680f3|21|466020404053
38971|0x2c36d680f3|22|977741316497
38971|0x6c36d680f3|23|1820580663162
38971|0xec36d680f3|24|3749011540357
38973|0xbf15|1|379740
38973|0x2bf15|2|900053
38973|0x6bf15|3|1732559
38973|0x6bf15|4|3655332
38973|0x16bf15|5|7154770
38973|0x36bf15|6|14679238
38973|0x36bf15|7|29208584
38973|0xb6bf15|8|57087324
38973|0x1b6bf15|9|108826939
38973|0x3b6bf15|10|214105259
38973|0x7b6bf15|11|422355729
38973|0xfb6bf15|12|848099110
38973|0xfb6bf15|13|1693900891
38973|0xfb6bf15|14|3294184367
38973|0x4fb6bf15|15|6572589911
38973|0xcfb6bf15|16|14619985434
38973|0xcfb6bf15|17|29095688144
38973|0x2cfb6bf15|18|61737844228
38973|0x2cfb6bf15|19|119328052734
38973|0x2cfb6bf15|20|278174404532
38973|0x2cfb6bf15|21|464998352958
38973|0x2cfb6bf15|22|949350873931
38973|0x2cfb6bf15|23|1997669621853
38973|0x2cfb6bf15|24|3552980956296
38975|0x157bf|1|239883
38975|0x357bf|2|567325
38975|0x757bf|3|1271438
38975|0xf57bf|4|2481203
38975|0xf57bf|5|7201419
38975|0x2f57bf|6|14657972
38975|0x6f57bf|7|27984422
38975|0xef57bf|8|54547257
38975|0x1ef57bf|9|99904250
38975|0x3ef57bf|10|195983807
38975|0x7ef57bf|11|433148939
38975|0x7ef57bf|12|942116992
38975|0x17ef57bf|13|1901633515
38975|0x17ef57bf|14|3787872382
38975|0x17ef57bf|15|7595450099
38975|0x17ef57bf|16|15140080208
38975|0x17ef57bf|17|30350868210
38975|0x17ef57bf|18|61050026050
38975|0x417ef57bf|19|131754656280
38975|0xc17ef57bf|20|258950528119
38975|0x1c17ef57bf|21|442000200600
38975|0x3c17ef57bf|22|1147821573416
38975|0x3c17ef57bf|23|2042627504867
38975|0x3c17ef57bf|24|3505661247067
38977|0x177c1|1|363436
38977|0x377c1|2|792102
38977|0x777c1|3|1651113
38977|0x777c1|4|3695793
38977|0x777c1|5|7230526
38977|0x777c1|6|14775777
38977|0x777c1|7|29695301
38977|0x777c1|8|58700373
38977|0x10777c1|9|117517777
38977|0x30777c1|10|234451278
38977|0x70777c1|11|470678329
38977|0xf0777c1|12|951437054
38977|0xf0777c1|13|1909291478
38977|0xf0777c1|14|3805630112
38977|0x4f0777c1|15|7629931436
38977|0xcf0777c1|16|15171342657
38977|0x1cf0777c1|17|29651177043
38977|0x3cf0777c1|18|59091341976
38977|0x7cf0777c1|19|118511830781
38977|0xfcf0777c1|20|221038661953
38977|0x1fcf0777c1|21|415425204406
38977|0x1fcf0777c1|22|854135573886
38977|0x1fcf0777c1|23|1800809883757
38977|0x1fcf0777c1|24|3869163637914
38979|0x746b|1|677937
38979|0x2746b|2|3552981
38979|0x6746b|3|2993503
38979|0x6746b|4|6158009
38979|0x16746b|5|11465279
38979|0x16746b|6|13740948
38979|0x16746b|7|28385540
38979|0x16746b|8|56502091
38979|0x116746b|9|165807362
38979|0x316746b|10|289371650
38979|0x716746b|11|580526473
38979|0x716746b|12|1150079144
38979|0x1716746b|13|2292414901
38979|0x3716746b|14|4646918670
38979|0x7716746b|15|9178865672
38979|0xf716746b|16|18408346245
38979|0xf716746b|17|27889141478
38979|0x2f716746b|18|49729486209
38979|0x6f716746b|19|134942564231
38979|0xef716746b|20|314337210776
38979|0xef716746b|21|483675856155
38979|0x2ef716746b|22|922877664725
38979|0x2ef716746b|23|1897490580243
38979|0x2ef716746b|24|3839021262236
38981|0xba8d|1|350408
38981|0x2ba8d|2|1978035
38981|0x2ba8d|3|1935097
38981|0x2ba8d|4|3570678
38981|0x2ba8d|5|7476392
38981|0x2ba8d|6|14808188
38981|0x2ba8d|7|29314678
38981|0x82ba8d|8|58947500
38981|0x82ba8d|9|117658065
38981|0x282ba8d|10|236704531
38981|0x682ba8d|11|472867859
38981|0x682ba8d|12|957371304
38981|0x682ba8d|13|1908606080
38981|0x2682ba8d|14|3807492426
38981|0x2682ba8d|15|7673948727
38981|0x2682ba8d|16|15184070164
38981|0x2682ba8d|17|33234714548
38981|0x2682ba8d|18|83017948197
38981|0x2682ba8d|19|101748106296
38981|0x82682ba8d|20|224463026127
38981|0x182682ba8d|21|490656120911
38981|0x382682ba8d|22|1022042608018
38981|0x382682ba8d|23|1938290478593
38981|0x382682ba8d|24|3524986037446
38983|0x19177|1|409331
38983|0x39177|2|792184
38983|0x79177|3|1674962
38983|0xf9177|4|3691057
38983|0x1f9177|5|7135015
38983|0x3f9177|6|14847369
38983|0x3f9177|7|29626087
38983|0x3f9177|8|58695697
38983|0x3f9177|9|116661526
38983|0x3f9177|10|235450016
38983|0x3f9177|11|471646495
38983|0x3f9177|12|968824553
38983|0x103f9177|13|1891064807
38983|0x103f9177|14|3821790347
38983|0x503f9177|15|7675382092
38983|0x503f9177|16|15229759052
38983|0x503f9177|17|30434101422
38983|0x503f9177|18|59345909748
38983|0x4503f9177|19|118502239651
38983|0xc503f9177|20|220531027080
38983|0x1c503f9177|21|438130084720
38983|0x1c503f9177|22|920862506303
38983|0x1c503f9177|23|1718439703789
38983|0x9c503f9177|24|3832229773075
38985|0xd9f9|1|419726
38985|0x2d9f9|2|924368
38985|0x6d9f9|3|1824963
38985|0x6d9f9|4|3698314
38985|0x6d9f9|5|7386398
38985|0x26d9f9|6|14950900
38985|0x26d9f9|7|29934762
38985|0xa6d9f9|8|59799706
38985|0x1a6d9f9|9|119468924
38985|0x3a6d9f9|10|237485068
38985|0x7a6d9f9|11|474523974
38985|0x7a6d9f9|12|954691920
38985|0x7a6d9f9|13|1881664511
38985|0x7a6d9f9|14|3802689129
38985|0x47a6d9f9|15|7623094895
38985|0xc7a6d9f9|16|15239402488
38985|0xc7a6d9f9|17|29161720266
38985|0xc7a6d9f9|18|54482569887
38985|0x4c7a6d9f9|19|100573065372
38985|0xcc7a6d9f9|20|218475483519
38985|0x1cc7a6d9f9|21|454880655862
38985|0x1cc7a6d9f9|22|993015648912
38985|0x5cc7a6d9f9|23|1798297962298
38985|0x5cc7a6d9f9|24|3828813203326
38987|0x7163|1|396452
38987|0x7163|2|924173
38987|0x47163|3|1836262
38987|0x47163|4|3717478
38987|0x47163|5|7330050
38987|0x247163|6|14805141
38987|0x247163|7|29669631
38987|0x247163|8|59146807
38987|0x247163|9|118851507
38987|0x2247163|10|237755168
38987|0x6247163|11|480495574
38987|0x6247163|12|951341137
38987|0x16247163|13|1898052815
38987|0x36247163|14|3802553865
38987|0x36247163|15|7410944760
38987|0xb6247163|16|12784805511
38987|0x1b6247163|17|29484590574
38987|0x3b6247163|18|59695436849
38987|0x7b6247163|19|118290420602
38987|0xfb6247163|20|238148182750
38987|0xfb6247163|21|474254998815
38987|0xfb6247163|22|928147355328
38987|0x4fb6247163|23|1817266033429
38987|0xcfb6247163|24|3673140904908
38989|0x6085|1|334614
38989|0x6085|2|2042627
38989|0x46085|3|1883313
38989|0x46085|4|3559580
38989|0x46085|5|7391627
38989|0x246085|6|14773200
38989|0x646085|7|29837549
38989|0xe46085|8|59733052
38989|0xe46085|9|118336098
38989|0x2e46085|10|236477626
38989|0x2e46085|11|476809307
38989|0xae46085|12|1008682256
38989|0xae46085|13|2222422443
38989|0x2ae46085|14|4579661003
38989|0x2ae46085|15|9200927457
38989|0xaae46085|16|18485682751
38989|0x1aae46085|17|37915918212
38989|0x1aae46085|18|87346775495
38989|0x1aae46085|19|125461232199
38989|0x9aae46085|20|248569521227
38989|0x9aae46085|21|473403424796
38989|0x29aae46085|22|1054299078132
38989|0x29aae46085|23|1814862823929
38989|0x29aae46085|24|3723210871902
38991|0x17eaf|1|666605
38991|0x37eaf|2|1438624
38991|0x77eaf|3|2949753
38991|0xf7eaf|4|6055587
38991|0xf7eaf|5|12235169
38991|0xf7eaf|6|24597494
38991|0xf7eaf|7|49862274
38991|0xf7eaf|8|98926748
38991|0xf7eaf|9|199579698
38991|0xf7eaf|10|401525683
38991|0xf7eaf|11|809864093
38991|0x80f7eaf|12|1587025910
38991|0x180f7eaf|13|3074574024
38991|0x380f7eaf|14|4627443364
38991|0x380f7eaf|15|6457714090
38991|0xb80f7eaf|16|12237977342
38991|0xb80f7eaf|17|26537178116
38991|0x2b80f7eaf|18|54244374278
38991|0x2b80f7eaf|19|123602257248
38991|0x2b80f7eaf|20|245821554920
38991|0x2b80f7eaf|21|469424334186
38991|0x22b80f7eaf|22|972465960820
38991|0x22b80f7eaf|23|2028562745027
38991|0x22b80f7eaf|24|4144746797049
38993|0x1b0b1|1|560825
38993|0x3b0b1|2|900041
38993|0x7b0b1|3|1401369
38993|0xfb0b1|4|2512675
38993|0xfb0b1|5|5227552
38993|0x2fb0b1|6|13293057
38993|0x2fb0b1|7|27196091
38993|0x2fb0b1|8|45954470
38993|0x2fb0b1|9|107223739
38993|0x2fb0b1|10|213011278
38993|0x2fb0b1|11|416506505
38993|0x2fb0b1|12|868628464
38993|0x2fb0b1|13|1847992540
38993|0x202fb0b1|14|3686502724
38993|0x202fb0b1|15|7027323509
38993|0xa02fb0b1|16|13647641231
38993|0x1a02fb0b1|17|30362919108
38993|0x1a02fb0b1|18|56695279993
38993|0x1a02fb0b1|19|109125879329
38993|0x1a02fb0b1|20|213980319896
38993|0x1a02fb0b1|21|473379112179
38993|0x21a02fb0b1|22|915993231913
38993|0x61a02fb0b1|23|1884137064116
38993|0x61a02fb0b1|24|3669970449977
38995|0x16bdb|1|354769
38995|0x16bdb|2|819795
38995|0x16bdb|3|1858448
38995|0x16bdb|4|3539302
38995|0x16bdb|5|7361764
38995|0x16bdb|6|13698568
38995|0x16bdb|7|25385418
38995|0x816bdb|8|52366629
38995|0x816bdb|9|106716300
38995|0x2816bdb|10|203124182
38995|0x2816bdb|11|422498510
38995|0xa816bdb|12|847872103
38995|0xa816bdb|13|1694838098
38995|0xa816bdb|14|3429944668
38995|0x4a816bdb|15|7096457050
38995|0x4a816bdb|16|13902451390
38995|0x14a816bdb|17|27962000533
38995|0x14a816bdb|18|54295973234
38995|0x14a816bdb|19|113160187412
38995|0x94a816bdb|20|282003500128
38995|0x94a816bdb|21|458991048177
38995|0x94a816bdb|22|954819502377
38995|0x494a816bdb|23|1888603219598
38995|0x494a816bdb|24|3748567728146
38997|0x1a4fd|1|496999
38997|0x3a4fd|2|947216
38997|0x7a4fd|3|2079417
38997|0x7a4fd|4|3623398
38997|0x7a4fd|5|7567417
38997|0x7a4fd|6|14757502
38997|0x7a4fd|7|29497546
38997|0x87a4fd|8|59771777
38997|0x187a4fd|9|118588672
38997|0x187a4fd|10|239165393
38997|0x587a4fd|11|479020792
38997|0x587a4fd|12|956555183
38997|0x587a4fd|13|1907338984
38997|0x2587a4fd|14|3813817225
38997|0x2587a4fd|15|7625190079
38997|0x2587a4fd|16|15257194667
38997|0x12587a4fd|17|29090348595
38997|0x32587a4fd|18|64891449095
38997|0x72587a4fd|19|140612459475
38997|0xf2587a4fd|20|227428433959
38997|0x1f2587a4fd|21|475547585211
38997|0x3f2587a4fd|22|936083200100
38997|0x7f2587a4fd|23|1932083244151
38997|0xff2587a4fd|24|4174249935230
38999|0x1d367|1|353042
38999|0x1d367|2|817589
38999|0x5d367|3|1735882
38999|0x5d367|4|3644252
38999|0x5d367|5|7432311
38999|0x5d367|6|14724301
38999|0x5d367|7|29597318
38999|0x85d367|8|82316408
38999|0x185d367|9|162684537
38999|0x385d367|10|327713813
38999|0x385d367|11|673236495
38999|0xb85d367|12|1337189845
38999|0xb85d367|13|2461622670
38999|0x2b85d367|14|4716780404
38999|0x6b85d367|15|8965125371
38999|0x6b85d367|16|12860531256
38999|0x6b85d367|17|32313379007
38999|0x6b85d367|18|65625349987
38999|0x46b85d367|19|117866324522
38999|0xc6b85d367|20|247657701199
38999|0x1c6b85d367|21|472385569825
38999|0x1c6b85d367|22|906355040135
38999|0x1c6b85d367|23|1802804502198
38999|0x9c6b85d367|24|3626842366173
39001|0x12fe9|1|335853
39001|0x12fe9|2|808028
39001|0x52fe9|3|1709438
39001|0x52fe9|4|3628956
39001|0x52fe9|5|7243395
39001|0x52fe9|6|14754473
39001|0x452fe9|7|23233984
39001|0xc52fe9|8|55954617
39001|0x1c52fe9|9|112170650
39001|0x3c52fe9|10|217962711
39001|0x7c52fe9|11|418598176
39001|0xfc52fe9|12|851692855
39001|0x1fc52fe9|13|1652587111
39001|0x3fc52fe9|14|3438590514
39001|0x7fc52fe9|15|7191454247
39001|0xffc52fe9|16|13403497574
39001|0xffc52fe9|17|26646648797
39001|0x2ffc52fe9|18|55286541204
39001|0x2ffc52fe9|19|115231060165
39001|0xaffc52fe9|20|231532204396
39001|0x1affc52fe9|21|446749636835
39001|0x1affc52fe9|22|962540715152
39001|0x5affc52fe9|23|1889115103852
39001|0xdaffc52fe9|24|3644377240303
39003|0xd7d3|1|379352
39003|0x2d7d3|2|924618
39003|0x2d7d3|3|1873092
39003|0xad7d3|4|3598966
39003|0xad7d3|5|6378593
39003|0xad7d3|6|10391195
39003|0xad7d3|7|29357401
39003|0xad7d3|8|53742683
39003|0xad7d3|9|112097753
39003|0xad7d3|10|218865535
39003|0x40ad7d3|11|470384625
39003|0x40ad7d3|12|946094224
39003|0x40ad7d3|13|1845525266
39003|0x240ad7d3|14|3190718992
39003|0x640ad7d3|15|6335566119
39003|0x640ad7d3|16|13476886176
39003|0x640ad7d3|17|25581373679
39003|0x2640ad7d3|18|54116637092
39003|0x2640ad7d3|19|108273536709
39003|0x2640ad7d3|20|215634825076
39003|0x2640ad7d3|21|463055919864
39003|0x2640ad7d3|22|887485371697
39003|0x42640ad7d3|23|1912306650046
39003|0x42640ad7d3|24|3547991898485
39005|0x1fbf5|1|574178
39005|0x3fbf5|2|1004121
39005|0x7fbf5|3|1674915
39005|0x7fbf5|4|3743537
39005|0x7fbf5|5|7233711
39005|0x7fbf5|6|14813501
39005|0x7fbf5|7|24294468
39005|0x87fbf5|8|49230273
39005|0x187fbf5|9|117532434
39005|0x187fbf5|10|229463307
39005|0x587fbf5|11|431689436
39005|0x587fbf5|12|850379466
39005|0x587fbf5|13|1816721741
39005|0x587fbf5|14|3370832944
39005|0x4587fbf5|15|7323324352
39005|0x4587fbf5|16|13567957730
39005|0x4587fbf5|17|27442352375
39005|0x24587fbf5|18|54268738960
39005|0x64587fbf5|19|111609003905
39005|0x64587fbf5|20|230261743888
39005|0x164587fbf5|21|534258951392
39005|0x364587fbf5|22|1067149832588
39005|0x364587fbf5|23|1984337446270
39005|0x364587fbf5|24|3729043060919
39007|0x1c39f|1|341492
39007|0x3c39f|2|834151
39007|0x7c39f|3|1917371
39007|0xfc39f|4|3488446
39007|0xfc39f|5|7460334
39007|0xfc39f|6|14794331
39007|0xfc39f|7|29401362
39007|0xfc39f|8|36720786
39007|0xfc39f|9|118658085
39007|0x20fc39f|10|237327341
39007|0x20fc39f|11|470138477
39007|0x20fc39f|12|938007694
39007|0x20fc39f|13|1924195316
39007|0x220fc39f|14|3792669166
39007|0x220fc39f|15|6893363209
39007|0x220fc39f|16|13748944029
39007|0x220fc39f|17|26928096649
39007|0x2220fc39f|18|54686736483
39007|0x6220fc39f|19|108086333809
39007|0x6220fc39f|20|222375566957
39007|0x6220fc39f|21|434879999244
39007|0x6220fc39f|22|959787642327
39007|0x6220fc39f|23|1733854676271
39007|0x86220fc39f|24|4180081403171
39009|0xba1|1|605047
39009|0xba1|2|3590279
39009|0x40ba1|3|2992246
39009|0x40ba1|4|6166184
39009|0x140ba1|5|12385650
39009|0x140ba1|6|24616116
39009|0x140ba1|7|49282462
39009|0x940ba1|8|99781737
39009|0x1940ba1|9|197374539
39009|0x1940ba1|10|399201014
39009|0x1940ba1|11|791471516
39009|0x1940ba1|12|1590161786
39009|0x1940ba1|13|3176248625
39009|0x1940ba1|14|6366328619
39009|0x1940ba1|15|12746163327
39009|0x81940ba1|16|20220564143
39009|0x181940ba1|17|41241626598
39009|0x381940ba1|18|60764172426
39009|0x781940ba1|19|143394215875
39009|0xf81940ba1|20|217792004918
39009|0x1f81940ba1|21|474664597568
39009|0x3f81940ba1|22|986606147345
39009|0x3f81940ba1|23|1896445799095
39009|0x3f81940ba1|24|4104511793049
39011|0xa94b|1|396554
39011|0x2a94b|2|924315
39011|0x6a94b|3|1747611
39011|0xea94b|4|3764107
39011|0x1ea94b|5|7254719
39011|0x3ea94b|6|14793892
39011|0x7ea94b|7|29622792
39011|0xfea94b|8|53888592
39011|0x1fea94b|9|106292723
39011|0x3fea94b|10|213176623
39011|0x3fea94b|11|414732953
39011|0x3fea94b|12|855181664
39011|0x3fea94b|13|1726459671
39011|0x3fea94b|14|3593323043
39011|0x43fea94b|15|6502844221
39011|0xc3fea94b|16|15844437375
39011|0x1c3fea94b|17|29946050795
39011|0x3c3fea94b|18|53897938655
39011|0x7c3fea94b|19|143608313199
39011|0x7c3fea94b|20|226042196839
39011|0x7c3fea94b|21|451195627148
39011|0x27c3fea94b|22|886905426007
39011|0x67c3fea94b|23|1839743807602
39011|0xe7c3fea94b|24|3827437683244
39013|0x596d|1|635872
39013|0x596d|2|1444713
39013|0x4596d|3|2969297
39013|0x4596d|4|6055299
39013|0x14596d|5|12218133
39013|0x34596d|6|24907731
39013|0x74596d|7|49900117
39013|0x74596d|8|67305086
39013|0x174596d|9|140490336
39013|0x174596d|10|275266515
39013|0x174596d|11|605714828
39013|0x974596d|12|946902375
39013|0x1974596d|13|1632430279
39013|0x3974596d|14|3375395695
39013|0x7974596d|15|10265207212
39013|0x7974596d|16|21450540444
39013|0x17974596d|17|40805740213
39013|0x37974596d|18|71834065215
39013|0x77974596d|19|111826046062
39013|0x77974596d|20|217743706491
39013|0x177974596d|21|498115701819
39013|0x377974596d|22|1003036445863
39013|0x377974596d|23|1848027333943
39013|0x377974596d|24|3677402874648
39015|0x10357|1|375943
39015|0x10357|2|900184
39015|0x50357|3|1817258
39015|0x50357|4|3605167
39015|0x50357|5|7416772
39015|0x50357|6|10712660
39015|0x50357|7|26542245
39015|0x50357|8|55272792
39015|0x50357|9|98201283
39015|0x50357|10|213796686
39015|0x4050357|11|415930117
39015|0xc050357|12|831998989
39015|0x1c050357|13|1588253635
39015|0x1c050357|14|3299860640
39015|0x5c050357|15|6996657007
39015|0x5c050357|16|13109752047
39015|0x5c050357|17|27547016257
39015|0x5c050357|18|53462013270
39015|0x5c050357|19|111033525354
39015|0x85c050357|20|223924049126
39015|0x85c050357|21|447781507712
39015|0x85c050357|22|927601705938
39015|0x85c050357|23|1804171109113
39015|0x85c050357|24|3947550539345
39017|0x77d9|1|335513
39017|0x277d9|2|792153
39017|0x677d9|3|1660832
39017|0x677d9|4|3403721
39017|0x1677d9|5|6812152
39017|0x3677d9|6|11311642
39017|0x3677d9|7|25880149
39017|0xb677d9|8|47421893
39017|0xb677d9|9|92751049
39017|0x2b677d9|10|190173364
39017|0x6b677d9|11|400621350
39017|0xeb677d9|12|745390829
39017|0xeb677d9|13|2149445006
39017|0x2eb677d9|14|5450885970
39017|0x2eb677d9|15|10083907803
39017|0xaeb677d9|16|20718517694
39017|0xaeb677d9|17|35786470050
39017|0xaeb677d9|18|57968810711
39017|0x4aeb677d9|19|119212236368
39017|0xcaeb677d9|20|303317115071
39017|0x1caeb677d9|21|521635728485
39017|0x1caeb677d9|22|1011366382756
39017|0x1caeb677d9|23|2131446648641
39017|0x9caeb677d9|24|3722762245083
39019|0x15443|1|270811
39019|0x35443|2|499433
39019|0x75443|3|1291514
39019|0xf5443|4|2778517
39019|0x1f5443|5|7217061
39019|0x3f5443|6|14812831
39019|0x3f5443|7|27331580
39019|0xbf5443|8|55103184
39019|0xbf5443|9|106736621
39019|0x2bf5443|10|214597077
39019|0x2bf5443|11|447876407
39019|0x2bf5443|12|848354599
39019|0x2bf5443|13|1620211907
39019|0x2bf5443|14|3176137721
39019|0x42bf5443|15|6848288408
39019|0xc2bf5443|16|14241986113
39019|0x1c2bf5443|17|27591413554
39019|0x3c2bf5443|18|54814929482
39019|0x7c2bf5443|19|109156311057
39019|0x7c2bf5443|20|218974921430
39019|0x7c2bf5443|21|453012943244
39019|0x27c2bf5443|22|907387547065
39019|0x67c2bf5443|23|1788786454976
39019|0x67c2bf5443|24|3607793030447
39021|0x13165|1|626994
39021|0x33165|2|1414627
39021|0x33165|3|2985308
39021|0x33165|4|6048724
39021|0x133165|5|7773648
39021|0x133165|6|14143221
39021|0x133165|7|27792290
39021|0x933165|8|68733049
39021|0x933165|9|130580693
39021|0x933165|10|290906953
39021|0x4933165|11|531212498
39021|0xc933165|12|1191359078
39021|0xc933165|13|1898203383
39021|0xc933165|14|3441463540
39021|0x4c933165|15|6576976592
39021|0x4c933165|16|13980236006
39021|0x4c933165|17|27299275126
39021|0x4c933165|18|54432150065
39021|0x4c933165|19|106117434467
39021|0x84c933165|20|216326344139
39021|0x84c933165|21|436272671775
39021|0x84c933165|22|865779373088
39021|0x84c933165|23|1816238474758
39021|0x84c933165|24|4259358562287
39023|0x1c68f|1|407585
39023|0x3c68f|2|874227
39023|0x3c68f|3|1863215
39023|0xbc68f|4|3556678
39023|0xbc68f|5|7434422
39023|0xbc68f|6|22804275
39023|0xbc68f|7|49349909
39023|0xbc68f|8|66715503
39023|0x10bc68f|9|146985256
39023|0x30bc68f|10|280410905
39023|0x30bc68f|11|586383217
39023|0x30bc68f|12|1155861018
39023|0x130bc68f|13|2603101689
39023|0x130bc68f|14|5104944525
39023|0x530bc68f|15|10343253426
39023|0x530bc68f|16|18861958893
39023|0x1530bc68f|17|32914099601
39023|0x3530bc68f|18|66404707055
39023|0x3530bc68f|19|138612970246
39023|0x3530bc68f|20|249430015379
39023|0x3530bc68f|21|552351915723
39023|0x3530bc68f|22|1081971335844
39023|0x43530bc68f|23|2158247931352
39023|0xc3530bc68f|24|4413174040444
39025|0x2891|1|375963
39025|0x2891|2|2005990
39025|0x2891|3|1861046
39025|0x82891|4|3514985
39025|0x182891|5|7435127
39025|0x182891|6|13377728
39025|0x582891|7|25955025
39025|0x582891|8|51326882
39025|0x1582891|9|110620952
39025|0x1582891|10|199902196
39025|0x1582891|11|423407148
39025|0x1582891|12|802215560
39025|0x11582891|13|1633725436
39025|0x11582891|14|3509443855
39025|0x11582891|15|7202708338
39025|0x11582891|16|12907635311
39025|0x11582891|17|27965849913
39025|0x11582891|18|58207018406
39025|0x411582891|19|116558132988
39025|0xc11582891|20|324753244112
39025|0xc11582891|21|603785863455
39025|0x2c11582891|22|895022369739
39025|0x6c11582891|23|1880493404865
39025|0x6c11582891|24|3877095022550
39027|0x1ccbb|1|429074
39027|0x3ccbb|2|850955
39027|0x7ccbb|3|1639334
39027|0x7ccbb|4|3680506
39027|0x17ccbb|5|7166347
39027|0x17ccbb|6|14522196
39027|0x57ccbb|7|29290215
39027|0x57ccbb|8|45621976
39027|0x157ccbb|9|116692540
39027|0x157ccbb|10|217299036
39027|0x557ccbb|11|397901274
39027|0xd57ccbb|12|859714914
39027|0xd57ccbb|13|1562458017
39027|0x2d57ccbb|14|3222727098
39027|0x2d57ccbb|15|7033335971
39027|0xad57ccbb|16|13314810823
39027|0xad57ccbb|17|27029856822
39027|0x2ad57ccbb|18|55414556637
39027|0x2ad57ccbb|19|129990549070
39027|0x2ad57ccbb|20|224362874938
39027|0x2ad57ccbb|21|462046398810
39027|0x22ad57ccbb|22|1113039266217
39027|0x22ad57ccbb|23|2234390238128
39027|0xa2ad57ccbb|24|4315371345866
39029|0x77dd|1|231073
39029|0x277dd|2|567437
39029|0x677dd|3|1357682
39029|0x677dd|4|2528344
39029|0x677dd|5|5197714
39029|0x2677dd|6|13078581
39029|0x6677dd|7|29915742
39029|0x6677dd|8|53568753
39029|0x6677dd|9|106145789
39029|0x26677dd|10|206854031
39029|0x26677dd|11|416623255
39029|0x26677dd|12|788117825
39029|0x126677dd|13|1674498239
39029|0x126677dd|14|3878058126
39029|0x526677dd|15|6475680759
39029|0xd26677dd|16|15589272834
39029|0x1d26677dd|17|27641924070
39029|0x3d26677dd|18|51884561612
39029|0x7d26677dd|19|108702035329
39029|0x7d26677dd|20|259256177590
39029|0x7d26677dd|21|523421404085
39029|0x7d26677dd|22|1147616186140
39029|0x7d26677dd|23|1954207372369
39029|0x87d26677dd|24|3917059582544
39031|0xc147|1|597887
39031|0xc147|2|1414113
39031|0x4c147|3|2959131
39031|0xcc147|4|6044765
39031|0x1cc147|5|12240237
39031|0x3cc147|6|17430603
39031|0x3cc147|7|48576492
39031|0x3cc147|8|86224835
39031|0x13cc147|9|184196538
39031|0x33cc147|10|341119402
39031|0x73cc147|11|665041697
39031|0x73cc147|12|1395730782
39031|0x173cc147|13|2343810214
39031|0x373cc147|14|4281483324
39031|0x773cc147|15|7207854038
39031|0xf73cc147|16|18497108276
39031|0x1f73cc147|17|29573624531
39031|0x3f73cc147|18|71557729180
39031|0x7f73cc147|19|112264344042
39031|0x7f73cc147|20|286982130769
39031|0x7f73cc147|21|549007412828
39031|0x7f73cc147|22|1035910400155
39031|0x7f73cc147|23|2056188156544
39031|0x87f73cc147|24|4377802683745
39033|0x51c9|1|382330
39033|0x251c9|2|902335
39033|0x251c9|3|1860612
39033|0xa51c9|4|3543642
39033|0x1a51c9|5|7386739
39033|0x1a51c9|6|11052954
39033|0x1a51c9|7|25139167
39033|0x1a51c9|8|51449790
39033|0x11a51c9|9|111076013
39033|0x31a51c9|10|217268131
39033|0x31a51c9|11|433219466
39033|0xb1a51c9|12|1183770341
39033|0xb1a51c9|13|2318365566
39033|0x2b1a51c9|14|4811474317
39033|0x2b1a51c9|15|9556769608
39033|0x2b1a51c9|16|19315206332
39033|0x2b1a51c9|17|26363433263
39033|0x2b1a51c9|18|55137999487
39033|0x42b1a51c9|19|107627604709
39033|0x42b1a51c9|20|232338713739
39033|0x142b1a51c9|21|537438182917
39033|0x342b1a51c9|22|1081028843805
39033|0x742b1a51c9|23|2163824656315
39033|0xf42b1a51c9|24|3658555948977
39035|0x186b3|1|343104
39035|0x386b3|2|2005778
39035|0x786b3|3|1856211
39035|0xf86b3|4|3521983
39035|0x1f86b3|5|7471300
39035|0x3f86b3|6|14697817
39035|0x3f86b3|7|29700159
39035|0xbf86b3|8|59293246
39035|0xbf86b3|9|118939523
39035|0xbf86b3|10|235351223
39035|0x4bf86b3|11|475302719
39035|0x4bf86b3|12|835168189
39035|0x4bf86b3|13|1649336485
39035|0x4bf86b3|14|3310702954
39035|0x4bf86b3|15|6505691070
39035|0x4bf86b3|16|13771642095
39035|0x4bf86b3|17|27805176799
39035|0x4bf86b3|18|57078326413
39035|0x404bf86b3|19|140416030451
39035|0x404bf86b3|20|270203354012
39035|0x404bf86b3|21|460236242977
39035|0x404bf86b3|22|1015719626923
39035|0x4404bf86b3|23|1799372767451
39035|0xc404bf86b3|24|3723637446815
39037|0x1a0d5|1|380836
39037|0x3a0d5|2|2123321
39037|0x7a0d5|3|1680364
39037|0xfa0d5|4|3674178
39037|0xfa0d5|5|7247521
39037|0x2fa0d5|6|14559865
39037|0x6fa0d5|7|29461487
39037|0x6fa0d5|8|59352702
39037|0x6fa0d5|9|117699782
39037|0x26fa0d5|10|235340575
39037|0x26fa0d5|11|476056652
39037|0xa6fa0d5|12|932305958
39037|0xa6fa0d5|13|1674994786
39037|0x2a6fa0d5|14|3269791584
39037|0x2a6fa0d5|15|7149305239
39037|0x2a6fa0d5|16|13779277270
39037|0x12a6fa0d5|17|32193954230
39037|0x12a6fa0d5|18|75628238253
39037|0x52a6fa0d5|19|136933008927
39037|0xd2a6fa0d5|20|284723574991
39037|0xd2a6fa0d5|21|515529967292
39037|0x2d2a6fa0d5|22|904463768479
39037|0x6d2a6fa0d5|23|1874193534991
39037|0xed2a6fa0d5|24|3774607449267
39039|0x1277f|1|354861
39039|0x3277f|2|836032
39039|0x7277f|3|1661375
39039|0x7277f|4|3691498
39039|0x7277f|5|7391869
39039|0x7277f|6|14726793
39039|0x7277f|7|29763125
39039|0x7277f|8|59310462
39039|0x107277f|9|117935770
39039|0x307277f|10|238184635
39039|0x307277f|11|472082444
39039|0x307277f|12|930021764
39039|0x307277f|13|1961827479
39039|0x307277f|14|3785450466
39039|0x4307277f|15|6835903413
39039|0xc307277f|16|13897628997
39039|0x1c307277f|17|27086359885
39039|0x1c307277f|18|54291782032
39039|0x5c307277f|19|108162430062
39039|0xdc307277f|20|224001029665
39039|0xdc307277f|21|506746012036
39039|0x2dc307277f|22|962017757029
39039|0x2dc307277f|23|2006212219489
39039|0xadc307277f|24|4061832639974
39041|0x1a781|1|420151
39041|0x3a781|2|934075
39041|0x7a781|3|1673702
39041|0x7a781|4|3797584
39041|0x17a781|5|7400088
39041|0x37a781|6|14960687
39041|0x37a781|7|29907756
39041|0xb7a781|8|59908941
39041|0xb7a781|9|120206322
39041|0xb7a781|10|240137199
39041|0xb7a781|11|480862463
39041|0x8b7a781|12|971170516
39041|0x18b7a781|13|1921427492
39041|0x18b7a781|14|3803931621
39041|0x18b7a781|15|7608602354
39041|0x98b7a781|16|15204976487
39041|0x98b7a781|17|30056793904
39041|0x298b7a781|18|55441978321
39041|0x698b7a781|19|147170757086
39041|0x698b7a781|20|289128636107
39041|0x698b7a781|21|536118398395
39041|0x698b7a781|22|999976407566
39041|0x698b7a781|23|1879015559731
39041|0x698b7a781|24|3870574929457
39043|0x762b|1|362772
39043|0x2762b|2|925024
39043|0x6762b|3|1906697
39043|0xe762b|4|3593255
39043|0x1e762b|5|7398390
39043|0x1e762b|6|14483136
39043|0x5e762b|7|29360757
39043|0xde762b|8|59452298
39043|0xde762b|9|119233659
39043|0xde762b|10|238854198
39043|0xde762b|11|477065421
39043|0x8de762b|12|948962842
39043|0x8de762b|13|1887787032
39043|0x28de762b|14|3199953627
39043|0x28de762b|15|6602426334
39043|0x28de762b|16|14438607214
39043|0x128de762b|17|29527491336
39043|0x128de762b|18|61101523136
39043|0x528de762b|19|129697547034
39043|0xd28de762b|20|235101915257
39043|0xd28de762b|21|437700068934
39043|0xd28de762b|22|899979758957
39043|0xd28de762b|23|1944529845843
39043|0xd28de762b|24|4326149881658
39045|0x1a04d|1|683318
39045|0x3a04d|2|1454675
39045|0x3a04d|3|3011313
39045|0x3a04d|4|6115237
39045|0x13a04d|5|8745655
39045|0x33a04d|6|23176005
39045|0x33a04d|7|42413432
39045|0x33a04d|8|87909417
39045|0x33a04d|9|178585965
39045|0x233a04d|10|336975644
39045|0x633a04d|11|691365864
39045|0x633a04d|12|1155167990
39045|0x633a04d|13|2382657674
39045|0x2633a04d|14|4839127945
39045|0x2633a04d|15|10413671738
39045|0xa633a04d|16|16297246778
39045|0x1a633a04d|17|29309483326
39045|0x3a633a04d|18|53909128299
39045|0x7a633a04d|19|109934436958
39045|0xfa633a04d|20|218466255577
39045|0x1fa633a04d|21|502754204088
39045|0x3fa633a04d|22|858117283029
39045|0x7fa633a04d|23|1708905448653
39045|0x7fa633a04d|24|3500639444592
39047|0xad37|1|394297
39047|0xad37|2|2013715
39047|0x4ad37|3|1795116
39047|0x4ad37|4|3649260
39047|0x14ad37|5|7290218
39047|0x14ad37|6|14517878
39047|0x54ad37|7|29459086
39047|0xd4ad37|8|58626970
39047|0x1d4ad37|9|118505970
39047|0x3d4ad37|10|237635504
39047|0x7d4ad37|11|472573246
39047|0xfd4ad37|12|947889559
39047|0xfd4ad37|13|1851001028
39047|0x2fd4ad37|14|3789142101
39047|0x2fd4ad37|15|11571916241
39047|0xafd4ad37|16|20796563388
39047|0x1afd4ad37|17|38770805762
39047|0x3afd4ad37|18|92440001945
39047|0x3afd4ad37|19|118788074496
39047|0xbafd4ad37|20|216533084447
39047|0x1bafd4ad37|21|464142733745
39047|0x1bafd4ad37|22|900899662706
39047|0x1bafd4ad37|23|1805953391078
39047|0x1bafd4ad37|24|3413675736481
39049|0x5db9|1|233365
39049|0x5db9|2|498900
39049|0x5db9|3|1194945
39049|0x85db9|4|3013883
39049|0x85db9|5|7192109
39049|0x285db9|6|10140854
39049|0x685db9|7|20463084
39049|0xe85db9|8|48907010
39049|0xe85db9|9|92596533
39049|0xe85db9|10|190692255
39049|0x4e85db9|11|361424123
39049|0xce85db9|12|668735033
39049|0xce85db9|13|1370916546
39049|0x2ce85db9|14|3262179118
39049|0x2ce85db9|15|6144920320
39049|0x2ce85db9|16|14051779517
39049|0x2ce85db9|17|26685806594
39049|0x22ce85db9|18|54900613198
39049|0x62ce85db9|19|113009469087
39049|0xe2ce85db9|20|214388739201
39049|0xe2ce85db9|21|439922413667
39049|0xe2ce85db9|22|919366701708
39049|0x4e2ce85db9|23|1831204574166
39049|0xce2ce85db9|24|4135067560064
39051|0x10f23|1|596471
39051|0x10f23|2|3485076
39051|0x10f23|3|2962659
39051|0x10f23|4|6039210
39051|0x110f23|5|10196801
39051|0x110f23|6|21678688
39051|0x510f23|7|42635489
39051|0x510f23|8|88581215
39051|0x1510f23|9|164233783
39051|0x1510f23|10|351838684
39051|0x1510f23|11|668616469
39051|0x9510f23|12|1247921469
39051|0x19510f23|13|2071854597
39051|0x39510f23|14|3238402075
39051|0x79510f23|15|9248823231
39051|0x79510f23|16|19169751439
39051|0x79510f23|17|33732603346
39051|0x279510f23|18|69484741637
39051|0x279510f23|19|146196344798
39051|0x279510f23|20|288741359662
39051|0x279510f23|21|535025487849
39051|0x2279510f23|22|1114466409150
39051|0x6279510f23|23|2211693375184
39051|0xe279510f23|24|4384346699096
39053|0xea45|1|236107
39053|0x2ea45|2|499090
39053|0x6ea45|3|1341682
39053|0xeea45|4|2568886
39053|0x1eea45|5|5179732
39053|0x3eea45|6|10266731
39053|0x7eea45|7|21222057
39053|0x7eea45|8|47127781
39053|0x17eea45|9|96851282
39053|0x37eea45|10|182885187
39053|0x37eea45|11|395431271
39053|0xb7eea45|12|683280068
39053|0x1b7eea45|13|1411779105
39053|0x1b7eea45|14|3360696107
39053|0x1b7eea45|15|6555971396
39053|0x9b7eea45|16|13259279504
39053|0x19b7eea45|17|27773840539
39053|0x39b7eea45|18|54930517250
39053|0x39b7eea45|19|112508666311
39053|0x39b7eea45|20|238981372216
39053|0x139b7eea45|21|452848039473
39053|0x339b7eea45|22|965092889179
39053|0x739b7eea45|23|2229528459480
39053|0x739b7eea45|24|3589161237357
39055|0x1866f|1|493290
39055|0x1866f|2|903798
39055|0x5866f|3|1863745
39055|0xd866f|4|3558849
39055|0xd866f|5|7428906
39055|0x2d866f|6|14835795
39055|0x6d866f|7|29601688
39055|0x6d866f|8|59287422
39055|0x16d866f|9|118843280
39055|0x16d866f|10|237554487
39055|0x56d866f|11|460562671
39055|0x56d866f|12|955816298
39055|0x156d866f|13|1922051706
39055|0x156d866f|14|3583293284
39055|0x156d866f|15|6814948332
39055|0x156d866f|16|13694379426
39055|0x1156d866f|17|27656446552
39055|0x1156d866f|18|55260100766
39055|0x5156d866f|19|144111191421
39055|0x5156d866f|20|245133545152
39055|0x15156d866f|21|440976317562
39055|0x15156d866f|22|902215871778
39055|0x15156d866f|23|2116251752755
39055|0x95156d866f|24|4117008122572
39057|0x2871|1|335446
39057|0x22871|2|803392
39057|0x62871|3|1639925
39057|0x62871|4|3395927
39057|0x62871|5|6800523
39057|0x62871|6|13939056
39057|0x62871|7|27560711
39057|0x862871|8|56009870
39057|0x862871|9|112515358
39057|0x862871|10|273876884
39057|0x4862871|11|578701015
39057|0xc862871|12|931685289
39057|0xc862871|13|1805914255
39057|0xc862871|14|3422658874
39057|0x4c862871|15|6669368852
39057|0x4c862871|16|13266808897
39057|0x14c862871|17|29570419987
39057|0x14c862871|18|68378629764
39057|0x54c862871|19|113178617288
39057|0x54c862871|20|237853066056
39057|0x154c862871|21|506823531756
39057|0x154c862871|22|931709753383
39057|0x154c862871|23|1867326261783
39057|0x954c862871|24|4663257726292
39059|0x459b|1|606806
39059|0x459b|2|1414252
39059|0x4459b|3|2191050
39059|0xc459b|4|4337199
39059|0xc459b|5|8738899
39059|0x2c459b|6|24231891
39059|0x6c459b|7|42331146
39059|0xec459b|8|88175436
39059|0x1ec459b|9|183170760
39059|0x1ec459b|10|354118482
39059|0x5ec459b|11|692942875
39059|0x5ec459b|12|1339075604
39059|0x15ec459b|13|2682427180
39059|0x35ec459b|14|5656541394
39059|0x75ec459b|15|10794701974
39059|0x75ec459b|16|21579647929
39059|0x75ec459b|17|38317995038
39059|0x75ec459b|18|64859945135
39059|0x75ec459b|19|107338139679
39059|0x875ec459b|20|229747937060
39059|0x875ec459b|21|468612007482
39059|0x2875ec459b|22|935880499911
39059|0x6875ec459b|23|1828758575485
39059|0x6875ec459b|24|3762338240002
39061|0x172bd|1|335324
39061|0x172bd|2|1988498
39061|0x172bd|3|1640220
39061|0x972bd|4|3388750
39061|0x972bd|5|7082828
39061|0x2972bd|6|14017404
39061|0x6972bd|7|27808628
39061|0xe972bd|8|61547289
39061|0xe972bd|9|146090529
39061|0xe972bd|10|322929082
39061|0x4e972bd|11|555297849
39061|0xce972bd|12|1207533644
39061|0xce972bd|13|1711620334
39061|0x2ce972bd|14|3820275819
39061|0x6ce972bd|15|7480257229
39061|0x6ce972bd|16|14449127640
39061|0x6ce972bd|17|30327686138
39061|0x26ce972bd|18|59346996839
39061|0x66ce972bd|19|109808944468
39061|0xe6ce972bd|20|247469442218
39061|0x1e6ce972bd|21|501683181604
39061|0x3e6ce972bd|22|1075925477192
39061|0x3e6ce972bd|23|2096822588610
39061|0x3e6ce972bd|24|4338739135940
39063|0x6727|1|671698
39063|0x6727|2|1452611
39063|0x46727|3|2261342
39063|0xc6727|4|4346965
39063|0x1c6727|5|8686227
39063|0x1c6727|6|20951003
39063|0x1c6727|7|49853296
39063|0x1c6727|8|91703897
39063|0x1c6727|9|197330512
39063|0x21c6727|10|386360840
39063|0x61c6727|11|754540061
39063|0xe1c6727|12|1454263714
39063|0x1e1c6727|13|2124134712
39063|0x3e1c6727|14|5612154210
39063|0x3e1c6727|15|10891431848
39063|0xbe1c6727|16|13546688819
39063|0x1be1c6727|17|31443836986
39063|0x1be1c6727|18|65948391224
39063|0x1be1c6727|19|126700106133
39063|0x9be1c6727|20|365490522046
39063|0x9be1c6727|21|677243232697
39063|0x29be1c6727|22|950813250423
39063|0x29be1c6727|23|2108704670803
39063|0xa9be1c6727|24|4807010996158
39065|0x3ba9|1|596934
39065|0x3ba9|2|1414424
39065|0x3ba9|3|2953276
39065|0x3ba9|4|6037737
39065|0x103ba9|5|12345563
39065|0x303ba9|6|24876061
39065|0x703ba9|7|49851358
39065|0xf03ba9|8|99728821
39065|0x1f03ba9|9|195924905
39065|0x1f03ba9|10|395065768
39065|0x5f03ba9|11|789946912
39065|0x5f03ba9|12|1591260746
39065|0x15f03ba9|13|3175210457
39065|0x15f03ba9|14|6373480320
39065|0x55f03ba9|15|12729629689
39065|0x55f03ba9|16|25462212805
39065|0x55f03ba9|17|50216052669
39065|0x255f03ba9|18|78813989867
39065|0x655f03ba9|19|119153369871
39065|0x655f03ba9|20|374138549679
39065|0x1655f03ba9|21|640934289905
39065|0x3655f03ba9|22|1251763977233
39065|0x3655f03ba9|23|2008046467362
39065|0xb655f03ba9|24|4023140769588
39067|0x18d93|1|267061
39067|0x18d93|2|514422
39067|0x18d93|3|1231081
39067|0x18d93|4|2589884
39067|0x18d93|5|5296615
39067|0x18d93|6|14487439
39067|0x18d93|7|29341868
39067|0x18d93|8|52863819
39067|0x1018d93|9|107947163
39067|0x1018d93|10|211865930
39067|0x1018d93|11|447548306
39067|0x9018d93|12|865022544
39067|0x9018d93|13|1903463425
39067|0x29018d93|14|3231613016
39067|0x69018d93|15|6447560722
39067|0xe9018d93|16|12805408727
39067|0xe9018d93|17|26784772984
39067|0x2e9018d93|18|65946731669
39067|0x6e9018d93|19|114892513402
39067|0xee9018d93|20|228848641731
39067|0xee9018d93|21|441595234909
39067|0x2ee9018d93|22|892538104704
39067|0x6ee9018d93|23|1862560334001
39067|0xeee9018d93|24|3716926125936
39069|0xadb5|1|235617
39069|0x2adb5|2|553776
39069|0x2adb5|3|1864025
39069|0xaadb5|4|3553418
39069|0x1aadb5|5|10204957
39069|0x1aadb5|6|14323977
39069|0x1aadb5|7|22754954
39069|0x9aadb5|8|45547371
39069|0x9aadb5|9|108824006
39069|0x29aadb5|10|211633617
39069|0x29aadb5|11|354576332
39069|0x29aadb5|12|831208382
39069|0x129aadb5|13|1481444123
39069|0x129aadb5|14|3388274855
39069|0x529aadb5|15|5611894641
39069|0xd29aadb5|16|12314534818
39069|0x1d29aadb5|17|23544040551
39069|0x3d29aadb5|18|47811588716
39069|0x7d29aadb5|19|110147011125
39069|0xfd29aadb5|20|223932490295
39069|0xfd29aadb5|21|431080882159
39069|0xfd29aadb5|22|835579137095
39069|0x4fd29aadb5|23|2082085843706
39069|0x4fd29aadb5|24|4649244742975
39071|0x835f|1|659770
39071|0x2835f|2|3513309
39071|0x2835f|3|2964431
39071|0x2835f|4|6093201
39071|0x12835f|5|12202801
39071|0x12835f|6|24569658
39071|0x12835f|7|49795539
39071|0x92835f|8|98598583
39071|0x192835f|9|199591577
39071|0x192835f|10|400317073
39071|0x192835f|11|794475302
39071|0x992835f|12|1588082200
39071|0x1992835f|13|3179093050
39071|0x3992835f|14|6355989090
39071|0x7992835f|15|12708586661
39071|0xf992835f|16|25412728368
39071|0xf992835f|17|26424727409
39071|0x2f992835f|18|69274549375
39071|0x2f992835f|19|97091510229
39071|0xaf992835f|20|287911271554
39071|0xaf992835f|21|705332920255
39071|0xaf992835f|22|1219620879294
39071|0xaf992835f|23|2255415611871
39071|0xaf992835f|24|4154823352450
39073|0x14b61|1|419015
39073|0x34b61|2|813595
39073|0x74b61|3|1675692
39073|0xf4b61|4|3427676
39073|0xf4b61|5|7079065
39073|0x2f4b61|6|13779689
39073|0x2f4b61|7|28243633
39073|0xaf4b61|8|56026301
39073|0x1af4b61|9|111630265
39073|0x1af4b61|10|226305966
39073|0x5af4b61|11|451039838
39073|0xdaf4b61|12|900396623
39073|0x1daf4b61|13|1800351892
39073|0x1daf4b61|14|3595769152
39073|0x5daf4b61|15|7198788067
39073|0x5daf4b61|16|14398956377
39073|0x15daf4b61|17|28318004071
39073|0x15daf4b61|18|77453987734
39073|0x55daf4b61|19|122382737161
39073|0x55daf4b61|20|283210581308
39073|0x55daf4b61|21|498480638469
39073|0x55daf4b61|22|999814137518
39073|0x55daf4b61|23|1919263128024
39073|0x55daf4b61|24|3909223732994
39075|0xdb0b|1|672282
39075|0x2db0b|2|1484132
39075|0x2db0b|3|2992035
39075|0x2db0b|4|6163121
39075|0x2db0b|5|9379643
39075|0x22db0b|6|20776854
39075|0x62db0b|7|44737459
39075|0x62db0b|8|86579773
39075|0x162db0b|9|182633600
39075|0x162db0b|10|338623897
39075|0x562db0b|11|709556418
39075|0x562db0b|12|1354769345
39075|0x562db0b|13|2837695732
39075|0x2562db0b|14|5696590239
39075|0x2562db0b|15|10695628856
39075|0xa562db0b|16|15018379752
39075|0xa562db0b|17|37020136949
39075|0xa562db0b|18|84473160981
39075|0x4a562db0b|19|117135953996
39075|0xca562db0b|20|339846194792
39075|0xca562db0b|21|542408300629
39075|0xca562db0b|22|1070224019405
39075|0x4ca562db0b|23|2145765921741
39075|0x4ca562db0b|24|4067585547513
39077|0x18f2d|1|422697
39077|0x18f2d|2|834915
39077|0x58f2d|3|1657703
39077|0xd8f2d|4|3746892
39077|0xd8f2d|5|7216573
39077|0xd8f2d|6|14853064
39077|0x4d8f2d|7|29722212
39077|0x4d8f2d|8|95216195
39077|0x14d8f2d|9|133890050
39077|0x14d8f2d|10|300934447
39077|0x54d8f2d|11|593438000
39077|0xd4d8f2d|12|1232934313
39077|0xd4d8f2d|13|2408111332
39077|0x2d4d8f2d|14|4804839614
39077|0x6d4d8f2d|15|7269295493
39077|0xed4d8f2d|16|15916023215
39077|0x1ed4d8f2d|17|25720944525
39077|0x1ed4d8f2d|18|70185020234
39077|0x5ed4d8f2d|19|148539890486
39077|0xded4d8f2d|20|268186336387
39077|0xded4d8f2d|21|469450010668
39077|0x2ded4d8f2d|22|930413121271
39077|0x2ded4d8f2d|23|2204979048589
39077|0xaded4d8f2d|24|4312592615338
39079|0x18f17|1|926201
39079|0x38f17|2|3493041
39079|0x38f17|3|2979009
39079|0xb8f17|4|6027348
39079|0xb8f17|5|12194228
39079|0xb8f17|6|24852387
39079|0xb8f17|7|29372210
39079|0x8b8f17|8|55139492
39079|0x8b8f17|9|155898779
39079|0x8b8f17|10|285134066
39079|0x8b8f17|11|584668206
39079|0x88b8f17|12|1131439267
39079|0x188b8f17|13|2302817767
39079|0x388b8f17|14|4558462257
39079|0x788b8f17|15|9045212654
39079|0xf88b8f17|16|13221050453
39079|0x1f88b8f17|17|29111799460
39079|0x1f88b8f17|18|61137693458
39079|0x5f88b8f17|19|110237920878
39079|0xdf88b8f17|20|298138350596
39079|0x1df88b8f17|21|507405453862
39079|0x3df88b8f17|22|1075412006814
39079|0x3df88b8f17|23|1840440425782
39079|0x3df88b8f17|24|3448674694413
39081|0x18b99|1|290174
39081|0x18b99|2|499330
39081|0x18b99|3|1195207
39081|0x98b99|4|2642891
39081|0x198b99|5|5145800
39081|0x198b99|6|10303038
39081|0x598b99|7|24855973
39081|0x598b99|8|59415889
39081|0x598b99|9|117575971
39081|0x2598b99|10|234969534
39081|0x2598b99|11|472405911
39081|0xa598b99|12|939843925
39081|0xa598b99|13|1497101441
39081|0xa598b99|14|2761075768
39081|0xa598b99|15|6041570981
39081|0xa598b99|16|13919109786
39081|0xa598b99|17|25387765899
39081|0xa598b99|18|52422336225
39081|0x40a598b99|19|110013537246
39081|0x40a598b99|20|223173093944
39081|0x140a598b99|21|436128520381
39081|0x340a598b99|22|990731534852
39081|0x340a598b99|23|2358260773833
39081|0xb40a598b99|24|3328789755921
39083|0xa203|1|353154
39083|0x2a203|2|900649
39083|0x6a203|3|1865373
39083|0x6a203|4|3514043
39083|0x6a203|5|7355034
39083|0x26a203|6|23882709
39083|0x26a203|7|49428541
39083|0x26a203|8|72015089
39083|0x26a203|9|134587596
39083|0x226a203|10|297477731
39083|0x226a203|11|618194737
39083|0x226a203|12|1180825149
39083|0x226a203|13|2647163544
39083|0x2226a203|14|4685803004
39083|0x6226a203|15|10468993443
39083|0xe226a203|16|13584154960
39083|0xe226a203|17|26095873618
39083|0x2e226a203|18|54295236096
39083|0x6e226a203|19|109416780346
39083|0x6e226a203|20|300174212032
39083|0x6e226a203|21|491371072035
39083|0x26e226a203|22|1178157651389
39083|0x66e226a203|23|2459780251404
39083|0x66e226a203|24|4724282956951
39085|0x8b25|1|336045
39085|0x8b25|2|792527
39085|0x48b25|3|1694111
39085|0x48b25|4|3604561
39085|0x148b25|5|7128717
39085|0x148b25|6|14444801
39085|0x148b25|7|20513960
39085|0x948b25|8|44400865
39085|0x1948b25|9|93416213
39085|0x1948b25|10|193078970
39085|0x5948b25|11|392140759
39085|0xd948b25|12|774255039
39085|0xd948b25|13|1757421360
39085|0x2d948b25|14|3140736102
39085|0x2d948b25|15|5892529317
39085|0x2d948b25|16|11761064933
39085|0x12d948b25|17|24733325455
39085|0x12d948b25|18|53362961703
39085|0x52d948b25|19|154972885541
39085|0x52d948b25|20|316827718185
39085|0x152d948b25|21|583942128429
39085|0x352d948b25|22|1250581463820
39085|0x352d948b25|23|2356768176511
39085|0x352d948b25|24|4645088997767
39087|0x1be4f|1|374720
39087|0x1be4f|2|804626
39087|0x1be4f|3|1657701
39087|0x1be4f|4|3430574
39087|0x11be4f|5|6845849
39087|0x31be4f|6|13978569
39087|0x31be4f|7|39711426
39087|0x31be4f|8|68988035
39087|0x131be4f|9|159683209
39087|0x331be4f|10|301664742
39087|0x331be4f|11|391632329
39087|0xb31be4f|12|709436594
39087|0x1b31be4f|13|1820889552
39087|0x3b31be4f|14|5000532995
39087|0x3b31be4f|15|9453827598
39087|0x3b31be4f|16|16257460923
39087|0x3b31be4f|17|27361559638
39087|0x23b31be4f|18|74595228099
39087|0x63b31be4f|19|129622430916
39087|0xe3b31be4f|20|310215492473
39087|0xe3b31be4f|21|580636306207
39087|0x2e3b31be4f|22|1202863626605
39087|0x6e3b31be4f|23|2050639414460
39087|0xee3b31be4f|24|4009136794518
39089|0xb051|1|351268
39089|0x2b051|2|909656
39089|0x6b051|3|1899200
39089|0x6b051|4|3536280
39089|0x16b051|5|7413221
39089|0x36b051|6|14441063
39089|0x36b051|7|20865987
39089|0xb6b051|8|55150341
39089|0x1b6b051|9|115485070
39089|0x1b6b051|10|195982572
39089|0x1b6b051|11|403722553
39089|0x9b6b051|12|878604609
39089|0x19b6b051|13|1741441319
39089|0x19b6b051|14|2999561353
39089|0x59b6b051|15|5665777411
39089|0xd9b6b051|16|12603713571
39089|0x1d9b6b051|17|28094202586
39089|0x1d9b6b051|18|99394636887
39089|0x5d9b6b051|19|198676391408
39089|0x5d9b6b051|20|349274843705
39089|0x15d9b6b051|21|509350065929
39089|0x35d9b6b051|22|1128288188024
39089|0x35d9b6b051|23|2084497930964
39089|0xb5d9b6b051|24|3817322479628
39091|0x1d67b|1|379849
39091|0x3d67b|2|900220
39091|0x3d67b|3|1860459
39091|0xbd67b|4|3611687
39091|0xbd67b|5|7338822
39091|0x2bd67b|6|14824923
39091|0x2bd67b|7|29743229
39091|0x2bd67b|8|59229576
39091|0x2bd67b|9|119917346
39091|0x22bd67b|10|238934069
39091|0x62bd67b|11|475260108
39091|0xe2bd67b|12|958648890
39091|0x1e2bd67b|13|1916308411
39091|0x3e2bd67b|14|3833915452
39091|0x3e2bd67b|15|7606865916
39091|0xbe2bd67b|16|14706439549
39091|0x1be2bd67b|17|26353910577
39091|0x3be2bd67b|18|58719417362
39091|0x3be2bd67b|19|127665256479
39091|0xbbe2bd67b|20|238284413379
39091|0xbbe2bd67b|21|453277039214
39091|0x2bbe2bd67b|22|1020988817236
39091|0x2bbe2bd67b|23|2163174888651
39091|0xabbe2bd67b|24|3737256098573
39093|0x1959d|1|660635
39093|0x1959d|2|1452853
39093|0x5959d|3|3029643
39093|0xd959d|4|6167212
39093|0x1d959d|5|12356191
39093|0x1d959d|6|24821804
39093|0x5d959d|7|49834393
39093|0x5d959d|8|98717593
39093|0x15d959d|9|199491092
39093|0x15d959d|10|395196512
39093|0x15d959d|11|798884347
39093|0x95d959d|12|1597508237
39093|0x195d959d|13|3178274591
39093|0x195d959d|14|6367786061
39093|0x195d959d|15|12728244702
39093|0x995d959d|16|25455038272
39093|0x995d959d|17|49855856851
39093|0x995d959d|18|98845527607
39093|0x4995d959d|19|198839802298
39093|0x4995d959d|20|333697063345
39093|0x14995d959d|21|492912261705
39093|0x34995d959d|22|982790818512
39093|0x74995d959d|23|2046765957154
39093|0xf4995d959d|24|4173455709953
39095|0x1c507|1|382964
39095|0x1c507|2|891674
39095|0x1c507|3|2193417
39095|0x1c507|4|4338845
39095|0x1c507|5|8713907
39095|0x1c507|6|21148022
39095|0x41c507|7|45715162
39095|0x41c507|8|77006511
39095|0x41c507|9|145290438
39095|0x41c507|10|279684814
39095|0x441c507|11|654498581
39095|0xc41c507|12|1138171446
39095|0x1c41c507|13|1439712827
39095|0x1c41c507|14|2673315445
39095|0x5c41c507|15|9139590321
39095|0x5c41c507|16|17875193602
39095|0x15c41c507|17|30522573538
39095|0x15c41c507|18|59963705757
39095|0x15c41c507|19|132818126498
39095|0x15c41c507|20|265067364681
39095|0x15c41c507|21|538362892361
39095|0x15c41c507|22|960105714358
39095|0x415c41c507|23|1979145214868
39095|0xc15c41c507|24|4245145389092
39097|0x1ed89|1|464602
39097|0x3ed89|2|900537
39097|0x3ed89|3|1810798
39097|0x3ed89|4|3614236
39097|0x3ed89|5|7342761
39097|0x23ed89|6|26844618
39097|0x23ed89|7|32661783
39097|0x23ed89|8|71329831
39097|0x123ed89|9|143984863
39097|0x123ed89|10|288257135
39097|0x123ed89|11|515452224
39097|0x923ed89|12|1154710990
39097|0x1923ed89|13|2405064911
39097|0x1923ed89|14|5211385137
39097|0x1923ed89|15|9891370559
39097|0x9923ed89|16|20527634309
39097|0x9923ed89|17|40408103966
39097|0x9923ed89|18|75427507325
39097|0x49923ed89|19|159837190021
39097|0x49923ed89|20|310341155402
39097|0x49923ed89|21|585695832401
39097|0x49923ed89|22|960237010017
39097|0x449923ed89|23|2205873247755
39097|0xc49923ed89|24|4228882124574
39099|0x1ec73|1|355712
39099|0x1ec73|2|2061571
39099|0x5ec73|3|1792802
39099|0xdec73|4|3402964
39099|0x1dec73|5|6825373
39099|0x1dec73|6|14016133
39099|0x5dec73|7|28379774
39099|0x5dec73|8|56627950
39099|0x15dec73|9|113413505
39099|0x15dec73|10|226734637
39099|0x55dec73|11|451942256
39099|0x55dec73|12|904371022
39099|0x155dec73|13|1804391438
39099|0x355dec73|14|3614132842
39099|0x755dec73|15|7217175008
39099|0xf55dec73|16|14457928463
39099|0x1f55dec73|17|36239302208
39099|0x3f55dec73|18|72222483941
39099|0x7f55dec73|19|111881194917
39099|0x7f55dec73|20|288304756158
39099|0x7f55dec73|21|556194062114
39099|0x7f55dec73|22|1057419425772
39099|0x7f55dec73|23|2028487095808
39099|0x87f55dec73|24|4643640039936
39101|0x2295|1|600770
39101|0x22295|2|1439342
39101|0x62295|3|2976339
39101|0x62295|4|6053793
39101|0x162295|5|12263527
39101|0x362295|6|21532328
39101|0x362295|7|38900688
39101|0xb62295|8|91397596
39101|0x1b62295|9|171694550
39101|0x1b62295|10|363299649
39101|0x1b62295|11|640386881
39101|0x9b62295|12|1353768363
39101|0x19b62295|13|1858832545
39101|0x39b62295|14|3414470591
39101|0x79b62295|15|7490224890
39101|0x79b62295|16|16620834065
39101|0x79b62295|17|32732864413
39101|0x279b62295|18|91862756857
39101|0x279b62295|19|124092575025
39101|0xa79b62295|20|229361087881
39101|0xa79b62295|21|531797502511
39101|0xa79b62295|22|1210201108113
39101|0xa79b62295|23|2376362862673
39101|0xa79b62295|24|5051752745866
39103|0xd73f|1|617049
39103|0x2d73f|2|1440184
39103|0x6d73f|3|3012024
39103|0xed73f|4|6119627
39103|0xed73f|5|12373714
39103|0x2ed73f|6|24953248
39103|0x6ed73f|7|49957013
39103|0xeed73f|8|63001069
39103|0xeed73f|9|145391962
39103|0x2eed73f|10|313371967
39103|0x2eed73f|11|643467258
39103|0x2eed73f|12|1358712398
39103|0x2eed73f|13|2581057440
39103|0x2eed73f|14|5389584720
39103|0x2eed73f|15|10377359956
39103|0x2eed73f|16|18549693910
39103|0x2eed73f|17|33206678822
39103|0x2eed73f|18|70531693711
39103|0x2eed73f|19|133843713084
39103|0x2eed73f|20|265869997135
39103|0x2eed73f|21|501578805227
39103|0x2eed73f|22|960010309217
39103|0x4002eed73f|23|1975962967838
39103|0xc002eed73f|24|4181868263641
39105|0x1f741|1|413478
39105|0x3f741|2|890589
39105|0x7f741|3|2157403
39105|0x7f741|4|4333053
39105|0x17f741|5|8682399
39105|0x37f741|6|24108825
39105|0x37f741|7|42404223
39105|0x37f741|8|89107210
39105|0x137f741|9|187365986
39105|0x337f741|10|280141345
39105|0x337f741|11|626064598
39105|0xb37f741|12|1357995643
39105|0x1b37f741|13|2727812057
39105|0x1b37f741|14|5233147024
39105|0x5b37f741|15|8943851775
39105|0x5b37f741|16|12997127556
39105|0x5b37f741|17|35280032331
39105|0x25b37f741|18|76538987334
39105|0x25b37f741|19|113106403895
39105|0x25b37f741|20|290282260020
39105|0x125b37f741|21|574736502566
39105|0x125b37f741|22|1139469761638
39105|0x125b37f741|23|2090843695813
39105|0x125b37f741|24|3746090111319
39107|0xd7eb|1|437903
39107|0xd7eb|2|2153575
39107|0xd7eb|3|1640367
39107|0x8d7eb|4|3718049
39107|0x18d7eb|5|7156618
39107|0x38d7eb|6|14888434
39107|0x38d7eb|7|29698357
39107|0xb8d7eb|8|59418594
39107|0x1b8d7eb|9|117105086
39107|0x1b8d7eb|10|235373385
39107|0x1b8d7eb|11|471346559
39107|0x1b8d7eb|12|870990761
39107|0x11b8d7eb|13|1835966356
39107|0x11b8d7eb|14|3600961919
39107|0x51b8d7eb|15|6674403715
39107|0x51b8d7eb|16|14840954570
39107|0x51b8d7eb|17|28701967801
39107|0x51b8d7eb|18|54103060784
39107|0x451b8d7eb|19|111313920546
39107|0x451b8d7eb|20|222896582481
39107|0x1451b8d7eb|21|435830774897
39107|0x1451b8d7eb|22|937806961448
39107|0x1451b8d7eb|23|1840365805048
39107|0x1451b8d7eb|24|3606132842682
39109|0x1260d|1|659855
39109|0x3260d|2|1495256
39109|0x7260d|3|2992304
39109|0xf260d|4|4508136
39109|0xf260d|5|8680583
39109|0xf260d|6|23474671
39109|0x4f260d|7|49871483
39109|0xcf260d|8|94720491
39109|0xcf260d|9|190747504
39109|0x2cf260d|10|380137586
39109|0x2cf260d|11|692159890
39109|0xacf260d|12|1154221274
39109|0x1acf260d|13|2072837839
39109|0x3acf260d|14|5572319363
39109|0x7acf260d|15|7369140149
39109|0xfacf260d|16|18166370996
39109|0xfacf260d|17|24276972273
39109|0xfacf260d|18|48245080586
39109|0x4facf260d|19|111561884752
39109|0x4facf260d|20|231880702660
39109|0x4facf260d|21|433994854707
39109|0x4facf260d|22|871983797068
39109|0x44facf260d|23|1987046231974
39109|0x44facf260d|24|3780743279090
39111|0xa8f7|1|624020
39111|0x2a8f7|2|1454322
39111|0x6a8f7|3|3031272
39111|0x6a8f7|4|6156534
39111|0x6a8f7|5|12425781
39111|0x6a8f7|6|18667373
39111|0x6a8f7|7|47013493
39111|0x86a8f7|8|98770398
39111|0x186a8f7|9|167762022
39111|0x186a8f7|10|372701464
39111|0x586a8f7|11|570160555
39111|0x586a8f7|12|763839249
39111|0x586a8f7|13|1591206317
39111|0x586a8f7|14|3124608096
39111|0x4586a8f7|15|9743795237
39111|0x4586a8f7|16|20758663046
39111|0x4586a8f7|17|31451043967
39111|0x24586a8f7|18|60321660175
39111|0x64586a8f7|19|107988478010
39111|0xe4586a8f7|20|216117773737
39111|0xe4586a8f7|21|436196963217
39111|0x2e4586a8f7|22|838558240981
39111|0x6e4586a8f7|23|1707877882154
39111|0x6e4586a8f7|24|3703781749147
39113|0x10179|1|232206
39113|0x30179|2|510840
39113|0x70179|3|1195080
39113|0x70179|4|2688646
39113|0x70179|5|7513657
39113|0x270179|6|10312918
39113|0x270179|7|25382271
39113|0xa70179|8|47174423
39113|0xa70179|9|89642860
39113|0xa70179|10|197867191
39113|0x4a70179|11|347825512
39113|0x4a70179|12|789580035
39113|0x14a70179|13|1561713761
39113|0x34a70179|14|3148378466
39113|0x34a70179|15|5921965221
39113|0xb4a70179|16|11631872640
39113|0x1b4a70179|17|30906874464
39113|0x3b4a70179|18|51512814800
39113|0x7b4a70179|19|109068418692
39113|0x7b4a70179|20|214349915555
39113|0x17b4a70179|21|462107574653
39113|0x37b4a70179|22|858667655315
39113|0x37b4a70179|23|1705443507542
39113|0x37b4a70179|24|4136810899351
39115|0x10ce3|1|256153
39115|0x10ce3|2|576862
39115|0x50ce3|3|1358181
39115|0xd0ce3|4|2486923
39115|0xd0ce3|5|5178805
39115|0xd0ce3|6|12187770
39115|0xd0ce3|7|18385607
39115|0xd0ce3|8|51856754
39115|0xd0ce3|9|104777168
39115|0x20d0ce3|10|203801542
39115|0x20d0ce3|11|393872327
39115|0x20d0ce3|12|844608625
39115|0x20d0ce3|13|1594733145
39115|0x220d0ce3|14|3366215548
39115|0x620d0ce3|15|8366188731
39115|0xe20d0ce3|16|14644908703
39115|0x1e20d0ce3|17|37160132340
39115|0x3e20d0ce3|18|57542966298
39115|0x7e20d0ce3|19|127672309885
39115|0xfe20d0ce3|20|222894087527
39115|0x1fe20d0ce3|21|466249995004
39115|0x1fe20d0ce3|22|857202997412
39115|0x1fe20d0ce3|23|2204757798090
39115|0x9fe20d0ce3|24|4232409426157
39117|0x11405|1|306369
39117|0x11405|2|535082
39117|0x11405|3|1195397
39117|0x11405|4|3400376
39117|0x11405|5|7284057
39117|0x11405|6|14485650
39117|0x411405|7|29117717
39117|0x411405|8|51793438
39117|0x411405|9|104662473
39117|0x411405|10|215123333
39117|0x411405|11|422935274
39117|0x8411405|12|831787465
39117|0x8411405|13|1653221066
39117|0x8411405|14|3180291502
39117|0x48411405|15|6374567928
39117|0xc8411405|16|15823102099
39117|0x1c8411405|17|41495179362
39117|0x1c8411405|18|63081890207
39117|0x5c8411405|19|154518885588
39117|0xdc8411405|20|292835381933
39117|0x1dc8411405|21|626696346061
39117|0x1dc8411405|22|1226433578166
39117|0x5dc8411405|23|2425911155834
39117|0x5dc8411405|24|4857656769738
