64515|0x8eab|1|267708
64515|0x28eab|2|783843
64515|0x28eab|3|1985178
64515|0xa8eab|4|3770638
64515|0x1a8eab|5|7467530
64515|0x1a8eab|6|15304960
64515|0x5a8eab|7|30708685
64515|0xda8eab|8|61638850
64515|0x1da8eab|9|124810725
64515|0x3da8eab|10|260049143
64515|0x3da8eab|11|520582587
64515|0x3da8eab|12|1038225105
64515|0x13da8eab|13|2038296038
64515|0x33da8eab|14|4149210747
64515|0x73da8eab|15|8286843368
64515|0xf3da8eab|16|20660758819
64515|0xf3da8eab|17|32985865513
64515|0x2f3da8eab|18|66212508438
64515|0x6f3da8eab|19|132555608327
64515|0x6f3da8eab|20|284324113595
64515|0x6f3da8eab|21|534361412485
64515|0x26f3da8eab|22|1071192141520
64515|0x26f3da8eab|23|2163445134923
64515|0xa6f3da8eab|24|4305484806485
64517|0x70cd|1|429780
64517|0x70cd|2|957182
64517|0x470cd|3|1864885
64517|0x470cd|4|4018264
64517|0x470cd|5|7866771
64517|0x2470cd|6|16087769
64517|0x6470cd|7|32305001
64517|0x6470cd|8|64511830
64517|0x16470cd|9|129341147
64517|0x36470cd|10|259098675
64517|0x36470cd|11|562773466
64517|0x36470cd|12|1038519265
64517|0x136470cd|13|2071577468
64517|0x136470cd|14|4145474742
64517|0x536470cd|15|8378332557
64517|0xd36470cd|16|16667750043
64517|0x1d36470cd|17|33075892950
64517|0x1d36470cd|18|66271676280
64517|0x1d36470cd|19|134344679621
64517|0x1d36470cd|20|266995539183
64517|0x1d36470cd|21|533219501005
64517|0x21d36470cd|22|1301757608942
64517|0x61d36470cd|23|2129138154078
64517|0x61d36470cd|24|4257791487151
64519|0x1b1b7|1|381020
64519|0x1b1b7|2|2264600
64519|0x5b1b7|3|2021932
64519|0xdb1b7|4|3880353
64519|0x1db1b7|5|7930999
64519|0x1db1b7|6|16066144
64519|0x5db1b7|7|32444882
64519|0xddb1b7|8|64636869
64519|0x1ddb1b7|9|129603084
64519|0x1ddb1b7|10|259394888
64519|0x1ddb1b7|11|520410130
64519|0x9ddb1b7|12|1039132127
64519|0x9ddb1b7|13|2015095074
64519|0x9ddb1b7|14|4131550493
64519|0x9ddb1b7|15|8293271791
64519|0x89ddb1b7|16|16592202868
64519|0x89ddb1b7|17|32977665995
64519|0x289ddb1b7|18|66833749035
64519|0x289ddb1b7|19|133736130857
64519|0xa89ddb1b7|20|269975272171
64519|0xa89ddb1b7|21|536170311144
64519|0xa89ddb1b7|22|1077073908140
64519|0xa89ddb1b7|23|2145849137785
64519|0xa89ddb1b7|24|5027272337197
64521|0x15239|1|680224
64521|0x15239|2|3843149
64521|0x55239|3|3225800
64521|0x55239|4|6556868
64521|0x55239|5|13305606
64521|0x255239|6|26765397
64521|0x655239|7|53769520
64521|0xe55239|8|107696341
64521|0x1e55239|9|215548762
64521|0x3e55239|10|431230279
64521|0x3e55239|11|863021244
64521|0x3e55239|12|1725631768
64521|0x3e55239|13|3452744243
64521|0x23e55239|14|6894861081
64521|0x23e55239|15|13764334699
64521|0x23e55239|16|27714463581
64521|0x123e55239|17|55230943266
64521|0x123e55239|18|111386827527
64521|0x123e55239|19|220409957149
64521|0x123e55239|20|442841428895
64521|0x123e55239|21|883440480038
64521|0x2123e55239|22|1771173015512
64521|0x2123e55239|23|3545170067175
64521|0xa123e55239|24|4956422175170
64523|0xafa3|1|381057
64523|0xafa3|2|885522
64523|0x4afa3|3|2032372
64523|0xcafa3|4|3876706
64523|0x1cafa3|5|7991228
64523|0x3cafa3|6|15989967
64523|0x3cafa3|7|32311805
64523|0xbcafa3|8|64591031
64523|0x1bcafa3|9|129550393
64523|0x1bcafa3|10|258900290
64523|0x1bcafa3|11|518088382
64523|0x1bcafa3|12|1036420943
64523|0x11bcafa3|13|2073705287
64523|0x11bcafa3|14|4158870797
64523|0x11bcafa3|15|8313177178
64523|0x91bcafa3|16|16621429279
64523|0x91bcafa3|17|33176009621
64523|0x91bcafa3|18|66373006825
64523|0x491bcafa3|19|132823740096
64523|0xc91bcafa3|20|265657068888
64523|0xc91bcafa3|21|530758357764
64523|0xc91bcafa3|22|1062438933213
64523|0xc91bcafa3|23|2126383596703
64523|0xc91bcafa3|24|4664065240702
64525|0x1b2c5|1|376709
64525|0x1b2c5|2|842577
64525|0x1b2c5|3|1941650
64525|0x1b2c5|4|3893257
64525|0x11b2c5|5|8172319
64525|0x31b2c5|6|16074384
64525|0x31b2c5|7|32369839
64525|0xb1b2c5|8|64878870
64525|0x1b1b2c5|9|130020849
64525|0x3b1b2c5|10|259969004
64525|0x7b1b2c5|11|519706370
64525|0x7b1b2c5|12|1039851994
64525|0x17b1b2c5|13|2079502330
64525|0x37b1b2c5|14|4158408921
64525|0x77b1b2c5|15|8316036376
64525|0x77b1b2c5|16|16614951024
64525|0x177b1b2c5|17|33307906175
64525|0x377b1b2c5|18|66431364021
64525|0x377b1b2c5|19|133409803834
64525|0x377b1b2c5|20|266790796192
64525|0x377b1b2c5|21|531660736564
64525|0x377b1b2c5|22|1071197322640
64525|0x377b1b2c5|23|2153038762566
64525|0x377b1b2c5|24|4289453045833
64527|0x72ef|1|378962
64527|0x272ef|2|852561
64527|0x272ef|3|1990343
64527|0xa72ef|4|3894722
64527|0xa72ef|5|8095356
64527|0xa72ef|6|16047516
64527|0x4a72ef|7|32357942
64527|0xca72ef|8|64751964
64527|0x1ca72ef|9|129766741
64527|0x1ca72ef|10|441655592
64527|0x5ca72ef|11|519028413
64527|0x5ca72ef|12|1036358394
64527|0x5ca72ef|13|2075035932
64527|0x25ca72ef|14|4150004878
64527|0x25ca72ef|15|8295171850
64527|0xa5ca72ef|16|16622463425
64527|0x1a5ca72ef|17|33628233198
64527|0x1a5ca72ef|18|66684851212
64527|0x5a5ca72ef|19|137813257417
64527|0xda5ca72ef|20|338718233584
64527|0xda5ca72ef|21|534002348893
64527|0xda5ca72ef|22|1070753527682
64527|0xda5ca72ef|23|2150013437890
64527|0xda5ca72ef|24|4298591407220
64529|0x174f1|1|386275
64529|0x374f1|2|854811
64529|0x374f1|3|2033246
64529|0xb74f1|4|3959881
64529|0xb74f1|5|8133725
64529|0x2b74f1|6|16118567
64529|0x2b74f1|7|32702170
64529|0x2b74f1|8|65317940
64529|0x2b74f1|9|130497229
64529|0x22b74f1|10|261149213
64529|0x62b74f1|11|522208471
64529|0x62b74f1|12|1040896086
64529|0x162b74f1|13|2077860766
64529|0x162b74f1|14|4146717336
64529|0x562b74f1|15|8512912039
64529|0xd62b74f1|16|16612687421
64529|0x1d62b74f1|17|33141569106
64529|0x3d62b74f1|18|67334599289
64529|0x7d62b74f1|19|134776734591
64529|0xfd62b74f1|20|268989297499
64529|0xfd62b74f1|21|539864454744
64529|0x2fd62b74f1|22|1070223430842
64529|0x2fd62b74f1|23|2141830784294
64529|0x2fd62b74f1|24|4413563744602
64531|0x2e1b|1|430558
64531|0x22e1b|2|877649
64531|0x62e1b|3|1833336
64531|0xe2e1b|4|4003417
64531|0x1e2e1b|5|8080733
64531|0x3e2e1b|6|16129483
64531|0x3e2e1b|7|32115213
64531|0x3e2e1b|8|64872602
64531|0x3e2e1b|9|129764391
64531|0x23e2e1b|10|259428667
64531|0x23e2e1b|11|519008679
64531|0x23e2e1b|12|1038090463
64531|0x23e2e1b|13|2071863949
64531|0x223e2e1b|14|4148785960
64531|0x623e2e1b|15|8304909200
64531|0xe23e2e1b|16|16629522822
64531|0xe23e2e1b|17|33147275445
64531|0x2e23e2e1b|18|66377944414
64531|0x6e23e2e1b|19|132906644237
64531|0xee23e2e1b|20|226966602939
64531|0x1ee23e2e1b|21|531235362384
64531|0x1ee23e2e1b|22|1072558823813
64531|0x1ee23e2e1b|23|2128375071199
64531|0x1ee23e2e1b|24|4260989021591
64533|0xf33d|1|434091
64533|0xf33d|2|851967
64533|0x4f33d|3|1867764
64533|0xcf33d|4|3992083
64533|0xcf33d|5|8063279
64533|0xcf33d|6|16116685
64533|0xcf33d|7|34947589
64533|0x8cf33d|8|64581849
64533|0x18cf33d|9|129630761
64533|0x18cf33d|10|259165853
64533|0x18cf33d|11|518522690
64533|0x18cf33d|12|1037695513
64533|0x18cf33d|13|2070896078
64533|0x218cf33d|14|4150674355
64533|0x218cf33d|15|8320380595
64533|0xa18cf33d|16|16599052585
64533|0xa18cf33d|17|33187564926
64533|0xa18cf33d|18|66413094504
64533|0x4a18cf33d|19|132919786646
64533|0xca18cf33d|20|265572009249
64533|0x1ca18cf33d|21|532072575463
64533|0x3ca18cf33d|22|1063340441552
64533|0x3ca18cf33d|23|2127220559773
64533|0x3ca18cf33d|24|4254566339342
64535|0x1fba7|1|426340
64535|0x3fba7|2|955297
64535|0x7fba7|3|1945937
64535|0x7fba7|4|3982904
64535|0x17fba7|5|7845101
64535|0x37fba7|6|16168127
64535|0x77fba7|7|32340973
64535|0xf7fba7|8|67319198
64535|0xf7fba7|9|129689257
64535|0x2f7fba7|10|259546347
64535|0x2f7fba7|11|518819326
64535|0x2f7fba7|12|1031882651
64535|0x2f7fba7|13|2076014642
64535|0x22f7fba7|14|4152786074
64535|0x62f7fba7|15|8304906909
64535|0x62f7fba7|16|16613668698
64535|0x162f7fba7|17|33215767821
64535|0x162f7fba7|18|66304875053
64535|0x562f7fba7|19|132957765808
64535|0xd62f7fba7|20|265954775376
64535|0xd62f7fba7|21|531655992895
64535|0x2d62f7fba7|22|1063457173981
64535|0x2d62f7fba7|23|2125453839672
64535|0xad62f7fba7|24|4251174289765
64537|0xa029|1|392021
64537|0xa029|2|842908
64537|0xa029|3|1962386
64537|0x8a029|4|3889558
64537|0x8a029|5|8117272
64537|0x8a029|6|16017698
64537|0x8a029|7|32203977
64537|0x88a029|8|64805957
64537|0x188a029|9|129683581
64537|0x188a029|10|259294185
64537|0x588a029|11|518594840
64537|0xd88a029|12|1037849397
64537|0x1d88a029|13|2079007172
64537|0x3d88a029|14|4150653965
64537|0x3d88a029|15|8302852320
64537|0xbd88a029|16|16601494532
64537|0x1bd88a029|17|33188418770
64537|0x3bd88a029|18|66565678212
64537|0x3bd88a029|19|132639200527
64537|0x3bd88a029|20|265838938248
64537|0x13bd88a029|21|531654470496
64537|0x13bd88a029|22|1063488599150
64537|0x13bd88a029|23|2119172420468
64537|0x93bd88a029|24|4389113538986
64539|0x7e13|1|380742
64539|0x7e13|2|957206
64539|0x7e13|3|2032982
64539|0x87e13|4|3978085
64539|0x87e13|5|7888781
64539|0x87e13|6|16136116
64539|0x87e13|7|32400307
64539|0x87e13|8|64624952
64539|0x1087e13|9|129664689
64539|0x1087e13|10|259525379
64539|0x1087e13|11|519249141
64539|0x9087e13|12|1037785910
64539|0x19087e13|13|2076734764
64539|0x19087e13|14|4152284359
64539|0x19087e13|15|8299382554
64539|0x19087e13|16|16620530788
64539|0x119087e13|17|33214363032
64539|0x319087e13|18|66475469923
64539|0x319087e13|19|132990452642
64539|0xb19087e13|20|265832044937
64539|0x1b19087e13|21|531655257020
64539|0x1b19087e13|22|1063669142526
64539|0x1b19087e13|23|2159492599998
64539|0x9b19087e13|24|4602418215156
64541|0x1a635|1|401407
64541|0x1a635|2|855146
64541|0x5a635|3|1893492
64541|0x5a635|4|3954273
64541|0x5a635|5|8175657
64541|0x5a635|6|16071394
64541|0x45a635|7|32212026
64541|0xc5a635|8|64834844
64541|0xc5a635|9|129479700
64541|0x2c5a635|10|259501946
64541|0x2c5a635|11|519275913
64541|0x2c5a635|12|1039516098
64541|0x2c5a635|13|2061270011
64541|0x22c5a635|14|3405179511
64541|0x22c5a635|15|8223778925
64541|0xa2c5a635|16|16608205331
64541|0x1a2c5a635|17|33233535910
64541|0x3a2c5a635|18|66570238936
64541|0x7a2c5a635|19|132946818783
64541|0xfa2c5a635|20|265866406970
64541|0xfa2c5a635|21|531594807066
64541|0xfa2c5a635|22|1064315193144
64541|0xfa2c5a635|23|2240772712031
64541|0xfa2c5a635|24|4249775183616
64543|0x17fdf|1|406630
64543|0x37fdf|2|955237
64543|0x77fdf|3|1993846
64543|0xf7fdf|4|3932069
64543|0xf7fdf|5|7905606
64543|0xf7fdf|6|16138091
64543|0x4f7fdf|7|32397216
64543|0xcf7fdf|8|64603569
64543|0x1cf7fdf|9|129548700
64543|0x3cf7fdf|10|264990291
64543|0x3cf7fdf|11|519244838
64543|0xbcf7fdf|12|1038574768
64543|0x1bcf7fdf|13|2065943405
64543|0x3bcf7fdf|14|4152427884
64543|0x3bcf7fdf|15|8306529477
64543|0xbbcf7fdf|16|16607054813
64543|0x1bbcf7fdf|17|33195677237
64543|0x3bbcf7fdf|18|66484244527
64543|0x7bbcf7fdf|19|132878840819
64543|0x7bbcf7fdf|20|265845018581
64543|0x17bbcf7fdf|21|531639990954
64543|0x17bbcf7fdf|22|1065290762572
64543|0x57bbcf7fdf|23|2127253821605
64543|0xd7bbcf7fdf|24|4269605426358
64545|0x187e1|1|377784
64545|0x187e1|2|842877
64545|0x587e1|3|1799936
64545|0xd87e1|4|3696246
64545|0xd87e1|5|7687397
64545|0xd87e1|6|15233574
64545|0xd87e1|7|38857758
64545|0x8d87e1|8|61205931
64545|0x8d87e1|9|122701904
64545|0x8d87e1|10|256757887
64545|0x48d87e1|11|496681536
64545|0xc8d87e1|12|981302486
64545|0x1c8d87e1|13|1962708357
64545|0x1c8d87e1|14|3924956113
64545|0x1c8d87e1|15|12876297955
64545|0x1c8d87e1|16|27692156435
64545|0x11c8d87e1|17|55328647925
64545|0x11c8d87e1|18|74389232334
64545|0x11c8d87e1|19|132933112883
64545|0x11c8d87e1|20|265913031036
64545|0x11c8d87e1|21|531348228058
64545|0x11c8d87e1|22|1121850923286
64545|0x411c8d87e1|23|2671562190931
64545|0xc11c8d87e1|24|4834838326738
64547|0x1938b|1|440317
64547|0x1938b|2|971756
64547|0x5938b|3|1992567
64547|0x5938b|4|3979245
64547|0x5938b|5|7889085
64547|0x5938b|6|16143490
64547|0x5938b|7|32340182
64547|0x5938b|8|64590844
64547|0x5938b|9|129625536
64547|0x205938b|10|259374265
64547|0x605938b|11|518955215
64547|0x605938b|12|1033343375
64547|0x1605938b|13|2076310960
64547|0x1605938b|14|4161727793
64547|0x1605938b|15|8306956168
64547|0x9605938b|16|19975135976
64547|0x9605938b|17|39866423184
64547|0x29605938b|18|79012095912
64547|0x29605938b|19|182451854357
64547|0xa9605938b|20|374926895868
64547|0xa9605938b|21|554216313398
64547|0x2a9605938b|22|1123217516990
64547|0x2a9605938b|23|3328841452830
64547|0xaa9605938b|24|4764054139753
64549|0xbfad|1|437540
64549|0x2bfad|2|853218
64549|0x6bfad|3|1873374
64549|0xebfad|4|3976805
64549|0x1ebfad|5|8074787
64549|0x3ebfad|6|16094517
64549|0x7ebfad|7|32144042
64549|0x7ebfad|8|64709342
64549|0x17ebfad|9|129410179
64549|0x17ebfad|10|259185209
64549|0x57ebfad|11|518301791
64549|0x57ebfad|12|1035623687
64549|0x157ebfad|13|2073560191
64549|0x357ebfad|14|4147224148
64549|0x357ebfad|15|8292304434
64549|0xb57ebfad|16|16602649412
64549|0x1b57ebfad|17|33184662628
64549|0x1b57ebfad|18|63867051499
64549|0x1b57ebfad|19|125783756086
64549|0x9b57ebfad|20|251880499536
64549|0x19b57ebfad|21|505076398173
64549|0x39b57ebfad|22|1008005172772
64549|0x39b57ebfad|23|2020012098705
64549|0x39b57ebfad|24|4378963263808
64551|0xb397|1|387011
64551|0xb397|2|2158269
64551|0x4b397|3|1795093
64551|0x4b397|4|3965699
64551|0x4b397|5|7482350
64551|0x4b397|6|16142300
64551|0x4b397|7|53749352
64551|0x84b397|8|73512052
64551|0x184b397|9|161236594
64551|0x184b397|10|288536902
64551|0x584b397|11|654182513
64551|0xd84b397|12|1250013421
64551|0x1d84b397|13|2506923870
64551|0x3d84b397|14|5038101408
64551|0x3d84b397|15|10067093348
64551|0x3d84b397|16|20305636422
64551|0x3d84b397|17|40198327074
64551|0x3d84b397|18|88003921349
64551|0x3d84b397|19|142182231823
64551|0x83d84b397|20|246813143277
64551|0x183d84b397|21|502670249950
64551|0x183d84b397|22|1182430634629
64551|0x583d84b397|23|2290068652087
64551|0x583d84b397|24|4362780654411
64553|0x6019|1|404823
64553|0x6019|2|843418
64553|0x6019|3|1919287
64553|0x86019|4|3934960
64553|0x186019|5|8182328
64553|0x186019|6|16103822
64553|0x186019|7|32480300
64553|0x986019|8|65076860
64553|0x1986019|9|130488221
64553|0x1986019|10|261174955
64553|0x1986019|11|520390388
64553|0x1986019|12|1043777305
64553|0x1986019|13|2085611627
64553|0x1986019|14|4172514606
64553|0x41986019|15|8343385061
64553|0xc1986019|16|16700965999
64553|0x1c1986019|17|33335909761
64553|0x3c1986019|18|66645275755
64553|0x7c1986019|19|157695831328
64553|0x7c1986019|20|316173390140
64553|0x17c1986019|21|512756957118
64553|0x37c1986019|22|1019705351498
64553|0x37c1986019|23|2127752545535
64553|0xb7c1986019|24|4473744267298
64555|0x1e283|1|387415
64555|0x3e283|2|855078
64555|0x3e283|3|1966008
64555|0x3e283|4|3929131
64555|0x3e283|5|8187655
64555|0x23e283|6|16080230
64555|0x23e283|7|32419226
64555|0x23e283|8|64763413
64555|0x123e283|9|129809094
64555|0x123e283|10|260153092
64555|0x523e283|11|519098891
64555|0x523e283|12|1040592768
64555|0x1523e283|13|2085319913
64555|0x3523e283|14|4163880989
64555|0x7523e283|15|8331010677
64555|0x7523e283|16|16710977110
64555|0x17523e283|17|33470326098
64555|0x37523e283|18|66478444835
64555|0x77523e283|19|132936607424
64555|0x77523e283|20|437656768862
64555|0x177523e283|21|564351599585
64555|0x177523e283|22|1083109356130
64555|0x577523e283|23|2245127279385
64555|0x577523e283|24|4451708093651
64557|0xb3a5|1|395784
64557|0x2b3a5|2|997385
64557|0x2b3a5|3|2015411
64557|0x2b3a5|4|3923872
64557|0x12b3a5|5|7940175
64557|0x32b3a5|6|16137025
64557|0x72b3a5|7|32445497
64557|0x72b3a5|8|64677009
64557|0x172b3a5|9|129503746
64557|0x372b3a5|10|259358344
64557|0x772b3a5|11|517308585
64557|0xf72b3a5|12|1038217354
64557|0xf72b3a5|13|2081411695
64557|0x2f72b3a5|14|4162176094
64557|0x6f72b3a5|15|8320401892
64557|0xef72b3a5|16|16650753975
64557|0x1ef72b3a5|17|33244608110
64557|0x1ef72b3a5|18|66443293640
64557|0x5ef72b3a5|19|132956471282
64557|0x5ef72b3a5|20|266100784134
64557|0x5ef72b3a5|21|531571593871
64557|0x5ef72b3a5|22|1075431790886
64557|0x45ef72b3a5|23|2127040817038
64557|0x45ef72b3a5|24|4345460082112
64559|0x1cacf|1|376086
64559|0x1cacf|2|2140374
64559|0x1cacf|3|1799477
64559|0x9cacf|4|3684055
64559|0x19cacf|5|7430804
64559|0x39cacf|6|15238109
64559|0x79cacf|7|30136589
64559|0x79cacf|8|60515902
64559|0x79cacf|9|157939434
64559|0x279cacf|10|318004889
64559|0x279cacf|11|605159729
64559|0xa79cacf|12|1259996331
64559|0x1a79cacf|13|2491939401
64559|0x1a79cacf|14|5018805832
64559|0x5a79cacf|15|10101217087
64559|0xda79cacf|16|22448778958
64559|0xda79cacf|17|46091247932
64559|0xda79cacf|18|87884397513
64559|0xda79cacf|19|203230151231
64559|0x8da79cacf|20|265710125299
64559|0x18da79cacf|21|532102022752
64559|0x38da79cacf|22|1062811035344
64559|0x38da79cacf|23|2146478440839
64559|0xb8da79cacf|24|4307733973927
64561|0xdcd1|1|667804
64561|0xdcd1|2|3892692
64561|0xdcd1|3|3214781
64561|0x8dcd1|4|6598665
64561|0x18dcd1|5|12674587
64561|0x38dcd1|6|15229816
64561|0x78dcd1|7|30300454
64561|0xf8dcd1|8|79118112
64561|0x1f8dcd1|9|146002443
64561|0x3f8dcd1|10|323637317
64561|0x7f8dcd1|11|627565058
64561|0x7f8dcd1|12|1240384072
64561|0x7f8dcd1|13|2526774173
64561|0x7f8dcd1|14|4979358124
64561|0x7f8dcd1|15|10088488591
64561|0x87f8dcd1|16|19951504764
64561|0x187f8dcd1|17|26669528447
64561|0x187f8dcd1|18|52990385077
64561|0x587f8dcd1|19|128453123072
64561|0xd87f8dcd1|20|264711643934
64561|0x1d87f8dcd1|21|531352193624
64561|0x1d87f8dcd1|22|1064208759889
64561|0x1d87f8dcd1|23|2128656274516
64561|0x9d87f8dcd1|24|4244595004187
64563|0x5efb|1|690346
64563|0x25efb|2|1558409
64563|0x25efb|3|3232370
64563|0xa5efb|4|6579928
64563|0x1a5efb|5|13365272
64563|0x1a5efb|6|26816554
64563|0x5a5efb|7|34251431
64563|0xda5efb|8|64979080
64563|0x1da5efb|9|168088136
64563|0x1da5efb|10|333273324
64563|0x5da5efb|11|631382498
64563|0x5da5efb|12|1278964246
64563|0x5da5efb|13|3390222632
64563|0x25da5efb|14|6912716716
64563|0x25da5efb|15|13825536728
64563|0xa5da5efb|16|27643221122
64563|0xa5da5efb|17|55191079520
64563|0xa5da5efb|18|94644099994
64563|0x4a5da5efb|19|145286858211
64563|0x4a5da5efb|20|266022534841
64563|0x14a5da5efb|21|531169244289
64563|0x34a5da5efb|22|1061647846012
64563|0x74a5da5efb|23|2173699088134
64563|0xf4a5da5efb|24|4249930467894
64565|0x1761d|1|439209
64565|0x3761d|2|842656
64565|0x7761d|3|1880214
64565|0x7761d|4|3967545
64565|0x17761d|5|8112027
64565|0x37761d|6|16114089
64565|0x77761d|7|32205682
64565|0x77761d|8|64803518
64565|0x177761d|9|129820847
64565|0x377761d|10|260065063
64565|0x377761d|11|519802462
64565|0x377761d|12|1040628818
64565|0x1377761d|13|2080950125
64565|0x3377761d|14|4159839085
64565|0x7377761d|15|8320292238
64565|0xf377761d|16|16642352745
64565|0xf377761d|17|33239472398
64565|0xf377761d|18|66305766272
64565|0x4f377761d|19|132985668714
64565|0x4f377761d|20|265861289336
64565|0x14f377761d|21|531192891596
64565|0x14f377761d|22|1064118295265
64565|0x14f377761d|23|2125519772083
64565|0x14f377761d|24|4261179378573
64567|0x17987|1|438783
64567|0x37987|2|971884
64567|0x37987|3|1907768
64567|0x37987|4|4049320
64567|0x37987|5|7933312
64567|0x237987|6|16191665
64567|0x637987|7|32325140
64567|0x637987|8|64738840
64567|0x1637987|9|129529771
64567|0x1637987|10|259421971
64567|0x1637987|11|521358577
64567|0x9637987|12|1037659072
64567|0x19637987|13|2075999125
64567|0x39637987|14|4152314014
64567|0x79637987|15|8302324490
64567|0x79637987|16|16459084317
64567|0x79637987|17|33353336091
64567|0x79637987|18|66546651768
64567|0x79637987|19|132588446693
64567|0x879637987|20|265716046795
64567|0x1879637987|21|531167884884
64567|0x1879637987|22|1064884475571
64567|0x5879637987|23|2129802480584
64567|0xd879637987|24|4344062384359
64569|0x3209|1|442116
64569|0x3209|2|1001824
64569|0x43209|3|1902348
64569|0x43209|4|4065669
64569|0x143209|5|7930268
64569|0x143209|6|16237863
64569|0x543209|7|32367873
64569|0x543209|8|64951835
64569|0x543209|9|129896229
64569|0x543209|10|260268130
64569|0x4543209|11|520240094
64569|0xc543209|12|1041473220
64569|0xc543209|13|2085012802
64569|0x2c543209|14|4156315819
64569|0x6c543209|15|8347741492
64569|0x6c543209|16|16665832092
64569|0x16c543209|17|33307839010
64569|0x16c543209|18|66464567422
64569|0x56c543209|19|132934082147
64569|0xd6c543209|20|265661121933
64569|0xd6c543209|21|591585845331
64569|0x2d6c543209|22|1063278674299
64569|0x6d6c543209|23|2127581401620
64569|0x6d6c543209|24|4253628323470
64571|0x7cf3|1|438407
64571|0x7cf3|2|946348
64571|0x47cf3|3|1811534
64571|0xc7cf3|4|4059639
64571|0xc7cf3|5|8064459
64571|0x2c7cf3|6|16242094
64571|0x6c7cf3|7|32329457
64571|0x6c7cf3|8|64844638
64571|0x6c7cf3|9|130010855
64571|0x6c7cf3|10|259959868
64571|0x46c7cf3|11|520084112
64571|0x46c7cf3|12|1040278343
64571|0x146c7cf3|13|2079851117
64571|0x146c7cf3|14|4161621381
64571|0x146c7cf3|15|8341842802
64571|0x946c7cf3|16|16651661653
64571|0x1946c7cf3|17|33195488668
64571|0x1946c7cf3|18|66467654735
64571|0x1946c7cf3|19|133208711651
64571|0x9946c7cf3|20|266017473661
64571|0x19946c7cf3|21|531470077676
64571|0x19946c7cf3|22|1063479749798
64571|0x19946c7cf3|23|2126569212238
64571|0x19946c7cf3|24|4253070729289
64573|0x7b15|1|373238
64573|0x27b15|2|863895
64573|0x27b15|3|2043251
64573|0x27b15|4|3890598
64573|0x27b15|5|8016250
64573|0x27b15|6|16031798
64573|0x427b15|7|32319491
64573|0x427b15|8|64623145
64573|0x1427b15|9|129576051
64573|0x3427b15|10|256341455
64573|0x3427b15|11|518524427
64573|0xb427b15|12|1036985169
64573|0xb427b15|13|2074958330
64573|0x2b427b15|14|4144957545
64573|0x6b427b15|15|8293384811
64573|0x6b427b15|16|16598201408
64573|0x16b427b15|17|33201788010
64573|0x16b427b15|18|66426253795
64573|0x56b427b15|19|132977275497
64573|0x56b427b15|20|265648711906
64573|0x56b427b15|21|531540949058
64573|0x256b427b15|22|1062280926231
64573|0x256b427b15|23|2129756621059
64573|0xa56b427b15|24|4253931132201
64575|0xf3bf|1|392138
64575|0xf3bf|2|869683
64575|0x4f3bf|3|2008756
64575|0xcf3bf|4|3899448
64575|0xcf3bf|5|8094610
64575|0x2cf3bf|6|16076391
64575|0x2cf3bf|7|32295825
64575|0x2cf3bf|8|60991107
64575|0x12cf3bf|9|129706587
64575|0x32cf3bf|10|259300489
64575|0x32cf3bf|11|518674120
64575|0xb2cf3bf|12|1038441844
64575|0xb2cf3bf|13|2075825423
64575|0xb2cf3bf|14|4153301424
64575|0xb2cf3bf|15|8301310578
64575|0xb2cf3bf|16|16605632395
64575|0x10b2cf3bf|17|33205644183
64575|0x30b2cf3bf|18|66479828427
64575|0x30b2cf3bf|19|132952496867
64575|0x30b2cf3bf|20|265832968926
64575|0x30b2cf3bf|21|531377901712
64575|0x30b2cf3bf|22|1063826835005
64575|0x430b2cf3bf|23|2314972520994
64575|0xc30b2cf3bf|24|4395957491485
64577|0x113c1|1|390035
64577|0x113c1|2|855073
64577|0x113c1|3|1934485
64577|0x913c1|4|3903125
64577|0x913c1|5|6137756
64577|0x913c1|6|14001724
64577|0x4913c1|7|21673531
64577|0x4913c1|8|59329882
64577|0x4913c1|9|116280059
64577|0x24913c1|10|226048323
64577|0x64913c1|11|445357425
64577|0xe4913c1|12|885275983
64577|0x1e4913c1|13|1738120226
64577|0x3e4913c1|14|3666407322
64577|0x7e4913c1|15|6901516569
64577|0x7e4913c1|16|14559730187
64577|0x7e4913c1|17|28653711796
64577|0x7e4913c1|18|60364653409
64577|0x7e4913c1|19|154268792834
64577|0x7e4913c1|20|347526965679
64577|0x107e4913c1|21|541521999666
64577|0x107e4913c1|22|1034890762739
64577|0x107e4913c1|23|2186553191101
64577|0x907e4913c1|24|4537063223686
64579|0x306b|1|485513
64579|0x2306b|2|2153387
64579|0x6306b|3|1994726
64579|0xe306b|4|3832916
64579|0xe306b|5|8126919
64579|0x2e306b|6|16003195
64579|0x6e306b|7|32022125
64579|0xee306b|8|64059564
64579|0xee306b|9|128296894
64579|0x2ee306b|10|255618400
64579|0x6ee306b|11|514697051
64579|0xeee306b|12|1068373633
64579|0xeee306b|13|3305809473
64579|0x2eee306b|14|5239377289
64579|0x6eee306b|15|10375194482
64579|0xeeee306b|16|20800748125
64579|0x1eeee306b|17|41656925740
64579|0x1eeee306b|18|84305405998
64579|0x5eeee306b|19|178003724326
64579|0x5eeee306b|20|407075004956
64579|0x5eeee306b|21|633595330114
64579|0x5eeee306b|22|1279363017123
64579|0x45eeee306b|23|2368339308836
64579|0xc5eeee306b|24|4644909431365
64581|0xb68d|1|439690
64581|0xb68d|2|948598
64581|0x4b68d|3|1816063
64581|0xcb68d|4|4017956
64581|0xcb68d|5|7773280
64581|0x2cb68d|6|16049457
64581|0x6cb68d|7|32043230
64581|0x6cb68d|8|64427170
64581|0x16cb68d|9|128626680
64581|0x36cb68d|10|257597514
64581|0x36cb68d|11|517623965
64581|0x36cb68d|12|1029887737
64581|0x136cb68d|13|2059334627
64581|0x136cb68d|14|4172691645
64581|0x536cb68d|15|8262510574
64581|0xd36cb68d|16|16630274829
64581|0xd36cb68d|17|33188966870
64581|0xd36cb68d|18|66483050288
64581|0xd36cb68d|19|134460556990
64581|0x8d36cb68d|20|342830754556
64581|0x8d36cb68d|21|689913873680
64581|0x8d36cb68d|22|1230343762355
64581|0x8d36cb68d|23|2325842532732
64581|0x88d36cb68d|24|4553112840530
64583|0x1ed77|1|445402
64583|0x3ed77|2|923986
64583|0x3ed77|3|1779819
64583|0xbed77|4|4053115
64583|0x1bed77|5|8077947
64583|0x1bed77|6|16189527
64583|0x1bed77|7|32314606
64583|0x9bed77|8|65075970
64583|0x19bed77|9|130362131
64583|0x19bed77|10|261476305
64583|0x19bed77|11|521120649
64583|0x19bed77|12|1043763906
64583|0x119bed77|13|2085887884
64583|0x319bed77|14|4152163588
64583|0x719bed77|15|8341371750
64583|0x719bed77|16|16491694397
64583|0x1719bed77|17|33260447782
64583|0x1719bed77|18|66294846178
64583|0x5719bed77|19|132747295698
64583|0xd719bed77|20|265059848296
64583|0x1d719bed77|21|531113786195
64583|0x1d719bed77|22|1051332714777
64583|0x1d719bed77|23|2146918497955
64583|0x1d719bed77|24|4689548500280
64585|0x1b5f9|1|244342
64585|0x3b5f9|2|504431
64585|0x3b5f9|3|1235443
64585|0x3b5f9|4|2830360
64585|0x13b5f9|5|5333238
64585|0x13b5f9|6|10699122
64585|0x53b5f9|7|31184401
64585|0x53b5f9|8|69808167
64585|0x153b5f9|9|127974330
64585|0x153b5f9|10|257445198
64585|0x153b5f9|11|515480491
64585|0x953b5f9|12|1197362669
64585|0x1953b5f9|13|2835129914
64585|0x3953b5f9|14|4780442995
64585|0x7953b5f9|15|9956018917
64585|0x7953b5f9|16|16036392928
64585|0x17953b5f9|17|34645981318
64585|0x37953b5f9|18|75023984741
64585|0x77953b5f9|19|133882734307
64585|0x77953b5f9|20|277915339181
64585|0x177953b5f9|21|599811431461
64585|0x377953b5f9|22|1179421434802
64585|0x777953b5f9|23|2331580389179
64585|0xf77953b5f9|24|4332295306714
64587|0x1ed63|1|273938
64587|0x3ed63|2|569112
64587|0x7ed63|3|1311153
64587|0x7ed63|4|2581759
64587|0x7ed63|5|6661291
64587|0x7ed63|6|11284945
64587|0x7ed63|7|24396235
64587|0x7ed63|8|63420157
64587|0x7ed63|9|112808598
64587|0x7ed63|10|234814990
64587|0x7ed63|11|470214292
64587|0x7ed63|12|920643705
64587|0x1007ed63|13|1777754781
64587|0x1007ed63|14|3863459565
64587|0x1007ed63|15|6932221116
64587|0x9007ed63|16|15208348783
64587|0x9007ed63|17|30243788546
64587|0x29007ed63|18|60115110512
64587|0x29007ed63|19|125132562422
64587|0xa9007ed63|20|259107378253
64587|0xa9007ed63|21|567278026749
64587|0x2a9007ed63|22|1160448392827
64587|0x6a9007ed63|23|2173041846850
64587|0x6a9007ed63|24|4421404335595
64589|0x9c85|1|388127
64589|0x29c85|2|855236
64589|0x69c85|3|1827524
64589|0x69c85|4|3712887
64589|0x169c85|5|7716653
64589|0x369c85|6|15285980
64589|0x369c85|7|30653747
64589|0xb69c85|8|79115643
64589|0x1b69c85|9|142984788
64589|0x3b69c85|10|323364157
64589|0x3b69c85|11|745131155
64589|0x3b69c85|12|1501352749
64589|0x3b69c85|13|2983062761
64589|0x23b69c85|14|4836727597
64589|0x23b69c85|15|8289608356
64589|0xa3b69c85|16|20934650511
64589|0x1a3b69c85|17|33884310794
64589|0x3a3b69c85|18|76800581848
64589|0x3a3b69c85|19|131396231646
64589|0x3a3b69c85|20|263979496291
64589|0x3a3b69c85|21|554691474855
64589|0x3a3b69c85|22|1120576829685
64589|0x43a3b69c85|23|2070628012207
64589|0xc3a3b69c85|24|4192487268219
64591|0x9aaf|1|375965
64591|0x9aaf|2|1094909
64591|0x49aaf|3|1781836
64591|0x49aaf|4|3687124
64591|0x149aaf|5|7634652
64591|0x349aaf|6|22332965
64591|0x349aaf|7|53878069
64591|0xb49aaf|8|101897688
64591|0xb49aaf|9|176643797
64591|0xb49aaf|10|309382155
64591|0xb49aaf|11|694435415
64591|0xb49aaf|12|1239373331
64591|0xb49aaf|13|1746303624
64591|0xb49aaf|14|3362984491
64591|0xb49aaf|15|10643219337
64591|0xb49aaf|16|21896813855
64591|0xb49aaf|17|32014385414
64591|0x200b49aaf|18|78573765981
64591|0x200b49aaf|19|139356637444
64591|0x200b49aaf|20|381398692956
64591|0x1200b49aaf|21|620832624568
64591|0x1200b49aaf|22|1089300023380
64591|0x5200b49aaf|23|2147810424228
64591|0x5200b49aaf|24|4163395648115
64593|0x1ccb1|1|476530
64593|0x1ccb1|2|876547
64593|0x1ccb1|3|1822480
64593|0x1ccb1|4|3987886
64593|0x11ccb1|5|7933154
64593|0x31ccb1|6|16052416
64593|0x71ccb1|7|30887722
64593|0xf1ccb1|8|57699592
64593|0xf1ccb1|9|114389204
64593|0x2f1ccb1|10|226536533
64593|0x6f1ccb1|11|453611673
64593|0xef1ccb1|12|918297017
64593|0xef1ccb1|13|1813639666
64593|0xef1ccb1|14|4148718898
64593|0x4ef1ccb1|15|7953950415
64593|0x4ef1ccb1|16|17614231596
64593|0x14ef1ccb1|17|36089930911
64593|0x14ef1ccb1|18|70539336045
64593|0x14ef1ccb1|19|151315566205
64593|0x14ef1ccb1|20|243396194537
64593|0x14ef1ccb1|21|571619362901
64593|0x214ef1ccb1|22|1062773345297
64593|0x614ef1ccb1|23|2267663565109
64593|0xe14ef1ccb1|24|4499095555384
64595|0xa7db|1|437513
64595|0x2a7db|2|948836
64595|0x2a7db|3|1823548
64595|0xaa7db|4|3675094
64595|0x1aa7db|5|7468132
64595|0x3aa7db|6|15297839
64595|0x7aa7db|7|30588535
64595|0x7aa7db|8|61285583
64595|0x17aa7db|9|103736921
64595|0x17aa7db|10|186526284
64595|0x17aa7db|11|402386721
64595|0x97aa7db|12|832764860
64595|0x197aa7db|13|2241968566
64595|0x197aa7db|14|4047375727
64595|0x197aa7db|15|8253580482
64595|0x197aa7db|16|17252453763
64595|0x1197aa7db|17|35034441159
64595|0x1197aa7db|18|63667543552
64595|0x1197aa7db|19|142814233299
64595|0x1197aa7db|20|282037095293
64595|0x11197aa7db|21|588044592607
64595|0x31197aa7db|22|1162269369573
64595|0x31197aa7db|23|2414087369156
64595|0x31197aa7db|24|4504233063500
64597|0x20fd|1|469801
64597|0x20fd|2|913265
64597|0x420fd|3|1791020
64597|0xc20fd|4|3114544
64597|0xc20fd|5|5335987
64597|0xc20fd|6|11711707
64597|0xc20fd|7|32020065
64597|0x8c20fd|8|57471242
64597|0x18c20fd|9|111789175
64597|0x18c20fd|10|232471740
64597|0x58c20fd|11|437157798
64597|0xd8c20fd|12|867286090
64597|0x1d8c20fd|13|1701457927
64597|0x1d8c20fd|14|3812096650
64597|0x5d8c20fd|15|7449891329
64597|0x5d8c20fd|16|14156445050
64597|0x15d8c20fd|17|29499662970
64597|0x35d8c20fd|18|74853142285
64597|0x75d8c20fd|19|217019610793
64597|0xf5d8c20fd|20|263607707574
64597|0x1f5d8c20fd|21|507053410023
64597|0x1f5d8c20fd|22|1062730063364
64597|0x1f5d8c20fd|23|2305239267891
64597|0x9f5d8c20fd|24|4357655507806
64599|0x1af67|1|376614
64599|0x1af67|2|2259663
64599|0x5af67|3|2024151
64599|0xdaf67|4|3893797
64599|0x1daf67|5|7932013
64599|0x1daf67|6|15990001
64599|0x5daf67|7|31998529
64599|0xddaf67|8|64224548
64599|0xddaf67|9|128853178
64599|0xddaf67|10|265479726
64599|0x4ddaf67|11|515498668
64599|0x4ddaf67|12|1040201028
64599|0x4ddaf67|13|2007367632
64599|0x24ddaf67|14|3581501832
64599|0x64ddaf67|15|8122252498
64599|0xe4ddaf67|16|15244079756
64599|0xe4ddaf67|17|32280526122
64599|0xe4ddaf67|18|75947639030
64599|0xe4ddaf67|19|121974980581
64599|0x8e4ddaf67|20|241510437701
64599|0x18e4ddaf67|21|513248403027
64599|0x18e4ddaf67|22|1017171475324
64599|0x58e4ddaf67|23|2328803496146
64599|0xd8e4ddaf67|24|4587634370008
64601|0x8be9|1|245723
64601|0x28be9|2|504628
64601|0x68be9|3|1253500
64601|0x68be9|4|2490540
64601|0x68be9|5|6957297
64601|0x68be9|6|17766303
64601|0x68be9|7|24567631
64601|0x68be9|8|53302966
64601|0x68be9|9|102787548
64601|0x68be9|10|199261346
64601|0x4068be9|11|399784850
64601|0xc068be9|12|816903430
64601|0xc068be9|13|1576011336
64601|0x2c068be9|14|3319543253
64601|0x6c068be9|15|6403629549
64601|0x6c068be9|16|16667327772
64601|0x6c068be9|17|35161856143
64601|0x6c068be9|18|65063286404
64601|0x46c068be9|19|137597051603
64601|0x46c068be9|20|261000606875
64601|0x46c068be9|21|495061058968
64601|0x246c068be9|22|1010165958966
64601|0x246c068be9|23|2245846169086
64601|0x246c068be9|24|4364916962660
64603|0x1d3d3|1|246297
64603|0x3d3d3|2|504393
64603|0x3d3d3|3|1296580
64603|0x3d3d3|4|3109568
64603|0x3d3d3|5|7877727
64603|0x23d3d3|6|15979951
64603|0x63d3d3|7|25680090
64603|0x63d3d3|8|56982711
64603|0x63d3d3|9|121670949
64603|0x63d3d3|10|233906655
64603|0x63d3d3|11|462545137
64603|0x863d3d3|12|889316008
64603|0x863d3d3|13|1739518207
64603|0x863d3d3|14|3427656486
64603|0x4863d3d3|15|7793079668
64603|0x4863d3d3|16|15047617678
64603|0x4863d3d3|17|28960201992
64603|0x4863d3d3|18|61583941769
64603|0x44863d3d3|19|121288038353
64603|0xc4863d3d3|20|244227596050
64603|0xc4863d3d3|21|504616060650
64603|0x2c4863d3d3|22|1013911509003
64603|0x2c4863d3d3|23|2112565614406
64603|0x2c4863d3d3|24|4342073132730
64605|0xb7f5|1|413772
64605|0xb7f5|2|842768
64605|0xb7f5|3|1882207
64605|0x8b7f5|4|3949414
64605|0x8b7f5|5|8096686
64605|0x8b7f5|6|16123056
64605|0x48b7f5|7|32212484
64605|0xc8b7f5|8|64878343
64605|0xc8b7f5|9|129675396
64605|0x2c8b7f5|10|259595554
64605|0x2c8b7f5|11|518800476
64605|0xac8b7f5|12|1038794699
64605|0xac8b7f5|13|2085030115
64605|0xac8b7f5|14|4865693293
64605|0xac8b7f5|15|7516839117
64605|0x8ac8b7f5|16|14605866500
64605|0x8ac8b7f5|17|29954307531
64605|0x8ac8b7f5|18|58854664738
64605|0x8ac8b7f5|19|116797212333
64605|0x8ac8b7f5|20|246230927176
64605|0x108ac8b7f5|21|540328071560
64605|0x308ac8b7f5|22|1131600900052
64605|0x708ac8b7f5|23|2100066178465
64605|0xf08ac8b7f5|24|4405338255510
64607|0x5f9f|1|387852
64607|0x5f9f|2|855141
64607|0x45f9f|3|1946963
64607|0x45f9f|4|3884557
64607|0x45f9f|5|8101132
64607|0x45f9f|6|15862967
64607|0x445f9f|7|32086971
64607|0xc45f9f|8|57163348
64607|0x1c45f9f|9|119831733
64607|0x3c45f9f|10|228619524
64607|0x7c45f9f|11|467169466
64607|0x7c45f9f|12|892359919
64607|0x17c45f9f|13|1871732459
64607|0x37c45f9f|14|3717831124
64607|0x37c45f9f|15|7662105461
64607|0x37c45f9f|16|14376963723
64607|0x37c45f9f|17|31210207997
64607|0x237c45f9f|18|59819929483
64607|0x237c45f9f|19|119931889051
64607|0xa37c45f9f|20|245817375152
64607|0x1a37c45f9f|21|569522491695
64607|0x3a37c45f9f|22|1044807237540
64607|0x3a37c45f9f|23|2493816679067
64607|0xba37c45f9f|24|4138314247623
64609|0xa7a1|1|427824
64609|0x2a7a1|2|975214
64609|0x6a7a1|3|1781867
64609|0xea7a1|4|4016840
64609|0x1ea7a1|5|5815452
64609|0x3ea7a1|6|10735251
64609|0x7ea7a1|7|31766547
64609|0x7ea7a1|8|64510966
64609|0x17ea7a1|9|119469675
64609|0x37ea7a1|10|224429452
64609|0x37ea7a1|11|447743745
64609|0x37ea7a1|12|916679871
64609|0x37ea7a1|13|1751275610
64609|0x37ea7a1|14|3505132969
64609|0x37ea7a1|15|10874167174
64609|0x37ea7a1|16|18678412660
64609|0x37ea7a1|17|37463815434
64609|0x2037ea7a1|18|61497076413
64609|0x6037ea7a1|19|154122173726
64609|0xe037ea7a1|20|269951340536
64609|0xe037ea7a1|21|541630785331
64609|0xe037ea7a1|22|1160463777939
64609|0x4e037ea7a1|23|2059478007048
64609|0x4e037ea7a1|24|4103241790568
64611|0x1654b|1|440821
64611|0x1654b|2|1788395
64611|0x1654b|3|1882208
64611|0x1654b|4|3946143
64611|0x1654b|5|8066563
64611|0x1654b|6|16074450
64611|0x41654b|7|32001793
64611|0x41654b|8|64237882
64611|0x141654b|9|112955043
64611|0x141654b|10|257438828
64611|0x541654b|11|515234837
64611|0xd41654b|12|943266722
64611|0xd41654b|13|1758163410
64611|0xd41654b|14|3467362493
64611|0xd41654b|15|8269878248
64611|0x8d41654b|16|14011596165
64611|0x18d41654b|17|29661507963
64611|0x38d41654b|18|82766234124
64611|0x78d41654b|19|221492041162
64611|0xf8d41654b|20|443108180123
64611|0x1f8d41654b|21|687264956861
64611|0x1f8d41654b|22|1608423831433
64611|0x5f8d41654b|23|3476564883775
64611|0x5f8d41654b|24|4525328907968
64613|0x1556d|1|384629
64613|0x3556d|2|2152941
64613|0x3556d|3|1795483
64613|0xb556d|4|3693121
64613|0x1b556d|5|7698967
64613|0x3b556d|6|15251305
64613|0x3b556d|7|30542055
64613|0xbb556d|8|61118469
64613|0xbb556d|9|122455667
64613|0x2bb556d|10|245477682
64613|0x6bb556d|11|489253345
64613|0x6bb556d|12|981530036
64613|0x16bb556d|13|1960282425
64613|0x36bb556d|14|3920126414
64613|0x36bb556d|15|7826336450
64613|0x36bb556d|16|15683401561
64613|0x36bb556d|17|31360241277
64613|0x236bb556d|18|62838089514
64613|0x236bb556d|19|126515596166
64613|0x236bb556d|20|326201343896
64613|0x236bb556d|21|558482145883
64613|0x236bb556d|22|1182931304429
64613|0x4236bb556d|23|2293804555909
64613|0x4236bb556d|24|4785852175110
64615|0x5f57|1|387559
64615|0x5f57|2|879756
64615|0x5f57|3|1795140
64615|0x5f57|4|3805562
64615|0x5f57|5|7618227
64615|0x5f57|6|15238838
64615|0x5f57|7|30572775
64615|0x5f57|8|59571424
64615|0x5f57|9|122296191
64615|0x2005f57|10|245440841
64615|0x6005f57|11|490750121
64615|0xe005f57|12|981820531
64615|0xe005f57|13|1959350812
64615|0xe005f57|14|3925061412
64615|0xe005f57|15|7850487560
64615|0xe005f57|16|15687293700
64615|0xe005f57|17|31378144824
64615|0x20e005f57|18|63279496206
64615|0x60e005f57|19|133363185485
64615|0xe0e005f57|20|256290331502
64615|0x1e0e005f57|21|502926411048
64615|0x3e0e005f57|22|1447321706543
64615|0x7e0e005f57|23|2341498388675
64615|0xfe0e005f57|24|4757939364881
64617|0x53d9|1|375258
64617|0x53d9|2|1208648
64617|0x453d9|3|2021617
64617|0x453d9|4|3883094
64617|0x1453d9|5|7988463
64617|0x3453d9|6|16040023
64617|0x3453d9|7|32392379
64617|0x3453d9|8|64683680
64617|0x3453d9|9|129704584
64617|0x3453d9|10|259591172
64617|0x3453d9|11|517421964
64617|0x83453d9|12|1037970918
64617|0x83453d9|13|2067429261
64617|0x283453d9|14|3791917671
64617|0x283453d9|15|7417154177
64617|0x283453d9|16|15621459177
64617|0x283453d9|17|28167292778
64617|0x283453d9|18|58100105401
64617|0x4283453d9|19|146334443098
64617|0xc283453d9|20|358169355480
64617|0x1c283453d9|21|508582303792
64617|0x3c283453d9|22|1084308410869
64617|0x7c283453d9|23|1986712382219
64617|0xfc283453d9|24|4146094554559
64619|0x1d043|1|422079
64619|0x1d043|2|843016
64619|0x5d043|3|1952170
64619|0x5d043|4|3890215
64619|0x15d043|5|8148603
64619|0x35d043|6|16075490
64619|0x35d043|7|24328577
64619|0xb5d043|8|64935818
64619|0x1b5d043|9|113368493
64619|0x1b5d043|10|237526254
64619|0x1b5d043|11|563169402
64619|0x1b5d043|12|1258381542
64619|0x11b5d043|13|2705242579
64619|0x31b5d043|14|3866549370
64619|0x71b5d043|15|9467043932
64619|0xf1b5d043|16|14723229561
64619|0xf1b5d043|17|36205433419
64619|0xf1b5d043|18|60316236620
64619|0x4f1b5d043|19|118263038151
64619|0x4f1b5d043|20|252898821091
64619|0x4f1b5d043|21|620532400496
64619|0x4f1b5d043|22|1159552398603
64619|0x4f1b5d043|23|2285767045356
64619|0x4f1b5d043|24|4820977156787
64621|0x6d65|1|692808
64621|0x26d65|2|1527553
64621|0x26d65|3|3242515
64621|0xa6d65|4|6633471
64621|0xa6d65|5|12692911
64621|0x2a6d65|6|22281820
64621|0x6a6d65|7|46382178
64621|0x6a6d65|8|95614352
64621|0x16a6d65|9|183311296
64621|0x36a6d65|10|380250098
64621|0x36a6d65|11|796890279
64621|0xb6a6d65|12|1566220835
64621|0xb6a6d65|13|3305783847
64621|0x2b6a6d65|14|6057817420
64621|0x6b6a6d65|15|7897337440
64621|0xeb6a6d65|16|14268846877
64621|0x1eb6a6d65|17|28953131249
64621|0x3eb6a6d65|18|78717914805
64621|0x3eb6a6d65|19|153435063265
64621|0xbeb6a6d65|20|306440227411
64621|0x1beb6a6d65|21|685245031301
64621|0x3beb6a6d65|22|1321820525521
64621|0x7beb6a6d65|23|3456469430651
64621|0xfbeb6a6d65|24|5205054733582
64623|0x1e28f|1|671632
64623|0x3e28f|2|1542113
64623|0x7e28f|3|3221332
64623|0x7e28f|4|6550185
64623|0x17e28f|5|13365538
64623|0x37e28f|6|26857272
64623|0x77e28f|7|53941117
64623|0x77e28f|8|108095953
64623|0x177e28f|9|216433125
64623|0x377e28f|10|432704391
64623|0x777e28f|11|865534042
64623|0x777e28f|12|1731852697
64623|0x777e28f|13|3461493426
64623|0x777e28f|14|3983547495
64623|0x4777e28f|15|9199431347
64623|0x4777e28f|16|20130836925
64623|0x14777e28f|17|42510199536
64623|0x14777e28f|18|82326156381
64623|0x14777e28f|19|151111073149
64623|0x94777e28f|20|296998453504
64623|0x94777e28f|21|604253040893
64623|0x294777e28f|22|1171725874167
64623|0x694777e28f|23|2487831284769
64623|0x694777e28f|24|4835846816720
64625|0x14491|1|670883
64625|0x34491|2|1789370
64625|0x34491|3|3244490
64625|0x34491|4|6609481
64625|0x134491|5|13413908
64625|0x134491|6|25501435
64625|0x134491|7|32217147
64625|0x134491|8|72687013
64625|0x134491|9|166940253
64625|0x134491|10|334040870
64625|0x134491|11|665537074
64625|0x134491|12|1447278851
64625|0x134491|13|2936572760
64625|0x134491|14|5327958714
64625|0x134491|15|7343521673
64625|0x134491|16|16557663834
64625|0x100134491|17|38212478375
64625|0x100134491|18|86930407742
64625|0x500134491|19|151689545006
64625|0xd00134491|20|326091754581
64625|0x1d00134491|21|614842145289
64625|0x3d00134491|22|1098457542503
64625|0x3d00134491|23|2414084874880
64625|0x3d00134491|24|4539632834941
64627|0x8bb|1|387097
64627|0x8bb|2|853352
64627|0x408bb|3|1947338
64627|0xc08bb|4|3854813
64627|0xc08bb|5|8095398
64627|0xc08bb|6|16001688
64627|0xc08bb|7|31987023
64627|0xc08bb|8|64117624
64627|0xc08bb|9|128280889
64627|0x20c08bb|10|257058030
64627|0x60c08bb|11|513196858
64627|0x60c08bb|12|1034604953
64627|0x160c08bb|13|2056451879
64627|0x160c08bb|14|4109204969
64627|0x560c08bb|15|8227432752
64627|0xd60c08bb|16|16948494959
64627|0xd60c08bb|17|34513795454
64627|0xd60c08bb|18|61336491488
64627|0x4d60c08bb|19|128881666801
64627|0x4d60c08bb|20|263461498978
64627|0x4d60c08bb|21|601448427354
64627|0x24d60c08bb|22|1168892550995
64627|0x64d60c08bb|23|2383157461198
64627|0x64d60c08bb|24|4575626525449
64629|0x1f3dd|1|669974
64629|0x3f3dd|2|1506933
64629|0x7f3dd|3|3212811
64629|0x7f3dd|4|6599453
64629|0x17f3dd|5|13366155
64629|0x17f3dd|6|26872562
64629|0x17f3dd|7|53894713
64629|0x17f3dd|8|107982987
64629|0x117f3dd|9|216272320
64629|0x117f3dd|10|443803749
64629|0x517f3dd|11|865440813
64629|0xd17f3dd|12|1730783709
64629|0x1d17f3dd|13|3462214886
64629|0x3d17f3dd|14|5956852373
64629|0x3d17f3dd|15|11248907582
64629|0xbd17f3dd|16|15757002750
64629|0xbd17f3dd|17|44179498001
64629|0x2bd17f3dd|18|87926305962
64629|0x6bd17f3dd|19|146948170616
64629|0xebd17f3dd|20|245627079376
64629|0xebd17f3dd|21|530016946198
64629|0x2ebd17f3dd|22|1201304094190
64629|0x2ebd17f3dd|23|2365240371091
64629|0xaebd17f3dd|24|4325311880143
64631|0x19d47|1|440665
64631|0x39d47|2|971908
64631|0x39d47|3|1949881
64631|0x39d47|4|4003171
64631|0x39d47|5|7907839
64631|0x39d47|6|16177974
64631|0x39d47|7|32451791
64631|0x839d47|8|64852064
64631|0x839d47|9|129663191
64631|0x839d47|10|259595366
64631|0x4839d47|11|519466318
64631|0xc839d47|12|1038917629
64631|0xc839d47|13|2077822199
64631|0x2c839d47|14|4155843740
64631|0x6c839d47|15|8245714703
64631|0x6c839d47|16|14495156578
64631|0x6c839d47|17|29414352814
64631|0x6c839d47|18|66573758825
64631|0x46c839d47|19|126106097310
64631|0x46c839d47|20|251194353829
64631|0x46c839d47|21|514343920965
64631|0x246c839d47|22|1090743877155
64631|0x646c839d47|23|2176148565737
64631|0xe46c839d47|24|4760707803408
64633|0xadc9|1|671010
64633|0xadc9|2|1505264
64633|0x4adc9|3|3216039
64633|0xcadc9|4|6605289
64633|0x1cadc9|5|13337907
64633|0x3cadc9|6|26880115
64633|0x7cadc9|7|32709088
64633|0x7cadc9|8|61303682
64633|0x7cadc9|9|122728152
64633|0x27cadc9|10|219265472
64633|0x27cadc9|11|447125695
64633|0xa7cadc9|12|849977503
64633|0x1a7cadc9|13|1712472050
64633|0x1a7cadc9|14|3286560836
64633|0x5a7cadc9|15|6722459984
64633|0xda7cadc9|16|12803399389
64633|0xda7cadc9|17|34580561039
64633|0x2da7cadc9|18|59385924598
64633|0x6da7cadc9|19|121325088495
64633|0x6da7cadc9|20|238641683870
64633|0x16da7cadc9|21|739061222496
64633|0x36da7cadc9|22|1318568024655
64633|0x36da7cadc9|23|2928539631898
64633|0x36da7cadc9|24|5183809626429
64635|0x182b3|1|457147
64635|0x382b3|2|2385200
64635|0x382b3|3|1848797
64635|0xb82b3|4|4035669
64635|0x1b82b3|5|8097624
64635|0x3b82b3|6|16219374
64635|0x7b82b3|7|32333286
64635|0x7b82b3|8|64985665
64635|0x7b82b3|9|130297911
64635|0x7b82b3|10|260528936
64635|0x7b82b3|11|521386208
64635|0x7b82b3|12|1113557339
64635|0x107b82b3|13|3460929066
64635|0x107b82b3|14|6924720012
64635|0x107b82b3|15|13847362768
64635|0x907b82b3|16|27702203314
64635|0x1907b82b3|17|55311827183
64635|0x3907b82b3|18|110801822964
64635|0x3907b82b3|19|213874102257
64635|0x3907b82b3|20|315047744913
64635|0x13907b82b3|21|627752585412
64635|0x33907b82b3|22|1400392129095
64635|0x33907b82b3|23|2148950679319
64635|0x33907b82b3|24|5043944834359
64637|0x15cd5|1|670757
64637|0x15cd5|2|1538745
64637|0x55cd5|3|3216353
64637|0x55cd5|4|6568393
64637|0x55cd5|5|13372742
64637|0x55cd5|6|26826894
64637|0x55cd5|7|53876389
64637|0x55cd5|8|107882527
64637|0x55cd5|9|216194728
64637|0x2055cd5|10|432370788
64637|0x6055cd5|11|864910483
64637|0xe055cd5|12|1730408170
64637|0xe055cd5|13|3404335897
64637|0x2e055cd5|14|5913233323
64637|0x6e055cd5|15|7225765711
64637|0x6e055cd5|16|14174962547
64637|0x16e055cd5|17|55044223600
64637|0x16e055cd5|18|99352354188
64637|0x16e055cd5|19|184699651466
64637|0x16e055cd5|20|343639683973
64637|0x16e055cd5|21|665845993285
64637|0x16e055cd5|22|1175490983130
64637|0x16e055cd5|23|2082201258619
64637|0x16e055cd5|24|4635693672909
64639|0xc37f|1|424880
64639|0x2c37f|2|2212305
64639|0x2c37f|3|1917022
64639|0x2c37f|4|3911140
64639|0x12c37f|5|8025247
64639|0x12c37f|6|15969946
64639|0x52c37f|7|32093420
64639|0xd2c37f|8|64132579
64639|0x1d2c37f|9|128498242
64639|0x1d2c37f|10|257329250
64639|0x1d2c37f|11|514673606
64639|0x1d2c37f|12|1029320599
64639|0x1d2c37f|13|2101755455
64639|0x21d2c37f|14|5297323996
64639|0x61d2c37f|15|11652027400
64639|0x61d2c37f|16|18877531369
64639|0x61d2c37f|17|41229938263
64639|0x61d2c37f|18|63168647533
64639|0x461d2c37f|19|182876947536
64639|0xc61d2c37f|20|349591056882
64639|0x1c61d2c37f|21|743415674034
64639|0x3c61d2c37f|22|1348154943595
64639|0x7c61d2c37f|23|2263406610410
64639|0x7c61d2c37f|24|4212262821712
64641|0x14381|1|381097
64641|0x34381|2|933943
64641|0x34381|3|2050869
64641|0xb4381|4|3894164
64641|0xb4381|5|7966233
64641|0x2b4381|6|16089710
64641|0x6b4381|7|32451506
64641|0xeb4381|8|64762566
64641|0x1eb4381|9|129742534
64641|0x3eb4381|10|259354070
64641|0x3eb4381|11|519127969
64641|0x3eb4381|12|1041867461
64641|0x13eb4381|13|2075217079
64641|0x33eb4381|14|4159468556
64641|0x73eb4381|15|8304898335
64641|0x73eb4381|16|16609413509
64641|0x73eb4381|17|33220369592
64641|0x273eb4381|18|66108080794
64641|0x273eb4381|19|132818481310
64641|0xa73eb4381|20|264535027091
64641|0xa73eb4381|21|524447862687
64641|0x2a73eb4381|22|1059630207208
64641|0x2a73eb4381|23|2778764319110
64641|0xaa73eb4381|24|5414940891254
64643|0x322b|1|744773
64643|0x322b|2|1524460
64643|0x4322b|3|3242966
64643|0xc322b|4|6638161
64643|0xc322b|5|13392038
64643|0x2c322b|6|29618247
64643|0x2c322b|7|53888192
64643|0x2c322b|8|107998555
64643|0x2c322b|9|216214638
64643|0x2c322b|10|432807835
64643|0x2c322b|11|865501198
64643|0x82c322b|12|1730819710
64643|0x182c322b|13|3462315328
64643|0x382c322b|14|6925369314
64643|0x782c322b|15|13855428082
64643|0x782c322b|16|27739474078
64643|0x1782c322b|17|55404457329
64643|0x1782c322b|18|110685841568
64643|0x5782c322b|19|134271146328
64643|0xd782c322b|20|301762917525
64643|0x1d782c322b|21|670769752067
64643|0x3d782c322b|22|1401271212285
64643|0x7d782c322b|23|2565057530125
64643|0xfd782c322b|24|4733065990871
64645|0x19c4d|1|436809
64645|0x39c4d|2|989593
64645|0x79c4d|3|1795398
64645|0x79c4d|4|4012632
64645|0x179c4d|5|7868840
64645|0x379c4d|6|15990002
64645|0x779c4d|7|32129530
64645|0x779c4d|8|64175913
64645|0x779c4d|9|128724613
64645|0x779c4d|10|257348779
64645|0x4779c4d|11|514889409
64645|0x4779c4d|12|1029841364
64645|0x14779c4d|13|2058668045
64645|0x34779c4d|14|5640164322
64645|0x34779c4d|15|11168782971
64645|0x34779c4d|16|23247384693
64645|0x134779c4d|17|34980271271
64645|0x334779c4d|18|63326958373
64645|0x334779c4d|19|131603261381
64645|0x334779c4d|20|258497308298
64645|0x1334779c4d|21|516505787893
64645|0x3334779c4d|22|1126162536515
64645|0x7334779c4d|23|2118692699984
64645|0xf334779c4d|24|4888795542090
64647|0x10937|1|385433
64647|0x30937|2|2252980
64647|0x70937|3|1792854
64647|0xf0937|4|3699493
64647|0xf0937|5|7445605
64647|0xf0937|6|15146866
64647|0xf0937|7|54447758
64647|0xf0937|8|95527575
64647|0x10f0937|9|202604007
64647|0x10f0937|10|305966804
64647|0x50f0937|11|515331177
64647|0xd0f0937|12|816141336
64647|0x1d0f0937|13|1678590267
64647|0x3d0f0937|14|5420070725
64647|0x3d0f0937|15|7829018111
64647|0x3d0f0937|16|24033012485
64647|0x13d0f0937|17|50740177874
64647|0x33d0f0937|18|110196922161
64647|0x33d0f0937|19|137688766866
64647|0x33d0f0937|20|343321353935
64647|0x133d0f0937|21|827855793349
64647|0x133d0f0937|22|1258691500925
64647|0x533d0f0937|23|2425254125669
64647|0x533d0f0937|24|5828963424770
64649|0x139b9|1|754870
64649|0x339b9|2|1526839
64649|0x739b9|3|3235586
64649|0x739b9|4|6658143
64649|0x1739b9|5|13333150
64649|0x1739b9|6|26841420
64649|0x5739b9|7|53914907
64649|0xd739b9|8|107754204
64649|0xd739b9|9|216235105
64649|0xd739b9|10|432567982
64649|0xd739b9|11|865362424
64649|0xd739b9|12|1731913400
64649|0x10d739b9|13|3467641618
64649|0x30d739b9|14|6944056741
64649|0x30d739b9|15|13853257699
64649|0x30d739b9|16|27701075901
64649|0x30d739b9|17|55406179426
64649|0x230d739b9|18|110854920190
64649|0x230d739b9|19|221344436659
64649|0x230d739b9|20|442895341595
64649|0x230d739b9|21|884177294816
64649|0x230d739b9|22|1195693222662
64649|0x4230d739b9|23|2922939676191
64649|0xc230d739b9|24|4396672897629
64651|0x8b23|1|415840
64651|0x28b23|2|2246350
64651|0x28b23|3|2002345
64651|0xa8b23|4|3909679
64651|0x1a8b23|5|7923016
64651|0x3a8b23|6|16127776
64651|0x7a8b23|7|32424317
64651|0xfa8b23|8|64741026
64651|0x1fa8b23|9|129664109
64651|0x1fa8b23|10|259347665
64651|0x5fa8b23|11|518588335
64651|0x5fa8b23|12|1039465081
64651|0x5fa8b23|13|1884966339
64651|0x25fa8b23|14|3516991309
64651|0x65fa8b23|15|7139861752
64651|0x65fa8b23|16|14470808330
64651|0x65fa8b23|17|29928458465
64651|0x265fa8b23|18|59045841767
64651|0x265fa8b23|19|136710233671
64651|0x265fa8b23|20|264929963864
64651|0x1265fa8b23|21|535118959780
64651|0x3265fa8b23|22|1174493109618
64651|0x7265fa8b23|23|2285703192790
64651|0xf265fa8b23|24|4600108978374
64653|0x12645|1|730592
64653|0x32645|2|1527758
64653|0x32645|3|3236145
64653|0xb2645|4|6600367
64653|0x1b2645|5|13419946
64653|0x3b2645|6|22469759
64653|0x7b2645|7|46268052
64653|0xfb2645|8|82348258
64653|0xfb2645|9|176402157
64653|0xfb2645|10|365285245
64653|0x4fb2645|11|769324792
64653|0xcfb2645|12|1559768833
64653|0xcfb2645|13|2514761662
64653|0x2cfb2645|14|4473520205
64653|0x2cfb2645|15|8541085876
64653|0x2cfb2645|16|13631610788
64653|0x2cfb2645|17|34282126053
64653|0x2cfb2645|18|66732458657
64653|0x2cfb2645|19|123395254573
64653|0x2cfb2645|20|235976436668
64653|0x2cfb2645|21|494893877132
64653|0x202cfb2645|22|1043804851677
64653|0x202cfb2645|23|2155690245943
64653|0x202cfb2645|24|4521975017359
64655|0xa26f|1|376173
64655|0xa26f|2|852385
64655|0xa26f|3|1782316
64655|0xa26f|4|3676190
64655|0xa26f|5|7446194
64655|0xa26f|6|15063827
64655|0x40a26f|7|23769174
64655|0x40a26f|8|52659213
64655|0x40a26f|9|106225363
64655|0x40a26f|10|216111521
64655|0x440a26f|11|414279009
64655|0x440a26f|12|1129848655
64655|0x440a26f|13|2470047543
64655|0x440a26f|14|5050733175
64655|0x440a26f|15|8335963933
64655|0x440a26f|16|12830560635
64655|0x440a26f|17|25615395297
64655|0x20440a26f|18|72836341912
64655|0x20440a26f|19|171743734595
64655|0x20440a26f|20|310772799762
64655|0x120440a26f|21|506439008546
64655|0x120440a26f|22|1250586911832
64655|0x520440a26f|23|2245322145044
64655|0x520440a26f|24|4516211902263
64657|0x4471|1|420765
64657|0x24471|2|973272
64657|0x24471|3|1946431
64657|0xa4471|4|3922431
64657|0x1a4471|5|7835499
64657|0x1a4471|6|15912639
64657|0x5a4471|7|31970585
64657|0xda4471|8|64270622
64657|0x1da4471|9|128668919
64657|0x1da4471|10|254655223
64657|0x1da4471|11|507902645
64657|0x9da4471|12|1020926322
64657|0x19da4471|13|2041666586
64657|0x19da4471|14|4105566136
64657|0x19da4471|15|8231681252
64657|0x99da4471|16|16462362317
64657|0x99da4471|17|32893495016
64657|0x299da4471|18|65900663768
64657|0x699da4471|19|134045770045
64657|0x699da4471|20|239604925163
64657|0x1699da4471|21|497083938756
64657|0x1699da4471|22|974196109704
64657|0x5699da4471|23|2051284527388
64657|0xd699da4471|24|5021388788965
64659|0x1819b|1|426009
64659|0x3819b|2|876626
64659|0x3819b|3|1859923
64659|0xb819b|4|3934981
64659|0x1b819b|5|7905102
64659|0x3b819b|6|15796098
64659|0x7b819b|7|31915361
64659|0xfb819b|8|63648453
64659|0xfb819b|9|127433317
64659|0xfb819b|10|253153513
64659|0x4fb819b|11|510766288
64659|0x4fb819b|12|1022707472
64659|0x14fb819b|13|2043816679
64659|0x34fb819b|14|4088102033
64659|0x34fb819b|15|9893608770
64659|0x34fb819b|16|14210314149
64659|0x34fb819b|17|40589319716
64659|0x234fb819b|18|92516765138
64659|0x634fb819b|19|165553937967
64659|0xe34fb819b|20|294960505869
64659|0x1e34fb819b|21|565290832509
64659|0x1e34fb819b|22|1013277105976
64659|0x1e34fb819b|23|2935732876860
64659|0x9e34fb819b|24|5348112453105
64661|0x1eebd|1|440990
64661|0x3eebd|2|871134
64661|0x7eebd|3|1869913
64661|0x7eebd|4|4009486
64661|0x7eebd|5|8106968
64661|0x27eebd|6|16143091
64661|0x67eebd|7|32171885
64661|0xe7eebd|8|64811104
64661|0xe7eebd|9|129518220
64661|0x2e7eebd|10|259367812
64661|0x2e7eebd|11|518903676
64661|0x2e7eebd|12|1036716532
64661|0x2e7eebd|13|2075026516
64661|0x2e7eebd|14|4149520317
64661|0x2e7eebd|15|8299175484
64661|0x2e7eebd|16|16603742920
64661|0x2e7eebd|17|33206987809
64661|0x202e7eebd|18|66465425336
64661|0x202e7eebd|19|132939487814
64661|0xa02e7eebd|20|265789579896
64661|0x1a02e7eebd|21|521630598377
64661|0x1a02e7eebd|22|1151256674957
64661|0x1a02e7eebd|23|2379997689240
64661|0x1a02e7eebd|24|5096131961415
64663|0x4327|1|741866
64663|0x24327|2|3896288
64663|0x24327|3|3232581
64663|0x24327|4|6602052
64663|0x124327|5|13407398
64663|0x324327|6|26914588
64663|0x724327|7|53931168
64663|0xf24327|8|107978962
64663|0x1f24327|9|216366903
64663|0x1f24327|10|432603374
64663|0x1f24327|11|865793335
64663|0x1f24327|12|1731259586
64663|0x1f24327|13|3464324004
64663|0x21f24327|14|6924401570
64663|0x21f24327|15|13024238923
64663|0xa1f24327|16|18105807711
64663|0xa1f24327|17|33173791411
64663|0x2a1f24327|18|102089336837
64663|0x2a1f24327|19|199169518915
64663|0xaa1f24327|20|354754420931
64663|0x1aa1f24327|21|675748852626
64663|0x3aa1f24327|22|1234112298420
64663|0x3aa1f24327|23|2266071438193
64663|0x3aa1f24327|24|4604397051520
64665|0x197a9|1|678787
64665|0x397a9|2|1505326
64665|0x397a9|3|3231907
64665|0x397a9|4|6622107
64665|0x1397a9|5|12797675
64665|0x1397a9|6|22131676
64665|0x1397a9|7|62313990
64665|0x1397a9|8|98451323
64665|0x11397a9|9|195589627
64665|0x31397a9|10|371438534
64665|0x31397a9|11|773349692
64665|0x31397a9|12|1342720962
64665|0x31397a9|13|3012644487
64665|0x231397a9|14|6000283473
64665|0x631397a9|15|10189446960
64665|0xe31397a9|16|21836992087
64665|0x1e31397a9|17|53020570771
64665|0x1e31397a9|18|73908140813
64665|0x1e31397a9|19|131775374147
64665|0x9e31397a9|20|263461641151
64665|0x19e31397a9|21|511617055021
64665|0x19e31397a9|22|1311205295826
64665|0x19e31397a9|23|2698866925427
64665|0x19e31397a9|24|4722933287335
64667|0x8993|1|445808
64667|0x8993|2|1011658
64667|0x8993|3|1795588
64667|0x8993|4|3991318
64667|0x8993|5|7774313
64667|0x8993|6|15875798
64667|0x408993|7|31499600
64667|0xc08993|8|66093381
64667|0xc08993|9|126243450
64667|0xc08993|10|253880903
64667|0x4c08993|11|506760436
64667|0xcc08993|12|1014781199
64667|0xcc08993|13|2035302400
64667|0xcc08993|14|4067615870
64667|0x4cc08993|15|8143917330
64667|0x4cc08993|16|16273772457
64667|0x4cc08993|17|55002738344
64667|0x4cc08993|18|83457811306
64667|0x44cc08993|19|131801625700
64667|0xc4cc08993|20|332572127436
64667|0xc4cc08993|21|886347675350
64667|0xc4cc08993|22|1744226874269
64667|0xc4cc08993|23|2457050163962
64667|0xc4cc08993|24|5015207059488
64669|0x169b5|1|245406
64669|0x169b5|2|504475
64669|0x569b5|3|1247942
64669|0x569b5|4|2811694
64669|0x569b5|5|5376633
64669|0x2569b5|6|15466726
64669|0x2569b5|7|32019141
64669|0x2569b5|8|75671964
64669|0x12569b5|9|109937184
64669|0x12569b5|10|227785202
64669|0x12569b5|11|655919652
64669|0x92569b5|12|1496067990
64669|0x192569b5|13|3055656802
64669|0x192569b5|14|5819872857
64669|0x592569b5|15|9583535083
64669|0xd92569b5|16|15700618790
64669|0xd92569b5|17|28671326861
64669|0x2d92569b5|18|63674635828
64669|0x2d92569b5|19|163911427807
64669|0x2d92569b5|20|260802307991
64669|0x2d92569b5|21|679430383439
64669|0x2d92569b5|22|1047039529079
64669|0x2d92569b5|23|2660593114188
64669|0x82d92569b5|24|5182562539197
64671|0x11f5f|1|422742
64671|0x11f5f|2|966126
64671|0x51f5f|3|1974327
64671|0x51f5f|4|3907035
64671|0x151f5f|5|7869026
64671|0x151f5f|6|15979576
64671|0x151f5f|7|32047029
64671|0x151f5f|8|58318550
64671|0x151f5f|9|111319307
64671|0x151f5f|10|233437664
64671|0x151f5f|11|431110798
64671|0x8151f5f|12|882380962
64671|0x18151f5f|13|1877209044
64671|0x18151f5f|14|3683046367
64671|0x58151f5f|15|10774363955
64671|0xd8151f5f|16|19634193084
64671|0x1d8151f5f|17|37417380294
64671|0x3d8151f5f|18|80719015243
64671|0x3d8151f5f|19|141767061415
64671|0xbd8151f5f|20|362504899778
64671|0x1bd8151f5f|21|728029515125
64671|0x1bd8151f5f|22|1189495100520
64671|0x1bd8151f5f|23|2388145057064
64671|0x1bd8151f5f|24|4549097844661
64673|0x1e761|1|472485
64673|0x3e761|2|1649322
64673|0x3e761|3|1823960
64673|0xbe761|4|4006156
64673|0xbe761|5|8066732
64673|0xbe761|6|16128715
64673|0x4be761|7|32132879
64673|0xcbe761|8|64602266
64673|0xcbe761|9|129601413
64673|0xcbe761|10|258528712
64673|0xcbe761|11|518745190
64673|0x8cbe761|12|1038295122
64673|0x8cbe761|13|2076243392
64673|0x8cbe761|14|4153469039
64673|0x48cbe761|15|8312993461
64673|0xc8cbe761|16|16619473320
64673|0x1c8cbe761|17|33178429521
64673|0x1c8cbe761|18|66500865462
64673|0x1c8cbe761|19|133093312460
64673|0x9c8cbe761|20|260767860425
64673|0x19c8cbe761|21|523237872462
64673|0x39c8cbe761|22|1103722636496
64673|0x39c8cbe761|23|2171982035851
64673|0x39c8cbe761|24|4732073778149
64675|0x1970b|1|670863
64675|0x3970b|2|1505575
64675|0x3970b|3|3219155
64675|0xb970b|4|6617505
64675|0x1b970b|5|13325609
64675|0x1b970b|6|26901517
64675|0x5b970b|7|53892307
64675|0x5b970b|8|107944869
64675|0x15b970b|9|216314225
64675|0x35b970b|10|432798862
64675|0x75b970b|11|866141651
64675|0xf5b970b|12|1731508135
64675|0x1f5b970b|13|2475161360
64675|0x3f5b970b|14|3518814932
64675|0x3f5b970b|15|7417043618
64675|0xbf5b970b|16|16041381586
64675|0xbf5b970b|17|33251861585
64675|0xbf5b970b|18|64057328889
64675|0xbf5b970b|19|140910698051
64675|0x8bf5b970b|20|255782823879
64675|0x18bf5b970b|21|520718410249
64675|0x38bf5b970b|22|1030906270121
64675|0x38bf5b970b|23|2449664258088
64675|0xb8bf5b970b|24|4457819391810
64677|0x8b2d|1|442731
64677|0x28b2d|2|900786
64677|0x68b2d|3|1838234
64677|0xe8b2d|4|4037027
64677|0xe8b2d|5|7923085
64677|0x2e8b2d|6|18669435
64677|0x2e8b2d|7|32026268
64677|0x2e8b2d|8|57098211
64677|0x12e8b2d|9|118885348
64677|0x12e8b2d|10|257516612
64677|0x52e8b2d|11|507747715
64677|0xd2e8b2d|12|1021039568
64677|0x1d2e8b2d|13|1787721918
64677|0x3d2e8b2d|14|3572192367
64677|0x7d2e8b2d|15|7290857268
64677|0xfd2e8b2d|16|15503301671
64677|0x1fd2e8b2d|17|29429870610
64677|0x3fd2e8b2d|18|75535107221
64677|0x7fd2e8b2d|19|141643158304
64677|0x7fd2e8b2d|20|347768980594
64677|0x7fd2e8b2d|21|524327431590
64677|0x27fd2e8b2d|22|1245350159895
64677|0x27fd2e8b2d|23|2352719256071
64677|0x27fd2e8b2d|24|4737670939816
64679|0xeb17|1|375913
64679|0xeb17|2|843065
64679|0x4eb17|3|1782367
64679|0x4eb17|4|3667156
64679|0x4eb17|5|7447958
64679|0x24eb17|6|15015372
64679|0x24eb17|7|21936316
64679|0xa4eb17|8|46720456
64679|0x1a4eb17|9|108625008
64679|0x3a4eb17|10|200606732
64679|0x3a4eb17|11|408078172
64679|0xba4eb17|12|1484639190
64679|0x1ba4eb17|13|2503789365
64679|0x3ba4eb17|14|5092446925
64679|0x7ba4eb17|15|10430952820
64679|0x7ba4eb17|16|21130425360
64679|0x17ba4eb17|17|33250610282
64679|0x37ba4eb17|18|75734943998
64679|0x77ba4eb17|19|142739756079
64679|0xf7ba4eb17|20|317278797431
64679|0x1f7ba4eb17|21|539144155331
64679|0x1f7ba4eb17|22|1148463866272
64679|0x5f7ba4eb17|23|2708969285093
64679|0x5f7ba4eb17|24|5101709529558
64681|0x16799|1|440804
64681|0x16799|2|2516830
64681|0x16799|3|3215096
64681|0x96799|4|6570691
64681|0x196799|5|11995690
64681|0x196799|6|20715620
64681|0x596799|7|47609759
64681|0x596799|8|97505074
64681|0x1596799|9|193360519
64681|0x3596799|10|400404432
64681|0x3596799|11|773521811
64681|0xb596799|12|1529720887
64681|0xb596799|13|2145859187
64681|0xb596799|14|4788128342
64681|0xb596799|15|11677472651
64681|0x8b596799|16|23578803655
64681|0x8b596799|17|38557136537
64681|0x8b596799|18|74374075061
64681|0x8b596799|19|199900233702
64681|0x88b596799|20|355760929664
64681|0x188b596799|21|568115813859
64681|0x388b596799|22|1037783888427
64681|0x388b596799|23|1995197876422
64681|0xb88b596799|24|3876529718282
64683|0x11e03|1|428287
64683|0x31e03|2|869189
64683|0x31e03|3|1782442
64683|0x31e03|4|3972870
64683|0x31e03|5|7806521
64683|0x231e03|6|15946907
64683|0x231e03|7|31678693
64683|0x231e03|8|64024945
64683|0x1231e03|9|109932735
64683|0x1231e03|10|196340572
64683|0x5231e03|11|398399895
64683|0x5231e03|12|742436069
64683|0x5231e03|13|1595271859
64683|0x5231e03|14|3455904601
64683|0x5231e03|15|7147208075
64683|0x5231e03|16|13383831023
64683|0x5231e03|17|25283226654
64683|0x205231e03|18|56709741130
64683|0x205231e03|19|114006875507
64683|0xa05231e03|20|276619963607
64683|0xa05231e03|21|706689537772
64683|0xa05231e03|22|1037591871891
64683|0x4a05231e03|23|2413171691894
64683|0xca05231e03|24|4516365503388
64685|0x1c725|1|277127
64685|0x1c725|2|532999
64685|0x5c725|3|1782382
64685|0x5c725|4|3995065
64685|0x15c725|5|7774891
64685|0x15c725|6|15921744
64685|0x55c725|7|25908545
64685|0x55c725|8|48262338
64685|0x55c725|9|101597011
64685|0x255c725|10|184574085
64685|0x655c725|11|374057190
64685|0xe55c725|12|828511070
64685|0xe55c725|13|1475342628
64685|0x2e55c725|14|3025230604
64685|0x6e55c725|15|6779941520
64685|0x6e55c725|16|14362468320
64685|0x16e55c725|17|30362256393
64685|0x16e55c725|18|64829578137
64685|0x56e55c725|19|136155101127
64685|0xd6e55c725|20|262190365839
64685|0x1d6e55c725|21|453286998644
64685|0x1d6e55c725|22|928433449722
64685|0x1d6e55c725|23|2098202197058
64685|0x9d6e55c725|24|4331005800578
64687|0x1da4f|1|427052
64687|0x3da4f|2|2409929
64687|0x3da4f|3|1782560
64687|0xbda4f|4|4041078
64687|0xbda4f|5|8002048
64687|0xbda4f|6|16165743
64687|0xbda4f|7|32247008
64687|0xbda4f|8|64898096
64687|0x10bda4f|9|129513764
64687|0x30bda4f|10|259433053
64687|0x30bda4f|11|519233203
64687|0x30bda4f|12|1038518390
64687|0x30bda4f|13|2081465039
64687|0x30bda4f|14|4075251421
64687|0x430bda4f|15|7417248820
64687|0xc30bda4f|16|15694387370
64687|0x1c30bda4f|17|29456822092
64687|0x1c30bda4f|18|91774180590
64687|0x5c30bda4f|19|130176466885
64687|0x5c30bda4f|20|282151664463
64687|0x15c30bda4f|21|546650161232
64687|0x35c30bda4f|22|1167445816348
64687|0x75c30bda4f|23|2162228270951
64687|0xf5c30bda4f|24|3973984972125
64689|0x1cc51|1|467066
64689|0x3cc51|2|913064
64689|0x3cc51|3|1820134
64689|0x3cc51|4|4025587
64689|0x3cc51|5|8102659
64689|0x3cc51|6|16198732
64689|0x43cc51|7|32397008
64689|0x43cc51|8|64993360
64689|0x43cc51|9|130115906
64689|0x43cc51|10|263495844
64689|0x443cc51|11|521309516
64689|0x443cc51|12|1046299469
64689|0x1443cc51|13|2102067744
64689|0x1443cc51|14|4170610535
64689|0x5443cc51|15|8324313017
64689|0x5443cc51|16|15418723679
64689|0x15443cc51|17|29692678518
64689|0x35443cc51|18|59665322527
64689|0x35443cc51|19|120767371779
64689|0x35443cc51|20|280752351858
64689|0x35443cc51|21|498080456784
64689|0x35443cc51|22|1108352828191
64689|0x435443cc51|23|2254085861282
64689|0xc35443cc51|24|5067116860312
64691|0x127b|1|277649
64691|0x2127b|2|504397
64691|0x6127b|3|1235597
64691|0x6127b|4|2523287
64691|0x16127b|5|5849504
64691|0x36127b|6|14997090
64691|0x36127b|7|24523013
64691|0x36127b|8|53178780
64691|0x36127b|9|108631361
64691|0x36127b|10|220779146
64691|0x36127b|11|410959540
64691|0x36127b|12|855732248
64691|0x36127b|13|1691740174
64691|0x2036127b|14|4101179203
64691|0x6036127b|15|10714118754
64691|0xe036127b|16|15222978994
64691|0xe036127b|17|29403668910
64691|0x2e036127b|18|61322112886
64691|0x2e036127b|19|109601645597
64691|0xae036127b|20|249917163069
64691|0x1ae036127b|21|490367442969
64691|0x1ae036127b|22|1055235499801
64691|0x1ae036127b|23|2051966745563
64691|0x9ae036127b|24|4480358878152
