37891|0x1b6ab|1|393251
37891|0x1b6ab|2|936241
37891|0x1b6ab|3|2127885
37891|0x1b6ab|4|4331000
37891|0x1b6ab|5|8684818
37891|0x21b6ab|6|17437975
37891|0x21b6ab|7|34814824
37891|0x21b6ab|8|90411861
37891|0x21b6ab|9|204780272
37891|0x221b6ab|10|397302782
37891|0x621b6ab|11|786705145
37891|0x621b6ab|12|1577521266
37891|0x1621b6ab|13|3168735567
37891|0x1621b6ab|14|6284695658
37891|0x5621b6ab|15|12570142640
37891|0xd621b6ab|16|25059263504
37891|0xd621b6ab|17|47765960266
37891|0x2d621b6ab|18|98821496861
37891|0x6d621b6ab|19|196587504481
37891|0x6d621b6ab|20|282182280975
37891|0x6d621b6ab|21|509573284182
37891|0x26d621b6ab|22|956382767360
37891|0x66d621b6ab|23|1903788523348
37891|0x66d621b6ab|24|3810146398964
37893|0x118cd|1|340199
37893|0x118cd|2|810440
37893|0x518cd|3|1892870
37893|0x518cd|4|3589892
37893|0x1518cd|5|7430858
37893|0x1518cd|6|14638282
37893|0x5518cd|7|29713371
37893|0x5518cd|8|58846415
37893|0x5518cd|9|117587181
37893|0x5518cd|10|238332359
37893|0x45518cd|11|474538607
37893|0xc5518cd|12|949253808
37893|0x1c5518cd|13|1896863495
37893|0x1c5518cd|14|4203573308
37893|0x5c5518cd|15|7583247039
37893|0x5c5518cd|16|15188667553
37893|0x15c5518cd|17|29925446582
37893|0x15c5518cd|18|58859164302
37893|0x15c5518cd|19|118538490053
37893|0x95c5518cd|20|238228049071
37893|0x195c5518cd|21|475067749400
37893|0x395c5518cd|22|950473549846
37893|0x395c5518cd|23|1876859790048
37893|0xb95c5518cd|24|3806734002430
37895|0x99b7|1|331842
37895|0x299b7|2|787309
37895|0x299b7|3|1791768
37895|0x299b7|4|3577038
37895|0x1299b7|5|7469632
37895|0x3299b7|6|14753057
37895|0x7299b7|7|29800534
37895|0x7299b7|8|59521363
37895|0x7299b7|9|124157061
37895|0x7299b7|10|236955403
37895|0x47299b7|11|475291934
37895|0x47299b7|12|953144367
37895|0x47299b7|13|2083984613
37895|0x247299b7|14|3789735653
37895|0x647299b7|15|7705053518
37895|0x647299b7|16|15187612306
37895|0x1647299b7|17|29955217555
37895|0x1647299b7|18|59394704117
37895|0x5647299b7|19|119990164450
37895|0xd647299b7|20|241916674503
37895|0x1d647299b7|21|479339739717
37895|0x3d647299b7|22|954842766438
37895|0x7d647299b7|23|1893268801298
37895|0xfd647299b7|24|3794304038994
37897|0x13a39|1|349688
37897|0x13a39|2|895102
37897|0x53a39|3|1862534
37897|0xd3a39|4|3543293
37897|0xd3a39|5|7332876
37897|0x2d3a39|6|14704320
37897|0x6d3a39|7|32010532
37897|0xed3a39|8|59312033
37897|0xed3a39|9|118358977
37897|0x2ed3a39|10|239794547
37897|0x2ed3a39|11|479248726
37897|0x2ed3a39|12|958533221
37897|0x2ed3a39|13|1895585576
37897|0x2ed3a39|14|3802583176
37897|0x42ed3a39|15|7593291439
37897|0xc2ed3a39|16|15100616948
37897|0xc2ed3a39|17|29132129343
37897|0xc2ed3a39|18|60132376869
37897|0xc2ed3a39|19|118639644055
37897|0x8c2ed3a39|20|238920161700
37897|0x8c2ed3a39|21|477693447171
37897|0x8c2ed3a39|22|1004700625517
37897|0x8c2ed3a39|23|1921905426261
37897|0x8c2ed3a39|24|3857824051512
37899|0x57a3|1|339770
37899|0x257a3|2|814330
37899|0x657a3|3|1853091
37899|0x657a3|4|3569116
37899|0x1657a3|5|7517133
37899|0x3657a3|6|14827400
37899|0x3657a3|7|29741068
37899|0x3657a3|8|59469878
37899|0x13657a3|9|119277296
37899|0x13657a3|10|235465209
37899|0x13657a3|11|471408060
37899|0x93657a3|12|1603853181
37899|0x193657a3|13|1920117850
37899|0x193657a3|14|3762005790
37899|0x193657a3|15|7749078923
37899|0x993657a3|16|15183953540
37899|0x993657a3|17|29716142289
37899|0x2993657a3|18|60289160184
37899|0x2993657a3|19|119956530205
37899|0x2993657a3|20|239551990770
37899|0x12993657a3|21|489368868824
37899|0x32993657a3|22|1184786356139
37899|0x72993657a3|23|3015528624289
37899|0xf2993657a3|24|6234328116540
37901|0x1dac5|1|649241
37901|0x3dac5|2|1408387
37901|0x7dac5|3|2926992
37901|0x7dac5|4|5981225
37901|0x7dac5|5|12124683
37901|0x27dac5|6|24711973
37901|0x27dac5|7|48968719
37901|0xa7dac5|8|99129336
37901|0x1a7dac5|9|197975213
37901|0x1a7dac5|10|408892439
37901|0x1a7dac5|11|790826840
37901|0x1a7dac5|12|1569072353
37901|0x1a7dac5|13|3158467425
37901|0x21a7dac5|14|6318220379
37901|0x61a7dac5|15|12665697430
37901|0x61a7dac5|16|25371919389
37901|0x61a7dac5|17|50513595855
37901|0x261a7dac5|18|98915158955
37901|0x661a7dac5|19|198445858739
37901|0xe61a7dac5|20|391968560654
37901|0x1e61a7dac5|21|785284800518
37901|0x1e61a7dac5|22|1582982261412
37901|0x1e61a7dac5|23|2646448106808
37901|0x1e61a7dac5|24|5135337282715
37903|0x1daef|1|394057
37903|0x3daef|2|922322
37903|0x7daef|3|1697944
37903|0xfdaef|4|3765568
37903|0xfdaef|5|7270792
37903|0xfdaef|6|14835091
37903|0xfdaef|7|29843212
37903|0x8fdaef|8|59734453
37903|0x18fdaef|9|119034070
37903|0x38fdaef|10|238548166
37903|0x38fdaef|11|477105814
37903|0x38fdaef|12|954332418
37903|0x38fdaef|13|1887175765
37903|0x238fdaef|14|3991552564
37903|0x638fdaef|15|7559778619
37903|0x638fdaef|16|15204594664
37903|0x1638fdaef|17|29726599185
37903|0x1638fdaef|18|58794036489
37903|0x5638fdaef|19|119296303405
37903|0x5638fdaef|20|239684502901
37903|0x5638fdaef|21|481896914397
37903|0x25638fdaef|22|954621600506
37903|0x65638fdaef|23|1894746737497
37903|0xe5638fdaef|24|4644048013344
37905|0xdcf1|1|570815
37905|0x2dcf1|2|920659
37905|0x6dcf1|3|1815619
37905|0x6dcf1|4|3678775
37905|0x16dcf1|5|7364876
37905|0x16dcf1|6|14901106
37905|0x56dcf1|7|29827515
37905|0xd6dcf1|8|59715349
37905|0xd6dcf1|9|119292332
37905|0x2d6dcf1|10|239191325
37905|0x2d6dcf1|11|479501400
37905|0xad6dcf1|12|965615217
37905|0x1ad6dcf1|13|1914985114
37905|0x1ad6dcf1|14|3828522804
37905|0x1ad6dcf1|15|7574364197
37905|0x1ad6dcf1|16|15252514622
37905|0x1ad6dcf1|17|30212996156
37905|0x21ad6dcf1|18|59342620336
37905|0x21ad6dcf1|19|118855404411
37905|0xa1ad6dcf1|20|237299364378
37905|0x1a1ad6dcf1|21|474322996114
37905|0x1a1ad6dcf1|22|948311481095
37905|0x5a1ad6dcf1|23|1898879906379
37905|0xda1ad6dcf1|24|4141645840063
37907|0x561b|1|585609
37907|0x2561b|2|895334
37907|0x6561b|3|1786435
37907|0x6561b|4|3584912
37907|0x6561b|5|7268117
37907|0x6561b|6|14734895
37907|0x46561b|7|29437945
37907|0x46561b|8|58836911
37907|0x146561b|9|119361003
37907|0x346561b|10|238538862
37907|0x346561b|11|477279400
37907|0xb46561b|12|943882455
37907|0xb46561b|13|1894660571
37907|0xb46561b|14|3820468513
37907|0xb46561b|15|7656985246
37907|0x8b46561b|16|15172306576
37907|0x18b46561b|17|30023465186
37907|0x38b46561b|18|59724639599
37907|0x38b46561b|19|118491472454
37907|0xb8b46561b|20|239208554515
37907|0xb8b46561b|21|478232011684
37907|0x2b8b46561b|22|952923426249
37907|0x6b8b46561b|23|2080114788191
37907|0xeb8b46561b|24|3798358198291
37909|0x9b3d|1|378363
37909|0x9b3d|2|895192
37909|0x49b3d|3|1666434
37909|0x49b3d|4|3739760
37909|0x49b3d|5|7204036
37909|0x249b3d|6|14745181
37909|0x649b3d|7|29846703
37909|0x649b3d|8|59768119
37909|0x649b3d|9|118238421
37909|0x2649b3d|10|239443044
37909|0x6649b3d|11|473138752
37909|0x6649b3d|12|946281403
37909|0x16649b3d|13|1888274987
37909|0x16649b3d|14|3805304031
37909|0x16649b3d|15|7622379722
37909|0x16649b3d|16|15176900110
37909|0x16649b3d|17|30363411619
37909|0x16649b3d|18|60676495597
37909|0x416649b3d|19|120183032171
37909|0xc16649b3d|20|238992001178
37909|0x1c16649b3d|21|476127368020
37909|0x1c16649b3d|22|951446965946
37909|0x5c16649b3d|23|1904374700248
37909|0xdc16649b3d|24|3798445205699
37911|0x1e3a7|1|532578
37911|0x1e3a7|2|918813
37911|0x1e3a7|3|1827318
37911|0x9e3a7|4|3541321
37911|0x9e3a7|5|7324332
37911|0x9e3a7|6|14726177
37911|0x9e3a7|7|29362469
37911|0x89e3a7|8|59537095
37911|0x89e3a7|9|119425039
37911|0x89e3a7|10|237211054
37911|0x489e3a7|11|477450754
37911|0x489e3a7|12|949658317
37911|0x489e3a7|13|1909623876
37911|0x2489e3a7|14|3799452276
37911|0x2489e3a7|15|7593557497
37911|0x2489e3a7|16|15154794184
37911|0x12489e3a7|17|29685687030
37911|0x32489e3a7|18|59560343203
37911|0x32489e3a7|19|119649226492
37911|0xb2489e3a7|20|238995584649
37911|0xb2489e3a7|21|472572719634
37911|0x2b2489e3a7|22|948699877864
37911|0x2b2489e3a7|23|1899438968570
37911|0x2b2489e3a7|24|3795667866263
37913|0x18829|1|473913
37913|0x38829|2|895118
37913|0x38829|3|1853154
37913|0x38829|4|3540682
37913|0x138829|5|7347044
37913|0x338829|6|14751465
37913|0x738829|7|29446103
37913|0x738829|8|58919568
37913|0x738829|9|118320602
37913|0x2738829|10|236401662
37913|0x2738829|11|473122038
37913|0xa738829|12|956633905
37913|0x1a738829|13|1914363456
37913|0x3a738829|14|3829039852
37913|0x3a738829|15|7568847309
37913|0xba738829|16|15163342590
37913|0x1ba738829|17|30082536841
37913|0x3ba738829|18|58953329097
37913|0x3ba738829|19|118165545732
37913|0xbba738829|20|236923721220
37913|0x1bba738829|21|473877654452
37913|0x1bba738829|22|948778151526
37913|0x1bba738829|23|1895070540594
37913|0x9bba738829|24|3795322550439
37915|0x12613|1|397160
37915|0x32613|2|810509
37915|0x32613|3|1754663
37915|0xb2613|4|3682031
37915|0x1b2613|5|7457097
37915|0x3b2613|6|14875656
37915|0x7b2613|7|29747246
37915|0x7b2613|8|59580923
37915|0x17b2613|9|119455306
37915|0x37b2613|10|238598212
37915|0x37b2613|11|478515707
37915|0x37b2613|12|951495359
37915|0x137b2613|13|1913415491
37915|0x137b2613|14|3783165825
37915|0x537b2613|15|7576884576
37915|0x537b2613|16|15135679686
37915|0x537b2613|17|30271590435
37915|0x537b2613|18|58791356832
37915|0x4537b2613|19|118752854429
37915|0xc537b2613|20|237227577479
37915|0x1c537b2613|21|474536630034
37915|0x1c537b2613|22|1000496841288
37915|0x5c537b2613|23|1906195773097
37915|0x5c537b2613|24|3826814031801
37917|0xce35|1|346248
37917|0x2ce35|2|810396
37917|0x2ce35|3|1823930
37917|0xace35|4|3643372
37917|0x1ace35|5|7501287
37917|0x1ace35|6|14624771
37917|0x5ace35|7|29348114
37917|0xdace35|8|59013301
37917|0xdace35|9|126175510
37917|0xdace35|10|238348379
37917|0xdace35|11|476942321
37917|0x8dace35|12|949398412
37917|0x8dace35|13|1899603230
37917|0x8dace35|14|3780839231
37917|0x8dace35|15|7588514800
37917|0x88dace35|16|15152860405
37917|0x88dace35|17|29937226651
37917|0x288dace35|18|59257091464
37917|0x288dace35|19|118499488802
37917|0xa88dace35|20|249530956710
37917|0x1a88dace35|21|473199321048
37917|0x3a88dace35|22|947250947610
37917|0x7a88dace35|23|1883082332753
37917|0x7a88dace35|24|3818188892139
37919|0x1e7df|1|402987
37919|0x1e7df|2|889013
37919|0x1e7df|3|1629075
37919|0x9e7df|4|3721364
37919|0x9e7df|5|7257285
37919|0x9e7df|6|14678947
37919|0x49e7df|7|29527682
37919|0x49e7df|8|59250841
37919|0x149e7df|9|118203019
37919|0x349e7df|10|236717288
37919|0x349e7df|11|473775592
37919|0x349e7df|12|949955409
37919|0x349e7df|13|1895319412
37919|0x2349e7df|14|3792306116
37919|0x2349e7df|15|7580649841
37919|0x2349e7df|16|15277259875
37919|0x12349e7df|17|29645144408
37919|0x32349e7df|18|59880203645
37919|0x32349e7df|19|121351376146
37919|0xb2349e7df|20|234480750064
37919|0xb2349e7df|21|547642707158
37919|0xb2349e7df|22|1054676479609
37919|0x4b2349e7df|23|1907960638147
37919|0xcb2349e7df|24|3802073240760
37921|0x1efe1|1|334298
37921|0x3efe1|2|880442
37921|0x3efe1|3|1851338
37921|0x3efe1|4|3521668
37921|0x13efe1|5|7423495
37921|0x13efe1|6|14650536
37921|0x53efe1|7|29371930
37921|0xd3efe1|8|58953028
37921|0xd3efe1|9|117820604
37921|0x2d3efe1|10|235685744
37921|0x6d3efe1|11|471532690
37921|0xed3efe1|12|943112472
37921|0x1ed3efe1|13|1907869622
37921|0x1ed3efe1|14|3789477147
37921|0x1ed3efe1|15|7632338582
37921|0x9ed3efe1|16|15318560893
37921|0x19ed3efe1|17|29897364516
37921|0x19ed3efe1|18|59339074083
37921|0x19ed3efe1|19|120172883713
37921|0x99ed3efe1|20|238809840815
37921|0x199ed3efe1|21|476516419610
37921|0x399ed3efe1|22|951884587966
37921|0x799ed3efe1|23|1900572273733
37921|0xf99ed3efe1|24|3800398329021
37923|0xbb8b|1|385443
37923|0x2bb8b|2|910517
37923|0x6bb8b|3|1657912
37923|0xebb8b|4|3713672
37923|0x1ebb8b|5|7132661
37923|0x3ebb8b|6|14688612
37923|0x3ebb8b|7|29509127
37923|0x3ebb8b|8|58812012
37923|0x13ebb8b|9|117923227
37923|0x13ebb8b|10|235774403
37923|0x13ebb8b|11|471484001
37923|0x13ebb8b|12|971659286
37923|0x113ebb8b|13|1887201624
37923|0x313ebb8b|14|3954230330
37923|0x313ebb8b|15|7566530607
37923|0x313ebb8b|16|15198775705
37923|0x1313ebb8b|17|29634426582
37923|0x3313ebb8b|18|58945099340
37923|0x3313ebb8b|19|118567966767
37923|0xb313ebb8b|20|239213918519
37923|0xb313ebb8b|21|477475592132
37923|0xb313ebb8b|22|957470775393
37923|0xb313ebb8b|23|1914445834201
37923|0xb313ebb8b|24|3821920337994
37925|0x167ad|1|400224
37925|0x167ad|2|894987
37925|0x567ad|3|1814164
37925|0xd67ad|4|3577838
37925|0xd67ad|5|7270506
37925|0x2d67ad|6|14695508
37925|0x2d67ad|7|29364514
37925|0xad67ad|8|58782747
37925|0x1ad67ad|9|117877530
37925|0x3ad67ad|10|235912146
37925|0x3ad67ad|11|471852764
37925|0xbad67ad|12|944171079
37925|0x1bad67ad|13|2301982919
37925|0x1bad67ad|14|3825920061
37925|0x5bad67ad|15|7563036666
37925|0xdbad67ad|16|15084286144
37925|0xdbad67ad|17|28798562445
37925|0xdbad67ad|18|60621116596
37925|0xdbad67ad|19|119693043234
37925|0xdbad67ad|20|237619042774
37925|0xdbad67ad|21|474369852747
37925|0x20dbad67ad|22|955741796236
37925|0x60dbad67ad|23|1901794974815
37925|0x60dbad67ad|24|3896311327423
37927|0x19b97|1|371120
37927|0x39b97|2|787451
37927|0x39b97|3|1872557
37927|0x39b97|4|3466574
37927|0x39b97|5|7396983
37927|0x39b97|6|14397295
37927|0x39b97|7|29165455
37927|0x839b97|8|58394748
37927|0x839b97|9|118030116
37927|0x2839b97|10|236584152
37927|0x2839b97|11|471549364
37927|0xa839b97|12|944947900
37927|0x1a839b97|13|1887153804
37927|0x3a839b97|14|3774841613
37927|0x3a839b97|15|7518273865
37927|0x3a839b97|16|15055455233
37927|0x13a839b97|17|29036621875
37927|0x13a839b97|18|58659840211
37927|0x53a839b97|19|117250071734
37927|0x53a839b97|20|234626924583
37927|0x53a839b97|21|469520923383
37927|0x253a839b97|22|944241424153
37927|0x253a839b97|23|1878322052190
37927|0xa53a839b97|24|6126796669188
37929|0x4819|1|597495
37929|0x24819|2|1405986
37929|0x64819|3|2947453
37929|0x64819|4|6004363
37929|0x164819|5|12156739
37929|0x164819|6|24465532
37929|0x564819|7|49020364
37929|0xd64819|8|98177288
37929|0xd64819|9|196472807
37929|0xd64819|10|393070311
37929|0x4d64819|11|786159837
37929|0xcd64819|12|1572877603
37929|0x1cd64819|13|3181124660
37929|0x1cd64819|14|6290262943
37929|0x1cd64819|15|12582930866
37929|0x9cd64819|16|25451669067
37929|0x19cd64819|17|49987691713
37929|0x39cd64819|18|98748687639
37929|0x39cd64819|19|197450576287
37929|0x39cd64819|20|394449909922
37929|0x39cd64819|21|789044090939
37929|0x39cd64819|22|1388824111160
37929|0x439cd64819|23|2498323739813
37929|0xc39cd64819|24|3761618592737
37931|0x18a83|1|565655
37931|0x38a83|2|895118
37931|0x78a83|3|1750685
37931|0xf8a83|4|3593115
37931|0x1f8a83|5|7193434
37931|0x3f8a83|6|14642939
37931|0x7f8a83|7|29037264
37931|0xff8a83|8|58435635
37931|0x1ff8a83|9|116832322
37931|0x3ff8a83|10|236619796
37931|0x3ff8a83|11|473395525
37931|0xbff8a83|12|946094504
37931|0xbff8a83|13|1892382896
37931|0xbff8a83|14|3743329914
37931|0x4bff8a83|15|7508855028
37931|0xcbff8a83|16|15063145072
37931|0xcbff8a83|17|28766435262
37931|0x2cbff8a83|18|58825757364
37931|0x2cbff8a83|19|117221851360
37931|0xacbff8a83|20|235569401355
37931|0xacbff8a83|21|471341402410
37931|0xacbff8a83|22|1442604697580
37931|0x4acbff8a83|23|3157739429024
37931|0xcacbff8a83|24|6296916646025
37933|0xdba5|1|910047
37933|0x2dba5|2|1415765
37933|0x6dba5|3|3001679
37933|0x6dba5|4|6092986
37933|0x16dba5|5|12363328
37933|0x16dba5|6|24750473
37933|0x16dba5|7|48130598
37933|0x16dba5|8|99331872
37933|0x116dba5|9|196519331
37933|0x116dba5|10|392748809
37933|0x116dba5|11|797319381
37933|0x916dba5|12|1575822445
37933|0x1916dba5|13|3169968528
37933|0x3916dba5|14|6321655900
37933|0x7916dba5|15|12648571619
37933|0xf916dba5|16|25311913174
37933|0x1f916dba5|17|49136304881
37933|0x3f916dba5|18|98375650261
37933|0x7f916dba5|19|197157890787
37933|0xff916dba5|20|395061961377
37933|0x1ff916dba5|21|788810725668
37933|0x3ff916dba5|22|1577387047260
37933|0x7ff916dba5|23|3153278513871
37933|0xfff916dba5|24|6308958612643
37935|0x132cf|1|329981
37935|0x132cf|2|787829
37935|0x132cf|3|1643471
37935|0x932cf|4|3368753
37935|0x1932cf|5|7020367
37935|0x1932cf|6|13906148
37935|0x1932cf|7|27637571
37935|0x1932cf|8|55795491
37935|0x1932cf|9|112940964
37935|0x21932cf|10|225499396
37935|0x61932cf|11|446411638
37935|0x61932cf|12|897356213
37935|0x161932cf|13|1785478496
37935|0x361932cf|14|3585192740
37935|0x361932cf|15|7191161250
37935|0xb61932cf|16|14364733726
37935|0xb61932cf|17|27680361789
37935|0xb61932cf|18|56617363310
37935|0xb61932cf|19|111730354744
37935|0x8b61932cf|20|232744549868
37935|0x8b61932cf|21|470006944746
37935|0x28b61932cf|22|1133509622916
37935|0x68b61932cf|23|2600292969829
37935|0xe8b61932cf|24|5307219261055
37937|0x44d1|1|779560
37937|0x244d1|2|1446964
37937|0x244d1|3|2999616
37937|0xa44d1|4|6098274
37937|0xa44d1|5|12324470
37937|0xa44d1|6|24782669
37937|0x4a44d1|7|49584037
37937|0x4a44d1|8|99309929
37937|0x4a44d1|9|198723659
37937|0x24a44d1|10|397370702
37937|0x24a44d1|11|794653473
37937|0x24a44d1|12|1571808703
37937|0x24a44d1|13|3179105667
37937|0x224a44d1|14|6362649095
37937|0x224a44d1|15|12580403694
37937|0xa24a44d1|16|25322326978
37937|0xa24a44d1|17|49301589358
37937|0x2a24a44d1|18|98818110611
37937|0x6a24a44d1|19|197126872879
37937|0xea24a44d1|20|394539504233
37937|0xea24a44d1|21|789086435658
37937|0x2ea24a44d1|22|1578184314077
37937|0x6ea24a44d1|23|3151227113541
37937|0x6ea24a44d1|24|4013922331936
37939|0x86fb|1|618897
37939|0x86fb|2|1475201
37939|0x486fb|3|3014462
37939|0x486fb|4|6091488
37939|0x1486fb|5|12323802
37939|0x3486fb|6|24777293
37939|0x3486fb|7|49575342
37939|0xb486fb|8|99381328
37939|0xb486fb|9|198696363
37939|0x2b486fb|10|393220408
37939|0x2b486fb|11|795433165
37939|0xab486fb|12|1590070321
37939|0xab486fb|13|3143848815
37939|0xab486fb|14|6367398061
37939|0xab486fb|15|12642152225
37939|0x8ab486fb|16|25332755016
37939|0x8ab486fb|17|50126166046
37939|0x8ab486fb|18|97015300950
37939|0x48ab486fb|19|197160521095
37939|0xc8ab486fb|20|394720505982
37939|0x1c8ab486fb|21|772086694730
37939|0x3c8ab486fb|22|946532044235
37939|0x7c8ab486fb|23|1889027820564
37939|0x7c8ab486fb|24|3792224182298
37941|0x11e1d|1|451537
37941|0x11e1d|2|920999
37941|0x51e1d|3|1751489
37941|0xd1e1d|4|3770984
37941|0xd1e1d|5|7231692
37941|0x2d1e1d|6|14925017
37941|0x6d1e1d|7|29873908
37941|0x6d1e1d|8|59115535
37941|0x6d1e1d|9|119258780
37941|0x6d1e1d|10|237140242
37941|0x46d1e1d|11|477516468
37941|0x46d1e1d|12|954209855
37941|0x46d1e1d|13|1902284288
37941|0x46d1e1d|14|3803770795
37941|0x46d1e1d|15|7605826477
37941|0x46d1e1d|16|15206025883
37941|0x46d1e1d|17|30459998956
37941|0x46d1e1d|18|60947473178
37941|0x46d1e1d|19|121899575078
37941|0x46d1e1d|20|243682427928
37941|0x10046d1e1d|21|472106029901
37941|0x30046d1e1d|22|949124029115
37941|0x30046d1e1d|23|1898258707974
37941|0xb0046d1e1d|24|3834116648470
37943|0x16187|1|628524
37943|0x36187|2|1408362
37943|0x76187|3|2940886
37943|0xf6187|4|6026013
37943|0x1f6187|5|12171367
37943|0x3f6187|6|24474245
37943|0x3f6187|7|49573831
37943|0x3f6187|8|97774228
37943|0x3f6187|9|197568253
37943|0x23f6187|10|397550810
37943|0x23f6187|11|793271340
37943|0x23f6187|12|1582799152
37943|0x23f6187|13|3165765975
37943|0x223f6187|14|6329890967
37943|0x223f6187|15|12658754765
37943|0x223f6187|16|23904067684
37943|0x223f6187|17|32924892807
37943|0x223f6187|18|60749360733
37943|0x4223f6187|19|118477686607
37943|0x4223f6187|20|321810221062
37943|0x14223f6187|21|653054653794
37943|0x34223f6187|22|1255436419560
37943|0x34223f6187|23|2461833604026
37943|0x34223f6187|24|3946564144581
37945|0x11a09|1|668715
37945|0x11a09|2|1447395
37945|0x51a09|3|2998856
37945|0x51a09|4|6114079
37945|0x151a09|5|12353468
37945|0x151a09|6|24223431
37945|0x551a09|7|49562572
37945|0x551a09|8|99337511
37945|0x551a09|9|198047347
37945|0x2551a09|10|397484055
37945|0x2551a09|11|793021830
37945|0xa551a09|12|1581241167
37945|0xa551a09|13|3157172748
37945|0xa551a09|14|6322138080
37945|0xa551a09|15|12658361779
37945|0x8a551a09|16|25296156531
37945|0x8a551a09|17|50142602734
37945|0x8a551a09|18|96947434963
37945|0x8a551a09|19|196553281337
37945|0x88a551a09|20|394543427708
37945|0x88a551a09|21|789417737174
37945|0x288a551a09|22|1136442114858
37945|0x288a551a09|23|2658531992231
37945|0x288a551a09|24|5246208393195
37947|0x124f3|1|607088
37947|0x124f3|2|1447646
37947|0x124f3|3|3019609
37947|0x124f3|4|6158035
37947|0x124f3|5|12326780
37947|0x2124f3|6|24777061
37947|0x2124f3|7|49568883
37947|0x2124f3|8|99360033
37947|0x12124f3|9|198891514
37947|0x12124f3|10|396058327
37947|0x52124f3|11|795718708
37947|0xd2124f3|12|1591381921
37947|0x1d2124f3|13|2504706247
37947|0x3d2124f3|14|4623684373
37947|0x7d2124f3|15|9136135201
37947|0x7d2124f3|16|16620806649
37947|0x7d2124f3|17|39424296056
37947|0x7d2124f3|18|96074342694
37947|0x47d2124f3|19|126156631522
37947|0x47d2124f3|20|356879990447
37947|0x47d2124f3|21|782437934058
37947|0x247d2124f3|22|1572076075136
37947|0x647d2124f3|23|3096889204503
37947|0xe47d2124f3|24|6254447423630
37949|0x1a315|1|881090
37949|0x1a315|2|1406934
37949|0x5a315|3|2938069
37949|0x5a315|4|6028598
37949|0x5a315|5|12147880
37949|0x25a315|6|24451717
37949|0x65a315|7|48970848
37949|0xe5a315|8|98124628
37949|0x1e5a315|9|196278789
37949|0x3e5a315|10|397136856
37949|0x3e5a315|11|785497902
37949|0x3e5a315|12|1571764610
37949|0x13e5a315|13|3146011815
37949|0x13e5a315|14|6293029747
37949|0x13e5a315|15|12646899710
37949|0x93e5a315|16|25292038500
37949|0x93e5a315|17|49744510141
37949|0x93e5a315|18|97661022184
37949|0x493e5a315|19|197233166707
37949|0xc93e5a315|20|392938993479
37949|0xc93e5a315|21|789051267648
37949|0xc93e5a315|22|1576840229692
37949|0xc93e5a315|23|3152752695187
37949|0x8c93e5a315|24|6294115541085
37951|0x15bbf|1|332834
37951|0x15bbf|2|902712
37951|0x15bbf|3|1884567
37951|0x15bbf|4|3503573
37951|0x15bbf|5|7441198
37951|0x215bbf|6|14889250
37951|0x615bbf|7|29792067
37951|0x615bbf|8|58818032
37951|0x1615bbf|9|118752958
37951|0x1615bbf|10|238576314
37951|0x1615bbf|11|476074464
37951|0x1615bbf|12|949536109
37951|0x1615bbf|13|1918159852
37951|0x21615bbf|14|3796571027
37951|0x21615bbf|15|7588436824
37951|0xa1615bbf|16|15188566501
37951|0xa1615bbf|17|29729950358
37951|0xa1615bbf|18|59218759105
37951|0x4a1615bbf|19|150788743082
37951|0x4a1615bbf|20|337082393092
37951|0x14a1615bbf|21|789213409391
37951|0x34a1615bbf|22|1160704052078
37951|0x74a1615bbf|23|2824273260035
37951|0x74a1615bbf|24|6134190738855
37953|0x17bc1|1|378022
37953|0x17bc1|2|894044
37953|0x57bc1|3|2183817
37953|0x57bc1|4|5986589
37953|0x157bc1|5|12170408
37953|0x157bc1|6|24461983
37953|0x157bc1|7|40480032
37953|0x157bc1|8|91445291
37953|0x1157bc1|9|176279553
37953|0x3157bc1|10|355551699
37953|0x7157bc1|11|659033272
37953|0xf157bc1|12|1315846223
37953|0xf157bc1|13|2632360854
37953|0xf157bc1|14|5361289648
37953|0x4f157bc1|15|10504454089
37953|0xcf157bc1|16|25310375813
37953|0x1cf157bc1|17|48711937382
37953|0x3cf157bc1|18|98617850015
37953|0x3cf157bc1|19|151505342547
37953|0x3cf157bc1|20|251483798120
37953|0x13cf157bc1|21|741038890533
37953|0x13cf157bc1|22|1396516479710
37953|0x53cf157bc1|23|2776871705584
37953|0x53cf157bc1|24|5581533682242
37955|0x1586b|1|618686
37955|0x1586b|2|1474731
37955|0x1586b|3|2979139
37955|0x9586b|4|6116051
37955|0x19586b|5|12325803
37955|0x19586b|6|18056079
37955|0x59586b|7|49410823
37955|0xd9586b|8|83683346
37955|0xd9586b|9|177623553
37955|0xd9586b|10|329444616
37955|0xd9586b|11|672753727
37955|0xd9586b|12|1120230131
37955|0xd9586b|13|1895476865
37955|0x20d9586b|14|3818715727
37955|0x60d9586b|15|7655415747
37955|0x60d9586b|16|15131344005
37955|0x160d9586b|17|29932262143
37955|0x360d9586b|18|59503479713
37955|0x360d9586b|19|151887353164
37955|0x360d9586b|20|216969898981
37955|0x360d9586b|21|483106726717
37955|0x2360d9586b|22|1280215486117
37955|0x6360d9586b|23|2834920330229
37955|0x6360d9586b|24|5149778195026
37957|0x15e8d|1|379057
37957|0x15e8d|2|895403
37957|0x15e8d|3|1760846
37957|0x95e8d|4|3552801
37957|0x195e8d|5|7267767
37957|0x195e8d|6|14530877
37957|0x195e8d|7|29057767
37957|0x995e8d|8|58933282
37957|0x995e8d|9|118302002
37957|0x995e8d|10|236236246
37957|0x4995e8d|11|471518366
37957|0xc995e8d|12|941930521
37957|0x1c995e8d|13|1739556728
37957|0x3c995e8d|14|3560570407
37957|0x3c995e8d|15|7557705331
37957|0x3c995e8d|16|15084487481
37957|0x13c995e8d|17|29228229951
37957|0x33c995e8d|18|59227410785
37957|0x33c995e8d|19|118370076696
37957|0xb3c995e8d|20|233172017228
37957|0x1b3c995e8d|21|502536706430
37957|0x3b3c995e8d|22|946641295439
37957|0x3b3c995e8d|23|2016042231749
37957|0x3b3c995e8d|24|3798134385370
37959|0xd577|1|632916
37959|0xd577|2|1406319
37959|0x4d577|3|2946317
37959|0x4d577|4|5988738
37959|0x4d577|5|28206691
37959|0x4d577|6|52816018
37959|0x44d577|7|81074609
37959|0xc4d577|8|114213607
37959|0xc4d577|9|198875135
37959|0x2c4d577|10|397880706
37959|0x2c4d577|11|795717206
37959|0x2c4d577|12|1582076284
37959|0x12c4d577|13|3168215711
37959|0x12c4d577|14|6334187319
37959|0x12c4d577|15|12663694194
37959|0x12c4d577|16|25337473961
37959|0x112c4d577|17|48503292116
37959|0x312c4d577|18|70779983437
37959|0x712c4d577|19|118660004056
37959|0x712c4d577|20|237188959110
37959|0x1712c4d577|21|472749633590
37959|0x1712c4d577|22|947366201417
37959|0x5712c4d577|23|1896425032399
37959|0x5712c4d577|24|3801529889787
37961|0x19df9|1|350267
37961|0x39df9|2|810477
37961|0x79df9|3|1667800
37961|0x79df9|4|3423198
37961|0x79df9|5|6895077
37961|0x79df9|6|13850657
37961|0x79df9|7|27701199
37961|0x879df9|8|49400239
37961|0x879df9|9|105037775
37961|0x2879df9|10|181629756
37961|0x2879df9|11|356047573
37961|0x2879df9|12|780327410
37961|0x2879df9|13|1449254437
37961|0x22879df9|14|3257197407
37961|0x62879df9|15|8752071150
37961|0xe2879df9|16|18664506578
37961|0x1e2879df9|17|30474956818
37961|0x1e2879df9|18|59186542183
37961|0x1e2879df9|19|119003374337
37961|0x1e2879df9|20|243158694097
37961|0x1e2879df9|21|473111545305
37961|0x1e2879df9|22|1082613567920
37961|0x1e2879df9|23|2282051100330
37961|0x81e2879df9|24|4452975038476
37963|0x19563|1|427022
37963|0x19563|2|921001
37963|0x59563|3|1844704
37963|0x59563|4|3667831
37963|0x59563|5|7270980
37963|0x59563|6|14726621
37963|0x59563|7|29625136
37963|0x59563|8|59253455
37963|0x59563|9|119476982
37963|0x59563|10|240628214
37963|0x4059563|11|478593776
37963|0xc059563|12|945806799
37963|0xc059563|13|1906656170
37963|0xc059563|14|3811962754
37963|0x4c059563|15|7621298206
37963|0xcc059563|16|18523897032
37963|0x1cc059563|17|47221855145
37963|0x3cc059563|18|66144567678
37963|0x3cc059563|19|118522805731
37963|0x3cc059563|20|237072413800
37963|0x13cc059563|21|501157394220
37963|0x13cc059563|22|996446345614
37963|0x53cc059563|23|1922798059749
37963|0xd3cc059563|24|3956307438799
37965|0xc485|1|528935
37965|0xc485|2|920990
37965|0xc485|3|1799748
37965|0x8c485|4|3706802
37965|0x8c485|5|7342990
37965|0x8c485|6|14945460
37965|0x48c485|7|29920853
37965|0xc8c485|8|59896582
37965|0xc8c485|9|119559045
37965|0x2c8c485|10|236222137
37965|0x2c8c485|11|475536531
37965|0xac8c485|12|952354942
37965|0x1ac8c485|13|1894816786
37965|0x3ac8c485|14|3802310235
37965|0x7ac8c485|15|7603262642
37965|0x7ac8c485|16|15258557733
37965|0x17ac8c485|17|43513526273
37965|0x37ac8c485|18|59431235983
37965|0x37ac8c485|19|118615286791
37965|0xb7ac8c485|20|237134899915
37965|0x1b7ac8c485|21|521632356789
37965|0x1b7ac8c485|22|976142100054
37965|0x5b7ac8c485|23|1894195741668
37965|0xdb7ac8c485|24|3762652353220
37967|0x2af|1|401706
37967|0x202af|2|835552
37967|0x602af|3|1689365
37967|0xe02af|4|3708157
37967|0xe02af|5|7388623
37967|0x2e02af|6|14875370
37967|0x6e02af|7|29722506
37967|0xee02af|8|59752812
37967|0x1ee02af|9|119280895
37967|0x3ee02af|10|238944306
37967|0x3ee02af|11|478011534
37967|0x3ee02af|12|945058933
37967|0x13ee02af|13|1895227765
37967|0x13ee02af|14|3827336918
37967|0x53ee02af|15|7567153415
37967|0xd3ee02af|16|15339369284
37967|0x1d3ee02af|17|29766074699
37967|0x3d3ee02af|18|59319752399
37967|0x7d3ee02af|19|118828907214
37967|0x7d3ee02af|20|237707484314
37967|0x17d3ee02af|21|475078018885
37967|0x37d3ee02af|22|950570391098
37967|0x77d3ee02af|23|1901038265494
37967|0xf7d3ee02af|24|3796443322419
37969|0x134b1|1|382174
37969|0x134b1|2|895378
37969|0x134b1|3|1695217
37969|0x934b1|4|3674434
37969|0x934b1|5|7188911
37969|0x2934b1|6|14728732
37969|0x2934b1|7|29500893
37969|0xa934b1|8|58762295
37969|0xa934b1|9|119319656
37969|0xa934b1|10|238464821
37969|0xa934b1|11|477108714
37969|0x8a934b1|12|943354952
37969|0x18a934b1|13|1917862486
37969|0x38a934b1|14|3794122810
37969|0x78a934b1|15|7596107305
37969|0x78a934b1|16|15246528812
37969|0x78a934b1|17|30459933070
37969|0x78a934b1|18|57784632639
37969|0x78a934b1|19|117964873052
37969|0x878a934b1|20|237224161529
37969|0x1878a934b1|21|474619142968
37969|0x1878a934b1|22|946406020744
37969|0x1878a934b1|23|1895613690406
37969|0x9878a934b1|24|4282685361198
37971|0xcfdb|1|639215
37971|0x2cfdb|2|1429777
37971|0x6cfdb|3|2973599
37971|0x6cfdb|4|6061443
37971|0x6cfdb|5|12335227
37971|0x26cfdb|6|24773310
37971|0x66cfdb|7|49616979
37971|0xe6cfdb|8|99337199
37971|0x1e6cfdb|9|198915931
37971|0x3e6cfdb|10|397924444
37971|0x7e6cfdb|11|792609411
37971|0x7e6cfdb|12|1574086211
37971|0x7e6cfdb|13|3184263368
37971|0x7e6cfdb|14|6297603078
37971|0x7e6cfdb|15|12693414363
37971|0x7e6cfdb|16|25295542139
37971|0x7e6cfdb|17|43991633099
37971|0x7e6cfdb|18|97053362715
37971|0x407e6cfdb|19|197201247485
37971|0x407e6cfdb|20|383447259210
37971|0x407e6cfdb|21|638722468234
37971|0x2407e6cfdb|22|897152232608
37971|0x6407e6cfdb|23|1990534432752
37971|0x6407e6cfdb|24|5283090144936
37973|0x1c8fd|1|349137
37973|0x3c8fd|2|788007
37973|0x7c8fd|3|1649874
37973|0xfc8fd|4|3343102
37973|0x1fc8fd|5|7010984
37973|0x1fc8fd|6|13777667
37973|0x5fc8fd|7|27815581
37973|0x5fc8fd|8|55835522
37973|0x5fc8fd|9|111441006
37973|0x5fc8fd|10|222734338
37973|0x5fc8fd|11|445952449
37973|0x5fc8fd|12|892599276
37973|0x5fc8fd|13|1788831042
37973|0x5fc8fd|14|3606192004
37973|0x5fc8fd|15|7123333544
37973|0x805fc8fd|16|14273109744
37973|0x805fc8fd|17|28512301859
37973|0x2805fc8fd|18|55941084740
37973|0x6805fc8fd|19|121796674701
37973|0x6805fc8fd|20|224141954944
37973|0x6805fc8fd|21|452828414846
37973|0x26805fc8fd|22|1156257853693
37973|0x26805fc8fd|23|1793757236604
37973|0x26805fc8fd|24|4122831396243
37975|0x19767|1|668780
37975|0x39767|2|1407046
37975|0x39767|3|2932324
37975|0x39767|4|6000378
37975|0x39767|5|12175017
37975|0x39767|6|24475986
37975|0x439767|7|49067994
37975|0xc39767|8|98215609
37975|0xc39767|9|196618454
37975|0x2c39767|10|397965736
37975|0x6c39767|11|786969589
37975|0x6c39767|12|1591842165
37975|0x6c39767|13|3160259801
37975|0x26c39767|14|6333889342
37975|0x66c39767|15|12666272877
37975|0x66c39767|16|25352983131
37975|0x66c39767|17|50690739409
37975|0x66c39767|18|96687969178
37975|0x466c39767|19|197687828107
37975|0xc66c39767|20|395027199974
37975|0xc66c39767|21|691654245249
37975|0x2c66c39767|22|1066233934507
37975|0x2c66c39767|23|2225155963460
37975|0xac66c39767|24|3925617675295
37977|0x173e9|1|618924
37977|0x173e9|2|1449442
37977|0x573e9|3|3002610
37977|0xd73e9|4|6155444
37977|0x1d73e9|5|12359054
37977|0x1d73e9|6|24775310
37977|0x5d73e9|7|49685976
37977|0xdd73e9|8|98758779
37977|0xdd73e9|9|196662177
37977|0xdd73e9|10|393375583
37977|0x4dd73e9|11|796188111
37977|0xcdd73e9|12|1585680077
37977|0xcdd73e9|13|3165648623
37977|0xcdd73e9|14|6369319891
37977|0xcdd73e9|15|12732897788
37977|0x8cdd73e9|16|25336753665
37977|0x18cdd73e9|17|50081346891
37977|0x38cdd73e9|18|94030567414
37977|0x78cdd73e9|19|109650521774
37977|0x78cdd73e9|20|234004120428
37977|0x178cdd73e9|21|513502452247
37977|0x378cdd73e9|22|1057889629041
37977|0x778cdd73e9|23|2370124751824
37977|0x778cdd73e9|24|4619550180473
37979|0x7bd3|1|398395
37979|0x27bd3|2|908505
37979|0x27bd3|3|1769738
37979|0xa7bd3|4|3553053
37979|0x1a7bd3|5|7303984
37979|0x1a7bd3|6|14679325
37979|0x1a7bd3|7|29456250
37979|0x1a7bd3|8|59225591
37979|0x11a7bd3|9|118450657
37979|0x11a7bd3|10|237171578
37979|0x51a7bd3|11|473494000
37979|0x51a7bd3|12|935140155
37979|0x51a7bd3|13|1868761982
37979|0x251a7bd3|14|3781971676
37979|0x251a7bd3|15|7563526620
37979|0xa51a7bd3|16|15082075741
37979|0xa51a7bd3|17|29241961364
37979|0x2a51a7bd3|18|58794094098
37979|0x6a51a7bd3|19|152396789789
37979|0x6a51a7bd3|20|395164479042
37979|0x16a51a7bd3|21|789317681445
37979|0x16a51a7bd3|22|1578675974771
37979|0x16a51a7bd3|23|2772729475486
37979|0x96a51a7bd3|24|4438500322341
37981|0x1dff5|1|351582
37981|0x1dff5|2|810488
37981|0x1dff5|3|1858458
37981|0x9dff5|4|3587475
37981|0x19dff5|5|7545411
37981|0x39dff5|6|14859023
37981|0x39dff5|7|29751171
37981|0xb9dff5|8|59581686
37981|0x1b9dff5|9|119498250
37981|0x3b9dff5|10|238661490
37981|0x3b9dff5|11|477306411
37981|0x3b9dff5|12|950725836
37981|0x13b9dff5|13|1887492501
37981|0x33b9dff5|14|3776287129
37981|0x73b9dff5|15|7555757238
37981|0xf3b9dff5|16|14256899144
37981|0xf3b9dff5|17|33711502346
37981|0xf3b9dff5|18|72599209002
37981|0xf3b9dff5|19|116063609580
37981|0xf3b9dff5|20|269063507499
37981|0xf3b9dff5|21|559285773332
37981|0xf3b9dff5|22|897141195671
37981|0x40f3b9dff5|23|2613517158816
37981|0xc0f3b9dff5|24|5296396841624
37983|0xc79f|1|354474
37983|0x2c79f|2|787836
37983|0x2c79f|3|1629360
37983|0x2c79f|4|3359569
37983|0x12c79f|5|7071757
37983|0x32c79f|6|13915476
37983|0x72c79f|7|27898970
37983|0x72c79f|8|55831135
37983|0x72c79f|9|111731369
37983|0x272c79f|10|223499666
37983|0x672c79f|11|447208502
37983|0x672c79f|12|895238908
37983|0x672c79f|13|1787941862
37983|0x672c79f|14|3618227490
37983|0x4672c79f|15|7143423723
37983|0xc672c79f|16|14415791295
37983|0xc672c79f|17|27628430577
37983|0xc672c79f|18|57765612566
37983|0x4c672c79f|19|111932203696
37983|0x4c672c79f|20|275033295968
37983|0x4c672c79f|21|790410495665
37983|0x4c672c79f|22|1542140315829
37983|0x4c672c79f|23|1933912717903
37983|0x84c672c79f|24|4291566726628
37985|0x10fa1|1|389514
37985|0x10fa1|2|2042607
37985|0x10fa1|3|1924633
37985|0x10fa1|4|3604202
37985|0x110fa1|5|7500071
37985|0x110fa1|6|22128531
37985|0x110fa1|7|49798241
37985|0x910fa1|8|60377881
37985|0x910fa1|9|117973794
37985|0x910fa1|10|273060328
37985|0x4910fa1|11|607156616
37985|0xc910fa1|12|1213258728
37985|0xc910fa1|13|1849992439
37985|0x2c910fa1|14|3369492323
37985|0x6c910fa1|15|8558131566
37985|0x6c910fa1|16|20705312598
37985|0x16c910fa1|17|36328593796
37985|0x36c910fa1|18|67442025999
37985|0x36c910fa1|19|128233581483
37985|0x36c910fa1|20|290957478423
37985|0x136c910fa1|21|536758012819
37985|0x336c910fa1|22|1051556263986
37985|0x736c910fa1|23|1928017512394
37985|0xf36c910fa1|24|3693280573991
37987|0x8d4b|1|437868
37987|0x28d4b|2|921169
37987|0x68d4b|3|1787612
37987|0xe8d4b|4|3681856
37987|0x1e8d4b|5|7272458
37987|0x1e8d4b|6|14676487
37987|0x1e8d4b|7|29117647
37987|0x9e8d4b|8|53657983
37987|0x19e8d4b|9|103403998
37987|0x39e8d4b|10|199507651
37987|0x39e8d4b|11|423077700
37987|0x39e8d4b|12|842414939
37987|0x139e8d4b|13|1726481966
37987|0x139e8d4b|14|3488990095
37987|0x539e8d4b|15|7284587219
37987|0x539e8d4b|16|14481695744
37987|0x539e8d4b|17|28570208701
37987|0x539e8d4b|18|78181119730
37987|0x539e8d4b|19|111743666480
37987|0x8539e8d4b|20|256623830198
37987|0x18539e8d4b|21|483003309456
37987|0x18539e8d4b|22|908086884577
37987|0x58539e8d4b|23|1815702895819
37987|0xd8539e8d4b|24|3687574289113
37989|0x1fd6d|1|632358
37989|0x1fd6d|2|1444479
37989|0x5fd6d|3|2860952
37989|0x5fd6d|4|6043723
37989|0x5fd6d|5|12193017
37989|0x25fd6d|6|21786799
37989|0x25fd6d|7|47384648
37989|0xa5fd6d|8|109817800
37989|0xa5fd6d|9|188551767
37989|0xa5fd6d|10|387281606
37989|0xa5fd6d|11|721835560
37989|0x8a5fd6d|12|1307299588
37989|0x8a5fd6d|13|1734640098
37989|0x28a5fd6d|14|4017715736
37989|0x28a5fd6d|15|7940333796
37989|0x28a5fd6d|16|20087304813
37989|0x28a5fd6d|17|30484586109
37989|0x28a5fd6d|18|67280437388
37989|0x28a5fd6d|19|136329548432
37989|0x28a5fd6d|20|249781881378
37989|0x1028a5fd6d|21|513428070972
37989|0x3028a5fd6d|22|914298216033
37989|0x3028a5fd6d|23|1766407807491
37989|0xb028a5fd6d|24|4212733762104
37991|0x14757|1|234783
37991|0x34757|2|499690
37991|0x34757|3|1327955
37991|0x34757|4|2636345
37991|0x134757|5|5228435
37991|0x134757|6|14746674
37991|0x134757|7|28893379
37991|0x134757|8|56257841
37991|0x1134757|9|107643669
37991|0x1134757|10|214578818
37991|0x5134757|11|453140354
37991|0x5134757|12|1045312364
37991|0x15134757|13|2394189779
37991|0x35134757|14|4817607877
37991|0x35134757|15|8813579954
37991|0xb5134757|16|13585259356
37991|0xb5134757|17|33881170934
37991|0xb5134757|18|71572416578
37991|0xb5134757|19|122911023288
37991|0x8b5134757|20|254070699787
37991|0x18b5134757|21|566072358192
37991|0x38b5134757|22|1110737936876
37991|0x38b5134757|23|2152724584517
37991|0xb8b5134757|24|3835831357985
37993|0x3bd9|1|346702
37993|0x23bd9|2|810542
37993|0x63bd9|3|1822271
37993|0xe3bd9|4|3619587
37993|0x1e3bd9|5|7328663
37993|0x1e3bd9|6|12895584
37993|0x1e3bd9|7|24605551
37993|0x1e3bd9|8|50700377
37993|0x11e3bd9|9|102412276
37993|0x11e3bd9|10|209618023
37993|0x11e3bd9|11|413151424
37993|0x11e3bd9|12|851059541
37993|0x111e3bd9|13|1577104883
37993|0x111e3bd9|14|3462668150
37993|0x111e3bd9|15|7090048869
37993|0x911e3bd9|16|13226096055
37993|0x1911e3bd9|17|26917129413
37993|0x3911e3bd9|18|53099865780
37993|0x7911e3bd9|19|112753624889
37993|0x7911e3bd9|20|218186124233
37993|0x7911e3bd9|21|464097697911
37993|0x7911e3bd9|22|869990535730
37993|0x7911e3bd9|23|2035831852299
37993|0x7911e3bd9|24|4024841907036
37995|0x17843|1|625362
37995|0x17843|2|1408316
37995|0x57843|3|2943368
37995|0x57843|4|5997682
37995|0x157843|5|12205717
37995|0x157843|6|24544449
37995|0x157843|7|49811763
37995|0x957843|8|60274956
37995|0x957843|9|154707700
37995|0x957843|10|294493405
37995|0x957843|11|617345993
37995|0x8957843|12|1159962779
37995|0x8957843|13|2385334076
37995|0x8957843|14|4961991557
37995|0x8957843|15|7122845764
37995|0x8957843|16|12795554395
37995|0x8957843|17|27975551299
37995|0x208957843|18|54623012909
37995|0x208957843|19|111462339704
37995|0x208957843|20|267948147015
37995|0x1208957843|21|493952159931
37995|0x1208957843|22|1031075037775
37995|0x1208957843|23|2171870645926
37995|0x9208957843|24|3829107051051
37997|0x9565|1|212571
37997|0x29565|2|500097
37997|0x29565|3|1191127
37997|0xa9565|4|2526147
37997|0xa9565|5|7007857
37997|0x2a9565|6|13816117
37997|0x2a9565|7|27841623
37997|0xaa9565|8|46726794
37997|0x1aa9565|9|95078934
37997|0x1aa9565|10|194560459
37997|0x5aa9565|11|381996643
37997|0xdaa9565|12|778201980
37997|0x1daa9565|13|1457993862
37997|0x1daa9565|14|3176601471
37997|0x5daa9565|15|6421388993
37997|0xddaa9565|16|12636981327
37997|0x1ddaa9565|17|28798146091
37997|0x3ddaa9565|18|55941492308
37997|0x7ddaa9565|19|132474935661
37997|0x7ddaa9565|20|272035545452
37997|0x7ddaa9565|21|519045258465
37997|0x7ddaa9565|22|1029373765452
37997|0x7ddaa9565|23|2154663573186
37997|0x87ddaa9565|24|4240717908486
37999|0x14a8f|1|387540
37999|0x34a8f|2|2099817
37999|0x34a8f|3|1668463
37999|0xb4a8f|4|3751392
37999|0xb4a8f|5|7169828
37999|0xb4a8f|6|13865951
37999|0xb4a8f|7|20769374
37999|0xb4a8f|8|54902345
37999|0xb4a8f|9|117381093
37999|0xb4a8f|10|233166509
37999|0x40b4a8f|11|471203733
37999|0xc0b4a8f|12|910698847
37999|0xc0b4a8f|13|1892978900
37999|0xc0b4a8f|14|3746033708
37999|0x4c0b4a8f|15|7086571663
37999|0xcc0b4a8f|16|13427894672
37999|0x1cc0b4a8f|17|32740800096
37999|0x3cc0b4a8f|18|55745069378
37999|0x7cc0b4a8f|19|126244140824
37999|0xfcc0b4a8f|20|274746634835
37999|0x1fcc0b4a8f|21|435134511282
37999|0x1fcc0b4a8f|22|1019920676827
37999|0x5fcc0b4a8f|23|2122732669550
37999|0xdfcc0b4a8f|24|3905450261263
38001|0xac91|1|378084
38001|0xac91|2|2013261
38001|0xac91|3|1677102
38001|0xac91|4|3638436
38001|0x10ac91|5|7207548
38001|0x30ac91|6|14825165
38001|0x70ac91|7|32187739
38001|0xf0ac91|8|59170648
38001|0xf0ac91|9|127451489
38001|0x2f0ac91|10|236793765
38001|0x2f0ac91|11|460987407
38001|0x2f0ac91|12|944510693
38001|0x12f0ac91|13|1659615669
38001|0x12f0ac91|14|3510624311
38001|0x12f0ac91|15|6408887362
38001|0x92f0ac91|16|14275671011
38001|0x92f0ac91|17|29999321473
38001|0x92f0ac91|18|54981755899
38001|0x492f0ac91|19|144400207857
38001|0xc92f0ac91|20|273392204927
38001|0xc92f0ac91|21|542967296584
38001|0xc92f0ac91|22|1028169212802
38001|0xc92f0ac91|23|2016862504657
38001|0x8c92f0ac91|24|3652606310858
38003|0x30bb|1|428981
38003|0x230bb|2|895498
38003|0x230bb|3|1769741
38003|0xa30bb|4|3506068
38003|0xa30bb|5|7270942
38003|0xa30bb|6|10645045
38003|0x4a30bb|7|26884760
38003|0xca30bb|8|51646508
38003|0x1ca30bb|9|101240718
38003|0x3ca30bb|10|197645886
38003|0x3ca30bb|11|421495795
38003|0xbca30bb|12|837472083
38003|0x1bca30bb|13|1680806942
38003|0x3bca30bb|14|3135878552
38003|0x7bca30bb|15|7499181160
38003|0xfbca30bb|16|13005480999
38003|0xfbca30bb|17|26567844222
38003|0x2fbca30bb|18|53424717672
38003|0x2fbca30bb|19|110299258454
38003|0xafbca30bb|20|215243555680
38003|0xafbca30bb|21|470351210525
38003|0xafbca30bb|22|1447271885976
38003|0xafbca30bb|23|2316333958508
38003|0x8afbca30bb|24|4460925577604
38005|0x19bdd|1|396119
38005|0x19bdd|2|921085
38005|0x19bdd|3|1707710
38005|0x99bdd|4|3749959
38005|0x99bdd|5|7229729
38005|0x99bdd|6|14837460
38005|0x99bdd|7|21861128
38005|0x899bdd|8|58419771
38005|0x1899bdd|9|105393533
38005|0x3899bdd|10|215776949
38005|0x7899bdd|11|426439909
38005|0x7899bdd|12|833955682
38005|0x7899bdd|13|2087033352
38005|0x7899bdd|14|4734800825
38005|0x7899bdd|15|7399561646
38005|0x7899bdd|16|12876875001
38005|0x107899bdd|17|29253214916
38005|0x107899bdd|18|83927264288
38005|0x507899bdd|19|159067429390
38005|0xd07899bdd|20|287512326502
38005|0x1d07899bdd|21|494341166468
38005|0x3d07899bdd|22|1080591047697
38005|0x7d07899bdd|23|2464389754251
38005|0xfd07899bdd|24|3738423632599
38007|0x18547|1|511848
38007|0x38547|2|871475
38007|0x38547|3|1926752
38007|0x38547|4|3614297
38007|0x138547|5|7468520
38007|0x338547|6|14916325
38007|0x338547|7|29870857
38007|0x338547|8|59663373
38007|0x1338547|9|119415275
38007|0x1338547|10|239088297
38007|0x1338547|11|478058184
38007|0x9338547|12|945927472
38007|0x19338547|13|1914701944
38007|0x19338547|14|3823309194
38007|0x19338547|15|7576687760
38007|0x99338547|16|15243561529
38007|0x199338547|17|29792151075
38007|0x199338547|18|56638888792
38007|0x199338547|19|113014866672
38007|0x199338547|20|253844150047
38007|0x1199338547|21|472056439232
38007|0x1199338547|22|944443584859
38007|0x5199338547|23|1893164133997
38007|0xd199338547|24|3814849293395
38009|0x195c9|1|403038
38009|0x195c9|2|809075
38009|0x195c9|3|1675397
38009|0x995c9|4|3669904
38009|0x995c9|5|7317582
38009|0x2995c9|6|14758185
38009|0x6995c9|7|29468885
38009|0xe995c9|8|59180020
38009|0x1e995c9|9|118156499
38009|0x3e995c9|10|236557505
38009|0x7e995c9|11|473306428
38009|0xfe995c9|12|946558446
38009|0x1fe995c9|13|1891477586
38009|0x3fe995c9|14|3786104652
38009|0x7fe995c9|15|7570342031
38009|0xffe995c9|16|15208039141
38009|0xffe995c9|17|28833759476
38009|0xffe995c9|18|58374826512
38009|0x4ffe995c9|19|118579780520
38009|0x4ffe995c9|20|237022830561
38009|0x14ffe995c9|21|497389583457
38009|0x34ffe995c9|22|1435173401764
38009|0x34ffe995c9|23|2486878794354
38009|0x34ffe995c9|24|4939280054080
38011|0x2ab3|1|348332
38011|0x2ab3|2|895822
38011|0x42ab3|3|1818918
38011|0x42ab3|4|3467385
38011|0x142ab3|5|7280959
38011|0x342ab3|6|14258027
38011|0x742ab3|7|28881791
38011|0xf42ab3|8|89857423
38011|0xf42ab3|9|117146366
38011|0x2f42ab3|10|234126887
38011|0x6f42ab3|11|468834690
38011|0x6f42ab3|12|937432698
38011|0x6f42ab3|13|1863942745
38011|0x6f42ab3|14|3734520763
38011|0x6f42ab3|15|7461919315
38011|0x86f42ab3|16|14934651879
38011|0x86f42ab3|17|38017195386
38011|0x286f42ab3|18|98716380113
38011|0x686f42ab3|19|119616036930
38011|0xe86f42ab3|20|284301076506
38011|0xe86f42ab3|21|676544524762
38011|0xe86f42ab3|22|1193706917541
38011|0xe86f42ab3|23|2416033030741
38011|0xe86f42ab3|24|5187646724922
38013|0x84d5|1|346859
38013|0x84d5|2|810913
38013|0x484d5|3|1760332
38013|0x484d5|4|3608410
38013|0x484d5|5|7180456
38013|0x484d5|6|14683592
38013|0x484d5|7|28877297
38013|0x484d5|8|57665858
38013|0x10484d5|9|116804624
38013|0x10484d5|10|225527073
38013|0x50484d5|11|467281845
38013|0x50484d5|12|929801951
38013|0x150484d5|13|1862197036
38013|0x350484d5|14|3726232916
38013|0x350484d5|15|7401543562
38013|0xb50484d5|16|15635968848
38013|0x1b50484d5|17|42159730083
38013|0x1b50484d5|18|84999068216
38013|0x5b50484d5|19|161602433651
38013|0x5b50484d5|20|231785783540
38013|0x15b50484d5|21|464807598099
38013|0x15b50484d5|22|1304973445892
38013|0x55b50484d5|23|1927321119732
38013|0xd5b50484d5|24|4002345951407
38015|0x12b7f|1|461701
38015|0x32b7f|2|788365
38015|0x32b7f|3|1662022
38015|0xb2b7f|4|3671741
38015|0x1b2b7f|5|7277266
38015|0x3b2b7f|6|14679025
38015|0x3b2b7f|7|29438357
38015|0xbb2b7f|8|59044479
38015|0xbb2b7f|9|117941233
38015|0x2bb2b7f|10|235977073
38015|0x2bb2b7f|11|486678126
38015|0x2bb2b7f|12|956659318
38015|0x12bb2b7f|13|1909599012
38015|0x12bb2b7f|14|3775972267
38015|0x12bb2b7f|15|7559407852
38015|0x92bb2b7f|16|15156427496
38015|0x192bb2b7f|17|30070355230
38015|0x192bb2b7f|18|59254598784
38015|0x592bb2b7f|19|116310169383
38015|0xd92bb2b7f|20|251356228341
38015|0x1d92bb2b7f|21|483258717691
38015|0x1d92bb2b7f|22|936582069605
38015|0x1d92bb2b7f|23|2130113112163
38015|0x9d92bb2b7f|24|4790412466384
38017|0x1ab81|1|348500
38017|0x3ab81|2|1970898
38017|0x3ab81|3|1668661
38017|0x3ab81|4|3439056
38017|0x3ab81|5|6912057
38017|0x3ab81|6|13862972
38017|0x3ab81|7|27509273
38017|0x3ab81|8|81429101
38017|0x103ab81|9|157946578
38017|0x303ab81|10|273461445
38017|0x703ab81|11|547452107
38017|0xf03ab81|12|1201888664
38017|0x1f03ab81|13|2212235269
38017|0x1f03ab81|14|5402335330
38017|0x5f03ab81|15|8336344681
38017|0x5f03ab81|16|14734196020
38017|0x5f03ab81|17|27808406578
38017|0x25f03ab81|18|58811889696
38017|0x25f03ab81|19|171869879938
38017|0x25f03ab81|20|268025301855
38017|0x25f03ab81|21|468811601450
38017|0x225f03ab81|22|1204671332946
38017|0x625f03ab81|23|2388492986315
38017|0xe25f03ab81|24|4703121845159
38019|0x15a2b|1|13044028
38019|0x35a2b|2|880883
38019|0x35a2b|3|1668455
38019|0xb5a2b|4|3786886
38019|0x1b5a2b|5|7259691
38019|0x3b5a2b|6|14688822
38019|0x3b5a2b|7|29271260
38019|0xbb5a2b|8|59133527
38019|0xbb5a2b|9|117197819
38019|0xbb5a2b|10|239302364
38019|0xbb5a2b|11|469008677
38019|0xbb5a2b|12|943792242
38019|0x10bb5a2b|13|1756195586
38019|0x30bb5a2b|14|3128999042
38019|0x70bb5a2b|15|7179094960
38019|0x70bb5a2b|16|14982869217
38019|0x70bb5a2b|17|29978604071
38019|0x270bb5a2b|18|58281619654
38019|0x670bb5a2b|19|117780566709
38019|0xe70bb5a2b|20|234984939978
38019|0x1e70bb5a2b|21|790735530932
38019|0x1e70bb5a2b|22|1524350784195
38019|0x5e70bb5a2b|23|2197942110144
38019|0xde70bb5a2b|24|3914744144783
38021|0x444d|1|629162
38021|0x444d|2|1404449
38021|0x444d|3|2938643
38021|0x444d|4|6047349
38021|0x444d|5|12180155
38021|0x20444d|6|24549699
38021|0x60444d|7|39829849
38021|0xe0444d|8|86240834
38021|0xe0444d|9|192285948
38021|0xe0444d|10|351827682
38021|0x4e0444d|11|535499862
38021|0x4e0444d|12|1151006074
38021|0x14e0444d|13|2198380635
38021|0x14e0444d|14|3983258477
38021|0x14e0444d|15|7142450899
38021|0x94e0444d|16|13131251764
38021|0x194e0444d|17|27344607637
38021|0x194e0444d|18|53298926094
38021|0x594e0444d|19|112829049328
38021|0xd94e0444d|20|229590680037
38021|0xd94e0444d|21|460621929164
38021|0x2d94e0444d|22|943957798308
38021|0x6d94e0444d|23|2052025901591
38021|0x6d94e0444d|24|3770204487189
38023|0x1f137|1|351069
38023|0x3f137|2|732310
38023|0x3f137|3|1191521
38023|0xbf137|4|2722015
38023|0xbf137|5|5139807
38023|0xbf137|6|13214896
38023|0x4bf137|7|24805840
38023|0xcbf137|8|53863361
38023|0x1cbf137|9|112580767
38023|0x3cbf137|10|221946915
38023|0x3cbf137|11|439193793
38023|0xbcbf137|12|833152246
38023|0xbcbf137|13|1782241288
38023|0x2bcbf137|14|3532054360
38023|0x2bcbf137|15|7073988763
38023|0x2bcbf137|16|14210918314
38023|0x12bcbf137|17|26159306019
38023|0x12bcbf137|18|62613405544
38023|0x12bcbf137|19|112620054344
38023|0x12bcbf137|20|221287252415
38023|0x112bcbf137|21|439410235739
38023|0x312bcbf137|22|922650468670
38023|0x712bcbf137|23|1975782326203
38023|0x712bcbf137|24|3398910305025
38025|0x121b9|1|375440
38025|0x321b9|2|788302
38025|0x721b9|3|1835227
38025|0x721b9|4|3475807
38025|0x1721b9|5|7341385
38025|0x3721b9|6|14794718
38025|0x3721b9|7|29538929
38025|0x3721b9|8|58478611
38025|0x13721b9|9|105388091
38025|0x33721b9|10|221223819
38025|0x33721b9|11|394294748
38025|0xb3721b9|12|844352477
38025|0xb3721b9|13|1834326086
38025|0x2b3721b9|14|3547107665
38025|0x2b3721b9|15|6995478482
38025|0x2b3721b9|16|14245033846
38025|0x12b3721b9|17|26515888833
38025|0x12b3721b9|18|53068874382
38025|0x52b3721b9|19|108251844335
38025|0x52b3721b9|20|266468305267
38025|0x52b3721b9|21|501672271611
38025|0x52b3721b9|22|1087223587405
38025|0x452b3721b9|23|2160852933389
38025|0x452b3721b9|24|4270839070652
38027|0x3323|1|592420
38027|0x3323|2|1789042
38027|0x43323|3|2890327
38027|0xc3323|4|6010439
38027|0x1c3323|5|12185099
38027|0x3c3323|6|24529458
38027|0x7c3323|7|42823755
38027|0x7c3323|8|86910921
38027|0x17c3323|9|166682914
38027|0x17c3323|10|359675824
38027|0x57c3323|11|717885589
38027|0xd7c3323|12|1453373035
38027|0xd7c3323|13|2327731628
38027|0x2d7c3323|14|3423970926
38027|0x2d7c3323|15|9481498088
38027|0xad7c3323|16|19265133813
38027|0xad7c3323|17|32441994361
38027|0x2ad7c3323|18|63468907051
38027|0x2ad7c3323|19|132821035089
38027|0x2ad7c3323|20|272875223909
38027|0x2ad7c3323|21|556187715045
38027|0x2ad7c3323|22|1003453285794
38027|0x42ad7c3323|23|1864576010952
38027|0xc2ad7c3323|24|3686674253308
38029|0x14e45|1|347396
38029|0x14e45|2|827690
38029|0x14e45|3|1711969
38029|0x94e45|4|3701245
38029|0x94e45|5|7241679
38029|0x294e45|6|14524439
38029|0x294e45|7|29398739
38029|0x294e45|8|58410397
38029|0x294e45|9|118281938
38029|0x294e45|10|221562848
38029|0x294e45|11|424885193
38029|0x8294e45|12|822183107
38029|0x8294e45|13|1626263727
38029|0x28294e45|14|3247157166
38029|0x28294e45|15|6786556567
38029|0x28294e45|16|14655936544
38029|0x28294e45|17|28126545816
38029|0x228294e45|18|51555484317
38029|0x228294e45|19|114681151348
38029|0xa28294e45|20|225831886977
38029|0x1a28294e45|21|451646538010
38029|0x3a28294e45|22|949490328510
38029|0x7a28294e45|23|1869671755279
38029|0xfa28294e45|24|4119384399199
38031|0xa6f|1|377225
38031|0x20a6f|2|1164374
38031|0x60a6f|3|1726624
38031|0xe0a6f|4|3582475
38031|0xe0a6f|5|7257559
38031|0x2e0a6f|6|14579560
38031|0x6e0a6f|7|23111063
38031|0xee0a6f|8|53825075
38031|0x1ee0a6f|9|127861184
38031|0x3ee0a6f|10|276580168
38031|0x3ee0a6f|11|570485743
38031|0x3ee0a6f|12|1326522070
38031|0x13ee0a6f|13|2650631805
38031|0x13ee0a6f|14|5470493990
38031|0x53ee0a6f|15|10203890538
38031|0xd3ee0a6f|16|13015727916
38031|0xd3ee0a6f|17|28142091904
38031|0xd3ee0a6f|18|70715014703
38031|0x4d3ee0a6f|19|114429930614
38031|0xcd3ee0a6f|20|225606552900
38031|0x1cd3ee0a6f|21|481769056044
38031|0x3cd3ee0a6f|22|1121913047979
38031|0x3cd3ee0a6f|23|2086188995632
38031|0xbcd3ee0a6f|24|3379152316279
38033|0x1ac71|1|432748
38033|0x1ac71|2|1940485
38033|0x5ac71|3|1842180
38033|0xdac71|4|3624549
38033|0x1dac71|5|7438233
38033|0x1dac71|6|14713673
38033|0x1dac71|7|29323265
38033|0x9dac71|8|59009390
38033|0x19dac71|9|117065680
38033|0x39dac71|10|234371206
38033|0x79dac71|11|471012811
38033|0xf9dac71|12|941848499
38033|0xf9dac71|13|1884060643
38033|0xf9dac71|14|3557861562
38033|0xf9dac71|15|6710063841
38033|0xf9dac71|16|14029666606
38033|0xf9dac71|17|27194841874
38033|0xf9dac71|18|54301405966
38033|0xf9dac71|19|102638861234
38033|0xf9dac71|20|225691894330
38033|0x100f9dac71|21|419847575062
38033|0x300f9dac71|22|858596434067
38033|0x700f9dac71|23|1983267157813
38033|0xf00f9dac71|24|3665866386962
38035|0x1a99b|1|331214
38035|0x3a99b|2|2176750
38035|0x3a99b|3|1711389
38035|0xba99b|4|3601836
38035|0xba99b|5|7247206
38035|0xba99b|6|14863805
38035|0x4ba99b|7|29066037
38035|0xcba99b|8|59206045
38035|0x1cba99b|9|122622729
38035|0x3cba99b|10|234363758
38035|0x7cba99b|11|473608357
38035|0xfcba99b|12|940766666
38035|0x1fcba99b|13|1864474108
38035|0x1fcba99b|14|3769645055
38035|0x1fcba99b|15|7264500430
38035|0x1fcba99b|16|12768521014
38035|0x1fcba99b|17|29170779655
38035|0x1fcba99b|18|60851142701
38035|0x41fcba99b|19|115148981816
38035|0x41fcba99b|20|255641071580
38035|0x41fcba99b|21|457943209291
38035|0x41fcba99b|22|908617052387
38035|0x441fcba99b|23|1861859885135
38035|0xc41fcba99b|24|4002897899313
38037|0x196bd|1|669647
38037|0x396bd|2|1447456
38037|0x796bd|3|3011135
38037|0x796bd|4|6121629
38037|0x1796bd|5|12365060
38037|0x3796bd|6|24791296
38037|0x3796bd|7|41462739
38037|0xb796bd|8|92078846
38037|0xb796bd|9|168780981
38037|0x2b796bd|10|344509030
38037|0x2b796bd|11|539400545
38037|0xab796bd|12|1146050602
38037|0xab796bd|13|2262011838
38037|0x2ab796bd|14|5269917291
38037|0x2ab796bd|15|10447407707
38037|0x2ab796bd|16|17773759608
38037|0x12ab796bd|17|29339712286
38037|0x12ab796bd|18|58137517729
38037|0x12ab796bd|19|123950511937
38037|0x12ab796bd|20|272984018450
38037|0x12ab796bd|21|608653200595
38037|0x212ab796bd|22|1095788459320
38037|0x212ab796bd|23|2087958528976
38037|0x212ab796bd|24|3766538311794
38039|0x2b27|1|330062
38039|0x2b27|2|513379
38039|0x42b27|3|1215571
38039|0xc2b27|4|3657354
38039|0xc2b27|5|7898774
38039|0x2c2b27|6|14626414
38039|0x2c2b27|7|27403524
38039|0x2c2b27|8|56306867
38039|0x12c2b27|9|111947143
38039|0x32c2b27|10|217557373
38039|0x32c2b27|11|420186290
38039|0xb2c2b27|12|855542297
38039|0xb2c2b27|13|1702004057
38039|0x2b2c2b27|14|3183983903
38039|0x2b2c2b27|15|7125725994
38039|0x2b2c2b27|16|14293354188
38039|0x12b2c2b27|17|29371166673
38039|0x32b2c2b27|18|58244895583
38039|0x72b2c2b27|19|117344205657
38039|0x72b2c2b27|20|237252482244
38039|0x172b2c2b27|21|470017727018
38039|0x372b2c2b27|22|1034748920243
38039|0x372b2c2b27|23|2136684741776
38039|0xb72b2c2b27|24|4273751823271
38041|0x7fa9|1|668295
38041|0x27fa9|2|3520042
38041|0x67fa9|3|3009841
38041|0x67fa9|4|6121850
38041|0x167fa9|5|12383234
38041|0x167fa9|6|24798420
38041|0x567fa9|7|36546112
38041|0xd67fa9|8|64033590
38041|0xd67fa9|9|141240415
38041|0x2d67fa9|10|282530492
38041|0x6d67fa9|11|592573174
38041|0xed67fa9|12|1128655933
38041|0xed67fa9|13|2256621620
38041|0x2ed67fa9|14|4566688657
38041|0x2ed67fa9|15|9178112371
38041|0x2ed67fa9|16|15495867676
38041|0x2ed67fa9|17|30821175173
38041|0x2ed67fa9|18|63349582792
38041|0x2ed67fa9|19|156308777177
38041|0x2ed67fa9|20|266129766204
38041|0x102ed67fa9|21|534539797828
38041|0x102ed67fa9|22|1055842199246
38041|0x502ed67fa9|23|2154098111208
38041|0x502ed67fa9|24|4433302255016
38043|0x13193|1|621996
38043|0x33193|2|1477266
38043|0x33193|3|2980130
38043|0xb3193|4|6128354
38043|0x1b3193|5|12357703
38043|0x3b3193|6|24619736
38043|0x3b3193|7|46600009
38043|0xbb3193|8|87087039
38043|0xbb3193|9|173584780
38043|0x2bb3193|10|321075770
38043|0x2bb3193|11|673853683
38043|0x2bb3193|12|1390410794
38043|0x2bb3193|13|2594165124
38043|0x22bb3193|14|5468213896
38043|0x62bb3193|15|9338892521
38043|0x62bb3193|16|19140640013
38043|0x62bb3193|17|42609154238
38043|0x62bb3193|18|73891395265
38043|0x62bb3193|19|145785562862
38043|0x62bb3193|20|286588664116
38043|0x1062bb3193|21|560682898613
38043|0x1062bb3193|22|1185251490712
38043|0x1062bb3193|23|2395875374923
38043|0x1062bb3193|24|4156256890277
38045|0x91b5|1|656504
38045|0x291b5|2|1409371
38045|0x291b5|3|2939301
38045|0x291b5|4|6009386
38045|0x1291b5|5|11622904
38045|0x3291b5|6|18448532
38045|0x7291b5|7|47340691
38045|0xf291b5|8|80776577
38045|0x1f291b5|9|184484887
38045|0x3f291b5|10|365814820
38045|0x3f291b5|11|702184343
38045|0xbf291b5|12|1243758087
38045|0x1bf291b5|13|2021640287
38045|0x3bf291b5|14|3900216596
38045|0x3bf291b5|15|7705245512
38045|0x3bf291b5|16|13596934864
38045|0x13bf291b5|17|33638240248
38045|0x33bf291b5|18|65452025585
38045|0x73bf291b5|19|128764388467
38045|0xf3bf291b5|20|262588931266
38045|0xf3bf291b5|21|489597892756
38045|0xf3bf291b5|22|868974745775
38045|0xf3bf291b5|23|1614178236795
38045|0xf3bf291b5|24|3226506675063
38047|0x1875f|1|693099
38047|0x3875f|2|1447235
38047|0x7875f|3|3020907
38047|0x7875f|4|6120460
38047|0x17875f|5|12371063
38047|0x37875f|6|24871998
38047|0x77875f|7|49648054
38047|0xf7875f|8|98269304
38047|0xf7875f|9|198930443
38047|0xf7875f|10|392802238
38047|0x4f7875f|11|810390544
38047|0x4f7875f|12|1592060066
38047|0x14f7875f|13|3174882381
38047|0x34f7875f|14|5468984987
38047|0x34f7875f|15|7507590905
38047|0x34f7875f|16|18305365435
38047|0x34f7875f|17|29906292858
38047|0x34f7875f|18|101010243975
38047|0x34f7875f|19|129538982725
38047|0x34f7875f|20|259879533900
38047|0x34f7875f|21|386147476919
38047|0x34f7875f|22|911005113577
38047|0x4034f7875f|23|1855241625184
38047|0xc034f7875f|24|3469417839637
38049|0x4f61|1|376028
38049|0x24f61|2|953614
38049|0x24f61|3|1706354
38049|0xa4f61|4|3314115
38049|0xa4f61|5|5160745
38049|0x2a4f61|6|10393098
38049|0x2a4f61|7|20649517
38049|0xaa4f61|8|52722404
38049|0x1aa4f61|9|118653008
38049|0x3aa4f61|10|237047119
38049|0x7aa4f61|11|468498768
38049|0xfaa4f61|12|915688484
38049|0x1faa4f61|13|1671768174
38049|0x3faa4f61|14|2980141493
38049|0x3faa4f61|15|6358763563
38049|0xbfaa4f61|16|13049081631
38049|0x1bfaa4f61|17|27030044797
38049|0x1bfaa4f61|18|54676573139
38049|0x1bfaa4f61|19|109612325078
38049|0x9bfaa4f61|20|230208939789
38049|0x19bfaa4f61|21|399745466449
38049|0x19bfaa4f61|22|811905180304
38049|0x19bfaa4f61|23|1672389430656
38049|0x19bfaa4f61|24|3608336172898
38051|0xbf0b|1|262726
38051|0xbf0b|2|499623
38051|0x4bf0b|3|1324577
38051|0xcbf0b|4|3712733
38051|0x1cbf0b|5|7194937
38051|0x1cbf0b|6|14815722
38051|0x5cbf0b|7|28930903
38051|0xdcbf0b|8|54806638
38051|0x1dcbf0b|9|103238700
38051|0x3dcbf0b|10|213194905
38051|0x7dcbf0b|11|424521758
38051|0x7dcbf0b|12|832209997
38051|0x7dcbf0b|13|1770332059
38051|0x27dcbf0b|14|3617785259
38051|0x27dcbf0b|15|7275084160
38051|0x27dcbf0b|16|13373636132
38051|0x127dcbf0b|17|27379398228
38051|0x127dcbf0b|18|58546127207
38051|0x127dcbf0b|19|108196830435
38051|0x927dcbf0b|20|236603637910
38051|0x927dcbf0b|21|529034442617
38051|0x2927dcbf0b|22|1022032681008
38051|0x6927dcbf0b|23|2021381324811
38051|0x6927dcbf0b|24|3966386329973
38053|0x1332d|1|424761
38053|0x1332d|2|920032
38053|0x5332d|3|1688177
38053|0x5332d|4|3766639
38053|0x15332d|5|7278260
38053|0x15332d|6|14719470
38053|0x55332d|7|29528411
38053|0xd5332d|8|59077549
38053|0x1d5332d|9|119175152
38053|0x1d5332d|10|236099017
38053|0x1d5332d|11|475353672
38053|0x1d5332d|12|944739619
38053|0x11d5332d|13|1902751341
38053|0x11d5332d|14|3802462817
38053|0x51d5332d|15|8347279466
38053|0x51d5332d|16|17929281771
38053|0x51d5332d|17|31236597452
38053|0x51d5332d|18|70426097406
38053|0x451d5332d|19|125586687238
38053|0xc51d5332d|20|235369833975
38053|0xc51d5332d|21|441689656074
38053|0xc51d5332d|22|964224875122
38053|0x4c51d5332d|23|1885613116034
38053|0xcc51d5332d|24|3703862321048
38055|0x1d317|1|346347
38055|0x3d317|2|810549
38055|0x3d317|3|1871798
38055|0xbd317|4|3613910
38055|0xbd317|5|7561113
38055|0xbd317|6|14931977
38055|0x4bd317|7|29925769
38055|0xcbd317|8|59863979
38055|0x1cbd317|9|119802758
38055|0x3cbd317|10|237063618
38055|0x3cbd317|11|479088272
38055|0x3cbd317|12|956846070
38055|0x13cbd317|13|1895510029
38055|0x13cbd317|14|3827233554
38055|0x53cbd317|15|7630478335
38055|0xd3cbd317|16|15236146729
38055|0xd3cbd317|17|29004153591
38055|0xd3cbd317|18|60032157937
38055|0x4d3cbd317|19|118647058767
38055|0xcd3cbd317|20|236938278047
38055|0x1cd3cbd317|21|469360364953
38055|0x1cd3cbd317|22|935357973379
38055|0x5cd3cbd317|23|1959441275085
38055|0x5cd3cbd317|24|3678868114907
38057|0x14f99|1|233501
38057|0x34f99|2|521998
38057|0x74f99|3|1353789
38057|0xf4f99|4|2556946
38057|0xf4f99|5|6031113
38057|0x2f4f99|6|14672301
38057|0x6f4f99|7|26189645
38057|0xef4f99|8|55135126
38057|0xef4f99|9|105270613
38057|0xef4f99|10|205952889
38057|0xef4f99|11|394573999
38057|0x8ef4f99|12|934646362
38057|0x8ef4f99|13|1878507102
38057|0x8ef4f99|14|3771632072
38057|0x48ef4f99|15|7402861174
38057|0xc8ef4f99|16|14274935307
38057|0x1c8ef4f99|17|29904445343
38057|0x1c8ef4f99|18|58606715423
38057|0x1c8ef4f99|19|128474955576
38057|0x9c8ef4f99|20|245257984104
38057|0x9c8ef4f99|21|524893997867
38057|0x29c8ef4f99|22|1265831146051
38057|0x69c8ef4f99|23|2438921052383
38057|0x69c8ef4f99|24|4234235684129
38059|0xc603|1|386402
38059|0x2c603|2|903475
38059|0x6c603|3|1706232
38059|0x6c603|4|3708820
38059|0x6c603|5|7139028
38059|0x6c603|6|14634503
38059|0x6c603|7|29094654
38059|0x6c603|8|58526282
38059|0x106c603|9|117996619
38059|0x306c603|10|235133146
38059|0x306c603|11|472202616
38059|0x306c603|12|942296688
38059|0x1306c603|13|1870670051
38059|0x3306c603|14|3425575212
38059|0x3306c603|15|7112993611
38059|0x3306c603|16|13969998324
38059|0x3306c603|17|23880546190
38059|0x23306c603|18|73491109317
38059|0x23306c603|19|131316665117
38059|0xa3306c603|20|216763828636
38059|0x1a3306c603|21|489149799078
38059|0x1a3306c603|22|1192374894565
38059|0x1a3306c603|23|1970345761890
38059|0x1a3306c603|24|3291461313420
38061|0x1ef25|1|387552
38061|0x1ef25|2|810851
38061|0x1ef25|3|1523974
38061|0x1ef25|4|2667876
38061|0x11ef25|5|5179311
38061|0x31ef25|6|14451869
38061|0x31ef25|7|23198999
38061|0x31ef25|8|50692681
38061|0x31ef25|9|93032720
38061|0x31ef25|10|197860308
38061|0x31ef25|11|481045055
38061|0x31ef25|12|832414064
38061|0x31ef25|13|1394096502
38061|0x31ef25|14|3100603161
38061|0x31ef25|15|6146031998
38061|0x31ef25|16|12364742493
38061|0x10031ef25|17|32543070375
38061|0x30031ef25|18|64411945852
38061|0x70031ef25|19|113225160259
38061|0xf0031ef25|20|214839823619
38061|0xf0031ef25|21|454300763408
38061|0xf0031ef25|22|887979779745
38061|0x4f0031ef25|23|1852911503184
38061|0xcf0031ef25|24|3588634918271
38063|0x1424f|1|382186
38063|0x3424f|2|865837
38063|0x3424f|3|3131579
38063|0x3424f|4|3686942
38063|0x13424f|5|7194988
38063|0x13424f|6|14701828
38063|0x13424f|7|29332423
38063|0x93424f|8|89536989
38063|0x193424f|9|179516807
38063|0x393424f|10|354492345
38063|0x793424f|11|647471561
38063|0x793424f|12|1384393132
38063|0x1793424f|13|2623264941
38063|0x1793424f|14|5459725321
38063|0x5793424f|15|10922241824
38063|0x5793424f|16|18478734224
38063|0x15793424f|17|39669275865
38063|0x15793424f|18|58143044352
38063|0x55793424f|19|107992778555
38063|0xd5793424f|20|248819681776
38063|0xd5793424f|21|461482381281
38063|0xd5793424f|22|884814177469
38063|0x4d5793424f|23|2065842281946
38063|0xcd5793424f|24|3690511953776
38065|0x13451|1|356035
38065|0x13451|2|2208850
38065|0x53451|3|1761161
38065|0xd3451|4|3793052
38065|0xd3451|5|7264445
38065|0x2d3451|6|12725433
38065|0x2d3451|7|20765458
38065|0xad3451|8|58465010
38065|0xad3451|9|106109417
38065|0x2ad3451|10|202737537
38065|0x6ad3451|11|425875771
38065|0x6ad3451|12|762466544
38065|0x6ad3451|13|1577834244
38065|0x6ad3451|14|3241006639
38065|0x46ad3451|15|6247507910
38065|0x46ad3451|16|13107161010
38065|0x146ad3451|17|28102643115
38065|0x346ad3451|18|73541051401
38065|0x346ad3451|19|117524572592
38065|0x346ad3451|20|290446044540
38065|0x346ad3451|21|474348819006
38065|0x2346ad3451|22|1022583284014
38065|0x6346ad3451|23|1966535483254
38065|0xe346ad3451|24|3667040522884
38067|0x3a7b|1|456076
38067|0x3a7b|2|892303
38067|0x3a7b|3|2888914
38067|0x83a7b|4|6119368
38067|0x183a7b|5|9631004
38067|0x183a7b|6|20691535
38067|0x583a7b|7|43069214
38067|0xd83a7b|8|85261162
38067|0x1d83a7b|9|149916127
38067|0x1d83a7b|10|315269866
38067|0x5d83a7b|11|534243200
38067|0xdd83a7b|12|1288248960
38067|0x1dd83a7b|13|2605512768
38067|0x3dd83a7b|14|3658014619
38067|0x7dd83a7b|15|7061496036
38067|0x7dd83a7b|16|13328220141
38067|0x17dd83a7b|17|27621750731
38067|0x17dd83a7b|18|58130704694
38067|0x57dd83a7b|19|127709206965
38067|0xd7dd83a7b|20|228166548530
38067|0x1d7dd83a7b|21|455236702943
38067|0x3d7dd83a7b|22|975423737027
38067|0x7d7dd83a7b|23|1935540063694
38067|0xfd7dd83a7b|24|3888477368917
38069|0xb99d|1|384411
38069|0x2b99d|2|956276
38069|0x6b99d|3|1725502
38069|0x6b99d|4|3767460
38069|0x16b99d|5|7274188
38069|0x36b99d|6|14959521
38069|0x36b99d|7|29529919
38069|0x36b99d|8|90213327
38069|0x36b99d|9|145099377
38069|0x236b99d|10|216763666
38069|0x636b99d|11|411371663
38069|0xe36b99d|12|1171156704
38069|0x1e36b99d|13|1704578703
38069|0x1e36b99d|14|2964220402
38069|0x1e36b99d|15|7826657020
38069|0x1e36b99d|16|14366137469
38069|0x11e36b99d|17|23008450119
38069|0x31e36b99d|18|58397024407
38069|0x71e36b99d|19|118828834535
38069|0x71e36b99d|20|224896209782
38069|0x71e36b99d|21|488540819215
38069|0x71e36b99d|22|795118407444
38069|0x71e36b99d|23|1641379759769
38069|0x871e36b99d|24|3573907689857
38071|0x8907|1|267556
38071|0x28907|2|569351
38071|0x28907|3|1203969
38071|0xa8907|4|2770102
38071|0xa8907|5|7339905
38071|0xa8907|6|17366654
38071|0x4a8907|7|34346842
38071|0xca8907|8|65020962
38071|0xca8907|9|135079964
38071|0xca8907|10|295096424
38071|0xca8907|11|584624673
38071|0x8ca8907|12|1077461696
38071|0x8ca8907|13|1527527294
38071|0x28ca8907|14|3117590286
38071|0x68ca8907|15|7725340105
38071|0x68ca8907|16|18097217136
38071|0x68ca8907|17|31879260265
38071|0x68ca8907|18|64272212408
38071|0x68ca8907|19|120763872976
38071|0x68ca8907|20|265940004977
38071|0x68ca8907|21|489006612122
38071|0x2068ca8907|22|1041139459998
38071|0x6068ca8907|23|1915334904502
38071|0xe068ca8907|24|4155657942012
38073|0x13189|1|389493
38073|0x13189|2|811110
38073|0x13189|3|1668825
38073|0x13189|4|3432331
38073|0x13189|5|6628371
38073|0x13189|6|9969715
38073|0x13189|7|27573927
38073|0x813189|8|55761104
38073|0x813189|9|180681106
38073|0x2813189|10|266044543
38073|0x2813189|11|429003953
38073|0x2813189|12|791934730
38073|0x2813189|13|1451597237
38073|0x2813189|14|3896032727
38073|0x2813189|15|8623514928
38073|0x82813189|16|14116397040
38073|0x182813189|17|28118571620
38073|0x382813189|18|55029644197
38073|0x782813189|19|107253161206
38073|0x782813189|20|217861740537
38073|0x782813189|21|421539002122
38073|0x2782813189|22|912461957159
38073|0x2782813189|23|1822157399788
38073|0x2782813189|24|3501366506397
38075|0x9073|1|379254
38075|0x9073|2|799948
38075|0x49073|3|1887041
38075|0xc9073|4|3509851
38075|0x1c9073|5|7551424
38075|0x3c9073|6|14765570
38075|0x7c9073|7|29694307
38075|0xfc9073|8|45953705
38075|0xfc9073|9|106829499
38075|0xfc9073|10|222682399
38075|0x4fc9073|11|461830192
38075|0xcfc9073|12|909106976
38075|0xcfc9073|13|1735242326
38075|0xcfc9073|14|3571680383
38075|0xcfc9073|15|7006058083
38075|0x8cfc9073|16|13413604513
38075|0x18cfc9073|17|32574579983
38075|0x18cfc9073|18|55539322660
38075|0x58cfc9073|19|108232490931
38075|0x58cfc9073|20|229439579085
38075|0x158cfc9073|21|490786854468
38075|0x158cfc9073|22|992577060426
38075|0x558cfc9073|23|2144966212009
38075|0x558cfc9073|24|3888887211530
38077|0x10695|1|342034
38077|0x10695|2|810861
38077|0x10695|3|1692426
38077|0x10695|4|3441797
38077|0x110695|5|7042855
38077|0x310695|6|14093113
38077|0x310695|7|27620882
38077|0x310695|8|87188238
38077|0x310695|9|173373117
38077|0x310695|10|271876899
38077|0x4310695|11|583954416
38077|0x4310695|12|1162837588
38077|0x14310695|13|2310284194
38077|0x14310695|14|3886413899
38077|0x54310695|15|7233906582
38077|0xd4310695|16|13119196891
38077|0x1d4310695|17|24656833853
38077|0x3d4310695|18|49109876694
38077|0x3d4310695|19|125606415066
38077|0x3d4310695|20|232284449570
38077|0x3d4310695|21|421641092634
38077|0x3d4310695|22|1095900061422
38077|0x3d4310695|23|2634301647970
38077|0x83d4310695|24|4082626049663
38079|0xdb3f|1|607825
38079|0xdb3f|2|1430748
38079|0x4db3f|3|2988510
38079|0x4db3f|4|6154986
38079|0x4db3f|5|12361369
38079|0x24db3f|6|19040065
38079|0x64db3f|7|29531272
38079|0x64db3f|8|87100879
38079|0x64db3f|9|166913847
38079|0x264db3f|10|358599691
38079|0x264db3f|11|638203906
38079|0xa64db3f|12|868782284
38079|0x1a64db3f|13|1985452926
38079|0x1a64db3f|14|4319139015
38079|0x1a64db3f|15|10954406371
38079|0x1a64db3f|16|13542520458
38079|0x1a64db3f|17|40106225491
38079|0x21a64db3f|18|54574050305
38079|0x61a64db3f|19|133180023526
38079|0x61a64db3f|20|224194775001
38079|0x161a64db3f|21|549683270857
38079|0x161a64db3f|22|1136442789273
38079|0x561a64db3f|23|1938134057687
38079|0xd61a64db3f|24|4436715194529
38081|0x1fb41|1|614504
38081|0x1fb41|2|1409602
38081|0x1fb41|3|2950835
38081|0x1fb41|4|6037257
38081|0x1fb41|5|12185849
38081|0x1fb41|6|24518055
38081|0x41fb41|7|49178298
38081|0x41fb41|8|99471770
38081|0x141fb41|9|196900941
38081|0x141fb41|10|398522743
38081|0x141fb41|11|789455511
38081|0x941fb41|12|1590386788
38081|0x941fb41|13|2621914726
38081|0x2941fb41|14|3726926397
38081|0x6941fb41|15|6780430309
38081|0xe941fb41|16|13217130538
38081|0xe941fb41|17|25639301508
38081|0x2e941fb41|18|59348999265
38081|0x6e941fb41|19|151095248552
38081|0x6e941fb41|20|383695720945
38081|0x16e941fb41|21|557520221731
38081|0x36e941fb41|22|1191357435069
38081|0x76e941fb41|23|2387053135570
38081|0xf6e941fb41|24|3977872388938
