34819|0x62ab|1|336588
34819|0x62ab|2|866035
34819|0x462ab|3|1625736
34819|0xc62ab|4|3402102
34819|0x1c62ab|5|6761991
34819|0x1c62ab|6|13721780
34819|0x5c62ab|7|27535948
34819|0xdc62ab|8|54652641
34819|0x1dc62ab|9|109687987
34819|0x3dc62ab|10|209705984
34819|0x3dc62ab|11|459902184
34819|0x3dc62ab|12|925888736
34819|0x3dc62ab|13|1891325587
34819|0x23dc62ab|14|3777167697
34819|0x23dc62ab|15|7392365140
34819|0xa3dc62ab|16|14893649076
34819|0x1a3dc62ab|17|28955571159
34819|0x3a3dc62ab|18|57596300608
34819|0x3a3dc62ab|19|115816850217
34819|0xba3dc62ab|20|234463706299
34819|0x1ba3dc62ab|21|459379534934
34819|0x3ba3dc62ab|22|922426455927
34819|0x7ba3dc62ab|23|1884095514034
34819|0xfba3dc62ab|24|3734564377164
34821|0x104cd|1|534836
34821|0x304cd|2|801720
34821|0x704cd|3|1821238
34821|0x704cd|4|3616130
34821|0x1704cd|5|7483890
34821|0x1704cd|6|14793187
34821|0x1704cd|7|29280929
34821|0x1704cd|8|58514571
34821|0x11704cd|9|118761074
34821|0x11704cd|10|229919895
34821|0x11704cd|11|469195862
34821|0x11704cd|12|937313347
34821|0x11704cd|13|1896738770
34821|0x11704cd|14|3825598968
34821|0x411704cd|15|7529011671
34821|0xc11704cd|16|15082962021
34821|0xc11704cd|17|28931474461
34821|0xc11704cd|18|59384062238
34821|0xc11704cd|19|116184720132
34821|0x8c11704cd|20|236396698747
34821|0x8c11704cd|21|470824666638
34821|0x8c11704cd|22|942319514008
34821|0x48c11704cd|23|2116121892446
34821|0x48c11704cd|24|6232814625026
34823|0x65b7|1|918711
34823|0x65b7|2|1432036
34823|0x465b7|3|2997642
34823|0xc65b7|4|6104579
34823|0xc65b7|5|12225748
34823|0x2c65b7|6|24515002
34823|0x6c65b7|7|47655324
34823|0x6c65b7|8|98109954
34823|0x16c65b7|9|193891084
34823|0x16c65b7|10|391168833
34823|0x16c65b7|11|776037968
34823|0x16c65b7|12|1572169217
34823|0x16c65b7|13|3131184235
34823|0x216c65b7|14|6237580710
34823|0x216c65b7|15|12492209062
34823|0xa16c65b7|16|25487221343
34823|0xa16c65b7|17|49849819921
34823|0x2a16c65b7|18|97498291732
34823|0x6a16c65b7|19|194216976926
34823|0x6a16c65b7|20|390181743419
34823|0x16a16c65b7|21|781807855577
34823|0x36a16c65b7|22|1558842439152
34823|0x76a16c65b7|23|3106741285285
34823|0x76a16c65b7|24|4130761189826
34825|0x18639|1|393452
34825|0x18639|2|828673
34825|0x58639|3|1887905
34825|0x58639|4|3576335
34825|0x58639|5|7467974
34825|0x58639|6|14737139
34825|0x58639|7|29097924
34825|0x858639|8|58254403
34825|0x858639|9|116899734
34825|0x858639|10|236888499
34825|0x4858639|11|473307906
34825|0xc858639|12|947813363
34825|0xc858639|13|1891753437
34825|0x2c858639|14|3769500866
34825|0x2c858639|15|7698952216
34825|0xac858639|16|15255543667
34825|0x1ac858639|17|29875317665
34825|0x3ac858639|18|60002663960
34825|0x3ac858639|19|119587417180
34825|0xbac858639|20|237023569121
34825|0x1bac858639|21|479183897216
34825|0x3bac858639|22|945393135621
34825|0x7bac858639|23|2894239879924
34825|0x7bac858639|24|5772491174509
34827|0x1c3a3|1|671071
34827|0x3c3a3|2|1432135
34827|0x3c3a3|3|2993746
34827|0xbc3a3|4|6073983
34827|0x1bc3a3|5|12202419
34827|0x3bc3a3|6|24484941
34827|0x3bc3a3|7|53962385
34827|0xbbc3a3|8|98195421
34827|0xbbc3a3|9|193843309
34827|0xbbc3a3|10|392769361
34827|0xbbc3a3|11|774948207
34827|0x8bbc3a3|12|1571472287
34827|0x8bbc3a3|13|3143178389
34827|0x28bbc3a3|14|6311796123
34827|0x28bbc3a3|15|12583216423
34827|0xa8bbc3a3|16|25067834223
34827|0x1a8bbc3a3|17|49183481771
34827|0x3a8bbc3a3|18|97622635624
34827|0x7a8bbc3a3|19|194673674178
34827|0xfa8bbc3a3|20|385650659832
34827|0x1fa8bbc3a3|21|776769140692
34827|0x1fa8bbc3a3|22|1558322641865
34827|0x1fa8bbc3a3|23|3118200708389
34827|0x1fa8bbc3a3|24|4156878786728
34829|0x106c5|1|595604
34829|0x306c5|2|1401293
34829|0x306c5|3|2979522
34829|0x306c5|4|6091752
34829|0x306c5|5|12219342
34829|0x306c5|6|24551003
34829|0x4306c5|7|49104116
34829|0x4306c5|8|98373112
34829|0x14306c5|9|195194262
34829|0x14306c5|10|388637550
34829|0x54306c5|11|777375507
34829|0x54306c5|12|1574723773
34829|0x54306c5|13|3108740902
34829|0x254306c5|14|6266686180
34829|0x254306c5|15|12529427774
34829|0xa54306c5|16|23869370530
34829|0xa54306c5|17|29155555162
34829|0xa54306c5|18|58373293863
34829|0x4a54306c5|19|117180980698
34829|0xca54306c5|20|233098758572
34829|0x1ca54306c5|21|468640523428
34829|0x1ca54306c5|22|937281401716
34829|0x5ca54306c5|23|1809917223639
34829|0xdca54306c5|24|3735204889127
34831|0x166ef|1|389835
34831|0x166ef|2|901589
34831|0x566ef|3|1661516
34831|0x566ef|4|3732533
34831|0x566ef|5|7153483
34831|0x566ef|6|12036298
34831|0x566ef|7|20579903
34831|0x566ef|8|51237302
34831|0x10566ef|9|103712024
34831|0x30566ef|10|216486694
34831|0x70566ef|11|420775382
34831|0xf0566ef|12|784540987
34831|0xf0566ef|13|1667761364
34831|0xf0566ef|14|3222569100
34831|0x4f0566ef|15|6469402003
34831|0xcf0566ef|16|12964116514
34831|0x1cf0566ef|17|26334028153
34831|0x3cf0566ef|18|49303209124
34831|0x7cf0566ef|19|115350655464
34831|0x7cf0566ef|20|234637405266
34831|0x17cf0566ef|21|469769292560
34831|0x37cf0566ef|22|1012321844993
34831|0x77cf0566ef|23|1830949326838
34831|0x77cf0566ef|24|3649279710418
34833|0x168f1|1|344207
34833|0x168f1|2|801846
34833|0x168f1|3|1828601
34833|0x968f1|4|3516476
34833|0x968f1|5|7257712
34833|0x2968f1|6|10498057
34833|0x2968f1|7|28342357
34833|0xa968f1|8|50718254
34833|0x1a968f1|9|104703575
34833|0x1a968f1|10|196378577
34833|0x5a968f1|11|418346473
34833|0x5a968f1|12|803788576
34833|0x5a968f1|13|1583148182
34833|0x25a968f1|14|3143979011
34833|0x25a968f1|15|6206935244
34833|0xa5a968f1|16|12395459846
34833|0x1a5a968f1|17|25893130902
34833|0x3a5a968f1|18|59748668439
34833|0x3a5a968f1|19|103933359128
34833|0x3a5a968f1|20|233322611786
34833|0x3a5a968f1|21|729809466898
34833|0x3a5a968f1|22|881257310989
34833|0x43a5a968f1|23|1908695297308
34833|0xc3a5a968f1|24|3538620899424
34835|0x821b|1|352172
34835|0x821b|2|794137
34835|0x821b|3|1785358
34835|0x8821b|4|3428374
34835|0x8821b|5|6736103
34835|0x8821b|6|13783319
34835|0x48821b|7|27570887
34835|0xc8821b|8|55265699
34835|0xc8821b|9|166383105
34835|0xc8821b|10|300199623
34835|0x4c8821b|11|563810754
34835|0x4c8821b|12|1149873224
34835|0x4c8821b|13|2265079755
34835|0x24c8821b|14|4747073651
34835|0x64c8821b|15|7562554847
34835|0x64c8821b|16|15043857503
34835|0x64c8821b|17|30069058107
34835|0x264c8821b|18|59202875872
34835|0x264c8821b|19|118090346752
34835|0xa64c8821b|20|235014340336
34835|0x1a64c8821b|21|471630490112
34835|0x1a64c8821b|22|960807715921
34835|0x1a64c8821b|23|1893088409799
34835|0x9a64c8821b|24|3728402067608
34837|0x1073d|1|578271
34837|0x3073d|2|881188
34837|0x3073d|3|1706039
34837|0xb073d|4|3708930
34837|0xb073d|5|7096416
34837|0xb073d|6|14588320
34837|0x4b073d|7|29259462
34837|0x4b073d|8|58414032
34837|0x4b073d|9|116837729
34837|0x24b073d|10|233474524
34837|0x64b073d|11|467408203
34837|0x64b073d|12|934598563
34837|0x64b073d|13|1870657458
34837|0x264b073d|14|3739196087
34837|0x264b073d|15|7742553883
34837|0x264b073d|16|15111867182
34837|0x1264b073d|17|28979878558
34837|0x1264b073d|18|58341456506
34837|0x1264b073d|19|117813178954
34837|0x1264b073d|20|234277401400
34837|0x11264b073d|21|470111957649
34837|0x11264b073d|22|934811017092
34837|0x51264b073d|23|1843682989750
34837|0x51264b073d|24|4012681537026
34839|0x12fa7|1|543921
34839|0x12fa7|2|911414
34839|0x52fa7|3|1869315
34839|0xd2fa7|4|3596241
34839|0xd2fa7|5|7335405
34839|0xd2fa7|6|14520064
34839|0xd2fa7|7|29479373
34839|0x8d2fa7|8|58829046
34839|0x8d2fa7|9|117940323
34839|0x28d2fa7|10|235747543
34839|0x68d2fa7|11|466230742
34839|0xe8d2fa7|12|1032282943
34839|0x1e8d2fa7|13|1986649268
34839|0x1e8d2fa7|14|3953288104
34839|0x5e8d2fa7|15|7958905636
34839|0xde8d2fa7|16|15010433003
34839|0x1de8d2fa7|17|29346544781
34839|0x3de8d2fa7|18|59271619327
34839|0x7de8d2fa7|19|119395927001
34839|0x7de8d2fa7|20|238399692509
34839|0x17de8d2fa7|21|477066033788
34839|0x37de8d2fa7|22|931139886075
34839|0x77de8d2fa7|23|2812116532967
34839|0x77de8d2fa7|24|4732874830781
34841|0x5429|1|344248
34841|0x25429|2|909557
34841|0x25429|3|1864419
34841|0x25429|4|2594776
34841|0x125429|5|5167118
34841|0x125429|6|11631288
34841|0x125429|7|25378285
34841|0x925429|8|58436155
34841|0x1925429|9|114501310
34841|0x1925429|10|208419406
34841|0x5925429|11|426510249
34841|0xd925429|12|790604399
34841|0x1d925429|13|1563481354
34841|0x3d925429|14|3229500956
34841|0x7d925429|15|6173992748
34841|0x7d925429|16|12396006873
34841|0x7d925429|17|24784714518
34841|0x27d925429|18|49001872842
34841|0x67d925429|19|109289541380
34841|0xe7d925429|20|253225886980
34841|0xe7d925429|21|504952971426
34841|0x2e7d925429|22|904730334890
34841|0x6e7d925429|23|1900119860552
34841|0xee7d925429|24|4426927788981
34843|0x1213|1|683381
34843|0x1213|2|1432456
34843|0x41213|3|3000737
34843|0xc1213|4|5970405
34843|0xc1213|5|12068341
34843|0x2c1213|6|24207258
34843|0x6c1213|7|48445829
34843|0x6c1213|8|98370339
34843|0x16c1213|9|194293664
34843|0x16c1213|10|393795535
34843|0x16c1213|11|787416641
34843|0x16c1213|12|1557917164
34843|0x116c1213|13|3156146720
34843|0x116c1213|14|6529804782
34843|0x516c1213|15|12587136204
34843|0x516c1213|16|20864927266
34843|0x516c1213|17|50098064019
34843|0x2516c1213|18|98278313911
34843|0x2516c1213|19|194691922386
34843|0x2516c1213|20|240121807133
34843|0x2516c1213|21|643281031460
34843|0x2516c1213|22|1071230732230
34843|0x2516c1213|23|1968210220334
34843|0x82516c1213|24|4522776233170
34845|0x7a35|1|598594
34845|0x27a35|2|1459983
34845|0x67a35|3|2946948
34845|0xe7a35|4|4615306
34845|0x1e7a35|5|10454157
34845|0x3e7a35|6|24526348
34845|0x3e7a35|7|37508461
34845|0x3e7a35|8|87150530
34845|0x3e7a35|9|177334758
34845|0x3e7a35|10|336914504
34845|0x3e7a35|11|636973908
34845|0x83e7a35|12|1313975196
34845|0x83e7a35|13|2683614302
34845|0x283e7a35|14|5203807997
34845|0x683e7a35|15|10476552346
34845|0x683e7a35|16|20986201664
34845|0x1683e7a35|17|49025407797
34845|0x3683e7a35|18|97141465308
34845|0x7683e7a35|19|178855863893
34845|0xf683e7a35|20|219974144432
34845|0xf683e7a35|21|484403251836
34845|0x2f683e7a35|22|988856678574
34845|0x6f683e7a35|23|2752954631953
34845|0x6f683e7a35|24|4342592799997
34847|0xf3df|1|372553
34847|0xf3df|2|877831
34847|0x4f3df|3|1627023
34847|0xcf3df|4|3713288
34847|0xcf3df|5|7181505
34847|0x2cf3df|6|14619441
34847|0x2cf3df|7|29670555
34847|0x2cf3df|8|59536812
34847|0x12cf3df|9|119041989
34847|0x32cf3df|10|234690303
34847|0x72cf3df|11|474391933
34847|0x72cf3df|12|890974790
34847|0x72cf3df|13|2287127275
34847|0x72cf3df|14|3961139441
34847|0x472cf3df|15|7554360600
34847|0xc72cf3df|16|15079418725
34847|0xc72cf3df|17|28866430437
34847|0xc72cf3df|18|59572777903
34847|0xc72cf3df|19|116227126270
34847|0x8c72cf3df|20|235145871328
34847|0x8c72cf3df|21|472063411279
34847|0x28c72cf3df|22|939984087820
34847|0x68c72cf3df|23|1872789483793
34847|0xe8c72cf3df|24|3825250158651
34849|0xfbe1|1|372284
34849|0xfbe1|2|881300
34849|0xfbe1|3|1803612
34849|0xfbe1|4|3590936
34849|0x10fbe1|5|7214305
34849|0x10fbe1|6|14579252
34849|0x10fbe1|7|29114331
34849|0x10fbe1|8|58886217
34849|0x10fbe1|9|117536828
34849|0x10fbe1|10|236232508
34849|0x10fbe1|11|472428398
34849|0x810fbe1|12|939980022
34849|0x1810fbe1|13|1881358998
34849|0x3810fbe1|14|3759643539
34849|0x7810fbe1|15|7512709741
34849|0xf810fbe1|16|15024907930
34849|0x1f810fbe1|17|29351204245
34849|0x3f810fbe1|18|59099479871
34849|0x7f810fbe1|19|117947863155
34849|0x7f810fbe1|20|235456551051
34849|0x17f810fbe1|21|476614302008
34849|0x37f810fbe1|22|937128039548
34849|0x37f810fbe1|23|1852187782429
34849|0x37f810fbe1|24|3742298447933
34851|0x678b|1|414867
34851|0x678b|2|911316
34851|0x678b|3|1721770
34851|0x678b|4|3739012
34851|0x10678b|5|7193959
34851|0x10678b|6|14797050
34851|0x50678b|7|29559312
34851|0x50678b|8|58279149
34851|0x50678b|9|116612874
34851|0x250678b|10|236217564
34851|0x250678b|11|472452533
34851|0xa50678b|12|938837147
34851|0xa50678b|13|1884040519
34851|0x2a50678b|14|3759064225
34851|0x2a50678b|15|7544745364
34851|0xaa50678b|16|15062603664
34851|0xaa50678b|17|29314299130
34851|0x2aa50678b|18|59633654695
34851|0x2aa50678b|19|117799292839
34851|0xaaa50678b|20|235640925288
34851|0x1aaa50678b|21|471538164446
34851|0x3aaa50678b|22|938952653737
34851|0x3aaa50678b|23|1898936795161
34851|0xbaaa50678b|24|3715332854253
34853|0x53ad|1|437906
34853|0x53ad|2|911563
34853|0x53ad|3|1732269
34853|0x53ad|4|3674619
34853|0x53ad|5|7267748
34853|0x53ad|6|14746954
34853|0x53ad|7|29039006
34853|0x8053ad|8|63376126
34853|0x18053ad|9|116514059
34853|0x18053ad|10|231363768
34853|0x58053ad|11|483346232
34853|0xd8053ad|12|929058631
34853|0xd8053ad|13|1981603752
34853|0x2d8053ad|14|5362407734
34853|0x6d8053ad|15|12207598925
34853|0x6d8053ad|16|21492303708
34853|0x6d8053ad|17|36960602295
34853|0x6d8053ad|18|51964902446
34853|0x46d8053ad|19|108487934122
34853|0x46d8053ad|20|207752802761
34853|0x146d8053ad|21|458583391872
34853|0x346d8053ad|22|872989276186
34853|0x746d8053ad|23|1779610711851
34853|0x746d8053ad|24|3501130371220
34855|0x6797|1|389044
34855|0x6797|2|911411
34855|0x6797|3|1835220
34855|0x86797|4|3554870
34855|0x186797|5|5117650
34855|0x186797|6|13399864
34855|0x586797|7|20948914
34855|0xd86797|8|54652931
34855|0xd86797|9|100138263
34855|0xd86797|10|190019868
34855|0xd86797|11|388184096
34855|0x8d86797|12|842069512
34855|0x18d86797|13|1562975852
34855|0x18d86797|14|3093380332
34855|0x58d86797|15|6221816213
34855|0xd8d86797|16|12446199287
34855|0xd8d86797|17|24170459406
34855|0xd8d86797|18|50000615288
34855|0x4d8d86797|19|114064559979
34855|0x4d8d86797|20|211595637115
34855|0x14d8d86797|21|442964930122
34855|0x34d8d86797|22|889183015142
34855|0x74d8d86797|23|1776592805349
34855|0x74d8d86797|24|3642438363955
34857|0x19419|1|597598
34857|0x39419|2|1458742
34857|0x39419|3|2965980
34857|0x39419|4|5516435
34857|0x39419|5|7397232
34857|0x39419|6|14698549
34857|0x439419|7|29093178
34857|0xc39419|8|71732594
34857|0xc39419|9|162229752
34857|0x2c39419|10|309925717
34857|0x2c39419|11|582257975
34857|0xac39419|12|1174930497
34857|0xac39419|13|2090836358
34857|0x2ac39419|14|3740621700
34857|0x6ac39419|15|7478407686
34857|0x6ac39419|16|14947336093
34857|0x16ac39419|17|29549169327
34857|0x36ac39419|18|58116528606
34857|0x76ac39419|19|111425126075
34857|0xf6ac39419|20|202660384616
34857|0x1f6ac39419|21|411038002030
34857|0x1f6ac39419|22|1022164819376
34857|0x5f6ac39419|23|1683293720699
34857|0x5f6ac39419|24|3362228232377
34859|0x1f683|1|264461
34859|0x3f683|2|570852
34859|0x3f683|3|1597530
34859|0x3f683|4|3599876
34859|0x3f683|5|7245954
34859|0x23f683|6|14544441
34859|0x23f683|7|28780383
34859|0x23f683|8|53047917
34859|0x123f683|9|100585762
34859|0x123f683|10|213112436
34859|0x523f683|11|465415010
34859|0xd23f683|12|929364681
34859|0x1d23f683|13|1886100723
34859|0x1d23f683|14|3788741587
34859|0x1d23f683|15|7523094894
34859|0x1d23f683|16|14998960452
34859|0x1d23f683|17|30309709632
34859|0x1d23f683|18|60052636963
34859|0x1d23f683|19|154301103618
34859|0x1d23f683|20|310642087879
34859|0x1d23f683|21|485743988910
34859|0x1d23f683|22|892710596087
34859|0x1d23f683|23|1588564670647
34859|0x801d23f683|24|4027310344154
34861|0x107a5|1|391028
34861|0x307a5|2|880028
34861|0x307a5|3|1682485
34861|0xb07a5|4|3736155
34861|0xb07a5|5|5146856
34861|0xb07a5|6|10271309
34861|0xb07a5|7|28862684
34861|0xb07a5|8|43014687
34861|0xb07a5|9|107547191
34861|0x20b07a5|10|210123637
34861|0x20b07a5|11|411667475
34861|0xa0b07a5|12|773915077
34861|0xa0b07a5|13|1574234184
34861|0x2a0b07a5|14|3128301133
34861|0x6a0b07a5|15|6533471231
34861|0xea0b07a5|16|15163154080
34861|0x1ea0b07a5|17|26581562892
34861|0x1ea0b07a5|18|48940815413
34861|0x5ea0b07a5|19|100685752266
34861|0x5ea0b07a5|20|204357443935
34861|0x5ea0b07a5|21|397806639187
34861|0x25ea0b07a5|22|820371236360
34861|0x25ea0b07a5|23|2087341460527
34861|0x25ea0b07a5|24|3494417669957
34863|0x1becf|1|233678
34863|0x1becf|2|502441
34863|0x1becf|3|1343251
34863|0x1becf|4|2588544
34863|0x11becf|5|6122069
34863|0x31becf|6|14495282
34863|0x31becf|7|22352907
34863|0xb1becf|8|58402356
34863|0xb1becf|9|94854449
34863|0x2b1becf|10|217591304
34863|0x6b1becf|11|392627780
34863|0xeb1becf|12|779263830
34863|0xeb1becf|13|1586027658
34863|0x2eb1becf|14|3110558789
34863|0x2eb1becf|15|6240906889
34863|0x2eb1becf|16|12512419925
34863|0x12eb1becf|17|25280925885
34863|0x32eb1becf|18|50515100787
34863|0x72eb1becf|19|106404487350
34863|0x72eb1becf|20|200394583871
34863|0x72eb1becf|21|399217065951
34863|0x272eb1becf|22|929325323062
34863|0x272eb1becf|23|1892280013438
34863|0x272eb1becf|24|3512838557786
34865|0x1d0d1|1|343334
34865|0x1d0d1|2|906885
34865|0x1d0d1|3|1906559
34865|0x9d0d1|4|3541376
34865|0x19d0d1|5|7343307
34865|0x39d0d1|6|14705840
34865|0x39d0d1|7|24603151
34865|0x39d0d1|8|52213622
34865|0x39d0d1|9|106439745
34865|0x239d0d1|10|221248754
34865|0x639d0d1|11|410708049
34865|0xe39d0d1|12|809895595
34865|0x1e39d0d1|13|1645010062
34865|0x1e39d0d1|14|3248977519
34865|0x1e39d0d1|15|6541847545
34865|0x9e39d0d1|16|12880205012
34865|0x19e39d0d1|17|25590884596
34865|0x39e39d0d1|18|51399786025
34865|0x39e39d0d1|19|102226882789
34865|0x39e39d0d1|20|205471033118
34865|0x39e39d0d1|21|453292676978
34865|0x39e39d0d1|22|803855429913
34865|0x439e39d0d1|23|1682822773543
34865|0x439e39d0d1|24|3616851991103
34867|0x1b2fb|1|359532
34867|0x1b2fb|2|931798
34867|0x5b2fb|3|1837362
34867|0xdb2fb|4|3549950
34867|0x1db2fb|5|7328417
34867|0x1db2fb|6|13864234
34867|0x1db2fb|7|29260840
34867|0x1db2fb|8|58403646
34867|0x11db2fb|9|115609494
34867|0x11db2fb|10|233716585
34867|0x11db2fb|11|495635004
34867|0x11db2fb|12|962321511
34867|0x11db2fb|13|1903887011
34867|0x11db2fb|14|3852686033
34867|0x11db2fb|15|7484640177
34867|0x11db2fb|16|14969265563
34867|0x11db2fb|17|30702435738
34867|0x11db2fb|18|61781645983
34867|0x11db2fb|19|122424223388
34867|0x8011db2fb|20|243126401060
34867|0x18011db2fb|21|439416202883
34867|0x38011db2fb|22|897915936492
34867|0x78011db2fb|23|1823545527866
34867|0xf8011db2fb|24|3624380317875
34869|0x8a1d|1|327070
34869|0x8a1d|2|775570
34869|0x48a1d|3|1705729
34869|0x48a1d|4|3638588
34869|0x148a1d|5|7054885
34869|0x348a1d|6|14667014
34869|0x748a1d|7|29525077
34869|0xf48a1d|8|57748644
34869|0xf48a1d|9|117285180
34869|0xf48a1d|10|231576453
34869|0x4f48a1d|11|468032397
34869|0x4f48a1d|12|923228469
34869|0x14f48a1d|13|1877167658
34869|0x14f48a1d|14|3734444090
34869|0x54f48a1d|15|7559634650
34869|0xd4f48a1d|16|15055945801
34869|0xd4f48a1d|17|28567763040
34869|0x2d4f48a1d|18|59095049188
34869|0x2d4f48a1d|19|144344871483
34869|0xad4f48a1d|20|235339653240
34869|0xad4f48a1d|21|468099419647
34869|0x2ad4f48a1d|22|898974152235
34869|0x2ad4f48a1d|23|1708435253319
34869|0x2ad4f48a1d|24|3666522843958
34871|0x1ad87|1|388769
34871|0x1ad87|2|911463
34871|0x5ad87|3|1688885
34871|0xdad87|4|3708272
34871|0xdad87|5|7139917
34871|0x2dad87|6|10824327
34871|0x2dad87|7|27628172
34871|0x2dad87|8|53200977
34871|0x2dad87|9|104825016
34871|0x22dad87|10|189769374
34871|0x62dad87|11|396695736
34871|0xe2dad87|12|845528595
34871|0x1e2dad87|13|1561953687
34871|0x1e2dad87|14|3103701089
34871|0x5e2dad87|15|6201948958
34871|0xde2dad87|16|12402211843
34871|0xde2dad87|17|24050543857
34871|0xde2dad87|18|51613454603
34871|0xde2dad87|19|97815813497
34871|0x8de2dad87|20|209359772671
34871|0x18de2dad87|21|477030355904
34871|0x38de2dad87|22|953730704167
34871|0x78de2dad87|23|1870635102486
34871|0x78de2dad87|24|3725319389532
34873|0xe609|1|372608
34873|0xe609|2|861537
34873|0xe609|3|1625868
34873|0x8e609|4|3738109
34873|0x18e609|5|7248179
34873|0x18e609|6|14595012
34873|0x58e609|7|29308841
34873|0x58e609|8|58669772
34873|0x58e609|9|117286599
34873|0x258e609|10|234565165
34873|0x258e609|11|468123791
34873|0x258e609|12|936596699
34873|0x258e609|13|1875300693
34873|0x258e609|14|3749840268
34873|0x4258e609|15|7493981556
34873|0x4258e609|16|14988021043
34873|0x4258e609|17|29953135965
34873|0x24258e609|18|58170172920
34873|0x24258e609|19|117015704197
34873|0x24258e609|20|232605233760
34873|0x24258e609|21|467012564388
34873|0x24258e609|22|933993957849
34873|0x424258e609|23|1885580777490
34873|0x424258e609|24|3671355576103
34875|0x110f3|1|335285
34875|0x110f3|2|801994
34875|0x110f3|3|1842660
34875|0x110f3|4|3572363
34875|0x110f3|5|7483300
34875|0x110f3|6|14705895
34875|0x4110f3|7|29470166
34875|0x4110f3|8|58351580
34875|0x4110f3|9|116800783
34875|0x4110f3|10|233688600
34875|0x4110f3|11|473585921
34875|0x4110f3|12|935247398
34875|0x4110f3|13|1914177330
34875|0x204110f3|14|3756346429
34875|0x204110f3|15|7532182837
34875|0x204110f3|16|15002722543
34875|0x204110f3|17|29867147022
34875|0x2204110f3|18|57569709247
34875|0x2204110f3|19|116862596381
34875|0x2204110f3|20|253453928764
34875|0x2204110f3|21|473726517414
34875|0x22204110f3|22|886956693830
34875|0x22204110f3|23|1964744783914
34875|0x22204110f3|24|3919190567598
34877|0x4f15|1|593001
34877|0x24f15|2|1462965
34877|0x24f15|3|2967934
34877|0x24f15|4|4583573
34877|0x124f15|5|8759626
34877|0x324f15|6|24516933
34877|0x324f15|7|48471874
34877|0x324f15|8|90060811
34877|0x324f15|9|170575827
34877|0x2324f15|10|350535655
34877|0x2324f15|11|653672176
34877|0x2324f15|12|1303507788
34877|0x2324f15|13|2795459238
34877|0x2324f15|14|5362380494
34877|0x42324f15|15|10514690340
34877|0xc2324f15|16|21718763264
34877|0x1c2324f15|17|49375487221
34877|0x3c2324f15|18|95667067048
34877|0x3c2324f15|19|194527990923
34877|0x3c2324f15|20|284659762784
34877|0x13c2324f15|21|418149661122
34877|0x33c2324f15|22|832927134534
34877|0x33c2324f15|23|1671726434489
34877|0xb3c2324f15|24|3637677402673
34879|0x167bf|1|329487
34879|0x367bf|2|775714
34879|0x767bf|3|1786281
34879|0x767bf|4|3519024
34879|0x1767bf|5|7304787
34879|0x3767bf|6|14338958
34879|0x7767bf|7|28197350
34879|0xf767bf|8|69536402
34879|0xf767bf|9|110211443
34879|0xf767bf|10|230352113
34879|0x4f767bf|11|419960927
34879|0xcf767bf|12|814194123
34879|0xcf767bf|13|1573488628
34879|0x2cf767bf|14|3114139219
34879|0x2cf767bf|15|6274587920
34879|0xacf767bf|16|12440384429
34879|0xacf767bf|17|24326574446
34879|0x2acf767bf|18|49054842870
34879|0x6acf767bf|19|145510398593
34879|0xeacf767bf|20|258236462109
34879|0xeacf767bf|21|463318282710
34879|0xeacf767bf|22|881208444717
34879|0xeacf767bf|23|1946274652256
34879|0x8eacf767bf|24|3678611888104
34881|0x187c1|1|233614
34881|0x387c1|2|502313
34881|0x787c1|3|1203079
34881|0xf87c1|4|3573285
34881|0x1f87c1|5|7157183
34881|0x3f87c1|6|13357550
34881|0x7f87c1|7|25500997
34881|0xff87c1|8|54519331
34881|0x1ff87c1|9|99463604
34881|0x3ff87c1|10|210039604
34881|0x7ff87c1|11|411386791
34881|0xfff87c1|12|842936472
34881|0x1fff87c1|13|1568942587
34881|0x3fff87c1|14|3095262898
34881|0x3fff87c1|15|6189319280
34881|0x3fff87c1|16|12427457439
34881|0x3fff87c1|17|26163774565
34881|0x3fff87c1|18|49661790362
34881|0x3fff87c1|19|95982004532
34881|0x3fff87c1|20|194979414866
34881|0x103fff87c1|21|408557067975
34881|0x303fff87c1|22|962578858987
34881|0x703fff87c1|23|1704419414957
34881|0xf03fff87c1|24|3443357587916
34883|0x46b|1|384230
34883|0x2046b|2|911302
34883|0x2046b|3|1804246
34883|0x2046b|4|3577978
34883|0x2046b|5|5245373
34883|0x22046b|6|13190318
34883|0x62046b|7|21194923
34883|0x62046b|8|54425012
34883|0x62046b|9|114598023
34883|0x62046b|10|215020801
34883|0x462046b|11|409478936
34883|0xc62046b|12|833902006
34883|0x1c62046b|13|1560196797
34883|0x1c62046b|14|3127257750
34883|0x1c62046b|15|6209032946
34883|0x9c62046b|16|13870706265
34883|0x19c62046b|17|29484338239
34883|0x19c62046b|18|58343291299
34883|0x19c62046b|19|116706827839
34883|0x19c62046b|20|295991309750
34883|0x19c62046b|21|468582854789
34883|0x19c62046b|22|920628006551
34883|0x19c62046b|23|1784923653492
34883|0x819c62046b|24|3807165109769
34885|0x14a8d|1|432860
34885|0x14a8d|2|777458
34885|0x54a8d|3|1650445
34885|0xd4a8d|4|3717969
34885|0x1d4a8d|5|7145089
34885|0x1d4a8d|6|14644397
34885|0x1d4a8d|7|28943645
34885|0x9d4a8d|8|58643031
34885|0x9d4a8d|9|115895755
34885|0x29d4a8d|10|234116918
34885|0x69d4a8d|11|462688246
34885|0xe9d4a8d|12|984616388
34885|0xe9d4a8d|13|1864883159
34885|0xe9d4a8d|14|3720738429
34885|0xe9d4a8d|15|7464424083
34885|0x8e9d4a8d|16|17275650754
34885|0x8e9d4a8d|17|48639379999
34885|0x28e9d4a8d|18|97020882846
34885|0x68e9d4a8d|19|163062834385
34885|0xe8e9d4a8d|20|212556145734
34885|0x1e8e9d4a8d|21|472274558385
34885|0x1e8e9d4a8d|22|903140737031
34885|0x1e8e9d4a8d|23|2092995178137
34885|0x1e8e9d4a8d|24|3723269189861
34887|0xa177|1|388669
34887|0xa177|2|911372
34887|0x4a177|3|1721809
34887|0x4a177|4|3687944
34887|0x14a177|5|7179439
34887|0x14a177|6|14488216
34887|0x14a177|7|28822962
34887|0x94a177|8|57768382
34887|0x194a177|9|117289569
34887|0x394a177|10|265318320
34887|0x794a177|11|513270908
34887|0x794a177|12|1006774503
34887|0x1794a177|13|1885810762
34887|0x1794a177|14|3911235695
34887|0x1794a177|15|7526612579
34887|0x9794a177|16|13116100700
34887|0x19794a177|17|29998144409
34887|0x19794a177|18|59316915945
34887|0x19794a177|19|110331574115
34887|0x99794a177|20|224368421669
34887|0x199794a177|21|432810909881
34887|0x399794a177|22|857334305436
34887|0x399794a177|23|1700750173205
34887|0xb99794a177|24|3429125847689
34889|0x1e9f9|1|595587
34889|0x1e9f9|2|1401992
34889|0x1e9f9|3|2976102
34889|0x9e9f9|4|6067154
34889|0x9e9f9|5|12288086
34889|0x29e9f9|6|24543628
34889|0x69e9f9|7|49106953
34889|0xe9e9f9|8|98288190
34889|0x1e9e9f9|9|185257284
34889|0x1e9e9f9|10|272745209
34889|0x1e9e9f9|11|590095295
34889|0x1e9e9f9|12|1157984296
34889|0x11e9e9f9|13|2316556741
34889|0x31e9e9f9|14|4691731852
34889|0x31e9e9f9|15|9454569388
34889|0xb1e9e9f9|16|18894395944
34889|0x1b1e9e9f9|17|26799636189
34889|0x1b1e9e9f9|18|58964905093
34889|0x1b1e9e9f9|19|114989382771
34889|0x1b1e9e9f9|20|227249190952
34889|0x1b1e9e9f9|21|428919988137
34889|0x1b1e9e9f9|22|941885909600
34889|0x1b1e9e9f9|23|1668081652564
34889|0x1b1e9e9f9|24|3329654556326
34891|0x10163|1|327387
34891|0x10163|2|775493
34891|0x10163|3|1751502
34891|0x90163|4|3534438
34891|0x90163|5|7198533
34891|0x290163|6|14377304
34891|0x690163|7|21419205
34891|0xe90163|8|57251701
34891|0x1e90163|9|106285503
34891|0x1e90163|10|191239864
34891|0x1e90163|11|391645479
34891|0x9e90163|12|811257848
34891|0x19e90163|13|1616538523
34891|0x39e90163|14|3185660039
34891|0x79e90163|15|6247480888
34891|0xf9e90163|16|12422801571
34891|0x1f9e90163|17|24571808084
34891|0x1f9e90163|18|49064721433
34891|0x1f9e90163|19|98073659045
34891|0x9f9e90163|20|234333232784
34891|0x19f9e90163|21|463534280534
34891|0x39f9e90163|22|1087111462751
34891|0x79f9e90163|23|2019936195006
34891|0xf9f9e90163|24|3657633493047
34893|0x1f085|1|232989
34893|0x1f085|2|500818
34893|0x5f085|3|1193775
34893|0x5f085|4|2906371
34893|0x15f085|5|7106318
34893|0x35f085|6|12560872
34893|0x35f085|7|26168592
34893|0x35f085|8|52484477
34893|0x35f085|9|109627421
34893|0x35f085|10|208741967
34893|0x35f085|11|411483923
34893|0x835f085|12|778173489
34893|0x835f085|13|1605765818
34893|0x2835f085|14|3117255614
34893|0x6835f085|15|6219451247
34893|0x6835f085|16|12554104670
34893|0x6835f085|17|24723132690
34893|0x6835f085|18|57083437667
34893|0x46835f085|19|152992012545
34893|0x46835f085|20|244378144666
34893|0x146835f085|21|420056166824
34893|0x146835f085|22|868469904616
34893|0x146835f085|23|1867255747633
34893|0x946835f085|24|3771844124857
34895|0x18eaf|1|689578
34895|0x18eaf|2|3316445
34895|0x18eaf|3|3000794
34895|0x98eaf|4|6101130
34895|0x98eaf|5|12253473
34895|0x98eaf|6|24564229
34895|0x498eaf|7|48570737
34895|0xc98eaf|8|85034375
34895|0xc98eaf|9|183899043
34895|0x2c98eaf|10|333371504
34895|0x2c98eaf|11|710131318
34895|0x2c98eaf|12|1326785195
34895|0x12c98eaf|13|2301370489
34895|0x32c98eaf|14|3843583230
34895|0x72c98eaf|15|6404948301
34895|0xf2c98eaf|16|18234822311
34895|0xf2c98eaf|17|33013939249
34895|0x2f2c98eaf|18|73982672026
34895|0x6f2c98eaf|19|138665357594
34895|0x6f2c98eaf|20|257397336905
34895|0x6f2c98eaf|21|490752651708
34895|0x26f2c98eaf|22|1067334913319
34895|0x26f2c98eaf|23|1858664324634
34895|0x26f2c98eaf|24|3698858350202
34897|0x1c0b1|1|422648
34897|0x1c0b1|2|775614
34897|0x5c0b1|3|1627911
34897|0x5c0b1|4|3669112
34897|0x15c0b1|5|7107028
34897|0x15c0b1|6|10952873
34897|0x55c0b1|7|27763462
34897|0xd5c0b1|8|52310674
34897|0xd5c0b1|9|109259762
34897|0x2d5c0b1|10|198476459
34897|0x6d5c0b1|11|410458316
34897|0xed5c0b1|12|911810391
34897|0xed5c0b1|13|1634305672
34897|0xed5c0b1|14|3888181551
34897|0x4ed5c0b1|15|6763192885
34897|0xced5c0b1|16|14067576399
34897|0x1ced5c0b1|17|27462782029
34897|0x1ced5c0b1|18|54169686539
34897|0x5ced5c0b1|19|114446564349
34897|0xdced5c0b1|20|224871287044
34897|0xdced5c0b1|21|435998805442
34897|0xdced5c0b1|22|908220686892
34897|0x4dced5c0b1|23|1795885114955
34897|0xcdced5c0b1|24|3569274027327
34899|0xfbdb|1|264232
34899|0x2fbdb|2|570941
34899|0x6fbdb|3|1222326
34899|0x6fbdb|4|3530817
34899|0x16fbdb|5|7176946
34899|0x16fbdb|6|14540958
34899|0x56fbdb|7|26421986
34899|0x56fbdb|8|54091735
34899|0x56fbdb|9|105388739
34899|0x256fbdb|10|207000895
34899|0x256fbdb|11|415902681
34899|0xa56fbdb|12|826826985
34899|0x1a56fbdb|13|1694471506
34899|0x1a56fbdb|14|3060139573
34899|0x5a56fbdb|15|6920208845
34899|0xda56fbdb|16|12754210928
34899|0x1da56fbdb|17|27959510917
34899|0x1da56fbdb|18|59003325704
34899|0x1da56fbdb|19|108021857657
34899|0x9da56fbdb|20|236389985831
34899|0x19da56fbdb|21|473030245110
34899|0x39da56fbdb|22|929381883221
34899|0x79da56fbdb|23|2170638821372
34899|0xf9da56fbdb|24|4045593285168
34901|0x34fd|1|334469
34901|0x34fd|2|783244
34901|0x34fd|3|1662053
34901|0x834fd|4|3664319
34901|0x834fd|5|7217894
34901|0x2834fd|6|14468212
34901|0x2834fd|7|28684547
34901|0xa834fd|8|58285423
34901|0xa834fd|9|117111665
34901|0xa834fd|10|233986503
34901|0x4a834fd|11|463571729
34901|0xca834fd|12|915823408
34901|0x1ca834fd|13|1541667007
34901|0x3ca834fd|14|3548100818
34901|0x3ca834fd|15|7007451542
34901|0xbca834fd|16|12452435332
34901|0xbca834fd|17|24926746915
34901|0xbca834fd|18|56169970884
34901|0xbca834fd|19|114995083036
34901|0x8bca834fd|20|242847102462
34901|0x8bca834fd|21|541251895466
34901|0x28bca834fd|22|1080442723008
34901|0x68bca834fd|23|2138102004617
34901|0x68bca834fd|24|3664061347816
34903|0xe367|1|232659
34903|0xe367|2|502246
34903|0x4e367|3|1214980
34903|0xce367|4|2695793
34903|0x1ce367|5|5105059
34903|0x3ce367|6|12568672
34903|0x3ce367|7|28788323
34903|0xbce367|8|51914162
34903|0x1bce367|9|108780714
34903|0x1bce367|10|211915458
34903|0x1bce367|11|434407268
34903|0x1bce367|12|827330028
34903|0x11bce367|13|1573966135
34903|0x31bce367|14|3337772706
34903|0x71bce367|15|7814466750
34903|0x71bce367|16|22242925727
34903|0x171bce367|17|29514643097
34903|0x371bce367|18|59258217552
34903|0x371bce367|19|117830041606
34903|0xb71bce367|20|226801262545
34903|0x1b71bce367|21|480421690018
34903|0x1b71bce367|22|951402622770
34903|0x5b71bce367|23|1932563216405
34903|0xdb71bce367|24|3724607743712
34905|0x3fe9|1|603663
34905|0x23fe9|2|3319116
34905|0x63fe9|3|2969584
34905|0x63fe9|4|6112356
34905|0x63fe9|5|12256428
34905|0x263fe9|6|23575197
34905|0x663fe9|7|29569738
34905|0xe63fe9|8|59457479
34905|0xe63fe9|9|152146232
34905|0x2e63fe9|10|313720293
34905|0x6e63fe9|11|601022145
34905|0xee63fe9|12|818908745
34905|0xee63fe9|13|1574184919
34905|0xee63fe9|14|3293195072
34905|0xee63fe9|15|7453625499
34905|0x8ee63fe9|16|13893758111
34905|0x8ee63fe9|17|26966708287
34905|0x8ee63fe9|18|52605504806
34905|0x48ee63fe9|19|111048236184
34905|0x48ee63fe9|20|214296782340
34905|0x48ee63fe9|21|433301512124
34905|0x48ee63fe9|22|885150240038
34905|0x48ee63fe9|23|1743157740417
34905|0x848ee63fe9|24|3595695341480
34907|0x167d3|1|913872
34907|0x167d3|2|1418087
34907|0x167d3|3|2905208
34907|0x967d3|4|6029767
34907|0x967d3|5|12090907
34907|0x967d3|6|24227085
34907|0x967d3|7|48580243
34907|0x8967d3|8|97133268
34907|0x8967d3|9|194397336
34907|0x8967d3|10|389000105
34907|0x8967d3|11|777917656
34907|0x8967d3|12|1556305658
34907|0x108967d3|13|2554739938
34907|0x308967d3|14|3740968125
34907|0x708967d3|15|12432414325
34907|0x708967d3|16|25049298230
34907|0x1708967d3|17|38649705651
34907|0x1708967d3|18|52955984120
34907|0x5708967d3|19|109608982418
34907|0xd708967d3|20|225637622240
34907|0x1d708967d3|21|447974868429
34907|0x1d708967d3|22|903084034247
34907|0x5d708967d3|23|1883338023320
34907|0x5d708967d3|24|3684795858563
34909|0x18bf5|1|452188
34909|0x38bf5|2|911518
34909|0x78bf5|3|1855094
34909|0xf8bf5|4|3651281
34909|0xf8bf5|5|7337201
34909|0xf8bf5|6|13524625
34909|0xf8bf5|7|24125256
34909|0xf8bf5|8|66158285
34909|0xf8bf5|9|112815660
34909|0xf8bf5|10|209103147
34909|0xf8bf5|11|405367439
34909|0x80f8bf5|12|815953238
34909|0x180f8bf5|13|1551852403
34909|0x180f8bf5|14|3310348561
34909|0x180f8bf5|15|9583182743
34909|0x180f8bf5|16|19985486182
34909|0x1180f8bf5|17|29516131545
34909|0x3180f8bf5|18|65949961088
34909|0x3180f8bf5|19|142344551318
34909|0xb180f8bf5|20|228227874737
34909|0x1b180f8bf5|21|519540846199
34909|0x3b180f8bf5|22|992438338391
34909|0x7b180f8bf5|23|2096701667670
34909|0xfb180f8bf5|24|4056435166132
34911|0x1d39f|1|586246
34911|0x3d39f|2|1427421
34911|0x3d39f|3|2951361
34911|0xbd39f|4|5976192
34911|0x1bd39f|5|12093222
34911|0x1bd39f|6|18975283
34911|0x5bd39f|7|48580345
34911|0xdbd39f|8|84713667
34911|0xdbd39f|9|191295607
34911|0x2dbd39f|10|320058697
34911|0x2dbd39f|11|701767049
34911|0xadbd39f|12|1358325483
34911|0x1adbd39f|13|2415430499
34911|0x1adbd39f|14|5496337807
34911|0x5adbd39f|15|9853721460
34911|0xdadbd39f|16|19258277169
34911|0xdadbd39f|17|27108123381
34911|0x2dadbd39f|18|73532267985
34911|0x6dadbd39f|19|136242595167
34911|0x6dadbd39f|20|227907746315
34911|0x16dadbd39f|21|501776340575
34911|0x16dadbd39f|22|1013237747887
34911|0x56dadbd39f|23|1941511385119
34911|0xd6dadbd39f|24|4057308907837
34913|0x1ba1|1|648696
34913|0x1ba1|2|1429274
34913|0x1ba1|3|2971074
34913|0x81ba1|4|5335281
34913|0x81ba1|5|8686949
34913|0x81ba1|6|23679053
34913|0x481ba1|7|41384218
34913|0x481ba1|8|88226273
34913|0x481ba1|9|173189072
34913|0x2481ba1|10|327928065
34913|0x6481ba1|11|667438174
34913|0x6481ba1|12|1312755911
34913|0x16481ba1|13|2806220293
34913|0x16481ba1|14|5097653613
34913|0x56481ba1|15|9051663648
34913|0x56481ba1|16|17445651052
34913|0x156481ba1|17|31269214407
34913|0x156481ba1|18|57505607610
34913|0x156481ba1|19|117109418913
34913|0x956481ba1|20|223112242554
34913|0x956481ba1|21|500286407035
34913|0x2956481ba1|22|943610382372
34913|0x2956481ba1|23|1931916970075
34913|0xa956481ba1|24|3748430543293
34915|0x394b|1|343198
34915|0x2394b|2|848032
34915|0x6394b|3|1847963
34915|0xe394b|4|3483643
34915|0x1e394b|5|7441092
34915|0x3e394b|6|14489402
34915|0x3e394b|7|29319472
34915|0xbe394b|8|58677326
34915|0xbe394b|9|115890469
34915|0xbe394b|10|234593434
34915|0xbe394b|11|469522310
34915|0x8be394b|12|934170406
34915|0x18be394b|13|1841035884
34915|0x38be394b|14|3727815512
34915|0x38be394b|15|6879170708
34915|0x38be394b|16|12740131634
34915|0x138be394b|17|27885380459
34915|0x338be394b|18|54120422412
34915|0x738be394b|19|135916731295
34915|0x738be394b|20|233994407642
34915|0x1738be394b|21|450759217418
34915|0x3738be394b|22|920191590429
34915|0x3738be394b|23|1835993700821
34915|0xb738be394b|24|4013458441315
34917|0xe96d|1|622771
34917|0x2e96d|2|1384437
34917|0x2e96d|3|2969490
34917|0xae96d|4|5977368
34917|0x1ae96d|5|12078226
34917|0x3ae96d|6|24248957
34917|0x7ae96d|7|46455858
34917|0xfae96d|8|92723772
34917|0x1fae96d|9|162263251
34917|0x1fae96d|10|345439027
34917|0x5fae96d|11|663967727
34917|0xdfae96d|12|1327355731
34917|0x1dfae96d|13|2668813257
34917|0x3dfae96d|14|5123796589
34917|0x7dfae96d|15|9383727287
34917|0x7dfae96d|16|17641898723
34917|0x17dfae96d|17|35638574003
34917|0x17dfae96d|18|72797497107
34917|0x57dfae96d|19|140936732846
34917|0xd7dfae96d|20|262021095296
34917|0xd7dfae96d|21|475856214950
34917|0xd7dfae96d|22|887559750492
34917|0x4d7dfae96d|23|1792591522960
34917|0xcd7dfae96d|24|4093184876644
34919|0x1357|1|231543
34919|0x21357|2|574820
34919|0x61357|3|1376567
34919|0xe1357|4|2542483
34919|0x1e1357|5|5216982
34919|0x3e1357|6|13134733
34919|0x7e1357|7|25374168
34919|0x7e1357|8|50964395
34919|0x17e1357|9|118559458
34919|0x17e1357|10|205774656
34919|0x57e1357|11|414823295
34919|0x57e1357|12|827027450
34919|0x157e1357|13|1642788882
34919|0x357e1357|14|3629891140
34919|0x357e1357|15|6794695256
34919|0xb57e1357|16|16157575458
34919|0xb57e1357|17|30429815506
34919|0xb57e1357|18|63750626172
34919|0x4b57e1357|19|138904946109
34919|0x4b57e1357|20|233846342880
34919|0x14b57e1357|21|442064130688
34919|0x14b57e1357|22|896584692852
34919|0x54b57e1357|23|1792640637699
34919|0xd4b57e1357|24|3605869594613
34921|0x187d9|1|265928
34921|0x187d9|2|571067
34921|0x587d9|3|1214288
34921|0x587d9|4|2703010
34921|0x1587d9|5|7371510
34921|0x1587d9|6|12380186
34921|0x1587d9|7|26139180
34921|0x1587d9|8|51543084
34921|0x11587d9|9|110669465
34921|0x31587d9|10|217225735
34921|0x71587d9|11|423736568
34921|0xf1587d9|12|867639927
34921|0xf1587d9|13|1893893843
34921|0x2f1587d9|14|3634384204
34921|0x6f1587d9|15|6862298645
34921|0x6f1587d9|16|12783392845
34921|0x16f1587d9|17|27130961365
34921|0x36f1587d9|18|51369288250
34921|0x76f1587d9|19|107237783024
34921|0x76f1587d9|20|241593389205
34921|0x176f1587d9|21|457598124129
34921|0x376f1587d9|22|873291568151
34921|0x776f1587d9|23|1799270417978
34921|0x776f1587d9|24|4037054410198
34923|0x1e443|1|609753
34923|0x3e443|2|1456842
34923|0x7e443|3|2965727
34923|0x7e443|4|6127824
34923|0x17e443|5|12255441
34923|0x17e443|6|24582610
34923|0x57e443|7|41659668
34923|0x57e443|8|88427016
34923|0x57e443|9|181080392
34923|0x257e443|10|344426809
34923|0x657e443|11|711052256
34923|0xe57e443|12|1375792328
34923|0x1e57e443|13|2779502303
34923|0x3e57e443|14|5637429373
34923|0x7e57e443|15|9703511742
34923|0xfe57e443|16|19490219524
34923|0x1fe57e443|17|36837685160
34923|0x1fe57e443|18|71679076329
34923|0x5fe57e443|19|131537657743
34923|0x5fe57e443|20|248065447045
34923|0x5fe57e443|21|619317889868
34923|0x25fe57e443|22|1086894453924
34923|0x25fe57e443|23|1841316446182
34923|0x25fe57e443|24|3617164374327
34925|0xc165|1|373379
34925|0xc165|2|853340
34925|0xc165|3|1628035
34925|0xc165|4|3706236
34925|0x10c165|5|7222985
34925|0x30c165|6|14754578
34925|0x30c165|7|29590028
34925|0xb0c165|8|59339894
34925|0xb0c165|9|116916595
34925|0x2b0c165|10|236982748
34925|0x6b0c165|11|470077666
34925|0x6b0c165|12|943217845
34925|0x6b0c165|13|1888334611
34925|0x6b0c165|14|3763840852
34925|0x46b0c165|15|7515902608
34925|0x46b0c165|16|15262037712
34925|0x46b0c165|17|30030895738
34925|0x46b0c165|18|57674804254
34925|0x446b0c165|19|110878189944
34925|0x446b0c165|20|216069737196
34925|0x446b0c165|21|550417646301
34925|0x2446b0c165|22|880317203185
34925|0x2446b0c165|23|1758937683546
34925|0x2446b0c165|24|3540441664159
34927|0x1d68f|1|405823
34927|0x1d68f|2|775803
34927|0x1d68f|3|1626335
34927|0x9d68f|4|3690898
34927|0x9d68f|5|7137998
34927|0x9d68f|6|14478304
34927|0x49d68f|7|25405614
34927|0x49d68f|8|47319900
34927|0x49d68f|9|110503476
34927|0x249d68f|10|207663600
34927|0x249d68f|11|404438629
34927|0xa49d68f|12|789313102
34927|0x1a49d68f|13|1627754127
34927|0x3a49d68f|14|3562548058
34927|0x3a49d68f|15|6249567722
34927|0xba49d68f|16|13898751697
34927|0xba49d68f|17|26430014456
34927|0xba49d68f|18|51957902801
34927|0xba49d68f|19|105724299459
34927|0x8ba49d68f|20|227282422157
34927|0x8ba49d68f|21|444369165363
34927|0x8ba49d68f|22|862257130406
34927|0x48ba49d68f|23|1852219393066
34927|0xc8ba49d68f|24|3625218489001
34929|0x3891|1|519934
34929|0x23891|2|1141186
34929|0x23891|3|1890299
34929|0xa3891|4|3517559
34929|0x1a3891|5|7404299
34929|0x3a3891|6|14376988
34929|0x7a3891|7|29284548
34929|0x7a3891|8|58050474
34929|0x7a3891|9|115902519
34929|0x7a3891|10|246089691
34929|0x47a3891|11|464936377
34929|0xc7a3891|12|931121012
34929|0x1c7a3891|13|1898227941
34929|0x1c7a3891|14|3415421998
34929|0x1c7a3891|15|7437981907
34929|0x9c7a3891|16|13216858735
34929|0x9c7a3891|17|27564695774
34929|0x29c7a3891|18|55130489871
34929|0x29c7a3891|19|119891878290
34929|0xa9c7a3891|20|251643039612
34929|0x1a9c7a3891|21|436170651231
34929|0x3a9c7a3891|22|1008015630788
34929|0x3a9c7a3891|23|1884862543994
34929|0x3a9c7a3891|24|4229932858534
34931|0x15cbb|1|587449
34931|0x15cbb|2|2093463
34931|0x15cbb|3|2904997
34931|0x15cbb|4|6139569
34931|0x15cbb|5|12299573
34931|0x215cbb|6|24629051
34931|0x615cbb|7|44883614
34931|0x615cbb|8|90369115
34931|0x1615cbb|9|196584938
34931|0x1615cbb|10|255361332
34931|0x1615cbb|11|454414329
34931|0x9615cbb|12|839733003
34931|0x19615cbb|13|1566142923
34931|0x39615cbb|14|3202284330
34931|0x39615cbb|15|6556624777
34931|0xb9615cbb|16|23589405847
34931|0x1b9615cbb|17|34214482379
34931|0x3b9615cbb|18|65893789948
34931|0x3b9615cbb|19|126132107653
34931|0xbb9615cbb|20|277418117753
34931|0xbb9615cbb|21|459458366463
34931|0xbb9615cbb|22|869713244187
34931|0x4bb9615cbb|23|1746632010046
34931|0xcbb9615cbb|24|3987472970966
34933|0x107dd|1|352474
34933|0x307dd|2|775416
34933|0x307dd|3|1736682
34933|0x307dd|4|3601210
34933|0x1307dd|5|7075846
34933|0x3307dd|6|14694990
34933|0x3307dd|7|24665233
34933|0xb307dd|8|48336199
34933|0xb307dd|9|112452424
34933|0x2b307dd|10|216388098
34933|0x2b307dd|11|394408209
34933|0xab307dd|12|837353921
34933|0xab307dd|13|1856105525
34933|0xab307dd|14|3220144119
34933|0xab307dd|15|6646427896
34933|0xab307dd|16|12888996313
34933|0xab307dd|17|29848912039
34933|0xab307dd|18|59524057525
34933|0x40ab307dd|19|111951834044
34933|0xc0ab307dd|20|310480213966
34933|0x1c0ab307dd|21|458710033882
34933|0x1c0ab307dd|22|933813112417
34933|0x1c0ab307dd|23|1858533829985
34933|0x9c0ab307dd|24|3743494623983
34935|0x1d147|1|327477
34935|0x3d147|2|838965
34935|0x7d147|3|1869219
34935|0x7d147|4|3491797
34935|0x17d147|5|6567688
34935|0x17d147|6|10451438
34935|0x57d147|7|30502772
34935|0x57d147|8|51030049
34935|0x57d147|9|105809921
34935|0x57d147|10|212692840
34935|0x57d147|11|422169527
34935|0x57d147|12|790160105
34935|0x1057d147|13|1712246254
34935|0x1057d147|14|5393367036
34935|0x5057d147|15|10635365031
34935|0x5057d147|16|14757953509
34935|0x5057d147|17|26991361529
34935|0x5057d147|18|52734070094
34935|0x45057d147|19|165678921811
34935|0x45057d147|20|231011035029
34935|0x145057d147|21|449412424705
34935|0x345057d147|22|887218137682
34935|0x345057d147|23|1888874050032
34935|0x345057d147|24|4105299565231
34937|0x161c9|1|598146
34937|0x361c9|2|3403791
34937|0x761c9|3|2965470
34937|0x761c9|4|5394233
34937|0x1761c9|5|6974696
34937|0x1761c9|6|13802562
34937|0x1761c9|7|27403926
34937|0x1761c9|8|44072921
34937|0x11761c9|9|164791432
34937|0x11761c9|10|285149964
34937|0x11761c9|11|469922130
34937|0x11761c9|12|745952825
34937|0x111761c9|13|1456228699
34937|0x111761c9|14|2975545803
34937|0x111761c9|15|6438650893
34937|0x911761c9|16|15465080267
34937|0x1911761c9|17|28821592815
34937|0x3911761c9|18|61121688805
34937|0x7911761c9|19|122134443388
34937|0xf911761c9|20|264078819782
34937|0x1f911761c9|21|529930040760
34937|0x1f911761c9|22|930241014457
34937|0x1f911761c9|23|2072122566976
34937|0x1f911761c9|24|4206839502570
34939|0x16b3|1|327916
34939|0x216b3|2|775828
34939|0x216b3|3|1626417
34939|0x216b3|4|3369277
34939|0x1216b3|5|6769386
34939|0x1216b3|6|13753360
34939|0x5216b3|7|25863069
34939|0xd216b3|8|51837845
34939|0x1d216b3|9|94621848
34939|0x1d216b3|10|224978816
34939|0x5d216b3|11|403123108
34939|0xdd216b3|12|812641780
34939|0xdd216b3|13|1606922954
34939|0xdd216b3|14|4032953670
34939|0x4dd216b3|15|6712687667
34939|0x4dd216b3|16|14124005741
34939|0x14dd216b3|17|29176095796
34939|0x14dd216b3|18|59076017864
34939|0x14dd216b3|19|127324037844
34939|0x94dd216b3|20|249894460630
34939|0x194dd216b3|21|492735851811
34939|0x194dd216b3|22|1087452598181
34939|0x194dd216b3|23|2126069814050
34939|0x994dd216b3|24|3691024362464
34941|0x130d5|1|393165
34941|0x330d5|2|1248246
34941|0x330d5|3|1852560
34941|0x330d5|4|3532190
34941|0x330d5|5|7414992
34941|0x330d5|6|14528995
34941|0x330d5|7|29576917
34941|0x8330d5|8|58349778
34941|0x8330d5|9|118321204
34941|0x28330d5|10|234378850
34941|0x68330d5|11|480214508
34941|0x68330d5|12|948109202
34941|0x68330d5|13|1731818645
34941|0x268330d5|14|3413928668
34941|0x268330d5|15|6996014960
34941|0xa68330d5|16|12693224625
34941|0x1a68330d5|17|25828115534
34941|0x1a68330d5|18|54962529274
34941|0x5a68330d5|19|121822755908
34941|0xda68330d5|20|262783358069
34941|0xda68330d5|21|539430162635
34941|0x2da68330d5|22|1099127286319
34941|0x6da68330d5|23|2118763444630
34941|0x6da68330d5|24|3586482416959
34943|0x1377f|1|305984
34943|0x3377f|2|570725
34943|0x7377f|3|1254724
34943|0x7377f|4|2472433
34943|0x17377f|5|5121304
34943|0x17377f|6|12215644
34943|0x17377f|7|29217966
34943|0x17377f|8|50998366
34943|0x117377f|9|101043574
34943|0x117377f|10|202884994
34943|0x117377f|11|472776663
34943|0x117377f|12|896936131
34943|0x117377f|13|1619913767
34943|0x2117377f|14|3368643438
34943|0x6117377f|15|6727723660
34943|0xe117377f|16|13752960130
34943|0xe117377f|17|25999863779
34943|0xe117377f|18|51839224818
34943|0x4e117377f|19|123155040264
34943|0x4e117377f|20|247010574038
34943|0x4e117377f|21|455416840453
34943|0x4e117377f|22|1007045908163
34943|0x4e117377f|23|1894218792994
34943|0x4e117377f|24|4271093673427
34945|0x1b781|1|453028
34945|0x3b781|2|893963
34945|0x7b781|3|2157772
34945|0x7b781|4|4999810
34945|0x7b781|5|12089023
34945|0x27b781|6|24274558
34945|0x27b781|7|42334713
34945|0xa7b781|8|88632533
34945|0xa7b781|9|173702764
34945|0x2a7b781|10|303722766
34945|0x2a7b781|11|602253252
34945|0x2a7b781|12|1312165189
34945|0x12a7b781|13|1609216145
34945|0x12a7b781|14|3191096281
34945|0x12a7b781|15|6447731000
34945|0x92a7b781|16|14651663420
34945|0x192a7b781|17|26848172220
34945|0x192a7b781|18|52759326722
34945|0x592a7b781|19|118365864919
34945|0xd92a7b781|20|243251909411
34945|0xd92a7b781|21|479346978068
34945|0xd92a7b781|22|964005743877
34945|0x4d92a7b781|23|1831236487969
34945|0x4d92a7b781|24|3569329884279
34947|0x62b|1|362448
34947|0x2062b|2|800331
34947|0x2062b|3|1756385
34947|0x2062b|4|3662390
34947|0x12062b|5|7353860
34947|0x12062b|6|14335188
34947|0x12062b|7|29198988
34947|0x92062b|8|57993728
34947|0x92062b|9|116368289
34947|0x292062b|10|233332590
34947|0x692062b|11|466201428
34947|0x692062b|12|944126415
34947|0x1692062b|13|1895085604
34947|0x3692062b|14|3150269175
34947|0x3692062b|15|7042909539
34947|0xb692062b|16|13409745624
34947|0x1b692062b|17|29259648068
34947|0x3b692062b|18|58720707323
34947|0x7b692062b|19|163864143481
34947|0x7b692062b|20|220615601816
34947|0x17b692062b|21|442985908675
34947|0x37b692062b|22|893934453269
34947|0x37b692062b|23|1817585522700
34947|0xb7b692062b|24|3556008171296
34949|0x304d|1|367161
34949|0x2304d|2|908197
34949|0x6304d|3|1798069
34949|0x6304d|4|3550712
34949|0x6304d|5|7229500
34949|0x26304d|6|10350249
34949|0x26304d|7|26769061
34949|0xa6304d|8|45947272
34949|0xa6304d|9|100262219
34949|0xa6304d|10|199325193
34949|0xa6304d|11|414800642
34949|0xa6304d|12|792621644
34949|0xa6304d|13|1616433635
34949|0x20a6304d|14|3222775026
34949|0x60a6304d|15|6448831480
34949|0xe0a6304d|16|12482511683
34949|0x1e0a6304d|17|26192934367
34949|0x3e0a6304d|18|53913590325
34949|0x7e0a6304d|19|109066779884
34949|0x7e0a6304d|20|265938274453
34949|0x17e0a6304d|21|497229432287
34949|0x17e0a6304d|22|952739640205
34949|0x57e0a6304d|23|2016886964838
34949|0x57e0a6304d|24|4078513567425
34951|0x1bd37|1|697303
34951|0x1bd37|2|1429889
34951|0x1bd37|3|2958140
34951|0x1bd37|4|6054551
34951|0x11bd37|5|12242660
34951|0x31bd37|6|24535701
34951|0x71bd37|7|49154360
34951|0xf1bd37|8|128457156
34951|0xf1bd37|9|196791064
34951|0xf1bd37|10|388748772
34951|0x4f1bd37|11|777458952
34951|0xcf1bd37|12|1801315250
34951|0xcf1bd37|13|3132408302
34951|0xcf1bd37|14|6253359557
34951|0x4cf1bd37|15|12529087581
34951|0x4cf1bd37|16|25072021672
34951|0x14cf1bd37|17|37764695824
34951|0x14cf1bd37|18|53816849998
34951|0x14cf1bd37|19|106389461289
34951|0x14cf1bd37|20|221688451872
34951|0x114cf1bd37|21|464069590309
34951|0x114cf1bd37|22|878924979660
34951|0x114cf1bd37|23|1753578069354
34951|0x114cf1bd37|24|3639748942197
34953|0x16db9|1|258147
34953|0x36db9|2|500184
34953|0x36db9|3|1192475
34953|0x36db9|4|2623879
34953|0x36db9|5|6594140
34953|0x236db9|6|14461488
34953|0x636db9|7|28585345
34953|0xe36db9|8|53371701
34953|0xe36db9|9|92489967
34953|0xe36db9|10|208797075
34953|0x4e36db9|11|465567996
34953|0x4e36db9|12|933542176
34953|0x14e36db9|13|1865343180
34953|0x14e36db9|14|3722016025
34953|0x14e36db9|15|6593257824
34953|0x14e36db9|16|13139853651
34953|0x14e36db9|17|29947792121
34953|0x14e36db9|18|59031575501
34953|0x414e36db9|19|111103518921
34953|0xc14e36db9|20|222462257259
34953|0x1c14e36db9|21|438732109703
34953|0x3c14e36db9|22|920862331010
34953|0x7c14e36db9|23|1839238310119
34953|0xfc14e36db9|24|4213301851567
34955|0x19f23|1|378122
34955|0x19f23|2|824475
34955|0x59f23|3|1681263
34955|0xd9f23|4|3703149
34955|0x1d9f23|5|7127050
34955|0x3d9f23|6|11276100
34955|0x3d9f23|7|23150757
34955|0x3d9f23|8|46376125
34955|0x3d9f23|9|100411485
34955|0x23d9f23|10|191533235
34955|0x63d9f23|11|427632916
34955|0x63d9f23|12|745610813
34955|0x63d9f23|13|1640648188
34955|0x263d9f23|14|2952857134
34955|0x263d9f23|15|6004589084
34955|0xa63d9f23|16|11328864743
34955|0x1a63d9f23|17|29049409766
34955|0x3a63d9f23|18|60176409922
34955|0x7a63d9f23|19|111575661767
34955|0xfa63d9f23|20|222334913189
34955|0x1fa63d9f23|21|437802442527
34955|0x1fa63d9f23|22|1084516383714
34955|0x1fa63d9f23|23|2134205799581
34955|0x9fa63d9f23|24|3700947341089
34957|0x7a45|1|329082
34957|0x7a45|2|774074
34957|0x7a45|3|1771839
34957|0x87a45|4|3504038
34957|0x87a45|5|6030101
34957|0x287a45|6|10325141
34957|0x687a45|7|27779203
34957|0xe87a45|8|45950842
34957|0x1e87a45|9|102820221
34957|0x3e87a45|10|194891544
34957|0x3e87a45|11|455801244
34957|0xbe87a45|12|732850837
34957|0x1be87a45|13|1713335231
34957|0x3be87a45|14|2852097969
34957|0x3be87a45|15|5676909044
34957|0xbbe87a45|16|12109172444
34957|0x1bbe87a45|17|24452962871
34957|0x1bbe87a45|18|76369523445
34957|0x1bbe87a45|19|121473687574
34957|0x9bbe87a45|20|217035446429
34957|0x19bbe87a45|21|435264756802
34957|0x19bbe87a45|22|896033042274
34957|0x19bbe87a45|23|1776874336915
34957|0x19bbe87a45|24|3869069880969
34959|0x1966f|1|360276
34959|0x3966f|2|904618
34959|0x7966f|3|1794224
34959|0xf966f|4|3400355
34959|0xf966f|5|7197502
34959|0x2f966f|6|14210632
34959|0x2f966f|7|23634445
34959|0xaf966f|8|51457754
34959|0xaf966f|9|98853025
34959|0x2af966f|10|335990120
34959|0x2af966f|11|701905813
34959|0xaaf966f|12|1304751412
34959|0xaaf966f|13|2751822295
34959|0xaaf966f|14|5909270576
34959|0x4aaf966f|15|9872973218
34959|0x4aaf966f|16|19086919965
34959|0x14aaf966f|17|38710237991
34959|0x34aaf966f|18|54777585611
34959|0x74aaf966f|19|107442426595
34959|0x74aaf966f|20|230157028433
34959|0x74aaf966f|21|440439661967
34959|0x74aaf966f|22|863894127880
34959|0x474aaf966f|23|2507419272297
34959|0xc74aaf966f|24|4774454648579
34961|0x3871|1|592537
34961|0x3871|2|1399517
34961|0x43871|3|2585309
34961|0x43871|4|3491337
34961|0x43871|5|7267285
34961|0x243871|6|14528431
34961|0x243871|7|29484368
34961|0xa43871|8|71377115
34961|0x1a43871|9|142786727
34961|0x1a43871|10|308199866
34961|0x5a43871|11|522441950
34961|0x5a43871|12|1189971209
34961|0x15a43871|13|2304390684
34961|0x15a43871|14|3941882802
34961|0x15a43871|15|6577555702
34961|0x95a43871|16|15379846202
34961|0x95a43871|17|38088278063
34961|0x95a43871|18|58847333961
34961|0x495a43871|19|120372621873
34961|0xc95a43871|20|286393313205
34961|0xc95a43871|21|496141826000
34961|0x2c95a43871|22|1275772856389
34961|0x6c95a43871|23|2175028520902
34961|0x6c95a43871|24|4353372261702
34963|0x1d59b|1|429312
34963|0x1d59b|2|881466
34963|0x1d59b|3|1712484
34963|0x9d59b|4|3503636
34963|0x9d59b|5|7172789
34963|0x29d59b|6|13509035
34963|0x29d59b|7|23374592
34963|0xa9d59b|8|51380884
34963|0x1a9d59b|9|101823203
34963|0x3a9d59b|10|212514311
34963|0x7a9d59b|11|421178631
34963|0x7a9d59b|12|794753863
34963|0x7a9d59b|13|1756210833
34963|0x27a9d59b|14|3251225793
34963|0x27a9d59b|15|8016888687
34963|0x27a9d59b|16|15056078892
34963|0x127a9d59b|17|29367882427
34963|0x127a9d59b|18|70195391415
34963|0x527a9d59b|19|134073920404
34963|0xd27a9d59b|20|277278543171
34963|0xd27a9d59b|21|531953538694
34963|0x2d27a9d59b|22|1020374112086
34963|0x2d27a9d59b|23|2129954183330
34963|0x2d27a9d59b|24|3904632186638
34965|0x2bd|1|326613
34965|0x202bd|2|824977
34965|0x202bd|3|1848658
34965|0x202bd|4|3476242
34965|0x202bd|5|7344763
34965|0x2202bd|6|14454281
34965|0x6202bd|7|29036098
34965|0xe202bd|8|59065584
34965|0x1e202bd|9|118046103
34965|0x3e202bd|10|236430608
34965|0x7e202bd|11|466904850
34965|0xfe202bd|12|933244224
34965|0x1fe202bd|13|1876089690
34965|0x3fe202bd|14|3761306530
34965|0x7fe202bd|15|7513616269
34965|0xffe202bd|16|15054690138
34965|0x1ffe202bd|17|29174936560
34965|0x3ffe202bd|18|88713342190
34965|0x7ffe202bd|19|153898343401
34965|0xfffe202bd|20|316410838763
34965|0xfffe202bd|21|592509453927
34965|0xfffe202bd|22|1080354772842
34965|0x4fffe202bd|23|2169725941939
34965|0xcfffe202bd|24|4172404628203
34967|0x17727|1|376969
34967|0x37727|2|909689
34967|0x37727|3|1682748
34967|0xb7727|4|3722765
34967|0x1b7727|5|7126162
34967|0x1b7727|6|14695664
34967|0x1b7727|7|29280139
34967|0x9b7727|8|58317528
34967|0x19b7727|9|117497701
34967|0x39b7727|10|235295599
34967|0x39b7727|11|428132065
34967|0xb9b7727|12|891054163
34967|0x1b9b7727|13|1888070728
34967|0x3b9b7727|14|3665964336
34967|0x7b9b7727|15|6532096500
34967|0xfb9b7727|16|13688702897
34967|0x1fb9b7727|17|26983603629
34967|0x3fb9b7727|18|52600008473
34967|0x7fb9b7727|19|129595984741
34967|0x7fb9b7727|20|220875003224
34967|0x7fb9b7727|21|439326839536
34967|0x27fb9b7727|22|924618270704
34967|0x67fb9b7727|23|1868720436283
34967|0x67fb9b7727|24|3581526557775
34969|0x14ba9|1|432585
34969|0x14ba9|2|927033
34969|0x14ba9|3|1687478
34969|0x94ba9|4|3720535
34969|0x94ba9|5|7154959
34969|0x94ba9|6|13873628
34969|0x494ba9|7|24721438
34969|0x494ba9|8|50925426
34969|0x494ba9|9|109641512
34969|0x494ba9|10|207646490
34969|0x4494ba9|11|432226159
34969|0x4494ba9|12|783241614
34969|0x4494ba9|13|1757036641
34969|0x4494ba9|14|3749686483
34969|0x4494ba9|15|7149685972
34969|0x84494ba9|16|13179867468
34969|0x84494ba9|17|26517716718
34969|0x284494ba9|18|52089716463
34969|0x284494ba9|19|106684663636
34969|0xa84494ba9|20|215382433310
34969|0x1a84494ba9|21|447983732742
34969|0x3a84494ba9|22|831848376622
34969|0x7a84494ba9|23|1684501660403
34969|0xfa84494ba9|24|3493321984333
34971|0x1d93|1|328838
34971|0x1d93|2|874730
34971|0x1d93|3|1799695
34971|0x81d93|4|3417577
34971|0x81d93|5|6893732
34971|0x281d93|6|13917189
34971|0x281d93|7|27976086
34971|0x281d93|8|55381235
34971|0x281d93|9|101709527
34971|0x281d93|10|199251887
34971|0x281d93|11|401554305
34971|0x8281d93|12|741570193
34971|0x8281d93|13|1590266289
34971|0x8281d93|14|2998444853
34971|0x48281d93|15|9798500967
34971|0x48281d93|16|18385557676
34971|0x148281d93|17|31550070965
34971|0x148281d93|18|52106173517
34971|0x548281d93|19|121551420938
34971|0xd48281d93|20|202360372597
34971|0xd48281d93|21|407857568242
34971|0x2d48281d93|22|919296274078
34971|0x6d48281d93|23|1896008395283
34971|0xed48281d93|24|4103496339712
34973|0x3db5|1|581413
34973|0x23db5|2|817688
34973|0x23db5|3|1642905
34973|0xa3db5|4|3680209
34973|0x1a3db5|5|5875066
34973|0x3a3db5|6|10391921
34973|0x3a3db5|7|28736555
34973|0xba3db5|8|50922070
34973|0x1ba3db5|9|109865423
34973|0x1ba3db5|10|215751397
34973|0x1ba3db5|11|488529493
34973|0x1ba3db5|12|1146056226
34973|0x1ba3db5|13|2085229367
34973|0x1ba3db5|14|4974324062
34973|0x1ba3db5|15|9999180274
34973|0x1ba3db5|16|15834571102
34973|0x1ba3db5|17|30075246838
34973|0x1ba3db5|18|75421987999
34973|0x401ba3db5|19|136803573986
34973|0x401ba3db5|20|297038088680
34973|0x401ba3db5|21|535187943738
34973|0x2401ba3db5|22|1031016107700
34973|0x2401ba3db5|23|2030489585136
34973|0x2401ba3db5|24|3710094215334
34975|0x935f|1|232779
34975|0x2935f|2|502272
34975|0x6935f|3|1235789
34975|0x6935f|4|2678306
34975|0x6935f|5|6679331
34975|0x26935f|6|17326763
34975|0x66935f|7|29307191
34975|0x66935f|8|53451898
34975|0x66935f|9|103137669
34975|0x266935f|10|206422275
34975|0x666935f|11|386525348
34975|0xe66935f|12|777582453
34975|0x1e66935f|13|1570104392
34975|0x3e66935f|14|3206155968
34975|0x7e66935f|15|7270183763
34975|0x7e66935f|16|14658037060
34975|0x17e66935f|17|27159362381
34975|0x17e66935f|18|67790560090
34975|0x57e66935f|19|121886043604
34975|0x57e66935f|20|232327592250
34975|0x157e66935f|21|461383692023
34975|0x157e66935f|22|910358789039
34975|0x157e66935f|23|1794882123947
34975|0x957e66935f|24|3600524387036
34977|0x15b61|1|708919
34977|0x35b61|2|3361401
34977|0x35b61|3|3007750
34977|0xb5b61|4|6053058
34977|0x1b5b61|5|12225024
34977|0x1b5b61|6|24563755
34977|0x5b5b61|7|49195270
34977|0x5b5b61|8|98349587
34977|0x5b5b61|9|196918628
34977|0x25b5b61|10|388709708
34977|0x65b5b61|11|777979647
34977|0xe5b5b61|12|932009099
34977|0x1e5b5b61|13|1851318034
34977|0x3e5b5b61|14|3199192230
34977|0x7e5b5b61|15|6277220352
34977|0x7e5b5b61|16|12960934532
34977|0x7e5b5b61|17|25124872161
34977|0x7e5b5b61|18|47178422626
34977|0x7e5b5b61|19|105896095339
34977|0x7e5b5b61|20|229952435470
34977|0x107e5b5b61|21|420099392466
34977|0x107e5b5b61|22|910671960692
34977|0x107e5b5b61|23|1858952690504
34977|0x907e5b5b61|24|3513488187225
34979|0x6b0b|1|327870
34979|0x26b0b|2|776040
34979|0x26b0b|3|1808914
34979|0xa6b0b|4|3461365
34979|0xa6b0b|5|7235133
34979|0xa6b0b|6|14317051
34979|0xa6b0b|7|25466060
34979|0x8a6b0b|8|48778564
34979|0x18a6b0b|9|103596338
34979|0x18a6b0b|10|210865089
34979|0x58a6b0b|11|419723433
34979|0x58a6b0b|12|852512024
34979|0x158a6b0b|13|1813659124
34979|0x158a6b0b|14|3722865293
34979|0x558a6b0b|15|6412088050
34979|0x558a6b0b|16|14462052207
34979|0x558a6b0b|17|27391599090
34979|0x558a6b0b|18|53201002218
34979|0x558a6b0b|19|99620297224
34979|0x8558a6b0b|20|215096531595
34979|0x8558a6b0b|21|434796347479
34979|0x8558a6b0b|22|902183744134
34979|0x48558a6b0b|23|2120178481826
34979|0xc8558a6b0b|24|4168193409099
34981|0x1f2d|1|342683
34981|0x1f2d|2|901298
34981|0x41f2d|3|1901790
34981|0xc1f2d|4|3523710
34981|0xc1f2d|5|6382579
34981|0x2c1f2d|6|10454825
34981|0x2c1f2d|7|27669068
34981|0x2c1f2d|8|53342015
34981|0x12c1f2d|9|101307672
34981|0x32c1f2d|10|213883840
34981|0x72c1f2d|11|395497427
34981|0x72c1f2d|12|836834593
34981|0x172c1f2d|13|2320246686
34981|0x372c1f2d|14|4631641177
34981|0x372c1f2d|15|9750775063
34981|0x372c1f2d|16|16493100577
34981|0x1372c1f2d|17|33284448031
34981|0x1372c1f2d|18|79259490201
34981|0x1372c1f2d|19|150488146323
34981|0x9372c1f2d|20|238281856144
34981|0x9372c1f2d|21|534607926598
34981|0x9372c1f2d|22|1031406764451
34981|0x49372c1f2d|23|2164674435386
34981|0xc9372c1f2d|24|4239083187248
34983|0x9f17|1|373771
34983|0x9f17|2|897006
34983|0x49f17|3|2157473
34983|0xc9f17|4|4315969
34983|0xc9f17|5|10483468
34983|0xc9f17|6|24206461
34983|0x4c9f17|7|48517414
34983|0xcc9f17|8|81745615
34983|0xcc9f17|9|178371615
34983|0x2cc9f17|10|356754540
34983|0x2cc9f17|11|722582135
34983|0xacc9f17|12|1450877823
34983|0xacc9f17|13|2392011357
34983|0xacc9f17|14|3729760272
34983|0x4acc9f17|15|8855537283
34983|0xcacc9f17|16|18249094523
34983|0x1cacc9f17|17|38546663812
34983|0x1cacc9f17|18|61752116225
34983|0x1cacc9f17|19|114855650899
34983|0x9cacc9f17|20|256833910074
34983|0x9cacc9f17|21|611768563012
34983|0x29cacc9f17|22|1053669330641
34983|0x29cacc9f17|23|2059175795572
34983|0x29cacc9f17|24|4261056321648
34985|0x9b99|1|233337
34985|0x9b99|2|518556
34985|0x9b99|3|1192781
34985|0x9b99|4|2395097
34985|0x109b99|5|4901152
34985|0x309b99|6|13671089
34985|0x709b99|7|27060480
34985|0x709b99|8|50371998
34985|0x1709b99|9|97245202
34985|0x3709b99|10|195900200
34985|0x3709b99|11|392505353
34985|0xb709b99|12|779814115
34985|0xb709b99|13|1449560063
34985|0x2b709b99|14|4334238833
34985|0x2b709b99|15|10655688193
34985|0xab709b99|16|22093914255
34985|0x1ab709b99|17|35849204760
34985|0x3ab709b99|18|57888961078
34985|0x3ab709b99|19|116505347164
34985|0x3ab709b99|20|368069249823
34985|0x3ab709b99|21|539236684472
34985|0x3ab709b99|22|1238258755687
34985|0x3ab709b99|23|1997102860680
34985|0x83ab709b99|24|4785044687207
34987|0x13203|1|668933
34987|0x33203|2|1462762
34987|0x73203|3|2995483
34987|0x73203|4|6046743
34987|0x73203|5|12227191
34987|0x273203|6|24572364
34987|0x673203|7|42260823
34987|0xe73203|8|90581826
34987|0x1e73203|9|176478634
34987|0x1e73203|10|353231748
34987|0x1e73203|11|695859140
34987|0x9e73203|12|1397526112
34987|0x19e73203|13|2828196609
34987|0x39e73203|14|5644417369
34987|0x39e73203|15|12510799191
34987|0xb9e73203|16|25057502488
34987|0x1b9e73203|17|46287477828
34987|0x3b9e73203|18|90094012241
34987|0x3b9e73203|19|163851137695
34987|0x3b9e73203|20|317958296842
34987|0x3b9e73203|21|760518538927
34987|0x3b9e73203|22|858979753323
34987|0x43b9e73203|23|1755869365176
34987|0x43b9e73203|24|3766834543025
34989|0x1b25|1|334450
34989|0x21b25|2|1981222
34989|0x21b25|3|1873946
34989|0xa1b25|4|3535031
34989|0xa1b25|5|7332309
34989|0xa1b25|6|14338417
34989|0x4a1b25|7|29265029
34989|0xca1b25|8|58569824
34989|0x1ca1b25|9|114280364
34989|0x1ca1b25|10|217353279
34989|0x5ca1b25|11|431783643
34989|0xdca1b25|12|821765571
34989|0x1dca1b25|13|1579369587
34989|0x1dca1b25|14|3322464617
34989|0x1dca1b25|15|6330320647
34989|0x9dca1b25|16|13902551799
34989|0x9dca1b25|17|27254420449
34989|0x29dca1b25|18|68905511433
34989|0x29dca1b25|19|108066306668
34989|0xa9dca1b25|20|205314954829
34989|0xa9dca1b25|21|453726426860
34989|0xa9dca1b25|22|861075814416
34989|0xa9dca1b25|23|1925357651886
34989|0xa9dca1b25|24|3288842000736
34991|0x1ce4f|1|232766
34991|0x3ce4f|2|502239
34991|0x7ce4f|3|1216800
34991|0x7ce4f|4|2519073
34991|0x17ce4f|5|5026959
34991|0x37ce4f|6|14375881
34991|0x77ce4f|7|28670486
34991|0xf7ce4f|8|42804449
34991|0x1f7ce4f|9|98555634
34991|0x3f7ce4f|10|184805592
34991|0x7f7ce4f|11|396508120
34991|0xff7ce4f|12|778665740
34991|0x1ff7ce4f|13|1536831633
34991|0x1ff7ce4f|14|5147423035
34991|0x1ff7ce4f|15|8387386524
34991|0x9ff7ce4f|16|13882804191
34991|0x19ff7ce4f|17|29059557135
34991|0x19ff7ce4f|18|58455992257
34991|0x19ff7ce4f|19|124243735202
34991|0x99ff7ce4f|20|249684712473
34991|0x199ff7ce4f|21|489670676594
34991|0x199ff7ce4f|22|919947864357
34991|0x199ff7ce4f|23|1896264890087
34991|0x999ff7ce4f|24|3576198793348
34993|0xc051|1|345305
34993|0xc051|2|879468
34993|0xc051|3|1878017
34993|0xc051|4|3493307
34993|0x10c051|5|7272154
34993|0x10c051|6|14632335
34993|0x50c051|7|29456091
34993|0x50c051|8|58995087
34993|0x50c051|9|118278526
34993|0x250c051|10|233462057
34993|0x250c051|11|467023212
34993|0x250c051|12|939286262
34993|0x250c051|13|1900971154
34993|0x250c051|14|3761540277
34993|0x250c051|15|7523902261
34993|0x8250c051|16|15040563242
34993|0x18250c051|17|29600209146
34993|0x38250c051|18|57833613260
34993|0x38250c051|19|113505551986
34993|0xb8250c051|20|234467310233
34993|0x1b8250c051|21|465241209187
34993|0x1b8250c051|22|921822436019
34993|0x5b8250c051|23|2011519116312
34993|0xdb8250c051|24|4623817928514
34995|0x1667b|1|470719
34995|0x1667b|2|1385720
34995|0x5667b|3|2940851
34995|0xd667b|4|5935788
34995|0x1d667b|5|12047301
34995|0x1d667b|6|24192048
34995|0x1d667b|7|41201174
34995|0x1d667b|8|93304950
34995|0x11d667b|9|169862479
34995|0x31d667b|10|347205894
34995|0x71d667b|11|761202088
34995|0xf1d667b|12|1305879221
34995|0x1f1d667b|13|2377984469
34995|0x3f1d667b|14|5181391518
34995|0x7f1d667b|15|10309333007
34995|0xff1d667b|16|23819790657
34995|0xff1d667b|17|47422694558
34995|0x2ff1d667b|18|97869099641
34995|0x2ff1d667b|19|162421017182
34995|0x2ff1d667b|20|246319805980
34995|0x2ff1d667b|21|488657116086
34995|0x22ff1d667b|22|1097364220172
34995|0x22ff1d667b|23|2110347472926
34995|0x22ff1d667b|24|4048283064762
34997|0x259d|1|373566
34997|0x2259d|2|903769
34997|0x2259d|3|1696353
34997|0x2259d|4|3638869
34997|0x2259d|5|7113368
34997|0x2259d|6|14564069
34997|0x2259d|7|23329783
34997|0x82259d|8|49687857
34997|0x82259d|9|109360131
34997|0x82259d|10|235139130
34997|0x82259d|11|586951928
34997|0x82259d|12|1241705192
34997|0x82259d|13|2363684880
34997|0x82259d|14|3604776270
34997|0x82259d|15|6336992981
34997|0x8082259d|16|17335843684
34997|0x8082259d|17|33152124067
34997|0x8082259d|18|56361872147
34997|0x8082259d|19|116623475898
34997|0x8082259d|20|262759287301
34997|0x8082259d|21|518937434176
34997|0x208082259d|22|1052558201802
34997|0x608082259d|23|1832492064294
34997|0xe08082259d|24|4683359715368
34999|0xd507|1|623417
34999|0xd507|2|1386187
34999|0x4d507|3|2961038
34999|0x4d507|4|4976321
34999|0x4d507|5|7274566
34999|0x24d507|6|14381581
34999|0x24d507|7|28892769
34999|0xa4d507|8|52099328
34999|0x1a4d507|9|106731637
34999|0x3a4d507|10|301255216
34999|0x7a4d507|11|601304241
34999|0xfa4d507|12|1109038650
34999|0xfa4d507|13|2678822588
34999|0xfa4d507|14|4910841862
34999|0x4fa4d507|15|9817039928
34999|0xcfa4d507|16|17365097884
34999|0xcfa4d507|17|31242399327
34999|0xcfa4d507|18|64603739142
34999|0x4cfa4d507|19|113667412002
34999|0x4cfa4d507|20|230215508510
34999|0x4cfa4d507|21|494747139296
34999|0x4cfa4d507|22|1004803214191
34999|0x44cfa4d507|23|2141343051961
34999|0xc4cfa4d507|24|3761638126468
35001|0xfd89|1|515021
35001|0xfd89|2|776035
35001|0xfd89|3|1824427
35001|0x8fd89|4|3527723
35001|0x18fd89|5|7345929
35001|0x18fd89|6|14510157
35001|0x58fd89|7|29104783
35001|0x58fd89|8|58485592
35001|0x158fd89|9|116835281
35001|0x158fd89|10|236352886
35001|0x158fd89|11|466967886
35001|0x158fd89|12|941382075
35001|0x158fd89|13|1875929322
35001|0x158fd89|14|3762340008
35001|0x4158fd89|15|7502554833
35001|0xc158fd89|16|14162209359
35001|0x1c158fd89|17|27223939993
35001|0x1c158fd89|18|58484248358
35001|0x5c158fd89|19|126077982956
35001|0x5c158fd89|20|202558533227
35001|0x5c158fd89|21|440409233320
35001|0x25c158fd89|22|899625184933
35001|0x25c158fd89|23|2046659190542
35001|0x25c158fd89|24|3728953467739
35003|0x7c73|1|265373
35003|0x7c73|2|570947
35003|0x7c73|3|1357494
35003|0x87c73|4|2429854
35003|0x187c73|5|6085154
35003|0x187c73|6|12567820
35003|0x187c73|7|23384222
35003|0x187c73|8|52481775
35003|0x187c73|9|93809047
35003|0x187c73|10|191288592
35003|0x4187c73|11|405640960
35003|0x4187c73|12|868829684
35003|0x4187c73|13|1578411919
35003|0x4187c73|14|3487920633
35003|0x4187c73|15|10083208601
35003|0x4187c73|16|20957536366
35003|0x4187c73|17|27763971959
35003|0x4187c73|18|66313577405
35003|0x4187c73|19|134095635133
35003|0x4187c73|20|311149907337
35003|0x1004187c73|21|619896070431
35003|0x3004187c73|22|1217509502186
35003|0x7004187c73|23|2082779611726
35003|0x7004187c73|24|3868184315340
35005|0x1b295|1|329411
35005|0x1b295|2|775954
35005|0x1b295|3|1731201
35005|0x1b295|4|3566428
35005|0x1b295|5|7159109
35005|0x21b295|6|12309857
35005|0x61b295|7|26667376
35005|0x61b295|8|57838696
35005|0x161b295|9|105622467
35005|0x161b295|10|217844588
35005|0x561b295|11|417911096
35005|0x561b295|12|878518881
35005|0x561b295|13|1786609182
35005|0x2561b295|14|3488726390
35005|0x2561b295|15|7076611854
35005|0xa561b295|16|13529347935
35005|0xa561b295|17|26994359678
35005|0x2a561b295|18|61385703826
35005|0x2a561b295|19|171834175025
35005|0x2a561b295|20|279966947010
35005|0x12a561b295|21|556092838148
35005|0x32a561b295|22|1062658232940
35005|0x72a561b295|23|2020641174776
35005|0xf2a561b295|24|3780284101771
35007|0xe73f|1|330689
35007|0x2e73f|2|775970
35007|0x6e73f|3|1646157
35007|0x6e73f|4|3307243
35007|0x6e73f|5|7066918
35007|0x6e73f|6|14205190
35007|0x6e73f|7|23725767
35007|0x6e73f|8|47642725
35007|0x6e73f|9|102654281
35007|0x6e73f|10|193760697
35007|0x6e73f|11|385050355
35007|0x6e73f|12|791740677
35007|0x1006e73f|13|1383523290
35007|0x3006e73f|14|3624195573
35007|0x3006e73f|15|6459868409
35007|0xb006e73f|16|12842337353
35007|0x1b006e73f|17|25606834874
35007|0x3b006e73f|18|71513765275
35007|0x7b006e73f|19|132077553136
35007|0x7b006e73f|20|243786267762
35007|0x7b006e73f|21|501491764973
35007|0x7b006e73f|22|894298298668
35007|0x47b006e73f|23|2313395817993
35007|0x47b006e73f|24|4853739477328
35009|0x741|1|588831
35009|0x741|2|1407384
35009|0x741|3|2905581
35009|0x741|4|5943156
35009|0x741|5|12042933
35009|0x200741|6|23220636
35009|0x200741|7|44470597
35009|0x200741|8|97756519
35009|0x200741|9|175570546
35009|0x200741|10|357986457
35009|0x4200741|11|703621549
35009|0x4200741|12|1369740951
35009|0x4200741|13|2757833448
35009|0x24200741|14|4807731562
35009|0x64200741|15|9777052675
35009|0xe4200741|16|20823436806
35009|0x1e4200741|17|38562415112
35009|0x3e4200741|18|70205837732
35009|0x3e4200741|19|124302561486
35009|0x3e4200741|20|222791793773
35009|0x3e4200741|21|617218011160
35009|0x23e4200741|22|1216004969862
35009|0x63e4200741|23|2329332374295
35009|0xe3e4200741|24|3472755217992
35011|0x67eb|1|329740
35011|0x67eb|2|1845055
35011|0x467eb|3|1629060
35011|0x467eb|4|3341415
35011|0x1467eb|5|9886336
35011|0x1467eb|6|21097287
35011|0x5467eb|7|27111018
35011|0xd467eb|8|68373198
35011|0x1d467eb|9|141904961
35011|0x1d467eb|10|303236892
35011|0x5d467eb|11|654188952
35011|0xdd467eb|12|1215576588
35011|0xdd467eb|13|1816418325
35011|0x2dd467eb|14|4985275025
35011|0x6dd467eb|15|6767331691
35011|0xedd467eb|16|14573867569
35011|0xedd467eb|17|29938772152
35011|0x2edd467eb|18|63242163478
35011|0x6edd467eb|19|106372181452
35011|0x6edd467eb|20|202896496145
35011|0x6edd467eb|21|420151205873
35011|0x26edd467eb|22|847218320112
35011|0x26edd467eb|23|1695454646667
35011|0x26edd467eb|24|3431569460172
35013|0x1b60d|1|381171
35013|0x1b60d|2|893579
35013|0x1b60d|3|1698025
35013|0x9b60d|4|3674368
35013|0x19b60d|5|7175347
35013|0x19b60d|6|14954474
35013|0x19b60d|7|29283629
35013|0x99b60d|8|58927071
35013|0x199b60d|9|116084054
35013|0x199b60d|10|232317440
35013|0x599b60d|11|450899119
35013|0xd99b60d|12|893356309
35013|0xd99b60d|13|1844584402
35013|0x2d99b60d|14|3395046879
35013|0x6d99b60d|15|7205908472
35013|0x6d99b60d|16|13832817798
35013|0x6d99b60d|17|27393300066
35013|0x26d99b60d|18|54031087675
35013|0x26d99b60d|19|108512200537
35013|0xa6d99b60d|20|289757401330
35013|0xa6d99b60d|21|433267426909
35013|0xa6d99b60d|22|1032692163483
35013|0x4a6d99b60d|23|2338349819373
35013|0xca6d99b60d|24|4666500513111
35015|0x1b8f7|1|328852
35015|0x3b8f7|2|776008
35015|0x3b8f7|3|1732740
35015|0xbb8f7|4|3575951
35015|0xbb8f7|5|7171184
35015|0x2bb8f7|6|14410858
35015|0x6bb8f7|7|28903946
35015|0x6bb8f7|8|58860167
35015|0x6bb8f7|9|116627281
35015|0x26bb8f7|10|233785335
35015|0x66bb8f7|11|465808158
35015|0xe6bb8f7|12|934351309
35015|0x1e6bb8f7|13|1868683494
35015|0x3e6bb8f7|14|3443425459
35015|0x7e6bb8f7|15|6257428045
35015|0xfe6bb8f7|16|13872849642
35015|0x1fe6bb8f7|17|27440160766
35015|0x3fe6bb8f7|18|52113796012
35015|0x7fe6bb8f7|19|106758877277
35015|0x7fe6bb8f7|20|217084661968
35015|0x7fe6bb8f7|21|431917277728
35015|0x27fe6bb8f7|22|934106963997
35015|0x67fe6bb8f7|23|1727362798108
35015|0x67fe6bb8f7|24|3825777632545
35017|0x1179|1|257762
35017|0x21179|2|502141
35017|0x21179|3|1194261
35017|0xa1179|4|2417631
35017|0x1a1179|5|4838680
35017|0x1a1179|6|13034040
35017|0x5a1179|7|27383217
35017|0x5a1179|8|45470630
35017|0x5a1179|9|94577683
35017|0x5a1179|10|196458579
35017|0x5a1179|11|360951360
35017|0x5a1179|12|788444397
35017|0x5a1179|13|1881119634
35017|0x205a1179|14|4654443983
35017|0x605a1179|15|10154624458
35017|0xe05a1179|16|20128156413
35017|0xe05a1179|17|25918807248
35017|0xe05a1179|18|77061387004
35017|0xe05a1179|19|157658126761
35017|0xe05a1179|20|212127258620
35017|0xe05a1179|21|465218454324
35017|0x20e05a1179|22|916790109952
35017|0x20e05a1179|23|1893961910958
35017|0x20e05a1179|24|3810589158652
35019|0x19ce3|1|435913
35019|0x19ce3|2|1956030
35019|0x19ce3|3|1726754
35019|0x19ce3|4|3677085
35019|0x19ce3|5|7200729
35019|0x219ce3|6|14579737
35019|0x219ce3|7|29371259
35019|0x219ce3|8|58621606
35019|0x219ce3|9|117419264
35019|0x2219ce3|10|231750840
35019|0x6219ce3|11|468970388
35019|0xe219ce3|12|930061080
35019|0x1e219ce3|13|1846536957
35019|0x1e219ce3|14|3726573718
35019|0x5e219ce3|15|7436820330
35019|0xde219ce3|16|14888478045
35019|0xde219ce3|17|28243577516
35019|0x2de219ce3|18|82893470222
35019|0x2de219ce3|19|195201185175
35019|0xade219ce3|20|389885705960
35019|0xade219ce3|21|770348209583
35019|0x2ade219ce3|22|1086191108462
35019|0x2ade219ce3|23|1727048391931
35019|0x2ade219ce3|24|3398105163468
35021|0xa405|1|654335
35021|0x2a405|2|3280619
35021|0x2a405|3|3006058
35021|0x2a405|4|6087384
35021|0x2a405|5|12231959
35021|0x2a405|6|24583120
35021|0x42a405|7|49190996
35021|0xc2a405|8|97627965
35021|0x1c2a405|9|194552135
35021|0x1c2a405|10|392238352
35021|0x1c2a405|11|778674746
35021|0x1c2a405|12|1571001731
35021|0x11c2a405|13|2602321484
35021|0x31c2a405|14|4728780539
35021|0x71c2a405|15|8883184701
35021|0xf1c2a405|16|15274422623
35021|0x1f1c2a405|17|29107323049
35021|0x3f1c2a405|18|54903650768
35021|0x3f1c2a405|19|129363295466
35021|0xbf1c2a405|20|308856069891
35021|0xbf1c2a405|21|456721165907
35021|0xbf1c2a405|22|923244028792
35021|0xbf1c2a405|23|2019983113719
35021|0xbf1c2a405|24|4506494342003
35023|0x17e2f|1|342789
35023|0x37e2f|2|1862654
35023|0x77e2f|3|1662917
35023|0xf7e2f|4|3401670
35023|0x1f7e2f|5|6845715
35023|0x1f7e2f|6|13729336
35023|0x1f7e2f|7|35659665
35023|0x9f7e2f|8|68140234
35023|0x9f7e2f|9|139832636
35023|0x9f7e2f|10|307572946
35023|0x49f7e2f|11|574585439
35023|0xc9f7e2f|12|1201224087
35023|0x1c9f7e2f|13|2250969384
35023|0x3c9f7e2f|14|4865858533
35023|0x7c9f7e2f|15|10784443624
35023|0xfc9f7e2f|16|25084830779
35023|0x1fc9f7e2f|17|48971702377
35023|0x1fc9f7e2f|18|97202879970
35023|0x1fc9f7e2f|19|113187180421
35023|0x1fc9f7e2f|20|276564874824
35023|0x11fc9f7e2f|21|471060896718
35023|0x11fc9f7e2f|22|933693494566
35023|0x51fc9f7e2f|23|1842577211177
35023|0xd1fc9f7e2f|24|3689240490376
35025|0xd031|1|329374
35025|0xd031|2|776148
35025|0x4d031|3|1872840
35025|0xcd031|4|3420886
35025|0x1cd031|5|7319605
35025|0x3cd031|6|14305405
35025|0x7cd031|7|28990708
35025|0xfcd031|8|47625296
35025|0x1fcd031|9|106075275
35025|0x3fcd031|10|215138977
35025|0x3fcd031|11|420663589
35025|0x3fcd031|12|853960949
35025|0x13fcd031|13|1636449306
35025|0x33fcd031|14|3916082524
35025|0x73fcd031|15|10380426472
35025|0x73fcd031|16|12768432342
35025|0x173fcd031|17|26486536857
35025|0x373fcd031|18|54226073667
35025|0x373fcd031|19|116219697379
35025|0x373fcd031|20|218533780804
35025|0x1373fcd031|21|455587878628
35025|0x1373fcd031|22|919149127732
35025|0x1373fcd031|23|1886766195748
35025|0x9373fcd031|24|4127012140123
