36867|0x9aab|1|897148
36867|0x29aab|2|1568328
36867|0x29aab|3|3044588
36867|0xa9aab|4|30172913
36867|0xa9aab|5|12349224
36867|0x2a9aab|6|56775772
36867|0x2a9aab|7|64699037
36867|0xaa9aab|8|97855313
36867|0x1aa9aab|9|197946454
36867|0x1aa9aab|10|395909515
36867|0x5aa9aab|11|791333911
36867|0xdaa9aab|12|1583288860
36867|0xdaa9aab|13|3139387080
36867|0x2daa9aab|14|6273426707
36867|0x2daa9aab|15|12533114232
36867|0xadaa9aab|16|25356790999
36867|0xadaa9aab|17|48597502843
36867|0x2adaa9aab|18|98142017744
36867|0x2adaa9aab|19|195609542903
36867|0xaadaa9aab|20|349555370207
36867|0x1aadaa9aab|21|604222687232
36867|0x1aadaa9aab|22|1572836142767
36867|0x1aadaa9aab|23|3140102772397
36867|0x1aadaa9aab|24|6282648852466
36869|0x1bccd|1|602213
36869|0x1bccd|2|1447081
36869|0x5bccd|3|2990214
36869|0x5bccd|4|6108475
36869|0x15bccd|5|12272475
36869|0x35bccd|6|24596093
36869|0x75bccd|7|49398485
36869|0xf5bccd|8|98731826
36869|0x1f5bccd|9|197643389
36869|0x1f5bccd|10|395483651
36869|0x5f5bccd|11|791039556
36869|0xdf5bccd|12|1563095112
36869|0xdf5bccd|13|3126666380
36869|0xdf5bccd|14|6328875096
36869|0xdf5bccd|15|12496990465
36869|0x8df5bccd|16|25014607434
36869|0x18df5bccd|17|49319110651
36869|0x38df5bccd|18|97465741053
36869|0x78df5bccd|19|196738160332
36869|0x78df5bccd|20|392610761957
36869|0x78df5bccd|21|785390961525
36869|0x78df5bccd|22|1571900713486
36869|0x78df5bccd|23|3142978051787
36869|0x78df5bccd|24|5266053494524
36871|0x1ddb7|1|332424
36871|0x1ddb7|2|781526
36871|0x5ddb7|3|1816881
36871|0x5ddb7|4|3557675
36871|0x5ddb7|5|7400828
36871|0x25ddb7|6|14590496
36871|0x65ddb7|7|29284738
36871|0xe5ddb7|8|59462319
36871|0x1e5ddb7|9|118856943
36871|0x3e5ddb7|10|234956367
36871|0x3e5ddb7|11|469967777
36871|0xbe5ddb7|12|971770274
36871|0xbe5ddb7|13|1830968549
36871|0x2be5ddb7|14|3788471312
36871|0x2be5ddb7|15|7593671144
36871|0xabe5ddb7|16|15080463437
36871|0xabe5ddb7|17|29457753728
36871|0x2abe5ddb7|18|59503809182
36871|0x6abe5ddb7|19|143253049288
36871|0x6abe5ddb7|20|271517934439
36871|0x6abe5ddb7|21|473236795223
36871|0x26abe5ddb7|22|945379987488
36871|0x66abe5ddb7|23|1890036251808
36871|0xe6abe5ddb7|24|3774076833956
36873|0x1fe39|1|377822
36873|0x3fe39|2|781163
36873|0x7fe39|3|1698354
36873|0xffe39|4|3659950
36873|0x1ffe39|5|7276122
36873|0x3ffe39|6|14586893
36873|0x7ffe39|7|29354792
36873|0xfffe39|8|58831354
36873|0xfffe39|9|117605267
36873|0xfffe39|10|235109865
36873|0xfffe39|11|470585900
36873|0x8fffe39|12|941588139
36873|0x18fffe39|13|1883291710
36873|0x38fffe39|14|3761486422
36873|0x38fffe39|15|7526173804
36873|0x38fffe39|16|15051592223
36873|0x38fffe39|17|30128529434
36873|0x238fffe39|18|59009713203
36873|0x638fffe39|19|117918521429
36873|0xe38fffe39|20|237020984743
36873|0x1e38fffe39|21|474944697632
36873|0x3e38fffe39|22|938902783515
36873|0x7e38fffe39|23|1887978550154
36873|0xfe38fffe39|24|5847600843938
36875|0x17ba3|1|898483
36875|0x17ba3|2|1444072
36875|0x57ba3|3|3010698
36875|0xd7ba3|4|6103937
36875|0xd7ba3|5|12281598
36875|0x2d7ba3|6|24653341
36875|0x2d7ba3|7|49369363
36875|0xad7ba3|8|98830030
36875|0x1ad7ba3|9|195327359
36875|0x1ad7ba3|10|390734619
36875|0x1ad7ba3|11|790913188
36875|0x9ad7ba3|12|1551157022
36875|0x9ad7ba3|13|3127002891
36875|0x9ad7ba3|14|6331383056
36875|0x9ad7ba3|15|12631288400
36875|0x9ad7ba3|16|25195605508
36875|0x9ad7ba3|17|50376501295
36875|0x209ad7ba3|18|100715909463
36875|0x209ad7ba3|19|196818496976
36875|0xa09ad7ba3|20|393184771574
36875|0xa09ad7ba3|21|786940531132
36875|0x2a09ad7ba3|22|1573758795587
36875|0x6a09ad7ba3|23|2929065072571
36875|0x6a09ad7ba3|24|5120994547094
36877|0x3ec5|1|469710
36877|0x23ec5|2|917754
36877|0x63ec5|3|1874802
36877|0x63ec5|4|3609292
36877|0x63ec5|5|7333899
36877|0x263ec5|6|14687588
36877|0x663ec5|7|29321939
36877|0xe63ec5|8|58951375
36877|0x1e63ec5|9|117906464
36877|0x1e63ec5|10|232710220
36877|0x5e63ec5|11|465226483
36877|0x5e63ec5|12|942428777
36877|0x15e63ec5|13|1862175369
36877|0x35e63ec5|14|3769743205
36877|0x75e63ec5|15|7462956822
36877|0xf5e63ec5|16|15091434018
36877|0xf5e63ec5|17|28444563862
36877|0x2f5e63ec5|18|58723729405
36877|0x2f5e63ec5|19|117856974002
36877|0xaf5e63ec5|20|236820123877
36877|0xaf5e63ec5|21|455026819122
36877|0x2af5e63ec5|22|1577321029289
36877|0x2af5e63ec5|23|3152945940473
36877|0xaaf5e63ec5|24|6294473670561
36879|0x5eef|1|592394
36879|0x5eef|2|1398940
36879|0x45eef|3|2972064
36879|0xc5eef|4|6041705
36879|0xc5eef|5|12127794
36879|0x2c5eef|6|24327882
36879|0x2c5eef|7|48840585
36879|0x2c5eef|8|99007108
36879|0x2c5eef|9|198090752
36879|0x2c5eef|10|394331236
36879|0x2c5eef|11|792673946
36879|0x82c5eef|12|1540697111
36879|0x182c5eef|13|3158295788
36879|0x382c5eef|14|6301472755
36879|0x782c5eef|15|12613394440
36879|0x782c5eef|16|25202137029
36879|0x782c5eef|17|50447400387
36879|0x782c5eef|18|95853702620
36879|0x782c5eef|19|196810375799
36879|0x782c5eef|20|393643959307
36879|0x782c5eef|21|791400541861
36879|0x20782c5eef|22|1577745827376
36879|0x20782c5eef|23|3155518340945
36879|0xa0782c5eef|24|6291031917578
36881|0x60f1|1|590722
36881|0x260f1|2|1422598
36881|0x260f1|3|2946907
36881|0x260f1|4|6018499
36881|0x1260f1|5|12135422
36881|0x1260f1|6|24388673
36881|0x5260f1|7|49401722
36881|0x5260f1|8|99017807
36881|0x5260f1|9|198085381
36881|0x5260f1|10|396271962
36881|0x45260f1|11|789148154
36881|0x45260f1|12|1581418018
36881|0x45260f1|13|3154495334
36881|0x245260f1|14|6313833610
36881|0x645260f1|15|12613147760
36881|0x645260f1|16|25228070743
36881|0x1645260f1|17|49501447249
36881|0x3645260f1|18|98874228713
36881|0x3645260f1|19|197821057476
36881|0xb645260f1|20|397809455062
36881|0x1b645260f1|21|732725913911
36881|0x1b645260f1|22|954415408302
36881|0x5b645260f1|23|3147946724168
36881|0xdb645260f1|24|4385541004686
36883|0x1ba1b|1|332014
36883|0x1ba1b|2|794863
36883|0x1ba1b|3|1873693
36883|0x1ba1b|4|3538454
36883|0x11ba1b|5|7426857
36883|0x11ba1b|6|14595054
36883|0x11ba1b|7|29259744
36883|0x11ba1b|8|58728965
36883|0x11ba1b|9|117403012
36883|0x211ba1b|10|235043822
36883|0x211ba1b|11|470212727
36883|0x211ba1b|12|940195075
36883|0x211ba1b|13|1913769147
36883|0x2211ba1b|14|3753145052
36883|0x2211ba1b|15|7589184402
36883|0xa211ba1b|16|15203739401
36883|0xa211ba1b|17|29453727305
36883|0x2a211ba1b|18|59176711214
36883|0x6a211ba1b|19|118081537721
36883|0xea211ba1b|20|236352158968
36883|0xea211ba1b|21|475103333057
36883|0xea211ba1b|22|936119933517
36883|0x4ea211ba1b|23|1891678467756
36883|0x4ea211ba1b|24|3706969616611
36885|0xbf3d|1|417165
36885|0x2bf3d|2|912551
36885|0x6bf3d|3|1676791
36885|0x6bf3d|4|3738249
36885|0x6bf3d|5|5597008
36885|0x26bf3d|6|10933703
36885|0x66bf3d|7|28562026
36885|0x66bf3d|8|46277200
36885|0x66bf3d|9|101440152
36885|0x66bf3d|10|211962745
36885|0x466bf3d|11|400885620
36885|0xc66bf3d|12|789528004
36885|0x1c66bf3d|13|1582982672
36885|0x3c66bf3d|14|3173391214
36885|0x7c66bf3d|15|6268700470
36885|0x7c66bf3d|16|12549873250
36885|0x7c66bf3d|17|27197230533
36885|0x7c66bf3d|18|57420460942
36885|0x47c66bf3d|19|117252167100
36885|0xc7c66bf3d|20|243128655323
36885|0xc7c66bf3d|21|476277828788
36885|0xc7c66bf3d|22|1013596202012
36885|0xc7c66bf3d|23|1803808915553
36885|0xc7c66bf3d|24|3780358337498
36887|0x1a7a7|1|360993
36887|0x1a7a7|2|890388
36887|0x5a7a7|3|1870667
36887|0x5a7a7|4|3504548
36887|0x15a7a7|5|7307846
36887|0x15a7a7|6|14884545
36887|0x55a7a7|7|29308956
36887|0x55a7a7|8|59294864
36887|0x55a7a7|9|118731784
36887|0x255a7a7|10|229639163
36887|0x655a7a7|11|535624967
36887|0x655a7a7|12|1025234716
36887|0x655a7a7|13|1870802952
36887|0x655a7a7|14|3789802934
36887|0x4655a7a7|15|7793421219
36887|0xc655a7a7|16|15049548719
36887|0xc655a7a7|17|35410862760
36887|0x2c655a7a7|18|62790830240
36887|0x2c655a7a7|19|119272161646
36887|0x2c655a7a7|20|239698661460
36887|0x12c655a7a7|21|471380513110
36887|0x12c655a7a7|22|949058398966
36887|0x52c655a7a7|23|1937038660861
36887|0x52c655a7a7|24|3781702498398
36889|0x1cc29|1|410126
36889|0x1cc29|2|912363
36889|0x5cc29|3|1678343
36889|0xdcc29|4|3779259
36889|0x1dcc29|5|7337345
36889|0x1dcc29|6|14887695
36889|0x5dcc29|7|29820914
36889|0x5dcc29|8|59687805
36889|0x5dcc29|9|119516209
36889|0x5dcc29|10|238304103
36889|0x45dcc29|11|471732477
36889|0x45dcc29|12|950600216
36889|0x145dcc29|13|1987689096
36889|0x145dcc29|14|3772572559
36889|0x545dcc29|15|7603169565
36889|0x545dcc29|16|15286042962
36889|0x1545dcc29|17|29663661794
36889|0x3545dcc29|18|59035221879
36889|0x3545dcc29|19|118001878681
36889|0xb545dcc29|20|238091070507
36889|0x1b545dcc29|21|474103676356
36889|0x3b545dcc29|22|1074060072849
36889|0x7b545dcc29|23|1900572919461
36889|0xfb545dcc29|24|3792699700656
36891|0xca13|1|392315
36891|0xca13|2|917688
36891|0xca13|3|1824918
36891|0xca13|4|3681601
36891|0xca13|5|7288621
36891|0xca13|6|14830814
36891|0x40ca13|7|29732667
36891|0xc0ca13|8|59256951
36891|0xc0ca13|9|118926736
36891|0x2c0ca13|10|235049299
36891|0x6c0ca13|11|470423602
36891|0xec0ca13|12|955864044
36891|0xec0ca13|13|1881278780
36891|0xec0ca13|14|3941376263
36891|0xec0ca13|15|7541930576
36891|0xec0ca13|16|15120439076
36891|0xec0ca13|17|30015686906
36891|0x20ec0ca13|18|58893271032
36891|0x60ec0ca13|19|118218755306
36891|0x60ec0ca13|20|234898955261
36891|0x160ec0ca13|21|474391166602
36891|0x360ec0ca13|22|947548098249
36891|0x360ec0ca13|23|1935669316347
36891|0x360ec0ca13|24|3814318443860
36893|0xb235|1|575212
36893|0x2b235|2|917556
36893|0x6b235|3|1698562
36893|0x6b235|4|3753417
36893|0x6b235|5|7277220
36893|0x6b235|6|14794144
36893|0x6b235|7|29717954
36893|0x6b235|8|59485603
36893|0x106b235|9|118781975
36893|0x306b235|10|237739872
36893|0x706b235|11|475471610
36893|0x706b235|12|993719421
36893|0x1706b235|13|1879607835
36893|0x3706b235|14|3794084459
36893|0x3706b235|15|7516301563
36893|0x3706b235|16|15089435188
36893|0x3706b235|17|30229635181
36893|0x23706b235|18|58874155390
36893|0x63706b235|19|118819433219
36893|0xe3706b235|20|238470579121
36893|0x1e3706b235|21|474090604673
36893|0x3e3706b235|22|949265962216
36893|0x3e3706b235|23|1883471088375
36893|0x3e3706b235|24|3782514472312
36895|0xebdf|1|375986
36895|0x2ebdf|2|890632
36895|0x2ebdf|3|1820049
36895|0xaebdf|4|3555754
36895|0xaebdf|5|7213793
36895|0xaebdf|6|14544120
36895|0xaebdf|7|29255117
36895|0xaebdf|8|58914355
36895|0xaebdf|9|133243394
36895|0x20aebdf|10|235450763
36895|0x60aebdf|11|468742709
36895|0x60aebdf|12|935807991
36895|0x60aebdf|13|1933975138
36895|0x260aebdf|14|3814916068
36895|0x660aebdf|15|7461552922
36895|0xe60aebdf|16|15277164279
36895|0xe60aebdf|17|28668372172
36895|0x2e60aebdf|18|60445865002
36895|0x2e60aebdf|19|118414829194
36895|0x2e60aebdf|20|237975570399
36895|0x2e60aebdf|21|471620523604
36895|0x2e60aebdf|22|939352345104
36895|0x42e60aebdf|23|1887288966399
36895|0xc2e60aebdf|24|3781470296047
36897|0xf3e1|1|345066
36897|0x2f3e1|2|808514
36897|0x2f3e1|3|1905771
36897|0x2f3e1|4|3576978
36897|0x12f3e1|5|7503638
36897|0x32f3e1|6|14784318
36897|0x72f3e1|7|29189860
36897|0x72f3e1|8|58715264
36897|0x72f3e1|9|118786769
36897|0x72f3e1|10|237621026
36897|0x72f3e1|11|549195137
36897|0x872f3e1|12|948289957
36897|0x872f3e1|13|1893826827
36897|0x872f3e1|14|4229968789
36897|0x4872f3e1|15|7572158415
36897|0x4872f3e1|16|15115252973
36897|0x4872f3e1|17|30314905222
36897|0x24872f3e1|18|59150944404
36897|0x64872f3e1|19|118908627707
36897|0x64872f3e1|20|237944766154
36897|0x164872f3e1|21|517701754849
36897|0x364872f3e1|22|1262969611273
36897|0x764872f3e1|23|1891628964217
36897|0x764872f3e1|24|3693738151847
36899|0x9f8b|1|339644
36899|0x9f8b|2|2022279
36899|0x49f8b|3|1942638
36899|0x49f8b|4|3526048
36899|0x49f8b|5|7397904
36899|0x249f8b|6|14498853
36899|0x649f8b|7|28977145
36899|0xe49f8b|8|58262337
36899|0x1e49f8b|9|117067512
36899|0x1e49f8b|10|232435639
36899|0x5e49f8b|11|499577242
36899|0xde49f8b|12|1008674182
36899|0xde49f8b|13|1920974082
36899|0xde49f8b|14|3845074848
36899|0xde49f8b|15|7796160245
36899|0x8de49f8b|16|15607979088
36899|0x8de49f8b|17|30223011740
36899|0x8de49f8b|18|58500549817
36899|0x48de49f8b|19|115983027001
36899|0x48de49f8b|20|228871497357
36899|0x148de49f8b|21|453984009589
36899|0x348de49f8b|22|892930167890
36899|0x348de49f8b|23|1812764087943
36899|0x348de49f8b|24|3565686390254
36901|0x10bad|1|241880
36901|0x10bad|2|532989
36901|0x10bad|3|1202026
36901|0x90bad|4|2592155
36901|0x90bad|5|5149701
36901|0x290bad|6|14107194
36901|0x290bad|7|29174399
36901|0xa90bad|8|51951644
36901|0x1a90bad|9|105645079
36901|0x1a90bad|10|213206410
36901|0x5a90bad|11|410480687
36901|0xda90bad|12|847284575
36901|0x1da90bad|13|1553101416
36901|0x3da90bad|14|3229623650
36901|0x3da90bad|15|6302867490
36901|0x3da90bad|16|12534914289
36901|0x3da90bad|17|25088493155
36901|0x3da90bad|18|55362609413
36901|0x3da90bad|19|114913541039
36901|0x83da90bad|20|203709345126
36901|0x83da90bad|21|404136040398
36901|0x283da90bad|22|897228246390
36901|0x283da90bad|23|1770952750864
36901|0xa83da90bad|24|3577404320278
36903|0x1df97|1|377400
36903|0x3df97|2|892076
36903|0x7df97|3|1648591
36903|0xfdf97|4|3683178
36903|0x1fdf97|5|7141296
36903|0x3fdf97|6|14626806
36903|0x3fdf97|7|24569732
36903|0xbfdf97|8|56450220
36903|0x1bfdf97|9|105735421
36903|0x3bfdf97|10|221683334
36903|0x3bfdf97|11|420368956
36903|0x3bfdf97|12|802466057
36903|0x3bfdf97|13|1551460479
36903|0x3bfdf97|14|3187833008
36903|0x3bfdf97|15|6308718547
36903|0x83bfdf97|16|12503437941
36903|0x83bfdf97|17|25077045462
36903|0x83bfdf97|18|48357292604
36903|0x83bfdf97|19|98917317496
36903|0x83bfdf97|20|196326847127
36903|0x1083bfdf97|21|407766743162
36903|0x3083bfdf97|22|951459359600
36903|0x3083bfdf97|23|1778293446628
36903|0xb083bfdf97|24|3399138911814
36905|0xc19|1|382395
36905|0xc19|2|892817
36905|0xc19|3|1710251
36905|0xc19|4|3679037
36905|0x100c19|5|6921690
36905|0x300c19|6|10381719
36905|0x300c19|7|29166866
36905|0xb00c19|8|49662073
36905|0x1b00c19|9|109710249
36905|0x1b00c19|10|210395863
36905|0x5b00c19|11|396535373
36905|0x5b00c19|12|799440058
36905|0x15b00c19|13|1658274822
36905|0x15b00c19|14|3199472493
36905|0x15b00c19|15|6209429219
36905|0x95b00c19|16|12604703240
36905|0x195b00c19|17|25053848684
36905|0x195b00c19|18|49341705533
36905|0x595b00c19|19|102564745185
36905|0xd95b00c19|20|202820066703
36905|0xd95b00c19|21|455213265586
36905|0x2d95b00c19|22|886993317871
36905|0x2d95b00c19|23|1733054185723
36905|0xad95b00c19|24|3844350903723
36907|0x1ae83|1|331357
36907|0x3ae83|2|812488
36907|0x3ae83|3|1648885
36907|0xbae83|4|3361182
36907|0xbae83|5|6904637
36907|0x2bae83|6|13716730
36907|0x2bae83|7|27749775
36907|0xabae83|8|55616901
36907|0x1abae83|9|111046339
36907|0x3abae83|10|225119622
36907|0x3abae83|11|444472966
36907|0x3abae83|12|972173176
36907|0x13abae83|13|1794108388
36907|0x33abae83|14|3609388789
36907|0x73abae83|15|7133249980
36907|0x73abae83|16|14171979483
36907|0x73abae83|17|36760023653
36907|0x73abae83|18|78489856777
36907|0x473abae83|19|118574781104
36907|0x473abae83|20|239017533337
36907|0x1473abae83|21|480584834486
36907|0x1473abae83|22|903322192451
36907|0x1473abae83|23|1673019869737
36907|0x9473abae83|24|3732618018495
36909|0x3fa5|1|332710
36909|0x3fa5|2|781764
36909|0x3fa5|3|1697391
36909|0x83fa5|4|3650862
36909|0x83fa5|5|7165740
36909|0x83fa5|6|14676424
36909|0x483fa5|7|29607191
36909|0xc83fa5|8|53117465
36909|0x1c83fa5|9|106492213
36909|0x1c83fa5|10|216276377
36909|0x5c83fa5|11|411536016
36909|0xdc83fa5|12|828651961
36909|0x1dc83fa5|13|1733821101
36909|0x3dc83fa5|14|3289786446
36909|0x3dc83fa5|15|6505454436
36909|0xbdc83fa5|16|13101614039
36909|0xbdc83fa5|17|25258168134
36909|0x2bdc83fa5|18|52542741718
36909|0x6bdc83fa5|19|104337168550
36909|0x6bdc83fa5|20|217772363590
36909|0x16bdc83fa5|21|448917819913
36909|0x16bdc83fa5|22|839225147404
36909|0x56bdc83fa5|23|1687552265119
36909|0x56bdc83fa5|24|3719360258469
36911|0xb6cf|1|376008
36911|0x2b6cf|2|814373
36911|0x6b6cf|3|1719675
36911|0x6b6cf|4|3677033
36911|0x16b6cf|5|7334164
36911|0x16b6cf|6|14701272
36911|0x16b6cf|7|29479294
36911|0x16b6cf|8|59084568
36911|0x116b6cf|9|118106205
36911|0x316b6cf|10|236184401
36911|0x316b6cf|11|472497890
36911|0xb16b6cf|12|944258160
36911|0x1b16b6cf|13|1890327335
36911|0x1b16b6cf|14|3780892674
36911|0x5b16b6cf|15|7560792876
36911|0xdb16b6cf|16|15108532940
36911|0x1db16b6cf|17|29568452661
36911|0x1db16b6cf|18|59043566864
36911|0x5db16b6cf|19|114866627416
36911|0x5db16b6cf|20|209606999896
36911|0x15db16b6cf|21|514460322487
36911|0x15db16b6cf|22|948451762635
36911|0x55db16b6cf|23|1975284154923
36911|0x55db16b6cf|24|3992006135623
36913|0xc8d1|1|604010
36913|0xc8d1|2|1512104
36913|0x4c8d1|3|2995302
36913|0x4c8d1|4|6211056
36913|0x4c8d1|5|12181587
36913|0x24c8d1|6|24356296
36913|0x24c8d1|7|48836079
36913|0x24c8d1|8|98997993
36913|0x24c8d1|9|197619167
36913|0x24c8d1|10|393210557
36913|0x24c8d1|11|788456443
36913|0x824c8d1|12|1577249848
36913|0x824c8d1|13|3154245376
36913|0x824c8d1|14|6303622244
36913|0x4824c8d1|15|12608648150
36913|0xc824c8d1|16|25222530666
36913|0x1c824c8d1|17|35281846454
36913|0x1c824c8d1|18|55908375125
36913|0x5c824c8d1|19|103944277760
36913|0x5c824c8d1|20|211822908564
36913|0x15c824c8d1|21|413915189288
36913|0x15c824c8d1|22|892402389693
36913|0x55c824c8d1|23|1678689258059
36913|0x55c824c8d1|24|3671618908261
36915|0xeafb|1|622922
36915|0xeafb|2|1399998
36915|0x4eafb|3|2981044
36915|0xceafb|4|6010333
36915|0xceafb|5|12155586
36915|0xceafb|6|24359807
36915|0x4ceafb|7|48849018
36915|0xcceafb|8|97851155
36915|0x1cceafb|9|195827200
36915|0x1cceafb|10|391735268
36915|0x1cceafb|11|658159338
36915|0x1cceafb|12|1177757202
36915|0x1cceafb|13|2371483114
36915|0x21cceafb|14|4729780736
36915|0x21cceafb|15|9454624212
36915|0x21cceafb|16|19055790859
36915|0x21cceafb|17|38097520551
36915|0x221cceafb|18|73913822298
36915|0x221cceafb|19|118641275059
36915|0x221cceafb|20|204241928478
36915|0x1221cceafb|21|412230329769
36915|0x3221cceafb|22|984447007021
36915|0x3221cceafb|23|1818373456929
36915|0x3221cceafb|24|3631034298840
36917|0x421d|1|602815
36917|0x2421d|2|1420373
36917|0x2421d|3|3016251
36917|0xa421d|4|6118980
36917|0x1a421d|5|12284934
36917|0x3a421d|6|24356789
36917|0x7a421d|7|48839866
36917|0xfa421d|8|97918074
36917|0x1fa421d|9|197210040
36917|0x3fa421d|10|396144898
36917|0x3fa421d|11|792490466
36917|0xbfa421d|12|1585594239
36917|0xbfa421d|13|1965720696
36917|0xbfa421d|14|3816582637
36917|0x4bfa421d|15|7568828032
36917|0xcbfa421d|16|14311439888
36917|0x1cbfa421d|17|28206420573
36917|0x1cbfa421d|18|59343015843
36917|0x5cbfa421d|19|114387437513
36917|0x5cbfa421d|20|264080725086
36917|0x15cbfa421d|21|484383544662
36917|0x15cbfa421d|22|878441857813
36917|0x55cbfa421d|23|1870678251133
36917|0xd5cbfa421d|24|3839381113783
36919|0x2587|1|658186
36919|0x2587|2|1438903
36919|0x42587|3|3020249
36919|0x42587|4|6124072
36919|0x42587|5|12312487
36919|0x42587|6|24679523
36919|0x42587|7|49509601
36919|0x42587|8|80504588
36919|0x42587|9|155954352
36919|0x2042587|10|277170520
36919|0x6042587|11|597633080
36919|0x6042587|12|1190983369
36919|0x6042587|13|2337694538
36919|0x26042587|14|4625795341
36919|0x26042587|15|9031360915
36919|0xa6042587|16|18244145366
36919|0xa6042587|17|36201389939
36919|0x2a6042587|18|67606603656
36919|0x6a6042587|19|123399921903
36919|0x6a6042587|20|238696282276
36919|0x16a6042587|21|528486000804
36919|0x16a6042587|22|1081624990285
36919|0x56a6042587|23|1951962566660
36919|0x56a6042587|24|3461945791840
36921|0x5e09|1|436474
36921|0x25e09|2|849905
36921|0x65e09|3|1697421
36921|0x65e09|4|3715038
36921|0x165e09|5|7268236
36921|0x365e09|6|14652528
36921|0x365e09|7|29727939
36921|0x365e09|8|59642580
36921|0x1365e09|9|118194460
36921|0x3365e09|10|236611663
36921|0x7365e09|11|477143939
36921|0x7365e09|12|949849441
36921|0x17365e09|13|2049432729
36921|0x17365e09|14|3799506828
36921|0x57365e09|15|7587845923
36921|0x57365e09|16|15197255457
36921|0x57365e09|17|30318474737
36921|0x257365e09|18|57731601437
36921|0x657365e09|19|117003309959
36921|0xe57365e09|20|236955377268
36921|0xe57365e09|21|472834246773
36921|0xe57365e09|22|948691533391
36921|0x4e57365e09|23|1732910199284
36921|0xce57365e09|24|4003481519527
36923|0x1c8f3|1|345451
36923|0x3c8f3|2|807481
36923|0x3c8f3|3|1871462
36923|0xbc8f3|4|3594113
36923|0xbc8f3|5|7512519
36923|0xbc8f3|6|14780584
36923|0x4bc8f3|7|29240636
36923|0xcbc8f3|8|58745873
36923|0xcbc8f3|9|118659369
36923|0xcbc8f3|10|235106268
36923|0xcbc8f3|11|473622899
36923|0xcbc8f3|12|947532919
36923|0x10cbc8f3|13|1891342818
36923|0x10cbc8f3|14|3783399844
36923|0x10cbc8f3|15|7567921064
36923|0x90cbc8f3|16|14506868376
36923|0x90cbc8f3|17|28972088562
36923|0x90cbc8f3|18|58140299788
36923|0x490cbc8f3|19|116482074357
36923|0x490cbc8f3|20|238088694779
36923|0x490cbc8f3|21|474927253023
36923|0x490cbc8f3|22|904389268027
36923|0x490cbc8f3|23|1907864030439
36923|0x8490cbc8f3|24|3592684602562
36925|0x8715|1|416606
36925|0x8715|2|917863
36925|0x48715|3|1757835
36925|0x48715|4|3684265
36925|0x148715|5|7282388
36925|0x348715|6|14688390
36925|0x348715|7|29485836
36925|0xb48715|8|52948337
36925|0x1b48715|9|107151303
36925|0x1b48715|10|213653804
36925|0x5b48715|11|422967133
36925|0xdb48715|12|832600795
36925|0x1db48715|13|1631586881
36925|0x3db48715|14|3274355238
36925|0x7db48715|15|6583201072
36925|0xfdb48715|16|13455532982
36925|0xfdb48715|17|28727031685
36925|0x2fdb48715|18|70582625235
36925|0x6fdb48715|19|126261984938
36925|0x6fdb48715|20|240421514309
36925|0x6fdb48715|21|411197792869
36925|0x26fdb48715|22|974638557208
36925|0x26fdb48715|23|1821562340166
36925|0x26fdb48715|24|3654787683478
36927|0x15fbf|1|383774
36927|0x35fbf|2|783659
36927|0x35fbf|3|1648868
36927|0x35fbf|4|3368176
36927|0x135fbf|5|6810861
36927|0x335fbf|6|13865665
36927|0x335fbf|7|27854068
36927|0xb35fbf|8|84835285
36927|0xb35fbf|9|134357698
36927|0x2b35fbf|10|290898527
36927|0x2b35fbf|11|561601772
36927|0x2b35fbf|12|1131561644
36927|0x12b35fbf|13|2309790185
36927|0x12b35fbf|14|4643997637
36927|0x12b35fbf|15|9129541391
36927|0x92b35fbf|16|18563838540
36927|0x192b35fbf|17|31283098286
36927|0x192b35fbf|18|48157282719
36927|0x192b35fbf|19|131240610225
36927|0x992b35fbf|20|282867594291
36927|0x992b35fbf|21|424520889099
36927|0x2992b35fbf|22|997744001024
36927|0x6992b35fbf|23|1774774395021
36927|0xe992b35fbf|24|3385862661661
36929|0x17fc1|1|333338
36929|0x37fc1|2|781764
36929|0x37fc1|3|1874908
36929|0x37fc1|4|3507952
36929|0x37fc1|5|7452839
36929|0x37fc1|6|11960451
36929|0x437fc1|7|27080405
36929|0x437fc1|8|51008303
36929|0x1437fc1|9|109840149
36929|0x3437fc1|10|208760667
36929|0x7437fc1|11|421372264
36929|0x7437fc1|12|816536251
36929|0x17437fc1|13|1541511207
36929|0x37437fc1|14|3120534813
36929|0x37437fc1|15|6255078455
36929|0x37437fc1|16|12679664922
36929|0x37437fc1|17|24806262003
36929|0x37437fc1|18|49972495608
36929|0x437437fc1|19|101113280199
36929|0xc37437fc1|20|202738574894
36929|0x1c37437fc1|21|411608136969
36929|0x1c37437fc1|22|846237658008
36929|0x5c37437fc1|23|2076515991598
36929|0xdc37437fc1|24|3467846042990
36931|0x3c6b|1|380912
36931|0x3c6b|2|781932
36931|0x43c6b|3|1648815
36931|0xc3c6b|4|2861072
36931|0x1c3c6b|5|5178517
36931|0x3c3c6b|6|12523755
36931|0x7c3c6b|7|21810944
36931|0xfc3c6b|8|59196989
36931|0xfc3c6b|9|104340827
36931|0xfc3c6b|10|211892361
36931|0x4fc3c6b|11|420275518
36931|0x4fc3c6b|12|798051739
36931|0x14fc3c6b|13|1624595089
36931|0x34fc3c6b|14|3282669225
36931|0x74fc3c6b|15|6500371024
36931|0xf4fc3c6b|16|13148767635
36931|0xf4fc3c6b|17|25184479440
36931|0x2f4fc3c6b|18|51465601685
36931|0x6f4fc3c6b|19|104178200158
36931|0x6f4fc3c6b|20|208555493986
36931|0x6f4fc3c6b|21|417938719081
36931|0x26f4fc3c6b|22|1033161107725
36931|0x26f4fc3c6b|23|1807429548971
36931|0x26f4fc3c6b|24|3729690908410
36933|0x28d|1|600661
36933|0x28d|2|1438788
36933|0x28d|3|2539645
36933|0x28d|4|4358411
36933|0x10028d|5|8671640
36933|0x10028d|6|23988769
36933|0x50028d|7|49478689
36933|0x50028d|8|87652344
36933|0x150028d|9|167509734
36933|0x150028d|10|351489460
36933|0x550028d|11|706138027
36933|0x550028d|12|1314664497
36933|0x1550028d|13|2837331705
36933|0x1550028d|14|5685708284
36933|0x5550028d|15|10576616148
36933|0x5550028d|16|21168201795
36933|0x5550028d|17|38534808353
36933|0x5550028d|18|58270666789
36933|0x45550028d|19|120501428868
36933|0xc5550028d|20|231375996376
36933|0x1c5550028d|21|439818937060
36933|0x3c5550028d|22|870990287056
36933|0x7c5550028d|23|1844194838222
36933|0xfc5550028d|24|3548945286488
36935|0x1977|1|306581
36935|0x21977|2|903133
36935|0x21977|3|1710157
36935|0xa1977|4|3679014
36935|0xa1977|5|5662674
36935|0x2a1977|6|10904248
36935|0x2a1977|7|29205288
36935|0x2a1977|8|50021718
36935|0x2a1977|9|102237455
36935|0x22a1977|10|210281153
36935|0x22a1977|11|419504435
36935|0xa2a1977|12|844792636
36935|0xa2a1977|13|1537452115
36935|0xa2a1977|14|3280707523
36935|0xa2a1977|15|6297791986
36935|0x8a2a1977|16|12479980958
36935|0x8a2a1977|17|25005331915
36935|0x28a2a1977|18|49559687344
36935|0x68a2a1977|19|104657306261
36935|0xe8a2a1977|20|261877311166
36935|0xe8a2a1977|21|431919688449
36935|0xe8a2a1977|22|857556249837
36935|0x4e8a2a1977|23|1806962755765
36935|0xce8a2a1977|24|3417058363715
36937|0x61f9|1|347615
36937|0x61f9|2|807699
36937|0x61f9|3|1776409
36937|0x861f9|4|3644233
36937|0x861f9|5|7340861
36937|0x861f9|6|14604275
36937|0x861f9|7|29198500
36937|0x8861f9|8|51766904
36937|0x8861f9|9|105337732
36937|0x28861f9|10|212116856
36937|0x28861f9|11|421178785
36937|0x28861f9|12|790492034
36937|0x128861f9|13|1629384760
36937|0x128861f9|14|3145346033
36937|0x128861f9|15|6273966156
36937|0x128861f9|16|12530682385
36937|0x128861f9|17|36194753989
36937|0x2128861f9|18|83162426783
36937|0x6128861f9|19|120678148511
36937|0xe128861f9|20|238211428059
36937|0x1e128861f9|21|442629173844
36937|0x1e128861f9|22|853470410179
36937|0x1e128861f9|23|1787771821504
36937|0x1e128861f9|24|4518769544406
36939|0xb963|1|380533
36939|0x2b963|2|1920924
36939|0x6b963|3|1812979
36939|0x6b963|4|3581183
36939|0x6b963|5|7258393
36939|0x6b963|6|14604475
36939|0x46b963|7|29600192
36939|0x46b963|8|58921149
36939|0x146b963|9|116642405
36939|0x146b963|10|233144500
36939|0x146b963|11|466357663
36939|0x946b963|12|947168462
36939|0x946b963|13|1883886817
36939|0x946b963|14|3758134334
36939|0x946b963|15|7500868808
36939|0x8946b963|16|15025996793
36939|0x8946b963|17|29892373588
36939|0x8946b963|18|57713850750
36939|0x8946b963|19|121543266944
36939|0x8946b963|20|233506784739
36939|0x8946b963|21|539897682034
36939|0x208946b963|22|945759608155
36939|0x608946b963|23|1824548595893
36939|0xe08946b963|24|3642583164138
36941|0x12885|1|381749
36941|0x12885|2|1982766
36941|0x52885|3|1874242
36941|0xd2885|4|3573798
36941|0xd2885|5|7442227
36941|0xd2885|6|14732517
36941|0x4d2885|7|29387317
36941|0x4d2885|8|59484861
36941|0x4d2885|9|118162883
36941|0x24d2885|10|238776262
36941|0x24d2885|11|477179885
36941|0xa4d2885|12|948132571
36941|0xa4d2885|13|1896393875
36941|0xa4d2885|14|3787194494
36941|0xa4d2885|15|7607027546
36941|0x8a4d2885|16|15212444432
36941|0x18a4d2885|17|26551579076
36941|0x38a4d2885|18|52927148391
36941|0x78a4d2885|19|110363490301
36941|0x78a4d2885|20|218755023122
36941|0x178a4d2885|21|458417562352
36941|0x378a4d2885|22|975610131652
36941|0x378a4d2885|23|1866473755027
36941|0xb78a4d2885|24|3583449789206
36943|0x86af|1|339475
36943|0x86af|2|794679
36943|0x486af|3|1717178
36943|0xc86af|4|3694069
36943|0xc86af|5|7275236
36943|0x2c86af|6|14511030
36943|0x2c86af|7|24242180
36943|0xac86af|8|57707395
36943|0x1ac86af|9|109764143
36943|0x1ac86af|10|233267853
36943|0x1ac86af|11|485525876
36943|0x1ac86af|12|949883875
36943|0x11ac86af|13|1695640853
36943|0x11ac86af|14|3271606338
36943|0x11ac86af|15|6962119095
36943|0x91ac86af|16|14466297399
36943|0x91ac86af|17|28779072088
36943|0x291ac86af|18|53534918984
36943|0x691ac86af|19|107733169717
36943|0xe91ac86af|20|218920186914
36943|0x1e91ac86af|21|440681243390
36943|0x3e91ac86af|22|886875175765
36943|0x7e91ac86af|23|1863860141759
36943|0x7e91ac86af|24|3550903874016
36945|0xb8b1|1|428873
36945|0x2b8b1|2|917999
36945|0x2b8b1|3|1894152
36945|0x2b8b1|4|3607975
36945|0x2b8b1|5|7393103
36945|0x2b8b1|6|14879277
36945|0x42b8b1|7|29727699
36945|0x42b8b1|8|59282591
36945|0x142b8b1|9|117484604
36945|0x342b8b1|10|234352767
36945|0x342b8b1|11|482121585
36945|0x342b8b1|12|939247982
36945|0x1342b8b1|13|1909785072
36945|0x3342b8b1|14|3636869124
36945|0x7342b8b1|15|6086104730
36945|0x7342b8b1|16|14365160533
36945|0x7342b8b1|17|27199204980
36945|0x27342b8b1|18|53907485793
36945|0x67342b8b1|19|109230516227
36945|0x67342b8b1|20|215233931703
36945|0x67342b8b1|21|456963551137
36945|0x267342b8b1|22|905788186861
36945|0x267342b8b1|23|2083045972773
36945|0x267342b8b1|24|4173136753899
36947|0x33db|1|594109
36947|0x33db|2|1399274
36947|0x433db|3|2975098
36947|0xc33db|4|6017536
36947|0xc33db|5|11355103
36947|0x2c33db|6|18621235
36947|0x2c33db|7|45507542
36947|0xac33db|8|87313662
36947|0x1ac33db|9|175082911
36947|0x1ac33db|10|352178344
36947|0x1ac33db|11|680706743
36947|0x9ac33db|12|875188633
36947|0x9ac33db|13|1685697001
36947|0x9ac33db|14|3329109700
36947|0x9ac33db|15|6285454963
36947|0x9ac33db|16|15943250712
36947|0x9ac33db|17|31578948596
36947|0x9ac33db|18|70007759181
36947|0x409ac33db|19|126871279203
36947|0x409ac33db|20|255356385369
36947|0x409ac33db|21|515840202462
36947|0x409ac33db|22|1145847921865
36947|0x4409ac33db|23|2274933188841
36947|0xc409ac33db|24|4012348901939
36949|0x1ecfd|1|392535
36949|0x3ecfd|2|917506
36949|0x7ecfd|3|1826210
36949|0x7ecfd|4|3643315
36949|0x17ecfd|5|7313644
36949|0x17ecfd|6|14733695
36949|0x57ecfd|7|29256064
36949|0xd7ecfd|8|58474621
36949|0x1d7ecfd|9|102307014
36949|0x3d7ecfd|10|208373603
36949|0x7d7ecfd|11|405678211
36949|0x7d7ecfd|12|787876350
36949|0x17d7ecfd|13|1689816014
36949|0x37d7ecfd|14|3270408757
36949|0x37d7ecfd|15|7310077692
36949|0x37d7ecfd|16|14396486267
36949|0x37d7ecfd|17|27857996404
36949|0x37d7ecfd|18|54482247643
36949|0x437d7ecfd|19|115624864658
36949|0x437d7ecfd|20|238103808199
36949|0x1437d7ecfd|21|530376447928
36949|0x3437d7ecfd|22|884714520622
36949|0x7437d7ecfd|23|1803361991738
36949|0x7437d7ecfd|24|3582007622434
36951|0x15b67|1|391472
36951|0x15b67|2|902976
36951|0x15b67|3|1698604
36951|0x15b67|4|3764096
36951|0x15b67|5|7180976
36951|0x215b67|6|14767399
36951|0x615b67|7|29440034
36951|0xe15b67|8|58354865
36951|0xe15b67|9|116753277
36951|0xe15b67|10|233773567
36951|0xe15b67|11|471733679
36951|0xe15b67|12|934343183
36951|0x10e15b67|13|1940229788
36951|0x10e15b67|14|3708775126
36951|0x10e15b67|15|6754741140
36951|0x90e15b67|16|14407191956
36951|0x90e15b67|17|27174025003
36951|0x90e15b67|18|51293664772
36951|0x90e15b67|19|108371789590
36951|0x90e15b67|20|214763912157
36951|0x1090e15b67|21|434920377207
36951|0x3090e15b67|22|882599436722
36951|0x3090e15b67|23|1796614952588
36951|0x3090e15b67|24|3678922390784
36953|0x1b7e9|1|512717
36953|0x1b7e9|2|917811
36953|0x5b7e9|3|1809968
36953|0x5b7e9|4|3661689
36953|0x15b7e9|5|7260182
36953|0x15b7e9|6|11619020
36953|0x15b7e9|7|25433242
36953|0x15b7e9|8|52821217
36953|0x115b7e9|9|101327127
36953|0x115b7e9|10|212801145
36953|0x115b7e9|11|423090972
36953|0x915b7e9|12|802895290
36953|0x915b7e9|13|1830780044
36953|0x2915b7e9|14|3319682169
36953|0x2915b7e9|15|7054406531
36953|0xa915b7e9|16|13145240302
36953|0x1a915b7e9|17|25129982440
36953|0x1a915b7e9|18|54895708165
36953|0x1a915b7e9|19|126629993624
36953|0x1a915b7e9|20|210265726559
36953|0x11a915b7e9|21|443604903668
36953|0x11a915b7e9|22|992523948151
36953|0x51a915b7e9|23|2127322380540
36953|0xd1a915b7e9|24|3701784791409
36955|0x1fd3|1|377021
36955|0x21fd3|2|2050306
36955|0x21fd3|3|1669064
36955|0xa1fd3|4|3697324
36955|0xa1fd3|5|7257769
36955|0xa1fd3|6|14576069
36955|0xa1fd3|7|43898636
36955|0x8a1fd3|8|80109294
36955|0x18a1fd3|9|152850313
36955|0x38a1fd3|10|267882942
36955|0x78a1fd3|11|579012424
36955|0x78a1fd3|12|1234681295
36955|0x78a1fd3|13|2366306593
36955|0x278a1fd3|14|4755074725
36955|0x678a1fd3|15|10039936576
36955|0xe78a1fd3|16|18451508638
36955|0xe78a1fd3|17|27047989114
36955|0xe78a1fd3|18|54182587682
36955|0xe78a1fd3|19|103470609825
36955|0xe78a1fd3|20|212272367637
36955|0x10e78a1fd3|21|428082664988
36955|0x10e78a1fd3|22|880308174872
36955|0x50e78a1fd3|23|1856874916674
36955|0x50e78a1fd3|24|4209704250618
36957|0x1c3f5|1|332711
36957|0x3c3f5|2|783610
36957|0x3c3f5|3|1922770
36957|0xbc3f5|4|3491071
36957|0xbc3f5|5|7410346
36957|0xbc3f5|6|14673687
36957|0xbc3f5|7|29519817
36957|0x8bc3f5|8|58189595
36957|0x18bc3f5|9|116249317
36957|0x38bc3f5|10|233324055
36957|0x38bc3f5|11|466341009
36957|0xb8bc3f5|12|883484988
36957|0x1b8bc3f5|13|1871758903
36957|0x3b8bc3f5|14|3798101786
36957|0x7b8bc3f5|15|7030210253
36957|0xfb8bc3f5|16|13776512412
36957|0xfb8bc3f5|17|26810626840
36957|0x2fb8bc3f5|18|66472692751
36957|0x6fb8bc3f5|19|112820259700
36957|0xefb8bc3f5|20|229978587760
36957|0x1efb8bc3f5|21|435778502391
36957|0x1efb8bc3f5|22|880516676884
36957|0x5efb8bc3f5|23|1772581741704
36957|0x5efb8bc3f5|24|3670907956427
36959|0x1cb9f|1|377718
36959|0x1cb9f|2|2027726
36959|0x5cb9f|3|1707780
36959|0x5cb9f|4|3700562
36959|0x15cb9f|5|7341113
36959|0x35cb9f|6|14643840
36959|0x35cb9f|7|29687521
36959|0xb5cb9f|8|76916742
36959|0xb5cb9f|9|139063215
36959|0x2b5cb9f|10|367938055
36959|0x6b5cb9f|11|594538412
36959|0x6b5cb9f|12|1204671160
36959|0x6b5cb9f|13|2390107666
36959|0x6b5cb9f|14|4643293850
36959|0x46b5cb9f|15|9884667018
36959|0xc6b5cb9f|16|18171957628
36959|0xc6b5cb9f|17|34471657698
36959|0xc6b5cb9f|18|56015104646
36959|0xc6b5cb9f|19|107592260602
36959|0xc6b5cb9f|20|212596951291
36959|0x10c6b5cb9f|21|474866237575
36959|0x10c6b5cb9f|22|984132424643
36959|0x10c6b5cb9f|23|2053867727191
36959|0x10c6b5cb9f|24|3775916357380
36961|0x13a1|1|236020
36961|0x213a1|2|569088
36961|0x613a1|3|1394835
36961|0xe13a1|4|2466551
36961|0xe13a1|5|5236047
36961|0x2e13a1|6|14549677
36961|0x2e13a1|7|24504238
36961|0xae13a1|8|55654908
36961|0x1ae13a1|9|113024044
36961|0x3ae13a1|10|228268484
36961|0x3ae13a1|11|420858888
36961|0x3ae13a1|12|863341862
36961|0x13ae13a1|13|1794895562
36961|0x33ae13a1|14|3463674192
36961|0x33ae13a1|15|6672936420
36961|0xb3ae13a1|16|13044329555
36961|0xb3ae13a1|17|27297693465
36961|0x2b3ae13a1|18|54368471197
36961|0x2b3ae13a1|19|106220378008
36961|0xab3ae13a1|20|217583803172
36961|0xab3ae13a1|21|438507105660
36961|0x2ab3ae13a1|22|884838305061
36961|0x6ab3ae13a1|23|1750193748552
36961|0xeab3ae13a1|24|3605449792257
36963|0x714b|1|394048
36963|0x2714b|2|2086624
36963|0x6714b|3|1728791
36963|0xe714b|4|3761556
36963|0x1e714b|5|7215086
36963|0x1e714b|6|11669495
36963|0x1e714b|7|20668047
36963|0x9e714b|8|55604481
36963|0x19e714b|9|117398161
36963|0x19e714b|10|241524585
36963|0x19e714b|11|467412911
36963|0x19e714b|12|936356388
36963|0x19e714b|13|1882681254
36963|0x19e714b|14|3400067734
36963|0x419e714b|15|7357128307
36963|0xc19e714b|16|13369463158
36963|0xc19e714b|17|26467358727
36963|0xc19e714b|18|54130732216
36963|0x4c19e714b|19|106492687426
36963|0x4c19e714b|20|223457484098
36963|0x4c19e714b|21|467544223100
36963|0x4c19e714b|22|886463579938
36963|0x44c19e714b|23|1796533847626
36963|0xc4c19e714b|24|3598232028909
36965|0x1a16d|1|420555
36965|0x3a16d|2|2085539
36965|0x7a16d|3|1688521
36965|0x7a16d|4|3692066
36965|0x17a16d|5|7382335
36965|0x37a16d|6|14814386
36965|0x77a16d|7|29318365
36965|0x77a16d|8|56993579
36965|0x77a16d|9|117558825
36965|0x277a16d|10|236606512
36965|0x677a16d|11|473733223
36965|0xe77a16d|12|944373601
36965|0xe77a16d|13|1922644357
36965|0xe77a16d|14|4812709748
36965|0xe77a16d|15|9871679771
36965|0xe77a16d|16|18962890857
36965|0x10e77a16d|17|36059984831
36965|0x30e77a16d|18|67972399906
36965|0x30e77a16d|19|136978367965
36965|0xb0e77a16d|20|267354981500
36965|0xb0e77a16d|21|515235862549
36965|0xb0e77a16d|22|1081575313099
36965|0xb0e77a16d|23|2182305129120
36965|0x8b0e77a16d|24|4357791502910
36967|0x18b57|1|618230
36967|0x18b57|2|901608
36967|0x18b57|3|2147593
36967|0x18b57|4|4360151
36967|0x18b57|5|10162160
36967|0x18b57|6|19942223
36967|0x18b57|7|48517755
36967|0x18b57|8|88609312
36967|0x1018b57|9|172648003
36967|0x3018b57|10|328974718
36967|0x7018b57|11|723272549
36967|0x7018b57|12|1309128639
36967|0x17018b57|13|2305720122
36967|0x37018b57|14|4782229339
36967|0x37018b57|15|9911584804
36967|0x37018b57|16|16734774020
36967|0x137018b57|17|27746386347
36967|0x337018b57|18|59195970388
36967|0x737018b57|19|117657514357
36967|0xf37018b57|20|231819207914
36967|0x1f37018b57|21|534921364393
36967|0x1f37018b57|22|1127204062483
36967|0x1f37018b57|23|2038173511001
36967|0x9f37018b57|24|4029565921716
36969|0x1ffd9|1|520595
36969|0x1ffd9|2|784412
36969|0x5ffd9|3|1672026
36969|0x5ffd9|4|3762186
36969|0x5ffd9|5|7283147
36969|0x25ffd9|6|14723475
36969|0x25ffd9|7|29437519
36969|0xa5ffd9|8|58807531
36969|0xa5ffd9|9|111086016
36969|0xa5ffd9|10|207720072
36969|0x4a5ffd9|11|393874240
36969|0xca5ffd9|12|1332553432
36969|0x1ca5ffd9|13|2163635581
36969|0x3ca5ffd9|14|3097825945
36969|0x7ca5ffd9|15|6398251962
36969|0xfca5ffd9|16|16434079555
36969|0x1fca5ffd9|17|31696721068
36969|0x3fca5ffd9|18|53431580388
36969|0x3fca5ffd9|19|133990522934
36969|0x3fca5ffd9|20|245844585987
36969|0x3fca5ffd9|21|514146944624
36969|0x3fca5ffd9|22|1064088564834
36969|0x43fca5ffd9|23|2243409453722
36969|0x43fca5ffd9|24|4271887334153
36971|0x19c43|1|324047
36971|0x39c43|2|783670
36971|0x39c43|3|1727531
36971|0xb9c43|4|3616971
36971|0xb9c43|5|5657760
36971|0xb9c43|6|10855308
36971|0x4b9c43|7|29180092
36971|0xcb9c43|8|50283250
36971|0x1cb9c43|9|109624422
36971|0x1cb9c43|10|211131141
36971|0x1cb9c43|11|441362318
36971|0x9cb9c43|12|904698589
36971|0x9cb9c43|13|1609962061
36971|0x29cb9c43|14|3254627692
36971|0x29cb9c43|15|6419443261
36971|0x29cb9c43|16|13299135565
36971|0x29cb9c43|17|25922510567
36971|0x29cb9c43|18|71919652217
36971|0x429cb9c43|19|139056378960
36971|0x429cb9c43|20|215096050762
36971|0x429cb9c43|21|439992010519
36971|0x429cb9c43|22|875998289796
36971|0x4429cb9c43|23|1766836004936
36971|0x4429cb9c43|24|3543033004553
36973|0x1f965|1|333510
36973|0x1f965|2|1240868
36973|0x1f965|3|1874819
36973|0x1f965|4|3502395
36973|0x1f965|5|7529062
36973|0x21f965|6|14567074
36973|0x61f965|7|29575412
36973|0x61f965|8|58915583
36973|0x61f965|9|117151935
36973|0x261f965|10|235482838
36973|0x261f965|11|444966656
36973|0x261f965|12|845164193
36973|0x261f965|13|1655541380
36973|0x2261f965|14|3234153606
36973|0x6261f965|15|6537728766
36973|0x6261f965|16|14614644526
36973|0x16261f965|17|26929097110
36973|0x36261f965|18|87570558409
36973|0x36261f965|19|182700335527
36973|0xb6261f965|20|232468286205
36973|0x1b6261f965|21|437934424348
36973|0x1b6261f965|22|875095956971
36973|0x1b6261f965|23|1761939817270
36973|0x1b6261f965|24|3576454011566
36975|0xce8f|1|356393
36975|0x2ce8f|2|890541
36975|0x2ce8f|3|1857947
36975|0xace8f|4|3541249
36975|0xace8f|5|7451869
36975|0x2ace8f|6|14831478
36975|0x6ace8f|7|28936843
36975|0xeace8f|8|53152405
36975|0xeace8f|9|109519739
36975|0x2eace8f|10|213984035
36975|0x2eace8f|11|426418717
36975|0xaeace8f|12|818134381
36975|0x1aeace8f|13|1586403736
36975|0x1aeace8f|14|3248959337
36975|0x5aeace8f|15|6377431492
36975|0xdaeace8f|16|13246540419
36975|0x1daeace8f|17|25811189856
36975|0x3daeace8f|18|53672046303
36975|0x3daeace8f|19|108223546513
36975|0x3daeace8f|20|224655261764
36975|0x13daeace8f|21|432587460808
36975|0x13daeace8f|22|899064273428
36975|0x53daeace8f|23|1837942987931
36975|0xd3daeace8f|24|3568731045998
36977|0x13091|1|250216
36977|0x13091|2|569073
36977|0x13091|3|1366371
36977|0x93091|4|3258181
36977|0x93091|5|7395335
36977|0x293091|6|14522239
36977|0x293091|7|29160956
36977|0xa93091|8|58299373
36977|0xa93091|9|105955840
36977|0x2a93091|10|216912619
36977|0x2a93091|11|474109451
36977|0xaa93091|12|945067905
36977|0xaa93091|13|1856185045
36977|0x2aa93091|14|3734919584
36977|0x2aa93091|15|6606932271
36977|0x2aa93091|16|13219042993
36977|0x2aa93091|17|27750026713
36977|0x22aa93091|18|52248722387
36977|0x62aa93091|19|106963603859
36977|0xe2aa93091|20|218323169715
36977|0xe2aa93091|21|439250387307
36977|0xe2aa93091|22|870285997426
36977|0x4e2aa93091|23|1761711546250
36977|0xce2aa93091|24|3620964154940
36979|0x94bb|1|331508
36979|0x94bb|2|783927
36979|0x494bb|3|1801558
36979|0xc94bb|4|3534762
36979|0x1c94bb|5|7323310
36979|0x1c94bb|6|11879205
36979|0x1c94bb|7|27433291
36979|0x9c94bb|8|52274235
36979|0x9c94bb|9|102191586
36979|0x29c94bb|10|197407870
36979|0x29c94bb|11|419985237
36979|0x29c94bb|12|878776724
36979|0x29c94bb|13|1637938771
36979|0x29c94bb|14|3384737905
36979|0x429c94bb|15|6567633078
36979|0x429c94bb|16|17843303757
36979|0x429c94bb|17|28144906930
36979|0x2429c94bb|18|52943774191
36979|0x6429c94bb|19|105943284451
36979|0xe429c94bb|20|218070833468
36979|0xe429c94bb|21|429946008869
36979|0x2e429c94bb|22|924269298656
36979|0x6e429c94bb|23|1800966016186
36979|0x6e429c94bb|24|3633875005105
36981|0xbfdd|1|331970
36981|0xbfdd|2|783840
36981|0x4bfdd|3|1782100
36981|0xcbfdd|4|3660421
36981|0xcbfdd|5|7415332
36981|0xcbfdd|6|14649204
36981|0x4cbfdd|7|29226132
36981|0x4cbfdd|8|58340962
36981|0x14cbfdd|9|116707173
36981|0x14cbfdd|10|234295787
36981|0x54cbfdd|11|470483970
36981|0xd4cbfdd|12|938314323
36981|0xd4cbfdd|13|1658357677
36981|0xd4cbfdd|14|3698691712
36981|0x4d4cbfdd|15|7048231973
36981|0xcd4cbfdd|16|13703050930
36981|0x1cd4cbfdd|17|26654192267
36981|0x3cd4cbfdd|18|92856917211
36981|0x3cd4cbfdd|19|196505109800
36981|0xbcd4cbfdd|20|345513602980
36981|0xbcd4cbfdd|21|546602594514
36981|0x2bcd4cbfdd|22|1533235760753
36981|0x2bcd4cbfdd|23|2565471286293
36981|0xabcd4cbfdd|24|3842759235427
36983|0x4947|1|385713
36983|0x24947|2|807550
36983|0x24947|3|1880847
36983|0xa4947|4|3615655
36983|0xa4947|5|7523829
36983|0xa4947|6|14789411
36983|0xa4947|7|29689505
36983|0xa4947|8|59382114
36983|0xa4947|9|117616448
36983|0x20a4947|10|235306308
36983|0x60a4947|11|470582115
36983|0xe0a4947|12|949346623
36983|0x1e0a4947|13|1886837415
36983|0x1e0a4947|14|3791457051
36983|0x5e0a4947|15|7570809210
36983|0xde0a4947|16|15143483989
36983|0x1de0a4947|17|29569983799
36983|0x1de0a4947|18|59114396827
36983|0x5de0a4947|19|118104905238
36983|0x5de0a4947|20|230564524590
36983|0x5de0a4947|21|540546973615
36983|0x25de0a4947|22|949659087093
36983|0x25de0a4947|23|1927393671932
36983|0xa5de0a4947|24|3808038560070
36985|0xd9c9|1|354158
36985|0xd9c9|2|821067
36985|0xd9c9|3|1900618
36985|0x8d9c9|4|3530272
36985|0x18d9c9|5|7428141
36985|0x18d9c9|6|14580999
36985|0x58d9c9|7|29651852
36985|0xd8d9c9|8|59398045
36985|0x1d8d9c9|9|117609507
36985|0x3d8d9c9|10|237963704
36985|0x7d8d9c9|11|472198917
36985|0x7d8d9c9|12|945566719
36985|0x17d8d9c9|13|1892750800
36985|0x17d8d9c9|14|3790640745
36985|0x57d8d9c9|15|7574730311
36985|0xd7d8d9c9|16|15139911987
36985|0xd7d8d9c9|17|28775972884
36985|0xd7d8d9c9|18|59538903900
36985|0xd7d8d9c9|19|118610192748
36985|0xd7d8d9c9|20|236054800507
36985|0x10d7d8d9c9|21|468630059438
36985|0x30d7d8d9c9|22|943563614212
36985|0x30d7d8d9c9|23|2485815681169
36985|0xb0d7d8d9c9|24|5054485811988
36987|0xceb3|1|427065
36987|0xceb3|2|908582
36987|0xceb3|3|1718864
36987|0x8ceb3|4|3645011
36987|0x8ceb3|5|7149835
36987|0x8ceb3|6|14547698
36987|0x8ceb3|7|28873003
36987|0x88ceb3|8|58113775
36987|0x88ceb3|9|116333233
36987|0x288ceb3|10|232688281
36987|0x688ceb3|11|465293232
36987|0xe88ceb3|12|941748496
36987|0x1e88ceb3|13|1864782600
36987|0x3e88ceb3|14|3734671592
36987|0x3e88ceb3|15|7469890061
36987|0x3e88ceb3|16|14940745573
36987|0x13e88ceb3|17|29128345960
36987|0x33e88ceb3|18|59217063151
36987|0x73e88ceb3|19|116459335736
36987|0xf3e88ceb3|20|248909959114
36987|0xf3e88ceb3|21|469810473938
36987|0xf3e88ceb3|22|943331997001
36987|0xf3e88ceb3|23|2033872336628
36987|0x8f3e88ceb3|24|4623363044498
36989|0x168d5|1|405627
36989|0x168d5|2|903018
36989|0x168d5|3|1749539
36989|0x968d5|4|3736711
36989|0x1968d5|5|7244485
36989|0x3968d5|6|14821336
36989|0x3968d5|7|29744249
36989|0x3968d5|8|59307934
36989|0x13968d5|9|118847555
36989|0x13968d5|10|235166654
36989|0x53968d5|11|470263218
36989|0xd3968d5|12|940904254
36989|0xd3968d5|13|1903064118
36989|0xd3968d5|14|3768077816
36989|0x4d3968d5|15|7519647061
36989|0x4d3968d5|16|15075430567
36989|0x4d3968d5|17|30499793353
36989|0x24d3968d5|18|59209529784
36989|0x24d3968d5|19|117056698260
36989|0x24d3968d5|20|230115296302
36989|0x124d3968d5|21|512885031355
36989|0x324d3968d5|22|887535737464
36989|0x324d3968d5|23|1876298658662
36989|0x324d3968d5|24|3655475462257
36991|0x12f7f|1|365766
36991|0x32f7f|2|2168397
36991|0x72f7f|3|1724181
36991|0xf2f7f|4|3701218
36991|0xf2f7f|5|7096982
36991|0xf2f7f|6|14624547
36991|0x4f2f7f|7|29074493
36991|0x4f2f7f|8|58394942
36991|0x4f2f7f|9|117002872
36991|0x24f2f7f|10|236347348
36991|0x24f2f7f|11|470954232
36991|0x24f2f7f|12|941428487
36991|0x124f2f7f|13|1882970576
36991|0x324f2f7f|14|3808789313
36991|0x324f2f7f|15|7530982810
36991|0xb24f2f7f|16|15049034212
36991|0x1b24f2f7f|17|28589398863
36991|0x1b24f2f7f|18|69919728037
36991|0x5b24f2f7f|19|115760783817
36991|0x5b24f2f7f|20|214391701213
36991|0x5b24f2f7f|21|437473065578
36991|0x25b24f2f7f|22|910049816575
36991|0x25b24f2f7f|23|1847084061517
36991|0x25b24f2f7f|24|3600437541490
36993|0x1af81|1|386976
36993|0x3af81|2|807860
36993|0x7af81|3|1735677
36993|0xfaf81|4|3677463
36993|0xfaf81|5|6078785
36993|0x2faf81|6|10550001
36993|0x6faf81|7|29350692
36993|0x6faf81|8|51653458
36993|0x16faf81|9|104179303
36993|0x16faf81|10|235958185
36993|0x56faf81|11|417258612
36993|0x56faf81|12|825211476
36993|0x156faf81|13|1847008642
36993|0x356faf81|14|3551998326
36993|0x756faf81|15|6818078511
36993|0x756faf81|16|12921643749
36993|0x756faf81|17|27612960815
36993|0x2756faf81|18|70445473017
36993|0x6756faf81|19|139225825462
36993|0x6756faf81|20|265580852461
36993|0x16756faf81|21|441641994538
36993|0x36756faf81|22|867982069511
36993|0x36756faf81|23|1809180785629
36993|0xb6756faf81|24|3968210287458
36995|0x3e2b|1|239840
36995|0x3e2b|2|568922
36995|0x3e2b|3|1263770
36995|0x83e2b|4|2445260
36995|0x183e2b|5|5158277
36995|0x383e2b|6|13575818
36995|0x783e2b|7|23043581
36995|0xf83e2b|8|45424011
36995|0xf83e2b|9|98516773
36995|0x2f83e2b|10|191365265
36995|0x2f83e2b|11|381231318
36995|0xaf83e2b|12|851205101
36995|0xaf83e2b|13|1619858292
36995|0xaf83e2b|14|3396150301
36995|0x4af83e2b|15|6411099715
36995|0x4af83e2b|16|12756852143
36995|0x4af83e2b|17|27051559599
36995|0x24af83e2b|18|56072338382
36995|0x24af83e2b|19|109909047024
36995|0xa4af83e2b|20|221072991805
36995|0x1a4af83e2b|21|468683786568
36995|0x3a4af83e2b|22|914218251313
36995|0x3a4af83e2b|23|1850502261167
36995|0x3a4af83e2b|24|3445113923715
36997|0xe84d|1|373702
36997|0xe84d|2|855046
36997|0x4e84d|3|1875024
36997|0xce84d|4|3523428
36997|0xce84d|5|7425479
36997|0x2ce84d|6|14598262
36997|0x2ce84d|7|29539605
36997|0x2ce84d|8|43783609
36997|0x2ce84d|9|118285913
36997|0x22ce84d|10|244688739
36997|0x62ce84d|11|469248805
36997|0xe2ce84d|12|939262635
36997|0xe2ce84d|13|1882335763
36997|0x2e2ce84d|14|3710836959
36997|0x6e2ce84d|15|6374469502
36997|0xee2ce84d|16|12673023766
36997|0x1ee2ce84d|17|25704811166
36997|0x3ee2ce84d|18|54845846522
36997|0x7ee2ce84d|19|107489820878
36997|0xfee2ce84d|20|219410255607
36997|0xfee2ce84d|21|444230180688
36997|0xfee2ce84d|22|894737194906
36997|0x4fee2ce84d|23|1906965763066
36997|0xcfee2ce84d|24|3583231760638
36999|0x13537|1|343580
36999|0x33537|2|2088347
36999|0x33537|3|1867620
36999|0x33537|4|3613037
36999|0x33537|5|7386786
36999|0x233537|6|14648020
36999|0x233537|7|29358929
36999|0xa33537|8|58719163
36999|0xa33537|9|118126290
36999|0xa33537|10|218768687
36999|0x4a33537|11|472494792
36999|0x4a33537|12|855223914
36999|0x4a33537|13|1688571954
36999|0x4a33537|14|3307471799
36999|0x44a33537|15|6415726101
36999|0x44a33537|16|16758340171
36999|0x44a33537|17|38878196372
36999|0x44a33537|18|57532743317
36999|0x44a33537|19|115575946726
36999|0x44a33537|20|223299848791
36999|0x44a33537|21|439162821630
36999|0x44a33537|22|896721491319
36999|0x4044a33537|23|2052612539600
36999|0xc044a33537|24|3705222633876
37001|0x1e5b9|1|388483
37001|0x1e5b9|2|976477
37001|0x5e5b9|3|1701524
37001|0x5e5b9|4|3480564
37001|0x5e5b9|5|6895123
37001|0x25e5b9|6|13857772
37001|0x25e5b9|7|27570286
37001|0xa5e5b9|8|55550686
37001|0xa5e5b9|9|110791346
37001|0x2a5e5b9|10|221922355
37001|0x6a5e5b9|11|444139564
37001|0x6a5e5b9|12|889843910
37001|0x6a5e5b9|13|1805144010
37001|0x26a5e5b9|14|3594850892
37001|0x26a5e5b9|15|7202697808
37001|0x26a5e5b9|16|14217792284
37001|0x26a5e5b9|17|28760325067
37001|0x226a5e5b9|18|55673051281
37001|0x626a5e5b9|19|111628996766
37001|0xe26a5e5b9|20|383936743352
37001|0x1e26a5e5b9|21|781122091489
37001|0x3e26a5e5b9|22|994076602568
37001|0x3e26a5e5b9|23|2091073967409
37001|0x3e26a5e5b9|24|3966976525321
37003|0x15723|1|331098
37003|0x35723|2|784006
37003|0x75723|3|1716286
37003|0x75723|4|2932099
37003|0x75723|5|5158334
37003|0x75723|6|12188996
37003|0x75723|7|24665050
37003|0x75723|8|51629903
37003|0x1075723|9|97583199
37003|0x1075723|10|183357361
37003|0x1075723|11|384698836
37003|0x1075723|12|728872972
37003|0x11075723|13|1477028681
37003|0x31075723|14|3184214856
37003|0x71075723|15|6197999053
37003|0xf1075723|16|13796204895
37003|0x1f1075723|17|25732327233
37003|0x3f1075723|18|67112882367
37003|0x3f1075723|19|120804950182
37003|0xbf1075723|20|275513041253
37003|0x1bf1075723|21|529553441539
37003|0x1bf1075723|22|1011466373602
37003|0x5bf1075723|23|1900100689447
37003|0xdbf1075723|24|3695805475486
37005|0x1b245|1|337834
37005|0x3b245|2|853391
37005|0x3b245|3|1714767
37005|0x3b245|4|3653367
37005|0x13b245|5|6933765
37005|0x33b245|6|14082274
37005|0x73b245|7|27839110
37005|0x73b245|8|55387025
37005|0x73b245|9|111314385
37005|0x73b245|10|224814254
37005|0x473b245|11|449962252
37005|0xc73b245|12|885671095
37005|0x1c73b245|13|1779178383
37005|0x1c73b245|14|3583555467
37005|0x5c73b245|15|7265480804
37005|0x5c73b245|16|15128126621
37005|0x5c73b245|17|25335042541
37005|0x5c73b245|18|53212949132
37005|0x45c73b245|19|108474419461
37005|0xc5c73b245|20|237265065339
37005|0x1c5c73b245|21|609052432210
37005|0x3c5c73b245|22|974587457854
37005|0x7c5c73b245|23|2119304317434
37005|0xfc5c73b245|24|3986109076490
37007|0x8e6f|1|385281
37007|0x28e6f|2|1960667
37007|0x68e6f|3|1899402
37007|0xe8e6f|4|3616981
37007|0xe8e6f|5|7539859
37007|0xe8e6f|6|14787820
37007|0x4e8e6f|7|32352322
37007|0x4e8e6f|8|59424731
37007|0x4e8e6f|9|117597387
37007|0x4e8e6f|10|233601903
37007|0x44e8e6f|11|472743541
37007|0xc4e8e6f|12|936609350
37007|0x1c4e8e6f|13|1748824192
37007|0x1c4e8e6f|14|3349479447
37007|0x1c4e8e6f|15|6709625049
37007|0x1c4e8e6f|16|14346648750
37007|0x1c4e8e6f|17|28013297765
37007|0x1c4e8e6f|18|55713949284
37007|0x41c4e8e6f|19|114993731638
37007|0xc1c4e8e6f|20|225330653518
37007|0x1c1c4e8e6f|21|447188268087
37007|0x3c1c4e8e6f|22|1021799127651
37007|0x3c1c4e8e6f|23|2033967423801
37007|0xbc1c4e8e6f|24|4187225514941
37009|0x13071|1|960873
37009|0x13071|2|1422231
37009|0x53071|3|2945641
37009|0x53071|4|6033250
37009|0x153071|5|12161889
37009|0x153071|6|24392462
37009|0x553071|7|48872575
37009|0xd53071|8|97933373
37009|0xd53071|9|195925880
37009|0xd53071|10|392050112
37009|0x4d53071|11|783954425
37009|0xcd53071|12|1568175533
37009|0x1cd53071|13|3136278667
37009|0x1cd53071|14|6273579060
37009|0x5cd53071|15|12545408677
37009|0xdcd53071|16|21637904299
37009|0x1dcd53071|17|40382153629
37009|0x3dcd53071|18|74091198223
37009|0x3dcd53071|19|113488648044
37009|0xbdcd53071|20|290552079799
37009|0x1bdcd53071|21|475405373654
37009|0x1bdcd53071|22|1023215411014
37009|0x1bdcd53071|23|2771804955711
37009|0x1bdcd53071|24|4721663309337
37011|0x10d9b|1|375462
37011|0x30d9b|2|807616
37011|0x30d9b|3|1703209
37011|0xb0d9b|4|3401088
37011|0xb0d9b|5|7111697
37011|0xb0d9b|6|13819496
37011|0xb0d9b|7|40688186
37011|0xb0d9b|8|86492711
37011|0xb0d9b|9|198426400
37011|0x20b0d9b|10|355577217
37011|0x60b0d9b|11|537884236
37011|0x60b0d9b|12|1453381430
37011|0x160b0d9b|13|2561845297
37011|0x360b0d9b|14|5358751333
37011|0x760b0d9b|15|10123183171
37011|0x760b0d9b|16|21397404807
37011|0x760b0d9b|17|30184368232
37011|0x2760b0d9b|18|55563717949
37011|0x2760b0d9b|19|124079414847
37011|0x2760b0d9b|20|223172607847
37011|0x12760b0d9b|21|509971473130
37011|0x12760b0d9b|22|944261835964
37011|0x12760b0d9b|23|1982068129625
37011|0x12760b0d9b|24|3554005374753
37013|0x1babd|1|378249
37013|0x1babd|2|888835
37013|0x5babd|3|1760852
37013|0x5babd|4|3628950
37013|0x5babd|5|7177034
37013|0x25babd|6|14530480
37013|0x25babd|7|21884708
37013|0x25babd|8|61738353
37013|0x125babd|9|108461417
37013|0x125babd|10|213803418
37013|0x525babd|11|422410992
37013|0xd25babd|12|841417160
37013|0xd25babd|13|1699979450
37013|0x2d25babd|14|3177160505
37013|0x2d25babd|15|7335922617
37013|0xad25babd|16|13757292735
37013|0xad25babd|17|27237010550
37013|0x2ad25babd|18|69722123223
37013|0x6ad25babd|19|177895575048
37013|0xead25babd|20|367641845523
37013|0x1ead25babd|21|469231652999
37013|0x1ead25babd|22|1312646338463
37013|0x5ead25babd|23|2691218348582
37013|0xdead25babd|24|5915300375075
37015|0x1ef27|1|415676
37015|0x3ef27|2|807512
37015|0x3ef27|3|1737692
37015|0xbef27|4|3351587
37015|0x1bef27|5|7346971
37015|0x1bef27|6|14805458
37015|0x1bef27|7|29708035
37015|0x1bef27|8|58832469
37015|0x11bef27|9|118881666
37015|0x31bef27|10|237214175
37015|0x71bef27|11|470874144
37015|0xf1bef27|12|950602845
37015|0xf1bef27|13|1899464508
37015|0x2f1bef27|14|3792167193
37015|0x2f1bef27|15|7601107038
37015|0xaf1bef27|16|15194987276
37015|0x1af1bef27|17|29808965138
37015|0x3af1bef27|18|59058086496
37015|0x7af1bef27|19|117962987067
37015|0xfaf1bef27|20|236158365543
37015|0xfaf1bef27|21|770568901766
37015|0xfaf1bef27|22|1572568292906
37015|0x4faf1bef27|23|2424066804634
37015|0xcfaf1bef27|24|3840019398257
37017|0xc3a9|1|395024
37017|0xc3a9|2|947327
37017|0x4c3a9|3|1754161
37017|0xcc3a9|4|3713808
37017|0x1cc3a9|5|7276173
37017|0x1cc3a9|6|14791146
37017|0x5cc3a9|7|22588979
37017|0xdcc3a9|8|55519889
37017|0xdcc3a9|9|96868120
37017|0x2dcc3a9|10|216973728
37017|0x6dcc3a9|11|420382499
37017|0xedcc3a9|12|853207875
37017|0x1edcc3a9|13|1836989811
37017|0x3edcc3a9|14|3405304135
37017|0x7edcc3a9|15|6992431253
37017|0x7edcc3a9|16|13317749410
37017|0x7edcc3a9|17|27907347735
37017|0x7edcc3a9|18|53384463768
37017|0x7edcc3a9|19|107152740662
37017|0x87edcc3a9|20|255524696422
37017|0x187edcc3a9|21|551576928598
37017|0x187edcc3a9|22|1081404934708
37017|0x187edcc3a9|23|2031813009523
37017|0x187edcc3a9|24|3656475529834
37019|0xd593|1|273146
37019|0xd593|2|576610
37019|0x4d593|3|1377442
37019|0x4d593|4|2485746
37019|0x14d593|5|6795445
37019|0x14d593|6|14505240
37019|0x54d593|7|29141682
37019|0xd4d593|8|49586129
37019|0x1d4d593|9|105568104
37019|0x1d4d593|10|217707465
37019|0x5d4d593|11|407650419
37019|0x5d4d593|12|817195572
37019|0x5d4d593|13|1778298831
37019|0x5d4d593|14|3579277195
37019|0x45d4d593|15|7567070391
37019|0x45d4d593|16|13887505018
37019|0x45d4d593|17|25630030044
37019|0x245d4d593|18|77402936693
37019|0x245d4d593|19|140224843942
37019|0xa45d4d593|20|231554162136
37019|0xa45d4d593|21|473868710511
37019|0xa45d4d593|22|1078603651966
37019|0xa45d4d593|23|1986453158853
37019|0x8a45d4d593|24|4148746349346
37021|0x75b5|1|440877
37021|0x275b5|2|1983541
37021|0x275b5|3|1825604
37021|0xa75b5|4|3620616
37021|0xa75b5|5|7506404
37021|0x2a75b5|6|14845033
37021|0x6a75b5|7|29305518
37021|0xea75b5|8|72435301
37021|0xea75b5|9|166730374
37021|0x2ea75b5|10|295988312
37021|0x6ea75b5|11|609395168
37021|0x6ea75b5|12|1172511165
37021|0x6ea75b5|13|2194427969
37021|0x26ea75b5|14|3402955169
37021|0x66ea75b5|15|6508506182
37021|0x66ea75b5|16|12859687039
37021|0x166ea75b5|17|34215174825
37021|0x166ea75b5|18|67473291262
37021|0x166ea75b5|19|130537066792
37021|0x166ea75b5|20|235846465785
37021|0x166ea75b5|21|477125783002
37021|0x166ea75b5|22|1079365037921
37021|0x4166ea75b5|23|2049737705075
37021|0x4166ea75b5|24|3932621200706
37023|0x8b5f|1|234437
37023|0x8b5f|2|500619
37023|0x48b5f|3|1202388
37023|0xc8b5f|4|2623328
37023|0x1c8b5f|5|5855358
37023|0x3c8b5f|6|11590754
37023|0x3c8b5f|7|26524763
37023|0x3c8b5f|8|45922297
37023|0x3c8b5f|9|95541288
37023|0x3c8b5f|10|188443835
37023|0x43c8b5f|11|373925586
37023|0x43c8b5f|12|716994393
37023|0x143c8b5f|13|1629344682
37023|0x343c8b5f|14|2964759293
37023|0x343c8b5f|15|5934992222
37023|0xb43c8b5f|16|11811860949
37023|0xb43c8b5f|17|24507068829
37023|0x2b43c8b5f|18|58872044472
37023|0x2b43c8b5f|19|100081311228
37023|0x2b43c8b5f|20|224254572411
37023|0x12b43c8b5f|21|494716841738
37023|0x12b43c8b5f|22|984929413477
37023|0x12b43c8b5f|23|2025847911334
37023|0x12b43c8b5f|24|4180558051186
37025|0x15361|1|440391
37025|0x15361|2|892180
37025|0x55361|3|2150516
37025|0x55361|4|5797482
37025|0x55361|5|12135670
37025|0x55361|6|18191793
37025|0x455361|7|37412829
37025|0xc55361|8|74016646
37025|0x1c55361|9|169784569
37025|0x1c55361|10|315122895
37025|0x5c55361|11|519978411
37025|0x5c55361|12|1137562850
37025|0x5c55361|13|2286680080
37025|0x25c55361|14|3101243288
37025|0x65c55361|15|5518855223
37025|0x65c55361|16|11479342205
37025|0x165c55361|17|28290573353
37025|0x165c55361|18|66019717017
37025|0x165c55361|19|120145269211
37025|0x165c55361|20|277423252526
37025|0x165c55361|21|497666810137
37025|0x2165c55361|22|989890987423
37025|0x6165c55361|23|1855115047168
37025|0xe165c55361|24|4535046593639
37027|0xa30b|1|592558
37027|0x2a30b|2|1434292
37027|0x6a30b|3|2946684
37027|0x6a30b|4|6045673
37027|0x16a30b|5|11545811
37027|0x36a30b|6|14545731
37027|0x36a30b|7|28658230
37027|0xb6a30b|8|93744888
37027|0xb6a30b|9|136480283
37027|0xb6a30b|10|213916119
37027|0xb6a30b|11|425615600
37027|0xb6a30b|12|849531149
37027|0x10b6a30b|13|1635242724
37027|0x30b6a30b|14|3228486015
37027|0x70b6a30b|15|7335518212
37027|0xf0b6a30b|16|12953348833
37027|0xf0b6a30b|17|39903001349
37027|0xf0b6a30b|18|80643078432
37027|0xf0b6a30b|19|174146648928
37027|0xf0b6a30b|20|262932745152
37027|0xf0b6a30b|21|614739164890
37027|0xf0b6a30b|22|1188304713176
37027|0xf0b6a30b|23|2205174482773
37027|0xf0b6a30b|24|4309833110507
37029|0xd72d|1|335350
37029|0xd72d|2|880459
37029|0x4d72d|3|1938525
37029|0xcd72d|4|3518142
37029|0x1cd72d|5|7406761
37029|0x3cd72d|6|14675504
37029|0x7cd72d|7|29414809
37029|0xfcd72d|8|64559339
37029|0xfcd72d|9|117871485
37029|0xfcd72d|10|236084025
37029|0x4fcd72d|11|467023908
37029|0x4fcd72d|12|944618283
37029|0x14fcd72d|13|1866823389
37029|0x14fcd72d|14|3776327690
37029|0x54fcd72d|15|7452454535
37029|0x54fcd72d|16|14909589744
37029|0x154fcd72d|17|29406871019
37029|0x354fcd72d|18|58572830564
37029|0x754fcd72d|19|116420806299
37029|0xf54fcd72d|20|260474024139
37029|0x1f54fcd72d|21|533668087632
37029|0x1f54fcd72d|22|1047839675328
37029|0x1f54fcd72d|23|2074130740775
37029|0x1f54fcd72d|24|3964457332044
37031|0x1717|1|211192
37031|0x1717|2|500594
37031|0x41717|3|1277118
37031|0xc1717|4|3397799
37031|0xc1717|5|6867595
37031|0x2c1717|6|10744997
37031|0x6c1717|7|19437310
37031|0xec1717|8|50424286
37031|0x1ec1717|9|89156995
37031|0x3ec1717|10|198835293
37031|0x7ec1717|11|392264466
37031|0xfec1717|12|702811035
37031|0x1fec1717|13|1509047730
37031|0x3fec1717|14|4922104837
37031|0x3fec1717|15|7477219566
37031|0xbfec1717|16|15102355015
37031|0xbfec1717|17|28256338343
37031|0x2bfec1717|18|56543308035
37031|0x2bfec1717|19|111251928823
37031|0x2bfec1717|20|217432119533
37031|0x2bfec1717|21|438156129859
37031|0x2bfec1717|22|906607226247
37031|0x42bfec1717|23|1873750985389
37031|0xc2bfec1717|24|3667427400818
37033|0x11399|1|617868
37033|0x11399|2|1442878
37033|0x51399|3|3045916
37033|0x51399|4|5401881
37033|0x51399|5|8686816
37033|0x251399|6|19796178
37033|0x251399|7|38618241
37033|0xa51399|8|78735600
37033|0xa51399|9|142461747
37033|0xa51399|10|306609227
37033|0xa51399|11|605445512
37033|0x8a51399|12|848636512
37033|0x18a51399|13|1874665247
37033|0x38a51399|14|3169539114
37033|0x78a51399|15|6530328063
37033|0xf8a51399|16|15025661028
37033|0x1f8a51399|17|33125239116
37033|0x3f8a51399|18|70294745347
37033|0x7f8a51399|19|140948685865
37033|0x7f8a51399|20|265971940166
37033|0x7f8a51399|21|481199054958
37033|0x27f8a51399|22|923668568217
37033|0x67f8a51399|23|1963873234782
37033|0xe7f8a51399|24|3530804187630
37035|0xea03|1|376586
37035|0x2ea03|2|890989
37035|0x6ea03|3|1703713
37035|0x6ea03|4|3734664
37035|0x6ea03|5|7129403
37035|0x6ea03|6|14688159
37035|0x46ea03|7|29430593
37035|0x46ea03|8|58720617
37035|0x146ea03|9|117551679
37035|0x346ea03|10|235404933
37035|0x746ea03|11|470703867
37035|0x746ea03|12|952953417
37035|0x746ea03|13|1898103537
37035|0x746ea03|14|3810684620
37035|0x4746ea03|15|7531656723
37035|0xc746ea03|16|15068971885
37035|0x1c746ea03|17|28858750159
37035|0x1c746ea03|18|59441864930
37035|0x1c746ea03|19|117418908661
37035|0x9c746ea03|20|233496325746
37035|0x9c746ea03|21|473151855659
37035|0x29c746ea03|22|936019716189
37035|0x29c746ea03|23|1874419080359
37035|0x29c746ea03|24|3729437476088
37037|0x15325|1|213214
37037|0x35325|2|500600
37037|0x75325|3|1311788
37037|0xf5325|4|2620075
37037|0xf5325|5|6385078
37037|0x2f5325|6|12283350
37037|0x6f5325|7|24411710
37037|0x6f5325|8|53716638
37037|0x6f5325|9|105183489
37037|0x26f5325|10|196074893
37037|0x66f5325|11|396894304
37037|0xe6f5325|12|761235191
37037|0xe6f5325|13|1701156787
37037|0x2e6f5325|14|3118144613
37037|0x2e6f5325|15|6546703885
37037|0x2e6f5325|16|12851405200
37037|0x2e6f5325|17|26386106749
37037|0x22e6f5325|18|47875183658
37037|0x22e6f5325|19|110516220778
37037|0xa2e6f5325|20|277023534282
37037|0xa2e6f5325|21|526801604086
37037|0xa2e6f5325|22|954055062879
37037|0xa2e6f5325|23|1890096594304
37037|0xa2e6f5325|24|4195971753452
37039|0xc64f|1|619406
37039|0xc64f|2|1453050
37039|0x4c64f|3|2995479
37039|0x4c64f|4|6129746
37039|0x14c64f|5|12318597
37039|0x14c64f|6|24710175
37039|0x54c64f|7|49613651
37039|0xd4c64f|8|99182771
37039|0x1d4c64f|9|198506564
37039|0x1d4c64f|10|392537580
37039|0x1d4c64f|11|784448722
37039|0x1d4c64f|12|1569361828
37039|0x11d4c64f|13|3139422248
37039|0x31d4c64f|14|6352861857
37039|0x71d4c64f|15|5141062819
37039|0xf1d4c64f|16|12706496774
37039|0x1f1d4c64f|17|25075735778
37039|0x1f1d4c64f|18|65962996530
37039|0x5f1d4c64f|19|129238714486
37039|0xdf1d4c64f|20|263336290228
37039|0x1df1d4c64f|21|544712782781
37039|0x1df1d4c64f|22|1039104163607
37039|0x1df1d4c64f|23|2027768566347
37039|0x9df1d4c64f|24|4053086573414
37041|0x1b851|1|547564
37041|0x3b851|2|807719
37041|0x3b851|3|1869610
37041|0x3b851|4|3572568
37041|0x3b851|5|7341253
37041|0x3b851|6|14565762
37041|0x43b851|7|29569799
37041|0xc3b851|8|58717334
37041|0x1c3b851|9|116823394
37041|0x1c3b851|10|236423465
37041|0x1c3b851|11|465222544
37041|0x1c3b851|12|935226735
37041|0x11c3b851|13|1877746515
37041|0x31c3b851|14|3752749356
37041|0x31c3b851|15|7514760634
37041|0xb1c3b851|16|15002362101
37041|0x1b1c3b851|17|29186491986
37041|0x3b1c3b851|18|58429085700
37041|0x7b1c3b851|19|116803346965
37041|0x7b1c3b851|20|232688747829
37041|0x17b1c3b851|21|468093365090
37041|0x37b1c3b851|22|1077263646525
37041|0x37b1c3b851|23|2179670796558
37041|0xb7b1c3b851|24|3564497045981
37043|0x9e7b|1|332870
37043|0x9e7b|2|876148
37043|0x49e7b|3|1895726
37043|0x49e7b|4|3483276
37043|0x49e7b|5|7312635
37043|0x249e7b|6|14439893
37043|0x649e7b|7|29084099
37043|0xe49e7b|8|58238725
37043|0x1e49e7b|9|169756922
37043|0x1e49e7b|10|291725996
37043|0x5e49e7b|11|582386459
37043|0xde49e7b|12|1279738483
37043|0x1de49e7b|13|2774140377
37043|0x1de49e7b|14|3354359001
37043|0x1de49e7b|15|6109108070
37043|0x9de49e7b|16|17306819933
37043|0x19de49e7b|17|28261486789
37043|0x39de49e7b|18|56089529730
37043|0x39de49e7b|19|112834811628
37043|0xb9de49e7b|20|256862602599
37043|0x1b9de49e7b|21|501497087200
37043|0x3b9de49e7b|22|1000378331409
37043|0x3b9de49e7b|23|1788532232938
37043|0xbb9de49e7b|24|3514701458201
37045|0x1dd9d|1|401443
37045|0x3dd9d|2|918042
37045|0x7dd9d|3|1814476
37045|0xfdd9d|4|3522340
37045|0xfdd9d|5|7294775
37045|0x2fdd9d|6|14243301
37045|0x2fdd9d|7|28843708
37045|0xafdd9d|8|57626535
37045|0x1afdd9d|9|116099737
37045|0x3afdd9d|10|216599478
37045|0x3afdd9d|11|386961093
37045|0xbafdd9d|12|736374242
37045|0x1bafdd9d|13|1557580244
37045|0x1bafdd9d|14|2724639226
37045|0x1bafdd9d|15|6534853255
37045|0x9bafdd9d|16|12085770076
37045|0x19bafdd9d|17|23633378485
37045|0x39bafdd9d|18|51284469867
37045|0x39bafdd9d|19|124076179329
37045|0x39bafdd9d|20|220424730909
37045|0x39bafdd9d|21|417499779177
37045|0x239bafdd9d|22|875055465431
37045|0x639bafdd9d|23|2071250147144
37045|0x639bafdd9d|24|3467843465360
37047|0x14d07|1|386274
37047|0x34d07|2|918006
37047|0x34d07|3|1552214
37047|0x34d07|4|2414205
37047|0x134d07|5|5194143
37047|0x334d07|6|12849295
37047|0x334d07|7|22388836
37047|0x334d07|8|50856538
37047|0x334d07|9|101045452
37047|0x334d07|10|199866027
37047|0x334d07|11|381340032
37047|0x334d07|12|679759785
37047|0x334d07|13|1704660917
37047|0x334d07|14|3526755839
37047|0x334d07|15|5822666828
37047|0x334d07|16|12535898712
37047|0x100334d07|17|22847651962
37047|0x100334d07|18|66637479466
37047|0x500334d07|19|120387924329
37047|0x500334d07|20|238799168350
37047|0x1500334d07|21|427531213243
37047|0x3500334d07|22|870160674849
37047|0x3500334d07|23|1834223660212
37047|0x3500334d07|24|4092552647594
37049|0x7589|1|348189
37049|0x27589|2|980596
37049|0x67589|3|1678089
37049|0xe7589|4|3446273
37049|0x1e7589|5|6883550
37049|0x3e7589|6|14060634
37049|0x7e7589|7|32648138
37049|0xfe7589|8|73321092
37049|0xfe7589|9|95146017
37049|0x2fe7589|10|270505805
37049|0x6fe7589|11|599878175
37049|0x6fe7589|12|1179212457
37049|0x16fe7589|13|2407231897
37049|0x16fe7589|14|4426404353
37049|0x56fe7589|15|6534278291
37049|0x56fe7589|16|14238921805
37049|0x56fe7589|17|36562974321
37049|0x256fe7589|18|51173427048
37049|0x256fe7589|19|136792803613
37049|0x256fe7589|20|250738147283
37049|0x256fe7589|21|492473886077
37049|0x2256fe7589|22|914147477662
37049|0x6256fe7589|23|1881400545106
37049|0x6256fe7589|24|3909717046119
37051|0x13473|1|378723
37051|0x33473|2|913889
37051|0x33473|3|1741483
37051|0xb3473|4|3604183
37051|0x1b3473|5|7193709
37051|0x3b3473|6|12324070
37051|0x7b3473|7|24723340
37051|0xfb3473|8|51191467
37051|0x1fb3473|9|108262064
37051|0x1fb3473|10|208601681
37051|0x1fb3473|11|462553404
37051|0x1fb3473|12|844160286
37051|0x1fb3473|13|1697216306
37051|0x1fb3473|14|3294752288
37051|0x41fb3473|15|6564273191
37051|0xc1fb3473|16|13250749413
37051|0x1c1fb3473|17|26450336169
37051|0x3c1fb3473|18|54023709398
37051|0x7c1fb3473|19|112425092952
37051|0xfc1fb3473|20|266146980898
37051|0xfc1fb3473|21|492115398448
37051|0x2fc1fb3473|22|861356801312
37051|0x2fc1fb3473|23|1905511906656
37051|0x2fc1fb3473|24|3882697054436
37053|0x1ea95|1|277575
37053|0x3ea95|2|692203
37053|0x3ea95|3|1692000
37053|0xbea95|4|3267230
37053|0xbea95|5|6734716
37053|0xbea95|6|12708338
37053|0x4bea95|7|49119194
37053|0x4bea95|8|93905279
37053|0x4bea95|9|192481425
37053|0x4bea95|10|281335139
37053|0x44bea95|11|458931097
37053|0x44bea95|12|1163655302
37053|0x44bea95|13|3407803214
37053|0x244bea95|14|10085237205
37053|0x244bea95|15|20120775924
37053|0xa44bea95|16|34206967264
37053|0xa44bea95|17|29015433112
37053|0xa44bea95|18|56376964663
37053|0x4a44bea95|19|103326065087
37053|0xca44bea95|20|251816516064
37053|0xca44bea95|21|522036777060
37053|0xca44bea95|22|962833297919
37053|0x4ca44bea95|23|2160077826445
37053|0x4ca44bea95|24|4183204790520
37055|0xdf3f|1|333018
37055|0x2df3f|2|784196
37055|0x2df3f|3|1676735
37055|0xadf3f|4|3400069
37055|0x1adf3f|5|6780684
37055|0x3adf3f|6|12348280
37055|0x3adf3f|7|19899878
37055|0xbadf3f|8|44272933
37055|0x1badf3f|9|90502601
37055|0x1badf3f|10|260539342
37055|0x1badf3f|11|578989445
37055|0x9badf3f|12|1289287208
37055|0x9badf3f|13|2516466654
37055|0x29badf3f|14|3907214006
37055|0x69badf3f|15|8877671970
37055|0x69badf3f|16|12056692077
37055|0x69badf3f|17|25910475195
37055|0x69badf3f|18|63908867145
37055|0x69badf3f|19|127136001334
37055|0x869badf3f|20|238502540433
37055|0x869badf3f|21|506982901008
37055|0x869badf3f|22|986566304703
37055|0x4869badf3f|23|2050400422963
37055|0xc869badf3f|24|3846720083615
37057|0x1ff41|1|367667
37057|0x3ff41|2|2163213
37057|0x3ff41|3|1721227
37057|0xbff41|4|3655494
37057|0xbff41|5|7209254
37057|0x2bff41|6|14790264
37057|0x6bff41|7|29202823
37057|0x6bff41|8|53636365
37057|0x16bff41|9|103859826
37057|0x36bff41|10|220110687
37057|0x76bff41|11|420124519
37057|0xf6bff41|12|781237276
37057|0xf6bff41|13|1684161358
37057|0x2f6bff41|14|3621707132
37057|0x2f6bff41|15|6639528992
37057|0xaf6bff41|16|13461582107
37057|0x1af6bff41|17|27159890914
37057|0x3af6bff41|18|55397342850
37057|0x7af6bff41|19|119097532352
37057|0xfaf6bff41|20|214336922576
37057|0xfaf6bff41|21|426840079359
37057|0xfaf6bff41|22|828963675824
37057|0xfaf6bff41|23|1652541686911
37057|0x8faf6bff41|24|3328780473250
37059|0x9feb|1|362706
37059|0x29feb|2|795257
37059|0x69feb|3|1676440
37059|0x69feb|4|3746403
37059|0x69feb|5|7228764
37059|0x69feb|6|14529937
37059|0x69feb|7|28883250
37059|0x69feb|8|58488937
37059|0x1069feb|9|117250989
37059|0x3069feb|10|213208823
37059|0x3069feb|11|430406240
37059|0xb069feb|12|761946544
37059|0xb069feb|13|1697379459
37059|0x2b069feb|14|3231751022
37059|0x2b069feb|15|6537625402
37059|0xab069feb|16|12878904320
37059|0xab069feb|17|23293319177
37059|0x2ab069feb|18|49067274942
37059|0x6ab069feb|19|117234715523
37059|0xeab069feb|20|215841865824
37059|0xeab069feb|21|418988832066
37059|0x2eab069feb|22|854730992134
37059|0x6eab069feb|23|1921736965630
37059|0xeeab069feb|24|3851831348978
37061|0x6e0d|1|332039
37061|0x6e0d|2|2022540
37061|0x46e0d|3|1875443
37061|0x46e0d|4|3526077
37061|0x146e0d|5|7383212
37061|0x346e0d|6|14725197
37061|0x746e0d|7|29385954
37061|0xf46e0d|8|59066819
37061|0xf46e0d|9|102730927
37061|0x2f46e0d|10|211974368
37061|0x6f46e0d|11|409440061
37061|0xef46e0d|12|859901041
37061|0xef46e0d|13|1768648428
37061|0xef46e0d|14|3735552947
37061|0xef46e0d|15|6861822913
37061|0xef46e0d|16|13761766969
37061|0x10ef46e0d|17|25622058663
37061|0x30ef46e0d|18|53315299603
37061|0x70ef46e0d|19|104290931397
37061|0xf0ef46e0d|20|233440435925
37061|0xf0ef46e0d|21|499560846369
37061|0xf0ef46e0d|22|873946548881
37061|0xf0ef46e0d|23|1747268698706
37061|0xf0ef46e0d|24|3520833811954
37063|0x130f7|1|329108
37063|0x130f7|2|891554
37063|0x130f7|3|1863939
37063|0x930f7|4|3498057
37063|0x1930f7|5|7313215
37063|0x3930f7|6|11891251
37063|0x3930f7|7|23369856
37063|0x3930f7|8|51682034
37063|0x3930f7|9|116690014
37063|0x3930f7|10|233908338
37063|0x3930f7|11|382154089
37063|0x83930f7|12|836759816
37063|0x183930f7|13|1515894352
37063|0x183930f7|14|2951515946
37063|0x183930f7|15|6307436196
37063|0x183930f7|16|13851606412
37063|0x1183930f7|17|26058521586
37063|0x3183930f7|18|52784265394
37063|0x3183930f7|19|109225036987
37063|0xb183930f7|20|215490926522
37063|0xb183930f7|21|424426581004
37063|0xb183930f7|22|866491757678
37063|0x4b183930f7|23|1839184554044
37063|0x4b183930f7|24|3747205449389
37065|0x8979|1|373689
37065|0x8979|2|894111
37065|0x8979|3|2355986
37065|0x8979|4|6020751
37065|0x8979|5|12193430
37065|0x8979|6|21262257
37065|0x408979|7|37452297
37065|0x408979|8|89557626
37065|0x408979|9|152200219
37065|0x408979|10|317204732
37065|0x408979|11|595887786
37065|0x408979|12|973724747
37065|0x408979|13|2235331931
37065|0x408979|14|3658327511
37065|0x408979|15|6910237921
37065|0x80408979|16|13828158698
37065|0x180408979|17|34292120778
37065|0x380408979|18|96415682700
37065|0x780408979|19|189166640751
37065|0xf80408979|20|239913749757
37065|0x1f80408979|21|466146169555
37065|0x3f80408979|22|1029383503158
37065|0x3f80408979|23|1905233022427
37065|0x3f80408979|24|3678910038295
37067|0x154e3|1|393730
37067|0x354e3|2|822994
37067|0x754e3|3|1715274
37067|0x754e3|4|2955836
37067|0x1754e3|5|5209136
37067|0x1754e3|6|10423232
37067|0x5754e3|7|25758756
37067|0x5754e3|8|46889898
37067|0x15754e3|9|128141898
37067|0x15754e3|10|304558410
37067|0x15754e3|11|580004698
37067|0x15754e3|12|1162084080
37067|0x115754e3|13|2897107080
37067|0x315754e3|14|5166424385
37067|0x715754e3|15|6337880702
37067|0x715754e3|16|15976092411
37067|0x1715754e3|17|30604588595
37067|0x3715754e3|18|55081407522
37067|0x7715754e3|19|108255798994
37067|0xf715754e3|20|231687504655
37067|0xf715754e3|21|446531913465
37067|0xf715754e3|22|996656025280
37067|0xf715754e3|23|1789492103725
37067|0xf715754e3|24|3729685081896
37069|0x1dc05|1|504823
37069|0x1dc05|2|862423
37069|0x1dc05|3|1919819
37069|0x1dc05|4|3494754
37069|0x1dc05|5|7437135
37069|0x1dc05|6|14587192
37069|0x41dc05|7|29398017
37069|0xc1dc05|8|58772379
37069|0x1c1dc05|9|117706673
37069|0x1c1dc05|10|235711083
37069|0x5c1dc05|11|471129602
37069|0xdc1dc05|12|942488643
37069|0x1dc1dc05|13|1884919497
37069|0x3dc1dc05|14|3769772495
37069|0x3dc1dc05|15|7450231344
37069|0xbdc1dc05|16|14906170227
37069|0x1bdc1dc05|17|29386645192
37069|0x3bdc1dc05|18|58511843370
37069|0x7bdc1dc05|19|116347964790
37069|0x7bdc1dc05|20|233863946816
37069|0x17bdc1dc05|21|463788136260
37069|0x17bdc1dc05|22|903746166643
37069|0x57bdc1dc05|23|1892990245005
37069|0x57bdc1dc05|24|3670932723411
