53251|0x5aab|1|777699
53251|0x5aab|2|1896769
53251|0x45aab|3|3091294
53251|0xc5aab|4|6329272
53251|0x1c5aab|5|28828514
53251|0x1c5aab|6|57927005
53251|0x1c5aab|7|68260372
53251|0x1c5aab|8|103892512
53251|0x1c5aab|9|207572744
53251|0x21c5aab|10|431225610
53251|0x21c5aab|11|834132254
53251|0x21c5aab|12|1669548550
53251|0x121c5aab|13|3339179644
53251|0x121c5aab|14|6772419189
53251|0x521c5aab|15|13346174417
53251|0x521c5aab|16|26578175379
53251|0x521c5aab|17|53156599453
53251|0x521c5aab|18|103837316414
53251|0x521c5aab|19|212459503969
53251|0x8521c5aab|20|416528703414
53251|0x18521c5aab|21|799050342029
53251|0x18521c5aab|22|1690547070028
53251|0x18521c5aab|23|3378222782272
53251|0x18521c5aab|24|6604197427288
53253|0x17ccd|1|698987
53253|0x37ccd|2|1507983
53253|0x37ccd|3|3084890
53253|0xb7ccd|4|6418899
53253|0xb7ccd|5|12876056
53253|0x2b7ccd|6|25279895
53253|0x6b7ccd|7|51921311
53253|0xeb7ccd|8|104033798
53253|0xeb7ccd|9|208371366
53253|0x2eb7ccd|10|414738470
53253|0x6eb7ccd|11|829655719
53253|0xeeb7ccd|12|1667745403
53253|0xeeb7ccd|13|3307650200
53253|0x2eeb7ccd|14|6672224918
53253|0x6eeb7ccd|15|13426958969
53253|0xeeeb7ccd|16|26591398566
53253|0xeeeb7ccd|17|51756859878
53253|0xeeeb7ccd|18|104254575345
53253|0x4eeeb7ccd|19|211381929474
53253|0xceeeb7ccd|20|422305921115
53253|0xceeeb7ccd|21|844583396955
53253|0x2ceeeb7ccd|22|1688370435149
53253|0x2ceeeb7ccd|23|3381241038400
53253|0x2ceeeb7ccd|24|5930220965571
53255|0x19db7|1|500118
53255|0x19db7|2|855449
53255|0x19db7|3|1740113
53255|0x19db7|4|3557529
53255|0x119db7|5|7374922
53255|0x319db7|6|14839445
53255|0x319db7|7|29613041
53255|0xb19db7|8|59082842
53255|0x1b19db7|9|118303901
53255|0x1b19db7|10|236351229
53255|0x5b19db7|11|556773731
53255|0xdb19db7|12|949478368
53255|0x1db19db7|13|1897609248
53255|0x3db19db7|14|4124154100
53255|0x3db19db7|15|7632058379
53255|0x3db19db7|16|15241900701
53255|0x3db19db7|17|30374441077
53255|0x23db19db7|18|59915376264
53255|0x23db19db7|19|122840907517
53255|0x23db19db7|20|251909513824
53255|0x123db19db7|21|512065121336
53255|0x323db19db7|22|1015887490925
53255|0x323db19db7|23|2044651753376
53255|0xb23db19db7|24|6117505068695
53257|0x1be39|1|367728
53257|0x3be39|2|821921
53257|0x3be39|3|1691116
53257|0x3be39|4|3515653
53257|0x13be39|5|7394398
53257|0x13be39|6|14654770
53257|0x53be39|7|29213026
53257|0xd3be39|8|58885886
53257|0xd3be39|9|118514239
53257|0x2d3be39|10|236752779
53257|0x6d3be39|11|473654346
53257|0xed3be39|12|943087605
53257|0x1ed3be39|13|2488147967
53257|0x3ed3be39|14|3782882528
53257|0x7ed3be39|15|7887893484
53257|0xfed3be39|16|15073468099
53257|0x1fed3be39|17|29725447158
53257|0x3fed3be39|18|60730102714
53257|0x3fed3be39|19|123671336639
53257|0x3fed3be39|20|244638481203
53257|0x13fed3be39|21|484209516725
53257|0x13fed3be39|22|974186455129
53257|0x53fed3be39|23|1934104277001
53257|0x53fed3be39|24|3863036740799
53259|0x13ba3|1|370118
53259|0x33ba3|2|829066
53259|0x33ba3|3|1738719
53259|0xb3ba3|4|3808309
53259|0x1b3ba3|5|7212684
53259|0x3b3ba3|6|14752559
53259|0x3b3ba3|7|29838556
53259|0x3b3ba3|8|59488464
53259|0x13b3ba3|9|118692628
53259|0x33b3ba3|10|236731210
53259|0x73b3ba3|11|475905424
53259|0x73b3ba3|12|1036537961
53259|0x173b3ba3|13|1876750652
53259|0x373b3ba3|14|3799419677
53259|0x373b3ba3|15|7668595824
53259|0xb73b3ba3|16|15414974858
53259|0xb73b3ba3|17|31252983092
53259|0xb73b3ba3|18|63932663544
53259|0xb73b3ba3|19|124742711207
53259|0x8b73b3ba3|20|285696075519
53259|0x8b73b3ba3|21|539678021210
53259|0x8b73b3ba3|22|1174724404846
53259|0x48b73b3ba3|23|2070678703384
53259|0x48b73b3ba3|24|6170840771160
53261|0x1fec5|1|727952
53261|0x3fec5|2|1437129
53261|0x7fec5|3|3049022
53261|0xffec5|4|6278839
53261|0x1ffec5|5|12787182
53261|0x3ffec5|6|25836297
53261|0x7ffec5|7|51792608
53261|0xfffec5|8|103859951
53261|0xfffec5|9|207916659
53261|0xfffec5|10|415951476
53261|0x4fffec5|11|831949278
53261|0x4fffec5|12|1663807539
53261|0x4fffec5|13|3821301052
53261|0x4fffec5|14|6656311061
53261|0x44fffec5|15|13377560572
53261|0xc4fffec5|16|26675435475
53261|0xc4fffec5|17|52279865925
53261|0x2c4fffec5|18|106420127171
53261|0x6c4fffec5|19|213199975321
53261|0xec4fffec5|20|421444733705
53261|0x1ec4fffec5|21|846627666731
53261|0x3ec4fffec5|22|1694638801273
53261|0x7ec4fffec5|23|3386733527983
53261|0xfec4fffec5|24|6764531199998
53263|0x1eef|1|764510
53263|0x1eef|2|1441266
53263|0x41eef|3|3051450
53263|0x41eef|4|6299646
53263|0x41eef|5|12828900
53263|0x241eef|6|25815121
53263|0x641eef|7|51773479
53263|0x641eef|8|103785771
53263|0x1641eef|9|208739361
53263|0x3641eef|10|416116128
53263|0x7641eef|11|835685097
53263|0xf641eef|12|2089376638
53263|0xf641eef|13|3327057081
53263|0xf641eef|14|6659634297
53263|0x4f641eef|15|13326349213
53263|0x4f641eef|16|26678126791
53263|0x4f641eef|17|53409214979
53263|0x24f641eef|18|106385526101
53263|0x64f641eef|19|211135755883
53263|0x64f641eef|20|422797196407
53263|0x64f641eef|21|845817914967
53263|0x264f641eef|22|1696362820127
53263|0x664f641eef|23|3381700695334
53263|0xe64f641eef|24|5628208727091
53265|0x20f1|1|673698
53265|0x220f1|2|1452129
53265|0x220f1|3|3058328
53265|0xa20f1|4|6333845
53265|0x1a20f1|5|12880303
53265|0x1a20f1|6|25972808
53265|0x1a20f1|7|52055687
53265|0x9a20f1|8|104270778
53265|0x19a20f1|9|208738027
53265|0x39a20f1|10|417810149
53265|0x39a20f1|11|835830696
53265|0xb9a20f1|12|1663794494
53265|0xb9a20f1|13|3327624584
53265|0xb9a20f1|14|6655275015
53265|0xb9a20f1|15|13375566898
53265|0xb9a20f1|16|26948441213
53265|0xb9a20f1|17|39596282599
53265|0x20b9a20f1|18|63919913014
53265|0x20b9a20f1|19|127520166592
53265|0x20b9a20f1|20|254458565706
53265|0x120b9a20f1|21|511336610237
53265|0x320b9a20f1|22|1016798110102
53265|0x720b9a20f1|23|2033045068189
53265|0x720b9a20f1|24|4069768145572
53267|0x17a1b|1|438354
53267|0x37a1b|2|829124
53267|0x37a1b|3|1868520
53267|0xb7a1b|4|3767437
53267|0x1b7a1b|5|7929823
53267|0x1b7a1b|6|15619385
53267|0x5b7a1b|7|31077251
53267|0x5b7a1b|8|62193853
53267|0x5b7a1b|9|125338882
53267|0x25b7a1b|10|249405945
53267|0x25b7a1b|11|499175374
53267|0x25b7a1b|12|1002842233
53267|0x25b7a1b|13|2006308307
53267|0x25b7a1b|14|3993859117
53267|0x25b7a1b|15|7982840447
53267|0x825b7a1b|16|16003434353
53267|0x825b7a1b|17|32015885702
53267|0x825b7a1b|18|62821464411
53267|0x4825b7a1b|19|126404793738
53267|0x4825b7a1b|20|254073657470
53267|0x4825b7a1b|21|507534865963
53267|0x4825b7a1b|22|1013590244368
53267|0x44825b7a1b|23|2030427373598
53267|0x44825b7a1b|24|4155213328587
53269|0x7f3d|1|655111
53269|0x7f3d|2|3466487
53269|0x47f3d|3|3119218
53269|0x47f3d|4|6373603
53269|0x47f3d|5|12918100
53269|0x47f3d|6|25869223
53269|0x447f3d|7|51793295
53269|0x447f3d|8|104343181
53269|0x1447f3d|9|208880111
53269|0x3447f3d|10|418093939
53269|0x7447f3d|11|830427316
53269|0x7447f3d|12|1672287604
53269|0x7447f3d|13|2469608421
53269|0x7447f3d|14|4535583991
53269|0x47447f3d|15|7555952048
53269|0xc7447f3d|16|15137610262
53269|0xc7447f3d|17|29572936585
53269|0xc7447f3d|18|60972725629
53269|0xc7447f3d|19|119055440090
53269|0x8c7447f3d|20|310798268761
53269|0x8c7447f3d|21|499018721522
53269|0x28c7447f3d|22|1014142531680
53269|0x68c7447f3d|23|2074103888809
53269|0xe8c7447f3d|24|4091760775035
53271|0x167a7|1|434953
53271|0x167a7|2|942192
53271|0x167a7|3|1767556
53271|0x967a7|4|3940703
53271|0x1967a7|5|7651742
53271|0x1967a7|6|15637293
53271|0x1967a7|7|31474635
53271|0x9967a7|8|62650338
53271|0x9967a7|9|125711672
53271|0x29967a7|10|251516552
53271|0x29967a7|11|500318191
53271|0x29967a7|12|1003733737
53271|0x29967a7|13|2003293201
53271|0x229967a7|14|4006074374
53271|0x629967a7|15|8021090476
53271|0xe29967a7|16|16008252078
53271|0x1e29967a7|17|31333004766
53271|0x1e29967a7|18|63545425385
53271|0x1e29967a7|19|154162662536
53271|0x9e29967a7|20|254904418408
53271|0x9e29967a7|21|507727238884
53271|0x9e29967a7|22|1016559213481
53271|0x9e29967a7|23|2030045839842
53271|0x9e29967a7|24|4572018293544
53273|0x18c29|1|369950
53273|0x18c29|2|845218
53273|0x18c29|3|1989957
53273|0x98c29|4|3767549
53273|0x198c29|5|7809085
53273|0x398c29|6|15495237
53273|0x398c29|7|31023475
53273|0xb98c29|8|62329716
53273|0xb98c29|9|125202110
53273|0xb98c29|10|249329590
53273|0x4b98c29|11|501227828
53273|0xcb98c29|12|1002711615
53273|0xcb98c29|13|1997611114
53273|0xcb98c29|14|4031515818
53273|0xcb98c29|15|8019811599
53273|0xcb98c29|16|16012202490
53273|0xcb98c29|17|31891923475
53273|0xcb98c29|18|70091347877
53273|0xcb98c29|19|138084080703
53273|0x80cb98c29|20|251716372755
53273|0x80cb98c29|21|525860483282
53273|0x280cb98c29|22|1215692399628
53273|0x680cb98c29|23|2087538962861
53273|0xe80cb98c29|24|4425408059020
53275|0x8a13|1|400851
53275|0x28a13|2|806641
53275|0x68a13|3|1707201
53275|0x68a13|4|3745228
53275|0x68a13|5|7174434
53275|0x268a13|6|14685219
53275|0x668a13|7|29581844
53275|0x668a13|8|59319846
53275|0x1668a13|9|118346131
53275|0x3668a13|10|236812363
53275|0x7668a13|11|474086541
53275|0xf668a13|12|948802206
53275|0x1f668a13|13|1874741531
53275|0x3f668a13|14|3288565407
53275|0x3f668a13|15|6587153926
53275|0x3f668a13|16|13129714142
53275|0x3f668a13|17|26123747986
53275|0x23f668a13|18|53715594221
53275|0x23f668a13|19|156656261478
53275|0x23f668a13|20|208514915749
53275|0x23f668a13|21|579305255571
53275|0x23f668a13|22|1513918283232
53275|0x423f668a13|23|2868526988604
53275|0xc23f668a13|24|4932502656775
53277|0x7235|1|661804
53277|0x7235|2|3439770
53277|0x7235|3|3136777
53277|0x87235|4|6360765
53277|0x87235|5|12918918
53277|0x87235|6|26026341
53277|0x487235|7|52065241
53277|0x487235|8|104402867
53277|0x1487235|9|207813089
53277|0x3487235|10|417842176
53277|0x7487235|11|831967859
53277|0x7487235|12|2336506922
53277|0x17487235|13|3344245826
53277|0x17487235|14|6687833278
53277|0x17487235|15|13367754946
53277|0x97487235|16|26585461385
53277|0x97487235|17|52190406902
53277|0x97487235|18|106672452077
53277|0x497487235|19|212231671404
53277|0x497487235|20|307068421811
53277|0x1497487235|21|637071963133
53277|0x1497487235|22|1244388751308
53277|0x5497487235|23|2983849702406
53277|0xd497487235|24|6400527473099
53279|0xabdf|1|693874
53279|0x2abdf|2|1480035
53279|0x2abdf|3|3099546
53279|0xaabdf|4|6295608
53279|0x1aabdf|5|12802335
53279|0x3aabdf|6|25832002
53279|0x7aabdf|7|51723522
53279|0xfaabdf|8|103720945
53279|0xfaabdf|9|207575818
53279|0x2faabdf|10|417525250
53279|0x2faabdf|11|835266791
53279|0xafaabdf|12|1662328433
53279|0xafaabdf|13|3304974318
53279|0xafaabdf|14|6707364011
53279|0xafaabdf|15|13247178577
53279|0xafaabdf|16|26700460212
53279|0x10afaabdf|17|52449456393
53279|0x10afaabdf|18|105064188516
53279|0x50afaabdf|19|128691876610
53279|0xd0afaabdf|20|314814802441
53279|0xd0afaabdf|21|845952574820
53279|0xd0afaabdf|22|1696518779801
53279|0xd0afaabdf|23|3069337192061
53279|0x8d0afaabdf|24|5719420520940
53281|0xb3e1|1|741513
53281|0x2b3e1|2|1439895
53281|0x2b3e1|3|3058777
53281|0x2b3e1|4|6320617
53281|0x2b3e1|5|12808436
53281|0x2b3e1|6|25843438
53281|0x2b3e1|7|51811249
53281|0x82b3e1|8|103810388
53281|0x182b3e1|9|207853252
53281|0x182b3e1|10|415935150
53281|0x582b3e1|11|836206072
53281|0xd82b3e1|12|1668311756
53281|0x1d82b3e1|13|3337758164
53281|0x1d82b3e1|14|6690843788
53281|0x1d82b3e1|15|13316497698
53281|0x1d82b3e1|16|26623251917
53281|0x1d82b3e1|17|53432319037
53281|0x21d82b3e1|18|105273228326
53281|0x21d82b3e1|19|212113744869
53281|0x21d82b3e1|20|423902307644
53281|0x21d82b3e1|21|629680615282
53281|0x21d82b3e1|22|1197676272608
53281|0x421d82b3e1|23|2189910024557
53281|0xc21d82b3e1|24|4544812741456
53283|0x5f8b|1|371805
53283|0x25f8b|2|829170
53283|0x65f8b|3|1753268
53283|0x65f8b|4|3801937
53283|0x65f8b|5|7217168
53283|0x65f8b|6|14787953
53283|0x65f8b|7|50901638
53283|0x865f8b|8|73694085
53283|0x865f8b|9|167276038
53283|0x865f8b|10|300161807
53283|0x865f8b|11|623838461
53283|0x865f8b|12|1186746751
53283|0x865f8b|13|2395906297
53283|0x865f8b|14|4848960698
53283|0x40865f8b|15|9682964982
53283|0x40865f8b|16|19337493788
53283|0x40865f8b|17|38748849699
53283|0x240865f8b|18|76824742312
53283|0x640865f8b|19|120814245945
53283|0xe40865f8b|20|226068474661
53283|0xe40865f8b|21|508827788255
53283|0x2e40865f8b|22|1258565746256
53283|0x6e40865f8b|23|2488735604863
53283|0xee40865f8b|24|4331637543393
53285|0xcbad|1|358295
53285|0x2cbad|2|806578
53285|0x6cbad|3|1721312
53285|0xecbad|4|3539877
53285|0xecbad|5|7419187
53285|0x2ecbad|6|14749714
53285|0x6ecbad|7|29436203
53285|0xeecbad|8|76581086
53285|0xeecbad|9|141620042
53285|0xeecbad|10|322519826
53285|0xeecbad|11|590136271
53285|0x8eecbad|12|1179674391
53285|0x18eecbad|13|2485413305
53285|0x38eecbad|14|4793401341
53285|0x78eecbad|15|9700940631
53285|0xf8eecbad|16|16382256294
53285|0xf8eecbad|17|31857260376
53285|0x2f8eecbad|18|63121037454
53285|0x2f8eecbad|19|189972392246
53285|0x2f8eecbad|20|295899180652
53285|0x12f8eecbad|21|604562539644
53285|0x12f8eecbad|22|1132330051140
53285|0x12f8eecbad|23|2321894932939
53285|0x12f8eecbad|24|4884163925906
53287|0x19f97|1|355745
53287|0x39f97|2|754920
53287|0x39f97|3|1203772
53287|0xb9f97|4|2578110
53287|0x1b9f97|5|5061923
53287|0x3b9f97|6|11596081
53287|0x7b9f97|7|22254529
53287|0xfb9f97|8|56983684
53287|0xfb9f97|9|101815205
53287|0xfb9f97|10|212877736
53287|0xfb9f97|11|398214965
53287|0x8fb9f97|12|846102225
53287|0x18fb9f97|13|1606464129
53287|0x18fb9f97|14|3453383553
53287|0x58fb9f97|15|6491114989
53287|0x58fb9f97|16|12929671920
53287|0x58fb9f97|17|25329541688
53287|0x258fb9f97|18|59406749968
53287|0x258fb9f97|19|123369319539
53287|0xa58fb9f97|20|359168280050
53287|0xa58fb9f97|21|570305929601
53287|0x2a58fb9f97|22|1029441991815
53287|0x6a58fb9f97|23|2477272700790
53287|0xea58fb9f97|24|5938369669524
53289|0x1cc19|1|654542
53289|0x3cc19|2|1440212
53289|0x3cc19|3|3044402
53289|0x3cc19|4|6276043
53289|0x13cc19|5|12839916
53289|0x13cc19|6|25951546
53289|0x13cc19|7|52010766
53289|0x13cc19|8|104203791
53289|0x113cc19|9|208583965
53289|0x313cc19|10|417391381
53289|0x713cc19|11|831071213
53289|0xf13cc19|12|1669428815
53289|0xf13cc19|13|3318081844
53289|0xf13cc19|14|6665014065
53289|0xf13cc19|15|13333032773
53289|0x8f13cc19|16|26664606769
53289|0x18f13cc19|17|53101729130
53289|0x18f13cc19|18|104933926713
53289|0x18f13cc19|19|170476507547
53289|0x18f13cc19|20|420301228872
53289|0x18f13cc19|21|839376337277
53289|0x18f13cc19|22|1681392322326
53289|0x18f13cc19|23|3367850301750
53289|0x818f13cc19|24|6726282408176
53291|0x16e83|1|683222
53291|0x16e83|2|1482507
53291|0x16e83|3|3114228
53291|0x96e83|4|6380037
53291|0x96e83|5|12903202
53291|0x296e83|6|25829629
53291|0x696e83|7|51714765
53291|0xe96e83|8|104289394
53291|0x1e96e83|9|208537782
53291|0x1e96e83|10|415549214
53291|0x5e96e83|11|813268512
53291|0xde96e83|12|1669740700
53291|0xde96e83|13|3328319541
53291|0xde96e83|14|6651518379
53291|0xde96e83|15|13299913046
53291|0xde96e83|16|26611831069
53291|0xde96e83|17|53103743993
53291|0xde96e83|18|106467142348
53291|0xde96e83|19|212722813248
53291|0xde96e83|20|425756102058
53291|0x100de96e83|21|842954699056
53291|0x100de96e83|22|1687320308761
53291|0x100de96e83|23|3100115650042
53291|0x100de96e83|24|4949861802800
53293|0x1ffa5|1|687211
53293|0x1ffa5|2|1437337
53293|0x1ffa5|3|3042405
53293|0x1ffa5|4|6303055
53293|0x11ffa5|5|12837424
53293|0x31ffa5|6|20770650
53293|0x31ffa5|7|49920499
53293|0xb1ffa5|8|91699457
53293|0x1b1ffa5|9|184349660
53293|0x1b1ffa5|10|372242122
53293|0x5b1ffa5|11|698740553
53293|0x5b1ffa5|12|1480177488
53293|0x5b1ffa5|13|2798287226
53293|0x25b1ffa5|14|5538819745
53293|0x65b1ffa5|15|11303118551
53293|0xe5b1ffa5|16|22745617899
53293|0x1e5b1ffa5|17|44274815522
53293|0x3e5b1ffa5|18|89883017391
53293|0x3e5b1ffa5|19|197534038174
53293|0x3e5b1ffa5|20|319895953324
53293|0x13e5b1ffa5|21|552471098919
53293|0x33e5b1ffa5|22|1182870956400
53293|0x73e5b1ffa5|23|2040076115162
53293|0x73e5b1ffa5|24|4598931444098
53295|0x76cf|1|390260
53295|0x276cf|2|813335
53295|0x676cf|3|1887562
53295|0xe76cf|4|3728000
53295|0x1e76cf|5|7863383
53295|0x3e76cf|6|15548998
53295|0x3e76cf|7|31171668
53295|0x3e76cf|8|62438748
53295|0x3e76cf|9|125238468
53295|0x3e76cf|10|249387144
53295|0x43e76cf|11|498808749
53295|0xc3e76cf|12|1002577730
53295|0xc3e76cf|13|1996344787
53295|0xc3e76cf|14|4012694761
53295|0xc3e76cf|15|8141654623
53295|0xc3e76cf|16|16015201366
53295|0x10c3e76cf|17|31590753316
53295|0x10c3e76cf|18|63120562567
53295|0x50c3e76cf|19|128014920623
53295|0x50c3e76cf|20|269893607974
53295|0x50c3e76cf|21|440578388339
53295|0x250c3e76cf|22|1022468080759
53295|0x650c3e76cf|23|2016890984306
53295|0xe50c3e76cf|24|4066254673140
53297|0x88d1|1|355012
53297|0x88d1|2|806694
53297|0x488d1|3|1713816
53297|0xc88d1|4|3766451
53297|0x1c88d1|5|7188107
53297|0x3c88d1|6|20027229
53297|0x7c88d1|7|48957261
53297|0x7c88d1|8|72480005
53297|0x17c88d1|9|158066522
53297|0x17c88d1|10|297110569
53297|0x17c88d1|11|616403215
53297|0x97c88d1|12|1209147654
53297|0x97c88d1|13|2408309687
53297|0x97c88d1|14|4853058706
53297|0x97c88d1|15|8225368548
53297|0x97c88d1|16|12652950119
53297|0x1097c88d1|17|24972620987
53297|0x1097c88d1|18|50037560155
53297|0x1097c88d1|19|111564871932
53297|0x9097c88d1|20|219246623167
53297|0x19097c88d1|21|561100146979
53297|0x19097c88d1|22|1181633711906
53297|0x19097c88d1|23|2353930423371
53297|0x99097c88d1|24|4381510265427
53299|0xaafb|1|435306
53299|0x2aafb|2|954569
53299|0x6aafb|3|1725160
53299|0x6aafb|4|3904183
53299|0x6aafb|5|7701916
53299|0x6aafb|6|15627636
53299|0x46aafb|7|31124881
53299|0x46aafb|8|62596654
53299|0x146aafb|9|124695365
53299|0x146aafb|10|250680484
53299|0x546aafb|11|498923923
53299|0xd46aafb|12|1000941885
53299|0x1d46aafb|13|2214901741
53299|0x1d46aafb|14|4002430051
53299|0x5d46aafb|15|8039655581
53299|0x5d46aafb|16|16004741816
53299|0x5d46aafb|17|32293528088
53299|0x5d46aafb|18|89203250594
53299|0x45d46aafb|19|164692659296
53299|0xc5d46aafb|20|256561354903
53299|0xc5d46aafb|21|549087610459
53299|0xc5d46aafb|22|1220689405959
53299|0x4c5d46aafb|23|2093415585219
53299|0x4c5d46aafb|24|5715348927918
53301|0x21d|1|406513
53301|0x21d|2|848212
53301|0x21d|3|1689404
53301|0x8021d|4|3865217
53301|0x8021d|5|7688668
53301|0x28021d|6|15539987
53301|0x28021d|7|31136839
53301|0x28021d|8|62239185
53301|0x28021d|9|124643289
53301|0x228021d|10|248989604
53301|0x628021d|11|545514765
53301|0xe28021d|12|998196782
53301|0x1e28021d|13|1996196208
53301|0x1e28021d|14|4220830778
53301|0x5e28021d|15|7951139402
53301|0x5e28021d|16|16429858732
53301|0x5e28021d|17|31913016594
53301|0x5e28021d|18|73421875930
53301|0x45e28021d|19|126697239408
53301|0xc5e28021d|20|270270653674
53301|0x1c5e28021d|21|511399835270
53301|0x3c5e28021d|22|1157710938008
53301|0x3c5e28021d|23|2415701330581
53301|0x3c5e28021d|24|4969994707322
53303|0x1e587|1|656291
53303|0x3e587|2|1474126
53303|0x7e587|3|3020865
53303|0x7e587|4|6304164
53303|0x17e587|5|12807613
53303|0x37e587|6|25883850
53303|0x37e587|7|51781376
53303|0xb7e587|8|104264819
53303|0xb7e587|9|207598772
53303|0x2b7e587|10|417863050
53303|0x2b7e587|11|835533166
53303|0x2b7e587|12|1671395638
53303|0x2b7e587|13|3337607789
53303|0x2b7e587|14|6668590062
53303|0x2b7e587|15|13339046743
53303|0x2b7e587|16|26672129758
53303|0x2b7e587|17|53366413771
53303|0x202b7e587|18|105177083358
53303|0x602b7e587|19|210930486410
53303|0x602b7e587|20|422246960360
53303|0x602b7e587|21|842173485557
53303|0x602b7e587|22|1304063480655
53303|0x602b7e587|23|2578044063438
53303|0x8602b7e587|24|4924224760299
53305|0x1e09|1|357956
53305|0x21e09|2|914220
53305|0x21e09|3|1955021
53305|0x21e09|4|3713562
53305|0x21e09|5|7668003
53305|0x221e09|6|15494455
53305|0x221e09|7|48958083
53305|0x221e09|8|76642323
53305|0x221e09|9|159148413
53305|0x221e09|10|310541672
53305|0x221e09|11|615981953
53305|0x221e09|12|1262040922
53305|0x221e09|13|2549512189
53305|0x221e09|14|4611839951
53305|0x40221e09|15|8009343030
53305|0x40221e09|16|15975228257
53305|0x40221e09|17|31982739061
53305|0x240221e09|18|64277722946
53305|0x640221e09|19|135933243206
53305|0x640221e09|20|294646736414
53305|0x640221e09|21|450677040380
53305|0x640221e09|22|1066982866228
53305|0x640221e09|23|1982862521703
53305|0x8640221e09|24|4495498632418
53307|0x188f3|1|407808
53307|0x188f3|2|829367
53307|0x188f3|3|1726744
53307|0x188f3|4|3666326
53307|0x188f3|5|7362129
53307|0x2188f3|6|14435158
53307|0x2188f3|7|25048680
53307|0x2188f3|8|55112840
53307|0x12188f3|9|108953437
53307|0x32188f3|10|206732336
53307|0x32188f3|11|410923369
53307|0xb2188f3|12|1213352697
53307|0x1b2188f3|13|2406339942
53307|0x1b2188f3|14|4829678067
53307|0x1b2188f3|15|9701543584
53307|0x9b2188f3|16|19412661757
53307|0x19b2188f3|17|38415173138
53307|0x39b2188f3|18|68597777225
53307|0x39b2188f3|19|127942737056
53307|0x39b2188f3|20|331683355158
53307|0x39b2188f3|21|491963205002
53307|0x239b2188f3|22|1015264457912
53307|0x639b2188f3|23|2218727803936
53307|0x639b2188f3|24|4188035137038
53309|0x4715|1|366615
53309|0x24715|2|806364
53309|0x64715|3|1808432
53309|0x64715|4|3745242
53309|0x64715|5|7685115
53309|0x64715|6|15387668
53309|0x464715|7|30858205
53309|0xc64715|8|61892589
53309|0x1c64715|9|124214743
53309|0x3c64715|10|248542736
53309|0x3c64715|11|495520152
53309|0x3c64715|12|1002615740
53309|0x3c64715|13|2011380392
53309|0x3c64715|14|3969252757
53309|0x3c64715|15|7991509776
53309|0x3c64715|16|16023401770
53309|0x3c64715|17|32031223805
53309|0x203c64715|18|63199790284
53309|0x603c64715|19|128212337634
53309|0x603c64715|20|355298735169
53309|0x603c64715|21|546943707483
53309|0x603c64715|22|1078435747993
53309|0x603c64715|23|2161018965645
53309|0x8603c64715|24|4718274772556
53311|0x11fbf|1|366553
53311|0x31fbf|2|829292
53311|0x31fbf|3|1967624
53311|0x31fbf|4|3744663
53311|0x131fbf|5|7866765
53311|0x131fbf|6|15494888
53311|0x131fbf|7|30737659
53311|0x931fbf|8|62271436
53311|0x931fbf|9|122630263
53311|0x2931fbf|10|227180574
53311|0x6931fbf|11|495477041
53311|0xe931fbf|12|976422296
53311|0xe931fbf|13|1957641353
53311|0x2e931fbf|14|3795119898
53311|0x2e931fbf|15|9221633655
53311|0x2e931fbf|16|21444494632
53311|0x12e931fbf|17|37658673042
53311|0x32e931fbf|18|66480943167
53311|0x32e931fbf|19|122882642420
53311|0x32e931fbf|20|266285765600
53311|0x32e931fbf|21|515136291105
53311|0x232e931fbf|22|1038388320648
53311|0x232e931fbf|23|2076997479121
53311|0xa32e931fbf|24|4177880056742
53313|0x13fc1|1|428235
53313|0x33fc1|2|806428
53313|0x33fc1|3|1940068
53313|0x33fc1|4|3715989
53313|0x33fc1|5|7790158
53313|0x233fc1|6|15506123
53313|0x633fc1|7|31085225
53313|0x633fc1|8|62656844
53313|0x1633fc1|9|125454635
53313|0x3633fc1|10|251224361
53313|0x3633fc1|11|500540746
53313|0x3633fc1|12|996417504
53313|0x3633fc1|13|2071641210
53313|0x3633fc1|14|4002071363
53313|0x3633fc1|15|8006417982
53313|0x83633fc1|16|16020967734
53313|0x83633fc1|17|31956081653
53313|0x283633fc1|18|63474827045
53313|0x683633fc1|19|126804957333
53313|0xe83633fc1|20|252395332278
53313|0x1e83633fc1|21|507685120675
53313|0x1e83633fc1|22|1019522620824
53313|0x1e83633fc1|23|2033087576116
53313|0x9e83633fc1|24|4057495984136
53315|0x1fc6b|1|388880
53315|0x1fc6b|2|861241
53315|0x5fc6b|3|1857445
53315|0xdfc6b|4|3855737
53315|0xdfc6b|5|7896727
53315|0xdfc6b|6|15630914
53315|0x4dfc6b|7|31222922
53315|0xcdfc6b|8|62476770
53315|0x1cdfc6b|9|124718074
53315|0x3cdfc6b|10|249435649
53315|0x7cdfc6b|11|498922627
53315|0xfcdfc6b|12|948972022
53315|0xfcdfc6b|13|2003768697
53315|0xfcdfc6b|14|4045816810
53315|0xfcdfc6b|15|7976547687
53315|0x8fcdfc6b|16|16031764701
53315|0x18fcdfc6b|17|31762090997
53315|0x18fcdfc6b|18|62959349353
53315|0x18fcdfc6b|19|127225722661
53315|0x18fcdfc6b|20|245815487032
53315|0x18fcdfc6b|21|504647190946
53315|0x18fcdfc6b|22|1014878652939
53315|0x418fcdfc6b|23|2058713147568
53315|0x418fcdfc6b|24|4064799056995
53317|0x1c28d|1|442321
53317|0x1c28d|2|829012
53317|0x5c28d|3|1771140
53317|0x5c28d|4|3864579
53317|0x5c28d|5|7823343
53317|0x25c28d|6|15610949
53317|0x65c28d|7|31136626
53317|0xe5c28d|8|62232117
53317|0xe5c28d|9|124875430
53317|0xe5c28d|10|250501123
53317|0x4e5c28d|11|499159752
53317|0x4e5c28d|12|1002343855
53317|0x4e5c28d|13|2051647505
53317|0x4e5c28d|14|4002589359
53317|0x4e5c28d|15|8047740169
53317|0x4e5c28d|16|16897454429
53317|0x4e5c28d|17|32017997573
53317|0x4e5c28d|18|63865941656
53317|0x404e5c28d|19|126559931194
53317|0x404e5c28d|20|265734251966
53317|0x1404e5c28d|21|510674521561
53317|0x3404e5c28d|22|1146096068502
53317|0x3404e5c28d|23|2122368827311
53317|0x3404e5c28d|24|4141945602618
53319|0x1d977|1|448032
53319|0x1d977|2|829031
53319|0x5d977|3|1969331
53319|0x5d977|4|3708324
53319|0x15d977|5|7822730
53319|0x15d977|6|15471971
53319|0x55d977|7|30906647
53319|0xd5d977|8|62158816
53319|0xd5d977|9|123700299
53319|0xd5d977|10|248614935
53319|0x4d5d977|11|500144326
53319|0xcd5d977|12|1006424719
53319|0x1cd5d977|13|2036365367
53319|0x1cd5d977|14|4014590695
53319|0x5cd5d977|15|8031107485
53319|0xdcd5d977|16|15707685826
53319|0x1dcd5d977|17|31332562698
53319|0x3dcd5d977|18|63624114664
53319|0x3dcd5d977|19|193285276739
53319|0x3dcd5d977|20|253106563526
53319|0x3dcd5d977|21|572511375895
53319|0x3dcd5d977|22|1086656967632
53319|0x3dcd5d977|23|2417014991105
53319|0x83dcd5d977|24|4903757645599
53321|0x21f9|1|412264
53321|0x21f9|2|2052875
53321|0x421f9|3|1725544
53321|0xc21f9|4|3873498
53321|0x1c21f9|5|7816132
53321|0x3c21f9|6|15636263
53321|0x7c21f9|7|31303854
53321|0x7c21f9|8|62282046
53321|0x17c21f9|9|125435215
53321|0x17c21f9|10|312175469
53321|0x17c21f9|11|630841576
53321|0x97c21f9|12|1537987953
53321|0x197c21f9|13|2597081397
53321|0x397c21f9|14|5697030085
53321|0x797c21f9|15|10822320692
53321|0xf97c21f9|16|18087001790
53321|0xf97c21f9|17|34447257823
53321|0xf97c21f9|18|70104824669
53321|0x4f97c21f9|19|120240752468
53321|0x4f97c21f9|20|282518221384
53321|0x4f97c21f9|21|477177534138
53321|0x24f97c21f9|22|1113220715288
53321|0x64f97c21f9|23|1933701340164
53321|0xe4f97c21f9|24|4128688952322
53323|0x7963|1|458563
53323|0x7963|2|924564
53323|0x47963|3|1714128
53323|0x47963|4|3853014
53323|0x147963|5|7512797
53323|0x347963|6|15492195
53323|0x347963|7|31125313
53323|0x347963|8|61511660
53323|0x347963|9|124070139
53323|0x2347963|10|248726741
53323|0x2347963|11|498104600
53323|0xa347963|12|1024141813
53323|0xa347963|13|1988177705
53323|0x2a347963|14|3791426377
53323|0x2a347963|15|7124418032
53323|0x2a347963|16|15447269319
53323|0x12a347963|17|28349883486
53323|0x32a347963|18|57528646220
53323|0x32a347963|19|118620924374
53323|0xb2a347963|20|246965370133
53323|0x1b2a347963|21|484307178197
53323|0x1b2a347963|22|973134682482
53323|0x5b2a347963|23|2063202853379
53323|0x5b2a347963|24|4421203795223
53325|0xe885|1|707607
53325|0x2e885|2|3301710
53325|0x6e885|3|3015800
53325|0x6e885|4|6334841
53325|0x6e885|5|12838912
53325|0x6e885|6|22078777
53325|0x6e885|7|29616054
53325|0x6e885|8|59154760
53325|0x106e885|9|155824842
53325|0x106e885|10|371921610
53325|0x506e885|11|581054399
53325|0x506e885|12|1196622855
53325|0x506e885|13|2748087635
53325|0x2506e885|14|6106525902
53325|0x6506e885|15|8520616581
53325|0x6506e885|16|15783964958
53325|0x6506e885|17|29324789224
53325|0x6506e885|18|67284459856
53325|0x46506e885|19|153427561004
53325|0xc6506e885|20|252733162558
53325|0x1c6506e885|21|562119007905
53325|0x3c6506e885|22|1150629188893
53325|0x7c6506e885|23|2373391901917
53325|0xfc6506e885|24|4474368952751
53327|0x46af|1|238463
53327|0x46af|2|566555
53327|0x446af|3|1428186
53327|0x446af|4|3527821
53327|0x446af|5|7229088
53327|0x446af|6|14690063
53327|0x4446af|7|25848419
53327|0xc446af|8|47132925
53327|0xc446af|9|102297643
53327|0x2c446af|10|208688585
53327|0x6c446af|11|412038693
53327|0x6c446af|12|1116497954
53327|0x16c446af|13|2585162325
53327|0x16c446af|14|5282221393
53327|0x16c446af|15|11003363936
53327|0x96c446af|16|17586272770
53327|0x96c446af|17|35208899791
53327|0x296c446af|18|68487766666
53327|0x696c446af|19|121140988429
53327|0xe96c446af|20|232833103947
53327|0xe96c446af|21|586004325800
53327|0xe96c446af|22|1161368895672
53327|0xe96c446af|23|2260858083605
53327|0xe96c446af|24|4278830386070
53329|0x78b1|1|425256
53329|0x278b1|2|1874038
53329|0x278b1|3|1888214
53329|0xa78b1|4|3676332
53329|0xa78b1|5|7703958
53329|0x2a78b1|6|15453910
53329|0x2a78b1|7|30846234
53329|0xaa78b1|8|62148304
53329|0xaa78b1|9|124573197
53329|0xaa78b1|10|242315419
53329|0xaa78b1|11|482810939
53329|0x8aa78b1|12|993023502
53329|0x8aa78b1|13|1951455364
53329|0x8aa78b1|14|3748255563
53329|0x48aa78b1|15|7427398520
53329|0xc8aa78b1|16|15680247098
53329|0xc8aa78b1|17|30938401551
53329|0x2c8aa78b1|18|58545297604
53329|0x6c8aa78b1|19|161646159398
53329|0x6c8aa78b1|20|254736312510
53329|0x16c8aa78b1|21|526521553306
53329|0x16c8aa78b1|22|1099544386654
53329|0x56c8aa78b1|23|2145324277642
53329|0xd6c8aa78b1|24|4585749069947
53331|0x1f3db|1|472710
53331|0x1f3db|2|917148
53331|0x5f3db|3|1903738
53331|0x5f3db|4|3768213
53331|0x15f3db|5|7677584
53331|0x15f3db|6|15639336
53331|0x55f3db|7|31377310
53331|0x55f3db|8|62727882
53331|0x55f3db|9|124867146
53331|0x255f3db|10|287549733
53331|0x255f3db|11|654789816
53331|0xa55f3db|12|1254490299
53331|0x1a55f3db|13|2489384038
53331|0x3a55f3db|14|5114366449
53331|0x7a55f3db|15|7836876496
53331|0xfa55f3db|16|14999426269
53331|0x1fa55f3db|17|31135032508
53331|0x3fa55f3db|18|55878364122
53331|0x3fa55f3db|19|150605606571
53331|0x3fa55f3db|20|261043888317
53331|0x13fa55f3db|21|556186582057
53331|0x33fa55f3db|22|1106014791327
53331|0x73fa55f3db|23|2269244507184
53331|0x73fa55f3db|24|4498925101315
53333|0x1acfd|1|638400
53333|0x1acfd|2|1440758
53333|0x5acfd|3|2280384
53333|0x5acfd|4|4421351
53333|0x15acfd|5|8859874
53333|0x15acfd|6|25557004
53333|0x55acfd|7|46704738
53333|0x55acfd|8|103945899
53333|0x155acfd|9|194420847
53333|0x355acfd|10|381547457
53333|0x355acfd|11|733326996
53333|0xb55acfd|12|1185505420
53333|0xb55acfd|13|2303933143
53333|0x2b55acfd|14|4056396687
53333|0x2b55acfd|15|7475186355
53333|0x2b55acfd|16|13948379032
53333|0x2b55acfd|17|37922088887
53333|0x2b55acfd|18|73079134243
53333|0x42b55acfd|19|193546457746
53333|0xc2b55acfd|20|279630615179
53333|0xc2b55acfd|21|586193597097
53333|0xc2b55acfd|22|1080999887372
53333|0x4c2b55acfd|23|2182954334432
53333|0xcc2b55acfd|24|4572690653871
53335|0x11b67|1|367964
53335|0x11b67|2|831071
53335|0x51b67|3|1695655
53335|0x51b67|4|3554241
53335|0x51b67|5|7475944
53335|0x51b67|6|14905984
53335|0x51b67|7|51990781
53335|0x51b67|8|103970197
53335|0x51b67|9|130837203
53335|0x51b67|10|303182062
53335|0x51b67|11|408209062
53335|0x8051b67|12|760837512
53335|0x8051b67|13|1494980553
53335|0x28051b67|14|4344758443
53335|0x68051b67|15|9484088520
53335|0xe8051b67|16|19601901203
53335|0x1e8051b67|17|28016419229
53335|0x3e8051b67|18|58946953850
53335|0x3e8051b67|19|114643231222
53335|0xbe8051b67|20|260034153169
53335|0x1be8051b67|21|530832596375
53335|0x1be8051b67|22|1123422550887
53335|0x1be8051b67|23|2215278218327
53335|0x1be8051b67|24|4378038749603
53337|0x177e9|1|660370
53337|0x177e9|2|3479282
53337|0x177e9|3|3141650
53337|0x177e9|4|6419894
53337|0x1177e9|5|12931491
53337|0x1177e9|6|27123158
53337|0x1177e9|7|51903621
53337|0x9177e9|8|81702322
53337|0x9177e9|9|161206442
53337|0x9177e9|10|325196681
53337|0x49177e9|11|598713077
53337|0xc9177e9|12|1193081730
53337|0x1c9177e9|13|2542738078
53337|0x3c9177e9|14|3804207420
53337|0x7c9177e9|15|7090456476
53337|0xfc9177e9|16|19402766140
53337|0xfc9177e9|17|35423210575
53337|0x2fc9177e9|18|62496189146
53337|0x2fc9177e9|19|114699943069
53337|0x2fc9177e9|20|228571270058
53337|0x2fc9177e9|21|490256897881
53337|0x2fc9177e9|22|972740101287
53337|0x42fc9177e9|23|2256700152320
53337|0xc2fc9177e9|24|3992548162148
53339|0x1dfd3|1|420727
53339|0x3dfd3|2|942217
53339|0x7dfd3|3|1842108
53339|0xfdfd3|4|3814247
53339|0xfdfd3|5|7609492
53339|0xfdfd3|6|15487147
53339|0xfdfd3|7|22673300
53339|0x8fdfd3|8|54082641
53339|0x18fdfd3|9|108346824
53339|0x18fdfd3|10|208260733
53339|0x58fdfd3|11|440019658
53339|0x58fdfd3|12|956795176
53339|0x58fdfd3|13|1961422685
53339|0x258fdfd3|14|3908425392
53339|0x658fdfd3|15|7163369431
53339|0x658fdfd3|16|14879362172
53339|0x1658fdfd3|17|28062692903
53339|0x1658fdfd3|18|57734164513
53339|0x5658fdfd3|19|115392863977
53339|0x5658fdfd3|20|236907560658
53339|0x15658fdfd3|21|511118020928
53339|0x35658fdfd3|22|1092101980535
53339|0x35658fdfd3|23|2264790488785
53339|0xb5658fdfd3|24|3950376924219
53341|0x183f5|1|407896
53341|0x183f5|2|2090195
53341|0x583f5|3|1691861
53341|0xd83f5|4|3843151
53341|0xd83f5|5|7584059
53341|0x2d83f5|6|15538011
53341|0x6d83f5|7|30961897
53341|0x6d83f5|8|62327577
53341|0x16d83f5|9|121978350
53341|0x16d83f5|10|249516092
53341|0x16d83f5|11|476916451
53341|0x16d83f5|12|991951075
53341|0x16d83f5|13|1987719476
53341|0x16d83f5|14|3889744265
53341|0x16d83f5|15|7691831776
53341|0x816d83f5|16|13770378971
53341|0x816d83f5|17|28768127116
53341|0x816d83f5|18|62189737930
53341|0x816d83f5|19|113040543843
53341|0x8816d83f5|20|254970948382
53341|0x8816d83f5|21|471682234550
53341|0x8816d83f5|22|973930897808
53341|0x48816d83f5|23|1987314029575
53341|0xc8816d83f5|24|3934814865788
53343|0x18b9f|1|272351
53343|0x18b9f|2|562449
53343|0x58b9f|3|1203780
53343|0x58b9f|4|2677214
53343|0x58b9f|5|5291223
53343|0x58b9f|6|12646202
53343|0x58b9f|7|31151407
53343|0x858b9f|8|58675408
53343|0x1858b9f|9|109227273
53343|0x3858b9f|10|225188956
53343|0x3858b9f|11|425967332
53343|0x3858b9f|12|972941744
53343|0x13858b9f|13|1798969915
53343|0x13858b9f|14|3583148461
53343|0x53858b9f|15|7875755994
53343|0xd3858b9f|16|14062765559
53343|0x1d3858b9f|17|29077611598
53343|0x3d3858b9f|18|57992746969
53343|0x3d3858b9f|19|116187477348
53343|0xbd3858b9f|20|237409193856
53343|0xbd3858b9f|21|481398540146
53343|0xbd3858b9f|22|973414865253
53343|0x4bd3858b9f|23|1972298092923
53343|0x4bd3858b9f|24|4269600291873
53345|0x1d3a1|1|398759
53345|0x1d3a1|2|924236
53345|0x5d3a1|3|1943555
53345|0xdd3a1|4|3738555
53345|0x1dd3a1|5|7681900
53345|0x1dd3a1|6|15494609
53345|0x5dd3a1|7|31072865
53345|0xddd3a1|8|62283605
53345|0xddd3a1|9|125593820
53345|0xddd3a1|10|201061739
53345|0xddd3a1|11|401069673
53345|0xddd3a1|12|1016076137
53345|0x10ddd3a1|13|2481924583
53345|0x30ddd3a1|14|5330485124
53345|0x70ddd3a1|15|9755697848
53345|0x70ddd3a1|16|14969891060
53345|0x170ddd3a1|17|30171700479
53345|0x170ddd3a1|18|75742365458
53345|0x170ddd3a1|19|131627581661
53345|0x170ddd3a1|20|240154822457
53345|0x170ddd3a1|21|496434301108
53345|0x170ddd3a1|22|1064251251666
53345|0x4170ddd3a1|23|2235892451810
53345|0xc170ddd3a1|24|4371615095413
53347|0x314b|1|360533
53347|0x314b|2|807027
53347|0x314b|3|1790102
53347|0x314b|4|3748132
53347|0x314b|5|7736943
53347|0x20314b|6|15440309
53347|0x20314b|7|30986780
53347|0xa0314b|8|61772250
53347|0xa0314b|9|124162097
53347|0x2a0314b|10|240487743
53347|0x6a0314b|11|496058824
53347|0xea0314b|12|990902235
53347|0x1ea0314b|13|1990076921
53347|0x1ea0314b|14|3957470230
53347|0x1ea0314b|15|7928785505
53347|0x1ea0314b|16|15779282897
53347|0x1ea0314b|17|38753709546
53347|0x21ea0314b|18|56125393800
53347|0x61ea0314b|19|120700940483
53347|0x61ea0314b|20|258931202752
53347|0x61ea0314b|21|488453373604
53347|0x61ea0314b|22|1099286293733
53347|0x461ea0314b|23|2231126291585
53347|0x461ea0314b|24|4300857861051
53349|0x1616d|1|418430
53349|0x1616d|2|1943510
53349|0x5616d|3|1865254
53349|0xd616d|4|3778813
53349|0x1d616d|5|7764017
53349|0x1d616d|6|15432396
53349|0x5d616d|7|30772268
53349|0x5d616d|8|62242638
53349|0x5d616d|9|123817140
53349|0x5d616d|10|257032280
53349|0x45d616d|11|448089830
53349|0xc5d616d|12|859224642
53349|0xc5d616d|13|1688453064
53349|0xc5d616d|14|3392312999
53349|0x4c5d616d|15|7252000636
53349|0x4c5d616d|16|15095248632
53349|0x4c5d616d|17|29052467892
53349|0x24c5d616d|18|58158989727
53349|0x64c5d616d|19|142673192731
53349|0xe4c5d616d|20|248937807438
53349|0x1e4c5d616d|21|490627799197
53349|0x1e4c5d616d|22|1054871928977
53349|0x1e4c5d616d|23|2004179994452
53349|0x1e4c5d616d|24|4328184193309
53351|0x14b57|1|435198
53351|0x14b57|2|919447
53351|0x54b57|3|1748869
53351|0xd4b57|4|3567062
53351|0x1d4b57|5|7200193
53351|0x1d4b57|6|10327415
53351|0x1d4b57|7|28746069
53351|0x1d4b57|8|51115389
53351|0x11d4b57|9|111293075
53351|0x11d4b57|10|196035366
53351|0x11d4b57|11|486232272
53351|0x11d4b57|12|941159409
53351|0x11d4b57|13|1650690896
53351|0x11d4b57|14|3867959743
53351|0x411d4b57|15|6836088019
53351|0x411d4b57|16|15795209922
53351|0x411d4b57|17|40875483021
53351|0x2411d4b57|18|75436771773
53351|0x2411d4b57|19|166602587453
53351|0x2411d4b57|20|238256847504
53351|0x12411d4b57|21|496197391787
53351|0x12411d4b57|22|965999125190
53351|0x52411d4b57|23|1933315529234
53351|0x52411d4b57|24|4114745392136
53353|0x1bfd9|1|394084
53353|0x1bfd9|2|2203347
53353|0x1bfd9|3|1840933
53353|0x9bfd9|4|3937993
53353|0x9bfd9|5|7721097
53353|0x29bfd9|6|15633517
53353|0x29bfd9|7|31179047
53353|0x29bfd9|8|97674822
53353|0x129bfd9|9|153989012
53353|0x329bfd9|10|286074691
53353|0x329bfd9|11|631574914
53353|0xb29bfd9|12|1313246350
53353|0xb29bfd9|13|2441096927
53353|0xb29bfd9|14|5103628389
53353|0xb29bfd9|15|8268505080
53353|0x8b29bfd9|16|17343663684
53353|0x18b29bfd9|17|34625485963
53353|0x18b29bfd9|18|60985156051
53353|0x58b29bfd9|19|141278175665
53353|0xd8b29bfd9|20|285800538774
53353|0xd8b29bfd9|21|563631106454
53353|0x2d8b29bfd9|22|1209691398506
53353|0x6d8b29bfd9|23|2354142304458
53353|0x6d8b29bfd9|24|4391245467221
53355|0x15c43|1|272184
53355|0x15c43|2|531225
53355|0x15c43|3|1695778
53355|0x95c43|4|3528630
53355|0x95c43|5|7459236
53355|0x295c43|6|14784582
53355|0x695c43|7|29370987
53355|0x695c43|8|50909562
53355|0x1695c43|9|91452288
53355|0x3695c43|10|206473177
53355|0x3695c43|11|405267049
53355|0xb695c43|12|835731657
53355|0xb695c43|13|1504194892
53355|0x2b695c43|14|4264980041
53355|0x6b695c43|15|10292193554
53355|0xeb695c43|16|15619514072
53355|0xeb695c43|17|28325911272
53355|0xeb695c43|18|55660026628
53355|0xeb695c43|19|116832951443
53355|0x8eb695c43|20|248287035926
53355|0x8eb695c43|21|507448848759
53355|0x8eb695c43|22|1096876784835
53355|0x8eb695c43|23|2253110518598
53355|0x8eb695c43|24|4291876674404
53357|0x1b965|1|367778
53357|0x3b965|2|847718
53357|0x3b965|3|1869943
53357|0xbb965|4|3794479
53357|0xbb965|5|7929199
53357|0x2bb965|6|15609060
53357|0x6bb965|7|31272897
53357|0xebb965|8|62627112
53357|0x1ebb965|9|125770508
53357|0x1ebb965|10|249934017
53357|0x1ebb965|11|500364643
53357|0x9ebb965|12|1010127306
53357|0x9ebb965|13|1926012660
53357|0x9ebb965|14|3500587440
53357|0x49ebb965|15|7948369678
53357|0x49ebb965|16|13620629946
53357|0x149ebb965|17|29479159202
53357|0x149ebb965|18|57282438209
53357|0x549ebb965|19|125181064672
53357|0x549ebb965|20|244152025942
53357|0x1549ebb965|21|470184320009
53357|0x3549ebb965|22|1086951685275
53357|0x7549ebb965|23|2304758781538
53357|0x7549ebb965|24|4248085308796
53359|0x8e8f|1|406453
53359|0x28e8f|2|916940
53359|0x28e8f|3|1776230
53359|0x28e8f|4|3842725
53359|0x128e8f|5|7586976
53359|0x328e8f|6|15483108
53359|0x728e8f|7|30969973
53359|0xf28e8f|8|61936430
53359|0x1f28e8f|9|124039723
53359|0x1f28e8f|10|247923222
53359|0x5f28e8f|11|498463203
53359|0xdf28e8f|12|993499470
53359|0xdf28e8f|13|1993288903
53359|0x2df28e8f|14|3977389755
53359|0x2df28e8f|15|7347655046
53359|0x2df28e8f|16|15019023609
53359|0x12df28e8f|17|37055289508
53359|0x12df28e8f|18|54742981497
53359|0x12df28e8f|19|113631685349
53359|0x92df28e8f|20|242511086046
53359|0x192df28e8f|21|498143331406
53359|0x192df28e8f|22|972128500744
53359|0x592df28e8f|23|2199697928384
53359|0x592df28e8f|24|3928616087506
53361|0xf091|1|317741
53361|0xf091|2|582875
53361|0xf091|3|1203912
53361|0xf091|4|2482722
53361|0xf091|5|4960312
53361|0x20f091|6|13784737
53361|0x20f091|7|21679081
53361|0x20f091|8|45557442
53361|0x20f091|9|94872314
53361|0x220f091|10|200476066
53361|0x620f091|11|429103242
53361|0xe20f091|12|851792159
53361|0xe20f091|13|1662507614
53361|0xe20f091|14|3186235982
53361|0xe20f091|15|6264250486
53361|0xe20f091|16|18824739466
53361|0x10e20f091|17|36300884107
53361|0x30e20f091|18|77343727510
53361|0x70e20f091|19|126096183158
53361|0xf0e20f091|20|265748738645
53361|0xf0e20f091|21|594819687678
53361|0x2f0e20f091|22|1090921278651
53361|0x6f0e20f091|23|2142863710539
53361|0xef0e20f091|24|4224441085552
53363|0x54bb|1|431483
53363|0x254bb|2|806792
53363|0x654bb|3|1908257
53363|0x654bb|4|3669642
53363|0x1654bb|5|7798027
53363|0x3654bb|6|15431935
53363|0x7654bb|7|31056415
53363|0x7654bb|8|62199641
53363|0x7654bb|9|124341264
53363|0x27654bb|10|248466021
53363|0x27654bb|11|496470093
53363|0x27654bb|12|995054246
53363|0x27654bb|13|1987386232
53363|0x27654bb|14|3882302704
53363|0x427654bb|15|7458623326
53363|0x427654bb|16|15429868239
53363|0x427654bb|17|29229432023
53363|0x2427654bb|18|56654657909
53363|0x6427654bb|19|114746821470
53363|0x6427654bb|20|237554310926
53363|0x16427654bb|21|505757637376
53363|0x16427654bb|22|989636347885
53363|0x16427654bb|23|1939389757074
53363|0x16427654bb|24|4748145719660
53365|0x7fdd|1|422396
53365|0x27fdd|2|2233156
53365|0x27fdd|3|1750064
53365|0xa7fdd|4|3923036
53365|0x1a7fdd|5|7704736
53365|0x1a7fdd|6|15571868
53365|0x1a7fdd|7|34158472
53365|0x1a7fdd|8|95083440
53365|0x1a7fdd|9|162365309
53365|0x1a7fdd|10|303741636
53365|0x41a7fdd|11|619072494
53365|0xc1a7fdd|12|1340997334
53365|0x1c1a7fdd|13|2404909196
53365|0x3c1a7fdd|14|5208178571
53365|0x3c1a7fdd|15|10191003221
53365|0x3c1a7fdd|16|18518976589
53365|0x13c1a7fdd|17|27365233902
53365|0x33c1a7fdd|18|74188969047
53365|0x33c1a7fdd|19|157111454885
53365|0x33c1a7fdd|20|304656480042
53365|0x133c1a7fdd|21|585516929417
53365|0x333c1a7fdd|22|1150366223768
53365|0x733c1a7fdd|23|2200085664984
53365|0xf33c1a7fdd|24|4693463797104
53367|0x947|1|665332
53367|0x20947|2|1486208
53367|0x60947|3|3050858
53367|0xe0947|4|6234311
53367|0x1e0947|5|12842950
53367|0x1e0947|6|25917806
53367|0x1e0947|7|52185427
53367|0x9e0947|8|103939510
53367|0x19e0947|9|208048258
53367|0x19e0947|10|416183596
53367|0x19e0947|11|842096918
53367|0x99e0947|12|1664794776
53367|0x99e0947|13|2076420457
53367|0x299e0947|14|3332385561
53367|0x699e0947|15|6900662586
53367|0xe99e0947|16|14284120697
53367|0x1e99e0947|17|27170048960
53367|0x1e99e0947|18|58596803051
53367|0x5e99e0947|19|156006925634
53367|0x5e99e0947|20|233554658331
53367|0x15e99e0947|21|586131214348
53367|0x15e99e0947|22|970700068759
53367|0x15e99e0947|23|2112890755996
53367|0x15e99e0947|24|4649338262859
53369|0x99c9|1|713945
53369|0x99c9|2|1440818
53369|0x499c9|3|3078294
53369|0x499c9|4|6291331
53369|0x499c9|5|9719252
53369|0x2499c9|6|15688577
53369|0x6499c9|7|31050448
53369|0xe499c9|8|79912052
53369|0x1e499c9|9|147333999
53369|0x3e499c9|10|301582901
53369|0x7e499c9|11|667954851
53369|0xfe499c9|12|1269271365
53369|0xfe499c9|13|2493075065
53369|0xfe499c9|14|5152404532
53369|0x4fe499c9|15|7397046921
53369|0xcfe499c9|16|15321059682
53369|0xcfe499c9|17|35744565544
53369|0xcfe499c9|18|84053482053
53369|0x4cfe499c9|19|167542485469
53369|0x4cfe499c9|20|287235272200
53369|0x14cfe499c9|21|598400726245
53369|0x14cfe499c9|22|1153111842109
53369|0x54cfe499c9|23|2127500912249
53369|0x54cfe499c9|24|4272909006054
53371|0x8eb3|1|697873
53371|0x28eb3|2|1440530
53371|0x68eb3|3|3049397
53371|0xe8eb3|4|6287165
53371|0x1e8eb3|5|24825119
53371|0x3e8eb3|6|25876209
53371|0x3e8eb3|7|51859502
53371|0x3e8eb3|8|103888770
53371|0x3e8eb3|9|207831735
53371|0x23e8eb3|10|416078469
53371|0x23e8eb3|11|832040181
53371|0xa3e8eb3|12|1663118652
53371|0xa3e8eb3|13|2038732680
53371|0xa3e8eb3|14|4370637130
53371|0x4a3e8eb3|15|11573965315
53371|0xca3e8eb3|16|26706980797
53371|0xca3e8eb3|17|37898990988
53371|0xca3e8eb3|18|63919863055
53371|0x4ca3e8eb3|19|122836068873
53371|0x4ca3e8eb3|20|316176977374
53371|0x4ca3e8eb3|21|527943685287
53371|0x24ca3e8eb3|22|1120139492698
53371|0x24ca3e8eb3|23|2328739591274
53371|0x24ca3e8eb3|24|4566817090147
53373|0x128d5|1|655163
53373|0x328d5|2|1440596
53373|0x328d5|3|3061406
53373|0xb28d5|4|6332918
53373|0xb28d5|5|12767932
53373|0x2b28d5|6|18631645
53373|0x6b28d5|7|52168171
53373|0xeb28d5|8|104537333
53373|0xeb28d5|9|201117236
53373|0xeb28d5|10|364939117
53373|0x4eb28d5|11|765942371
53373|0xceb28d5|12|1492097724
53373|0xceb28d5|13|2581564249
53373|0x2ceb28d5|14|5309822448
53373|0x2ceb28d5|15|6832622315
53373|0x2ceb28d5|16|16143182609
53373|0x12ceb28d5|17|33961336633
53373|0x32ceb28d5|18|76564907166
53373|0x72ceb28d5|19|126168835995
53373|0x72ceb28d5|20|252401657311
53373|0x72ceb28d5|21|501004849505
53373|0x72ceb28d5|22|1023179062903
53373|0x72ceb28d5|23|1945791787506
53373|0x72ceb28d5|24|3838040121444
53375|0xef7f|1|239942
53375|0x2ef7f|2|509021
53375|0x6ef7f|3|1203887
53375|0xeef7f|4|3300732
53375|0xeef7f|5|7517208
53375|0xeef7f|6|12612848
53375|0xeef7f|7|28424554
53375|0xeef7f|8|55964102
53375|0xeef7f|9|109018594
53375|0x20eef7f|10|221383996
53375|0x20eef7f|11|437804508
53375|0xa0eef7f|12|897550572
53375|0xa0eef7f|13|1983565579
53375|0x2a0eef7f|14|3634755070
53375|0x2a0eef7f|15|7252759118
53375|0x2a0eef7f|16|14394522894
53375|0x12a0eef7f|17|27973162239
53375|0x12a0eef7f|18|56979222153
53375|0x12a0eef7f|19|114121528508
53375|0x12a0eef7f|20|239975828107
53375|0x12a0eef7f|21|464477073062
53375|0x12a0eef7f|22|1036351934480
53375|0x412a0eef7f|23|2247823203913
53375|0xc12a0eef7f|24|4175862495071
53377|0x16f81|1|357661
53377|0x36f81|2|806877
53377|0x76f81|3|1876619
53377|0xf6f81|4|3717310
53377|0xf6f81|5|7815341
53377|0x2f6f81|6|15410175
53377|0x2f6f81|7|30853897
53377|0xaf6f81|8|62393024
53377|0x1af6f81|9|124627547
53377|0x1af6f81|10|256382838
53377|0x5af6f81|11|447461385
53377|0xdaf6f81|12|854081269
53377|0x1daf6f81|13|1799901798
53377|0x1daf6f81|14|3576021273
53377|0x1daf6f81|15|7570865591
53377|0x9daf6f81|16|14563566769
53377|0x9daf6f81|17|27795966222
53377|0x29daf6f81|18|58560522024
53377|0x29daf6f81|19|132425159742
53377|0x29daf6f81|20|238440575188
53377|0x129daf6f81|21|526645118375
53377|0x129daf6f81|22|1083939685191
53377|0x129daf6f81|23|2277914408893
53377|0x929daf6f81|24|4013755176202
53379|0x1fe2b|1|414636
53379|0x1fe2b|2|871674
53379|0x1fe2b|3|1696181
53379|0x9fe2b|4|3860477
53379|0x9fe2b|5|7534027
53379|0x29fe2b|6|15450754
53379|0x29fe2b|7|31003268
53379|0x29fe2b|8|55488135
53379|0x29fe2b|9|124176184
53379|0x29fe2b|10|226560079
53379|0x429fe2b|11|412965069
53379|0x429fe2b|12|840924560
53379|0x429fe2b|13|1810976946
53379|0x429fe2b|14|3615790528
53379|0x4429fe2b|15|7115736309
53379|0x4429fe2b|16|14293083117
53379|0x14429fe2b|17|28168850778
53379|0x14429fe2b|18|57373749107
53379|0x14429fe2b|19|113922846243
53379|0x94429fe2b|20|248208001806
53379|0x94429fe2b|21|515433481964
53379|0x294429fe2b|22|1001036450039
53379|0x294429fe2b|23|2251702206390
53379|0xa94429fe2b|24|4376011898820
53381|0xa84d|1|421709
53381|0x2a84d|2|965811
53381|0x2a84d|3|1819201
53381|0x2a84d|4|3559539
53381|0x2a84d|5|7470754
53381|0x22a84d|6|14855536
53381|0x62a84d|7|29848495
53381|0x62a84d|8|59810238
53381|0x62a84d|9|119383255
53381|0x62a84d|10|237511921
53381|0x462a84d|11|475255161
53381|0x462a84d|12|950748719
53381|0x1462a84d|13|1910607868
53381|0x1462a84d|14|3809757701
53381|0x5462a84d|15|7685386076
53381|0x5462a84d|16|15091935829
53381|0x5462a84d|17|28511366174
53381|0x5462a84d|18|77546053134
53381|0x45462a84d|19|178307800199
53381|0x45462a84d|20|286817795165
53381|0x145462a84d|21|582431908573
53381|0x345462a84d|22|1185832373526
53381|0x745462a84d|23|2281032449224
53381|0x745462a84d|24|4338677914170
53383|0xf537|1|359791
53383|0x2f537|2|806788
53383|0x6f537|3|1691852
53383|0xef537|4|3540979
53383|0xef537|5|9159188
53383|0x2ef537|6|26005662
53383|0x2ef537|7|52193568
53383|0x2ef537|8|69618222
53383|0x2ef537|9|115808208
53383|0x2ef537|10|284973213
53383|0x2ef537|11|588766295
53383|0x2ef537|12|1134624265
53383|0x2ef537|13|1604695025
53383|0x2ef537|14|4442343205
53383|0x402ef537|15|10619224731
53383|0x402ef537|16|13769098990
53383|0x402ef537|17|41022083655
53383|0x402ef537|18|73308426019
53383|0x402ef537|19|148455079428
53383|0x8402ef537|20|281209554201
53383|0x8402ef537|21|593977657897
53383|0x8402ef537|22|1152698411701
53383|0x8402ef537|23|2277114822187
53383|0x88402ef537|24|4430359644784
53385|0x1a5b9|1|240832
53385|0x1a5b9|2|508946
53385|0x1a5b9|3|1223302
53385|0x9a5b9|4|2444625
53385|0x19a5b9|5|4936559
53385|0x39a5b9|6|14435318
53385|0x39a5b9|7|28983667
53385|0xb9a5b9|8|49760011
53385|0xb9a5b9|9|97267294
53385|0x2b9a5b9|10|207648632
53385|0x6b9a5b9|11|427098766
53385|0x6b9a5b9|12|781085000
53385|0x16b9a5b9|13|1673955470
53385|0x16b9a5b9|14|4462832561
53385|0x16b9a5b9|15|11432551390
53385|0x16b9a5b9|16|19238664321
53385|0x116b9a5b9|17|37478465005
53385|0x116b9a5b9|18|57405976805
53385|0x516b9a5b9|19|119612227802
53385|0x516b9a5b9|20|229613540316
53385|0x1516b9a5b9|21|519029204334
53385|0x1516b9a5b9|22|937496876231
53385|0x5516b9a5b9|23|1976290404188
53385|0x5516b9a5b9|24|3909743513095
53387|0x11723|1|409990
53387|0x11723|2|908906
53387|0x51723|3|2197420
53387|0x51723|4|4428243
53387|0x151723|5|8856466
53387|0x151723|6|21505546
53387|0x551723|7|41842490
53387|0x551723|8|85997905
53387|0x1551723|9|182405389
53387|0x1551723|10|341963423
53387|0x5551723|11|704321295
53387|0xd551723|12|1343118128
53387|0xd551723|13|2674148876
53387|0x2d551723|14|4112222847
53387|0x6d551723|15|6816017396
53387|0xed551723|16|19981427946
53387|0xed551723|17|31376373342
53387|0x2ed551723|18|68847077706
53387|0x6ed551723|19|161771508574
53387|0xeed551723|20|236144838285
53387|0x1eed551723|21|561863983393
53387|0x3eed551723|22|1019806948617
53387|0x3eed551723|23|2047542587018
53387|0x3eed551723|24|4272879044387
53389|0x17245|1|417013
53389|0x17245|2|918603
53389|0x57245|3|1952357
53389|0xd7245|4|3686551
53389|0xd7245|5|7732272
53389|0xd7245|6|15480362
53389|0x4d7245|7|31031432
53389|0xcd7245|8|61932884
53389|0xcd7245|9|124403106
53389|0x2cd7245|10|251241230
53389|0x2cd7245|11|497932527
53389|0xacd7245|12|992228632
53389|0xacd7245|13|1980841575
53389|0x2acd7245|14|3985662029
53389|0x2acd7245|15|6727772345
53389|0xaacd7245|16|13767174675
53389|0x1aacd7245|17|29717189168
53389|0x3aacd7245|18|60530522071
53389|0x7aacd7245|19|113293457288
53389|0x7aacd7245|20|280979195623
53389|0x7aacd7245|21|567346900238
53389|0x7aacd7245|22|1122573764884
53389|0x7aacd7245|23|1852461217404
53389|0x7aacd7245|24|4333858748231
53391|0x4e6f|1|416986
53391|0x24e6f|2|2044908
53391|0x64e6f|3|1726185
53391|0x64e6f|4|3855166
53391|0x64e6f|5|7489978
53391|0x64e6f|6|15403621
53391|0x464e6f|7|30995978
53391|0x464e6f|8|62280622
53391|0x1464e6f|9|107839859
53391|0x3464e6f|10|248124658
53391|0x7464e6f|11|493728708
53391|0x7464e6f|12|993946085
53391|0x17464e6f|13|1987146065
53391|0x37464e6f|14|3959737237
53391|0x37464e6f|15|7607335059
53391|0x37464e6f|16|15709905378
53391|0x37464e6f|17|29389659547
53391|0x37464e6f|18|57414586731
53391|0x37464e6f|19|132847330949
53391|0x837464e6f|20|254937462994
53391|0x837464e6f|21|464418895760
53391|0x837464e6f|22|961761890567
53391|0x837464e6f|23|1865172530538
53391|0x8837464e6f|24|3761840539559
53393|0xf071|1|431926
53393|0xf071|2|2014504
53393|0x4f071|3|1692148
53393|0xcf071|4|3857422
53393|0x1cf071|5|7536332
53393|0x1cf071|6|13324498
53393|0x5cf071|7|27613907
53393|0x5cf071|8|53524287
53393|0x5cf071|9|126995370
53393|0x5cf071|10|220134276
53393|0x5cf071|11|440861082
53393|0x85cf071|12|863711587
53393|0x85cf071|13|1986927689
53393|0x85cf071|14|3963424243
53393|0x485cf071|15|7902850089
53393|0xc85cf071|16|13974559282
53393|0x1c85cf071|17|27502388355
53393|0x3c85cf071|18|55623181337
53393|0x3c85cf071|19|115777743319
53393|0x3c85cf071|20|227291730262
53393|0x13c85cf071|21|470084757646
53393|0x13c85cf071|22|949164240136
53393|0x13c85cf071|23|2030930531032
53393|0x13c85cf071|24|3781278933592
53395|0xcd9b|1|270237
53395|0xcd9b|2|576539
53395|0x4cd9b|3|1855100
53395|0x4cd9b|4|3687651
53395|0x14cd9b|5|7619064
53395|0x14cd9b|6|15446289
53395|0x14cd9b|7|25740317
53395|0x14cd9b|8|59828193
53395|0x114cd9b|9|111797116
53395|0x314cd9b|10|236790889
53395|0x714cd9b|11|418673211
53395|0xf14cd9b|12|882126550
53395|0x1f14cd9b|13|1663265577
53395|0x1f14cd9b|14|3441644002
53395|0x5f14cd9b|15|7568413145
53395|0xdf14cd9b|16|15652308948
53395|0x1df14cd9b|17|28178537633
53395|0x1df14cd9b|18|56437944874
53395|0x5df14cd9b|19|121102548935
53395|0x5df14cd9b|20|220895523018
53395|0x5df14cd9b|21|468385722956
53395|0x25df14cd9b|22|937712513038
53395|0x25df14cd9b|23|1852363808995
53395|0x25df14cd9b|24|4308434870443
53397|0x17abd|1|358613
53397|0x37abd|2|806534
53397|0x37abd|3|1713897
53397|0x37abd|4|3505649
53397|0x37abd|5|6335646
53397|0x37abd|6|9931540
53397|0x437abd|7|25801754
53397|0x437abd|8|48628214
53397|0x1437abd|9|86712915
53397|0x1437abd|10|203258363
53397|0x1437abd|11|553637742
53397|0x1437abd|12|849585021
53397|0x11437abd|13|2675394154
53397|0x31437abd|14|5540635449
53397|0x31437abd|15|10435004688
53397|0xb1437abd|16|18706390960
53397|0xb1437abd|17|48303246136
53397|0x2b1437abd|18|90899575331
53397|0x2b1437abd|19|120675059606
53397|0xab1437abd|20|263850046962
53397|0xab1437abd|21|506516571007
53397|0xab1437abd|22|950042830520
53397|0x4ab1437abd|23|1925082400861
53397|0xcab1437abd|24|4391883353625
53399|0x1af27|1|355024
53399|0x3af27|2|806599
53399|0x7af27|3|1711849
53399|0xfaf27|4|3683631
53399|0x1faf27|5|7277257
53399|0x1faf27|6|14705313
53399|0x1faf27|7|29296489
53399|0x1faf27|8|58921733
53399|0x11faf27|9|118337666
53399|0x11faf27|10|236712233
53399|0x11faf27|11|471071937
53399|0x91faf27|12|943765106
53399|0x91faf27|13|1894281790
53399|0x291faf27|14|3783379657
53399|0x291faf27|15|9996013076
53399|0x291faf27|16|19179959180
53399|0x291faf27|17|33741023232
53399|0x2291faf27|18|60739021135
53399|0x2291faf27|19|144426133974
53399|0x2291faf27|20|274223351333
53399|0x12291faf27|21|591407787182
53399|0x32291faf27|22|1169708626028
53399|0x32291faf27|23|2136953344839
53399|0x32291faf27|24|4231723235098
53401|0x83a9|1|640831
53401|0x83a9|2|3421306
53401|0x83a9|3|2474698
53401|0x883a9|4|3513637
53401|0x1883a9|5|7183758
53401|0x3883a9|6|14631744
53401|0x7883a9|7|41436832
53401|0x7883a9|8|70960674
53401|0x17883a9|9|158739118
53401|0x17883a9|10|299046442
53401|0x57883a9|11|624933612
53401|0x57883a9|12|1049687351
53401|0x157883a9|13|2447932779
53401|0x157883a9|14|4726618318
53401|0x557883a9|15|10554517875
53401|0x557883a9|16|20014390047
53401|0x1557883a9|17|35832852704
53401|0x3557883a9|18|55170930518
53401|0x3557883a9|19|124741720926
53401|0x3557883a9|20|275962556589
53401|0x13557883a9|21|563920943982
53401|0x13557883a9|22|1098303572226
53401|0x13557883a9|23|2170036185283
53401|0x13557883a9|24|4030487484434
53403|0x9593|1|421575
53403|0x29593|2|968803
53403|0x29593|3|1744169
53403|0xa9593|4|3887085
53403|0x1a9593|5|7603552
53403|0x3a9593|6|15567131
53403|0x3a9593|7|30992347
53403|0x3a9593|8|62001043
53403|0x13a9593|9|123835855
53403|0x13a9593|10|247994395
53403|0x13a9593|11|450105907
53403|0x93a9593|12|910737906
53403|0x193a9593|13|1893936331
53403|0x393a9593|14|3924312038
53403|0x793a9593|15|7658745887
53403|0x793a9593|16|14657495272
53403|0x1793a9593|17|28701119789
53403|0x1793a9593|18|53845388110
53403|0x5793a9593|19|113443012775
53403|0x5793a9593|20|228145142574
53403|0x15793a9593|21|489660221766
53403|0x15793a9593|22|928117133153
53403|0x15793a9593|23|1845898010710
53403|0x95793a9593|24|3744174693009
53405|0x35b5|1|275468
53405|0x35b5|2|587427
53405|0x435b5|3|1240339
53405|0xc35b5|4|2491857
53405|0xc35b5|5|5734552
53405|0x2c35b5|6|15309504
53405|0x6c35b5|7|25704180
53405|0x6c35b5|8|55832943
53405|0x6c35b5|9|111711697
53405|0x26c35b5|10|219841777
53405|0x26c35b5|11|426022025
53405|0xa6c35b5|12|1175671310
53405|0x1a6c35b5|13|2941194136
53405|0x3a6c35b5|14|4665852288
53405|0x7a6c35b5|15|9833381645
53405|0x7a6c35b5|16|18626121506
53405|0x17a6c35b5|17|35072125786
53405|0x17a6c35b5|18|63147706893
53405|0x17a6c35b5|19|122887061253
53405|0x17a6c35b5|20|254341665427
53405|0x17a6c35b5|21|481350035040
53405|0x217a6c35b5|22|929290771708
53405|0x217a6c35b5|23|1872470629538
53405|0x217a6c35b5|24|4194773457604
53407|0x4b5f|1|372824
53407|0x4b5f|2|829334
53407|0x44b5f|3|1727537
53407|0xc4b5f|4|3858076
53407|0xc4b5f|5|5515203
53407|0x2c4b5f|6|11809913
53407|0x6c4b5f|7|19059817
53407|0xec4b5f|8|55138564
53407|0xec4b5f|9|101285547
53407|0xec4b5f|10|191679758
53407|0xec4b5f|11|400326436
53407|0xec4b5f|12|801301061
53407|0x10ec4b5f|13|1590396259
53407|0x10ec4b5f|14|3200188326
53407|0x10ec4b5f|15|6402753055
53407|0x90ec4b5f|16|13226134967
53407|0x90ec4b5f|17|25249256938
53407|0x290ec4b5f|18|50848007435
53407|0x290ec4b5f|19|147147778792
53407|0xa90ec4b5f|20|232829826308
53407|0x1a90ec4b5f|21|545644635322
53407|0x1a90ec4b5f|22|1021309611654
53407|0x5a90ec4b5f|23|2112543936506
53407|0x5a90ec4b5f|24|3854489670637
53409|0x11361|1|367819
53409|0x11361|2|1992898
53409|0x51361|3|1902966
53409|0x51361|4|2507139
53409|0x151361|5|5361328
53409|0x151361|6|10728918
53409|0x151361|7|25815433
53409|0x151361|8|86690539
53409|0x1151361|9|178472132
53409|0x3151361|10|332019239
53409|0x3151361|11|583586082
53409|0x3151361|12|1483016042
53409|0x13151361|13|1995849545
53409|0x33151361|14|3357737238
53409|0x73151361|15|7425881625
53409|0xf3151361|16|18913349743
53409|0xf3151361|17|32638967429
53409|0x2f3151361|18|63262877384
53409|0x6f3151361|19|124035506595
53409|0x6f3151361|20|253647556875
53409|0x6f3151361|21|552565664401
53409|0x26f3151361|22|1169967192197
53409|0x26f3151361|23|2267136536367
53409|0x26f3151361|24|4621316233232
53411|0x630b|1|367464
53411|0x630b|2|829370
53411|0x630b|3|1762134
53411|0x8630b|4|3548250
53411|0x18630b|5|5269281
53411|0x18630b|6|11337170
53411|0x18630b|7|23353099
53411|0x18630b|8|49799278
53411|0x18630b|9|92058453
53411|0x18630b|10|190459045
53411|0x18630b|11|382354221
53411|0x18630b|12|1340009166
53411|0x18630b|13|2784952446
53411|0x2018630b|14|3273442730
53411|0x6018630b|15|6050920982
53411|0x6018630b|16|12824368771
53411|0x16018630b|17|26583389766
53411|0x16018630b|18|68011812875
53411|0x56018630b|19|173242745439
53411|0x56018630b|20|276495496505
53411|0x56018630b|21|581155482130
53411|0x56018630b|22|1221086353201
53411|0x56018630b|23|2108931253333
53411|0x856018630b|24|4340589446544
53413|0x972d|1|423669
53413|0x2972d|2|1941937
53413|0x2972d|3|1893205
53413|0x2972d|4|3780249
53413|0x2972d|5|23844244
53413|0x2972d|6|27478704
53413|0x2972d|7|31326634
53413|0x82972d|8|89350512
53413|0x182972d|9|248661236
53413|0x182972d|10|489616330
53413|0x582972d|11|525735725
53413|0xd82972d|12|1233169818
53413|0x1d82972d|13|2067520993
53413|0x3d82972d|14|5577951513
53413|0x7d82972d|15|7141443818
53413|0x7d82972d|16|12976117823
53413|0x17d82972d|17|25182189611
53413|0x17d82972d|18|57420623920
53413|0x17d82972d|19|135083278580
53413|0x17d82972d|20|250326634600
53413|0x117d82972d|21|498621959258
53413|0x117d82972d|22|1250533835669
53413|0x517d82972d|23|2196317566764
53413|0xd17d82972d|24|3911109382487
53415|0x1d717|1|638443
53415|0x3d717|2|1440581
53415|0x7d717|3|3057186
53415|0x7d717|4|4862862
53415|0x7d717|5|8896305
53415|0x27d717|6|26987600
53415|0x67d717|7|48105245
53415|0xe7d717|8|83439717
53415|0xe7d717|9|170799388
53415|0x2e7d717|10|337338322
53415|0x6e7d717|11|668627514
53415|0x6e7d717|12|1163178933
53415|0x6e7d717|13|2126521581
53415|0x26e7d717|14|5502189899
53415|0x66e7d717|15|10126729747
53415|0xe6e7d717|16|22514253306
53415|0x1e6e7d717|17|35549985850
53415|0x3e6e7d717|18|68772657503
53415|0x3e6e7d717|19|127187590487
53415|0xbe6e7d717|20|352663500665
53415|0xbe6e7d717|21|658003378300
53415|0x2be6e7d717|22|1243763033934
53415|0x6be6e7d717|23|1874451991829
53415|0x6be6e7d717|24|3787312670271
53417|0xd399|1|242769
53417|0xd399|2|508894
53417|0xd399|3|1377462
53417|0x8d399|4|2573993
53417|0x8d399|5|7013016
53417|0x8d399|6|13474520
53417|0x48d399|7|22777392
53417|0x48d399|8|48204279
53417|0x48d399|9|102930388
53417|0x48d399|10|208911659
53417|0x448d399|11|436109403
53417|0x448d399|12|877121993
53417|0x448d399|13|1782215662
53417|0x448d399|14|2873750159
53417|0x448d399|15|6056409230
53417|0x448d399|16|12925384923
53417|0x448d399|17|24614701049
53417|0x20448d399|18|58850131832
53417|0x20448d399|19|113190377460
53417|0x20448d399|20|226145439710
53417|0x120448d399|21|510934792519
53417|0x320448d399|22|1066171049071
53417|0x320448d399|23|1898725261567
53417|0xb20448d399|24|3843970913897
53419|0xaa03|1|661497
53419|0xaa03|2|3382089
53419|0x4aa03|3|3085238
53419|0x4aa03|4|6382340
53419|0x4aa03|5|12798924
53419|0x4aa03|6|20285352
53419|0x44aa03|7|36213763
53419|0x44aa03|8|78992619
53419|0x44aa03|9|156600635
53419|0x44aa03|10|257352113
53419|0x44aa03|11|595670229
53419|0x844aa03|12|1253266132
53419|0x1844aa03|13|2163259113
53419|0x1844aa03|14|4139248591
53419|0x1844aa03|15|7443069355
53419|0x1844aa03|16|14782878880
53419|0x1844aa03|17|28307052585
53419|0x1844aa03|18|63416288043
53419|0x1844aa03|19|127107012408
53419|0x81844aa03|20|252273089385
53419|0x81844aa03|21|506879647937
53419|0x281844aa03|22|1222447874679
53419|0x281844aa03|23|2478161812290
53419|0xa81844aa03|24|5656547140835
53421|0x11325|1|658506
53421|0x11325|2|1470388
53421|0x11325|3|3021908
53421|0x91325|4|6347522
53421|0x191325|5|12085676
53421|0x191325|6|19348333
53421|0x191325|7|43218540
53421|0x991325|8|97508618
53421|0x1991325|9|179797433
53421|0x1991325|10|377856095
53421|0x5991325|11|542015919
53421|0xd991325|12|1334602411
53421|0x1d991325|13|2890988498
53421|0x3d991325|14|5280492410
53421|0x3d991325|15|9910491188
53421|0x3d991325|16|22642432880
53421|0x3d991325|17|29778993763
53421|0x23d991325|18|70996641136
53421|0x23d991325|19|129709910672
53421|0x23d991325|20|237870136597
53421|0x123d991325|21|532036420417
53421|0x323d991325|22|1098739711231
53421|0x323d991325|23|2068316086256
53421|0x323d991325|24|3956515285419
53423|0x864f|1|373008
53423|0x864f|2|829613
53423|0x4864f|3|1727652
53423|0xc864f|4|3574142
53423|0x1c864f|5|7212562
53423|0x3c864f|6|12926305
53423|0x3c864f|7|23407163
53423|0xbc864f|8|51386998
53423|0xbc864f|9|96694313
53423|0x2bc864f|10|172184850
53423|0x6bc864f|11|354925167
53423|0xebc864f|12|758672713
53423|0xebc864f|13|1643016500
53423|0xebc864f|14|5813872079
53423|0x4ebc864f|15|13333416164
53423|0x4ebc864f|16|26644540743
53423|0x14ebc864f|17|53449848523
53423|0x34ebc864f|18|105741755321
53423|0x74ebc864f|19|211480570148
53423|0xf4ebc864f|20|396956340303
53423|0x1f4ebc864f|21|567739478980
53423|0x3f4ebc864f|22|1280938869240
53423|0x7f4ebc864f|23|3049944050667
53423|0x7f4ebc864f|24|5145118977083
53425|0x17851|1|654925
53425|0x37851|2|1463935
53425|0x37851|3|3022899
53425|0xb7851|4|6303222
53425|0x1b7851|5|12817637
53425|0x1b7851|6|25905114
53425|0x5b7851|7|52130668
53425|0x5b7851|8|104511920
53425|0x15b7851|9|208133547
53425|0x35b7851|10|418200741
53425|0x75b7851|11|836549037
53425|0xf5b7851|12|1667537881
53425|0x1f5b7851|13|3339440908
53425|0x1f5b7851|14|6682498071
53425|0x1f5b7851|15|13363976819
53425|0x1f5b7851|16|26715662151
53425|0x1f5b7851|17|53446123638
53425|0x1f5b7851|18|81432363465
53425|0x1f5b7851|19|126100228054
53425|0x1f5b7851|20|247508733224
53425|0x101f5b7851|21|490783396160
53425|0x301f5b7851|22|1067032416221
53425|0x701f5b7851|23|2105069675109
53425|0x701f5b7851|24|4330950434571
53427|0x5e7b|1|677883
53427|0x25e7b|2|1481316
53427|0x65e7b|3|3126259
53427|0xe5e7b|4|6406640
53427|0x1e5e7b|5|12939515
53427|0x1e5e7b|6|15642881
53427|0x1e5e7b|7|29007161
53427|0x1e5e7b|8|68690738
53427|0x1e5e7b|9|159640110
53427|0x21e5e7b|10|361502251
53427|0x21e5e7b|11|710288188
53427|0xa1e5e7b|12|1433551499
53427|0xa1e5e7b|13|2086331857
53427|0xa1e5e7b|14|5201657449
53427|0x4a1e5e7b|15|9593956352
53427|0xca1e5e7b|16|12978444326
53427|0xca1e5e7b|17|28981110705
53427|0x2ca1e5e7b|18|57254543595
53427|0x6ca1e5e7b|19|134367030522
53427|0xeca1e5e7b|20|394521884231
53427|0x1eca1e5e7b|21|612083156575
53427|0x1eca1e5e7b|22|1068830905455
53427|0x5eca1e5e7b|23|2138217364477
53427|0xdeca1e5e7b|24|3835840375106
53429|0x19d9d|1|754682
53429|0x19d9d|2|3385528
53429|0x59d9d|3|3062218
53429|0xd9d9d|4|6302277
53429|0x1d9d9d|5|18522742
53429|0x1d9d9d|6|26049027
53429|0x1d9d9d|7|52123216
53429|0x1d9d9d|8|104501445
53429|0x11d9d9d|9|209121925
53429|0x31d9d9d|10|418306002
53429|0x71d9d9d|11|836789025
53429|0xf1d9d9d|12|1666645329
53429|0xf1d9d9d|13|3337750337
53429|0xf1d9d9d|14|6679286615
53429|0x4f1d9d9d|15|13351281140
53429|0x4f1d9d9d|16|26723632540
53429|0x4f1d9d9d|17|28156976379
53429|0x4f1d9d9d|18|56546803438
53429|0x4f1d9d9d|19|115351810454
53429|0x4f1d9d9d|20|228344008799
53429|0x4f1d9d9d|21|449503807365
53429|0x4f1d9d9d|22|893471290284
53429|0x4f1d9d9d|23|2160910319867
53429|0x804f1d9d9d|24|3947540998048
