46083|0x96ab|1|421640
46083|0x296ab|2|811624
46083|0x296ab|3|1752817
46083|0xa96ab|4|3817027
46083|0x1a96ab|5|19606688
46083|0x1a96ab|6|29694225
46083|0x5a96ab|7|20045881
46083|0x5a96ab|8|62055924
46083|0x15a96ab|9|115882680
46083|0x35a96ab|10|243993523
46083|0x75a96ab|11|487925137
46083|0xf5a96ab|12|973361348
46083|0xf5a96ab|13|1957239358
46083|0x2f5a96ab|14|3920168376
46083|0x6f5a96ab|15|7825898944
46083|0x6f5a96ab|16|15663533796
46083|0x16f5a96ab|17|31064936493
46083|0x16f5a96ab|18|61551049025
46083|0x16f5a96ab|19|123103348651
46083|0x16f5a96ab|20|245950899108
46083|0x116f5a96ab|21|492119073568
46083|0x116f5a96ab|22|989608730116
46083|0x116f5a96ab|23|1978656788675
46083|0x916f5a96ab|24|3931631983566
46085|0x1f8cd|1|417338
46085|0x3f8cd|2|822149
46085|0x7f8cd|3|1810965
46085|0xff8cd|4|3812492
46085|0xff8cd|5|7652394
46085|0xff8cd|6|15308608
46085|0x4ff8cd|7|30783853
46085|0xcff8cd|8|61542035
46085|0x1cff8cd|9|123146696
46085|0x1cff8cd|10|246470811
46085|0x5cff8cd|11|483729213
46085|0xdcff8cd|12|984508775
46085|0xdcff8cd|13|1971040192
46085|0xdcff8cd|14|3941472215
46085|0xdcff8cd|15|7813386076
46085|0x8dcff8cd|16|15744390036
46085|0x18dcff8cd|17|31333805358
46085|0x38dcff8cd|18|61740093452
46085|0x38dcff8cd|19|123930329501
46085|0xb8dcff8cd|20|245844126427
46085|0x1b8dcff8cd|21|492893367776
46085|0x1b8dcff8cd|22|986686718473
46085|0x5b8dcff8cd|23|1966231237650
46085|0xdb8dcff8cd|24|3926118985456
46087|0x79b7|1|359398
46087|0x79b7|2|906002
46087|0x79b7|3|1899317
46087|0x879b7|4|3647304
46087|0x1879b7|5|7528790
46087|0x1879b7|6|15142122
46087|0x5879b7|7|30366515
46087|0x5879b7|8|60861944
46087|0x5879b7|9|122619869
46087|0x5879b7|10|245520974
46087|0x5879b7|11|437853186
46087|0x85879b7|12|981752752
46087|0x185879b7|13|1994315330
46087|0x385879b7|14|4028794374
46087|0x785879b7|15|7954288934
46087|0xf85879b7|16|15647939462
46087|0x1f85879b7|17|30438848663
46087|0x1f85879b7|18|61647476285
46087|0x5f85879b7|19|123409024118
46087|0xdf85879b7|20|246763426273
46087|0xdf85879b7|21|492537351765
46087|0xdf85879b7|22|986479766706
46087|0xdf85879b7|23|1974085425861
46087|0xdf85879b7|24|3966788110238
46089|0x11a39|1|444347
46089|0x31a39|2|783441
46089|0x71a39|3|1738081
46089|0x71a39|4|3767095
46089|0x171a39|5|7538565
46089|0x171a39|6|15110287
46089|0x571a39|7|30387690
46089|0xd71a39|8|60800864
46089|0xd71a39|9|121713316
46089|0x2d71a39|10|243469484
46089|0x2d71a39|11|486974924
46089|0xad71a39|12|978481493
46089|0xad71a39|13|1946690256
46089|0x2ad71a39|14|3895363436
46089|0x6ad71a39|15|7794119775
46089|0x6ad71a39|16|15585977016
46089|0x16ad71a39|17|31160277142
46089|0x16ad71a39|18|61472777001
46089|0x56ad71a39|19|122939625320
46089|0x56ad71a39|20|246891464563
46089|0x156ad71a39|21|498220001612
46089|0x356ad71a39|22|970719488712
46089|0x356ad71a39|23|1940188251636
46089|0x356ad71a39|24|3955651675903
46091|0x137a3|1|487709
46091|0x137a3|2|890456
46091|0x537a3|3|1833423
46091|0xd37a3|4|3698063
46091|0x1d37a3|5|7449287
46091|0x3d37a3|6|15116465
46091|0x7d37a3|7|30308306
46091|0xfd37a3|8|60708560
46091|0xfd37a3|9|122284811
46091|0x2fd37a3|10|243025215
46091|0x6fd37a3|11|489382998
46091|0xefd37a3|12|977463631
46091|0x1efd37a3|13|1958795242
46091|0x3efd37a3|14|4168923234
46091|0x7efd37a3|15|7845704103
46091|0xfefd37a3|16|15653706858
46091|0x1fefd37a3|17|30454547255
46091|0x1fefd37a3|18|63992543131
46091|0x1fefd37a3|19|123874646472
46091|0x1fefd37a3|20|246884766361
46091|0x1fefd37a3|21|495245525968
46091|0x21fefd37a3|22|987530485509
46091|0x61fefd37a3|23|1966799755296
46091|0xe1fefd37a3|24|3928719314970
46093|0xbac5|1|363750
46093|0xbac5|2|783517
46093|0x4bac5|3|1772813
46093|0x4bac5|4|3735408
46093|0x14bac5|5|7564566
46093|0x34bac5|6|15152061
46093|0x34bac5|7|30364210
46093|0x34bac5|8|60811660
46093|0x34bac5|9|121709455
46093|0x234bac5|10|243387696
46093|0x234bac5|11|486898076
46093|0x234bac5|12|974046313
46093|0x1234bac5|13|1947949812
46093|0x1234bac5|14|3895841856
46093|0x1234bac5|15|7792555041
46093|0x1234bac5|16|15585277031
46093|0x1234bac5|17|31208754807
46093|0x21234bac5|18|61407156538
46093|0x21234bac5|19|123407307171
46093|0xa1234bac5|20|247872960704
46093|0x1a1234bac5|21|493076820442
46093|0x3a1234bac5|22|986956214305
46093|0x7a1234bac5|23|1984333821629
46093|0x7a1234bac5|24|4094255048711
46095|0x1baef|1|363324
46095|0x3baef|2|812434
46095|0x3baef|3|1838986
46095|0xbbaef|4|3711678
46095|0xbbaef|5|7717823
46095|0x2bbaef|6|15270817
46095|0x2bbaef|7|30540035
46095|0x2bbaef|8|61279128
46095|0x2bbaef|9|122425574
46095|0x22bbaef|10|243241060
46095|0x22bbaef|11|490284096
46095|0x22bbaef|12|980707996
46095|0x22bbaef|13|1946758138
46095|0x222bbaef|14|3927738192
46095|0x622bbaef|15|7807510649
46095|0xe22bbaef|16|15489220371
46095|0xe22bbaef|17|29594649661
46095|0xe22bbaef|18|67539977514
46095|0x4e22bbaef|19|123782321460
46095|0x4e22bbaef|20|246058520271
46095|0x14e22bbaef|21|495526626519
46095|0x14e22bbaef|22|988813220586
46095|0x54e22bbaef|23|1974553269193
46095|0x54e22bbaef|24|3948346666531
46097|0xbcf1|1|415855
46097|0x2bcf1|2|783322
46097|0x2bcf1|3|1731729
46097|0xabcf1|4|3771963
46097|0x1abcf1|5|7507557
46097|0x3abcf1|6|15096074
46097|0x7abcf1|7|30279351
46097|0x7abcf1|8|60561837
46097|0x17abcf1|9|121501680
46097|0x37abcf1|10|245050075
46097|0x37abcf1|11|490313810
46097|0xb7abcf1|12|972942158
46097|0x1b7abcf1|13|1956184649
46097|0x3b7abcf1|14|3920886396
46097|0x7b7abcf1|15|7790376407
46097|0xfb7abcf1|16|15630509486
46097|0x1fb7abcf1|17|30301163050
46097|0x1fb7abcf1|18|62052079825
46097|0x5fb7abcf1|19|124035484303
46097|0xdfb7abcf1|20|247839339185
46097|0xdfb7abcf1|21|495884195665
46097|0xdfb7abcf1|22|989555869630
46097|0x4dfb7abcf1|23|1974882238799
46097|0x4dfb7abcf1|24|3950708646645
46099|0x1361b|1|404622
46099|0x3361b|2|841564
46099|0x3361b|3|1683991
46099|0xb361b|4|3807972
46099|0xb361b|5|7513152
46099|0x2b361b|6|15172790
46099|0x6b361b|7|30730106
46099|0x6b361b|8|61481733
46099|0x6b361b|9|122918960
46099|0x26b361b|10|244188350
46099|0x26b361b|11|489499966
46099|0x26b361b|12|979914771
46099|0x126b361b|13|1959364493
46099|0x126b361b|14|3921158001
46099|0x526b361b|15|7819393740
46099|0xd26b361b|16|15612872221
46099|0x1d26b361b|17|31218572896
46099|0x3d26b361b|18|61695897196
46099|0x7d26b361b|19|124024088448
46099|0xfd26b361b|20|246820796663
46099|0xfd26b361b|21|495904961115
46099|0x2fd26b361b|22|986453244318
46099|0x2fd26b361b|23|1978759560583
46099|0xafd26b361b|24|3940163236589
46101|0x17b3d|1|401858
46101|0x37b3d|2|924330
46101|0x37b3d|3|1712241
46101|0x37b3d|4|3862143
46101|0x137b3d|5|7508931
46101|0x137b3d|6|15133239
46101|0x537b3d|7|31326215
46101|0xd37b3d|8|61190093
46101|0xd37b3d|9|122093431
46101|0xd37b3d|10|243366445
46101|0x4d37b3d|11|490556699
46101|0xcd37b3d|12|977451842
46101|0xcd37b3d|13|1948775782
46101|0xcd37b3d|14|3905185960
46101|0x4cd37b3d|15|7812703665
46101|0x4cd37b3d|16|15588945578
46101|0x14cd37b3d|17|31830326629
46101|0x14cd37b3d|18|62157227091
46101|0x14cd37b3d|19|132635661961
46101|0x14cd37b3d|20|310850206316
46101|0x14cd37b3d|21|492499702359
46101|0x214cd37b3d|22|989539444930
46101|0x614cd37b3d|23|1962268712432
46101|0x614cd37b3d|24|3943409031591
46103|0x1c3a7|1|410181
46103|0x3c3a7|2|842964
46103|0x3c3a7|3|1692958
46103|0xbc3a7|4|3818826
46103|0xbc3a7|5|7494195
46103|0x2bc3a7|6|15121829
46103|0x2bc3a7|7|30275593
46103|0xabc3a7|8|61227075
46103|0x1abc3a7|9|120403675
46103|0x1abc3a7|10|243182175
46103|0x5abc3a7|11|487177408
46103|0xdabc3a7|12|977131275
46103|0xdabc3a7|13|1933392886
46103|0xdabc3a7|14|3886678910
46103|0xdabc3a7|15|7776444126
46103|0xdabc3a7|16|15669610871
46103|0xdabc3a7|17|31251504643
46103|0x20dabc3a7|18|61489459722
46103|0x60dabc3a7|19|123206346964
46103|0xe0dabc3a7|20|247549826685
46103|0xe0dabc3a7|21|492395272112
46103|0x2e0dabc3a7|22|994852527302
46103|0x6e0dabc3a7|23|1970368722454
46103|0xee0dabc3a7|24|3938605951256
46105|0x16829|1|532628
46105|0x16829|2|812533
46105|0x16829|3|1793063
46105|0x16829|4|3798897
46105|0x16829|5|7571564
46105|0x216829|6|15173384
46105|0x216829|7|30417556
46105|0xa16829|8|60907159
46105|0x1a16829|9|122041143
46105|0x3a16829|10|245970643
46105|0x3a16829|11|492033237
46105|0xba16829|12|977008324
46105|0xba16829|13|1947421172
46105|0x2ba16829|14|3902463527
46105|0x6ba16829|15|8248597804
46105|0x6ba16829|16|15738389363
46105|0x6ba16829|17|31488444531
46105|0x6ba16829|18|60242097420
46105|0x6ba16829|19|123783885658
46105|0x86ba16829|20|247105215225
46105|0x86ba16829|21|494016705495
46105|0x86ba16829|22|992513004232
46105|0x86ba16829|23|1985703356323
46105|0x886ba16829|24|3941407419914
46107|0x613|1|391087
46107|0x20613|2|812531
46107|0x60613|3|1764005
46107|0xe0613|4|3813366
46107|0xe0613|5|7640325
46107|0xe0613|6|15247470
46107|0x4e0613|7|30550875
46107|0xce0613|8|45196773
46107|0xce0613|9|104360305
46107|0x2ce0613|10|225477916
46107|0x2ce0613|11|424409626
46107|0xace0613|12|837906287
46107|0xace0613|13|1751136505
46107|0xace0613|14|3275461573
46107|0xace0613|15|7829336024
46107|0xace0613|16|19334247264
46107|0xace0613|17|38941408126
46107|0x20ace0613|18|64329073925
46107|0x20ace0613|19|123091912700
46107|0x20ace0613|20|247717978587
46107|0x120ace0613|21|494506694113
46107|0x120ace0613|22|987428803440
46107|0x120ace0613|23|1990258586362
46107|0x920ace0613|24|3950197392927
46109|0x1ae35|1|619292
46109|0x3ae35|2|1400984
46109|0x3ae35|3|3021030
46109|0xbae35|4|6251174
46109|0x1bae35|5|12500859
46109|0x3bae35|6|25183675
46109|0x7bae35|7|43060800
46109|0xfbae35|8|93691628
46109|0x1fbae35|9|180691868
46109|0x1fbae35|10|369231752
46109|0x1fbae35|11|698413322
46109|0x1fbae35|12|1352204481
46109|0x11fbae35|13|3235365071
46109|0x11fbae35|14|6537566575
46109|0x11fbae35|15|13213903038
46109|0x11fbae35|16|26098317019
46109|0x111fbae35|17|30399045021
46109|0x111fbae35|18|60839417377
46109|0x511fbae35|19|124996470554
46109|0xd11fbae35|20|249347973308
46109|0xd11fbae35|21|496923154865
46109|0x2d11fbae35|22|994716984129
46109|0x6d11fbae35|23|2013697150425
46109|0x6d11fbae35|24|3948847383022
46111|0x1c7df|1|362853
46111|0x1c7df|2|783627
46111|0x1c7df|3|1828920
46111|0x1c7df|4|3658685
46111|0x1c7df|5|7638316
46111|0x1c7df|6|15136388
46111|0x41c7df|7|30308359
46111|0xc1c7df|8|60677001
46111|0xc1c7df|9|122363706
46111|0xc1c7df|10|245128829
46111|0xc1c7df|11|490359366
46111|0x8c1c7df|12|971786784
46111|0x18c1c7df|13|1946474366
46111|0x18c1c7df|14|3916555695
46111|0x58c1c7df|15|7815024005
46111|0x58c1c7df|16|15628830179
46111|0x158c1c7df|17|31113405843
46111|0x358c1c7df|18|61459943091
46111|0x358c1c7df|19|123127506417
46111|0x358c1c7df|20|246261160585
46111|0x1358c1c7df|21|491956245833
46111|0x1358c1c7df|22|1009240990552
46111|0x5358c1c7df|23|1999703761279
46111|0xd358c1c7df|24|3928012018970
46113|0x1cfe1|1|386518
46113|0x3cfe1|2|783774
46113|0x3cfe1|3|1773078
46113|0xbcfe1|4|3798353
46113|0x1bcfe1|5|7561201
46113|0x1bcfe1|6|15204931
46113|0x5bcfe1|7|30389816
46113|0x5bcfe1|8|61177277
46113|0x5bcfe1|9|122515205
46113|0x25bcfe1|10|245022930
46113|0x65bcfe1|11|486610842
46113|0x65bcfe1|12|977057340
46113|0x65bcfe1|13|1953045731
46113|0x265bcfe1|14|3899813339
46113|0x265bcfe1|15|7846113291
46113|0xa65bcfe1|16|15599657600
46113|0xa65bcfe1|17|30363654263
46113|0x2a65bcfe1|18|61499624517
46113|0x2a65bcfe1|19|120822636017
46113|0x2a65bcfe1|20|246478943305
46113|0x12a65bcfe1|21|467801638891
46113|0x32a65bcfe1|22|994345800871
46113|0x32a65bcfe1|23|1971056512331
46113|0xb2a65bcfe1|24|3937644314166
46115|0x19b8b|1|392351
46115|0x39b8b|2|841531
46115|0x79b8b|3|1686549
46115|0xf9b8b|4|3817767
46115|0xf9b8b|5|7483007
46115|0xf9b8b|6|15117991
46115|0xf9b8b|7|30422578
46115|0x8f9b8b|8|60936217
46115|0x18f9b8b|9|123017458
46115|0x18f9b8b|10|245807659
46115|0x18f9b8b|11|488897893
46115|0x18f9b8b|12|983173759
46115|0x118f9b8b|13|1952852098
46115|0x318f9b8b|14|3902239161
46115|0x718f9b8b|15|7813616913
46115|0xf18f9b8b|16|15604315662
46115|0xf18f9b8b|17|30212775472
46115|0x2f18f9b8b|18|61641970106
46115|0x2f18f9b8b|19|123309057313
46115|0x2f18f9b8b|20|246348525327
46115|0x2f18f9b8b|21|493171710586
46115|0x2f18f9b8b|22|986438847427
46115|0x42f18f9b8b|23|1974058725351
46115|0x42f18f9b8b|24|3947108704159
46117|0x47ad|1|464523
46117|0x47ad|2|950408
46117|0x47ad|3|1884841
46117|0x47ad|4|3743954
46117|0x1047ad|5|7541505
46117|0x1047ad|6|15285691
46117|0x5047ad|7|30578134
46117|0x5047ad|8|60745665
46117|0x5047ad|9|121573231
46117|0x25047ad|10|245032067
46117|0x25047ad|11|489935890
46117|0xa5047ad|12|1170526747
46117|0x1a5047ad|13|1954654108
46117|0x1a5047ad|14|3916774999
46117|0x5a5047ad|15|8030595434
46117|0xda5047ad|16|15592192975
46117|0xda5047ad|17|30094463057
46117|0xda5047ad|18|61554038226
46117|0xda5047ad|19|122943123264
46117|0xda5047ad|20|245452902934
46117|0xda5047ad|21|492275148246
46117|0x20da5047ad|22|989196914161
46117|0x60da5047ad|23|1966484010873
46117|0xe0da5047ad|24|3921142397843
46119|0x17b97|1|393600
46119|0x17b97|2|890527
46119|0x17b97|3|1806480
46119|0x17b97|4|3740358
46119|0x17b97|5|7389100
46119|0x217b97|6|15131256
46119|0x217b97|7|30565444
46119|0x217b97|8|61206159
46119|0x217b97|9|122506892
46119|0x217b97|10|243155689
46119|0x217b97|11|486463202
46119|0x217b97|12|976406339
46119|0x10217b97|13|1947958132
46119|0x10217b97|14|3859773558
46119|0x10217b97|15|7816875548
46119|0x10217b97|16|15600079534
46119|0x10217b97|17|31215936199
46119|0x210217b97|18|61872254051
46119|0x210217b97|19|124200330194
46119|0xa10217b97|20|250587698194
46119|0xa10217b97|21|494676767915
46119|0x2a10217b97|22|991723212898
46119|0x6a10217b97|23|1976136715029
46119|0xea10217b97|24|3947277376080
46121|0x2819|1|358670
46121|0x2819|2|812397
46121|0x2819|3|1905763
46121|0x82819|4|3688611
46121|0x82819|5|7747220
46121|0x82819|6|15263118
46121|0x82819|7|30324845
46121|0x882819|8|61185822
46121|0x882819|9|121579739
46121|0x2882819|10|244045453
46121|0x6882819|11|480419261
46121|0xe882819|12|977814251
46121|0x1e882819|13|1921358840
46121|0x3e882819|14|3971774422
46121|0x7e882819|15|7990375063
46121|0x7e882819|16|15625977608
46121|0x7e882819|17|32040748027
46121|0x7e882819|18|60525711027
46121|0x47e882819|19|123424849427
46121|0x47e882819|20|234853299735
46121|0x147e882819|21|493322665028
46121|0x147e882819|22|993656145765
46121|0x547e882819|23|1979541657038
46121|0xd47e882819|24|3930449511084
46123|0x6a83|1|355386
46123|0x26a83|2|889592
46123|0x66a83|3|1898872
46123|0xe6a83|4|3690687
46123|0x1e6a83|5|7599189
46123|0x1e6a83|6|15236734
46123|0x1e6a83|7|30487224
46123|0x1e6a83|8|61038066
46123|0x1e6a83|9|122478299
46123|0x1e6a83|10|245059712
46123|0x1e6a83|11|489303500
46123|0x81e6a83|12|977829045
46123|0x81e6a83|13|1955820400
46123|0x81e6a83|14|3911350239
46123|0x481e6a83|15|7818492740
46123|0xc81e6a83|16|15729055159
46123|0x1c81e6a83|17|30735575250
46123|0x3c81e6a83|18|61364427876
46123|0x3c81e6a83|19|123774308416
46123|0xbc81e6a83|20|250061806061
46123|0x1bc81e6a83|21|495807090134
46123|0x3bc81e6a83|22|1007055181521
46123|0x7bc81e6a83|23|1970694530330
46123|0xfbc81e6a83|24|3950828822105
46125|0x1bba5|1|358817
46125|0x3bba5|2|812404
46125|0x3bba5|3|1813157
46125|0xbbba5|4|3740723
46125|0xbbba5|5|7670691
46125|0xbbba5|6|15245395
46125|0xbbba5|7|28136351
46125|0xbbba5|8|61086506
46125|0xbbba5|9|122403149
46125|0x20bbba5|10|243097454
46125|0x60bbba5|11|502969462
46125|0x60bbba5|12|974661153
46125|0x160bbba5|13|1967304475
46125|0x360bbba5|14|3889509371
46125|0x760bbba5|15|7836779439
46125|0x760bbba5|16|15538688872
46125|0x1760bbba5|17|31359620444
46125|0x3760bbba5|18|61376992306
46125|0x7760bbba5|19|123014328078
46125|0x7760bbba5|20|245924738323
46125|0x17760bbba5|21|490777021203
46125|0x37760bbba5|22|984914434956
46125|0x77760bbba5|23|1982597659824
46125|0x77760bbba5|24|3936821698961
46127|0x112cf|1|405271
46127|0x112cf|2|924958
46127|0x512cf|3|1729346
46127|0xd12cf|4|3851387
46127|0xd12cf|5|7477956
46127|0x2d12cf|6|15258555
46127|0x2d12cf|7|30610327
46127|0xad12cf|8|60722643
46127|0x1ad12cf|9|121520150
46127|0x1ad12cf|10|243207373
46127|0x1ad12cf|11|489254775
46127|0x1ad12cf|12|975992788
46127|0x1ad12cf|13|1951662828
46127|0x1ad12cf|14|3904482241
46127|0x1ad12cf|15|7812921397
46127|0x1ad12cf|16|15657981766
46127|0x1ad12cf|17|31241501110
46127|0x201ad12cf|18|61423635673
46127|0x601ad12cf|19|121111387785
46127|0xe01ad12cf|20|230698147217
46127|0xe01ad12cf|21|478543522029
46127|0xe01ad12cf|22|1036454381810
46127|0x4e01ad12cf|23|1965496697895
46127|0xce01ad12cf|24|4026222183038
46129|0x24d1|1|391275
46129|0x224d1|2|802353
46129|0x624d1|3|1866009
46129|0x624d1|4|3665396
46129|0x1624d1|5|7645502
46129|0x3624d1|6|15147164
46129|0x7624d1|7|30294457
46129|0xf624d1|8|61222703
46129|0x1f624d1|9|122450184
46129|0x3f624d1|10|243163011
46129|0x7f624d1|11|490318394
46129|0xff624d1|12|980243009
46129|0xff624d1|13|2088413510
46129|0x2ff624d1|14|3913185061
46129|0x6ff624d1|15|7796144318
46129|0xeff624d1|16|15628400287
46129|0x1eff624d1|17|30467968176
46129|0x1eff624d1|18|61265211057
46129|0x1eff624d1|19|122714281214
46129|0x9eff624d1|20|245956866378
46129|0x9eff624d1|21|494037891708
46129|0x29eff624d1|22|988943418352
46129|0x69eff624d1|23|1968353168839
46129|0x69eff624d1|24|3943475419008
46131|0x166fb|1|436218
46131|0x166fb|2|830180
46131|0x166fb|3|1929098
46131|0x166fb|4|3638716
46131|0x1166fb|5|7635390
46131|0x3166fb|6|15271940
46131|0x7166fb|7|30546017
46131|0x7166fb|8|61164791
46131|0x17166fb|9|121557748
46131|0x37166fb|10|245049139
46131|0x77166fb|11|488744770
46131|0xf7166fb|12|974741876
46131|0x1f7166fb|13|1952421846
46131|0x1f7166fb|14|3939296304
46131|0x1f7166fb|15|7814725895
46131|0x1f7166fb|16|15850316546
46131|0x1f7166fb|17|31414876404
46131|0x21f7166fb|18|61939747322
46131|0x21f7166fb|19|123661182657
46131|0xa1f7166fb|20|246295227345
46131|0xa1f7166fb|21|496384734446
46131|0x2a1f7166fb|22|992207120929
46131|0x2a1f7166fb|23|1978563468496
46131|0xaa1f7166fb|24|3957625180845
46133|0x1fe1d|1|409995
46133|0x3fe1d|2|877626
46133|0x3fe1d|3|1698963
46133|0x3fe1d|4|3817477
46133|0x3fe1d|5|7421164
46133|0x3fe1d|6|15109022
46133|0x3fe1d|7|30283173
46133|0x83fe1d|8|61203270
46133|0x83fe1d|9|121545749
46133|0x283fe1d|10|245127242
46133|0x683fe1d|11|490238391
46133|0xe83fe1d|12|944928916
46133|0x1e83fe1d|13|1975799616
46133|0x3e83fe1d|14|3908155848
46133|0x7e83fe1d|15|7851989706
46133|0x7e83fe1d|16|15627984687
46133|0x17e83fe1d|17|31302942217
46133|0x17e83fe1d|18|61571266699
46133|0x57e83fe1d|19|123487789770
46133|0xd7e83fe1d|20|247064235743
46133|0xd7e83fe1d|21|513603261402
46133|0xd7e83fe1d|22|1029961355702
46133|0x4d7e83fe1d|23|2002765270380
46133|0x4d7e83fe1d|24|4149927872509
46135|0x14187|1|393023
46135|0x14187|2|890355
46135|0x14187|3|1796150
46135|0x94187|4|3737743
46135|0x194187|5|7398937
46135|0x194187|6|15140231
46135|0x194187|7|30315867
46135|0x994187|8|51798896
46135|0x1994187|9|109171375
46135|0x3994187|10|215822744
46135|0x3994187|11|454821911
46135|0xb994187|12|831784452
46135|0xb994187|13|1614832975
46135|0xb994187|14|3299765640
46135|0x4b994187|15|6444071784
46135|0x4b994187|16|12980285263
46135|0x4b994187|17|27686308895
46135|0x4b994187|18|52058291159
46135|0x4b994187|19|114854440909
46135|0x84b994187|20|243890326137
46135|0x184b994187|21|497221398329
46135|0x384b994187|22|922601511346
46135|0x784b994187|23|1909954674181
46135|0x784b994187|24|4045829031931
46137|0xfa09|1|379694
46137|0x2fa09|2|831716
46137|0x2fa09|3|1826738
46137|0xafa09|4|3736277
46137|0xafa09|5|7687394
46137|0xafa09|6|15298914
46137|0x4afa09|7|30569537
46137|0xcafa09|8|107507629
46137|0x1cafa09|9|121667119
46137|0x3cafa09|10|244895890
46137|0x3cafa09|11|490280651
46137|0x3cafa09|12|980630847
46137|0x13cafa09|13|1967376436
46137|0x33cafa09|14|5157235941
46137|0x73cafa09|15|7747170874
46137|0xf3cafa09|16|17510970404
46137|0x1f3cafa09|17|34089269522
46137|0x3f3cafa09|18|61401151907
46137|0x7f3cafa09|19|123682978501
46137|0x7f3cafa09|20|252300753741
46137|0x17f3cafa09|21|495691676379
46137|0x17f3cafa09|22|1002991425087
46137|0x57f3cafa09|23|1984007986236
46137|0x57f3cafa09|24|3993446744564
46139|0x4f3|1|477622
46139|0x4f3|2|937383
46139|0x404f3|3|1927293
46139|0xc04f3|4|3695372
46139|0xc04f3|5|7584040
46139|0xc04f3|6|15287892
46139|0x4c04f3|7|30597653
46139|0x4c04f3|8|61209467
46139|0x14c04f3|9|121524040
46139|0x14c04f3|10|243631162
46139|0x14c04f3|11|489869445
46139|0x14c04f3|12|979544128
46139|0x14c04f3|13|1959292449
46139|0x14c04f3|14|3942101561
46139|0x414c04f3|15|7818518430
46139|0xc14c04f3|16|15672785610
46139|0xc14c04f3|17|30390902583
46139|0x2c14c04f3|18|62229227539
46139|0x6c14c04f3|19|123322895750
46139|0xec14c04f3|20|247007412043
46139|0x1ec14c04f3|21|495388521112
46139|0x1ec14c04f3|22|991163272535
46139|0x1ec14c04f3|23|1978387405015
46139|0x1ec14c04f3|24|3974799243226
46141|0x8315|1|423077
46141|0x28315|2|890619
46141|0x68315|3|1920703
46141|0xe8315|4|3647801
46141|0xe8315|5|7540023
46141|0x2e8315|6|15131472
46141|0x6e8315|7|30594572
46141|0xee8315|8|61297856
46141|0x1ee8315|9|122032352
46141|0x3ee8315|10|244277055
46141|0x7ee8315|11|488360408
46141|0xfee8315|12|983207387
46141|0xfee8315|13|1994904115
46141|0xfee8315|14|3906041744
46141|0xfee8315|15|7867879302
46141|0x8fee8315|16|15608833079
46141|0x8fee8315|17|30943811502
46141|0x28fee8315|18|61838928359
46141|0x28fee8315|19|123366376452
46141|0x28fee8315|20|246448613662
46141|0x128fee8315|21|494612117216
46141|0x328fee8315|22|1008158221321
46141|0x728fee8315|23|1972293234230
46141|0xf28fee8315|24|4023620408629
46143|0x13bbf|1|390526
46143|0x13bbf|2|783668
46143|0x13bbf|3|1775933
46143|0x13bbf|4|3709303
46143|0x113bbf|5|7552805
46143|0x113bbf|6|15053440
46143|0x513bbf|7|30176878
46143|0x513bbf|8|60575233
46143|0x513bbf|9|122431907
46143|0x2513bbf|10|242867074
46143|0x2513bbf|11|486236661
46143|0x2513bbf|12|958631552
46143|0x12513bbf|13|1954561353
46143|0x32513bbf|14|3910574832
46143|0x32513bbf|15|7806444631
46143|0xb2513bbf|16|15516504856
46143|0x1b2513bbf|17|30845089427
46143|0x1b2513bbf|18|61772478072
46143|0x5b2513bbf|19|124417646286
46143|0xdb2513bbf|20|246571692905
46143|0xdb2513bbf|21|506573580285
46143|0xdb2513bbf|22|964755991807
46143|0x4db2513bbf|23|1966605235839
46143|0xcdb2513bbf|24|3887480969211
46145|0x15bc1|1|632416
46145|0x15bc1|2|1436489
46145|0x55bc1|3|3008673
46145|0x55bc1|4|6271644
46145|0x55bc1|5|12607447
46145|0x255bc1|6|25410558
46145|0x255bc1|7|50497415
46145|0x255bc1|8|101145612
46145|0x255bc1|9|204001094
46145|0x2255bc1|10|404956963
46145|0x2255bc1|11|816497706
46145|0x2255bc1|12|1625902780
46145|0x12255bc1|13|3243637726
46145|0x32255bc1|14|3926894364
46145|0x32255bc1|15|7902373029
46145|0x32255bc1|16|15744186776
46145|0x132255bc1|17|30781605811
46145|0x132255bc1|18|61689811152
46145|0x132255bc1|19|122699964115
46145|0x132255bc1|20|245809040247
46145|0x1132255bc1|21|495360602416
46145|0x3132255bc1|22|988933896855
46145|0x7132255bc1|23|1976378669073
46145|0x7132255bc1|24|3947232666009
46147|0x386b|1|526577
46147|0x2386b|2|813581
46147|0x2386b|3|1704332
46147|0x2386b|4|3784804
46147|0x2386b|5|7526945
46147|0x2386b|6|15105273
46147|0x42386b|7|30323474
46147|0x42386b|8|60748944
46147|0x142386b|9|121598800
46147|0x142386b|10|243212126
46147|0x542386b|11|486388738
46147|0x542386b|12|979219889
46147|0x1542386b|13|1957771525
46147|0x3542386b|14|3891170550
46147|0x3542386b|15|7872409003
46147|0xb542386b|16|15674884083
46147|0xb542386b|17|30207815436
46147|0x2b542386b|18|62675061296
46147|0x2b542386b|19|124011551756
46147|0xab542386b|20|246729058070
46147|0xab542386b|21|494355637676
46147|0xab542386b|22|990740001450
46147|0x4ab542386b|23|2032607928702
46147|0x4ab542386b|24|4388383247284
46149|0x3e8d|1|618924
46149|0x3e8d|2|1399748
46149|0x43e8d|3|3009509
46149|0x43e8d|4|6206445
46149|0x43e8d|5|12521101
46149|0x243e8d|6|25789233
46149|0x643e8d|7|36958925
46149|0x643e8d|8|57380110
46149|0x1643e8d|9|168657304
46149|0x1643e8d|10|306681072
46149|0x5643e8d|11|588266216
46149|0x5643e8d|12|1154057389
46149|0x15643e8d|13|2386446658
46149|0x15643e8d|14|4768284728
46149|0x55643e8d|15|9386744343
46149|0xd5643e8d|16|18874986981
46149|0xd5643e8d|17|39130259202
46149|0xd5643e8d|18|82444139307
46149|0x4d5643e8d|19|142310946215
46149|0xcd5643e8d|20|225544468020
46149|0xcd5643e8d|21|463111883518
46149|0xcd5643e8d|22|993021298776
46149|0xcd5643e8d|23|2248740403221
46149|0x8cd5643e8d|24|3831164092883
46151|0xb577|1|393996
46151|0x2b577|2|1870691
46151|0x2b577|3|1697996
46151|0xab577|4|3789762
46151|0x1ab577|5|7512014
46151|0x1ab577|6|15142147
46151|0x1ab577|7|30626249
46151|0x1ab577|8|88711807
46151|0x11ab577|9|141224947
46151|0x31ab577|10|303729260
46151|0x71ab577|11|596151516
46151|0x71ab577|12|1221888273
46151|0x71ab577|13|2443007196
46151|0x71ab577|14|4912985540
46151|0x471ab577|15|10067940724
46151|0xc71ab577|16|20670498409
46151|0xc71ab577|17|41773570864
46151|0x2c71ab577|18|62092843017
46151|0x6c71ab577|19|121190235625
46151|0x6c71ab577|20|246216661101
46151|0x6c71ab577|21|494058078730
46151|0x26c71ab577|22|980826569731
46151|0x66c71ab577|23|1950661876966
46151|0xe6c71ab577|24|3976326226709
46153|0x17df9|1|667935
46153|0x17df9|2|1453003
46153|0x17df9|3|3072908
46153|0x17df9|4|6288085
46153|0x17df9|5|9012453
46153|0x17df9|6|15246179
46153|0x17df9|7|30458777
46153|0x17df9|8|67416024
46153|0x1017df9|9|155557180
46153|0x3017df9|10|340020794
46153|0x3017df9|11|609789104
46153|0xb017df9|12|1232675171
46153|0x1b017df9|13|2488136160
46153|0x1b017df9|14|4883656075
46153|0x5b017df9|15|9850350682
46153|0x5b017df9|16|19515184749
46153|0x15b017df9|17|39285227693
46153|0x15b017df9|18|68903999188
46153|0x15b017df9|19|124038691382
46153|0x15b017df9|20|244459020529
46153|0x15b017df9|21|487144407287
46153|0x215b017df9|22|1001879570966
46153|0x215b017df9|23|2011795106934
46153|0xa15b017df9|24|4085964748037
46155|0x7563|1|374599
46155|0x7563|2|1732946
46155|0x47563|3|1722772
46155|0xc7563|4|3691122
46155|0x1c7563|5|7123935
46155|0x3c7563|6|14440953
46155|0x7c7563|7|28956803
46155|0x7c7563|8|57951687
46155|0x17c7563|9|114939761
46155|0x37c7563|10|231850548
46155|0x37c7563|11|462875624
46155|0xb7c7563|12|1199979636
46155|0xb7c7563|13|2489791392
46155|0x2b7c7563|14|5008905599
46155|0x6b7c7563|15|9765956125
46155|0x6b7c7563|16|19571942879
46155|0x16b7c7563|17|31370870420
46155|0x36b7c7563|18|61689139730
46155|0x76b7c7563|19|119426676111
46155|0x76b7c7563|20|243842573841
46155|0x76b7c7563|21|496168018160
46155|0x76b7c7563|22|989906700758
46155|0x476b7c7563|23|1975480045010
46155|0xc76b7c7563|24|3908047809259
46157|0x1a485|1|617803
46157|0x1a485|2|1400687
46157|0x5a485|3|3049635
46157|0x5a485|4|6284146
46157|0x5a485|5|12612689
46157|0x25a485|6|24710145
46157|0x25a485|7|30532339
46157|0x25a485|8|61291597
46157|0x125a485|9|160874389
46157|0x125a485|10|318947629
46157|0x125a485|11|642278388
46157|0x125a485|12|1211386078
46157|0x1125a485|13|2424038348
46157|0x3125a485|14|4892454887
46157|0x7125a485|15|9750719335
46157|0xf125a485|16|19536111539
46157|0x1f125a485|17|37866989499
46157|0x1f125a485|18|61939532976
46157|0x5f125a485|19|123147629432
46157|0xdf125a485|20|248174511575
46157|0xdf125a485|21|497543542832
46157|0xdf125a485|22|979433114746
46157|0x4df125a485|23|1965181559187
46157|0x4df125a485|24|4012371423010
46159|0x1e2af|1|354630
46159|0x1e2af|2|812697
46159|0x1e2af|3|1704362
46159|0x9e2af|4|3519883
46159|0x19e2af|5|7199083
46159|0x39e2af|6|14438708
46159|0x79e2af|7|30311998
46159|0x79e2af|8|102230160
46159|0x179e2af|9|191425893
46159|0x179e2af|10|327087837
46159|0x179e2af|11|600937641
46159|0x979e2af|12|1129099016
46159|0x979e2af|13|2500522296
46159|0x2979e2af|14|5236759343
46159|0x2979e2af|15|8908423142
46159|0xa979e2af|16|12285115515
46159|0xa979e2af|17|24052537624
46159|0x2a979e2af|18|73478151827
46159|0x6a979e2af|19|125433044396
46159|0xea979e2af|20|243962260629
46159|0x1ea979e2af|21|508064958594
46159|0x3ea979e2af|22|1006906509063
46159|0x3ea979e2af|23|1951473130849
46159|0xbea979e2af|24|3796686011627
46161|0x114b1|1|347323
46161|0x114b1|2|1967549
46161|0x514b1|3|1752273
46161|0xd14b1|4|3740126
46161|0x1d14b1|5|7431043
46161|0x1d14b1|6|15071157
46161|0x5d14b1|7|30140138
46161|0x5d14b1|8|60581142
46161|0x5d14b1|9|106337680
46161|0x5d14b1|10|199057699
46161|0x5d14b1|11|433395009
46161|0x5d14b1|12|873782073
46161|0x105d14b1|13|1772007950
46161|0x305d14b1|14|3880286500
46161|0x705d14b1|15|7034573592
46161|0x705d14b1|16|14890122287
46161|0x1705d14b1|17|28589308960
46161|0x3705d14b1|18|57317446841
46161|0x3705d14b1|19|125211494574
46161|0xb705d14b1|20|226667016559
46161|0xb705d14b1|21|514111973237
46161|0x2b705d14b1|22|1036794910174
46161|0x6b705d14b1|23|1988099996286
46161|0x6b705d14b1|24|3897637239633
46163|0x1afdb|1|358626
46163|0x3afdb|2|1993499
46163|0x3afdb|3|1755386
46163|0xbafdb|4|3780437
46163|0x1bafdb|5|7386228
46163|0x3bafdb|6|15133264
46163|0x3bafdb|7|30399797
46163|0x3bafdb|8|60124858
46163|0x13bafdb|9|122731458
46163|0x33bafdb|10|255566991
46163|0x73bafdb|11|532665016
46163|0x73bafdb|12|984564566
46163|0x173bafdb|13|2018494897
46163|0x173bafdb|14|3671839656
46163|0x173bafdb|15|6575449207
46163|0x973bafdb|16|13695310659
46163|0x1973bafdb|17|29051274599
46163|0x3973bafdb|18|55527802304
46163|0x3973bafdb|19|112919529865
46163|0x3973bafdb|20|228080600508
46163|0x3973bafdb|21|507425013930
46163|0x3973bafdb|22|984875247777
46163|0x3973bafdb|23|1860186076340
46163|0x83973bafdb|24|4114323104783
46165|0xa8fd|1|297733
46165|0x2a8fd|2|616700
46165|0x6a8fd|3|1413597
46165|0xea8fd|4|2484495
46165|0x1ea8fd|5|6952729
46165|0x1ea8fd|6|15066281
46165|0x1ea8fd|7|28510319
46165|0x1ea8fd|8|55875065
46165|0x11ea8fd|9|113920903
46165|0x31ea8fd|10|193311197
46165|0x31ea8fd|11|517544411
46165|0xb1ea8fd|12|906350740
46165|0xb1ea8fd|13|1902508035
46165|0xb1ea8fd|14|3572380715
46165|0x4b1ea8fd|15|6897777570
46165|0xcb1ea8fd|16|15027342937
46165|0x1cb1ea8fd|17|26910726759
46165|0x3cb1ea8fd|18|59258811038
46165|0x7cb1ea8fd|19|139446010771
46165|0xfcb1ea8fd|20|245524441508
46165|0x1fcb1ea8fd|21|476844609459
46165|0x3fcb1ea8fd|22|980191217398
46165|0x3fcb1ea8fd|23|1978843852748
46165|0x3fcb1ea8fd|24|4309125445427
46167|0x17767|1|345110
46167|0x17767|2|783861
46167|0x57767|3|1735388
46167|0x57767|4|3496299
46167|0x157767|5|7250770
46167|0x157767|6|25193042
46167|0x557767|7|29868911
46167|0x557767|8|56675374
46167|0x1557767|9|155434084
46167|0x1557767|10|305719064
46167|0x5557767|11|585333583
46167|0xd557767|12|1172666241
46167|0xd557767|13|1944811516
46167|0x2d557767|14|3306651856
46167|0x2d557767|15|6429169059
46167|0xad557767|16|13339663890
46167|0x1ad557767|17|32032720991
46167|0x3ad557767|18|66314586973
46167|0x3ad557767|19|137090779773
46167|0x3ad557767|20|250597791254
46167|0x3ad557767|21|525310027236
46167|0x23ad557767|22|943315887767
46167|0x23ad557767|23|1884939443495
46167|0x23ad557767|24|3714058304543
46169|0x153e9|1|361104
46169|0x353e9|2|879605
46169|0x353e9|3|1907625
46169|0xb53e9|4|3630320
46169|0x1b53e9|5|7615742
46169|0x1b53e9|6|15216773
46169|0x1b53e9|7|30241991
46169|0x9b53e9|8|60351058
46169|0x19b53e9|9|121743890
46169|0x39b53e9|10|248477179
46169|0x39b53e9|11|483162781
46169|0xb9b53e9|12|976958699
46169|0xb9b53e9|13|1778251702
46169|0xb9b53e9|14|4934606989
46169|0x4b9b53e9|15|6673119541
46169|0xcb9b53e9|16|14976655629
46169|0xcb9b53e9|17|37635534132
46169|0xcb9b53e9|18|53853977966
46169|0xcb9b53e9|19|112342118324
46169|0xcb9b53e9|20|230117106405
46169|0x10cb9b53e9|21|513692407608
46169|0x10cb9b53e9|22|1098013069496
46169|0x10cb9b53e9|23|2138085220979
46169|0x10cb9b53e9|24|4259210919271
46171|0x15bd3|1|355112
46171|0x15bd3|2|812961
46171|0x55bd3|3|1684151
46171|0xd5bd3|4|3498463
46171|0x1d5bd3|5|7221816
46171|0x1d5bd3|6|19745832
46171|0x1d5bd3|7|50545415
46171|0x1d5bd3|8|96201328
46171|0x11d5bd3|9|174821525
46171|0x31d5bd3|10|296252868
46171|0x31d5bd3|11|572303275
46171|0x31d5bd3|12|1455814920
46171|0x31d5bd3|13|2899754588
46171|0x31d5bd3|14|5635977752
46171|0x431d5bd3|15|6577747931
46171|0xc31d5bd3|16|14786015983
46171|0xc31d5bd3|17|33824302669
46171|0x2c31d5bd3|18|70788408510
46171|0x6c31d5bd3|19|136670217675
46171|0xec31d5bd3|20|227392107952
46171|0x1ec31d5bd3|21|491397328611
46171|0x3ec31d5bd3|22|932347168613
46171|0x3ec31d5bd3|23|1975049638685
46171|0xbec31d5bd3|24|4252995011481
46173|0xbff5|1|390273
46173|0x2bff5|2|1772436
46173|0x2bff5|3|1704392
46173|0xabff5|4|3526162
46173|0xabff5|5|7327596
46173|0x2abff5|6|14493910
46173|0x2abff5|7|28960412
46173|0xaabff5|8|95930180
46173|0x1aabff5|9|148571548
46173|0x3aabff5|10|422327003
46173|0x7aabff5|11|589349275
46173|0xfaabff5|12|1248048103
46173|0xfaabff5|13|2840815099
46173|0xfaabff5|14|4310687119
46173|0x4faabff5|15|8019490336
46173|0x4faabff5|16|18521307535
46173|0x14faabff5|17|40338222336
46173|0x34faabff5|18|65111706789
46173|0x34faabff5|19|130760692203
46173|0xb4faabff5|20|271294722539
46173|0xb4faabff5|21|568598080114
46173|0x2b4faabff5|22|1110133629949
46173|0x6b4faabff5|23|2121577866573
46173|0x6b4faabff5|24|4392421590548
46175|0xa79f|1|393915
46175|0x2a79f|2|909768
46175|0x2a79f|3|1731438
46175|0xaa79f|4|3500355
46175|0x1aa79f|5|7201865
46175|0x1aa79f|6|14420480
46175|0x5aa79f|7|28836124
46175|0xdaa79f|8|65163993
46175|0x1daa79f|9|105542313
46175|0x3daa79f|10|239034813
46175|0x7daa79f|11|722698074
46175|0xfdaa79f|12|1458479346
46175|0xfdaa79f|13|2436158305
46175|0x2fdaa79f|14|4283119428
46175|0x2fdaa79f|15|9935247994
46175|0xafdaa79f|16|18429762050
46175|0x1afdaa79f|17|31453992772
46175|0x3afdaa79f|18|68036869685
46175|0x7afdaa79f|19|122325020777
46175|0x7afdaa79f|20|253537937065
46175|0x7afdaa79f|21|543026550270
46175|0x7afdaa79f|22|1126639788398
46175|0x7afdaa79f|23|2110262145444
46175|0x87afdaa79f|24|4321276609611
46177|0xefa1|1|252711
46177|0xefa1|2|581710
46177|0xefa1|3|1301891
46177|0x8efa1|4|2435576
46177|0x8efa1|5|4968430
46177|0x28efa1|6|14422128
46177|0x28efa1|7|28973465
46177|0x28efa1|8|50132706
46177|0x28efa1|9|92813243
46177|0x28efa1|10|200566297
46177|0x28efa1|11|411891180
46177|0x828efa1|12|1107367106
46177|0x828efa1|13|2643927691
46177|0x2828efa1|14|3532927649
46177|0x2828efa1|15|7337674529
46177|0x2828efa1|16|11853775433
46177|0x2828efa1|17|28805498118
46177|0x2828efa1|18|67309438229
46177|0x42828efa1|19|150497474633
46177|0x42828efa1|20|236770375433
46177|0x142828efa1|21|494889469591
46177|0x342828efa1|22|926620921865
46177|0x342828efa1|23|1848337168923
46177|0x342828efa1|24|3783473415730
46179|0x16d4b|1|618327
46179|0x36d4b|2|1411070
46179|0x76d4b|3|3024663
46179|0xf6d4b|4|6190575
46179|0x1f6d4b|5|12515880
46179|0x1f6d4b|6|24415541
46179|0x1f6d4b|7|47255513
46179|0x1f6d4b|8|90720146
46179|0x11f6d4b|9|179373821
46179|0x11f6d4b|10|272721468
46179|0x11f6d4b|11|549583740
46179|0x91f6d4b|12|1098040946
46179|0x91f6d4b|13|2504787058
46179|0x291f6d4b|14|4912653977
46179|0x291f6d4b|15|9490035464
46179|0x291f6d4b|16|16658400462
46179|0x291f6d4b|17|34079791981
46179|0x2291f6d4b|18|58302949783
46179|0x2291f6d4b|19|111876747474
46179|0x2291f6d4b|20|227611962658
46179|0x2291f6d4b|21|481671252936
46179|0x2291f6d4b|22|963840994989
46179|0x42291f6d4b|23|2011897144543
46179|0xc2291f6d4b|24|4071385384484
46181|0xdd6d|1|282156
46181|0xdd6d|2|581740
46181|0xdd6d|3|1359461
46181|0x8dd6d|4|2446209
46181|0x18dd6d|5|6330606
46181|0x18dd6d|6|14482084
46181|0x18dd6d|7|29162911
46181|0x98dd6d|8|45177142
46181|0x98dd6d|9|99044785
46181|0x98dd6d|10|201206058
46181|0x98dd6d|11|397712587
46181|0x898dd6d|12|799675009
46181|0x898dd6d|13|1875654744
46181|0x2898dd6d|14|4542667535
46181|0x2898dd6d|15|6415945103
46181|0xa898dd6d|16|16474592769
46181|0xa898dd6d|17|37027383548
46181|0x2a898dd6d|18|67698150075
46181|0x2a898dd6d|19|131127762372
46181|0xaa898dd6d|20|289699231814
46181|0xaa898dd6d|21|517636707396
46181|0xaa898dd6d|22|1076786479091
46181|0x4aa898dd6d|23|2165045513300
46181|0x4aa898dd6d|24|4340218093803
46183|0x12757|1|641401
46183|0x12757|2|1450828
46183|0x12757|3|3092038
46183|0x12757|4|4679316
46183|0x12757|5|7015320
46183|0x212757|6|14356044
46183|0x212757|7|28832723
46183|0x212757|8|58231038
46183|0x1212757|9|174346651
46183|0x1212757|10|272628721
46183|0x5212757|11|715452608
46183|0x5212757|12|1394806958
46183|0x5212757|13|1698122759
46183|0x25212757|14|5176514933
46183|0x65212757|15|11434973079
46183|0x65212757|16|15239724237
46183|0x65212757|17|29631960983
46183|0x65212757|18|59383947969
46183|0x465212757|19|131272282346
46183|0x465212757|20|392222348844
46183|0x465212757|21|571644835704
46183|0x2465212757|22|1019345923018
46183|0x6465212757|23|2112976076206
46183|0xe465212757|24|4168329763548
46185|0x1bd9|1|354989
46185|0x1bd9|2|1749680
46185|0x1bd9|3|1958607
46185|0x1bd9|4|3722786
46185|0x1bd9|5|7639682
46185|0x201bd9|6|15192173
46185|0x601bd9|7|30663137
46185|0x601bd9|8|60949828
46185|0x1601bd9|9|121236788
46185|0x1601bd9|10|291951073
46185|0x5601bd9|11|625380364
46185|0xd601bd9|12|1118906654
46185|0x1d601bd9|13|2023133115
46185|0x3d601bd9|14|4885062168
46185|0x7d601bd9|15|11747345304
46185|0x7d601bd9|16|16467731442
46185|0x17d601bd9|17|30041160545
46185|0x17d601bd9|18|57169167991
46185|0x57d601bd9|19|147111721898
46185|0xd7d601bd9|20|297415950859
46185|0x1d7d601bd9|21|514687184532
46185|0x1d7d601bd9|22|1086020855248
46185|0x5d7d601bd9|23|2162393194183
46185|0xdd7d601bd9|24|4433388162365
46187|0x5843|1|346453
46187|0x5843|2|783740
46187|0x45843|3|1671150
46187|0x45843|4|3501137
46187|0x45843|5|4951589
46187|0x245843|6|10029754
46187|0x645843|7|33241375
46187|0x645843|8|47238063
46187|0x645843|9|104905207
46187|0x645843|10|178644595
46187|0x645843|11|387520230
46187|0x8645843|12|793041543
46187|0x18645843|13|1644440089
46187|0x18645843|14|3077767977
46187|0x58645843|15|10176768664
46187|0xd8645843|16|18772407042
46187|0x1d8645843|17|31965857500
46187|0x1d8645843|18|59481544490
46187|0x5d8645843|19|143953088118
46187|0xdd8645843|20|264974739975
46187|0x1dd8645843|21|532252577657
46187|0x3dd8645843|22|1081389386301
46187|0x3dd8645843|23|2136807842014
46187|0x3dd8645843|24|4382233650935
46189|0x17565|1|403219
46189|0x37565|2|812788
46189|0x77565|3|1752180
46189|0xf7565|4|3817835
46189|0xf7565|5|7549110
46189|0x2f7565|6|15181060
46189|0x6f7565|7|30473752
46189|0x6f7565|8|61425111
46189|0x6f7565|9|122914567
46189|0x26f7565|10|244158778
46189|0x26f7565|11|466550167
46189|0xa6f7565|12|970303560
46189|0x1a6f7565|13|1879679825
46189|0x3a6f7565|14|3760586880
46189|0x7a6f7565|15|7151938907
46189|0xfa6f7565|16|15200249759
46189|0x1fa6f7565|17|42190316475
46189|0x3fa6f7565|18|62622753112
46189|0x3fa6f7565|19|126269443449
46189|0xbfa6f7565|20|285240420953
46189|0x1bfa6f7565|21|512514087034
46189|0x1bfa6f7565|22|1043510138170
46189|0x1bfa6f7565|23|1948897462370
46189|0x1bfa6f7565|24|3988771860941
46191|0x12a8f|1|468848
46191|0x32a8f|2|861924
46191|0x72a8f|3|1704557
46191|0xf2a8f|4|3822698
46191|0xf2a8f|5|6929204
46191|0xf2a8f|6|14025833
46191|0xf2a8f|7|30389335
46191|0x8f2a8f|8|60798399
46191|0x8f2a8f|9|122157133
46191|0x8f2a8f|10|244834781
46191|0x8f2a8f|11|490074514
46191|0x88f2a8f|12|888144473
46191|0x88f2a8f|13|1741035619
46191|0x288f2a8f|14|3713831116
46191|0x688f2a8f|15|7482231016
46191|0x688f2a8f|16|14720050538
46191|0x688f2a8f|17|27376583453
46191|0x2688f2a8f|18|55981493575
46191|0x2688f2a8f|19|132174007054
46191|0x2688f2a8f|20|272813434391
46191|0x12688f2a8f|21|555487045350
46191|0x12688f2a8f|22|1097940753582
46191|0x12688f2a8f|23|2128965804185
46191|0x92688f2a8f|24|4311610681203
46193|0x8c91|1|374306
46193|0x8c91|2|831483
46193|0x48c91|3|1704217
46193|0xc8c91|4|3658564
46193|0xc8c91|5|5622235
46193|0x2c8c91|6|10098545
46193|0x2c8c91|7|28976730
46193|0xac8c91|8|51726731
46193|0x1ac8c91|9|100928808
46193|0x1ac8c91|10|202868823
46193|0x1ac8c91|11|412619912
46193|0x1ac8c91|12|827949640
46193|0x11ac8c91|13|1494739576
46193|0x31ac8c91|14|4111087821
46193|0x71ac8c91|15|8054801728
46193|0xf1ac8c91|16|14377348053
46193|0xf1ac8c91|17|26265169173
46193|0xf1ac8c91|18|54740116235
46193|0xf1ac8c91|19|120455354046
46193|0x8f1ac8c91|20|237350446102
46193|0x8f1ac8c91|21|492106322664
46193|0x28f1ac8c91|22|1462356417631
46193|0x28f1ac8c91|23|2561233937088
46193|0x28f1ac8c91|24|5409485360734
46195|0x110bb|1|493297
46195|0x310bb|2|895147
46195|0x710bb|3|1693802
46195|0x710bb|4|3754136
46195|0x1710bb|5|7324666
46195|0x3710bb|6|15044098
46195|0x3710bb|7|29882052
46195|0xb710bb|8|60307743
46195|0xb710bb|9|120380491
46195|0x2b710bb|10|240860724
46195|0x2b710bb|11|481641960
46195|0x2b710bb|12|971249631
46195|0x12b710bb|13|1927632253
46195|0x32b710bb|14|3890267715
46195|0x32b710bb|15|7773262562
46195|0xb2b710bb|16|15538088910
46195|0x1b2b710bb|17|30318328916
46195|0x1b2b710bb|18|60878939744
46195|0x5b2b710bb|19|121804573482
46195|0xdb2b710bb|20|243720026582
46195|0x1db2b710bb|21|746171379302
46195|0x1db2b710bb|22|1408984404044
46195|0x1db2b710bb|23|1914941938176
46195|0x1db2b710bb|24|6262681515061
46197|0x7bdd|1|631950
46197|0x7bdd|2|1436531
46197|0x7bdd|3|3042354
46197|0x7bdd|4|6243340
46197|0x107bdd|5|12597113
46197|0x307bdd|6|25445380
46197|0x707bdd|7|50933987
46197|0xf07bdd|8|101972385
46197|0x1f07bdd|9|202610316
46197|0x3f07bdd|10|405343855
46197|0x7f07bdd|11|811325359
46197|0xff07bdd|12|1623020604
46197|0xff07bdd|13|3245763697
46197|0x2ff07bdd|14|6540868169
46197|0x2ff07bdd|15|13180604268
46197|0x2ff07bdd|16|25965369686
46197|0x12ff07bdd|17|51079765815
46197|0x12ff07bdd|18|90211439112
46197|0x12ff07bdd|19|121759305952
46197|0x12ff07bdd|20|244223075905
46197|0x12ff07bdd|21|557323021704
46197|0x12ff07bdd|22|1640005410079
46197|0x412ff07bdd|23|2493755847986
46197|0xc12ff07bdd|24|4698892175306
46199|0x16547|1|532747
46199|0x16547|2|841261
46199|0x56547|3|1743925
46199|0xd6547|4|3814820
46199|0x1d6547|5|7620792
46199|0x3d6547|6|15281060
46199|0x7d6547|7|30573882
46199|0xfd6547|8|61273164
46199|0x1fd6547|9|121791573
46199|0x1fd6547|10|244699299
46199|0x1fd6547|11|486382884
46199|0x9fd6547|12|980667817
46199|0x19fd6547|13|1960823073
46199|0x19fd6547|14|4006479249
46199|0x59fd6547|15|7786270268
46199|0x59fd6547|16|15629688255
46199|0x59fd6547|17|31173878649
46199|0x59fd6547|18|60352894737
46199|0x59fd6547|19|125090628485
46199|0x59fd6547|20|245835060107
46199|0x1059fd6547|21|492137866479
46199|0x3059fd6547|22|984236043277
46199|0x7059fd6547|23|1967726927743
46199|0xf059fd6547|24|4126971665144
46201|0x175c9|1|417015
46201|0x375c9|2|921528
46201|0x775c9|3|1684208
46201|0xf75c9|4|3848008
46201|0xf75c9|5|7449708
46201|0x2f75c9|6|15247609
46201|0x6f75c9|7|30509495
46201|0xef75c9|8|61174381
46201|0xef75c9|9|121515995
46201|0xef75c9|10|243140080
46201|0xef75c9|11|490107881
46201|0xef75c9|12|973309103
46201|0x10ef75c9|13|1960423009
46201|0x30ef75c9|14|3892142725
46201|0x30ef75c9|15|8145331572
46201|0xb0ef75c9|16|15565373825
46201|0xb0ef75c9|17|30243351356
46201|0xb0ef75c9|18|62733852325
46201|0x4b0ef75c9|19|124438685056
46201|0x4b0ef75c9|20|248272561409
46201|0x4b0ef75c9|21|496179668297
46201|0x24b0ef75c9|22|998629734898
46201|0x64b0ef75c9|23|1974445748876
46201|0x64b0ef75c9|24|4018729563702
46203|0x10ab3|1|641941
46203|0x30ab3|2|3112503
46203|0x70ab3|3|3044711
46203|0xf0ab3|4|6291528
46203|0xf0ab3|5|9979832
46203|0xf0ab3|6|15266158
46203|0x4f0ab3|7|30658360
46203|0xcf0ab3|8|70727959
46203|0x1cf0ab3|9|148041858
46203|0x3cf0ab3|10|267917847
46203|0x3cf0ab3|11|606702366
46203|0xbcf0ab3|12|1234414718
46203|0xbcf0ab3|13|2571906462
46203|0xbcf0ab3|14|5692604999
46203|0x4bcf0ab3|15|9849565403
46203|0x4bcf0ab3|16|15400377623
46203|0x4bcf0ab3|17|32829272620
46203|0x24bcf0ab3|18|59729516584
46203|0x24bcf0ab3|19|123817376897
46203|0xa4bcf0ab3|20|246408204232
46203|0xa4bcf0ab3|21|491393906028
46203|0xa4bcf0ab3|22|988423170098
46203|0x4a4bcf0ab3|23|1966466929523
46203|0x4a4bcf0ab3|24|3933767303333
46205|0x164d5|1|489201
46205|0x164d5|2|881693
46205|0x564d5|3|1671440
46205|0xd64d5|4|3811707
46205|0x1d64d5|5|7489832
46205|0x1d64d5|6|15248319
46205|0x5d64d5|7|30593083
46205|0xdd64d5|8|61250350
46205|0x1dd64d5|9|122485960
46205|0x1dd64d5|10|243125252
46205|0x5dd64d5|11|490089108
46205|0xddd64d5|12|978683923
46205|0x1ddd64d5|13|1954514064
46205|0x1ddd64d5|14|3642223454
46205|0x5ddd64d5|15|7454623332
46205|0xdddd64d5|16|15631014372
46205|0xdddd64d5|17|37734791678
46205|0xdddd64d5|18|68343085226
46205|0x4dddd64d5|19|144390462718
46205|0x4dddd64d5|20|282031882027
46205|0x4dddd64d5|21|557024608108
46205|0x24dddd64d5|22|1055796636814
46205|0x24dddd64d5|23|2213635878045
46205|0x24dddd64d5|24|4472204490133
46207|0x10b7f|1|689189
46207|0x30b7f|2|1399789
46207|0x30b7f|3|3010508
46207|0xb0b7f|4|6221455
46207|0x1b0b7f|5|10984140
46207|0x1b0b7f|6|21636999
46207|0x1b0b7f|7|44706322
46207|0x9b0b7f|8|78220249
46207|0x19b0b7f|9|177715317
46207|0x19b0b7f|10|359962975
46207|0x19b0b7f|11|691551700
46207|0x19b0b7f|12|1457770227
46207|0x119b0b7f|13|2706086231
46207|0x119b0b7f|14|5040047994
46207|0x519b0b7f|15|9792041189
46207|0xd19b0b7f|16|16674395988
46207|0x1d19b0b7f|17|33885563682
46207|0x1d19b0b7f|18|66520648806
46207|0x1d19b0b7f|19|198263225008
46207|0x9d19b0b7f|20|315196053764
46207|0x9d19b0b7f|21|581098519230
46207|0x9d19b0b7f|22|1056174668142
46207|0x49d19b0b7f|23|2184949574462
46207|0x49d19b0b7f|24|4321373672246
46209|0x18b81|1|371258
46209|0x38b81|2|783813
46209|0x38b81|3|1691555
46209|0x38b81|4|3471603
46209|0x38b81|5|7211455
46209|0x238b81|6|14313741
46209|0x238b81|7|28465004
46209|0x238b81|8|57933688
46209|0x238b81|9|114801782
46209|0x238b81|10|231537185
46209|0x238b81|11|463308516
46209|0x238b81|12|903105015
46209|0x10238b81|13|1846097409
46209|0x30238b81|14|3691165430
46209|0x70238b81|15|7384724049
46209|0xf0238b81|16|14726155881
46209|0xf0238b81|17|28537738878
46209|0x2f0238b81|18|58739368721
46209|0x6f0238b81|19|114435883692
46209|0xef0238b81|20|238184019801
46209|0xef0238b81|21|532546835720
46209|0x2ef0238b81|22|1063108776352
46209|0x2ef0238b81|23|2020638538117
46209|0xaef0238b81|24|4598459260359
46211|0x3a2b|1|345535
46211|0x3a2b|2|783979
46211|0x43a2b|3|1671527
46211|0x43a2b|4|3478495
46211|0x143a2b|5|7240825
46211|0x143a2b|6|14320567
46211|0x543a2b|7|28468973
46211|0x543a2b|8|57464619
46211|0x543a2b|9|114832447
46211|0x543a2b|10|229689795
46211|0x4543a2b|11|462762596
46211|0x4543a2b|12|887883847
46211|0x14543a2b|13|1845178476
46211|0x34543a2b|14|3789766927
46211|0x34543a2b|15|7369727320
46211|0x34543a2b|16|15214518864
46211|0x34543a2b|17|30674941544
46211|0x234543a2b|18|92263661794
46211|0x634543a2b|19|205077451827
46211|0xe34543a2b|20|413116639885
46211|0x1e34543a2b|21|822064990627
46211|0x1e34543a2b|22|936873292445
46211|0x5e34543a2b|23|2098701416620
46211|0x5e34543a2b|24|4320783154910
46213|0x1244d|1|643751
46213|0x3244d|2|1399464
46213|0x3244d|3|3011450
46213|0xb244d|4|6196199
46213|0x1b244d|5|12539880
46213|0x3b244d|6|25192241
46213|0x7b244d|7|50506966
46213|0xfb244d|8|101186667
46213|0xfb244d|9|202583048
46213|0xfb244d|10|408482614
46213|0xfb244d|11|817100995
46213|0x8fb244d|12|1634620638
46213|0x8fb244d|13|3268650139
46213|0x8fb244d|14|6537446107
46213|0x48fb244d|15|13123719893
46213|0xc8fb244d|16|26073203203
46213|0x1c8fb244d|17|51105615735
46213|0x3c8fb244d|18|103686094850
46213|0x3c8fb244d|19|205059764568
46213|0xbc8fb244d|20|408176148668
46213|0x1bc8fb244d|21|686567889023
46213|0x1bc8fb244d|22|1184894465713
46213|0x5bc8fb244d|23|2248394577150
46213|0x5bc8fb244d|24|5162778544183
46215|0x1d137|1|409878
46215|0x1d137|2|923442
46215|0x1d137|3|1776770
46215|0x1d137|4|3804701
46215|0x11d137|5|7392077
46215|0x11d137|6|11364195
46215|0x11d137|7|25116052
46215|0x91d137|8|51341369
46215|0x91d137|9|103363280
46215|0x91d137|10|216317569
46215|0x491d137|11|417222337
46215|0x491d137|12|1297095557
46215|0x1491d137|13|2407811126
46215|0x3491d137|14|4882537435
46215|0x7491d137|15|9771132669
46215|0x7491d137|16|13349181479
46215|0x7491d137|17|28362501868
46215|0x7491d137|18|57458359141
46215|0x47491d137|19|114200567214
46215|0x47491d137|20|302591404314
46215|0x147491d137|21|567041930299
46215|0x147491d137|22|976195271849
46215|0x547491d137|23|1848897290796
46215|0xd47491d137|24|3952291612032
46217|0x101b9|1|391975
46217|0x101b9|2|783929
46217|0x101b9|3|1739829
46217|0x101b9|4|3746018
46217|0x101b9|5|7556021
46217|0x101b9|6|15145684
46217|0x4101b9|7|30334399
46217|0x4101b9|8|60723415
46217|0x4101b9|9|121585229
46217|0x4101b9|10|243300086
46217|0x4101b9|11|486822653
46217|0x84101b9|12|973803637
46217|0x84101b9|13|1989904294
46217|0x284101b9|14|3894978685
46217|0x684101b9|15|7794840238
46217|0xe84101b9|16|13922834157
46217|0xe84101b9|17|27750642940
46217|0x2e84101b9|18|56901456220
46217|0x6e84101b9|19|116868485733
46217|0x6e84101b9|20|266153283280
46217|0x6e84101b9|21|480071698382
46217|0x6e84101b9|22|947938648054
46217|0x6e84101b9|23|2202458516564
46217|0x6e84101b9|24|3743694877968
46219|0x11323|1|390251
46219|0x31323|2|843173
46219|0x31323|3|1671496
46219|0x31323|4|3833103
46219|0x31323|5|7334886
46219|0x231323|6|15124709
46219|0x231323|7|30730705
46219|0xa31323|8|60247442
46219|0xa31323|9|121584497
46219|0x2a31323|10|225990382
46219|0x2a31323|11|484047193
46219|0xaa31323|12|959941532
46219|0x1aa31323|13|1930199036
46219|0x3aa31323|14|3655182981
46219|0x3aa31323|15|7864422352
46219|0xbaa31323|16|15697781110
46219|0xbaa31323|17|29101967410
46219|0xbaa31323|18|68287187676
46219|0xbaa31323|19|113759145118
46219|0xbaa31323|20|236476620141
46219|0xbaa31323|21|485032571853
46219|0x20baa31323|22|1037376234058
46219|0x20baa31323|23|2305525271454
46219|0x20baa31323|24|4488161933632
46221|0x2e45|1|345523
46221|0x22e45|2|1711829
46221|0x62e45|3|1927425
46221|0x62e45|4|3558568
46221|0x162e45|5|7697191
46221|0x162e45|6|15101476
46221|0x562e45|7|30242319
46221|0x562e45|8|73166369
46221|0x562e45|9|172517190
46221|0x562e45|10|215158252
46221|0x562e45|11|407530426
46221|0x8562e45|12|796222154
46221|0x18562e45|13|1613057361
46221|0x18562e45|14|3322990079
46221|0x18562e45|15|6609017951
46221|0x18562e45|16|18009817305
46221|0x18562e45|17|36034816375
46221|0x218562e45|18|59682433441
46221|0x618562e45|19|113338617850
46221|0xe18562e45|20|230898409329
46221|0xe18562e45|21|479806525799
46221|0x2e18562e45|22|1059280749832
46221|0x2e18562e45|23|2076474592613
46221|0xae18562e45|24|3980971471851
46223|0x1ea6f|1|424773
46223|0x1ea6f|2|840150
46223|0x1ea6f|3|1684492
46223|0x9ea6f|4|3843525
46223|0x9ea6f|5|7471181
46223|0x29ea6f|6|15267473
46223|0x69ea6f|7|30608127
46223|0x69ea6f|8|61289252
46223|0x69ea6f|9|122487171
46223|0x69ea6f|10|245046162
46223|0x469ea6f|11|490809143
46223|0x469ea6f|12|983008956
46223|0x1469ea6f|13|1949685306
46223|0x3469ea6f|14|3931887982
46223|0x7469ea6f|15|7862625674
46223|0xf469ea6f|16|15624351010
46223|0x1f469ea6f|17|30437586734
46223|0x3f469ea6f|18|61648329241
46223|0x3f469ea6f|19|112618192068
46223|0x3f469ea6f|20|223531820450
46223|0x13f469ea6f|21|470183669497
46223|0x13f469ea6f|22|893969558811
46223|0x13f469ea6f|23|1842484785330
46223|0x13f469ea6f|24|5202367137037
46225|0x18c71|1|647546
46225|0x18c71|2|1401659
46225|0x18c71|3|3860872
46225|0x18c71|4|6228513
46225|0x18c71|5|12469607
46225|0x218c71|6|25223940
46225|0x618c71|7|50917382
46225|0x618c71|8|102074441
46225|0x618c71|9|204203228
46225|0x2618c71|10|408686128
46225|0x2618c71|11|811647365
46225|0x2618c71|12|1623145037
46225|0x12618c71|13|3245987521
46225|0x12618c71|14|6435689943
46225|0x12618c71|15|10115741144
46225|0x12618c71|16|16160692911
46225|0x112618c71|17|37651322338
46225|0x112618c71|18|54546953979
46225|0x112618c71|19|161195004825
46225|0x912618c71|20|321230306525
46225|0x1912618c71|21|710920673031
46225|0x3912618c71|22|983679977625
46225|0x7912618c71|23|1965955000672
46225|0xf912618c71|24|4268739494085
46227|0x899b|1|517871
46227|0x899b|2|900913
46227|0x899b|3|1707934
46227|0x899b|4|3815444
46227|0x10899b|5|7400589
46227|0x10899b|6|15163124
46227|0x50899b|7|30391153
46227|0x50899b|8|60794395
46227|0x150899b|9|121635760
46227|0x350899b|10|243467831
46227|0x350899b|11|486763361
46227|0xb50899b|12|973919243
46227|0xb50899b|13|1963542567
46227|0x2b50899b|14|3922310673
46227|0x2b50899b|15|7848145634
46227|0xab50899b|16|15695645326
46227|0x1ab50899b|17|31050638863
46227|0x3ab50899b|18|61592628275
46227|0x3ab50899b|19|122954743783
46227|0x3ab50899b|20|246346358384
46227|0x13ab50899b|21|512719864391
46227|0x13ab50899b|22|981008148304
46227|0x53ab50899b|23|2136893265104
46227|0xd3ab50899b|24|5325697581120
46229|0x76bd|1|423031
46229|0x276bd|2|812737
46229|0x676bd|3|1910147
46229|0x676bd|4|3640881
46229|0x676bd|5|7698581
46229|0x676bd|6|14845001
46229|0x4676bd|7|30059028
46229|0xc676bd|8|60866075
46229|0x1c676bd|9|124455465
46229|0x1c676bd|10|241187467
46229|0x5c676bd|11|482930385
46229|0xdc676bd|12|970474671
46229|0x1dc676bd|13|1940069127
46229|0x3dc676bd|14|3870981844
46229|0x3dc676bd|15|7783085869
46229|0xbdc676bd|16|15490887605
46229|0xbdc676bd|17|29878164985
46229|0x2bdc676bd|18|61187930045
46229|0x2bdc676bd|19|121820428743
46229|0xabdc676bd|20|243937241195
46229|0x1abdc676bd|21|489137756808
46229|0x1abdc676bd|22|989503885651
46229|0x1abdc676bd|23|1966958916235
46229|0x1abdc676bd|24|4837719299489
46231|0xb27|1|637514
46231|0x20b27|2|1452835
46231|0x60b27|3|3080027
46231|0xe0b27|4|6272903
46231|0xe0b27|5|12525850
46231|0x2e0b27|6|25195655
46231|0x2e0b27|7|50534645
46231|0x2e0b27|8|102046732
46231|0x12e0b27|9|202762485
46231|0x32e0b27|10|407206091
46231|0x32e0b27|11|815785084
46231|0x32e0b27|12|1629436473
46231|0x32e0b27|13|3262459370
46231|0x32e0b27|14|6514154668
46231|0x432e0b27|15|13064065774
46231|0x432e0b27|16|26072041143
46231|0x432e0b27|17|52147358254
46231|0x432e0b27|18|103657820951
46231|0x4432e0b27|19|204954661307
46231|0x4432e0b27|20|409910463773
46231|0x4432e0b27|21|819488878105
46231|0x4432e0b27|22|1066306436122
46231|0x44432e0b27|23|2280405556551
46231|0xc4432e0b27|24|4449611485784
46233|0x5fa9|1|695607
46233|0x5fa9|2|3210317
46233|0x45fa9|3|3095794
46233|0x45fa9|4|6288165
46233|0x45fa9|5|12744603
46233|0x245fa9|6|25479271
46233|0x245fa9|7|41773770
46233|0x245fa9|8|56533687
46233|0x1245fa9|9|152415487
46233|0x3245fa9|10|295699931
46233|0x7245fa9|11|382289330
46233|0xf245fa9|12|801419370
46233|0xf245fa9|13|1559712752
46233|0x2f245fa9|14|4127838004
46233|0x6f245fa9|15|9330911911
46233|0x6f245fa9|16|12344894557
46233|0x6f245fa9|17|26336663365
46233|0x6f245fa9|18|65287743135
46233|0x6f245fa9|19|117997933243
46233|0x86f245fa9|20|237326163274
46233|0x186f245fa9|21|582911924036
46233|0x186f245fa9|22|1175328971439
46233|0x586f245fa9|23|2112059494632
46233|0x586f245fa9|24|3862689881218
46235|0x1193|1|422194
46235|0x21193|2|2012298
46235|0x61193|3|1759158
46235|0xe1193|4|3817999
46235|0xe1193|5|7405083
46235|0x2e1193|6|15176955
46235|0x6e1193|7|30129104
46235|0x6e1193|8|69056457
46235|0x16e1193|9|165849136
46235|0x36e1193|10|242884881
46235|0x36e1193|11|483166821
46235|0xb6e1193|12|965815386
46235|0x1b6e1193|13|1959561828
46235|0x1b6e1193|14|3934800749
46235|0x1b6e1193|15|7506431733
46235|0x1b6e1193|16|13967135408
46235|0x1b6e1193|17|27195923240
46235|0x21b6e1193|18|64161382491
46235|0x21b6e1193|19|109267335982
46235|0x21b6e1193|20|214458756344
46235|0x121b6e1193|21|434672693837
46235|0x121b6e1193|22|885839706328
46235|0x521b6e1193|23|2160056692968
46235|0x521b6e1193|24|5012170334825
46237|0x171b5|1|450440
46237|0x371b5|2|913333
46237|0x371b5|3|2183886
46237|0x371b5|4|5174832
46237|0x1371b5|5|12625308
46237|0x3371b5|6|25426065
46237|0x3371b5|7|44109766
46237|0xb371b5|8|91459636
46237|0xb371b5|9|189973255
46237|0x2b371b5|10|362368062
46237|0x6b371b5|11|707613090
46237|0xeb371b5|12|1426513608
46237|0x1eb371b5|13|2758597506
46237|0x1eb371b5|14|5418361698
46237|0x1eb371b5|15|11087286415
46237|0x1eb371b5|16|19108693281
46237|0x11eb371b5|17|36343487502
46237|0x31eb371b5|18|60241187943
46237|0x31eb371b5|19|147481616151
46237|0x31eb371b5|20|252807964231
46237|0x31eb371b5|21|614327776102
46237|0x31eb371b5|22|1285537593483
46237|0x31eb371b5|23|2551757398970
46237|0x831eb371b5|24|5332683349994
46239|0x1675f|1|419076
46239|0x3675f|2|914052
46239|0x7675f|3|2171225
46239|0xf675f|4|4369294
46239|0xf675f|5|8809249
46239|0xf675f|6|24303295
46239|0x4f675f|7|50562965
46239|0x4f675f|8|88658771
46239|0x4f675f|9|184015077
46239|0x24f675f|10|356335262
46239|0x64f675f|11|708373073
46239|0x64f675f|12|1372659903
46239|0x64f675f|13|2728307913
46239|0x64f675f|14|4143987511
46239|0x464f675f|15|6698240503
46239|0xc64f675f|16|22167930777
46239|0x1c64f675f|17|37745789840
46239|0x3c64f675f|18|88939237271
46239|0x3c64f675f|19|136618646835
46239|0xbc64f675f|20|245708422942
46239|0xbc64f675f|21|638270492480
46239|0xbc64f675f|22|1302705706016
46239|0x4bc64f675f|23|2380815028189
46239|0xcbc64f675f|24|5211767292788
46241|0x2f61|1|617706
46241|0x22f61|2|1400401
46241|0x22f61|3|3019226
46241|0x22f61|4|6213379
46241|0x122f61|5|8925302
46241|0x122f61|6|22267536
46241|0x522f61|7|45447275
46241|0x522f61|8|92285767
46241|0x1522f61|9|181042078
46241|0x3522f61|10|339335703
46241|0x3522f61|11|724806570
46241|0x3522f61|12|1399066438
46241|0x3522f61|13|2934298547
46241|0x23522f61|14|5513159932
46241|0x23522f61|15|10966033123
46241|0x23522f61|16|15488916449
46241|0x23522f61|17|30956535523
46241|0x23522f61|18|62008899447
46241|0x423522f61|19|122901358720
46241|0x423522f61|20|244289655879
46241|0x1423522f61|21|612637483409
46241|0x1423522f61|22|1622802424068
46241|0x1423522f61|23|1939377809630
46241|0x9423522f61|24|4036318624210
46243|0x19f0b|1|355646
46243|0x19f0b|2|812814
46243|0x59f0b|3|1823964
46243|0xd9f0b|4|3630896
46243|0xd9f0b|5|7087074
46243|0xd9f0b|6|14498170
46243|0xd9f0b|7|28985116
46243|0x8d9f0b|8|58012069
46243|0x8d9f0b|9|115724261
46243|0x28d9f0b|10|230255850
46243|0x68d9f0b|11|463268533
46243|0x68d9f0b|12|926268839
46243|0x68d9f0b|13|1856568458
46243|0x68d9f0b|14|3681473231
46243|0x468d9f0b|15|7386605556
46243|0xc68d9f0b|16|14768383373
46243|0xc68d9f0b|17|30338498528
46243|0x2c68d9f0b|18|65249576070
46243|0x2c68d9f0b|19|125750129238
46243|0x2c68d9f0b|20|230565808426
46243|0x2c68d9f0b|21|485055422564
46243|0x22c68d9f0b|22|871451561915
46243|0x62c68d9f0b|23|1862857911109
46243|0xe2c68d9f0b|24|3684836090506
46245|0x132d|1|359786
46245|0x132d|2|1762331
46245|0x132d|3|1935339
46245|0x8132d|4|3539303
46245|0x18132d|5|7628055
46245|0x18132d|6|13642194
46245|0x18132d|7|20826840
46245|0x18132d|8|44240863
46245|0x118132d|9|119944511
46245|0x318132d|10|259128434
46245|0x718132d|11|458916315
46245|0x718132d|12|808280956
46245|0x718132d|13|1604304766
46245|0x718132d|14|3144207718
46245|0x718132d|15|6122224879
46245|0x8718132d|16|11944359401
46245|0x8718132d|17|25315061734
46245|0x8718132d|18|48601009240
46245|0x48718132d|19|100769574170
46245|0xc8718132d|20|206218136103
46245|0x1c8718132d|21|466139209826
46245|0x3c8718132d|22|903225447578
46245|0x3c8718132d|23|2409273102843
46245|0x3c8718132d|24|4461906470813
46247|0x1b317|1|371914
46247|0x1b317|2|1337127
46247|0x1b317|3|1802423
46247|0x9b317|4|3680537
46247|0x9b317|5|7525926
46247|0x9b317|6|15272596
46247|0x49b317|7|30032802
46247|0x49b317|8|60667969
46247|0x49b317|9|121723207
46247|0x249b317|10|226860325
46247|0x249b317|11|473006768
46247|0x249b317|12|968680362
46247|0x1249b317|13|1887621716
46247|0x1249b317|14|3797280143
46247|0x5249b317|15|7139451374
46247|0xd249b317|16|13956198281
46247|0x1d249b317|17|27219552208
46247|0x1d249b317|18|51414739355
46247|0x5d249b317|19|109044020773
46247|0xdd249b317|20|219292785243
46247|0xdd249b317|21|451532932940
46247|0x2dd249b317|22|986469936694
46247|0x6dd249b317|23|1870992991684
46247|0xedd249b317|24|3645060444667
46249|0x12f99|1|427317
46249|0x12f99|2|937629
46249|0x12f99|3|2147109
46249|0x12f99|4|4400379
46249|0x12f99|5|8540252
46249|0x12f99|6|18967908
46249|0x412f99|7|48241536
46249|0xc12f99|8|82487821
46249|0x1c12f99|9|184819213
46249|0x3c12f99|10|319100346
46249|0x3c12f99|11|645078293
46249|0x3c12f99|12|1108624803
46249|0x13c12f99|13|2420711817
46249|0x33c12f99|14|3778196964
46249|0x33c12f99|15|8977873164
46249|0x33c12f99|16|17369979062
46249|0x33c12f99|17|32392530442
46249|0x233c12f99|18|61749616328
46249|0x233c12f99|19|126392220133
46249|0xa33c12f99|20|209321037823
46249|0xa33c12f99|21|502173210779
46249|0x2a33c12f99|22|914753968484
46249|0x6a33c12f99|23|1818361055211
46249|0xea33c12f99|24|3633754619017
46251|0x1a603|1|253172
46251|0x1a603|2|540833
46251|0x5a603|3|1202252
46251|0x5a603|4|2624240
46251|0x5a603|5|5202835
46251|0x5a603|6|14116008
46251|0x5a603|7|30143012
46251|0x85a603|8|60085103
46251|0x85a603|9|108540083
46251|0x285a603|10|219537320
46251|0x285a603|11|431024690
46251|0xa85a603|12|840521327
46251|0xa85a603|13|1820996911
46251|0xa85a603|14|3664708747
46251|0xa85a603|15|7516451689
46251|0xa85a603|16|13991435771
46251|0x10a85a603|17|27941711752
46251|0x10a85a603|18|52408557789
46251|0x10a85a603|19|120942544453
46251|0x90a85a603|20|226014599911
46251|0x190a85a603|21|448571140285
46251|0x390a85a603|22|933133512735
46251|0x390a85a603|23|1866657506347
46251|0xb90a85a603|24|3767897698403
46253|0xcf25|1|361502
46253|0x2cf25|2|689186
46253|0x6cf25|3|1202524
46253|0x6cf25|4|2449024
46253|0x6cf25|5|4896519
46253|0x6cf25|6|10776292
46253|0x46cf25|7|28256378
46253|0xc6cf25|8|58328954
46253|0xc6cf25|9|92254180
46253|0xc6cf25|10|193235684
46253|0xc6cf25|11|406693505
46253|0xc6cf25|12|805296372
46253|0x10c6cf25|13|1495669643
46253|0x30c6cf25|14|2993685267
46253|0x70c6cf25|15|6368277608
46253|0x70c6cf25|16|15436289800
46253|0x70c6cf25|17|42145158520
46253|0x70c6cf25|18|80323762521
46253|0x70c6cf25|19|150184024835
46253|0x870c6cf25|20|245455505863
46253|0x870c6cf25|21|631338867749
46253|0x870c6cf25|22|1139290841054
46253|0x870c6cf25|23|2061605867018
46253|0x870c6cf25|24|4236373582671
46255|0x1224f|1|614984
46255|0x3224f|2|3102574
46255|0x7224f|3|2986497
46255|0x7224f|4|6250581
46255|0x7224f|5|12560706
46255|0x7224f|6|19419226
46255|0x7224f|7|39401608
46255|0x7224f|8|80215898
46255|0x107224f|9|115749744
46255|0x107224f|10|177398101
46255|0x107224f|11|355623078
46255|0x907224f|12|1149863269
46255|0x1907224f|13|2404987332
46255|0x3907224f|14|3570076892
46255|0x3907224f|15|7985772192
46255|0x3907224f|16|13416912743
46255|0x3907224f|17|29461336139
46255|0x3907224f|18|49593195800
46255|0x3907224f|19|131033735401
46255|0x3907224f|20|274687472833
46255|0x3907224f|21|484929389471
46255|0x3907224f|22|1007361686492
46255|0x403907224f|23|1940306890587
46255|0x403907224f|24|4345833116685
46257|0x11451|1|487864
46257|0x11451|2|846696
46257|0x11451|3|1725460
46257|0x91451|4|3818160
46257|0x191451|5|7593450
46257|0x391451|6|15280005
46257|0x791451|7|30593157
46257|0x791451|8|61313485
46257|0x791451|9|121643765
46257|0x2791451|10|245804071
46257|0x2791451|11|485635928
46257|0xa791451|12|980730959
46257|0xa791451|13|1960994669
46257|0x2a791451|14|3923608580
46257|0x2a791451|15|7817252686
46257|0xaa791451|16|15620743657
46257|0x1aa791451|17|30891050413
46257|0x1aa791451|18|59231327305
46257|0x5aa791451|19|123102892170
46257|0xdaa791451|20|244777633642
46257|0x1daa791451|21|474915146313
46257|0x3daa791451|22|946690539322
46257|0x3daa791451|23|2224839325395
46257|0xbdaa791451|24|3942865343204
46259|0x11a7b|1|238143
46259|0x11a7b|2|545063
46259|0x51a7b|3|1366205
46259|0x51a7b|4|2580189
46259|0x151a7b|5|6316874
46259|0x351a7b|6|15166028
46259|0x751a7b|7|27516498
46259|0xf51a7b|8|52286495
46259|0xf51a7b|9|115796799
46259|0x2f51a7b|10|222484476
46259|0x2f51a7b|11|375326146
46259|0xaf51a7b|12|801970270
46259|0xaf51a7b|13|1637952671
46259|0xaf51a7b|14|4173204579
46259|0xaf51a7b|15|8269938904
46259|0xaf51a7b|16|18061817928
46259|0xaf51a7b|17|30982987279
46259|0xaf51a7b|18|57649509297
46259|0x40af51a7b|19|123105975485
46259|0xc0af51a7b|20|245344572532
46259|0xc0af51a7b|21|493719365312
46259|0x2c0af51a7b|22|919670303892
46259|0x2c0af51a7b|23|1813403315871
46259|0xac0af51a7b|24|4046248632802
46261|0x1999d|1|344579
46261|0x1999d|2|816522
46261|0x5999d|3|1670116
46261|0xd999d|4|3725168
46261|0xd999d|5|7010650
46261|0x2d999d|6|14353238
46261|0x6d999d|7|37945150
46261|0xed999d|8|101506060
46261|0xed999d|9|160928446
46261|0xed999d|10|361973117
46261|0xed999d|11|722708976
46261|0x8ed999d|12|767226703
46261|0x8ed999d|13|1971529503
46261|0x28ed999d|14|4549843890
46261|0x28ed999d|15|10322806175
46261|0x28ed999d|16|13460443950
46261|0x28ed999d|17|36944767681
46261|0x28ed999d|18|62467471381
46261|0x428ed999d|19|132847186293
46261|0xc28ed999d|20|247504754931
46261|0xc28ed999d|21|556161885299
46261|0x2c28ed999d|22|1068860990246
46261|0x2c28ed999d|23|2135532267386
46261|0x2c28ed999d|24|3885021413730
46263|0x6907|1|634908
46263|0x6907|2|1406829
46263|0x46907|3|3043678
46263|0x46907|4|6299900
46263|0x46907|5|12524924
46263|0x46907|6|25288434
46263|0x46907|7|50610361
46263|0x46907|8|101320086
46263|0x1046907|9|204329358
46263|0x1046907|10|406801785
46263|0x5046907|11|817668617
46263|0x5046907|12|1623072934
46263|0x15046907|13|3248187372
46263|0x35046907|14|6520327432
46263|0x35046907|15|13044041173
46263|0x35046907|16|26066531335
46263|0x135046907|17|38425252276
46263|0x135046907|18|102029220094
46263|0x535046907|19|194918665256
46263|0x535046907|20|293848431801
46263|0x535046907|21|504652035624
46263|0x535046907|22|1037109212341
46263|0x535046907|23|1997429484295
46263|0x535046907|24|4010275766507
46265|0x11189|1|352408
46265|0x31189|2|1754181
46265|0x71189|3|1877869
46265|0x71189|4|3689393
46265|0x171189|5|7695611
46265|0x171189|6|15023876
46265|0x171189|7|23121797
46265|0x171189|8|53242834
46265|0x1171189|9|121722983
46265|0x3171189|10|243611393
46265|0x7171189|11|486833227
46265|0xf171189|12|952036662
46265|0xf171189|13|1928246584
46265|0x2f171189|14|3365542527
46265|0x6f171189|15|6650305372
46265|0xef171189|16|14266815842
46265|0x1ef171189|17|28657283385
46265|0x3ef171189|18|54004219875
46265|0x7ef171189|19|124491764794
46265|0xfef171189|20|249842422467
46265|0xfef171189|21|480434972159
46265|0x2fef171189|22|921598294350
46265|0x6fef171189|23|1798940066604
46265|0x6fef171189|24|4443511816813
46267|0x17073|1|359238
46267|0x37073|2|812481
46267|0x77073|3|1781597
46267|0x77073|4|3779700
46267|0x77073|5|7516837
46267|0x77073|6|15078601
46267|0x77073|7|30123906
46267|0x877073|8|60600041
46267|0x877073|9|121432390
46267|0x2877073|10|243127976
46267|0x6877073|11|485062697
46267|0x6877073|12|969279927
46267|0x6877073|13|1929589370
46267|0x6877073|14|3872368651
46267|0x6877073|15|7752657180
46267|0x6877073|16|15509124421
46267|0x6877073|17|31036802255
46267|0x6877073|18|64383027687
46267|0x406877073|19|121349728243
46267|0xc06877073|20|234619649578
46267|0xc06877073|21|530270788415
46267|0x2c06877073|22|945642347063
46267|0x6c06877073|23|1972019065892
46267|0xec06877073|24|4273021973677
46269|0x1e695|1|668997
46269|0x1e695|2|1451547
46269|0x1e695|3|3098214
46269|0x9e695|4|6249608
46269|0x19e695|5|12520340
46269|0x19e695|6|25230451
46269|0x59e695|7|50577131
46269|0xd9e695|8|102121330
46269|0x1d9e695|9|199317811
46269|0x1d9e695|10|409037346
46269|0x5d9e695|11|811933088
46269|0xdd9e695|12|1293689482
46269|0x1dd9e695|13|2916293759
46269|0x1dd9e695|14|3908538608
46269|0x5dd9e695|15|7844217115
46269|0xddd9e695|16|15289608877
46269|0x1ddd9e695|17|28771128133
46269|0x3ddd9e695|18|61644692556
46269|0x3ddd9e695|19|110486139261
46269|0xbddd9e695|20|237742127150
46269|0xbddd9e695|21|486906536548
46269|0xbddd9e695|22|995300333658
46269|0x4bddd9e695|23|2042778564859
46269|0x4bddd9e695|24|4226071853368
46271|0xbb3f|1|364312
46271|0xbb3f|2|1703706
46271|0x4bb3f|3|1710438
46271|0x4bb3f|4|3756966
46271|0x14bb3f|5|7311043
46271|0x34bb3f|6|11483008
46271|0x34bb3f|7|26238376
46271|0x34bb3f|8|45691823
46271|0x134bb3f|9|89413765
46271|0x334bb3f|10|190119949
46271|0x334bb3f|11|398930393
46271|0xb34bb3f|12|770149200
46271|0x1b34bb3f|13|1402186400
46271|0x3b34bb3f|14|3081947378
46271|0x7b34bb3f|15|5922578110
46271|0x7b34bb3f|16|12126553649
46271|0x17b34bb3f|17|23812544881
46271|0x17b34bb3f|18|53424532409
46271|0x57b34bb3f|19|112569872294
46271|0xd7b34bb3f|20|225970081795
46271|0x1d7b34bb3f|21|443687236235
46271|0x3d7b34bb3f|22|906407382886
46271|0x3d7b34bb3f|23|1814222086821
46271|0xbd7b34bb3f|24|3480634985456
46273|0x1db41|1|697004
46273|0x1db41|2|3147323
46273|0x1db41|3|3085967
46273|0x1db41|4|6323043
46273|0x11db41|5|12693353
46273|0x31db41|6|21258904
46273|0x71db41|7|30353691
46273|0x71db41|8|96658793
46273|0x71db41|9|164090259
46273|0x71db41|10|298458033
46273|0x471db41|11|699135484
46273|0xc71db41|12|1480435064
46273|0x1c71db41|13|2799878290
46273|0x1c71db41|14|4365474812
46273|0x1c71db41|15|8883604262
46273|0x9c71db41|16|15653405807
46273|0x9c71db41|17|36293329543
46273|0x29c71db41|18|64771080612
46273|0x29c71db41|19|108092030464
46273|0xa9c71db41|20|224711177802
46273|0xa9c71db41|21|447612708974
46273|0xa9c71db41|22|879151567244
46273|0xa9c71db41|23|1807019942477
46273|0xa9c71db41|24|3962960877578
46275|0x9beb|1|235374
46275|0x9beb|2|511858
46275|0x9beb|3|1220165
46275|0x89beb|4|2436060
46275|0x189beb|5|4936076
46275|0x389beb|6|14189275
46275|0x789beb|7|26490206
46275|0xf89beb|8|53562137
46275|0x1f89beb|9|95851223
46275|0x3f89beb|10|182086247
46275|0x7f89beb|11|386088896
46275|0x7f89beb|12|760117238
46275|0x7f89beb|13|1502783946
46275|0x27f89beb|14|3019199869
46275|0x67f89beb|15|7225004355
46275|0x67f89beb|16|18197210919
46275|0x67f89beb|17|34162771977
46275|0x267f89beb|18|81385003942
46275|0x267f89beb|19|205313026880
46275|0x267f89beb|20|352884260558
46275|0x1267f89beb|21|526723584979
46275|0x3267f89beb|22|1216916310010
46275|0x3267f89beb|23|2452741067581
46275|0xb267f89beb|24|4438262749961
46277|0xaa0d|1|563637
46277|0xaa0d|2|811055
46277|0x4aa0d|3|1794172
46277|0xcaa0d|4|3734867
46277|0x1caa0d|5|7387381
46277|0x3caa0d|6|14992945
46277|0x7caa0d|7|28475756
46277|0xfcaa0d|8|40832229
46277|0xfcaa0d|9|111132723
46277|0x2fcaa0d|10|182726057
46277|0x6fcaa0d|11|415789610
46277|0xefcaa0d|12|795577128
46277|0x1efcaa0d|13|1578120348
46277|0x1efcaa0d|14|2851755853
46277|0x1efcaa0d|15|6024740646
46277|0x9efcaa0d|16|12624932068
46277|0x9efcaa0d|17|25275322496
46277|0x9efcaa0d|18|53942153739
46277|0x49efcaa0d|19|103633814203
46277|0xc9efcaa0d|20|250297968625
46277|0xc9efcaa0d|21|523740567685
46277|0xc9efcaa0d|22|1097026448868
46277|0xc9efcaa0d|23|2549753029239
46277|0x8c9efcaa0d|24|5004586894644
