45059|0x17aab|1|469288
45059|0x37aab|2|896260
45059|0x37aab|3|1661454
45059|0x37aab|4|3498077
45059|0x37aab|5|7102480
45059|0x237aab|6|31956360
45059|0x637aab|7|78875465
45059|0xe37aab|8|105934983
45059|0x1e37aab|9|203384970
45059|0x3e37aab|10|403346501
45059|0x3e37aab|11|807633327
45059|0x3e37aab|12|1563294686
45059|0x13e37aab|13|3227603157
45059|0x33e37aab|14|6431936557
45059|0x33e37aab|15|12903873296
45059|0x33e37aab|16|25812997664
45059|0x133e37aab|17|50741697758
45059|0x133e37aab|18|101667228265
45059|0x133e37aab|19|202565557561
45059|0x133e37aab|20|406382421280
45059|0x1133e37aab|21|813777673533
45059|0x3133e37aab|22|1623896150843
45059|0x7133e37aab|23|3249871836295
45059|0x7133e37aab|24|5563482815617
45061|0x9ccd|1|471901
45061|0x9ccd|2|828684
45061|0x9ccd|3|1697330
45061|0x9ccd|4|3488017
45061|0x109ccd|5|7047553
45061|0x309ccd|6|14379810
45061|0x709ccd|7|28823057
45061|0x709ccd|8|57480186
45061|0x709ccd|9|115279797
45061|0x2709ccd|10|228738020
45061|0x2709ccd|11|671937786
45061|0xa709ccd|12|925451680
45061|0xa709ccd|13|1823098920
45061|0x2a709ccd|14|3732770165
45061|0x6a709ccd|15|7365967147
45061|0xea709ccd|16|14716878431
45061|0xea709ccd|17|28023855884
45061|0x2ea709ccd|18|58289209778
45061|0x6ea709ccd|19|116585086056
45061|0x6ea709ccd|20|233221381500
45061|0x16ea709ccd|21|469433538844
45061|0x36ea709ccd|22|938612660047
45061|0x76ea709ccd|23|1863125083568
45061|0xf6ea709ccd|24|3706859957059
45063|0x1bdb7|1|384276
45063|0x3bdb7|2|1283244
45063|0x3bdb7|3|1821895
45063|0xbbdb7|4|3468114
45063|0xbbdb7|5|7036278
45063|0xbbdb7|6|14437007
45063|0x4bbdb7|7|29034896
45063|0xcbbdb7|8|57799253
45063|0xcbbdb7|9|115747563
45063|0xcbbdb7|10|232027998
45063|0xcbbdb7|11|462556354
45063|0x8cbbdb7|12|927015571
45063|0x18cbbdb7|13|1853236000
45063|0x18cbbdb7|14|3703186073
45063|0x58cbbdb7|15|7349924270
45063|0xd8cbbdb7|16|14916845224
45063|0xd8cbbdb7|17|28948612919
45063|0x2d8cbbdb7|18|58013479118
45063|0x2d8cbbdb7|19|116238932704
45063|0x2d8cbbdb7|20|230998109637
45063|0x2d8cbbdb7|21|463815860894
45063|0x22d8cbbdb7|22|937450736606
45063|0x22d8cbbdb7|23|1870911361410
45063|0x22d8cbbdb7|24|5313947650509
45065|0x1de39|1|649361
45065|0x1de39|2|1400064
45065|0x1de39|3|3013227
45065|0x9de39|4|6238760
45065|0x9de39|5|12637139
45065|0x29de39|6|25268813
45065|0x69de39|7|50711575
45065|0xe9de39|8|101435012
45065|0x1e9de39|9|202989421
45065|0x3e9de39|10|406037294
45065|0x7e9de39|11|805854033
45065|0x7e9de39|12|1611317858
45065|0x17e9de39|13|3248811813
45065|0x37e9de39|14|6446308873
45065|0x77e9de39|15|12999408454
45065|0x77e9de39|16|25859187200
45065|0x177e9de39|17|51801068217
45065|0x377e9de39|18|101554867706
45065|0x377e9de39|19|161231543707
45065|0x377e9de39|20|247689049548
45065|0x1377e9de39|21|498045988991
45065|0x3377e9de39|22|989146865516
45065|0x7377e9de39|23|1968198349930
45065|0xf377e9de39|24|4037157712054
45067|0x5ba3|1|406227
45067|0x5ba3|2|921474
45067|0x45ba3|3|1705235
45067|0x45ba3|4|3844440
45067|0x145ba3|5|7457858
45067|0x345ba3|6|15174825
45067|0x745ba3|7|30234077
45067|0x745ba3|8|60514260
45067|0x745ba3|9|120998898
45067|0x745ba3|10|243863250
45067|0x4745ba3|11|484298507
45067|0x4745ba3|12|974580988
45067|0x14745ba3|13|1944472427
45067|0x34745ba3|14|3908783935
45067|0x74745ba3|15|7717592549
45067|0x74745ba3|16|15658239789
45067|0x174745ba3|17|31175650871
45067|0x174745ba3|18|61852001246
45067|0x174745ba3|19|127169831157
45067|0x174745ba3|20|246849910681
45067|0x174745ba3|21|496222009287
45067|0x2174745ba3|22|997684978368
45067|0x2174745ba3|23|1974540353689
45067|0xa174745ba3|24|3922993892436
45069|0x11ec5|1|451571
45069|0x31ec5|2|869805
45069|0x31ec5|3|1708985
45069|0x31ec5|4|3823709
45069|0x131ec5|5|7570633
45069|0x331ec5|6|15077291
45069|0x731ec5|7|30222152
45069|0x731ec5|8|60542617
45069|0x1731ec5|9|121138764
45069|0x1731ec5|10|244324834
45069|0x1731ec5|11|488150834
45069|0x9731ec5|12|1022083719
45069|0x9731ec5|13|1945560102
45069|0x29731ec5|14|3891092040
45069|0x69731ec5|15|7880893183
45069|0xe9731ec5|16|15708581835
45069|0x1e9731ec5|17|30344218684
45069|0x1e9731ec5|18|61259975378
45069|0x1e9731ec5|19|124903709767
45069|0x9e9731ec5|20|249558676645
45069|0x9e9731ec5|21|492626456168
45069|0x9e9731ec5|22|986179369669
45069|0x9e9731ec5|23|1923326055840
45069|0x9e9731ec5|24|4356330276569
45071|0x3eef|1|614814
45071|0x3eef|2|1459508
45071|0x3eef|3|2968628
45071|0x83eef|4|6159222
45071|0x83eef|5|12586287
45071|0x83eef|6|25345047
45071|0x483eef|7|50785772
45071|0xc83eef|8|101647190
45071|0x1c83eef|9|203504336
45071|0x3c83eef|10|404421911
45071|0x7c83eef|11|1017032018
45071|0x7c83eef|12|1619553835
45071|0x7c83eef|13|3244126702
45071|0x27c83eef|14|6480557176
45071|0x27c83eef|15|12978507022
45071|0x27c83eef|16|26009405696
45071|0x27c83eef|17|51889262631
45071|0x27c83eef|18|103999717160
45071|0x427c83eef|19|153853685744
45071|0xc27c83eef|20|246077747613
45071|0x1c27c83eef|21|495938522124
45071|0x1c27c83eef|22|987749969876
45071|0x1c27c83eef|23|1950023895116
45071|0x1c27c83eef|24|3954337670175
45073|0x40f1|1|481249
45073|0x240f1|2|920679
45073|0x640f1|3|1890843
45073|0x640f1|4|3717016
45073|0x1640f1|5|7540696
45073|0x3640f1|6|15236023
45073|0x7640f1|7|30511954
45073|0xf640f1|8|61188135
45073|0x1f640f1|9|122377801
45073|0x3f640f1|10|245182811
45073|0x3f640f1|11|486003000
45073|0x3f640f1|12|972026085
45073|0x13f640f1|13|1960368049
45073|0x33f640f1|14|3888169898
45073|0x73f640f1|15|7808030292
45073|0x73f640f1|16|16644006564
45073|0x173f640f1|17|31392370917
45073|0x373f640f1|18|62138117706
45073|0x773f640f1|19|128024925478
45073|0xf73f640f1|20|248865984667
45073|0xf73f640f1|21|490472312329
45073|0xf73f640f1|22|983614629891
45073|0x4f73f640f1|23|1960955066722
45073|0x4f73f640f1|24|3911242929524
45075|0x9a1b|1|404297
45075|0x29a1b|2|886745
45075|0x69a1b|3|1722904
45075|0x69a1b|4|3788619
45075|0x169a1b|5|7329524
45075|0x369a1b|6|15050760
45075|0x369a1b|7|30080139
45075|0x369a1b|8|59941195
45075|0x369a1b|9|121133975
45075|0x2369a1b|10|296734745
45075|0x6369a1b|11|485622039
45075|0x6369a1b|12|971153706
45075|0x6369a1b|13|1942652771
45075|0x6369a1b|14|4401131929
45075|0x6369a1b|15|7703082730
45075|0x6369a1b|16|15439955315
45075|0x6369a1b|17|31046314301
45075|0x206369a1b|18|60628176653
45075|0x606369a1b|19|122012213989
45075|0xe06369a1b|20|245197396839
45075|0x1e06369a1b|21|475154554786
45075|0x1e06369a1b|22|1493480950169
45075|0x1e06369a1b|23|2698211680790
45075|0x9e06369a1b|24|6313085449885
45077|0x19f3d|1|638354
45077|0x19f3d|2|1448845
45077|0x59f3d|3|3071100
45077|0x59f3d|4|6217667
45077|0x159f3d|5|12638875
45077|0x159f3d|6|25287048
45077|0x559f3d|7|50759826
45077|0xd59f3d|8|101572404
45077|0x1d59f3d|9|203275188
45077|0x1d59f3d|10|403439112
45077|0x5d59f3d|11|813554547
45077|0xdd59f3d|12|1617175867
45077|0xdd59f3d|13|3251933819
45077|0xdd59f3d|14|6457169474
45077|0xdd59f3d|15|14108970494
45077|0xdd59f3d|16|26407999779
45077|0xdd59f3d|17|51890754833
45077|0xdd59f3d|18|105076748571
45077|0x40dd59f3d|19|203935254119
45077|0xc0dd59f3d|20|409701696925
45077|0xc0dd59f3d|21|813679594809
45077|0xc0dd59f3d|22|1635278866866
45077|0xc0dd59f3d|23|2506780001652
45077|0x8c0dd59f3d|24|4220835435375
45079|0x187a7|1|637993
45079|0x387a7|2|1446189
45079|0x787a7|3|3070732
45079|0x787a7|4|6224363
45079|0x1787a7|5|12643217
45079|0x3787a7|6|25304827
45079|0x7787a7|7|50706428
45079|0x7787a7|8|101629639
45079|0x7787a7|9|201606636
45079|0x7787a7|10|406785456
45079|0x7787a7|11|822090924
45079|0x87787a7|12|1635804843
45079|0x187787a7|13|3249598192
45079|0x387787a7|14|6570191631
45079|0x787787a7|15|12979502881
45079|0x787787a7|16|25942837808
45079|0x1787787a7|17|51908407841
45079|0x1787787a7|18|102009924359
45079|0x5787787a7|19|204532719514
45079|0x5787787a7|20|408707541304
45079|0x15787787a7|21|816898077624
45079|0x15787787a7|22|1635468883292
45079|0x55787787a7|23|3155570524111
45079|0xd5787787a7|24|3912355629032
45081|0x1ac29|1|464721
45081|0x3ac29|2|780128
45081|0x3ac29|3|1876799
45081|0xbac29|4|3622227
45081|0xbac29|5|7658530
45081|0xbac29|6|15049072
45081|0xbac29|7|30225558
45081|0x8bac29|8|60507178
45081|0x8bac29|9|121115919
45081|0x8bac29|10|242296650
45081|0x48bac29|11|934710698
45081|0xc8bac29|12|962501579
45081|0xc8bac29|13|1954482641
45081|0xc8bac29|14|3878213921
45081|0x4c8bac29|15|7754787106
45081|0xcc8bac29|16|16378128923
45081|0xcc8bac29|17|30075168488
45081|0xcc8bac29|18|63645747067
45081|0x4cc8bac29|19|123391795184
45081|0xccc8bac29|20|246446774368
45081|0xccc8bac29|21|493739261259
45081|0x2ccc8bac29|22|987224458411
45081|0x2ccc8bac29|23|1979952310311
45081|0x2ccc8bac29|24|3917618626617
45083|0x1aa13|1|390543
45083|0x3aa13|2|858754
45083|0x3aa13|3|1661249
45083|0x3aa13|4|3805032
45083|0x13aa13|5|7465068
45083|0x13aa13|6|15072616
45083|0x13aa13|7|30292426
45083|0x13aa13|8|60595469
45083|0x113aa13|9|121231873
45083|0x313aa13|10|242619174
45083|0x313aa13|11|485194679
45083|0xb13aa13|12|969230865
45083|0x1b13aa13|13|1935272072
45083|0x3b13aa13|14|3868853585
45083|0x7b13aa13|15|7893263931
45083|0xfb13aa13|16|15498598921
45083|0xfb13aa13|17|30122296625
45083|0xfb13aa13|18|60706127298
45083|0xfb13aa13|19|121930209708
45083|0x8fb13aa13|20|244187626721
45083|0x18fb13aa13|21|495861319766
45083|0x18fb13aa13|22|995118170125
45083|0x58fb13aa13|23|2875017767855
45083|0x58fb13aa13|24|6531341056647
45085|0x19235|1|409082
45085|0x39235|2|899151
45085|0x79235|3|1661823
45085|0x79235|4|3819277
45085|0x79235|5|7389786
45085|0x279235|6|15159397
45085|0x279235|7|30164352
45085|0x279235|8|60704622
45085|0x1279235|9|119944523
45085|0x3279235|10|238687256
45085|0x3279235|11|548031988
45085|0x3279235|12|983747343
45085|0x13279235|13|2153470892
45085|0x33279235|14|3856722563
45085|0x33279235|15|8054679114
45085|0x33279235|16|15413671304
45085|0x133279235|17|27264154722
45085|0x333279235|18|58719426175
45085|0x333279235|19|119853128123
45085|0xb33279235|20|314001316783
45085|0x1b33279235|21|780926849239
45085|0x1b33279235|22|1585234373053
45085|0x5b33279235|23|2888687855012
45085|0xdb33279235|24|5164924045765
45087|0xcbdf|1|630286
45087|0x2cbdf|2|1447112
45087|0x2cbdf|3|2710949
45087|0x2cbdf|4|4399292
45087|0x2cbdf|5|8788543
45087|0x2cbdf|6|24322557
45087|0x2cbdf|7|44617486
45087|0x82cbdf|8|94010765
45087|0x82cbdf|9|180124720
45087|0x82cbdf|10|353668924
45087|0x482cbdf|11|677266159
45087|0xc82cbdf|12|1375105884
45087|0x1c82cbdf|13|2718361208
45087|0x3c82cbdf|14|5398089559
45087|0x7c82cbdf|15|10791660547
45087|0x7c82cbdf|16|21675224989
45087|0x17c82cbdf|17|43370388449
45087|0x17c82cbdf|18|90652362876
45087|0x17c82cbdf|19|161035111258
45087|0x97c82cbdf|20|273491170831
45087|0x97c82cbdf|21|514196533311
45087|0x97c82cbdf|22|1362782796682
45087|0x497c82cbdf|23|2793291618783
45087|0xc97c82cbdf|24|5983902929529
45089|0xd3e1|1|343843
45089|0x2d3e1|2|780397
45089|0x2d3e1|3|1676403
45089|0xad3e1|4|3463564
45089|0x1ad3e1|5|7170518
45089|0x3ad3e1|6|14047052
45089|0x7ad3e1|7|28635333
45089|0xfad3e1|8|57272709
45089|0xfad3e1|9|114395820
45089|0x2fad3e1|10|228818361
45089|0x6fad3e1|11|457593859
45089|0xefad3e1|12|922493842
45089|0xefad3e1|13|1847182547
45089|0x2efad3e1|14|3784053349
45089|0x2efad3e1|15|7428032505
45089|0xaefad3e1|16|14749737020
45089|0x1aefad3e1|17|28937992912
45089|0x1aefad3e1|18|58011880211
45089|0x5aefad3e1|19|116086412615
45089|0xdaefad3e1|20|231526026944
45089|0x1daefad3e1|21|463487960239
45089|0x3daefad3e1|22|1132995067377
45089|0x7daefad3e1|23|1862395230904
45089|0xfdaefad3e1|24|3709992092225
45091|0x17f8b|1|392124
45091|0x17f8b|2|886865
45091|0x57f8b|3|1849763
45091|0x57f8b|4|3645838
45091|0x157f8b|5|7441915
45091|0x357f8b|6|15054875
45091|0x357f8b|7|24999704
45091|0x357f8b|8|56128762
45091|0x1357f8b|9|117317679
45091|0x3357f8b|10|201954269
45091|0x3357f8b|11|440966519
45091|0xb357f8b|12|872742295
45091|0x1b357f8b|13|2015905856
45091|0x1b357f8b|14|3881118977
45091|0x1b357f8b|15|7179845105
45091|0x9b357f8b|16|15393145609
45091|0x9b357f8b|17|50802493525
45091|0x29b357f8b|18|103752403748
45091|0x29b357f8b|19|203984115080
45091|0x29b357f8b|20|408432777358
45091|0x129b357f8b|21|807682537614
45091|0x129b357f8b|22|1636741898171
45091|0x529b357f8b|23|3256972469767
45091|0x529b357f8b|24|6140679059688
45093|0x1ebad|1|344510
45093|0x3ebad|2|780329
45093|0x3ebad|3|1677447
45093|0xbebad|4|3443755
45093|0xbebad|5|7222586
45093|0xbebad|6|14165200
45093|0x4bebad|7|28546493
45093|0x4bebad|8|57699433
45093|0x14bebad|9|115474148
45093|0x34bebad|10|229073337
45093|0x74bebad|11|464302445
45093|0x74bebad|12|923896107
45093|0x74bebad|13|1834999485
45093|0x74bebad|14|3698401570
45093|0x474bebad|15|7494481636
45093|0xc74bebad|16|14750655680
45093|0x1c74bebad|17|29279623500
45093|0x3c74bebad|18|58122926867
45093|0x3c74bebad|19|115727595118
45093|0x3c74bebad|20|232554516930
45093|0x13c74bebad|21|464643772087
45093|0x33c74bebad|22|929748275687
45093|0x33c74bebad|23|1864434346643
45093|0xb3c74bebad|24|3712594425236
45095|0x1bf97|1|343715
45095|0x1bf97|2|780670
45095|0x5bf97|3|1680287
45095|0xdbf97|4|3424817
45095|0x1dbf97|5|7298829
45095|0x1dbf97|6|14351686
45095|0x5dbf97|7|28651056
45095|0x5dbf97|8|57740742
45095|0x5dbf97|9|115303391
45095|0x25dbf97|10|230609571
45095|0x25dbf97|11|462325484
45095|0x25dbf97|12|921316535
45095|0x125dbf97|13|1845168153
45095|0x125dbf97|14|3662871660
45095|0x525dbf97|15|7442330337
45095|0x525dbf97|16|14662464118
45095|0x1525dbf97|17|34513749260
45095|0x1525dbf97|18|85858162842
45095|0x5525dbf97|19|125390905678
45095|0x5525dbf97|20|341317673453
45095|0x15525dbf97|21|812875752786
45095|0x35525dbf97|22|1627684887563
45095|0x75525dbf97|23|3229157424081
45095|0xf5525dbf97|24|4047766495334
45097|0x1ec19|1|444009
45097|0x1ec19|2|780571
45097|0x1ec19|3|1698962
45097|0x1ec19|4|3781401
45097|0x1ec19|5|8914633
45097|0x21ec19|6|25366232
45097|0x61ec19|7|50816514
45097|0x61ec19|8|73549834
45097|0x61ec19|9|159482407
45097|0x261ec19|10|287362426
45097|0x661ec19|11|631100586
45097|0xe61ec19|12|1190731703
45097|0xe61ec19|13|2950551457
45097|0x2e61ec19|14|6467589487
45097|0x6e61ec19|15|12802477480
45097|0x6e61ec19|16|19622490160
45097|0x16e61ec19|17|50080622464
45097|0x36e61ec19|18|101828448626
45097|0x36e61ec19|19|196995914178
45097|0x36e61ec19|20|248054443447
45097|0x136e61ec19|21|538427966751
45097|0x136e61ec19|22|1410027101049
45097|0x136e61ec19|23|2247408729038
45097|0x136e61ec19|24|4937639344951
45099|0x8e83|1|391123
45099|0x28e83|2|887001
45099|0x28e83|3|1680894
45099|0xa8e83|4|3794314
45099|0xa8e83|5|7385867
45099|0xa8e83|6|15060250
45099|0x4a8e83|7|30230564
45099|0xca8e83|8|60526507
45099|0xca8e83|9|121056707
45099|0xca8e83|10|242192447
45099|0x4ca8e83|11|484216146
45099|0x4ca8e83|12|969059639
45099|0x14ca8e83|13|1939114874
45099|0x14ca8e83|14|3875650603
45099|0x54ca8e83|15|7753708625
45099|0xd4ca8e83|16|15507532874
45099|0x1d4ca8e83|17|30375508620
45099|0x3d4ca8e83|18|61138994761
45099|0x3d4ca8e83|19|122583708046
45099|0x3d4ca8e83|20|301830323585
45099|0x13d4ca8e83|21|817856599470
45099|0x33d4ca8e83|22|1251300971893
45099|0x33d4ca8e83|23|2710514380750
45099|0x33d4ca8e83|24|5664474495129
45101|0x11fa5|1|842389
45101|0x11fa5|2|1448765
45101|0x51fa5|3|3070136
45101|0xd1fa5|4|6256857
45101|0x1d1fa5|5|12506112
45101|0x3d1fa5|6|25087827
45101|0x3d1fa5|7|50749620
45101|0xbd1fa5|8|101625156
45101|0x1bd1fa5|9|202879013
45101|0x1bd1fa5|10|449487460
45101|0x5bd1fa5|11|812298158
45101|0xdbd1fa5|12|1643001695
45101|0x1dbd1fa5|13|3265767605
45101|0x1dbd1fa5|14|6488199299
45101|0x5dbd1fa5|15|12973034855
45101|0xddbd1fa5|16|25955614668
45101|0x1ddbd1fa5|17|50777317504
45101|0x3ddbd1fa5|18|101737093863
45101|0x3ddbd1fa5|19|203095755516
45101|0x3ddbd1fa5|20|403214079790
45101|0x3ddbd1fa5|21|803857270486
45101|0x23ddbd1fa5|22|1173252380898
45101|0x63ddbd1fa5|23|2114578780540
45101|0x63ddbd1fa5|24|4117812307259
45103|0x96cf|1|616152
45103|0x296cf|2|3065425
45103|0x296cf|3|3024055
45103|0xa96cf|4|6113469
45103|0xa96cf|5|12500419
45103|0x2a96cf|6|25358106
45103|0x2a96cf|7|30097368
45103|0xaa96cf|8|57700409
45103|0x1aa96cf|9|153492358
45103|0x3aa96cf|10|300240832
45103|0x7aa96cf|11|588940927
45103|0x7aa96cf|12|1152472223
45103|0x17aa96cf|13|2320274630
45103|0x37aa96cf|14|4727331252
45103|0x37aa96cf|15|9333343977
45103|0xb7aa96cf|16|16889727272
45103|0x1b7aa96cf|17|51062891180
45103|0x3b7aa96cf|18|101957900800
45103|0x7b7aa96cf|19|174336815647
45103|0x7b7aa96cf|20|246064162745
45103|0x17b7aa96cf|21|508296011589
45103|0x37b7aa96cf|22|943203550002
45103|0x37b7aa96cf|23|2109647695510
45103|0xb7b7aa96cf|24|3655882926224
45105|0xa8d1|1|344934
45105|0xa8d1|2|800664
45105|0xa8d1|3|1763909
45105|0xa8d1|4|3694596
45105|0x10a8d1|5|7566930
45105|0x10a8d1|6|15234150
45105|0x50a8d1|7|30482925
45105|0xd0a8d1|8|56610877
45105|0xd0a8d1|9|111894571
45105|0xd0a8d1|10|222275387
45105|0x4d0a8d1|11|441656091
45105|0x4d0a8d1|12|872993383
45105|0x4d0a8d1|13|1743101518
45105|0x24d0a8d1|14|3325730168
45105|0x24d0a8d1|15|6490352072
45105|0xa4d0a8d1|16|12995288325
45105|0x1a4d0a8d1|17|26232640813
45105|0x1a4d0a8d1|18|55408131035
45105|0x1a4d0a8d1|19|148958870408
45105|0x1a4d0a8d1|20|342120928751
45105|0x1a4d0a8d1|21|597454684461
45105|0x21a4d0a8d1|22|1020679701763
45105|0x61a4d0a8d1|23|2133735072029
45105|0x61a4d0a8d1|24|4064982527342
45107|0x1cafb|1|353900
45107|0x1cafb|2|783797
45107|0x1cafb|3|1903490
45107|0x9cafb|4|3618978
45107|0x9cafb|5|7659580
45107|0x9cafb|6|14959590
45107|0x9cafb|7|30573230
45107|0x89cafb|8|59335231
45107|0x189cafb|9|119232414
45107|0x389cafb|10|238082151
45107|0x389cafb|11|475830926
45107|0x389cafb|12|1007496967
45107|0x1389cafb|13|1937498445
45107|0x3389cafb|14|3908798349
45107|0x3389cafb|15|7862445725
45107|0x3389cafb|16|15768327826
45107|0x13389cafb|17|31024804710
45107|0x13389cafb|18|61575095054
45107|0x53389cafb|19|122347595627
45107|0xd3389cafb|20|250936389723
45107|0x1d3389cafb|21|497290873368
45107|0x1d3389cafb|22|1199828583565
45107|0x5d3389cafb|23|2401812457347
45107|0x5d3389cafb|24|3963235458391
45109|0x1221d|1|434628
45109|0x1221d|2|810223
45109|0x1221d|3|1751030
45109|0x1221d|4|3776426
45109|0x11221d|5|7595496
45109|0x11221d|6|15030571
45109|0x11221d|7|30179329
45109|0x11221d|8|60427665
45109|0x111221d|9|121024593
45109|0x111221d|10|242257855
45109|0x111221d|11|467839673
45109|0x111221d|12|968991282
45109|0x111221d|13|2620430444
45109|0x111221d|14|3984354017
45109|0x111221d|15|7874670219
45109|0x111221d|16|15737469899
45109|0x111221d|17|31273618940
45109|0x111221d|18|62334211336
45109|0x40111221d|19|123753506635
45109|0x40111221d|20|246058748645
45109|0x140111221d|21|632878309940
45109|0x340111221d|22|1008973922079
45109|0x340111221d|23|1933401847328
45109|0xb40111221d|24|4254896792765
45111|0x587|1|630012
45111|0x20587|2|1400426
45111|0x60587|3|3016578
45111|0xe0587|4|6235769
45111|0x1e0587|5|12612992
45111|0x1e0587|6|25321621
45111|0x5e0587|7|50713727
45111|0x5e0587|8|101580888
45111|0x5e0587|9|203269183
45111|0x5e0587|10|406673828
45111|0x5e0587|11|806948466
45111|0x85e0587|12|1628832132
45111|0x185e0587|13|2760235847
45111|0x385e0587|14|3921178202
45111|0x785e0587|15|7762040785
45111|0xf85e0587|16|15469499050
45111|0xf85e0587|17|29854978892
45111|0x2f85e0587|18|62791432763
45111|0x6f85e0587|19|186634939920
45111|0x6f85e0587|20|346597929677
45111|0x6f85e0587|21|579657082499
45111|0x6f85e0587|22|983900547335
45111|0x46f85e0587|23|2062848291879
45111|0x46f85e0587|24|3915492858880
45113|0x3e09|1|630608
45113|0x3e09|2|3027111
45113|0x43e09|3|3060266
45113|0xc3e09|4|6256422
45113|0xc3e09|5|12623712
45113|0x2c3e09|6|25375512
45113|0x2c3e09|7|50801055
45113|0xac3e09|8|64820582
45113|0x1ac3e09|9|155487981
45113|0x3ac3e09|10|277048649
45113|0x7ac3e09|11|589116688
45113|0x7ac3e09|12|1191064965
45113|0x7ac3e09|13|2352575610
45113|0x27ac3e09|14|4674142771
45113|0x67ac3e09|15|10567605751
45113|0xe7ac3e09|16|24333900362
45113|0xe7ac3e09|17|49937287409
45113|0x2e7ac3e09|18|101988223031
45113|0x6e7ac3e09|19|168860172326
45113|0x6e7ac3e09|20|233777596870
45113|0x16e7ac3e09|21|680582546276
45113|0x36e7ac3e09|22|1451600348645
45113|0x36e7ac3e09|23|2318848571713
45113|0xb6e7ac3e09|24|4216829100065
45115|0xa8f3|1|392289
45115|0x2a8f3|2|887189
45115|0x6a8f3|3|1766235
45115|0x6a8f3|4|3699433
45115|0x16a8f3|5|7397065
45115|0x36a8f3|6|14997580
45115|0x76a8f3|7|30165208
45115|0xf6a8f3|8|60399977
45115|0x1f6a8f3|9|120001105
45115|0x1f6a8f3|10|242142230
45115|0x1f6a8f3|11|484588688
45115|0x9f6a8f3|12|967578262
45115|0x9f6a8f3|13|1960417986
45115|0x29f6a8f3|14|3854364392
45115|0x69f6a8f3|15|7850224268
45115|0x69f6a8f3|16|15601524614
45115|0x69f6a8f3|17|31091739010
45115|0x269f6a8f3|18|61101848522
45115|0x269f6a8f3|19|122375457911
45115|0xa69f6a8f3|20|251811441639
45115|0xa69f6a8f3|21|490549623900
45115|0xa69f6a8f3|22|1001886236670
45115|0x4a69f6a8f3|23|2040428049553
45115|0x4a69f6a8f3|24|3910219361589
45117|0x16715|1|345923
45117|0x16715|2|780700
45117|0x56715|3|1892853
45117|0xd6715|4|3569748
45117|0x1d6715|5|7668899
45117|0x3d6715|6|15008156
45117|0x3d6715|7|29922046
45117|0xbd6715|8|60541574
45117|0xbd6715|9|120527531
45117|0xbd6715|10|242243358
45117|0x4bd6715|11|484494035
45117|0xcbd6715|12|967369751
45117|0xcbd6715|13|1944731484
45117|0xcbd6715|14|3985446855
45117|0x4cbd6715|15|7711840884
45117|0xccbd6715|16|15687815982
45117|0x1ccbd6715|17|30523594916
45117|0x1ccbd6715|18|63013541838
45117|0x1ccbd6715|19|163162070976
45117|0x1ccbd6715|20|347105439576
45117|0x11ccbd6715|21|557175082565
45117|0x11ccbd6715|22|988994805892
45117|0x11ccbd6715|23|2007744258017
45117|0x11ccbd6715|24|4305642423443
45119|0x13fbf|1|645566
45119|0x33fbf|2|1393881
45119|0x33fbf|3|2994608
45119|0x33fbf|4|6147929
45119|0x33fbf|5|12523759
45119|0x233fbf|6|25126324
45119|0x233fbf|7|39036396
45119|0xa33fbf|8|58022361
45119|0xa33fbf|9|160236901
45119|0xa33fbf|10|311238149
45119|0x4a33fbf|11|583102964
45119|0x4a33fbf|12|1178480245
45119|0x4a33fbf|13|2379342128
45119|0x24a33fbf|14|4783545244
45119|0x64a33fbf|15|9537231159
45119|0x64a33fbf|16|19061437429
45119|0x164a33fbf|17|37702904940
45119|0x164a33fbf|18|53380272338
45119|0x164a33fbf|19|121774572162
45119|0x964a33fbf|20|269349373714
45119|0x964a33fbf|21|583796324370
45119|0x964a33fbf|22|891937227560
45119|0x964a33fbf|23|1986989102346
45119|0x8964a33fbf|24|3918724287207
45121|0x15fc1|1|344339
45121|0x35fc1|2|780488
45121|0x35fc1|3|1780388
45121|0x35fc1|4|3655819
45121|0x135fc1|5|7441728
45121|0x135fc1|6|14911246
45121|0x535fc1|7|24696432
45121|0x535fc1|8|56957619
45121|0x1535fc1|9|109956761
45121|0x1535fc1|10|233065214
45121|0x1535fc1|11|437038266
45121|0x9535fc1|12|860955808
45121|0x19535fc1|13|1700162005
45121|0x19535fc1|14|3427602652
45121|0x59535fc1|15|6851904220
45121|0x59535fc1|16|13433010308
45121|0x59535fc1|17|26872355331
45121|0x59535fc1|18|53307320580
45121|0x59535fc1|19|105771133723
45121|0x59535fc1|20|297522945437
45121|0x59535fc1|21|478606983236
45121|0x59535fc1|22|984458576965
45121|0x59535fc1|23|2124254317094
45121|0x8059535fc1|24|4037603686142
45123|0x11c6b|1|888268
45123|0x11c6b|2|1446590
45123|0x51c6b|3|3057083
45123|0x51c6b|4|6251347
45123|0x51c6b|5|12616342
45123|0x251c6b|6|25363258
45123|0x651c6b|7|37751430
45123|0x651c6b|8|57953610
45123|0x651c6b|9|164263806
45123|0x2651c6b|10|309436216
45123|0x6651c6b|11|586429862
45123|0x6651c6b|12|1191277484
45123|0x16651c6b|13|2327639918
45123|0x36651c6b|14|3297397556
45123|0x76651c6b|15|6159770756
45123|0xf6651c6b|16|12371836270
45123|0xf6651c6b|17|24320763255
45123|0x2f6651c6b|18|62048754581
45123|0x6f6651c6b|19|161342082467
45123|0xef6651c6b|20|374974847779
45123|0x1ef6651c6b|21|603366951480
45123|0x1ef6651c6b|22|925455636633
45123|0x1ef6651c6b|23|1978762681709
45123|0x9ef6651c6b|24|3989082627144
45125|0xe28d|1|358500
45125|0x2e28d|2|810431
45125|0x2e28d|3|1830529
45125|0xae28d|4|3741817
45125|0x1ae28d|5|7661899
45125|0x1ae28d|6|15118839
45125|0x1ae28d|7|22549717
45125|0x1ae28d|8|54026426
45125|0x11ae28d|9|105795401
45125|0x11ae28d|10|205621341
45125|0x11ae28d|11|396450588
45125|0x91ae28d|12|814212706
45125|0x191ae28d|13|1693487258
45125|0x191ae28d|14|4710807182
45125|0x591ae28d|15|8196368080
45125|0xd91ae28d|16|13400076544
45125|0x1d91ae28d|17|30483334441
45125|0x3d91ae28d|18|66927374866
45125|0x7d91ae28d|19|146764391383
45125|0x7d91ae28d|20|282329295811
45125|0x7d91ae28d|21|543922208541
45125|0x27d91ae28d|22|1144802632295
45125|0x27d91ae28d|23|2307676394641
45125|0x27d91ae28d|24|4527269153378
45127|0x1f977|1|630451
45127|0x3f977|2|1446736
45127|0x7f977|3|3066248
45127|0xff977|4|6259655
45127|0x1ff977|5|12623578
45127|0x3ff977|6|24125913
45127|0x7ff977|7|28936933
45127|0x7ff977|8|70856402
45127|0x17ff977|9|128630085
45127|0x37ff977|10|290846122
45127|0x77ff977|11|578154878
45127|0x77ff977|12|1201274156
45127|0x177ff977|13|2119881434
45127|0x177ff977|14|3244226641
45127|0x177ff977|15|6246717288
45127|0x977ff977|16|16817431293
45127|0x977ff977|17|27628027423
45127|0x2977ff977|18|69368324835
45127|0x2977ff977|19|131127791920
45127|0x2977ff977|20|266704345258
45127|0x2977ff977|21|534483948260
45127|0x22977ff977|22|1128900525315
45127|0x62977ff977|23|2146714640553
45127|0xe2977ff977|24|4175237912991
45129|0x41f9|1|391320
45129|0x241f9|2|831977
45129|0x241f9|3|1662323
45129|0x241f9|4|3792956
45129|0x241f9|5|7328080
45129|0x241f9|6|14935839
45129|0x241f9|7|29975560
45129|0x241f9|8|73441688
45129|0x241f9|9|100888741
45129|0x20241f9|10|240243237
45129|0x20241f9|11|349177537
45129|0x20241f9|12|758637648
45129|0x20241f9|13|1719565641
45129|0x220241f9|14|3542396525
45129|0x620241f9|15|6996976916
45129|0xe20241f9|16|13922383838
45129|0xe20241f9|17|26390815686
45129|0x2e20241f9|18|60526443235
45129|0x6e20241f9|19|131748504873
45129|0xee20241f9|20|263780318366
45129|0xee20241f9|21|528921413307
45129|0x2ee20241f9|22|1065431767780
45129|0x6ee20241f9|23|2183132299326
45129|0x6ee20241f9|24|4385801603384
45131|0x19963|1|673549
45131|0x19963|2|1446728
45131|0x59963|3|3067809
45131|0xd9963|4|6231222
45131|0x1d9963|5|12650250
45131|0x3d9963|6|17858929
45131|0x3d9963|7|44922847
45131|0xbd9963|8|100380256
45131|0x1bd9963|9|189519908
45131|0x1bd9963|10|315448893
45131|0x5bd9963|11|696388562
45131|0xdbd9963|12|1335860274
45131|0xdbd9963|13|2406310352
45131|0x2dbd9963|14|4987862933
45131|0x6dbd9963|15|9769921821
45131|0xedbd9963|16|12996427058
45131|0xedbd9963|17|38358281121
45131|0xedbd9963|18|61490406638
45131|0xedbd9963|19|119635453916
45131|0x8edbd9963|20|257007055450
45131|0x18edbd9963|21|509857929950
45131|0x18edbd9963|22|1058871852128
45131|0x58edbd9963|23|2246758568755
45131|0xd8edbd9963|24|4400781622390
45133|0x885|1|350467
45133|0x20885|2|1743645
45133|0x20885|3|1910398
45133|0xa0885|4|3663513
45133|0xa0885|5|7665935
45133|0x2a0885|6|15064749
45133|0x2a0885|7|30150535
45133|0xaa0885|8|61123750
45133|0x1aa0885|9|122072391
45133|0x3aa0885|10|242276852
45133|0x3aa0885|11|488440446
45133|0x3aa0885|12|970080078
45133|0x3aa0885|13|1941555243
45133|0x3aa0885|14|4794325011
45133|0x3aa0885|15|8750434945
45133|0x3aa0885|16|16628755285
45133|0x3aa0885|17|30970330039
45133|0x203aa0885|18|63151048778
45133|0x203aa0885|19|133755278866
45133|0x203aa0885|20|268856348233
45133|0x203aa0885|21|546102254605
45133|0x2203aa0885|22|1041223991639
45133|0x6203aa0885|23|2099247579886
45133|0x6203aa0885|24|3862859320648
45135|0x66af|1|358710
45135|0x66af|2|810133
45135|0x66af|3|1764207
45135|0x866af|4|3752341
45135|0x1866af|5|7529386
45135|0x3866af|6|15029744
45135|0x3866af|7|23918442
45135|0x3866af|8|53934544
45135|0x3866af|9|108877528
45135|0x3866af|10|213400542
45135|0x3866af|11|407542261
45135|0x83866af|12|882282939
45135|0x183866af|13|1608116373
45135|0x183866af|14|3467143286
45135|0x583866af|15|7160850067
45135|0x583866af|16|15608507678
45135|0x583866af|17|31152746858
45135|0x2583866af|18|55785834509
45135|0x2583866af|19|125735067986
45135|0x2583866af|20|251775661130
45135|0x2583866af|21|508458021489
45135|0x22583866af|22|1049620171289
45135|0x62583866af|23|2142753716743
45135|0x62583866af|24|4097093987362
45137|0x98b1|1|406407
45137|0x298b1|2|920772
45137|0x698b1|3|1818460
45137|0x698b1|4|3790768
45137|0x1698b1|5|7481948
45137|0x3698b1|6|15247999
45137|0x7698b1|7|24152859
45137|0xf698b1|8|56590162
45137|0x1f698b1|9|110551982
45137|0x1f698b1|10|203321028
45137|0x1f698b1|11|423309588
45137|0x9f698b1|12|862558591
45137|0x19f698b1|13|1751193736
45137|0x19f698b1|14|3324871908
45137|0x59f698b1|15|9046363227
45137|0x59f698b1|16|21433866227
45137|0x59f698b1|17|40160198960
45137|0x259f698b1|18|69282485458
45137|0x259f698b1|19|144634178587
45137|0xa59f698b1|20|295748292843
45137|0xa59f698b1|21|561566068895
45137|0x2a59f698b1|22|1083803956582
45137|0x6a59f698b1|23|2204468921661
45137|0xea59f698b1|24|4320575342791
45139|0x113db|1|667352
45139|0x113db|2|1485465
45139|0x113db|3|3077222
45139|0x113db|4|6239010
45139|0x113db|5|12648408
45139|0x113db|6|25381310
45139|0x113db|7|50380591
45139|0x113db|8|100979537
45139|0x113db|9|202884124
45139|0x20113db|10|321394164
45139|0x60113db|11|635935031
45139|0x60113db|12|1207417334
45139|0x160113db|13|2384476214
45139|0x360113db|14|4855153820
45139|0x760113db|15|10476976183
45139|0x760113db|16|18950841551
45139|0x1760113db|17|33906116273
45139|0x3760113db|18|64557926921
45139|0x3760113db|19|134696489210
45139|0x3760113db|20|271567358924
45139|0x3760113db|21|534320214352
45139|0x3760113db|22|1125162535765
45139|0x43760113db|23|2249241224028
45139|0x43760113db|24|4340889495579
45141|0xccfd|1|637958
45141|0x2ccfd|2|1446950
45141|0x6ccfd|3|3074207
45141|0x6ccfd|4|6249891
45141|0x16ccfd|5|12377670
45141|0x16ccfd|6|18131650
45141|0x16ccfd|7|50394113
45141|0x96ccfd|8|92572240
45141|0x196ccfd|9|180998427
45141|0x196ccfd|10|378584520
45141|0x596ccfd|11|693903310
45141|0xd96ccfd|12|1178989339
45141|0x1d96ccfd|13|2360922611
45141|0x1d96ccfd|14|5743586438
45141|0x1d96ccfd|15|8682150128
45141|0x9d96ccfd|16|12217571693
45141|0x9d96ccfd|17|36733995349
45141|0x9d96ccfd|18|73552492587
45141|0x49d96ccfd|19|121595570204
45141|0x49d96ccfd|20|261218962030
45141|0x49d96ccfd|21|546826486198
45141|0x249d96ccfd|22|1077233654194
45141|0x249d96ccfd|23|2138687910263
45141|0xa49d96ccfd|24|4500635080981
45143|0x13b67|1|374272
45143|0x33b67|2|783934
45143|0x33b67|3|1771396
45143|0x33b67|4|3698064
45143|0x133b67|5|7578150
45143|0x333b67|6|14985313
45143|0x733b67|7|30180970
45143|0x733b67|8|60580264
45143|0x733b67|9|120689672
45143|0x733b67|10|222954535
45143|0x733b67|11|444401011
45143|0x733b67|12|811366291
45143|0x733b67|13|1633933154
45143|0x20733b67|14|3222436061
45143|0x60733b67|15|6786634420
45143|0x60733b67|16|13564984209
45143|0x60733b67|17|31934439847
45143|0x60733b67|18|68911016433
45143|0x60733b67|19|149113147349
45143|0x60733b67|20|252711169398
45143|0x1060733b67|21|551350361206
45143|0x3060733b67|22|1093553300316
45143|0x7060733b67|23|2126792786862
45143|0xf060733b67|24|4481776744598
45145|0x197e9|1|359078
45145|0x397e9|2|840106
45145|0x397e9|3|1892839
45145|0x397e9|4|3687157
45145|0x1397e9|5|7731853
45145|0x1397e9|6|15240724
45145|0x5397e9|7|24438298
45145|0xd397e9|8|64877591
45145|0xd397e9|9|117027912
45145|0x2d397e9|10|214222578
45145|0x6d397e9|11|432342845
45145|0xed397e9|12|822041389
45145|0xed397e9|13|1616353335
45145|0x2ed397e9|14|3739436211
45145|0x6ed397e9|15|8039708151
45145|0x6ed397e9|16|14235544669
45145|0x6ed397e9|17|33730427712
45145|0x6ed397e9|18|66874239082
45145|0x6ed397e9|19|135240554806
45145|0x86ed397e9|20|290709992509
45145|0x86ed397e9|21|536979631475
45145|0x286ed397e9|22|999450376072
45145|0x686ed397e9|23|2193214746503
45145|0xe86ed397e9|24|4385853078173
45147|0xffd3|1|402305
45147|0xffd3|2|808665
45147|0x4ffd3|3|1813425
45147|0xcffd3|4|3784821
45147|0xcffd3|5|7768871
45147|0xcffd3|6|15249451
45147|0xcffd3|7|30343164
45147|0x8cffd3|8|93521052
45147|0x8cffd3|9|145786668
45147|0x28cffd3|10|296446741
45147|0x28cffd3|11|594649085
45147|0xa8cffd3|12|1224115798
45147|0x1a8cffd3|13|2904821202
45147|0x3a8cffd3|14|5604984311
45147|0x7a8cffd3|15|10830734075
45147|0xfa8cffd3|16|20481325175
45147|0xfa8cffd3|17|26628776851
45147|0x2fa8cffd3|18|71806084969
45147|0x2fa8cffd3|19|135694462617
45147|0x2fa8cffd3|20|254941228521
45147|0x12fa8cffd3|21|557970554569
45147|0x12fa8cffd3|22|1169645371363
45147|0x12fa8cffd3|23|2068344396587
45147|0x12fa8cffd3|24|4128493223106
45149|0xa3f5|1|414548
45149|0xa3f5|2|810155
45149|0x4a3f5|3|1776119
45149|0xca3f5|4|3801047
45149|0x1ca3f5|5|7671812
45149|0x3ca3f5|6|15290171
45149|0x7ca3f5|7|30454663
45149|0x7ca3f5|8|83678097
45149|0x7ca3f5|9|151223949
45149|0x27ca3f5|10|329089360
45149|0x27ca3f5|11|637028362
45149|0xa7ca3f5|12|1272437247
45149|0xa7ca3f5|13|2471137992
45149|0xa7ca3f5|14|4401415261
45149|0xa7ca3f5|15|6675945350
45149|0x8a7ca3f5|16|15505159368
45149|0x8a7ca3f5|17|29463160973
45149|0x8a7ca3f5|18|72634041437
45149|0x8a7ca3f5|19|147865383767
45149|0x88a7ca3f5|20|232863164220
45149|0x188a7ca3f5|21|544357936889
45149|0x388a7ca3f5|22|1121373268863
45149|0x788a7ca3f5|23|2121159686592
45149|0x788a7ca3f5|24|4143197788763
45151|0x1ab9f|1|424420
45151|0x1ab9f|2|887078
45151|0x5ab9f|3|1759986
45151|0xdab9f|4|3744220
45151|0x1dab9f|5|7385682
45151|0x1dab9f|6|15088931
45151|0x1dab9f|7|30197481
45151|0x1dab9f|8|60578173
45151|0x11dab9f|9|121159626
45151|0x11dab9f|10|242240172
45151|0x11dab9f|11|484677575
45151|0x11dab9f|12|969696521
45151|0x111dab9f|13|1939486396
45151|0x111dab9f|14|3887118868
45151|0x511dab9f|15|7822263907
45151|0xd11dab9f|16|16092749285
45151|0xd11dab9f|17|30284579558
45151|0x2d11dab9f|18|61601315521
45151|0x2d11dab9f|19|122641144968
45151|0x2d11dab9f|20|273704894257
45151|0x12d11dab9f|21|517169700628
45151|0x12d11dab9f|22|985000988916
45151|0x52d11dab9f|23|1959738373539
45151|0xd2d11dab9f|24|3999023585799
45153|0x1f3a1|1|408994
45153|0x1f3a1|2|886911
45153|0x5f3a1|3|1709011
45153|0x5f3a1|4|3786672
45153|0x5f3a1|5|7344053
45153|0x5f3a1|6|15210232
45153|0x45f3a1|7|30437663
45153|0x45f3a1|8|60947366
45153|0x45f3a1|9|121344031
45153|0x245f3a1|10|243831602
45153|0x645f3a1|11|487949230
45153|0xe45f3a1|12|970141953
45153|0xe45f3a1|13|1945655275
45153|0xe45f3a1|14|3894795555
45153|0xe45f3a1|15|7806649144
45153|0x8e45f3a1|16|15612433356
45153|0x8e45f3a1|17|30839937904
45153|0x28e45f3a1|18|60820435528
45153|0x28e45f3a1|19|123253757529
45153|0xa8e45f3a1|20|241535347115
45153|0x1a8e45f3a1|21|492387187381
45153|0x3a8e45f3a1|22|981848319348
45153|0x3a8e45f3a1|23|1968313044416
45153|0x3a8e45f3a1|24|4206125776030
45155|0x1514b|1|392490
45155|0x3514b|2|797591
45155|0x7514b|3|1686859
45155|0xf514b|4|3822107
45155|0x1f514b|5|7601343
45155|0x1f514b|6|15274127
45155|0x1f514b|7|41495255
45155|0x1f514b|8|86659636
45155|0x1f514b|9|154690760
45155|0x1f514b|10|324903968
45155|0x41f514b|11|553075532
45155|0x41f514b|12|824189105
45155|0x41f514b|13|1636967470
45155|0x241f514b|14|3973513013
45155|0x241f514b|15|9927025900
45155|0xa41f514b|16|14853884162
45155|0x1a41f514b|17|33818758961
45155|0x1a41f514b|18|71904209182
45155|0x1a41f514b|19|136719118603
45155|0x9a41f514b|20|277519605469
45155|0x19a41f514b|21|578937174829
45155|0x19a41f514b|22|1203781836300
45155|0x59a41f514b|23|2145382696070
45155|0xd9a41f514b|24|4252540128215
45157|0x816d|1|366159
45157|0x2816d|2|807177
45157|0x2816d|3|1882327
45157|0xa816d|4|3551247
45157|0xa816d|5|7569688
45157|0x2a816d|6|15060699
45157|0x6a816d|7|30161215
45157|0x6a816d|8|60725290
45157|0x16a816d|9|120068803
45157|0x16a816d|10|240866795
45157|0x16a816d|11|519068064
45157|0x96a816d|12|970109895
45157|0x196a816d|13|1775186317
45157|0x196a816d|14|3652679597
45157|0x596a816d|15|6810577903
45157|0xd96a816d|16|14789689487
45157|0x1d96a816d|17|36845114332
45157|0x1d96a816d|18|68979213264
45157|0x5d96a816d|19|137854830451
45157|0xdd96a816d|20|259070115503
45157|0x1dd96a816d|21|576281969821
45157|0x1dd96a816d|22|1065000460843
45157|0x5dd96a816d|23|2292522130140
45157|0xddd96a816d|24|4249572211888
45159|0x16b57|1|349761
45159|0x36b57|2|810484
45159|0x76b57|3|1934585
45159|0xf6b57|4|3673515
45159|0xf6b57|5|6923590
45159|0xf6b57|6|10521307
45159|0xf6b57|7|29898945
45159|0xf6b57|8|55436159
45159|0xf6b57|9|109135490
45159|0xf6b57|10|222361568
45159|0xf6b57|11|420332085
45159|0xf6b57|12|844866407
45159|0xf6b57|13|1674434789
45159|0x200f6b57|14|3358988759
45159|0x200f6b57|15|6839076686
45159|0xa00f6b57|16|14121508236
45159|0x1a00f6b57|17|30251372632
45159|0x3a00f6b57|18|55561993297
45159|0x3a00f6b57|19|113579632774
45159|0x3a00f6b57|20|227624206304
45159|0x3a00f6b57|21|541168066705
45159|0x3a00f6b57|22|1016314051389
45159|0x3a00f6b57|23|1950244803715
45159|0x83a00f6b57|24|3788862570540
45161|0x1dfd9|1|375165
45161|0x3dfd9|2|780392
45161|0x7dfd9|3|1818227
45161|0x7dfd9|4|3608005
45161|0x7dfd9|5|7604140
45161|0x27dfd9|6|13479460
45161|0x67dfd9|7|26538259
45161|0xe7dfd9|8|60120389
45161|0x1e7dfd9|9|113178331
45161|0x3e7dfd9|10|212134851
45161|0x7e7dfd9|11|423367823
45161|0xfe7dfd9|12|853427805
45161|0x1fe7dfd9|13|1654985709
45161|0x1fe7dfd9|14|3504879061
45161|0x1fe7dfd9|15|7021493648
45161|0x9fe7dfd9|16|13943593722
45161|0x19fe7dfd9|17|28778914536
45161|0x39fe7dfd9|18|56931091098
45161|0x79fe7dfd9|19|126137545694
45161|0x79fe7dfd9|20|228314954894
45161|0x179fe7dfd9|21|477014252687
45161|0x379fe7dfd9|22|966318933957
45161|0x779fe7dfd9|23|1949859568177
45161|0x779fe7dfd9|24|3911514376180
45163|0x7c43|1|357480
45163|0x27c43|2|833814
45163|0x27c43|3|1843870
45163|0xa7c43|4|3688564
45163|0x1a7c43|5|7253276
45163|0x1a7c43|6|10403465
45163|0x1a7c43|7|28095269
45163|0x9a7c43|8|52865323
45163|0x9a7c43|9|106460186
45163|0x29a7c43|10|215067945
45163|0x69a7c43|11|480052191
45163|0xe9a7c43|12|963546570
45163|0x1e9a7c43|13|1639270521
45163|0x1e9a7c43|14|3370373978
45163|0x1e9a7c43|15|7438058430
45163|0x1e9a7c43|16|15746494662
45163|0x11e9a7c43|17|29720746472
45163|0x31e9a7c43|18|55703819723
45163|0x31e9a7c43|19|109236934819
45163|0xb1e9a7c43|20|251191032423
45163|0x1b1e9a7c43|21|477299470938
45163|0x3b1e9a7c43|22|1009248608112
45163|0x7b1e9a7c43|23|2199947504281
45163|0xfb1e9a7c43|24|3898751111029
45165|0xd965|1|295619
45165|0x2d965|2|582728
45165|0x6d965|3|1213044
45165|0x6d965|4|2633810
45165|0x6d965|5|7505803
45165|0x26d965|6|14902709
45165|0x26d965|7|29772628
45165|0x26d965|8|52585793
45165|0x26d965|9|109572248
45165|0x226d965|10|274179333
45165|0x226d965|11|475371292
45165|0x226d965|12|940860425
45165|0x226d965|13|1777956009
45165|0x2226d965|14|3855990480
45165|0x6226d965|15|7226044148
45165|0xe226d965|16|13715894398
45165|0x1e226d965|17|27497668722
45165|0x1e226d965|18|53906848932
45165|0x1e226d965|19|113436108781
45165|0x9e226d965|20|225311014390
45165|0x19e226d965|21|452927974631
45165|0x19e226d965|22|920277970219
45165|0x19e226d965|23|1822732930528
45165|0x99e226d965|24|3916248837738
45167|0xae8f|1|406523
45167|0x2ae8f|2|920465
45167|0x6ae8f|3|1839227
45167|0xeae8f|4|3721608
45167|0xeae8f|5|7455949
45167|0x2eae8f|6|15132941
45167|0x6eae8f|7|30208124
45167|0x6eae8f|8|60347686
45167|0x6eae8f|9|120705245
45167|0x6eae8f|10|242554716
45167|0x6eae8f|11|479401556
45167|0x86eae8f|12|959737549
45167|0x86eae8f|13|1938725279
45167|0x86eae8f|14|3869257396
45167|0x486eae8f|15|7697275748
45167|0xc86eae8f|16|14849008758
45167|0x1c86eae8f|17|27415743113
45167|0x3c86eae8f|18|54959737776
45167|0x3c86eae8f|19|108329286183
45167|0x3c86eae8f|20|224798252701
45167|0x13c86eae8f|21|451175445203
45167|0x33c86eae8f|22|910371221457
45167|0x73c86eae8f|23|1926953071108
45167|0x73c86eae8f|24|3677040501657
45169|0x11091|1|344239
45169|0x11091|2|1695781
45169|0x51091|3|1877231
45169|0x51091|4|3597056
45169|0x51091|5|7620020
45169|0x251091|6|15084411
45169|0x651091|7|30130370
45169|0x651091|8|60331903
45169|0x651091|9|120386786
45169|0x651091|10|240827451
45169|0x651091|11|481471428
45169|0x8651091|12|952645106
45169|0x18651091|13|1607122928
45169|0x18651091|14|3501684660
45169|0x58651091|15|7060941729
45169|0xd8651091|16|13172537843
45169|0x1d8651091|17|36470838534
45169|0x3d8651091|18|67140501633
45169|0x3d8651091|19|125392968189
45169|0xbd8651091|20|248070526690
45169|0xbd8651091|21|449907516710
45169|0xbd8651091|22|918039663480
45169|0xbd8651091|23|2143667416222
45169|0xbd8651091|24|4417459750960
45171|0x174bb|1|345174
45171|0x174bb|2|843647
45171|0x174bb|3|1920581
45171|0x974bb|4|3638192
45171|0x974bb|5|7598359
45171|0x974bb|6|15218189
45171|0x974bb|7|34711662
45171|0x8974bb|8|105706627
45171|0x8974bb|9|158236445
45171|0x28974bb|10|292070313
45171|0x68974bb|11|605640222
45171|0x68974bb|12|1242484560
45171|0x168974bb|13|2464349008
45171|0x368974bb|14|4469602164
45171|0x368974bb|15|10566728634
45171|0x368974bb|16|15346390524
45171|0x1368974bb|17|36716632145
45171|0x3368974bb|18|72409699369
45171|0x3368974bb|19|186274572810
45171|0x3368974bb|20|253232386843
45171|0x13368974bb|21|598348561045
45171|0x33368974bb|22|1049262226472
45171|0x33368974bb|23|1985344456462
45171|0xb3368974bb|24|3941757296063
45173|0x19fdd|1|384711
45173|0x39fdd|2|780591
45173|0x39fdd|3|1822453
45173|0x39fdd|4|3633561
45173|0x139fdd|5|7632608
45173|0x339fdd|6|15032534
45173|0x339fdd|7|30171224
45173|0xb39fdd|8|60509796
45173|0xb39fdd|9|121124932
45173|0xb39fdd|10|244330958
45173|0xb39fdd|11|486193695
45173|0xb39fdd|12|976996222
45173|0x10b39fdd|13|1954977067
45173|0x30b39fdd|14|3900894915
45173|0x70b39fdd|15|7807960932
45173|0x70b39fdd|16|15556425532
45173|0x170b39fdd|17|31152887875
45173|0x170b39fdd|18|74985576372
45173|0x570b39fdd|19|140928159225
45173|0xd70b39fdd|20|264719876806
45173|0xd70b39fdd|21|486772309560
45173|0x2d70b39fdd|22|991377196159
45173|0x6d70b39fdd|23|1881168137600
45173|0xed70b39fdd|24|3927169907113
45175|0x2947|1|352179
45175|0x2947|2|816102
45175|0x42947|3|1840289
45175|0x42947|4|3626456
45175|0x142947|5|7671323
45175|0x142947|6|14979140
45175|0x542947|7|30027587
45175|0xd42947|8|60209752
45175|0x1d42947|9|120446465
45175|0x3d42947|10|241634077
45175|0x7d42947|11|482444902
45175|0x7d42947|12|970519009
45175|0x7d42947|13|1909647816
45175|0x7d42947|14|3805242163
45175|0x7d42947|15|7871673673
45175|0x87d42947|16|14873298885
45175|0x187d42947|17|30173480756
45175|0x187d42947|18|61180630313
45175|0x187d42947|19|147650363834
45175|0x987d42947|20|246725165269
45175|0x1987d42947|21|554421631088
45175|0x1987d42947|22|990479219646
45175|0x5987d42947|23|2059642304707
45175|0x5987d42947|24|3923425809635
45177|0xb9c9|1|440202
45177|0x2b9c9|2|810069
45177|0x6b9c9|3|1719022
45177|0xeb9c9|4|3788439
45177|0x1eb9c9|5|7453552
45177|0x1eb9c9|6|15049383
45177|0x5eb9c9|7|30352985
45177|0xdeb9c9|8|60650492
45177|0x1deb9c9|9|120691400
45177|0x3deb9c9|10|242565948
45177|0x7deb9c9|11|475582992
45177|0xfdeb9c9|12|975148996
45177|0xfdeb9c9|13|1948884515
45177|0x2fdeb9c9|14|3352608975
45177|0x6fdeb9c9|15|6635544598
45177|0x6fdeb9c9|16|14088199577
45177|0x6fdeb9c9|17|30834440607
45177|0x26fdeb9c9|18|102111585373
45177|0x26fdeb9c9|19|204782123902
45177|0x26fdeb9c9|20|408037308296
45177|0x126fdeb9c9|21|816981502440
45177|0x326fdeb9c9|22|1097066806647
45177|0x726fdeb9c9|23|1952274570442
45177|0x726fdeb9c9|24|3919062477139
45179|0x1aeb3|1|422034
45179|0x3aeb3|2|886867
45179|0x3aeb3|3|1814914
45179|0x3aeb3|4|3697904
45179|0x3aeb3|5|7429423
45179|0x23aeb3|6|15062190
45179|0x63aeb3|7|30182252
45179|0x63aeb3|8|60482091
45179|0x63aeb3|9|122017183
45179|0x63aeb3|10|244169388
45179|0x63aeb3|11|484550009
45179|0x863aeb3|12|985889786
45179|0x1863aeb3|13|1936915513
45179|0x1863aeb3|14|3875916308
45179|0x5863aeb3|15|7797330194
45179|0x5863aeb3|16|15529194594
45179|0x15863aeb3|17|30887329976
45179|0x35863aeb3|18|61486525860
45179|0x35863aeb3|19|120805322813
45179|0x35863aeb3|20|243491430910
45179|0x35863aeb3|21|484027174888
45179|0x235863aeb3|22|970835598109
45179|0x635863aeb3|23|1950347790106
45179|0xe35863aeb3|24|4319448281818
45181|0x48d5|1|342447
45181|0x248d5|2|780487
45181|0x248d5|3|1693882
45181|0x248d5|4|3436054
45181|0x1248d5|5|6978873
45181|0x1248d5|6|14291671
45181|0x1248d5|7|28576207
45181|0x1248d5|8|57060804
45181|0x11248d5|9|114114013
45181|0x11248d5|10|229739504
45181|0x11248d5|11|460812334
45181|0x91248d5|12|921671813
45181|0x91248d5|13|1844866796
45181|0x91248d5|14|3695821484
45181|0x91248d5|15|7319258851
45181|0x91248d5|16|14683782555
45181|0x1091248d5|17|28453173777
45181|0x3091248d5|18|57762683099
45181|0x3091248d5|19|116602555407
45181|0xb091248d5|20|230224252993
45181|0xb091248d5|21|466244725186
45181|0x2b091248d5|22|927989094662
45181|0x6b091248d5|23|2066333991630
45181|0xeb091248d5|24|4289172283482
45183|0x10f7f|1|400414
45183|0x30f7f|2|859849
45183|0x70f7f|3|1892254
45183|0xf0f7f|4|3524044
45183|0xf0f7f|5|7128326
45183|0x2f0f7f|6|14498722
45183|0x2f0f7f|7|28672986
45183|0x2f0f7f|8|69494364
45183|0x2f0f7f|9|145007227
45183|0x22f0f7f|10|279423504
45183|0x22f0f7f|11|633197947
45183|0x22f0f7f|12|860629845
45183|0x122f0f7f|13|1551828373
45183|0x322f0f7f|14|3019896801
45183|0x722f0f7f|15|9068227744
45183|0x722f0f7f|16|14841888810
45183|0x1722f0f7f|17|35300257117
45183|0x1722f0f7f|18|75435035207
45183|0x1722f0f7f|19|152669070532
45183|0x9722f0f7f|20|248383563450
45183|0x19722f0f7f|21|507708121563
45183|0x39722f0f7f|22|1049418627562
45183|0x39722f0f7f|23|1932021848190
45183|0x39722f0f7f|24|3758302147150
45185|0x18f81|1|391687
45185|0x38f81|2|1435278
45185|0x78f81|3|1683164
45185|0xf8f81|4|3751751
45185|0xf8f81|5|7414030
45185|0xf8f81|6|14926839
45185|0xf8f81|7|22320203
45185|0x8f8f81|8|54252560
45185|0x18f8f81|9|96632941
45185|0x18f8f81|10|209486001
45185|0x58f8f81|11|442214961
45185|0x58f8f81|12|875438303
45185|0x58f8f81|13|1757870961
45185|0x58f8f81|14|3493095202
45185|0x58f8f81|15|6841156354
45185|0x858f8f81|16|17493965340
45185|0x858f8f81|17|51453596197
45185|0x2858f8f81|18|71042310292
45185|0x2858f8f81|19|122379659208
45185|0xa858f8f81|20|254532484519
45185|0xa858f8f81|21|484356053858
45185|0x2a858f8f81|22|957164125879
45185|0x6a858f8f81|23|2092188416115
45185|0xea858f8f81|24|4808826094641
45187|0x11e2b|1|352420
45187|0x11e2b|2|890837
45187|0x11e2b|3|1955354
45187|0x11e2b|4|3647777
45187|0x111e2b|5|7537437
45187|0x111e2b|6|15105875
45187|0x111e2b|7|30129023
45187|0x911e2b|8|60160926
45187|0x1911e2b|9|120228404
45187|0x3911e2b|10|242067799
45187|0x3911e2b|11|480512966
45187|0xb911e2b|12|854858642
45187|0x1b911e2b|13|1930496237
45187|0x3b911e2b|14|3678432183
45187|0x7b911e2b|15|6859842135
45187|0x7b911e2b|16|13923955104
45187|0x17b911e2b|17|29422306362
45187|0x37b911e2b|18|54629888546
45187|0x77b911e2b|19|137351632971
45187|0xf7b911e2b|20|236944465951
45187|0xf7b911e2b|21|501992290398
45187|0x2f7b911e2b|22|1035598329427
45187|0x6f7b911e2b|23|2717372168832
45187|0x6f7b911e2b|24|4752213718499
45189|0x1c84d|1|393888
45189|0x3c84d|2|818831
45189|0x7c84d|3|1722445
45189|0x7c84d|4|3787860
45189|0x7c84d|5|7628757
45189|0x7c84d|6|15260695
45189|0x47c84d|7|30557379
45189|0x47c84d|8|61177542
45189|0x147c84d|9|116642267
45189|0x147c84d|10|219640823
45189|0x547c84d|11|440803912
45189|0xd47c84d|12|935419271
45189|0xd47c84d|13|2613812685
45189|0xd47c84d|14|5415654533
45189|0x4d47c84d|15|10045795243
45189|0xcd47c84d|16|16349951636
45189|0xcd47c84d|17|31913140878
45189|0xcd47c84d|18|61553767075
45189|0x4cd47c84d|19|121490560295
45189|0x4cd47c84d|20|228692852666
45189|0x4cd47c84d|21|470377193506
45189|0x24cd47c84d|22|969473147163
45189|0x64cd47c84d|23|1836986292406
45189|0xe4cd47c84d|24|3787145186869
45191|0x11537|1|344070
45191|0x11537|2|780994
45191|0x11537|3|1922603
45191|0x91537|4|3602059
45191|0x91537|5|7636376
45191|0x291537|6|14893411
45191|0x691537|7|29917891
45191|0x691537|8|60423058
45191|0x691537|9|120324410
45191|0x2691537|10|241420433
45191|0x6691537|11|475056814
45191|0x6691537|12|929956780
45191|0x6691537|13|1871243399
45191|0x26691537|14|3823499297
45191|0x26691537|15|6490937314
45191|0xa6691537|16|14678356972
45191|0xa6691537|17|27357369365
45191|0xa6691537|18|57515641044
45191|0xa6691537|19|111853595423
45191|0xa6691537|20|238886520869
45191|0xa6691537|21|551678119452
45191|0xa6691537|22|1019459328892
45191|0x40a6691537|23|2048047400110
45191|0xc0a6691537|24|3749600846256
45193|0x1c5b9|1|346414
45193|0x3c5b9|2|780521
45193|0x7c5b9|3|1662203
45193|0xfc5b9|4|3456605
45193|0xfc5b9|5|7281146
45193|0x2fc5b9|6|14305327
45193|0x2fc5b9|7|22330654
45193|0xafc5b9|8|54133704
45193|0xafc5b9|9|111730070
45193|0x2afc5b9|10|210040187
45193|0x2afc5b9|11|401330481
45193|0xaafc5b9|12|795733237
45193|0x1aafc5b9|13|1486907545
45193|0x3aafc5b9|14|4314543645
45193|0x7aafc5b9|15|8447191828
45193|0xfaafc5b9|16|18174827296
45193|0x1faafc5b9|17|35158854160
45193|0x1faafc5b9|18|60011213260
45193|0x1faafc5b9|19|110606029148
45193|0x9faafc5b9|20|223849768875
45193|0x19faafc5b9|21|562584469107
45193|0x19faafc5b9|22|900128922325
45193|0x59faafc5b9|23|1950194150755
45193|0xd9faafc5b9|24|4240120706617
45195|0x3723|1|610541
45195|0x23723|2|1394136
45195|0x63723|3|3009378
45195|0xe3723|4|6183588
45195|0xe3723|5|12511096
45195|0x2e3723|6|25129122
45195|0x2e3723|7|50363654
45195|0x2e3723|8|100909903
45195|0x12e3723|9|201973892
45195|0x32e3723|10|404091371
45195|0x32e3723|11|815181142
45195|0x32e3723|12|1600389362
45195|0x32e3723|13|1842231151
45195|0x32e3723|14|3425881868
45195|0x32e3723|15|7819723985
45195|0x832e3723|16|12658528124
45195|0x1832e3723|17|26894649584
45195|0x3832e3723|18|56743145670
45195|0x3832e3723|19|114523142155
45195|0xb832e3723|20|259257292766
45195|0x1b832e3723|21|485522579997
45195|0x3b832e3723|22|910394431416
45195|0x3b832e3723|23|1863191989856
45195|0xbb832e3723|24|3815554230245
45197|0x9245|1|385331
45197|0x9245|2|778770
45197|0x9245|3|1851991
45197|0x9245|4|3561310
45197|0x9245|5|7599659
45197|0x209245|6|11041450
45197|0x209245|7|27281392
45197|0xa09245|8|53758078
45197|0x1a09245|9|113227554
45197|0x3a09245|10|242318046
45197|0x7a09245|11|483824540
45197|0xfa09245|12|957353384
45197|0xfa09245|13|1842154517
45197|0xfa09245|14|3322121147
45197|0xfa09245|15|7518826704
45197|0xfa09245|16|14736117880
45197|0x10fa09245|17|31171326922
45197|0x10fa09245|18|60707888134
45197|0x50fa09245|19|114436305616
45197|0xd0fa09245|20|243271810117
45197|0x1d0fa09245|21|475630042966
45197|0x1d0fa09245|22|872608780584
45197|0x5d0fa09245|23|1863662879979
45197|0x5d0fa09245|24|4171644014987
45199|0x6e6f|1|237517
45199|0x26e6f|2|527789
45199|0x26e6f|3|1198979
45199|0xa6e6f|4|2443092
45199|0xa6e6f|5|5148272
45199|0xa6e6f|6|13103310
45199|0x4a6e6f|7|28419101
45199|0xca6e6f|8|50996732
45199|0x1ca6e6f|9|107539167
45199|0x1ca6e6f|10|190728456
45199|0x5ca6e6f|11|418730887
45199|0xdca6e6f|12|1194624212
45199|0xdca6e6f|13|2300088218
45199|0x2dca6e6f|14|3628335773
45199|0x6dca6e6f|15|9144729286
45199|0xedca6e6f|16|16446530176
45199|0xedca6e6f|17|39605026415
45199|0xedca6e6f|18|48270327405
45199|0xedca6e6f|19|106898867576
45199|0xedca6e6f|20|236876401162
45199|0xedca6e6f|21|489549984104
45199|0xedca6e6f|22|884718353252
45199|0xedca6e6f|23|1748265231168
45199|0xedca6e6f|24|4369814805213
45201|0x11071|1|505011
45201|0x11071|2|844392
45201|0x11071|3|1718679
45201|0x91071|4|3808034
45201|0x191071|5|7458583
45201|0x191071|6|22608216
45201|0x191071|7|43247472
45201|0x991071|8|88642441
45201|0x991071|9|152659090
45201|0x2991071|10|282468035
45201|0x6991071|11|627149298
45201|0xe991071|12|1183461911
45201|0xe991071|13|2427355383
45201|0xe991071|14|4466360024
45201|0xe991071|15|7689086749
45201|0x8e991071|16|17474023584
45201|0x8e991071|17|28657343690
45201|0x28e991071|18|64393951454
45201|0x68e991071|19|152500929467
45201|0x68e991071|20|320836735029
45201|0x68e991071|21|537486679666
45201|0x68e991071|22|1127261867094
45201|0x468e991071|23|1874726196771
45201|0x468e991071|24|3760117359183
45203|0x1ed9b|1|406996
45203|0x3ed9b|2|1305894
45203|0x7ed9b|3|1675218
45203|0xfed9b|4|3804153
45203|0xfed9b|5|7534526
45203|0xfed9b|6|15018476
45203|0xfed9b|7|30084537
45203|0x8fed9b|8|59880196
45203|0x8fed9b|9|120064815
45203|0x28fed9b|10|240513865
45203|0x68fed9b|11|481278244
45203|0xe8fed9b|12|967092253
45203|0x1e8fed9b|13|1917342655
45203|0x1e8fed9b|14|3869646768
45203|0x1e8fed9b|15|6556383001
45203|0x9e8fed9b|16|12931351990
45203|0x9e8fed9b|17|26753838817
45203|0x29e8fed9b|18|54951656129
45203|0x69e8fed9b|19|111988625828
45203|0x69e8fed9b|20|232688708669
45203|0x169e8fed9b|21|474256565115
45203|0x169e8fed9b|22|899248995068
45203|0x169e8fed9b|23|1910850518722
45203|0x169e8fed9b|24|3761551551055
45205|0x9abd|1|673257
45205|0x9abd|2|1400560
45205|0x49abd|3|3026071
45205|0x49abd|4|6257173
45205|0x149abd|5|12644503
45205|0x349abd|6|25439810
45205|0x349abd|7|50928860
45205|0x349abd|8|71252776
45205|0x1349abd|9|175064580
45205|0x3349abd|10|356245570
45205|0x3349abd|11|696033720
45205|0xb349abd|12|1400496908
45205|0x1b349abd|13|2747348679
45205|0x1b349abd|14|5576165787
45205|0x1b349abd|15|11156970951
45205|0x1b349abd|16|19436302123
45205|0x1b349abd|17|29993531043
45205|0x1b349abd|18|53911938129
45205|0x41b349abd|19|111146559147
45205|0xc1b349abd|20|224754216219
45205|0xc1b349abd|21|470858550607
45205|0xc1b349abd|22|928478263156
45205|0x4c1b349abd|23|1830206835726
45205|0x4c1b349abd|24|3792632083514
45207|0x1cf27|1|378427
45207|0x1cf27|2|837343
45207|0x5cf27|3|1890208
45207|0xdcf27|4|3634061
45207|0x1dcf27|5|7575509
45207|0x1dcf27|6|15130443
45207|0x1dcf27|7|30262160
45207|0x1dcf27|8|60547509
45207|0x1dcf27|9|120664818
45207|0x1dcf27|10|305179520
45207|0x1dcf27|11|554760871
45207|0x1dcf27|12|820642581
45207|0x101dcf27|13|1590055834
45207|0x101dcf27|14|4599049110
45207|0x101dcf27|15|8019135649
45207|0x101dcf27|16|12000999233
45207|0x101dcf27|17|25897490807
45207|0x2101dcf27|18|57700262739
45207|0x6101dcf27|19|112122207461
45207|0xe101dcf27|20|228452009619
45207|0xe101dcf27|21|457717457727
45207|0x2e101dcf27|22|926127110644
45207|0x6e101dcf27|23|1869335022150
45207|0x6e101dcf27|24|3609314790828
45209|0xa3a9|1|269166
45209|0x2a3a9|2|545316
45209|0x2a3a9|3|1199191
45209|0xaa3a9|4|2603833
45209|0xaa3a9|5|5200958
45209|0x2aa3a9|6|14711954
45209|0x2aa3a9|7|30040614
45209|0x2aa3a9|8|57244851
45209|0x2aa3a9|9|106793016
45209|0x22aa3a9|10|209681865
45209|0x62aa3a9|11|421693208
45209|0x62aa3a9|12|812919150
45209|0x62aa3a9|13|1606782245
45209|0x62aa3a9|14|3245259883
45209|0x62aa3a9|15|6623148468
45209|0x62aa3a9|16|16301525189
45209|0x1062aa3a9|17|30890814674
45209|0x3062aa3a9|18|60067453816
45209|0x7062aa3a9|19|109813222502
45209|0x7062aa3a9|20|228650136039
45209|0x17062aa3a9|21|470542443897
45209|0x17062aa3a9|22|971835667549
45209|0x17062aa3a9|23|1855822568187
45209|0x17062aa3a9|24|3707813459317
45211|0x1b593|1|378187
45211|0x3b593|2|780705
45211|0x7b593|3|1680352
45211|0x7b593|4|3774853
45211|0x7b593|5|7378204
45211|0x7b593|6|14799005
45211|0x7b593|7|30430148
45211|0x87b593|8|60159987
45211|0x187b593|9|121300625
45211|0x387b593|10|240945880
45211|0x387b593|11|481997462
45211|0x387b593|12|968293603
45211|0x1387b593|13|1934692839
45211|0x3387b593|14|3646813220
45211|0x3387b593|15|6594981055
45211|0xb387b593|16|14592585239
45211|0xb387b593|17|25696126748
45211|0x2b387b593|18|57200895158
45211|0x2b387b593|19|111707433604
45211|0x2b387b593|20|216421230603
45211|0x12b387b593|21|495891547594
45211|0x12b387b593|22|1055013409596
45211|0x52b387b593|23|2101106438346
45211|0xd2b387b593|24|4279164358932
45213|0x155b5|1|403554
45213|0x355b5|2|1863444
45213|0x355b5|3|1886363
45213|0xb55b5|4|3740163
45213|0xb55b5|5|7508524
45213|0x2b55b5|6|15246138
45213|0x2b55b5|7|50314965
45213|0xab55b5|8|95474229
45213|0xab55b5|9|184964344
45213|0xab55b5|10|360365438
45213|0x4ab55b5|11|606933165
45213|0xcab55b5|12|1297657233
45213|0x1cab55b5|13|2622590552
45213|0x3cab55b5|14|5022950211
45213|0x3cab55b5|15|10352014633
45213|0x3cab55b5|16|15440727197
45213|0x13cab55b5|17|34731770928
45213|0x13cab55b5|18|66867665226
45213|0x13cab55b5|19|131390406526
45213|0x93cab55b5|20|259436041096
45213|0x93cab55b5|21|551648921709
45213|0x293cab55b5|22|906655974125
45213|0x293cab55b5|23|1892795218490
45213|0x293cab55b5|24|4056931484382
45215|0x6b5f|1|418319
45215|0x6b5f|2|883119
45215|0x46b5f|3|1662985
45215|0x46b5f|4|3800511
45215|0x146b5f|5|11317325
45215|0x146b5f|6|24208730
45215|0x146b5f|7|30307796
45215|0x946b5f|8|80622629
45215|0x946b5f|9|144524439
45215|0x2946b5f|10|293976226
45215|0x6946b5f|11|637291654
45215|0x6946b5f|12|1252494912
45215|0x6946b5f|13|2215681119
45215|0x26946b5f|14|3538403139
45215|0x26946b5f|15|7680895190
45215|0x26946b5f|16|16258114516
45215|0x26946b5f|17|32605565236
45215|0x226946b5f|18|78459744333
45215|0x626946b5f|19|129912614533
45215|0xe26946b5f|20|277468541022
45215|0x1e26946b5f|21|575366434965
45215|0x1e26946b5f|22|1037311343755
45215|0x5e26946b5f|23|2201632403883
45215|0x5e26946b5f|24|4604041313473
45217|0x13361|1|344058
45217|0x13361|2|1788213
45217|0x53361|3|1907586
45217|0xd3361|4|3656740
45217|0xd3361|5|7522569
45217|0x2d3361|6|15091324
45217|0x6d3361|7|30272890
45217|0x6d3361|8|61084450
45217|0x6d3361|9|122740520
45217|0x6d3361|10|245195344
45217|0x6d3361|11|486469298
45217|0x86d3361|12|982736469
45217|0x86d3361|13|1944683111
45217|0x286d3361|14|3901149507
45217|0x286d3361|15|7837283637
45217|0xa86d3361|16|15616372288
45217|0x1a86d3361|17|30910171606
45217|0x3a86d3361|18|61533181122
45217|0x3a86d3361|19|122754883335
45217|0xba86d3361|20|278587002118
45217|0xba86d3361|21|527363513727
45217|0x2ba86d3361|22|883376101434
45217|0x6ba86d3361|23|2541807452775
45217|0xeba86d3361|24|3865535175766
45219|0x1830b|1|410604
45219|0x3830b|2|1110456
45219|0x7830b|3|1662921
45219|0x7830b|4|3730513
45219|0x7830b|5|7302367
45219|0x27830b|6|14868672
45219|0x67830b|7|29698229
45219|0x67830b|8|59343495
45219|0x67830b|9|119944373
45219|0x67830b|10|238153827
45219|0x467830b|11|476069501
45219|0xc67830b|12|958490094
45219|0x1c67830b|13|1905060578
45219|0x1c67830b|14|3818745684
45219|0x5c67830b|15|7666594729
45219|0x5c67830b|16|18903784541
45219|0x5c67830b|17|39610221231
45219|0x25c67830b|18|92792523255
45219|0x25c67830b|19|204080092277
45219|0xa5c67830b|20|322705962096
45219|0xa5c67830b|21|509139202308
45219|0x2a5c67830b|22|1178713097907
45219|0x2a5c67830b|23|1925631606659
45219|0xaa5c67830b|24|4123472532607
45221|0x1b72d|1|394661
45221|0x3b72d|2|789632
45221|0x7b72d|3|1719612
45221|0xfb72d|4|3778494
45221|0x1fb72d|5|7511040
45221|0x3fb72d|6|15217353
45221|0x3fb72d|7|44836308
45221|0x3fb72d|8|100994738
45221|0x13fb72d|9|161957779
45221|0x13fb72d|10|347295817
45221|0x53fb72d|11|616773896
45221|0x53fb72d|12|1478800428
45221|0x153fb72d|13|1957707512
45221|0x153fb72d|14|3264504045
45221|0x153fb72d|15|8677221429
45221|0x953fb72d|16|16355753692
45221|0x953fb72d|17|27504446113
45221|0x953fb72d|18|55754466861
45221|0x4953fb72d|19|112421265246
45221|0x4953fb72d|20|200198120875
45221|0x14953fb72d|21|440870038853
45221|0x34953fb72d|22|1279227828761
45221|0x34953fb72d|23|2430872886492
45221|0xb4953fb72d|24|4630285855560
45223|0x1f717|1|352299
45223|0x1f717|2|810394
45223|0x1f717|3|1698315
45223|0x9f717|4|3505605
45223|0x9f717|5|7289731
45223|0x29f717|6|14428942
45223|0x69f717|7|28715832
45223|0x69f717|8|57692565
45223|0x169f717|9|115580546
45223|0x369f717|10|229138064
45223|0x769f717|11|458137127
45223|0x769f717|12|926029447
45223|0x1769f717|13|1831613796
45223|0x3769f717|14|3692553786
45223|0x3769f717|15|7696242764
45223|0x3769f717|16|20510388508
45223|0x13769f717|17|32788952711
45223|0x13769f717|18|66849227109
45223|0x53769f717|19|132272431611
45223|0x53769f717|20|260902476063
45223|0x53769f717|21|557959020644
45223|0x53769f717|22|1132048486195
45223|0x53769f717|23|2132449797199
45223|0x853769f717|24|4932445606381
45225|0xf399|1|360915
45225|0x2f399|2|780809
45225|0x6f399|3|1663150
45225|0x6f399|4|3741834
45225|0x16f399|5|7286871
45225|0x36f399|6|15026508
45225|0x76f399|7|29781568
45225|0x76f399|8|59369511
45225|0x76f399|9|119825664
45225|0x276f399|10|237990902
45225|0x276f399|11|477056870
45225|0xa76f399|12|956030293
45225|0x1a76f399|13|1906618348
45225|0x1a76f399|14|3814379043
45225|0x5a76f399|15|7633546772
45225|0xda76f399|16|15259872616
45225|0xda76f399|17|29492006449
45225|0x2da76f399|18|102310344321
45225|0x6da76f399|19|151932454038
45225|0xeda76f399|20|254388428158
45225|0xeda76f399|21|574052179973
45225|0xeda76f399|22|1132757751913
45225|0xeda76f399|23|2038892157846
45225|0xeda76f399|24|4475801471950
45227|0x1ca03|1|393892
45227|0x1ca03|2|887362
45227|0x5ca03|3|1704319
45227|0x5ca03|4|3699034
45227|0x5ca03|5|7346427
45227|0x5ca03|6|10377447
45227|0x45ca03|7|29157610
45227|0xc5ca03|8|43823219
45227|0x1c5ca03|9|96826107
45227|0x3c5ca03|10|195569216
45227|0x3c5ca03|11|387897015
45227|0x3c5ca03|12|727125071
45227|0x3c5ca03|13|1450765934
45227|0x3c5ca03|14|2891331071
45227|0x3c5ca03|15|5978031547
45227|0x83c5ca03|16|12288208400
45227|0x83c5ca03|17|23271083963
45227|0x83c5ca03|18|48745911940
45227|0x83c5ca03|19|138464136968
45227|0x83c5ca03|20|241007424740
45227|0x1083c5ca03|21|443362409425
45227|0x3083c5ca03|22|1017310347724
45227|0x3083c5ca03|23|2087423188764
45227|0x3083c5ca03|24|3527172308098
45229|0x3325|1|222823
45229|0x3325|2|510654
45229|0x43325|3|1199593
45229|0x43325|4|2730934
45229|0x43325|5|5076835
45229|0x43325|6|10378284
45229|0x43325|7|23858117
45229|0x43325|8|50700969
45229|0x43325|9|99294297
45229|0x2043325|10|168497412
45229|0x2043325|11|405416465
45229|0x2043325|12|794744348
45229|0x2043325|13|1468469729
45229|0x2043325|14|3164564148
45229|0x42043325|15|6094420542
45229|0xc2043325|16|12824774996
45229|0xc2043325|17|24376022935
45229|0x2c2043325|18|49704309656
45229|0x2c2043325|19|99236346645
45229|0x2c2043325|20|194460425138
45229|0x2c2043325|21|405903247536
45229|0x2c2043325|22|891692973643
45229|0x42c2043325|23|1951283992137
45229|0xc2c2043325|24|3888878986936
45231|0xa64f|1|667053
45231|0xa64f|2|1394171
45231|0xa64f|3|2985588
45231|0x8a64f|4|6169984
45231|0x8a64f|5|12491473
45231|0x8a64f|6|25110093
45231|0x48a64f|7|50445184
45231|0x48a64f|8|101834574
45231|0x48a64f|9|203698283
45231|0x48a64f|10|383709462
45231|0x448a64f|11|729863595
45231|0x448a64f|12|1268479794
45231|0x448a64f|13|2354876615
45231|0x2448a64f|14|4816974053
45231|0x6448a64f|15|10342110321
45231|0xe448a64f|16|14314243072
45231|0xe448a64f|17|31421612924
45231|0x2e448a64f|18|60331832221
45231|0x6e448a64f|19|124141644041
45231|0xee448a64f|20|256902223390
45231|0xee448a64f|21|484130495926
45231|0x2ee448a64f|22|1077847270407
45231|0x2ee448a64f|23|1968103871613
45231|0x2ee448a64f|24|4324264438653
45233|0x19851|1|346299
45233|0x39851|2|780909
45233|0x79851|3|1813350
45233|0xf9851|4|3620618
45233|0xf9851|5|7538063
45233|0xf9851|6|14900931
45233|0xf9851|7|29987894
45233|0x8f9851|8|60409277
45233|0x8f9851|9|121259268
45233|0x8f9851|10|241902960
45233|0x48f9851|11|480027251
45233|0x48f9851|12|976077177
45233|0x48f9851|13|1919598889
45233|0x248f9851|14|3873070818
45233|0x248f9851|15|7711201438
45233|0x248f9851|16|15443870708
45233|0x248f9851|17|35044940875
45233|0x248f9851|18|85228088045
45233|0x4248f9851|19|171322144923
45233|0x4248f9851|20|287090593958
45233|0x4248f9851|21|599913846471
45233|0x4248f9851|22|1223569969857
45233|0x4248f9851|23|2425298752397
45233|0x4248f9851|24|5124725747391
45235|0x17e7b|1|645053
45235|0x17e7b|2|1394366
45235|0x17e7b|3|3000356
45235|0x17e7b|4|6195563
45235|0x17e7b|5|12502483
45235|0x17e7b|6|25117668
45235|0x17e7b|7|50779115
45235|0x17e7b|8|101755554
45235|0x17e7b|9|203742369
45235|0x17e7b|10|404917737
45235|0x17e7b|11|815151433
45235|0x8017e7b|12|1624820686
45235|0x8017e7b|13|3278652140
45235|0x28017e7b|14|6500281296
45235|0x28017e7b|15|12996721335
45235|0x28017e7b|16|25990456919
45235|0x128017e7b|17|50915800971
45235|0x128017e7b|18|101803962425
45235|0x128017e7b|19|204573634147
45235|0x128017e7b|20|351573529096
45235|0x1128017e7b|21|485260396240
45235|0x1128017e7b|22|977738023161
45235|0x1128017e7b|23|2169286281302
45235|0x9128017e7b|24|4791490065801
45237|0xbd9d|1|637705
45237|0x2bd9d|2|1447226
45237|0x6bd9d|3|3077419
45237|0x6bd9d|4|6227733
45237|0x6bd9d|5|12698058
45237|0x26bd9d|6|23817145
45237|0x66bd9d|7|45884309
45237|0x66bd9d|8|88348652
45237|0x166bd9d|9|164393828
45237|0x166bd9d|10|354209736
45237|0x166bd9d|11|738935548
45237|0x166bd9d|12|1389168331
45237|0x166bd9d|13|2843405377
45237|0x2166bd9d|14|5542779333
45237|0x6166bd9d|15|11199965498
45237|0xe166bd9d|16|18058408408
45237|0xe166bd9d|17|43415689120
45237|0x2e166bd9d|18|79816060913
45237|0x2e166bd9d|19|194915845062
45237|0x2e166bd9d|20|320399313601
45237|0x2e166bd9d|21|641117433271
45237|0x2e166bd9d|22|1083934501091
45237|0x2e166bd9d|23|2351984342432
45237|0x2e166bd9d|24|3826263619798
45239|0x12d07|1|388409
45239|0x12d07|2|1750259
45239|0x52d07|3|1825803
45239|0xd2d07|4|3701737
45239|0xd2d07|5|6064651
45239|0x2d2d07|6|10446815
45239|0x6d2d07|7|25856001
45239|0x6d2d07|8|61440444
45239|0x16d2d07|9|96674658
45239|0x16d2d07|10|220416814
45239|0x56d2d07|11|418262685
45239|0x56d2d07|12|850880415
45239|0x156d2d07|13|1639997924
45239|0x356d2d07|14|3365279618
45239|0x756d2d07|15|6551332047
45239|0x756d2d07|16|13763335681
45239|0x1756d2d07|17|27423047402
45239|0x3756d2d07|18|53781683604
45239|0x7756d2d07|19|135223332403
45239|0x7756d2d07|20|253990055620
45239|0x17756d2d07|21|509625568991
45239|0x17756d2d07|22|1078580748459
45239|0x17756d2d07|23|2258496433489
45239|0x97756d2d07|24|3906790780757
45241|0x5589|1|617655
45241|0x5589|2|3081502
45241|0x45589|3|3012803
45241|0x45589|4|6185680
45241|0x145589|5|12545819
45241|0x145589|6|24966145
45241|0x145589|7|40825917
45241|0x945589|8|73822693
45241|0x945589|9|143131546
45241|0x2945589|10|272658931
45241|0x2945589|11|597951226
45241|0xa945589|12|1203136352
45241|0xa945589|13|2344753562
45241|0x2a945589|14|3829482701
45241|0x6a945589|15|7510539143
45241|0x6a945589|16|16251384820
45241|0x16a945589|17|30118878744
45241|0x16a945589|18|63972669435
45241|0x56a945589|19|146869261074
45241|0x56a945589|20|273102795292
45241|0x156a945589|21|544441724821
45241|0x156a945589|22|1042209940635
45241|0x556a945589|23|2276349143530
45241|0x556a945589|24|4313146430376
45243|0x1473|1|357246
45243|0x21473|2|810231
45243|0x61473|3|1698036
45243|0x61473|4|3543808
45243|0x61473|5|7312852
45243|0x61473|6|15283737
45243|0x61473|7|41725356
45243|0x861473|8|73729028
45243|0x861473|9|155178736
45243|0x861473|10|322803044
45243|0x861473|11|529880062
45243|0x861473|12|1310790604
45243|0x10861473|13|1821030869
45243|0x10861473|14|4472609435
45243|0x50861473|15|9594915279
45243|0x50861473|16|13917623664
45243|0x150861473|17|33585950809
45243|0x350861473|18|97553307895
45243|0x350861473|19|122692400765
45243|0xb50861473|20|264991180349
45243|0xb50861473|21|475903179875
45243|0x2b50861473|22|959972520877
45243|0x2b50861473|23|1817968679417
45243|0x2b50861473|24|3584078263527
45245|0xca95|1|389345
45245|0xca95|2|863605
45245|0x4ca95|3|1662994
45245|0x4ca95|4|3709984
45245|0x14ca95|5|7301935
45245|0x34ca95|6|14789188
45245|0x74ca95|7|26376077
45245|0xf4ca95|8|47660443
45245|0xf4ca95|9|95304587
45245|0xf4ca95|10|180720482
45245|0xf4ca95|11|345317893
45245|0xf4ca95|12|709659380
45245|0xf4ca95|13|1447157871
45245|0xf4ca95|14|3227559108
45245|0xf4ca95|15|6562120126
45245|0xf4ca95|16|12784606351
45245|0x100f4ca95|17|24656469136
45245|0x300f4ca95|18|49362752649
45245|0x300f4ca95|19|99602243925
45245|0x300f4ca95|20|208496250755
45245|0x300f4ca95|21|410322503386
45245|0x2300f4ca95|22|930713471705
45245|0x2300f4ca95|23|1921892309789
45245|0xa300f4ca95|24|4389381858738
45247|0xbf3f|1|417909
45247|0x2bf3f|2|810289
45247|0x2bf3f|3|1698370
45247|0xabf3f|4|3492391
45247|0xabf3f|5|7302717
45247|0xabf3f|6|14398506
45247|0xabf3f|7|31336578
45247|0x8abf3f|8|57061939
45247|0x18abf3f|9|115650391
45247|0x38abf3f|10|231286210
45247|0x38abf3f|11|458482294
45247|0xb8abf3f|12|923213343
45247|0xb8abf3f|13|1843582540
45247|0xb8abf3f|14|3683978667
45247|0xb8abf3f|15|7376323559
45247|0xb8abf3f|16|14773783265
45247|0xb8abf3f|17|29525490562
45247|0xb8abf3f|18|60100295865
45247|0xb8abf3f|19|129587247347
45247|0x80b8abf3f|20|251073645354
45247|0x180b8abf3f|21|533826603775
45247|0x380b8abf3f|22|1103120329592
45247|0x780b8abf3f|23|2196162609383
45247|0xf80b8abf3f|24|4553491612682
