9075|0x39bb|1|103314
9075|0xb9bb|2|344595
9075|0xb9bb|3|502940
9075|0xb9bb|4|1006941
9075|0xb9bb|5|1852504
9075|0x8b9bb|6|3966104
9075|0x18b9bb|7|7605683
9075|0x18b9bb|8|15719107
9075|0x18b9bb|9|31290682
9075|0x98b9bb|10|62193036
9075|0x98b9bb|11|124072542
9075|0x298b9bb|12|248134222
9075|0x698b9bb|13|496482657
9075|0xe98b9bb|14|849547027
9075|0x1e98b9bb|15|1701273705
9075|0x3e98b9bb|16|3426034250
9075|0x3e98b9bb|17|6887057096
9075|0x3e98b9bb|18|13355501931
9075|0x13e98b9bb|19|27626996074
9075|0x33e98b9bb|20|54802488419
9075|0x73e98b9bb|21|109596021641
9075|0x73e98b9bb|22|219209625462
9075|0x173e98b9bb|23|438189256712
9075|0x173e98b9bb|24|876152464513
9115|0xa93|1|89888
9115|0x8a93|2|203215
9115|0x8a93|3|443489
9115|0x28a93|4|887597
9115|0x68a93|5|1952465
9115|0xe8a93|6|3719516
9115|0xe8a93|7|7649491
9115|0xe8a93|8|15140282
9115|0x4e8a93|9|30319754
9115|0xce8a93|10|60673394
9115|0xce8a93|11|121329272
9115|0x2ce8a93|12|242033765
9115|0x2ce8a93|13|485417148
9115|0x2ce8a93|14|968944060
9115|0x12ce8a93|15|1780563870
9115|0x32ce8a93|16|3894041630
9115|0x32ce8a93|17|7014883447
9115|0x32ce8a93|18|13594069220
9115|0x132ce8a93|19|29293795533
9115|0x132ce8a93|20|57416959071
9115|0x532ce8a93|21|109809714502
9115|0xd32ce8a93|22|219120841010
9115|0x1d32ce8a93|23|436890252834
9115|0x3d32ce8a93|24|876607519143
9979|0x7433|1|91307
9979|0xf433|2|228013
9979|0x1f433|3|436062
9979|0x3f433|4|957745
9979|0x3f433|5|2025085
9979|0x3f433|6|3652789
9979|0x3f433|7|7734533
9979|0x23f433|8|15055163
9979|0x23f433|9|30349630
9979|0xa3f433|10|60694209
9979|0x1a3f433|11|121442437
9979|0x3a3f433|12|243158265
9979|0x3a3f433|13|488072129
9979|0xba3f433|14|975961571
9979|0xba3f433|15|1961822794
9979|0xba3f433|16|3198098861
9979|0x4ba3f433|17|6416528679
9979|0xcba3f433|18|13127931860
9979|0xcba3f433|19|28283889958
9979|0x2cba3f433|20|55426117164
9979|0x2cba3f433|21|111024528913
9979|0xacba3f433|22|220045403697
9979|0x1acba3f433|23|436973241002
9979|0x1acba3f433|24|874819743705
10075|0x30d3|1|103432
10075|0xb0d3|2|240252
10075|0x1b0d3|3|456336
10075|0x3b0d3|4|899830
10075|0x3b0d3|5|1803199
10075|0x3b0d3|6|3890754
10075|0x3b0d3|7|7553154
10075|0x3b0d3|8|15315400
10075|0x43b0d3|9|30424403
10075|0x43b0d3|10|60617415
10075|0x43b0d3|11|121614808
10075|0x43b0d3|12|243086225
10075|0x43b0d3|13|485732746
10075|0x843b0d3|14|976622002
10075|0x843b0d3|15|1838832439
10075|0x843b0d3|16|3909560371
10075|0x4843b0d3|17|6954503580
10075|0x4843b0d3|18|13060560750
10075|0x4843b0d3|19|27921586855
10075|0x4843b0d3|20|55110728858
10075|0x44843b0d3|21|110050696437
10075|0xc4843b0d3|22|220128102200
10075|0xc4843b0d3|23|436877508425
10075|0x2c4843b0d3|24|875107534963
10199|0x3be7|1|91114
10199|0xbbe7|2|211299
10199|0xbbe7|3|453626
10199|0x2bbe7|4|926568
10199|0x6bbe7|5|2033139
10199|0xebbe7|6|3684632
10199|0xebbe7|7|7765929
10199|0xebbe7|8|15174227
10199|0xebbe7|9|30665374
10199|0xebbe7|10|60957663
10199|0x10ebbe7|11|122086490
10199|0x30ebbe7|12|243994420
10199|0x30ebbe7|13|488675368
10199|0x30ebbe7|14|978562908
10199|0x130ebbe7|15|1731117541
10199|0x130ebbe7|16|3909331951
10199|0x530ebbe7|17|7818584269
10199|0x530ebbe7|18|12943418804
10199|0x1530ebbe7|19|26722499755
10199|0x1530ebbe7|20|54630236499
10199|0x5530ebbe7|21|111358752918
10199|0x5530ebbe7|22|220266904002
10199|0x5530ebbe7|23|437779362701
10199|0x25530ebbe7|24|875804042486
11055|0x7bcf|1|91773
11055|0xfbcf|2|189001
11055|0xfbcf|3|426020
11055|0x2fbcf|4|884817
11055|0x2fbcf|5|1964087
11055|0xafbcf|6|3755515
11055|0x1afbcf|7|7634505
11055|0x1afbcf|8|16465503
11055|0x5afbcf|9|31051419
11055|0x5afbcf|10|51663182
11055|0x15afbcf|11|123400257
11055|0x15afbcf|12|246076955
11055|0x15afbcf|13|459379624
11055|0x95afbcf|14|984110894
11055|0x95afbcf|15|1966928553
11055|0x95afbcf|16|3935026116
11055|0x95afbcf|17|6386032432
11055|0x95afbcf|18|13825531735
11055|0x95afbcf|19|26478202188
11055|0x95afbcf|20|53766279779
11055|0x4095afbcf|21|112960006599
11055|0x4095afbcf|22|220295875041
11055|0x14095afbcf|23|436294208824
11055|0x14095afbcf|24|875594589448
11145|0x3ab9|1|92545
11145|0xbab9|2|191470
11145|0x1bab9|3|429086
11145|0x3bab9|4|938909
11145|0x7bab9|5|2067072
11145|0x7bab9|6|3752897
11145|0x7bab9|7|7786036
11145|0x7bab9|8|15377519
11145|0x7bab9|9|30737215
11145|0x87bab9|10|62333600
11145|0x187bab9|11|123612260
11145|0x387bab9|12|245689383
11145|0x387bab9|13|492506668
11145|0x387bab9|14|984142392
11145|0x1387bab9|15|1961061497
11145|0x1387bab9|16|3265540426
11145|0x5387bab9|17|6653661655
11145|0xd387bab9|18|12922931402
11145|0x1d387bab9|19|28186949348
11145|0x3d387bab9|20|56549142750
11145|0x7d387bab9|21|112632975931
11145|0xfd387bab9|22|220695955037
11145|0xfd387bab9|23|437421227425
11145|0xfd387bab9|24|873160871501
11265|0x5401|1|92843
11265|0xd401|2|192193
11265|0x1d401|3|431143
11265|0x3d401|4|891357
11265|0x7d401|5|1827235
11265|0xfd401|6|3913270
11265|0xfd401|7|7601444
11265|0xfd401|8|15447739
11265|0xfd401|9|30653632
11265|0x8fd401|10|61282128
11265|0x18fd401|11|122429178
11265|0x38fd401|12|244983332
11265|0x78fd401|13|490007256
11265|0x78fd401|14|980410607
11265|0x78fd401|15|1960338286
11265|0x78fd401|16|3920945591
11265|0x478fd401|17|6495886819
11265|0x478fd401|18|13191957527
11265|0x1478fd401|19|26747088355
11265|0x3478fd401|20|61649249021
11265|0x3478fd401|21|109259274573
11265|0x3478fd401|22|227059850019
11265|0x13478fd401|23|435953653251
11265|0x33478fd401|24|876008821630
12139|0x543|1|89923
12139|0x8543|2|196255
12139|0x18543|3|443653
12139|0x38543|4|890272
12139|0x38543|5|1963053
12139|0x38543|6|3807594
12139|0x138543|7|7731562
12139|0x338543|8|15445250
12139|0x338543|9|30788168
12139|0x338543|10|61597210
12139|0x1338543|11|123346125
12139|0x3338543|12|246775879
12139|0x7338543|13|429383617
12139|0xf338543|14|986288074
12139|0x1f338543|15|1976958511
12139|0x1f338543|16|3968597813
12139|0x1f338543|17|6496630521
12139|0x9f338543|18|13744665507
12139|0x19f338543|19|27285353584
12139|0x19f338543|20|56763186635
12139|0x19f338543|21|110021347865
12139|0x99f338543|22|219208518216
12139|0x99f338543|23|438436345857
12139|0x99f338543|24|870829256518
12265|0x1859|1|107732
12265|0x9859|2|223589
12265|0x19859|3|506106
12265|0x19859|4|974555
12265|0x59859|5|1837395
12265|0x59859|6|3955149
12265|0x159859|7|7632008
12265|0x359859|8|15236992
12265|0x759859|9|30842750
12265|0x759859|10|61622233
12265|0x759859|11|123249602
12265|0x2759859|12|246557072
12265|0x6759859|13|399371140
12265|0xe759859|14|985769945
12265|0xe759859|15|1976975910
12265|0xe759859|16|3968619927
12265|0x4e759859|17|7294913934
12265|0x4e759859|18|13909845249
12265|0x14e759859|19|28133679855
12265|0x14e759859|20|53988743569
12265|0x14e759859|21|109493736286
12265|0x94e759859|22|218134507968
12265|0x94e759859|23|437231924531
12265|0x294e759859|24|870436484309
13107|0x7ffb|1|93537
13107|0xfffb|2|197328
13107|0xfffb|3|454400
13107|0x2fffb|4|997622
13107|0x2fffb|5|2062546
13107|0xafffb|6|3749541
13107|0x1afffb|7|7902434
13107|0x3afffb|8|15343277
13107|0x7afffb|9|31016898
13107|0xfafffb|10|61972517
13107|0x1fafffb|11|123698357
13107|0x3fafffb|12|248819000
13107|0x7fafffb|13|501535248
13107|0xffafffb|14|996533518
13107|0x1ffafffb|15|1994799964
13107|0x3ffafffb|16|3280503204
13107|0x7ffafffb|17|6498546894
13107|0xfffafffb|18|13169494131
13107|0xfffafffb|19|26983402170
13107|0x2fffafffb|20|54561658808
13107|0x2fffafffb|21|113953974258
13107|0xafffafffb|22|218564849532
13107|0x1afffafffb|23|435177453954
13107|0x3afffafffb|24|870682606419
13205|0x7fbd|1|103595
13205|0x7fbd|2|226515
13205|0x17fbd|3|485223
13205|0x37fbd|4|926734
13205|0x77fbd|5|1815874
13205|0x77fbd|6|3990342
13205|0x177fbd|7|7688048
13205|0x377fbd|8|15597076
13205|0x777fbd|9|31069408
13205|0x777fbd|10|62044124
13205|0x777fbd|11|124111353
13205|0x777fbd|12|248503795
13205|0x4777fbd|13|497009533
13205|0xc777fbd|14|996448877
13205|0x1c777fbd|15|1730248118
13205|0x3c777fbd|16|3997213197
13205|0x3c777fbd|17|6825369413
13205|0x3c777fbd|18|13441914568
13205|0x13c777fbd|19|27322534213
13205|0x13c777fbd|20|55449561698
13205|0x53c777fbd|21|110071451417
13205|0xd3c777fbd|22|217749411499
13205|0xd3c777fbd|23|436362326135
13205|0xd3c777fbd|24|869293385826
14035|0x115b|1|97233
14035|0x915b|2|205081
14035|0x1915b|3|465197
14035|0x1915b|4|1037113
14035|0x5915b|5|1986693
14035|0x5915b|6|3819688
14035|0x5915b|7|7872966
14035|0x5915b|8|15461777
14035|0x45915b|9|31219123
14035|0x45915b|10|62587494
14035|0x45915b|11|124726241
14035|0x245915b|12|249921521
14035|0x645915b|13|499773057
14035|0xe45915b|14|1004469828
14035|0x1e45915b|15|2010628111
14035|0x3e45915b|16|3700890240
14035|0x3e45915b|17|6562626855
14035|0x3e45915b|18|13459412243
14035|0x3e45915b|19|27132423480
14035|0x23e45915b|20|54523201498
14035|0x63e45915b|21|109844027647
14035|0xe3e45915b|22|219454862410
14035|0xe3e45915b|23|434172530816
14035|0x2e3e45915b|24|867508762899
14161|0x71b1|1|97369
14161|0x71b1|2|387712
14161|0x171b1|3|498296
14161|0x371b1|4|1040513
14161|0x771b1|5|2069858
14161|0xf71b1|6|4065625
14161|0x1f71b1|7|8069129
14161|0x3f71b1|8|16347458
14161|0x3f71b1|9|32674385
14161|0xbf71b1|10|65101650
14161|0xbf71b1|11|130247733
14161|0x2bf71b1|12|260185740
14161|0x2bf71b1|13|520870556
14161|0x2bf71b1|14|1041690001
14161|0x2bf71b1|15|1965139452
14161|0x2bf71b1|16|3331683105
14161|0x2bf71b1|17|8057528043
14161|0x2bf71b1|18|13024438231
14161|0x2bf71b1|19|26412534866
14161|0x2bf71b1|20|53598839264
14161|0x2bf71b1|21|109548065274
14161|0x802bf71b1|22|218524177196
14161|0x802bf71b1|23|434541709228
14161|0x2802bf71b1|24|868663330954
14251|0xb03|1|110882
14251|0xb03|2|232334
14251|0x10b03|3|497721
14251|0x10b03|4|979040
14251|0x10b03|5|1933777
14251|0x10b03|6|4053862
14251|0x110b03|7|8148126
14251|0x110b03|8|16203040
14251|0x510b03|9|25668364
14251|0xd10b03|10|64802828
14251|0x1d10b03|11|129393859
14251|0x1d10b03|12|259455428
14251|0x1d10b03|13|519749749
14251|0x1d10b03|14|991054214
14251|0x1d10b03|15|2080665712
14251|0x21d10b03|16|4168593616
14251|0x21d10b03|17|7638436297
14251|0xa1d10b03|18|13871354279
14251|0xa1d10b03|19|26656515073
14251|0xa1d10b03|20|53248228376
14251|0xa1d10b03|21|110356768515
14251|0xa1d10b03|22|219627710968
14251|0x10a1d10b03|23|442817605240
14251|0x30a1d10b03|24|867934495165
15037|0x1095|1|113956
15037|0x1095|2|219607
15037|0x1095|3|449054
15037|0x21095|4|903367
15037|0x21095|5|2079914
15037|0xa1095|6|3991292
15037|0x1a1095|7|8184471
15037|0x1a1095|8|16210095
15037|0x1a1095|9|32739278
15037|0x1a1095|10|65275075
15037|0x11a1095|11|130274862
15037|0x11a1095|12|261340547
15037|0x11a1095|13|521900905
15037|0x91a1095|14|1042781353
15037|0x91a1095|15|2037954065
15037|0x291a1095|16|4178479427
15037|0x691a1095|17|6672363256
15037|0xe91a1095|18|14476236644
15037|0xe91a1095|19|26721885159
15037|0xe91a1095|20|54207054137
15037|0x4e91a1095|21|108887001476
15037|0x4e91a1095|22|216572274419
15037|0x14e91a1095|23|433613003776
15037|0x14e91a1095|24|865171390714
15135|0xdf|1|95080
15135|0x80df|2|208597
15135|0x180df|3|450137
15135|0x380df|4|992327
15135|0x380df|5|2127807
15135|0x380df|6|3983352
15135|0x380df|7|8274137
15135|0x2380df|8|16552778
15135|0x2380df|9|32926460
15135|0x2380df|10|65742339
15135|0x12380df|11|131390709
15135|0x32380df|12|263027385
15135|0x32380df|13|525737150
15135|0x32380df|14|1054374189
15135|0x132380df|15|2112714098
15135|0x132380df|16|3365491874
15135|0x132380df|17|7537517084
15135|0x932380df|18|13593597846
15135|0x1932380df|19|27665118064
15135|0x3932380df|20|54417008156
15135|0x3932380df|21|108349014294
15135|0xb932380df|22|217517452989
15135|0x1b932380df|23|433785394308
15135|0x1b932380df|24|867279771091
15261|0x22b5|1|112951
15261|0x22b5|2|434107
15261|0x122b5|3|513465
15261|0x322b5|4|1040884
15261|0x722b5|5|1907508
15261|0x722b5|6|4251516
15261|0x722b5|7|8222783
15261|0x2722b5|8|16481177
15261|0x2722b5|9|33077449
15261|0x2722b5|10|66272153
15261|0x12722b5|11|144651557
15261|0x32722b5|12|265400677
15261|0x72722b5|13|530343139
15261|0xf2722b5|14|1058154403
15261|0x1f2722b5|15|2116077953
15261|0x3f2722b5|16|4254514145
15261|0x7f2722b5|17|8103831586
15261|0x7f2722b5|18|13378002373
15261|0x7f2722b5|19|28838091577
15261|0x7f2722b5|20|53329578979
15261|0x47f2722b5|21|108522762265
15261|0x47f2722b5|22|216959111362
15261|0x147f2722b5|23|433131663241
15261|0x347f2722b5|24|863340115524
16015|0x206f|1|113880
16015|0x206f|2|447346
16015|0x1206f|3|523290
16015|0x1206f|4|1062799
16015|0x5206f|5|2066871
16015|0xd206f|6|4155613
16015|0x1d206f|7|8373278
16015|0x3d206f|8|16662302
16015|0x3d206f|9|33479788
16015|0x3d206f|10|67012300
16015|0x3d206f|11|133868513
16015|0x3d206f|12|267943633
16015|0x3d206f|13|534411584
16015|0x3d206f|14|1038040851
16015|0x103d206f|15|1726556992
16015|0x303d206f|16|3588495181
16015|0x703d206f|17|7158202063
16015|0xf03d206f|18|13882418422
16015|0x1f03d206f|19|26891992569
16015|0x1f03d206f|20|54363118341
16015|0x5f03d206f|21|109082333120
16015|0x5f03d206f|22|215907401759
16015|0x5f03d206f|23|432125446401
16015|0x5f03d206f|24|863270892357
16111|0x300f|1|111715
16111|0xb00f|2|244206
16111|0xb00f|3|544629
16111|0xb00f|4|1058625
16111|0xb00f|5|1944512
16111|0x8b00f|6|4264820
16111|0x8b00f|7|8437017
16111|0x8b00f|8|16665371
16111|0x48b00f|9|33673917
16111|0xc8b00f|10|66999572
16111|0xc8b00f|11|134184757
16111|0x2c8b00f|12|268011423
16111|0x6c8b00f|13|537192294
16111|0x6c8b00f|14|933283880
16111|0x16c8b00f|15|1748203608
16111|0x36c8b00f|16|4137596559
16111|0x76c8b00f|17|6816338800
16111|0xf6c8b00f|18|13878537372
16111|0x1f6c8b00f|19|26970554538
16111|0x3f6c8b00f|20|54307142312
16111|0x3f6c8b00f|21|108124748496
16111|0xbf6c8b00f|22|218628197968
16111|0x1bf6c8b00f|23|435161618055
16111|0x3bf6c8b00f|24|869462077091
16225|0x24a1|1|109942
16225|0xa4a1|2|244833
16225|0xa4a1|3|524554
16225|0x2a4a1|4|1060412
16225|0x6a4a1|5|2146622
16225|0xea4a1|6|4135974
16225|0x1ea4a1|7|8435384
16225|0x3ea4a1|8|16896982
16225|0x7ea4a1|9|33733267
16225|0xfea4a1|10|66966322
16225|0x1fea4a1|11|134277309
16225|0x1fea4a1|12|292504149
16225|0x5fea4a1|13|435201298
16225|0x5fea4a1|14|1081429504
16225|0x15fea4a1|15|2173276649
16225|0x15fea4a1|16|3426866355
16225|0x15fea4a1|17|7658294558
16225|0x15fea4a1|18|13631316529
16225|0x15fea4a1|19|27144285441
16225|0x215fea4a1|20|53871919910
16225|0x615fea4a1|21|108088219405
16225|0xe15fea4a1|22|216770905725
16225|0xe15fea4a1|23|434342501683
16225|0xe15fea4a1|24|866619563973
16349|0x1075|1|281051
16349|0x1075|2|397571
16349|0x11075|3|464564
16349|0x11075|4|1088632
16349|0x11075|5|2135124
16349|0x91075|6|4122911
16349|0x91075|7|8430337
16349|0x291075|8|16832267
16349|0x291075|9|33486207
16349|0xa91075|10|67154107
16349|0x1a91075|11|134222292
16349|0x3a91075|12|268124007
16349|0x7a91075|13|537445045
16349|0xfa91075|14|1073750878
16349|0xfa91075|15|2150061064
16349|0x2fa91075|16|3725105475
16349|0x6fa91075|17|7656334677
16349|0x6fa91075|18|13510813167
16349|0x16fa91075|19|29904722680
16349|0x16fa91075|20|55397312333
16349|0x16fa91075|21|107251462836
16349|0x96fa91075|22|215527811973
16349|0x96fa91075|23|430651766835
16349|0x296fa91075|24|857538079607
16819|0x557b|1|210532
16819|0x557b|2|443180
16819|0x557b|3|969967
16819|0x557b|4|1850149
16819|0x557b|5|3971774
16819|0x10557b|6|7663251
16819|0x30557b|7|15573580
16819|0x30557b|8|31193033
16819|0xb0557b|9|62360743
16819|0x1b0557b|10|124461456
16819|0x1b0557b|11|249366646
16819|0x5b0557b|12|498553577
16819|0x5b0557b|13|927542487
16819|0x5b0557b|14|1766946925
16819|0x5b0557b|15|3977519386
16819|0x45b0557b|16|7251281143
16819|0xc5b0557b|17|13362994628
16819|0xc5b0557b|18|28290926922
16819|0xc5b0557b|19|52933543563
16819|0x4c5b0557b|20|110498829010
16819|0xcc5b0557b|21|222601026466
16819|0xcc5b0557b|22|443752303772
16819|0x2cc5b0557b|23|878770485481
16819|0x2cc5b0557b|24|1757708764231
16935|0xd97|1|190585
16935|0x10d97|2|444210
16935|0x30d97|3|946324
16935|0x30d97|4|1759723
16935|0xb0d97|5|3867740
16935|0x1b0d97|6|7520658
16935|0x3b0d97|7|15230555
16935|0x3b0d97|8|30578848
16935|0xbb0d97|9|61155797
16935|0xbb0d97|10|122249968
16935|0x2bb0d97|11|244520300
16935|0x6bb0d97|12|488289058
16935|0x6bb0d97|13|969061575
16935|0x6bb0d97|14|1939015929
16935|0x6bb0d97|15|3433455029
16935|0x46bb0d97|16|6454884249
16935|0x46bb0d97|17|12839071756
16935|0x146bb0d97|18|27808722219
16935|0x346bb0d97|19|53501737935
16935|0x746bb0d97|20|109547251438
16935|0xf46bb0d97|21|228167226886
16935|0x1f46bb0d97|22|444259223447
16935|0x1f46bb0d97|23|876751366693
16935|0x1f46bb0d97|24|1754374655658
17061|0xd52d|1|170705
17061|0x1d52d|2|391888
17061|0x1d52d|3|858389
17061|0x5d52d|4|1967889
17061|0xdd52d|5|3702582
17061|0xdd52d|6|7824202
17061|0x2dd52d|7|15275935
17061|0x2dd52d|8|30623515
17061|0xadd52d|9|61239078
17061|0x1add52d|10|122609272
17061|0x3add52d|11|245198013
17061|0x3add52d|12|474233996
17061|0x3add52d|13|978381298
17061|0x13add52d|14|1957006133
17061|0x13add52d|15|3294078097
17061|0x13add52d|16|6720149250
17061|0x93add52d|17|15438957870
17061|0x93add52d|18|27353886423
17061|0x293add52d|19|53808305180
17061|0x693add52d|20|110076341561
17061|0x693add52d|21|224874032437
17061|0x1693add52d|22|443520333963
17061|0x3693add52d|23|877806759435
17061|0x7693add52d|24|1752990084423
17155|0xbfab|1|190719
17155|0xbfab|2|446218
17155|0xbfab|3|977609
17155|0x4bfab|4|1833182
17155|0xcbfab|5|3894882
17155|0x1cbfab|6|7498504
17155|0x1cbfab|7|15353990
17155|0x1cbfab|8|30690871
17155|0x9cbfab|9|61351080
17155|0x9cbfab|10|122615198
17155|0x9cbfab|11|244820138
17155|0x9cbfab|12|490088797
17155|0x89cbfab|13|980993245
17155|0x89cbfab|14|1960822693
17155|0x289cbfab|15|3703082376
17155|0x289cbfab|16|7278999727
17155|0xa89cbfab|17|13900991257
17155|0x1a89cbfab|18|26513588005
17155|0x3a89cbfab|19|55190422905
17155|0x7a89cbfab|20|109732189271
17155|0xfa89cbfab|21|223639014317
17155|0x1fa89cbfab|22|443408151378
17155|0x1fa89cbfab|23|876818414720
17155|0x1fa89cbfab|24|1752061668946
17273|0xb6c9|1|192863
17273|0x1b6c9|2|393087
17273|0x3b6c9|3|862207
17273|0x3b6c9|4|1829848
17273|0xbb6c9|5|3844613
17273|0xbb6c9|6|7656304
17273|0x2bb6c9|7|15282445
17273|0x2bb6c9|8|30462695
17273|0xabb6c9|9|61213260
17273|0xabb6c9|10|122150864
17273|0x2abb6c9|11|244612428
17273|0x6abb6c9|12|488518333
17273|0xeabb6c9|13|978341004
17273|0xeabb6c9|14|1956992494
17273|0x2eabb6c9|15|3441458776
17273|0x2eabb6c9|16|7797292897
17273|0x2eabb6c9|17|14412606435
17273|0x12eabb6c9|18|27225962491
17273|0x32eabb6c9|19|59858062969
17273|0x32eabb6c9|20|116866214323
17273|0xb2eabb6c9|21|221908552634
17273|0xb2eabb6c9|22|442673876557
17273|0xb2eabb6c9|23|876052471735
17273|0xb2eabb6c9|24|1751136881447
17377|0x4021|1|191493
17377|0x14021|2|447824
17377|0x34021|3|987469
17377|0x74021|4|1777548
17377|0xf4021|5|3910205
17377|0x1f4021|6|7483748
17377|0x1f4021|7|15292994
17377|0x5f4021|8|30625246
17377|0xdf4021|9|60994824
17377|0xdf4021|10|110252506
17377|0x2df4021|11|244363282
17377|0x6df4021|12|488887350
17377|0xedf4021|13|977488442
17377|0xedf4021|14|1888421768
17377|0xedf4021|15|3874032197
17377|0xedf4021|16|7717952166
17377|0x8edf4021|17|13384831988
17377|0x8edf4021|18|26252830252
17377|0x28edf4021|19|55350957857
17377|0x68edf4021|20|109977377944
17377|0xe8edf4021|21|222412442774
17377|0x1e8edf4021|22|442777175694
17377|0x1e8edf4021|23|875990092845
17377|0x5e8edf4021|24|1753540509513
17883|0x2e53|1|169286
17883|0x2e53|2|395807
17883|0x2e53|3|874184
17883|0x42e53|4|1948266
17883|0x42e53|5|3729874
17883|0x142e53|6|7799711
17883|0x142e53|7|15352762
17883|0x542e53|8|30667716
17883|0xd42e53|9|61302249
17883|0xd42e53|10|122748495
17883|0x2d42e53|11|245706047
17883|0x6d42e53|12|490716361
17883|0xed42e53|13|981944784
17883|0xed42e53|14|1962889927
17883|0x2ed42e53|15|3572524011
17883|0x6ed42e53|16|7738476323
17883|0x6ed42e53|17|13383895276
17883|0x6ed42e53|18|27146687136
17883|0x26ed42e53|19|54101953825
17883|0x66ed42e53|20|110615973215
17883|0x66ed42e53|21|225551501428
17883|0x66ed42e53|22|443298285504
17883|0x266ed42e53|23|876033603690
17883|0x666ed42e53|24|1750713617704
18003|0xeddb|1|167106
18003|0x1eddb|2|417203
18003|0x3eddb|3|1013155
18003|0x3eddb|4|1917407
18003|0x3eddb|5|3767162
18003|0x13eddb|6|7605734
18003|0x13eddb|7|15247660
18003|0x13eddb|8|30259463
18003|0x93eddb|9|60781170
18003|0x193eddb|10|121771331
18003|0x393eddb|11|243125559
18003|0x793eddb|12|486518168
18003|0xf93eddb|13|972986246
18003|0xf93eddb|14|1765358425
18003|0xf93eddb|15|3419038786
18003|0xf93eddb|16|6908419702
18003|0x8f93eddb|17|15685481234
18003|0x18f93eddb|18|28242885889
18003|0x18f93eddb|19|55611361097
18003|0x58f93eddb|20|109742586744
18003|0x58f93eddb|21|220728333016
18003|0x158f93eddb|22|442733225592
18003|0x158f93eddb|23|875540193161
18003|0x558f93eddb|24|1750433344018
18103|0x7707|1|194939
18103|0x17707|2|453948
18103|0x17707|3|951237
18103|0x17707|4|1764864
18103|0x97707|5|3846961
18103|0x197707|6|7474140
18103|0x197707|7|15235714
18103|0x597707|8|30264917
18103|0xd97707|9|60825931
18103|0xd97707|10|101861822
18103|0x2d97707|11|243516065
18103|0x2d97707|12|486878433
18103|0x2d97707|13|973548403
18103|0x2d97707|14|1900975914
18103|0x2d97707|15|3925920895
18103|0x2d97707|16|7766330907
18103|0x82d97707|17|13126624993
18103|0x182d97707|18|26311529367
18103|0x182d97707|19|55528380569
18103|0x582d97707|20|110369705352
18103|0xd82d97707|21|220953775835
18103|0x1d82d97707|22|442587013587
18103|0x3d82d97707|23|876174836288
18103|0x7d82d97707|24|1750785755550
18223|0x5fcf|1|167363
18223|0x5fcf|2|400471
18223|0x5fcf|3|880979
18223|0x45fcf|4|1881898
18223|0x45fcf|5|3764921
18223|0x45fcf|6|7628895
18223|0x245fcf|7|15119463
18223|0x645fcf|8|30508859
18223|0x645fcf|9|60830096
18223|0x1645fcf|10|121485849
18223|0x1645fcf|11|243904609
18223|0x1645fcf|12|451858974
18223|0x9645fcf|13|974249609
18223|0x19645fcf|14|1764630419
18223|0x19645fcf|15|3456553912
18223|0x19645fcf|16|6499620592
18223|0x99645fcf|17|13219430343
18223|0x199645fcf|18|26504586258
18223|0x399645fcf|19|53786405379
18223|0x799645fcf|20|109225298428
18223|0x799645fcf|21|220835515192
18223|0x1799645fcf|22|442212360617
18223|0x3799645fcf|23|876906731429
18223|0x7799645fcf|24|1755717094250
18331|0xc693|1|191187
18331|0x1c693|2|446937
18331|0x3c693|3|882760
18331|0x7c693|4|1788192
18331|0xfc693|5|3869811
18331|0xfc693|6|7504239
18331|0x2fc693|7|15256982
18331|0x2fc693|8|30264287
18331|0x2fc693|9|60721892
18331|0x12fc693|10|121697302
18331|0x12fc693|11|243489993
18331|0x12fc693|12|486730376
18331|0x92fc693|13|972886423
18331|0x192fc693|14|1946423001
18331|0x192fc693|15|3670263704
18331|0x192fc693|16|6603415431
18331|0x992fc693|17|14567504377
18331|0x1992fc693|18|26880744487
18331|0x1992fc693|19|56246521004
18331|0x5992fc693|20|110163952041
18331|0x5992fc693|21|221980987408
18331|0x5992fc693|22|441741902929
18331|0x25992fc693|23|876284712085
18331|0x65992fc693|24|1749903630899
18813|0x37d5|1|193687
18813|0x137d5|2|459600
18813|0x137d5|3|943521
18813|0x537d5|4|1774645
18813|0xd37d5|5|3891645
18813|0xd37d5|6|7513792
18813|0x2d37d5|7|15276039
18813|0x2d37d5|8|30420005
18813|0x2d37d5|9|60922158
18813|0x12d37d5|10|122297558
18813|0x12d37d5|11|244952380
18813|0x12d37d5|12|488944773
18813|0x92d37d5|13|983444220
18813|0x92d37d5|14|1969667217
18813|0x292d37d5|15|3672932279
18813|0x292d37d5|16|7882663778
18813|0x292d37d5|17|13450223764
18813|0x292d37d5|18|25788207820
18813|0x2292d37d5|19|55248961585
18813|0x6292d37d5|20|109277543558
18813|0x6292d37d5|21|221024460544
18813|0x6292d37d5|22|441446782426
18813|0x6292d37d5|23|875823254474
18813|0x46292d37d5|24|1749237902044
18929|0x8711|1|192014
18929|0x18711|2|405201
18929|0x18711|3|714844
18929|0x58711|4|1793071
18929|0xd8711|5|3854060
18929|0xd8711|6|7674458
18929|0xd8711|7|15301818
18929|0x4d8711|8|30664950
18929|0xcd8711|9|61590785
18929|0x1cd8711|10|122795920
18929|0x3cd8711|11|245920403
18929|0x3cd8711|12|491042299
18929|0x3cd8711|13|983456575
18929|0x13cd8711|14|1966487151
18929|0x13cd8711|15|3704728893
18929|0x53cd8711|16|7366954024
18929|0xd3cd8711|17|13041046446
18929|0x1d3cd8711|18|26390209336
18929|0x3d3cd8711|19|53888667807
18929|0x3d3cd8711|20|108868772657
18929|0x3d3cd8711|21|221425025723
18929|0x3d3cd8711|22|441033699621
18929|0x3d3cd8711|23|876087646398
18929|0x3d3cd8711|24|1753068049938
19033|0x5de9|1|194326
19033|0x5de9|2|461500
19033|0x25de9|3|923414
19033|0x25de9|4|1778563
19033|0xa5de9|5|3927764
19033|0xa5de9|6|7738928
19033|0xa5de9|7|15491815
19033|0x4a5de9|8|31084869
19033|0x4a5de9|9|62006942
19033|0x14a5de9|10|123964901
19033|0x34a5de9|11|248038353
19033|0x74a5de9|12|496388015
19033|0xf4a5de9|13|992357612
19033|0x1f4a5de9|14|1988127401
19033|0x3f4a5de9|15|4047831378
19033|0x3f4a5de9|16|7244128773
19033|0xbf4a5de9|17|15821126351
19033|0xbf4a5de9|18|28711752866
19033|0x2bf4a5de9|19|53577117777
19033|0x2bf4a5de9|20|108785302494
19033|0x2bf4a5de9|21|220880855461
19033|0x2bf4a5de9|22|441824387076
19033|0x2bf4a5de9|23|876797849079
19033|0x42bf4a5de9|24|1747807776225
19151|0x7c2f|1|194481
19151|0x7c2f|2|462295
19151|0x27c2f|3|945065
19151|0x27c2f|4|1816492
19151|0xa7c2f|5|4078641
19151|0xa7c2f|6|7930596
19151|0x2a7c2f|7|15768879
19151|0x6a7c2f|8|32019419
19151|0x6a7c2f|9|63885041
19151|0x6a7c2f|10|127068457
19151|0x26a7c2f|11|254253529
19151|0x66a7c2f|12|505919524
19151|0xe6a7c2f|13|1010392245
19151|0x1e6a7c2f|14|2011930176
19151|0x3e6a7c2f|15|3982597963
19151|0x7e6a7c2f|16|7264707885
19151|0x7e6a7c2f|17|13082403228
19151|0x17e6a7c2f|18|27704743635
19151|0x17e6a7c2f|19|53390735017
19151|0x17e6a7c2f|20|108694547131
19151|0x17e6a7c2f|21|220261347545
19151|0x17e6a7c2f|22|441245001940
19151|0x17e6a7c2f|23|876726005121
19151|0x417e6a7c2f|24|1749206537581
19263|0x24bf|1|169270
19263|0x124bf|2|422599
19263|0x124bf|3|880204
19263|0x524bf|4|2004375
19263|0xd24bf|5|3921728
19263|0xd24bf|6|7845975
19263|0xd24bf|7|15878534
19263|0xd24bf|8|31620173
19263|0xd24bf|9|66964460
19263|0x10d24bf|10|127099565
19263|0x10d24bf|11|258544900
19263|0x50d24bf|12|454179027
19263|0xd0d24bf|13|940496919
19263|0x1d0d24bf|14|2027135550
19263|0x1d0d24bf|15|3844584621
19263|0x1d0d24bf|16|7140154774
19263|0x1d0d24bf|17|13765411389
19263|0x1d0d24bf|18|26168197726
19263|0x21d0d24bf|19|63227204141
19263|0x21d0d24bf|20|107697841559
19263|0xa1d0d24bf|21|221383744984
19263|0xa1d0d24bf|22|443266861040
19263|0xa1d0d24bf|23|876592052825
19263|0xa1d0d24bf|24|1748217325894
19373|0x5025|1|194757
19373|0x15025|2|447524
19373|0x35025|3|927194
19373|0x35025|4|1702993
19373|0xb5025|5|3862736
19373|0xb5025|6|7465310
19373|0x2b5025|7|14790399
19373|0x6b5025|8|29646877
19373|0x6b5025|9|59752306
19373|0x16b5025|10|119606916
19373|0x36b5025|11|239409063
19373|0x36b5025|12|506812624
19373|0x36b5025|13|876718911
19373|0x36b5025|14|1817840686
19373|0x36b5025|15|3479609312
19373|0x436b5025|16|7927976820
19373|0x436b5025|17|13870575066
19373|0x436b5025|18|25876223910
19373|0x2436b5025|19|53148596118
19373|0x2436b5025|20|108577311394
19373|0xa436b5025|21|222177628642
19373|0x1a436b5025|22|442176294565
19373|0x1a436b5025|23|878496806983
19373|0x1a436b5025|24|1747547095392
19883|0x4503|1|195845
19883|0x4503|2|434251
19883|0x4503|3|864894
19883|0x4503|4|2012581
19883|0x4503|5|3967019
19883|0x104503|6|7805709
19883|0x304503|7|15922283
19883|0x304503|8|31514476
19883|0x304503|9|63242168
19883|0x1304503|10|126622462
19883|0x1304503|11|253498566
19883|0x1304503|12|466320333
19883|0x1304503|13|879724076
19883|0x11304503|14|1964940403
19883|0x11304503|15|3367759408
19883|0x11304503|16|8083515921
19883|0x11304503|17|13166964054
19883|0x111304503|18|30710805983
19883|0x311304503|19|56804996273
19883|0x311304503|20|111302000248
19883|0xb11304503|21|219862117059
19883|0x1b11304503|22|451973612689
19883|0x1b11304503|23|875976368720
19883|0x5b11304503|24|1746295579999
19983|0xe0ef|1|172276
19983|0xe0ef|2|464736
19983|0x2e0ef|3|1007342
19983|0x6e0ef|4|2034514
19983|0x6e0ef|5|3908632
19983|0x16e0ef|6|8018166
19983|0x36e0ef|7|16040407
19983|0x76e0ef|8|31874776
19983|0xf6e0ef|9|64023982
19983|0x1f6e0ef|10|127923051
19983|0x3f6e0ef|11|255573998
19983|0x7f6e0ef|12|511906241
19983|0x7f6e0ef|13|1023232923
19983|0x17f6e0ef|14|1756346159
19983|0x37f6e0ef|15|3546635212
19983|0x37f6e0ef|16|7472775457
19983|0xb7f6e0ef|17|13309191608
19983|0xb7f6e0ef|18|27116822970
19983|0xb7f6e0ef|19|52768669968
19983|0xb7f6e0ef|20|108102815943
19983|0x8b7f6e0ef|21|221458428637
19983|0x18b7f6e0ef|22|442415186998
19983|0x18b7f6e0ef|23|876295498299
19983|0x18b7f6e0ef|24|1747032953988
20101|0x7a4d|1|172688
20101|0x17a4d|2|474347
20101|0x17a4d|3|987001
20101|0x17a4d|4|2060260
20101|0x97a4d|5|3878745
20101|0x197a4d|6|8009946
20101|0x197a4d|7|15966729
20101|0x197a4d|8|35505820
20101|0x997a4d|9|63820639
20101|0x1997a4d|10|128035215
20101|0x1997a4d|11|256152195
20101|0x1997a4d|12|511170492
20101|0x9997a4d|13|1022045158
20101|0x9997a4d|14|2044357912
20101|0x9997a4d|15|3352691734
20101|0x49997a4d|16|6675282784
20101|0x49997a4d|17|13311695992
20101|0x149997a4d|18|27405500022
20101|0x149997a4d|19|53008176199
20101|0x149997a4d|20|109002410372
20101|0x949997a4d|21|220140298610
20101|0x949997a4d|22|441326379851
20101|0x949997a4d|23|876677537639
20101|0x4949997a4d|24|1747097637333
20217|0x1349|1|172780
20217|0x11349|2|425206
20217|0x11349|3|952017
20217|0x51349|4|1989060
20217|0x51349|5|3879722
20217|0x151349|6|7929485
20217|0x351349|7|16009415
20217|0x351349|8|31909940
20217|0xb51349|9|64027863
20217|0xb51349|10|128089516
20217|0xb51349|11|256230064
20217|0x4b51349|12|512317377
20217|0x4b51349|13|1018567027
20217|0x4b51349|14|2001382324
20217|0x4b51349|15|3674641077
20217|0x44b51349|16|6870273657
20217|0x44b51349|17|13606596723
20217|0x44b51349|18|26239903026
20217|0x244b51349|19|54914457359
20217|0x644b51349|20|107533319497
20217|0xe44b51349|21|219356493381
20217|0x1e44b51349|22|440756525983
20217|0x3e44b51349|23|876125416672
20217|0x3e44b51349|24|1749345667244
20319|0xcc9f|1|179834
20319|0x1cc9f|2|467596
20319|0x1cc9f|3|993771
20319|0x1cc9f|4|1864057
20319|0x1cc9f|5|3703057
20319|0x11cc9f|6|7666285
20319|0x11cc9f|7|14986037
20319|0x51cc9f|8|29747551
20319|0xd1cc9f|9|59773292
20319|0xd1cc9f|10|118788731
20319|0xd1cc9f|11|238641274
20319|0x4d1cc9f|12|478123794
20319|0xcd1cc9f|13|946720615
20319|0xcd1cc9f|14|1913876218
20319|0xcd1cc9f|15|3485653363
20319|0xcd1cc9f|16|8195167227
20319|0x8cd1cc9f|17|14037165441
20319|0x18cd1cc9f|18|27863254589
20319|0x18cd1cc9f|19|56391519135
20319|0x18cd1cc9f|20|112649023383
20319|0x98cd1cc9f|21|220602522371
20319|0x98cd1cc9f|22|446363792267
20319|0x98cd1cc9f|23|885804173657
20319|0x98cd1cc9f|24|1763484485094
20445|0x8075|1|178426
20445|0x18075|2|431623
20445|0x18075|3|841870
20445|0x18075|4|1945162
20445|0x18075|5|3626634
20445|0x118075|6|7653524
20445|0x118075|7|14839868
20445|0x518075|8|29642311
20445|0x518075|9|59252029
20445|0x1518075|10|117946674
20445|0x3518075|11|237022429
20445|0x7518075|12|505505021
20445|0xf518075|13|1009407984
20445|0xf518075|14|2053785052
20445|0x2f518075|15|3711491318
20445|0x2f518075|16|7449627450
20445|0x2f518075|17|15022689271
20445|0x12f518075|18|27836218371
20445|0x12f518075|19|54955109896
20445|0x12f518075|20|110877378541
20445|0x12f518075|21|219672975760
20445|0x12f518075|22|440135084036
20445|0x212f518075|23|875448526920
20445|0x612f518075|24|1737564236347
20929|0xbe41|1|198103
20929|0xbe41|2|476949
20929|0x2be41|3|1017620
20929|0x6be41|4|2017367
20929|0xebe41|5|3862862
20929|0x1ebe41|6|7983778
20929|0x3ebe41|7|15922916
20929|0x3ebe41|8|31844587
20929|0xbebe41|9|63571890
20929|0xbebe41|10|127244861
20929|0x2bebe41|11|254615505
20929|0x6bebe41|12|509016892
20929|0x6bebe41|13|1018321577
20929|0x16bebe41|14|2051760862
20929|0x16bebe41|15|4073702443
20929|0x16bebe41|16|6869959055
20929|0x96bebe41|17|13161359335
20929|0x96bebe41|18|26762923986
20929|0x96bebe41|19|54072950073
20929|0x496bebe41|20|107909356930
20929|0xc96bebe41|21|216075188642
20929|0x1c96bebe41|22|447628310821
20929|0x1c96bebe41|23|875591355977
20929|0x5c96bebe41|24|1748554195329
21035|0xdc83|1|198121
21035|0x1dc83|2|477458
21035|0x3dc83|3|1025490
21035|0x3dc83|4|1807779
21035|0xbdc83|5|3993540
21035|0xbdc83|6|7874640
21035|0x2bdc83|7|15828916
21035|0x2bdc83|8|31767833
21035|0x2bdc83|9|63363379
21035|0x2bdc83|10|126663807
21035|0x2bdc83|11|236935980
21035|0x42bdc83|12|507434243
21035|0x42bdc83|13|966955062
21035|0x42bdc83|14|2031054881
21035|0x42bdc83|15|3583471170
21035|0x442bdc83|16|6617154762
21035|0xc42bdc83|17|13449595822
21035|0x1c42bdc83|18|27122293310
21035|0x3c42bdc83|19|54751172232
21035|0x3c42bdc83|20|108515466872
21035|0xbc42bdc83|21|215463706604
21035|0x1bc42bdc83|22|441563450952
21035|0x1bc42bdc83|23|876623441765
21035|0x1bc42bdc83|24|1747652152715
21151|0x495f|1|195889
21151|0x495f|2|476689
21151|0x2495f|3|1007395
21151|0x6495f|4|1938715
21151|0xe495f|5|3927217
21151|0xe495f|6|8000039
21151|0x2e495f|7|15855359
21151|0x6e495f|8|32048939
21151|0x6e495f|9|63740211
21151|0x6e495f|10|127538690
21151|0x6e495f|11|255749497
21151|0x6e495f|12|511198834
21151|0x86e495f|13|870784778
21151|0x186e495f|14|1957990181
21151|0x186e495f|15|3559806381
21151|0x186e495f|16|7302315759
21151|0x986e495f|17|14191513986
21151|0x986e495f|18|27081669584
21151|0x2986e495f|19|55001801108
21151|0x2986e495f|20|107321818590
21151|0x2986e495f|21|214722871126
21151|0x12986e495f|22|440482514842
21151|0x32986e495f|23|876468325181
21151|0x72986e495f|24|1747441852554
21257|0x2b39|1|172419
21257|0x12b39|2|421808
21257|0x32b39|3|910031
21257|0x32b39|4|2045137
21257|0x32b39|5|3986483
21257|0x32b39|6|7920064
21257|0x232b39|7|16114236
21257|0x632b39|8|32075417
21257|0xe32b39|9|64053859
21257|0x1e32b39|10|128696132
21257|0x1e32b39|11|256888490
21257|0x1e32b39|12|492390175
21257|0x9e32b39|13|864992161
21257|0x9e32b39|14|1674203594
21257|0x9e32b39|15|3358047646
21257|0x9e32b39|16|6830899782
21257|0x9e32b39|17|13355056009
21257|0x109e32b39|18|28076658339
21257|0x309e32b39|19|54709819808
21257|0x309e32b39|20|107995619349
21257|0x309e32b39|21|214687489752
21257|0x1309e32b39|22|439435726118
21257|0x3309e32b39|23|884038089878
21257|0x3309e32b39|24|1746027116566
21377|0xec81|1|198008
21377|0x1ec81|2|480576
21377|0x3ec81|3|925513
21377|0x3ec81|4|1909954
21377|0xbec81|5|4116948
21377|0x1bec81|6|7880415
21377|0x1bec81|7|15940119
21377|0x5bec81|8|31982960
21377|0x5bec81|9|64088800
21377|0x5bec81|10|128407468
21377|0x5bec81|11|255967106
21377|0x45bec81|12|512774480
21377|0x45bec81|13|863619934
21377|0x45bec81|14|1918860206
21377|0x45bec81|15|3650705489
21377|0x45bec81|16|6709641200
21377|0x45bec81|17|13833977310
21377|0x45bec81|18|26829307939
21377|0x45bec81|19|53366606291
21377|0x4045bec81|20|108138768134
21377|0x4045bec81|21|215395169661
21377|0x14045bec81|22|438103638174
21377|0x14045bec81|23|881459193564
21377|0x14045bec81|24|1745193990148
21489|0x3d11|1|173166
21489|0x3d11|2|456703
21489|0x23d11|3|1013208
21489|0x23d11|4|2057346
21489|0xa3d11|5|3925441
21489|0x1a3d11|6|7979255
21489|0x1a3d11|7|15776707
21489|0x1a3d11|8|31840619
21489|0x9a3d11|9|63860352
21489|0x19a3d11|10|127332171
21489|0x19a3d11|11|255294100
21489|0x59a3d11|12|510185775
21489|0xd9a3d11|13|881474738
21489|0x1d9a3d11|14|1933949352
21489|0x3d9a3d11|15|3969852754
21489|0x3d9a3d11|16|7449018554
21489|0x3d9a3d11|17|13295200767
21489|0x13d9a3d11|18|27533668791
21489|0x13d9a3d11|19|57444915477
21489|0x53d9a3d11|20|108525372453
21489|0xd3d9a3d11|21|213746069828
21489|0x1d3d9a3d11|22|439034383557
21489|0x1d3d9a3d11|23|877414905334
21489|0x1d3d9a3d11|24|1746600035777
21957|0x610d|1|180200
21957|0x610d|2|389300
21957|0x610d|3|986188
21957|0x4610d|4|1997282
21957|0xc610d|5|3841254
21957|0xc610d|6|7992207
21957|0xc610d|7|16028016
21957|0x4c610d|8|31976388
21957|0x4c610d|9|57991239
21957|0x14c610d|10|127656626
21957|0x14c610d|11|255670693
21957|0x54c610d|12|511025730
21957|0x54c610d|13|1014251344
21957|0x154c610d|14|2044569586
21957|0x154c610d|15|3546228039
21957|0x554c610d|16|7865780915
21957|0x554c610d|17|14201591848
21957|0x554c610d|18|27053561830
21957|0x554c610d|19|55104461020
21957|0x4554c610d|20|108912604039
21957|0xc554c610d|21|216430312355
21957|0x1c554c610d|22|437334662611
21957|0x3c554c610d|23|878120183343
21957|0x7c554c610d|24|1744080437984
22073|0xb809|1|175695
22073|0xb809|2|432416
22073|0xb809|3|987278
22073|0x4b809|4|2001598
22073|0x4b809|5|3898546
22073|0x4b809|6|7998638
22073|0x24b809|7|15899916
22073|0x24b809|8|32072840
22073|0x24b809|9|63999645
22073|0x24b809|10|127984193
22073|0x224b809|11|242316445
22073|0x224b809|12|509422352
22073|0x224b809|13|1022671947
22073|0x1224b809|14|1732689757
22073|0x3224b809|15|3782280168
22073|0x3224b809|16|7691393462
22073|0xb224b809|17|13283936445
22073|0xb224b809|18|27531835621
22073|0xb224b809|19|54426409192
22073|0xb224b809|20|108589076953
22073|0xb224b809|21|213713509513
22073|0xb224b809|22|442600442999
22073|0xb224b809|23|884995191472
22073|0xb224b809|24|1742227651253
22183|0xf117|1|192011
22183|0x1f117|2|375218
22183|0x3f117|3|946642
22183|0x3f117|4|2005796
22183|0x3f117|5|3855446
22183|0x13f117|6|8072244
22183|0x13f117|7|15954603
22183|0x13f117|8|32041312
22183|0x13f117|9|62755180
22183|0x13f117|10|127996387
22183|0x13f117|11|255741521
22183|0x13f117|12|511590315
22183|0x13f117|13|1023087893
22183|0x13f117|14|2046435419
22183|0x13f117|15|3761162386
22183|0x4013f117|16|8195222026
22183|0xc013f117|17|13578648739
22183|0xc013f117|18|28375109053
22183|0xc013f117|19|57464310866
22183|0x4c013f117|20|109348287466
22183|0x4c013f117|21|229468540961
22183|0x4c013f117|22|445301905486
22183|0x24c013f117|23|876264846570
22183|0x24c013f117|24|1744022320745
22293|0x403d|1|201867
22293|0x403d|2|440557
22293|0x2403d|3|939699
22293|0x6403d|4|1838622
22293|0xe403d|5|4111291
22293|0xe403d|6|7890112
22293|0xe403d|7|15986111
22293|0xe403d|8|31981559
22293|0xe403d|9|63890067
22293|0x10e403d|10|128043651
22293|0x30e403d|11|255725145
22293|0x30e403d|12|424933907
22293|0xb0e403d|13|908189482
22293|0xb0e403d|14|1794006232
22293|0xb0e403d|15|3719237891
22293|0x4b0e403d|16|7141385611
22293|0x4b0e403d|17|14126562300
22293|0x4b0e403d|18|26683237559
22293|0x4b0e403d|19|54171779946
22293|0x4b0e403d|20|109983462280
22293|0x84b0e403d|21|214353393146
22293|0x184b0e403d|22|443805288404
22293|0x184b0e403d|23|875687093878
22293|0x184b0e403d|24|1740969477605
22411|0x1823|1|200498
22411|0x11823|2|427857
22411|0x11823|3|989267
22411|0x51823|4|2013875
22411|0xd1823|5|3879952
22411|0x1d1823|6|8004087
22411|0x1d1823|7|15829100
22411|0x1d1823|8|31986951
22411|0x1d1823|9|63955805
22411|0x11d1823|10|127876236
22411|0x31d1823|11|256124558
22411|0x71d1823|12|512437443
22411|0x71d1823|13|1023288836
22411|0x71d1823|14|1729708324
22411|0x71d1823|15|4104552523
22411|0x471d1823|16|7182635448
22411|0xc71d1823|17|14540604371
22411|0x1c71d1823|18|27072554222
22411|0x3c71d1823|19|55256227385
22411|0x3c71d1823|20|108774734600
22411|0xbc71d1823|21|232940518823
22411|0x1bc71d1823|22|440101742558
22411|0x1bc71d1823|23|879705222461
22411|0x5bc71d1823|24|1742772000117
22519|0x99c7|1|176376
22519|0x199c7|2|376656
22519|0x399c7|3|872916
22519|0x799c7|4|2020045
22519|0xf99c7|5|3957078
22519|0x1f99c7|6|7889380
22519|0x1f99c7|7|16001056
22519|0x5f99c7|8|31964038
22519|0xdf99c7|9|63927862
22519|0x1df99c7|10|128037430
22519|0x1df99c7|11|256306750
22519|0x5df99c7|12|512387424
22519|0xddf99c7|13|987993257
22519|0xddf99c7|14|1699901037
22519|0x2ddf99c7|15|3360951879
22519|0x6ddf99c7|16|8196280978
22519|0x6ddf99c7|17|13358905289
22519|0x16ddf99c7|18|30192915749
22519|0x16ddf99c7|19|54247692569
22519|0x16ddf99c7|20|115734349067
22519|0x96ddf99c7|21|224884039417
22519|0x196ddf99c7|22|443844283944
22519|0x396ddf99c7|23|875219701141
22519|0x796ddf99c7|24|1740507494815
22995|0x665b|1|175041
22995|0x665b|2|400097
22995|0x2665b|3|977427
22995|0x2665b|4|2060216
22995|0x2665b|5|3900819
22995|0x12665b|6|7861957
22995|0x12665b|7|16035740
22995|0x52665b|8|31932848
22995|0xd2665b|9|63867268
22995|0x1d2665b|10|127865683
22995|0x3d2665b|11|255480927
22995|0x7d2665b|12|512097510
22995|0xfd2665b|13|1026339867
22995|0x1fd2665b|14|2055307152
22995|0x3fd2665b|15|3583591883
22995|0x7fd2665b|16|7499428603
22995|0xffd2665b|17|13514887794
22995|0x1ffd2665b|18|27417797898
22995|0x3ffd2665b|19|54628093699
22995|0x7ffd2665b|20|108104195647
22995|0xfffd2665b|21|215670479690
22995|0xfffd2665b|22|439522497327
22995|0x2fffd2665b|23|879049897263
22995|0x2fffd2665b|24|1741852392163
23113|0xb7f9|1|175167
23113|0xb7f9|2|430162
23113|0x2b7f9|3|981713
23113|0x6b7f9|4|2060741
23113|0xeb7f9|5|3916970
23113|0xeb7f9|6|8034413
23113|0x2eb7f9|7|15959104
23113|0x2eb7f9|8|32048922
23113|0x2eb7f9|9|64044965
23113|0x2eb7f9|10|128427428
23113|0x22eb7f9|11|256716758
23113|0x62eb7f9|12|536939971
23113|0x62eb7f9|13|1026302746
23113|0x162eb7f9|14|2050843671
23113|0x162eb7f9|15|3705891145
23113|0x562eb7f9|16|6711402620
23113|0x562eb7f9|17|13977896571
23113|0x1562eb7f9|18|27008720745
23113|0x3562eb7f9|19|54317445212
23113|0x3562eb7f9|20|108445622995
23113|0x3562eb7f9|21|229794286490
23113|0x3562eb7f9|22|440513952703
23113|0x3562eb7f9|23|879847946149
23113|0x43562eb7f9|24|1740964094748
23215|0x3c4f|1|199407
23215|0x13c4f|2|453433
23215|0x13c4f|3|983470
23215|0x53c4f|4|2043144
23215|0xd3c4f|5|3884867
23215|0xd3c4f|6|8064637
23215|0xd3c4f|7|16107276
23215|0x4d3c4f|8|32102611
23215|0x4d3c4f|9|64226731
23215|0x4d3c4f|10|128361529
23215|0x4d3c4f|11|257158219
23215|0x44d3c4f|12|513271582
23215|0xc4d3c4f|13|1026742001
23215|0x1c4d3c4f|14|2053911499
23215|0x1c4d3c4f|15|4108237785
23215|0x1c4d3c4f|16|6676603030
23215|0x9c4d3c4f|17|13416038187
23215|0x9c4d3c4f|18|28881105981
23215|0x29c4d3c4f|19|55076798590
23215|0x69c4d3c4f|20|108631076098
23215|0xe9c4d3c4f|21|221612412826
23215|0x1e9c4d3c4f|22|442983293689
23215|0x3e9c4d3c4f|23|876338077638
23215|0x7e9c4d3c4f|24|1745540816930
23331|0xac8b|1|175723
23331|0x1ac8b|2|381144
23331|0x1ac8b|3|866992
23331|0x1ac8b|4|2034155
23331|0x1ac8b|5|3991207
23331|0x11ac8b|6|7887912
23331|0x11ac8b|7|16096705
23331|0x51ac8b|8|32075063
23331|0xd1ac8b|9|63935419
23331|0x1d1ac8b|10|128366703
23331|0x1d1ac8b|11|256560889
23331|0x1d1ac8b|12|512765648
23331|0x9d1ac8b|13|1025898916
23331|0x9d1ac8b|14|1727063242
23331|0x29d1ac8b|15|3825815836
23331|0x69d1ac8b|16|6862057532
23331|0x69d1ac8b|17|13420765870
23331|0x69d1ac8b|18|28226009101
23331|0x69d1ac8b|19|55232671412
23331|0x469d1ac8b|20|107948660833
23331|0xc69d1ac8b|21|214440727893
23331|0x1c69d1ac8b|22|438043091681
23331|0x1c69d1ac8b|23|874476014986
23331|0x1c69d1ac8b|24|1740011049045
23445|0x17bd|1|202468
23445|0x17bd|2|433551
23445|0x217bd|3|986996
23445|0x217bd|4|1902996
23445|0xa17bd|5|4087109
23445|0x1a17bd|6|7952000
23445|0x3a17bd|7|16074783
23445|0x7a17bd|8|31983213
23445|0xfa17bd|9|64217707
23445|0xfa17bd|10|128422732
23445|0xfa17bd|11|256883410
23445|0xfa17bd|12|513353484
23445|0x8fa17bd|13|1027026919
23445|0x8fa17bd|14|1927776696
23445|0x28fa17bd|15|4048225031
23445|0x68fa17bd|16|7440103089
23445|0x68fa17bd|17|13855876199
23445|0x68fa17bd|18|26543327408
23445|0x268fa17bd|19|54334059900
23445|0x268fa17bd|20|107375325187
23445|0xa68fa17bd|21|218092926040
23445|0xa68fa17bd|22|437455259931
23445|0x2a68fa17bd|23|879010161100
23445|0x2a68fa17bd|24|1740192538018
23551|0xa3ff|1|200043
23551|0x1a3ff|2|433692
23551|0x3a3ff|3|887750
23551|0x7a3ff|4|1969412
23551|0xfa3ff|5|3937549
23551|0xfa3ff|6|8091500
23551|0x2fa3ff|7|15916748
23551|0x6fa3ff|8|32073289
23551|0xefa3ff|9|64190896
23551|0xefa3ff|10|128146622
23551|0x2efa3ff|11|256381585
23551|0x6efa3ff|12|513562733
23551|0xeefa3ff|13|892186154
23551|0x1eefa3ff|14|2052778746
23551|0x1eefa3ff|15|3844631263
23551|0x1eefa3ff|16|6795122128
23551|0x1eefa3ff|17|13376779395
23551|0x1eefa3ff|18|26917165371
23551|0x21eefa3ff|19|53893717815
23551|0x61eefa3ff|20|108104502563
23551|0xe1eefa3ff|21|227203663350
23551|0x1e1eefa3ff|22|438305597821
23551|0x1e1eefa3ff|23|877724172633
23551|0x1e1eefa3ff|24|1743533939765
24049|0xf311|1|176927
24049|0xf311|2|384543
24049|0x2f311|3|960434
24049|0x6f311|4|2023375
24049|0xef311|5|3890180
24049|0xef311|6|8040226
24049|0x2ef311|7|16188601
24049|0x2ef311|8|32108138
24049|0xaef311|9|64303044
24049|0x1aef311|10|128533683
24049|0x1aef311|11|257129627
24049|0x5aef311|12|515015481
24049|0xdaef311|13|1030083893
24049|0x1daef311|14|2009895494
24049|0x1daef311|15|3886845620
24049|0x1daef311|16|6648425120
24049|0x9daef311|17|13439095844
24049|0x19daef311|18|29105890755
24049|0x39daef311|19|61026541287
24049|0x39daef311|20|108422626325
24049|0x39daef311|21|225613118157
24049|0x139daef311|22|437786283457
24049|0x139daef311|23|882151490873
24049|0x539daef311|24|1739127573115
24163|0x134b|1|203273
24163|0x1134b|2|437259
24163|0x1134b|3|971868
24163|0x1134b|4|1869765
24163|0x1134b|5|3999456
24163|0x1134b|6|8054148
24163|0x1134b|7|16010282
24163|0x1134b|8|32123867
24163|0x81134b|9|64173858
24163|0x181134b|10|128325835
24163|0x381134b|11|256355744
24163|0x381134b|12|514536550
24163|0x381134b|13|1031023588
24163|0x381134b|14|1926022852
24163|0x381134b|15|3549893290
24163|0x4381134b|16|6640459958
24163|0xc381134b|17|13240148780
24163|0x1c381134b|18|27051620065
24163|0x1c381134b|19|53898803180
24163|0x1c381134b|20|107748110610
24163|0x9c381134b|21|224333199692
24163|0x19c381134b|22|438319703294
24163|0x19c381134b|23|876766599793
24163|0x59c381134b|24|1744527126404
24277|0xea7d|1|179289
24277|0x1ea7d|2|385273
24277|0x3ea7d|3|923997
24277|0x7ea7d|4|2034413
24277|0x7ea7d|5|3936828
24277|0x17ea7d|6|8039993
24277|0x17ea7d|7|16193603
24277|0x17ea7d|8|32155143
24277|0x17ea7d|9|64575944
24277|0x17ea7d|10|129156886
24277|0x17ea7d|11|258264603
24277|0x417ea7d|12|515413905
24277|0x417ea7d|13|1030908091
24277|0x1417ea7d|14|2060525664
24277|0x1417ea7d|15|4121146596
24277|0x1417ea7d|16|6976695678
24277|0x9417ea7d|17|14038314323
24277|0x9417ea7d|18|26996870903
24277|0x9417ea7d|19|55861822547
24277|0x49417ea7d|20|114057363145
24277|0x49417ea7d|21|224296322687
24277|0x149417ea7d|22|437945893295
24277|0x149417ea7d|23|873711430506
24277|0x149417ea7d|24|1738879372458
24391|0x9a77|1|204052
24391|0x19a77|2|438325
24391|0x19a77|3|1002433
24391|0x59a77|4|2009323
24391|0x59a77|5|3927491
24391|0x59a77|6|8042973
24391|0x259a77|7|15956009
24391|0x659a77|8|32200513
24391|0xe59a77|9|64305435
24391|0xe59a77|10|128678786
24391|0xe59a77|11|258156419
24391|0x4e59a77|12|515358886
24391|0x4e59a77|13|844765187
24391|0x14e59a77|14|1911785075
24391|0x14e59a77|15|4124916705
24391|0x14e59a77|16|7158805601
24391|0x14e59a77|17|13389833768
24391|0x114e59a77|18|27918871750
24391|0x314e59a77|19|54161406886
24391|0x714e59a77|20|113853926033
24391|0xf14e59a77|21|214918561838
24391|0x1f14e59a77|22|439858147881
24391|0x3f14e59a77|23|874243206009
24391|0x7f14e59a77|24|1739160711024
24497|0x8951|1|206234
24497|0x8951|2|439307
24497|0x8951|3|1004550
24497|0x48951|4|2043299
24497|0xc8951|5|3949509
24497|0xc8951|6|7893178
24497|0x2c8951|7|16090179
24497|0x6c8951|8|32272457
24497|0x6c8951|9|64289183
24497|0x6c8951|10|128647411
24497|0x26c8951|11|257286613
24497|0x66c8951|12|513006950
24497|0xe6c8951|13|955139723
24497|0xe6c8951|14|1703369926
24497|0xe6c8951|15|3474118995
24497|0x4e6c8951|16|7326149924
24497|0xce6c8951|17|13414031629
24497|0x1ce6c8951|18|27125117857
24497|0x3ce6c8951|19|54337641334
24497|0x7ce6c8951|20|106575485561
24497|0x7ce6c8951|21|224833569509
24497|0x7ce6c8951|22|437618349079
24497|0x7ce6c8951|23|874005400048
24497|0x7ce6c8951|24|1738377011724
24985|0x62a9|1|205016
24985|0x162a9|2|441726
24985|0x362a9|3|1031448
24985|0x362a9|4|1820473
24985|0xb62a9|5|4118499
24985|0x1b62a9|6|8067338
24985|0x1b62a9|7|16049252
24985|0x5b62a9|8|32497722
24985|0x5b62a9|9|64817760
24985|0x15b62a9|10|130160624
24985|0x15b62a9|11|259932510
24985|0x15b62a9|12|520392878
24985|0x15b62a9|13|1040927908
24985|0x115b62a9|14|1852388259
24985|0x115b62a9|15|3354572480
24985|0x115b62a9|16|6748505144
24985|0x115b62a9|17|13281079794
24985|0x115b62a9|18|26561057700
24985|0x2115b62a9|19|54416835596
24985|0x2115b62a9|20|110347841099
24985|0x2115b62a9|21|223528499195
24985|0x12115b62a9|22|440351238941
24985|0x32115b62a9|23|875217099883
24985|0x32115b62a9|24|1737633219235
25103|0x4cef|1|205479
25103|0x4cef|2|468001
25103|0x4cef|3|1014116
25103|0x4cef|4|1987024
25103|0x84cef|5|3953398
25103|0x184cef|6|8078559
25103|0x384cef|7|16064583
25103|0x784cef|8|32612439
25103|0xf84cef|9|64935668
25103|0xf84cef|10|130116596
25103|0xf84cef|11|259875710
25103|0x4f84cef|12|520842650
25103|0xcf84cef|13|1031563241
25103|0x1cf84cef|14|1979204265
25103|0x1cf84cef|15|3394980942
25103|0x5cf84cef|16|7064552035
25103|0xdcf84cef|17|13382423866
25103|0xdcf84cef|18|27406950620
25103|0xdcf84cef|19|54029849640
25103|0x4dcf84cef|20|107128272117
25103|0x4dcf84cef|21|219652648532
25103|0x4dcf84cef|22|437963817879
25103|0x24dcf84cef|23|872689376915
25103|0x64dcf84cef|24|1737692796148
25207|0x1747|1|178854
25207|0x1747|2|387969
25207|0x1747|3|997298
25207|0x41747|4|2074668
25207|0x41747|5|3958499
25207|0x141747|6|8104878
25207|0x141747|7|16364895
25207|0x541747|8|32486875
25207|0x541747|9|65217842
25207|0x541747|10|130353531
25207|0x541747|11|260392183
25207|0x541747|12|520713375
25207|0x8541747|13|1041007586
25207|0x18541747|14|2083968680
25207|0x18541747|15|3375883279
25207|0x18541747|16|6676630122
25207|0x98541747|17|13440027656
25207|0x198541747|18|32130703275
25207|0x398541747|19|54008060814
25207|0x798541747|20|114392943144
25207|0xf98541747|21|216681952392
25207|0x1f98541747|22|441654208353
25207|0x1f98541747|23|874079959193
25207|0x1f98541747|24|1738140687834
25323|0x35c3|1|217145
25323|0x35c3|2|443836
25323|0x235c3|3|1017812
25323|0x635c3|4|1852442
25323|0xe35c3|5|4116004
25323|0xe35c3|6|8137020
25323|0x2e35c3|7|16112522
25323|0x2e35c3|8|32647382
25323|0x2e35c3|9|64957063
25323|0x12e35c3|10|130487306
25323|0x32e35c3|11|260463550
25323|0x72e35c3|12|468165223
25323|0xf2e35c3|13|905799420
25323|0xf2e35c3|14|1810422216
25323|0x2f2e35c3|15|3368255524
25323|0x2f2e35c3|16|7790482654
25323|0x2f2e35c3|17|13576929383
25323|0x12f2e35c3|18|29403071377
25323|0x32f2e35c3|19|54771323246
25323|0x72f2e35c3|20|107291363716
25323|0xf2f2e35c3|21|224441361957
25323|0xf2f2e35c3|22|442756694141
25323|0xf2f2e35c3|23|872414592189
25323|0xf2f2e35c3|24|1737100531168
25435|0x14d3|1|205782
25435|0x114d3|2|460639
25435|0x114d3|3|1019609
25435|0x114d3|4|2054778
25435|0x114d3|5|3925139
25435|0x1114d3|6|8143738
25435|0x3114d3|7|16302747
25435|0x3114d3|8|32435709
25435|0xb114d3|9|64927898
25435|0xb114d3|10|130249079
25435|0x2b114d3|11|260663693
25435|0x2b114d3|12|520896379
25435|0x2b114d3|13|1042086931
25435|0x12b114d3|14|2011570907
25435|0x32b114d3|15|3771501081
25435|0x32b114d3|16|7600678265
25435|0xb2b114d3|17|13890917442
25435|0xb2b114d3|18|27338986138
25435|0x2b2b114d3|19|54226154219
25435|0x2b2b114d3|20|107192345561
25435|0x2b2b114d3|21|216988270432
25435|0x12b2b114d3|22|437871160370
25435|0x12b2b114d3|23|876045111781
25435|0x52b2b114d3|24|1741180747245
25547|0x29e3|1|181552
25547|0x29e3|2|434775
25547|0x29e3|3|1021191
25547|0x429e3|4|2082298
25547|0x429e3|5|3961931
25547|0x429e3|6|8160322
25547|0x429e3|7|16309799
25547|0x429e3|8|32435876
25547|0x8429e3|9|65068745
25547|0x18429e3|10|129974775
25547|0x18429e3|11|260227519
25547|0x18429e3|12|521243134
25547|0x18429e3|13|992917203
25547|0x118429e3|14|2087218770
25547|0x118429e3|15|4169187431
25547|0x118429e3|16|6728128729
25547|0x118429e3|17|14000191635
25547|0x118429e3|18|29501280622
25547|0x118429e3|19|52821435531
25547|0x4118429e3|20|122429634362
25547|0x4118429e3|21|215589751426
25547|0x4118429e3|22|437158704479
25547|0x4118429e3|23|873547215841
25547|0x4118429e3|24|1736771098539
26019|0xf60b|1|180208
26019|0x1f60b|2|393904
26019|0x3f60b|3|1047292
26019|0x3f60b|4|2074254
26019|0xbf60b|5|4074120
26019|0x1bf60b|6|8199332
26019|0x3bf60b|7|16448430
26019|0x7bf60b|8|32942672
26019|0x7bf60b|9|65939696
26019|0x17bf60b|10|131496014
26019|0x37bf60b|11|263566497
26019|0x37bf60b|12|526144484
26019|0x37bf60b|13|1045133875
26019|0x37bf60b|14|1771458078
26019|0x237bf60b|15|3597145974
26019|0x237bf60b|16|6884230115
26019|0xa37bf60b|17|14599613583
26019|0xa37bf60b|18|28201188778
26019|0xa37bf60b|19|52906350709
26019|0xa37bf60b|20|105513934405
26019|0x8a37bf60b|21|217185968229
26019|0x8a37bf60b|22|437769462687
26019|0x8a37bf60b|23|872925013650
26019|0x8a37bf60b|24|1738183986345
26121|0x839|1|180253
26121|0x10839|2|409667
26121|0x10839|3|1050593
26121|0x10839|4|2075788
26121|0x10839|5|3997214
26121|0x110839|6|8210091
26121|0x310839|7|16424414
26121|0x310839|8|32690893
26121|0x310839|9|65611515
26121|0x1310839|10|131394070
26121|0x1310839|11|263576602
26121|0x5310839|12|526625016
26121|0xd310839|13|1054079600
26121|0xd310839|14|2107627219
26121|0xd310839|15|3706485205
26121|0xd310839|16|6805015821
26121|0xd310839|17|13892166607
26121|0xd310839|18|26742832732
26121|0x20d310839|19|58151657591
26121|0x60d310839|20|109152311154
26121|0xe0d310839|21|223641416549
26121|0xe0d310839|22|440474637304
26121|0xe0d310839|23|872175384690
26121|0x4e0d310839|24|1736537934664
26237|0xc2d5|1|206879
26237|0xc2d5|2|448821
26237|0xc2d5|3|959108
26237|0xc2d5|4|2007197
26237|0xc2d5|5|3992331
26237|0xc2d5|6|8167139
26237|0xc2d5|7|16374474
26237|0xc2d5|8|32788837
26237|0xc2d5|9|65645443
26237|0xc2d5|10|131679815
26237|0x200c2d5|11|263349426
26237|0x200c2d5|12|526489311
26237|0xa00c2d5|13|966081839
26237|0x1a00c2d5|14|2118624436
26237|0x1a00c2d5|15|4215182427
26237|0x1a00c2d5|16|6849395292
26237|0x1a00c2d5|17|13508798214
26237|0x11a00c2d5|18|27293967071
26237|0x31a00c2d5|19|53652807061
26237|0x31a00c2d5|20|107817931636
26237|0x31a00c2d5|21|218878947509
26237|0x31a00c2d5|22|438660328181
26237|0x231a00c2d5|23|871816748674
26237|0x231a00c2d5|24|1736855406283
26353|0xca11|1|207521
26353|0x1ca11|2|460244
26353|0x3ca11|3|960692
26353|0x7ca11|4|1904087
26353|0xfca11|5|4077790
26353|0xfca11|6|8186369
26353|0x2fca11|7|16485973
26353|0x2fca11|8|32887158
26353|0xafca11|9|65954706
26353|0xafca11|10|131582812
26353|0xafca11|11|263946390
26353|0xafca11|12|527457157
26353|0xafca11|13|1054002791
26353|0x10afca11|14|1898725616
26353|0x10afca11|15|3703202328
26353|0x50afca11|16|6804195329
26353|0x50afca11|17|13936333895
26353|0x50afca11|18|27089711354
26353|0x250afca11|19|53762306893
26353|0x650afca11|20|108657000984
26353|0xe50afca11|21|227781915675
26353|0xe50afca11|22|437664787475
26353|0x2e50afca11|23|872314554246
26353|0x6e50afca11|24|1739408474318
26461|0x24f5|1|207900
26461|0x24f5|2|449801
26461|0x24f5|3|886526
26461|0x424f5|4|1927911
26461|0x424f5|5|4139651
26461|0x424f5|6|8094484
26461|0x2424f5|7|16355335
26461|0x2424f5|8|32895646
26461|0x2424f5|9|53629393
26461|0x2424f5|10|131266078
26461|0x2424f5|11|262772068
26461|0x2424f5|12|527776245
26461|0x82424f5|13|1049189208
26461|0x82424f5|14|2108891596
26461|0x82424f5|15|3998987145
26461|0x82424f5|16|7038840998
26461|0x882424f5|17|13666406772
26461|0x882424f5|18|28893247670
26461|0x882424f5|19|53911576678
26461|0x882424f5|20|107179789106
26461|0x8882424f5|21|218159083099
26461|0x8882424f5|22|436549396868
26461|0x28882424f5|23|871610257954
26461|0x28882424f5|24|1737491819588
26573|0xdd05|1|183634
26573|0xdd05|2|417548
26573|0x2dd05|3|935574
26573|0x2dd05|4|2020557
26573|0xadd05|5|4044355
26573|0xadd05|6|8132523
26573|0x2add05|7|16435712
26573|0x6add05|8|32866859
26573|0xeadd05|9|65902324
26573|0x1eadd05|10|132001092
26573|0x1eadd05|11|263764831
26573|0x1eadd05|12|528494524
26573|0x9eadd05|13|1031417968
26573|0x19eadd05|14|2107542705
26573|0x19eadd05|15|3476053769
26573|0x59eadd05|16|7641927274
26573|0xd9eadd05|17|15055754393
26573|0xd9eadd05|18|28249470475
26573|0xd9eadd05|19|53596249416
26573|0x4d9eadd05|20|106498040400
26573|0x4d9eadd05|21|216582223799
26573|0x14d9eadd05|22|438852960242
26573|0x34d9eadd05|23|870907788180
26573|0x34d9eadd05|24|1736839295765
27037|0x64b5|1|208949
27037|0x64b5|2|453216
27037|0x64b5|3|971904
27037|0x464b5|4|2055608
27037|0x464b5|5|4032605
27037|0x464b5|6|8218095
27037|0x464b5|7|16486314
27037|0x464b5|8|33075804
27037|0x464b5|9|65987482
27037|0x464b5|10|132310465
27037|0x464b5|11|264484726
27037|0x464b5|12|528556872
27037|0x464b5|13|1057340685
27037|0x100464b5|14|2114988597
27037|0x300464b5|15|4228678496
27037|0x700464b5|16|7723768151
27037|0xf00464b5|17|14149355242
27037|0x1f00464b5|18|27711504814
27037|0x3f00464b5|19|54080669887
27037|0x7f00464b5|20|107153375968
27037|0x7f00464b5|21|217427751100
27037|0x17f00464b5|22|435328037389
27037|0x37f00464b5|23|869476076186
27037|0x77f00464b5|24|1736593235171
27149|0xf4c5|1|206793
27149|0xf4c5|2|470355
27149|0x2f4c5|3|973533
27149|0x2f4c5|4|1980640
27149|0x2f4c5|5|4094459
27149|0x2f4c5|6|8226109
27149|0x2f4c5|7|16519753
27149|0x2f4c5|8|32923405
27149|0x82f4c5|9|65854607
27149|0x82f4c5|10|131946235
27149|0x82f4c5|11|264183732
27149|0x82f4c5|12|528620671
27149|0x82f4c5|13|1032647134
27149|0x82f4c5|14|2113571244
27149|0x82f4c5|15|4233778917
27149|0x4082f4c5|16|7548092864
27149|0xc082f4c5|17|13945130579
27149|0xc082f4c5|18|27701223764
27149|0xc082f4c5|19|53604428370
27149|0xc082f4c5|20|110057665413
27149|0xc082f4c5|21|218628783113
27149|0xc082f4c5|22|438499650228
27149|0xc082f4c5|23|871786244418
27149|0x40c082f4c5|24|1735673486147
27263|0x557f|1|207025
27263|0x1557f|2|452295
27263|0x1557f|3|975244
27263|0x1557f|4|2053026
27263|0x1557f|5|4014213
27263|0x11557f|6|8222120
27263|0x11557f|7|14929513
27263|0x11557f|8|32976732
27263|0x11557f|9|66088983
27263|0x11557f|10|132217905
27263|0x211557f|11|266893446
27263|0x611557f|12|441317157
27263|0x611557f|13|893252974
27263|0x1611557f|14|2002160725
27263|0x3611557f|15|3405455523
27263|0x3611557f|16|7401530954
27263|0x3611557f|17|13954125173
27263|0x3611557f|18|26942767100
27263|0x23611557f|19|54587217272
27263|0x63611557f|20|106309534445
27263|0xe3611557f|21|220232518331
27263|0x1e3611557f|22|437555786109
27263|0x3e3611557f|23|869702851841
27263|0x7e3611557f|24|1740023554719
27375|0x40f|1|207184
27375|0x40f|2|455269
27375|0x2040f|3|976779
27375|0x2040f|4|2061163
27375|0x2040f|5|4052874
27375|0x12040f|6|8266506
27375|0x12040f|7|16504277
27375|0x12040f|8|33055134
27375|0x92040f|9|66127979
27375|0x92040f|10|132309452
27375|0x292040f|11|277224591
27375|0x692040f|12|506988168
27375|0xe92040f|13|1069226092
27375|0x1e92040f|14|1948352481
27375|0x1e92040f|15|3847273081
27375|0x1e92040f|16|7057054612
27375|0x1e92040f|17|13828192884
27375|0x11e92040f|18|27681450285
27375|0x11e92040f|19|56266075020
27375|0x51e92040f|20|117855482332
27375|0x51e92040f|21|216105268802
27375|0x151e92040f|22|434958628777
27375|0x351e92040f|23|869145921816
27375|0x751e92040f|24|1735225080666
27489|0x78a1|1|209792
27489|0x178a1|2|455735
27489|0x378a1|3|1003474
27489|0x778a1|4|1880271
27489|0x778a1|5|4190122
27489|0x778a1|6|8245995
27489|0x778a1|7|16476779
27489|0x4778a1|8|33002548
27489|0xc778a1|9|66108017
27489|0x1c778a1|10|132318413
27489|0x1c778a1|11|264480016
27489|0x5c778a1|12|519676139
27489|0x5c778a1|13|1055312592
27489|0x15c778a1|14|1902328874
27489|0x35c778a1|15|3842981083
27489|0x75c778a1|16|7220255809
27489|0x75c778a1|17|13911255744
27489|0x175c778a1|18|27088807072
27489|0x175c778a1|19|54933643303
27489|0x175c778a1|20|107449138897
27489|0x975c778a1|21|217000218884
27489|0x1975c778a1|22|435904326749
27489|0x3975c778a1|23|868535215297
27489|0x3975c778a1|24|1734294347699
27603|0x245b|1|207470
27603|0x245b|2|454054
27603|0x245b|3|977486
27603|0x245b|4|2055042
27603|0x245b|5|3995136
27603|0x10245b|6|8191091
27603|0x10245b|7|16640054
27603|0x10245b|8|33083934
27603|0x90245b|9|66188918
27603|0x90245b|10|132435206
27603|0x290245b|11|264541194
27603|0x690245b|12|529780417
27603|0xe90245b|13|1059419961
27603|0xe90245b|14|2065804933
27603|0xe90245b|15|4238132893
27603|0x4e90245b|16|7940138373
27603|0x4e90245b|17|14177198158
27603|0x14e90245b|18|29473783796
27603|0x34e90245b|19|55923835502
27603|0x34e90245b|20|106584368212
27603|0x34e90245b|21|214436123849
27603|0x134e90245b|22|436566659023
27603|0x134e90245b|23|872029083351
27603|0x534e90245b|24|1736690338203
28091|0x4f73|1|208861
28091|0x4f73|2|458960
28091|0x24f73|3|986634
28091|0x64f73|4|1900572
28091|0x64f73|5|4180023
28091|0x164f73|6|8276976
28091|0x364f73|7|16414316
28091|0x364f73|8|33171914
28091|0xb64f73|9|66200962
28091|0x1b64f73|10|132775339
28091|0x1b64f73|11|265177696
28091|0x1b64f73|12|530191217
28091|0x1b64f73|13|960645947
28091|0x1b64f73|14|1706636299
28091|0x21b64f73|15|3937810429
28091|0x61b64f73|16|6751469836
28091|0x61b64f73|17|13857758000
28091|0x61b64f73|18|28410418820
28091|0x261b64f73|19|54281571491
28091|0x261b64f73|20|106908677601
28091|0xa61b64f73|21|228292026372
28091|0x1a61b64f73|22|435117409163
28091|0x3a61b64f73|23|868566664604
28091|0x7a61b64f73|24|1759980357214
28203|0xe083|1|194818
28203|0xe083|2|404627
28203|0x2e083|3|964168
28203|0x6e083|4|2070556
28203|0x6e083|5|4107264
28203|0x6e083|6|8215933
28203|0x26e083|7|16755064
28203|0x26e083|8|33104556
28203|0x26e083|9|66213400
28203|0x126e083|10|132835360
28203|0x326e083|11|265517780
28203|0x726e083|12|518796924
28203|0xf26e083|13|955396433
28203|0xf26e083|14|2121610224
28203|0xf26e083|15|4241941739
28203|0x4f26e083|16|8177825564
28203|0x4f26e083|17|14588009069
28203|0x4f26e083|18|28026672223
28203|0x4f26e083|19|54883123383
28203|0x4f26e083|20|107146525216
28203|0x4f26e083|21|214532001693
28203|0x104f26e083|22|434262332928
28203|0x104f26e083|23|867825955632
28203|0x504f26e083|24|1733855441356
28319|0x2d5f|1|211374
28319|0x12d5f|2|460298
28319|0x32d5f|3|989486
28319|0x32d5f|4|2099800
28319|0xb2d5f|5|4036808
28319|0x1b2d5f|6|8293467
28319|0x3b2d5f|7|16612875
28319|0x7b2d5f|8|33093201
28319|0x7b2d5f|9|66410889
28319|0x7b2d5f|10|132921754
28319|0x27b2d5f|11|282915036
28319|0x27b2d5f|12|531619322
28319|0xa7b2d5f|13|1060555950
28319|0x1a7b2d5f|14|2124603820
28319|0x3a7b2d5f|15|4118739182
28319|0x7a7b2d5f|16|7557234559
28319|0x7a7b2d5f|17|14788855173
28319|0x17a7b2d5f|18|27428558800
28319|0x17a7b2d5f|19|54768722869
28319|0x57a7b2d5f|20|106794652254
28319|0xd7a7b2d5f|21|223988429128
28319|0xd7a7b2d5f|22|434363053787
28319|0xd7a7b2d5f|23|867659994640
28319|0xd7a7b2d5f|24|1735340242809
28429|0xf7c5|1|224236
28429|0x1f7c5|2|467146
28429|0x1f7c5|3|871988
28429|0x1f7c5|4|2011465
28429|0x9f7c5|5|4189638
28429|0x19f7c5|6|8161771
28429|0x19f7c5|7|16436099
28429|0x59f7c5|8|33202007
28429|0x59f7c5|9|66343196
28429|0x159f7c5|10|132683445
28429|0x159f7c5|11|265650604
28429|0x559f7c5|12|533180016
28429|0xd59f7c5|13|844636019
28429|0x1d59f7c5|14|1851628693
28429|0x1d59f7c5|15|4228624807
28429|0x1d59f7c5|16|6943811297
28429|0x9d59f7c5|17|13630830742
28429|0x9d59f7c5|18|27348586179
28429|0x29d59f7c5|19|54424547636
28429|0x69d59f7c5|20|116066759464
28429|0x69d59f7c5|21|218109356672
28429|0x169d59f7c5|22|434240216641
28429|0x369d59f7c5|23|866999605421
28429|0x369d59f7c5|24|1733366659543
28541|0xc1d5|1|211446
28541|0xc1d5|2|461708
28541|0x2c1d5|3|1009250
28541|0x6c1d5|4|2081235
28541|0xec1d5|5|4015466
28541|0xec1d5|6|8373631
28541|0xec1d5|7|16592176
28541|0x4ec1d5|8|33034267
28541|0xcec1d5|9|66238088
28541|0x1cec1d5|10|132768547
28541|0x1cec1d5|11|265778715
28541|0x1cec1d5|12|531224918
28541|0x9cec1d5|13|1061826297
28541|0x19cec1d5|14|2077881723
28541|0x19cec1d5|15|3553430054
28541|0x59cec1d5|16|7521879774
28541|0xd9cec1d5|17|14516290777
28541|0x1d9cec1d5|18|27507573545
28541|0x1d9cec1d5|19|54511362823
28541|0x1d9cec1d5|20|116891145870
28541|0x9d9cec1d5|21|216549306895
28541|0x9d9cec1d5|22|434030112867
28541|0x9d9cec1d5|23|875022201625
28541|0x49d9cec1d5|24|1732306488982
28655|0x9f0f|1|212192
28655|0x9f0f|2|457859
28655|0x9f0f|3|893392
28655|0x49f0f|4|2049356
28655|0xc9f0f|5|4208561
28655|0xc9f0f|6|8244696
28655|0xc9f0f|7|16646606
28655|0x4c9f0f|8|33165324
28655|0xcc9f0f|9|66415093
28655|0xcc9f0f|10|132820626
28655|0xcc9f0f|11|265960301
28655|0xcc9f0f|12|502923198
28655|0x8cc9f0f|13|1064053728
28655|0x18cc9f0f|14|1796909997
28655|0x38cc9f0f|15|3904736025
28655|0x78cc9f0f|16|8193512146
28655|0xf8cc9f0f|17|16574724519
28655|0x1f8cc9f0f|18|27605720122
28655|0x1f8cc9f0f|19|54444908820
28655|0x1f8cc9f0f|20|109383796129
28655|0x9f8cc9f0f|21|214511567248
28655|0x19f8cc9f0f|22|434617320018
28655|0x39f8cc9f0f|23|866345346805
28655|0x39f8cc9f0f|24|1732217086354
29135|0xf52f|1|210091
29135|0xf52f|2|462557
29135|0xf52f|3|998414
29135|0xf52f|4|1982851
29135|0xf52f|5|4057240
29135|0xf52f|6|8245523
29135|0xf52f|7|16579508
29135|0xf52f|8|33130876
29135|0xf52f|9|66487700
29135|0x100f52f|10|133485731
29135|0x100f52f|11|266429355
29135|0x500f52f|12|531912010
29135|0xd00f52f|13|964585761
29135|0x1d00f52f|14|1696598037
29135|0x3d00f52f|15|3436557419
29135|0x7d00f52f|16|7480486649
29135|0xfd00f52f|17|14397850976
29135|0xfd00f52f|18|27338868215
29135|0x2fd00f52f|19|54323191959
29135|0x2fd00f52f|20|110356552469
29135|0xafd00f52f|21|215377196735
29135|0x1afd00f52f|22|435390444357
29135|0x1afd00f52f|23|866140468431
29135|0x1afd00f52f|24|1731218469128
29243|0x96f3|1|213212
29243|0x196f3|2|465150
29243|0x396f3|3|1014904
29243|0x796f3|4|2021064
29243|0xf96f3|5|3988761
29243|0x1f96f3|6|8366539
29243|0x1f96f3|7|16654409
29243|0x1f96f3|8|33300563
29243|0x9f96f3|9|66673514
29243|0x9f96f3|10|133109672
29243|0x29f96f3|11|241301653
29243|0x69f96f3|12|532723980
29243|0xe9f96f3|13|1065296736
29243|0x1e9f96f3|14|2129239281
29243|0x3e9f96f3|15|3728856271
29243|0x3e9f96f3|16|8457577431
29243|0xbe9f96f3|17|13692248799
29243|0x1be9f96f3|18|27344270354
29243|0x3be9f96f3|19|57050498764
29243|0x3be9f96f3|20|130727231011
29243|0x3be9f96f3|21|215267180116
29243|0x3be9f96f3|22|439050909846
29243|0x3be9f96f3|23|866953457291
29243|0x43be9f96f3|24|1731442508085
29357|0xc125|1|207505
29357|0x1c125|2|409879
29357|0x3c125|3|968271
29357|0x7c125|4|2026163
29357|0x7c125|5|4169201
29357|0x7c125|6|8268496
29357|0x7c125|7|16665768
29357|0x47c125|8|33254602
29357|0xc7c125|9|66610859
29357|0x1c7c125|10|133063238
29357|0x1c7c125|11|266515362
29357|0x1c7c125|12|532478497
29357|0x9c7c125|13|1066084402
29357|0x19c7c125|14|2041298235
29357|0x39c7c125|15|4077561005
29357|0x39c7c125|16|7479307075
29357|0x39c7c125|17|13670867583
29357|0x39c7c125|18|27453786010
29357|0x239c7c125|19|55119127057
29357|0x639c7c125|20|110882954917
29357|0x639c7c125|21|215234978895
29357|0x1639c7c125|22|434258540401
29357|0x1639c7c125|23|865577960563
29357|0x5639c7c125|24|1731341044068
29465|0x3929|1|213359
29465|0x13929|2|466390
29465|0x13929|3|1005264
29465|0x53929|4|1863677
29465|0x53929|5|4232090
29465|0x153929|6|9391227
29465|0x153929|7|15206045
29465|0x553929|8|30314695
29465|0x553929|9|66519688
29465|0x1553929|10|133210252
29465|0x3553929|11|266438581
29465|0x7553929|12|532570072
29465|0x7553929|13|1022051783
29465|0x7553929|14|2132489450
29465|0x7553929|15|3705936767
29465|0x7553929|16|8528938228
29465|0x7553929|17|14113709538
29465|0x7553929|18|28177607636
29465|0x7553929|19|54399387603
29465|0x407553929|20|111834959988
29465|0x407553929|21|216049527766
29465|0x1407553929|22|433466096749
29465|0x1407553929|23|868438144551
29465|0x5407553929|24|1730265382739
29579|0x1c23|1|213824
29579|0x11c23|2|466607
29579|0x31c23|3|1006642
29579|0x71c23|4|1878872
29579|0x71c23|5|4188935
29579|0x71c23|6|8304742
29579|0x71c23|7|16582667
29579|0x71c23|8|33229344
29579|0x871c23|9|66549571
29579|0x1871c23|10|133394944
29579|0x3871c23|11|266183273
29579|0x7871c23|12|532736200
29579|0xf871c23|13|1067640969
29579|0xf871c23|14|2013858035
29579|0x2f871c23|15|4266365181
29579|0x2f871c23|16|7246350982
29579|0xaf871c23|17|14939312596
29579|0x1af871c23|18|27301247361
29579|0x1af871c23|19|60817080313
29579|0x5af871c23|20|109635867376
29579|0x5af871c23|21|215783600884
29579|0x15af871c23|22|433151641434
29579|0x35af871c23|23|866239187513
29579|0x35af871c23|24|1732481375807
29691|0x9f33|1|214072
29691|0x9f33|2|467604
29691|0x9f33|3|1008359
29691|0x9f33|4|2031810
29691|0x9f33|5|3993730
29691|0x9f33|6|8262444
29691|0x209f33|7|16418646
29691|0x209f33|8|33084654
29691|0xa09f33|9|65774664
29691|0x1a09f33|10|132337858
29691|0x1a09f33|11|264538411
29691|0x1a09f33|12|528667684
29691|0x1a09f33|13|1057160940
29691|0x1a09f33|14|1682963334
29691|0x1a09f33|15|4243709386
29691|0x41a09f33|16|7971225388
29691|0xc1a09f33|17|13805155471
29691|0x1c1a09f33|18|27360677752
29691|0x1c1a09f33|19|53767661150
29691|0x5c1a09f33|20|109898842304
29691|0x5c1a09f33|21|214927808592
29691|0x5c1a09f33|22|434881789446
29691|0x25c1a09f33|23|868168832089
29691|0x25c1a09f33|24|1731810028487
30159|0x712f|1|214690
30159|0x712f|2|470058
30159|0x2712f|3|1014586
30159|0x6712f|4|2061866
30159|0x6712f|5|4067638
30159|0x16712f|6|8293623
30159|0x36712f|7|16703397
30159|0x76712f|8|33446431
30159|0xf6712f|9|66990689
30159|0x1f6712f|10|133437311
30159|0x1f6712f|11|266927585
30159|0x1f6712f|12|522949698
30159|0x9f6712f|13|1068291592
30159|0x19f6712f|14|2032430795
30159|0x39f6712f|15|3590438890
30159|0x39f6712f|16|6713184449
30159|0xb9f6712f|17|13417226503
30159|0xb9f6712f|18|27193852666
30159|0xb9f6712f|19|54011501288
30159|0x4b9f6712f|20|113116056874
30159|0x4b9f6712f|21|215668365757
30159|0x14b9f6712f|22|434371501368
30159|0x14b9f6712f|23|868043790140
30159|0x54b9f6712f|24|1730804907306
30275|0x66b|1|186926
30275|0x1066b|2|414053
30275|0x3066b|3|1011789
30275|0x3066b|4|2052535
30275|0x3066b|5|4088291
30275|0x3066b|6|8310557
30275|0x3066b|7|16701877
30275|0x43066b|8|33463360
30275|0xc3066b|9|66792998
30275|0xc3066b|10|133982181
30275|0xc3066b|11|267540585
30275|0xc3066b|12|534252535
30275|0x8c3066b|13|1068975824
30275|0x18c3066b|14|2175624726
30275|0x38c3066b|15|4253664890
30275|0x78c3066b|16|7837311792
30275|0xf8c3066b|17|13989591971
30275|0x1f8c3066b|18|29564751809
30275|0x3f8c3066b|19|54564310365
30275|0x7f8c3066b|20|111347845845
30275|0x7f8c3066b|21|216013373536
30275|0x7f8c3066b|22|440015825472
30275|0x7f8c3066b|23|865034712998
30275|0x47f8c3066b|24|1729300063148
30387|0x287b|1|215038
30387|0x1287b|2|471202
30387|0x1287b|3|1017588
30387|0x1287b|4|1906186
30387|0x9287b|5|4206710
30387|0x19287b|6|8314298
30387|0x19287b|7|16508730
30387|0x59287b|8|33328311
30387|0x59287b|9|66249603
30387|0x159287b|10|133108859
30387|0x359287b|11|265588578
30387|0x359287b|12|532712108
30387|0x359287b|13|956937462
30387|0x1359287b|14|1727571751
30387|0x3359287b|15|3672977907
30387|0x3359287b|16|8520932425
30387|0x3359287b|17|14931120315
30387|0x13359287b|18|27385290831
30387|0x33359287b|19|55615594434
30387|0x33359287b|20|114015581307
30387|0xb3359287b|21|220975276540
30387|0xb3359287b|22|433621904314
30387|0xb3359287b|23|864659533833
30387|0xb3359287b|24|1729165462320
30501|0xccad|1|214950
30501|0xccad|2|471885
30501|0x2ccad|3|1018997
30501|0x6ccad|4|1871588
30501|0x6ccad|5|4250390
30501|0x6ccad|6|8312964
30501|0x26ccad|7|16562045
30501|0x66ccad|8|33379113
30501|0x66ccad|9|66815988
30501|0x66ccad|10|133562582
30501|0x66ccad|11|267556405
30501|0x66ccad|12|500538763
30501|0x866ccad|13|996138038
30501|0x866ccad|14|2131491633
30501|0x866ccad|15|4257750857
30501|0x866ccad|16|7734090311
30501|0x866ccad|17|13616118195
30501|0x10866ccad|18|28618339220
30501|0x30866ccad|19|54606159351
30501|0x30866ccad|20|108938873209
30501|0xb0866ccad|21|215296543986
30501|0xb0866ccad|22|432391131073
30501|0xb0866ccad|23|865408241384
30501|0xb0866ccad|24|1728665577165
30619|0x1693|1|213187
30619|0x1693|2|472778
30619|0x1693|3|1020918
30619|0x41693|4|2081070
30619|0xc1693|5|4088139
30619|0x1c1693|6|8353617
30619|0x1c1693|7|16709016
30619|0x1c1693|8|33394847
30619|0x9c1693|9|66678589
30619|0x19c1693|10|133745450
30619|0x19c1693|11|268061500
30619|0x19c1693|12|511436163
30619|0x99c1693|13|1070313663
30619|0x99c1693|14|2141019404
30619|0x299c1693|15|3812586895
30619|0x699c1693|16|6966181641
30619|0xe99c1693|17|13897535359
30619|0x1e99c1693|18|27035039284
30619|0x1e99c1693|19|54160954757
30619|0x1e99c1693|20|111721036776
30619|0x1e99c1693|21|215819624713
30619|0x1e99c1693|22|432251342783
30619|0x1e99c1693|23|863932671741
30619|0x41e99c1693|24|1728404775184
31077|0x106d|1|216235
31077|0x106d|2|431932
31077|0x2106d|3|903814
31077|0x6106d|4|2097398
31077|0xe106d|5|4178489
31077|0x1e106d|6|8334869
31077|0x3e106d|7|16724779
31077|0x7e106d|8|33473841
31077|0xfe106d|9|66841686
31077|0xfe106d|10|134025232
31077|0x2fe106d|11|267994514
31077|0x6fe106d|12|537100020
31077|0xefe106d|13|1026501027
31077|0xefe106d|14|1941473903
31077|0xefe106d|15|3483981664
31077|0xefe106d|16|6882177052
31077|0xefe106d|17|13512324382
31077|0xefe106d|18|27358519848
31077|0xefe106d|19|55330934528
31077|0x40efe106d|20|110137486128
31077|0x40efe106d|21|217405253626
31077|0x140efe106d|22|431781309955
31077|0x140efe106d|23|864237779465
31077|0x140efe106d|24|1726903562258
31191|0x89e7|1|233118
31191|0x89e7|2|475796
31191|0x289e7|3|926558
31191|0x289e7|4|2001143
31191|0x289e7|5|4198026
31191|0x1289e7|6|8293773
31191|0x1289e7|7|16657631
31191|0x5289e7|8|30808748
31191|0xd289e7|9|67016875
31191|0xd289e7|10|134219439
31191|0xd289e7|11|268252851
31191|0x4d289e7|12|536487217
31191|0x4d289e7|13|1076509230
31191|0x14d289e7|14|2015658163
31191|0x14d289e7|15|4165325811
31191|0x14d289e7|16|6824107753
31191|0x14d289e7|17|14152416277
31191|0x114d289e7|18|26981255290
31191|0x114d289e7|19|53874503448
31191|0x114d289e7|20|107219875768
31191|0x114d289e7|21|215023512021
31191|0x114d289e7|22|432133546673
31191|0x114d289e7|23|863852422961
31191|0x4114d289e7|24|1728195255299
31303|0xf77|1|216364
31303|0x10f77|2|476367
31303|0x30f77|3|1030511
31303|0x30f77|4|2081149
31303|0xb0f77|5|4023712
31303|0x1b0f77|6|8386577
31303|0x3b0f77|7|16698793
31303|0x7b0f77|8|33353633
31303|0xfb0f77|9|67053677
31303|0x1fb0f77|10|134094347
31303|0x3fb0f77|11|268081673
31303|0x3fb0f77|12|524768180
31303|0x3fb0f77|13|1073530788
31303|0x3fb0f77|14|2145003135
31303|0x3fb0f77|15|3995505357
31303|0x43fb0f77|16|6948612151
31303|0xc3fb0f77|17|15211995838
31303|0xc3fb0f77|18|27102873910
31303|0xc3fb0f77|19|54484755894
31303|0x4c3fb0f77|20|108719398002
31303|0xcc3fb0f77|21|217162565076
31303|0x1cc3fb0f77|22|432276991458
31303|0x3cc3fb0f77|23|865317932802
31303|0x7cc3fb0f77|24|1729002410897
31417|0x6b89|1|216780
31417|0x16b89|2|477148
31417|0x36b89|3|1031737
31417|0x36b89|4|2020265
31417|0xb6b89|5|4148225
31417|0xb6b89|6|8371090
31417|0xb6b89|7|16732612
31417|0xb6b89|8|33420816
31417|0x8b6b89|9|66900045
31417|0x8b6b89|10|134037783
31417|0x28b6b89|11|268706470
31417|0x28b6b89|12|427078878
31417|0xa8b6b89|13|986923987
31417|0x1a8b6b89|14|1708042358
31417|0x3a8b6b89|15|3877658238
31417|0x7a8b6b89|16|6778982836
31417|0x7a8b6b89|17|13608581783
31417|0x17a8b6b89|18|27721021545
31417|0x17a8b6b89|19|54081617692
31417|0x17a8b6b89|20|115361694647
31417|0x97a8b6b89|21|216655702835
31417|0x97a8b6b89|22|432084441313
31417|0x97a8b6b89|23|864474556165
31417|0x497a8b6b89|24|1729519386669
31527|0x4497|1|217032
31527|0x14497|2|477842
31527|0x34497|3|1033264
31527|0x74497|4|2104637
31527|0x74497|5|4017575
31527|0x174497|6|8383280
31527|0x174497|7|16738007
31527|0x174497|8|33625359
31527|0x974497|9|67107595
31527|0x1974497|10|134640251
31527|0x1974497|11|268616356
31527|0x5974497|12|537010337
31527|0xd974497|13|1074286185
31527|0xd974497|14|2147455392
31527|0xd974497|15|3390442178
31527|0x4d974497|16|6875398162
31527|0xcd974497|17|13701566842
31527|0x1cd974497|18|28748179968
31527|0x3cd974497|19|54080752766
31527|0x7cd974497|20|108147716636
31527|0xfcd974497|21|216934478433
31527|0x1fcd974497|22|432471970195
31527|0x3fcd974497|23|863930104013
31527|0x3fcd974497|24|1739100907862
31633|0xa571|1|188691
31633|0x1a571|2|420821
31633|0x1a571|3|1039472
31633|0x5a571|4|2120570
31633|0x5a571|5|4044250
31633|0x15a571|6|8379300
31633|0x15a571|7|16770219
31633|0x55a571|8|33536741
31633|0x55a571|9|66943986
31633|0x155a571|10|133982057
31633|0x155a571|11|268574800
31633|0x155a571|12|538101456
31633|0x955a571|13|919801181
31633|0x1955a571|14|1721671546
31633|0x1955a571|15|3715028316
31633|0x1955a571|16|7144008516
31633|0x9955a571|17|13673826981
31633|0x19955a571|18|27598852726
31633|0x19955a571|19|54255486398
31633|0x59955a571|20|109343491368
31633|0xd9955a571|21|219042104073
31633|0xd9955a571|22|435359373458
31633|0x2d9955a571|23|870651100488
31633|0x2d9955a571|24|1726318336768
32089|0xfae9|1|217808
32089|0x1fae9|2|480177
32089|0x1fae9|3|1040759
32089|0x5fae9|4|2120286
32089|0xdfae9|5|4097776
32089|0xdfae9|6|8357475
32089|0x2dfae9|7|16809641
32089|0x2dfae9|8|33599089
32089|0xadfae9|9|67107650
32089|0xadfae9|10|134470314
32089|0xadfae9|11|268866910
32089|0xadfae9|12|538594428
32089|0xadfae9|13|1061744146
32089|0x10adfae9|14|1953975761
32089|0x10adfae9|15|3476175369
32089|0x50adfae9|16|7562891718
32089|0x50adfae9|17|14359034480
32089|0x150adfae9|18|27082698287
32089|0x350adfae9|19|54132089733
32089|0x750adfae9|20|108716125841
32089|0x750adfae9|21|217780540544
32089|0x1750adfae9|22|431646012294
32089|0x1750adfae9|23|866312477536
32089|0x1750adfae9|24|1725721776047
32199|0x33f7|1|215619
32199|0x33f7|2|481125
32199|0x33f7|3|1042319
32199|0x33f7|4|2050430
32199|0x833f7|5|4146728
32199|0x833f7|6|8334747
32199|0x833f7|7|16721056
32199|0x4833f7|8|33528891
32199|0xc833f7|9|67018070
32199|0x1c833f7|10|133951505
32199|0x1c833f7|11|268320077
32199|0x5c833f7|12|537931124
32199|0x5c833f7|13|1076185508
32199|0x5c833f7|14|2148754855
32199|0x5c833f7|15|3667475666
32199|0x45c833f7|16|7424665341
32199|0x45c833f7|17|16325643040
32199|0x145c833f7|18|27369662804
32199|0x145c833f7|19|55388642977
32199|0x145c833f7|20|108478531849
32199|0x145c833f7|21|216626492222
32199|0x1145c833f7|22|436976462459
32199|0x1145c833f7|23|864064747090
32199|0x1145c833f7|24|1725225515404
32311|0x9787|1|192363
32311|0x19787|2|423859
32311|0x19787|3|1009966
32311|0x59787|4|2129414
32311|0xd9787|5|4182096
32311|0xd9787|6|8338356
32311|0xd9787|7|16763744
32311|0xd9787|8|33621671
32311|0x8d9787|9|67118028
32311|0x18d9787|10|134717676
32311|0x38d9787|11|269281607
32311|0x78d9787|12|459144501
32311|0x78d9787|13|1076512461
32311|0x178d9787|14|2152884353
32311|0x178d9787|15|3508766670
32311|0x578d9787|16|6996746771
32311|0xd78d9787|17|13671946956
32311|0xd78d9787|18|26981592151
32311|0x2d78d9787|19|55757420891
32311|0x6d78d9787|20|107654282925
32311|0x6d78d9787|21|215631705693
32311|0x16d78d9787|22|431826991225
32311|0x16d78d9787|23|865156658774
32311|0x16d78d9787|24|1725109031178
32427|0x8c03|1|218461
32427|0x18c03|2|482325
32427|0x38c03|3|1073563
32427|0x38c03|4|2112933
32427|0xb8c03|5|4116056
32427|0xb8c03|6|8413176
32427|0x2b8c03|7|16800151
32427|0x2b8c03|8|33669432
32427|0x2b8c03|9|71246225
32427|0x2b8c03|10|134466247
32427|0x2b8c03|11|269206973
32427|0x42b8c03|12|539004550
32427|0xc2b8c03|13|1077364237
32427|0x1c2b8c03|14|1849408991
32427|0x1c2b8c03|15|3706897747
32427|0x5c2b8c03|16|7578511188
32427|0x5c2b8c03|17|13524205814
32427|0x15c2b8c03|18|27190747527
32427|0x35c2b8c03|19|54723776882
32427|0x75c2b8c03|20|108662304841
32427|0xf5c2b8c03|21|218400798598
32427|0xf5c2b8c03|22|431578369501
32427|0x2f5c2b8c03|23|862555055816
32427|0x2f5c2b8c03|24|1725394072919
32539|0xc313|1|216422
32539|0x1c313|2|482855
32539|0x3c313|3|1046753
32539|0x7c313|4|2134482
32539|0xfc313|5|4114400
32539|0x1fc313|6|8418212
32539|0x3fc313|7|16815761
32539|0x3fc313|8|33481686
32539|0xbfc313|9|67284369
32539|0xbfc313|10|134407803
32539|0x2bfc313|11|269424154
32539|0x6bfc313|12|520998180
32539|0xebfc313|13|952164455
32539|0x1ebfc313|14|2153305793
32539|0x3ebfc313|15|4310236672
32539|0x7ebfc313|16|6829615094
32539|0xfebfc313|17|13812736690
32539|0xfebfc313|18|26948105957
32539|0xfebfc313|19|53911558708
32539|0x4febfc313|20|108085475609
32539|0xcfebfc313|21|216795306516
32539|0xcfebfc313|22|431807925064
32539|0xcfebfc313|23|864284084360
32539|0x4cfebfc313|24|1727560332348
32651|0xb023|1|218750
32651|0x1b023|2|483472
32651|0x1b023|3|1070834
32651|0x5b023|4|2119211
32651|0xdb023|5|4128226
32651|0x1db023|6|8427493
32651|0x1db023|7|16872016
32651|0x1db023|8|33525881
32651|0x9db023|9|67187539
32651|0x9db023|10|134422911
32651|0x9db023|11|269358454
32651|0x9db023|12|538690137
32651|0x9db023|13|939984581
32651|0x109db023|14|1758962823
32651|0x109db023|15|4238624786
32651|0x509db023|16|7163968254
32651|0x509db023|17|13610748305
32651|0x509db023|18|27089113320
32651|0x2509db023|19|53903413316
32651|0x2509db023|20|108161483729
32651|0x2509db023|21|216321271677
32651|0x2509db023|22|431455117197
32651|0x2509db023|23|867289571607
32651|0x42509db023|24|1725641059445
32765|0xd555|1|216108
32765|0xd555|2|482068
32765|0xd555|3|1047837
32765|0xd555|4|2151569
32765|0x8d555|5|4143412
32765|0x18d555|6|8471235
32765|0x38d555|7|16867954
32765|0x38d555|8|33877721
32765|0x38d555|9|67407399
32765|0x38d555|10|134988321
32765|0x238d555|11|264370458
32765|0x638d555|12|524456437
32765|0xe38d555|13|1078445262
32765|0xe38d555|14|2157327311
32765|0xe38d555|15|4314237209
32765|0x4e38d555|16|6775694821
32765|0xce38d555|17|14102018830
32765|0xce38d555|18|26938884354
32765|0x2ce38d555|19|54014211323
32765|0x6ce38d555|20|108056055571
32765|0xece38d555|21|215880699083
32765|0x1ece38d555|22|430530197954
32765|0x1ece38d555|23|860674565779
32765|0x5ece38d555|24|1711954348841
33071|0x65cf|1|322376
33071|0x65cf|2|804639
33071|0x65cf|3|1920746
33071|0x65cf|4|3868819
33071|0x65cf|5|7743694
33071|0x2065cf|6|15744663
33071|0x6065cf|7|31520358
33071|0x6065cf|8|62898169
33071|0x16065cf|9|126166307
33071|0x16065cf|10|252518013
33071|0x56065cf|11|433633406
33071|0x56065cf|12|1019247246
33071|0x156065cf|13|1904605424
33071|0x156065cf|14|3735185044
33071|0x156065cf|15|6856827631
33071|0x956065cf|16|13417906637
33071|0x1956065cf|17|27578850686
33071|0x1956065cf|18|54925876251
33071|0x1956065cf|19|108789905536
33071|0x1956065cf|20|220876406249
33071|0x11956065cf|21|439215407392
33071|0x11956065cf|22|894393188046
33071|0x11956065cf|23|1762322551307
33071|0x91956065cf|24|3497150193117
33177|0x142a9|1|369304
33177|0x142a9|2|874962
33177|0x142a9|3|1922883
33177|0x942a9|4|3787935
33177|0x942a9|5|7868775
33177|0x2942a9|6|15852361
33177|0x6942a9|7|31444671
33177|0xe942a9|8|63037832
33177|0xe942a9|9|126218864
33177|0x2e942a9|10|252603639
33177|0x2e942a9|11|503782794
33177|0xae942a9|12|949591574
33177|0x1ae942a9|13|2020376129
33177|0x3ae942a9|14|3401953061
33177|0x7ae942a9|15|6665045050
33177|0x7ae942a9|16|14237571844
33177|0x17ae942a9|17|27915440146
33177|0x37ae942a9|18|55126704688
33177|0x77ae942a9|19|108926942110
33177|0xf7ae942a9|20|219507176824
33177|0x1f7ae942a9|21|438905447023
33177|0x1f7ae942a9|22|890715735053
33177|0x5f7ae942a9|23|1762953192511
33177|0x5f7ae942a9|24|3498714290360
33303|0xd5a7|1|384809
33303|0x2d5a7|2|876164
33303|0x2d5a7|3|1925864
33303|0x2d5a7|4|3778723
33303|0x2d5a7|5|7865308
33303|0x2d5a7|6|15767392
33303|0x42d5a7|7|31434502
33303|0xc2d5a7|8|63145157
33303|0xc2d5a7|9|126152700
33303|0x2c2d5a7|10|252441407
33303|0x2c2d5a7|11|505375340
33303|0x2c2d5a7|12|1010038160
33303|0x12c2d5a7|13|2020217515
33303|0x32c2d5a7|14|3434091500
33303|0x32c2d5a7|15|6997954372
33303|0xb2c2d5a7|16|14316559110
33303|0x1b2c2d5a7|17|27820127386
33303|0x3b2c2d5a7|18|57483257092
33303|0x7b2c2d5a7|19|109255195472
33303|0xfb2c2d5a7|20|219018863852
33303|0x1fb2c2d5a7|21|438473997012
33303|0x3fb2c2d5a7|22|887909029885
33303|0x3fb2c2d5a7|23|1763954947337
33303|0xbfb2c2d5a7|24|3503392689959
33401|0x47c9|1|369130
33401|0x247c9|2|876903
33401|0x247c9|3|1932429
33401|0xa47c9|4|3770400
33401|0x1a47c9|5|7895566
33401|0x3a47c9|6|15743991
33401|0x3a47c9|7|31445177
33401|0x3a47c9|8|63275429
33401|0x3a47c9|9|126241539
33401|0x3a47c9|10|252331041
33401|0x43a47c9|11|504910578
33401|0xc3a47c9|12|946775558
33401|0xc3a47c9|13|1730955341
33401|0x2c3a47c9|14|4021287892
33401|0x2c3a47c9|15|6929427716
33401|0xac3a47c9|16|13447362543
33401|0x1ac3a47c9|17|28558150870
33401|0x1ac3a47c9|18|62309746598
33401|0x1ac3a47c9|19|109405512527
33401|0x1ac3a47c9|20|219212902942
33401|0x1ac3a47c9|21|441075378475
33401|0x1ac3a47c9|22|894348622671
33401|0x41ac3a47c9|23|1762061806539
33401|0xc1ac3a47c9|24|3495217982966
33517|0x2ae5|1|369311
33517|0x2ae5|2|891425
33517|0x2ae5|3|1930626
33517|0x2ae5|4|3800385
33517|0x102ae5|5|7910295
33517|0x102ae5|6|15812415
33517|0x502ae5|7|31429060
33517|0x502ae5|8|62964063
33517|0x502ae5|9|126171216
33517|0x502ae5|10|252444519
33517|0x502ae5|11|505054742
33517|0x502ae5|12|1010232792
33517|0x502ae5|13|1995862749
33517|0x502ae5|14|4040543229
33517|0x502ae5|15|6902055570
33517|0x502ae5|16|13382184635
33517|0x100502ae5|17|29606418937
33517|0x300502ae5|18|55455412556
33517|0x300502ae5|19|111255859928
33517|0x300502ae5|20|219287863241
33517|0x1300502ae5|21|438717056461
33517|0x1300502ae5|22|882946854245
33517|0x5300502ae5|23|1763003297094
33517|0x5300502ae5|24|3501221662291
33633|0x160a1|1|325608
33633|0x160a1|2|803872
33633|0x160a1|3|1954096
33633|0x960a1|4|3912488
33633|0x960a1|5|7786496
33633|0x960a1|6|15786644
33633|0x960a1|7|31578899
33633|0x960a1|8|62979334
33633|0x960a1|9|125984338
33633|0x960a1|10|252731630
33633|0x960a1|11|506606260
33633|0x960a1|12|926868462
33633|0x100960a1|13|1720609995
33633|0x300960a1|14|4036035337
33633|0x300960a1|15|6941579003
33633|0x300960a1|16|13673256776
33633|0x1300960a1|17|28029410350
33633|0x1300960a1|18|54470432630
33633|0x1300960a1|19|109339336302
33633|0x9300960a1|20|218996255492
33633|0x19300960a1|21|438101518042
33633|0x39300960a1|22|884005129454
33633|0x79300960a1|23|1762226535820
33633|0xf9300960a1|24|4789367732409
33743|0x1a32f|1|582210
33743|0x1a32f|2|1428564
33743|0x5a32f|3|3089182
33743|0x5a32f|4|6299052
33743|0x15a32f|5|12787448
33743|0x15a32f|6|25561314
33743|0x15a32f|7|51020323
33743|0x15a32f|8|102071405
33743|0x15a32f|9|204330142
33743|0x15a32f|10|408634469
33743|0x415a32f|11|817308364
33743|0x415a32f|12|1634743884
33743|0x415a32f|13|2817489461
33743|0x2415a32f|14|6539923901
33743|0x6415a32f|15|11540104167
33743|0x6415a32f|16|26171683970
33743|0x6415a32f|17|44508259265
33743|0x6415a32f|18|90425936238
33743|0x6415a32f|19|176282938737
33743|0x86415a32f|20|358181974170
33743|0x86415a32f|21|713187976914
33743|0x86415a32f|22|1426568641451
33743|0x86415a32f|23|2851355317452
33743|0x86415a32f|24|5702006115114
34123|0xdc63|1|583177
34123|0xdc63|2|1406027
34123|0xdc63|3|3056776
34123|0xdc63|4|6322089
34123|0xdc63|5|12668326
34123|0xdc63|6|25532263
34123|0x40dc63|7|51032367
34123|0xc0dc63|8|102213618
34123|0x1c0dc63|9|204656969
34123|0x3c0dc63|10|409558052
34123|0x7c0dc63|11|818759195
34123|0xfc0dc63|12|1637785290
34123|0x1fc0dc63|13|2826955638
34123|0x1fc0dc63|14|5498977583
34123|0x1fc0dc63|15|11930565595
34123|0x9fc0dc63|16|22125829576
34123|0x9fc0dc63|17|44279988383
34123|0x29fc0dc63|18|89613428375
34123|0x69fc0dc63|19|178348254094
34123|0x69fc0dc63|20|356747052416
34123|0x169fc0dc63|21|714029299948
34123|0x369fc0dc63|22|1425523201996
34123|0x369fc0dc63|23|2849934120591
34123|0x369fc0dc63|24|5699611164884
34297|0x12c49|1|585458
34297|0x32c49|2|1389738
34297|0x32c49|3|3084266
34297|0xb2c49|4|6331534
34297|0xb2c49|5|12694827
34297|0x2b2c49|6|25553515
34297|0x2b2c49|7|51165504
34297|0x2b2c49|8|101184454
34297|0x2b2c49|9|204635695
34297|0x2b2c49|10|409443642
34297|0x2b2c49|11|791615357
34297|0x82b2c49|12|1392971530
34297|0x82b2c49|13|2921913905
34297|0x282b2c49|14|5702223525
34297|0x282b2c49|15|13104747178
34297|0xa82b2c49|16|23055560781
34297|0xa82b2c49|17|44510293377
34297|0x2a82b2c49|18|89402297913
34297|0x6a82b2c49|19|178255344645
34297|0xea82b2c49|20|357500667508
34297|0xea82b2c49|21|712803049946
34297|0x2ea82b2c49|22|1428224237189
34297|0x6ea82b2c49|23|2850341090269
34297|0x6ea82b2c49|24|5698682856827
34495|0x1e93f|1|583639
34495|0x1e93f|2|1412062
34495|0x5e93f|3|3067539
34495|0x5e93f|4|6356843
34495|0x5e93f|5|12719542
34495|0x5e93f|6|25504716
34495|0x5e93f|7|51079655
34495|0x85e93f|8|102372402
34495|0x85e93f|9|204738126
34495|0x85e93f|10|399059080
34495|0x485e93f|11|819089528
34495|0xc85e93f|12|1446995132
34495|0x1c85e93f|13|2872409572
34495|0x3c85e93f|14|5419849266
34495|0x7c85e93f|15|11224985588
34495|0x7c85e93f|16|21768296550
34495|0x17c85e93f|17|44972343898
34495|0x37c85e93f|18|89284429729
34495|0x37c85e93f|19|178513887280
34495|0xb7c85e93f|20|356888024151
34495|0xb7c85e93f|21|712372474111
34495|0xb7c85e93f|22|1430596017582
34495|0x4b7c85e93f|23|2848973886432
34495|0xcb7c85e93f|24|5696664412511
34665|0x78d9|1|585801
34665|0x78d9|2|1420421
34665|0x478d9|3|3090663
34665|0x478d9|4|6353716
34665|0x1478d9|5|12744713
34665|0x3478d9|6|25543945
34665|0x7478d9|7|51067317
34665|0xf478d9|8|102255105
34665|0xf478d9|9|204694439
34665|0xf478d9|10|409609839
34665|0xf478d9|11|815509869
34665|0xf478d9|12|1406312839
34665|0x10f478d9|13|3277966363
34665|0x30f478d9|14|6556401767
34665|0x30f478d9|15|11530739440
34665|0x30f478d9|16|21732027382
34665|0x130f478d9|17|45181576768
34665|0x330f478d9|18|90379102721
34665|0x330f478d9|19|178385387918
34665|0x330f478d9|20|356093221424
34665|0x330f478d9|21|712294208101
34665|0x2330f478d9|22|1426245827358
34665|0x6330f478d9|23|2847855363420
34665|0xe330f478d9|24|5695430479788
35057|0x16811|1|585741
35057|0x16811|2|1399444
35057|0x56811|3|3102077
35057|0x56811|4|6257718
35057|0x56811|5|12657562
35057|0x256811|6|25510587
35057|0x256811|7|51095778
35057|0xa56811|8|102416132
35057|0x1a56811|9|204863023
35057|0x1a56811|10|409945560
35057|0x5a56811|11|819923113
35057|0x5a56811|12|1639988959
35057|0x15a56811|13|2710656148
35057|0x15a56811|14|5764674602
35057|0x55a56811|15|10998205625
35057|0xd5a56811|16|22179436689
35057|0x1d5a56811|17|46277078104
35057|0x3d5a56811|18|90523694248
35057|0x7d5a56811|19|179749987002
35057|0x7d5a56811|20|355822194532
35057|0x7d5a56811|21|712020865533
35057|0x27d5a56811|22|1444386358380
35057|0x27d5a56811|23|2846276595341
35057|0x27d5a56811|24|5693422270005
35245|0x1c225|1|606576
35245|0x3c225|2|1402781
35245|0x3c225|3|3112318
35245|0x3c225|4|6241509
35245|0x13c225|5|12683748
35245|0x13c225|6|25542966
35245|0x53c225|7|51262538
35245|0xd3c225|8|102505031
35245|0xd3c225|9|205001623
35245|0x2d3c225|10|410068561
35245|0x6d3c225|11|766243164
35245|0x6d3c225|12|1530041635
35245|0x16d3c225|13|3160499691
35245|0x16d3c225|14|5720635870
35245|0x56d3c225|15|13125549319
35245|0x56d3c225|16|22081694586
35245|0x56d3c225|17|43037675611
35245|0x256d3c225|18|89948947524
35245|0x656d3c225|19|178983783894
35245|0x656d3c225|20|355684077426
35245|0x656d3c225|21|712015996406
35245|0x656d3c225|22|1471343879424
35245|0x4656d3c225|23|2846678262581
35245|0x4656d3c225|24|5692821820182
35409|0xfeb1|1|586410
35409|0xfeb1|2|1404496
35409|0x4feb1|3|3115287
35409|0x4feb1|4|6271297
35409|0x4feb1|5|12703248
35409|0x24feb1|6|25590328
35409|0x24feb1|7|51183008
35409|0x24feb1|8|102367924
35409|0x124feb1|9|204953817
35409|0x324feb1|10|410201137
35409|0x324feb1|11|820365517
35409|0x324feb1|12|1640788829
35409|0x1324feb1|13|2815394886
35409|0x1324feb1|14|5731884583
35409|0x1324feb1|15|11389089246
35409|0x1324feb1|16|22597842014
35409|0x1324feb1|17|44754631928
35409|0x1324feb1|18|86813830169
35409|0x1324feb1|19|173480310258
35409|0x81324feb1|20|356192654068
35409|0x81324feb1|21|711352416393
35409|0x281324feb1|22|1450354310811
35409|0x281324feb1|23|2842407116210
35409|0x281324feb1|24|5697668097470
35605|0x6c3d|1|587089
35605|0x26c3d|2|1439284
35605|0x26c3d|3|3135051
35605|0xa6c3d|4|6271279
35605|0xa6c3d|5|12733553
35605|0x2a6c3d|6|25531935
35605|0x6a6c3d|7|51201584
35605|0xea6c3d|8|102552095
35605|0xea6c3d|9|178571228
35605|0xea6c3d|10|410621290
35605|0x4ea6c3d|11|821364799
35605|0x4ea6c3d|12|1642937059
35605|0x14ea6c3d|13|2860385990
35605|0x14ea6c3d|14|5495592683
35605|0x14ea6c3d|15|10896439226
35605|0x14ea6c3d|16|21589807768
35605|0x114ea6c3d|17|48911255164
35605|0x314ea6c3d|18|89327157821
35605|0x714ea6c3d|19|178852095438
35605|0x714ea6c3d|20|356938198409
35605|0x1714ea6c3d|21|712471823381
35605|0x1714ea6c3d|22|1425145470479
35605|0x5714ea6c3d|23|2856882755668
35605|0xd714ea6c3d|24|5696029481676
