29|0x35|1|10661
29|0x35|2|5126
29|0x35|3|4669
29|0x35|4|5173
29|0x235|5|6084
29|0x235|6|9194
29|0x235|7|13573
29|0x235|8|24467
29|0x235|9|48780
29|0x4235|10|139004
29|0xc235|11|177071
29|0xc235|12|352743
29|0x2c235|13|587508
29|0x2c235|14|1122300
29|0x2c235|15|2701638
29|0x12c235|16|5654655
29|0x32c235|17|11960887
29|0x72c235|18|26181713
29|0x72c235|19|57821606
29|0x172c235|20|115374036
29|0x372c235|21|229815968
29|0x772c235|22|459339716
29|0xf72c235|23|922095318
29|0xf72c235|24|1839932640
9051|0x54d3|1|108713
9051|0x54d3|2|296004
9051|0x154d3|3|646006
9051|0x354d3|4|1302501
9051|0x354d3|5|2645687
9051|0xb54d3|6|5283319
9051|0xb54d3|7|10625353
9051|0x2b54d3|8|21218390
9051|0x2b54d3|9|52526322
9051|0x2b54d3|10|103484212
9051|0x2b54d3|11|206308346
9051|0x2b54d3|12|411961497
9051|0x42b54d3|13|824974316
9051|0xc2b54d3|14|1530935864
9051|0xc2b54d3|15|2849845932
9051|0xc2b54d3|16|5484803378
9051|0x4c2b54d3|17|10804390002
9051|0x4c2b54d3|18|21727012871
9051|0x14c2b54d3|19|45833580814
9051|0x14c2b54d3|20|90894955585
9051|0x14c2b54d3|21|178271923861
9051|0x14c2b54d3|22|356768014518
9051|0x14c2b54d3|23|713793128138
9051|0x214c2b54d3|24|1425213151779
9203|0x2d3b|1|161230
9203|0x2d3b|2|364345
9203|0x2d3b|3|793478
9203|0x22d3b|4|1612032
9203|0x22d3b|5|3207700
9203|0x22d3b|6|6423848
9203|0x22d3b|7|12860284
9203|0x22d3b|8|25754961
9203|0x422d3b|9|51513812
9203|0x422d3b|10|103003681
9203|0x1422d3b|11|206015348
9203|0x3422d3b|12|344459104
9203|0x7422d3b|13|824445558
9203|0x7422d3b|14|1368478517
9203|0x17422d3b|15|3297729981
9203|0x37422d3b|16|5730984962
9203|0x37422d3b|17|10795815956
9203|0xb7422d3b|18|22086947386
9203|0xb7422d3b|19|45903111597
9203|0xb7422d3b|20|89106746956
9203|0x4b7422d3b|21|179251172978
9203|0xcb7422d3b|22|356172921015
9203|0xcb7422d3b|23|713468326647
9203|0x2cb7422d3b|24|1426176620548
10147|0x440b|1|161715
10147|0x440b|2|376894
10147|0x1440b|3|784470
10147|0x1440b|4|1594776
10147|0x5440b|5|3211726
10147|0xd440b|6|6445462
10147|0x1d440b|7|12960170
10147|0x1d440b|8|25949360
10147|0x1d440b|9|51918399
10147|0x1d440b|10|93814866
10147|0x1d440b|11|207427117
10147|0x1d440b|12|414963045
10147|0x1d440b|13|829901171
10147|0x81d440b|14|1660251961
10147|0x81d440b|15|3068249675
10147|0x281d440b|16|5393931721
10147|0x281d440b|17|10941292859
10147|0x281d440b|18|21575130001
10147|0x281d440b|19|44129883949
10147|0x2281d440b|20|89333549611
10147|0x6281d440b|21|177819631745
10147|0xe281d440b|22|355393685662
10147|0xe281d440b|23|710166191126
10147|0x2e281d440b|24|1419207706141
11029|0x4c3d|1|166986
11029|0xcc3d|2|338563
11029|0x1cc3d|3|761682
11029|0x1cc3d|4|1605634
11029|0x5cc3d|5|3210664
11029|0xdcc3d|6|6511439
11029|0x1dcc3d|7|13061908
11029|0x1dcc3d|8|26126650
11029|0x5dcc3d|9|52187970
11029|0x5dcc3d|10|104325493
11029|0x15dcc3d|11|208712969
11029|0x35dcc3d|12|417472107
11029|0x35dcc3d|13|834872421
11029|0xb5dcc3d|14|1599460646
11029|0x1b5dcc3d|15|2972738969
11029|0x1b5dcc3d|16|6028630677
11029|0x1b5dcc3d|17|10840167303
11029|0x1b5dcc3d|18|21653822988
11029|0x11b5dcc3d|19|44567136764
11029|0x11b5dcc3d|20|90730054912
11029|0x11b5dcc3d|21|178563084554
11029|0x11b5dcc3d|22|360969478060
11029|0x111b5dcc3d|23|716705050800
11029|0x111b5dcc3d|24|1413608252229
11241|0x5c59|1|165534
11241|0x5c59|2|342907
11241|0x15c59|3|768925
11241|0x15c59|4|1614703
11241|0x15c59|5|3236077
11241|0x15c59|6|6548305
11241|0x15c59|7|13095209
11241|0x15c59|8|26182112
11241|0x415c59|9|46796538
11241|0x415c59|10|104668109
11241|0x415c59|11|208997452
11241|0x2415c59|12|418087562
11241|0x2415c59|13|836330791
11241|0xa415c59|14|1406476545
11241|0x1a415c59|15|2828524746
11241|0x3a415c59|16|6690523978
11241|0x3a415c59|17|10891264000
11241|0x3a415c59|18|21931272459
11241|0x3a415c59|19|46381781280
11241|0x23a415c59|20|88682983895
11241|0x23a415c59|21|177623970026
11241|0x23a415c59|22|353907158412
11241|0x123a415c59|23|708954044100
11241|0x323a415c59|24|1415204237797
12211|0x177b|1|169452
12211|0x177b|2|351063
12211|0x177b|3|817601
12211|0x177b|4|1595598
12211|0x177b|5|3262218
12211|0x177b|6|6530718
12211|0x177b|7|13162741
12211|0x20177b|8|26257036
12211|0x60177b|9|52597213
12211|0xe0177b|10|105169633
12211|0x1e0177b|11|210373000
12211|0x1e0177b|12|447777438
12211|0x5e0177b|13|818688154
12211|0x5e0177b|14|1683911996
12211|0x5e0177b|15|2770712466
12211|0x5e0177b|16|5936209848
12211|0x45e0177b|17|11328914957
12211|0x45e0177b|18|21873364395
12211|0x145e0177b|19|43529665943
12211|0x145e0177b|20|87060377620
12211|0x145e0177b|21|177136136389
12211|0x945e0177b|22|351965808745
12211|0x1945e0177b|23|703901967583
12211|0x1945e0177b|24|1406699480228
13081|0x7929|1|170548
13081|0x7929|2|614154
13081|0x17929|3|816211
13081|0x17929|4|1638709
13081|0x17929|5|3308488
13081|0x97929|6|6624715
13081|0x197929|7|13217719
13081|0x397929|8|26459329
13081|0x797929|9|52928368
13081|0x797929|10|105841234
13081|0x1797929|11|211754455
13081|0x1797929|12|419849107
13081|0x1797929|13|847113019
13081|0x9797929|14|1423770714
13081|0x9797929|15|2726541662
13081|0x29797929|16|5458835342
13081|0x69797929|17|10839006028
13081|0xe9797929|18|21752404796
13081|0xe9797929|19|44798386305
13081|0x2e9797929|20|87905485602
13081|0x6e9797929|21|175615824528
13081|0x6e9797929|22|350648317318
13081|0x16e9797929|23|705714137570
13081|0x16e9797929|24|1406923530384
13285|0x51ed|1|171271
13285|0xd1ed|2|360228
13285|0xd1ed|3|764528
13285|0x2d1ed|4|1618146
13285|0x2d1ed|5|3251650
13285|0xad1ed|6|6601976
13285|0xad1ed|7|13226237
13285|0xad1ed|8|26513004
13285|0xad1ed|9|53021545
13285|0x8ad1ed|10|106005670
13285|0x8ad1ed|11|211945832
13285|0x8ad1ed|12|424021196
13285|0x48ad1ed|13|848263668
13285|0xc8ad1ed|14|1394297689
13285|0xc8ad1ed|15|2695735590
13285|0x2c8ad1ed|16|5516747322
13285|0x2c8ad1ed|17|11192910594
13285|0xac8ad1ed|18|23834910836
13285|0xac8ad1ed|19|45472478250
13285|0x2ac8ad1ed|20|88183040904
13285|0x6ac8ad1ed|21|177713442964
13285|0xeac8ad1ed|22|351237384434
13285|0xeac8ad1ed|23|701081059160
13285|0xeac8ad1ed|24|1399911157710
14141|0x5815|1|175812
14141|0xd815|2|367811
14141|0xd815|3|806387
14141|0xd815|4|1635594
14141|0xd815|5|3296621
14141|0xd815|6|6662424
14141|0xd815|7|13350291
14141|0x20d815|8|26686864
14141|0x60d815|9|53316613
14141|0xe0d815|10|92913759
14141|0xe0d815|11|213277194
14141|0xe0d815|12|426664848
14141|0x4e0d815|13|690662393
14141|0xce0d815|14|1706486691
14141|0xce0d815|15|2808652311
14141|0x2ce0d815|16|6111744171
14141|0x2ce0d815|17|11189773869
14141|0x2ce0d815|18|21644729068
14141|0x12ce0d815|19|43376375565
14141|0x12ce0d815|20|86470507133
14141|0x52ce0d815|21|178855203314
14141|0x52ce0d815|22|352158538103
14141|0x52ce0d815|23|649342116136
14141|0x252ce0d815|24|826027244925
14309|0x2ded|1|111562
14309|0x2ded|2|235078
14309|0x12ded|3|500266
14309|0x12ded|4|1045184
14309|0x52ded|5|1956726
14309|0x52ded|6|3952851
14309|0x52ded|7|7891818
14309|0x52ded|8|15810260
14309|0x52ded|9|29560697
14309|0x852ded|10|62935503
14309|0x852ded|11|125965459
14309|0x852ded|12|252068703
14309|0x4852ded|13|504689154
14309|0xc852ded|14|1010422826
14309|0x1c852ded|15|2020180319
14309|0x3c852ded|16|4039033474
14309|0x7c852ded|17|8078909211
14309|0x7c852ded|18|15304495140
14309|0x7c852ded|19|25597506011
14309|0x7c852ded|20|51982597781
14309|0x7c852ded|21|104054416516
14309|0x7c852ded|22|207710733727
14309|0x107c852ded|23|413781342381
14309|0x107c852ded|24|824251074687
15089|0x7611|1|99002
15089|0x7611|2|210308
15089|0x17611|3|449823
15089|0x17611|4|921769
15089|0x17611|5|1962736
15089|0x17611|6|3946624
15089|0x17611|7|7988823
15089|0x217611|8|15832520
15089|0x617611|9|31895020
15089|0xe17611|10|63327109
15089|0x1e17611|11|123758773
15089|0x3e17611|12|199747993
15089|0x7e17611|13|508067209
15089|0x7e17611|14|823901170
15089|0x7e17611|15|2034990019
15089|0x7e17611|16|3709532445
15089|0x7e17611|17|6456735272
15089|0x87e17611|18|12841743065
15089|0x187e17611|19|25983874363
15089|0x387e17611|20|52476069302
15089|0x787e17611|21|103176026034
15089|0x787e17611|22|207979523902
15089|0x787e17611|23|413185405523
15089|0x2787e17611|24|1392642091120
15227|0x6bb3|1|178984
15227|0x6bb3|2|397344
15227|0x6bb3|3|822189
15227|0x26bb3|4|1576900
15227|0x66bb3|5|3164860
15227|0xe6bb3|6|6118384
15227|0xe6bb3|7|12208702
15227|0xe6bb3|8|24485933
15227|0x4e6bb3|9|49077948
15227|0xce6bb3|10|97483952
15227|0xce6bb3|11|206426213
15227|0x2ce6bb3|12|381582308
15227|0x6ce6bb3|13|821018004
15227|0xece6bb3|14|1496000881
15227|0x1ece6bb3|15|2762973161
15227|0x3ece6bb3|16|5426466322
15227|0x7ece6bb3|17|11329746330
15227|0xfece6bb3|18|21971146673
15227|0xfece6bb3|19|43821335681
15227|0xfece6bb3|20|87530403633
15227|0x4fece6bb3|21|150992894760
15227|0x4fece6bb3|22|205439671027
15227|0x4fece6bb3|23|410581908246
15227|0x24fece6bb3|24|830192220482
15327|0x401f|1|110474
15327|0x401f|2|240462
15327|0x1401f|3|514569
15327|0x3401f|4|939833
15327|0x7401f|5|1887118
15327|0xf401f|6|4080545
15327|0x1f401f|7|7810811
15327|0x1f401f|8|15936225
15327|0x1f401f|9|31617068
15327|0x1f401f|10|63632110
15327|0x11f401f|11|127498435
15327|0x31f401f|12|255279805
15327|0x71f401f|13|509470899
15327|0xf1f401f|14|958836781
15327|0xf1f401f|15|2040241851
15327|0x2f1f401f|16|3954504093
15327|0x6f1f401f|17|6604974130
15327|0x6f1f401f|18|13128922099
15327|0x16f1f401f|19|25819758754
15327|0x16f1f401f|20|52165437960
15327|0x56f1f401f|21|104291297810
15327|0xd6f1f401f|22|210047048886
15327|0x1d6f1f401f|23|412217933009
15327|0x1d6f1f401f|24|823948208098
16077|0x5e05|1|100487
16077|0xde05|2|214768
16077|0x1de05|3|461348
16077|0x1de05|4|996966
16077|0x5de05|5|2145443
16077|0xdde05|6|3849981
16077|0xdde05|7|8112548
16077|0x2dde05|8|16019745
16077|0x2dde05|9|29555678
16077|0xadde05|10|64108155
16077|0x1adde05|11|128449015
16077|0x1adde05|12|256638843
16077|0x5adde05|13|513686223
16077|0xdadde05|14|819214330
16077|0x1dadde05|15|1858795752
16077|0x3dadde05|16|3357517210
16077|0x3dadde05|17|7712542149
16077|0xbdadde05|18|15407005298
16077|0xbdadde05|19|25563978050
16077|0xbdadde05|20|51837280865
16077|0xbdadde05|21|104263272986
16077|0x8bdadde05|22|209437942047
16077|0x18bdadde05|23|411662992294
16077|0x18bdadde05|24|822380744563
16195|0x456b|1|100808
16195|0xc56b|2|215715
16195|0x1c56b|3|463168
16195|0x1c56b|4|947516
16195|0x5c56b|5|2028588
16195|0xdc56b|6|3925356
16195|0x1dc56b|7|8003038
16195|0x3dc56b|8|15915924
16195|0x7dc56b|9|31989375
16195|0xfdc56b|10|63834682
16195|0xfdc56b|11|128060226
16195|0x2fdc56b|12|256367801
16195|0x6fdc56b|13|412696634
16195|0xefdc56b|14|1025428695
16195|0xefdc56b|15|1748002700
16195|0x2efdc56b|16|4090008809
16195|0x6efdc56b|17|8176425975
16195|0xeefdc56b|18|13163080470
16195|0x1eefdc56b|19|26522270487
16195|0x3eefdc56b|20|51851524070
16195|0x3eefdc56b|21|102810595357
16195|0xbeefdc56b|22|206565398128
16195|0x1beefdc56b|23|411872341626
16195|0x3beefdc56b|24|821795665354
16295|0x7817|1|112184
16295|0x7817|2|245665
16295|0x7817|3|527448
16295|0x7817|4|975727
16295|0x47817|5|1887033
16295|0xc7817|6|4097774
16295|0x1c7817|7|7874955
16295|0x3c7817|8|16090843
16295|0x3c7817|9|32165260
16295|0x3c7817|10|64266554
16295|0x13c7817|11|128148048
16295|0x13c7817|12|256806274
16295|0x13c7817|13|512779780
16295|0x13c7817|14|836658402
16295|0x113c7817|15|1959899320
16295|0x313c7817|16|3521337023
16295|0x313c7817|17|8183784666
16295|0x313c7817|18|14380475889
16295|0x313c7817|19|31951934862
16295|0x2313c7817|20|52201647184
16295|0x6313c7817|21|102513026951
16295|0xe313c7817|22|205291606973
16295|0xe313c7817|23|410843693169
16295|0x2e313c7817|24|819861893329
16781|0xe945|1|167370
16781|0x1e945|2|389663
16781|0x1e945|3|853299
16781|0x1e945|4|1914487
16781|0x9e945|5|3727408
16781|0x19e945|6|7536471
16781|0x19e945|7|15197544
16781|0x19e945|8|30254577
16781|0x99e945|9|60856618
16781|0x199e945|10|121338987
16781|0x399e945|11|242871025
16781|0x399e945|12|486662632
16781|0x399e945|13|899079129
16781|0x1399e945|14|1883944142
16781|0x3399e945|15|3884392440
16781|0x3399e945|16|7199819215
16781|0xb399e945|17|13065212364
16781|0x1b399e945|18|26257401060
16781|0x3b399e945|19|58960623750
16781|0x7b399e945|20|107474297932
16781|0xfb399e945|21|212873058841
16781|0xfb399e945|22|422561255229
16781|0xfb399e945|23|846949691212
16781|0x4fb399e945|24|1680085807274
16903|0x8bb7|1|191006
16903|0x18bb7|2|463892
16903|0x18bb7|3|972433
16903|0x18bb7|4|1858009
16903|0x18bb7|5|3730409
16903|0x118bb7|6|7621171
16903|0x118bb7|7|14935514
16903|0x118bb7|8|30176240
16903|0x918bb7|9|60369793
16903|0x918bb7|10|120635986
16903|0x2918bb7|11|241407124
16903|0x2918bb7|12|483386860
16903|0xa918bb7|13|960851570
16903|0x1a918bb7|14|1922331830
16903|0x1a918bb7|15|3863416676
16903|0x5a918bb7|16|7728113296
16903|0x5a918bb7|17|15417648840
16903|0x5a918bb7|18|30695857304
16903|0x5a918bb7|19|54524597950
16903|0x45a918bb7|20|108631817674
16903|0xc5a918bb7|21|217912649360
16903|0x1c5a918bb7|22|423653714558
16903|0x3c5a918bb7|23|840101081155
16903|0x3c5a918bb7|24|1822052333894
17005|0x1765|1|168109
17005|0x1765|2|391510
17005|0x21765|3|874197
17005|0x61765|4|2032967
17005|0x61765|5|3901331
17005|0x61765|6|7794013
17005|0x261765|7|15824107
17005|0x661765|8|31401634
17005|0xe61765|9|62900631
17005|0xe61765|10|125683638
17005|0xe61765|11|251778192
17005|0x4e61765|12|503603241
17005|0xce61765|13|1006877767
17005|0x1ce61765|14|2013898508
17005|0x3ce61765|15|4026390061
17005|0x7ce61765|16|8025462110
17005|0xfce61765|17|14455545181
17005|0x1fce61765|18|31161758216
17005|0x1fce61765|19|56072446386
17005|0x5fce61765|20|118772074203
17005|0x5fce61765|21|225344404731
17005|0x5fce61765|22|437876661006
17005|0x5fce61765|23|930506116775
17005|0x45fce61765|24|2858216810843
17145|0xdf49|1|380515
17145|0xdf49|2|703315
17145|0x2df49|3|1536181
17145|0x6df49|4|3175664
17145|0x6df49|5|6355074
17145|0x6df49|6|12824185
17145|0x6df49|7|25629190
17145|0x46df49|8|51233973
17145|0xc6df49|9|102485796
17145|0x1c6df49|10|205001930
17145|0x1c6df49|11|410139194
17145|0x1c6df49|12|820257197
17145|0x1c6df49|13|1648897834
17145|0x1c6df49|14|2724622259
17145|0x1c6df49|15|5391284446
17145|0x1c6df49|16|11163865953
17145|0x1c6df49|17|22484327635
17145|0x101c6df49|18|46198920936
17145|0x101c6df49|19|89705606083
17145|0x101c6df49|20|178786269969
17145|0x101c6df49|21|358627354185
17145|0x1101c6df49|22|715229492552
17145|0x1101c6df49|23|1429014301463
17145|0x1101c6df49|24|2186676822413
17311|0x185f|1|165856
17311|0x185f|2|449029
17311|0x185f|3|978845
17311|0x185f|4|1946377
17311|0x185f|5|3713729
17311|0x10185f|6|7664606
17311|0x30185f|7|15164949
17311|0x70185f|8|30525441
17311|0x70185f|9|60821776
17311|0x70185f|10|122154842
17311|0x70185f|11|243746829
17311|0x470185f|12|487676795
17311|0xc70185f|13|973602187
17311|0x1c70185f|14|1946231661
17311|0x1c70185f|15|3881884421
17311|0x1c70185f|16|7356675017
17311|0x1c70185f|17|14064610650
17311|0x11c70185f|18|29515780738
17311|0x31c70185f|19|52950104012
17311|0x31c70185f|20|117405356444
17311|0x31c70185f|21|209888380344
17311|0x31c70185f|22|418087134870
17311|0x231c70185f|23|947603535649
17311|0x631c70185f|24|2861580172263
17855|0xaa3f|1|299832
17855|0xaa3f|2|706727
17855|0x2aa3f|3|1559616
17855|0x2aa3f|4|3161447
17855|0x2aa3f|5|6439046
17855|0x2aa3f|6|12844742
17855|0x22aa3f|7|25706068
17855|0x62aa3f|8|51343789
17855|0xe2aa3f|9|100417898
17855|0x1e2aa3f|10|194010979
17855|0x1e2aa3f|11|382922923
17855|0x1e2aa3f|12|822077488
17855|0x1e2aa3f|13|1644376027
17855|0x1e2aa3f|14|3288791708
17855|0x1e2aa3f|15|5524523638
17855|0x1e2aa3f|16|10826816324
17855|0x81e2aa3f|17|21599726243
17855|0x181e2aa3f|18|43973461530
17855|0x381e2aa3f|19|89457073575
17855|0x381e2aa3f|20|178423957333
17855|0x381e2aa3f|21|357031156510
17855|0x381e2aa3f|22|714275050249
17855|0x2381e2aa3f|23|1426533549409
17855|0x2381e2aa3f|24|2835995503393
18039|0x7347|1|302775
18039|0x17347|2|712635
18039|0x37347|3|1566633
18039|0x37347|4|3174776
18039|0x37347|5|6435250
18039|0x37347|6|12852648
18039|0x237347|7|25701655
18039|0x237347|8|51499276
18039|0x237347|9|102815637
18039|0x237347|10|205620738
18039|0x2237347|11|411275278
18039|0x2237347|12|805656406
18039|0x2237347|13|1645252934
18039|0x12237347|14|2831718293
18039|0x32237347|15|6179124676
18039|0x32237347|16|11040698828
18039|0x32237347|17|21570770426
18039|0x132237347|18|45096244830
18039|0x132237347|19|91659909447
18039|0x532237347|20|178091377281
18039|0x532237347|21|355839206838
18039|0x532237347|22|712197242301
18039|0x2532237347|23|1424165955227
18039|0x2532237347|24|2754286096183
18215|0xb897|1|304927
18215|0xb897|2|715051
18215|0x2b897|3|1573377
18215|0x6b897|4|3185863
18215|0xeb897|5|6380332
18215|0x1eb897|6|12814694
18215|0x3eb897|7|25717642
18215|0x7eb897|8|51463589
18215|0xfeb897|9|102885126
18215|0xfeb897|10|205834003
18215|0xfeb897|11|411757077
18215|0x4feb897|12|823466892
18215|0xcfeb897|13|1646856895
18215|0xcfeb897|14|2815542632
18215|0x2cfeb897|15|5501139528
18215|0x2cfeb897|16|10785530608
18215|0xacfeb897|17|21620176149
18215|0x1acfeb897|18|44098117107
18215|0x1acfeb897|19|88690861052
18215|0x5acfeb897|20|153555607653
18215|0xdacfeb897|21|234324688823
18215|0x1dacfeb897|22|712273724710
18215|0x1dacfeb897|23|1425382782890
18215|0x1dacfeb897|24|2846555360779
18393|0xc869|1|302992
18393|0x1c869|2|717100
18393|0x1c869|3|1602842
18393|0x1c869|4|3169499
18393|0x9c869|5|6406120
18393|0x9c869|6|12863874
18393|0x29c869|7|25766645
18393|0x29c869|8|51480051
18393|0x29c869|9|102932290
18393|0x29c869|10|205902656
18393|0x229c869|11|411792471
18393|0x629c869|12|823553613
18393|0x629c869|13|1647194685
18393|0x1629c869|14|2977943629
18393|0x3629c869|15|5753376053
18393|0x3629c869|16|11285968599
18393|0xb629c869|17|21978574612
18393|0xb629c869|18|44937915378
18393|0xb629c869|19|88252744715
18393|0xb629c869|20|180281938641
18393|0xb629c869|21|355819228987
18393|0xb629c869|22|712405330100
18393|0x20b629c869|23|1423779669534
18393|0x60b629c869|24|2587803412884
18943|0xb5ff|1|302312
18943|0x1b5ff|2|726131
18943|0x3b5ff|3|1516015
18943|0x3b5ff|4|3154832
18943|0xbb5ff|5|6403590
18943|0x1bb5ff|6|12863255
18943|0x1bb5ff|7|25780591
18943|0x1bb5ff|8|51566500
18943|0x9bb5ff|9|103135975
18943|0x9bb5ff|10|206310640
18943|0x29bb5ff|11|412711033
18943|0x29bb5ff|12|825445341
18943|0x29bb5ff|13|1651122114
18943|0x29bb5ff|14|3323894246
18943|0x29bb5ff|15|5390248531
18943|0x29bb5ff|16|10900388709
18943|0x29bb5ff|17|21603701965
18943|0x1029bb5ff|18|45753286363
18943|0x1029bb5ff|19|89360253540
18943|0x1029bb5ff|20|178791138904
18943|0x1029bb5ff|21|356599103439
18943|0x1029bb5ff|22|712044632556
18943|0x1029bb5ff|23|1423396427903
18943|0x41029bb5ff|24|2595170720412
19115|0x6003|1|331739
19115|0x16003|2|725976
19115|0x16003|3|1518488
19115|0x56003|4|3157622
19115|0xd6003|5|6421210
19115|0x1d6003|6|12837674
19115|0x3d6003|7|25757526
19115|0x7d6003|8|51600480
19115|0xfd6003|9|103178315
19115|0x1fd6003|10|206415989
19115|0x3fd6003|11|399318561
19115|0x3fd6003|12|826016254
19115|0xbfd6003|13|1358904673
19115|0xbfd6003|14|2741438772
19115|0xbfd6003|15|5492490151
19115|0x4bfd6003|16|10789912338
19115|0x4bfd6003|17|21573726209
19115|0x4bfd6003|18|43155762958
19115|0x24bfd6003|19|88765003941
19115|0x24bfd6003|20|133390731307
19115|0x24bfd6003|21|209810110726
19115|0x24bfd6003|22|420784683329
19115|0x24bfd6003|23|833232228929
19115|0x24bfd6003|24|1665551042027
19215|0x43ef|1|172909
19215|0x143ef|2|416005
19215|0x343ef|3|971619
19215|0x343ef|4|1936203
19215|0xb43ef|5|3587137
19215|0x1b43ef|6|7528303
19215|0x1b43ef|7|15252051
19215|0x1b43ef|8|30044658
19215|0x9b43ef|9|60375075
19215|0x9b43ef|10|121167979
19215|0x29b43ef|11|242408676
19215|0x69b43ef|12|484012463
19215|0x69b43ef|13|969850699
19215|0x69b43ef|14|1938547370
19215|0x269b43ef|15|3196764683
19215|0x669b43ef|16|7768037275
19215|0xe69b43ef|17|13086747235
19215|0x1e69b43ef|18|26239505241
19215|0x1e69b43ef|19|52535712619
19215|0x5e69b43ef|20|105000835171
19215|0xde69b43ef|21|209351989493
19215|0xde69b43ef|22|415449281184
19215|0x2de69b43ef|23|838158591055
19215|0x6de69b43ef|24|1661600958155
19325|0xc5d5|1|171400
19325|0xc5d5|2|443518
19325|0x2c5d5|3|972381
19325|0x2c5d5|4|1968840
19325|0x2c5d5|5|3643953
19325|0x12c5d5|6|7740172
19325|0x32c5d5|7|15202853
19325|0x72c5d5|8|30385336
19325|0x72c5d5|9|60703964
19325|0x72c5d5|10|121117750
19325|0x72c5d5|11|242441993
19325|0x72c5d5|12|484859939
19325|0x872c5d5|13|970196724
19325|0x872c5d5|14|1938538732
19325|0x872c5d5|15|3270031253
19325|0x4872c5d5|16|6389789804
19325|0x4872c5d5|17|12804139130
19325|0x14872c5d5|18|26460925822
19325|0x34872c5d5|19|52724209623
19325|0x74872c5d5|20|104567320835
19325|0xf4872c5d5|21|210400026360
19325|0x1f4872c5d5|22|419063430450
19325|0x1f4872c5d5|23|837560164923
19325|0x1f4872c5d5|24|1664331811942
19425|0x3821|1|171514
19425|0x13821|2|409062
19425|0x13821|3|905684
19425|0x53821|4|1880191
19425|0xd3821|5|3779426
19425|0x1d3821|6|7541031
19425|0x3d3821|7|15221082
19425|0x7d3821|8|30320729
19425|0xfd3821|9|60501817
19425|0xfd3821|10|121106714
19425|0x2fd3821|11|242190531
19425|0x2fd3821|12|484725469
19425|0x2fd3821|13|970377289
19425|0x12fd3821|14|1667727013
19425|0x32fd3821|15|3707215938
19425|0x32fd3821|16|6581924553
19425|0x32fd3821|17|13248301680
19425|0x132fd3821|18|26452746286
19425|0x332fd3821|19|52336741915
19425|0x332fd3821|20|104955688869
19425|0x332fd3821|21|210657488531
19425|0x332fd3821|22|416959209716
19425|0x332fd3821|23|827249498412
19425|0x4332fd3821|24|1672811557653
19923|0x925b|1|170745
19923|0x925b|2|412479
19923|0x2925b|3|913416
19923|0x6925b|4|1937080
19923|0x6925b|5|3793208
19923|0x16925b|6|7578334
19923|0x36925b|7|15295462
19923|0x36925b|8|30338807
19923|0x36925b|9|60853519
19923|0x136925b|10|121384267
19923|0x336925b|11|243321164
19923|0x336925b|12|485511722
19923|0x336925b|13|809733942
19923|0x1336925b|14|1943611156
19923|0x1336925b|15|3887781980
19923|0x5336925b|16|6413731639
19923|0x5336925b|17|12949969642
19923|0x5336925b|18|25654554718
19923|0x5336925b|19|53847247167
19923|0x45336925b|20|105796360126
19923|0xc5336925b|21|213740973770
19923|0x1c5336925b|22|415893443329
19923|0x3c5336925b|23|831793129687
19923|0x7c5336925b|24|1668488153420
20035|0xee6b|1|171147
20035|0x1ee6b|2|413042
20035|0x3ee6b|3|865595
20035|0x7ee6b|4|1897636
20035|0xfee6b|5|3837051
20035|0x1fee6b|6|7586698
20035|0x1fee6b|7|15321187
20035|0x1fee6b|8|30504753
20035|0x1fee6b|9|60953339
20035|0x11fee6b|10|121608556
20035|0x31fee6b|11|243651317
20035|0x71fee6b|12|488087286
20035|0xf1fee6b|13|976294628
20035|0x1f1fee6b|14|1953322126
20035|0x3f1fee6b|15|3521920107
20035|0x7f1fee6b|16|7800980987
20035|0x7f1fee6b|17|15271593368
20035|0x17f1fee6b|18|26073305373
20035|0x17f1fee6b|19|52015630278
20035|0x17f1fee6b|20|103669756449
20035|0x17f1fee6b|21|207254978106
20035|0x17f1fee6b|22|413713409202
20035|0x217f1fee6b|23|833535296078
20035|0x217f1fee6b|24|1668022440186
20137|0x3599|1|172622
20137|0x3599|2|457445
20137|0x3599|3|985594
20137|0x3599|4|1964856
20137|0x83599|5|3645150
20137|0x83599|6|7585362
20137|0x83599|7|15200323
20137|0x483599|8|24843345
20137|0x483599|9|59962681
20137|0x483599|10|120799475
20137|0x483599|11|240983762
20137|0x483599|12|482427075
20137|0x483599|13|964907473
20137|0x10483599|14|1929539838
20137|0x10483599|15|3858809210
20137|0x50483599|16|6873359459
20137|0x50483599|17|12785303539
20137|0x150483599|18|28168480165
20137|0x150483599|19|52065116404
20137|0x550483599|20|105572845338
20137|0xd50483599|21|209608753667
20137|0xd50483599|22|416622268776
20137|0xd50483599|23|835818149542
20137|0x4d50483599|24|1665453938211
20255|0x6cdf|1|196144
20255|0x6cdf|2|471450
20255|0x26cdf|3|990073
20255|0x66cdf|4|1831329
20255|0x66cdf|5|3769581
20255|0x66cdf|6|7609954
20255|0x266cdf|7|15060185
20255|0x666cdf|8|30521474
20255|0x666cdf|9|61391863
20255|0x666cdf|10|122230099
20255|0x666cdf|11|244697294
20255|0x666cdf|12|488223429
20255|0x8666cdf|13|977160183
20255|0x8666cdf|14|1953648287
20255|0x28666cdf|15|3912772199
20255|0x28666cdf|16|6431373033
20255|0xa8666cdf|17|12901644570
20255|0xa8666cdf|18|27020349820
20255|0xa8666cdf|19|52037150554
20255|0x4a8666cdf|20|104933060648
20255|0xca8666cdf|21|210478763977
20255|0xca8666cdf|22|417453815808
20255|0xca8666cdf|23|836339120757
20255|0xca8666cdf|24|1662010619517
20355|0xb72b|1|171643
20355|0xb72b|2|415858
20355|0xb72b|3|935197
20355|0x4b72b|4|2040006
20355|0x4b72b|5|3616945
20355|0x14b72b|6|7726252
20355|0x34b72b|7|15368652
20355|0x34b72b|8|30694732
20355|0xb4b72b|9|60992077
20355|0x1b4b72b|10|121749840
20355|0x1b4b72b|11|244452445
20355|0x5b4b72b|12|421766055
20355|0x5b4b72b|13|978700949
20355|0x15b4b72b|14|1956385792
20355|0x35b4b72b|15|3363224615
20355|0x75b4b72b|16|6387044828
20355|0x75b4b72b|17|13078941170
20355|0x175b4b72b|18|26358488387
20355|0x375b4b72b|19|53396971309
20355|0x375b4b72b|20|105081787092
20355|0xb75b4b72b|21|209694174822
20355|0x1b75b4b72b|22|418105107359
20355|0x3b75b4b72b|23|831443769833
20355|0x7b75b4b72b|24|1661447696645
20469|0xa45d|1|173236
20469|0xa45d|2|466736
20469|0x2a45d|3|874958
20469|0x2a45d|4|1979366
20469|0x2a45d|5|3726312
20469|0x2a45d|6|7824603
20469|0x2a45d|7|15363651
20469|0x42a45d|8|30797494
20469|0xc2a45d|9|61376483
20469|0x1c2a45d|10|123075099
20469|0x1c2a45d|11|246362200
20469|0x1c2a45d|12|491461020
20469|0x1c2a45d|13|983727629
20469|0x1c2a45d|14|1968909129
20469|0x1c2a45d|15|3936431392
20469|0x41c2a45d|16|6812707967
20469|0x41c2a45d|17|13342391191
20469|0x41c2a45d|18|25898086616
20469|0x241c2a45d|19|53793141895
20469|0x641c2a45d|20|104994837911
20469|0xe41c2a45d|21|209629283202
20469|0x1e41c2a45d|22|418073412747
20469|0x1e41c2a45d|23|830197387410
20469|0x5e41c2a45d|24|1740521224344
20965|0x83ed|1|217344
20965|0x83ed|2|419779
20965|0x83ed|3|925382
20965|0x483ed|4|2018612
20965|0xc83ed|5|4053171
20965|0x1c83ed|6|7955504
20965|0x1c83ed|7|16038091
20965|0x5c83ed|8|32067672
20965|0xdc83ed|9|64151532
20965|0x1dc83ed|10|128804516
20965|0x1dc83ed|11|257609162
20965|0x1dc83ed|12|515376752
20965|0x1dc83ed|13|1029830853
20965|0x11dc83ed|14|2060053866
20965|0x11dc83ed|15|3599585935
20965|0x51dc83ed|16|6931626787
20965|0x51dc83ed|17|13767839466
20965|0x51dc83ed|18|26963715654
20965|0x51dc83ed|19|56085865303
20965|0x51dc83ed|20|109596124353
20965|0x51dc83ed|21|217611529731
20965|0x1051dc83ed|22|439098296768
20965|0x1051dc83ed|23|874412658972
20965|0x1051dc83ed|24|1744400014125
21065|0x3ff9|1|195320
21065|0x3ff9|2|475839
21065|0x3ff9|3|1003184
21065|0x3ff9|4|2034049
21065|0x3ff9|5|3918607
21065|0x103ff9|6|8062724
21065|0x303ff9|7|16161797
21065|0x703ff9|8|32183435
21065|0xf03ff9|9|64693214
21065|0x1f03ff9|10|129303856
21065|0x3f03ff9|11|259099113
21065|0x7f03ff9|12|518243431
21065|0xff03ff9|13|1035603141
21065|0xff03ff9|14|2082185382
21065|0xff03ff9|15|3726702229
21065|0xff03ff9|16|6756843229
21065|0x8ff03ff9|17|13506189269
21065|0x8ff03ff9|18|27927314323
21065|0x8ff03ff9|19|58076311911
21065|0x48ff03ff9|20|110966541381
21065|0xc8ff03ff9|21|219204969367
21065|0x1c8ff03ff9|22|438954268859
21065|0x1c8ff03ff9|23|871617714787
21065|0x5c8ff03ff9|24|1743023322106
21181|0xb895|1|198210
21181|0xb895|2|503561
21181|0xb895|3|1007925
21181|0xb895|4|2024949
21181|0x8b895|5|3943261
21181|0x18b895|6|8042962
21181|0x38b895|7|16231936
21181|0x38b895|8|32452346
21181|0x38b895|9|64820197
21181|0x138b895|10|129257325
21181|0x338b895|11|259475767
21181|0x738b895|12|517054537
21181|0x738b895|13|871956410
21181|0x738b895|14|1914555954
21181|0x738b895|15|3519895873
21181|0x738b895|16|6793531952
21181|0x8738b895|17|13672990785
21181|0x8738b895|18|27307985443
21181|0x8738b895|19|55839759204
21181|0x48738b895|20|110452446532
21181|0xc8738b895|21|219028114637
21181|0x1c8738b895|22|439419908624
21181|0x3c8738b895|23|871217900250
21181|0x3c8738b895|24|1746766904555
21287|0xec97|1|198086
21287|0x1ec97|2|479825
21287|0x1ec97|3|919065
21287|0x1ec97|4|1938095
21287|0x1ec97|5|4093507
21287|0x1ec97|6|7986121
21287|0x1ec97|7|16006266
21287|0x1ec97|8|32363493
21287|0x1ec97|9|64482983
21287|0x1ec97|10|129012609
21287|0x1ec97|11|257800837
21287|0x1ec97|12|515986859
21287|0x1ec97|13|1004862909
21287|0x1ec97|14|1886977305
21287|0x2001ec97|15|3649634631
21287|0x2001ec97|16|6834424576
21287|0xa001ec97|17|14134740900
21287|0x1a001ec97|18|27144104664
21287|0x1a001ec97|19|54910927242
21287|0x1a001ec97|20|109606140921
21287|0x1a001ec97|21|219400452446
21287|0x1a001ec97|22|438392931882
21287|0x21a001ec97|23|872281434603
21287|0x21a001ec97|24|1746959920443
21397|0x5fbd|1|198496
21397|0x5fbd|2|480634
21397|0x25fbd|3|930792
21397|0x65fbd|4|1917543
21397|0x65fbd|5|4096214
21397|0x65fbd|6|7956912
21397|0x65fbd|7|16015388
21397|0x465fbd|8|32289250
21397|0x465fbd|9|64152356
21397|0x465fbd|10|128524712
21397|0x2465fbd|11|256911867
21397|0x6465fbd|12|513315032
21397|0xe465fbd|13|1028199413
21397|0xe465fbd|14|1995723280
21397|0x2e465fbd|15|3418505575
21397|0x6e465fbd|16|8223602469
21397|0x6e465fbd|17|14361385485
21397|0x16e465fbd|18|27303796643
21397|0x36e465fbd|19|55927964825
21397|0x36e465fbd|20|109373908245
21397|0x36e465fbd|21|219295390911
21397|0x36e465fbd|22|439367708239
21397|0x36e465fbd|23|872441741553
21397|0x436e465fbd|24|1744227376233
21877|0x12dd|1|197061
21877|0x12dd|2|422735
21877|0x12dd|3|982385
21877|0x412dd|4|1825313
21877|0x412dd|5|4055723
21877|0x412dd|6|8037329
21877|0x2412dd|7|16016112
21877|0x6412dd|8|32240417
21877|0x6412dd|9|64368089
21877|0x6412dd|10|128592463
21877|0x6412dd|11|258036610
21877|0x6412dd|12|515059529
21877|0x86412dd|13|1039919516
21877|0x186412dd|14|2060120710
21877|0x386412dd|15|4087844100
21877|0x386412dd|16|6693626411
21877|0x386412dd|17|13469520565
21877|0x1386412dd|18|27762375918
21877|0x1386412dd|19|54888292673
21877|0x1386412dd|20|109425639952
21877|0x9386412dd|21|218746820927
21877|0x19386412dd|22|438998045834
21877|0x19386412dd|23|871660732921
21877|0x59386412dd|24|1742416729384
21983|0xa61f|1|175741
21983|0x1a61f|2|374591
21983|0x1a61f|3|959062
21983|0x1a61f|4|1998447
21983|0x9a61f|5|3911652
21983|0x19a61f|6|8003070
21983|0x19a61f|7|16153086
21983|0x19a61f|8|32194517
21983|0x99a61f|9|64403136
21983|0x99a61f|10|128648202
21983|0x299a61f|11|257413468
21983|0x299a61f|12|514574670
21983|0xa99a61f|13|1029606476
21983|0xa99a61f|14|2060087796
21983|0xa99a61f|15|4068482244
21983|0x4a99a61f|16|7856784141
21983|0x4a99a61f|17|16206588552
21983|0x4a99a61f|18|26934594480
21983|0x24a99a61f|19|54356755447
21983|0x64a99a61f|20|109264295658
21983|0x64a99a61f|21|219276308143
21983|0x64a99a61f|22|438570227545
21983|0x64a99a61f|23|871464142525
21983|0x464a99a61f|24|1743557936302
22099|0x5ddb|1|199702
22099|0x5ddb|2|420169
22099|0x25ddb|3|849329
22099|0x65ddb|4|1921315
22099|0xe5ddb|5|3888708
22099|0x1e5ddb|6|8033630
22099|0x3e5ddb|7|15854198
22099|0x7e5ddb|8|31696567
22099|0xfe5ddb|9|63597428
22099|0xfe5ddb|10|127381823
22099|0x2fe5ddb|11|254586995
22099|0x6fe5ddb|12|509534156
22099|0xefe5ddb|13|949997080
22099|0x1efe5ddb|14|1688351890
22099|0x1efe5ddb|15|4103633030
22099|0x1efe5ddb|16|7325963082
22099|0x9efe5ddb|17|13346678217
22099|0x19efe5ddb|18|28206245172
22099|0x19efe5ddb|19|54990528924
22099|0x19efe5ddb|20|110013200250
22099|0x19efe5ddb|21|218664640317
22099|0x119efe5ddb|22|444064348607
22099|0x319efe5ddb|23|892521938507
22099|0x319efe5ddb|24|1765476470717
22217|0xa379|1|200077
22217|0x1a379|2|426830
22217|0x1a379|3|966890
22217|0x5a379|4|1881076
22217|0xda379|5|4034419
22217|0xda379|6|8086030
22217|0x2da379|7|16013990
22217|0x6da379|8|32247842
22217|0x6da379|9|64473714
22217|0x16da379|10|120161432
22217|0x16da379|11|258047785
22217|0x56da379|12|515321240
22217|0xd6da379|13|999035226
22217|0xd6da379|14|1935557161
22217|0x2d6da379|15|3404673237
22217|0x2d6da379|16|6754348979
22217|0xad6da379|17|13414597800
22217|0x1ad6da379|18|28479383852
22217|0x1ad6da379|19|55029386090
22217|0x5ad6da379|20|109425914141
22217|0xdad6da379|21|220966289009
22217|0xdad6da379|22|438245708105
22217|0xdad6da379|23|872042741399
22217|0xdad6da379|24|1747911784804
22317|0x10a5|1|176403
22317|0x110a5|2|408233
22317|0x110a5|3|968798
22317|0x110a5|4|2008496
22317|0x910a5|5|3925474
22317|0x910a5|6|8008703
22317|0x910a5|7|16086460
22317|0x4910a5|8|32048209
22317|0xc910a5|9|64366181
22317|0xc910a5|10|128770485
22317|0xc910a5|11|257832910
22317|0xc910a5|12|516021670
22317|0x8c910a5|13|1030797431
22317|0x8c910a5|14|1754500617
22317|0x28c910a5|15|3375952237
22317|0x28c910a5|16|6899382141
22317|0xa8c910a5|17|13556026711
22317|0xa8c910a5|18|28874690628
22317|0x2a8c910a5|19|55219447501
22317|0x6a8c910a5|20|109932579567
22317|0xea8c910a5|21|219499928278
22317|0x1ea8c910a5|22|438349472162
22317|0x1ea8c910a5|23|871349943331
22317|0x5ea8c910a5|24|1739220577761
22437|0xb82d|1|488884
22437|0xb82d|2|428057
22437|0x2b82d|3|970090
22437|0x2b82d|4|2034249
22437|0xab82d|5|3910945
22437|0xab82d|6|8039191
22437|0xab82d|7|16162051
22437|0xab82d|8|32108570
22437|0x8ab82d|9|64580635
22437|0x8ab82d|10|129121992
22437|0x28ab82d|11|257924669
22437|0x28ab82d|12|516154618
22437|0xa8ab82d|13|1032658653
22437|0x1a8ab82d|14|1705870943
22437|0x1a8ab82d|15|3373263618
22437|0x5a8ab82d|16|6793593061
22437|0xda8ab82d|17|13585746723
22437|0xda8ab82d|18|29049028970
22437|0x2da8ab82d|19|54912858727
22437|0x6da8ab82d|20|110181958272
22437|0x6da8ab82d|21|219791374424
22437|0x16da8ab82d|22|437383073216
22437|0x16da8ab82d|23|871825647253
22437|0x16da8ab82d|24|1739463631203
22909|0xa7d5|1|201255
22909|0x1a7d5|2|430851
22909|0x1a7d5|3|978132
22909|0x1a7d5|4|1874925
22909|0x9a7d5|5|4087801
22909|0x19a7d5|6|8096231
22909|0x39a7d5|7|16242366
22909|0x39a7d5|8|32620825
22909|0xb9a7d5|9|65325532
22909|0xb9a7d5|10|130259569
22909|0x2b9a7d5|11|260143771
22909|0x2b9a7d5|12|517104468
22909|0x2b9a7d5|13|1031963802
22909|0x2b9a7d5|14|2067076460
22909|0x22b9a7d5|15|3362778916
22909|0x22b9a7d5|16|7619049951
22909|0xa2b9a7d5|17|13518657695
22909|0xa2b9a7d5|18|27715093800
22909|0x2a2b9a7d5|19|56944032789
22909|0x6a2b9a7d5|20|109801444600
22909|0x6a2b9a7d5|21|219410792916
22909|0x16a2b9a7d5|22|436803382801
22909|0x36a2b9a7d5|23|870756323146
22909|0x76a2b9a7d5|24|1738323650200
23013|0x3bed|1|177406
23013|0x13bed|2|436808
23013|0x13bed|3|980017
23013|0x13bed|4|2048250
23013|0x13bed|5|3928292
23013|0x113bed|6|8114156
23013|0x113bed|7|16316999
23013|0x513bed|8|32605875
23013|0xd13bed|9|65230265
23013|0x1d13bed|10|130120683
23013|0x3d13bed|11|260409750
23013|0x3d13bed|12|520507746
23013|0xbd13bed|13|1042445422
23013|0x1bd13bed|14|2085140167
23013|0x3bd13bed|15|3409565432
23013|0x7bd13bed|16|6792457039
23013|0xfbd13bed|17|13690982557
23013|0x1fbd13bed|18|27822949071
23013|0x3fbd13bed|19|55209145781
23013|0x7fbd13bed|20|109777787958
23013|0x7fbd13bed|21|219961701968
23013|0x17fbd13bed|22|436406227317
23013|0x17fbd13bed|23|870952194239
23013|0x17fbd13bed|24|1739627290684
23133|0x49f5|1|199309
23133|0x149f5|2|433127
23133|0x149f5|3|979802
23133|0x149f5|4|2040341
23133|0x949f5|5|4140247
23133|0x949f5|6|8109024
23133|0x2949f5|7|16274082
23133|0x2949f5|8|32586620
23133|0x2949f5|9|65243747
23133|0x12949f5|10|130373042
23133|0x12949f5|11|260495028
23133|0x12949f5|12|521453088
23133|0x12949f5|13|1095892869
23133|0x112949f5|14|1823023930
23133|0x112949f5|15|4169604906
23133|0x512949f5|16|7190894043
23133|0x512949f5|17|13525025039
23133|0x512949f5|18|26916247477
23133|0x2512949f5|19|56537073979
23133|0x2512949f5|20|111548376412
23133|0x2512949f5|21|219838384033
23133|0x2512949f5|22|439191149352
23133|0x22512949f5|23|872803612422
23133|0x22512949f5|24|1739066099090
23239|0x46f7|1|176799
23239|0x46f7|2|398742
23239|0x246f7|3|912779
23239|0x246f7|4|2044257
23239|0xa46f7|5|3954470
23239|0x1a46f7|6|8022548
23239|0x3a46f7|7|16156357
23239|0x7a46f7|8|32063509
23239|0x7a46f7|9|64405324
23239|0x7a46f7|10|128561845
23239|0x7a46f7|11|210288692
23239|0x47a46f7|12|515190114
23239|0xc7a46f7|13|1031644551
23239|0x1c7a46f7|14|1707784146
23239|0x3c7a46f7|15|3552239829
23239|0x3c7a46f7|16|6867460050
23239|0x3c7a46f7|17|13456526511
23239|0x3c7a46f7|18|27071066068
23239|0x23c7a46f7|19|54662385857
23239|0x23c7a46f7|20|109965821824
23239|0x23c7a46f7|21|219447365582
23239|0x23c7a46f7|22|436417750841
23239|0x23c7a46f7|23|870830187005
23239|0x23c7a46f7|24|1741656906466
23359|0x14bf|1|202159
23359|0x114bf|2|433257
23359|0x114bf|3|985399
23359|0x514bf|4|1935328
23359|0x514bf|5|4054259
23359|0x514bf|6|8053920
23359|0x2514bf|7|16053090
23359|0x2514bf|8|32401910
23359|0xa514bf|9|64563965
23359|0x1a514bf|10|129211068
23359|0x3a514bf|11|258694613
23359|0x7a514bf|12|517847682
23359|0x7a514bf|13|897936729
23359|0x17a514bf|14|2059667717
23359|0x17a514bf|15|4108051289
23359|0x17a514bf|16|6841712184
23359|0x97a514bf|17|13586938649
23359|0x197a514bf|18|27204934560
23359|0x197a514bf|19|55095875702
23359|0x597a514bf|20|111047944916
23359|0xd97a514bf|21|219064722254
23359|0xd97a514bf|22|438483242466
23359|0xd97a514bf|23|870438569828
23359|0x4d97a514bf|24|1736937855103
23473|0xd51|1|202193
23473|0x10d51|2|453192
23473|0x30d51|3|869100
23473|0x30d51|4|1974240
23473|0xb0d51|5|4063852
23473|0xb0d51|6|7881701
23473|0x2b0d51|7|16122618
23473|0x2b0d51|8|32238924
23473|0xab0d51|9|64730310
23473|0xab0d51|10|129426585
23473|0xab0d51|11|258542338
23473|0x4ab0d51|12|517740561
23473|0xcab0d51|13|1027687827
23473|0x1cab0d51|14|1696922787
23473|0x3cab0d51|15|3846594947
23473|0x7cab0d51|16|6875292274
23473|0x7cab0d51|17|13702653244
23473|0x17cab0d51|18|29890240359
23473|0x17cab0d51|19|55113917842
23473|0x17cab0d51|20|109916477726
23473|0x97cab0d51|21|218726790055
23473|0x97cab0d51|22|435655472897
23473|0x297cab0d51|23|870655924179
23473|0x297cab0d51|24|1737565526969
23955|0x489b|1|203349
23955|0x489b|2|448060
23955|0x2489b|3|940652
23955|0x2489b|4|1850608
23955|0x2489b|5|3556631
23955|0x12489b|6|8080465
23955|0x32489b|7|16055532
23955|0x72489b|8|32594677
23955|0x72489b|9|64780132
23955|0x72489b|10|129098950
23955|0x272489b|11|258877884
23955|0x672489b|12|454371329
23955|0xe72489b|13|1037217131
23955|0x1e72489b|14|2073868448
23955|0x1e72489b|15|4146244355
23955|0x1e72489b|16|8295789670
23955|0x1e72489b|17|16570923978
23955|0x11e72489b|18|27404288208
23955|0x11e72489b|19|55301582506
23955|0x51e72489b|20|109667508088
23955|0x51e72489b|21|219421822961
23955|0x51e72489b|22|436177743258
23955|0x51e72489b|23|870331454199
23955|0x51e72489b|24|1736941663710
24069|0xbecd|1|201056
24069|0x1becd|2|436997
24069|0x1becd|3|937216
24069|0x1becd|4|1853216
24069|0x9becd|5|4114644
24069|0x9becd|6|7957732
24069|0x9becd|7|16092701
24069|0x49becd|8|32248227
24069|0xc9becd|9|64546128
24069|0xc9becd|10|129255158
24069|0xc9becd|11|259152585
24069|0xc9becd|12|472518492
24069|0x8c9becd|13|1035651764
24069|0x8c9becd|14|2075171940
24069|0x8c9becd|15|3357509577
24069|0x48c9becd|16|6857348117
24069|0xc8c9becd|17|14591901669
24069|0xc8c9becd|18|27700537929
24069|0x2c8c9becd|19|54444466718
24069|0x2c8c9becd|20|109628038520
24069|0xac8c9becd|21|225836278590
24069|0x1ac8c9becd|22|435365710071
24069|0x1ac8c9becd|23|870337635947
24069|0x5ac8c9becd|24|1737778846551
24189|0x8ad5|1|203549
24189|0x8ad5|2|457324
24189|0x28ad5|3|999419
24189|0x28ad5|4|1789361
24189|0xa8ad5|5|4096302
24189|0xa8ad5|6|8045843
24189|0x2a8ad5|7|15962574
24189|0x6a8ad5|8|32262622
24189|0x6a8ad5|9|64426586
24189|0x16a8ad5|10|128763970
24189|0x16a8ad5|11|257249412
24189|0x16a8ad5|12|514882093
24189|0x16a8ad5|13|1013684459
24189|0x116a8ad5|14|1821196934
24189|0x316a8ad5|15|3434299537
24189|0x716a8ad5|16|8188762622
24189|0xf16a8ad5|17|13445511636
24189|0x1f16a8ad5|18|27599236284
24189|0x1f16a8ad5|19|54778098295
24189|0x1f16a8ad5|20|109548012366
24189|0x9f16a8ad5|21|219325874366
24189|0x9f16a8ad5|22|436193880754
24189|0x9f16a8ad5|23|871377945857
24189|0x9f16a8ad5|24|1741688288041
24297|0x5959|1|203961
24297|0x5959|2|458121
24297|0x5959|3|919494
24297|0x5959|4|1872313
24297|0x5959|5|3948622
24297|0x5959|6|8085240
24297|0x205959|7|15990428
24297|0x605959|8|31886755
24297|0xe05959|9|64205537
24297|0x1e05959|10|127890052
24297|0x3e05959|11|241726771
24297|0x3e05959|12|461032628
24297|0xbe05959|13|913348524
24297|0x1be05959|14|1661356281
24297|0x1be05959|15|3378557680
24297|0x5be05959|16|6675226434
24297|0x5be05959|17|13574695108
24297|0x5be05959|18|26844472989
24297|0x5be05959|19|56979238850
24297|0x5be05959|20|107741624891
24297|0x5be05959|21|218750974753
24297|0x105be05959|22|435268787932
24297|0x305be05959|23|870631938379
24297|0x705be05959|24|1738781854996
24411|0xb8d3|1|204127
24411|0xb8d3|2|438967
24411|0xb8d3|3|1003047
24411|0xb8d3|4|1808927
24411|0x8b8d3|5|4079396
24411|0x18b8d3|6|7913456
24411|0x38b8d3|7|16026705
24411|0x78b8d3|8|31990528
24411|0xf8b8d3|9|64117248
24411|0x1f8b8d3|10|128187614
24411|0x1f8b8d3|11|256137081
24411|0x1f8b8d3|12|512348540
24411|0x1f8b8d3|13|1024416816
24411|0x1f8b8d3|14|1772777081
24411|0x1f8b8d3|15|4059442723
24411|0x1f8b8d3|16|6612587410
24411|0x1f8b8d3|17|15121407163
24411|0x1f8b8d3|18|27043887935
24411|0x1f8b8d3|19|53961601954
24411|0x401f8b8d3|20|110210084853
24411|0xc01f8b8d3|21|220343385366
24411|0xc01f8b8d3|22|437188678915
24411|0xc01f8b8d3|23|870317865912
24411|0xc01f8b8d3|24|1738389259115
24519|0xb1f7|1|180013
24519|0x1b1f7|2|386811
24519|0x1b1f7|3|985867
24519|0x5b1f7|4|2039593
24519|0xdb1f7|5|3959855
24519|0x1db1f7|6|8063572
24519|0x3db1f7|7|16003400
24519|0x3db1f7|8|32233650
24519|0x3db1f7|9|64415109
24519|0x13db1f7|10|129187862
24519|0x13db1f7|11|258261839
24519|0x53db1f7|12|516916710
24519|0xd3db1f7|13|1032556622
24519|0x1d3db1f7|14|1725595284
24519|0x3d3db1f7|15|3349232655
24519|0x3d3db1f7|16|6797383859
24519|0xbd3db1f7|17|13228820670
24519|0x1bd3db1f7|18|27891525486
24519|0x1bd3db1f7|19|54392076340
24519|0x5bd3db1f7|20|109627213397
24519|0x5bd3db1f7|21|219200601799
24519|0x15bd3db1f7|22|436031900060
24519|0x35bd3db1f7|23|872014176881
24519|0x35bd3db1f7|24|1739923002843
25003|0x9103|1|205358
25003|0x19103|2|442267
25003|0x39103|3|1012365
25003|0x79103|4|1976093
25003|0x79103|5|3968292
25003|0x79103|6|7873150
25003|0x79103|7|16063761
25003|0x79103|8|32122504
25003|0x79103|9|63981899
25003|0x1079103|10|128085885
25003|0x3079103|11|256486870
25003|0x7079103|12|417697586
25003|0x7079103|13|877942690
25003|0x17079103|14|1677205933
25003|0x17079103|15|3540019656
25003|0x57079103|16|7005972023
25003|0x57079103|17|13295188360
25003|0x57079103|18|26621317655
25003|0x57079103|19|55152548827
25003|0x457079103|20|109295591741
25003|0x457079103|21|218901925710
25003|0x457079103|22|435710067055
25003|0x2457079103|23|869807020322
25003|0x6457079103|24|1739098905611
25121|0xa1e1|1|180967
25121|0x1a1e1|2|409425
25121|0x3a1e1|3|1031927
25121|0x3a1e1|4|2044251
25121|0x3a1e1|5|3911234
25121|0x13a1e1|6|7925369
25121|0x13a1e1|7|16085024
25121|0x13a1e1|8|32196799
25121|0x93a1e1|9|64229415
25121|0x193a1e1|10|103182408
25121|0x193a1e1|11|257400649
25121|0x193a1e1|12|514226127
25121|0x993a1e1|13|861921231
25121|0x993a1e1|14|1831908431
25121|0x993a1e1|15|4138025315
25121|0x4993a1e1|16|6638240169
25121|0x4993a1e1|17|13385566944
25121|0x4993a1e1|18|26444183363
25121|0x4993a1e1|19|54195107887
25121|0x44993a1e1|20|111052279187
25121|0xc4993a1e1|21|220121157115
25121|0xc4993a1e1|22|435638189486
25121|0xc4993a1e1|23|872669376675
25121|0x4c4993a1e1|24|1736875799099
25225|0xb3b9|1|205386
25225|0x1b3b9|2|442931
25225|0x3b3b9|3|929227
25225|0x3b3b9|4|1885188
25225|0xbb3b9|5|3951724
25225|0x1bb3b9|6|8022305
25225|0x3bb3b9|7|15925040
25225|0x7bb3b9|8|31717620
25225|0x7bb3b9|9|63781856
25225|0x17bb3b9|10|127455518
25225|0x37bb3b9|11|211026965
25225|0x37bb3b9|12|510304122
25225|0xb7bb3b9|13|848056011
25225|0xb7bb3b9|14|2057675457
25225|0xb7bb3b9|15|3316606307
25225|0xb7bb3b9|16|8246822956
25225|0x8b7bb3b9|17|13396726595
25225|0x8b7bb3b9|18|26857551127
25225|0x8b7bb3b9|19|56884357579
25225|0x8b7bb3b9|20|122238370105
25225|0x8b7bb3b9|21|219263181557
25225|0x108b7bb3b9|22|435072236173
25225|0x108b7bb3b9|23|869576424346
25225|0x508b7bb3b9|24|1738460499581
25341|0x4a55|1|205648
25341|0x4a55|2|443809
25341|0x24a55|3|967909
25341|0x24a55|4|1902079
25341|0xa4a55|5|3971660
25341|0xa4a55|6|8076456
25341|0x2a4a55|7|16075764
25341|0x6a4a55|8|32030735
25341|0xea4a55|9|64536192
25341|0xea4a55|10|128837322
25341|0xea4a55|11|258253985
25341|0xea4a55|12|513812253
25341|0x8ea4a55|13|1030826707
25341|0x8ea4a55|14|2063369076
25341|0x8ea4a55|15|3603169928
25341|0x8ea4a55|16|6755475816
25341|0x88ea4a55|17|15566466248
25341|0x188ea4a55|18|28919930396
25341|0x388ea4a55|19|55097547491
25341|0x388ea4a55|20|109371248808
25341|0xb88ea4a55|21|218497822446
25341|0x1b88ea4a55|22|436091739357
25341|0x3b88ea4a55|23|869875492418
25341|0x7b88ea4a55|24|1737953646211
25457|0xfd91|1|202995
25457|0x1fd91|2|444129
25457|0x1fd91|3|1019854
25457|0x1fd91|4|1896343
25457|0x1fd91|5|4037676
25457|0x11fd91|6|7887483
25457|0x11fd91|7|15990796
25457|0x11fd91|8|31872219
25457|0x11fd91|9|64187185
25457|0x111fd91|10|128467537
25457|0x311fd91|11|257202712
25457|0x311fd91|12|415195392
25457|0x311fd91|13|1031146877
25457|0x1311fd91|14|1921573451
25457|0x3311fd91|15|4022961119
25457|0x3311fd91|16|6761245811
25457|0xb311fd91|17|13731750425
25457|0x1b311fd91|18|27031182416
25457|0x1b311fd91|19|54004010513
25457|0x1b311fd91|20|111453470746
25457|0x1b311fd91|21|218370434588
25457|0x1b311fd91|22|435332642216
25457|0x1b311fd91|23|869387402108
25457|0x1b311fd91|24|1735346198175
25569|0x2021|1|203524
25569|0x12021|2|444801
25569|0x32021|3|1038480
25569|0x72021|4|2058948
25569|0x72021|5|3900677
25569|0x172021|6|8142963
25569|0x172021|7|16057659
25569|0x572021|8|32325740
25569|0x572021|9|64724622
25569|0x572021|10|129713603
25569|0x2572021|11|258818320
25569|0x2572021|12|457751203
25569|0x2572021|13|1034512715
25569|0x2572021|14|1696226982
25569|0x2572021|15|3311452573
25569|0x42572021|16|6909974359
25569|0x42572021|17|13287273013
25569|0x42572021|18|26839999993
25569|0x242572021|19|54689361402
25569|0x642572021|20|109246272013
25569|0xe42572021|21|219749157833
25569|0x1e42572021|22|436971968535
25569|0x1e42572021|23|873105535745
25569|0x5e42572021|24|1745677853697
26037|0x209d|1|206846
26037|0x1209d|2|421538
26037|0x3209d|3|905850
26037|0x7209d|4|2042342
26037|0xf209d|5|4066801
26037|0x1f209d|6|8008934
26037|0x3f209d|7|16286108
26037|0x3f209d|8|32389427
26037|0xbf209d|9|64711281
26037|0x1bf209d|10|129571810
26037|0x1bf209d|11|259134741
26037|0x5bf209d|12|518918983
26037|0xdbf209d|13|1027286247
26037|0xdbf209d|14|1802111930
26037|0x2dbf209d|15|3445398677
26037|0x6dbf209d|16|6635559368
26037|0x6dbf209d|17|14874307703
26037|0x6dbf209d|18|28656278599
26037|0x26dbf209d|19|53906866776
26037|0x66dbf209d|20|110550699910
26037|0xe6dbf209d|21|218978897861
26037|0xe6dbf209d|22|435259525675
26037|0xe6dbf209d|23|869879707617
26037|0xe6dbf209d|24|1738757376464
26145|0x9de1|1|207158
26145|0x9de1|2|446154
26145|0x9de1|3|967015
26145|0x49de1|4|1965008
26145|0x49de1|5|4131657
26145|0x49de1|6|7987172
26145|0x49de1|7|16262276
26145|0x49de1|8|32378852
26145|0x849de1|9|64675899
26145|0x849de1|10|129494497
26145|0x849de1|11|258814579
26145|0x849de1|12|520386375
26145|0x8849de1|13|1040225938
26145|0x18849de1|14|1670728538
26145|0x18849de1|15|3501458583
26145|0x18849de1|16|6751911149
26145|0x18849de1|17|13525508416
26145|0x18849de1|18|26747503334
26145|0x18849de1|19|53367129572
26145|0x18849de1|20|107043707666
26145|0x818849de1|21|218706750637
26145|0x1818849de1|22|434730835545
26145|0x3818849de1|23|869197240818
26145|0x3818849de1|24|1736115389589
26261|0x34bd|1|182472
26261|0x34bd|2|395029
26261|0x234bd|3|933690
26261|0x634bd|4|2044706
26261|0x634bd|5|3907386
26261|0x634bd|6|8086154
26261|0x2634bd|7|16307066
26261|0x6634bd|8|32441082
26261|0xe634bd|9|65161594
26261|0x1e634bd|10|129961117
26261|0x1e634bd|11|260310767
26261|0x5e634bd|12|522201367
26261|0xde634bd|13|1045172563
26261|0x1de634bd|14|2100522554
26261|0x3de634bd|15|3413094079
26261|0x7de634bd|16|7291737924
26261|0x7de634bd|17|13866452166
26261|0x17de634bd|18|27472715229
26261|0x17de634bd|19|54214280114
26261|0x17de634bd|20|109570016605
26261|0x97de634bd|21|219102554883
26261|0x197de634bd|22|436649940840
26261|0x197de634bd|23|868761816076
26261|0x197de634bd|24|1737762567788
26373|0x4dcd|1|180444
26373|0x14dcd|2|395649
26373|0x14dcd|3|946052
26373|0x54dcd|4|2014406
26373|0xd4dcd|5|3883777
26373|0x1d4dcd|6|8085740
26373|0x3d4dcd|7|16233882
26373|0x3d4dcd|8|27166899
26373|0xbd4dcd|9|59762271
26373|0xbd4dcd|10|119355883
26373|0x2bd4dcd|11|253313276
26373|0x2bd4dcd|12|519131979
26373|0xabd4dcd|13|999730325
26373|0xabd4dcd|14|1851025401
26373|0x2abd4dcd|15|3348843874
26373|0x2abd4dcd|16|6841180210
26373|0x2abd4dcd|17|13717492309
26373|0x12abd4dcd|18|26973813085
26373|0x12abd4dcd|19|53561233848
26373|0x12abd4dcd|20|108375671696
26373|0x92abd4dcd|21|218956123413
26373|0x92abd4dcd|22|435263647901
26373|0x292abd4dcd|23|869714299403
26373|0x292abd4dcd|24|1735362374298
26479|0xd78f|1|204868
26479|0xd78f|2|449845
26479|0xd78f|3|954788
26479|0xd78f|4|1839246
26479|0x8d78f|5|4142460
26479|0x18d78f|6|8134889
26479|0x18d78f|7|16258071
26479|0x18d78f|8|32766159
26479|0x98d78f|9|52179604
26479|0x198d78f|10|121240458
26479|0x198d78f|11|242649301
26479|0x198d78f|12|523751726
26479|0x198d78f|13|1008079725
26479|0x1198d78f|14|1872756185
26479|0x3198d78f|15|3670694245
26479|0x3198d78f|16|6894064070
26479|0x3198d78f|17|15793475098
26479|0x3198d78f|18|26760956332
26479|0x23198d78f|19|54177769996
26479|0x23198d78f|20|109420318737
26479|0xa3198d78f|21|221588885224
26479|0xa3198d78f|22|436650035603
26479|0x2a3198d78f|23|870022909710
26479|0x6a3198d78f|24|1738360582357
26597|0x7ded|1|207969
26597|0x17ded|2|450872
26597|0x17ded|3|966173
26597|0x17ded|4|2003843
26597|0x17ded|5|4001449
26597|0x17ded|6|8234371
26597|0x17ded|7|16440135
26597|0x17ded|8|32785446
26597|0x17ded|9|65854656
26597|0x1017ded|10|131989486
26597|0x1017ded|11|262571660
26597|0x1017ded|12|534959105
26597|0x1017ded|13|1108345847
26597|0x1017ded|14|1953751833
26597|0x1017ded|15|3503914771
26597|0x1017ded|16|7195819762
26597|0x81017ded|17|13587035133
26597|0x181017ded|18|33496741136
26597|0x181017ded|19|55785073831
26597|0x181017ded|20|114811416003
26597|0x181017ded|21|218453200776
26597|0x181017ded|22|434045135476
26597|0x181017ded|23|869170763220
26597|0x4181017ded|24|1735508667392
27057|0x3f51|1|208899
27057|0x3f51|2|453383
27057|0x3f51|3|972237
27057|0x43f51|4|2054530
27057|0xc3f51|5|3991027
27057|0x1c3f51|6|8180637
27057|0x1c3f51|7|16441714
27057|0x1c3f51|8|32789218
27057|0x9c3f51|9|65752269
27057|0x9c3f51|10|131175471
27057|0x29c3f51|11|262571833
27057|0x69c3f51|12|497364441
27057|0xe9c3f51|13|849374156
27057|0x1e9c3f51|14|1902739115
27057|0x1e9c3f51|15|3377540260
27057|0x5e9c3f51|16|6905711384
27057|0xde9c3f51|17|13757369334
27057|0xde9c3f51|18|28063187087
27057|0xde9c3f51|19|54267111318
27057|0xde9c3f51|20|107613977232
27057|0x8de9c3f51|21|217983963323
27057|0x18de9c3f51|22|435621660804
27057|0x18de9c3f51|23|870132322163
27057|0x18de9c3f51|24|1736033881172
27171|0x958b|1|205619
27171|0x958b|2|399728
27171|0x958b|3|857149
27171|0x958b|4|2016758
27171|0x958b|5|4089855
27171|0x958b|6|8023273
27171|0x958b|7|16435940
27171|0x958b|8|33078897
27171|0x958b|9|54688305
27171|0x958b|10|130645969
27171|0x200958b|11|261387693
27171|0x600958b|12|521536779
27171|0x600958b|13|1052091333
27171|0x1600958b|14|1972542166
27171|0x1600958b|15|3904714494
27171|0x5600958b|16|7879090100
27171|0x5600958b|17|13624984084
27171|0x5600958b|18|27376576446
27171|0x5600958b|19|55404300233
27171|0x5600958b|20|110601511207
27171|0x85600958b|21|228281461098
27171|0x85600958b|22|435414126286
27171|0x85600958b|23|874844627168
27171|0x485600958b|24|1736849019842
27279|0x746f|1|182154
27279|0x1746f|2|399739
27279|0x3746f|3|882195
27279|0x7746f|4|2039556
27279|0x7746f|5|4066734
27279|0x7746f|6|8078886
27279|0x27746f|7|16404382
27279|0x67746f|8|32820951
27279|0x67746f|9|65834473
27279|0x67746f|10|131426509
27279|0x67746f|11|262621580
27279|0x67746f|12|524840480
27279|0x67746f|13|1050615302
27279|0x1067746f|14|1874966675
27279|0x1067746f|15|4199432012
27279|0x1067746f|16|6867612102
27279|0x1067746f|17|15549608315
27279|0x1067746f|18|27062340775
27279|0x1067746f|19|53009535907
27279|0x41067746f|20|108459759897
27279|0x41067746f|21|217569591577
27279|0x141067746f|22|432984548923
27279|0x141067746f|23|870669397159
27279|0x141067746f|24|1736546796240
27393|0x9501|1|209599
27393|0x9501|2|455051
27393|0x9501|3|976768
27393|0x9501|4|2059124
27393|0x89501|5|4017298
27393|0x189501|6|8235806
27393|0x389501|7|16457831
27393|0x389501|8|32761897
27393|0xb89501|9|65798041
27393|0x1b89501|10|131413349
27393|0x1b89501|11|262903700
27393|0x1b89501|12|526281411
27393|0x9b89501|13|961727601
27393|0x19b89501|14|1956608757
27393|0x19b89501|15|3486678252
27393|0x59b89501|16|7157300942
27393|0xd9b89501|17|13423686815
27393|0x1d9b89501|18|27687165751
27393|0x3d9b89501|19|53830757555
27393|0x7d9b89501|20|109377552092
27393|0xfd9b89501|21|218230002570
27393|0x1fd9b89501|22|433400696244
27393|0x3fd9b89501|23|870210217217
27393|0x7fd9b89501|24|1736956923653
27503|0x538f|1|207263
27503|0x1538f|2|470749
27503|0x1538f|3|978312
27503|0x1538f|4|2046945
27503|0x1538f|5|3957792
27503|0x1538f|6|8188852
27503|0x1538f|7|16306192
27503|0x1538f|8|32513468
27503|0x81538f|9|65128135
27503|0x81538f|10|130368208
27503|0x281538f|11|223233784
27503|0x681538f|12|520856292
27503|0x681538f|13|866123377
27503|0x681538f|14|1660682349
27503|0x2681538f|15|3800182597
27503|0x6681538f|16|6667769981
27503|0xe681538f|17|14478719882
27503|0xe681538f|18|27492497765
27503|0xe681538f|19|54360564172
27503|0x4e681538f|20|108339565565
27503|0xce681538f|21|217951466660
27503|0x1ce681538f|22|434727819669
27503|0x3ce681538f|23|868044944054
27503|0x7ce681538f|24|1733311539892
27613|0x4475|1|211271
27613|0x4475|2|410938
27613|0x4475|3|860402
27613|0x4475|4|2029720
27613|0x84475|5|4014961
27613|0x84475|6|7976059
27613|0x84475|7|16315458
27613|0x484475|8|32538780
27613|0x484475|9|65133822
27613|0x1484475|10|130176529
27613|0x1484475|11|261052772
27613|0x1484475|12|521646227
27613|0x1484475|13|1044623622
27613|0x11484475|14|1664486744
27613|0x31484475|15|3427642251
27613|0x71484475|16|7554339888
27613|0x71484475|17|14811881267
27613|0x171484475|18|33631983996
27613|0x171484475|19|60904916868
27613|0x171484475|20|113244878226
27613|0x971484475|21|217729325220
27613|0x971484475|22|433215811404
27613|0x971484475|23|868890273302
27613|0x971484475|24|1733438448555
28109|0x4705|1|568648
28109|0x4705|2|833440
28109|0x24705|3|942975
28109|0x24705|4|1909884
28109|0x24705|5|4140387
28109|0x124705|6|8024949
28109|0x324705|7|16235493
28109|0x324705|8|32585417
28109|0xb24705|9|64993590
28109|0x1b24705|10|130048235
28109|0x1b24705|11|260439683
28109|0x5b24705|12|520704941
28109|0xdb24705|13|1041405102
28109|0xdb24705|14|2032321794
28109|0x2db24705|15|3398598440
28109|0x2db24705|16|6826935308
28109|0xadb24705|17|13451663521
28109|0xadb24705|18|27495217646
28109|0xadb24705|19|54186590974
28109|0xadb24705|20|108078252065
28109|0xadb24705|21|222893298684
28109|0xadb24705|22|433209041367
28109|0xadb24705|23|873828999273
28109|0xadb24705|24|1735445085190
28217|0x2009|1|208636
28217|0x12009|2|459734
28217|0x12009|3|987993
28217|0x52009|4|2009254
28217|0xd2009|5|4012415
28217|0x1d2009|6|8070402
28217|0x1d2009|7|16450530
28217|0x5d2009|8|32547555
28217|0xdd2009|9|65360835
28217|0x1dd2009|10|128012228
28217|0x3dd2009|11|261081966
28217|0x3dd2009|12|522262652
28217|0x3dd2009|13|1044475641
28217|0x3dd2009|14|1921955876
28217|0x23dd2009|15|3749007873
28217|0x23dd2009|16|7505048510
28217|0x23dd2009|17|13784500431
28217|0x123dd2009|18|28294087592
28217|0x323dd2009|19|54117051762
28217|0x723dd2009|20|108573806663
28217|0x723dd2009|21|219399813193
28217|0x723dd2009|22|432813705509
28217|0x723dd2009|23|868000596318
28217|0x723dd2009|24|1731280545439
28327|0x5917|1|185958
28327|0x5917|2|440758
28327|0x25917|3|1004235
28327|0x25917|4|2074542
28327|0x25917|5|3986749
28327|0x125917|6|8040972
28327|0x125917|7|16448704
28327|0x525917|8|32555111
28327|0x525917|9|65061788
28327|0x525917|10|130187049
28327|0x525917|11|260338818
28327|0x525917|12|521334037
28327|0x8525917|13|1042415741
28327|0x18525917|14|2085458501
28327|0x18525917|15|3609421638
28327|0x58525917|16|7779709674
28327|0x58525917|17|13521263370
28327|0x158525917|18|26701811750
28327|0x158525917|19|54116790556
28327|0x558525917|20|107871947655
28327|0x558525917|21|217814120386
28327|0x1558525917|22|434409117907
28327|0x3558525917|23|868702081378
28327|0x7558525917|24|1735999155047
28439|0xb8a7|1|202738
28439|0x1b8a7|2|460936
28439|0x1b8a7|3|991313
28439|0x1b8a7|4|2099916
28439|0x9b8a7|5|3998601
28439|0x19b8a7|6|8096602
28439|0x39b8a7|7|16219477
28439|0x79b8a7|8|32617912
28439|0x79b8a7|9|65063272
28439|0x79b8a7|10|130421064
28439|0x279b8a7|11|260860842
28439|0x279b8a7|12|520441315
28439|0x279b8a7|13|1040719228
28439|0x279b8a7|14|1850014515
28439|0x279b8a7|15|3596312000
28439|0x279b8a7|16|7898111096
28439|0x279b8a7|17|14452004211
28439|0x10279b8a7|18|27468399777
28439|0x30279b8a7|19|54799294246
28439|0x30279b8a7|20|108176879414
28439|0xb0279b8a7|21|217491948129
28439|0x1b0279b8a7|22|432826526350
28439|0x1b0279b8a7|23|868919308965
28439|0x1b0279b8a7|24|1732542891273
28545|0xd081|1|211864
28545|0x1d081|2|461395
28545|0x3d081|3|1008316
28545|0x7d081|4|1936395
28545|0xfd081|5|4140605
28545|0xfd081|6|7967574
28545|0x2fd081|7|16277928
28545|0x2fd081|8|32611370
28545|0xafd081|9|65193855
28545|0xafd081|10|130395858
28545|0xafd081|11|260119789
28545|0x4afd081|12|521472166
28545|0xcafd081|13|955357720
28545|0xcafd081|14|1834252833
28545|0x2cafd081|15|3536507834
28545|0x6cafd081|16|6875857065
28545|0x6cafd081|17|13257227719
28545|0x16cafd081|18|26576201305
28545|0x16cafd081|19|60307524855
28545|0x16cafd081|20|108772841627
28545|0x96cafd081|21|218203123418
28545|0x96cafd081|22|432880901399
28545|0x296cafd081|23|867685746996
28545|0x296cafd081|24|1731818192008
28663|0x1c7|1|209330
28663|0x101c7|2|462133
28663|0x301c7|3|993798
28663|0x701c7|4|2004292
28663|0xf01c7|5|4059918
28663|0xf01c7|6|7986220
28663|0xf01c7|7|16274347
28663|0x4f01c7|8|32513143
28663|0x4f01c7|9|64903883
28663|0x4f01c7|10|129686356
28663|0x24f01c7|11|215862741
28663|0x64f01c7|12|519778339
28663|0xe4f01c7|13|1040063573
28663|0x1e4f01c7|14|2012633504
28663|0x1e4f01c7|15|3555425016
28663|0x1e4f01c7|16|6802183389
28663|0x9e4f01c7|17|13263613723
28663|0x19e4f01c7|18|26836031769
28663|0x19e4f01c7|19|53646414016
28663|0x59e4f01c7|20|107341712510
28663|0x59e4f01c7|21|218108575694
28663|0x159e4f01c7|22|432518589598
28663|0x159e4f01c7|23|867797519835
28663|0x159e4f01c7|24|1733025281359
29143|0x11e7|1|184773
29143|0x11e7|2|408441
29143|0x211e7|3|1017246
29143|0x611e7|4|2020047
29143|0x611e7|5|3907283
29143|0x611e7|6|8139128
29143|0x611e7|7|16272711
29143|0x611e7|8|32661111
29143|0x611e7|9|65501988
29143|0x10611e7|10|130904522
29143|0x30611e7|11|261975380
29143|0x30611e7|12|524285985
29143|0xb0611e7|13|865172561
29143|0x1b0611e7|14|1691688406
29143|0x3b0611e7|15|4178436238
29143|0x7b0611e7|16|6886219028
29143|0x7b0611e7|17|13398785963
29143|0x17b0611e7|18|26607887827
29143|0x17b0611e7|19|54039960154
29143|0x57b0611e7|20|107807193667
29143|0xd7b0611e7|21|217924092038
29143|0xd7b0611e7|22|433947838013
29143|0x2d7b0611e7|23|867655810256
29143|0x2d7b0611e7|24|1733211111044
29249|0x9dc1|1|213067
29249|0x9dc1|2|465083
29249|0x9dc1|3|1002035
29249|0x9dc1|4|2023655
29249|0x89dc1|5|4008615
29249|0x189dc1|6|8248727
29249|0x189dc1|7|16592163
29249|0x189dc1|8|33045204
29249|0x989dc1|9|66299442
29249|0x1989dc1|10|132599098
29249|0x3989dc1|11|265522100
29249|0x3989dc1|12|531155428
29249|0x3989dc1|13|1061518037
29249|0x3989dc1|14|1834138908
29249|0x23989dc1|15|3520736875
29249|0x23989dc1|16|6756876129
29249|0x23989dc1|17|13473093195
29249|0x123989dc1|18|26575335622
29249|0x123989dc1|19|55720803589
29249|0x523989dc1|20|109993430154
29249|0xd23989dc1|21|217025821877
29249|0x1d23989dc1|22|435318713308
29249|0x1d23989dc1|23|871209891647
29249|0x5d23989dc1|24|1732903738323
29365|0x6b9d|1|213190
29365|0x6b9d|2|465887
29365|0x6b9d|3|1003728
29365|0x6b9d|4|2055245
29365|0x86b9d|5|4021510
29365|0x86b9d|6|8300444
29365|0x286b9d|7|16618652
29365|0x286b9d|8|33063080
29365|0xa86b9d|9|66408316
29365|0x1a86b9d|10|133002845
29365|0x1a86b9d|11|266262854
29365|0x5a86b9d|12|534131871
29365|0x5a86b9d|13|886251231
29365|0x5a86b9d|14|2037643577
29365|0x5a86b9d|15|3463415676
29365|0x5a86b9d|16|6759882714
29365|0x5a86b9d|17|13865722117
29365|0x105a86b9d|18|27104008285
29365|0x305a86b9d|19|54327532607
29365|0x305a86b9d|20|108038960701
29365|0xb05a86b9d|21|221815751025
29365|0x1b05a86b9d|22|433463656936
29365|0x3b05a86b9d|23|867453980356
29365|0x7b05a86b9d|24|1730671816613
29473|0xd0e1|1|213317
29473|0xd0e1|2|472833
29473|0xd0e1|3|897492
29473|0xd0e1|4|1983286
29473|0xd0e1|5|4181505
29473|0x10d0e1|6|8279504
29473|0x10d0e1|7|16731909
29473|0x10d0e1|8|33198118
29473|0x10d0e1|9|66444767
29473|0x10d0e1|10|133408685
29473|0x10d0e1|11|266104475
29473|0x10d0e1|12|532781126
29473|0x10d0e1|13|1066182121
29473|0x1010d0e1|14|2132993713
29473|0x3010d0e1|15|3458723321
29473|0x7010d0e1|16|7002881189
29473|0x7010d0e1|17|13431500108
29473|0x7010d0e1|18|26917022275
29473|0x27010d0e1|19|53893928546
29473|0x27010d0e1|20|108118751574
29473|0xa7010d0e1|21|216466551413
29473|0x1a7010d0e1|22|432422955073
29473|0x1a7010d0e1|23|866798737430
29473|0x5a7010d0e1|24|1729937345035
29583|0x4b6f|1|213582
29583|0x14b6f|2|479355
29583|0x14b6f|3|1006716
29583|0x54b6f|4|2032732
29583|0xd4b6f|5|4012501
29583|0x1d4b6f|6|8290423
29583|0x1d4b6f|7|16616322
29583|0x5d4b6f|8|33146123
29583|0x5d4b6f|9|66423370
29583|0x15d4b6f|10|133214233
29583|0x15d4b6f|11|266686378
29583|0x55d4b6f|12|533355082
29583|0xd5d4b6f|13|1018427390
29583|0xd5d4b6f|14|1834317198
29583|0x2d5d4b6f|15|3464710317
29583|0x6d5d4b6f|16|7381694004
29583|0x6d5d4b6f|17|13498156554
29583|0x6d5d4b6f|18|26850614098
29583|0x26d5d4b6f|19|54155118000
29583|0x66d5d4b6f|20|107631796321
29583|0xe6d5d4b6f|21|216040499174
29583|0x1e6d5d4b6f|22|435291594155
29583|0x3e6d5d4b6f|23|871086578258
29583|0x3e6d5d4b6f|24|1731540134690
30055|0xd657|1|214809
30055|0xd657|2|469615
30055|0xd657|3|1013047
30055|0x4d657|4|2074001
30055|0xcd657|5|4030976
30055|0xcd657|6|8276741
30055|0x2cd657|7|16642435
30055|0x2cd657|8|33208625
30055|0x2cd657|9|66716217
30055|0x2cd657|10|133661556
30055|0x2cd657|11|266973960
30055|0x2cd657|12|533732061
30055|0x2cd657|13|888246809
30055|0x102cd657|14|1985479505
30055|0x102cd657|15|3809340097
30055|0x102cd657|16|8550857079
30055|0x102cd657|17|13629449744
30055|0x1102cd657|18|27764385318
30055|0x3102cd657|19|54880584044
30055|0x3102cd657|20|107090822837
30055|0x3102cd657|21|218937044027
30055|0x3102cd657|22|435680578794
30055|0x23102cd657|23|866695981036
30055|0x23102cd657|24|1733471199135
30167|0x4de7|1|214486
30167|0x4de7|2|491940
30167|0x4de7|3|1014740
30167|0x44de7|4|2050084
30167|0xc4de7|5|4053957
30167|0x1c4de7|6|8293809
30167|0x3c4de7|7|16639976
30167|0x7c4de7|8|33208164
30167|0x7c4de7|9|66631572
30167|0x7c4de7|10|133578235
30167|0x7c4de7|11|266927419
30167|0x7c4de7|12|507152037
30167|0x87c4de7|13|1069645236
30167|0x187c4de7|14|2015867100
30167|0x387c4de7|15|3457482955
30167|0x787c4de7|16|7742364833
30167|0x787c4de7|17|13857504305
30167|0x787c4de7|18|27410066720
30167|0x2787c4de7|19|54814847960
30167|0x6787c4de7|20|107818713746
30167|0x6787c4de7|21|216322273113
30167|0x6787c4de7|22|433813973133
30167|0x6787c4de7|23|866774638529
30167|0x6787c4de7|24|1728468412349
30281|0x5bf9|1|214950
30281|0x15bf9|2|470468
30281|0x15bf9|3|937304
30281|0x15bf9|4|1960513
30281|0x95bf9|5|4248109
30281|0x195bf9|6|8211044
30281|0x395bf9|7|16578521
30281|0x795bf9|8|33305034
30281|0x795bf9|9|66378540
30281|0x1795bf9|10|111063489
30281|0x1795bf9|11|266606772
30281|0x5795bf9|12|437037032
30281|0x5795bf9|13|1069939687
30281|0x5795bf9|14|2137826394
30281|0x5795bf9|15|3551383899
30281|0x5795bf9|16|6998302271
30281|0x85795bf9|17|13476980164
30281|0x85795bf9|18|27150501697
30281|0x85795bf9|19|54142569704
30281|0x485795bf9|20|108096699505
30281|0x485795bf9|21|215836942529
30281|0x1485795bf9|22|435673512918
30281|0x3485795bf9|23|865927689895
30281|0x3485795bf9|24|1727796659312
30397|0xb495|1|215113
30397|0xb495|2|471488
30397|0x2b495|3|1022450
30397|0x6b495|4|1852850
30397|0x6b495|5|4230451
30397|0x16b495|6|8270089
30397|0x16b495|7|16433723
30397|0x16b495|8|31848616
30397|0x16b495|9|60555858
30397|0x16b495|10|121369614
30397|0x16b495|11|243892688
30397|0x16b495|12|487536975
30397|0x816b495|13|954146383
30397|0x1816b495|14|1826770364
30397|0x1816b495|15|3742467233
30397|0x5816b495|16|7213326724
30397|0xd816b495|17|13496673335
30397|0xd816b495|18|27506995468
30397|0x2d816b495|19|54066285058
30397|0x6d816b495|20|107136466688
30397|0xed816b495|21|215555190301
30397|0x1ed816b495|22|433432571984
30397|0x3ed816b495|23|868532157036
30397|0x3ed816b495|24|1731008610038
30511|0x2fcf|1|215206
30511|0x2fcf|2|472188
30511|0x22fcf|3|1019344
30511|0x22fcf|4|1958345
30511|0x22fcf|5|4159644
30511|0x22fcf|6|8305035
30511|0x222fcf|7|16438603
30511|0x222fcf|8|33347032
30511|0xa22fcf|9|66384347
30511|0xa22fcf|10|133010280
30511|0x2a22fcf|11|266335234
30511|0x2a22fcf|12|532745912
30511|0x2a22fcf|13|855567067
30511|0x2a22fcf|14|2076439396
30511|0x22a22fcf|15|4281715743
30511|0x62a22fcf|16|7517274304
30511|0xe2a22fcf|17|14021634158
30511|0x1e2a22fcf|18|27457929617
30511|0x3e2a22fcf|19|54178871058
30511|0x3e2a22fcf|20|107993374894
30511|0x3e2a22fcf|21|215726870198
30511|0x13e2a22fcf|22|432022050180
30511|0x13e2a22fcf|23|865103176296
30511|0x13e2a22fcf|24|1730474869747
30627|0x740b|1|215290
30627|0x1740b|2|472905
30627|0x3740b|3|1021068
30627|0x7740b|4|2061967
30627|0x7740b|5|4118285
30627|0x17740b|6|8356379
30627|0x37740b|7|16685928
30627|0x77740b|8|33448643
30627|0x77740b|9|66933050
30627|0x177740b|10|133941583
30627|0x377740b|11|267091815
30627|0x777740b|12|502782045
30627|0xf77740b|13|1070433664
30627|0xf77740b|14|1786849503
30627|0x2f77740b|15|3458537328
30627|0x6f77740b|16|7336991886
30627|0xef77740b|17|14352134328
30627|0x1ef77740b|18|27321482961
30627|0x1ef77740b|19|57503085576
30627|0x5ef77740b|20|110560068706
30627|0xdef77740b|21|216972741798
30627|0x1def77740b|22|432349715778
30627|0x3def77740b|23|866286751123
30627|0x7def77740b|24|1729530384485
31081|0xa6d9|1|213724
31081|0x1a6d9|2|475203
31081|0x3a6d9|3|1043966
31081|0x7a6d9|4|2037297
31081|0x7a6d9|5|4062675
31081|0x7a6d9|6|8323683
31081|0x7a6d9|7|16732754
31081|0x7a6d9|8|33180241
31081|0x7a6d9|9|66679497
31081|0x107a6d9|10|133908827
31081|0x307a6d9|11|267933114
31081|0x707a6d9|12|535217142
31081|0x707a6d9|13|1072746509
31081|0x707a6d9|14|1962838435
31081|0x707a6d9|15|3500877607
31081|0x707a6d9|16|6782078769
31081|0x8707a6d9|17|13599043314
31081|0x8707a6d9|18|30392527411
31081|0x28707a6d9|19|56652054024
31081|0x68707a6d9|20|108623178657
31081|0x68707a6d9|21|215731384169
31081|0x68707a6d9|22|431805140249
31081|0x68707a6d9|23|866482974413
31081|0x68707a6d9|24|1736216859938
31201|0x8a21|1|216503
31201|0x18a21|2|475704
31201|0x18a21|3|1041988
31201|0x58a21|4|2077965
31201|0xd8a21|5|4040907
31201|0x1d8a21|6|8334823
31201|0x1d8a21|7|16790625
31201|0x5d8a21|8|33502912
31201|0xdd8a21|9|67030169
31201|0x1dd8a21|10|134073040
31201|0x3dd8a21|11|268162066
31201|0x7dd8a21|12|536664920
31201|0x7dd8a21|13|1054072851
31201|0x7dd8a21|14|2144024315
31201|0x27dd8a21|15|4278514201
31201|0x67dd8a21|16|7132192917
31201|0x67dd8a21|17|16668892456
31201|0x167dd8a21|18|27754778820
31201|0x167dd8a21|19|57832967394
31201|0x567dd8a21|20|121584814527
31201|0xd67dd8a21|21|220863394101
31201|0xd67dd8a21|22|433834490892
31201|0x2d67dd8a21|23|866283144482
31201|0x2d67dd8a21|24|1727174806744
31313|0xeb1|1|216419
31313|0x10eb1|2|476538
31313|0x30eb1|3|1030161
31313|0x30eb1|4|2114311
31313|0xb0eb1|5|4051463
31313|0xb0eb1|6|8342145
31313|0xb0eb1|7|16678944
31313|0xb0eb1|8|33497846
31313|0x8b0eb1|9|66977528
31313|0x18b0eb1|10|133959953
31313|0x38b0eb1|11|268005117
31313|0x78b0eb1|12|536582803
31313|0xf8b0eb1|13|1073034926
31313|0x1f8b0eb1|14|1778733014
31313|0x1f8b0eb1|15|3903216887
31313|0x5f8b0eb1|16|7768454333
31313|0xdf8b0eb1|17|13657466454
31313|0x1df8b0eb1|18|27875121103
31313|0x1df8b0eb1|19|58312572917
31313|0x1df8b0eb1|20|109437093365
31313|0x1df8b0eb1|21|216839696624
31313|0x1df8b0eb1|22|439548464717
31313|0x21df8b0eb1|23|865165075556
31313|0x61df8b0eb1|24|1731038208599
31425|0x1541|1|214384
31425|0x11541|2|477214
31425|0x31541|3|1046058
31425|0x71541|4|2026681
31425|0xf1541|5|4119700
31425|0xf1541|6|8351374
31425|0xf1541|7|16674144
31425|0xf1541|8|33447071
31425|0x8f1541|9|66968557
31425|0x8f1541|10|133851183
31425|0x8f1541|11|268217247
31425|0x48f1541|12|447731065
31425|0x48f1541|13|1073032471
31425|0x48f1541|14|2077144193
31425|0x248f1541|15|3557625344
31425|0x648f1541|16|7276116983
31425|0x648f1541|17|15200210224
31425|0x648f1541|18|27088560771
31425|0x648f1541|19|54117495013
31425|0x648f1541|20|108164039737
31425|0x8648f1541|21|218376390396
31425|0x8648f1541|22|435212903100
31425|0x8648f1541|23|865514407447
31425|0x48648f1541|24|1736118865775
31535|0xabcf|1|216818
31535|0xabcf|2|477562
31535|0xabcf|3|1056580
31535|0x4abcf|4|2087987
31535|0xcabcf|5|4052509
31535|0xcabcf|6|8378934
31535|0x2cabcf|7|16743724
31535|0x6cabcf|8|33583391
31535|0xecabcf|9|67334600
31535|0xecabcf|10|134450794
31535|0x2ecabcf|11|268073361
31535|0x2ecabcf|12|537124512
31535|0x2ecabcf|13|1073521543
31535|0x2ecabcf|14|1747618379
31535|0x2ecabcf|15|3380575146
31535|0x42ecabcf|16|7080372699
31535|0x42ecabcf|17|13594661572
31535|0x42ecabcf|18|27014172305
31535|0x42ecabcf|19|54227092854
31535|0x442ecabcf|20|109672332106
31535|0x442ecabcf|21|220072511509
31535|0x1442ecabcf|22|432824066230
31535|0x3442ecabcf|23|864543121457
31535|0x7442ecabcf|24|1729522035833
31645|0xe2b5|1|216552
31645|0xe2b5|2|478095
31645|0xe2b5|3|1034913
31645|0xe2b5|4|2116777
31645|0x8e2b5|5|4017453
31645|0x8e2b5|6|8330808
31645|0x28e2b5|7|16613039
31645|0x28e2b5|8|33263523
31645|0x28e2b5|9|66465167
31645|0x28e2b5|10|133301324
31645|0x228e2b5|11|266803626
31645|0x228e2b5|12|533565807
31645|0xa28e2b5|13|1070424039
31645|0xa28e2b5|14|2166941970
31645|0x2a28e2b5|15|4295995517
31645|0x2a28e2b5|16|8056520628
31645|0xaa28e2b5|17|14253266423
31645|0xaa28e2b5|18|28463600884
31645|0x2aa28e2b5|19|53954211220
31645|0x6aa28e2b5|20|108193575384
31645|0xeaa28e2b5|21|221405924598
31645|0xeaa28e2b5|22|438027256122
31645|0xeaa28e2b5|23|863781627162
31645|0x4eaa28e2b5|24|1727055889964
32101|0x6c6d|1|217844
32101|0x6c6d|2|480670
32101|0x6c6d|3|1039008
32101|0x46c6d|4|2115563
32101|0x46c6d|5|4049675
32101|0x146c6d|6|8315914
32101|0x146c6d|7|16732878
32101|0x146c6d|8|33290029
32101|0x146c6d|9|67071719
32101|0x1146c6d|10|133970768
32101|0x3146c6d|11|267962171
32101|0x3146c6d|12|485600388
32101|0x3146c6d|13|1072618703
32101|0x13146c6d|14|2142584269
32101|0x13146c6d|15|3720733807
32101|0x13146c6d|16|6743928359
32101|0x93146c6d|17|13800941451
32101|0x193146c6d|18|27177154965
32101|0x193146c6d|19|53883834750
32101|0x193146c6d|20|110486560500
32101|0x193146c6d|21|216412393386
32101|0x1193146c6d|22|433483863731
32101|0x1193146c6d|23|865343155741
32101|0x5193146c6d|24|1726872840901
32215|0xc5e7|1|191715
32215|0xc5e7|2|442562
32215|0xc5e7|3|1063458
32215|0xc5e7|4|2107120
32215|0x8c5e7|5|4117204
32215|0x8c5e7|6|8367675
32215|0x8c5e7|7|16851288
32215|0x8c5e7|8|33793601
32215|0x8c5e7|9|67219028
32215|0x8c5e7|10|134816948
32215|0x8c5e7|11|269354800
32215|0x8c5e7|12|538364087
32215|0x8c5e7|13|861616363
32215|0x1008c5e7|14|1772943294
32215|0x1008c5e7|15|3933461403
32215|0x5008c5e7|16|7452504609
32215|0xd008c5e7|17|16660504394
32215|0x1d008c5e7|18|27400047468
32215|0x3d008c5e7|19|55251818098
32215|0x3d008c5e7|20|108180054611
32215|0xbd008c5e7|21|215846161719
32215|0xbd008c5e7|22|433961497296
32215|0xbd008c5e7|23|864981600532
32215|0xbd008c5e7|24|1730094393672
32323|0x3e6b|1|216065
32323|0x13e6b|2|482152
32323|0x13e6b|3|1044073
32323|0x53e6b|4|2125727
32323|0xd3e6b|5|4156354
32323|0x1d3e6b|6|8469586
32323|0x3d3e6b|7|16739514
32323|0x7d3e6b|8|33598951
32323|0xfd3e6b|9|67201925
32323|0x1fd3e6b|10|129784324
32323|0x3fd3e6b|11|268666568
32323|0x3fd3e6b|12|538640510
32323|0x3fd3e6b|13|1077198987
32323|0x13fd3e6b|14|2153430125
32323|0x33fd3e6b|15|4307558635
32323|0x73fd3e6b|16|7078117436
32323|0x73fd3e6b|17|14108566999
32323|0x173fd3e6b|18|27928122181
32323|0x173fd3e6b|19|56892954162
32323|0x173fd3e6b|20|120017061539
32323|0x973fd3e6b|21|219019304768
32323|0x1973fd3e6b|22|431824419858
32323|0x1973fd3e6b|23|863724870030
32323|0x5973fd3e6b|24|1728365595179
32439|0xbf07|1|218103
32439|0xbf07|2|482609
32439|0x2bf07|3|1045277
32439|0x6bf07|4|2076108
32439|0xebf07|5|4162451
32439|0x1ebf07|6|8405723
32439|0x1ebf07|7|16775947
32439|0x1ebf07|8|33556588
32439|0x1ebf07|9|67312482
32439|0x1ebf07|10|134740623
32439|0x1ebf07|11|269666739
32439|0x1ebf07|12|538300542
32439|0x81ebf07|13|1077522113
32439|0x181ebf07|14|2150025041
32439|0x381ebf07|15|4304354181
32439|0x781ebf07|16|7425584174
32439|0x781ebf07|17|15971941775
32439|0x1781ebf07|18|26992353726
32439|0x1781ebf07|19|54157997360
32439|0x5781ebf07|20|108636273046
32439|0xd781ebf07|21|223982400344
32439|0xd781ebf07|22|441318675592
32439|0xd781ebf07|23|863231586083
32439|0x4d781ebf07|24|1725544724790
32551|0x97|1|212536
32551|0x10097|2|481034
32551|0x30097|3|1063538
32551|0x30097|4|2116767
32551|0x30097|5|4116009
32551|0x30097|6|8400937
32551|0x30097|7|16837390
32551|0x430097|8|33517199
32551|0xc30097|9|67349190
32551|0x1c30097|10|134896410
32551|0x3c30097|11|269167450
32551|0x3c30097|12|490625674
32551|0x3c30097|13|1077764690
32551|0x13c30097|14|2155578444
32551|0x13c30097|15|3666676275
32551|0x53c30097|16|7293570792
32551|0xd3c30097|17|14204970136
32551|0xd3c30097|18|26944107086
32551|0x2d3c30097|19|54049591197
32551|0x6d3c30097|20|110138316313
32551|0xed3c30097|21|218980605363
32551|0x1ed3c30097|22|434654710057
32551|0x1ed3c30097|23|867986970588
32551|0x5ed3c30097|24|1724796407134
32661|0xd3bd|1|218783
32661|0xd3bd|2|483583
32661|0x2d3bd|3|1048403
32661|0x2d3bd|4|2117382
32661|0x2d3bd|5|4153871
32661|0x12d3bd|6|8402346
32661|0x12d3bd|7|16837784
32661|0x12d3bd|8|33585194
32661|0x12d3bd|9|67223412
32661|0x12d3bd|10|134635725
32661|0x212d3bd|11|269533675
32661|0x612d3bd|12|538724461
32661|0x612d3bd|13|1019513496
32661|0x612d3bd|14|2155897452
32661|0x2612d3bd|15|3786417900
32661|0x2612d3bd|16|8623157586
32661|0xa612d3bd|17|14267451929
32661|0xa612d3bd|18|28169157327
32661|0xa612d3bd|19|54186632137
32661|0x4a612d3bd|20|108264813208
32661|0xca612d3bd|21|217417344457
32661|0xca612d3bd|22|432128207237
32661|0xca612d3bd|23|862277910028
32661|0x4ca612d3bd|24|1725672281402
32971|0x1e4e3|1|368378
32971|0x3e4e3|2|888464
32971|0x3e4e3|3|1903100
32971|0xbe4e3|4|3827171
32971|0xbe4e3|5|7890781
32971|0x2be4e3|6|15851624
32971|0x6be4e3|7|31805508
32971|0x6be4e3|8|63363709
32971|0x6be4e3|9|127251465
32971|0x6be4e3|10|254663214
32971|0x6be4e3|11|508877829
32971|0x86be4e3|12|1017791799
32971|0x86be4e3|13|1886735347
32971|0x286be4e3|14|3374198426
32971|0x286be4e3|15|7120368037
32971|0x286be4e3|16|13445226028
32971|0x286be4e3|17|26936524711
32971|0x2286be4e3|18|55590979044
32971|0x6286be4e3|19|111474162712
32971|0xe286be4e3|20|227856243581
32971|0x1e286be4e3|21|450029399605
32971|0x3e286be4e3|22|888741060920
32971|0x3e286be4e3|23|1775640831004
32971|0xbe286be4e3|24|3527162647440
33103|0x1f5af|1|324374
33103|0x1f5af|2|766216
33103|0x1f5af|3|1879598
33103|0x9f5af|4|3741516
33103|0x9f5af|5|7835011
33103|0x29f5af|6|15487062
33103|0x69f5af|7|30991286
33103|0xe9f5af|8|62040379
33103|0x1e9f5af|9|124377989
33103|0x1e9f5af|10|248596150
33103|0x5e9f5af|11|497306759
33103|0xde9f5af|12|994586492
33103|0x1de9f5af|13|1989773170
33103|0x3de9f5af|14|3483196049
33103|0x3de9f5af|15|6965046417
33103|0x3de9f5af|16|13464453786
33103|0x3de9f5af|17|29557122718
33103|0x23de9f5af|18|58354347009
33103|0x63de9f5af|19|111649916525
33103|0x63de9f5af|20|224475266491
33103|0x63de9f5af|21|452041020593
33103|0x263de9f5af|22|878585443906
33103|0x263de9f5af|23|1746314781739
33103|0x263de9f5af|24|3535455881091
33211|0x11b73|1|368800
33211|0x11b73|2|872035
33211|0x51b73|3|1917030
33211|0x51b73|4|3747242
33211|0x151b73|5|7614488
33211|0x151b73|6|15452075
33211|0x551b73|7|30950692
33211|0x551b73|8|62097027
33211|0x1551b73|9|124024242
33211|0x1551b73|10|248086211
33211|0x5551b73|11|497152454
33211|0xd551b73|12|912115320
33211|0xd551b73|13|1939096875
33211|0x2d551b73|14|3973645612
33211|0x2d551b73|15|7352097031
33211|0x2d551b73|16|13539642236
33211|0x12d551b73|17|33078749745
33211|0x12d551b73|18|65183168409
33211|0x52d551b73|19|110845762468
33211|0x52d551b73|20|221615435211
33211|0x52d551b73|21|442698553026
33211|0x252d551b73|22|877628721504
33211|0x252d551b73|23|1747794069346
33211|0x252d551b73|24|3523543616021
33319|0xcd97|1|365238
33319|0x2cd97|2|870328
33319|0x6cd97|3|1731748
33319|0x6cd97|4|3908339
33319|0x16cd97|5|7719985
33319|0x36cd97|6|15529779
33319|0x76cd97|7|31051818
33319|0xf6cd97|8|58929183
33319|0xf6cd97|9|124553185
33319|0x2f6cd97|10|248571059
33319|0x2f6cd97|11|497726097
33319|0xaf6cd97|12|994977896
33319|0xaf6cd97|13|1989677573
33319|0xaf6cd97|14|3980792919
33319|0xaf6cd97|15|7961315419
33319|0xaf6cd97|16|14430855941
33319|0x10af6cd97|17|30001593527
33319|0x30af6cd97|18|57869723641
33319|0x30af6cd97|19|110236244761
33319|0xb0af6cd97|20|224104965516
33319|0xb0af6cd97|21|440204905273
33319|0xb0af6cd97|22|877117890532
33319|0x4b0af6cd97|23|1745205616414
33319|0x4b0af6cd97|24|3518545122834
33449|0x14199|1|365800
33449|0x14199|2|843568
33449|0x54199|3|1756430
33449|0xd4199|4|3886460
33449|0x1d4199|5|7750990
33449|0x3d4199|6|15508361
33449|0x7d4199|7|31149750
33449|0x7d4199|8|62105188
33449|0x7d4199|9|124309540
33449|0x27d4199|10|218659833
33449|0x27d4199|11|497679033
33449|0x27d4199|12|995446376
33449|0x27d4199|13|1700167430
33449|0x27d4199|14|3928138937
33449|0x427d4199|15|6716521666
33449|0xc27d4199|16|13215859324
33449|0xc27d4199|17|27546346868
33449|0xc27d4199|18|54189482652
33449|0x4c27d4199|19|112255478558
33449|0xcc27d4199|20|223410486849
33449|0x1cc27d4199|21|442688463497
33449|0x1cc27d4199|22|877951842454
33449|0x5cc27d4199|23|1745224195729
33449|0x5cc27d4199|24|3525111031010
33543|0x17ab7|1|369486
33543|0x37ab7|2|813983
33543|0x77ab7|3|1776721
33543|0x77ab7|4|3837211
33543|0x77ab7|5|7811039
33543|0x77ab7|6|15536672
33543|0x77ab7|7|31062336
33543|0x77ab7|8|62054549
33543|0x77ab7|9|124418185
33543|0x77ab7|10|248635800
33543|0x4077ab7|11|497521601
33543|0x4077ab7|12|994689543
33543|0x14077ab7|13|1989680524
33543|0x34077ab7|14|3977717175
33543|0x74077ab7|15|7943669260
33543|0x74077ab7|16|15930653622
33543|0x174077ab7|17|32077979979
33543|0x374077ab7|18|54720671293
33543|0x374077ab7|19|110471042522
33543|0xb74077ab7|20|220817801201
33543|0x1b74077ab7|21|439977662238
33543|0x3b74077ab7|22|888081743568
33543|0x3b74077ab7|23|1746518466713
33543|0x3b74077ab7|24|3518977720853
33661|0x4dd5|1|369897
33661|0x24dd5|2|879157
33661|0x64dd5|3|1792307
33661|0xe4dd5|4|3931896
33661|0x1e4dd5|5|7621902
33661|0x3e4dd5|6|15512000
33661|0x7e4dd5|7|31126410
33661|0xfe4dd5|8|62309015
33661|0xfe4dd5|9|124263865
33661|0x2fe4dd5|10|248805895
33661|0x2fe4dd5|11|497879033
33661|0xafe4dd5|12|995663345
33661|0xafe4dd5|13|1865105071
33661|0xafe4dd5|14|3982735343
33661|0xafe4dd5|15|7021261853
33661|0x8afe4dd5|16|15932434998
33661|0x8afe4dd5|17|26989674577
33661|0x8afe4dd5|18|56613407845
33661|0x48afe4dd5|19|110144217803
33661|0xc8afe4dd5|20|219597460178
33661|0xc8afe4dd5|21|440740292325
33661|0xc8afe4dd5|22|881126883307
33661|0x4c8afe4dd5|23|1766153341921
33661|0xcc8afe4dd5|24|5094592593920
34011|0x1d753|1|580058
34011|0x3d753|2|1409682
34011|0x3d753|3|3072988
34011|0x3d753|4|6312559
34011|0x13d753|5|12668599
34011|0x13d753|6|25501325
34011|0x13d753|7|51176751
34011|0x13d753|8|102317614
34011|0x13d753|9|199604391
34011|0x13d753|10|409744066
34011|0x413d753|11|819624859
34011|0xc13d753|12|1480077498
34011|0x1c13d753|13|2873848459
34011|0x1c13d753|14|6556799736
34011|0x5c13d753|15|10775959268
34011|0x5c13d753|16|21721336171
34011|0x15c13d753|17|44588369029
34011|0x15c13d753|18|89880877542
34011|0x55c13d753|19|180074838716
34011|0x55c13d753|20|356769742316
34011|0x155c13d753|21|713356900055
34011|0x155c13d753|22|1426805232192
34011|0x555c13d753|23|2853706186968
34011|0xd55c13d753|24|5713080704439
34185|0x180b9|1|574922
34185|0x380b9|2|1408177
34185|0x380b9|3|3058832
34185|0x380b9|4|6346290
34185|0x380b9|5|12677039
34185|0x380b9|6|25589176
34185|0x4380b9|7|51096033
34185|0x4380b9|8|102381988
34185|0x4380b9|9|204761120
34185|0x24380b9|10|409801542
34185|0x24380b9|11|681133840
34185|0xa4380b9|12|1416129568
34185|0x1a4380b9|13|3196257849
34185|0x3a4380b9|14|5443888895
34185|0x7a4380b9|15|11017694526
34185|0xfa4380b9|16|21874659674
34185|0x1fa4380b9|17|44577386719
34185|0x1fa4380b9|18|89218837388
34185|0x5fa4380b9|19|178655875043
34185|0xdfa4380b9|20|356752419678
34185|0xdfa4380b9|21|713285876602
34185|0xdfa4380b9|22|1426388506771
34185|0xdfa4380b9|23|1880641929139
34185|0x8dfa4380b9|24|3514938221128
34323|0x341b|1|389995
34323|0x2341b|2|897569
34323|0x2341b|3|1793268
34323|0x2341b|4|3975419
34323|0x12341b|5|7456078
34323|0x32341b|6|15054638
34323|0x32341b|7|29948773
34323|0x32341b|8|60060354
34323|0x132341b|9|119540450
34323|0x332341b|10|240251895
34323|0x732341b|11|506171380
34323|0x732341b|12|1011789588
34323|0x1732341b|13|2025105483
34323|0x1732341b|14|3404079510
34323|0x1732341b|15|6916763488
34323|0x1732341b|16|13939184253
34323|0x1732341b|17|28175049361
34323|0x21732341b|18|55795028379
34323|0x61732341b|19|107541401011
34323|0xe1732341b|20|216988466005
34323|0x1e1732341b|21|435062014499
34323|0x3e1732341b|22|874304469674
34323|0x7e1732341b|23|1758827924722
34323|0xfe1732341b|24|3516589407019
34435|0x782b|1|369823
34435|0x782b|2|885425
34435|0x4782b|3|1950340
34435|0x4782b|4|3854207
34435|0x14782b|5|7903911
34435|0x34782b|6|15829711
34435|0x74782b|7|31589403
34435|0xf4782b|8|63230540
34435|0xf4782b|9|126530880
34435|0xf4782b|10|252541150
34435|0x4f4782b|11|505038666
34435|0x4f4782b|12|1014891335
34435|0x4f4782b|13|2030190442
34435|0x4f4782b|14|4057269366
34435|0x4f4782b|15|6676036984
34435|0x84f4782b|16|13502029018
34435|0x84f4782b|17|27108062256
34435|0x84f4782b|18|55992998566
34435|0x484f4782b|19|108866286688
34435|0xc84f4782b|20|215512415566
34435|0xc84f4782b|21|434575839350
34435|0xc84f4782b|22|874329066994
34435|0xc84f4782b|23|1759064367355
34435|0xc84f4782b|24|3507398185556
34545|0x1aa11|1|371751
34545|0x3aa11|2|886323
34545|0x3aa11|3|1774586
34545|0xbaa11|4|4044951
34545|0xbaa11|5|7908901
34545|0xbaa11|6|15724498
34545|0xbaa11|7|31764249
34545|0xbaa11|8|63332857
34545|0xbaa11|9|125956206
34545|0x20baa11|10|251897047
34545|0x20baa11|11|503642640
34545|0xa0baa11|12|1008261521
34545|0x1a0baa11|13|1999616100
34545|0x3a0baa11|14|3507196995
34545|0x7a0baa11|15|8042238507
34545|0x7a0baa11|16|13583859768
34545|0x17a0baa11|17|27328617695
34545|0x37a0baa11|18|54911529980
34545|0x37a0baa11|19|109230129403
34545|0xb7a0baa11|20|215676335488
34545|0x1b7a0baa11|21|438176425136
34545|0x1b7a0baa11|22|876438382170
34545|0x5b7a0baa11|23|1757046585317
34545|0x5b7a0baa11|24|3511524169904
34649|0x150e9|1|327127
34649|0x150e9|2|858010
34649|0x150e9|3|1955144
34649|0x150e9|4|3901657
34649|0x150e9|5|7824101
34649|0x2150e9|6|15815293
34649|0x6150e9|7|31708031
34649|0xe150e9|8|63444480
34649|0xe150e9|9|126566920
34649|0xe150e9|10|253179958
34649|0xe150e9|11|506864954
34649|0xe150e9|12|846132719
34649|0xe150e9|13|2034413545
34649|0x20e150e9|14|3742954293
34649|0x60e150e9|15|8099999823
34649|0xe0e150e9|16|13367409450
34649|0x1e0e150e9|17|27360423732
34649|0x3e0e150e9|18|54874248367
34649|0x3e0e150e9|19|108602276860
34649|0x3e0e150e9|20|215736725253
34649|0x13e0e150e9|21|437333949565
34649|0x13e0e150e9|22|875367096554
34649|0x13e0e150e9|23|1756676516266
34649|0x93e0e150e9|24|3510468507922
34767|0x11f2f|1|371829
34767|0x31f2f|2|888076
34767|0x31f2f|3|1840289
34767|0xb1f2f|4|3992416
34767|0x1b1f2f|5|7945223
34767|0x3b1f2f|6|15777786
34767|0x7b1f2f|7|31650534
34767|0x7b1f2f|8|63298717
34767|0x17b1f2f|9|126735297
34767|0x17b1f2f|10|246752466
34767|0x17b1f2f|11|507016902
34767|0x17b1f2f|12|1018227484
34767|0x17b1f2f|13|2036506689
34767|0x217b1f2f|14|4062816700
34767|0x217b1f2f|15|8117078571
34767|0x217b1f2f|16|13924835383
34767|0x1217b1f2f|17|30380859195
34767|0x3217b1f2f|18|57238701175
34767|0x3217b1f2f|19|108728467533
34767|0x3217b1f2f|20|215792339154
34767|0x13217b1f2f|21|438185731424
34767|0x33217b1f2f|22|875194627720
34767|0x33217b1f2f|23|1756834909430
34767|0x33217b1f2f|24|3509397550625
35087|0x145ef|1|369920
35087|0x145ef|2|888438
35087|0x145ef|3|1889333
35087|0x145ef|4|3884479
35087|0x145ef|5|7884170
35087|0x145ef|6|15899345
35087|0x145ef|7|31697712
35087|0x8145ef|8|63959837
35087|0x8145ef|9|127394366
35087|0x28145ef|10|255027045
35087|0x68145ef|11|430098881
35087|0x68145ef|12|1022329755
35087|0x168145ef|13|2047207077
35087|0x168145ef|14|3920978726
35087|0x168145ef|15|8144592087
35087|0x968145ef|16|14000451237
35087|0x968145ef|17|27890308779
35087|0x968145ef|18|56132420515
35087|0x4968145ef|19|108766388906
35087|0x4968145ef|20|215238627138
35087|0x14968145ef|21|436142153761
35087|0x14968145ef|22|874029723398
35087|0x54968145ef|23|1754976210103
35087|0xd4968145ef|24|3508552154676
35199|0x1367f|1|374885
35199|0x1367f|2|891842
35199|0x5367f|3|1835533
35199|0x5367f|4|3927771
35199|0x5367f|5|7888407
35199|0x5367f|6|15917175
35199|0x45367f|7|31799952
35199|0xc5367f|8|64096237
35199|0xc5367f|9|127775830
35199|0xc5367f|10|255680802
35199|0x4c5367f|11|511414423
35199|0xcc5367f|12|959056100
35199|0xcc5367f|13|2042041466
35199|0x2cc5367f|14|3912149835
35199|0x6cc5367f|15|8182145930
35199|0xecc5367f|16|13766615104
35199|0x1ecc5367f|17|27539123051
35199|0x3ecc5367f|18|55280218172
35199|0x3ecc5367f|19|109334505620
35199|0xbecc5367f|20|215157719876
35199|0xbecc5367f|21|435814890915
35199|0x2becc5367f|22|874702438605
35199|0x2becc5367f|23|1755761675426
35199|0xabecc5367f|24|3509225117682
35307|0x56c3|1|372867
35307|0x256c3|2|892686
35307|0x656c3|3|1969544
35307|0x656c3|4|3818473
35307|0x656c3|5|7945320
35307|0x656c3|6|15973403
35307|0x4656c3|7|31872132
35307|0x4656c3|8|63853170
35307|0x14656c3|9|127969055
35307|0x14656c3|10|256441820
35307|0x14656c3|11|514129193
35307|0x14656c3|12|1027668866
35307|0x114656c3|13|2047309129
35307|0x114656c3|14|4063593040
35307|0x114656c3|15|6957931844
35307|0x914656c3|16|14552884378
35307|0x914656c3|17|27197022813
35307|0x914656c3|18|56151088451
35307|0x4914656c3|19|109814072350
35307|0x4914656c3|20|217417813900
35307|0x14914656c3|21|435623073449
35307|0x34914656c3|22|875416715617
35307|0x34914656c3|23|1755297279996
35307|0x34914656c3|24|3508063110576
35419|0x195d3|1|373173
35419|0x195d3|2|915775
35419|0x595d3|3|1971572
35419|0x595d3|4|3785380
35419|0x595d3|5|7898893
35419|0x595d3|6|15920048
35419|0x4595d3|7|31593770
35419|0xc595d3|8|63552372
35419|0x1c595d3|9|127185664
35419|0x1c595d3|10|254154363
35419|0x5c595d3|11|508395114
35419|0x5c595d3|12|1017311631
35419|0x15c595d3|13|2028751865
35419|0x15c595d3|14|4052753479
35419|0x55c595d3|15|8194121255
35419|0x55c595d3|16|13949508502
35419|0x155c595d3|17|29291791249
35419|0x355c595d3|18|54885071710
35419|0x755c595d3|19|110005075438
35419|0xf55c595d3|20|215260940499
35419|0x1f55c595d3|21|435153863367
35419|0x3f55c595d3|22|874181098595
35419|0x7f55c595d3|23|1755550294462
35419|0xff55c595d3|24|3505310120159
35529|0x1af79|1|387081
35529|0x3af79|2|795575
35529|0x7af79|3|1830481
35529|0x7af79|4|3996158
35529|0x7af79|5|7763382
35529|0x27af79|6|15705737
35529|0x67af79|7|31583987
35529|0x67af79|8|62963726
35529|0x67af79|9|126414484
35529|0x267af79|10|252399057
35529|0x267af79|11|504904384
35529|0xa67af79|12|915798467
35529|0x1a67af79|13|1877667568
35529|0x3a67af79|14|3304153605
35529|0x7a67af79|15|6687830169
35529|0x7a67af79|16|13458269708
35529|0x7a67af79|17|26921604303
35529|0x7a67af79|18|56979316484
35529|0x47a67af79|19|110239141664
35529|0x47a67af79|20|223193107572
35529|0x47a67af79|21|438626148628
35529|0x47a67af79|22|875049699391
35529|0x47a67af79|23|1752906428734
35529|0x847a67af79|24|3506575062649
35645|0x2415|1|373454
35645|0x2415|2|908239
35645|0x2415|3|1903578
35645|0x2415|4|3832798
35645|0x2415|5|7868857
35645|0x202415|6|15610627
35645|0x602415|7|31445551
35645|0xe02415|8|62906980
35645|0x1e02415|9|103297050
35645|0x3e02415|10|251525519
35645|0x3e02415|11|503300691
35645|0x3e02415|12|1015612611
35645|0x3e02415|13|2030497028
35645|0x23e02415|14|4059984009
35645|0x63e02415|15|6718821794
35645|0xe3e02415|16|14699503205
35645|0x1e3e02415|17|31764086127
35645|0x3e3e02415|18|54940332524
35645|0x3e3e02415|19|112743805364
35645|0xbe3e02415|20|218834072807
35645|0x1be3e02415|21|438847414848
35645|0x3be3e02415|22|878490685601
35645|0x3be3e02415|23|1753369514230
35645|0x3be3e02415|24|3505483363974
35751|0x16c17|1|328552
35751|0x36c17|2|801073
35751|0x76c17|3|1979148
35751|0xf6c17|4|3870585
35751|0xf6c17|5|7771802
35751|0xf6c17|6|15810195
35751|0x4f6c17|7|31589752
35751|0xcf6c17|8|63017858
35751|0x1cf6c17|9|126443558
35751|0x3cf6c17|10|252317573
35751|0x7cf6c17|11|503451867
35751|0xfcf6c17|12|1009656155
35751|0x1fcf6c17|13|2022091506
35751|0x3fcf6c17|14|4043909539
35751|0x7fcf6c17|15|7632369483
35751|0x7fcf6c17|16|13318294740
35751|0x17fcf6c17|17|28983643715
35751|0x17fcf6c17|18|57920901651
35751|0x17fcf6c17|19|110845100976
35751|0x17fcf6c17|20|220240963618
35751|0x17fcf6c17|21|441641756539
35751|0x217fcf6c17|22|874183352336
35751|0x617fcf6c17|23|1751460561497
35751|0x617fcf6c17|24|3509419311270
