8973|0x63c5|1|74593
8973|0x63c5|2|169433
8973|0x163c5|3|345605
8973|0x363c5|4|756205
8973|0x363c5|5|1744701
8973|0x363c5|6|3612907
8973|0x1363c5|7|7228731
8973|0x3363c5|8|14426151
8973|0x7363c5|9|33306501
8973|0xf363c5|10|93340005
8973|0x1f363c5|11|191139143
8973|0x1f363c5|12|359149955
8973|0x1f363c5|13|780880680
8973|0x1f363c5|14|1300662305
8973|0x1f363c5|15|2612008310
8973|0x21f363c5|16|5073045209
8973|0x21f363c5|17|10521848267
8973|0x21f363c5|18|22281142215
8973|0x21f363c5|19|43199294774
8973|0x221f363c5|20|90476931688
8973|0x221f363c5|21|178750826661
8973|0x221f363c5|22|356991902523
8973|0x221f363c5|23|714634269379
8973|0x221f363c5|24|1424861843135
9195|0x6cc3|1|157203
9195|0xecc3|2|363841
9195|0xecc3|3|795171
9195|0xecc3|4|1615278
9195|0xecc3|5|3201919
9195|0x8ecc3|6|6437077
9195|0x18ecc3|7|12917117
9195|0x18ecc3|8|25774064
9195|0x58ecc3|9|51573627
9195|0x58ecc3|10|103079566
9195|0x58ecc3|11|206221519
9195|0x258ecc3|12|412249176
9195|0x258ecc3|13|730359617
9195|0x258ecc3|14|1651984626
9195|0x1258ecc3|15|3369249410
9195|0x1258ecc3|16|5533278139
9195|0x1258ecc3|17|10861855090
9195|0x1258ecc3|18|21746201137
9195|0x11258ecc3|19|45633159717
9195|0x31258ecc3|20|89778111490
9195|0x71258ecc3|21|178011598529
9195|0x71258ecc3|22|355888589475
9195|0x71258ecc3|23|713447174139
9195|0x71258ecc3|24|1424262329425
10135|0x4827|1|159169
10135|0xc827|2|376756
10135|0xc827|3|784518
10135|0xc827|4|1572117
10135|0x4c827|5|3215689
10135|0x4c827|6|6484622
10135|0x14c827|7|12946893
10135|0x14c827|8|25936110
10135|0x54c827|9|51843188
10135|0xd4c827|10|103657699
10135|0xd4c827|11|207416346
10135|0xd4c827|12|414910793
10135|0xd4c827|13|829553139
10135|0x8d4c827|14|1659184880
10135|0x8d4c827|15|2819044642
10135|0x28d4c827|16|5418010725
10135|0x28d4c827|17|11228123392
10135|0xa8d4c827|18|21971966982
10135|0xa8d4c827|19|46254896486
10135|0xa8d4c827|20|88964653163
10135|0x4a8d4c827|21|177711067790
10135|0xca8d4c827|22|354599411554
10135|0x1ca8d4c827|23|709977955486
10135|0x3ca8d4c827|24|1418803843787
11017|0x5339|1|188581
11017|0xd339|2|341207
11017|0xd339|3|763653
11017|0x2d339|4|1577749
11017|0x6d339|5|3238696
11017|0xed339|6|6507254
11017|0xed339|7|13047497
11017|0xed339|8|26094291
11017|0xed339|9|52152886
11017|0xed339|10|104301899
11017|0xed339|11|208602960
11017|0x20ed339|12|417271008
11017|0x20ed339|13|834832400
11017|0x20ed339|14|1430769578
11017|0x120ed339|15|2791966665
11017|0x320ed339|16|5391390149
11017|0x720ed339|17|10857340233
11017|0xf20ed339|18|21576423992
11017|0x1f20ed339|19|44806808164
11017|0x3f20ed339|20|88984151251
11017|0x7f20ed339|21|177029525502
11017|0x7f20ed339|22|354259482386
11017|0x17f20ed339|23|707563438868
11017|0x17f20ed339|24|1413019253081
11217|0xd31|1|178518
11217|0xd31|2|343081
11217|0xd31|3|768465
11217|0x20d31|4|1590588
11217|0x60d31|5|3247095
11217|0xe0d31|6|6516877
11217|0x1e0d31|7|13088684
11217|0x1e0d31|8|26055790
11217|0x5e0d31|9|52336601
11217|0x5e0d31|10|104481785
11217|0x15e0d31|11|208944262
11217|0x35e0d31|12|376532586
11217|0x75e0d31|13|835958348
11217|0x75e0d31|14|1672227686
11217|0x175e0d31|15|2695590262
11217|0x375e0d31|16|5507191345
11217|0x375e0d31|17|11410747438
11217|0x375e0d31|18|21578432759
11217|0x375e0d31|19|43884666318
11217|0x2375e0d31|20|88178633790
11217|0x6375e0d31|21|177526458278
11217|0x6375e0d31|22|353316371286
11217|0x6375e0d31|23|707554559888
11217|0x26375e0d31|24|1412433461527
12193|0x7461|1|164756
12193|0x7461|2|347725
12193|0x17461|3|793353
12193|0x17461|4|1589885
12193|0x17461|5|3268669
12193|0x97461|6|6538442
12193|0x197461|7|13102870
12193|0x397461|8|26298898
12193|0x397461|9|52607230
12193|0xb97461|10|105129807
12193|0x1b97461|11|210332174
12193|0x3b97461|12|378575879
12193|0x7b97461|13|841646695
12193|0xfb97461|14|1466198688
12193|0x1fb97461|15|2863846303
12193|0x1fb97461|16|5403094357
12193|0x1fb97461|17|11152723707
12193|0x1fb97461|18|21771597424
12193|0x11fb97461|19|44085227895
12193|0x11fb97461|20|88824584981
12193|0x11fb97461|21|175795071906
12193|0x91fb97461|22|352178456870
12193|0x191fb97461|23|703369092779
12193|0x391fb97461|24|1409563382098
13067|0xa3|1|163372
13067|0x80a3|2|354120
13067|0x80a3|3|836762
13067|0x280a3|4|1638811
13067|0x680a3|5|3308271
13067|0xe80a3|6|6605128
13067|0xe80a3|7|13239611
13067|0xe80a3|8|26479945
13067|0x4e80a3|9|52932982
13067|0x4e80a3|10|105788205
13067|0x14e80a3|11|211617318
13067|0x34e80a3|12|423360087
13067|0x34e80a3|13|788783448
13067|0xb4e80a3|14|1424353928
13067|0xb4e80a3|15|2752998425
13067|0x2b4e80a3|16|5585943888
13067|0x2b4e80a3|17|10913839249
13067|0xab4e80a3|18|21713696992
13067|0xab4e80a3|19|44700777133
13067|0xab4e80a3|20|88771344711
13067|0xab4e80a3|21|174456306682
13067|0x8ab4e80a3|22|352561407004
13067|0x8ab4e80a3|23|700362212641
13067|0x8ab4e80a3|24|1401142542358
13269|0x6d7d|1|207553
13269|0x6d7d|2|621698
13269|0x16d7d|3|764351
13269|0x16d7d|4|1592069
13269|0x16d7d|5|3292688
13269|0x16d7d|6|6613111
13269|0x16d7d|7|13240054
13269|0x16d7d|8|26549771
13269|0x16d7d|9|53011747
13269|0x16d7d|10|105951723
13269|0x16d7d|11|211950359
13269|0x2016d7d|12|423845732
13269|0x6016d7d|13|847816597
13269|0xe016d7d|14|1696227928
13269|0x1e016d7d|15|2773425606
13269|0x1e016d7d|16|5490990145
13269|0x5e016d7d|17|10887670112
13269|0xde016d7d|18|21640393424
13269|0x1de016d7d|19|44307888830
13269|0x1de016d7d|20|87386995008
13269|0x1de016d7d|21|174335321568
13269|0x9de016d7d|22|350429863233
13269|0x19de016d7d|23|699772166593
13269|0x19de016d7d|24|1399724449955
14123|0x4f83|1|173947
14123|0xcf83|2|367677
14123|0xcf83|3|782608
14123|0xcf83|4|1661869
14123|0xcf83|5|3276748
14123|0x8cf83|6|6653732
14123|0x18cf83|7|13324320
14123|0x18cf83|8|26662071
14123|0x58cf83|9|53296823
14123|0xd8cf83|10|106664809
14123|0x1d8cf83|11|213238670
14123|0x1d8cf83|12|426471341
14123|0x5d8cf83|13|680309064
14123|0x5d8cf83|14|1468359308
14123|0x15d8cf83|15|2809309250
14123|0x15d8cf83|16|5390659983
14123|0x55d8cf83|17|10803499784
14123|0x55d8cf83|18|21924940326
14123|0x55d8cf83|19|47307726309
14123|0x55d8cf83|20|88593596046
14123|0x55d8cf83|21|173592305505
14123|0x55d8cf83|22|348464143858
14123|0x55d8cf83|23|699246052538
14123|0x55d8cf83|24|1393784336071
14325|0x7c5d|1|170470
14325|0x7c5d|2|371323
14325|0x17c5d|3|816640
14325|0x17c5d|4|1643696
14325|0x57c5d|5|3330995
14325|0xd7c5d|6|6652264
14325|0xd7c5d|7|13326084
14325|0x2d7c5d|8|26704310
14325|0x6d7c5d|9|53327053
14325|0xed7c5d|10|106738087
14325|0x1ed7c5d|11|213554346
14325|0x3ed7c5d|12|427068441
14325|0x3ed7c5d|13|854261345
14325|0xbed7c5d|14|1708380305
14325|0x1bed7c5d|15|2740377133
14325|0x1bed7c5d|16|5435285979
14325|0x5bed7c5d|17|10809798176
14325|0x5bed7c5d|18|26855898800
14325|0x5bed7c5d|19|43206191328
14325|0x5bed7c5d|20|87804345986
14325|0x5bed7c5d|21|175191034654
14325|0x85bed7c5d|22|350999597295
14325|0x85bed7c5d|23|696590985161
14325|0x85bed7c5d|24|1392705642583
15195|0x7cd3|1|176469
15195|0x7cd3|2|377291
15195|0x17cd3|3|837102
15195|0x17cd3|4|1620863
15195|0x57cd3|5|3345774
15195|0xd7cd3|6|6685760
15195|0x1d7cd3|7|13430331
15195|0x1d7cd3|8|26898683
15195|0x5d7cd3|9|53752798
15195|0x5d7cd3|10|107463576
15195|0x15d7cd3|11|201705731
15195|0x15d7cd3|12|429564242
15195|0x15d7cd3|13|859126247
15195|0x95d7cd3|14|1386763013
15195|0x95d7cd3|15|3437701929
15195|0x295d7cd3|16|5660348296
15195|0x695d7cd3|17|11104850332
15195|0x695d7cd3|18|21799757370
15195|0x695d7cd3|19|44814464646
15195|0x2695d7cd3|20|90374459494
15195|0x6695d7cd3|21|173680533488
15195|0x6695d7cd3|22|347110328520
15195|0x16695d7cd3|23|694381270209
15195|0x16695d7cd3|24|1387657031940
15345|0x5511|1|177200
15345|0x5511|2|375384
15345|0x15511|3|808652
15345|0x15511|4|1625954
15345|0x55511|5|3349986
15345|0x55511|6|6722473
15345|0x55511|7|13415006
15345|0x255511|8|26905186
15345|0x655511|9|53756344
15345|0x655511|10|107473194
15345|0x655511|11|214999694
15345|0x2655511|12|430038939
15345|0x6655511|13|860186436
15345|0x6655511|14|1720486002
15345|0x6655511|15|2718012200
15345|0x26655511|16|5519178572
15345|0x26655511|17|10782584013
15345|0xa6655511|18|21661219372
15345|0xa6655511|19|44999086985
15345|0x2a6655511|20|87182778703
15345|0x2a6655511|21|173542576535
15345|0xaa6655511|22|347056903875
15345|0xaa6655511|23|693251468685
15345|0x2aa6655511|24|1386593995776
16177|0x39d1|1|176209
16177|0xb9d1|2|385211
16177|0xb9d1|3|826482
16177|0x2b9d1|4|1666246
16177|0x2b9d1|5|3361745
16177|0x2b9d1|6|6737969
16177|0x2b9d1|7|13454709
16177|0x2b9d1|8|27038719
16177|0x42b9d1|9|54060632
16177|0xc2b9d1|10|108054377
16177|0x1c2b9d1|11|216243840
16177|0x3c2b9d1|12|432432204
16177|0x7c2b9d1|13|865260612
16177|0xfc2b9d1|14|1471399472
16177|0x1fc2b9d1|15|2771426485
16177|0x1fc2b9d1|16|5603372931
16177|0x1fc2b9d1|17|11103671655
16177|0x1fc2b9d1|18|21597939737
16177|0x11fc2b9d1|19|43134471944
16177|0x11fc2b9d1|20|86683404877
16177|0x11fc2b9d1|21|173298906447
16177|0x91fc2b9d1|22|345753893260
16177|0x191fc2b9d1|23|692088901298
16177|0x391fc2b9d1|24|1383624789849
16321|0x5041|1|175993
16321|0xd041|2|385842
16321|0x1d041|3|854926
16321|0x3d041|4|1667799
16321|0x3d041|5|3373509
16321|0x3d041|6|6762745
16321|0x3d041|7|13534168
16321|0x23d041|8|27026298
16321|0x63d041|9|54028685
16321|0xe3d041|10|108112861
16321|0xe3d041|11|216358545
16321|0xe3d041|12|432698587
16321|0x4e3d041|13|760587709
16321|0x4e3d041|14|1393468991
16321|0x4e3d041|15|2842694455
16321|0x4e3d041|16|5476674029
16321|0x44e3d041|17|10973562626
16321|0x44e3d041|18|26393728405
16321|0x44e3d041|19|44213077603
16321|0x44e3d041|20|88352760460
16321|0x44e3d041|21|174297396844
16321|0x844e3d041|22|345519766015
16321|0x1844e3d041|23|693828379089
16321|0x1844e3d041|24|1381959284971
16867|0xbcb|1|381375
16867|0x10bcb|2|698117
16867|0x10bcb|3|1526436
16867|0x50bcb|4|3163971
16867|0xd0bcb|5|6418181
16867|0x1d0bcb|6|12796646
16867|0x1d0bcb|7|25614187
16867|0x5d0bcb|8|51164810
16867|0xdd0bcb|9|102366224
16867|0xdd0bcb|10|204768830
16867|0xdd0bcb|11|364879242
16867|0x4dd0bcb|12|819274362
16867|0x4dd0bcb|13|1396750705
16867|0x14dd0bcb|14|3020961878
16867|0x34dd0bcb|15|5427757659
16867|0x34dd0bcb|16|10907494559
16867|0x34dd0bcb|17|21562203344
16867|0x134dd0bcb|18|45446605372
16867|0x334dd0bcb|19|89516761141
16867|0x734dd0bcb|20|179551348305
16867|0x734dd0bcb|21|357001880361
16867|0x1734dd0bcb|22|714894863453
16867|0x1734dd0bcb|23|1427635252715
16867|0x1734dd0bcb|24|2855740426250
17033|0xd3b9|1|299522
17033|0x1d3b9|2|724903
17033|0x1d3b9|3|1534623
17033|0x1d3b9|4|3178117
17033|0x1d3b9|5|6332841
17033|0x11d3b9|6|12793951
17033|0x31d3b9|7|25612728
17033|0x71d3b9|8|51297036
17033|0xf1d3b9|9|102452267
17033|0xf1d3b9|10|204859870
17033|0x2f1d3b9|11|409693509
17033|0x6f1d3b9|12|819475498
17033|0x6f1d3b9|13|1639692024
17033|0x16f1d3b9|14|3279112517
17033|0x36f1d3b9|15|5710240207
17033|0x76f1d3b9|16|10805791291
17033|0x76f1d3b9|17|26234506833
17033|0x76f1d3b9|18|43150096997
17033|0x276f1d3b9|19|90859705047
17033|0x676f1d3b9|20|179147153089
17033|0x676f1d3b9|21|358578050332
17033|0x676f1d3b9|22|713879030372
17033|0x2676f1d3b9|23|1428273476470
17033|0x6676f1d3b9|24|2853986852624
17211|0x9df3|1|296476
17211|0x19df3|2|701746
17211|0x39df3|3|1561998
17211|0x79df3|4|3163802
17211|0xf9df3|5|6392952
17211|0x1f9df3|6|12734275
17211|0x3f9df3|7|25601743
17211|0x3f9df3|8|51231903
17211|0x3f9df3|9|102508840
17211|0x13f9df3|10|205003359
17211|0x13f9df3|11|410081704
17211|0x13f9df3|12|820170292
17211|0x13f9df3|13|1640465153
17211|0x113f9df3|14|2706943388
17211|0x313f9df3|15|5687164209
17211|0x313f9df3|16|11281608909
17211|0x313f9df3|17|22018846677
17211|0x1313f9df3|18|45556537472
17211|0x3313f9df3|19|91124495052
17211|0x3313f9df3|20|178794142728
17211|0x3313f9df3|21|356980158838
17211|0x3313f9df3|22|713377271347
17211|0x23313f9df3|23|1426999337535
17211|0x23313f9df3|24|2854093092680
17803|0x3a23|1|301202
17803|0x13a23|2|709643
17803|0x33a23|3|1591689
17803|0x73a23|4|3130792
17803|0xf3a23|5|6397324
17803|0x1f3a23|6|12776658
17803|0x3f3a23|7|25642031
17803|0x3f3a23|8|45898708
17803|0x3f3a23|9|102656855
17803|0x13f3a23|10|205508795
17803|0x13f3a23|11|410837834
17803|0x13f3a23|12|788672799
17803|0x93f3a23|13|1426162337
17803|0x193f3a23|14|2704596992
17803|0x193f3a23|15|5456554320
17803|0x593f3a23|16|10831704557
17803|0xd93f3a23|17|21580210285
17803|0xd93f3a23|18|52602394041
17803|0xd93f3a23|19|90059524391
17803|0x4d93f3a23|20|182630940357
17803|0x4d93f3a23|21|360609952217
17803|0x14d93f3a23|22|722682040486
17803|0x34d93f3a23|23|1445596777779
17803|0x74d93f3a23|24|2849644344454
17977|0xc809|1|332974
17977|0x1c809|2|712699
17977|0x1c809|3|1564782
17977|0x1c809|4|3166201
17977|0x9c809|5|6432097
17977|0x9c809|6|12827952
17977|0x29c809|7|25644863
17977|0x29c809|8|51385419
17977|0x29c809|9|102718776
17977|0x29c809|10|205522494
17977|0x229c809|11|350308965
17977|0x229c809|12|822078586
17977|0xa29c809|13|1531827108
17977|0x1a29c809|14|2868310313
17977|0x1a29c809|15|5503059705
17977|0x5a29c809|16|10868471905
17977|0xda29c809|17|21595788194
17977|0xda29c809|18|45806660855
17977|0xda29c809|19|88800944357
17977|0xda29c809|20|177093866801
17977|0x8da29c809|21|360099548250
17977|0x8da29c809|22|713699566177
17977|0x28da29c809|23|904857896751
17977|0x68da29c809|24|2812809872277
18139|0x4553|1|303113
18139|0x4553|2|713785
18139|0x4553|3|1593222
18139|0x4553|4|3174352
18139|0x4553|5|6348980
18139|0x104553|6|12801948
18139|0x304553|7|25707542
18139|0x704553|8|51445805
18139|0x704553|9|102760474
18139|0x1704553|10|205600911
18139|0x3704553|11|411267301
18139|0x7704553|12|822673331
18139|0x7704553|13|1605701944
18139|0x17704553|14|3291941288
18139|0x17704553|15|5777087634
18139|0x57704553|16|10893777347
18139|0xd7704553|17|21873272334
18139|0x1d7704553|18|44394422856
18139|0x1d7704553|19|88759598665
18139|0x5d7704553|20|177874648974
18139|0xdd7704553|21|355818843625
18139|0xdd7704553|22|713605355427
18139|0xdd7704553|23|1424591509630
18139|0x4dd7704553|24|2847868369587
18311|0xce37|1|303434
18311|0xce37|2|712448
18311|0x2ce37|3|1608754
18311|0x6ce37|4|3233464
18311|0xece37|5|6365349
18311|0xece37|6|12831448
18311|0xece37|7|25687237
18311|0xece37|8|51468832
18311|0xece37|9|102864640
18311|0x10ece37|10|205819068
18311|0x30ece37|11|412153879
18311|0x30ece37|12|823102384
18311|0xb0ece37|13|1646381896
18311|0x1b0ece37|14|2969652704
18311|0x3b0ece37|15|5903685897
18311|0x7b0ece37|16|10899381392
18311|0x7b0ece37|17|21549362561
18311|0x7b0ece37|18|44200490434
18311|0x27b0ece37|19|89730060561
18311|0x27b0ece37|20|178418663722
18311|0x27b0ece37|21|355660599432
18311|0x127b0ece37|22|728128745999
18311|0x327b0ece37|23|1435942081684
18311|0x727b0ece37|24|2846556851327
18867|0x8d7b|1|307934
18867|0x18d7b|2|753855
18867|0x38d7b|3|1514048
18867|0x78d7b|4|3181892
18867|0x78d7b|5|6365947
18867|0x78d7b|6|12827433
18867|0x278d7b|7|25739661
18867|0x278d7b|8|51539288
18867|0x278d7b|9|103070138
18867|0x1278d7b|10|206204771
18867|0x3278d7b|11|412475413
18867|0x7278d7b|12|825052006
18867|0xf278d7b|13|1532104315
18867|0xf278d7b|14|3299242152
18867|0x2f278d7b|15|5515998057
18867|0x6f278d7b|16|10784585039
18867|0x6f278d7b|17|21709112198
18867|0x6f278d7b|18|43112134635
18867|0x6f278d7b|19|91952757873
18867|0x6f278d7b|20|175807716777
18867|0x6f278d7b|21|358108133066
18867|0x6f278d7b|22|712398249609
18867|0x6f278d7b|23|1424371832792
18867|0x6f278d7b|24|2845954541857
19055|0x548f|1|301625
19055|0x548f|2|722068
19055|0x2548f|3|1542310
19055|0x6548f|4|3168388
19055|0x6548f|5|6404185
19055|0x16548f|6|12902281
19055|0x36548f|7|25795119
19055|0x36548f|8|51607972
19055|0x36548f|9|103151472
19055|0x36548f|10|206311236
19055|0x36548f|11|412679940
19055|0x436548f|12|825731831
19055|0xc36548f|13|1438454954
19055|0xc36548f|14|2883991800
19055|0xc36548f|15|5790600158
19055|0xc36548f|16|11168836976
19055|0xc36548f|17|21936696293
19055|0x10c36548f|18|45501803545
19055|0x10c36548f|19|89212644866
19055|0x50c36548f|20|178064481448
19055|0xd0c36548f|21|356203025357
19055|0x1d0c36548f|22|713592313116
19055|0x3d0c36548f|23|1424677969606
19055|0x3d0c36548f|24|2843126465380
19233|0xf8e1|1|305214
19233|0xf8e1|2|727843
19233|0x2f8e1|3|1547964
19233|0x6f8e1|4|3175170
19233|0x6f8e1|5|6419243
19233|0x16f8e1|6|12859019
19233|0x36f8e1|7|25834859
19233|0x36f8e1|8|51614603
19233|0x36f8e1|9|103191120
19233|0x36f8e1|10|206392999
19233|0x236f8e1|11|413100194
19233|0x636f8e1|12|825808820
19233|0xe36f8e1|13|1651544318
19233|0x1e36f8e1|14|2803431450
19233|0x1e36f8e1|15|5467836928
19233|0x1e36f8e1|16|13216418364
19233|0x1e36f8e1|17|21801950644
19233|0x1e36f8e1|18|43410908476
19233|0x21e36f8e1|19|89408010442
19233|0x21e36f8e1|20|176869863237
19233|0x21e36f8e1|21|354969788306
19233|0x21e36f8e1|22|711324124355
19233|0x221e36f8e1|23|1421126971297
19233|0x621e36f8e1|24|2840664148976
19411|0x445b|1|305959
19411|0x1445b|2|728686
19411|0x3445b|3|1530364
19411|0x3445b|4|3189860
19411|0xb445b|5|6452297
19411|0x1b445b|6|12918278
19411|0x1b445b|7|25851940
19411|0x1b445b|8|51681646
19411|0x9b445b|9|103323869
19411|0x19b445b|10|206606256
19411|0x19b445b|11|413188157
19411|0x19b445b|12|826877467
19411|0x19b445b|13|1653051195
19411|0x119b445b|14|3306328085
19411|0x119b445b|15|5389677817
19411|0x119b445b|16|10838751899
19411|0x119b445b|17|26449575092
19411|0x1119b445b|18|45567393504
19411|0x3119b445b|19|90233177130
19411|0x3119b445b|20|177618082366
19411|0x3119b445b|21|354850340468
19411|0x13119b445b|22|712222705043
19411|0x33119b445b|23|1420728404758
19411|0x73119b445b|24|2839448926754
19979|0x4da3|1|307884
19979|0x14da3|2|654248
19979|0x34da3|3|1520714
19979|0x74da3|4|3237786
19979|0xf4da3|5|6465338
19979|0x1f4da3|6|12903058
19979|0x1f4da3|7|25829937
19979|0x1f4da3|8|51755646
19979|0x1f4da3|9|103465637
19979|0x11f4da3|10|206979782
19979|0x31f4da3|11|414029920
19979|0x71f4da3|12|828077870
19979|0xf1f4da3|13|1480738778
19979|0x1f1f4da3|14|3313008109
19979|0x3f1f4da3|15|5462450815
19979|0x7f1f4da3|16|10837085007
19979|0x7f1f4da3|17|21865034077
19979|0x17f1f4da3|18|43675147927
19979|0x17f1f4da3|19|89188943787
19979|0x57f1f4da3|20|177600980253
19979|0xd7f1f4da3|21|356443702161
19979|0x1d7f1f4da3|22|713203678478
19979|0x1d7f1f4da3|23|1418394825708
19979|0x1d7f1f4da3|24|2838000777993
20165|0xd|1|299073
20165|0xd|2|734199
20165|0xd|3|1577559
20165|0x4000d|4|3152422
20165|0xc000d|5|6398812
20165|0xc000d|6|12987893
20165|0xc000d|7|25877573
20165|0x4c000d|8|51736776
20165|0xcc000d|9|103453419
20165|0x1cc000d|10|207069973
20165|0x3cc000d|11|415072097
20165|0x7cc000d|12|828701641
20165|0xfcc000d|13|1662018263
20165|0x1fcc000d|14|3314580069
20165|0x3fcc000d|15|6628961817
20165|0x7fcc000d|16|10861834415
20165|0xffcc000d|17|26517790572
20165|0x1ffcc000d|18|46196076794
20165|0x3ffcc000d|19|88934732312
20165|0x7ffcc000d|20|177594737970
20165|0xfffcc000d|21|354791414202
20165|0xfffcc000d|22|715664747253
20165|0xfffcc000d|23|1419853428386
20165|0x4fffcc000d|24|2837462517802
20351|0x707f|1|305603
20351|0x1707f|2|760101
20351|0x3707f|3|1558557
20351|0x7707f|4|3158071
20351|0xf707f|5|6394357
20351|0xf707f|6|12924888
20351|0x2f707f|7|25901945
20351|0x6f707f|8|51845763
20351|0x6f707f|9|103597162
20351|0x16f707f|10|207237496
20351|0x36f707f|11|414435018
20351|0x36f707f|12|829154482
20351|0xb6f707f|13|1658318423
20351|0x1b6f707f|14|3316653288
20351|0x1b6f707f|15|5732278738
20351|0x1b6f707f|16|11617556359
20351|0x1b6f707f|17|21712525170
20351|0x11b6f707f|18|44931754961
20351|0x11b6f707f|19|89092713412
20351|0x51b6f707f|20|178457036974
20351|0x51b6f707f|21|355240282236
20351|0x51b6f707f|22|721666216487
20351|0x51b6f707f|23|1418326174091
20351|0x51b6f707f|24|2834316879920
20903|0x4617|1|304425
20903|0x14617|2|749451
20903|0x34617|3|1575311
20903|0x34617|4|3196925
20903|0x34617|5|6492702
20903|0x134617|6|12958168
20903|0x134617|7|25946751
20903|0x534617|8|51857437
20903|0xd34617|9|103820278
20903|0x1d34617|10|207559150
20903|0x3d34617|11|341637688
20903|0x3d34617|12|830739286
20903|0xbd34617|13|1661324012
20903|0x1bd34617|14|2750344142
20903|0x1bd34617|15|5456942449
20903|0x1bd34617|16|10793966737
20903|0x1bd34617|17|26583568414
20903|0x1bd34617|18|43556769456
20903|0x1bd34617|19|89385419655
20903|0x1bd34617|20|175033398181
20903|0x1bd34617|21|365052571025
20903|0x1bd34617|22|707126196838
20903|0x201bd34617|23|1421933085780
20903|0x601bd34617|24|2845023503741
21085|0x11f5|1|307262
21085|0x111f5|2|752102
21085|0x111f5|3|1607952
21085|0x511f5|4|3181389
21085|0xd11f5|5|6418731
21085|0xd11f5|6|12918345
21085|0xd11f5|7|25958023
21085|0xd11f5|8|51873678
21085|0x8d11f5|9|103807879
21085|0x18d11f5|10|207777331
21085|0x18d11f5|11|415772728
21085|0x18d11f5|12|831335889
21085|0x18d11f5|13|1662530622
21085|0x18d11f5|14|3325108800
21085|0x18d11f5|15|6650596214
21085|0x418d11f5|16|11190334562
21085|0x418d11f5|17|21561341046
21085|0x1418d11f5|18|44763005451
21085|0x1418d11f5|19|88257076650
21085|0x5418d11f5|20|178817629839
21085|0xd418d11f5|21|356471600979
21085|0x1d418d11f5|22|711412326136
21085|0x3d418d11f5|23|1416189902262
21085|0x7d418d11f5|24|2833026641538
21277|0x735|1|326612
21277|0x10735|2|754265
21277|0x10735|3|1586747
21277|0x50735|4|3211762
21277|0xd0735|5|6446739
21277|0x1d0735|6|12966251
21277|0x3d0735|7|25932438
21277|0x7d0735|8|51977422
21277|0xfd0735|9|103913513
21277|0xfd0735|10|207858170
21277|0x2fd0735|11|416011819
21277|0x2fd0735|12|831670539
21277|0x2fd0735|13|1663286511
21277|0x2fd0735|14|3326668298
21277|0x22fd0735|15|5424854618
21277|0x22fd0735|16|11900292270
21277|0x22fd0735|17|26618242281
21277|0x22fd0735|18|43665531584
21277|0x22fd0735|19|86291386555
21277|0x422fd0735|20|177413776366
21277|0x422fd0735|21|353683627132
21277|0x1422fd0735|22|583063405757
21277|0x3422fd0735|23|872838536298
21277|0x7422fd0735|24|1741904398625
21401|0x50a9|1|196518
21401|0x150a9|2|480720
21401|0x150a9|3|1009797
21401|0x150a9|4|2047505
21401|0x150a9|5|3977162
21401|0x1150a9|6|8057086
21401|0x1150a9|7|16178203
21401|0x1150a9|8|32422363
21401|0x9150a9|9|64813678
21401|0x9150a9|10|129235846
21401|0x9150a9|11|258544980
21401|0x49150a9|12|518778420
21401|0xc9150a9|13|1037385957
21401|0xc9150a9|14|1973247293
21401|0x2c9150a9|15|4144997560
21401|0x6c9150a9|16|8284411831
21401|0x6c9150a9|17|16552678103
21401|0x6c9150a9|18|28480548748
21401|0x6c9150a9|19|56348391613
21401|0x46c9150a9|20|109417221557
21401|0xc6c9150a9|21|219348497588
21401|0xc6c9150a9|22|440856186725
21401|0x2c6c9150a9|23|870931629075
21401|0x6c6c9150a9|24|1742890402499
21881|0x4c9|1|173315
21881|0x104c9|2|372154
21881|0x304c9|3|931557
21881|0x704c9|4|1995040
21881|0xf04c9|5|3996189
21881|0x1f04c9|6|8001466
21881|0x1f04c9|7|16175004
21881|0x5f04c9|8|32463583
21881|0xdf04c9|9|64987632
21881|0xdf04c9|10|129632150
21881|0x2df04c9|11|258909039
21881|0x2df04c9|12|518571709
21881|0xadf04c9|13|1038224077
21881|0x1adf04c9|14|2073968920
21881|0x1adf04c9|15|3552350020
21881|0x5adf04c9|16|7379317280
21881|0x5adf04c9|17|13589678085
21881|0x15adf04c9|18|28169911454
21881|0x15adf04c9|19|57725174162
21881|0x15adf04c9|20|109349090923
21881|0x15adf04c9|21|219147811943
21881|0x115adf04c9|22|439181637296
21881|0x315adf04c9|23|871645339308
21881|0x315adf04c9|24|1744677607020
21989|0xdfed|1|197351
21989|0xdfed|2|425805
21989|0x2dfed|3|963194
21989|0x6dfed|4|1813171
21989|0x6dfed|5|4093454
21989|0x6dfed|6|8041596
21989|0x6dfed|7|15931166
21989|0x6dfed|8|32271100
21989|0x86dfed|9|64229283
21989|0x186dfed|10|128380322
21989|0x386dfed|11|257457741
21989|0x386dfed|12|514618631
21989|0x386dfed|13|1030316866
21989|0x1386dfed|14|2057814906
21989|0x1386dfed|15|3755185126
21989|0x5386dfed|16|6768680577
21989|0xd386dfed|17|13447913430
21989|0x1d386dfed|18|27579712206
21989|0x3d386dfed|19|56014625253
21989|0x3d386dfed|20|112059535825
21989|0xbd386dfed|21|220188322712
21989|0x1bd386dfed|22|439391573558
21989|0x3bd386dfed|23|876093172282
21989|0x7bd386dfed|24|1743054583134
22107|0xe9d3|1|196993
22107|0xe9d3|2|450773
22107|0xe9d3|3|965337
22107|0xe9d3|4|2002885
22107|0xe9d3|5|3915647
22107|0xe9d3|6|8078374
22107|0x20e9d3|7|16151092
22107|0x60e9d3|8|32134493
22107|0x60e9d3|9|64442886
22107|0x160e9d3|10|129145772
22107|0x160e9d3|11|257669112
22107|0x560e9d3|12|515951613
22107|0xd60e9d3|13|1031051413
22107|0x1d60e9d3|14|2058680842
22107|0x1d60e9d3|15|4104256850
22107|0x1d60e9d3|16|6982981920
22107|0x1d60e9d3|17|13368124879
22107|0x11d60e9d3|18|30524403781
22107|0x11d60e9d3|19|58830026912
22107|0x51d60e9d3|20|109160338240
22107|0x51d60e9d3|21|219117095331
22107|0x151d60e9d3|22|438592348441
22107|0x351d60e9d3|23|870630489916
22107|0x751d60e9d3|24|1742243149463
22221|0x8605|1|176210
22221|0x18605|2|394330
22221|0x38605|3|966957
22221|0x38605|4|2024958
22221|0xb8605|5|3898235
22221|0xb8605|6|8074234
22221|0xb8605|7|16160084
22221|0x4b8605|8|32044940
22221|0xcb8605|9|64513702
22221|0xcb8605|10|128914449
22221|0x2cb8605|11|247825263
22221|0x6cb8605|12|514586924
22221|0x6cb8605|13|1028708536
22221|0x16cb8605|14|2058925190
22221|0x36cb8605|15|4117315247
22221|0x76cb8605|16|7017418406
22221|0xf6cb8605|17|13446877296
22221|0xf6cb8605|18|28098102690
22221|0x2f6cb8605|19|54912597624
22221|0x2f6cb8605|20|109068624245
22221|0xaf6cb8605|21|220669502844
22221|0x1af6cb8605|22|439388085813
22221|0x1af6cb8605|23|871372614633
22221|0x1af6cb8605|24|2166458284571
22333|0xb815|1|315525
22333|0x1b815|2|674325
22333|0x1b815|3|1539605
22333|0x1b815|4|3190321
22333|0x9b815|5|6454925
22333|0x9b815|6|12961735
22333|0x29b815|7|26040386
22333|0x29b815|8|52172017
22333|0xa9b815|9|104364875
22333|0xa9b815|10|208775262
22333|0x2a9b815|11|398357463
22333|0x2a9b815|12|698041221
22333|0x2a9b815|13|1622500880
22333|0x12a9b815|14|2918703483
22333|0x32a9b815|15|6083057299
22333|0x72a9b815|16|10938603371
22333|0x72a9b815|17|21608490721
22333|0x172a9b815|18|43221003203
22333|0x172a9b815|19|88093358274
22333|0x172a9b815|20|176113443986
22333|0x172a9b815|21|352354332516
22333|0x1172a9b815|22|706923355359
22333|0x3172a9b815|23|1414363089453
22333|0x7172a9b815|24|2826280154016
22511|0xb70f|1|315692
22511|0x1b70f|2|673571
22511|0x1b70f|3|1528163
22511|0x1b70f|4|3190002
22511|0x1b70f|5|6503642
22511|0x11b70f|6|12999625
22511|0x11b70f|7|26102539
22511|0x51b70f|8|52217783
22511|0xd1b70f|9|104428541
22511|0x1d1b70f|10|208987173
22511|0x1d1b70f|11|418181817
22511|0x1d1b70f|12|765614856
22511|0x9d1b70f|13|1362581903
22511|0x19d1b70f|14|2798298699
22511|0x39d1b70f|15|5418179529
22511|0x79d1b70f|16|11020748934
22511|0x79d1b70f|17|21742945707
22511|0x79d1b70f|18|43140461389
22511|0x79d1b70f|19|90076172168
22511|0x79d1b70f|20|177675370200
22511|0x879d1b70f|21|353073705032
22511|0x1879d1b70f|22|705181635477
22511|0x1879d1b70f|23|1411432839056
22511|0x5879d1b70f|24|2821208956725
23055|0x54ef|1|316607
23055|0x154ef|2|679231
23055|0x154ef|3|1565806
23055|0x154ef|4|3199138
23055|0x154ef|5|6483963
23055|0x1154ef|6|13046065
23055|0x3154ef|7|26104542
23055|0x7154ef|8|52259784
23055|0xf154ef|9|104582185
23055|0xf154ef|10|227379218
23055|0x2f154ef|11|418602901
23055|0x6f154ef|12|837234682
23055|0x6f154ef|13|1505545782
23055|0x6f154ef|14|2695270172
23055|0x6f154ef|15|5995295206
23055|0x46f154ef|16|10986207232
23055|0x46f154ef|17|21562538209
23055|0x146f154ef|18|43618835570
23055|0x146f154ef|19|87713009666
23055|0x546f154ef|20|177114149986
23055|0x546f154ef|21|353070204072
23055|0x546f154ef|22|704379242950
23055|0x546f154ef|23|1412126533070
23055|0x4546f154ef|24|2818765628297
23243|0xbae3|1|317656
23243|0xbae3|2|680992
23243|0xbae3|3|1576511
23243|0xbae3|4|3213006
23243|0x8bae3|5|6496924
23243|0x8bae3|6|13082641
23243|0x28bae3|7|26173690
23243|0x28bae3|8|52310396
23243|0x28bae3|9|104663028
23243|0x28bae3|10|209390000
23243|0x228bae3|11|418920474
23243|0x228bae3|12|834297995
23243|0xa28bae3|13|1675977797
23243|0xa28bae3|14|2877721080
23243|0x2a28bae3|15|5538913085
23243|0x6a28bae3|16|11164435893
23243|0xea28bae3|17|22252929133
23243|0xea28bae3|18|44896759322
23243|0xea28bae3|19|88439587404
23243|0x4ea28bae3|20|176505078322
23243|0xcea28bae3|21|352491424009
23243|0x1cea28bae3|22|705947235280
23243|0x1cea28bae3|23|1410491351767
23243|0x5cea28bae3|24|2816379294038
23415|0xee47|1|317280
23415|0xee47|2|681404
23415|0x2ee47|3|1582629
23415|0x2ee47|4|3225107
23415|0x2ee47|5|6514952
23415|0x12ee47|6|13014709
23415|0x12ee47|7|26154963
23415|0x12ee47|8|52387572
23415|0x92ee47|9|104741398
23415|0x192ee47|10|209523001
23415|0x392ee47|11|419123189
23415|0x792ee47|12|690589740
23415|0x792ee47|13|1676736525
23415|0x792ee47|14|2839151753
23415|0x792ee47|15|5559568648
23415|0x4792ee47|16|10809126217
23415|0xc792ee47|17|25311304652
23415|0xc792ee47|18|44860391517
23415|0x2c792ee47|19|87815384936
23415|0x6c792ee47|20|176647313636
23415|0xec792ee47|21|352024634608
23415|0x1ec792ee47|22|704357350843
23415|0x1ec792ee47|23|1407799636801
23415|0x5ec792ee47|24|2815454353086
23983|0x194f|1|319735
23983|0x1194f|2|686302
23983|0x3194f|3|1564892
23983|0x3194f|4|3176706
23983|0x3194f|5|6536874
23983|0x13194f|6|13102829
23983|0x13194f|7|26308045
23983|0x53194f|8|52447036
23983|0x53194f|9|104918780
23983|0x153194f|10|209923838
23983|0x153194f|11|370590663
23983|0x153194f|12|841077050
23983|0x953194f|13|1387921689
23983|0x1953194f|14|2827885223
23983|0x1953194f|15|6111967990
23983|0x1953194f|16|10828537608
23983|0x9953194f|17|21818125298
23983|0x9953194f|18|44118424216
23983|0x9953194f|19|88161573479
23983|0x49953194f|20|176466870365
23983|0xc9953194f|21|353620178116
23983|0x1c9953194f|22|703110874715
23983|0x1c9953194f|23|1407258428770
23983|0x5c9953194f|24|2812753592613
24161|0xc5a1|1|320332
24161|0xc5a1|2|688179
24161|0xc5a1|3|1569446
24161|0x4c5a1|4|3184093
24161|0x4c5a1|5|6491985
24161|0x4c5a1|6|13104221
24161|0x24c5a1|7|26245432
24161|0x24c5a1|8|52481496
24161|0xa4c5a1|9|105018795
24161|0x1a4c5a1|10|210208950
24161|0x1a4c5a1|11|379641184
24161|0x1a4c5a1|12|840663762
24161|0x1a4c5a1|13|1571963740
24161|0x1a4c5a1|14|2832176999
24161|0x21a4c5a1|15|5458131386
24161|0x61a4c5a1|16|11061354934
24161|0xe1a4c5a1|17|22091117551
24161|0xe1a4c5a1|18|44752515837
24161|0xe1a4c5a1|19|88048572052
24161|0xe1a4c5a1|20|175516024119
24161|0xe1a4c5a1|21|353629242170
24161|0x10e1a4c5a1|22|703780469366
24161|0x10e1a4c5a1|23|1406263934641
24161|0x50e1a4c5a1|24|2812116893970
24337|0x71f1|1|320426
24337|0x71f1|2|709097
24337|0x71f1|3|1573823
24337|0x71f1|4|3190456
24337|0x71f1|5|6485569
24337|0x1071f1|6|13131647
24337|0x3071f1|7|26265210
24337|0x3071f1|8|52555547
24337|0xb071f1|9|105052857
24337|0xb071f1|10|210223413
24337|0x2b071f1|11|420505202
24337|0x2b071f1|12|825435086
24337|0xab071f1|13|1682168297
24337|0x1ab071f1|14|2768987343
24337|0x1ab071f1|15|5463536749
24337|0x5ab071f1|16|10982356080
24337|0xdab071f1|17|21795757468
24337|0xdab071f1|18|45332699790
24337|0x2dab071f1|19|88350725842
24337|0x2dab071f1|20|177639190646
24337|0xadab071f1|21|353682460846
24337|0xadab071f1|22|704604497648
24337|0x2adab071f1|23|1406687003567
24337|0x2adab071f1|24|2809892280962
24533|0xe17d|1|320788
24533|0x1e17d|2|691007
24533|0x3e17d|3|1601146
24533|0x3e17d|4|3216042
24533|0xbe17d|5|6518369
24533|0x1be17d|6|13071483
24533|0x3be17d|7|26267602
24533|0x3be17d|8|42390284
24533|0xbbe17d|9|105575020
24533|0x1bbe17d|10|210304330
24533|0x3bbe17d|11|420806440
24533|0x7bbe17d|12|841742708
24533|0xfbbe17d|13|1658905834
24533|0x1fbbe17d|14|2924555065
24533|0x3fbbe17d|15|5503931720
24533|0x7fbbe17d|16|12277069620
24533|0x7fbbe17d|17|21601541967
24533|0x17fbbe17d|18|43583999616
24533|0x37fbbe17d|19|87966192884
24533|0x37fbbe17d|20|175971838897
24533|0x37fbbe17d|21|351173254724
24533|0x137fbbe17d|22|702400308869
24533|0x337fbbe17d|23|1404726781742
24533|0x737fbbe17d|24|2808739254688
25083|0x8133|1|322395
25083|0x18133|2|723054
25083|0x38133|3|1593385
25083|0x78133|4|3233013
25083|0x78133|5|6469054
25083|0x178133|6|13089238
25083|0x178133|7|26273221
25083|0x178133|8|52689472
25083|0x178133|9|105334732
25083|0x1178133|10|210657268
25083|0x3178133|11|421496468
25083|0x3178133|12|843185896
25083|0x3178133|13|1538654156
25083|0x13178133|14|2781034600
25083|0x33178133|15|5626703316
25083|0x33178133|16|10854336109
25083|0x33178133|17|21959965205
25083|0x33178133|18|43162325982
25083|0x233178133|19|87768739350
25083|0x633178133|20|175733121263
25083|0x633178133|21|350743675972
25083|0x1633178133|22|701856699066
25083|0x3633178133|23|1403440337773
25083|0x3633178133|24|2807083658950
25255|0x2517|1|323011
25255|0x12517|2|697011
25255|0x32517|3|1624475
25255|0x32517|4|3241454
25255|0x32517|5|6482416
25255|0x32517|6|13113605
25255|0x32517|7|26365170
25255|0x432517|8|52725528
25255|0x432517|9|105544327
25255|0x432517|10|210883005
25255|0x432517|11|421806401
25255|0x432517|12|843728281
25255|0x432517|13|1401610810
25255|0x432517|14|2780498564
25255|0x20432517|15|5569994627
25255|0x60432517|16|10828550257
25255|0xe0432517|17|21650084349
25255|0xe0432517|18|44751772025
25255|0xe0432517|19|88252696981
25255|0x4e0432517|20|175136846287
25255|0xce0432517|21|351176839929
25255|0xce0432517|22|701542375318
25255|0xce0432517|23|1403290692420
25255|0x4ce0432517|24|2804590299724
25437|0x8f5|1|323632
25437|0x8f5|2|695257
25437|0x208f5|3|1649438
25437|0x608f5|4|3229584
25437|0xe08f5|5|6543339
25437|0x1e08f5|6|13170897
25437|0x3e08f5|7|26352691
25437|0x3e08f5|8|52691501
25437|0x3e08f5|9|99384983
25437|0x3e08f5|10|191925969
25437|0x3e08f5|11|419017213
25437|0x43e08f5|12|844239809
25437|0xc3e08f5|13|1693943640
25437|0x1c3e08f5|14|3074497221
25437|0x1c3e08f5|15|5615056658
25437|0x5c3e08f5|16|11014440373
25437|0xdc3e08f5|17|21583259597
25437|0xdc3e08f5|18|44506345573
25437|0xdc3e08f5|19|87785033679
25437|0x4dc3e08f5|20|175052787752
25437|0x4dc3e08f5|21|350455515628
25437|0x14dc3e08f5|22|700653445078
25437|0x14dc3e08f5|23|1407407952499
25437|0x54dc3e08f5|24|2812049153186
25969|0xbb91|1|326612
25969|0x1bb91|2|699721
25969|0x1bb91|3|1616243
25969|0x5bb91|4|3288938
25969|0xdbb91|5|6604838
25969|0x1dbb91|6|13156767
25969|0x3dbb91|7|26372424
25969|0x7dbb91|8|52867620
25969|0xfdbb91|9|105700897
25969|0x1fdbb91|10|211393878
25969|0x1fdbb91|11|373061845
25969|0x5fdbb91|12|675534760
25969|0x5fdbb91|13|1414280867
25969|0x5fdbb91|14|2727342842
25969|0x5fdbb91|15|5543461754
25969|0x45fdbb91|16|11096390977
25969|0x45fdbb91|17|21629715603
25969|0x45fdbb91|18|44132802640
25969|0x45fdbb91|19|87596916083
25969|0x445fdbb91|20|176812645234
25969|0x445fdbb91|21|351993201539
25969|0x445fdbb91|22|704177452396
25969|0x445fdbb91|23|1406172682802
25969|0x445fdbb91|24|2801152197914
26167|0x2f87|1|322351
26167|0x2f87|2|701658
26167|0x22f87|3|1621603
26167|0x22f87|4|3318764
26167|0xa2f87|5|6661403
26167|0xa2f87|6|13278498
26167|0x2a2f87|7|26557131
26167|0x2a2f87|8|52862613
26167|0x2a2f87|9|105705208
26167|0x2a2f87|10|177380160
26167|0x2a2f87|11|423020568
26167|0x2a2f87|12|847208384
26167|0x82a2f87|13|1615935746
26167|0x182a2f87|14|2701923190
26167|0x182a2f87|15|5394737305
26167|0x182a2f87|16|11159691924
26167|0x182a2f87|17|21673674846
26167|0x182a2f87|18|43570205482
26167|0x2182a2f87|19|87918502515
26167|0x6182a2f87|20|175704360956
26167|0x6182a2f87|21|350187097662
26167|0x16182a2f87|22|700833724443
26167|0x36182a2f87|23|1399740812639
26167|0x76182a2f87|24|2798427398260
26333|0xa175|1|347507
26333|0xa175|2|707440
26333|0xa175|3|1512833
26333|0xa175|4|3208931
26333|0xa175|5|6494635
26333|0xa175|6|13119635
26333|0x20a175|7|26364438
26333|0x20a175|8|52899283
26333|0xa0a175|9|105758718
26333|0x1a0a175|10|211639659
26333|0x1a0a175|11|421437478
26333|0x1a0a175|12|728211226
26333|0x9a0a175|13|1414453188
26333|0x19a0a175|14|3024373952
26333|0x39a0a175|15|6778654847
26333|0x79a0a175|16|10790160286
26333|0x79a0a175|17|21862348836
26333|0x179a0a175|18|43731663550
26333|0x179a0a175|19|88076537083
26333|0x579a0a175|20|175107080844
26333|0x579a0a175|21|349873041926
26333|0x1579a0a175|22|702141537058
26333|0x1579a0a175|23|1400032639629
26333|0x1579a0a175|24|2797777551506
26515|0xce9b|1|322978
26515|0x1ce9b|2|708022
26515|0x3ce9b|3|1537740
26515|0x3ce9b|4|3172277
26515|0x3ce9b|5|6513785
26515|0x13ce9b|6|13170119
26515|0x13ce9b|7|26498679
26515|0x13ce9b|8|52928444
26515|0x93ce9b|9|105849973
26515|0x193ce9b|10|211723273
26515|0x193ce9b|11|377487923
26515|0x193ce9b|12|746936905
26515|0x193ce9b|13|1427440321
26515|0x193ce9b|14|2779942246
26515|0x2193ce9b|15|5861843322
26515|0x6193ce9b|16|10831513074
26515|0xe193ce9b|17|21781731071
26515|0xe193ce9b|18|44297006297
26515|0xe193ce9b|19|88083891620
26515|0x4e193ce9b|20|158253278692
26515|0x4e193ce9b|21|352677922758
26515|0x14e193ce9b|22|701814614466
26515|0x14e193ce9b|23|1402824094188
26515|0x54e193ce9b|24|2818320860042
27043|0x120b|1|328028
27043|0x120b|2|745955
27043|0x2120b|3|1528003
27043|0x2120b|4|3252718
27043|0xa120b|5|6563986
27043|0x1a120b|6|13181203
27043|0x1a120b|7|26436963
27043|0x1a120b|8|53120566
27043|0x1a120b|9|106112518
27043|0x1a120b|10|212228758
27043|0x21a120b|11|424530267
27043|0x21a120b|12|849184333
27043|0xa1a120b|13|1457352705
27043|0xa1a120b|14|3055165820
27043|0x2a1a120b|15|6137094176
27043|0x2a1a120b|16|11290065288
27043|0xaa1a120b|17|21677071925
27043|0x1aa1a120b|18|43779019748
27043|0x1aa1a120b|19|87871549184
27043|0x5aa1a120b|20|176749290335
27043|0x5aa1a120b|21|350979910660
27043|0x5aa1a120b|22|706662774971
27043|0x25aa1a120b|23|1405291837246
27043|0x65aa1a120b|24|2796612704731
27229|0xb9f5|1|328854
27229|0x1b9f5|2|714270
27229|0x1b9f5|3|1533138
27229|0x1b9f5|4|3233867
27229|0x1b9f5|5|6608738
27229|0x1b9f5|6|13206747
27229|0x21b9f5|7|26547685
27229|0x61b9f5|8|53095361
27229|0xe1b9f5|9|106190686
27229|0x1e1b9f5|10|212400526
27229|0x3e1b9f5|11|343578920
27229|0x3e1b9f5|12|849630887
27229|0x3e1b9f5|13|1440654529
27229|0x3e1b9f5|14|2754795765
27229|0x23e1b9f5|15|6095122200
27229|0x23e1b9f5|16|13105946465
27229|0xa3e1b9f5|17|21678646929
27229|0x1a3e1b9f5|18|43976031057
27229|0x1a3e1b9f5|19|87551362308
27229|0x5a3e1b9f5|20|174678488817
27229|0xda3e1b9f5|21|349569423445
27229|0x1da3e1b9f5|22|698352572441
27229|0x3da3e1b9f5|23|1399083779188
27229|0x7da3e1b9f5|24|2802366950701
27409|0xe5f1|1|329479
27409|0x1e5f1|2|715744
27409|0x1e5f1|3|1535598
27409|0x5e5f1|4|3260913
27409|0x5e5f1|5|6615280
27409|0x5e5f1|6|13255255
27409|0x5e5f1|7|26541808
27409|0x5e5f1|8|53147588
27409|0x85e5f1|9|106252331
27409|0x85e5f1|10|203609352
27409|0x85e5f1|11|425006344
27409|0x85e5f1|12|850063776
27409|0x85e5f1|13|1721440534
27409|0x85e5f1|14|3350545141
27409|0x85e5f1|15|5559439480
27409|0x85e5f1|16|11495406159
27409|0x85e5f1|17|22141990141
27409|0x85e5f1|18|43432348908
27409|0x85e5f1|19|86981840679
27409|0x85e5f1|20|173255496007
27409|0x80085e5f1|21|350775490557
27409|0x80085e5f1|22|699288874994
27409|0x80085e5f1|23|1401044900611
27409|0x480085e5f1|24|2796537726827
27591|0xe5f7|1|331729
27591|0x1e5f7|2|716732
27591|0x1e5f7|3|1536337
27591|0x1e5f7|4|3244360
27591|0x9e5f7|5|6631371
27591|0x19e5f7|6|13316280
27591|0x19e5f7|7|26596076
27591|0x59e5f7|8|42212363
27591|0x59e5f7|9|106237878
27591|0x159e5f7|10|213258644
27591|0x159e5f7|11|357388551
27591|0x159e5f7|12|851189745
27591|0x159e5f7|13|1367085701
27591|0x159e5f7|14|2918624290
27591|0x2159e5f7|15|5526989396
27591|0x2159e5f7|16|11167204864
27591|0xa159e5f7|17|21624345947
27591|0xa159e5f7|18|44078888601
27591|0x2a159e5f7|19|87637634572
27591|0x6a159e5f7|20|174396116558
27591|0xea159e5f7|21|349141587462
27591|0x1ea159e5f7|22|697904414105
27591|0x1ea159e5f7|23|1396460290926
27591|0x5ea159e5f7|24|2791585825470
28147|0xf33b|1|327401
28147|0x1f33b|2|721519
28147|0x3f33b|3|1548666
28147|0x3f33b|4|3283431
28147|0x3f33b|5|6619598
28147|0x13f33b|6|13355270
28147|0x13f33b|7|26609453
28147|0x13f33b|8|53259099
28147|0x93f33b|9|106512936
28147|0x193f33b|10|213040753
28147|0x393f33b|11|426133056
28147|0x793f33b|12|852218518
28147|0x793f33b|13|1467912558
28147|0x1793f33b|14|2825819159
28147|0x3793f33b|15|5442999964
28147|0x7793f33b|16|10839985639
28147|0xf793f33b|17|21619194251
28147|0x1f793f33b|18|43970085820
28147|0x1f793f33b|19|87566584961
28147|0x1f793f33b|20|174366413010
28147|0x9f793f33b|21|348620191804
28147|0x9f793f33b|22|696717547924
28147|0x29f793f33b|23|1393945410277
28147|0x69f793f33b|24|2788352922473
28331|0x1c03|1|382837
28331|0x1c03|2|723864
28331|0x1c03|3|1555654
28331|0x41c03|4|3318545
28331|0xc1c03|5|6650203
28331|0xc1c03|6|13381589
28331|0x2c1c03|7|26740584
28331|0x2c1c03|8|53319231
28331|0xac1c03|9|106748156
28331|0x1ac1c03|10|213670232
28331|0x3ac1c03|11|410329626
28331|0x3ac1c03|12|852510983
28331|0xbac1c03|13|1705526831
28331|0xbac1c03|14|3411264438
28331|0xbac1c03|15|5408093352
28331|0x4bac1c03|16|10786763979
28331|0xcbac1c03|17|21846191321
28331|0xcbac1c03|18|43937815733
28331|0xcbac1c03|19|86948665857
28331|0x4cbac1c03|20|174234585117
28331|0xccbac1c03|21|348336289202
28331|0x1ccbac1c03|22|696585760681
28331|0x1ccbac1c03|23|1393917793319
28331|0x5ccbac1c03|24|2794585397841
28515|0x8a4b|1|333498
28515|0x8a4b|2|725299
28515|0x8a4b|3|1586922
28515|0x48a4b|4|3269395
28515|0xc8a4b|5|6198102
28515|0x1c8a4b|6|12204274
28515|0x1c8a4b|7|24735266
28515|0x1c8a4b|8|50241780
28515|0x1c8a4b|9|106591658
28515|0x11c8a4b|10|213283313
28515|0x31c8a4b|11|336695971
28515|0x71c8a4b|12|811964756
28515|0x71c8a4b|13|1686572601
28515|0x71c8a4b|14|2991717324
28515|0x271c8a4b|15|5427099659
28515|0x271c8a4b|16|10838035822
28515|0xa71c8a4b|17|21823353781
28515|0xa71c8a4b|18|43904641266
28515|0x2a71c8a4b|19|87605599395
28515|0x6a71c8a4b|20|174165142198
28515|0xea71c8a4b|21|348392115500
28515|0xea71c8a4b|22|696078180241
28515|0x2ea71c8a4b|23|1395479133284
28515|0x2ea71c8a4b|24|2787005482686
29055|0x4e7f|1|335849
29055|0x14e7f|2|760410
29055|0x14e7f|3|1567725
29055|0x54e7f|4|3326232
29055|0xd4e7f|5|6643425
29055|0xd4e7f|6|13370184
29055|0xd4e7f|7|26723086
29055|0x4d4e7f|8|53429544
29055|0x4d4e7f|9|106695466
29055|0x4d4e7f|10|208032648
29055|0x24d4e7f|11|427218172
29055|0x64d4e7f|12|755498783
29055|0x64d4e7f|13|1363504110
29055|0x64d4e7f|14|2787406423
29055|0x64d4e7f|15|5445021688
29055|0x464d4e7f|16|11067883508
29055|0x464d4e7f|17|21560959461
29055|0x1464d4e7f|18|43627620988
29055|0x3464d4e7f|19|86713565184
29055|0x3464d4e7f|20|174100419513
29055|0xb464d4e7f|21|347734185909
29055|0xb464d4e7f|22|696018928307
29055|0x2b464d4e7f|23|1392771446529
29055|0x2b464d4e7f|24|2794849960673
29239|0xe387|1|349810
29239|0x1e387|2|727842
29239|0x3e387|3|1571393
29239|0x3e387|4|3197334
29239|0xbe387|5|6558717
29239|0xbe387|6|13245655
29239|0x2be387|7|26663057
29239|0x6be387|8|53440286
29239|0xebe387|9|106825578
29239|0xebe387|10|213739524
29239|0x2ebe387|11|409576101
29239|0x6ebe387|12|720561377
29239|0xeebe387|13|1711067335
29239|0xeebe387|14|2932680615
29239|0xeebe387|15|5410343507
29239|0x4eebe387|16|10857834282
29239|0x4eebe387|17|21706165239
29239|0x4eebe387|18|43425768911
29239|0x24eebe387|19|86518875479
29239|0x64eebe387|20|175452225457
29239|0x64eebe387|21|348399833373
29239|0x64eebe387|22|695970915890
29239|0x64eebe387|23|1392070175692
29239|0x64eebe387|24|2786094897339
29419|0xa5c3|1|335204
29419|0x1a5c3|2|767173
29419|0x1a5c3|3|1580665
29419|0x5a5c3|4|3207294
29419|0x5a5c3|5|6566854
29419|0x5a5c3|6|13290423
29419|0x5a5c3|7|26722398
29419|0x5a5c3|8|53451253
29419|0x5a5c3|9|106942751
29419|0x105a5c3|10|214088839
29419|0x105a5c3|11|440476967
29419|0x505a5c3|12|733133959
29419|0x505a5c3|13|1453699603
29419|0x505a5c3|14|2759435822
29419|0x2505a5c3|15|5537590513
29419|0x2505a5c3|16|11868413819
29419|0xa505a5c3|17|21950890617
29419|0xa505a5c3|18|44155140461
29419|0xa505a5c3|19|86283405182
29419|0x4a505a5c3|20|174023126936
29419|0x4a505a5c3|21|347859945678
29419|0x4a505a5c3|22|695079741726
29419|0x4a505a5c3|23|1392069873826
29419|0x44a505a5c3|24|2782729631173
29587|0xa29b|1|354633
29587|0x1a29b|2|733989
29587|0x1a29b|3|1583258
29587|0x5a29b|4|3223196
29587|0xda29b|5|6586729
29587|0xda29b|6|13313307
29587|0x2da29b|7|26673183
29587|0x6da29b|8|53401227
29587|0x6da29b|9|106929719
29587|0x16da29b|10|214045839
29587|0x36da29b|11|428136052
29587|0x36da29b|12|765669316
29587|0xb6da29b|13|1488773369
29587|0x1b6da29b|14|2734128801
29587|0x1b6da29b|15|5831780865
29587|0x1b6da29b|16|11308374519
29587|0x1b6da29b|17|22105227065
29587|0x1b6da29b|18|43128677156
29587|0x21b6da29b|19|86963948082
29587|0x21b6da29b|20|174591911339
29587|0xa1b6da29b|21|347581809455
29587|0xa1b6da29b|22|695503905114
29587|0x2a1b6da29b|23|1391657327608
29587|0x2a1b6da29b|24|2780862963318
30133|0x909d|1|333716
30133|0x909d|2|765796
30133|0x2909d|3|1594853
30133|0x2909d|4|3244301
30133|0xa909d|5|6662346
30133|0x1a909d|6|13282440
30133|0x3a909d|7|26750772
30133|0x3a909d|8|53589100
30133|0xba909d|9|107188879
30133|0xba909d|10|214412052
30133|0xba909d|11|428966177
30133|0xba909d|12|858030188
30133|0x8ba909d|13|1457843691
30133|0x18ba909d|14|3051940162
30133|0x18ba909d|15|5556110947
30133|0x58ba909d|16|10817756136
30133|0x58ba909d|17|21950100037
30133|0x58ba909d|18|43150925839
30133|0x58ba909d|19|87189573949
30133|0x458ba909d|20|173387026771
30133|0x458ba909d|21|346737453691
30133|0x458ba909d|22|693569106255
30133|0x2458ba909d|23|1390493249280
30133|0x6458ba909d|24|2784664609029
30317|0x365|1|333567
30317|0x365|2|737040
30317|0x20365|3|1598218
30317|0x60365|4|3259824
30317|0x60365|5|6724115
30317|0x60365|6|13403329
30317|0x260365|7|26946344
30317|0x660365|8|53637576
30317|0x660365|9|107197603
30317|0x1660365|10|214614405
30317|0x3660365|11|371402380
30317|0x3660365|12|858478944
30317|0xb660365|13|1717245850
30317|0xb660365|14|3435401108
30317|0x2b660365|15|5545769814
30317|0x2b660365|16|11154545716
30317|0xab660365|17|21678479416
30317|0xab660365|18|43640328676
30317|0x2ab660365|19|86779727314
30317|0x6ab660365|20|173575733663
30317|0xeab660365|21|347212732752
30317|0xeab660365|22|693696081182
30317|0xeab660365|23|1387942364178
30317|0x4eab660365|24|2780123989236
30489|0xf529|1|338265
30489|0xf529|2|743835
30489|0x2f529|3|1619620
30489|0x2f529|4|3237744
30489|0x2f529|5|6677084
30489|0x2f529|6|13373277
30489|0x2f529|7|26732646
30489|0x42f529|8|53659714
30489|0xc2f529|9|107357964
30489|0x1c2f529|10|214740372
30489|0x1c2f529|11|429653761
30489|0x5c2f529|12|859203568
30489|0x5c2f529|13|1376186133
30489|0x15c2f529|14|2701646766
30489|0x15c2f529|15|5404166699
30489|0x55c2f529|16|11183079445
30489|0x55c2f529|17|21686118208
30489|0x55c2f529|18|43122002204
30489|0x255c2f529|19|87017029885
30489|0x255c2f529|20|173629628480
30489|0xa55c2f529|21|346473592670
30489|0xa55c2f529|22|693113569579
30489|0x2a55c2f529|23|1390916960289
30489|0x2a55c2f529|24|2776223307872
30669|0x4d05|1|338068
30669|0x14d05|2|744084
30669|0x14d05|3|1625783
30669|0x14d05|4|3264136
30669|0x94d05|5|6670117
30669|0x94d05|6|13399984
30669|0x94d05|7|26795409
30669|0x494d05|8|53613253
30669|0xc94d05|9|107334728
30669|0xc94d05|10|214821300
30669|0xc94d05|11|357853905
30669|0x4c94d05|12|722013206
30669|0xcc94d05|13|1719488379
30669|0x1cc94d05|14|3439065955
30669|0x3cc94d05|15|6877271748
30669|0x7cc94d05|16|11141460282
30669|0xfcc94d05|17|21855002735
30669|0xfcc94d05|18|43748464436
30669|0xfcc94d05|19|87003541805
30669|0x4fcc94d05|20|173391103455
30669|0x4fcc94d05|21|346847438370
30669|0x4fcc94d05|22|693648054051
30669|0x4fcc94d05|23|1387292400357
30669|0x4fcc94d05|24|2772530554139
31203|0x93cb|1|336301
31203|0x93cb|2|749916
31203|0x293cb|3|1641450
31203|0x693cb|4|3266321
31203|0x693cb|5|6629524
31203|0x1693cb|6|13353674
31203|0x3693cb|7|26903049
31203|0x7693cb|8|53785336
31203|0x7693cb|9|107664409
31203|0x17693cb|10|212836926
31203|0x17693cb|11|430497655
31203|0x17693cb|12|862371692
31203|0x97693cb|13|1422109654
31203|0x197693cb|14|2694604655
31203|0x397693cb|15|6159846067
31203|0x397693cb|16|10877208973
31203|0x397693cb|17|21604415664
31203|0x397693cb|18|43731620765
31203|0x397693cb|19|86285180861
31203|0x4397693cb|20|173595771387
31203|0xc397693cb|21|346806094821
31203|0xc397693cb|22|692438026302
31203|0xc397693cb|23|1384641867987
31203|0xc397693cb|24|2776120734742
31385|0x39a9|1|370466
31385|0x139a9|2|749995
31385|0x339a9|3|1620610
31385|0x339a9|4|3305800
31385|0xb39a9|5|6619511
31385|0x1b39a9|6|13389194
31385|0x1b39a9|7|26811059
31385|0x5b39a9|8|53756116
31385|0x5b39a9|9|107655590
31385|0x5b39a9|10|193134942
31385|0x5b39a9|11|430768662
31385|0x5b39a9|12|857634078
31385|0x5b39a9|13|1723417557
31385|0x105b39a9|14|3446860826
31385|0x105b39a9|15|5538483144
31385|0x505b39a9|16|10848325821
31385|0xd05b39a9|17|21852083427
31385|0xd05b39a9|18|43398961315
31385|0xd05b39a9|19|86769327388
31385|0xd05b39a9|20|172590078954
31385|0x8d05b39a9|21|346199612605
31385|0x18d05b39a9|22|692956893379
31385|0x38d05b39a9|23|1384084188021
31385|0x78d05b39a9|24|2773250366114
31563|0xb663|1|340499
31563|0x1b663|2|751052
31563|0x3b663|3|1652355
31563|0x3b663|4|3308491
31563|0xbb663|5|6625800
31563|0x1bb663|6|13450747
31563|0x1bb663|7|26900228
31563|0x5bb663|8|53810417
31563|0xdbb663|9|107637555
31563|0x1dbb663|10|215426465
31563|0x1dbb663|11|436645248
31563|0x5dbb663|12|673210875
31563|0xddbb663|13|1676483263
31563|0xddbb663|14|2925403507
31563|0x2ddbb663|15|6890716054
31563|0x2ddbb663|16|11606099456
31563|0x2ddbb663|17|21943190106
31563|0x2ddbb663|18|43136783932
31563|0x22ddbb663|19|86443723622
31563|0x62ddbb663|20|173004566546
31563|0xe2ddbb663|21|346394817712
31563|0x1e2ddbb663|22|691635858808
31563|0x3e2ddbb663|23|1383232744929
31563|0x7e2ddbb663|24|2769056231442
31743|0x83ff|1|340918
31743|0x183ff|2|752695
31743|0x383ff|3|1659486
31743|0x783ff|4|3291091
31743|0xf83ff|5|6690625
31743|0xf83ff|6|13446008
31743|0x2f83ff|7|26928181
31743|0x6f83ff|8|53930617
31743|0xef83ff|9|107740843
31743|0x1ef83ff|10|215472857
31743|0x3ef83ff|11|384822928
31743|0x3ef83ff|12|862469831
31743|0x3ef83ff|13|1533644353
31743|0x3ef83ff|14|2756701037
31743|0x3ef83ff|15|5726897094
31743|0x3ef83ff|16|10872465727
31743|0x3ef83ff|17|21986315304
31743|0x3ef83ff|18|43526971161
31743|0x3ef83ff|19|86169455832
31743|0x3ef83ff|20|173133959752
31743|0x803ef83ff|21|345539166541
31743|0x803ef83ff|22|691228295895
31743|0x2803ef83ff|23|1383028941100
31743|0x6803ef83ff|24|2767097053174
32267|0x9da3|1|343276
32267|0x19da3|2|774924
32267|0x19da3|3|1643070
32267|0x19da3|4|3332180
32267|0x99da3|5|6712392
32267|0x99da3|6|13420074
32267|0x99da3|7|26835718
32267|0x99da3|8|53794829
32267|0x99da3|9|85456193
32267|0x99da3|10|215790080
32267|0x99da3|11|431888134
32267|0x4099da3|12|810815082
32267|0xc099da3|13|1727792401
32267|0xc099da3|14|2750178672
32267|0xc099da3|15|5546880666
32267|0x4c099da3|16|11514934552
32267|0x4c099da3|17|21607500835
32267|0x4c099da3|18|44467691425
32267|0x4c099da3|19|86383831982
32267|0x4c099da3|20|172353405963
32267|0x4c099da3|21|344930562719
32267|0x104c099da3|22|690732441907
32267|0x304c099da3|23|1380414600628
32267|0x304c099da3|24|2763699376080
32441|0x2789|1|364135
32441|0x2789|2|755327
32441|0x22789|3|1643013
32441|0x62789|4|3341228
32441|0xe2789|5|6723657
32441|0x1e2789|6|13452817
32441|0x1e2789|7|26926069
32441|0x5e2789|8|53968165
32441|0xde2789|9|107953988
32441|0xde2789|10|216051743
32441|0xde2789|11|432124690
32441|0xde2789|12|742946783
32441|0x8de2789|13|1387713157
32441|0x8de2789|14|2713517390
32441|0x8de2789|15|5535105814
32441|0x48de2789|16|10970644744
32441|0x48de2789|17|21869708542
32441|0x48de2789|18|43451275887
32441|0x248de2789|19|86498255184
32441|0x648de2789|20|172597749915
32441|0xe48de2789|21|344938419437
32441|0x1e48de2789|22|691155668354
32441|0x1e48de2789|23|1380707463073
32441|0x5e48de2789|24|2766048112587
32621|0x6265|1|343787
32621|0x6265|2|756789
32621|0x26265|3|1647665
32621|0x66265|4|3355051
32621|0xe6265|5|6747596
32621|0x1e6265|6|13509474
32621|0x1e6265|7|26978785
32621|0x5e6265|8|53999092
32621|0x5e6265|9|108077388
32621|0x15e6265|10|216193155
32621|0x15e6265|11|362492190
32621|0x15e6265|12|864360072
32621|0x95e6265|13|1534774438
32621|0x195e6265|14|2795994780
32621|0x395e6265|15|5631270932
32621|0x795e6265|16|10881651063
32621|0xf95e6265|17|21737882663
32621|0xf95e6265|18|43156416835
32621|0xf95e6265|19|86730269330
32621|0xf95e6265|20|172578562206
32621|0xf95e6265|21|347423758611
32621|0xf95e6265|22|692330971231
32621|0x20f95e6265|23|1382391130692
32621|0x60f95e6265|24|2763622559243
33003|0x27c3|1|575781
33003|0x227c3|2|1391179
33003|0x627c3|3|3018018
33003|0xe27c3|4|6262352
33003|0xe27c3|5|12647216
33003|0x2e27c3|6|25465178
33003|0x6e27c3|7|51134270
33003|0x6e27c3|8|102125135
33003|0x16e27c3|9|204378689
33003|0x16e27c3|10|409179969
33003|0x56e27c3|11|677561269
33003|0x56e27c3|12|1635597186
33003|0x156e27c3|13|3060301332
33003|0x156e27c3|14|6375026069
33003|0x556e27c3|15|11296667694
33003|0xd56e27c3|16|21766816880
33003|0x1d56e27c3|17|44464121210
33003|0x3d56e27c3|18|89074727095
33003|0x7d56e27c3|19|178514386422
33003|0xfd56e27c3|20|357735015868
33003|0xfd56e27c3|21|714292269926
33003|0xfd56e27c3|22|1428241293912
33003|0x4fd56e27c3|23|2858379800715
33003|0x4fd56e27c3|24|5711563088424
33187|0xba0b|1|582271
33187|0x2ba0b|2|1376206
33187|0x6ba0b|3|3055737
33187|0xeba0b|4|6243598
33187|0xeba0b|5|12653424
33187|0x2eba0b|6|25526781
33187|0x2eba0b|7|51070707
33187|0xaeba0b|8|102079373
33187|0x1aeba0b|9|204347030
33187|0x3aeba0b|10|408940069
33187|0x7aeba0b|11|688469732
33187|0x7aeba0b|12|1390081603
33187|0x17aeba0b|13|2892215415
33187|0x37aeba0b|14|6022324465
33187|0x37aeba0b|15|10815825751
33187|0xb7aeba0b|16|21721063117
33187|0xb7aeba0b|17|44946748534
33187|0xb7aeba0b|18|88527978911
33187|0x4b7aeba0b|19|180283615326
33187|0x4b7aeba0b|20|356938006640
33187|0x14b7aeba0b|21|713968384061
33187|0x14b7aeba0b|22|1427985048498
33187|0x54b7aeba0b|23|2855673472467
33187|0xd4b7aeba0b|24|5709485454988
33385|0x12dd9|1|581655
33385|0x12dd9|2|1407766
33385|0x52dd9|3|3074885
33385|0xd2dd9|4|6269826
33385|0x1d2dd9|5|12784833
33385|0x1d2dd9|6|25476524
33385|0x5d2dd9|7|55152317
33385|0xdd2dd9|8|102262190
33385|0xdd2dd9|9|204871825
33385|0xdd2dd9|10|412767426
33385|0x4dd2dd9|11|818088715
33385|0x4dd2dd9|12|1638987904
33385|0x14dd2dd9|13|2752204087
33385|0x34dd2dd9|14|5514297978
33385|0x34dd2dd9|15|11081839431
33385|0x34dd2dd9|16|22053487850
33385|0x34dd2dd9|17|44551568464
33385|0x234dd2dd9|18|89193158724
33385|0x234dd2dd9|19|179087477333
33385|0x234dd2dd9|20|356318025466
33385|0x234dd2dd9|21|713766022432
33385|0x234dd2dd9|22|1426544202568
33385|0x4234dd2dd9|23|2858669527094
33385|0x4234dd2dd9|24|5713750245693
33537|0x7d01|1|606260
33537|0x7d01|2|1380178
33537|0x7d01|3|3060681
33537|0x87d01|4|6263848
33537|0x87d01|5|12732585
33537|0x87d01|6|25503398
33537|0x87d01|7|51127412
33537|0x87d01|8|102249054
33537|0x87d01|9|204582425
33537|0x87d01|10|409129434
33537|0x87d01|11|808489035
33537|0x8087d01|12|1562969273
33537|0x8087d01|13|2849870608
33537|0x28087d01|14|5809612444
33537|0x28087d01|15|10797872389
33537|0xa8087d01|16|21588998371
33537|0x1a8087d01|17|44680732165
33537|0x3a8087d01|18|89237090579
33537|0x3a8087d01|19|179321008043
33537|0x3a8087d01|20|358547871082
33537|0x3a8087d01|21|713851073091
33537|0x3a8087d01|22|1430478323226
33537|0x3a8087d01|23|2857121735092
33537|0x3a8087d01|24|5283153406488
33733|0x30d|1|367683
33733|0x2030d|2|879775
33733|0x6030d|3|1913123
33733|0x6030d|4|3900803
33733|0x16030d|5|7983329
33733|0x16030d|6|16116103
33733|0x16030d|7|31932814
33733|0x96030d|8|64306412
33733|0x196030d|9|128273730
33733|0x196030d|10|256209984
33733|0x596030d|11|512483793
33733|0x596030d|12|1026129401
33733|0x1596030d|13|1711365908
33733|0x3596030d|14|4103242298
33733|0x3596030d|15|8221658552
33733|0x3596030d|16|13951908212
33733|0x13596030d|17|30599436087
33733|0x33596030d|18|55320801161
33733|0x73596030d|19|111771202145
33733|0xf3596030d|20|217769620583
33733|0xf3596030d|21|515612487296
33733|0x2f3596030d|22|1425973488852
33733|0x6f3596030d|23|2854206628830
33733|0x6f3596030d|24|5706273024991
34099|0xfdfb|1|599879
34099|0x2fdfb|2|1387133
34099|0x6fdfb|3|3066637
34099|0xefdfb|4|6308563
34099|0x1efdfb|5|12667611
34099|0x3efdfb|6|25495495
34099|0x3efdfb|7|51192046
34099|0xbefdfb|8|102345456
34099|0xbefdfb|9|204691135
34099|0xbefdfb|10|409428275
34099|0xbefdfb|11|818863241
34099|0xbefdfb|12|1414617840
34099|0xbefdfb|13|2812120365
34099|0x20befdfb|14|6253211952
34099|0x60befdfb|15|11953687718
34099|0xe0befdfb|16|22143215105
34099|0xe0befdfb|17|52412712938
34099|0xe0befdfb|18|92463942381
34099|0xe0befdfb|19|180598694458
34099|0xe0befdfb|20|383658689023
34099|0x10e0befdfb|21|714068017747
34099|0x30e0befdfb|22|1426852087217
34099|0x30e0befdfb|23|2853832307038
34099|0xb0e0befdfb|24|5728856711973
34281|0xa259|1|585174
34281|0xa259|2|1389388
34281|0x4a259|3|3080855
34281|0x4a259|4|6335537
34281|0x14a259|5|12702496
34281|0x34a259|6|25542383
34281|0x74a259|7|51140477
34281|0xf4a259|8|102249501
34281|0x1f4a259|9|204698311
34281|0x1f4a259|10|404386387
34281|0x1f4a259|11|819100217
34281|0x1f4a259|12|1638322574
34281|0x1f4a259|13|2716835198
34281|0x21f4a259|14|6103501676
34281|0x21f4a259|15|11097630585
34281|0x21f4a259|16|26213740261
34281|0x121f4a259|17|54642614112
34281|0x121f4a259|18|93637463255
34281|0x521f4a259|19|179207495274
34281|0x521f4a259|20|361938052302
34281|0x1521f4a259|21|713253865088
34281|0x3521f4a259|22|1431691126136
34281|0x3521f4a259|23|2864246785292
34281|0x3521f4a259|24|5702412799926
34473|0x17d99|1|581455
34473|0x37d99|2|1392240
34473|0x77d99|3|3081239
34473|0x77d99|4|6332733
34473|0x177d99|5|12716281
34473|0x177d99|6|25476880
34473|0x577d99|7|51130535
34473|0xd77d99|8|102370908
34473|0xd77d99|9|204759757
34473|0x2d77d99|10|409703114
34473|0x6d77d99|11|819409223
34473|0x6d77d99|12|1494412334
34473|0x16d77d99|13|3277706891
34473|0x36d77d99|14|6555544934
34473|0x36d77d99|15|10958734289
34473|0x36d77d99|16|26223301672
34473|0x136d77d99|17|50802895070
34473|0x336d77d99|18|90984039925
34473|0x736d77d99|19|181623754156
34473|0xf36d77d99|20|359812740619
34473|0xf36d77d99|21|718817756444
34473|0xf36d77d99|22|1426625561380
34473|0x4f36d77d99|23|2857136403948
34473|0x4f36d77d99|24|5702932005768
34639|0x2faf|1|587667
34639|0x2faf|2|1410061
34639|0x42faf|3|3072116
34639|0x42faf|4|6363966
34639|0x142faf|5|12745932
34639|0x342faf|6|25530254
34639|0x742faf|7|51190798
34639|0x742faf|8|102392468
34639|0x1742faf|9|204785783
34639|0x1742faf|10|409635954
34639|0x1742faf|11|819595341
34639|0x9742faf|12|1639004506
34639|0x19742faf|13|2796827032
34639|0x39742faf|14|6486639612
34639|0x39742faf|15|13113010094
34639|0x39742faf|16|21608139893
34639|0x39742faf|17|51322902036
34639|0x239742faf|18|89047424525
34639|0x639742faf|19|178406571549
34639|0xe39742faf|20|356469548300
34639|0x1e39742faf|21|715061887641
34639|0x3e39742faf|22|1426656983167
34639|0x3e39742faf|23|2850890519607
34639|0xbe39742faf|24|5714684922537
35041|0xbb21|1|585895
35041|0x2bb21|2|1399292
35041|0x2bb21|3|3102696
35041|0x2bb21|4|6232955
35041|0x12bb21|5|12656978
35041|0x32bb21|6|25491692
35041|0x32bb21|7|51136795
35041|0x32bb21|8|102413098
35041|0x32bb21|9|204838135
35041|0x32bb21|10|409948269
35041|0x32bb21|11|820209435
35041|0x32bb21|12|1639948374
35041|0x32bb21|13|3280192593
35041|0x2032bb21|14|6543681644
35041|0x6032bb21|15|11253155137
35041|0xe032bb21|16|22349035713
35041|0xe032bb21|17|49182686550
35041|0xe032bb21|18|89667192584
35041|0xe032bb21|19|177084261717
35041|0xe032bb21|20|360749695878
35041|0xe032bb21|21|724790303847
35041|0x20e032bb21|22|1430461553117
35041|0x20e032bb21|23|2849637192097
35041|0x20e032bb21|24|5700082567808
35221|0x179bd|1|585429
35221|0x379bd|2|1403555
35221|0x779bd|3|3104786
35221|0x779bd|4|6261328
35221|0x779bd|5|12679200
35221|0x779bd|6|25531903
35221|0x779bd|7|51237217
35221|0x8779bd|8|102497237
35221|0x18779bd|9|204970333
35221|0x18779bd|10|410076893
35221|0x58779bd|11|768769059
35221|0xd8779bd|12|1647721493
35221|0xd8779bd|13|3281276192
35221|0x2d8779bd|14|5752671435
35221|0x2d8779bd|15|13125969723
35221|0x2d8779bd|16|26252260346
35221|0x2d8779bd|17|48972768726
35221|0x2d8779bd|18|105012322826
35221|0x2d8779bd|19|188033993167
35221|0x82d8779bd|20|356159928873
35221|0x82d8779bd|21|722547989613
35221|0x282d8779bd|22|1427449592982
35221|0x682d8779bd|23|2857189688398
35221|0x682d8779bd|24|5703909643511
35401|0x187f9|1|586631
35401|0x187f9|2|1406807
35401|0x587f9|3|3114827
35401|0x587f9|4|6255772
35401|0x587f9|5|12719248
35401|0x2587f9|6|25566743
35401|0x2587f9|7|42444048
35401|0x2587f9|8|102334080
35401|0x2587f9|9|204956419
35401|0x22587f9|10|410132813
35401|0x22587f9|11|820435949
35401|0xa2587f9|12|1385670400
35401|0xa2587f9|13|2860030336
35401|0x2a2587f9|14|6563965995
35401|0x6a2587f9|15|11157719867
35401|0xea2587f9|16|23048065643
35401|0x1ea2587f9|17|52512607046
35401|0x1ea2587f9|18|106629011836
35401|0x5ea2587f9|19|182359241114
35401|0xdea2587f9|20|365469895266
35401|0x1dea2587f9|21|737257381045
35401|0x1dea2587f9|22|1424458709094
35401|0x5dea2587f9|23|2850945225051
35401|0x5dea2587f9|24|5701975341711
35591|0xf2b7|1|587035
35591|0xf2b7|2|1406511
35591|0xf2b7|3|3120583
35591|0xf2b7|4|6282148
35591|0x10f2b7|5|12725151
35591|0x10f2b7|6|25467094
35591|0x50f2b7|7|51131086
35591|0x50f2b7|8|102443037
35591|0x50f2b7|9|205055082
35591|0x250f2b7|10|410223628
35591|0x650f2b7|11|820645249
35591|0x650f2b7|12|1607073099
35591|0x650f2b7|13|2812135224
35591|0x2650f2b7|14|6565928418
35591|0x2650f2b7|15|11112429473
35591|0x2650f2b7|16|21556359255
35591|0x12650f2b7|17|49346958723
35591|0x32650f2b7|18|93425703428
35591|0x72650f2b7|19|179793929083
35591|0x72650f2b7|20|356880032504
35591|0x72650f2b7|21|722542610181
35591|0x72650f2b7|22|1423122479012
35591|0x72650f2b7|23|2848688153344
35591|0x72650f2b7|24|5704274276851
