9011|0xffb|1|107823
9011|0x8ffb|2|365514
9011|0x8ffb|3|788894
9011|0x8ffb|4|1575354
9011|0x48ffb|5|3257352
9011|0xc8ffb|6|6503875
9011|0x1c8ffb|7|12936007
9011|0x3c8ffb|8|25955487
9011|0x7c8ffb|9|52003124
9011|0xfc8ffb|10|60541510
9011|0xfc8ffb|11|204175124
9011|0x2fc8ffb|12|323888810
9011|0x2fc8ffb|13|686296957
9011|0x2fc8ffb|14|1330912429
9011|0x2fc8ffb|15|3122091322
9011|0x22fc8ffb|16|5258853977
9011|0x22fc8ffb|17|10823371618
9011|0xa2fc8ffb|18|21937165069
9011|0x1a2fc8ffb|19|44122889288
9011|0x1a2fc8ffb|20|89109541556
9011|0x5a2fc8ffb|21|180434154309
9011|0xda2fc8ffb|22|356317880114
9011|0xda2fc8ffb|23|712981082580
9011|0xda2fc8ffb|24|1425447574948
9197|0x31e5|1|159884
9197|0xb1e5|2|364103
9197|0x1b1e5|3|794134
9197|0x1b1e5|4|1609657
9197|0x5b1e5|5|3182124
9197|0xdb1e5|6|6451041
9197|0xdb1e5|7|12880708
9197|0xdb1e5|8|25803566
9197|0xdb1e5|9|51561588
9197|0xdb1e5|10|103055824
9197|0xdb1e5|11|206218995
9197|0xdb1e5|12|412310000
9197|0x40db1e5|13|818406563
9197|0x40db1e5|14|1420721466
9197|0x40db1e5|15|2807204841
9197|0x240db1e5|16|5526233597
9197|0x640db1e5|17|10816342935
9197|0xe40db1e5|18|21605776186
9197|0x1e40db1e5|19|45979994482
9197|0x3e40db1e5|20|89295668006
9197|0x3e40db1e5|21|178360987752
9197|0xbe40db1e5|22|356161272205
9197|0x1be40db1e5|23|714746912126
9197|0x1be40db1e5|24|1425588939442
10139|0x6693|1|158440
10139|0xe693|2|376350
10139|0xe693|3|811836
10139|0xe693|4|1571602
10139|0x4e693|5|3212954
10139|0xce693|6|6442955
10139|0x1ce693|7|12968492
10139|0x3ce693|8|25908659
10139|0x3ce693|9|51839966
10139|0x3ce693|10|103689898
10139|0x3ce693|11|207326539
10139|0x3ce693|12|414720914
10139|0x43ce693|13|829436124
10139|0xc3ce693|14|1582617527
10139|0x1c3ce693|15|2861709143
10139|0x3c3ce693|16|5773077450
10139|0x7c3ce693|17|11066222127
10139|0xfc3ce693|18|21649032316
10139|0xfc3ce693|19|45469989052
10139|0x2fc3ce693|20|90672838981
10139|0x6fc3ce693|21|177800128656
10139|0xefc3ce693|22|355100049710
10139|0xefc3ce693|23|709535336163
10139|0xefc3ce693|24|1417973868449
11021|0x1bc5|1|164705
11021|0x9bc5|2|340806
11021|0x9bc5|3|763381
11021|0x29bc5|4|1606624
11021|0x69bc5|5|3231171
11021|0x69bc5|6|6481520
11021|0x69bc5|7|13054820
11021|0x69bc5|8|26093744
11021|0x69bc5|9|52160046
11021|0x869bc5|10|104331462
11021|0x1869bc5|11|208651955
11021|0x1869bc5|12|417610613
11021|0x1869bc5|13|724468611
11021|0x1869bc5|14|1455279947
11021|0x11869bc5|15|2996934220
11021|0x11869bc5|16|5437312123
11021|0x11869bc5|17|10836667441
11021|0x91869bc5|18|22059434321
11021|0x191869bc5|19|43739529906
11021|0x391869bc5|20|90729044431
11021|0x391869bc5|21|176857448538
11021|0x391869bc5|22|353611900290
11021|0x391869bc5|23|707519090518
11021|0x2391869bc5|24|1413369830620
11225|0x2469|1|164261
11225|0xa469|2|342576
11225|0x1a469|3|769196
11225|0x3a469|4|1622408
11225|0x7a469|5|3262424
11225|0xfa469|6|6487425
11225|0xfa469|7|13058974
11225|0x2fa469|8|26095523
11225|0x2fa469|9|52235867
11225|0x2fa469|10|113703075
11225|0x12fa469|11|172435169
11225|0x32fa469|12|418029976
11225|0x72fa469|13|835715721
11225|0xf2fa469|14|1430012991
11225|0xf2fa469|15|3140447245
11225|0x2f2fa469|16|5549043512
11225|0x2f2fa469|17|10893760926
11225|0x2f2fa469|18|21825368326
11225|0x12f2fa469|19|44605787584
11225|0x32f2fa469|20|88815952590
11225|0x32f2fa469|21|176442929664
11225|0x32f2fa469|22|353687711418
11225|0x32f2fa469|23|706500917567
11225|0x232f2fa469|24|1411440623505
12195|0x7c0b|1|167839
12195|0x7c0b|2|350735
12195|0x17c0b|3|816588
12195|0x17c0b|4|1591974
12195|0x17c0b|5|3265349
12195|0x97c0b|6|6511197
12195|0x197c0b|7|13115646
12195|0x197c0b|8|26265782
12195|0x197c0b|9|52558518
12195|0x197c0b|10|105138984
12195|0x197c0b|11|215652286
12195|0x2197c0b|12|420725622
12195|0x6197c0b|13|841506860
12195|0x6197c0b|14|1631057405
12195|0x16197c0b|15|2820758167
12195|0x16197c0b|16|6631842456
12195|0x56197c0b|17|10897410098
12195|0xd6197c0b|18|21564347304
12195|0x1d6197c0b|19|44252471773
12195|0x3d6197c0b|20|88633927880
12195|0x3d6197c0b|21|176064750644
12195|0x3d6197c0b|22|351867684159
12195|0x3d6197c0b|23|702859805597
12195|0x3d6197c0b|24|1405831913839
13065|0x4b39|1|170277
13065|0x4b39|2|354765
13065|0x14b39|3|838690
13065|0x14b39|4|1635903
13065|0x14b39|5|3313184
13065|0x94b39|6|6615248
13065|0x194b39|7|13220072
13065|0x394b39|8|26447953
13065|0x394b39|9|52953835
13065|0x394b39|10|105831748
13065|0x394b39|11|211630486
13065|0x394b39|12|346415449
13065|0x4394b39|13|846571241
13065|0x4394b39|14|1657771358
13065|0x14394b39|15|2795888126
13065|0x34394b39|16|5426134262
13065|0x74394b39|17|10901883572
13065|0xf4394b39|18|21913334630
13065|0xf4394b39|19|45792352240
13065|0xf4394b39|20|88738594011
13065|0xf4394b39|21|174524760006
13065|0xf4394b39|22|349489760180
13065|0x10f4394b39|23|700946961017
13065|0x10f4394b39|24|1401192192939
13267|0x1c5b|1|170939
13267|0x9c5b|2|360096
13267|0x19c5b|3|785112
13267|0x39c5b|4|1592438
13267|0x39c5b|5|3270020
13267|0x39c5b|6|6594511
13267|0x39c5b|7|13268160
13267|0x239c5b|8|26514222
13267|0x239c5b|9|53050955
13267|0xa39c5b|10|105949663
13267|0x1a39c5b|11|211930455
13267|0x3a39c5b|12|423910258
13267|0x3a39c5b|13|848036982
13267|0xba39c5b|14|1695546951
13267|0x1ba39c5b|15|3343111130
13267|0x3ba39c5b|16|5694248735
13267|0x7ba39c5b|17|10903811238
13267|0xfba39c5b|18|22229596247
13267|0x1fba39c5b|19|44400266142
13267|0x1fba39c5b|20|87718567856
13267|0x5fba39c5b|21|175066185929
13267|0x5fba39c5b|22|350105782523
13267|0x15fba39c5b|23|699753721703
13267|0x15fba39c5b|24|1399067990781
14121|0x5519|1|172847
14121|0x5519|2|367298
14121|0x5519|3|780763
14121|0x25519|4|1661026
14121|0x25519|5|3303452
14121|0xa5519|6|6637925
14121|0x1a5519|7|13319477
14121|0x1a5519|8|26633170
14121|0x1a5519|9|53320840
14121|0x9a5519|10|106565745
14121|0x19a5519|11|213094645
14121|0x39a5519|12|426358279
14121|0x79a5519|13|853060044
14121|0x79a5519|14|1482054178
14121|0x79a5519|15|2707332174
14121|0x279a5519|16|5698926592
14121|0x279a5519|17|10850050003
14121|0xa79a5519|18|21626822837
14121|0x1a79a5519|19|46424888100
14121|0x3a79a5519|20|87866671463
14121|0x3a79a5519|21|176739417038
14121|0xba79a5519|22|352579041686
14121|0xba79a5519|23|709663473315
14121|0x2ba79a5519|24|1420910180464
15009|0x2961|1|176042
15009|0x2961|2|375220
15009|0x2961|3|801950
15009|0x22961|4|1612619
15009|0x62961|5|3325512
15009|0x62961|6|6651872
15009|0x62961|7|13363432
15009|0x62961|8|26808793
15009|0x462961|9|53634528
15009|0xc62961|10|107170541
15009|0xc62961|11|214452120
15009|0x2c62961|12|428953407
15009|0x6c62961|13|857982358
15009|0xec62961|14|1715881123
15009|0x1ec62961|15|3040638766
15009|0x1ec62961|16|5401306169
15009|0x5ec62961|17|10896043191
15009|0xdec62961|18|24192199509
15009|0x1dec62961|19|45109677020
15009|0x3dec62961|20|90776938619
15009|0x3dec62961|21|178227808821
15009|0xbdec62961|22|346979836814
15009|0x1bdec62961|23|694835150343
15009|0x1bdec62961|24|1390710699814
15207|0x3057|1|176823
15207|0xb057|2|376549
15207|0x1b057|3|805914
15207|0x3b057|4|1646266
15207|0x3b057|5|3341796
15207|0x3b057|6|6668317
15207|0x3b057|7|13400304
15207|0x23b057|8|26786472
15207|0x23b057|9|53693710
15207|0x23b057|10|107331731
15207|0x23b057|11|214734976
15207|0x23b057|12|429510454
15207|0x23b057|13|843118380
15207|0x823b057|14|1486377792
15207|0x823b057|15|2968020171
15207|0x823b057|16|5666777611
15207|0x823b057|17|10913507654
15207|0x8823b057|18|21679726520
15207|0x18823b057|19|44474412235
15207|0x38823b057|20|87600313485
15207|0x78823b057|21|174756218999
15207|0xf8823b057|22|348313643798
15207|0xf8823b057|23|693706576525
15207|0x2f8823b057|24|1387570385326
15355|0x1733|1|177281
15355|0x9733|2|378082
15355|0x19733|3|809461
15355|0x19733|4|1627499
15355|0x19733|5|3362094
15355|0x99733|6|6714953
15355|0x99733|7|13422318
15355|0x99733|8|26854793
15355|0x499733|9|53758530
15355|0x499733|10|107484686
15355|0x499733|11|214972976
15355|0x2499733|12|430288590
15355|0x6499733|13|859912495
15355|0x6499733|14|1719720192
15355|0x6499733|15|2851860338
15355|0x26499733|16|5508175360
15355|0x26499733|17|11280833784
15355|0xa6499733|18|21620573324
15355|0xa6499733|19|44480635644
15355|0x2a6499733|20|86581972595
15355|0x6a6499733|21|173612864016
15355|0xea6499733|22|347454123523
15355|0x1ea6499733|23|694206272246
15355|0x3ea6499733|24|1386860108800
16189|0x1015|1|176049
16189|0x1015|2|381858
16189|0x11015|3|827839
16189|0x31015|4|1691135
16189|0x31015|5|3342239
16189|0x31015|6|6744250
16189|0x131015|7|13494802
16189|0x131015|8|27010715
16189|0x131015|9|54075349
16189|0x931015|10|108081708
16189|0x931015|11|216284899
16189|0x931015|12|384213368
16189|0x4931015|13|785937255
16189|0xc931015|14|1537090366
16189|0x1c931015|15|3427635183
16189|0x1c931015|16|5731658320
16189|0x1c931015|17|12133740127
16189|0x1c931015|18|23598349676
16189|0x11c931015|19|43250008299
16189|0x11c931015|20|86262527713
16189|0x51c931015|21|174520690501
16189|0x51c931015|22|346236038430
16189|0x51c931015|23|691083842185
16189|0x51c931015|24|1381352994986
16331|0x6de3|1|495144
16331|0x6de3|2|689957
16331|0x6de3|3|854862
16331|0x26de3|4|1671466
16331|0x26de3|5|3388245
16331|0xa6de3|6|6803727
16331|0x1a6de3|7|13571600
16331|0x1a6de3|8|27070291
16331|0x1a6de3|9|54032441
16331|0x1a6de3|10|108140035
16331|0x1a6de3|11|216326703
16331|0x21a6de3|12|432730935
16331|0x61a6de3|13|865522956
16331|0xe1a6de3|14|1501255334
16331|0x1e1a6de3|15|3061177943
16331|0x3e1a6de3|16|6205576077
16331|0x7e1a6de3|17|10833805601
16331|0xfe1a6de3|18|27698428525
16331|0xfe1a6de3|19|44174662706
16331|0x2fe1a6de3|20|92226283217
16331|0x2fe1a6de3|21|177998579784
16331|0xafe1a6de3|22|345706239407
16331|0xafe1a6de3|23|691835873586
16331|0xafe1a6de3|24|1381115451924
16871|0x41d7|1|322164
16871|0x141d7|2|698008
16871|0x341d7|3|1526530
16871|0x341d7|4|3163987
16871|0xb41d7|5|6399023
16871|0xb41d7|6|12786746
16871|0x2b41d7|7|25588784
16871|0x6b41d7|8|51139417
16871|0xeb41d7|9|105685975
16871|0xeb41d7|10|204767231
16871|0xeb41d7|11|355638805
16871|0xeb41d7|12|819056031
16871|0xeb41d7|13|1626785109
16871|0x10eb41d7|14|2758778118
16871|0x10eb41d7|15|5505675485
16871|0x10eb41d7|16|10788205100
16871|0x10eb41d7|17|21790328060
16871|0x110eb41d7|18|45725214377
16871|0x310eb41d7|19|89232176545
16871|0x310eb41d7|20|178607048854
16871|0x310eb41d7|21|356771905496
16871|0x1310eb41d7|22|713911530807
16871|0x1310eb41d7|23|1427356311051
16871|0x1310eb41d7|24|2857680587011
17039|0x9c6f|1|628476
17039|0x9c6f|2|700128
17039|0x9c6f|3|1558364
17039|0x49c6f|4|3150860
17039|0xc9c6f|5|6400855
17039|0xc9c6f|6|12760257
17039|0x2c9c6f|7|25621782
17039|0x6c9c6f|8|51186411
17039|0x6c9c6f|9|102424198
17039|0x16c9c6f|10|204805902
17039|0x16c9c6f|11|409738332
17039|0x56c9c6f|12|815893888
17039|0xd6c9c6f|13|1501901490
17039|0xd6c9c6f|14|2752646953
17039|0xd6c9c6f|15|5669975780
17039|0xd6c9c6f|16|10984489297
17039|0x8d6c9c6f|17|21927368184
17039|0x18d6c9c6f|18|44228639106
17039|0x18d6c9c6f|19|90244840998
17039|0x58d6c9c6f|20|178683700243
17039|0x58d6c9c6f|21|357104721598
17039|0x158d6c9c6f|22|713600504681
17039|0x158d6c9c6f|23|1427544731759
17039|0x158d6c9c6f|24|2857011989043
17215|0x2cbf|1|299727
17215|0x12cbf|2|702060
17215|0x12cbf|3|1539157
17215|0x12cbf|4|3191880
17215|0x12cbf|5|6384654
17215|0x12cbf|6|12755972
17215|0x12cbf|7|25597689
17215|0x12cbf|8|42351567
17215|0x12cbf|9|102448680
17215|0x1012cbf|10|205055356
17215|0x3012cbf|11|410059175
17215|0x7012cbf|12|820206579
17215|0xf012cbf|13|1631780294
17215|0xf012cbf|14|2796334734
17215|0xf012cbf|15|5501373030
17215|0xf012cbf|16|10959704530
17215|0xf012cbf|17|21647671342
17215|0x10f012cbf|18|46095841720
17215|0x10f012cbf|19|92150142657
17215|0x10f012cbf|20|178254500800
17215|0x10f012cbf|21|356819510823
17215|0x110f012cbf|22|713530200336
17215|0x310f012cbf|23|1426636928440
17215|0x310f012cbf|24|2853326928006
17807|0x396f|1|644589
17807|0x1396f|2|709902
17807|0x3396f|3|1574927
17807|0x3396f|4|3146292
17807|0xb396f|5|6370343
17807|0xb396f|6|12776702
17807|0xb396f|7|25656317
17807|0x4b396f|8|51331373
17807|0xcb396f|9|102744341
17807|0xcb396f|10|205447443
17807|0xcb396f|11|411031843
17807|0xcb396f|12|722473351
17807|0x8cb396f|13|1540021616
17807|0x18cb396f|14|2731214123
17807|0x38cb396f|15|5727894480
17807|0x38cb396f|16|10802926090
17807|0xb8cb396f|17|21739529443
17807|0xb8cb396f|18|45109409587
17807|0x2b8cb396f|19|88990267244
17807|0x6b8cb396f|20|178391237938
17807|0x6b8cb396f|21|356067927127
17807|0x16b8cb396f|22|631949405058
17807|0x16b8cb396f|23|835983246906
17807|0x16b8cb396f|24|1676166463203
17917|0xbf55|1|195766
17917|0x1bf55|2|422248
17917|0x1bf55|3|875140
17917|0x5bf55|4|1792373
17917|0x5bf55|5|3908920
17917|0x5bf55|6|7474885
17917|0x5bf55|7|15004332
17917|0x45bf55|8|30279699
17917|0xc5bf55|9|60576117
17917|0xc5bf55|10|120833179
17917|0xc5bf55|11|242223631
17917|0xc5bf55|12|483005743
17917|0xc5bf55|13|965183285
17917|0x10c5bf55|14|1945586008
17917|0x30c5bf55|15|3869236089
17917|0x30c5bf55|16|7749415153
17917|0xb0c5bf55|17|14917329373
17917|0xb0c5bf55|18|29135472426
17917|0xb0c5bf55|19|52697927541
17917|0x4b0c5bf55|20|106715540797
17917|0xcb0c5bf55|21|267496319238
17917|0x1cb0c5bf55|22|417934003022
17917|0x1cb0c5bf55|23|832439328450
17917|0x1cb0c5bf55|24|1744615705977
18037|0xd9dd|1|305617
18037|0xd9dd|2|712868
18037|0x2d9dd|3|1592559
18037|0x2d9dd|4|3175396
18037|0x2d9dd|5|6415930
18037|0x2d9dd|6|12856747
18037|0x22d9dd|7|25734247
18037|0x22d9dd|8|51405608
18037|0xa2d9dd|9|102858094
18037|0xa2d9dd|10|205680175
18037|0x2a2d9dd|11|400265040
18037|0x6a2d9dd|12|830828031
18037|0x6a2d9dd|13|1499240698
18037|0x16a2d9dd|14|2959826838
18037|0x36a2d9dd|15|5504614049
18037|0x36a2d9dd|16|11705206456
18037|0xb6a2d9dd|17|21700367180
18037|0xb6a2d9dd|18|45060552585
18037|0xb6a2d9dd|19|88279024743
18037|0x4b6a2d9dd|20|121023620668
18037|0xcb6a2d9dd|21|212842221727
18037|0xcb6a2d9dd|22|422281220051
18037|0xcb6a2d9dd|23|833262048784
18037|0x4cb6a2d9dd|24|1672757967419
18137|0xd969|1|172373
18137|0x1d969|2|399871
18137|0x1d969|3|879225
18137|0x5d969|4|2018945
18137|0xdd969|5|3623503
18137|0x1dd969|6|7618977
18137|0x1dd969|7|15150683
18137|0x5dd969|8|30320960
18137|0x5dd969|9|60650627
18137|0x15dd969|10|121520532
18137|0x35dd969|11|242249076
18137|0x75dd969|12|484684495
18137|0xf5dd969|13|810599427
18137|0x1f5dd969|14|1618045095
18137|0x1f5dd969|15|3224452762
18137|0x5f5dd969|16|6818830570
18137|0xdf5dd969|17|12806008122
18137|0x1df5dd969|18|31021776847
18137|0x3df5dd969|19|54352098386
18137|0x7df5dd969|20|105267854195
18137|0x7df5dd969|21|207846981630
18137|0x7df5dd969|22|419515603614
18137|0x7df5dd969|23|833896060536
18137|0x47df5dd969|24|2092281045181
18255|0x6faf|1|303699
18255|0x6faf|2|715296
18255|0x6faf|3|1593845
18255|0x46faf|4|3162055
18255|0xc6faf|5|6383782
18255|0x1c6faf|6|12841915
18255|0x1c6faf|7|25696429
18255|0x5c6faf|8|51379410
18255|0xdc6faf|9|102875976
18255|0x1dc6faf|10|192322538
18255|0x3dc6faf|11|411593566
18255|0x7dc6faf|12|823485672
18255|0x7dc6faf|13|1419561159
18255|0x17dc6faf|14|2753906829
18255|0x17dc6faf|15|5499699627
18255|0x17dc6faf|16|10976355869
18255|0x97dc6faf|17|21634366844
18255|0x197dc6faf|18|43963933086
18255|0x197dc6faf|19|89107717931
18255|0x597dc6faf|20|178007024570
18255|0xd97dc6faf|21|356008982693
18255|0x1d97dc6faf|22|711675668665
18255|0x1d97dc6faf|23|1423949235378
18255|0x5d97dc6faf|24|2851524060339
18433|0xb801|1|302993
18433|0x1b801|2|745230
18433|0x3b801|3|1581717
18433|0x7b801|4|3231465
18433|0xfb801|5|6440315
18433|0x1fb801|6|12915460
18433|0x3fb801|7|25743443
18433|0x3fb801|8|51478431
18433|0x3fb801|9|102961284
18433|0x3fb801|10|205923153
18433|0x3fb801|11|411879268
18433|0x43fb801|12|823863833
18433|0x43fb801|13|1469016680
18433|0x143fb801|14|2789687665
18433|0x143fb801|15|5622278864
18433|0x143fb801|16|10934808219
18433|0x143fb801|17|21756067569
18433|0x143fb801|18|43166657189
18433|0x2143fb801|19|89274921666
18433|0x6143fb801|20|178589677693
18433|0xe143fb801|21|356681644422
18433|0xe143fb801|22|711783340461
18433|0xe143fb801|23|1423019137065
18433|0x4e143fb801|24|2846448908100
18985|0xf219|1|305216
18985|0xf219|2|748850
18985|0x2f219|3|1518654
18985|0x6f219|4|3155770
18985|0xef219|5|6392626
18985|0xef219|6|12924053
18985|0x2ef219|7|25755473
18985|0x2ef219|8|51533376
18985|0xaef219|9|107160805
18985|0xaef219|10|180176639
18985|0x2aef219|11|412309398
18985|0x2aef219|12|768100105
18985|0x2aef219|13|1408824964
18985|0x2aef219|14|2762166013
18985|0x2aef219|15|5691212399
18985|0x2aef219|16|10805320178
18985|0x2aef219|17|21830604843
18985|0x102aef219|18|45666872490
18985|0x102aef219|19|89470909717
18985|0x102aef219|20|178650506001
18985|0x102aef219|21|356201828766
18985|0x1102aef219|22|710961544479
18985|0x1102aef219|23|1421950415495
18985|0x1102aef219|24|2844540889292
19179|0xdc3|1|305992
19179|0x10dc3|2|744114
19179|0x30dc3|3|1523120
19179|0x30dc3|4|3169164
19179|0xb0dc3|5|6407412
19179|0xb0dc3|6|12874496
19179|0x2b0dc3|7|25805247
19179|0x2b0dc3|8|51590758
19179|0xab0dc3|9|103226986
19179|0x1ab0dc3|10|206465842
19179|0x3ab0dc3|11|413013990
19179|0x3ab0dc3|12|697639355
19179|0x3ab0dc3|13|1387571647
19179|0x13ab0dc3|14|3295393075
19179|0x13ab0dc3|15|5832447581
19179|0x13ab0dc3|16|10878532549
19179|0x93ab0dc3|17|21568850719
19179|0x193ab0dc3|18|43730505874
19179|0x393ab0dc3|19|88842346370
19179|0x393ab0dc3|20|178268181812
19179|0xb93ab0dc3|21|355300630745
19179|0x1b93ab0dc3|22|672681850292
19179|0x1b93ab0dc3|23|834461693387
19179|0x1b93ab0dc3|24|1670004657385
19303|0xa057|1|194861
19303|0xa057|2|447279
19303|0x2a057|3|881567
19303|0x2a057|4|1765504
19303|0xaa057|5|3600230
19303|0xaa057|6|7432196
19303|0xaa057|7|14822321
19303|0x4aa057|8|29608713
19303|0x4aa057|9|53455142
19303|0x14aa057|10|118476366
19303|0x34aa057|11|237069230
19303|0x34aa057|12|475002581
19303|0x34aa057|13|952210227
19303|0x134aa057|14|1648509162
19303|0x334aa057|15|3489684173
19303|0x334aa057|16|6233221725
19303|0xb34aa057|17|13357743953
19303|0x1b34aa057|18|25676707992
19303|0x3b34aa057|19|51801488381
19303|0x7b34aa057|20|114435642082
19303|0x7b34aa057|21|209712748730
19303|0x7b34aa057|22|417280159791
19303|0x27b34aa057|23|836690655093
19303|0x27b34aa057|24|1666595608407
19403|0x1e3|1|171539
19403|0x101e3|2|464870
19403|0x301e3|3|973351
19403|0x301e3|4|1871931
19403|0x301e3|5|3607855
19403|0x1301e3|6|7500365
19403|0x3301e3|7|15041163
19403|0x3301e3|8|29963143
19403|0x3301e3|9|59690910
19403|0x3301e3|10|119913563
19403|0x23301e3|11|239771548
19403|0x23301e3|12|479395175
19403|0x23301e3|13|957992482
19403|0x123301e3|14|1917570349
19403|0x323301e3|15|3781294926
19403|0x723301e3|16|7062660570
19403|0xf23301e3|17|13082462075
19403|0x1f23301e3|18|30854846391
19403|0x1f23301e3|19|53393475935
19403|0x1f23301e3|20|110403508061
19403|0x1f23301e3|21|210069376883
19403|0x1f23301e3|22|415606022414
19403|0x1f23301e3|23|837085832966
19403|0x1f23301e3|24|1661035381885
19909|0xa90d|1|170171
19909|0x1a90d|2|412299
19909|0x1a90d|3|865489
19909|0x1a90d|4|1828532
19909|0x1a90d|5|3875166
19909|0x1a90d|6|7520962
19909|0x21a90d|7|15216849
19909|0x61a90d|8|30263125
19909|0x61a90d|9|60703493
19909|0x161a90d|10|121645104
19909|0x161a90d|11|242753213
19909|0x161a90d|12|484884881
19909|0x161a90d|13|971503121
19909|0x1161a90d|14|1943178244
19909|0x1161a90d|15|3885518501
19909|0x5161a90d|16|7334855364
19909|0x5161a90d|17|13037525546
19909|0x15161a90d|18|27137311713
19909|0x35161a90d|19|53343819587
19909|0x35161a90d|20|105549169234
19909|0xb5161a90d|21|210251684958
19909|0x1b5161a90d|22|421738986473
19909|0x1b5161a90d|23|836641624435
19909|0x1b5161a90d|24|1670616218982
20015|0xb8cf|1|172617
20015|0x1b8cf|2|413380
20015|0x1b8cf|3|885496
20015|0x1b8cf|4|1791729
20015|0x1b8cf|5|3896553
20015|0x1b8cf|6|7518218
20015|0x21b8cf|7|15014232
20015|0x21b8cf|8|30196691
20015|0xa1b8cf|9|60398297
20015|0xa1b8cf|10|120900513
20015|0xa1b8cf|11|241890053
20015|0x4a1b8cf|12|482575233
20015|0x4a1b8cf|13|965759252
20015|0x4a1b8cf|14|1931598195
20015|0x24a1b8cf|15|3879921472
20015|0x24a1b8cf|16|7733818676
20015|0x24a1b8cf|17|15457875655
20015|0x24a1b8cf|18|26464753771
20015|0x24a1b8cf|19|62475083735
20015|0x24a1b8cf|20|107801790673
20015|0x24a1b8cf|21|211974279095
20015|0x1024a1b8cf|22|418337324721
20015|0x3024a1b8cf|23|827468470721
20015|0x3024a1b8cf|24|1673002942870
20125|0xa7b5|1|196195
20125|0xa7b5|2|454936
20125|0xa7b5|3|888055
20125|0xa7b5|4|1796017
20125|0xa7b5|5|3939467
20125|0xa7b5|6|7553976
20125|0xa7b5|7|15467952
20125|0xa7b5|8|30644477
20125|0x80a7b5|9|61493711
20125|0x80a7b5|10|122758951
20125|0x280a7b5|11|245244511
20125|0x680a7b5|12|491252211
20125|0x680a7b5|13|982579147
20125|0x1680a7b5|14|1964678906
20125|0x1680a7b5|15|3929785342
20125|0x1680a7b5|16|7847948938
20125|0x1680a7b5|17|15555280283
20125|0x11680a7b5|18|29631055360
20125|0x31680a7b5|19|53229877122
20125|0x31680a7b5|20|109198220948
20125|0x31680a7b5|21|212973265094
20125|0x31680a7b5|22|414221470475
20125|0x31680a7b5|23|831545867143
20125|0x431680a7b5|24|1666836843214
20221|0xbe55|1|173061
20221|0xbe55|2|625053
20221|0x2be55|3|870795
20221|0x6be55|4|1907195
20221|0xebe55|5|3730057
20221|0x1ebe55|6|7558625
20221|0x3ebe55|7|15358458
20221|0x3ebe55|8|30523165
20221|0x3ebe55|9|60976735
20221|0x3ebe55|10|122351627
20221|0x3ebe55|11|244742682
20221|0x43ebe55|12|487466694
20221|0x43ebe55|13|886814468
20221|0x143ebe55|14|1954750233
20221|0x343ebe55|15|3265073484
20221|0x743ebe55|16|6362388999
20221|0x743ebe55|17|14433583458
20221|0x743ebe55|18|25439911084
20221|0x2743ebe55|19|52462295042
20221|0x2743ebe55|20|105446939711
20221|0xa743ebe55|21|214453231162
20221|0xa743ebe55|22|413133866834
20221|0xa743ebe55|23|834903555563
20221|0x4a743ebe55|24|1664391805503
20315|0x48d3|1|196616
20315|0x148d3|2|472089
20315|0x348d3|3|961726
20315|0x748d3|4|1753817
20315|0x748d3|5|3766351
20315|0x1748d3|6|7623275
20315|0x1748d3|7|15105982
20315|0x5748d3|8|30496807
20315|0xd748d3|9|60546462
20315|0xd748d3|10|121526004
20315|0xd748d3|11|243054244
20315|0x4d748d3|12|486072027
20315|0xcd748d3|13|972432146
20315|0xcd748d3|14|1944159960
20315|0xcd748d3|15|3889037656
20315|0xcd748d3|16|7563426825
20315|0xcd748d3|17|13963723025
20315|0x10cd748d3|18|26681315708
20315|0x30cd748d3|19|53638909969
20315|0x70cd748d3|20|105932950731
20315|0xf0cd748d3|21|214310454063
20315|0x1f0cd748d3|22|417638601957
20315|0x1f0cd748d3|23|846072089919
20315|0x1f0cd748d3|24|1661946896161
20437|0x717d|1|202861
20437|0x717d|2|416379
20437|0x717d|3|874335
20437|0x4717d|4|1775291
20437|0xc717d|5|3986639
20437|0xc717d|6|6189823
20437|0x2c717d|7|15093950
20437|0x2c717d|8|30504800
20437|0x2c717d|9|61036590
20437|0x2c717d|10|122539910
20437|0x2c717d|11|244546568
20437|0x42c717d|12|488354214
20437|0x42c717d|13|858050959
20437|0x142c717d|14|1954801204
20437|0x142c717d|15|3395481499
20437|0x142c717d|16|7823207850
20437|0x942c717d|17|13636592666
20437|0x1942c717d|18|25660193496
20437|0x3942c717d|19|52437104531
20437|0x7942c717d|20|126883621320
20437|0xf942c717d|21|212822886608
20437|0x1f942c717d|22|415610879510
20437|0x1f942c717d|23|835681608944
20437|0x1f942c717d|24|2166042576276
20937|0x9879|1|311719
20937|0x9879|2|749584
20937|0x29879|3|1578677
20937|0x29879|4|3199791
20937|0xa9879|5|6493080
20937|0x1a9879|6|12974650
20937|0x3a9879|7|25964982
20937|0x7a9879|8|51906435
20937|0xfa9879|9|103817808
20937|0x1fa9879|10|207758361
20937|0x1fa9879|11|415559695
20937|0x1fa9879|12|831047506
20937|0x9fa9879|13|1662353406
20937|0x9fa9879|14|3324522104
20937|0x29fa9879|15|6649209816
20937|0x69fa9879|16|11044730439
20937|0xe9fa9879|17|22589298486
20937|0xe9fa9879|18|45326623370
20937|0xe9fa9879|19|88647670139
20937|0xe9fa9879|20|177935626692
20937|0xe9fa9879|21|353963490607
20937|0xe9fa9879|22|707847359450
20937|0xe9fa9879|23|1420254341482
20937|0x40e9fa9879|24|2833556403969
21119|0x6d7f|1|310791
21119|0x16d7f|2|751375
21119|0x16d7f|3|1581837
21119|0x16d7f|4|3207463
21119|0x96d7f|5|6433470
21119|0x96d7f|6|12925149
21119|0x96d7f|7|25940337
21119|0x496d7f|8|51919857
21119|0xc96d7f|9|103903816
21119|0x1c96d7f|10|207868645
21119|0x1c96d7f|11|415766872
21119|0x1c96d7f|12|831609665
21119|0x9c96d7f|13|1663450559
21119|0x9c96d7f|14|3326398321
21119|0x29c96d7f|15|5612637517
21119|0x69c96d7f|16|11742087382
21119|0x69c96d7f|17|21633698039
21119|0x169c96d7f|18|44248172220
21119|0x369c96d7f|19|88617380263
21119|0x769c96d7f|20|178144642772
21119|0x769c96d7f|21|354069748626
21119|0x1769c96d7f|22|707399340485
21119|0x1769c96d7f|23|1415785128192
21119|0x1769c96d7f|24|2829983805054
21305|0xab09|1|307808
21305|0xab09|2|754097
21305|0x2ab09|3|1583888
21305|0x6ab09|4|3220991
21305|0x6ab09|5|6465163
21305|0x16ab09|6|12964299
21305|0x16ab09|7|25964106
21305|0x16ab09|8|51961491
21305|0x96ab09|9|103929298
21305|0x196ab09|10|208023463
21305|0x196ab09|11|416182530
21305|0x596ab09|12|739305790
21305|0xd96ab09|13|1493039064
21305|0xd96ab09|14|2990870279
21305|0x2d96ab09|15|5500128926
21305|0x2d96ab09|16|10820854647
21305|0x2d96ab09|17|21622751685
21305|0x2d96ab09|18|43170555169
21305|0x22d96ab09|19|88204367116
21305|0x62d96ab09|20|176633312600
21305|0xe2d96ab09|21|353936383694
21305|0x1e2d96ab09|22|707922302495
21305|0x1e2d96ab09|23|1414867025500
21305|0x1e2d96ab09|24|1872088127379
21443|0xb4eb|1|175628
21443|0xb4eb|2|423392
21443|0x2b4eb|3|934122
21443|0x2b4eb|4|2061035
21443|0xab4eb|5|3730764
21443|0x1ab4eb|6|7871520
21443|0x1ab4eb|7|16035410
21443|0x1ab4eb|8|31844677
21443|0x1ab4eb|9|63747793
21443|0x11ab4eb|10|127522158
21443|0x11ab4eb|11|255538435
21443|0x11ab4eb|12|510816508
21443|0x11ab4eb|13|924859162
21443|0x11ab4eb|14|1757814937
21443|0x11ab4eb|15|4104928132
21443|0x11ab4eb|16|7299005683
21443|0x811ab4eb|17|13935255957
21443|0x811ab4eb|18|27563310160
21443|0x2811ab4eb|19|56689593331
21443|0x6811ab4eb|20|112877009729
21443|0x6811ab4eb|21|222190137789
21443|0x16811ab4eb|22|438211671108
21443|0x16811ab4eb|23|865977513420
21443|0x16811ab4eb|24|1751278702887
21919|0x865f|1|175311
21919|0x1865f|2|374399
21919|0x1865f|3|917719
21919|0x1865f|4|2020901
21919|0x1865f|5|3895140
21919|0x11865f|6|7952013
21919|0x11865f|7|16074882
21919|0x11865f|8|32015363
21919|0x91865f|9|64135075
21919|0x91865f|10|128131481
21919|0x91865f|11|256276311
21919|0x491865f|12|512920201
21919|0xc91865f|13|1026054699
21919|0xc91865f|14|1990479120
21919|0x2c91865f|15|3467164000
21919|0x2c91865f|16|7988198494
21919|0x2c91865f|17|14578078719
21919|0x2c91865f|18|26644029390
21919|0x2c91865f|19|54157126552
21919|0x2c91865f|20|113514316255
21919|0x82c91865f|21|220500770177
21919|0x82c91865f|22|437348458355
21919|0x282c91865f|23|869165589980
21919|0x682c91865f|24|1746933613258
22035|0xe41b|1|199362
22035|0xe41b|2|374914
22035|0x2e41b|3|935945
22035|0x2e41b|4|2000142
22035|0xae41b|5|3927005
22035|0x1ae41b|6|7993603
22035|0x3ae41b|7|16143493
22035|0x3ae41b|8|31968507
22035|0x3ae41b|9|64346473
22035|0x13ae41b|10|128790187
22035|0x13ae41b|11|257281002
22035|0x13ae41b|12|514780080
22035|0x13ae41b|13|1030669823
22035|0x13ae41b|14|2048460938
22035|0x213ae41b|15|4091745343
22035|0x613ae41b|16|7918899901
22035|0x613ae41b|17|14912434700
22035|0x1613ae41b|18|30809542619
22035|0x1613ae41b|19|54718276387
22035|0x5613ae41b|20|112041680613
22035|0x5613ae41b|21|220823416898
22035|0x15613ae41b|22|438870577922
22035|0x15613ae41b|23|868493740798
22035|0x55613ae41b|24|1751273193535
22139|0x18b3|1|199682
22139|0x18b3|2|426411
22139|0x18b3|3|965358
22139|0x18b3|4|1976544
22139|0x818b3|5|3894389
22139|0x1818b3|6|8006939
22139|0x3818b3|7|15850196
22139|0x7818b3|8|31907138
22139|0x7818b3|9|63892510
22139|0x7818b3|10|127916569
22139|0x27818b3|11|255712783
22139|0x27818b3|12|511725234
22139|0xa7818b3|13|1022874110
22139|0xa7818b3|14|1710248936
22139|0x2a7818b3|15|3586333341
22139|0x6a7818b3|16|6872643005
22139|0xea7818b3|17|14357383575
22139|0x1ea7818b3|18|29476359027
22139|0x1ea7818b3|19|58950902003
22139|0x1ea7818b3|20|110754993811
22139|0x1ea7818b3|21|223592810329
22139|0x11ea7818b3|22|436684816354
22139|0x31ea7818b3|23|869123953658
22139|0x71ea7818b3|24|1748743921890
22255|0x980f|1|173489
22255|0x1980f|2|375645
22255|0x3980f|3|851500
22255|0x3980f|4|2021091
22255|0x3980f|5|4003738
22255|0x13980f|6|7920290
22255|0x33980f|7|16095593
22255|0x73980f|8|32041514
22255|0x73980f|9|64275763
22255|0x173980f|10|128435914
22255|0x173980f|11|256522175
22255|0x173980f|12|513484109
22255|0x173980f|13|1026648161
22255|0x1173980f|14|1803618996
22255|0x3173980f|15|4077641926
22255|0x3173980f|16|7385472609
22255|0x3173980f|17|13797787096
22255|0x13173980f|18|27650602858
22255|0x33173980f|19|54597917942
22255|0x33173980f|20|109499901535
22255|0xb3173980f|21|221432269606
22255|0x1b3173980f|22|438214740587
22255|0x1b3173980f|23|868095546731
22255|0x1b3173980f|24|1747794559385
22373|0x26d|1|198266
22373|0x26d|2|425364
22373|0x26d|3|967347
22373|0x4026d|4|2032628
22373|0xc026d|5|3890344
22373|0x1c026d|6|8019697
22373|0x3c026d|7|16107463
22373|0x3c026d|8|32091929
22373|0xbc026d|9|64374588
22373|0x1bc026d|10|128697467
22373|0x1bc026d|11|257489393
22373|0x5bc026d|12|515633234
22373|0xdbc026d|13|1040801488
22373|0x1dbc026d|14|1890841070
22373|0x3dbc026d|15|4101233947
22373|0x7dbc026d|16|8185686569
22373|0xfdbc026d|17|14382779791
22373|0x1fdbc026d|18|27577366303
22373|0x1fdbc026d|19|54912337580
22373|0x5fdbc026d|20|110080331212
22373|0xdfdbc026d|21|219558446018
22373|0xdfdbc026d|22|441924590618
22373|0xdfdbc026d|23|870611931444
22373|0x4dfdbc026d|24|1747061381737
22475|0x95e3|1|176625
22475|0x195e3|2|377006
22475|0x395e3|3|948586
22475|0x395e3|4|2014260
22475|0xb95e3|5|3944235
22475|0xb95e3|6|8029539
22475|0x2b95e3|7|16138350
22475|0x2b95e3|8|32074697
22475|0xab95e3|9|64411292
22475|0xab95e3|10|128705065
22475|0xab95e3|11|257809082
22475|0xab95e3|12|515107971
22475|0x8ab95e3|13|1029742629
22475|0x18ab95e3|14|2059229325
22475|0x38ab95e3|15|3443377593
22475|0x78ab95e3|16|7143110715
22475|0x78ab95e3|17|13428031091
22475|0x78ab95e3|18|27004109508
22475|0x278ab95e3|19|54939947542
22475|0x278ab95e3|20|109916633248
22475|0xa78ab95e3|21|219770243800
22475|0x1a78ab95e3|22|435514943910
22475|0x1a78ab95e3|23|868345882640
22475|0x1a78ab95e3|24|1747609767443
22953|0x5a99|1|201637
22953|0x15a99|2|430825
22953|0x15a99|3|886105
22953|0x55a99|4|1903173
22953|0xd5a99|5|4104776
22953|0x1d5a99|6|7924465
22953|0x3d5a99|7|16032251
22953|0x3d5a99|8|32128637
22953|0x3d5a99|9|64447188
22953|0x13d5a99|10|128822615
22953|0x33d5a99|11|257662985
22953|0x33d5a99|12|516006225
22953|0xb3d5a99|13|1031856945
22953|0xb3d5a99|14|1821997432
22953|0xb3d5a99|15|4063389944
22953|0x4b3d5a99|16|6984559975
22953|0x4b3d5a99|17|13363796162
22953|0x4b3d5a99|18|27534017449
22953|0x24b3d5a99|19|54678436966
22953|0x64b3d5a99|20|110232843050
22953|0x64b3d5a99|21|221187653210
22953|0x164b3d5a99|22|437399112996
22953|0x364b3d5a99|23|870708751640
22953|0x364b3d5a99|24|1746450171053
23065|0x6229|1|201473
23065|0x6229|2|431495
23065|0x6229|3|980846
23065|0x46229|4|1958200
23065|0x46229|5|3947843
23065|0x146229|6|8037670
23065|0x146229|7|15901235
23065|0x146229|8|32252760
23065|0x946229|9|64105977
23065|0x1946229|10|128599433
23065|0x3946229|11|257059038
23065|0x7946229|12|476355455
23065|0xf946229|13|869725847
23065|0x1f946229|14|1815931234
23065|0x1f946229|15|3769164874
23065|0x5f946229|16|6882772406
23065|0xdf946229|17|14107028992
23065|0xdf946229|18|27669643764
23065|0xdf946229|19|54773909122
23065|0xdf946229|20|109796963902
23065|0xdf946229|21|219602854327
23065|0x10df946229|22|437983307643
23065|0x10df946229|23|866640970751
23065|0x50df946229|24|1745411743430
23173|0x8e4d|1|177307
23173|0x18e4d|2|380177
23173|0x38e4d|3|884615
23173|0x38e4d|4|2041888
23173|0x38e4d|5|3901127
23173|0x38e4d|6|8066793
23173|0x238e4d|7|16011273
23173|0x238e4d|8|31989999
23173|0xa38e4d|9|63859576
23173|0x1a38e4d|10|128019995
23173|0x3a38e4d|11|256481369
23173|0x7a38e4d|12|513505343
23173|0xfa38e4d|13|993600173
23173|0xfa38e4d|14|2061372931
23173|0x2fa38e4d|15|3554007353
23173|0x6fa38e4d|16|6704842543
23173|0xefa38e4d|17|13379001820
23173|0xefa38e4d|18|27957185452
23173|0xefa38e4d|19|55013933429
23173|0x4efa38e4d|20|109925035136
23173|0x4efa38e4d|21|219582946512
23173|0x14efa38e4d|22|437116918991
23173|0x34efa38e4d|23|869362087995
23173|0x74efa38e4d|24|1745671826286
23289|0x4749|1|202171
23289|0x14749|2|450595
23289|0x34749|3|917530
23289|0x34749|4|1915677
23289|0x34749|5|4090547
23289|0x34749|6|7914321
23289|0x34749|7|16086538
23289|0x434749|8|32056681
23289|0xc34749|9|64316294
23289|0x1c34749|10|128318328
23289|0x3c34749|11|256419001
23289|0x3c34749|12|513133089
23289|0x3c34749|13|1026988496
23289|0x13c34749|14|2062871623
23289|0x33c34749|15|4113755312
23289|0x33c34749|16|7092891220
23289|0x33c34749|17|14862322430
23289|0x133c34749|18|27948787422
23289|0x333c34749|19|57227962856
23289|0x333c34749|20|110070742349
23289|0x333c34749|21|220016611430
23289|0x1333c34749|22|435942817279
23289|0x3333c34749|23|867472049720
23289|0x3333c34749|24|1744002711162
23389|0xd0f5|1|199730
23389|0x1d0f5|2|433292
23389|0x1d0f5|3|974494
23389|0x1d0f5|4|1858603
23389|0x1d0f5|5|4016034
23389|0x11d0f5|6|7961136
23389|0x11d0f5|7|15971435
23389|0x51d0f5|8|31984428
23389|0x51d0f5|9|64023034
23389|0x151d0f5|10|128032052
23389|0x151d0f5|11|256240110
23389|0x151d0f5|12|503411353
23389|0x151d0f5|13|1007623385
23389|0x1151d0f5|14|2049501078
23389|0x3151d0f5|15|3544680473
23389|0x3151d0f5|16|7081955312
23389|0x3151d0f5|17|13608637636
23389|0x3151d0f5|18|27590957312
23389|0x23151d0f5|19|54574047071
23389|0x63151d0f5|20|110411765392
23389|0xe3151d0f5|21|220734729679
23389|0x1e3151d0f5|22|435416533939
23389|0x1e3151d0f5|23|867678004632
23389|0x1e3151d0f5|24|1765195702230
23509|0x57d|1|192585
23509|0x57d|2|381792
23509|0x57d|3|869347
23509|0x57d|4|2054541
23509|0x8057d|5|3998892
23509|0x8057d|6|7934012
23509|0x28057d|7|16119777
23509|0x68057d|8|32065754
23509|0xe8057d|9|64161893
23509|0x1e8057d|10|128226469
23509|0x1e8057d|11|256915190
23509|0x1e8057d|12|513583599
23509|0x1e8057d|13|1028233045
23509|0x11e8057d|14|1821210404
23509|0x31e8057d|15|4107390662
23509|0x31e8057d|16|7251074927
23509|0x31e8057d|17|13791530526
23509|0x131e8057d|18|28218411356
23509|0x131e8057d|19|54984754942
23509|0x531e8057d|20|110461992471
23509|0x531e8057d|21|222807878234
23509|0x1531e8057d|22|436819764295
23509|0x3531e8057d|23|866946082582
23509|0x3531e8057d|24|1745058940796
24007|0x53f7|1|223469
24007|0x53f7|2|432639
24007|0x253f7|3|876965
24007|0x253f7|4|1938983
24007|0x253f7|5|4043981
24007|0x1253f7|6|7901994
24007|0x1253f7|7|16175053
24007|0x5253f7|8|32092003
24007|0xd253f7|9|64221593
24007|0xd253f7|10|128404460
24007|0xd253f7|11|257470609
24007|0x4d253f7|12|414500876
24007|0xcd253f7|13|1029142267
24007|0xcd253f7|14|2033028530
24007|0x2cd253f7|15|3380492838
24007|0x6cd253f7|16|6626817735
24007|0x6cd253f7|17|13372668425
24007|0x16cd253f7|18|27542430963
24007|0x16cd253f7|19|56308356786
24007|0x56cd253f7|20|109930850345
24007|0x56cd253f7|21|220233786548
24007|0x56cd253f7|22|435327102473
24007|0x56cd253f7|23|868996201927
24007|0x456cd253f7|24|1744346289643
24109|0xa1a5|1|203795
24109|0x1a1a5|2|446869
24109|0x1a1a5|3|878106
24109|0x5a1a5|4|1946354
24109|0xda1a5|5|4031312
24109|0xda1a5|6|7894751
24109|0xda1a5|7|16109274
24109|0x4da1a5|8|32107231
24109|0x4da1a5|9|64115275
24109|0x14da1a5|10|128019908
24109|0x14da1a5|11|257559050
24109|0x54da1a5|12|514955978
24109|0x54da1a5|13|1029617193
24109|0x154da1a5|14|2059239765
24109|0x154da1a5|15|3413165651
24109|0x554da1a5|16|6629920513
24109|0xd54da1a5|17|13259869549
24109|0xd54da1a5|18|29512867733
24109|0xd54da1a5|19|54488081872
24109|0xd54da1a5|20|111302705999
24109|0x8d54da1a5|21|219756595717
24109|0x8d54da1a5|22|436188317182
24109|0x28d54da1a5|23|866156432493
24109|0x28d54da1a5|24|1742638886186
24223|0x3d5f|1|228442
24223|0x13d5f|2|425890
24223|0x33d5f|3|879722
24223|0x73d5f|4|1946929
24223|0xf3d5f|5|4040305
24223|0xf3d5f|6|7936093
24223|0xf3d5f|7|16146787
24223|0xf3d5f|8|32163977
24223|0xf3d5f|9|64345888
24223|0xf3d5f|10|128719851
24223|0x20f3d5f|11|257244449
24223|0x20f3d5f|12|437892599
24223|0x20f3d5f|13|1029853811
24223|0x20f3d5f|14|1829096517
24223|0x220f3d5f|15|4119622744
24223|0x620f3d5f|16|6887447351
24223|0xe20f3d5f|17|13704089971
24223|0xe20f3d5f|18|27595965626
24223|0x2e20f3d5f|19|54673686542
24223|0x6e20f3d5f|20|109882221142
24223|0xee20f3d5f|21|219336525406
24223|0xee20f3d5f|22|435658192538
24223|0xee20f3d5f|23|868785937510
24223|0x4ee20f3d5f|24|1749356483291
24339|0x431b|1|179182
24339|0x431b|2|433233
24339|0x431b|3|1027763
24339|0x4431b|4|2017624
24339|0xc431b|5|3876386
24339|0x1c431b|6|8088829
24339|0x1c431b|7|16036347
24339|0x1c431b|8|32158854
24339|0x1c431b|9|64282621
24339|0x11c431b|10|128701304
24339|0x31c431b|11|257560038
24339|0x31c431b|12|513317281
24339|0xb1c431b|13|1029837455
24339|0x1b1c431b|14|1785823505
24339|0x1b1c431b|15|3764908949
24339|0x1b1c431b|16|6919172993
24339|0x9b1c431b|17|13833405052
24339|0x19b1c431b|18|27149888506
24339|0x39b1c431b|19|55816371142
24339|0x79b1c431b|20|115741310068
24339|0x79b1c431b|21|220316205400
24339|0x79b1c431b|22|437612730410
24339|0x279b1c431b|23|868797774350
24339|0x279b1c431b|24|1743111618580
24449|0xe081|1|179406
24449|0x1e081|2|386339
24449|0x3e081|3|913032
24449|0x7e081|4|2035619
24449|0xfe081|5|3953719
24449|0x1fe081|6|7987459
24449|0x3fe081|7|16193495
24449|0x3fe081|8|30892608
24449|0xbfe081|9|64320630
24449|0x1bfe081|10|128737711
24449|0x3bfe081|11|257894857
24449|0x3bfe081|12|432747331
24449|0xbbfe081|13|837254794
24449|0xbbfe081|14|2061644942
24449|0x2bbfe081|15|3473133780
24449|0x6bbfe081|16|6624922045
24449|0xebbfe081|17|13334049938
24449|0x1ebbfe081|18|27594129673
24449|0x1ebbfe081|19|54632979510
24449|0x5ebbfe081|20|109549689050
24449|0xdebbfe081|21|219190708378
24449|0xdebbfe081|22|436047329595
24449|0xdebbfe081|23|875717965518
24449|0xdebbfe081|24|1756720534173
24565|0x145d|1|177595
24565|0x145d|2|425793
24565|0x2145d|3|1004852
24565|0x6145d|4|2046559
24565|0x6145d|5|3900540
24565|0x6145d|6|8051080
24565|0x26145d|7|16183678
24565|0x26145d|8|32154521
24565|0x26145d|9|64403003
24565|0x26145d|10|129150888
24565|0x226145d|11|257951062
24565|0x226145d|12|518635145
24565|0x226145d|13|841556695
24565|0x1226145d|14|2077193009
24565|0x1226145d|15|4158378717
24565|0x1226145d|16|7377758226
24565|0x9226145d|17|13375981638
24565|0x9226145d|18|27769661308
24565|0x9226145d|19|56278124562
24565|0x9226145d|20|111371506664
24565|0x89226145d|21|220476600796
24565|0x189226145d|22|435380642924
24565|0x189226145d|23|865846411372
24565|0x589226145d|24|1742063185762
25039|0x52f|1|205028
25039|0x1052f|2|441974
25039|0x3052f|3|1012575
25039|0x3052f|4|1955933
25039|0xb052f|5|3992058
25039|0xb052f|6|8087461
25039|0x2b052f|7|16045456
25039|0x6b052f|8|32526075
25039|0xeb052f|9|64849737
25039|0x1eb052f|10|130201710
25039|0x3eb052f|11|260358817
25039|0x3eb052f|12|520224451
25039|0xbeb052f|13|882876314
25039|0x1beb052f|14|1896616704
25039|0x3beb052f|15|4173228742
25039|0x3beb052f|16|8327777761
25039|0xbbeb052f|17|14053753568
25039|0xbbeb052f|18|28044558205
25039|0xbbeb052f|19|54496162939
25039|0x4bbeb052f|20|109621057251
25039|0xcbbeb052f|21|218966511482
25039|0xcbbeb052f|22|435112823558
25039|0xcbbeb052f|23|870836876570
25039|0xcbbeb052f|24|1750439883561
25155|0x7a6b|1|178602
25155|0x17a6b|2|389776
25155|0x17a6b|3|892998
25155|0x17a6b|4|2042536
25155|0x17a6b|5|4033933
25155|0x17a6b|6|7960842
25155|0x17a6b|7|16318821
25155|0x417a6b|8|32394497
25155|0x417a6b|9|65064130
25155|0x417a6b|10|130058318
25155|0x2417a6b|11|260156942
25155|0x2417a6b|12|520231569
25155|0xa417a6b|13|1042229678
25155|0xa417a6b|14|2082723702
25155|0xa417a6b|15|3529952496
25155|0x4a417a6b|16|6984939008
25155|0xca417a6b|17|13545103819
25155|0xca417a6b|18|28373811250
25155|0x2ca417a6b|19|55213276547
25155|0x2ca417a6b|20|111888175426
25155|0xaca417a6b|21|220351648181
25155|0xaca417a6b|22|435366268742
25155|0xaca417a6b|23|868566606847
25155|0x4aca417a6b|24|1742322625814
25269|0xfb9d|1|180798
25269|0xfb9d|2|390152
25269|0xfb9d|3|894659
25269|0x4fb9d|4|2053272
25269|0xcfb9d|5|4084451
25269|0xcfb9d|6|8033647
25269|0xcfb9d|7|16300704
25269|0xcfb9d|8|32480530
25269|0x8cfb9d|9|65104932
25269|0x8cfb9d|10|129877028
25269|0x8cfb9d|11|260695479
25269|0x48cfb9d|12|442185429
25269|0x48cfb9d|13|1041428746
25269|0x148cfb9d|14|1761496001
25269|0x148cfb9d|15|3355665560
25269|0x148cfb9d|16|6786835111
25269|0x948cfb9d|17|13429847171
25269|0x1948cfb9d|18|27132042111
25269|0x1948cfb9d|19|54995211294
25269|0x5948cfb9d|20|109312484178
25269|0x5948cfb9d|21|218991430945
25269|0x15948cfb9d|22|439563602001
25269|0x35948cfb9d|23|868035621462
25269|0x75948cfb9d|24|1740474417574
25377|0xe0e1|1|205378
25377|0xe0e1|2|444183
25377|0xe0e1|3|1035849
25377|0x4e0e1|4|1940295
25377|0xce0e1|5|4022494
25377|0xce0e1|6|8136166
25377|0x2ce0e1|7|16110535
25377|0x6ce0e1|8|32647073
25377|0x6ce0e1|9|64874651
25377|0x16ce0e1|10|130440046
25377|0x36ce0e1|11|260471897
25377|0x76ce0e1|12|520898311
25377|0x76ce0e1|13|1042142118
25377|0x176ce0e1|14|1940222609
25377|0x376ce0e1|15|3613917190
25377|0x776ce0e1|16|8290165724
25377|0xf76ce0e1|17|14019171963
25377|0x1f76ce0e1|18|27625882321
25377|0x1f76ce0e1|19|55481423778
25377|0x1f76ce0e1|20|109330931959
25377|0x1f76ce0e1|21|218780345514
25377|0x11f76ce0e1|22|437166512167
25377|0x11f76ce0e1|23|866799095824
25377|0x11f76ce0e1|24|1739319831145
25493|0xcfbd|1|180969
25493|0x1cfbd|2|426194
25493|0x1cfbd|3|1020398
25493|0x5cfbd|4|2082320
25493|0xdcfbd|5|3936574
25493|0xdcfbd|6|8149222
25493|0x2dcfbd|7|16343087
25493|0x2dcfbd|8|32491215
25493|0x2dcfbd|9|65219375
25493|0x2dcfbd|10|130246577
25493|0x22dcfbd|11|260801772
25493|0x62dcfbd|12|521311022
25493|0x62dcfbd|13|871765098
25493|0x162dcfbd|14|2084342730
25493|0x362dcfbd|15|4170998385
25493|0x762dcfbd|16|6700690418
25493|0xf62dcfbd|17|16669350550
25493|0x1f62dcfbd|18|27781514026
25493|0x1f62dcfbd|19|54723617773
25493|0x1f62dcfbd|20|109222452433
25493|0x9f62dcfbd|21|218970469130
25493|0x9f62dcfbd|22|435120633048
25493|0x9f62dcfbd|23|865469459131
25493|0x9f62dcfbd|24|1741052001245
25963|0x9f43|1|182001
25963|0x9f43|2|393597
25963|0x9f43|3|1007949
25963|0x9f43|4|2096781
25963|0x89f43|5|4007842
25963|0x189f43|6|8151217
25963|0x389f43|7|16348832
25963|0x389f43|8|32555577
25963|0xb89f43|9|65360331
25963|0xb89f43|10|130577851
25963|0xb89f43|11|261168004
25963|0x4b89f43|12|521976136
25963|0x4b89f43|13|1044048811
25963|0x14b89f43|14|2038454969
25963|0x14b89f43|15|3973786340
25963|0x14b89f43|16|7567164129
25963|0x94b89f43|17|15905494696
25963|0x194b89f43|18|26898988391
25963|0x394b89f43|19|54911857111
25963|0x794b89f43|20|109239088466
25963|0xf94b89f43|21|218711196194
25963|0x1f94b89f43|22|434420223948
25963|0x3f94b89f43|23|864833970805
25963|0x7f94b89f43|24|1739238208196
26075|0xe53|1|204863
26075|0x10e53|2|447503
26075|0x30e53|3|942048
26075|0x70e53|4|1924273
26075|0x70e53|5|4192157
26075|0x170e53|6|8014146
26075|0x370e53|7|16232280
26075|0x770e53|8|32381352
26075|0xf70e53|9|65094928
26075|0xf70e53|10|130181906
26075|0xf70e53|11|260143724
26075|0x4f70e53|12|520580400
26075|0xcf70e53|13|887776826
26075|0x1cf70e53|14|1853792577
26075|0x1cf70e53|15|3369897094
26075|0x5cf70e53|16|6993143969
26075|0x5cf70e53|17|13379010712
26075|0x15cf70e53|18|26799102078
26075|0x15cf70e53|19|54678747927
26075|0x15cf70e53|20|108855264258
26075|0x95cf70e53|21|218680153684
26075|0x195cf70e53|22|435378706133
26075|0x395cf70e53|23|866266256478
26075|0x795cf70e53|24|1738147502009
26193|0xa2b1|1|204527
26193|0xa2b1|2|446478
26193|0x2a2b1|3|1031696
26193|0x2a2b1|4|1895892
26193|0xaa2b1|5|4173841
26193|0x1aa2b1|6|8164998
26193|0x1aa2b1|7|16144389
26193|0x5aa2b1|8|32577063
26193|0xdaa2b1|9|65086349
26193|0xdaa2b1|10|130093336
26193|0x2daa2b1|11|260550575
26193|0x6daa2b1|12|522478814
26193|0xedaa2b1|13|1045269973
26193|0x1edaa2b1|14|1999359038
26193|0x3edaa2b1|15|3343036000
26193|0x3edaa2b1|16|7160781126
26193|0x3edaa2b1|17|14307286911
26193|0x13edaa2b1|18|26917244426
26193|0x13edaa2b1|19|53821664264
26193|0x13edaa2b1|20|109079103480
26193|0x13edaa2b1|21|218541782640
26193|0x113edaa2b1|22|435552033594
26193|0x113edaa2b1|23|864698200213
26193|0x113edaa2b1|24|1737044776341
26299|0xee73|1|207821
26299|0xee73|2|464999
26299|0xee73|3|961977
26299|0xee73|4|1856784
26299|0xee73|5|4066260
26299|0x10ee73|6|7907914
26299|0x30ee73|7|16187506
26299|0x70ee73|8|32298927
26299|0xf0ee73|9|64657959
26299|0x1f0ee73|10|129272055
26299|0x3f0ee73|11|258500730
26299|0x3f0ee73|12|510486813
26299|0x3f0ee73|13|869786691
26299|0x3f0ee73|14|1704656482
26299|0x23f0ee73|15|4155441281
26299|0x63f0ee73|16|7706008058
26299|0x63f0ee73|17|14594090626
26299|0x163f0ee73|18|26926437101
26299|0x363f0ee73|19|56702643931
26299|0x763f0ee73|20|110687586131
26299|0xf63f0ee73|21|219127741996
26299|0x1f63f0ee73|22|435458454249
26299|0x1f63f0ee73|23|870938413518
26299|0x5f63f0ee73|24|1739881521213
26415|0x3fcf|1|205355
26415|0x3fcf|2|466726
26415|0x3fcf|3|961525
26415|0x3fcf|4|2015435
26415|0x83fcf|5|3936968
26415|0x183fcf|6|8171356
26415|0x383fcf|7|16361966
26415|0x383fcf|8|32527400
26415|0x383fcf|9|65160404
26415|0x383fcf|10|130610111
26415|0x383fcf|11|261047121
26415|0x4383fcf|12|522263539
26415|0xc383fcf|13|1044492880
26415|0xc383fcf|14|2089144109
26415|0x2c383fcf|15|3430181610
26415|0x6c383fcf|16|8356551683
26415|0xec383fcf|17|13453804020
26415|0xec383fcf|18|27424779249
26415|0x2ec383fcf|19|54232219707
26415|0x6ec383fcf|20|109138673120
26415|0x6ec383fcf|21|219649023292
26415|0x16ec383fcf|22|435803960467
26415|0x16ec383fcf|23|868146288440
26415|0x56ec383fcf|24|1747925293204
26531|0x40b|1|206133
26531|0x1040b|2|450884
26531|0x3040b|3|965477
26531|0x7040b|4|2043026
26531|0xf040b|5|3950610
26531|0x1f040b|6|8176021
26531|0x3f040b|7|16357325
26531|0x7f040b|8|31871806
26531|0xff040b|9|65380758
26531|0x1ff040b|10|130738387
26531|0x1ff040b|11|261325914
26531|0x1ff040b|12|524163326
26531|0x1ff040b|13|1051363415
26531|0x1ff040b|14|1843897823
26531|0x21ff040b|15|4220024450
26531|0x61ff040b|16|6984600783
26531|0x61ff040b|17|13922448886
26531|0x61ff040b|18|30610063779
26531|0x61ff040b|19|54992642635
26531|0x461ff040b|20|109938357711
26531|0xc61ff040b|21|217017720509
26531|0x1c61ff040b|22|436965349115
26531|0x1c61ff040b|23|866932463191
26531|0x1c61ff040b|24|1736545424370
26991|0x158f|1|208669
26991|0x1158f|2|449861
26991|0x1158f|3|854892
26991|0x1158f|4|1998045
26991|0x1158f|5|4179978
26991|0x11158f|6|8173606
26991|0x11158f|7|16362345
26991|0x51158f|8|33093265
26991|0x51158f|9|65926926
26991|0x151158f|10|132121351
26991|0x151158f|11|264217764
26991|0x551158f|12|528199570
26991|0x551158f|13|904409057
26991|0x1551158f|14|2114921084
26991|0x1551158f|15|4229715085
26991|0x1551158f|16|7006036399
26991|0x9551158f|17|13941626303
26991|0x19551158f|18|27769595860
26991|0x39551158f|19|56464636022
26991|0x79551158f|20|109665534915
26991|0xf9551158f|21|217467428515
26991|0xf9551158f|22|440178637271
26991|0xf9551158f|23|867578146873
26991|0xf9551158f|24|1734544065035
27101|0x3675|1|208885
27101|0x13675|2|453588
27101|0x33675|3|972887
27101|0x73675|4|1904267
27101|0x73675|5|4008354
27101|0x173675|6|8198672
27101|0x373675|7|16554837
27101|0x373675|8|33100931
27101|0x373675|9|66017895
27101|0x1373675|10|132421091
27101|0x3373675|11|264144048
27101|0x7373675|12|487032573
27101|0x7373675|13|982066437
27101|0x7373675|14|1692130146
27101|0x27373675|15|3933417357
27101|0x27373675|16|6970869162
27101|0xa7373675|17|15228242631
27101|0xa7373675|18|27591328165
27101|0x2a7373675|19|54610494323
27101|0x2a7373675|20|109318126739
27101|0x2a7373675|21|217869748688
27101|0x2a7373675|22|437220130858
27101|0x22a7373675|23|868264400495
27101|0x22a7373675|24|1735995610247
27215|0x6caf|1|209300
27215|0x6caf|2|454335
27215|0x26caf|3|912109
27215|0x26caf|4|1973469
27215|0x26caf|5|4185804
27215|0x26caf|6|8226094
27215|0x26caf|7|16555666
27215|0x426caf|8|32442267
27215|0xc26caf|9|66213935
27215|0x1c26caf|10|117896726
27215|0x1c26caf|11|264372311
27215|0x5c26caf|12|471577538
27215|0xdc26caf|13|1057321737
27215|0xdc26caf|14|1834039479
27215|0xdc26caf|15|3595403304
27215|0x4dc26caf|16|6773552127
27215|0xcdc26caf|17|15922882640
27215|0xcdc26caf|18|27711515384
27215|0x2cdc26caf|19|55858435165
27215|0x2cdc26caf|20|117949549381
27215|0x2cdc26caf|21|217624546630
27215|0x12cdc26caf|22|436621733784
27215|0x12cdc26caf|23|867948629895
27215|0x12cdc26caf|24|1736995495073
27329|0x2541|1|209471
27329|0x12541|2|475533
27329|0x32541|3|977763
27329|0x72541|4|1875524
27329|0x72541|5|4193373
27329|0x172541|6|8241324
27329|0x372541|7|16351116
27329|0x372541|8|33108228
27329|0x372541|9|66013415
27329|0x1372541|10|132366080
27329|0x1372541|11|264305716
27329|0x1372541|12|529818768
27329|0x1372541|13|949753895
27329|0x1372541|14|1888462665
27329|0x1372541|15|3895454718
27329|0x41372541|16|8468103629
27329|0x41372541|17|15189796352
27329|0x41372541|18|27190491016
27329|0x241372541|19|53699248697
27329|0x641372541|20|108804386102
27329|0xe41372541|21|219009897139
27329|0xe41372541|22|435841883797
27329|0xe41372541|23|868265069568
27329|0x4e41372541|24|1735983171101
27437|0x1ca5|1|184477
27437|0x1ca5|2|425230
27437|0x21ca5|3|925408
27437|0x21ca5|4|2046951
27437|0xa1ca5|5|4122532
27437|0xa1ca5|6|8159885
27437|0xa1ca5|7|16521670
27437|0x4a1ca5|8|33114672
27437|0x4a1ca5|9|66105494
27437|0x14a1ca5|10|132138452
27437|0x14a1ca5|11|264098214
27437|0x54a1ca5|12|528403815
27437|0xd4a1ca5|13|1025018301
27437|0x1d4a1ca5|14|2118412162
27437|0x3d4a1ca5|15|3838692129
27437|0x7d4a1ca5|16|7014125220
27437|0x7d4a1ca5|17|13523062763
27437|0x7d4a1ca5|18|27192758065
27437|0x7d4a1ca5|19|54339692034
27437|0x47d4a1ca5|20|108217805693
27437|0xc7d4a1ca5|21|216686240810
27437|0x1c7d4a1ca5|22|435535174426
27437|0x3c7d4a1ca5|23|868279289071
27437|0x3c7d4a1ca5|24|1734784555708
27551|0xf05f|1|207067
27551|0x1f05f|2|455623
27551|0x1f05f|3|999435
27551|0x5f05f|4|2050832
27551|0xdf05f|5|4213872
27551|0xdf05f|6|8270764
27551|0x2df05f|7|16593093
27551|0x2df05f|8|33114199
27551|0x2df05f|9|66321833
27551|0x2df05f|10|131718853
27551|0x2df05f|11|265325098
27551|0x2df05f|12|529321322
27551|0x2df05f|13|1059491739
27551|0x102df05f|14|1863617164
27551|0x102df05f|15|4236855889
27551|0x502df05f|16|7368345953
27551|0x502df05f|17|16302479964
27551|0x1502df05f|18|27252926098
27551|0x1502df05f|19|53748247663
27551|0x5502df05f|20|108662570669
27551|0x5502df05f|21|219713845748
27551|0x15502df05f|22|435493131249
27551|0x15502df05f|23|867933504177
27551|0x55502df05f|24|1734549173525
28041|0x18b9|1|210365
28041|0x18b9|2|458525
28041|0x18b9|3|986042
28041|0x418b9|4|2080865
28041|0xc18b9|5|4015010
28041|0xc18b9|6|8268629
28041|0xc18b9|7|16548059
28041|0xc18b9|8|32967397
28041|0xc18b9|9|66231984
28041|0x10c18b9|10|132389546
28041|0x30c18b9|11|265437338
28041|0x30c18b9|12|527269419
28041|0xb0c18b9|13|1061091189
28041|0x1b0c18b9|14|2121856408
28041|0x3b0c18b9|15|3567128923
28041|0x7b0c18b9|16|6756691634
28041|0x7b0c18b9|17|15766450351
28041|0x7b0c18b9|18|27339621385
28041|0x27b0c18b9|19|58227412334
28041|0x27b0c18b9|20|108369665031
28041|0xa7b0c18b9|21|216515082242
28041|0xa7b0c18b9|22|434559900471
28041|0xa7b0c18b9|23|866474557383
28041|0xa7b0c18b9|24|1732067379894
28155|0x9533|1|210734
28155|0x19533|2|459536
28155|0x19533|3|987345
28155|0x59533|4|1911928
28155|0x59533|5|4166899
28155|0x59533|6|8281845
28155|0x59533|7|16488677
28155|0x59533|8|33103895
28155|0x59533|9|66190627
28155|0x59533|10|132577885
28155|0x2059533|11|263609372
28155|0x6059533|12|487297040
28155|0xe059533|13|976936692
28155|0xe059533|14|1837573777
28155|0x2e059533|15|3369346335
28155|0x2e059533|16|6734227539
28155|0xae059533|17|14925552415
28155|0x1ae059533|18|30746547853
28155|0x3ae059533|19|56024658745
28155|0x7ae059533|20|108525245918
28155|0x7ae059533|21|217228455299
28155|0x7ae059533|22|439212131696
28155|0x27ae059533|23|867687710222
28155|0x27ae059533|24|1734996552919
28269|0xcb65|1|210656
28269|0xcb65|2|460061
28269|0xcb65|3|1007405
28269|0x4cb65|4|2072674
28269|0x4cb65|5|3986440
28269|0x14cb65|6|8271816
28269|0x14cb65|7|16524999
28269|0x54cb65|8|32878095
28269|0xd4cb65|9|65866485
28269|0xd4cb65|10|131482068
28269|0x2d4cb65|11|263384522
28269|0x6d4cb65|12|527151092
28269|0xed4cb65|13|1054016099
28269|0xed4cb65|14|2060795366
28269|0xed4cb65|15|3537484914
28269|0x4ed4cb65|16|6944307431
28269|0x4ed4cb65|17|13847591257
28269|0x14ed4cb65|18|29877952862
28269|0x34ed4cb65|19|54166296259
28269|0x34ed4cb65|20|109405609880
28269|0xb4ed4cb65|21|217577296316
28269|0x1b4ed4cb65|22|437550983457
28269|0x1b4ed4cb65|23|867530370450
28269|0x1b4ed4cb65|24|1734147509301
28373|0x5a7d|1|198548
28373|0x15a7d|2|460606
28373|0x35a7d|3|990324
28373|0x75a7d|4|2075486
28373|0x75a7d|5|3988435
28373|0x75a7d|6|8245682
28373|0x75a7d|7|16523643
28373|0x75a7d|8|32966593
28373|0x75a7d|9|66201444
28373|0x1075a7d|10|132204386
28373|0x1075a7d|11|264057122
28373|0x5075a7d|12|527976327
28373|0xd075a7d|13|1018876474
28373|0xd075a7d|14|1752724442
28373|0xd075a7d|15|3490586920
28373|0xd075a7d|16|6844868251
28373|0xd075a7d|17|13446069922
28373|0xd075a7d|18|30238258145
28373|0xd075a7d|19|54605617224
28373|0x40d075a7d|20|107772378121
28373|0xc0d075a7d|21|217104080311
28373|0xc0d075a7d|22|435064276462
28373|0x2c0d075a7d|23|866554551782
28373|0x6c0d075a7d|24|1735347714395
28493|0x6185|1|186093
28493|0x6185|2|405902
28493|0x26185|3|900265
28493|0x26185|4|2079952
28493|0x26185|5|4222784
28493|0x26185|6|8174281
28493|0x26185|7|16611901
28493|0x26185|8|33154300
28493|0x26185|9|66484483
28493|0x1026185|10|132941213
28493|0x3026185|11|269423086
28493|0x3026185|12|474030804
28493|0x3026185|13|1064495253
28493|0x13026185|14|2124243165
28493|0x13026185|15|3583827429
28493|0x53026185|16|7646016873
28493|0x53026185|17|16781772450
28493|0x153026185|18|27386405281
28493|0x153026185|19|54078608373
28493|0x553026185|20|108864837088
28493|0xd53026185|21|217658908522
28493|0xd53026185|22|435746712821
28493|0xd53026185|23|867252011627
28493|0xd53026185|24|1729877630993
28607|0x803f|1|211230
28607|0x1803f|2|461856
28607|0x3803f|3|1008763
28607|0x3803f|4|2083576
28607|0xb803f|5|4041411
28607|0x1b803f|6|8260245
28607|0x3b803f|7|16601851
28607|0x3b803f|8|33029010
28607|0x3b803f|9|66228022
28607|0x13b803f|10|132673878
28607|0x13b803f|11|265932449
28607|0x13b803f|12|531960825
28607|0x93b803f|13|931312759
28607|0x193b803f|14|1987043179
28607|0x393b803f|15|4252030413
28607|0x393b803f|16|7115002641
28607|0xb93b803f|17|13524372750
28607|0x1b93b803f|18|29763013543
28607|0x3b93b803f|19|55645025802
28607|0x3b93b803f|20|109974541784
28607|0xbb93b803f|21|218479064155
28607|0x1bb93b803f|22|433768933380
28607|0x1bb93b803f|23|867557664746
28607|0x1bb93b803f|24|1730220457593
29087|0x6a5f|1|212329
29087|0x6a5f|2|464435
29087|0x26a5f|3|999890
29087|0x66a5f|4|2038430
29087|0x66a5f|5|4149724
29087|0x166a5f|6|8299719
29087|0x366a5f|7|16660365
29087|0x766a5f|8|33361702
29087|0xf66a5f|9|66542076
29087|0xf66a5f|10|133198493
29087|0x2f66a5f|11|265781488
29087|0x6f66a5f|12|532148292
29087|0xef66a5f|13|894543316
29087|0x1ef66a5f|14|2021406700
29087|0x1ef66a5f|15|4260384089
29087|0x1ef66a5f|16|7221924486
29087|0x1ef66a5f|17|14087080099
29087|0x1ef66a5f|18|26990344810
29087|0x21ef66a5f|19|57318429978
29087|0x61ef66a5f|20|110443868404
29087|0xe1ef66a5f|21|217861364675
29087|0x1e1ef66a5f|22|433544283672
29087|0x3e1ef66a5f|23|866878579425
29087|0x7e1ef66a5f|24|1733032308495
29203|0x281b|1|202884
29203|0x1281b|2|465008
29203|0x3281b|3|1015938
29203|0x3281b|4|2021974
29203|0xb281b|5|4010331
29203|0x1b281b|6|8307465
29203|0x3b281b|7|16568184
29203|0x7b281b|8|32409858
29203|0x7b281b|9|60656886
29203|0x17b281b|10|122591162
29203|0x17b281b|11|246818204
29203|0x57b281b|12|533585386
29203|0x57b281b|13|1064896278
29203|0x57b281b|14|2070392653
29203|0x57b281b|15|3379194664
29203|0x457b281b|16|7760569733
29203|0x457b281b|17|17052333016
29203|0x457b281b|18|27119909474
29203|0x2457b281b|19|54258674373
29203|0x6457b281b|20|108940530965
29203|0xe457b281b|21|219812069403
29203|0xe457b281b|22|435396529278
29203|0xe457b281b|23|865842781350
29203|0xe457b281b|24|1731455529371
29313|0xcd81|1|187307
29313|0x1cd81|2|446299
29313|0x1cd81|3|1003108
29313|0x5cd81|4|2053592
29313|0x5cd81|5|4167315
29313|0x15cd81|6|8258535
29313|0x15cd81|7|16602753
29313|0x15cd81|8|33323105
29313|0x95cd81|9|66695647
29313|0x195cd81|10|133136560
29313|0x395cd81|11|267113372
29313|0x795cd81|12|531469599
29313|0xf95cd81|13|1060529677
29313|0x1f95cd81|14|2019913230
29313|0x3f95cd81|15|3675460007
29313|0x7f95cd81|16|6877343028
29313|0x7f95cd81|17|14120329363
29313|0x17f95cd81|18|27398447345
29313|0x37f95cd81|19|54207580202
29313|0x77f95cd81|20|109348475260
29313|0xf7f95cd81|21|217022022876
29313|0xf7f95cd81|22|434021711611
29313|0x2f7f95cd81|23|867027816243
29313|0x6f7f95cd81|24|1730925590723
29423|0xfc0f|1|213079
29423|0xfc0f|2|478646
29423|0x2fc0f|3|1004683
29423|0x2fc0f|4|2028397
29423|0xafc0f|5|4078297
29423|0xafc0f|6|8380682
29423|0xafc0f|7|16666140
29423|0xafc0f|8|33311960
29423|0x8afc0f|9|66548505
29423|0x8afc0f|10|133353081
29423|0x28afc0f|11|266397013
29423|0x68afc0f|12|533565352
29423|0x68afc0f|13|1066853354
29423|0x68afc0f|14|1896758872
29423|0x68afc0f|15|4219647044
29423|0x68afc0f|16|7769485071
29423|0x68afc0f|17|15660914508
29423|0x68afc0f|18|27289440772
29423|0x68afc0f|19|61687057144
29423|0x68afc0f|20|111801853544
29423|0x68afc0f|21|215291712078
29423|0x10068afc0f|22|433450008007
29423|0x30068afc0f|23|867474388877
29423|0x70068afc0f|24|1731209664389
29539|0xa64b|1|210923
29539|0xa64b|2|479883
29539|0xa64b|3|1006278
29539|0x4a64b|4|2031723
29539|0x4a64b|5|4026803
29539|0x4a64b|6|8302075
29539|0x4a64b|7|16639963
29539|0x4a64b|8|33230460
29539|0x84a64b|9|66649844
29539|0x84a64b|10|133223783
29539|0x284a64b|11|267124663
29539|0x284a64b|12|532747562
29539|0x284a64b|13|885729424
29539|0x1284a64b|14|1696505506
29539|0x1284a64b|15|4264991288
29539|0x5284a64b|16|6754567313
29539|0xd284a64b|17|14261672310
29539|0x1d284a64b|18|32207476443
29539|0x3d284a64b|19|54206888389
29539|0x7d284a64b|20|108994324084
29539|0xfd284a64b|21|219869967550
29539|0x1fd284a64b|22|434138485659
29539|0x3fd284a64b|23|867603625407
29539|0x7fd284a64b|24|1732233936032
29645|0xb105|1|240465
29645|0x1b105|2|467561
29645|0x1b105|3|1007577
29645|0x1b105|4|1907883
29645|0x1b105|5|4142252
29645|0x1b105|6|8303356
29645|0x21b105|7|16564960
29645|0x21b105|8|33267377
29645|0xa1b105|9|66558846
29645|0xa1b105|10|133073368
29645|0xa1b105|11|266467554
29645|0x4a1b105|12|533345531
29645|0xca1b105|13|1068294099
29645|0xca1b105|14|2134646491
29645|0xca1b105|15|4211952236
29645|0x4ca1b105|16|6865595731
29645|0x4ca1b105|17|14268206462
29645|0x4ca1b105|18|29805911206
29645|0x24ca1b105|19|54443308994
29645|0x64ca1b105|20|111267072916
29645|0xe4ca1b105|21|217996167955
29645|0xe4ca1b105|22|432965971448
29645|0x2e4ca1b105|23|865254061290
29645|0x2e4ca1b105|24|1731967953608
30117|0x6a2d|1|188224
30117|0x16a2d|2|413793
30117|0x16a2d|3|1029739
30117|0x16a2d|4|2047946
30117|0x16a2d|5|4114791
30117|0x116a2d|6|8265882
30117|0x116a2d|7|16694097
30117|0x516a2d|8|33488792
30117|0x516a2d|9|66741489
30117|0x516a2d|10|133740442
30117|0x2516a2d|11|259037802
30117|0x6516a2d|12|534343773
30117|0xe516a2d|13|870671772
30117|0x1e516a2d|14|2138123709
30117|0x1e516a2d|15|3499777587
30117|0x5e516a2d|16|6735484543
30117|0x5e516a2d|17|13486094687
30117|0x5e516a2d|18|28413256245
30117|0x5e516a2d|19|54440544310
30117|0x5e516a2d|20|111110041550
30117|0x85e516a2d|21|218960126959
30117|0x85e516a2d|22|432844507092
30117|0x85e516a2d|23|864677962236
30117|0x85e516a2d|24|1729973713158
30227|0xc41b|1|214561
30227|0x1c41b|2|470657
30227|0x3c41b|3|1015227
30227|0x7c41b|4|1917126
30227|0xfc41b|5|4223895
30227|0x1fc41b|6|8302185
30227|0x1fc41b|7|16655747
30227|0x5fc41b|8|33446425
30227|0xdfc41b|9|66662276
30227|0x1dfc41b|10|133453353
30227|0x1dfc41b|11|267420523
30227|0x1dfc41b|12|534768840
30227|0x9dfc41b|13|1069329370
30227|0x9dfc41b|14|2138589726
30227|0x29dfc41b|15|3795026611
30227|0x69dfc41b|16|8196003279
30227|0x69dfc41b|17|13471715408
30227|0x169dfc41b|18|27420587895
30227|0x169dfc41b|19|56386381265
30227|0x169dfc41b|20|110001893372
30227|0x969dfc41b|21|218284964374
30227|0x969dfc41b|22|437126506318
30227|0x969dfc41b|23|869990759959
30227|0x969dfc41b|24|1730284786354
30339|0x82b|1|187153
30339|0x82b|2|412757
30339|0x82b|3|1021309
30339|0x82b|4|2075935
30339|0x8082b|5|4100175
30339|0x8082b|6|8303912
30339|0x28082b|7|16745526
30339|0x68082b|8|33457894
30339|0x68082b|9|66872140
30339|0x168082b|10|133683641
30339|0x168082b|11|267392865
30339|0x568082b|12|531966411
30339|0xd68082b|13|1066578581
30339|0x1d68082b|14|1806563125
30339|0x1d68082b|15|4279609546
30339|0x1d68082b|16|7868565974
30339|0x1d68082b|17|15573408276
30339|0x11d68082b|18|27229960016
30339|0x11d68082b|19|54302744592
30339|0x11d68082b|20|109009471004
30339|0x11d68082b|21|215810984020
30339|0x11d68082b|22|433194849668
30339|0x211d68082b|23|865027654667
30339|0x211d68082b|24|1731631191059
30453|0x55d|1|189373
30453|0x55d|2|413413
30453|0x2055d|3|972570
30453|0x2055d|4|2081377
30453|0xa055d|5|4252492
30453|0x1a055d|6|8308753
30453|0x3a055d|7|16638437
30453|0x3a055d|8|33456540
30453|0x3a055d|9|67075232
30453|0x3a055d|10|134157095
30453|0x23a055d|11|268114982
30453|0x23a055d|12|535304789
30453|0x23a055d|13|1070155107
30453|0x23a055d|14|2015942592
30453|0x223a055d|15|4279230190
30453|0x223a055d|16|7851944534
30453|0xa23a055d|17|14100384955
30453|0xa23a055d|18|29877111103
30453|0x2a23a055d|19|55359616397
30453|0x6a23a055d|20|108637069408
30453|0x6a23a055d|21|216597828096
30453|0x6a23a055d|22|435602038675
30453|0x26a23a055d|23|864540130751
30453|0x66a23a055d|24|1731545202392
30561|0x6ca1|1|215709
30561|0x6ca1|2|472470
30561|0x6ca1|3|1020152
30561|0x6ca1|4|1934626
30561|0x86ca1|5|4277523
30561|0x186ca1|6|9086599
30561|0x186ca1|7|16677656
30561|0x586ca1|8|33508560
30561|0x586ca1|9|67167650
30561|0x586ca1|10|134074588
30561|0x586ca1|11|267985377
30561|0x4586ca1|12|534123365
30561|0x4586ca1|13|1081778304
30561|0x4586ca1|14|2141061689
30561|0x4586ca1|15|4280513209
30561|0x44586ca1|16|7718573119
30561|0x44586ca1|17|15970827261
30561|0x144586ca1|18|28148020102
30561|0x144586ca1|19|55077711022
30561|0x144586ca1|20|109533856357
30561|0x144586ca1|21|216575305987
30561|0x144586ca1|22|432538981721
30561|0x144586ca1|23|864216369743
30561|0x4144586ca1|24|1730207676344
30673|0x4131|1|189551
30673|0x14131|2|416317
30673|0x14131|3|970808
30673|0x54131|4|2078971
30673|0xd4131|5|4155814
30673|0xd4131|6|8290286
30673|0x2d4131|7|16744148
30673|0x6d4131|8|32600017
30673|0xed4131|9|67014907
30673|0x1ed4131|10|133204051
30673|0x1ed4131|11|266804146
30673|0x5ed4131|12|534943443
30673|0x5ed4131|13|1070207362
30673|0x5ed4131|14|1819634653
30673|0x25ed4131|15|3955632244
30673|0x65ed4131|16|8572461760
30673|0xe5ed4131|17|13861740036
30673|0x1e5ed4131|18|27669189981
30673|0x3e5ed4131|19|54075388057
30673|0x3e5ed4131|20|110781415714
30673|0x3e5ed4131|21|220454520569
30673|0x13e5ed4131|22|432872047929
30673|0x33e5ed4131|23|864001735426
30673|0x73e5ed4131|24|1703912706461
31141|0xc62d|1|216895
31141|0x1c62d|2|455594
31141|0x1c62d|3|904764
31141|0x1c62d|4|1827068
31141|0x1c62d|5|4019941
31141|0x11c62d|6|7780638
31141|0x31c62d|7|15987787
31141|0x71c62d|8|31750416
31141|0x71c62d|9|50909566
31141|0x71c62d|10|127007759
31141|0x71c62d|11|253914208
31141|0x71c62d|12|510419899
31141|0x71c62d|13|1021211840
31141|0x1071c62d|14|1792146517
31141|0x3071c62d|15|3349457536
31141|0x3071c62d|16|6738421997
31141|0x3071c62d|17|13084104870
31141|0x13071c62d|18|26283227473
31141|0x33071c62d|19|51538075773
31141|0x73071c62d|20|102763771696
31141|0xf3071c62d|21|205626396611
31141|0x1f3071c62d|22|410973953128
31141|0x1f3071c62d|23|821120764983
31141|0x1f3071c62d|24|1643955238024
31249|0xb6f1|1|216439
31249|0x1b6f1|2|452616
31249|0x1b6f1|3|905830
31249|0x5b6f1|4|1827631
31249|0x5b6f1|5|3995370
31249|0x15b6f1|6|7800417
31249|0x35b6f1|7|16018280
31249|0x75b6f1|8|32012499
31249|0x75b6f1|9|63901106
31249|0x175b6f1|10|127610426
31249|0x375b6f1|11|254723290
31249|0x775b6f1|12|477068678
31249|0xf75b6f1|13|1021957264
31249|0xf75b6f1|14|1808411424
31249|0x2f75b6f1|15|3616284978
31249|0x6f75b6f1|16|6506575801
31249|0xef75b6f1|17|13129205624
31249|0xef75b6f1|18|25709520746
31249|0x2ef75b6f1|19|51711674279
31249|0x2ef75b6f1|20|102659821188
31249|0x2ef75b6f1|21|205196511101
31249|0x12ef75b6f1|22|412613940483
31249|0x32ef75b6f1|23|820673764302
31249|0x32ef75b6f1|24|1641959977563
31355|0x54b3|1|189235
31355|0x54b3|2|419931
31355|0x254b3|3|983266
31355|0x654b3|4|2082887
31355|0xe54b3|5|3823829
31355|0xe54b3|6|8059474
31355|0xe54b3|7|15916327
31355|0x4e54b3|8|31782659
31355|0x4e54b3|9|63843485
31355|0x4e54b3|10|128219089
31355|0x24e54b3|11|255463679
31355|0x24e54b3|12|511000999
31355|0x24e54b3|13|1003318080
31355|0x124e54b3|14|1775625405
31355|0x324e54b3|15|3896720913
31355|0x324e54b3|16|6399791939
31355|0xb24e54b3|17|13693791975
31355|0x1b24e54b3|18|25755014084
31355|0x3b24e54b3|19|51726968576
31355|0x3b24e54b3|20|102916289130
31355|0x3b24e54b3|21|205139106348
31355|0x3b24e54b3|22|412174047310
31355|0x3b24e54b3|23|820399512906
31355|0x43b24e54b3|24|1641403502961
31457|0x4921|1|189065
31457|0x4921|2|417952
31457|0x24921|3|906395
31457|0x64921|4|1952777
31457|0x64921|5|3943772
31457|0x64921|6|7970662
31457|0x264921|7|15855484
31457|0x264921|8|32116879
31457|0xa64921|9|63896098
31457|0x1a64921|10|127615472
31457|0x3a64921|11|236317925
31457|0x7a64921|12|511011379
31457|0xfa64921|13|845575448
31457|0xfa64921|14|2031685964
31457|0xfa64921|15|3638728486
31457|0xfa64921|16|7112943175
31457|0xfa64921|17|14225316146
31457|0x10fa64921|18|25930969334
31457|0x10fa64921|19|51444133427
31457|0x50fa64921|20|102661700618
31457|0xd0fa64921|21|205467548782
31457|0x1d0fa64921|22|412397056382
31457|0x1d0fa64921|23|820713347997
31457|0x1d0fa64921|24|1641762411685
31567|0xbbaf|1|217270
31567|0x1bbaf|2|479188
31567|0x3bbaf|3|943491
31567|0x7bbaf|4|1838028
31567|0x7bbaf|5|4042886
31567|0x17bbaf|6|7845009
31567|0x17bbaf|7|16029867
31567|0x17bbaf|8|31762010
31567|0x97bbaf|9|64098539
31567|0x97bbaf|10|127415054
31567|0x297bbaf|11|255644534
31567|0x697bbaf|12|511218166
31567|0x697bbaf|13|837359348
31567|0x1697bbaf|14|2044774790
31567|0x3697bbaf|15|4089989009
31567|0x7697bbaf|16|7198202608
31567|0xf697bbaf|17|14275000650
31567|0x1f697bbaf|18|25694571581
31567|0x3f697bbaf|19|52114477540
31567|0x7f697bbaf|20|102861279638
31567|0x7f697bbaf|21|207018333155
31567|0x17f697bbaf|22|411476826700
31567|0x37f697bbaf|23|821760786216
31567|0x77f697bbaf|24|1640460183163
31675|0x1173|1|189425
31675|0x11173|2|421177
31675|0x31173|3|992498
31675|0x31173|4|2100190
31675|0x31173|5|3811620
31675|0x31173|6|8080723
31675|0x231173|7|15884139
31675|0x231173|8|31951729
31675|0x231173|9|63877761
31675|0x1231173|10|127689819
31675|0x3231173|11|216493019
31675|0x7231173|12|511259830
31675|0x7231173|13|1023677820
31675|0x17231173|14|1779389735
31675|0x17231173|15|3752624933
31675|0x57231173|16|6658886364
31675|0xd7231173|17|13240062280
31675|0x1d7231173|18|25640829056
31675|0x3d7231173|19|51836689118
31675|0x7d7231173|20|102691389988
31675|0xfd7231173|21|205486785844
31675|0x1fd7231173|22|416323052617
31675|0x3fd7231173|23|820983758362
31675|0x3fd7231173|24|1642188569403
32123|0xd9b3|1|190034
32123|0x1d9b3|2|423269
32123|0x1d9b3|3|916578
32123|0x1d9b3|4|2109001
32123|0x1d9b3|5|3832263
32123|0x11d9b3|6|8118223
32123|0x31d9b3|7|15915879
32123|0x71d9b3|8|31988259
32123|0x71d9b3|9|63954371
32123|0x71d9b3|10|134279828
32123|0x271d9b3|11|255917209
32123|0x671d9b3|12|512692583
32123|0x671d9b3|13|1028655291
32123|0x1671d9b3|14|2048057485
32123|0x3671d9b3|15|3510920040
32123|0x7671d9b3|16|6424620780
32123|0xf671d9b3|17|13706950389
32123|0xf671d9b3|18|25641303808
32123|0xf671d9b3|19|51336890247
32123|0x4f671d9b3|20|102833034340
32123|0xcf671d9b3|21|205078105936
32123|0x1cf671d9b3|22|418322831354
32123|0x1cf671d9b3|23|820614217183
32123|0x5cf671d9b3|24|1638882314925
32231|0x45d7|1|190842
32231|0x145d7|2|421914
32231|0x145d7|3|915793
32231|0x145d7|4|2051056
32231|0x145d7|5|3863219
32231|0x145d7|6|8023874
32231|0x145d7|7|15832765
32231|0x4145d7|8|32085544
32231|0x4145d7|9|63605695
32231|0x4145d7|10|127453123
32231|0x24145d7|11|255260875
32231|0x24145d7|12|445276082
32231|0xa4145d7|13|834788328
32231|0xa4145d7|14|1805301173
32231|0x2a4145d7|15|3587517282
32231|0x2a4145d7|16|6418463983
32231|0x2a4145d7|17|13134784153
32231|0x2a4145d7|18|25696961736
32231|0x2a4145d7|19|51898825223
32231|0x2a4145d7|20|102389252759
32231|0x82a4145d7|21|205018131515
32231|0x82a4145d7|22|414705457553
32231|0x82a4145d7|23|819430690242
32231|0x82a4145d7|24|1639350543774
32335|0xd8af|1|192157
32335|0x1d8af|2|422300
32335|0x1d8af|3|961735
32335|0x1d8af|4|2127563
32335|0x9d8af|5|3795577
32335|0x19d8af|6|8067408
32335|0x39d8af|7|15713025
32335|0x39d8af|8|31931018
32335|0xb9d8af|9|63831962
32335|0xb9d8af|10|127984443
32335|0x2b9d8af|11|255722938
32335|0x2b9d8af|12|511657937
32335|0x2b9d8af|13|1024976890
32335|0x12b9d8af|14|1900536637
32335|0x12b9d8af|15|3361569635
32335|0x52b9d8af|16|7520099457
32335|0x52b9d8af|17|12932706256
32335|0x152b9d8af|18|25968187189
32335|0x152b9d8af|19|52843378820
32335|0x152b9d8af|20|102697524268
32335|0x152b9d8af|21|205054962277
32335|0x152b9d8af|22|416117320827
32335|0x2152b9d8af|23|820393970442
32335|0x2152b9d8af|24|1639308861037
32443|0x1673|1|190464
32443|0x11673|2|424614
32443|0x11673|3|962021
32443|0x11673|4|2132109
32443|0x91673|5|3851153
32443|0x191673|6|8115858
32443|0x391673|7|15893940
32443|0x791673|8|32003730
32443|0xf91673|9|64069150
32443|0x1f91673|10|128684781
32443|0x3f91673|11|255953148
32443|0x3f91673|12|512635889
32443|0x3f91673|13|997866485
32443|0x3f91673|14|2052357652
32443|0x3f91673|15|3595045852
32443|0x3f91673|16|7418671810
32443|0x83f91673|17|14489442435
32443|0x183f91673|18|26166149203
32443|0x183f91673|19|51535463268
32443|0x183f91673|20|103052172979
32443|0x183f91673|21|204847961154
32443|0x1183f91673|22|411685449079
32443|0x1183f91673|23|820472609261
32443|0x5183f91673|24|1639201677919
32547|0xa88b|1|219068
32547|0xa88b|2|481061
32547|0xa88b|3|954665
32547|0x4a88b|4|1877029
32547|0x4a88b|5|4066310
32547|0x4a88b|6|7587704
32547|0x4a88b|7|14606817
32547|0x44a88b|8|29517346
32547|0x44a88b|9|64003083
32547|0x144a88b|10|128138621
32547|0x144a88b|11|256294150
32547|0x544a88b|12|512488779
32547|0xd44a88b|13|1005261267
32547|0xd44a88b|14|1740339644
32547|0x2d44a88b|15|3404780894
32547|0x6d44a88b|16|6629313753
32547|0x6d44a88b|17|13176485836
32547|0x6d44a88b|18|25630753965
32547|0x6d44a88b|19|51196105846
32547|0x46d44a88b|20|102667158319
32547|0x46d44a88b|21|204919043658
32547|0x146d44a88b|22|411697714134
32547|0x146d44a88b|23|820318076526
32547|0x146d44a88b|24|1641213521588
32653|0xdb45|1|241021
32653|0xdb45|2|481801
32653|0xdb45|3|1040116
32653|0xdb45|4|1864849
32653|0xdb45|5|4094394
32653|0xdb45|6|7870998
32653|0xdb45|7|16082277
32653|0x40db45|8|31814996
32653|0xc0db45|9|64013243
32653|0x1c0db45|10|128699615
32653|0x1c0db45|11|256443591
32653|0x5c0db45|12|457422391
32653|0xdc0db45|13|812640812
32653|0xdc0db45|14|2051947914
32653|0xdc0db45|15|3742324743
32653|0x4dc0db45|16|6596961138
32653|0xcdc0db45|17|13412734112
32653|0xcdc0db45|18|25586748296
32653|0xcdc0db45|19|51407479044
32653|0x4cdc0db45|20|103568545798
32653|0xccdc0db45|21|205270559472
32653|0xccdc0db45|22|410292046060
32653|0x2ccdc0db45|23|820890730029
32653|0x6ccdc0db45|24|1638907885265
32761|0x1249|1|213184
32761|0x1249|2|480827
32761|0x1249|3|1049070
32761|0x41249|4|1865996
32761|0xc1249|5|4087684
32761|0x1c1249|6|7878749
32761|0x3c1249|7|16115876
32761|0x3c1249|8|31965463
32761|0xbc1249|9|64100599
32761|0xbc1249|10|128089853
32761|0xbc1249|11|276141619
32761|0x4bc1249|12|468157716
32761|0xcbc1249|13|895372028
32761|0x1cbc1249|14|2050828153
32761|0x1cbc1249|15|3264122448
32761|0x5cbc1249|16|6399192533
32761|0xdcbc1249|17|12977728867
32761|0xdcbc1249|18|25589050415
32761|0xdcbc1249|19|51125538953
32761|0xdcbc1249|20|103345626866
32761|0x8dcbc1249|21|204719350628
32761|0x8dcbc1249|22|410089238937
32761|0x28dcbc1249|23|818322306369
32761|0x68dcbc1249|24|1629427812332
33065|0x1ab19|1|344405
33065|0x1ab19|2|873994
33065|0x5ab19|3|1875270
33065|0x5ab19|4|3495280
33065|0x5ab19|5|7399082
33065|0x25ab19|6|15041457
33065|0x65ab19|7|29782691
33065|0xe5ab19|8|59828386
33065|0xe5ab19|9|120263007
33065|0xe5ab19|10|208336786
33065|0xe5ab19|11|478569303
33065|0xe5ab19|12|845201400
33065|0xe5ab19|13|1914652403
33065|0x20e5ab19|14|3541271327
33065|0x20e5ab19|15|6502610324
33065|0x20e5ab19|16|12917383883
33065|0x120e5ab19|17|27089797941
33065|0x320e5ab19|18|52650319335
33065|0x720e5ab19|19|104910974807
33065|0xf20e5ab19|20|208809791992
33065|0xf20e5ab19|21|420454809138
33065|0xf20e5ab19|22|835048933613
33065|0xf20e5ab19|23|1683140683337
33065|0xf20e5ab19|24|3340772654826
33163|0x1e23|1|322657
33163|0x1e23|2|792690
33163|0x1e23|3|1750995
33163|0x1e23|4|3767872
33163|0x1e23|5|7388047
33163|0x1e23|6|15157580
33163|0x401e23|7|30135422
33163|0x401e23|8|60192570
33163|0x401e23|9|120118369
33163|0x2401e23|10|241275240
33163|0x2401e23|11|481930173
33163|0xa401e23|12|964185779
33163|0xa401e23|13|1681801590
33163|0x2a401e23|14|3868254115
33163|0x6a401e23|15|6576881108
33163|0x6a401e23|16|12936761778
33163|0x6a401e23|17|25617824039
33163|0x6a401e23|18|53673701326
33163|0x46a401e23|19|105752030120
33163|0x46a401e23|20|208641921370
33163|0x146a401e23|21|417198548622
33163|0x346a401e23|22|840454139701
33163|0x346a401e23|23|1672875007031
33163|0x346a401e23|24|3334602209194
33279|0x17dff|1|324893
33279|0x37dff|2|770509
33279|0x37dff|3|1792214
33279|0xb7dff|4|3743144
33279|0x1b7dff|5|7434656
33279|0x3b7dff|6|15282795
33279|0x7b7dff|7|30248873
33279|0xfb7dff|8|60670798
33279|0x1fb7dff|9|121240721
33279|0x1fb7dff|10|242284603
33279|0x5fb7dff|11|484520953
33279|0x5fb7dff|12|970806503
33279|0x15fb7dff|13|1785223370
33279|0x35fb7dff|14|3862778045
33279|0x35fb7dff|15|6748157979
33279|0xb5fb7dff|16|12780847913
33279|0x1b5fb7dff|17|27096518226
33279|0x1b5fb7dff|18|52666064673
33279|0x1b5fb7dff|19|106222364174
33279|0x9b5fb7dff|20|209056461641
33279|0x9b5fb7dff|21|416049357605
33279|0x29b5fb7dff|22|839514749897
33279|0x69b5fb7dff|23|1677942583863
33279|0x69b5fb7dff|24|3345545238611
33361|0x6b1|1|322821
33361|0x6b1|2|784100
33361|0x6b1|3|1789614
33361|0x806b1|4|3728261
33361|0x1806b1|5|7412363
33361|0x1806b1|6|15160563
33361|0x1806b1|7|29956073
33361|0x1806b1|8|60150611
33361|0x11806b1|9|120300538
33361|0x11806b1|10|241102444
33361|0x51806b1|11|483271320
33361|0x51806b1|12|920756085
33361|0x151806b1|13|1829944202
33361|0x351806b1|14|3233773783
33361|0x351806b1|15|7439344973
33361|0x351806b1|16|14478410821
33361|0x1351806b1|17|26701708784
33361|0x1351806b1|18|52051371602
33361|0x1351806b1|19|105372323353
33361|0x9351806b1|20|207666972456
33361|0x9351806b1|21|414968502128
33361|0x29351806b1|22|834029517372
33361|0x29351806b1|23|1678025954720
33361|0x29351806b1|24|3336156308653
33485|0x13a05|1|325222
33485|0x33a05|2|772191
33485|0x73a05|3|1951537
33485|0x73a05|4|3582420
33485|0x73a05|5|7433029
33485|0x73a05|6|15068705
33485|0x473a05|7|29826496
33485|0xc73a05|8|60178116
33485|0x1c73a05|9|120177404
33485|0x1c73a05|10|240131280
33485|0x1c73a05|11|443466714
33485|0x9c73a05|12|960743300
33485|0x9c73a05|13|1836992947
33485|0x9c73a05|14|3842477605
33485|0x9c73a05|15|6360241790
33485|0x9c73a05|16|12668405744
33485|0x109c73a05|17|27034213504
33485|0x109c73a05|18|52442931429
33485|0x509c73a05|19|105056720541
33485|0x509c73a05|20|208308080920
33485|0x509c73a05|21|414342073852
33485|0x509c73a05|22|837343421278
33485|0x509c73a05|23|1685501885731
33485|0x509c73a05|24|3343186558337
33575|0xbc97|1|326656
33575|0x2bc97|2|772722
33575|0x6bc97|3|1888056
33575|0xebc97|4|3678143
33575|0xebc97|5|7520943
33575|0xebc97|6|15146668
33575|0x4ebc97|7|30117690
33575|0xcebc97|8|60317408
33575|0xcebc97|9|120656108
33575|0x2cebc97|10|241151863
33575|0x2cebc97|11|482974419
33575|0xacebc97|12|965855141
33575|0x1acebc97|13|1894550256
33575|0x3acebc97|14|3865815953
33575|0x7acebc97|15|6395011808
33575|0xfacebc97|16|13676905216
33575|0xfacebc97|17|27178489273
33575|0x2facebc97|18|52517271366
33575|0x6facebc97|19|104667162722
33575|0xefacebc97|20|206937585565
33575|0xefacebc97|21|414523776570
33575|0x2efacebc97|22|832929660688
33575|0x2efacebc97|23|1677610009117
33575|0xaefacebc97|24|3349935940929
33679|0x13b6f|1|325640
33679|0x33b6f|2|785064
33679|0x33b6f|3|1952110
33679|0xb3b6f|4|3589565
33679|0x1b3b6f|5|7716811
33679|0x3b3b6f|6|15078008
33679|0x3b3b6f|7|30427790
33679|0xbb3b6f|8|60681482
33679|0xbb3b6f|9|121415823
33679|0xbb3b6f|10|242827184
33679|0xbb3b6f|11|484706702
33679|0x8bb3b6f|12|971218595
33679|0x18bb3b6f|13|1943679030
33679|0x38bb3b6f|14|3211841947
33679|0x38bb3b6f|15|7740096372
33679|0xb8bb3b6f|16|12747781996
33679|0x1b8bb3b6f|17|26372643964
33679|0x3b8bb3b6f|18|52591938923
33679|0x7b8bb3b6f|19|105202197708
33679|0xfb8bb3b6f|20|208201279478
33679|0x1fb8bb3b6f|21|416893021604
33679|0x1fb8bb3b6f|22|839767415715
33679|0x5fb8bb3b6f|23|2391230184784
33679|0x5fb8bb3b6f|24|5709972123235
34053|0x7fcd|1|581995
34053|0x7fcd|2|1383065
34053|0x7fcd|3|3074574
34053|0x87fcd|4|6313904
34053|0x187fcd|5|12686654
34053|0x387fcd|6|25529293
34053|0x387fcd|7|51209995
34053|0xb87fcd|8|102401917
34053|0xb87fcd|9|204854527
34053|0x2b87fcd|10|409863433
34053|0x2b87fcd|11|819662653
34053|0xab87fcd|12|1639787389
34053|0x1ab87fcd|13|3278960402
34053|0x3ab87fcd|14|6558337982
34053|0x3ab87fcd|15|11676256285
34053|0x3ab87fcd|16|21928073126
34053|0x13ab87fcd|17|45521663288
34053|0x13ab87fcd|18|90707410456
34053|0x13ab87fcd|19|179385538255
34053|0x93ab87fcd|20|357902350118
34053|0x193ab87fcd|21|714194416831
34053|0x193ab87fcd|22|1428781049194
34053|0x193ab87fcd|23|2854509507740
34053|0x193ab87fcd|24|5707079083407
34227|0x1b17b|1|583597
34227|0x1b17b|2|1389174
34227|0x5b17b|3|3078941
34227|0x5b17b|4|6363492
34227|0x15b17b|5|12702397
34227|0x35b17b|6|25567466
34227|0x75b17b|7|51158244
34227|0xf5b17b|8|87775926
34227|0x1f5b17b|9|204888628
34227|0x1f5b17b|10|409902976
34227|0x5f5b17b|11|819926616
34227|0x5f5b17b|12|1569370109
34227|0x15f5b17b|13|2772457609
34227|0x15f5b17b|14|5398699931
34227|0x15f5b17b|15|10823951999
34227|0x15f5b17b|16|21574389949
34227|0x15f5b17b|17|43346143263
34227|0x15f5b17b|18|86800003778
34227|0x15f5b17b|19|172673631913
34227|0x815f5b17b|20|357165869855
34227|0x1815f5b17b|21|714223342282
34227|0x1815f5b17b|22|1426741109734
34227|0x5815f5b17b|23|2853860290415
34227|0x5815f5b17b|24|5718603744614
34405|0x1bb6d|1|327421
34405|0x3bb6d|2|778981
34405|0x7bb6d|3|1800281
34405|0xfbb6d|4|3789715
34405|0x1fbb6d|5|7420255
34405|0x3fbb6d|6|14980262
34405|0x7fbb6d|7|30010258
34405|0xffbb6d|8|60255174
34405|0x1ffbb6d|9|119884385
34405|0x3ffbb6d|10|239998962
34405|0x3ffbb6d|11|481879234
34405|0x3ffbb6d|12|963397248
34405|0x13ffbb6d|13|1923966109
34405|0x13ffbb6d|14|3304552177
34405|0x53ffbb6d|15|6525089387
34405|0x53ffbb6d|16|14283629961
34405|0x153ffbb6d|17|26079083793
34405|0x353ffbb6d|18|53577997403
34405|0x353ffbb6d|19|105894094516
34405|0xb53ffbb6d|20|207784844392
34405|0x1b53ffbb6d|21|416977301389
34405|0x1b53ffbb6d|22|830122442490
34405|0x5b53ffbb6d|23|1678229730363
34405|0x5b53ffbb6d|24|3771548866526
34513|0x19231|1|585979
34513|0x39231|2|1411297
34513|0x39231|3|3068167
34513|0x39231|4|6373512
34513|0x139231|5|12748892
34513|0x139231|6|25522199
34513|0x139231|7|51118022
34513|0x939231|8|102461142
34513|0x1939231|9|204933394
34513|0x1939231|10|409991745
34513|0x1939231|11|805694415
34513|0x9939231|12|1510764447
34513|0x19939231|13|2696743085
34513|0x39939231|14|5389973701
34513|0x79939231|15|11921938965
34513|0xf9939231|16|21815487779
34513|0x1f9939231|17|44567829717
34513|0x1f9939231|18|89437125878
34513|0x1f9939231|19|178837489741
34513|0x1f9939231|20|357156525612
34513|0x1f9939231|21|716568704657
34513|0x1f9939231|22|1426112306820
34513|0x41f9939231|23|2852615371810
34513|0xc1f9939231|24|5702317837452
34705|0x11971|1|601571
34705|0x31971|2|1395132
34705|0x71971|3|3094019
34705|0x71971|4|6354416
34705|0x171971|5|12781700
34705|0x171971|6|25566226
34705|0x171971|7|42049658
34705|0x971971|8|102362387
34705|0x971971|9|204929655
34705|0x971971|10|409957983
34705|0x4971971|11|755965548
34705|0xc971971|12|1640425992
34705|0x1c971971|13|3281264133
34705|0x3c971971|14|5409294041
34705|0x3c971971|15|11077272344
34705|0x3c971971|16|21667700232
34705|0x3c971971|17|43417246707
34705|0x23c971971|18|89058219129
34705|0x23c971971|19|179181121540
34705|0xa3c971971|20|356808061113
34705|0xa3c971971|21|713793912500
34705|0xa3c971971|22|1425592676696
34705|0x4a3c971971|23|2852194957353
34705|0x4a3c971971|24|5702008800710
35075|0x129ab|1|585375
35075|0x129ab|2|1399825
35075|0x129ab|3|3105552
35075|0x129ab|4|6241235
35075|0x1129ab|5|12680269
35075|0x1129ab|6|25538633
35075|0x1129ab|7|51210286
35075|0x9129ab|8|102576635
35075|0x19129ab|9|205135601
35075|0x19129ab|10|410307568
35075|0x59129ab|11|754407927
35075|0x59129ab|12|1641646416
35075|0x59129ab|13|3185097079
35075|0x59129ab|14|5517446596
35075|0x459129ab|15|11409919709
35075|0xc59129ab|16|21632124952
35075|0x1c59129ab|17|44542698524
35075|0x1c59129ab|18|88617863328
35075|0x1c59129ab|19|178456665817
35075|0x1c59129ab|20|357009008510
35075|0x1c59129ab|21|712276260286
35075|0x1c59129ab|22|1424842275350
35075|0x41c59129ab|23|2850300646069
35075|0xc1c59129ab|24|5699784511973
35271|0x67f7|1|587871
35271|0x67f7|2|1401985
35271|0x467f7|3|3127247
35271|0x467f7|4|6270380
35271|0x1467f7|5|12677174
35271|0x1467f7|6|25553628
35271|0x1467f7|7|51187104
35271|0x9467f7|8|102480901
35271|0x19467f7|9|205108826
35271|0x39467f7|10|410489568
35271|0x79467f7|11|820957301
35271|0x79467f7|12|1463911947
35271|0x179467f7|13|3010355830
35271|0x179467f7|14|5452791992
35271|0x579467f7|15|11107520374
35271|0xd79467f7|16|21586856517
35271|0xd79467f7|17|45587349008
35271|0x2d79467f7|18|88893350372
35271|0x6d79467f7|19|181021750927
35271|0x6d79467f7|20|357529984791
35271|0x16d79467f7|21|712897390050
35271|0x36d79467f7|22|1424913726162
35271|0x36d79467f7|23|2848823319012
35271|0x36d79467f7|24|5696605397493
35447|0x6f47|1|586510
35447|0x6f47|2|1404549
35447|0x6f47|3|3125356
35447|0x6f47|4|6264127
35447|0x106f47|5|12751359
35447|0x306f47|6|25625632
35447|0x306f47|7|51307397
35447|0xb06f47|8|102521268
35447|0xb06f47|9|205233518
35447|0x2b06f47|10|410531832
35447|0x6b06f47|11|821242339
35447|0xeb06f47|12|1642562257
35447|0x1eb06f47|13|3287523445
35447|0x3eb06f47|14|5519045011
35447|0x7eb06f47|15|11520869547
35447|0x7eb06f47|16|21936146865
35447|0x7eb06f47|17|43350588397
35447|0x27eb06f47|18|90292307518
35447|0x67eb06f47|19|179249548260
35447|0x67eb06f47|20|356219502736
35447|0x167eb06f47|21|712096441778
35447|0x167eb06f47|22|1424066632140
35447|0x567eb06f47|23|2844572903281
35447|0xd67eb06f47|24|5698198046663
35631|0x9bcf|1|586633
35631|0x29bcf|2|1406780
35631|0x69bcf|3|3133177
35631|0x69bcf|4|6291966
35631|0x169bcf|5|12748646
35631|0x169bcf|6|25540137
35631|0x569bcf|7|51251648
35631|0xd69bcf|8|102627063
35631|0xd69bcf|9|205266595
35631|0x2d69bcf|10|410857257
35631|0x6d69bcf|11|687120695
35631|0xed69bcf|12|1643535081
35631|0xed69bcf|13|2833214603
35631|0xed69bcf|14|5468514698
35631|0x4ed69bcf|15|11413404273
35631|0x4ed69bcf|16|21623301812
35631|0x14ed69bcf|17|44721209009
35631|0x14ed69bcf|18|89240974832
35631|0x54ed69bcf|19|178149546552
35631|0xd4ed69bcf|20|356290933220
35631|0xd4ed69bcf|21|712327127651
35631|0xd4ed69bcf|22|1424400753838
35631|0x4d4ed69bcf|23|2849208383947
35631|0x4d4ed69bcf|24|5696543518212
