21|0x3d|1|5879
21|0x3d|2|6784
21|0x3d|3|12062
21|0x13d|4|12397
21|0x33d|5|13678
21|0x73d|6|18321
21|0xf3d|7|26723
21|0xf3d|8|48997
21|0xf3d|9|93298
21|0x4f3d|10|180821
21|0xcf3d|11|353659
21|0x1cf3d|12|700386
21|0x3cf3d|13|1426191
21|0x3cf3d|14|2778835
21|0x3cf3d|15|5629127
21|0x13cf3d|16|27194701
21|0x33cf3d|17|38487494
21|0x73cf3d|18|92941093
21|0xf3cf3d|19|125623480
21|0xf3cf3d|20|178376177
21|0xf3cf3d|21|356259305
21|0x4f3cf3d|22|701193020
21|0xcf3cf3d|23|1425738833
21|0x1cf3cf3d|24|2853880126
8979|0x1f1b|1|64878
8979|0x1f1b|2|170859
8979|0x11f1b|3|388448
8979|0x31f1b|4|732497
8979|0x71f1b|5|1474077
8979|0xf1f1b|6|2974990
8979|0xf1f1b|7|5938023
8979|0x2f1f1b|8|11906309
8979|0x6f1f1b|9|27601543
8979|0xef1f1b|10|62283925
8979|0x1ef1f1b|11|124672915
8979|0x3ef1f1b|12|248700052
8979|0x7ef1f1b|13|496408601
8979|0xfef1f1b|14|994631041
8979|0xfef1f1b|15|1851422648
8979|0x2fef1f1b|16|4039269481
8979|0x6fef1f1b|17|6818518876
8979|0x6fef1f1b|18|13230868263
8979|0x6fef1f1b|19|26446902551
8979|0x26fef1f1b|20|54695891782
8979|0x66fef1f1b|21|109866685966
8979|0xe6fef1f1b|22|219241011857
8979|0xe6fef1f1b|23|440282379783
8979|0x2e6fef1f1b|24|877406634377
9117|0x7ab5|1|93763
9117|0x7ab5|2|203584
9117|0x7ab5|3|483975
9117|0x27ab5|4|1009419
9117|0x67ab5|5|1929629
9117|0x67ab5|6|3677692
9117|0x67ab5|7|7591817
9117|0x67ab5|8|15076567
9117|0x467ab5|9|30324127
9117|0x467ab5|10|60829835
9117|0x467ab5|11|121321431
9117|0x2467ab5|12|217779174
9117|0x2467ab5|13|484993136
9117|0xa467ab5|14|842159218
9117|0x1a467ab5|15|1945049922
9117|0x1a467ab5|16|3902458733
9117|0x5a467ab5|17|6905063097
9117|0x5a467ab5|18|13801049212
9117|0x15a467ab5|19|29679469696
9117|0x15a467ab5|20|56081943788
9117|0x55a467ab5|21|109266367478
9117|0x55a467ab5|22|219390083035
9117|0x55a467ab5|23|439229970586
9117|0x255a467ab5|24|877858183405
9985|0x5901|1|91353
9985|0xd901|2|209714
9985|0xd901|3|436172
9985|0xd901|4|897956
9985|0xd901|5|2000378
9985|0xd901|6|3716017
9985|0x10d901|7|7636406
9985|0x30d901|8|15250460
9985|0x70d901|9|30435476
9985|0xf0d901|10|61008520
9985|0xf0d901|11|122265739
9985|0x2f0d901|12|243867118
9985|0x6f0d901|13|440408806
9985|0xef0d901|14|976670954
9985|0xef0d901|15|1952061303
9985|0xef0d901|16|3915498526
9985|0x4ef0d901|17|7931774629
9985|0x4ef0d901|18|14278434770
9985|0x14ef0d901|19|27264204164
9985|0x14ef0d901|20|56377023961
9985|0x14ef0d901|21|109744796398
9985|0x94ef0d901|22|221007066126
9985|0x194ef0d901|23|437426817487
9985|0x394ef0d901|24|875597239253
10079|0x749f|1|101134
10079|0xf49f|2|237051
10079|0x1f49f|3|489764
10079|0x3f49f|4|899448
10079|0x7f49f|5|1821174
10079|0xff49f|6|3919964
10079|0x1ff49f|7|7524698
10079|0x3ff49f|8|15192453
10079|0x3ff49f|9|30345927
10079|0x3ff49f|10|60758765
10079|0x3ff49f|11|99677079
10079|0x23ff49f|12|244235723
10079|0x63ff49f|13|488461812
10079|0x63ff49f|14|926909490
10079|0x163ff49f|15|1879181494
10079|0x163ff49f|16|3299384929
10079|0x163ff49f|17|7907732358
10079|0x163ff49f|18|13413576554
10079|0x163ff49f|19|27710924063
10079|0x163ff49f|20|53420868767
10079|0x4163ff49f|21|110700338491
10079|0xc163ff49f|22|218828740605
10079|0xc163ff49f|23|438825308822
10079|0x2c163ff49f|24|876179293130
10201|0x6869|1|91403
10201|0xe869|2|211473
10201|0x1e869|3|440331
10201|0x3e869|4|984666
10201|0x3e869|5|2009853
10201|0xbe869|6|3756657
10201|0xbe869|7|7741064
10201|0xbe869|8|15426451
10201|0xbe869|9|30612539
10201|0x8be869|10|61443072
10201|0x18be869|11|123008051
10201|0x18be869|12|245749933
10201|0x18be869|13|489593240
10201|0x18be869|14|919105853
10201|0x18be869|15|1958692079
10201|0x218be869|16|3777642921
10201|0x618be869|17|7914650103
10201|0x618be869|18|13969501398
10201|0x1618be869|19|28488451431
10201|0x1618be869|20|55076564518
10201|0x1618be869|21|109990340549
10201|0x9618be869|22|220158946367
10201|0x19618be869|23|438441655844
10201|0x39618be869|24|874607809833
11059|0x47fb|1|105044
11059|0xc7fb|2|238697
11059|0x1c7fb|3|486212
11059|0x3c7fb|4|955345
11059|0x3c7fb|5|1798298
11059|0xbc7fb|6|3962173
11059|0x1bc7fb|7|7655846
11059|0x3bc7fb|8|15540721
11059|0x3bc7fb|9|31114016
11059|0xbbc7fb|10|62061601
11059|0xbbc7fb|11|124212021
11059|0xbbc7fb|12|248247385
11059|0xbbc7fb|13|495543844
11059|0xbbc7fb|14|817953566
11059|0x10bbc7fb|15|1988012706
11059|0x30bbc7fb|16|3522256881
11059|0x70bbc7fb|17|7883101256
11059|0x70bbc7fb|18|15988979564
11059|0x70bbc7fb|19|27605737752
11059|0x270bbc7fb|20|54764668095
11059|0x670bbc7fb|21|109853762286
11059|0xe70bbc7fb|22|218490040411
11059|0x1e70bbc7fb|23|436672925780
11059|0x1e70bbc7fb|24|872963758563
11151|0x136f|1|92850
11151|0x936f|2|191313
11151|0x936f|3|429054
11151|0x2936f|4|978292
11151|0x6936f|5|2056152
11151|0x6936f|6|3816318
11151|0x16936f|7|7826647
11151|0x36936f|8|15616100
11151|0x76936f|9|34016084
11151|0x76936f|10|62421022
11151|0x176936f|11|124773756
11151|0x176936f|12|249295396
11151|0x576936f|13|496908052
11151|0xd76936f|14|993549359
11151|0x1d76936f|15|1698615544
11151|0x3d76936f|16|3289858928
11151|0x7d76936f|17|7951642676
11151|0x7d76936f|18|14032032985
11151|0x17d76936f|19|26752553793
11151|0x17d76936f|20|54475032353
11151|0x17d76936f|21|109689355516
11151|0x97d76936f|22|218692282899
11151|0x97d76936f|23|438796514708
11151|0x297d76936f|24|873039673486
12039|0xeb7|1|94677
12039|0xeb7|2|213351
12039|0xeb7|3|442225
12039|0xeb7|4|886860
12039|0x40eb7|5|1866565
12039|0x40eb7|6|3904870
12039|0x140eb7|7|7869023
12039|0x140eb7|8|15517586
12039|0x540eb7|9|31181933
12039|0x540eb7|10|62192164
12039|0x1540eb7|11|124594778
12039|0x1540eb7|12|248942855
12039|0x1540eb7|13|498162869
12039|0x9540eb7|14|995361908
12039|0x19540eb7|15|1752709445
12039|0x39540eb7|16|3852458933
12039|0x39540eb7|17|7157555860
12039|0x39540eb7|18|13894753648
12039|0x39540eb7|19|27277642629
12039|0x39540eb7|20|53935726155
12039|0x39540eb7|21|110880360811
12039|0x839540eb7|22|219539951932
12039|0x839540eb7|23|438793714443
12039|0x839540eb7|24|871149960556
12133|0x6a6d|1|93984
12133|0x6a6d|2|196162
12133|0x6a6d|3|488496
12133|0x6a6d|4|1011426
12133|0x46a6d|5|1954188
12133|0xc6a6d|6|3872851
12133|0x1c6a6d|7|7751555
12133|0x1c6a6d|8|15609561
12133|0x5c6a6d|9|30952562
12133|0x5c6a6d|10|62237801
12133|0x5c6a6d|11|124567226
12133|0x5c6a6d|12|248725846
12133|0x45c6a6d|13|498346013
12133|0x45c6a6d|14|996834913
12133|0x145c6a6d|15|1993143988
12133|0x145c6a6d|16|3219888214
12133|0x145c6a6d|17|6488930784
12133|0x145c6a6d|18|13141941503
12133|0x1145c6a6d|19|30615737992
12133|0x3145c6a6d|20|55660800400
12133|0x7145c6a6d|21|109706785875
12133|0xf145c6a6d|22|218186570868
12133|0x1f145c6a6d|23|436683733031
12133|0x1f145c6a6d|24|870680661348
12259|0xdcb|1|97703
12259|0x8dcb|2|195735
12259|0x8dcb|3|445583
12259|0x28dcb|4|922474
12259|0x68dcb|5|2078736
12259|0xe8dcb|6|3685493
12259|0x1e8dcb|7|7870404
12259|0x3e8dcb|8|15387363
12259|0x3e8dcb|9|31169273
12259|0xbe8dcb|10|61862740
12259|0x1be8dcb|11|124088481
12259|0x1be8dcb|12|247885451
12259|0x1be8dcb|13|496136546
12259|0x9be8dcb|14|991434964
12259|0x9be8dcb|15|1991939502
12259|0x29be8dcb|16|3986571769
12259|0x29be8dcb|17|7976081835
12259|0x29be8dcb|18|13173241624
12259|0x129be8dcb|19|26669053935
12259|0x329be8dcb|20|55476785269
12259|0x329be8dcb|21|109525563717
12259|0xb29be8dcb|22|218814620799
12259|0x1b29be8dcb|23|436128278544
12259|0x1b29be8dcb|24|871577568083
13103|0x73cf|1|94080
13103|0xf3cf|2|198535
13103|0x1f3cf|3|455089
13103|0x3f3cf|4|916233
13103|0x7f3cf|5|1929168
13103|0xff3cf|6|3908773
13103|0xff3cf|7|7779255
13103|0xff3cf|8|15612345
13103|0xff3cf|9|31220399
13103|0x8ff3cf|10|62340816
13103|0x8ff3cf|11|124764185
13103|0x8ff3cf|12|249267410
13103|0x8ff3cf|13|498957127
13103|0x88ff3cf|14|1001899675
13103|0x88ff3cf|15|2014316162
13103|0x88ff3cf|16|3628348938
13103|0x488ff3cf|17|6872726802
13103|0x488ff3cf|18|13399429037
13103|0x488ff3cf|19|31736013860
13103|0x2488ff3cf|20|54561686859
13103|0x2488ff3cf|21|111172124977
13103|0x2488ff3cf|22|218304786406
13103|0x2488ff3cf|23|435179763657
13103|0x22488ff3cf|24|870346431337
13201|0x6d71|1|110630
13201|0xed71|2|238913
13201|0xed71|3|427252
13201|0xed71|4|888054
13201|0x4ed71|5|1860611
13201|0xced71|6|3941303
13201|0xced71|7|7862445
13201|0x2ced71|8|15650181
13201|0x6ced71|9|31423181
13201|0x6ced71|10|62847760
13201|0x16ced71|11|125604826
13201|0x36ced71|12|251128855
13201|0x76ced71|13|420206587
13201|0xf6ced71|14|1004075564
13201|0x1f6ced71|15|1884023183
13201|0x1f6ced71|16|3732849755
13201|0x1f6ced71|17|6696665078
13201|0x9f6ced71|18|12929271342
13201|0x19f6ced71|19|27114807089
13201|0x39f6ced71|20|56096953866
13201|0x39f6ced71|21|109041845662
13201|0x39f6ced71|22|218552242136
13201|0x139f6ced71|23|438879871222
13201|0x339f6ced71|24|871979618528
14033|0x6231|1|110472
14033|0xe231|2|405568
14033|0x1e231|3|496402
14033|0x1e231|4|1056429
14033|0x1e231|5|1841426
14033|0x1e231|6|4015525
14033|0x1e231|7|7744298
14033|0x1e231|8|15786888
14033|0x41e231|9|31266505
14033|0xc1e231|10|62746071
14033|0xc1e231|11|126172251
14033|0xc1e231|12|252273831
14033|0x4c1e231|13|505120274
14033|0xcc1e231|14|1014927752
14033|0x1cc1e231|15|2023920163
14033|0x3cc1e231|16|3501828407
14033|0x3cc1e231|17|6618084171
14033|0xbcc1e231|18|13029802008
14033|0x1bcc1e231|19|27459964747
14033|0x1bcc1e231|20|54233694676
14033|0x5bcc1e231|21|108754605899
14033|0x5bcc1e231|22|218158928190
14033|0x5bcc1e231|23|434952357843
14033|0x5bcc1e231|24|868999144702
14157|0x5985|1|97776
14157|0xd985|2|358936
14157|0x1d985|3|438384
14157|0x3d985|4|969158
14157|0x7d985|5|2084894
14157|0xfd985|6|3947234
14157|0xfd985|7|8039624
14157|0xfd985|8|16011524
14157|0xfd985|9|32202316
14157|0x8fd985|10|64049240
14157|0x18fd985|11|128263041
14157|0x18fd985|12|256071693
14157|0x18fd985|13|513062717
14157|0x18fd985|14|1024743043
14157|0x18fd985|15|2051379040
14157|0x218fd985|16|4099722809
14157|0x218fd985|17|7204490134
14157|0x218fd985|18|12971092950
14157|0x218fd985|19|27283219058
14157|0x218fd985|20|53395696384
14157|0x218fd985|21|107779864678
14157|0x218fd985|22|218067966958
14157|0x218fd985|23|435352973794
14157|0x218fd985|24|877023925823
14255|0x7f4f|1|106231
14255|0x7f4f|2|249093
14255|0x17f4f|3|439611
14255|0x17f4f|4|918598
14255|0x17f4f|5|1954287
14255|0x17f4f|6|3916566
14255|0x17f4f|7|8093936
14255|0x217f4f|8|15942927
14255|0x617f4f|9|31879119
14255|0x617f4f|10|63708213
14255|0x1617f4f|11|127570446
14255|0x1617f4f|12|255460168
14255|0x5617f4f|13|510716993
14255|0x5617f4f|14|1021586984
14255|0x5617f4f|15|2041942104
14255|0x25617f4f|16|3440616530
14255|0x25617f4f|17|6903678850
14255|0xa5617f4f|18|12992323986
14255|0x1a5617f4f|19|26536803081
14255|0x1a5617f4f|20|54839680808
14255|0x1a5617f4f|21|109323810436
14255|0x9a5617f4f|22|217761153691
14255|0x9a5617f4f|23|434761685509
14255|0x29a5617f4f|24|869329870870
15035|0x7a73|1|112239
15035|0xfa73|2|238177
15035|0x1fa73|3|511146
15035|0x1fa73|4|940808
15035|0x1fa73|5|1875229
15035|0x1fa73|6|4015233
15035|0x11fa73|7|8017285
15035|0x31fa73|8|16032699
15035|0x71fa73|9|32020524
15035|0x71fa73|10|63934481
15035|0x71fa73|11|127749619
15035|0x271fa73|12|256129442
15035|0x671fa73|13|512877551
15035|0xe71fa73|14|1025707761
15035|0xe71fa73|15|1656640524
15035|0x2e71fa73|16|4097320068
15035|0x6e71fa73|17|8181922231
15035|0xee71fa73|18|13129991334
15035|0xee71fa73|19|26190747557
15035|0xee71fa73|20|59251257582
15035|0x4ee71fa73|21|110653428693
15035|0x4ee71fa73|22|216825331204
15035|0x4ee71fa73|23|434074940120
15035|0x24ee71fa73|24|867155409312
15139|0x4c8b|1|112618
15139|0xcc8b|2|237078
15139|0xcc8b|3|511882
15139|0xcc8b|4|1027727
15139|0xcc8b|5|2127227
15139|0xcc8b|6|4017251
15139|0xcc8b|7|8315827
15139|0xcc8b|8|16494560
15139|0x40cc8b|9|33167363
15139|0x40cc8b|10|65999815
15139|0x40cc8b|11|132169514
15139|0x40cc8b|12|264143490
15139|0x40cc8b|13|478934186
15139|0x840cc8b|14|945111785
15139|0x1840cc8b|15|2113920340
15139|0x1840cc8b|16|3519566220
15139|0x5840cc8b|17|7158459063
15139|0x5840cc8b|18|13339341861
15139|0x15840cc8b|19|26525200892
15139|0x35840cc8b|20|53841916746
15139|0x75840cc8b|21|108159564123
15139|0xf5840cc8b|22|216613735629
15139|0x1f5840cc8b|23|433592039075
15139|0x3f5840cc8b|24|866104283791
15257|0x68a9|1|96867
15257|0xe8a9|2|211219
15257|0xe8a9|3|451839
15257|0x2e8a9|4|1042511
15257|0x6e8a9|5|2114496
15257|0x6e8a9|6|4101061
15257|0x6e8a9|7|8341328
15257|0x6e8a9|8|16721425
15257|0x46e8a9|9|33355054
15257|0x46e8a9|10|66603480
15257|0x46e8a9|11|133256869
15257|0x246e8a9|12|266835931
15257|0x646e8a9|13|534988312
15257|0xe46e8a9|14|940334785
15257|0xe46e8a9|15|1745508215
15257|0x2e46e8a9|16|3330440070
15257|0x2e46e8a9|17|6953802016
15257|0x2e46e8a9|18|13886121859
15257|0x2e46e8a9|19|28513254518
15257|0x22e46e8a9|20|53236176764
15257|0x22e46e8a9|21|108746779957
15257|0xa2e46e8a9|22|216384567282
15257|0xa2e46e8a9|23|434058349097
15257|0xa2e46e8a9|24|866232106206
16011|0x3923|1|96339
16011|0xb923|2|215144
16011|0x1b923|3|460990
16011|0x3b923|4|967652
16011|0x7b923|5|2129897
16011|0xfb923|6|3723342
16011|0xfb923|7|7370074
16011|0x2fb923|8|15018598
16011|0x6fb923|9|30113420
16011|0xefb923|10|60142736
16011|0x1efb923|11|131168450
16011|0x1efb923|12|256416254
16011|0x5efb923|13|495736601
16011|0xdefb923|14|1072596081
16011|0xdefb923|15|2102443052
16011|0x2defb923|16|4302567339
16011|0x2defb923|17|8525052088
16011|0x2defb923|18|14394763405
16011|0x12defb923|19|26727929250
16011|0x12defb923|20|55132601101
16011|0x52defb923|21|107783406482
16011|0x52defb923|22|217159600951
16011|0x152defb923|23|432525773530
16011|0x352defb923|24|864592887959
16113|0x7211|1|114310
16113|0xf211|2|244311
16113|0xf211|3|525123
16113|0xf211|4|1054767
16113|0x4f211|5|1989750
16113|0xcf211|6|3851775
16113|0x1cf211|7|8386103
16113|0x3cf211|8|16868178
16113|0x3cf211|9|33712806
16113|0x3cf211|10|67567494
16113|0x3cf211|11|134695752
16113|0x3cf211|12|269737373
16113|0x43cf211|13|538297350
16113|0x43cf211|14|853100314
16113|0x43cf211|15|2154126763
16113|0x43cf211|16|3381986123
16113|0x443cf211|17|6807322740
16113|0x443cf211|18|13491840813
16113|0x1443cf211|19|31162553397
16113|0x1443cf211|20|54992317941
16113|0x1443cf211|21|108825765894
16113|0x9443cf211|22|222559183335
16113|0x9443cf211|23|432070092098
16113|0x9443cf211|24|864071052489
16227|0x3a4b|1|112307
16227|0x3a4b|2|245249
16227|0x13a4b|3|526934
16227|0x33a4b|4|1060565
16227|0x33a4b|5|2029088
16227|0xb3a4b|6|4240240
16227|0x1b3a4b|7|8420514
16227|0x3b3a4b|8|16828537
16227|0x7b3a4b|9|33742878
16227|0x7b3a4b|10|67540093
16227|0x17b3a4b|11|134947334
16227|0x37b3a4b|12|269758174
16227|0x77b3a4b|13|538629745
16227|0xf7b3a4b|14|1043919435
16227|0x1f7b3a4b|15|2154126853
16227|0x1f7b3a4b|16|3814154951
16227|0x1f7b3a4b|17|7295866006
16227|0x9f7b3a4b|18|13684850599
16227|0x19f7b3a4b|19|28462052442
16227|0x19f7b3a4b|20|55662239038
16227|0x19f7b3a4b|21|112372247442
16227|0x19f7b3a4b|22|216640216746
16227|0x19f7b3a4b|23|431963538320
16227|0x219f7b3a4b|24|865477372151
16351|0x3c1f|1|112531
16351|0x3c1f|2|243820
16351|0x3c1f|3|526269
16351|0x3c1f|4|1061805
16351|0x3c1f|5|2129876
16351|0x3c1f|6|4148093
16351|0x3c1f|7|8433522
16351|0x3c1f|8|16882044
16351|0x3c1f|9|33647075
16351|0x3c1f|10|67481766
16351|0x1003c1f|11|134749533
16351|0x3003c1f|12|270353622
16351|0x7003c1f|13|539614891
16351|0xf003c1f|14|1079260431
16351|0xf003c1f|15|2157213611
16351|0x2f003c1f|16|4312994097
16351|0x2f003c1f|17|7683417043
16351|0x2f003c1f|18|15638063949
16351|0x2f003c1f|19|28761720347
16351|0x22f003c1f|20|58092307089
16351|0x22f003c1f|21|107130408601
16351|0xa2f003c1f|22|216958246711
16351|0x1a2f003c1f|23|430727231299
16351|0x3a2f003c1f|24|859393883543
16825|0x7489|1|200879
16825|0x17489|2|443395
16825|0x17489|3|970509
16825|0x57489|4|1907675
16825|0xd7489|5|3916586
16825|0x1d7489|6|7679460
16825|0x3d7489|7|15535574
16825|0x3d7489|8|31163788
16825|0x3d7489|9|62241493
16825|0x13d7489|10|124148763
16825|0x13d7489|11|248432225
16825|0x13d7489|12|496882869
16825|0x13d7489|13|880250539
16825|0x13d7489|14|1976105743
16825|0x13d7489|15|3692940291
16825|0x13d7489|16|7129800618
16825|0x813d7489|17|14066218171
16825|0x813d7489|18|26267021992
16825|0x2813d7489|19|55448439435
16825|0x2813d7489|20|112918102685
16825|0x2813d7489|21|221894030616
16825|0x2813d7489|22|444785959806
16825|0x22813d7489|23|875444260463
16825|0x62813d7489|24|1756354365711
16939|0x6c83|1|167819
16939|0x6c83|2|391221
16939|0x6c83|3|882118
16939|0x46c83|4|1987602
16939|0xc6c83|5|3681783
16939|0x1c6c83|6|7741066
16939|0x1c6c83|7|15216722
16939|0x5c6c83|8|30412530
16939|0xdc6c83|9|61066018
16939|0x1dc6c83|10|122032434
16939|0x1dc6c83|11|243060596
16939|0x5dc6c83|12|483370665
16939|0x5dc6c83|13|964386245
16939|0x15dc6c83|14|1929386748
16939|0x15dc6c83|15|3860373458
16939|0x15dc6c83|16|7749883682
16939|0x95dc6c83|17|14016377640
16939|0x95dc6c83|18|26719861403
16939|0x95dc6c83|19|55136339296
16939|0x495dc6c83|20|115224497353
16939|0xc95dc6c83|21|223003260482
16939|0xc95dc6c83|22|448875123164
16939|0xc95dc6c83|23|875617377383
16939|0x4c95dc6c83|24|1762286049660
17065|0x8199|1|190616
17065|0x18199|2|443954
17065|0x18199|3|952581
17065|0x18199|4|1764929
17065|0x98199|5|3849657
17065|0x198199|6|7443991
17065|0x198199|7|15050883
17065|0x598199|8|30265313
17065|0xd98199|9|60659505
17065|0x1d98199|10|121401531
17065|0x1d98199|11|242601145
17065|0x5d98199|12|485721999
17065|0x5d98199|13|971102723
17065|0x15d98199|14|1942058491
17065|0x15d98199|15|3463673786
17065|0x15d98199|16|7772365141
17065|0x95d98199|17|13727316696
17065|0x195d98199|18|26446203242
17065|0x395d98199|19|55422317269
17065|0x395d98199|20|109626061821
17065|0x395d98199|21|221899710129
17065|0x395d98199|22|444907748953
17065|0x395d98199|23|878671387257
17065|0x395d98199|24|1755895632974
17161|0x3b39|1|191027
17161|0x3b39|2|392841
17161|0x23b39|3|860583
17161|0x63b39|4|1768950
17161|0xe3b39|5|3868122
17161|0xe3b39|6|7491479
17161|0xe3b39|7|15248357
17161|0xe3b39|8|30255486
17161|0xe3b39|9|60606952
17161|0xe3b39|10|100069983
17161|0x20e3b39|11|241415756
17161|0x60e3b39|12|480739273
17161|0x60e3b39|13|961385846
17161|0x160e3b39|14|1922270778
17161|0x160e3b39|15|3861675985
17161|0x160e3b39|16|6964143555
17161|0x960e3b39|17|13345886362
17161|0x1960e3b39|18|26474002307
17161|0x1960e3b39|19|56589568073
17161|0x5960e3b39|20|109694308830
17161|0xd960e3b39|21|221478706250
17161|0xd960e3b39|22|443396584654
17161|0xd960e3b39|23|880010924108
17161|0x4d960e3b39|24|1754952006106
17279|0x7c7f|1|191149
17279|0x17c7f|2|445905
17279|0x37c7f|3|1003908
17279|0x37c7f|4|1783368
17279|0x37c7f|5|3880076
17279|0x137c7f|6|7445497
17279|0x137c7f|7|15234075
17279|0x537c7f|8|30177788
17279|0x537c7f|9|60609645
17279|0x1537c7f|10|120974170
17279|0x3537c7f|11|241903751
17279|0x3537c7f|12|484009998
17279|0x3537c7f|13|963088075
17279|0x3537c7f|14|1923545637
17279|0x3537c7f|15|3283659954
17279|0x3537c7f|16|6413178117
17279|0x83537c7f|17|12877058807
17279|0x83537c7f|18|26502247266
17279|0x83537c7f|19|55460364781
17279|0x83537c7f|20|112018875235
17279|0x83537c7f|21|226467777635
17279|0x83537c7f|22|446205237902
17279|0x2083537c7f|23|884573168466
17279|0x2083537c7f|24|2303251808667
17815|0x8a27|1|303883
17815|0x8a27|2|736208
17815|0x28a27|3|1560717
17815|0x68a27|4|3187058
17815|0xe8a27|5|6370874
17815|0x1e8a27|6|12825152
17815|0x1e8a27|7|25623447
17815|0x5e8a27|8|51357010
17815|0x5e8a27|9|102732369
17815|0x15e8a27|10|205524990
17815|0x35e8a27|11|420872349
17815|0x35e8a27|12|763104630
17815|0xb5e8a27|13|1649368121
17815|0x1b5e8a27|14|3012990795
17815|0x3b5e8a27|15|5971547022
17815|0x3b5e8a27|16|10989678211
17815|0xbb5e8a27|17|21592997967
17815|0x1bb5e8a27|18|44218025759
17815|0x3bb5e8a27|19|88857879693
17815|0x7bb5e8a27|20|178376558413
17815|0x7bb5e8a27|21|356846732019
17815|0x17bb5e8a27|22|712964313561
17815|0x17bb5e8a27|23|1424688947360
17815|0x17bb5e8a27|24|2850552110430
17989|0xdc8d|1|301947
17989|0xdc8d|2|732600
17989|0x2dc8d|3|1565924
17989|0x6dc8d|4|3178704
17989|0xedc8d|5|6427451
17989|0x1edc8d|6|12908013
17989|0x3edc8d|7|25772759
17989|0x7edc8d|8|51434886
17989|0xfedc8d|9|102786452
17989|0x1fedc8d|10|183195391
17989|0x3fedc8d|11|380812787
17989|0x7fedc8d|12|743405927
17989|0xffedc8d|13|1632944609
17989|0xffedc8d|14|2739281110
17989|0xffedc8d|15|5473058047
17989|0xffedc8d|16|10799730290
17989|0xffedc8d|17|21629610996
17989|0xffedc8d|18|43211158147
17989|0xffedc8d|19|86482342979
17989|0x40ffedc8d|20|177900856075
17989|0xc0ffedc8d|21|359006063352
17989|0xc0ffedc8d|22|712080933904
17989|0x2c0ffedc8d|23|1424458919769
17989|0x6c0ffedc8d|24|2849288651063
18161|0xea11|1|302364
18161|0x1ea11|2|714062
18161|0x3ea11|3|1571912
18161|0x3ea11|4|3176146
18161|0x3ea11|5|6373686
18161|0x13ea11|6|12807779
18161|0x13ea11|7|25675544
18161|0x53ea11|8|51388723
18161|0x53ea11|9|102817245
18161|0x153ea11|10|176078195
18161|0x353ea11|11|345498166
18161|0x753ea11|12|818715724
18161|0xf53ea11|13|1549429085
18161|0xf53ea11|14|2776541911
18161|0x2f53ea11|15|5523064366
18161|0x2f53ea11|16|10813028883
18161|0xaf53ea11|17|22079368264
18161|0xaf53ea11|18|44824348679
18161|0x2af53ea11|19|88676858799
18161|0x2af53ea11|20|178159966453
18161|0xaaf53ea11|21|355965907501
18161|0xaaf53ea11|22|712603434853
18161|0xaaf53ea11|23|1178655461010
18161|0xaaf53ea11|24|2145549262864
18305|0xf881|1|190881
18305|0x1f881|2|453364
18305|0x3f881|3|924055
18305|0x7f881|4|1772767
18305|0x7f881|5|3792377
18305|0x17f881|6|7525142
18305|0x17f881|7|14947740
18305|0x17f881|8|29933515
18305|0x17f881|9|59882001
18305|0x17f881|10|119903903
18305|0x217f881|11|239727758
18305|0x617f881|12|479814802
18305|0xe17f881|13|944335894
18305|0xe17f881|14|1907918078
18305|0xe17f881|15|3814066860
18305|0x4e17f881|16|6330074030
18305|0x4e17f881|17|12721680823
18305|0x4e17f881|18|25436312788
18305|0x4e17f881|19|51713663094
18305|0x4e17f881|20|106518518358
18305|0x4e17f881|21|215537399660
18305|0x104e17f881|22|419547562095
18305|0x304e17f881|23|1103201633568
18305|0x304e17f881|24|1842370771884
18425|0xca49|1|193521
18425|0x1ca49|2|456554
18425|0x1ca49|3|922900
18425|0x1ca49|4|1799313
18425|0x9ca49|5|3856577
18425|0x9ca49|6|7465066
18425|0x29ca49|7|14957624
18425|0x69ca49|8|30312101
18425|0x69ca49|9|60881467
18425|0x69ca49|10|121595419
18425|0x269ca49|11|205919358
18425|0x269ca49|12|471629197
18425|0x269ca49|13|895499449
18425|0x1269ca49|14|1598427085
18425|0x1269ca49|15|3878440242
18425|0x5269ca49|16|6845312755
18425|0xd269ca49|17|15443855840
18425|0xd269ca49|18|28776605309
18425|0xd269ca49|19|54709156216
18425|0xd269ca49|20|105341320128
18425|0x8d269ca49|21|215218004143
18425|0x18d269ca49|22|421295576283
18425|0x18d269ca49|23|1199126522280
18425|0x18d269ca49|24|2848125794581
18967|0x8da7|1|304701
18967|0x18da7|2|725853
18967|0x38da7|3|1517161
18967|0x78da7|4|3126195
18967|0x78da7|5|5625096
18967|0x78da7|6|12870486
18967|0x278da7|7|25760344
18967|0x278da7|8|51612014
18967|0xa78da7|9|103307647
18967|0xa78da7|10|206419221
18967|0x2a78da7|11|412657548
18967|0x6a78da7|12|825403117
18967|0xea78da7|13|1650538181
18967|0xea78da7|14|3301500244
18967|0xea78da7|15|5435711224
18967|0x4ea78da7|16|11033604222
18967|0xcea78da7|17|22070271911
18967|0x1cea78da7|18|44148547649
18967|0x3cea78da7|19|88927620947
18967|0x7cea78da7|20|180058433020
18967|0x7cea78da7|21|355296841831
18967|0x17cea78da7|22|711774578404
18967|0x37cea78da7|23|1422988578939
18967|0x77cea78da7|24|2845430078523
19137|0x4541|1|305791
19137|0x14541|2|727010
19137|0x34541|3|1545912
19137|0x74541|4|3170924
19137|0x74541|5|6406748
19137|0x74541|6|12839057
19137|0x74541|7|25745321
19137|0x74541|8|51617874
19137|0x874541|9|103202748
19137|0x874541|10|206335045
19137|0x874541|11|412861214
19137|0x874541|12|826106800
19137|0x874541|13|1594436161
19137|0x874541|14|3303409600
19137|0x874541|15|5462794078
19137|0x874541|16|10833138922
19137|0x80874541|17|21690842720
19137|0x80874541|18|43190736508
19137|0x80874541|19|93609545819
19137|0x80874541|20|180620111772
19137|0x880874541|21|355855135454
19137|0x1880874541|22|710999749789
19137|0x3880874541|23|918852495817
19137|0x7880874541|24|1673090058106
19269|0x8f8d|1|169408
19269|0x18f8d|2|407791
19269|0x38f8d|3|854761
19269|0x78f8d|4|1791394
19269|0xf8f8d|5|3866065
19269|0xf8f8d|6|7488205
19269|0xf8f8d|7|14967785
19269|0x4f8f8d|8|29991665
19269|0xcf8f8d|9|60325190
19269|0x1cf8f8d|10|120395764
19269|0x1cf8f8d|11|240672281
19269|0x5cf8f8d|12|481892351
19269|0x5cf8f8d|13|963218484
19269|0x5cf8f8d|14|1706350234
19269|0x25cf8f8d|15|3853850194
19269|0x25cf8f8d|16|6473275583
19269|0x25cf8f8d|17|13172670213
19269|0x25cf8f8d|18|25935705893
19269|0x225cf8f8d|19|52997501297
19269|0x225cf8f8d|20|105201512592
19269|0xa25cf8f8d|21|209351219145
19269|0x1a25cf8f8d|22|412594115525
19269|0x3a25cf8f8d|23|861706875557
19269|0x7a25cf8f8d|24|1675172521399
19365|0xa42d|1|171931
19365|0x1a42d|2|408532
19365|0x1a42d|3|856178
19365|0x1a42d|4|2005773
19365|0x9a42d|5|3640855
19365|0x19a42d|6|7501080
19365|0x39a42d|7|15006237
19365|0x79a42d|8|30009704
19365|0xf9a42d|9|59829608
19365|0xf9a42d|10|120012761
19365|0xf9a42d|11|240166782
19365|0x4f9a42d|12|479110190
19365|0xcf9a42d|13|959942500
19365|0xcf9a42d|14|1918055127
19365|0xcf9a42d|15|3836787466
19365|0xcf9a42d|16|6965406826
19365|0x8cf9a42d|17|12827929328
19365|0x8cf9a42d|18|26014791762
19365|0x8cf9a42d|19|57413421102
19365|0x8cf9a42d|20|105035070370
19365|0x88cf9a42d|21|207037614777
19365|0x188cf9a42d|22|416177437614
19365|0x388cf9a42d|23|838785012758
19365|0x788cf9a42d|24|1666292327476
19873|0xd661|1|169955
19873|0xd661|2|434545
19873|0x2d661|3|864665
19873|0x6d661|4|1786531
19873|0xed661|5|3825313
19873|0x1ed661|6|7217051
19873|0x3ed661|7|14966905
19873|0x3ed661|8|29486304
19873|0x3ed661|9|59386108
19873|0x3ed661|10|118827760
19873|0x23ed661|11|237385172
19873|0x23ed661|12|474258890
19873|0x23ed661|13|949569818
19873|0x123ed661|14|1898695455
19873|0x323ed661|15|3799924833
19873|0x323ed661|16|7608074653
19873|0xb23ed661|17|12947248398
19873|0x1b23ed661|18|28466240907
19873|0x3b23ed661|19|52665648705
19873|0x3b23ed661|20|106877134185
19873|0x3b23ed661|21|210184434961
19873|0x13b23ed661|22|417093102100
19873|0x13b23ed661|23|837318785497
19873|0x13b23ed661|24|1666312588799
19971|0x4cab|1|172257
19971|0x14cab|2|412982
19971|0x14cab|3|866361
19971|0x14cab|4|2034452
19971|0x14cab|5|3669117
19971|0x14cab|6|7496708
19971|0x214cab|7|15065667
19971|0x614cab|8|30082720
19971|0xe14cab|9|60121974
19971|0xe14cab|10|120247385
19971|0xe14cab|11|240553211
19971|0xe14cab|12|480397600
19971|0x8e14cab|13|962197389
19971|0x8e14cab|14|1933410489
19971|0x8e14cab|15|3859572129
19971|0x48e14cab|16|7146481970
19971|0xc8e14cab|17|14160704119
19971|0x1c8e14cab|18|29770853804
19971|0x3c8e14cab|19|52479626592
19971|0x3c8e14cab|20|109874393507
19971|0x3c8e14cab|21|212721070194
19971|0x3c8e14cab|22|418033813487
19971|0x3c8e14cab|23|836808527173
19971|0x43c8e14cab|24|1666013030157
20087|0xeb47|1|195841
20087|0x1eb47|2|470002
20087|0x1eb47|3|1003724
20087|0x5eb47|4|1866144
20087|0x5eb47|5|3831954
20087|0x15eb47|6|7657508
20087|0x35eb47|7|15147432
20087|0x75eb47|8|30518456
20087|0xf5eb47|9|61054430
20087|0xf5eb47|10|122434878
20087|0xf5eb47|11|244559898
20087|0xf5eb47|12|489627933
20087|0xf5eb47|13|977437564
20087|0xf5eb47|14|1952345587
20087|0x20f5eb47|15|3648805403
20087|0x60f5eb47|16|7178337991
20087|0x60f5eb47|17|12784658156
20087|0x60f5eb47|18|25537659608
20087|0x60f5eb47|19|54625323214
20087|0x60f5eb47|20|103632650377
20087|0x860f5eb47|21|209542462604
20087|0x1860f5eb47|22|418112988965
20087|0x3860f5eb47|23|834027225844
20087|0x7860f5eb47|24|1665121026433
20195|0x66cb|1|195981
20195|0x166cb|2|470607
20195|0x166cb|3|990810
20195|0x166cb|4|1750036
20195|0x166cb|5|3754517
20195|0x1166cb|6|7602065
20195|0x1166cb|7|15054233
20195|0x5166cb|8|30422206
20195|0xd166cb|9|60588654
20195|0x1d166cb|10|121482324
20195|0x3d166cb|11|243237519
20195|0x3d166cb|12|487185538
20195|0x3d166cb|13|971367599
20195|0x13d166cb|14|1944459172
20195|0x33d166cb|15|3883989173
20195|0x73d166cb|16|7728592871
20195|0xf3d166cb|17|13264251385
20195|0xf3d166cb|18|26620188207
20195|0x2f3d166cb|19|52552826213
20195|0x2f3d166cb|20|106549081065
20195|0xaf3d166cb|21|212449144517
20195|0xaf3d166cb|22|417298525868
20195|0xaf3d166cb|23|833800960155
20195|0xaf3d166cb|24|1668830696765
20301|0x8185|1|196381
20301|0x18185|2|471490
20301|0x18185|3|990947
20301|0x58185|4|1849810
20301|0x58185|5|3727781
20301|0x58185|6|7676878
20301|0x258185|7|15105288
20301|0x658185|8|30517380
20301|0xe58185|9|61047466
20301|0xe58185|10|122111868
20301|0xe58185|11|244236136
20301|0xe58185|12|478977344
20301|0x8e58185|13|972441082
20301|0x8e58185|14|1929297811
20301|0x8e58185|15|3693530757
20301|0x8e58185|16|7821113153
20301|0x88e58185|17|15552834630
20301|0x88e58185|18|26463085117
20301|0x88e58185|19|54011858671
20301|0x88e58185|20|109988682911
20301|0x888e58185|21|208927314209
20301|0x1888e58185|22|409054219586
20301|0x3888e58185|23|835087887063
20301|0x7888e58185|24|1668377681051
20409|0x689|1|172941
20409|0x10689|2|415846
20409|0x30689|3|873735
20409|0x70689|4|1772016
20409|0xf0689|5|3863311
20409|0xf0689|6|7517425
20409|0x2f0689|7|15051200
20409|0x2f0689|8|30114335
20409|0x2f0689|9|60413861
20409|0x12f0689|10|120550916
20409|0x32f0689|11|240904354
20409|0x32f0689|12|482819583
20409|0x32f0689|13|955577957
20409|0x132f0689|14|1910026135
20409|0x332f0689|15|3857763385
20409|0x332f0689|16|7708713601
20409|0xb32f0689|17|12667807875
20409|0x1b32f0689|18|25936301896
20409|0x3b32f0689|19|51727129239
20409|0x3b32f0689|20|105663506640
20409|0xbb32f0689|21|210823015410
20409|0xbb32f0689|22|417787490001
20409|0xbb32f0689|23|834502856227
20409|0x4bb32f0689|24|1666673984583
20885|0x71bd|1|171926
20885|0x171bd|2|443298
20885|0x171bd|3|881878
20885|0x571bd|4|1773489
20885|0xd71bd|5|3910439
20885|0x1d71bd|6|7543631
20885|0x3d71bd|7|15080141
20885|0x7d71bd|8|30157375
20885|0x7d71bd|9|60634207
20885|0x7d71bd|10|120813162
20885|0x27d71bd|11|218397881
20885|0x67d71bd|12|474927347
20885|0xe7d71bd|13|967560244
20885|0xe7d71bd|14|1936310219
20885|0x2e7d71bd|15|3873024787
20885|0x6e7d71bd|16|7741929210
20885|0x6e7d71bd|17|15365083979
20885|0x6e7d71bd|18|26678922782
20885|0x26e7d71bd|19|52169976855
20885|0x26e7d71bd|20|107178794512
20885|0x26e7d71bd|21|209022918652
20885|0x26e7d71bd|22|414540547831
20885|0x226e7d71bd|23|832787217101
20885|0x226e7d71bd|24|1666741779188
20991|0xadff|1|173847
20991|0x1adff|2|419908
20991|0x3adff|3|900865
20991|0x3adff|4|1986975
20991|0xbadff|5|3617766
20991|0x1badff|6|7475151
20991|0x3badff|7|14751108
20991|0x3badff|8|29818063
20991|0xbbadff|9|59883379
20991|0x1bbadff|10|119273858
20991|0x1bbadff|11|238857801
20991|0x5bbadff|12|477914358
20991|0xdbbadff|13|780450384
20991|0x1dbbadff|14|1644884475
20991|0x1dbbadff|15|3835672427
20991|0x1dbbadff|16|6621448624
20991|0x1dbbadff|17|12622298976
20991|0x1dbbadff|18|25098495775
20991|0x21dbbadff|19|52541273418
20991|0x61dbbadff|20|103754358687
20991|0x61dbbadff|21|208234602353
20991|0x61dbbadff|22|417834209726
20991|0x61dbbadff|23|833424014002
20991|0x61dbbadff|24|1668415756630
21095|0xa957|1|174013
21095|0xa957|2|420866
21095|0x2a957|3|885032
21095|0x2a957|4|2029005
21095|0x2a957|5|3647412
21095|0x12a957|6|7529000
21095|0x12a957|7|15364908
21095|0x52a957|8|30218356
21095|0xd2a957|9|61079768
21095|0x1d2a957|10|121907439
21095|0x3d2a957|11|243485909
21095|0x7d2a957|12|487098169
21095|0x7d2a957|13|980063944
21095|0x7d2a957|14|1642545988
21095|0x27d2a957|15|3261604719
21095|0x27d2a957|16|7841859262
21095|0xa7d2a957|17|14948925057
21095|0x1a7d2a957|18|25825384695
21095|0x1a7d2a957|19|57477242603
21095|0x5a7d2a957|20|104704994389
21095|0xda7d2a957|21|209297041780
21095|0xda7d2a957|22|417993909570
21095|0xda7d2a957|23|837505586649
21095|0x4da7d2a957|24|1666206056630
21207|0xc0e7|1|172312
21207|0xc0e7|2|421808
21207|0xc0e7|3|887128
21207|0x4c0e7|4|1932811
21207|0xcc0e7|5|3765294
21207|0xcc0e7|6|7641779
21207|0xcc0e7|7|15384524
21207|0xcc0e7|8|30661972
21207|0x8cc0e7|9|61527377
21207|0x8cc0e7|10|122746625
21207|0x8cc0e7|11|245669425
21207|0x48cc0e7|12|490595855
21207|0xc8cc0e7|13|884334001
21207|0xc8cc0e7|14|1619769943
21207|0x2c8cc0e7|15|3258855247
21207|0x2c8cc0e7|16|6411823324
21207|0xac8cc0e7|17|12763223433
21207|0xac8cc0e7|18|28279930484
21207|0x2ac8cc0e7|19|53599986684
21207|0x6ac8cc0e7|20|111027021568
21207|0x6ac8cc0e7|21|211533679579
21207|0x6ac8cc0e7|22|415878004344
21207|0x26ac8cc0e7|23|830602506164
21207|0x66ac8cc0e7|24|1668152013664
21317|0x478d|1|199727
21317|0x478d|2|480204
21317|0x2478d|3|964881
21317|0x2478d|4|1813926
21317|0x2478d|5|3932397
21317|0x12478d|6|7580204
21317|0x32478d|7|15493343
21317|0x72478d|8|30635211
21317|0x72478d|9|61235562
21317|0x72478d|10|122099938
21317|0x72478d|11|245332876
21317|0x472478d|12|490936101
21317|0x472478d|13|981091814
21317|0x472478d|14|1961742087
21317|0x472478d|15|3924828890
21317|0x4472478d|16|7255889631
21317|0xc472478d|17|12728543573
21317|0xc472478d|18|26822895791
21317|0x2c472478d|19|52598413051
21317|0x2c472478d|20|111967622989
21317|0x2c472478d|21|212428572770
21317|0x12c472478d|22|415931996571
21317|0x12c472478d|23|829865866633
21317|0x52c472478d|24|1666338793672
21419|0xf03|1|182990
21419|0xf03|2|421248
21419|0xf03|3|888826
21419|0xf03|4|1806196
21419|0x80f03|5|3930906
21419|0x80f03|6|7523063
21419|0x80f03|7|15334443
21419|0x480f03|8|30434711
21419|0x480f03|9|61152019
21419|0x1480f03|10|122494973
21419|0x1480f03|11|244341988
21419|0x1480f03|12|489594823
21419|0x9480f03|13|981060266
21419|0x19480f03|14|1957940060
21419|0x19480f03|15|3474640345
21419|0x59480f03|16|7836535230
21419|0x59480f03|17|12951820579
21419|0x59480f03|18|25482012003
21419|0x259480f03|19|52718098936
21419|0x659480f03|20|104949947993
21419|0x659480f03|21|208943986365
21419|0x1659480f03|22|416273262626
21419|0x3659480f03|23|825515725891
21419|0x7659480f03|24|1674604570438
21895|0x6037|1|204702
21895|0x16037|2|373745
21895|0x16037|3|846217
21895|0x56037|4|1775885
21895|0xd6037|5|3931168
21895|0xd6037|6|7546238
21895|0xd6037|7|15485347
21895|0xd6037|8|30701788
21895|0xd6037|9|61365360
21895|0xd6037|10|122574988
21895|0xd6037|11|245624438
21895|0xd6037|12|491691714
21895|0x80d6037|13|983515160
21895|0x180d6037|14|1710166017
21895|0x380d6037|15|3852673727
21895|0x380d6037|16|6772444011
21895|0x380d6037|17|13599952534
21895|0x380d6037|18|26966782121
21895|0x2380d6037|19|51968611329
21895|0x2380d6037|20|104567247355
21895|0xa380d6037|21|208833099300
21895|0xa380d6037|22|416994174599
21895|0xa380d6037|23|832857887515
21895|0xa380d6037|24|1664269729097
22005|0xee5d|1|175345
22005|0x1ee5d|2|389458
22005|0x3ee5d|3|845940
22005|0x3ee5d|4|1759445
22005|0xbee5d|5|3802756
22005|0x1bee5d|6|7392658
22005|0x3bee5d|7|15014246
22005|0x3bee5d|8|30206966
22005|0xbbee5d|9|60192147
22005|0xbbee5d|10|120645785
22005|0x2bbee5d|11|241634484
22005|0x6bbee5d|12|481837181
22005|0xebbee5d|13|940804594
22005|0xebbee5d|14|1928613873
22005|0xebbee5d|15|3365117232
22005|0xebbee5d|16|6576435625
22005|0x8ebbee5d|17|13038615750
22005|0x18ebbee5d|18|25665397091
22005|0x38ebbee5d|19|54383247386
22005|0x78ebbee5d|20|104880802774
22005|0x78ebbee5d|21|209807457686
22005|0x78ebbee5d|22|419245553864
22005|0x278ebbee5d|23|831318464254
22005|0x678ebbee5d|24|1664735740509
22113|0xcda1|1|175465
22113|0xcda1|2|375112
22113|0x2cda1|3|865891
22113|0x6cda1|4|2018177
22113|0xecda1|5|3665652
22113|0x1ecda1|6|7757104
22113|0x1ecda1|7|15315447
22113|0x5ecda1|8|30704422
22113|0x5ecda1|9|61638033
22113|0x15ecda1|10|123077728
22113|0x35ecda1|11|246296495
22113|0x35ecda1|12|492714862
22113|0x35ecda1|13|984371917
22113|0x35ecda1|14|1662007848
22113|0x235ecda1|15|3939594237
22113|0x635ecda1|16|7855859109
22113|0xe35ecda1|17|12768926229
22113|0xe35ecda1|18|26759452374
22113|0xe35ecda1|19|52162365674
22113|0xe35ecda1|20|103927582009
22113|0x8e35ecda1|21|207784860953
22113|0x8e35ecda1|22|415916404980
22113|0x8e35ecda1|23|831583334569
22113|0x48e35ecda1|24|1659674004179
22223|0xf02f|1|175893
22223|0xf02f|2|385466
22223|0x2f02f|3|967024
22223|0x2f02f|4|1958605
22223|0x2f02f|5|3640071
22223|0x12f02f|6|7780808
22223|0x12f02f|7|15258216
22223|0x12f02f|8|30649571
22223|0x12f02f|9|61294313
22223|0x12f02f|10|122436032
22223|0x12f02f|11|245517656
22223|0x412f02f|12|490487446
22223|0xc12f02f|13|980438708
22223|0xc12f02f|14|1960431262
22223|0x2c12f02f|15|3937047552
22223|0x2c12f02f|16|6952710423
22223|0x2c12f02f|17|13855232543
22223|0x2c12f02f|18|28845576021
22223|0x22c12f02f|19|52198940357
22223|0x22c12f02f|20|103804227198
22223|0x22c12f02f|21|213423844555
22223|0x122c12f02f|22|416787429091
22223|0x122c12f02f|23|832793949559
22223|0x122c12f02f|24|1738156845967
22323|0x7bfb|1|176516
22323|0x17bfb|2|376211
22323|0x37bfb|3|922118
22323|0x77bfb|4|2010408
22323|0x77bfb|5|4015806
22323|0x77bfb|6|7946050
22323|0x277bfb|7|16156314
22323|0x277bfb|8|32302560
22323|0x277bfb|9|64333525
22323|0x1277bfb|10|129248698
22323|0x3277bfb|11|258694308
22323|0x7277bfb|12|517849866
22323|0xf277bfb|13|1033954019
22323|0x1f277bfb|14|1925150375
22323|0x3f277bfb|15|4160980204
22323|0x3f277bfb|16|8356190797
22323|0x3f277bfb|17|15441318014
22323|0x13f277bfb|18|27412186676
22323|0x33f277bfb|19|55196999850
22323|0x73f277bfb|20|114930783035
22323|0xf3f277bfb|21|217683027891
22323|0xf3f277bfb|22|439341649205
22323|0xf3f277bfb|23|875227907900
22323|0xf3f277bfb|24|1739507406231
22441|0x3c99|1|200160
22441|0x3c99|2|428238
22441|0x3c99|3|989181
22441|0x3c99|4|2014984
22441|0x3c99|5|3941123
22441|0x3c99|6|8077753
22441|0x3c99|7|16215492
22441|0x403c99|8|32296724
22441|0x403c99|9|64859010
22441|0x1403c99|10|130449059
22441|0x1403c99|11|260082573
22441|0x1403c99|12|519680098
22441|0x9403c99|13|905395514
22441|0x19403c99|14|2082038455
22441|0x19403c99|15|3575465243
22441|0x19403c99|16|7934265696
22441|0x99403c99|17|14338325283
22441|0x99403c99|18|27966462101
22441|0x299403c99|19|56389358449
22441|0x699403c99|20|109908949651
22441|0x699403c99|21|220004827381
22441|0x1699403c99|22|439440054751
22441|0x1699403c99|23|870861869195
22441|0x1699403c99|24|1737403996659
22913|0xe681|1|201069
22913|0x1e681|2|430732
22913|0x1e681|3|978377
22913|0x1e681|4|1860716
22913|0x9e681|5|4090253
22913|0x9e681|6|8069561
22913|0x29e681|7|16019897
22913|0x69e681|8|32461262
22913|0xe9e681|9|64834419
22913|0x1e9e681|10|129657552
22913|0x1e9e681|11|259119038
22913|0x1e9e681|12|518523693
22913|0x9e9e681|13|1038672519
22913|0x19e9e681|14|1818714957
22913|0x39e9e681|15|4167546820
22913|0x39e9e681|16|8353088504
22913|0xb9e9e681|17|14028152979
22913|0xb9e9e681|18|27957838787
22913|0xb9e9e681|19|53922172658
22913|0xb9e9e681|20|109670099436
22913|0xb9e9e681|21|217808654735
22913|0xb9e9e681|22|439305020742
22913|0xb9e9e681|23|871236579056
22913|0xb9e9e681|24|1737965458843
23017|0xe59|1|199264
23017|0xe59|2|422730
23017|0x20e59|3|862499
23017|0x60e59|4|1994967
23017|0x60e59|5|4102680
23017|0x60e59|6|8007835
23017|0x60e59|7|16176348
23017|0x60e59|8|32585135
23017|0x860e59|9|64975256
23017|0x1860e59|10|129882617
23017|0x3860e59|11|259507125
23017|0x3860e59|12|519279417
23017|0x3860e59|13|1038051435
23017|0x13860e59|14|2077204676
23017|0x33860e59|15|4151874382
23017|0x33860e59|16|8317328942
23017|0xb3860e59|17|14727843367
23017|0x1b3860e59|18|28579773830
23017|0x3b3860e59|19|55267443656
23017|0x3b3860e59|20|110155663921
23017|0xbb3860e59|21|221100671883
23017|0x1bb3860e59|22|438154231559
23017|0x3bb3860e59|23|870282266005
23017|0x7bb3860e59|24|1737435304892
23137|0xc9a1|1|188735
23137|0x1c9a1|2|380119
23137|0x1c9a1|3|864050
23137|0x1c9a1|4|2033792
23137|0x1c9a1|5|4064629
23137|0x11c9a1|6|7986777
23137|0x31c9a1|7|16182197
23137|0x71c9a1|8|32557085
23137|0x71c9a1|9|64991557
23137|0x71c9a1|10|129881047
23137|0x71c9a1|11|258917387
23137|0x471c9a1|12|517892285
23137|0x471c9a1|13|1038933062
23137|0x1471c9a1|14|2077612872
23137|0x1471c9a1|15|3604178886
23137|0x5471c9a1|16|8309647661
23137|0x5471c9a1|17|16603303717
23137|0x5471c9a1|18|28357825114
23137|0x5471c9a1|19|55770749383
23137|0x5471c9a1|20|108983621291
23137|0x5471c9a1|21|232898543650
23137|0x105471c9a1|22|444921581540
23137|0x305471c9a1|23|874671466865
23137|0x305471c9a1|24|1741916280341
23249|0x3e31|1|201641
23249|0x3e31|2|432521
23249|0x3e31|3|983776
23249|0x3e31|4|2066008
23249|0x3e31|5|3920842
23249|0x103e31|6|8108742
23249|0x303e31|7|16246467
23249|0x703e31|8|32269857
23249|0xf03e31|9|64788920
23249|0xf03e31|10|129630064
23249|0x2f03e31|11|259138408
23249|0x6f03e31|12|421147211
23249|0x6f03e31|13|1037662232
23249|0x6f03e31|14|2061445347
23249|0x26f03e31|15|4118070174
23249|0x66f03e31|16|7812507135
23249|0xe6f03e31|17|16607839197
23249|0x1e6f03e31|18|29883348841
23249|0x3e6f03e31|19|56323352465
23249|0x3e6f03e31|20|110213040189
23249|0x3e6f03e31|21|230179540030
23249|0x3e6f03e31|22|439735182299
23249|0x23e6f03e31|23|870651686685
23249|0x23e6f03e31|24|1740489456842
23365|0xff8d|1|189100
23365|0xff8d|2|433159
23365|0xff8d|3|1005753
23365|0x4ff8d|4|2048934
23365|0x4ff8d|5|3873803
23365|0x14ff8d|6|8029379
23365|0x14ff8d|7|16116855
23365|0x14ff8d|8|32072586
23365|0x94ff8d|9|64319187
23365|0x194ff8d|10|129020040
23365|0x194ff8d|11|258496065
23365|0x594ff8d|12|518958764
23365|0xd94ff8d|13|1036711268
23365|0xd94ff8d|14|1929793153
23365|0x2d94ff8d|15|4152939088
23365|0x6d94ff8d|16|8278293103
23365|0xed94ff8d|17|15301693995
23365|0xed94ff8d|18|30326749947
23365|0xed94ff8d|19|55887756129
23365|0x4ed94ff8d|20|113119533278
23365|0xced94ff8d|21|220772792988
23365|0x1ced94ff8d|22|440235489122
23365|0x1ced94ff8d|23|870532115086
23365|0x5ced94ff8d|24|1736223447203
23481|0x3a89|1|202519
23481|0x13a89|2|434128
23481|0x33a89|3|1002286
23481|0x73a89|4|1867343
23481|0xf3a89|5|4103884
23481|0x1f3a89|6|8059706
23481|0x3f3a89|7|15970490
23481|0x3f3a89|8|32458432
23481|0xbf3a89|9|64437191
23481|0xbf3a89|10|129613320
23481|0xbf3a89|11|258971444
23481|0x4bf3a89|12|520519851
23481|0xcbf3a89|13|1040842434
23481|0x1cbf3a89|14|2080010855
23481|0x1cbf3a89|15|4157892205
23481|0x5cbf3a89|16|7272127531
23481|0x5cbf3a89|17|15263031840
23481|0x15cbf3a89|18|27104352127
23481|0x15cbf3a89|19|54666860302
23481|0x55cbf3a89|20|109123122308
23481|0xd5cbf3a89|21|218083427384
23481|0xd5cbf3a89|22|439704015163
23481|0x2d5cbf3a89|23|871974916940
23481|0x6d5cbf3a89|24|1740962127100
23961|0xa6a9|1|203408
23961|0x1a6a9|2|436644
23961|0x1a6a9|3|995348
23961|0x1a6a9|4|2026820
23961|0x9a6a9|5|3931894
23961|0x19a6a9|6|8213146
23961|0x39a6a9|7|16372874
23961|0x39a6a9|8|32735080
23961|0x39a6a9|9|65608948
23961|0x39a6a9|10|131076146
23961|0x39a6a9|11|262921084
23961|0x439a6a9|12|525357325
23961|0xc39a6a9|13|1049943977
23961|0xc39a6a9|14|2067348318
23961|0xc39a6a9|15|3446352795
23961|0x4c39a6a9|16|6687562192
23961|0xcc39a6a9|17|14109603423
23961|0x1cc39a6a9|18|27863585550
23961|0x1cc39a6a9|19|54927567233
23961|0x5cc39a6a9|20|112312249880
23961|0xdcc39a6a9|21|218232748620
23961|0x1dcc39a6a9|22|437842988049
23961|0x1dcc39a6a9|23|873137661518
23961|0x1dcc39a6a9|24|1736260177152
24079|0xd0ef|1|203766
24079|0xd0ef|2|437201
24079|0xd0ef|3|997247
24079|0x4d0ef|4|1861521
24079|0x4d0ef|5|4121575
24079|0x4d0ef|6|8124831
24079|0x4d0ef|7|16349294
24079|0x4d0ef|8|32768535
24079|0x4d0ef|9|65526695
24079|0x104d0ef|10|130715976
24079|0x104d0ef|11|261351654
24079|0x504d0ef|12|522808071
24079|0x504d0ef|13|876013665
24079|0x1504d0ef|14|1917549089
24079|0x1504d0ef|15|3393101948
24079|0x1504d0ef|16|6800473409
24079|0x1504d0ef|17|13934240861
24079|0x11504d0ef|18|27924657699
24079|0x11504d0ef|19|56648512917
24079|0x11504d0ef|20|109848490795
24079|0x91504d0ef|21|217862819767
24079|0x91504d0ef|22|437571589502
24079|0x91504d0ef|23|869870383762
24079|0x491504d0ef|24|1740898922004
24199|0x737|1|203533
24199|0x737|2|435476
24199|0x20737|3|999240
24199|0x20737|4|2038909
24199|0xa0737|5|3984736
24199|0x1a0737|6|8172788
24199|0x3a0737|7|16488213
24199|0x7a0737|8|30626621
24199|0x7a0737|9|65783156
24199|0x17a0737|10|131366311
24199|0x37a0737|11|263328463
24199|0x77a0737|12|525653693
24199|0x77a0737|13|1047300597
24199|0x77a0737|14|2101148289
24199|0x77a0737|15|4203342456
24199|0x477a0737|16|8359756095
24199|0xc77a0737|17|14719384502
24199|0xc77a0737|18|27735627337
24199|0xc77a0737|19|54225103158
24199|0xc77a0737|20|109719884300
24199|0x8c77a0737|21|220707022550
24199|0x8c77a0737|22|439006811301
24199|0x28c77a0737|23|869771212337
24199|0x68c77a0737|24|1739532676894
24303|0x900f|1|204025
24303|0x900f|2|438542
24303|0x900f|3|1001036
24303|0x4900f|4|2016771
24303|0xc900f|5|3963461
24303|0xc900f|6|8220518
24303|0x2c900f|7|16478156
24303|0x2c900f|8|32791296
24303|0xac900f|9|65860794
24303|0xac900f|10|131536133
24303|0x2ac900f|11|262871015
24303|0x6ac900f|12|525019418
24303|0xeac900f|13|1048292953
24303|0x1eac900f|14|1956952580
24303|0x1eac900f|15|3669700003
24303|0x1eac900f|16|6801494011
24303|0x1eac900f|17|15391554671
24303|0x1eac900f|18|28118436163
24303|0x1eac900f|19|54841099365
24303|0x1eac900f|20|108844413007
24303|0x1eac900f|21|221857614349
24303|0x1eac900f|22|442043749011
24303|0x201eac900f|23|869710022389
24303|0x601eac900f|24|1737003112966
24417|0x84a1|1|203811
24417|0x84a1|2|439092
24417|0x284a1|3|1003081
24417|0x684a1|4|1919343
24417|0x684a1|5|4078710
24417|0x1684a1|6|8117867
24417|0x1684a1|7|16288359
24417|0x5684a1|8|30512014
24417|0x5684a1|9|65103666
24417|0x5684a1|10|130240263
24417|0x5684a1|11|260729324
24417|0x45684a1|12|522149945
24417|0x45684a1|13|1043258580
24417|0x45684a1|14|1800686685
24417|0x45684a1|15|4173449156
24417|0x445684a1|16|7017081576
24417|0x445684a1|17|13380763062
24417|0x445684a1|18|27382206821
24417|0x2445684a1|19|60126165874
24417|0x2445684a1|20|114555306606
24417|0xa445684a1|21|218515170712
24417|0xa445684a1|22|436709049743
24417|0xa445684a1|23|881756636269
24417|0x4a445684a1|24|1745446500518
24531|0x505b|1|204163
24531|0x505b|2|439727
24531|0x505b|3|1004837
24531|0x4505b|4|2050091
24531|0x4505b|5|3979401
24531|0x4505b|6|8139351
24531|0x24505b|7|16339595
24531|0x64505b|8|32561011
24531|0xe4505b|9|65267363
24531|0xe4505b|10|130630794
24531|0x2e4505b|11|261435544
24531|0x6e4505b|12|520928865
24531|0xee4505b|13|1040637449
24531|0xee4505b|14|2086401770
24531|0xee4505b|15|3468615053
24531|0xee4505b|16|7851470833
24531|0xee4505b|17|14205796515
24531|0x10ee4505b|18|28603197665
24531|0x30ee4505b|19|54931530421
24531|0x70ee4505b|20|110235152616
24531|0xf0ee4505b|21|226695901319
24531|0x1f0ee4505b|22|438824783607
24531|0x3f0ee4505b|23|871193189335
24531|0x3f0ee4505b|24|1754531495556
25015|0x4c07|1|204941
25015|0x14c07|2|442302
25015|0x14c07|3|1012731
25015|0x54c07|4|1977160
25015|0xd4c07|5|4006132
25015|0x1d4c07|6|8130778
25015|0x1d4c07|7|16347787
25015|0x5d4c07|8|32593797
25015|0xdd4c07|9|65425027
25015|0xdd4c07|10|130723495
25015|0xdd4c07|11|261463691
25015|0xdd4c07|12|525617214
25015|0x8dd4c07|13|1049167000
25015|0x18dd4c07|14|2100415553
25015|0x38dd4c07|15|3895030503
25015|0x38dd4c07|16|6791560836
25015|0xb8dd4c07|17|14618209176
25015|0xb8dd4c07|18|28012532388
25015|0xb8dd4c07|19|54169821559
25015|0xb8dd4c07|20|109309368984
25015|0xb8dd4c07|21|218698299478
25015|0x10b8dd4c07|22|437755298341
25015|0x10b8dd4c07|23|871339266095
25015|0x10b8dd4c07|24|1736761505699
25129|0x5a19|1|205226
25129|0x5a19|2|442910
25129|0x5a19|3|1014519
25129|0x45a19|4|2016308
25129|0x45a19|5|4031971
25129|0x145a19|6|8150347
25129|0x145a19|7|16326363
25129|0x545a19|8|32587873
25129|0x545a19|9|65293656
25129|0x545a19|10|130775511
25129|0x545a19|11|225882709
25129|0x545a19|12|523032592
25129|0x8545a19|13|918565371
25129|0x8545a19|14|2091216509
25129|0x28545a19|15|4200556269
25129|0x68545a19|16|8375013982
25129|0x68545a19|17|13987301902
25129|0x168545a19|18|32082212177
25129|0x368545a19|19|63186221975
25129|0x768545a19|20|109223307951
25129|0x768545a19|21|219352078333
25129|0x768545a19|22|437387479578
25129|0x2768545a19|23|872872337252
25129|0x6768545a19|24|1734555842233
25233|0x9e71|1|205560
25233|0x19e71|2|441044
25233|0x39e71|3|986096
25233|0x79e71|4|1938376
25233|0xf9e71|5|4133766
25233|0xf9e71|6|8169955
25233|0xf9e71|7|16471265
25233|0xf9e71|8|33062865
25233|0x8f9e71|9|65934058
25233|0x8f9e71|10|131953262
25233|0x8f9e71|11|235950056
25233|0x48f9e71|12|421039484
25233|0x48f9e71|13|909699739
25233|0x148f9e71|14|2109874033
25233|0x348f9e71|15|3728772467
25233|0x748f9e71|16|6763877902
25233|0x748f9e71|17|14683306028
25233|0x1748f9e71|18|27341407535
25233|0x3748f9e71|19|55186960257
25233|0x7748f9e71|20|109792434136
25233|0xf748f9e71|21|217603071509
25233|0xf748f9e71|22|438173054607
25233|0x2f748f9e71|23|869268204502
25233|0x2f748f9e71|24|1741510603613
25349|0xf1cd|1|205181
25349|0x1f1cd|2|441593
25349|0x1f1cd|3|1037109
25349|0x5f1cd|4|2051895
25349|0x5f1cd|5|3962101
25349|0x5f1cd|6|8261397
25349|0x25f1cd|7|16323606
25349|0x65f1cd|8|32897652
25349|0xe5f1cd|9|65721460
25349|0x1e5f1cd|10|131143351
25349|0x3e5f1cd|11|262479276
25349|0x3e5f1cd|12|526033672
25349|0x3e5f1cd|13|1051437681
25349|0x3e5f1cd|14|2102821763
25349|0x3e5f1cd|15|3376628247
25349|0x3e5f1cd|16|8410180066
25349|0x3e5f1cd|17|16825055699
25349|0x3e5f1cd|18|27872931822
25349|0x203e5f1cd|19|60272749813
25349|0x603e5f1cd|20|109913136187
25349|0x603e5f1cd|21|223143316680
25349|0x603e5f1cd|22|436997660683
25349|0x2603e5f1cd|23|868545552519
25349|0x6603e5f1cd|24|1739374581818
25465|0x96c9|1|206181
25465|0x196c9|2|467811
25465|0x196c9|3|1020187
25465|0x196c9|4|2055577
25465|0x196c9|5|3950541
25465|0x1196c9|6|8190585
25465|0x3196c9|7|16381861
25465|0x7196c9|8|30045486
25465|0x7196c9|9|65326816
25465|0x17196c9|10|130342171
25465|0x17196c9|11|260236158
25465|0x57196c9|12|521203767
25465|0x57196c9|13|1044786524
25465|0x57196c9|14|2070490918
25465|0x57196c9|15|4190127853
25465|0x57196c9|16|7758425862
25465|0x857196c9|17|14308116109
25465|0x857196c9|18|28039319710
25465|0x2857196c9|19|55588199741
25465|0x6857196c9|20|117270173873
25465|0x6857196c9|21|219180529525
25465|0x16857196c9|22|437012643388
25465|0x16857196c9|23|868406957252
25465|0x56857196c9|24|1734024428491
25573|0x21ed|1|206247
25573|0x121ed|2|445153
25573|0x321ed|3|1021752
25573|0x721ed|4|2063688
25573|0x721ed|5|4001834
25573|0x721ed|6|8226598
25573|0x721ed|7|16466702
25573|0x721ed|8|32807393
25573|0x8721ed|9|65508905
25573|0x18721ed|10|130988235
25573|0x18721ed|11|261838594
25573|0x18721ed|12|523848355
25573|0x18721ed|13|1047066824
25573|0x18721ed|14|1688882378
25573|0x218721ed|15|3540397289
25573|0x618721ed|16|7707260792
25573|0xe18721ed|17|14217983670
25573|0x1e18721ed|18|27588434515
25573|0x3e18721ed|19|56955578688
25573|0x3e18721ed|20|115189005134
25573|0x3e18721ed|21|218291271018
25573|0x13e18721ed|22|436384748456
25573|0x13e18721ed|23|873292012136
25573|0x13e18721ed|24|1739183566412
26047|0x8a3f|1|206785
26047|0x8a3f|2|438873
26047|0x28a3f|3|906195
26047|0x28a3f|4|2043192
26047|0x28a3f|5|4167319
26047|0x128a3f|6|8084949
26047|0x328a3f|7|16360109
26047|0x728a3f|8|32918646
26047|0x728a3f|9|72638544
26047|0x728a3f|10|131373099
26047|0x2728a3f|11|262415756
26047|0x6728a3f|12|525074218
26047|0x6728a3f|13|1048948525
26047|0x6728a3f|14|2098768901
26047|0x6728a3f|15|4197926827
26047|0x6728a3f|16|7370549907
26047|0x6728a3f|17|13475627893
26047|0x6728a3f|18|27149014553
26047|0x6728a3f|19|59379277625
26047|0x6728a3f|20|109005580053
26047|0x6728a3f|21|214772912761
26047|0x1006728a3f|22|435991969425
26047|0x1006728a3f|23|868023495336
26047|0x1006728a3f|24|1733583729670
26161|0x32d1|1|204896
26161|0x132d1|2|446246
26161|0x332d1|3|1029166
26161|0x732d1|4|2089468
26161|0x732d1|5|4038823
26161|0x732d1|6|8238167
26161|0x2732d1|7|16633033
26161|0x6732d1|8|32980959
26161|0x6732d1|9|66221133
26161|0x6732d1|10|132339170
26161|0x26732d1|11|264297832
26161|0x66732d1|12|529487700
26161|0xe6732d1|13|1058503411
26161|0xe6732d1|14|1975441583
26161|0x2e6732d1|15|4176428401
26161|0x2e6732d1|16|7524174884
26161|0x2e6732d1|17|13378143024
26161|0x2e6732d1|18|29122136499
26161|0x22e6732d1|19|54546816980
26161|0x22e6732d1|20|110127082502
26161|0xa2e6732d1|21|218673400184
26161|0x1a2e6732d1|22|437346738413
26161|0x1a2e6732d1|23|868133710893
26161|0x1a2e6732d1|24|1736571270731
26269|0x4fb5|1|205079
26269|0x14fb5|2|448545
26269|0x14fb5|3|959459
26269|0x14fb5|4|2025465
26269|0x14fb5|5|3805823
26269|0x114fb5|6|8202919
26269|0x314fb5|7|16423237
26269|0x314fb5|8|32992204
26269|0x314fb5|9|65992707
26269|0x314fb5|10|131960456
26269|0x314fb5|11|264532419
26269|0x4314fb5|12|529465273
26269|0xc314fb5|13|1058835503
26269|0xc314fb5|14|2000380406
26269|0x2c314fb5|15|4232466416
26269|0x6c314fb5|16|7629989443
26269|0x6c314fb5|17|13920698633
26269|0x6c314fb5|18|30564836989
26269|0x26c314fb5|19|55828323803
26269|0x26c314fb5|20|117643397569
26269|0xa6c314fb5|21|219541562897
26269|0xa6c314fb5|22|435885384314
26269|0xa6c314fb5|23|868169666646
26269|0xa6c314fb5|24|1735673739962
26381|0xbfc5|1|542657
26381|0xbfc5|2|785325
26381|0x2bfc5|3|962758
26381|0x6bfc5|4|2025804
26381|0x6bfc5|5|3966937
26381|0x6bfc5|6|8175304
26381|0x6bfc5|7|16613895
26381|0x6bfc5|8|32936547
26381|0x86bfc5|9|66080451
26381|0x86bfc5|10|132171259
26381|0x286bfc5|11|265099443
26381|0x286bfc5|12|528840306
26381|0xa86bfc5|13|1059335159
26381|0xa86bfc5|14|1914103128
26381|0xa86bfc5|15|3974725125
26381|0x4a86bfc5|16|7607892118
26381|0x4a86bfc5|17|13787804796
26381|0x4a86bfc5|18|26825762472
26381|0x4a86bfc5|19|54808465094
26381|0x4a86bfc5|20|109150024635
26381|0x4a86bfc5|21|218296426392
26381|0x4a86bfc5|22|434625496559
26381|0x4a86bfc5|23|869042051973
26381|0x4a86bfc5|24|1730581059442
26485|0xf0dd|1|179637
26485|0x1f0dd|2|396294
26485|0x1f0dd|3|936621
26485|0x5f0dd|4|2037669
26485|0x5f0dd|5|4155068
26485|0x5f0dd|6|8197698
26485|0x25f0dd|7|16458225
26485|0x65f0dd|8|33125964
26485|0xe5f0dd|9|66075724
26485|0x1e5f0dd|10|131970237
26485|0x3e5f0dd|11|264585053
26485|0x7e5f0dd|12|531097254
26485|0x7e5f0dd|13|1059841863
26485|0x7e5f0dd|14|2114972885
26485|0x27e5f0dd|15|4240111988
26485|0x67e5f0dd|16|8474288951
26485|0x67e5f0dd|17|15561655080
26485|0x167e5f0dd|18|33607213589
26485|0x367e5f0dd|19|56041337759
26485|0x767e5f0dd|20|110146557462
26485|0x767e5f0dd|21|222714009946
26485|0x1767e5f0dd|22|442818695886
26485|0x1767e5f0dd|23|1247013314712
26485|0x1767e5f0dd|24|2792612931594
26993|0x3791|1|327957
26993|0x13791|2|711803
26993|0x13791|3|1526839
26993|0x53791|4|3241218
26993|0xd3791|5|6618353
26993|0xd3791|6|13220130
26993|0x2d3791|7|26524715
26993|0x6d3791|8|52991828
26993|0x6d3791|9|105869854
26993|0x6d3791|10|211830360
26993|0x6d3791|11|423883576
26993|0x46d3791|12|847727999
26993|0x46d3791|13|1359275843
26993|0x46d3791|14|2813890575
26993|0x46d3791|15|6080537828
26993|0x446d3791|16|11330548652
26993|0x446d3791|17|22643018429
26993|0x1446d3791|18|44475610885
26993|0x1446d3791|19|86240764251
26993|0x1446d3791|20|175727135763
26993|0x1446d3791|21|349354191003
26993|0x1446d3791|22|697932614060
26993|0x21446d3791|23|1395613369531
26993|0x61446d3791|24|2790257768856
27177|0xd219|1|328361
27177|0xd219|2|713561
27177|0xd219|3|1531215
27177|0xd219|4|3223607
27177|0xd219|5|6590599
27177|0xd219|6|13175922
27177|0x20d219|7|26492261
27177|0x60d219|8|42060412
27177|0xe0d219|9|105904632
27177|0x1e0d219|10|181867438
27177|0x1e0d219|11|360467377
27177|0x5e0d219|12|757725341
27177|0xde0d219|13|1696374406
27177|0x1de0d219|14|2920314586
27177|0x3de0d219|15|5757699973
27177|0x3de0d219|16|11443770400
27177|0x3de0d219|17|23222565309
27177|0x13de0d219|18|43728769220
27177|0x33de0d219|19|87020763334
27177|0x73de0d219|20|174953513669
27177|0xf3de0d219|21|348866282006
27177|0x1f3de0d219|22|697215495933
27177|0x3f3de0d219|23|1394390932346
27177|0x7f3de0d219|24|2789187850026
27357|0xbd75|1|326133
27357|0xbd75|2|715280
27357|0x2bd75|3|1549677
27357|0x2bd75|4|3212723
27357|0x2bd75|5|6608690
27357|0x12bd75|6|13221226
27357|0x32bd75|7|26455619
27357|0x72bd75|8|42065097
27357|0xf2bd75|9|105939097
27357|0xf2bd75|10|212138990
27357|0xf2bd75|11|387072457
27357|0x4f2bd75|12|848669993
27357|0xcf2bd75|13|1653892957
27357|0x1cf2bd75|14|2998249536
27357|0x1cf2bd75|15|5604202379
27357|0x1cf2bd75|16|13578970064
27357|0x9cf2bd75|17|21527855794
27357|0x9cf2bd75|18|44053856632
27357|0x9cf2bd75|19|86334743570
27357|0x49cf2bd75|20|174287698871
27357|0xc9cf2bd75|21|348746918731
27357|0xc9cf2bd75|22|698220565419
27357|0x2c9cf2bd75|23|1394040996213
27357|0x2c9cf2bd75|24|2787850754918
27531|0x6423|1|329400
27531|0x16423|2|716275
27531|0x16423|3|1537601
27531|0x56423|4|3234892
27531|0xd6423|5|6628022
27531|0xd6423|6|13273015
27531|0x2d6423|7|26501737
27531|0x2d6423|8|53024559
27531|0xad6423|9|106030805
27531|0x1ad6423|10|212211817
27531|0x3ad6423|11|406038417
27531|0x3ad6423|12|848744502
27531|0xbad6423|13|1698399243
27531|0x1bad6423|14|2877216043
27531|0x1bad6423|15|5491290305
27531|0x1bad6423|16|12789706069
27531|0x9bad6423|17|24299864637
27531|0x9bad6423|18|44525246764
27531|0x29bad6423|19|87897834460
27531|0x69bad6423|20|174689981853
27531|0xe9bad6423|21|348265908190
27531|0xe9bad6423|22|696589100571
27531|0xe9bad6423|23|1393910541407
27531|0xe9bad6423|24|2786252951234
28093|0x3595|1|328648
28093|0x3595|2|740421
28093|0x3595|3|1546483
28093|0x3595|4|3270718
28093|0x83595|5|6543368
28093|0x83595|6|13251197
28093|0x283595|7|26490316
28093|0x283595|8|53146117
28093|0xa83595|9|106255933
28093|0x1a83595|10|212633854
28093|0x1a83595|11|425335390
28093|0x1a83595|12|850679213
28093|0x9a83595|13|1701881212
28093|0x9a83595|14|3404391626
28093|0x9a83595|15|6711984684
28093|0x49a83595|16|11844060713
28093|0x49a83595|17|22774692337
28093|0x149a83595|18|43434284675
28093|0x149a83595|19|86432639120
28093|0x149a83595|20|178115902785
28093|0x149a83595|21|347661220164
28093|0x1149a83595|22|696219820965
28093|0x3149a83595|23|1391614057879
28093|0x7149a83595|24|2783003390640
28275|0xe6bb|1|331478
28275|0xe6bb|2|723216
28275|0xe6bb|3|1573259
28275|0x4e6bb|4|2613612
28275|0xce6bb|5|6555682
28275|0x1ce6bb|6|13284428
28275|0x3ce6bb|7|26567709
28275|0x3ce6bb|8|53166433
28275|0xbce6bb|9|106305684
28275|0xbce6bb|10|212799745
28275|0xbce6bb|11|425578368
28275|0xbce6bb|12|820032259
28275|0xbce6bb|13|1570519528
28275|0xbce6bb|14|3274251713
28275|0xbce6bb|15|6127117549
28275|0xbce6bb|16|10892376055
28275|0x80bce6bb|17|23514737786
28275|0x180bce6bb|18|43951857236
28275|0x380bce6bb|19|89782438407
28275|0x780bce6bb|20|174116791470
28275|0x780bce6bb|21|348653959306
28275|0x1780bce6bb|22|697136147113
28275|0x3780bce6bb|23|1390882057319
28275|0x7780bce6bb|24|2781950526763
28453|0x14ad|1|332171
28453|0x14ad|2|726332
28453|0x214ad|3|1557743
28453|0x614ad|4|3282377
28453|0xe14ad|5|6596773
28453|0xe14ad|6|13197881
28453|0xe14ad|7|26525074
28453|0xe14ad|8|53209539
28453|0xe14ad|9|106369196
28453|0x10e14ad|10|212870190
28453|0x30e14ad|11|425866733
28453|0x70e14ad|12|851775333
28453|0x70e14ad|13|1635722800
28453|0x70e14ad|14|3407300141
28453|0x270e14ad|15|6815474575
28453|0x670e14ad|16|13175394706
28453|0x670e14ad|17|23769794834
28453|0x670e14ad|18|43787611092
28453|0x2670e14ad|19|88686302742
28453|0x2670e14ad|20|173866341217
28453|0xa670e14ad|21|347900737660
28453|0x1a670e14ad|22|695927247635
28453|0x1a670e14ad|23|1390476980850
28453|0x1a670e14ad|24|2780682863221
28643|0x4dcb|1|332267
28643|0x4dcb|2|742429
28643|0x4dcb|3|1561390
28643|0x4dcb|4|3311512
28643|0x4dcb|5|6636545
28643|0x4dcb|6|13289336
28643|0x4dcb|7|26702286
28643|0x4dcb|8|53321182
28643|0x4dcb|9|106467915
28643|0x4dcb|10|212995497
28643|0x2004dcb|11|426172009
28643|0x2004dcb|12|850636630
28643|0xa004dcb|13|1668498174
28643|0xa004dcb|14|3409177904
28643|0xa004dcb|15|6012407392
28643|0xa004dcb|16|12880344582
28643|0xa004dcb|17|27278839560
28643|0x10a004dcb|18|49646333723
28643|0x30a004dcb|19|87477735754
28643|0x30a004dcb|20|174142437413
28643|0xb0a004dcb|21|347490529670
28643|0xb0a004dcb|22|694795304569
28643|0x2b0a004dcb|23|1389803216250
28643|0x2b0a004dcb|24|2779478810903
29177|0x8049|1|330046
29177|0x18049|2|727069
29177|0x38049|3|1584389
29177|0x38049|4|3176257
29177|0xb8049|5|6589513
29177|0x1b8049|6|13255574
29177|0x3b8049|7|26591234
29177|0x3b8049|8|53286911
29177|0xbb8049|9|106660257
29177|0xbb8049|10|194850145
29177|0x2bb8049|11|426970082
29177|0x6bb8049|12|853967039
29177|0x6bb8049|13|1708310263
29177|0x16bb8049|14|3416197894
29177|0x36bb8049|15|5458276852
29177|0x36bb8049|16|12949465160
29177|0x36bb8049|17|23052986351
29177|0x36bb8049|18|46373992956
29177|0x236bb8049|19|88422333388
29177|0x236bb8049|20|174050892150
29177|0x236bb8049|21|349126291610
29177|0x1236bb8049|22|696839433026
29177|0x3236bb8049|23|1391112709395
29177|0x3236bb8049|24|2779672929462
29359|0x244f|1|333855
29359|0x244f|2|732203
29359|0x244f|3|1594470
29359|0x4244f|4|3184406
29359|0x4244f|5|6559463
29359|0x4244f|6|13248634
29359|0x4244f|7|26664415
29359|0x4244f|8|47392762
29359|0x4244f|9|106659881
29359|0x104244f|10|213587295
29359|0x304244f|11|427188387
29359|0x304244f|12|854577485
29359|0xb04244f|13|1709185750
29359|0xb04244f|14|3024448783
29359|0x2b04244f|15|5533506596
29359|0x6b04244f|16|10971216041
29359|0x6b04244f|17|21798240246
29359|0x16b04244f|18|43983470778
29359|0x16b04244f|19|88547563042
29359|0x16b04244f|20|174238809938
29359|0x16b04244f|21|346616665447
29359|0x16b04244f|22|693613157486
29359|0x216b04244f|23|1387448531339
29359|0x216b04244f|24|2784847249751
29545|0x4cd9|1|334895
29545|0x14cd9|2|733931
29545|0x34cd9|3|1581384
29545|0x34cd9|4|3209501
29545|0x34cd9|5|6568800
29545|0x34cd9|6|13284068
29545|0x234cd9|7|26595401
29545|0x234cd9|8|53308696
29545|0x234cd9|9|106720386
29545|0x234cd9|10|213599934
29545|0x2234cd9|11|345511018
29545|0x6234cd9|12|708368235
29545|0x6234cd9|13|1709764425
29545|0x6234cd9|14|3420014478
29545|0x26234cd9|15|5669380073
29545|0x26234cd9|16|11599513474
29545|0xa6234cd9|17|26183140358
29545|0xa6234cd9|18|43787417560
29545|0x2a6234cd9|19|86726284494
29545|0x2a6234cd9|20|174026755685
29545|0xaa6234cd9|21|349075258025
29545|0xaa6234cd9|22|693528338218
29545|0xaa6234cd9|23|1386709274556
29545|0xaa6234cd9|24|2779220656801
30073|0xe4c9|1|332979
30073|0xe4c9|2|738202
30073|0xe4c9|3|1592636
30073|0x4e4c9|4|3234895
30073|0x4e4c9|5|6625569
30073|0x4e4c9|6|13273666
30073|0x24e4c9|7|26664992
30073|0x24e4c9|8|53524770
30073|0x24e4c9|9|107071146
30073|0x24e4c9|10|213991586
30073|0x224e4c9|11|428128053
30073|0x224e4c9|12|856453209
30073|0x224e4c9|13|1712861561
30073|0x224e4c9|14|3425803234
30073|0x2224e4c9|15|5507245937
30073|0x2224e4c9|16|13703822926
30073|0x2224e4c9|17|27408906435
30073|0x12224e4c9|18|45018799860
30073|0x12224e4c9|19|90800744932
30073|0x52224e4c9|20|173347151095
30073|0xd2224e4c9|21|346500336735
30073|0x1d2224e4c9|22|692600674443
30073|0x3d2224e4c9|23|1385492350568
30073|0x3d2224e4c9|24|2782429171271
30259|0x74fb|1|333427
30259|0x174fb|2|739697
30259|0x374fb|3|1596993
30259|0x774fb|4|3242769
30259|0xf74fb|5|6660985
30259|0xf74fb|6|13289258
30259|0xf74fb|7|26718185
30259|0xf74fb|8|53474532
30259|0xf74fb|9|107083010
30259|0x10f74fb|10|214178438
30259|0x30f74fb|11|388198068
30259|0x70f74fb|12|857005006
30259|0xf0f74fb|13|1714088255
30259|0xf0f74fb|14|3428102670
30259|0x2f0f74fb|15|6856458138
30259|0x2f0f74fb|16|13713197514
30259|0xaf0f74fb|17|22240577376
30259|0xaf0f74fb|18|47250778292
30259|0xaf0f74fb|19|90147619481
30259|0x4af0f74fb|20|173861740802
30259|0x4af0f74fb|21|346084204566
30259|0x4af0f74fb|22|694284367187
30259|0x24af0f74fb|23|1384562137740
30259|0x24af0f74fb|24|2769658583059
30437|0x56ed|1|337941
30437|0x156ed|2|755325
30437|0x156ed|3|1601280
30437|0x556ed|4|3248291
30437|0xd56ed|5|6640584
30437|0xd56ed|6|13356948
30437|0xd56ed|7|26662836
30437|0xd56ed|8|53475716
30437|0xd56ed|9|107100032
30437|0xd56ed|10|194345180
30437|0x20d56ed|11|428650352
30437|0x60d56ed|12|857568963
30437|0x60d56ed|13|1715007091
30437|0x160d56ed|14|3430028881
30437|0x360d56ed|15|6860274640
30437|0x360d56ed|16|11681541722
30437|0xb60d56ed|17|23488095398
30437|0x1b60d56ed|18|44595392490
30437|0x3b60d56ed|19|87509471341
30437|0x7b60d56ed|20|177630001956
30437|0x7b60d56ed|21|346646081275
30437|0x17b60d56ed|22|691956972182
30437|0x37b60d56ed|23|1384336494478
30437|0x77b60d56ed|24|2767838346002
30621|0xc6b5|1|337773
30621|0xc6b5|2|743171
30621|0xc6b5|3|1604395
30621|0xc6b5|4|3260647
30621|0x8c6b5|5|6679817
30621|0x8c6b5|6|13356760
30621|0x8c6b5|7|26747577
30621|0x48c6b5|8|53487265
30621|0x48c6b5|9|107098627
30621|0x148c6b5|10|214389800
30621|0x348c6b5|11|337886096
30621|0x348c6b5|12|857980309
30621|0xb48c6b5|13|1716238630
30621|0xb48c6b5|14|3432459699
30621|0xb48c6b5|15|6864424786
30621|0x4b48c6b5|16|13119431450
30621|0x4b48c6b5|17|23762380871
30621|0x14b48c6b5|18|48776505148
30621|0x34b48c6b5|19|86539620547
30621|0x74b48c6b5|20|174757625330
30621|0xf4b48c6b5|21|345819616024
30621|0xf4b48c6b5|22|691687894982
30621|0x2f4b48c6b5|23|1384058977577
30621|0x2f4b48c6b5|24|2766806289898
31147|0xb903|1|341091
31147|0xb903|2|746792
31147|0x2b903|3|1640056
31147|0x6b903|4|3279803
31147|0x6b903|5|6573764
31147|0x16b903|6|13336778
31147|0x36b903|7|26812197
31147|0x36b903|8|49740298
31147|0x36b903|9|107330984
31147|0x36b903|10|197539703
31147|0x236b903|11|429705568
31147|0x236b903|12|859589316
31147|0xa36b903|13|1607393917
31147|0x1a36b903|14|3438634632
31147|0x3a36b903|15|6878334409
31147|0x7a36b903|16|13755886536
31147|0xfa36b903|17|21831770163
31147|0x1fa36b903|18|44313468798
31147|0x3fa36b903|19|89403408353
31147|0x7fa36b903|20|172805641276
31147|0xffa36b903|21|346259780473
31147|0x1ffa36b903|22|690919005075
31147|0x3ffa36b903|23|1383186588190
31147|0x3ffa36b903|24|2765203472021
31327|0x619f|1|336660
31327|0x619f|2|748634
31327|0x2619f|3|1638636
31327|0x2619f|4|3288796
31327|0xa619f|5|6588227
31327|0xa619f|6|13371700
31327|0x2a619f|7|27216792
31327|0x6a619f|8|53636003
31327|0x6a619f|9|107385446
31327|0x6a619f|10|214962149
31327|0x26a619f|11|430025717
31327|0x26a619f|12|825829870
31327|0xa6a619f|13|1384387110
31327|0x1a6a619f|14|2763786977
31327|0x1a6a619f|15|5782180282
31327|0x1a6a619f|16|11455007433
31327|0x9a6a619f|17|22173643831
31327|0x9a6a619f|18|43423487539
31327|0x9a6a619f|19|87931125658
31327|0x9a6a619f|20|172643844779
31327|0x9a6a619f|21|346324388677
31327|0x109a6a619f|22|692859292279
31327|0x109a6a619f|23|1384128609767
31327|0x509a6a619f|24|2762794073755
31509|0xfc3d|1|336729
31509|0xfc3d|2|750344
31509|0x2fc3d|3|1623212
31509|0x2fc3d|4|3290884
31509|0x2fc3d|5|6623391
31509|0x12fc3d|6|13403287
31509|0x12fc3d|7|26833439
31509|0x52fc3d|8|53773773
31509|0x52fc3d|9|107512052
31509|0x52fc3d|10|215047096
31509|0x252fc3d|11|430388210
31509|0x252fc3d|12|860553558
31509|0x252fc3d|13|1424360436
31509|0x1252fc3d|14|3150793274
31509|0x3252fc3d|15|6148339920
31509|0x3252fc3d|16|11508675219
31509|0x3252fc3d|17|21824117240
31509|0x3252fc3d|18|43081399884
31509|0x23252fc3d|19|87063706410
31509|0x63252fc3d|20|174982879772
31509|0x63252fc3d|21|345169900864
31509|0x163252fc3d|22|690838561269
31509|0x163252fc3d|23|1381480958058
31509|0x163252fc3d|24|2762070288430
31685|0x4b0d|1|341164
31685|0x14b0d|2|752016
31685|0x34b0d|3|1627253
31685|0x34b0d|4|3305126
31685|0xb4b0d|5|6645823
31685|0xb4b0d|6|13423291
31685|0xb4b0d|7|24644408
31685|0x4b4b0d|8|53712350
31685|0x4b4b0d|9|107530497
31685|0x14b4b0d|10|198838722
31685|0x14b4b0d|11|430577369
31685|0x54b4b0d|12|861273451
31685|0x54b4b0d|13|1722383764
31685|0x54b4b0d|14|3175307054
31685|0x54b4b0d|15|5555283369
31685|0x454b4b0d|16|11344521758
31685|0xc54b4b0d|17|21854882117
31685|0x1c54b4b0d|18|43221897306
31685|0x1c54b4b0d|19|86645710269
31685|0x1c54b4b0d|20|172659649052
31685|0x9c54b4b0d|21|349338439733
31685|0x19c54b4b0d|22|690707397350
31685|0x39c54b4b0d|23|1380396081302
31685|0x79c54b4b0d|24|2760839444898
32201|0x2c79|1|342480
32201|0x2c79|2|754544
32201|0x22c79|3|1639652
32201|0x62c79|4|3326816
32201|0x62c79|5|6706156
32201|0x162c79|6|13390406
32201|0x362c79|7|26939805
32201|0x762c79|8|53892115
32201|0xf62c79|9|85995273
32201|0x1f62c79|10|215575201
32201|0x3f62c79|11|431305923
32201|0x3f62c79|12|845384690
32201|0x3f62c79|13|1466346010
32201|0x13f62c79|14|3451133723
32201|0x33f62c79|15|5630846198
32201|0x33f62c79|16|11620162374
32201|0x33f62c79|17|21573887810
32201|0x33f62c79|18|43971938642
32201|0x33f62c79|19|86380749065
32201|0x33f62c79|20|173481181924
32201|0x833f62c79|21|345511781892
32201|0x1833f62c79|22|689519149815
32201|0x3833f62c79|23|1379536397752
32201|0x3833f62c79|24|2757571268741
32383|0x417f|1|339546
32383|0x1417f|2|759269
32383|0x1417f|3|1658311
32383|0x5417f|4|3318132
32383|0xd417f|5|6708196
32383|0x1d417f|6|13416645
32383|0x1d417f|7|26860611
32383|0x5d417f|8|53868115
32383|0xdd417f|9|107844638
32383|0xdd417f|10|215716358
32383|0xdd417f|11|431515607
32383|0x4dd417f|12|863102456
32383|0x4dd417f|13|1726130382
32383|0x14dd417f|14|3066018315
32383|0x14dd417f|15|6905009955
32383|0x54dd417f|16|11890260438
32383|0x54dd417f|17|22982897083
32383|0x154dd417f|18|43626218870
32383|0x354dd417f|19|92720215734
32383|0x754dd417f|20|177851213128
32383|0xf54dd417f|21|345615232458
32383|0xf54dd417f|22|689256901060
32383|0x2f54dd417f|23|1378810085458
32383|0x6f54dd417f|24|2756285548181
32563|0x93fb|1|344316
32563|0x193fb|2|760458
32563|0x393fb|3|1658874
32563|0x393fb|4|3341722
32563|0x393fb|5|6701914
32563|0x393fb|6|13464885
32563|0x2393fb|7|26920629
32563|0x2393fb|8|53861262
32563|0xa393fb|9|107860044
32563|0x1a393fb|10|215853113
32563|0x3a393fb|11|394996771
32563|0x3a393fb|12|863545669
32563|0x3a393fb|13|1478279725
32563|0x3a393fb|14|2836597838
32563|0x23a393fb|15|5526729166
32563|0x63a393fb|16|13632945997
32563|0x63a393fb|17|22721305304
32563|0x63a393fb|18|44074893670
32563|0x263a393fb|19|86839243701
32563|0x263a393fb|20|173019807259
32563|0xa63a393fb|21|344824314034
32563|0xa63a393fb|22|690603306143
32563|0xa63a393fb|23|1377516308358
32563|0xa63a393fb|24|2755181963376
32739|0xbdcb|1|340218
32739|0xbdcb|2|759698
32739|0xbdcb|3|1646650
32739|0xbdcb|4|3353397
32739|0xbdcb|5|6757059
32739|0x10bdcb|6|13483265
32739|0x10bdcb|7|27005559
32739|0x10bdcb|8|53965576
32739|0x10bdcb|9|107990746
32739|0x110bdcb|10|215944658
32739|0x110bdcb|11|392787271
32739|0x110bdcb|12|864013207
32739|0x110bdcb|13|1728156146
32739|0x110bdcb|14|3456539508
32739|0x110bdcb|15|6662230870
32739|0x4110bdcb|16|11069130579
32739|0x4110bdcb|17|25400022222
32739|0x14110bdcb|18|45816368659
32739|0x14110bdcb|19|88994063700
32739|0x54110bdcb|20|172272087838
32739|0x54110bdcb|21|349906497717
32739|0x154110bdcb|22|688976655716
32739|0x354110bdcb|23|1381324161400
32739|0x354110bdcb|24|2755879501568
33085|0x15e15|1|579041
33085|0x15e15|2|1393122
33085|0x55e15|3|3020710
33085|0x55e15|4|6657367
33085|0x155e15|5|12601677
33085|0x155e15|6|25494390
33085|0x155e15|7|50917982
33085|0x955e15|8|101982257
33085|0x955e15|9|204130759
33085|0x955e15|10|408320838
33085|0x955e15|11|816633047
33085|0x8955e15|12|1633442355
33085|0x18955e15|13|2748491986
33085|0x38955e15|14|5434665480
33085|0x78955e15|15|13069976877
33085|0x78955e15|16|23024431153
33085|0x78955e15|17|45250539980
33085|0x78955e15|18|91797409303
33085|0x78955e15|19|178218797730
33085|0x78955e15|20|357864692270
33085|0x78955e15|21|711342270794
33085|0x2078955e15|22|1426997727459
33085|0x2078955e15|23|2855359763153
33085|0xa078955e15|24|5709133208625
33263|0xcd0f|1|579579
33263|0xcd0f|2|1389931
33263|0x4cd0f|3|3024956
33263|0x4cd0f|4|6277345
33263|0x14cd0f|5|12677512
33263|0x14cd0f|6|25527054
33263|0x54cd0f|7|51031869
33263|0xd4cd0f|8|102084328
33263|0xd4cd0f|9|204182655
33263|0x2d4cd0f|10|364025584
33263|0x2d4cd0f|11|817033602
33263|0x2d4cd0f|12|1634171210
33263|0x2d4cd0f|13|3240702681
33263|0x22d4cd0f|14|6300238723
33263|0x62d4cd0f|15|11112226376
33263|0xe2d4cd0f|16|23099205932
33263|0x1e2d4cd0f|17|44748564501
33263|0x1e2d4cd0f|18|88839850744
33263|0x1e2d4cd0f|19|203431330208
33263|0x1e2d4cd0f|20|356724293910
33263|0x11e2d4cd0f|21|713266160669
33263|0x11e2d4cd0f|22|1425753394295
33263|0x11e2d4cd0f|23|2857369652641
33263|0x11e2d4cd0f|24|5718983944588
33431|0x11d27|1|576850
33431|0x31d27|2|1391177
33431|0x71d27|3|3031991
33431|0x71d27|4|6269314
33431|0x71d27|5|12710279
33431|0x71d27|6|25415553
33431|0x71d27|7|51005927
33431|0x71d27|8|101987238
33431|0x1071d27|9|204261171
33431|0x1071d27|10|408601022
33431|0x1071d27|11|817258524
33431|0x9071d27|12|1634520370
33431|0x19071d27|13|3269530649
33431|0x39071d27|14|6539185536
33431|0x79071d27|15|11062987457
33431|0x79071d27|16|21648419611
33431|0x179071d27|17|44757102173
33431|0x179071d27|18|106699199995
33431|0x579071d27|19|207004511405
33431|0x579071d27|20|356306977817
33431|0x1579071d27|21|712850215515
33431|0x3579071d27|22|1429481698693
33431|0x3579071d27|23|2864716140612
33431|0x3579071d27|24|5702103527201
33637|0x1f66d|1|582197
33637|0x1f66d|2|1381490
33637|0x1f66d|3|3053625
33637|0x1f66d|4|6279827
33637|0x1f66d|5|12722613
33637|0x21f66d|6|25504115
33637|0x21f66d|7|45234244
33637|0xa1f66d|8|102041566
33637|0x1a1f66d|9|204247386
33637|0x3a1f66d|10|408664303
33637|0x3a1f66d|11|817533563
33637|0x3a1f66d|12|1633560649
33637|0x13a1f66d|13|2936241468
33637|0x33a1f66d|14|5511151801
33637|0x73a1f66d|15|13080948373
33637|0xf3a1f66d|16|21761851320
33637|0xf3a1f66d|17|45931252430
33637|0xf3a1f66d|18|88792240174
33637|0x4f3a1f66d|19|178919047185
33637|0x4f3a1f66d|20|356131593206
33637|0x4f3a1f66d|21|713315079170
33637|0x24f3a1f66d|22|1431741679312
33637|0x64f3a1f66d|23|2850401379740
33637|0xe4f3a1f66d|24|5699152609485
33997|0x10805|1|582554
33997|0x30805|2|1387892
33997|0x30805|3|3062377
33997|0x30805|4|6317480
33997|0x130805|5|12629784
33997|0x330805|6|25434827
33997|0x330805|7|51075698
33997|0x330805|8|102108088
33997|0x1330805|9|204381252
33997|0x3330805|10|408863708
33997|0x3330805|11|760340357
33997|0x3330805|12|1524457079
33997|0x3330805|13|3258511120
33997|0x23330805|14|5586227339
33997|0x23330805|15|11217483854
33997|0xa3330805|16|22377321541
33997|0x1a3330805|17|44099898037
33997|0x3a3330805|18|91087765462
33997|0x3a3330805|19|178553813783
33997|0x3a3330805|20|430657371178
33997|0x13a3330805|21|735087551926
33997|0x33a3330805|22|1425160878030
33997|0x33a3330805|23|2848479693195
33997|0xb3a3330805|24|5708181005181
34175|0x13a7f|1|582859
34175|0x13a7f|2|1405430
34175|0x13a7f|3|3056474
34175|0x13a7f|4|6328429
34175|0x13a7f|5|12665298
34175|0x13a7f|6|25502190
34175|0x13a7f|7|50990136
34175|0x13a7f|8|90192392
34175|0x13a7f|9|204337230
34175|0x13a7f|10|408944200
34175|0x4013a7f|11|818139446
34175|0x4013a7f|12|1636441652
34175|0x4013a7f|13|3100472347
34175|0x24013a7f|14|6292986312
34175|0x24013a7f|15|12127497383
34175|0xa4013a7f|16|21824563985
34175|0xa4013a7f|17|44362948147
34175|0x2a4013a7f|18|89940953727
34175|0x6a4013a7f|19|181821880099
34175|0x6a4013a7f|20|359027820623
34175|0x6a4013a7f|21|717323600070
34175|0x6a4013a7f|22|1428005914868
34175|0x6a4013a7f|23|2849472893268
34175|0x86a4013a7f|24|5708001902884
34377|0x4bf9|1|583491
34377|0x24bf9|2|1390752
34377|0x64bf9|3|3078763
34377|0x64bf9|4|6337095
34377|0x164bf9|5|12691079
34377|0x364bf9|6|25548602
34377|0x764bf9|7|51148660
34377|0xf64bf9|8|102270825
34377|0xf64bf9|9|204635288
34377|0x2f64bf9|10|409229774
34377|0x6f64bf9|11|818496643
34377|0xef64bf9|12|1637194267
34377|0x1ef64bf9|13|2758239476
34377|0x1ef64bf9|14|6063466168
34377|0x5ef64bf9|15|13097142047
34377|0x5ef64bf9|16|23881390077
34377|0x5ef64bf9|17|45425412901
34377|0x5ef64bf9|18|90025871545
34377|0x5ef64bf9|19|178007525502
34377|0x5ef64bf9|20|391519946786
34377|0x105ef64bf9|21|719441895299
34377|0x305ef64bf9|22|1423632904878
34377|0x305ef64bf9|23|2846742651193
34377|0xb05ef64bf9|24|5693554596779
34547|0x1023b|1|583672
34547|0x1023b|2|1393389
34547|0x1023b|3|3082850
34547|0x1023b|4|6865254
34547|0x1023b|5|12708663
34547|0x21023b|6|25445526
34547|0x21023b|7|51099555
34547|0xa1023b|8|102185998
34547|0xa1023b|9|204583856
34547|0xa1023b|10|409286742
34547|0xa1023b|11|818715427
34547|0xa1023b|12|1637614447
34547|0xa1023b|13|3275205737
34547|0x20a1023b|14|6556109704
34547|0x60a1023b|15|13100997097
34547|0x60a1023b|16|23394918130
34547|0x60a1023b|17|47887045547
34547|0x60a1023b|18|90170561270
34547|0x60a1023b|19|179394122921
34547|0x60a1023b|20|426301414131
34547|0x1060a1023b|21|735809593063
34547|0x3060a1023b|22|1425127546604
34547|0x3060a1023b|23|2846726240548
34547|0xb060a1023b|24|5710362570201
34731|0x3b03|1|584133
34731|0x23b03|2|1395399
34731|0x63b03|3|3086344
34731|0xe3b03|4|6362857
34731|0xe3b03|5|12735135
34731|0x2e3b03|6|25506608
34731|0x2e3b03|7|51060197
34731|0x2e3b03|8|102264329
34731|0x2e3b03|9|204690861
34731|0x2e3b03|10|409444518
34731|0x2e3b03|11|818924676
34731|0x2e3b03|12|1637434435
34731|0x2e3b03|13|3275827558
34731|0x2e3b03|14|6551673351
34731|0x2e3b03|15|10943022932
34731|0x802e3b03|16|25156265822
34731|0x802e3b03|17|43305673163
34731|0x2802e3b03|18|92771226431
34731|0x6802e3b03|19|215555146051
34731|0x6802e3b03|20|365218949536
34731|0x16802e3b03|21|737353188704
34731|0x36802e3b03|22|1423674106115
34731|0x36802e3b03|23|2847103178017
34731|0x36802e3b03|24|5707502634946
35125|0x411d|1|585036
35125|0x2411d|2|1413430
35125|0x2411d|3|3090983
35125|0x2411d|4|5995753
35125|0x12411d|5|12076332
35125|0x32411d|6|24454875
35125|0x72411d|7|48719306
35125|0xf2411d|8|98155076
35125|0x1f2411d|9|204789993
35125|0x1f2411d|10|409727536
35125|0x5f2411d|11|819522999
35125|0x5f2411d|12|1639286021
35125|0x5f2411d|13|3278531133
35125|0x25f2411d|14|6556996843
35125|0x25f2411d|15|12727995427
35125|0xa5f2411d|16|23719861041
35125|0x1a5f2411d|17|46687443808
35125|0x3a5f2411d|18|89899786524
35125|0x3a5f2411d|19|208527260429
35125|0x3a5f2411d|20|357561663835
35125|0x13a5f2411d|21|734081023664
35125|0x33a5f2411d|22|1427796481998
35125|0x33a5f2411d|23|2845150878283
35125|0xb3a5f2411d|24|5701893200664
35297|0x17a21|1|597562
35297|0x17a21|2|1402582
35297|0x17a21|3|3110318
35297|0x97a21|4|6240492
35297|0x197a21|5|12671520
35297|0x197a21|6|25534567
35297|0x597a21|7|51087292
35297|0x597a21|8|102333371
35297|0x1597a21|9|204882134
35297|0x3597a21|10|409828197
35297|0x7597a21|11|819846679
35297|0xf597a21|12|1639561443
35297|0xf597a21|13|3261891750
35297|0x2f597a21|14|5505410214
35297|0x2f597a21|15|11769126365
35297|0xaf597a21|16|25432819684
35297|0x1af597a21|17|44025682429
35297|0x3af597a21|18|89265814393
35297|0x7af597a21|19|184511525929
35297|0xfaf597a21|20|423767932666
35297|0xfaf597a21|21|726115567517
35297|0x2faf597a21|22|1425688561345
35297|0x6faf597a21|23|2845563800118
35297|0x6faf597a21|24|5698181222206
35489|0x1d961|1|586637
35489|0x1d961|2|1423245
35489|0x1d961|3|3124904
35489|0x9d961|4|6250848
35489|0x9d961|5|12691366
35489|0x29d961|6|25583933
35489|0x29d961|7|51202208
35489|0xa9d961|8|102420407
35489|0xa9d961|9|204898680
35489|0x2a9d961|10|409949093
35489|0x6a9d961|11|819970153
35489|0x6a9d961|12|1640081142
35489|0x6a9d961|13|3280648917
35489|0x6a9d961|14|6561436285
35489|0x46a9d961|15|13089409662
35489|0x46a9d961|16|26215778740
35489|0x46a9d961|17|45091605538
35489|0x46a9d961|18|91210560403
35489|0x446a9d961|19|215706788785
35489|0xc46a9d961|20|419978962006
35489|0x1c46a9d961|21|720454330412
35489|0x3c46a9d961|22|1423422067057
35489|0x3c46a9d961|23|2843611732763
35489|0x3c46a9d961|24|5721003895082
35669|0x119fd|1|586939
35669|0x319fd|2|1408825
35669|0x719fd|3|3117702
35669|0xf19fd|4|6295051
35669|0xf19fd|5|12723338
35669|0x2f19fd|6|25480437
35669|0x6f19fd|7|51203437
35669|0x6f19fd|8|102511674
35669|0x6f19fd|9|185900286
35669|0x6f19fd|10|410081859
35669|0x6f19fd|11|820513599
35669|0x86f19fd|12|1640833979
35669|0x86f19fd|13|3281695577
35669|0x286f19fd|14|6563856797
35669|0x686f19fd|15|13127658171
35669|0x686f19fd|16|23196574775
35669|0x1686f19fd|17|53530479123
35669|0x1686f19fd|18|108430230975
35669|0x5686f19fd|19|202062521169
35669|0x5686f19fd|20|390554960000
35669|0x5686f19fd|21|714122164973
35669|0x5686f19fd|22|1423901168787
35669|0x5686f19fd|23|2844689618054
35669|0x85686f19fd|24|5697653053206
