97|0xa1|1|11234
97|0x1a1|2|5587
97|0x3a1|3|6795
97|0x3a1|4|9761
97|0x3a1|5|15228
97|0x3a1|6|26335
97|0x23a1|7|48521
97|0x23a1|8|93001
97|0xa3a1|9|183174
97|0xa3a1|10|358910
97|0x2a3a1|11|713580
97|0x2a3a1|12|1419871
97|0x2a3a1|13|2867434
97|0x2a3a1|14|5705687
97|0x2a3a1|15|28701708
97|0x2a3a1|16|57370160
97|0x2a3a1|17|70508539
97|0x102a3a1|18|93941731
97|0x302a3a1|19|241161918
97|0x702a3a1|20|479713435
97|0xf02a3a1|21|957517733
97|0x1f02a3a1|22|1656561370
97|0x1f02a3a1|23|3760743696
97|0x5f02a3a1|24|7784969677
9033|0x3ef9|1|165198
9033|0x3ef9|2|358772
9033|0x3ef9|3|787875
9033|0x23ef9|4|1580183
9033|0x23ef9|5|3250835
9033|0x23ef9|6|6485569
9033|0x23ef9|7|12985097
9033|0x23ef9|8|25991856
9033|0x423ef9|9|51999915
9033|0xc23ef9|10|103509062
9033|0xc23ef9|11|206269010
9033|0x2c23ef9|12|411898016
9033|0x2c23ef9|13|678961530
9033|0xac23ef9|14|1648232265
9033|0xac23ef9|15|3153061593
9033|0x2ac23ef9|16|5849241361
9033|0x6ac23ef9|17|11091407505
9033|0x6ac23ef9|18|22210962844
9033|0x16ac23ef9|19|47005701986
9033|0x16ac23ef9|20|89860074362
9033|0x16ac23ef9|21|184270393262
9033|0x16ac23ef9|22|357320257080
9033|0x16ac23ef9|23|712977341861
9033|0x16ac23ef9|24|1424881910679
9209|0x2e49|1|157114
9209|0x2e49|2|365260
9209|0x12e49|3|795605
9209|0x32e49|4|1642454
9209|0x72e49|5|3189273
9209|0x72e49|6|6489913
9209|0x172e49|7|12940389
9209|0x372e49|8|25768440
9209|0x372e49|9|51542238
9209|0x372e49|10|102936565
9209|0x1372e49|11|205939791
9209|0x3372e49|12|411876049
9209|0x7372e49|13|824691017
9209|0x7372e49|14|1648275142
9209|0x17372e49|15|2698620013
9209|0x37372e49|16|6591080922
9209|0x77372e49|17|10890301179
9209|0xf7372e49|18|22526095433
9209|0x1f7372e49|19|45244066196
9209|0x3f7372e49|20|90002574000
9209|0x3f7372e49|21|179972875339
9209|0xbf7372e49|22|357670325392
9209|0x1bf7372e49|23|712336066367
9209|0x1bf7372e49|24|1423442094760
10155|0x1b03|1|162623
10155|0x9b03|2|377208
10155|0x19b03|3|784237
10155|0x19b03|4|1573019
10155|0x19b03|5|3215015
10155|0x19b03|6|6464588
10155|0x119b03|7|12967955
10155|0x319b03|8|25933007
10155|0x719b03|9|51900088
10155|0xf19b03|10|103717903
10155|0xf19b03|11|207484686
10155|0xf19b03|12|336938070
10155|0xf19b03|13|847650810
10155|0xf19b03|14|1448072607
10155|0x10f19b03|15|2706314989
10155|0x30f19b03|16|5851014652
10155|0x30f19b03|17|11892424467
10155|0xb0f19b03|18|24124452572
10155|0x1b0f19b03|19|44289824931
10155|0x3b0f19b03|20|90204845986
10155|0x7b0f19b03|21|178129899083
10155|0xfb0f19b03|22|354905417505
10155|0x1fb0f19b03|23|711215301228
10155|0x3fb0f19b03|24|1418000941626
11041|0x18e1|1|159993
11041|0x18e1|2|340839
11041|0x118e1|3|763691
11041|0x318e1|4|1579135
11041|0x718e1|5|3230480
11041|0xf18e1|6|6513675
11041|0xf18e1|7|13009738
11041|0x2f18e1|8|26098105
11041|0x6f18e1|9|52165641
11041|0xef18e1|10|104293202
11041|0xef18e1|11|175111180
11041|0xef18e1|12|336783909
11041|0xef18e1|13|688687940
11041|0x8ef18e1|14|1669581282
11041|0x18ef18e1|15|2971196832
11041|0x38ef18e1|16|6009968538
11041|0x38ef18e1|17|10967410620
11041|0xb8ef18e1|18|21897381825
11041|0xb8ef18e1|19|45018589143
11041|0xb8ef18e1|20|87340789229
11041|0xb8ef18e1|21|176797587866
11041|0x8b8ef18e1|22|353793114286
11041|0x18b8ef18e1|23|706305885846
11041|0x18b8ef18e1|24|1412901985575
11231|0x501f|1|167093
11231|0x501f|2|367575
11231|0x1501f|3|770850
11231|0x3501f|4|1591077
11231|0x3501f|5|3265580
11231|0xb501f|6|6515881
11231|0x1b501f|7|13061313
11231|0x1b501f|8|26115822
11231|0x5b501f|9|52288077
11231|0x5b501f|10|104501108
11231|0x5b501f|11|209163298
11231|0x25b501f|12|418038871
11231|0x65b501f|13|836770338
11231|0x65b501f|14|1454583297
11231|0x65b501f|15|2830393524
11231|0x265b501f|16|5390385012
11231|0x665b501f|17|11925753252
11231|0xe65b501f|18|23015160571
11231|0xe65b501f|19|46035028244
11231|0x2e65b501f|20|88775944677
11231|0x2e65b501f|21|179335083278
11231|0xae65b501f|22|361295369774
11231|0x1ae65b501f|23|719503311443
11231|0x3ae65b501f|24|1438114349579
12215|0x5e07|1|172588
12215|0xde07|2|351345
12215|0xde07|3|794578
12215|0x2de07|4|1593539
12215|0x2de07|5|3263134
12215|0x2de07|6|6541941
12215|0x12de07|7|13112715
12215|0x12de07|8|26296552
12215|0x52de07|9|52610214
12215|0x52de07|10|105145789
12215|0x52de07|11|210349061
12215|0x252de07|12|420722881
12215|0x252de07|13|777245817
12215|0x252de07|14|1546472770
12215|0x252de07|15|3041827538
12215|0x2252de07|16|5709445921
12215|0x6252de07|17|10931409116
12215|0xe252de07|18|21594535772
12215|0x1e252de07|19|45778292046
12215|0x3e252de07|20|88434189093
12215|0x7e252de07|21|175660054268
12215|0x7e252de07|22|351272941680
12215|0x17e252de07|23|703693989830
12215|0x37e252de07|24|1405601909819
13085|0x2735|1|171177
13085|0x2735|2|375852
13085|0x2735|3|813174
13085|0x2735|4|1636365
13085|0x42735|5|3306558
13085|0xc2735|6|6622883
13085|0x1c2735|7|13216081
13085|0x1c2735|8|26444038
13085|0x1c2735|9|52911512
13085|0x1c2735|10|105815961
13085|0x11c2735|11|179616813
13085|0x11c2735|12|338093350
13085|0x51c2735|13|846662730
13085|0x51c2735|14|1693329410
13085|0x151c2735|15|2991106610
13085|0x151c2735|16|5888696196
13085|0x151c2735|17|11074305385
13085|0x151c2735|18|22385998850
13085|0x1151c2735|19|46742554581
13085|0x1151c2735|20|89983107760
13085|0x5151c2735|21|176677120153
13085|0xd151c2735|22|350544321413
13085|0x1d151c2735|23|700197539132
13085|0x1d151c2735|24|1401145748185
13287|0x2fd7|1|171131
13287|0x2fd7|2|378106
13287|0x12fd7|3|767351
13287|0x32fd7|4|1593489
13287|0x32fd7|5|3279323
13287|0xb2fd7|6|6617092
13287|0xb2fd7|7|13188693
13287|0x2b2fd7|8|26452605
13287|0x2b2fd7|9|53058849
13287|0xab2fd7|10|105998762
13287|0x1ab2fd7|11|211865016
13287|0x1ab2fd7|12|423814683
13287|0x5ab2fd7|13|847648910
13287|0xdab2fd7|14|1528594760
13287|0x1dab2fd7|15|3391314404
13287|0x3dab2fd7|16|6071917880
13287|0x7dab2fd7|17|13637981222
13287|0xfdab2fd7|18|21795299698
13287|0xfdab2fd7|19|44959232784
13287|0x2fdab2fd7|20|89529529514
13287|0x6fdab2fd7|21|178172539892
13287|0xefdab2fd7|22|350444251785
13287|0x1efdab2fd7|23|699471728573
13287|0x1efdab2fd7|24|1399008690753
14143|0x38bf|1|173705
14143|0x38bf|2|367921
14143|0x138bf|3|783958
14143|0x338bf|4|1690249
14143|0x738bf|5|3327035
14143|0xf38bf|6|6681697
14143|0x1f38bf|7|13413221
14143|0x3f38bf|8|26677499
14143|0x7f38bf|9|53340576
14143|0xff38bf|10|106566576
14143|0xff38bf|11|213387601
14143|0xff38bf|12|426325366
14143|0x4ff38bf|13|852775967
14143|0x4ff38bf|14|1349154997
14143|0x14ff38bf|15|2710239748
14143|0x14ff38bf|16|5539782254
14143|0x14ff38bf|17|10866028731
14143|0x14ff38bf|18|21562034037
14143|0x14ff38bf|19|43146787758
14143|0x14ff38bf|20|95239300717
14143|0x14ff38bf|21|176238394730
14143|0x814ff38bf|22|349668012749
14143|0x814ff38bf|23|699270343050
14143|0x814ff38bf|24|1394118478468
15011|0x490b|1|177529
15011|0x490b|2|389949
15011|0x1490b|3|762141
15011|0x3490b|4|1490756
15011|0x7490b|5|3065334
15011|0x7490b|6|6167090
15011|0x17490b|7|12390870
15011|0x37490b|8|24862631
15011|0x77490b|9|49155636
15011|0xf7490b|10|99109470
15011|0xf7490b|11|196299276
15011|0xf7490b|12|392950516
15011|0x4f7490b|13|784177539
15011|0x4f7490b|14|1569156374
15011|0x14f7490b|15|2882333870
15011|0x34f7490b|16|5420543976
15011|0x74f7490b|17|11135750661
15011|0xf4f7490b|18|26851450263
15011|0xf4f7490b|19|44483449682
15011|0xf4f7490b|20|95830998736
15011|0x4f4f7490b|21|183509687566
15011|0xcf4f7490b|22|357540167100
15011|0xcf4f7490b|23|694108554151
15011|0xcf4f7490b|24|1389014041717
15209|0x4d9|1|173242
15209|0x4d9|2|373498
15209|0x4d9|3|806559
15209|0x4d9|4|1645475
15209|0x4d9|5|3362766
15209|0x4d9|6|6662511
15209|0x4d9|7|13362795
15209|0x2004d9|8|26762054
15209|0x6004d9|9|53692088
15209|0xe004d9|10|90065122
15209|0x1e004d9|11|194713237
15209|0x3e004d9|12|429417835
15209|0x3e004d9|13|753661194
15209|0xbe004d9|14|1618785102
15209|0xbe004d9|15|3075567168
15209|0xbe004d9|16|6148493989
15209|0xbe004d9|17|12056728507
15209|0x8be004d9|18|21596794947
15209|0x8be004d9|19|43619103921
15209|0x28be004d9|20|88952648073
15209|0x28be004d9|21|177622544747
15209|0xa8be004d9|22|347766884221
15209|0x1a8be004d9|23|695132258258
15209|0x3a8be004d9|24|1389256129797
15359|0x43ff|1|176890
15359|0xc3ff|2|377994
15359|0x1c3ff|3|833403
15359|0x3c3ff|4|1627178
15359|0x7c3ff|5|3381922
15359|0xfc3ff|6|6721694
15359|0xfc3ff|7|13435906
15359|0x2fc3ff|8|26855856
15359|0x6fc3ff|9|53739772
15359|0xefc3ff|10|107437305
15359|0x1efc3ff|11|214909791
15359|0x1efc3ff|12|429770413
15359|0x1efc3ff|13|859819311
15359|0x1efc3ff|14|1394312278
15359|0x11efc3ff|15|2753600146
15359|0x31efc3ff|16|5664501859
15359|0x31efc3ff|17|11297777200
15359|0x31efc3ff|18|22298658202
15359|0x31efc3ff|19|44452268676
15359|0x31efc3ff|20|86515944576
15359|0x431efc3ff|21|174946267144
15359|0x431efc3ff|22|347589650012
15359|0x1431efc3ff|23|693594769959
15359|0x3431efc3ff|24|1387324322378
16197|0x7b8d|1|176373
16197|0x7b8d|2|385420
16197|0x17b8d|3|827495
16197|0x37b8d|4|1694038
16197|0x37b8d|5|3391833
16197|0xb7b8d|6|6737585
16197|0xb7b8d|7|13550393
16197|0xb7b8d|8|27105632
16197|0xb7b8d|9|53975268
16197|0x8b7b8d|10|107991846
16197|0x18b7b8d|11|216113473
16197|0x38b7b8d|12|354004597
16197|0x38b7b8d|13|864541315
16197|0xb8b7b8d|14|1530274172
16197|0x1b8b7b8d|15|2763522558
16197|0x1b8b7b8d|16|5400561689
16197|0x5b8b7b8d|17|10922424627
16197|0x5b8b7b8d|18|22062055317
16197|0x5b8b7b8d|19|43592927459
16197|0x5b8b7b8d|20|86912939114
16197|0x5b8b7b8d|21|173397528599
16197|0x5b8b7b8d|22|345827611191
16197|0x5b8b7b8d|23|691208334092
16197|0x205b8b7b8d|24|1381219134413
16341|0x17d|1|170986
16341|0x17d|2|380804
16341|0x1017d|3|854260
16341|0x1017d|4|1670366
16341|0x5017d|5|3380944
16341|0xd017d|6|6759879
16341|0x1d017d|7|13522341
16341|0x1d017d|8|27052959
16341|0x1d017d|9|54068754
16341|0x9d017d|10|108131898
16341|0x9d017d|11|216332228
16341|0x29d017d|12|432858286
16341|0x29d017d|13|819175217
16341|0x29d017d|14|1388344898
16341|0x129d017d|15|2814461295
16341|0x329d017d|16|5433770079
16341|0x729d017d|17|10785016036
16341|0x729d017d|18|21678735749
16341|0x729d017d|19|44640263464
16341|0x729d017d|20|87345067145
16341|0x4729d017d|21|174630920537
16341|0xc729d017d|22|350200817807
16341|0x1c729d017d|23|693527013971
16341|0x3c729d017d|24|1381592339903
16877|0x43e5|1|295980
16877|0x43e5|2|697562
16877|0x43e5|3|1523779
16877|0x443e5|4|3159574
16877|0x443e5|5|6401805
16877|0x1443e5|6|12813662
16877|0x1443e5|7|25616619
16877|0x1443e5|8|51279915
16877|0x1443e5|9|102414165
16877|0x1443e5|10|182321120
16877|0x1443e5|11|337102001
16877|0x1443e5|12|819886875
16877|0x81443e5|13|1369453665
16877|0x81443e5|14|3315680857
16877|0x281443e5|15|5868751028
16877|0x681443e5|16|10912604600
16877|0xe81443e5|17|21587594955
16877|0xe81443e5|18|46387564069
16877|0xe81443e5|19|89186091038
16877|0x4e81443e5|20|178369303222
16877|0xce81443e5|21|357529133406
16877|0xce81443e5|22|714004120820
16877|0x2ce81443e5|23|1428030271806
16877|0x2ce81443e5|24|2856462280740
17049|0xf1a9|1|299064
17049|0xf1a9|2|699850
17049|0x2f1a9|3|1556988
17049|0x2f1a9|4|3175102
17049|0x2f1a9|5|6339722
17049|0x12f1a9|6|12782876
17049|0x32f1a9|7|25689942
17049|0x72f1a9|8|51268465
17049|0x72f1a9|9|104222350
17049|0x172f1a9|10|205143709
17049|0x172f1a9|11|410054823
17049|0x172f1a9|12|820082436
17049|0x172f1a9|13|1646311181
17049|0x172f1a9|14|2788126670
17049|0x172f1a9|15|5611471242
17049|0x172f1a9|16|11123014886
17049|0x8172f1a9|17|21968485063
17049|0x18172f1a9|18|44059830855
17049|0x38172f1a9|19|90000747990
17049|0x38172f1a9|20|179040703902
17049|0xb8172f1a9|21|357032810674
17049|0xb8172f1a9|22|714809238236
17049|0xb8172f1a9|23|1427346984198
17049|0x4b8172f1a9|24|2854353131703
17221|0xd78d|1|299452
17221|0xd78d|2|702069
17221|0xd78d|3|1555502
17221|0x4d78d|4|3166984
17221|0xcd78d|5|6385914
17221|0xcd78d|6|12744813
17221|0x2cd78d|7|25590034
17221|0x2cd78d|8|51283218
17221|0xacd78d|9|102499452
17221|0x1acd78d|10|205079736
17221|0x1acd78d|11|410171318
17221|0x1acd78d|12|820446411
17221|0x1acd78d|13|1640622424
17221|0x11acd78d|14|3060489331
17221|0x11acd78d|15|5590930466
17221|0x11acd78d|16|11079139204
17221|0x11acd78d|17|21756025607
17221|0x111acd78d|18|45719975203
17221|0x311acd78d|19|89318988904
17221|0x711acd78d|20|178859364309
17221|0xf11acd78d|21|357684664741
17221|0x1f11acd78d|22|715398963182
17221|0x1f11acd78d|23|1426911305852
17221|0x1f11acd78d|24|2853471881057
17813|0xddbd|1|303531
17813|0x1ddbd|2|723804
17813|0x3ddbd|3|1577909
17813|0x7ddbd|4|3131107
17813|0xfddbd|5|6391503
17813|0xfddbd|6|12797241
17813|0xfddbd|7|25647188
17813|0xfddbd|8|51403389
17813|0xfddbd|9|102670491
17813|0xfddbd|10|205496309
17813|0xfddbd|11|411005437
17813|0xfddbd|12|729113274
17813|0xfddbd|13|1480262640
17813|0x100fddbd|14|2816934515
17813|0x300fddbd|15|5487149117
17813|0x700fddbd|16|10988490718
17813|0xf00fddbd|17|22057671494
17813|0xf00fddbd|18|45927941518
17813|0xf00fddbd|19|89498831383
17813|0xf00fddbd|20|177792617633
17813|0xf00fddbd|21|354777793788
17813|0xf00fddbd|22|712957544136
17813|0xf00fddbd|23|1425685487595
17813|0x40f00fddbd|24|2849305874656
17985|0xc9c1|1|302619
17985|0xc9c1|2|712673
17985|0x2c9c1|3|1615343
17985|0x2c9c1|4|3143320
17985|0x2c9c1|5|6491034
17985|0x2c9c1|6|12895198
17985|0x22c9c1|7|25743942
17985|0x22c9c1|8|51419788
17985|0x22c9c1|9|102799928
17985|0x22c9c1|10|205525317
17985|0x22c9c1|11|367583336
17985|0x422c9c1|12|822605339
17985|0x422c9c1|13|1644567864
17985|0x1422c9c1|14|2768836719
17985|0x3422c9c1|15|5408223344
17985|0x7422c9c1|16|10779196903
17985|0x7422c9c1|17|22169674360
17985|0x17422c9c1|18|44086924828
17985|0x17422c9c1|19|90134964305
17985|0x17422c9c1|20|178051056671
17985|0x17422c9c1|21|356489627471
17985|0x17422c9c1|22|529943252974
17985|0x217422c9c1|23|893076472014
17985|0x617422c9c1|24|1750373550117
18091|0x8403|1|239068
18091|0x18403|2|440408
18091|0x18403|3|878415
18091|0x58403|4|1916917
18091|0xd8403|5|3999035
18091|0xd8403|6|7766451
18091|0x2d8403|7|15736841
18091|0x2d8403|8|31584208
18091|0xad8403|9|63098732
18091|0xad8403|10|126517905
18091|0x2ad8403|11|252867984
18091|0x6ad8403|12|506400994
18091|0xead8403|13|1009197484
18091|0xead8403|14|1748255614
18091|0xead8403|15|3645229042
18091|0x4ead8403|16|8078731067
18091|0x4ead8403|17|15024006183
18091|0x4ead8403|18|27957589476
18091|0x4ead8403|19|54055507424
18091|0x4ead8403|20|112755132382
18091|0x84ead8403|21|215939071996
18091|0x184ead8403|22|445545114162
18091|0x184ead8403|23|884488774044
18091|0x584ead8403|24|1753357238777
18213|0x7cad|1|192674
18213|0x7cad|2|454874
18213|0x27cad|3|1001288
18213|0x27cad|4|2031437
18213|0x27cad|5|3825161
18213|0x127cad|6|7896288
18213|0x127cad|7|15854929
18213|0x527cad|8|31508458
18213|0xd27cad|9|63301449
18213|0x1d27cad|10|126225638
18213|0x1d27cad|11|253564181
18213|0x5d27cad|12|507411370
18213|0xdd27cad|13|1013408052
18213|0xdd27cad|14|2025472540
18213|0x2dd27cad|15|3386053270
18213|0x2dd27cad|16|8058687169
18213|0x2dd27cad|17|14676424730
18213|0x2dd27cad|18|32169231588
18213|0x2dd27cad|19|52751339276
18213|0x42dd27cad|20|108568499687
18213|0x42dd27cad|21|219309030903
18213|0x142dd27cad|22|438844963009
18213|0x342dd27cad|23|883413449036
18213|0x742dd27cad|24|1753941881226
18317|0x5345|1|172261
18317|0x5345|2|400905
18317|0x25345|3|882850
18317|0x25345|4|1971034
18317|0x25345|5|3970192
18317|0x25345|6|7801372
18317|0x225345|7|15669202
18317|0x225345|8|31463257
18317|0x225345|9|62983581
18317|0x225345|10|125839909
18317|0x225345|11|251647117
18317|0x225345|12|502702325
18317|0x8225345|13|1006403642
18317|0x8225345|14|2006285980
18317|0x8225345|15|4013943601
18317|0x8225345|16|8051561586
18317|0x8225345|17|13166428448
18317|0x8225345|18|28267517262
18317|0x208225345|19|62018683474
18317|0x208225345|20|110246552476
18317|0x208225345|21|216909733019
18317|0x208225345|22|439872083000
18317|0x2208225345|23|891417213614
18317|0x2208225345|24|1759563814543
18431|0xb7ff|1|169898
18431|0x1b7ff|2|399901
18431|0x3b7ff|3|925084
18431|0x7b7ff|4|2019914
18431|0xfb7ff|5|3863008
18431|0x1fb7ff|6|7916347
18431|0x3fb7ff|7|15655033
18431|0x3fb7ff|8|31384075
18431|0xbfb7ff|9|63001855
18431|0x1bfb7ff|10|125857545
18431|0x3bfb7ff|11|251900625
18431|0x3bfb7ff|12|503836943
18431|0xbbfb7ff|13|1005799662
18431|0xbbfb7ff|14|1681916053
18431|0x2bbfb7ff|15|4029065225
18431|0x6bbfb7ff|16|7203477180
18431|0xebbfb7ff|17|13637210606
18431|0x1ebbfb7ff|18|29487415095
18431|0x1ebbfb7ff|19|55521970472
18431|0x5ebbfb7ff|20|109066938166
18431|0xdebbfb7ff|21|230424456913
18431|0xdebbfb7ff|22|440920304917
18431|0xdebbfb7ff|23|1008732023347
18431|0x4debbfb7ff|24|2901800366725
18969|0x7229|1|301895
18969|0x17229|2|725286
18969|0x17229|3|1517619
18969|0x57229|4|3162971
18969|0xd7229|5|6391429
18969|0x1d7229|6|12877808
18969|0x3d7229|7|25759948
18969|0x3d7229|8|51583525
18969|0x3d7229|9|103132038
18969|0x13d7229|10|206247460
18969|0x33d7229|11|412606942
18969|0x73d7229|12|679954324
18969|0xf3d7229|13|1650591431
18969|0xf3d7229|14|3301675784
18969|0xf3d7229|15|5702864161
18969|0x4f3d7229|16|10858969918
18969|0xcf3d7229|17|22257623685
18969|0xcf3d7229|18|45808274190
18969|0xcf3d7229|19|87710848439
18969|0x4cf3d7229|20|177556136500
18969|0x4cf3d7229|21|355551053083
18969|0x4cf3d7229|22|713416526154
18969|0x24cf3d7229|23|1421880655337
18969|0x24cf3d7229|24|2847847713530
19141|0xa40d|1|308182
19141|0xa40d|2|726799
19141|0x2a40d|3|1522706
19141|0x6a40d|4|3168774
19141|0xea40d|5|6419621
19141|0x1ea40d|6|11289408
19141|0x1ea40d|7|25739274
19141|0x1ea40d|8|51627299
19141|0x1ea40d|9|103204642
19141|0x11ea40d|10|206372457
19141|0x11ea40d|11|361945874
19141|0x11ea40d|12|825745586
19141|0x91ea40d|13|1651667970
19141|0x91ea40d|14|3303482394
19141|0x291ea40d|15|5417162322
19141|0x291ea40d|16|10953019155
19141|0xa91ea40d|17|22148879163
19141|0x1a91ea40d|18|45762098051
19141|0x3a91ea40d|19|89342325602
19141|0x7a91ea40d|20|178284156192
19141|0xfa91ea40d|21|357947816950
19141|0x1fa91ea40d|22|710715575255
19141|0x1fa91ea40d|23|1421978715370
19141|0x5fa91ea40d|24|2847512021584
19323|0xdbb3|1|306237
19323|0x1dbb3|2|731501
19323|0x3dbb3|3|1528184
19323|0x3dbb3|4|3177637
19323|0xbdbb3|5|6456948
19323|0x1bdbb3|6|12898223
19323|0x1bdbb3|7|25803983
19323|0x5bdbb3|8|51687625
19323|0xdbdbb3|9|103318268
19323|0x1dbdbb3|10|206627549
19323|0x3dbdbb3|11|413227296
19323|0x7dbdbb3|12|725041718
19323|0x7dbdbb3|13|1653244250
19323|0x17dbdbb3|14|2930203885
19323|0x37dbdbb3|15|6298091236
19323|0x77dbdbb3|16|10784730428
19323|0x77dbdbb3|17|21916905100
19323|0x177dbdbb3|18|44145279251
19323|0x377dbdbb3|19|89183748133
19323|0x377dbdbb3|20|177924914363
19323|0xb77dbdbb3|21|355031294653
19323|0xb77dbdbb3|22|710265354009
19323|0x2b77dbdbb3|23|1421131751508
19323|0x2b77dbdbb3|24|2844762767530
19907|0xaeb|1|304208
19907|0x10aeb|2|761951
19907|0x10aeb|3|1545679
19907|0x50aeb|4|3217034
19907|0x50aeb|5|6426390
19907|0x50aeb|6|12879184
19907|0x250aeb|7|25842196
19907|0x250aeb|8|51712845
19907|0xa50aeb|9|103428985
19907|0xa50aeb|10|223723335
19907|0x2a50aeb|11|413997424
19907|0x2a50aeb|12|827926432
19907|0xaa50aeb|13|1505951023
19907|0xaa50aeb|14|2939842193
19907|0xaa50aeb|15|6649363825
19907|0x4aa50aeb|16|11069182787
19907|0xcaa50aeb|17|21684442535
19907|0xcaa50aeb|18|45915015691
19907|0x2caa50aeb|19|88701709079
19907|0x6caa50aeb|20|177429139117
19907|0x6caa50aeb|21|354537469267
19907|0x6caa50aeb|22|711434867124
19907|0x26caa50aeb|23|1420883012712
19907|0x26caa50aeb|24|2838832966529
20079|0xd08f|1|304630
20079|0xd08f|2|738483
20079|0x2d08f|3|1582724
20079|0x6d08f|4|3225168
20079|0x6d08f|5|6451024
20079|0x6d08f|6|12942658
20079|0x6d08f|7|25850505
20079|0x6d08f|8|51748913
20079|0x86d08f|9|103512206
20079|0x86d08f|10|207191955
20079|0x286d08f|11|414355720
20079|0x686d08f|12|831681690
20079|0xe86d08f|13|1635735725
20079|0xe86d08f|14|2812723706
20079|0x2e86d08f|15|6070734516
20079|0x6e86d08f|16|11534766326
20079|0x6e86d08f|17|21654088076
20079|0x16e86d08f|18|44111783716
20079|0x16e86d08f|19|89078074093
20079|0x56e86d08f|20|177593816811
20079|0xd6e86d08f|21|354981509486
20079|0xd6e86d08f|22|709101795318
20079|0xd6e86d08f|23|1418647125917
20079|0xd6e86d08f|24|2837802144094
20259|0x588b|1|308461
20259|0x1588b|2|761132
20259|0x3588b|3|1556561
20259|0x3588b|4|3256948
20259|0xb588b|5|6387002
20259|0xb588b|6|12926466
20259|0x2b588b|7|25847246
20259|0x6b588b|8|51805067
20259|0x6b588b|9|103625640
20259|0x16b588b|10|207277442
20259|0x36b588b|11|414562598
20259|0x36b588b|12|709513294
20259|0xb6b588b|13|1494504278
20259|0x1b6b588b|14|3316945095
20259|0x3b6b588b|15|5412851384
20259|0x7b6b588b|16|10978140368
20259|0x7b6b588b|17|21585798022
20259|0x17b6b588b|18|44751302699
20259|0x37b6b588b|19|88946948369
20259|0x37b6b588b|20|177710246290
20259|0x37b6b588b|21|354825035023
20259|0x137b6b588b|22|709204053559
20259|0x137b6b588b|23|1418298794994
20259|0x537b6b588b|24|2838147684622
20441|0x4069|1|309446
20441|0x14069|2|743336
20441|0x14069|3|1590951
20441|0x14069|4|3141220
20441|0x14069|5|6427968
20441|0x114069|6|12941603
20441|0x114069|7|25883152
20441|0x114069|8|51854680
20441|0x914069|9|103669680
20441|0x914069|10|207355060
20441|0x2914069|11|414778623
20441|0x2914069|12|829806250
20441|0x2914069|13|1659395478
20441|0x2914069|14|2969844794
20441|0x2914069|15|6058947176
20441|0x2914069|16|11267010866
20441|0x2914069|17|21826265075
20441|0x102914069|18|49214463803
20441|0x302914069|19|89038801402
20441|0x302914069|20|177673045058
20441|0xb02914069|21|354428766616
20441|0xb02914069|22|709291960056
20441|0x2b02914069|23|1417694137031
20441|0x6b02914069|24|2838788836120
20995|0x68ab|1|310923
20995|0x68ab|2|750477
20995|0x68ab|3|1578005
20995|0x68ab|4|3204771
20995|0x868ab|5|6408748
20995|0x868ab|6|12906229
20995|0x2868ab|7|25875617
20995|0x2868ab|8|51888582
20995|0x2868ab|9|103829115
20995|0x2868ab|10|207800347
20995|0x22868ab|11|415594263
20995|0x22868ab|12|831119149
20995|0xa2868ab|13|1662524655
20995|0x1a2868ab|14|3042758311
20995|0x1a2868ab|15|5593553519
20995|0x5a2868ab|16|10777039144
20995|0x5a2868ab|17|21649508868
20995|0x5a2868ab|18|43537725658
20995|0x25a2868ab|19|88848482242
20995|0x25a2868ab|20|176364007159
20995|0xa5a2868ab|21|353847224837
20995|0xa5a2868ab|22|707444552012
20995|0xa5a2868ab|23|1419066506744
20995|0xa5a2868ab|24|2847700492756
21187|0x6deb|1|311231
21187|0x16deb|2|752881
21187|0x16deb|3|1583812
21187|0x56deb|4|3233489
21187|0xd6deb|5|6422928
21187|0x1d6deb|6|12933870
21187|0x3d6deb|7|25891298
21187|0x3d6deb|8|51966683
21187|0x3d6deb|9|104110159
21187|0x3d6deb|10|208016326
21187|0x3d6deb|11|415850876
21187|0x43d6deb|12|739746292
21187|0xc3d6deb|13|1617173205
21187|0xc3d6deb|14|2724924353
21187|0xc3d6deb|15|6444526802
21187|0xc3d6deb|16|11241527810
21187|0xc3d6deb|17|22283343367
21187|0x10c3d6deb|18|46060038756
21187|0x10c3d6deb|19|90068514970
21187|0x10c3d6deb|20|179567541025
21187|0x90c3d6deb|21|358255987891
21187|0x190c3d6deb|22|714398380847
21187|0x190c3d6deb|23|1422009379009
21187|0x190c3d6deb|24|2845953178356
21363|0x9bb|1|308253
21363|0x9bb|2|755426
21363|0x9bb|3|1586727
21363|0x409bb|4|3222271
21363|0xc09bb|5|6451939
21363|0x1c09bb|6|12997579
21363|0x1c09bb|7|25996542
21363|0x5c09bb|8|52006258
21363|0xdc09bb|9|103948101
21363|0xdc09bb|10|207998937
21363|0x2dc09bb|11|416002151
21363|0x2dc09bb|12|832191170
21363|0x2dc09bb|13|1382252098
21363|0x2dc09bb|14|2804493706
21363|0x22dc09bb|15|6657407396
21363|0x22dc09bb|16|11074925897
21363|0x22dc09bb|17|23833260782
21363|0x122dc09bb|18|45453505212
21363|0x122dc09bb|19|90061623680
21363|0x122dc09bb|20|176425322396
21363|0x122dc09bb|21|357210398043
21363|0x1122dc09bb|22|711556154164
21363|0x1122dc09bb|23|1418125976057
21363|0x1122dc09bb|24|2829672858058
21903|0x296f|1|313371
21903|0x1296f|2|668137
21903|0x1296f|3|1529086
21903|0x1296f|4|3136833
21903|0x9296f|5|6422463
21903|0x9296f|6|12934353
21903|0x29296f|7|26006318
21903|0x69296f|8|52104790
21903|0xe9296f|9|104120563
21903|0x1e9296f|10|208379021
21903|0x1e9296f|11|416915495
21903|0x5e9296f|12|833915136
21903|0xde9296f|13|1360873734
21903|0x1de9296f|14|3318671988
21903|0x3de9296f|15|5755406457
21903|0x3de9296f|16|11437028099
21903|0x3de9296f|17|21601329549
21903|0x13de9296f|18|44213640660
21903|0x13de9296f|19|88934376515
21903|0x13de9296f|20|177228106346
21903|0x13de9296f|21|354470618363
21903|0x13de9296f|22|706537979942
21903|0x13de9296f|23|1422780246828
21903|0x413de9296f|24|2825394317184
22093|0xd285|1|314603
22093|0xd285|2|669857
22093|0xd285|3|1538098
22093|0xd285|4|3148309
22093|0x8d285|5|6450147
22093|0x8d285|6|12996320
22093|0x28d285|7|25994802
22093|0x28d285|8|52100484
22093|0x28d285|9|104244287
22093|0x128d285|10|208562177
22093|0x128d285|11|417508954
22093|0x128d285|12|795974194
22093|0x128d285|13|1385515476
22093|0x1128d285|14|2700094101
22093|0x3128d285|15|5529117452
22093|0x3128d285|16|11051102015
22093|0xb128d285|17|21587429611
22093|0x1b128d285|18|43825282593
22093|0x3b128d285|19|88074082406
22093|0x3b128d285|20|176937449305
22093|0x3b128d285|21|353074966155
22093|0x3b128d285|22|707009028380
22093|0x23b128d285|23|1418829201182
22093|0x63b128d285|24|2846115371041
22273|0xa901|1|314829
22273|0xa901|2|671168
22273|0xa901|3|1545337
22273|0xa901|4|3188234
22273|0xa901|5|6450094
22273|0x10a901|6|13031269
22273|0x10a901|7|26100230
22273|0x10a901|8|52132726
22273|0x90a901|9|104283281
22273|0x90a901|10|208667256
22273|0x290a901|11|417392084
22273|0x690a901|12|834859467
22273|0x690a901|13|1669721023
22273|0x1690a901|14|2952178571
22273|0x1690a901|15|5532849541
22273|0x5690a901|16|11089832847
22273|0xd690a901|17|21725165601
22273|0xd690a901|18|45069181958
22273|0xd690a901|19|90411037230
22273|0x4d690a901|20|176106924675
22273|0x4d690a901|21|352732760160
22273|0x14d690a901|22|534661771689
22273|0x14d690a901|23|871514343551
22273|0x14d690a901|24|1747596945482
22397|0x19d5|1|174045
22397|0x19d5|2|376645
22397|0x19d5|3|969202
22397|0x419d5|4|2027378
22397|0xc19d5|5|3943280
22397|0x1c19d5|6|8026730
22397|0x1c19d5|7|16159436
22397|0x1c19d5|8|32157289
22397|0x9c19d5|9|64493551
22397|0x19c19d5|10|129109055
22397|0x39c19d5|11|257941149
22397|0x39c19d5|12|516065644
22397|0x39c19d5|13|948808884
22397|0x139c19d5|14|1683363142
22397|0x339c19d5|15|4133710597
22397|0x739c19d5|16|6823328971
22397|0xf39c19d5|17|16392784102
22397|0x1f39c19d5|18|27661514672
22397|0x3f39c19d5|19|54202227539
22397|0x3f39c19d5|20|116003699017
22397|0xbf39c19d5|21|219694611421
22397|0xbf39c19d5|22|433588243922
22397|0x2bf39c19d5|23|872916245573
22397|0x6bf39c19d5|24|1749013707882
22499|0xa5cb|1|176529
22499|0x1a5cb|2|377152
22499|0x3a5cb|3|940775
22499|0x7a5cb|4|2017080
22499|0x7a5cb|5|3936508
22499|0x7a5cb|6|7997128
22499|0x27a5cb|7|16185471
22499|0x27a5cb|8|32073332
22499|0xa7a5cb|9|64345139
22499|0xa7a5cb|10|128649903
22499|0x2a7a5cb|11|257425711
22499|0x6a7a5cb|12|515503657
22499|0x6a7a5cb|13|996518305
22499|0x6a7a5cb|14|2027370008
22499|0x26a7a5cb|15|3485295413
22499|0x66a7a5cb|16|8241190679
22499|0x66a7a5cb|17|13650083107
22499|0x66a7a5cb|18|28379459645
22499|0x266a7a5cb|19|54258121770
22499|0x666a7a5cb|20|111162895096
22499|0x666a7a5cb|21|219826034167
22499|0x1666a7a5cb|22|432183556302
22499|0x1666a7a5cb|23|871339084535
22499|0x5666a7a5cb|24|1749382933168
22977|0xb641|1|201471
22977|0xb641|2|431353
22977|0x2b641|3|997029
22977|0x2b641|4|1894928
22977|0xab641|5|4030372
22977|0x1ab641|6|8057391
22977|0x1ab641|7|16020169
22977|0x1ab641|8|32366503
22977|0x9ab641|9|53371462
22977|0x9ab641|10|129366657
22977|0x29ab641|11|258657728
22977|0x29ab641|12|516519206
22977|0x29ab641|13|923038553
22977|0x29ab641|14|2067030710
22977|0x29ab641|15|3383725458
22977|0x429ab641|16|7472699384
22977|0x429ab641|17|16067902002
22977|0x429ab641|18|26688748840
22977|0x2429ab641|19|53889607882
22977|0x6429ab641|20|109360353053
22977|0x6429ab641|21|218856632820
22977|0x6429ab641|22|432252218159
22977|0x26429ab641|23|870845848327
22977|0x26429ab641|24|1756084328930
23093|0xa81d|1|201673
23093|0x1a81d|2|431771
23093|0x3a81d|3|981316
23093|0x7a81d|4|2060939
23093|0x7a81d|5|3935171
23093|0x17a81d|6|8076795
23093|0x17a81d|7|16171670
23093|0x17a81d|8|32160606
23093|0x17a81d|9|64703922
23093|0x17a81d|10|129122628
23093|0x217a81d|11|258333254
23093|0x217a81d|12|433927030
23093|0x217a81d|13|1033616057
23093|0x217a81d|14|1672836500
23093|0x217a81d|15|3341515598
23093|0x4217a81d|16|8270262372
23093|0x4217a81d|17|14294576581
23093|0x4217a81d|18|28553413101
23093|0x24217a81d|19|54156703202
23093|0x64217a81d|20|115750994753
23093|0xe4217a81d|21|219414399476
23093|0x1e4217a81d|22|432524778309
23093|0x1e4217a81d|23|870346205801
23093|0x1e4217a81d|24|1749400191479
23197|0xfbb5|1|201904
23197|0xfbb5|2|432185
23197|0xfbb5|3|999424
23197|0xfbb5|4|1866761
23197|0x8fbb5|5|4089481
23197|0x8fbb5|6|8115005
23197|0x8fbb5|7|16038714
23197|0x8fbb5|8|32437139
23197|0x8fbb5|9|64707058
23197|0x8fbb5|10|129126680
23197|0x208fbb5|11|258305591
23197|0x208fbb5|12|517075487
23197|0xa08fbb5|13|1034432006
23197|0x1a08fbb5|14|1711000772
23197|0x3a08fbb5|15|3342344004
23197|0x7a08fbb5|16|6727945900
23197|0x7a08fbb5|17|13373428134
23197|0x7a08fbb5|18|28732964018
23197|0x27a08fbb5|19|55047980855
23197|0x67a08fbb5|20|114258282793
23197|0x67a08fbb5|21|219095012965
23197|0x67a08fbb5|22|431697654231
23197|0x267a08fbb5|23|875201725939
23197|0x267a08fbb5|24|1748269928360
23313|0xf5f1|1|202171
23313|0x1f5f1|2|402656
23313|0x3f5f1|3|864778
23313|0x3f5f1|4|2006877
23313|0x3f5f1|5|4108553
23313|0x13f5f1|6|7951882
23313|0x13f5f1|7|16146561
23313|0x53f5f1|8|32497695
23313|0x53f5f1|9|64446722
23313|0x53f5f1|10|129314456
23313|0x253f5f1|11|258619466
23313|0x253f5f1|12|481857127
23313|0x253f5f1|13|1030129442
23313|0x253f5f1|14|1971180997
23313|0x253f5f1|15|3668775286
23313|0x253f5f1|16|6906523825
23313|0x253f5f1|17|13593343832
23313|0x253f5f1|18|26969573251
23313|0x253f5f1|19|53338242800
23313|0x40253f5f1|20|108986180435
23313|0xc0253f5f1|21|219806870455
23313|0xc0253f5f1|22|431537824612
23313|0x2c0253f5f1|23|870982125739
23313|0x6c0253f5f1|24|1745708128045
23425|0xe481|1|201949
23425|0x1e481|2|433640
23425|0x3e481|3|1020187
23425|0x3e481|4|1985438
23425|0x3e481|5|3994481
23425|0x13e481|6|8061687
23425|0x13e481|7|16033128
23425|0x53e481|8|32340701
23425|0xd3e481|9|64460305
23425|0x1d3e481|10|129112197
23425|0x3d3e481|11|258467985
23425|0x3d3e481|12|516249865
23425|0x3d3e481|13|884336046
23425|0x3d3e481|14|2067343312
23425|0x3d3e481|15|3607887385
23425|0x43d3e481|16|8269544429
23425|0xc3d3e481|17|14993431983
23425|0x1c3d3e481|18|33087432775
23425|0x1c3d3e481|19|55158416187
23425|0x1c3d3e481|20|116263365294
23425|0x1c3d3e481|21|218688692865
23425|0x1c3d3e481|22|435211228077
23425|0x1c3d3e481|23|870636273323
23425|0x1c3d3e481|24|1745840574387
23539|0xb53b|1|204079
23539|0xb53b|2|434481
23539|0xb53b|3|988504
23539|0xb53b|4|1877052
23539|0x8b53b|5|4117385
23539|0x18b53b|6|8079123
23539|0x38b53b|7|16012382
23539|0x78b53b|8|32488661
23539|0x78b53b|9|64417495
23539|0x178b53b|10|129348743
23539|0x378b53b|11|258900771
23539|0x778b53b|12|492269672
23539|0x778b53b|13|887851555
23539|0x778b53b|14|2070594627
23539|0x778b53b|15|3733802050
23539|0x778b53b|16|7065257883
23539|0x778b53b|17|13681566434
23539|0x10778b53b|18|28656952416
23539|0x30778b53b|19|54516735431
23539|0x30778b53b|20|110984406699
23539|0xb0778b53b|21|219259264827
23539|0xb0778b53b|22|432808700572
23539|0x2b0778b53b|23|870314872694
23539|0x2b0778b53b|24|1748316736165
24039|0x65d7|1|204448
24039|0x165d7|2|436908
24039|0x365d7|3|996858
24039|0x365d7|4|2018966
24039|0x365d7|5|3890068
24039|0x1365d7|6|8058368
24039|0x1365d7|7|16211887
24039|0x1365d7|8|32230457
24039|0x9365d7|9|64837936
24039|0x19365d7|10|129607662
24039|0x19365d7|11|259421504
24039|0x19365d7|12|519336118
24039|0x99365d7|13|1037133613
24039|0x199365d7|14|1741844876
24039|0x399365d7|15|3748663882
24039|0x399365d7|16|6987931883
24039|0xb99365d7|17|15307790585
24039|0xb99365d7|18|27918154784
24039|0x2b99365d7|19|58697173429
24039|0x2b99365d7|20|116803115846
24039|0x2b99365d7|21|219445003131
24039|0x2b99365d7|22|432558487113
24039|0x22b99365d7|23|869546328051
24039|0x62b99365d7|24|1748585627071
24141|0xa85|1|203370
24141|0xa85|2|435349
24141|0xa85|3|996332
24141|0xa85|4|1975214
24141|0xa85|5|3954965
24141|0xa85|6|8108032
24141|0x200a85|7|16044401
24141|0x200a85|8|32435937
24141|0xa00a85|9|64729466
24141|0xa00a85|10|129481067
24141|0xa00a85|11|259622282
24141|0x4a00a85|12|519792269
24141|0xca00a85|13|1038296516
24141|0x1ca00a85|14|1989612634
24141|0x3ca00a85|15|4151511857
24141|0x3ca00a85|16|6684238220
24141|0x3ca00a85|17|16367321135
24141|0x13ca00a85|18|27521325369
24141|0x33ca00a85|19|55235654833
24141|0x73ca00a85|20|112768282486
24141|0x73ca00a85|21|219013430389
24141|0x173ca00a85|22|433154985458
24141|0x173ca00a85|23|869715069429
24141|0x573ca00a85|24|1745354896869
24253|0xc95|1|192935
24253|0xc95|2|438281
24253|0xc95|3|1000342
24253|0xc95|4|2024316
24253|0x80c95|5|3935094
24253|0x180c95|6|8163017
24253|0x380c95|7|16294795
24253|0x380c95|8|32400024
24253|0x380c95|9|69730057
24253|0x380c95|10|129953822
24253|0x2380c95|11|259562562
24253|0x2380c95|12|518716475
24253|0xa380c95|13|1038431620
24253|0xa380c95|14|1695726330
24253|0x2a380c95|15|3578192380
24253|0x6a380c95|16|6785319407
24253|0x6a380c95|17|13626977749
24253|0x16a380c95|18|27254030904
24253|0x16a380c95|19|53986399263
24253|0x56a380c95|20|114585035437
24253|0x56a380c95|21|221135548881
24253|0x56a380c95|22|432310613171
24253|0x56a380c95|23|868950660633
24253|0x56a380c95|24|1743733400355
24373|0x3b1d|1|203923
24373|0x3b1d|2|438766
24373|0x3b1d|3|1000204
24373|0x43b1d|4|2041979
24373|0x43b1d|5|3940000
24373|0x143b1d|6|8135380
24373|0x343b1d|7|16263525
24373|0x743b1d|8|32338466
24373|0x743b1d|9|64863625
24373|0x743b1d|10|129752024
24373|0x2743b1d|11|259136260
24373|0x6743b1d|12|523811212
24373|0xe743b1d|13|963755854
24373|0xe743b1d|14|2119610715
24373|0x2e743b1d|15|3586603734
24373|0x6e743b1d|16|7034239085
24373|0x6e743b1d|17|14032043911
24373|0x6e743b1d|18|27242585812
24373|0x6e743b1d|19|55269159978
24373|0x46e743b1d|20|109952161439
24373|0xc6e743b1d|21|219946285638
24373|0x1c6e743b1d|22|433835420754
24373|0x3c6e743b1d|23|870285910933
24373|0x3c6e743b1d|24|1751568221182
24479|0xfc5f|1|179388
24479|0xfc5f|2|386704
24479|0xfc5f|3|931531
24479|0x4fc5f|4|2022431
24479|0x4fc5f|5|4041942
24479|0x4fc5f|6|7984631
24479|0x4fc5f|7|16264401
24479|0x44fc5f|8|32413787
24479|0xc4fc5f|9|64971597
24479|0xc4fc5f|10|130211761
24479|0xc4fc5f|11|259881368
24479|0x4c4fc5f|12|518598988
24479|0x4c4fc5f|13|1014484218
24479|0x14c4fc5f|14|1849408678
24479|0x14c4fc5f|15|3672893970
24479|0x14c4fc5f|16|6815408458
24479|0x14c4fc5f|17|14893625397
24479|0x14c4fc5f|18|27564711842
24479|0x214c4fc5f|19|54125133803
24479|0x214c4fc5f|20|108350728126
24479|0x214c4fc5f|21|220443069790
24479|0x214c4fc5f|22|432746306767
24479|0x214c4fc5f|23|869738287052
24479|0x214c4fc5f|24|1749451379478
24967|0x9437|1|202904
24967|0x19437|2|439612
24967|0x39437|3|957891
24967|0x79437|4|1901137
24967|0xf9437|5|4105139
24967|0xf9437|6|8023550
24967|0x2f9437|7|16129494
24967|0x6f9437|8|32630391
24967|0x6f9437|9|64799469
24967|0x6f9437|10|130154972
24967|0x26f9437|11|260008837
24967|0x26f9437|12|520371670
24967|0x26f9437|13|936636461
24967|0x126f9437|14|2030575724
24967|0x126f9437|15|4163178815
24967|0x126f9437|16|8275536772
24967|0x126f9437|17|14246324036
24967|0x126f9437|18|26869472958
24967|0x2126f9437|19|54327759978
24967|0x6126f9437|20|108069645342
24967|0x6126f9437|21|224279844633
24967|0x16126f9437|22|432747415765
24967|0x36126f9437|23|868644766402
24967|0x36126f9437|24|1744186675478
25085|0x8355|1|205192
25085|0x18355|2|442446
25085|0x38355|3|1013837
25085|0x78355|4|2042407
25085|0x78355|5|3917392
25085|0x178355|6|8120120
25085|0x178355|7|15773986
25085|0x178355|8|30530455
25085|0x178355|9|65032414
25085|0x178355|10|130050053
25085|0x178355|11|260532989
25085|0x178355|12|520715856
25085|0x178355|13|951185326
25085|0x178355|14|2081812471
25085|0x178355|15|4165487675
25085|0x178355|16|6944600179
25085|0x178355|17|14109766405
25085|0x100178355|18|28345004128
25085|0x300178355|19|54808618960
25085|0x300178355|20|112801267069
25085|0x300178355|21|219426902072
25085|0x300178355|22|432371866602
25085|0x300178355|23|874437888708
25085|0x300178355|24|1745807995404
25195|0x3a43|1|202974
25195|0x3a43|2|443114
25195|0x23a43|3|974564
25195|0x63a43|4|1890029
25195|0xe3a43|5|4122258
25195|0xe3a43|6|8051471
25195|0xe3a43|7|16146754
25195|0x4e3a43|8|32591773
25195|0x4e3a43|9|65068764
25195|0x14e3a43|10|130318024
25195|0x34e3a43|11|260390549
25195|0x74e3a43|12|520240442
25195|0x74e3a43|13|1042019987
25195|0x74e3a43|14|1667905778
25195|0x74e3a43|15|3432228599
25195|0x74e3a43|16|6966818798
25195|0x74e3a43|17|13908308813
25195|0x1074e3a43|18|30746697841
25195|0x3074e3a43|19|54783373029
25195|0x3074e3a43|20|108019695218
25195|0x3074e3a43|21|219776223957
25195|0x13074e3a43|22|432143957829
25195|0x13074e3a43|23|870867884890
25195|0x53074e3a43|24|1745149678501
25311|0xd91f|1|205412
25311|0x1d91f|2|443817
25311|0x3d91f|3|954939
25311|0x3d91f|4|1924321
25311|0xbd91f|5|4135221
25311|0x1bd91f|6|8067810
25311|0x3bd91f|7|16211766
25311|0x7bd91f|8|32640113
25311|0x7bd91f|9|64945095
25311|0x17bd91f|10|130170527
25311|0x17bd91f|11|260428896
25311|0x57bd91f|12|521017570
25311|0x57bd91f|13|834776848
25311|0x157bd91f|14|1756848253
25311|0x357bd91f|15|4031076542
25311|0x357bd91f|16|7539237889
25311|0x357bd91f|17|13341048029
25311|0x357bd91f|18|26772595922
25311|0x357bd91f|19|53772503098
25311|0x357bd91f|20|109832844346
25311|0x8357bd91f|21|218672046838
25311|0x8357bd91f|22|432546508072
25311|0x28357bd91f|23|869798526623
25311|0x28357bd91f|24|1744499266218
25415|0x5677|1|205651
25415|0x5677|2|467750
25415|0x5677|3|944721
25415|0x5677|4|1919126
25415|0x85677|5|4155888
25415|0x85677|6|8069243
25415|0x85677|7|16189804
25415|0x485677|8|32744597
25415|0xc85677|9|65093735
25415|0x1c85677|10|130332849
25415|0x1c85677|11|260184285
25415|0x1c85677|12|521631121
25415|0x9c85677|13|907837951
25415|0x19c85677|14|1760844501
25415|0x39c85677|15|3432581270
25415|0x39c85677|16|6715988418
25415|0xb9c85677|17|13627041034
25415|0xb9c85677|18|27606271834
25415|0xb9c85677|19|53506396994
25415|0x4b9c85677|20|108845989533
25415|0xcb9c85677|21|219454649033
25415|0xcb9c85677|22|432666896870
25415|0x2cb9c85677|23|869655306947
25415|0x6cb9c85677|24|1743767022352
25527|0xea07|1|205740
25527|0xea07|2|444731
25527|0xea07|3|1021304
25527|0xea07|4|1922241
25527|0x8ea07|5|4189456
25527|0x8ea07|6|8215481
25527|0x28ea07|7|16458081
25527|0x68ea07|8|32855603
25527|0xe8ea07|9|65649100
25527|0x1e8ea07|10|131393502
25527|0x1e8ea07|11|262354645
25527|0x1e8ea07|12|525766215
25527|0x1e8ea07|13|889752985
25527|0x11e8ea07|14|1975595441
25527|0x31e8ea07|15|3920937678
25527|0x71e8ea07|16|7118709045
25527|0xf1e8ea07|17|14349083178
25527|0xf1e8ea07|18|28458692253
25527|0x2f1e8ea07|19|54839408409
25527|0x2f1e8ea07|20|108208560022
25527|0xaf1e8ea07|21|220294735598
25527|0xaf1e8ea07|22|432682077146
25527|0x2af1e8ea07|23|869577039516
25527|0x6af1e8ea07|24|1744881454081
25999|0x196f|1|206687
25999|0x1196f|2|447137
25999|0x3196f|3|1040962
25999|0x7196f|4|1915401
25999|0x7196f|5|4206182
25999|0x7196f|6|8200972
25999|0x7196f|7|16193543
25999|0x7196f|8|32839478
25999|0x7196f|9|65377550
25999|0x107196f|10|130766030
25999|0x107196f|11|262095401
25999|0x107196f|12|524013040
25999|0x107196f|13|1053893107
25999|0x107196f|14|1868702091
25999|0x2107196f|15|4213592750
25999|0x6107196f|16|7402385912
25999|0x6107196f|17|15896942902
25999|0x6107196f|18|28353673299
25999|0x26107196f|19|55458982392
25999|0x66107196f|20|115245082926
25999|0xe6107196f|21|218369535702
25999|0x1e6107196f|22|434638480390
25999|0x1e6107196f|23|869431581179
25999|0x5e6107196f|24|1744356999143
26103|0xebc7|1|206837
26103|0x1ebc7|2|445911
26103|0x1ebc7|3|1028443
26103|0x1ebc7|4|2107515
26103|0x1ebc7|5|4027057
26103|0x1ebc7|6|8226670
26103|0x21ebc7|7|16459335
26103|0x61ebc7|8|32925559
26103|0xe1ebc7|9|54090006
26103|0xe1ebc7|10|131682659
26103|0xe1ebc7|11|263482244
26103|0x4e1ebc7|12|526601558
26103|0xce1ebc7|13|985670121
26103|0x1ce1ebc7|14|2106863371
26103|0x1ce1ebc7|15|3410012188
26103|0x1ce1ebc7|16|8428199165
26103|0x1ce1ebc7|17|14107132850
26103|0x11ce1ebc7|18|29941981766
26103|0x11ce1ebc7|19|55526277057
26103|0x11ce1ebc7|20|111413310402
26103|0x91ce1ebc7|21|220398827225
26103|0x191ce1ebc7|22|433310201510
26103|0x391ce1ebc7|23|867882285340
26103|0x391ce1ebc7|24|1745960220453
26217|0x89d9|1|204667
26217|0x189d9|2|446485
26217|0x389d9|3|958784
26217|0x389d9|4|2029565
26217|0x389d9|5|3965180
26217|0x389d9|6|8202944
26217|0x2389d9|7|16422251
26217|0x2389d9|8|32774291
26217|0xa389d9|9|65600405
26217|0xa389d9|10|131598790
26217|0xa389d9|11|263550901
26217|0x4a389d9|12|527285694
26217|0x4a389d9|13|913653859
26217|0x14a389d9|14|1828994161
26217|0x34a389d9|15|3511830711
26217|0x74a389d9|16|7569041118
26217|0x74a389d9|17|14139801861
26217|0x174a389d9|18|26937390407
26217|0x374a389d9|19|54434023841
26217|0x774a389d9|20|108316303642
26217|0xf74a389d9|21|218357232914
26217|0x1f74a389d9|22|432877283546
26217|0x3f74a389d9|23|868722410470
26217|0x3f74a389d9|24|1742323911395
26331|0x2553|1|204970
26331|0x12553|2|449163
26331|0x32553|3|962661
26331|0x32553|4|2032087
26331|0x32553|5|4070742
26331|0x132553|6|8228623
26331|0x132553|7|16408741
26331|0x532553|8|32959405
26331|0x532553|9|65832707
26331|0x532553|10|131720037
26331|0x532553|11|263801625
26331|0x532553|12|527276671
26331|0x8532553|13|1054439393
26331|0x8532553|14|1891665926
26331|0x8532553|15|4217527565
26331|0x48532553|16|8435607133
26331|0x48532553|17|14235986857
26331|0x148532553|18|28168137964
26331|0x348532553|19|53675413285
26331|0x348532553|20|108562703524
26331|0x348532553|21|218217936972
26331|0x348532553|22|432671910561
26331|0x2348532553|23|867342135775
26331|0x2348532553|24|1739670455041
26443|0x6a63|1|199237
26443|0x16a63|2|450040
26443|0x16a63|3|964024
26443|0x16a63|4|2028470
26443|0x96a63|5|4131197
26443|0x196a63|6|8202385
26443|0x196a63|7|16500447
26443|0x596a63|8|32951714
26443|0x596a63|9|66007849
26443|0x596a63|10|132029959
26443|0x596a63|11|263437547
26443|0x4596a63|12|527069623
26443|0x4596a63|13|906144906
26443|0x4596a63|14|1869046304
26443|0x4596a63|15|3615453955
26443|0x44596a63|16|6748684347
26443|0x44596a63|17|14111512696
26443|0x44596a63|18|26816292320
26443|0x44596a63|19|53623762879
26443|0x444596a63|20|110600497503
26443|0x444596a63|21|225995401778
26443|0x444596a63|22|433465843435
26443|0x444596a63|23|867400924799
26443|0x4444596a63|24|1746522496395
26555|0x4573|1|205630
26555|0x4573|2|450555
26555|0x4573|3|987292
26555|0x44573|4|1893786
26555|0x44573|5|4103601
26555|0x144573|6|8211688
26555|0x144573|7|16403646
26555|0x544573|8|27390160
26555|0xd44573|9|65804016
26555|0x1d44573|10|131874849
26555|0x3d44573|11|264100115
26555|0x7d44573|12|527706683
26555|0x7d44573|13|1055202997
26555|0x7d44573|14|1773045808
26555|0x27d44573|15|3373077617
26555|0x27d44573|16|7523090084
26555|0xa7d44573|17|13488256158
26555|0x1a7d44573|18|27413447970
26555|0x1a7d44573|19|54184444947
26555|0x5a7d44573|20|114789480780
26555|0xda7d44573|21|219624137437
26555|0xda7d44573|22|432827080011
26555|0xda7d44573|23|866774661020
26555|0xda7d44573|24|1741006308384
27019|0xf623|1|209235
27019|0xf623|2|453252
27019|0x2f623|3|972127
27019|0x2f623|4|2048100
27019|0x2f623|5|4027700
27019|0x12f623|6|8337129
27019|0x12f623|7|16486424
27019|0x52f623|8|33052246
27019|0x52f623|9|66097696
27019|0x52f623|10|132134341
27019|0x52f623|11|264084757
27019|0x452f623|12|528687054
27019|0x452f623|13|1056631062
27019|0x452f623|14|2115058353
27019|0x2452f623|15|4106683480
27019|0x6452f623|16|7453944946
27019|0xe452f623|17|15008434167
27019|0xe452f623|18|27448074577
27019|0x2e452f623|19|58494633628
27019|0x2e452f623|20|113469966189
27019|0xae452f623|21|219670808073
27019|0x1ae452f623|22|432485259798
27019|0x1ae452f623|23|867150212429
27019|0x5ae452f623|24|1738958749556
27131|0x3933|1|233347
27131|0x3933|2|453690
27131|0x23933|3|973524
27131|0x63933|4|2037249
27131|0x63933|5|4018802
27131|0x163933|6|8233422
27131|0x163933|7|16546555
27131|0x563933|8|32937363
27131|0x563933|9|66071418
27131|0x563933|10|132445265
27131|0x2563933|11|264272216
27131|0x2563933|12|528607962
27131|0xa563933|13|1025609677
27131|0xa563933|14|2114789222
27131|0xa563933|15|3578621628
27131|0xa563933|16|8460791609
27131|0x8a563933|17|14652461595
27131|0x18a563933|18|27550053772
27131|0x18a563933|19|54630836299
27131|0x18a563933|20|108296871986
27131|0x18a563933|21|220394017822
27131|0x18a563933|22|432152773778
27131|0x18a563933|23|866356508502
27131|0x418a563933|24|1736108216966
27243|0xf243|1|489653
27243|0x1f243|2|704887
27243|0x1f243|3|990078
27243|0x1f243|4|2039258
27243|0x1f243|5|4009570
27243|0x1f243|6|8195753
27243|0x21f243|7|16434842
27243|0x21f243|8|32796338
27243|0xa1f243|9|65815554
27243|0xa1f243|10|131678418
27243|0x2a1f243|11|263647246
27243|0x2a1f243|12|526669879
27243|0xaa1f243|13|1053565129
27243|0xaa1f243|14|2107399547
27243|0xaa1f243|15|4215785314
27243|0xaa1f243|16|7425588881
27243|0x8aa1f243|17|14197159652
27243|0x18aa1f243|18|27932540960
27243|0x18aa1f243|19|56452199514
27243|0x58aa1f243|20|110801373389
27243|0xd8aa1f243|21|218505674133
27243|0x1d8aa1f243|22|432340551099
27243|0x1d8aa1f243|23|865073779151
27243|0x5d8aa1f243|24|1743992000376
27355|0x8153|1|209562
27355|0x18153|2|454947
27355|0x38153|3|913759
27355|0x78153|4|1950078
27355|0xf8153|5|4191838
27355|0x1f8153|6|8212078
27355|0x1f8153|7|16333406
27355|0x1f8153|8|33087075
27355|0x9f8153|9|66033548
27355|0x9f8153|10|132303312
27355|0x9f8153|11|264810365
27355|0x49f8153|12|529028889
27355|0x49f8153|13|849240742
27355|0x49f8153|14|2106392927
27355|0x49f8153|15|4233312626
27355|0x49f8153|16|7542941286
27355|0x49f8153|17|13527206740
27355|0x49f8153|18|27558340751
27355|0x2049f8153|19|55365312865
27355|0x6049f8153|20|109178708601
27355|0x6049f8153|21|217644610831
27355|0x16049f8153|22|432467296041
27355|0x16049f8153|23|865904058618
27355|0x56049f8153|24|1741872332924
27467|0x4663|1|184525
27467|0x4663|2|400988
27467|0x4663|3|939314
27467|0x4663|4|2062760
27467|0x4663|5|4202650
27467|0x4663|6|8260842
27467|0x4663|7|16527394
27467|0x4663|8|32967027
27467|0x804663|9|66140093
27467|0x1804663|10|125191640
27467|0x3804663|11|264501520
27467|0x7804663|12|455630632
27467|0x7804663|13|885144799
27467|0x17804663|14|1872728470
27467|0x17804663|15|3383026115
27467|0x17804663|16|7360982464
27467|0x97804663|17|14403088444
27467|0x197804663|18|27160281206
27467|0x397804663|19|54122945495
27467|0x397804663|20|107958672157
27467|0x397804663|21|217344408550
27467|0x397804663|22|433106306432
27467|0x2397804663|23|864694914154
27467|0x6397804663|24|1742736632399
27581|0xa795|1|224068
27581|0x1a795|2|456154
27581|0x1a795|3|977694
27581|0x5a795|4|1891210
27581|0xda795|5|4215158
27581|0xda795|6|8292090
27581|0x2da795|7|16577266
27581|0x6da795|8|33165758
27581|0x6da795|9|66069140
27581|0x6da795|10|132158440
27581|0x26da795|11|264774241
27581|0x26da795|12|529979451
27581|0x26da795|13|1059157239
27581|0x26da795|14|2118424849
27581|0x226da795|15|3454861025
27581|0x626da795|16|8472764119
27581|0xe26da795|17|13872762323
27581|0x1e26da795|18|27641192964
27581|0x1e26da795|19|54094294124
27581|0x1e26da795|20|107863616785
27581|0x9e26da795|21|217577046659
27581|0x19e26da795|22|433479926136
27581|0x19e26da795|23|864943628833
27581|0x59e26da795|24|1737075556616
28071|0x6a17|1|193947
28071|0x16a17|2|403728
28071|0x16a17|3|897721
28071|0x16a17|4|2066429
28071|0x96a17|5|4180047
28071|0x196a17|6|8257511
28071|0x196a17|7|16493218
28071|0x596a17|8|33204565
28071|0xd96a17|9|66184324
28071|0xd96a17|10|132476854
28071|0xd96a17|11|265716304
28071|0xd96a17|12|530216577
28071|0xd96a17|13|1061285590
28071|0xd96a17|14|2099233735
28071|0x20d96a17|15|3706571644
28071|0x20d96a17|16|6881437421
28071|0x20d96a17|17|13470585085
28071|0x20d96a17|18|27397213341
28071|0x220d96a17|19|54917993704
28071|0x220d96a17|20|107851744915
28071|0x220d96a17|21|223752836108
28071|0x220d96a17|22|437768008840
28071|0x2220d96a17|23|864303701267
28071|0x6220d96a17|24|1738466522039
28185|0xe29|1|183582
28185|0x10e29|2|420804
28185|0x10e29|3|988131
28185|0x10e29|4|2090053
28185|0x10e29|5|3965912
28185|0x110e29|6|8243220
28185|0x110e29|7|16465985
28185|0x510e29|8|32787754
28185|0x510e29|9|65660008
28185|0x510e29|10|131210012
28185|0x510e29|11|263163512
28185|0x4510e29|12|525806969
28185|0x4510e29|13|837634845
28185|0x4510e29|14|2100679481
28185|0x4510e29|15|3569971670
28185|0x44510e29|16|7038875592
28185|0xc4510e29|17|13593404666
28185|0xc4510e29|18|27517065366
28185|0x2c4510e29|19|54521407268
28185|0x2c4510e29|20|108660866380
28185|0x2c4510e29|21|217014593251
28185|0x2c4510e29|22|434915426800
28185|0x22c4510e29|23|862868282350
28185|0x62c4510e29|24|1737858646573
28303|0xf06f|1|210823
28303|0xf06f|2|460307
28303|0x2f06f|3|989490
28303|0x6f06f|4|2094027
28303|0x6f06f|5|4027621
28303|0x16f06f|6|8301633
28303|0x36f06f|7|16631936
28303|0x36f06f|8|33047818
28303|0x36f06f|9|66353841
28303|0x36f06f|10|132477399
28303|0x236f06f|11|216376855
28303|0x236f06f|12|530620613
28303|0xa36f06f|13|1062993599
28303|0x1a36f06f|14|2124243460
28303|0x1a36f06f|15|3587984507
28303|0x5a36f06f|16|6974803812
28303|0x5a36f06f|17|14511082881
28303|0x5a36f06f|18|26994068829
28303|0x25a36f06f|19|55425120213
28303|0x65a36f06f|20|108917789931
28303|0x65a36f06f|21|218173743124
28303|0x165a36f06f|22|437376136146
28303|0x165a36f06f|23|866296566321
28303|0x565a36f06f|24|1739491595940
28415|0x90ff|1|204516
28415|0x90ff|2|460949
28415|0x290ff|3|990950
28415|0x690ff|4|2098959
28415|0xe90ff|5|4034126
28415|0x1e90ff|6|8238670
28415|0x1e90ff|7|16708663
28415|0x5e90ff|8|33203154
28415|0xde90ff|9|66315803
28415|0xde90ff|10|132911182
28415|0xde90ff|11|265127392
28415|0xde90ff|12|525139110
28415|0xde90ff|13|1061862916
28415|0xde90ff|14|1724074928
28415|0xde90ff|15|3394118336
28415|0xde90ff|16|8469324308
28415|0x80de90ff|17|13758351748
28415|0x80de90ff|18|27235366064
28415|0x80de90ff|19|55292389563
28415|0x80de90ff|20|109335342520
28415|0x80de90ff|21|218514959337
28415|0x80de90ff|22|434792755295
28415|0x2080de90ff|23|862720642111
28415|0x6080de90ff|24|1736205572219
28527|0xcf8f|1|211893
28527|0x1cf8f|2|461261
28527|0x1cf8f|3|992603
28527|0x1cf8f|4|2129009
28527|0x9cf8f|5|3979086
28527|0x9cf8f|6|8198198
28527|0x9cf8f|7|16425755
28527|0x49cf8f|8|32927195
28527|0x49cf8f|9|65855652
28527|0x149cf8f|10|131873922
28527|0x149cf8f|11|263315100
28527|0x149cf8f|12|526916128
28527|0x149cf8f|13|951327221
28527|0x1149cf8f|14|2108127033
28527|0x1149cf8f|15|3656002291
28527|0x1149cf8f|16|8502371388
28527|0x9149cf8f|17|13951105035
28527|0x9149cf8f|18|27390354632
28527|0x29149cf8f|19|54672626811
28527|0x69149cf8f|20|110368751330
28527|0xe9149cf8f|21|216934129459
28527|0x1e9149cf8f|22|433758845227
28527|0x1e9149cf8f|23|862992230601
28527|0x5e9149cf8f|24|1747302069832
28637|0x6075|1|562443
28637|0x6075|2|817247
28637|0x26075|3|874207
28637|0x26075|4|2031412
28637|0x26075|5|4210711
28637|0x26075|6|8114425
28637|0x226075|7|16475629
28637|0x226075|8|33049947
28637|0xa26075|9|65980503
28637|0xa26075|10|132528418
28637|0xa26075|11|265183021
28637|0x4a26075|12|529549480
28637|0xca26075|13|1058496409
28637|0x1ca26075|14|2117529412
28637|0x3ca26075|15|3480984810
28637|0x7ca26075|16|7170836793
28637|0x7ca26075|17|13855800341
28637|0x7ca26075|18|27186837000
28637|0x27ca26075|19|54672208431
28637|0x27ca26075|20|113259575957
28637|0x27ca26075|21|216747700133
28637|0x127ca26075|22|433390591806
28637|0x127ca26075|23|864234596638
28637|0x127ca26075|24|1740368491306
29113|0x4489|1|212418
29113|0x4489|2|462430
29113|0x24489|3|1021869
29113|0x64489|4|2099204
29113|0xe4489|5|4043191
29113|0x1e4489|6|8309025
29113|0x3e4489|7|16592654
29113|0x7e4489|8|33060925
29113|0xfe4489|9|66450132
29113|0xfe4489|10|132742560
29113|0xfe4489|11|265164025
29113|0x4fe4489|12|530653877
29113|0xcfe4489|13|1060165023
29113|0xcfe4489|14|1814340480
29113|0x2cfe4489|15|4260109873
29113|0x6cfe4489|16|7139863887
29113|0x6cfe4489|17|13675645285
29113|0x16cfe4489|18|27351504878
29113|0x16cfe4489|19|55547555995
29113|0x56cfe4489|20|115134946329
29113|0xd6cfe4489|21|216608307189
29113|0x1d6cfe4489|22|433137901052
29113|0x3d6cfe4489|23|866669859597
29113|0x3d6cfe4489|24|1741384043721
29231|0x14cf|1|212974
29231|0x14cf|2|465017
29231|0x14cf|3|999978
29231|0x14cf|4|2045291
29231|0x814cf|5|3994984
29231|0x814cf|6|8247871
29231|0x814cf|7|16590830
29231|0x4814cf|8|33304766
29231|0xc814cf|9|66604943
29231|0xc814cf|10|133211608
29231|0x2c814cf|11|266111318
29231|0x6c814cf|12|532754749
29231|0xec814cf|13|1065583663
29231|0x1ec814cf|14|2119684149
29231|0x1ec814cf|15|4261647289
29231|0x5ec814cf|16|7413810643
29231|0xdec814cf|17|16524554035
29231|0xdec814cf|18|27314401821
29231|0x2dec814cf|19|54912506035
29231|0x6dec814cf|20|108462134107
29231|0xedec814cf|21|217089320898
29231|0x1edec814cf|22|432814871036
29231|0x3edec814cf|23|864233667065
29231|0x7edec814cf|24|1736618308729
29343|0x295f|1|212889
29343|0x295f|2|616031
29343|0x2295f|3|1003670
29343|0x6295f|4|2026095
29343|0x6295f|5|3992418
29343|0x6295f|6|8245432
29343|0x6295f|7|16637205
29343|0x46295f|8|33005975
29343|0x46295f|9|66400683
29343|0x46295f|10|133612106
29343|0x246295f|11|266346273
29343|0x246295f|12|532941022
29343|0xa46295f|13|1065822916
29343|0xa46295f|14|2132064902
29343|0x2a46295f|15|3537119541
29343|0x2a46295f|16|6788019796
29343|0xaa46295f|17|13494343927
29343|0x1aa46295f|18|27607919407
29343|0x1aa46295f|19|55866012279
29343|0x5aa46295f|20|110976891268
29343|0xdaa46295f|21|217174052132
29343|0x1daa46295f|22|434012167487
29343|0x1daa46295f|23|864715480280
29343|0x5daa46295f|24|1738733014571
29451|0x40a3|1|235062
29451|0x40a3|2|466365
29451|0x40a3|3|1004836
29451|0x440a3|4|2028772
29451|0xc40a3|5|4119312
29451|0x1c40a3|6|8355784
29451|0x1c40a3|7|16652397
29451|0x5c40a3|8|33167510
29451|0x5c40a3|9|66482433
29451|0x15c40a3|10|133384037
29451|0x15c40a3|11|257638140
29451|0x15c40a3|12|532864573
29451|0x15c40a3|13|931769312
29451|0x15c40a3|14|1713024828
29451|0x15c40a3|15|4137648490
29451|0x15c40a3|16|7293460845
29451|0x815c40a3|17|15287244520
29451|0x815c40a3|18|27096458526
29451|0x2815c40a3|19|57931426242
29451|0x2815c40a3|20|109187060275
29451|0xa815c40a3|21|218663288661
29451|0x1a815c40a3|22|432942404104
29451|0x1a815c40a3|23|863416254953
29451|0x5a815c40a3|24|1737129353030
29567|0x4c7f|1|213808
29567|0x14c7f|2|467016
29567|0x34c7f|3|1006575
29567|0x34c7f|4|2054715
29567|0x34c7f|5|4027330
29567|0x34c7f|6|8309561
29567|0x34c7f|7|16597206
29567|0x34c7f|8|33347459
29567|0x34c7f|9|66639130
29567|0x1034c7f|10|133243653
29567|0x1034c7f|11|266349439
29567|0x5034c7f|12|533510491
29567|0xd034c7f|13|1066368627
29567|0x1d034c7f|14|2133233588
29567|0x3d034c7f|15|3563461669
29567|0x7d034c7f|16|8339049397
29567|0xfd034c7f|17|13554818384
29567|0xfd034c7f|18|27287390292
29567|0x2fd034c7f|19|54584743530
29567|0x6fd034c7f|20|110349011893
29567|0x6fd034c7f|21|216589278242
29567|0x6fd034c7f|22|433290524149
29567|0x26fd034c7f|23|865717572867
29567|0x26fd034c7f|24|1732616391968
29675|0x1cc3|1|622210
29675|0x1cc3|2|845129
29675|0x21cc3|3|1007668
29675|0x61cc3|4|1878412
29675|0xe1cc3|5|4173570
29675|0xe1cc3|6|8278480
29675|0x2e1cc3|7|16401176
29675|0x6e1cc3|8|33291509
29675|0x6e1cc3|9|66453019
29675|0x6e1cc3|10|132515023
29675|0x6e1cc3|11|265684685
29675|0x46e1cc3|12|531373297
29675|0xc6e1cc3|13|1061969577
29675|0xc6e1cc3|14|1801757730
29675|0x2c6e1cc3|15|4267965835
29675|0x6c6e1cc3|16|6984833847
29675|0x6c6e1cc3|17|15329553492
29675|0x16c6e1cc3|18|27215409677
29675|0x16c6e1cc3|19|66212466430
29675|0x56c6e1cc3|20|108366364216
29675|0x56c6e1cc3|21|215863745673
29675|0x156c6e1cc3|22|434050316395
29675|0x356c6e1cc3|23|863003664394
29675|0x756c6e1cc3|24|1732627952294
30143|0x7a3f|1|214563
30143|0x7a3f|2|470219
30143|0x27a3f|3|966171
30143|0x27a3f|4|1942103
30143|0xa7a3f|5|4216037
30143|0x1a7a3f|6|8286418
30143|0x3a7a3f|7|16544826
30143|0x3a7a3f|8|33455861
30143|0xba7a3f|9|66630031
30143|0x1ba7a3f|10|133737729
30143|0x1ba7a3f|11|266558761
30143|0x5ba7a3f|12|534823890
30143|0x5ba7a3f|13|1069429910
30143|0x5ba7a3f|14|1819820593
30143|0x5ba7a3f|15|3406041790
30143|0x5ba7a3f|16|6794256197
30143|0x85ba7a3f|17|13511234539
30143|0x85ba7a3f|18|34201125070
30143|0x285ba7a3f|19|55366773229
30143|0x285ba7a3f|20|108533782125
30143|0x285ba7a3f|21|216786294414
30143|0x285ba7a3f|22|431924534996
30143|0x285ba7a3f|23|862742092618
30143|0x285ba7a3f|24|1734205289568
30257|0x22d1|1|540746
30257|0x122d1|2|829620
30257|0x122d1|3|1015849
30257|0x522d1|4|2070426
30257|0xd22d1|5|4030831
30257|0x1d22d1|6|8265385
30257|0x3d22d1|7|16607213
30257|0x7d22d1|8|32968189
30257|0x7d22d1|9|66128376
30257|0x7d22d1|10|132228171
30257|0x27d22d1|11|264493172
30257|0x27d22d1|12|530261100
30257|0xa7d22d1|13|1062676385
30257|0x1a7d22d1|14|1710871712
30257|0x1a7d22d1|15|4273738778
30257|0x5a7d22d1|16|6994679436
30257|0x5a7d22d1|17|15338796005
30257|0x15a7d22d1|18|29355853016
30257|0x15a7d22d1|19|57108093282
30257|0x15a7d22d1|20|112462354559
30257|0x95a7d22d1|21|215597972914
30257|0x95a7d22d1|22|433578526344
30257|0x95a7d22d1|23|863360321550
30257|0x95a7d22d1|24|1730802953674
30363|0x7f93|1|421286
30363|0x17f93|2|471128
30363|0x37f93|3|1017667
30363|0x77f93|4|2054827
30363|0xf7f93|5|4050815
30363|0x1f7f93|6|8319569
30363|0x3f7f93|7|16696431
30363|0x7f7f93|8|33179006
30363|0x7f7f93|9|66513846
30363|0x7f7f93|10|133161048
30363|0x27f7f93|11|266579197
30363|0x27f7f93|12|532946153
30363|0xa7f7f93|13|1066361133
30363|0xa7f7f93|14|1709971866
30363|0x2a7f7f93|15|3413091969
30363|0x2a7f7f93|16|7076181633
30363|0xaa7f7f93|17|13724876992
30363|0xaa7f7f93|18|28333968537
30363|0x2aa7f7f93|19|54423591972
30363|0x6aa7f7f93|20|110403013805
30363|0x6aa7f7f93|21|225823540482
30363|0x6aa7f7f93|22|431450619228
30363|0x26aa7f7f93|23|862432732730
30363|0x26aa7f7f93|24|1730924611607
30481|0x59f1|1|208558
30481|0x159f1|2|753754
30481|0x359f1|3|1018865
30481|0x359f1|4|2076941
30481|0xb59f1|5|4039454
30481|0x1b59f1|6|8313852
30481|0x3b59f1|7|16623709
30481|0x7b59f1|8|33176353
30481|0x7b59f1|9|66654692
30481|0x17b59f1|10|133370498
30481|0x17b59f1|11|266607611
30481|0x17b59f1|12|532716970
30481|0x17b59f1|13|938231369
30481|0x117b59f1|14|2139943206
30481|0x117b59f1|15|3716647871
30481|0x117b59f1|16|8560172700
30481|0x917b59f1|17|14962795369
30481|0x917b59f1|18|27508340989
30481|0x2917b59f1|19|55239989251
30481|0x6917b59f1|20|109108139043
30481|0x6917b59f1|21|216743334820
30481|0x16917b59f1|22|432759493231
30481|0x36917b59f1|23|867944490835
30481|0x76917b59f1|24|1734399088885
30589|0xf9d5|1|530187
30589|0xf9d5|2|775749
30589|0xf9d5|3|1030075
30589|0x4f9d5|4|2061411
30589|0x4f9d5|5|4064973
30589|0x14f9d5|6|8350463
30589|0x34f9d5|7|16678507
30589|0x34f9d5|8|33191097
30589|0x34f9d5|9|66663531
30589|0x34f9d5|10|133295469
30589|0x234f9d5|11|266226701
30589|0x634f9d5|12|533183916
30589|0xe34f9d5|13|876293305
30589|0x1e34f9d5|14|2041101926
30589|0x3e34f9d5|15|4280789104
30589|0x3e34f9d5|16|6773485956
30589|0x3e34f9d5|17|13673833610
30589|0x13e34f9d5|18|27296671991
30589|0x33e34f9d5|19|54026827877
30589|0x33e34f9d5|20|108328378061
30589|0x33e34f9d5|21|216489348433
30589|0x33e34f9d5|22|432656752300
30589|0x33e34f9d5|23|865163758340
30589|0x33e34f9d5|24|1741422302105
30703|0x970f|1|189438
30703|0x1970f|2|416575
30703|0x1970f|3|1018614
30703|0x5970f|4|2083423
30703|0x5970f|5|4052254
30703|0x15970f|6|8314861
30703|0x35970f|7|16681270
30703|0x75970f|8|33183982
30703|0x75970f|9|66310620
30703|0x175970f|10|132617962
30703|0x375970f|11|265059018
30703|0x775970f|12|530846000
30703|0x775970f|13|1062060847
30703|0x775970f|14|2124005685
30703|0x2775970f|15|3710286553
30703|0x2775970f|16|7024323400
30703|0xa775970f|17|13965693406
30703|0xa775970f|18|27206267170
30703|0xa775970f|19|54076571941
30703|0x4a775970f|20|108632535332
30703|0x4a775970f|21|216651071562
30703|0x14a775970f|22|431678327204
30703|0x34a775970f|23|863680995034
30703|0x34a775970f|24|1736194108020
31171|0x3eeb|1|202338
31171|0x13eeb|2|418748
31171|0x13eeb|3|905047
31171|0x13eeb|4|2083612
31171|0x13eeb|5|4126269
31171|0x113eeb|6|8167998
31171|0x313eeb|7|16679112
31171|0x713eeb|8|33222489
31171|0x713eeb|9|66566738
31171|0x1713eeb|10|132882975
31171|0x1713eeb|11|285055930
31171|0x1713eeb|12|531155406
31171|0x1713eeb|13|1063927952
31171|0x1713eeb|14|2048029935
31171|0x21713eeb|15|3466964442
31171|0x21713eeb|16|6857408234
31171|0x21713eeb|17|13597457397
31171|0x21713eeb|18|26970908532
31171|0x21713eeb|19|54216476671
31171|0x21713eeb|20|108214529518
31171|0x821713eeb|21|216040063577
31171|0x821713eeb|22|431937751797
31171|0x821713eeb|23|863803178958
31171|0x821713eeb|24|1731289431096
31277|0xe5a5|1|190297
31277|0x1e5a5|2|418918
31277|0x3e5a5|3|980999
31277|0x3e5a5|4|2102487
31277|0x3e5a5|5|4123675
31277|0x3e5a5|6|8266346
31277|0x23e5a5|7|16773829
31277|0x63e5a5|8|33562102
31277|0x63e5a5|9|66998258
31277|0x163e5a5|10|134015830
31277|0x363e5a5|11|268264605
31277|0x763e5a5|12|453427042
31277|0xf63e5a5|13|1072620203
31277|0x1f63e5a5|14|2083219379
31277|0x3f63e5a5|15|4289442144
31277|0x7f63e5a5|16|8410471330
31277|0x7f63e5a5|17|14668221965
31277|0x7f63e5a5|18|26934858229
31277|0x7f63e5a5|19|54171343867
31277|0x47f63e5a5|20|115805655759
31277|0x47f63e5a5|21|216201070096
31277|0x47f63e5a5|22|433054617492
31277|0x47f63e5a5|23|862704630743
31277|0x47f63e5a5|24|1729293746475
31393|0xe961|1|190568
31393|0x1e961|2|419786
31393|0x1e961|3|964966
31393|0x5e961|4|2112563
31393|0x5e961|5|4161442
31393|0x15e961|6|8256727
31393|0x15e961|7|16740623
31393|0x15e961|8|33586844
31393|0x15e961|9|66968737
31393|0x115e961|10|133955046
31393|0x115e961|11|268292635
31393|0x115e961|12|536210393
31393|0x115e961|13|931793422
31393|0x115e961|14|2146858960
31393|0x2115e961|15|3617511670
31393|0x6115e961|16|7205266983
31393|0xe115e961|17|13388635026
31393|0xe115e961|18|26943442044
31393|0x2e115e961|19|54388635403
31393|0x6e115e961|20|108901221350
31393|0xee115e961|21|215742931268
31393|0xee115e961|22|432421661889
31393|0x2ee115e961|23|862905342767
31393|0x6ee115e961|24|1729778125276
31505|0xd5f1|1|216616
31505|0x1d5f1|2|477179
31505|0x3d5f1|3|1032377
31505|0x7d5f1|4|2086678
31505|0x7d5f1|5|4070461
31505|0x17d5f1|6|8355326
31505|0x37d5f1|7|16787099
31505|0x37d5f1|8|33637190
31505|0xb7d5f1|9|67128732
31505|0xb7d5f1|10|134349344
31505|0xb7d5f1|11|268107185
31505|0xb7d5f1|12|537217809
31505|0xb7d5f1|13|1061608862
31505|0xb7d5f1|14|1722787761
31505|0x20b7d5f1|15|4273308426
31505|0x20b7d5f1|16|7994516524
31505|0xa0b7d5f1|17|13431196740
31505|0x1a0b7d5f1|18|27535196944
31505|0x1a0b7d5f1|19|53959387820
31505|0x5a0b7d5f1|20|108635278878
31505|0xda0b7d5f1|21|216076764313
31505|0xda0b7d5f1|22|432859022871
31505|0x2da0b7d5f1|23|864216561563
31505|0x6da0b7d5f1|24|1730522149629
31615|0x447f|1|217283
31615|0x1447f|2|478321
31615|0x3447f|3|1034465
31615|0x3447f|4|2107255
31615|0xb447f|5|4034908
31615|0xb447f|6|8376065
31615|0xb447f|7|16783925
31615|0xb447f|8|33429885
31615|0x8b447f|9|67047814
31615|0x18b447f|10|134116861
31615|0x38b447f|11|268862013
31615|0x78b447f|12|537832556
31615|0xf8b447f|13|1074478826
31615|0xf8b447f|14|1979422698
31615|0x2f8b447f|15|3413402657
31615|0x2f8b447f|16|7219093314
31615|0xaf8b447f|17|14696145017
31615|0x1af8b447f|18|27596241594
31615|0x3af8b447f|19|54296806033
31615|0x7af8b447f|20|108986763311
31615|0xfaf8b447f|21|216003778886
31615|0xfaf8b447f|22|435197196398
31615|0x2faf8b447f|23|866127322797
31615|0x2faf8b447f|24|1742928863136
31733|0x185d|1|215086
31733|0x185d|2|494801
31733|0x185d|3|1034126
31733|0x4185d|4|2071358
31733|0x4185d|5|4062462
31733|0x4185d|6|8394424
31733|0x24185d|7|16658014
31733|0x64185d|8|33371344
31733|0xe4185d|9|66523572
31733|0xe4185d|10|133827339
31733|0x2e4185d|11|267308280
31733|0x6e4185d|12|535416210
31733|0x6e4185d|13|1042413257
31733|0x16e4185d|14|1743658936
31733|0x16e4185d|15|3382756685
31733|0x16e4185d|16|6988842777
31733|0x96e4185d|17|13620805761
31733|0x96e4185d|18|26968504508
31733|0x96e4185d|19|54066476611
31733|0x96e4185d|20|108403877179
31733|0x96e4185d|21|218967639853
31733|0x1096e4185d|22|431737484048
31733|0x3096e4185d|23|868800556795
31733|0x3096e4185d|24|1737554185976
32183|0xf007|1|215775
32183|0x1f007|2|478933
32183|0x3f007|3|964850
32183|0x7f007|4|2042151
32183|0x7f007|5|4249681
32183|0x7f007|6|8359271
32183|0x27f007|7|16806602
32183|0x67f007|8|33795825
32183|0xe7f007|9|67274779
32183|0xe7f007|10|134652539
32183|0x2e7f007|11|269088809
32183|0x6e7f007|12|538669580
32183|0x6e7f007|13|1076754110
32183|0x16e7f007|14|2088365369
32183|0x36e7f007|15|3657344067
32183|0x36e7f007|16|7223314662
32183|0xb6e7f007|17|13988856261
32183|0xb6e7f007|18|26916037753
32183|0x2b6e7f007|19|54177624876
32183|0x2b6e7f007|20|108353502007
32183|0x2b6e7f007|21|217027323381
32183|0x2b6e7f007|22|432416159760
32183|0x2b6e7f007|23|864162766244
32183|0x42b6e7f007|24|1733546680838
32297|0xfe19|1|216440
32297|0x1fe19|2|479121
32297|0x3fe19|3|1041604
32297|0x7fe19|4|2130952
32297|0xffe19|5|4097640
32297|0xffe19|6|8373578
32297|0x2ffe19|7|16784763
32297|0x6ffe19|8|33619790
32297|0x6ffe19|9|67116076
32297|0x16ffe19|10|134402739
32297|0x36ffe19|11|269362249
32297|0x76ffe19|12|538513732
32297|0x76ffe19|13|1076250255
32297|0x176ffe19|14|2153336186
32297|0x376ffe19|15|4303987786
32297|0x376ffe19|16|7176045040
32297|0x376ffe19|17|13967973901
32297|0x376ffe19|18|30550466321
32297|0x2376ffe19|19|53964128064
32297|0x6376ffe19|20|108413273497
32297|0xe376ffe19|21|216789648210
32297|0x1e376ffe19|22|432249535179
32297|0x3e376ffe19|23|862412586685
32297|0x7e376ffe19|24|1733084880776
32407|0xe127|1|216963
32407|0xe127|2|482454
32407|0x2e127|3|1045510
32407|0x6e127|4|2131264
32407|0x6e127|5|4246877
32407|0x6e127|6|8376116
32407|0x26e127|7|16688592
32407|0x66e127|8|33630581
32407|0xe6e127|9|67309914
32407|0x1e6e127|10|134549047
32407|0x3e6e127|11|268919914
32407|0x3e6e127|12|538489290
32407|0x3e6e127|13|1077173089
32407|0x13e6e127|14|2154088714
32407|0x33e6e127|15|4157606694
32407|0x73e6e127|16|8049138605
32407|0x73e6e127|17|13643951049
32407|0x73e6e127|18|27684494963
32407|0x73e6e127|19|54074728039
32407|0x73e6e127|20|107905343192
32407|0x73e6e127|21|215777891162
32407|0x1073e6e127|22|433122926727
32407|0x1073e6e127|23|861651088919
32407|0x5073e6e127|24|1727160166293
32515|0x63ab|1|218771
32515|0x163ab|2|508410
32515|0x363ab|3|1046605
32515|0x763ab|4|2113264
32515|0xf63ab|5|4113752
32515|0xf63ab|6|8394795
32515|0x2f63ab|7|16834382
32515|0x2f63ab|8|33624809
32515|0x2f63ab|9|67235795
32515|0x12f63ab|10|134601649
32515|0x32f63ab|11|269151093
32515|0x72f63ab|12|538732316
32515|0xf2f63ab|13|1077593037
32515|0x1f2f63ab|14|1837575852
32515|0x3f2f63ab|15|3894627915
32515|0x7f2f63ab|16|7220882333
32515|0x7f2f63ab|17|14668124781
32515|0x7f2f63ab|18|28995149009
32515|0x27f2f63ab|19|53934455621
32515|0x27f2f63ab|20|108006389631
32515|0x27f2f63ab|21|215815265091
32515|0x27f2f63ab|22|432020306944
32515|0x227f2f63ab|23|862928397047
32515|0x227f2f63ab|24|1728599114040
32629|0x18dd|1|216752
32629|0x118dd|2|483868
32629|0x318dd|3|963900
32629|0x318dd|4|2046665
32629|0x318dd|5|4276049
32629|0x318dd|6|8339306
32629|0x318dd|7|16726458
32629|0x4318dd|8|33658666
32629|0x4318dd|9|67256898
32629|0x4318dd|10|134325330
32629|0x4318dd|11|269631940
32629|0x4318dd|12|539332994
32629|0x84318dd|13|872959165
32629|0x184318dd|14|1801932082
32629|0x384318dd|15|4311729358
32629|0x384318dd|16|8603318682
32629|0x384318dd|17|14654533053
32629|0x1384318dd|18|28031369236
32629|0x1384318dd|19|54123384983
32629|0x1384318dd|20|113341085541
32629|0x9384318dd|21|215969177832
32629|0x9384318dd|22|431591177408
32629|0x29384318dd|23|863811462873
32629|0x69384318dd|24|1727816725676
32741|0xa5ed|1|216829
32741|0x1a5ed|2|482078
32741|0x3a5ed|3|1049653
32741|0x7a5ed|4|2120574
32741|0xfa5ed|5|4130960
32741|0x1fa5ed|6|8413921
32741|0x3fa5ed|7|16834339
32741|0x7fa5ed|8|33578342
32741|0xffa5ed|9|67582241
32741|0xffa5ed|10|134134234
32741|0xffa5ed|11|269667530
32741|0xffa5ed|12|539199066
32741|0x8ffa5ed|13|1006764565
32741|0x8ffa5ed|14|2156937095
32741|0x28ffa5ed|15|3445382335
32741|0x28ffa5ed|16|6903408534
32741|0xa8ffa5ed|17|13491944541
32741|0xa8ffa5ed|18|27589075656
32741|0x2a8ffa5ed|19|55349183749
32741|0x2a8ffa5ed|20|109157609895
32741|0xaa8ffa5ed|21|215814809339
32741|0xaa8ffa5ed|22|431085904473
32741|0x2aa8ffa5ed|23|860798844701
32741|0x2aa8ffa5ed|24|1714518829336
33049|0x14b29|1|366113
33049|0x14b29|2|874030
33049|0x14b29|3|1892960
33049|0x14b29|4|3741136
33049|0x14b29|5|7796412
33049|0x14b29|6|15526057
33049|0x14b29|7|31320293
33049|0x14b29|8|51656842
33049|0x1014b29|9|124920927
33049|0x1014b29|10|250469046
33049|0x1014b29|11|500977587
33049|0x1014b29|12|1002317226
33049|0x1014b29|13|1978059567
33049|0x1014b29|14|3592621092
33049|0x41014b29|15|7156234882
33049|0x41014b29|16|14690859948
33049|0x41014b29|17|26715278343
33049|0x41014b29|18|53577538533
33049|0x41014b29|19|120369120494
33049|0x841014b29|20|224649608730
33049|0x1841014b29|21|441381095858
33049|0x3841014b29|22|875289940068
33049|0x7841014b29|23|1771222137392
33049|0xf841014b29|24|3495515329046
33161|0x44b9|1|368688
33161|0x244b9|2|894065
33161|0x244b9|3|1869698
33161|0xa44b9|4|3764369
33161|0xa44b9|5|7586294
33161|0x2a44b9|6|15385463
33161|0x6a44b9|7|30732643
33161|0xea44b9|8|61506704
33161|0xea44b9|9|123282173
33161|0x2ea44b9|10|246108878
33161|0x6ea44b9|11|493204546
33161|0x6ea44b9|12|979557982
33161|0x6ea44b9|13|1972909366
33161|0x6ea44b9|14|3945417339
33161|0x46ea44b9|15|6971415171
33161|0x46ea44b9|16|13112931919
33161|0x46ea44b9|17|26610354311
33161|0x246ea44b9|18|54522546366
33161|0x646ea44b9|19|111021390290
33161|0xe46ea44b9|20|220595735317
33161|0xe46ea44b9|21|439633664226
33161|0x2e46ea44b9|22|877666765013
33161|0x2e46ea44b9|23|1773194264011
33161|0xae46ea44b9|24|3495270485526
33291|0x79a3|1|369059
33291|0x279a3|2|876126
33291|0x279a3|3|1896606
33291|0x279a3|4|3758921
33291|0x279a3|5|7590084
33291|0x2279a3|6|15351991
33291|0x6279a3|7|30725633
33291|0x6279a3|8|61642809
33291|0x6279a3|9|123557170
33291|0x26279a3|10|246686063
33291|0x66279a3|11|493792265
33291|0xe6279a3|12|987116093
33291|0xe6279a3|13|1707308485
33291|0x2e6279a3|14|3496179880
33291|0x2e6279a3|15|6989945371
33291|0x2e6279a3|16|13106343193
33291|0x2e6279a3|17|26759885193
33291|0x2e6279a3|18|54348239686
33291|0x2e6279a3|19|110293354218
33291|0x2e6279a3|20|220056192013
33291|0x102e6279a3|21|440086095706
33291|0x102e6279a3|22|875003550542
33291|0x502e6279a3|23|1773348762985
33291|0x502e6279a3|24|3496511756667
33383|0x17957|1|323149
33383|0x37957|2|818130
33383|0x77957|3|1952223
33383|0x77957|4|3655128
33383|0x77957|5|7691129
33383|0x277957|6|12427550
33383|0x277957|7|30504161
33383|0xa77957|8|61078910
33383|0x1a77957|9|121959388
33383|0x3a77957|10|244418223
33383|0x7a77957|11|488760006
33383|0x7a77957|12|977289993
33383|0x7a77957|13|1885686338
33383|0x27a77957|14|3227793306
33383|0x27a77957|15|7825673159
33383|0x27a77957|16|13343925725
33383|0x127a77957|17|28498811807
33383|0x327a77957|18|55579250701
33383|0x327a77957|19|109886122599
33383|0xb27a77957|20|220532214425
33383|0xb27a77957|21|441021566246
33383|0x2b27a77957|22|875263170458
33383|0x2b27a77957|23|1771418947387
33383|0xab27a77957|24|3500836876746
33501|0x16575|1|325141
33501|0x36575|2|772381
33501|0x76575|3|1819803
33501|0xf6575|4|3759524
33501|0x1f6575|5|7639680
33501|0x3f6575|6|15167116
33501|0x7f6575|7|30506019
33501|0xff6575|8|61072820
33501|0xff6575|9|122101530
33501|0x2ff6575|10|244248138
33501|0x2ff6575|11|488967992
33501|0xaff6575|12|977851956
33501|0x1aff6575|13|1955430895
33501|0x1aff6575|14|3910681879
33501|0x1aff6575|15|7821186424
33501|0x1aff6575|16|13931712314
33501|0x11aff6575|17|27910199332
33501|0x31aff6575|18|54386909744
33501|0x71aff6575|19|109700844674
33501|0xf1aff6575|20|218883740493
33501|0xf1aff6575|21|449337624257
33501|0xf1aff6575|22|875811567141
33501|0x4f1aff6575|23|1770162624397
33501|0x4f1aff6575|24|3494161464872
33613|0x6d85|1|359273
33613|0x6d85|2|878573
33613|0x46d85|3|1900656
33613|0x46d85|4|3711953
33613|0x46d85|5|7595212
33613|0x246d85|6|15244468
33613|0x246d85|7|30572734
33613|0x246d85|8|61205291
33613|0x1246d85|9|121966440
33613|0x1246d85|10|244581167
33613|0x5246d85|11|488938618
33613|0x5246d85|12|977619323
33613|0x15246d85|13|1955202060
33613|0x15246d85|14|3910348861
33613|0x15246d85|15|6556515067
33613|0x15246d85|16|15730822855
33613|0x15246d85|17|29516952764
33613|0x15246d85|18|53164508770
33613|0x15246d85|19|107146953145
33613|0x815246d85|20|219686747614
33613|0x815246d85|21|439559817086
33613|0x815246d85|22|875242712524
33613|0x4815246d85|23|1771382387635
33613|0xc815246d85|24|3498315289704
33717|0x929d|1|354177
33717|0x2929d|2|879635
33717|0x2929d|3|1933493
33717|0xa929d|4|3765726
33717|0xa929d|5|7628207
33717|0xa929d|6|15386364
33717|0xa929d|7|30777198
33717|0x8a929d|8|61477170
33717|0x18a929d|9|123543473
33717|0x18a929d|10|246556228
33717|0x18a929d|11|493124650
33717|0x18a929d|12|986418004
33717|0x18a929d|13|1973695058
33717|0x18a929d|14|3478736531
33717|0x18a929d|15|6840638525
33717|0x18a929d|16|14278965742
33717|0x1018a929d|17|28890082986
33717|0x1018a929d|18|54487662759
33717|0x1018a929d|19|111540048416
33717|0x1018a929d|20|221235082302
33717|0x1018a929d|21|438462033111
33717|0x1018a929d|22|874231592468
33717|0x1018a929d|23|2596868921446
33717|0x81018a929d|24|5698687569560
34063|0x1c9ef|1|636569
34063|0x1c9ef|2|1387072
34063|0x5c9ef|3|3071010
34063|0x5c9ef|4|6317677
34063|0x5c9ef|5|12647917
34063|0x5c9ef|6|24467589
34063|0x45c9ef|7|48820874
34063|0x45c9ef|8|102193586
34063|0x45c9ef|9|200711272
34063|0x245c9ef|10|409304111
34063|0x645c9ef|11|818109752
34063|0x645c9ef|12|1636391529
34063|0x645c9ef|13|2731167887
34063|0x2645c9ef|14|6425092709
34063|0x2645c9ef|15|11153228349
34063|0xa645c9ef|16|24520728845
34063|0xa645c9ef|17|44429795426
34063|0xa645c9ef|18|91927997228
34063|0x4a645c9ef|19|184253850686
34063|0xca645c9ef|20|363912269970
34063|0xca645c9ef|21|715218088190
34063|0x2ca645c9ef|22|1427516000997
34063|0x2ca645c9ef|23|2849170292417
34063|0x2ca645c9ef|24|5696221290686
34263|0x13de7|1|584278
34263|0x13de7|2|1389962
34263|0x53de7|3|3074695
34263|0x53de7|4|6327116
34263|0x153de7|5|12682376
34263|0x153de7|6|25523771
34263|0x153de7|7|51099404
34263|0x153de7|8|102111744
34263|0x1153de7|9|204499580
34263|0x3153de7|10|409221783
34263|0x3153de7|11|818491849
34263|0x3153de7|12|1636868502
34263|0x3153de7|13|3049866301
34263|0x23153de7|14|5798976134
34263|0x23153de7|15|12458557990
34263|0xa3153de7|16|23996948116
34263|0x1a3153de7|17|44211894158
34263|0x3a3153de7|18|90196639933
34263|0x3a3153de7|19|178804211458
34263|0xba3153de7|20|355992414188
34263|0xba3153de7|21|714525120505
34263|0xba3153de7|22|1423893983782
34263|0xba3153de7|23|2847289595348
34263|0x8ba3153de7|24|5696133276156
34427|0x68b3|1|579371
34427|0x68b3|2|1393348
34427|0x68b3|3|3079449
34427|0x68b3|4|6346474
34427|0x68b3|5|12703290
34427|0x68b3|6|25412824
34427|0x68b3|7|51039679
34427|0x68b3|8|102254183
34427|0x10068b3|9|204689358
34427|0x30068b3|10|409170925
34427|0x30068b3|11|818575271
34427|0xb0068b3|12|1637156217
34427|0xb0068b3|13|3274527977
34427|0xb0068b3|14|5732236404
34427|0xb0068b3|15|13099397430
34427|0x8b0068b3|16|22721665962
34427|0x18b0068b3|17|44773361834
34427|0x18b0068b3|18|95444564581
34427|0x18b0068b3|19|178317062100
34427|0x18b0068b3|20|356920060278
34427|0x18b0068b3|21|711062755543
34427|0x18b0068b3|22|1422568888383
34427|0x18b0068b3|23|2855313204007
34427|0x818b0068b3|24|5693653304919
34615|0x1de87|1|580338
34615|0x1de87|2|1394427
34615|0x1de87|3|3084598
34615|0x1de87|4|6347059
34615|0x1de87|5|12743227
34615|0x1de87|6|25468189
34615|0x41de87|7|51141304
34615|0xc1de87|8|102283560
34615|0xc1de87|9|204570498
34615|0x2c1de87|10|409385859
34615|0x6c1de87|11|818668704
34615|0x6c1de87|12|1637890340
34615|0x16c1de87|13|3275291191
34615|0x36c1de87|14|6550924798
34615|0x36c1de87|15|13102163028
34615|0x36c1de87|16|26204984861
34615|0x36c1de87|17|52409075110
34615|0x36c1de87|18|92690794449
34615|0x436c1de87|19|181355941877
34615|0xc36c1de87|20|356355041915
34615|0xc36c1de87|21|715191152854
34615|0xc36c1de87|22|1432444179732
34615|0xc36c1de87|23|2865404085665
34615|0x8c36c1de87|24|5693635257386
34793|0xc059|1|586703
34793|0x2c059|2|1396316
34793|0x2c059|3|3093684
34793|0x2c059|4|6375627
34793|0x12c059|5|12749022
34793|0x12c059|6|25527814
34793|0x12c059|7|51100518
34793|0x92c059|8|102344639
34793|0x192c059|9|204693268
34793|0x392c059|10|379726106
34793|0x792c059|11|818947999
34793|0xf92c059|12|1638080374
34793|0x1f92c059|13|3276360363
34793|0x3f92c059|14|6553205424
34793|0x7f92c059|15|11033761344
34793|0xff92c059|16|22123237931
34793|0x1ff92c059|17|45506420888
34793|0x1ff92c059|18|89325624772
34793|0x1ff92c059|19|178174637759
34793|0x9ff92c059|20|360021928547
34793|0x9ff92c059|21|714196131778
34793|0x29ff92c059|22|1423412112677
34793|0x29ff92c059|23|2860584548511
34793|0x29ff92c059|24|5691332964408
35183|0xf58f|1|592949
35183|0xf58f|2|1401054
35183|0x4f58f|3|3109373
35183|0x4f58f|4|6227752
35183|0x14f58f|5|12651888
35183|0x14f58f|6|25496585
35183|0x14f58f|7|51217165
35183|0x94f58f|8|102311017
35183|0x94f58f|9|204685897
35183|0x94f58f|10|409683447
35183|0x94f58f|11|819495174
35183|0x894f58f|12|1639136509
35183|0x1894f58f|13|3278318392
35183|0x3894f58f|14|5799911759
35183|0x7894f58f|15|13113455191
35183|0x7894f58f|16|26227846161
35183|0x7894f58f|17|52457514553
35183|0x7894f58f|18|97616092220
35183|0x47894f58f|19|178240667501
35183|0xc7894f58f|20|357803055355
35183|0x1c7894f58f|21|711756245810
35183|0x3c7894f58f|22|1422703699816
35183|0x7c7894f58f|23|2866909446833
35183|0xfc7894f58f|24|5690268718527
35375|0xfccf|1|586092
35375|0x2fccf|2|1419485
35375|0x6fccf|3|3098778
35375|0x6fccf|4|6265924
35375|0x16fccf|5|12729839
35375|0x16fccf|6|25569495
35375|0x16fccf|7|51120718
35375|0x96fccf|8|85072108
35375|0x96fccf|9|204842854
35375|0x96fccf|10|409856826
35375|0x96fccf|11|819872666
35375|0x96fccf|12|1639753663
35375|0x96fccf|13|3279765904
35375|0x96fccf|14|6559430458
35375|0x96fccf|15|13118856548
35375|0x8096fccf|16|26238255045
35375|0x18096fccf|17|43826229295
35375|0x18096fccf|18|93386660385
35375|0x18096fccf|19|179437286880
35375|0x98096fccf|20|361085419807
35375|0x198096fccf|21|712247647306
35375|0x198096fccf|22|1422333928486
35375|0x198096fccf|23|2868031671200
35375|0x198096fccf|24|5690774212195
35551|0x1b11f|1|585397
35551|0x1b11f|2|1423833
35551|0x5b11f|3|3136499
35551|0x5b11f|4|6255101
35551|0x15b11f|5|12723420
35551|0x35b11f|6|25473021
35551|0x75b11f|7|51096195
35551|0x75b11f|8|102334218
35551|0x75b11f|9|184411960
35551|0x75b11f|10|409864957
35551|0x75b11f|11|820029248
35551|0x875b11f|12|1579111410
35551|0x1875b11f|13|3280783177
35551|0x1875b11f|14|6561615166
35551|0x5875b11f|15|11715683931
35551|0xd875b11f|16|22916754104
35551|0xd875b11f|17|52491444935
35551|0xd875b11f|18|97683322507
35551|0x4d875b11f|19|188344854288
35551|0xcd875b11f|20|356465555769
35551|0xcd875b11f|21|712997890588
35551|0x2cd875b11f|22|1421606303138
35551|0x6cd875b11f|23|2861677800779
35551|0xecd875b11f|24|5686034656745
35733|0x67bd|1|581079
35733|0x67bd|2|1406635
35733|0x67bd|3|3124096
35733|0x67bd|4|6273900
35733|0x1067bd|5|12750050
35733|0x3067bd|6|25514999
35733|0x3067bd|7|51230788
35733|0xb067bd|8|102387815
35733|0x1b067bd|9|205098818
35733|0x1b067bd|10|410149711
35733|0x5b067bd|11|820412610
35733|0xdb067bd|12|1640776125
35733|0xdb067bd|13|3281908071
35733|0xdb067bd|14|6563264627
35733|0x4db067bd|15|13127421192
35733|0x4db067bd|16|26254450780
35733|0x4db067bd|17|52508663352
35733|0x4db067bd|18|90057516813
35733|0x44db067bd|19|179092700166
35733|0x44db067bd|20|358791382781
35733|0x144db067bd|21|712616045201
35733|0x144db067bd|22|1423124197587
35733|0x144db067bd|23|2861837054669
35733|0x144db067bd|24|5685029080986
