81|0xb1|1|19901577
81|0xb1|2|9851
81|0xb1|3|12390
81|0xb1|4|17112
81|0x8b1|5|26970
81|0x8b1|6|45995
81|0x8b1|7|84546
81|0x48b1|8|161728
81|0x48b1|9|321282
81|0x148b1|10|618908
81|0x148b1|11|1275618
81|0x148b1|12|2519343
81|0x948b1|13|5062443
81|0x1948b1|14|14102114
81|0x1948b1|15|36169354
81|0x1948b1|16|71860755
81|0x1948b1|17|79249530
81|0x1948b1|18|158442046
81|0x1948b1|19|315102912
81|0x1948b1|20|631312239
81|0x81948b1|21|1259038137
81|0x181948b1|22|2521210323
81|0x381948b1|23|5038685220
81|0x781948b1|24|10074754936
9021|0x4c15|1|161154
9021|0x4c15|2|361234
9021|0x14c15|3|788893
9021|0x34c15|4|1638519
9021|0x34c15|5|3198589
9021|0x34c15|6|6496826
9021|0x134c15|7|12935246
9021|0x134c15|8|26009479
9021|0x134c15|9|51852923
9021|0x134c15|10|103405858
9021|0x134c15|11|206147089
9021|0x134c15|12|411861809
9021|0x134c15|13|824982773
9021|0x8134c15|14|1358577662
9021|0x18134c15|15|2849019582
9021|0x38134c15|16|5698991600
9021|0x38134c15|17|11090588467
9021|0x38134c15|18|21652174667
9021|0x38134c15|19|44160821078
9021|0x38134c15|20|87055506561
9021|0x38134c15|21|183140924393
9021|0x838134c15|22|356891878248
9021|0x838134c15|23|712851052022
9021|0x2838134c15|24|1425992644567
9199|0x6b0f|1|160244
9199|0x6b0f|2|364206
9199|0x16b0f|3|796249
9199|0x36b0f|4|1615493
9199|0x76b0f|5|3206496
9199|0x76b0f|6|6394657
9199|0x176b0f|7|12837787
9199|0x176b0f|8|25737850
9199|0x176b0f|9|51506553
9199|0x976b0f|10|102977347
9199|0x1976b0f|11|205948878
9199|0x1976b0f|12|412090414
9199|0x1976b0f|13|823904426
9199|0x1976b0f|14|1648047865
9199|0x11976b0f|15|2705723512
9199|0x31976b0f|16|5656513603
9199|0x31976b0f|17|10974970352
9199|0x31976b0f|18|21618729964
9199|0x31976b0f|19|43211736643
9199|0x231976b0f|20|89253231134
9199|0x631976b0f|21|183599863113
9199|0x631976b0f|22|356538254828
9199|0x1631976b0f|23|712776134281
9199|0x1631976b0f|24|1425752774290
10145|0x7c61|1|164077
10145|0x7c61|2|376582
10145|0x17c61|3|783905
10145|0x37c61|4|1593547
10145|0x77c61|5|3212538
10145|0xf7c61|6|6445845
10145|0x1f7c61|7|12954811
10145|0x1f7c61|8|25932078
10145|0x5f7c61|9|51924993
10145|0x5f7c61|10|103700429
10145|0x5f7c61|11|207367495
10145|0x5f7c61|12|386579752
10145|0x5f7c61|13|829576158
10145|0x85f7c61|14|1659467132
10145|0x185f7c61|15|2899475774
10145|0x385f7c61|16|5684109437
10145|0x385f7c61|17|11062007905
10145|0x385f7c61|18|21898462855
10145|0x385f7c61|19|44555596827
10145|0x2385f7c61|20|88663298091
10145|0x6385f7c61|21|177956006446
10145|0x6385f7c61|22|354814945920
10145|0x6385f7c61|23|708929806733
10145|0x6385f7c61|24|1419793031850
11027|0x571b|1|164554
11027|0x571b|2|340935
11027|0x571b|3|763485
11027|0x571b|4|1602636
11027|0x571b|5|3207835
11027|0x8571b|6|6531625
11027|0x8571b|7|13029240
11027|0x8571b|8|26076203
11027|0x48571b|9|52187747
11027|0x48571b|10|104322011
11027|0x48571b|11|208665521
11027|0x48571b|12|417386367
11027|0x448571b|13|834583728
11027|0xc48571b|14|1379646992
11027|0x1c48571b|15|2804192718
11027|0x1c48571b|16|6104086329
11027|0x5c48571b|17|11342008841
11027|0x5c48571b|18|22504328196
11027|0x15c48571b|19|45142052186
11027|0x35c48571b|20|88902168702
11027|0x35c48571b|21|176720526468
11027|0x35c48571b|22|353174454403
11027|0x35c48571b|23|706643546024
11027|0x35c48571b|24|1415389690088
11229|0x475|1|161964
11229|0x8475|2|341897
11229|0x8475|3|768582
11229|0x28475|4|1618220
11229|0x68475|5|3234244
11229|0x68475|6|6515293
11229|0x68475|7|13074117
11229|0x268475|8|26116331
11229|0x268475|9|52257962
11229|0xa68475|10|104485875
11229|0xa68475|11|208917326
11229|0xa68475|12|417959760
11229|0xa68475|13|835936768
11229|0x8a68475|14|1672046529
11229|0x18a68475|15|2787112224
11229|0x18a68475|16|5549996545
11229|0x58a68475|17|10835127296
11229|0xd8a68475|18|22060849711
11229|0x1d8a68475|19|45307747025
11229|0x1d8a68475|20|90148665649
11229|0x5d8a68475|21|176387796866
11229|0x5d8a68475|22|353377454128
11229|0x15d8a68475|23|705838961829
11229|0x15d8a68475|24|1411844781618
12201|0x6499|1|171354
12201|0xe499|2|378337
12201|0x1e499|3|793982
12201|0x1e499|4|1592638
12201|0x1e499|5|3255303
12201|0x9e499|6|6522649
12201|0x9e499|7|13102378
12201|0x9e499|8|26268982
12201|0x9e499|9|52643953
12201|0x89e499|10|105149972
12201|0x89e499|11|210406247
12201|0x89e499|12|420777149
12201|0x489e499|13|842626572
12201|0x489e499|14|1682890019
12201|0x1489e499|15|2763519889
12201|0x3489e499|16|6732975334
12201|0x3489e499|17|10834152010
12201|0x3489e499|18|21560105134
12201|0x3489e499|19|43457997166
12201|0x3489e499|20|86692232478
12201|0x3489e499|21|178768288856
12201|0x83489e499|22|351844381000
12201|0x183489e499|23|705733364015
12201|0x383489e499|24|1406268418765
13073|0x1df1|1|170652
13073|0x1df1|2|354957
13073|0x11df1|3|815906
13073|0x31df1|4|1660284
13073|0x71df1|5|3308447
13073|0x71df1|6|6594755
13073|0x171df1|7|13234475
13073|0x171df1|8|26448237
13073|0x171df1|9|52884436
13073|0x971df1|10|105799846
13073|0x1971df1|11|211651751
13073|0x3971df1|12|423241485
13073|0x3971df1|13|846539715
13073|0xb971df1|14|1693268776
13073|0xb971df1|15|3386955497
13073|0x2b971df1|16|5744414085
13073|0x2b971df1|17|10885715799
13073|0x2b971df1|18|21876020570
13073|0x2b971df1|19|43442217402
13073|0x22b971df1|20|88566882905
13073|0x62b971df1|21|175394706661
13073|0xe2b971df1|22|350266883746
13073|0xe2b971df1|23|700219092193
13073|0x2e2b971df1|24|1400175862554
13273|0x1c69|1|171050
13273|0x1c69|2|357009
13273|0x11c69|3|776409
13273|0x31c69|4|1589499
13273|0x71c69|5|3273523
13273|0x71c69|6|6585291
13273|0x171c69|7|13263928
13273|0x171c69|8|26505172
13273|0x571c69|9|53034371
13273|0xd71c69|10|105937073
13273|0x1d71c69|11|211911954
13273|0x3d71c69|12|423849414
13273|0x7d71c69|13|680993726
13273|0x7d71c69|14|1695599443
13273|0x7d71c69|15|2891409983
13273|0x7d71c69|16|6782541157
13273|0x7d71c69|17|10929546876
13273|0x87d71c69|18|21602225880
13273|0x187d71c69|19|44924016114
13273|0x187d71c69|20|89482615415
13273|0x587d71c69|21|175195228588
13273|0x587d71c69|22|350594084814
13273|0x587d71c69|23|700977282612
13273|0x587d71c69|24|1401962202695
14129|0x41d1|1|173381
14129|0xc1d1|2|367575
14129|0x1c1d1|3|782940
14129|0x3c1d1|4|1633379
14129|0x7c1d1|5|3303119
14129|0x7c1d1|6|6679948
14129|0x7c1d1|7|13322045
14129|0x27c1d1|8|26649997
14129|0x67c1d1|9|53257761
14129|0xe7c1d1|10|106545481
14129|0x1e7c1d1|11|213187397
14129|0x1e7c1d1|12|426287453
14129|0x1e7c1d1|13|740350223
14129|0x9e7c1d1|14|1378012680
14129|0x19e7c1d1|15|2858453640
14129|0x19e7c1d1|16|5765024113
14129|0x59e7c1d1|17|11059414601
14129|0x59e7c1d1|18|21714308666
14129|0x59e7c1d1|19|43138762379
14129|0x259e7c1d1|20|88232213478
14129|0x659e7c1d1|21|174075514242
14129|0xe59e7c1d1|22|351020941238
14129|0x1e59e7c1d1|23|698104192297
14129|0x3e59e7c1d1|24|1412684362007
14333|0x5d55|1|174001
14333|0xdd55|2|369054
14333|0xdd55|3|786922
14333|0xdd55|4|1643803
14333|0xdd55|5|3316659
14333|0x8dd55|6|6671003
14333|0x18dd55|7|13327462
14333|0x38dd55|8|26665005
14333|0x78dd55|9|53360356
14333|0x78dd55|10|106710839
14333|0x178dd55|11|213389355
14333|0x178dd55|12|426909916
14333|0x578dd55|13|753101635
14333|0x578dd55|14|1493614086
14333|0x578dd55|15|3004218478
14333|0x2578dd55|16|6807049703
14333|0x2578dd55|17|10782115630
14333|0x2578dd55|18|21744385564
14333|0x2578dd55|19|44785945306
14333|0x22578dd55|20|87891223841
14333|0x62578dd55|21|176045815888
14333|0x62578dd55|22|350962750003
14333|0x62578dd55|23|697244579594
14333|0x262578dd55|24|1393313793203
15201|0x28a1|1|176896
15201|0xa8a1|2|671402
15201|0x1a8a1|3|830747
15201|0x3a8a1|4|1620808
15201|0x3a8a1|5|3338393
15201|0x3a8a1|6|6690340
15201|0x3a8a1|7|13354079
15201|0x3a8a1|8|26830067
15201|0x43a8a1|9|53654078
15201|0xc3a8a1|10|107327476
15201|0xc3a8a1|11|214805578
15201|0x2c3a8a1|12|445320857
15201|0x6c3a8a1|13|718073269
15201|0xec3a8a1|14|1717779146
15201|0x1ec3a8a1|15|3436341679
15201|0x1ec3a8a1|16|5576377795
15201|0x5ec3a8a1|17|10979677518
15201|0x5ec3a8a1|18|21933832778
15201|0x15ec3a8a1|19|43987822987
15201|0x15ec3a8a1|20|87136505300
15201|0x55ec3a8a1|21|173520677133
15201|0x55ec3a8a1|22|346864322403
15201|0x55ec3a8a1|23|693644648533
15201|0x255ec3a8a1|24|1390338331465
15347|0x553b|1|176814
15347|0xd53b|2|377680
15347|0x1d53b|3|808888
15347|0x3d53b|4|1624400
15347|0x3d53b|5|3348658
15347|0xbd53b|6|6717041
15347|0xbd53b|7|10569609
15347|0x2bd53b|8|26809734
15347|0x6bd53b|9|53739261
15347|0xebd53b|10|107407012
15347|0xebd53b|11|214937362
15347|0x2ebd53b|12|429811906
15347|0x2ebd53b|13|787818179
15347|0x2ebd53b|14|1719616609
15347|0x2ebd53b|15|2733038904
15347|0x22ebd53b|16|5410585722
15347|0x22ebd53b|17|10973041837
15347|0xa2ebd53b|18|21972924553
15347|0x1a2ebd53b|19|43855756508
15347|0x3a2ebd53b|20|87023804280
15347|0x3a2ebd53b|21|173530923918
15347|0x3a2ebd53b|22|346835905151
15347|0x3a2ebd53b|23|694077277557
15347|0x3a2ebd53b|24|1387065297824
16183|0x2687|1|172623
16183|0xa687|2|384449
16183|0x1a687|3|847334
16183|0x3a687|4|1661244
16183|0x7a687|5|3357397
16183|0x7a687|6|6733744
16183|0x7a687|7|13446709
16183|0x27a687|8|26996580
16183|0x27a687|9|54074744
16183|0xa7a687|10|95655929
16183|0xa7a687|11|216150801
16183|0x2a7a687|12|432290646
16183|0x6a7a687|13|864701536
16183|0x6a7a687|14|1447212874
16183|0x16a7a687|15|3458777590
16183|0x36a7a687|16|6871462464
16183|0x36a7a687|17|12300149772
16183|0x36a7a687|18|21665290931
16183|0x136a7a687|19|43137529498
16183|0x336a7a687|20|87264949269
16183|0x736a7a687|21|173821902758
16183|0x736a7a687|22|345472668783
16183|0x736a7a687|23|691223839159
16183|0x736a7a687|24|1382133071780
16327|0x51f7|1|179486
16327|0xd1f7|2|386082
16327|0x1d1f7|3|827229
16327|0x3d1f7|4|1668151
16327|0x7d1f7|5|3376106
16327|0x7d1f7|6|6761786
16327|0x7d1f7|7|13507983
16327|0x7d1f7|8|27040263
16327|0x47d1f7|9|53373212
16327|0xc7d1f7|10|97824479
16327|0xc7d1f7|11|216328627
16327|0xc7d1f7|12|432763460
16327|0xc7d1f7|13|865543461
16327|0x8c7d1f7|14|1407935261
16327|0x8c7d1f7|15|2830134663
16327|0x8c7d1f7|16|5569463578
16327|0x8c7d1f7|17|12128993808
16327|0x8c7d1f7|18|21652749452
16327|0x8c7d1f7|19|46338128838
16327|0x8c7d1f7|20|86928764432
16327|0x8c7d1f7|21|174741072002
16327|0x8c7d1f7|22|345203937781
16327|0x1008c7d1f7|23|691001407987
16327|0x3008c7d1f7|24|1380351804820
16869|0x13ed|1|298579
16869|0x113ed|2|721861
16869|0x313ed|3|1526650
16869|0x313ed|4|3156750
16869|0x313ed|5|6375161
16869|0x1313ed|6|12786064
16869|0x3313ed|7|25597340
16869|0x7313ed|8|51198579
16869|0x7313ed|9|102447265
16869|0x17313ed|10|204724271
16869|0x17313ed|11|409549791
16869|0x57313ed|12|819163275
16869|0xd7313ed|13|1579765404
16869|0xd7313ed|14|3276875103
16869|0xd7313ed|15|5618334000
16869|0x4d7313ed|16|11338183148
16869|0xcd7313ed|17|21594308916
16869|0xcd7313ed|18|45435785004
16869|0x2cd7313ed|19|88934523897
16869|0x6cd7313ed|20|178315354281
16869|0x6cd7313ed|21|356912201336
16869|0x6cd7313ed|22|713940749459
16869|0x6cd7313ed|23|1427432597365
16869|0x46cd7313ed|24|2860511330153
17037|0x5045|1|298969
17037|0x5045|2|724353
17037|0x25045|3|1533110
17037|0x25045|4|3168313
17037|0xa5045|5|6338083
17037|0xa5045|6|12768961
17037|0x2a5045|7|25615424
17037|0x2a5045|8|51275262
17037|0x2a5045|9|102429790
17037|0x2a5045|10|204887796
17037|0x2a5045|11|409840873
17037|0x2a5045|12|819812072
17037|0x2a5045|13|1639879062
17037|0x2a5045|14|2852891653
17037|0x2a5045|15|5415519740
17037|0x2a5045|16|11026413088
17037|0x2a5045|17|21671033137
17037|0x1002a5045|18|46498987713
17037|0x1002a5045|19|89581583077
17037|0x1002a5045|20|178933803016
17037|0x9002a5045|21|357614790667
17037|0x9002a5045|22|713788124025
17037|0x9002a5045|23|1427401080050
17037|0x9002a5045|24|2869718186315
17213|0x2c15|1|299262
17213|0x2c15|2|702058
17213|0x2c15|3|1538819
17213|0x42c15|4|3183293
17213|0xc2c15|5|6382443
17213|0x1c2c15|6|12746453
17213|0x1c2c15|7|23690744
17213|0x5c2c15|8|51265300
17213|0xdc2c15|9|102519949
17213|0xdc2c15|10|204984311
17213|0xdc2c15|11|410128452
17213|0x4dc2c15|12|820251146
17213|0xcdc2c15|13|1442591134
17213|0x1cdc2c15|14|2763172391
17213|0x1cdc2c15|15|5886979273
17213|0x1cdc2c15|16|10925603914
17213|0x9cdc2c15|17|21659353532
17213|0x19cdc2c15|18|44134676083
17213|0x19cdc2c15|19|89507922784
17213|0x19cdc2c15|20|178231810868
17213|0x19cdc2c15|21|356981905343
17213|0x119cdc2c15|22|713309661219
17213|0x119cdc2c15|23|1427455943542
17213|0x519cdc2c15|24|2861577951380
17805|0x8545|1|301643
17805|0x18545|2|709560
17805|0x38545|3|1559265
17805|0x78545|4|3158645
17805|0x78545|5|6396813
17805|0x178545|6|12773787
17805|0x378545|7|25643892
17805|0x378545|8|51345049
17805|0xb78545|9|102740285
17805|0xb78545|10|205470055
17805|0xb78545|11|411015304
17805|0x4b78545|12|821967454
17805|0x4b78545|13|1643915095
17805|0x14b78545|14|2907463594
17805|0x34b78545|15|5417549302
17805|0x34b78545|16|11002173295
17805|0xb4b78545|17|21598256727
17805|0x1b4b78545|18|44137294202
17805|0x3b4b78545|19|88800330612
17805|0x3b4b78545|20|178180385722
17805|0x3b4b78545|21|356083328160
17805|0x3b4b78545|22|712566926458
17805|0x3b4b78545|23|1427424694007
17805|0x43b4b78545|24|2878730219574
17979|0xa2f3|1|301633
17979|0xa2f3|2|708248
17979|0xa2f3|3|1566546
17979|0x4a2f3|4|3163328
17979|0x4a2f3|5|6442062
17979|0x4a2f3|6|12825758
17979|0x24a2f3|7|25650699
17979|0x24a2f3|8|51430593
17979|0x24a2f3|9|102768963
17979|0x124a2f3|10|205936784
17979|0x124a2f3|11|394074510
17979|0x124a2f3|12|822416079
17979|0x924a2f3|13|1546803697
17979|0x924a2f3|14|2826520340
17979|0x2924a2f3|15|5420830838
17979|0x2924a2f3|16|10788482036
17979|0xa924a2f3|17|21658148038
17979|0x1a924a2f3|18|44117837310
17979|0x3a924a2f3|19|88818483954
17979|0x3a924a2f3|20|177738052447
17979|0xba924a2f3|21|356605251827
17979|0x1ba924a2f3|22|713008244704
17979|0x3ba924a2f3|23|1424405333195
17979|0x3ba924a2f3|24|2854391992531
18155|0x31c3|1|302826
18155|0x131c3|2|714002
18155|0x131c3|3|1597913
18155|0x531c3|4|3155831
18155|0x531c3|5|6383707
18155|0x531c3|6|12794531
18155|0x2531c3|7|25667507
18155|0x6531c3|8|51489435
18155|0xe531c3|9|102843376
18155|0xe531c3|10|205719246
18155|0x2e531c3|11|411453590
18155|0x6e531c3|12|823306980
18155|0x6e531c3|13|1645661675
18155|0x6e531c3|14|2739554550
18155|0x6e531c3|15|5433553245
18155|0x6e531c3|16|10864138298
18155|0x6e531c3|17|21683587495
18155|0x106e531c3|18|46611068955
18155|0x106e531c3|19|89364171330
18155|0x506e531c3|20|178671821497
18155|0x506e531c3|21|356775790191
18155|0x506e531c3|22|712514451719
18155|0x506e531c3|23|1423545477658
18155|0x506e531c3|24|2849609170224
18337|0x5c61|1|303540
18337|0x15c61|2|716285
18337|0x35c61|3|1597957
18337|0x75c61|4|3168352
18337|0x75c61|5|6396250
18337|0x75c61|6|12856767
18337|0x75c61|7|25725914
18337|0x475c61|8|51439124
18337|0xc75c61|9|102868691
18337|0xc75c61|10|206218878
18337|0xc75c61|11|411882491
18337|0xc75c61|12|687152520
18337|0x8c75c61|13|1441694519
18337|0x18c75c61|14|2824473515
18337|0x38c75c61|15|5834268147
18337|0x38c75c61|16|10947320398
18337|0x38c75c61|17|21603572101
18337|0x138c75c61|18|44727101978
18337|0x138c75c61|19|89934360695
18337|0x538c75c61|20|178011771576
18337|0xd38c75c61|21|356270582332
18337|0x1d38c75c61|22|711465147867
18337|0x3d38c75c61|23|1423497458265
18337|0x7d38c75c61|24|2849137324237
18895|0x1d2f|1|306264
18895|0x1d2f|2|723052
18895|0x21d2f|3|1515457
18895|0x21d2f|4|3156642
18895|0xa1d2f|5|6384174
18895|0xa1d2f|6|12853926
18895|0xa1d2f|7|25697403
18895|0xa1d2f|8|51498042
18895|0x8a1d2f|9|103052120
18895|0x8a1d2f|10|206180805
18895|0x28a1d2f|11|412513576
18895|0x28a1d2f|12|825096165
18895|0x28a1d2f|13|1650890152
18895|0x128a1d2f|14|2818020969
18895|0x328a1d2f|15|5733604558
18895|0x728a1d2f|16|10965091780
18895|0x728a1d2f|17|21694614816
18895|0x728a1d2f|18|43142892860
18895|0x2728a1d2f|19|88929766767
18895|0x6728a1d2f|20|177630252159
18895|0x6728a1d2f|21|355348214250
18895|0x6728a1d2f|22|710833738674
18895|0x26728a1d2f|23|1421512991106
18895|0x66728a1d2f|24|2848803139286
19077|0x1e4d|1|304906
19077|0x1e4d|2|725918
19077|0x21e4d|3|1520441
19077|0x61e4d|4|3158299
19077|0x61e4d|5|6426772
19077|0x161e4d|6|12829501
19077|0x161e4d|7|25723442
19077|0x561e4d|8|51551339
19077|0xd61e4d|9|103153154
19077|0xd61e4d|10|206379334
19077|0xd61e4d|11|379602946
19077|0x4d61e4d|12|825505787
19077|0xcd61e4d|13|1443788732
19077|0x1cd61e4d|14|2959536401
19077|0x3cd61e4d|15|5460206037
19077|0x3cd61e4d|16|10817815902
19077|0xbcd61e4d|17|21724114124
19077|0xbcd61e4d|18|45092501138
19077|0xbcd61e4d|19|87817314224
19077|0xbcd61e4d|20|178544562528
19077|0x8bcd61e4d|21|355285355196
19077|0x8bcd61e4d|22|710663376301
19077|0x28bcd61e4d|23|1421417134630
19077|0x68bcd61e4d|24|2848585174974
19251|0xa7fb|1|306487
19251|0xa7fb|2|726285
19251|0xa7fb|3|1526807
19251|0xa7fb|4|3174348
19251|0x8a7fb|5|6443575
19251|0x18a7fb|6|12858981
19251|0x38a7fb|7|25748356
19251|0x38a7fb|8|51577667
19251|0xb8a7fb|9|87314400
19251|0xb8a7fb|10|206442262
19251|0x2b8a7fb|11|412956461
19251|0x6b8a7fb|12|779820122
19251|0x6b8a7fb|13|1652194141
19251|0x16b8a7fb|14|3284606640
19251|0x36b8a7fb|15|5726440522
19251|0x36b8a7fb|16|10882342048
19251|0x36b8a7fb|17|22005497407
19251|0x136b8a7fb|18|44600937974
19251|0x336b8a7fb|19|88990006707
19251|0x736b8a7fb|20|177468980980
19251|0xf36b8a7fb|21|356439067411
19251|0x1f36b8a7fb|22|710519381151
19251|0x1f36b8a7fb|23|1420703833617
19251|0x5f36b8a7fb|24|2848162951184
19431|0x97d7|1|307027
19431|0x197d7|2|730391
19431|0x197d7|3|1550286
19431|0x597d7|4|3178962
19431|0xd97d7|5|6360624
19431|0xd97d7|6|12835518
19431|0xd97d7|7|25787266
19431|0x4d97d7|8|51590493
19431|0xcd97d7|9|104443674
19431|0x1cd97d7|10|203974504
19431|0x1cd97d7|11|366312030
19431|0x5cd97d7|12|735434283
19431|0xdcd97d7|13|1538881426
19431|0x1dcd97d7|14|2756614080
19431|0x3dcd97d7|15|5545614085
19431|0x3dcd97d7|16|10914464847
19431|0x3dcd97d7|17|21747309680
19431|0x13dcd97d7|18|44511596949
19431|0x33dcd97d7|19|88599675431
19431|0x33dcd97d7|20|177683719199
19431|0xb3dcd97d7|21|355004626925
19431|0xb3dcd97d7|22|709852412679
19431|0xb3dcd97d7|23|1419884993371
19431|0x4b3dcd97d7|24|2851125492975
20017|0x4ad1|1|307912
20017|0x4ad1|2|738591
20017|0x24ad1|3|1550730
20017|0x64ad1|4|3219134
20017|0x64ad1|5|6476021
20017|0x64ad1|6|12896340
20017|0x64ad1|7|25809598
20017|0x64ad1|8|51713742
20017|0x64ad1|9|103502981
20017|0x64ad1|10|207056623
20017|0x64ad1|11|414082994
20017|0x4064ad1|12|828215477
20017|0x4064ad1|13|1562128462
20017|0x14064ad1|14|2747825768
20017|0x14064ad1|15|5719217808
20017|0x54064ad1|16|10941070534
20017|0x54064ad1|17|22073197975
20017|0x54064ad1|18|43154082731
20017|0x254064ad1|19|88402839844
20017|0x654064ad1|20|177357949792
20017|0x654064ad1|21|354397789520
20017|0x1654064ad1|22|708910995391
20017|0x3654064ad1|23|1418232861764
20017|0x3654064ad1|24|2836452431685
20187|0xfd53|1|304530
20187|0xfd53|2|736710
20187|0xfd53|3|1551981
20187|0xfd53|4|3148507
20187|0x8fd53|5|6390736
20187|0x8fd53|6|12874678
20187|0x28fd53|7|25832244
20187|0x68fd53|8|51712537
20187|0x68fd53|9|103518942
20187|0x168fd53|10|207181022
20187|0x368fd53|11|414345751
20187|0x368fd53|12|828976098
20187|0xb68fd53|13|1639985124
20187|0xb68fd53|14|3315040793
20187|0xb68fd53|15|5528138440
20187|0x4b68fd53|16|10889053993
20187|0xcb68fd53|17|21685649824
20187|0xcb68fd53|18|45377066037
20187|0xcb68fd53|19|87108825781
20187|0xcb68fd53|20|178816270564
20187|0x8cb68fd53|21|354382654690
20187|0x8cb68fd53|22|709008958867
20187|0x8cb68fd53|23|1417858643999
20187|0x8cb68fd53|24|2836631054396
20367|0xef6f|1|308683
20367|0x1ef6f|2|766569
20367|0x1ef6f|3|1560579
20367|0x1ef6f|4|3156054
20367|0x9ef6f|5|6397318
20367|0x19ef6f|6|12929111
20367|0x39ef6f|7|25813513
20367|0x79ef6f|8|51749596
20367|0x79ef6f|9|103544742
20367|0x179ef6f|10|207194273
20367|0x179ef6f|11|417226090
20367|0x579ef6f|12|811808582
20367|0x579ef6f|13|1658676965
20367|0x1579ef6f|14|3316910914
20367|0x3579ef6f|15|5648317098
20367|0x3579ef6f|16|11374517128
20367|0xb579ef6f|17|21742441896
20367|0xb579ef6f|18|44912087924
20367|0x2b579ef6f|19|88526760519
20367|0x6b579ef6f|20|177541328107
20367|0x6b579ef6f|21|354377134563
20367|0x6b579ef6f|22|709109746970
20367|0x6b579ef6f|23|1416656151901
20367|0x46b579ef6f|24|2839661616511
20921|0x6489|1|310663
20921|0x6489|2|749673
20921|0x6489|3|1575793
20921|0x6489|4|3190162
20921|0x86489|5|6495583
20921|0x86489|6|12962336
20921|0x286489|7|25950755
20921|0x286489|8|51903651
20921|0x286489|9|103759373
20921|0x1286489|10|207651353
20921|0x3286489|11|360452702
20921|0x3286489|12|813625848
20921|0x3286489|13|1397486251
20921|0x13286489|14|3099745612
20921|0x33286489|15|5456108179
20921|0x73286489|16|10804821611
20921|0x73286489|17|21658014077
20921|0x173286489|18|43468464024
20921|0x173286489|19|88531392436
20921|0x573286489|20|177052938870
20921|0x573286489|21|353661603007
20921|0x573286489|22|707407157558
20921|0x2573286489|23|1415328847252
20921|0x2573286489|24|2836088976188
21105|0x2e91|1|307133
21105|0x12e91|2|751603
21105|0x12e91|3|1581501
21105|0x12e91|4|3200011
21105|0x12e91|5|6415302
21105|0x112e91|6|12932457
21105|0x112e91|7|25924512
21105|0x112e91|8|51898750
21105|0x912e91|9|103873024
21105|0x1912e91|10|207749382
21105|0x3912e91|11|415605928
21105|0x7912e91|12|831238843
21105|0xf912e91|13|1662734541
21105|0xf912e91|14|2935908579
21105|0x2f912e91|15|6288436659
21105|0x2f912e91|16|10821936205
21105|0xaf912e91|17|22322247786
21105|0xaf912e91|18|44759789728
21105|0x2af912e91|19|88548402250
21105|0x6af912e91|20|177046611441
21105|0x6af912e91|21|353524746923
21105|0x16af912e91|22|707091185879
21105|0x16af912e91|23|1414289241629
21105|0x56af912e91|24|2842496557094
21297|0x25d1|1|311418
21297|0x25d1|2|754061
21297|0x225d1|3|1605372
21297|0x625d1|4|3212339
21297|0x625d1|5|6424281
21297|0x1625d1|6|12980206
21297|0x1625d1|7|25968415
21297|0x1625d1|8|43588520
21297|0x9625d1|9|103856411
21297|0x19625d1|10|207906845
21297|0x19625d1|11|415864615
21297|0x59625d1|12|831900749
21297|0x59625d1|13|1663880494
21297|0x59625d1|14|2795669563
21297|0x59625d1|15|5491168011
21297|0x459625d1|16|11469465214
21297|0x459625d1|17|21668907879
21297|0x1459625d1|18|44001176465
21297|0x3459625d1|19|88227753737
21297|0x3459625d1|20|177418225304
21297|0x3459625d1|21|353340044102
21297|0x13459625d1|22|706845648478
21297|0x13459625d1|23|1419250094590
21297|0x53459625d1|24|2833295213511
21477|0xb1ed|1|312082
21477|0x1b1ed|2|756548
21477|0x1b1ed|3|1592494
21477|0x5b1ed|4|3229106
21477|0xdb1ed|5|6489617
21477|0x1db1ed|6|12910170
21477|0x1db1ed|7|25962221
21477|0x5db1ed|8|51998507
21477|0xddb1ed|9|103975049
21477|0x1ddb1ed|10|208121343
21477|0x1ddb1ed|11|416180315
21477|0x5ddb1ed|12|832436259
21477|0x5ddb1ed|13|1601885263
21477|0x5ddb1ed|14|2789604927
21477|0x25ddb1ed|15|5587619569
21477|0x65ddb1ed|16|10973602479
21477|0x65ddb1ed|17|21783170229
21477|0x65ddb1ed|18|43428744361
21477|0x265ddb1ed|19|88299984916
21477|0x665ddb1ed|20|176673714653
21477|0x665ddb1ed|21|353992492865
21477|0x665ddb1ed|22|706714178371
21477|0x665ddb1ed|23|1416991893936
21477|0x4665ddb1ed|24|2827189942106
22013|0x2f55|1|336963
22013|0x2f55|2|668995
22013|0x22f55|3|1514173
22013|0x22f55|4|2977648
22013|0x22f55|5|6392445
22013|0x22f55|6|12973953
22013|0x222f55|7|26043666
22013|0x222f55|8|42080026
22013|0xa22f55|9|104166110
22013|0xa22f55|10|208446128
22013|0x2a22f55|11|416938542
22013|0x6a22f55|12|790052672
22013|0xea22f55|13|1667819156
22013|0x1ea22f55|14|3084885850
22013|0x3ea22f55|15|5620875343
22013|0x7ea22f55|16|11110627735
22013|0x7ea22f55|17|21871173447
22013|0x17ea22f55|18|43157821106
22013|0x37ea22f55|19|88454896649
22013|0x37ea22f55|20|177183181780
22013|0x37ea22f55|21|353198475380
22013|0x37ea22f55|22|706252866624
22013|0x37ea22f55|23|1413235159216
22013|0x37ea22f55|24|2823612838398
22203|0x7e73|1|315267
22203|0x17e73|2|689189
22203|0x37e73|3|1519054
22203|0x37e73|4|3173483
22203|0xb7e73|5|6439817
22203|0xb7e73|6|13035911
22203|0x2b7e73|7|26039673
22203|0x6b7e73|8|52084493
22203|0x6b7e73|9|104221460
22203|0x16b7e73|10|208553027
22203|0x36b7e73|11|417289412
22203|0x76b7e73|12|762195002
22203|0xf6b7e73|13|1664556753
22203|0xf6b7e73|14|2981046241
22203|0x2f6b7e73|15|5750095822
22203|0x6f6b7e73|16|10827451580
22203|0xef6b7e73|17|22301769365
22203|0x1ef6b7e73|18|44475747132
22203|0x1ef6b7e73|19|88616173238
22203|0x1ef6b7e73|20|181379692629
22203|0x9ef6b7e73|21|352768412015
22203|0x19ef6b7e73|22|706075956070
22203|0x39ef6b7e73|23|1416458614683
22203|0x79ef6b7e73|24|2830957294919
22383|0xe78f|1|314392
22383|0xe78f|2|672365
22383|0x2e78f|3|1524352
22383|0x6e78f|4|3182360
22383|0x6e78f|5|6484818
22383|0x16e78f|6|12954679
22383|0x36e78f|7|26013447
22383|0x36e78f|8|52224590
22383|0xb6e78f|9|104305147
22383|0xb6e78f|10|208737988
22383|0xb6e78f|11|343516944
22383|0xb6e78f|12|878901180
22383|0x8b6e78f|13|1670677538
22383|0x18b6e78f|14|2765697635
22383|0x38b6e78f|15|5453882991
22383|0x78b6e78f|16|10821987743
22383|0xf8b6e78f|17|21650595761
22383|0xf8b6e78f|18|46136385409
22383|0x2f8b6e78f|19|88132834297
22383|0x2f8b6e78f|20|177241546246
22383|0x2f8b6e78f|21|353976227416
22383|0x12f8b6e78f|22|705026414566
22383|0x12f8b6e78f|23|1410981971334
22383|0x52f8b6e78f|24|2820887403948
22929|0x8771|1|315563
22929|0x18771|2|677264
22929|0x18771|3|1537757
22929|0x58771|4|3214442
22929|0xd8771|5|6443558
22929|0xd8771|6|12998304
22929|0xd8771|7|26106028
22929|0x4d8771|8|52188670
22929|0x4d8771|9|104472072
22929|0x4d8771|10|209066771
22929|0x4d8771|11|418459081
22929|0x4d8771|12|836339746
22929|0x4d8771|13|1564640055
22929|0x4d8771|14|2845143397
22929|0x204d8771|15|5665994570
22929|0x604d8771|16|12062972975
22929|0xe04d8771|17|21630021167
22929|0xe04d8771|18|44935183150
22929|0x2e04d8771|19|88050226634
22929|0x6e04d8771|20|176348860928
22929|0x6e04d8771|21|352609895217
22929|0x6e04d8771|22|704432572491
22929|0x26e04d8771|23|1413627814997
22929|0x26e04d8771|24|2816893701600
23101|0x8d15|1|317223
23101|0x18d15|2|679723
23101|0x18d15|3|1542662
23101|0x18d15|4|3229062
23101|0x98d15|5|6490838
23101|0x98d15|6|13024994
23101|0x298d15|7|26067814
23101|0x298d15|8|52274304
23101|0xa98d15|9|104593796
23101|0xa98d15|10|209165845
23101|0xa98d15|11|418375047
23101|0x4a98d15|12|829569419
23101|0xca98d15|13|1515665846
23101|0xca98d15|14|2734849622
23101|0x2ca98d15|15|5401788036
23101|0x6ca98d15|16|11089164048
23101|0xeca98d15|17|21619665017
23101|0xeca98d15|18|45346077161
23101|0xeca98d15|19|88528839729
23101|0x4eca98d15|20|176073960294
23101|0x4eca98d15|21|352035882493
23101|0x4eca98d15|22|704434262012
23101|0x24eca98d15|23|1416964930057
23101|0x24eca98d15|24|2817474915462
23283|0x4e3b|1|319587
23283|0x14e3b|2|680163
23283|0x34e3b|3|1566864
23283|0x74e3b|4|3214613
23283|0x74e3b|5|6486044
23283|0x174e3b|6|13071481
23283|0x374e3b|7|26173929
23283|0x374e3b|8|52340250
23283|0x374e3b|9|104621782
23283|0x374e3b|10|209259334
23283|0x2374e3b|11|418666702
23283|0x6374e3b|12|728794172
23283|0xe374e3b|13|1363128164
23283|0x1e374e3b|14|3336504272
23283|0x3e374e3b|15|6681330398
23283|0x3e374e3b|16|11918258954
23283|0xbe374e3b|17|21557662430
23283|0xbe374e3b|18|44864914895
23283|0xbe374e3b|19|86180023223
23283|0x4be374e3b|20|177497414932
23283|0x4be374e3b|21|351869426662
23283|0x4be374e3b|22|703488831353
23283|0x24be374e3b|23|1411807996870
23283|0x64be374e3b|24|2814762196291
23475|0xcb7b|1|317543
23475|0x1cb7b|2|699212
23475|0x3cb7b|3|1548551
23475|0x7cb7b|4|3237591
23475|0xfcb7b|5|6484175
23475|0xfcb7b|6|13029494
23475|0x2fcb7b|7|26167650
23475|0x6fcb7b|8|52377888
23475|0xefcb7b|9|104777255
23475|0x1efcb7b|10|209439602
23475|0x1efcb7b|11|418941899
23475|0x1efcb7b|12|838101032
23475|0x9efcb7b|13|1576870996
23475|0x19efcb7b|14|2830849406
23475|0x39efcb7b|15|5475175253
23475|0x79efcb7b|16|11711451580
23475|0xf9efcb7b|17|21624195309
23475|0x1f9efcb7b|18|44587591689
23475|0x3f9efcb7b|19|88103465524
23475|0x3f9efcb7b|20|176176958787
23475|0x3f9efcb7b|21|351652888569
23475|0x3f9efcb7b|22|703558648033
23475|0x23f9efcb7b|23|1411284133008
23475|0x23f9efcb7b|24|2814569869113
24029|0xe275|1|318861
24029|0xe275|2|686487
24029|0xe275|3|1607685
24029|0xe275|4|3194890
24029|0x8e275|5|6485489
24029|0x18e275|6|13133147
24029|0x18e275|7|26249313
24029|0x58e275|8|52453630
24029|0x58e275|9|104940377
24029|0x158e275|10|209848330
24029|0x158e275|11|419722285
24029|0x558e275|12|702498642
24029|0xd58e275|13|1392842292
24029|0x1d58e275|14|2740716562
24029|0x3d58e275|15|5561072091
24029|0x7d58e275|16|10910747822
24029|0xfd58e275|17|21968331140
24029|0xfd58e275|18|44714473012
24029|0xfd58e275|19|89137801588
24029|0x4fd58e275|20|175837713396
24029|0xcfd58e275|21|351775896132
24029|0xcfd58e275|22|702984143690
24029|0xcfd58e275|23|1406782802091
24029|0x4cfd58e275|24|2810106317036
24213|0x7cbd|1|319916
24213|0x7cbd|2|688257
24213|0x27cbd|3|1571440
24213|0x27cbd|4|3183437
24213|0x27cbd|5|6507969
24213|0x27cbd|6|13093776
24213|0x27cbd|7|26209632
24213|0x427cbd|8|52501732
24213|0xc27cbd|9|94704623
24213|0x1c27cbd|10|209887458
24213|0x1c27cbd|11|419946444
24213|0x1c27cbd|12|840254221
24213|0x1c27cbd|13|1574236196
24213|0x11c27cbd|14|2829028292
24213|0x11c27cbd|15|5831276246
24213|0x51c27cbd|16|11101021090
24213|0x51c27cbd|17|21575766616
24213|0x151c27cbd|18|43418476179
24213|0x351c27cbd|19|88082438321
24213|0x751c27cbd|20|176184135411
24213|0xf51c27cbd|21|351334128386
24213|0x1f51c27cbd|22|702706397616
24213|0x1f51c27cbd|23|1407200560808
24213|0x5f51c27cbd|24|2808755907763
24385|0x30c1|1|316519
24385|0x30c1|2|689508
24385|0x30c1|3|1571669
24385|0x430c1|4|3191034
24385|0xc30c1|5|6501342
24385|0x1c30c1|6|13124187
24385|0x1c30c1|7|26255380
24385|0x5c30c1|8|52571422
24385|0xdc30c1|9|105061802
24385|0xdc30c1|10|210133493
24385|0x2dc30c1|11|420400532
24385|0x2dc30c1|12|720070963
24385|0x2dc30c1|13|1686103856
24385|0x12dc30c1|14|3053576120
24385|0x12dc30c1|15|5437435709
24385|0x12dc30c1|16|11117738399
24385|0x92dc30c1|17|21674323954
24385|0x192dc30c1|18|43367728658
24385|0x392dc30c1|19|87970641461
24385|0x392dc30c1|20|175611839068
24385|0xb92dc30c1|21|351149283501
24385|0x1b92dc30c1|22|702116632503
24385|0x1b92dc30c1|23|1406789191079
24385|0x1b92dc30c1|24|2810740883736
24563|0x513b|1|336790
24563|0x513b|2|692420
24563|0x2513b|3|1581502
24563|0x2513b|4|3201412
24563|0xa513b|5|6536193
24563|0x1a513b|6|13059776
24563|0x3a513b|7|26241567
24563|0x3a513b|8|52509763
24563|0xba513b|9|91100102
24563|0x1ba513b|10|210297474
24563|0x1ba513b|11|352215546
24563|0x1ba513b|12|739642103
24563|0x9ba513b|13|1427236049
24563|0x9ba513b|14|2738445007
24563|0x29ba513b|15|5652960042
24563|0x69ba513b|16|11315366654
24563|0xe9ba513b|17|21636031168
24563|0xe9ba513b|18|44611864194
24563|0x2e9ba513b|19|88531389605
24563|0x2e9ba513b|20|175319766885
24563|0x2e9ba513b|21|351296766882
24563|0x2e9ba513b|22|702067281384
24563|0x2e9ba513b|23|1409402636150
24563|0x2e9ba513b|24|2808227879315
25125|0xe9ad|1|318591
25125|0xe9ad|2|696081
25125|0x2e9ad|3|1594291
25125|0x2e9ad|4|3232848
25125|0x2e9ad|5|6502416
25125|0x2e9ad|6|13075926
25125|0x22e9ad|7|26269623
25125|0x22e9ad|8|52584901
25125|0xa2e9ad|9|105217176
25125|0x1a2e9ad|10|210612215
25125|0x3a2e9ad|11|421430059
25125|0x7a2e9ad|12|701049237
25125|0xfa2e9ad|13|1378150804
25125|0xfa2e9ad|14|2913067423
25125|0x2fa2e9ad|15|5587446560
25125|0x6fa2e9ad|16|10793470833
25125|0xefa2e9ad|17|21658377397
25125|0x1efa2e9ad|18|44569823001
25125|0x1efa2e9ad|19|87631131071
25125|0x5efa2e9ad|20|177017513685
25125|0xdefa2e9ad|21|350390669632
25125|0xdefa2e9ad|22|700720577581
25125|0xdefa2e9ad|23|1408230114894
25125|0x4defa2e9ad|24|2803011071826
25301|0xc67d|1|322811
25301|0x1c67d|2|697405
25301|0x3c67d|3|1643195
25301|0x3c67d|4|3221822
25301|0x3c67d|5|6501705
25301|0x3c67d|6|13119708
25301|0x23c67d|7|26249495
25301|0x63c67d|8|42688317
25301|0x63c67d|9|105299172
25301|0x163c67d|10|210791229
25301|0x363c67d|11|421564572
25301|0x763c67d|12|797124145
25301|0xf63c67d|13|1542478540
25301|0xf63c67d|14|2752306790
25301|0xf63c67d|15|5452853203
25301|0xf63c67d|16|10979114790
25301|0xf63c67d|17|21693255564
25301|0x10f63c67d|18|44854261531
25301|0x30f63c67d|19|88625883334
25301|0x30f63c67d|20|175439932784
25301|0x30f63c67d|21|350729149890
25301|0x130f63c67d|22|700803171044
25301|0x130f63c67d|23|1410566489786
25301|0x530f63c67d|24|2806318090829
25479|0xf237|1|323266
25479|0x1f237|2|695693
25479|0x3f237|3|1603105
25479|0x3f237|4|3250798
25479|0x3f237|5|6523854
25479|0x3f237|6|13150055
25479|0x3f237|7|26333349
25479|0x43f237|8|52680101
25479|0xc3f237|9|105404005
25479|0xc3f237|10|210848763
25479|0x2c3f237|11|421737287
25479|0x6c3f237|12|862104875
25479|0xec3f237|13|1423830492
25479|0x1ec3f237|14|3315307123
25479|0x1ec3f237|15|5559891872
25479|0x1ec3f237|16|10888829678
25479|0x1ec3f237|17|22008989705
25479|0x1ec3f237|18|43128709012
25479|0x21ec3f237|19|88622616912
25479|0x61ec3f237|20|175079462254
25479|0x61ec3f237|21|350062310141
25479|0x61ec3f237|22|700374396553
25479|0x261ec3f237|23|1404470217477
25479|0x261ec3f237|24|2801455811474
26017|0xbe61|1|324920
26017|0xbe61|2|727459
26017|0xbe61|3|1617327
26017|0x4be61|4|3055675
26017|0xcbe61|5|6525013
26017|0xcbe61|6|13174834
26017|0x2cbe61|7|26334673
26017|0x6cbe61|8|52845770
26017|0xecbe61|9|105614403
26017|0xecbe61|10|211280192
26017|0xecbe61|11|366214158
26017|0x4ecbe61|12|845487330
26017|0x4ecbe61|13|1690885875
26017|0x4ecbe61|14|2812593153
26017|0x4ecbe61|15|6055883351
26017|0x4ecbe61|16|10771301423
26017|0x84ecbe61|17|21559287603
26017|0x184ecbe61|18|43740172348
26017|0x384ecbe61|19|87806869362
26017|0x384ecbe61|20|176056476220
26017|0xb84ecbe61|21|350082661510
26017|0x1b84ecbe61|22|700495415853
26017|0x1b84ecbe61|23|1402615628823
26017|0x5b84ecbe61|24|2798007177572
26195|0xcddb|1|324932
26195|0xcddb|2|717092
26195|0xcddb|3|1619721
26195|0xcddb|4|3285109
26195|0x8cddb|5|6602515
26195|0x8cddb|6|13203917
26195|0x28cddb|7|26432577
26195|0x68cddb|8|52868350
26195|0x68cddb|9|105678624
26195|0x68cddb|10|172602654
26195|0x68cddb|11|422706333
26195|0x468cddb|12|728257745
26195|0x468cddb|13|1586199111
26195|0x1468cddb|14|3232200978
26195|0x3468cddb|15|5547550161
26195|0x7468cddb|16|11053210609
26195|0xf468cddb|17|22163715227
26195|0x1f468cddb|18|44724412934
26195|0x1f468cddb|19|87500999510
26195|0x5f468cddb|20|174777696268
26195|0x5f468cddb|21|349608591849
26195|0x15f468cddb|22|699616256352
26195|0x15f468cddb|23|1439113545646
26195|0x15f468cddb|24|2820839411125
26387|0x7b1b|1|326928
26387|0x17b1b|2|707912
26387|0x17b1b|3|1532737
26387|0x57b1b|4|3207597
26387|0x57b1b|5|6490107
26387|0x157b1b|6|13126958
26387|0x357b1b|7|26399083
26387|0x357b1b|8|52815908
26387|0xb57b1b|9|105695108
26387|0xb57b1b|10|211511697
26387|0x2b57b1b|11|423208520
26387|0x2b57b1b|12|846424378
26387|0xab57b1b|13|1697966123
26387|0x1ab57b1b|14|3101029300
26387|0x1ab57b1b|15|6025876702
26387|0x1ab57b1b|16|11475617837
26387|0x1ab57b1b|17|21672414297
26387|0x11ab57b1b|18|43976878761
26387|0x11ab57b1b|19|87667118768
26387|0x51ab57b1b|20|174947188491
26387|0x51ab57b1b|21|349283255420
26387|0x51ab57b1b|22|698971454285
26387|0x251ab57b1b|23|1404938073634
26387|0x251ab57b1b|24|2407254945484
26547|0x9f7b|1|208289
26547|0x9f7b|2|450568
26547|0x29f7b|3|965306
26547|0x29f7b|4|2040407
26547|0x29f7b|5|3901347
26547|0x29f7b|6|8131425
26547|0x29f7b|7|16188077
26547|0x29f7b|8|32496393
26547|0x29f7b|9|60499640
26547|0x29f7b|10|120189705
26547|0x29f7b|11|241205867
26547|0x29f7b|12|508076980
26547|0x29f7b|13|945748230
26547|0x10029f7b|14|2082960129
26547|0x10029f7b|15|3524578568
26547|0x50029f7b|16|7536726397
26547|0x50029f7b|17|16599930753
26547|0x150029f7b|18|28675509214
26547|0x150029f7b|19|53826958884
26547|0x550029f7b|20|112564088138
26547|0xd50029f7b|21|220996365934
26547|0xd50029f7b|22|441911925525
26547|0xd50029f7b|23|862483624352
26547|0xd50029f7b|24|1750154632490
27013|0x274d|1|209280
27013|0x1274d|2|477372
27013|0x1274d|3|971994
27013|0x1274d|4|2011564
27013|0x9274d|5|3976853
27013|0x9274d|6|8125977
27013|0x29274d|7|16143133
27013|0x29274d|8|32712973
27013|0xa9274d|9|65024160
27013|0x1a9274d|10|130393077
27013|0x3a9274d|11|261325327
27013|0x3a9274d|12|522031664
27013|0xba9274d|13|1043408296
27013|0x1ba9274d|14|2084454667
27013|0x1ba9274d|15|4150169180
27013|0x5ba9274d|16|8308393961
27013|0x5ba9274d|17|16712619816
27013|0x5ba9274d|18|28349603032
27013|0x5ba9274d|19|57245731279
27013|0x5ba9274d|20|114970561618
27013|0x85ba9274d|21|219588203632
27013|0x185ba9274d|22|435927323033
27013|0x185ba9274d|23|862769073035
27013|0x585ba9274d|24|1745873758637
27121|0x6711|1|209170
27121|0x16711|2|453643
27121|0x16711|3|971272
27121|0x16711|4|1807555
27121|0x96711|5|4078782
27121|0x96711|6|8051409
27121|0x296711|7|16202979
27121|0x696711|8|32047410
27121|0xe96711|9|64584663
27121|0x1e96711|10|129192620
27121|0x1e96711|11|258483862
27121|0x1e96711|12|527965638
27121|0x9e96711|13|1072713677
27121|0x19e96711|14|2081888317
27121|0x39e96711|15|4153868115
27121|0x79e96711|16|7327470658
27121|0xf9e96711|17|15257302596
27121|0xf9e96711|18|27736536415
27121|0xf9e96711|19|55373574204
27121|0x4f9e96711|20|119034375509
27121|0x4f9e96711|21|232744795671
27121|0x14f9e96711|22|450269429240
27121|0x14f9e96711|23|867193273515
27121|0x54f9e96711|24|1744359362365
27235|0x674b|1|209412
27235|0x1674b|2|454229
27235|0x1674b|3|974912
27235|0x1674b|4|1987623
27235|0x1674b|5|4086419
27235|0x11674b|6|8246882
27235|0x11674b|7|16455406
27235|0x11674b|8|32912406
27235|0x91674b|9|65824472
27235|0x191674b|10|131924789
27235|0x191674b|11|216252250
27235|0x191674b|12|527800634
27235|0x191674b|13|1011954116
27235|0x1191674b|14|2080039324
27235|0x1191674b|15|4198672236
27235|0x1191674b|16|8387639888
27235|0x1191674b|17|16846819838
27235|0x11191674b|18|27298947240
27235|0x11191674b|19|55910369601
27235|0x11191674b|20|111927326752
27235|0x11191674b|21|223971510867
27235|0x111191674b|22|435245870018
27235|0x311191674b|23|870320340876
27235|0x711191674b|24|1741287921087
27347|0x7d5b|1|231374
27347|0x17d5b|2|455202
27347|0x37d5b|3|976343
27347|0x37d5b|4|2044313
27347|0xb7d5b|5|3980445
27347|0xb7d5b|6|8234016
27347|0x2b7d5b|7|16453281
27347|0x6b7d5b|8|32753418
27347|0xeb7d5b|9|65539174
27347|0xeb7d5b|10|131241249
27347|0xeb7d5b|11|262286912
27347|0x4eb7d5b|12|525657020
27347|0x4eb7d5b|13|1046943179
27347|0x14eb7d5b|14|2100498625
27347|0x14eb7d5b|15|4200518089
27347|0x54eb7d5b|16|8398655867
27347|0xd4eb7d5b|17|13512127403
27347|0x1d4eb7d5b|18|29082642889
27347|0x1d4eb7d5b|19|57508047805
27347|0x5d4eb7d5b|20|110037227122
27347|0xdd4eb7d5b|21|219453498777
27347|0x1dd4eb7d5b|22|435422173285
27347|0x1dd4eb7d5b|23|863352200592
27347|0x5dd4eb7d5b|24|1737043247168
27457|0x24c1|1|209608
27457|0x24c1|2|485623
27457|0x224c1|3|978038
27457|0x224c1|4|2047538
27457|0xa24c1|5|4004175
27457|0x1a24c1|6|8220346
27457|0x1a24c1|7|16399838
27457|0x1a24c1|8|32758506
27457|0x1a24c1|9|65584154
27457|0x1a24c1|10|131501464
27457|0x1a24c1|11|262546706
27457|0x41a24c1|12|525395942
27457|0xc1a24c1|13|1050362880
27457|0xc1a24c1|14|2099897332
27457|0xc1a24c1|15|3513371948
27457|0xc1a24c1|16|7332661214
27457|0xc1a24c1|17|16821369671
27457|0xc1a24c1|18|27629191472
27457|0x20c1a24c1|19|56181783041
27457|0x60c1a24c1|20|110182092333
27457|0xe0c1a24c1|21|220698545802
27457|0xe0c1a24c1|22|437006538690
27457|0x2e0c1a24c1|23|865132509008
27457|0x6e0c1a24c1|24|1745617593003
27573|0x6a9d|1|207551
27573|0x16a9d|2|401575
27573|0x16a9d|3|981532
27573|0x16a9d|4|2051104
27573|0x16a9d|5|4039478
27573|0x116a9d|6|8232679
27573|0x316a9d|7|16499332
27573|0x316a9d|8|32783170
27573|0xb16a9d|9|65617720
27573|0x1b16a9d|10|131402230
27573|0x3b16a9d|11|262749410
27573|0x7b16a9d|12|525744389
27573|0xfb16a9d|13|1057544984
27573|0xfb16a9d|14|2052081039
27573|0xfb16a9d|15|3498168350
27573|0x4fb16a9d|16|8430488294
27573|0xcfb16a9d|17|13876177014
27573|0xcfb16a9d|18|27470956859
27573|0x2cfb16a9d|19|54458750860
27573|0x6cfb16a9d|20|109130511119
27573|0x6cfb16a9d|21|219187884962
27573|0x6cfb16a9d|22|435036107137
27573|0x26cfb16a9d|23|863541381543
27573|0x66cfb16a9d|24|1738441663827
28061|0x80b5|1|208152
28061|0x80b5|2|460299
28061|0x80b5|3|880501
28061|0x480b5|4|1982197
28061|0x480b5|5|3960266
28061|0x1480b5|6|6460474
28061|0x3480b5|7|16250472
28061|0x3480b5|8|32589478
28061|0x3480b5|9|64928978
28061|0x13480b5|10|130098637
28061|0x13480b5|11|260737996
28061|0x13480b5|12|521692578
28061|0x93480b5|13|911063415
28061|0x93480b5|14|2092842269
28061|0x93480b5|15|4215138648
28061|0x93480b5|16|7254330755
28061|0x93480b5|17|14090054486
28061|0x1093480b5|18|27740437594
28061|0x3093480b5|19|54586148692
28061|0x3093480b5|20|110854979333
28061|0xb093480b5|21|218341779021
28061|0x1b093480b5|22|434651013998
28061|0x1b093480b5|23|864885264075
28061|0x1b093480b5|24|1737585545515
28173|0x90c5|1|211055
28173|0x90c5|2|459566
28173|0x90c5|3|921603
28173|0x490c5|4|1918645
28173|0x490c5|5|4203837
28173|0x1490c5|6|8060355
28173|0x1490c5|7|16327025
28173|0x5490c5|8|32663244
28173|0xd490c5|9|65687264
28173|0x1d490c5|10|131018145
28173|0x3d490c5|11|261880634
28173|0x3d490c5|12|524865821
28173|0xbd490c5|13|1050222452
28173|0x1bd490c5|14|2105600618
28173|0x1bd490c5|15|4211974934
28173|0x5bd490c5|16|6792915936
28173|0x5bd490c5|17|16477911478
28173|0x5bd490c5|18|26726845289
28173|0x25bd490c5|19|57499143135
28173|0x65bd490c5|20|113083265861
28173|0xe5bd490c5|21|228289880631
28173|0x1e5bd490c5|22|433863621275
28173|0x1e5bd490c5|23|866000659119
28173|0x1e5bd490c5|24|1734974511026
28295|0xf737|1|209038
28295|0xf737|2|460410
28295|0xf737|3|1007263
28295|0x4f737|4|1899331
28295|0xcf737|5|4193570
28295|0x1cf737|6|8280093
28295|0x1cf737|7|16380772
28295|0x1cf737|8|33200329
28295|0x9cf737|9|66137070
28295|0x19cf737|10|132081017
28295|0x19cf737|11|222972154
28295|0x59cf737|12|528830294
28295|0xd9cf737|13|1052391676
28295|0xd9cf737|14|2116270944
28295|0x2d9cf737|15|4230777427
28295|0x2d9cf737|16|6869298101
28295|0xad9cf737|17|14185342459
28295|0x1ad9cf737|18|27191993291
28295|0x1ad9cf737|19|54696399228
28295|0x5ad9cf737|20|108505772000
28295|0xdad9cf737|21|217646336893
28295|0x1dad9cf737|22|435255689342
28295|0x1dad9cf737|23|867643428304
28295|0x5dad9cf737|24|1734573929970
28405|0x4d5d|1|210776
28405|0x4d5d|2|451758
28405|0x4d5d|3|889787
28405|0x4d5d|4|1964379
28405|0x84d5d|5|4148986
28405|0x184d5d|6|7976795
28405|0x184d5d|7|16371299
28405|0x184d5d|8|32669267
28405|0x984d5d|9|65372804
28405|0x1984d5d|10|130671499
28405|0x1984d5d|11|261450342
28405|0x1984d5d|12|522655345
28405|0x9984d5d|13|835496676
28405|0x9984d5d|14|2100541321
28405|0x29984d5d|15|4194056872
28405|0x69984d5d|16|7221649813
28405|0xe9984d5d|17|13245013265
28405|0x1e9984d5d|18|27076803258
28405|0x1e9984d5d|19|55137398767
28405|0x5e9984d5d|20|113776340901
28405|0xde9984d5d|21|219001274021
28405|0x1de9984d5d|22|435337468053
28405|0x1de9984d5d|23|870327328807
28405|0x1de9984d5d|24|1737569841590
28519|0x3c57|1|186063
28519|0x3c57|2|405956
28519|0x23c57|3|997798
28519|0x23c57|4|2080930
28519|0x23c57|5|3944109
28519|0x123c57|6|8153650
28519|0x123c57|7|16280073
28519|0x123c57|8|32595237
28519|0x923c57|9|65424482
28519|0x1923c57|10|130555951
28519|0x3923c57|11|261377486
28519|0x3923c57|12|523346716
28519|0xb923c57|13|1045746338
28519|0x1b923c57|14|2092726945
28519|0x1b923c57|15|4133620559
28519|0x1b923c57|16|8381938739
28519|0x9b923c57|17|14954602893
28519|0x19b923c57|18|32184825012
28519|0x39b923c57|19|54834319210
28519|0x39b923c57|20|109239783991
28519|0xb9b923c57|21|218075196228
28519|0xb9b923c57|22|433826372749
28519|0x2b9b923c57|23|866773162170
28519|0x2b9b923c57|24|1738000680815
28629|0x517d|1|211847
28629|0x1517d|2|477958
28629|0x3517d|3|995060
28629|0x3517d|4|1859813
28629|0xb517d|5|4201812
28629|0xb517d|6|6619783
28629|0xb517d|7|18033187
28629|0x4b517d|8|37978127
28629|0x4b517d|9|71053215
28629|0x14b517d|10|131354741
28629|0x14b517d|11|277478082
28629|0x54b517d|12|524993588
28629|0x54b517d|13|986809466
28629|0x154b517d|14|2101832754
28629|0x354b517d|15|4191465093
28629|0x354b517d|16|8373736416
28629|0x354b517d|17|13494002446
28629|0x354b517d|18|30138190473
28629|0x354b517d|19|65830614659
28629|0x354b517d|20|115839227649
28629|0x8354b517d|21|220516685500
28629|0x18354b517d|22|436934824181
28629|0x18354b517d|23|881651032822
28629|0x58354b517d|24|1739882316418
29105|0x3751|1|212964
29105|0x13751|2|487044
29105|0x33751|3|998266
29105|0x73751|4|2096614
29105|0xf3751|5|3990110
29105|0x1f3751|6|8246547
29105|0x1f3751|7|16455534
29105|0x1f3751|8|32929116
29105|0x1f3751|9|65586269
29105|0x11f3751|10|131444661
29105|0x31f3751|11|243474223
29105|0x31f3751|12|525362892
29105|0x31f3751|13|1048332836
29105|0x131f3751|14|2104172347
29105|0x131f3751|15|4204750788
29105|0x131f3751|16|8440681692
29105|0x131f3751|17|14005032318
29105|0x131f3751|18|28615098547
29105|0x2131f3751|19|57721863632
29105|0x2131f3751|20|108410086435
29105|0x2131f3751|21|218881744236
29105|0x2131f3751|22|447065992352
29105|0x22131f3751|23|866264528757
29105|0x22131f3751|24|1733051043873
29225|0x4a19|1|210703
29225|0x14a19|2|465164
29225|0x14a19|3|1002046
29225|0x54a19|4|1977098
29225|0xd4a19|5|3972835
29225|0xd4a19|6|8172547
29225|0x2d4a19|7|16211082
29225|0x6d4a19|8|32885353
29225|0xed4a19|9|65709848
29225|0x1ed4a19|10|131109415
29225|0x3ed4a19|11|263026358
29225|0x7ed4a19|12|524174636
29225|0x7ed4a19|13|1018158899
29225|0x17ed4a19|14|2102919326
29225|0x17ed4a19|15|4210733030
29225|0x17ed4a19|16|7943786014
29225|0x97ed4a19|17|13388746060
29225|0x97ed4a19|18|27821713044
29225|0x97ed4a19|19|58380727162
29225|0x97ed4a19|20|108555351729
29225|0x97ed4a19|21|218323242120
29225|0x97ed4a19|22|434426637709
29225|0x97ed4a19|23|865449737911
29225|0x4097ed4a19|24|1731559877382
29337|0xc1a9|1|213103
29337|0x1c1a9|2|475480
29337|0x3c1a9|3|1003596
29337|0x7c1a9|4|1847683
29337|0x7c1a9|5|4114892
29337|0x7c1a9|6|8190366
29337|0x27c1a9|7|16266068
29337|0x27c1a9|8|32915627
29337|0x27c1a9|9|65787724
29337|0x27c1a9|10|131599400
29337|0x27c1a9|11|263520695
29337|0x427c1a9|12|527234187
29337|0x427c1a9|13|1036906627
29337|0x1427c1a9|14|2009462804
29337|0x1427c1a9|15|4200670057
29337|0x5427c1a9|16|8413587192
29337|0x5427c1a9|17|16911859379
29337|0x5427c1a9|18|28911253970
29337|0x5427c1a9|19|54417171236
29337|0x45427c1a9|20|109157581634
29337|0x45427c1a9|21|217434559694
29337|0x145427c1a9|22|434189227547
29337|0x345427c1a9|23|865835360883
29337|0x745427c1a9|24|1732384302512
29445|0x61cd|1|187758
29445|0x161cd|2|410588
29445|0x361cd|3|1030265
29445|0x361cd|4|2029077
29445|0x361cd|5|3914232
29445|0x361cd|6|8252021
29445|0x361cd|7|16316066
29445|0x361cd|8|32744583
29445|0x361cd|9|65459742
29445|0x10361cd|10|131018767
29445|0x30361cd|11|262568701
29445|0x70361cd|12|511357230
29445|0xf0361cd|13|1050326630
29445|0x1f0361cd|14|2023643277
29445|0x3f0361cd|15|3571183282
29445|0x7f0361cd|16|8366840445
29445|0x7f0361cd|17|16759972747
29445|0x17f0361cd|18|26614847902
29445|0x37f0361cd|19|53735162597
29445|0x37f0361cd|20|114135382639
29445|0x37f0361cd|21|216824598943
29445|0x37f0361cd|22|434489488092
29445|0x237f0361cd|23|866007176880
29445|0x637f0361cd|24|1731877789628
29561|0x86c9|1|213511
29561|0x86c9|2|466948
29561|0x86c9|3|972350
29561|0x486c9|4|1904285
29561|0x486c9|5|4195889
29561|0x1486c9|6|8201284
29561|0x1486c9|7|16436449
29561|0x5486c9|8|33244467
29561|0xd486c9|9|66118563
29561|0x1d486c9|10|132730501
29561|0x3d486c9|11|265351787
29561|0x3d486c9|12|531695690
29561|0xbd486c9|13|1050766168
29561|0x1bd486c9|14|1667497132
29561|0x3bd486c9|15|3491099951
29561|0x7bd486c9|16|8363571200
29561|0x7bd486c9|17|16803624585
29561|0x17bd486c9|18|27177709145
29561|0x17bd486c9|19|57105295477
29561|0x57bd486c9|20|113561114840
29561|0xd7bd486c9|21|218618044540
29561|0xd7bd486c9|22|432724021676
29561|0xd7bd486c9|23|866146149579
29561|0xd7bd486c9|24|1732808402625
29671|0xefd7|1|213638
29671|0xefd7|2|467847
29671|0x2efd7|3|1008037
29671|0x6efd7|4|2014801
29671|0x6efd7|5|4085338
29671|0x6efd7|6|8327867
29671|0x6efd7|7|16617225
29671|0x6efd7|8|33395127
29671|0x6efd7|9|66603779
29671|0x6efd7|10|133460701
29671|0x6efd7|11|267043758
29671|0x406efd7|12|490749981
29671|0x406efd7|13|1061667862
29671|0x406efd7|14|1737073321
29671|0x406efd7|15|4201272860
29671|0x4406efd7|16|6659880593
29671|0xc406efd7|17|14990075542
29671|0xc406efd7|18|26798385058
29671|0xc406efd7|19|54145302369
29671|0xc406efd7|20|110500866139
29671|0xc406efd7|21|217507248247
29671|0xc406efd7|22|433353989869
29671|0xc406efd7|23|864314403073
29671|0x40c406efd7|24|1732733408948
30139|0x773|1|214504
30139|0x10773|2|470150
30139|0x10773|3|1014424
30139|0x10773|4|1979781
30139|0x90773|5|4117719
30139|0x90773|6|8249983
30139|0x90773|7|16479286
30139|0x90773|8|33280659
30139|0x90773|9|66556210
30139|0x1090773|10|132553201
30139|0x3090773|11|265463865
30139|0x3090773|12|532213382
30139|0xb090773|13|844826532
30139|0x1b090773|14|2127536299
30139|0x3b090773|15|4275829407
30139|0x7b090773|16|7098807240
30139|0x7b090773|17|16972703825
30139|0x17b090773|18|26753557191
30139|0x17b090773|19|53905112154
30139|0x17b090773|20|111029777094
30139|0x17b090773|21|217900680271
30139|0x117b090773|22|432490512189
30139|0x117b090773|23|866984389220
30139|0x117b090773|24|1729849092750
30251|0x9883|1|212391
30251|0x9883|2|468661
30251|0x29883|3|1016150
30251|0x69883|4|1936316
30251|0xe9883|5|4202265
30251|0xe9883|6|8293353
30251|0xe9883|7|16681625
30251|0x4e9883|8|33545404
30251|0xce9883|9|66922663
30251|0x1ce9883|10|133670597
30251|0x1ce9883|11|267716434
30251|0x1ce9883|12|535309511
30251|0x9ce9883|13|1069834074
30251|0x9ce9883|14|1720666632
30251|0x29ce9883|15|4316070265
30251|0x69ce9883|16|7483768435
30251|0x69ce9883|17|13479637199
30251|0x169ce9883|18|26779468965
30251|0x369ce9883|19|54132348437
30251|0x369ce9883|20|109477334308
30251|0xb69ce9883|21|216812537706
30251|0x1b69ce9883|22|434785143340
30251|0x3b69ce9883|23|869619570406
30251|0x7b69ce9883|24|1733770315727
30359|0x6927|1|214610
30359|0x6927|2|471480
30359|0x26927|3|1039595
30359|0x66927|4|1868939
30359|0x66927|5|4229701
30359|0x66927|6|8331721
30359|0x66927|7|16722315
30359|0x466927|8|33461355
30359|0x466927|9|66853381
30359|0x466927|10|133856033
30359|0x2466927|11|267529903
30359|0x6466927|12|535201645
30359|0xe466927|13|906383572
30359|0xe466927|14|2138808250
30359|0x2e466927|15|4270066910
30359|0x6e466927|16|7475438032
30359|0xee466927|17|13719516450
30359|0x1ee466927|18|27611661538
30359|0x1ee466927|19|61610837331
30359|0x1ee466927|20|108889732938
30359|0x9ee466927|21|221158072126
30359|0x19ee466927|22|433781845465
30359|0x39ee466927|23|864440202910
30359|0x39ee466927|24|1728644565733
30477|0x2fc5|1|233993
30477|0x12fc5|2|472049
30477|0x12fc5|3|1019056
30477|0x52fc5|4|1997524
30477|0xd2fc5|5|4130631
30477|0xd2fc5|6|8348534
30477|0x2d2fc5|7|16674891
30477|0x2d2fc5|8|33305891
30477|0xad2fc5|9|66652401
30477|0xad2fc5|10|142952085
30477|0x2ad2fc5|11|266287322
30477|0x6ad2fc5|12|532563500
30477|0xead2fc5|13|1066264688
30477|0xead2fc5|14|1790940814
30477|0xead2fc5|15|4262790746
30477|0x4ead2fc5|16|8519072872
30477|0xcead2fc5|17|14368146756
30477|0x1cead2fc5|18|29135641952
30477|0x3cead2fc5|19|53648590854
30477|0x7cead2fc5|20|108179804997
30477|0xfcead2fc5|21|216124572307
30477|0xfcead2fc5|22|434316745490
30477|0x2fcead2fc5|23|864946598517
30477|0x2fcead2fc5|24|1728403838752
30585|0x42c9|1|185578
30585|0x142c9|2|415997
30585|0x142c9|3|958316
30585|0x542c9|4|2085510
30585|0xd42c9|5|4088053
30585|0x1d42c9|6|8247391
30585|0x3d42c9|7|16580293
30585|0x3d42c9|8|33129123
30585|0x3d42c9|9|66575390
30585|0x13d42c9|10|132826107
30585|0x13d42c9|11|209854929
30585|0x13d42c9|12|532500207
30585|0x13d42c9|13|1038314086
30585|0x113d42c9|14|1717832319
30585|0x313d42c9|15|3691517510
30585|0x713d42c9|16|6914211744
30585|0x713d42c9|17|15323630114
30585|0x1713d42c9|18|27136961624
30585|0x3713d42c9|19|61622169829
30585|0x7713d42c9|20|110783246324
30585|0xf713d42c9|21|216011151819
30585|0x1f713d42c9|22|433637761914
30585|0x1f713d42c9|23|864248876320
30585|0x1f713d42c9|24|1729201147031
30697|0xd059|1|189740
30697|0x1d059|2|416478
30697|0x1d059|3|992089
30697|0x1d059|4|2064186
30697|0x1d059|5|4111885
30697|0x1d059|6|8305028
30697|0x1d059|7|16709185
30697|0x1d059|8|33316707
30697|0x81d059|9|66415531
30697|0x81d059|10|132883744
30697|0x281d059|11|266557971
30697|0x281d059|12|533638658
30697|0x281d059|13|1066490594
30697|0x281d059|14|2131448725
30697|0x2281d059|15|3780198345
30697|0x6281d059|16|6800901927
30697|0x6281d059|17|14381456260
30697|0x6281d059|18|27098222082
30697|0x6281d059|19|53719707691
30697|0x46281d059|20|108006898455
30697|0xc6281d059|21|220044163644
30697|0x1c6281d059|22|434934400901
30697|0x3c6281d059|23|864400686612
30697|0x7c6281d059|24|2525431059981
31189|0xf77d|1|336252
31189|0xf77d|2|748009
31189|0xf77d|3|1645828
31189|0xf77d|4|3265626
31189|0x8f77d|5|6623921
31189|0x18f77d|6|13381579
31189|0x18f77d|7|26891107
31189|0x58f77d|8|53827084
31189|0x58f77d|9|87913549
31189|0x158f77d|10|215027348
31189|0x158f77d|11|430415698
31189|0x558f77d|12|861054641
31189|0x558f77d|13|1490051679
31189|0x558f77d|14|2758627568
31189|0x558f77d|15|5399359612
31189|0x558f77d|16|11147390533
31189|0x8558f77d|17|22153627231
31189|0x8558f77d|18|43352711099
31189|0x28558f77d|19|88541458800
31189|0x28558f77d|20|173695077363
31189|0x28558f77d|21|346182150702
31189|0x28558f77d|22|692441627836
31189|0x228558f77d|23|1384611727717
31189|0x628558f77d|24|2773484675303
31369|0x1bb9|1|340828
31369|0x11bb9|2|749568
31369|0x31bb9|3|1640263
31369|0x31bb9|4|3292549
31369|0x31bb9|5|6609584
31369|0x31bb9|6|13425258
31369|0x231bb9|7|26778106
31369|0x231bb9|8|56875783
31369|0x231bb9|9|107619709
31369|0x231bb9|10|215252272
31369|0x2231bb9|11|341954894
31369|0x2231bb9|12|861476476
31369|0x2231bb9|13|1436240642
31369|0x2231bb9|14|2894644306
31369|0x22231bb9|15|5437968681
31369|0x22231bb9|16|11401063064
31369|0x22231bb9|17|22004090736
31369|0x122231bb9|18|43253419478
31369|0x122231bb9|19|86990479768
31369|0x122231bb9|20|172657733500
31369|0x122231bb9|21|346821954219
31369|0x122231bb9|22|692543336806
31369|0x2122231bb9|23|1384843594501
31369|0x2122231bb9|24|2773106850755
31549|0xb415|1|340884
31549|0x1b415|2|750874
31549|0x3b415|3|1646610
31549|0x3b415|4|3283264
31549|0xbb415|5|6640441
31549|0x1bb415|6|13443912
31549|0x3bb415|7|26881481
31549|0x7bb415|8|42280129
31549|0x7bb415|9|107574624
31549|0x17bb415|10|215381212
31549|0x37bb415|11|430977113
31549|0x77bb415|12|862039845
31549|0xf7bb415|13|1427414686
31549|0xf7bb415|14|2844894932
31549|0x2f7bb415|15|5511897927
31549|0x6f7bb415|16|10840335114
31549|0x6f7bb415|17|21578986783
31549|0x16f7bb415|18|43171833573
31549|0x16f7bb415|19|86691225169
31549|0x16f7bb415|20|173582518982
31549|0x96f7bb415|21|345826928270
31549|0x196f7bb415|22|691929959320
31549|0x396f7bb415|23|1383224372442
31549|0x796f7bb415|24|2782638631054
31731|0x953b|1|338364
31731|0x1953b|2|754943
31731|0x1953b|3|1654829
31731|0x5953b|4|3302894
31731|0x5953b|5|6638972
31731|0x5953b|6|13477122
31731|0x5953b|7|27624862
31731|0x5953b|8|62599135
31731|0x5953b|9|125374926
31731|0x5953b|10|235677498
31731|0x5953b|11|431284566
31731|0x405953b|12|678465979
31731|0x405953b|13|1615571501
31731|0x405953b|14|3058912560
31731|0x405953b|15|5389571368
31731|0x405953b|16|10779505043
31731|0x8405953b|17|22347691252
31731|0x8405953b|18|44546547416
31731|0x8405953b|19|86516768496
31731|0x48405953b|20|174237564229
31731|0xc8405953b|21|348142575050
31731|0x1c8405953b|22|695553341371
31731|0x1c8405953b|23|1388130448511
31731|0x1c8405953b|24|2769365498184
32255|0x81ff|1|342769
32255|0x181ff|2|757108
32255|0x381ff|3|1667342
32255|0x381ff|4|3345860
32255|0xb81ff|5|6686861
32255|0x1b81ff|6|13406925
32255|0x3b81ff|7|26970818
32255|0x7b81ff|8|54025374
32255|0xfb81ff|9|107967448
32255|0x1fb81ff|10|216051390
32255|0x1fb81ff|11|432014093
32255|0x1fb81ff|12|864013548
32255|0x9fb81ff|13|1728345181
32255|0x9fb81ff|14|3485555482
32255|0x9fb81ff|15|5435140237
32255|0x49fb81ff|16|10859442467
32255|0xc9fb81ff|17|21672321718
32255|0x1c9fb81ff|18|43517599696
32255|0x1c9fb81ff|19|86459277278
32255|0x1c9fb81ff|20|172614902849
32255|0x9c9fb81ff|21|345628622850
32255|0x9c9fb81ff|22|691617709039
32255|0x29c9fb81ff|23|1381913183484
32255|0x69c9fb81ff|24|2768464522203
32425|0x599|1|339762
32425|0x10599|2|758607
32425|0x30599|3|1676483
32425|0x30599|4|3348626
32425|0x30599|5|6692864
32425|0x30599|6|13521229
32425|0x30599|7|26916556
32425|0x430599|8|54001482
32425|0x430599|9|107950883
32425|0x1430599|10|187844741
32425|0x3430599|11|432046155
32425|0x7430599|12|790389876
32425|0xf430599|13|1697160170
32425|0x1f430599|14|2720452534
32425|0x3f430599|15|5737413622
32425|0x7f430599|16|10811892357
32425|0x7f430599|17|21644958019
32425|0x17f430599|18|43324124321
32425|0x17f430599|19|86351155604
32425|0x17f430599|20|172660939304
32425|0x17f430599|21|345354637298
32425|0x17f430599|22|690759868097
32425|0x217f430599|23|1380620521091
32425|0x617f430599|24|2770160171737
32611|0xfa4b|1|339961
32611|0xfa4b|2|784622
32611|0xfa4b|3|1644991
32611|0x4fa4b|4|3355103
32611|0xcfa4b|5|6744622
32611|0x1cfa4b|6|13478997
32611|0x3cfa4b|7|27012348
32611|0x7cfa4b|8|53962988
32611|0xfcfa4b|9|106476617
32611|0xfcfa4b|10|216188315
32611|0x2fcfa4b|11|432525014
32611|0x2fcfa4b|12|814046796
32611|0xafcfa4b|13|1419562284
32611|0xafcfa4b|14|3355530255
32611|0xafcfa4b|15|5605442661
32611|0x4afcfa4b|16|10828704887
32611|0xcafcfa4b|17|21966058523
32611|0xcafcfa4b|18|43307429049
32611|0x2cafcfa4b|19|86431658889
32611|0x2cafcfa4b|20|172529763464
32611|0xacafcfa4b|21|344987206226
32611|0xacafcfa4b|22|690443394828
32611|0x2acafcfa4b|23|1380087192077
32611|0x6acafcfa4b|24|2774765833527
32989|0x5775|1|575409
32989|0x25775|2|1372813
32989|0x25775|3|3049672
32989|0x25775|4|6241834
32989|0x25775|5|12733362
32989|0x25775|6|25432348
32989|0x425775|7|51120089
32989|0x425775|8|102155139
32989|0x1425775|9|204399577
32989|0x3425775|10|380910399
32989|0x7425775|11|726461624
32989|0x7425775|12|1379038642
32989|0x17425775|13|2747442184
32989|0x17425775|14|5460549114
32989|0x57425775|15|10780241076
32989|0xd7425775|16|21696300239
32989|0x1d7425775|17|44483228458
32989|0x1d7425775|18|88966361311
32989|0x1d7425775|19|178433210390
32989|0x9d7425775|20|357135785184
32989|0x9d7425775|21|714253672428
32989|0x29d7425775|22|1428556580927
32989|0x69d7425775|23|2862373617897
32989|0x69d7425775|24|5713829117659
33185|0x1a261|1|579773
33185|0x3a261|2|1391010
33185|0x7a261|3|3025211
33185|0x7a261|4|6281125
33185|0x7a261|5|12696970
33185|0x27a261|6|25535633
33185|0x67a261|7|51100549
33185|0x67a261|8|102134564
33185|0x67a261|9|204439386
33185|0x267a261|10|409109783
33185|0x667a261|11|818097221
33185|0x667a261|12|1636407310
33185|0x667a261|13|2950886749
33185|0x667a261|14|5766129305
33185|0x4667a261|15|10968720073
33185|0xc667a261|16|21915892626
33185|0x1c667a261|17|44407201418
33185|0x1c667a261|18|88855693657
33185|0x1c667a261|19|179061887452
33185|0x9c667a261|20|357043167837
33185|0x9c667a261|21|713994327285
33185|0x29c667a261|22|1428006882989
33185|0x69c667a261|23|2862203408680
33185|0xe9c667a261|24|5712870512563
33375|0x599f|1|580211
33375|0x599f|2|1399545
33375|0x4599f|3|3029072
33375|0x4599f|4|6290549
33375|0x4599f|5|12726245
33375|0x24599f|6|25455125
33375|0x24599f|7|51050226
33375|0x24599f|8|102231761
33375|0x124599f|9|204506645
33375|0x324599f|10|355209135
33375|0x324599f|11|818412006
33375|0x324599f|12|1446437835
33375|0x324599f|13|3274843291
33375|0x2324599f|14|5613173623
33375|0x2324599f|15|11034207216
33375|0xa324599f|16|22596953771
33375|0x1a324599f|17|44433570811
33375|0x1a324599f|18|89739284922
33375|0x5a324599f|19|180678852839
33375|0x5a324599f|20|357046905480
33375|0x15a324599f|21|714134284746
33375|0x35a324599f|22|1427572430142
33375|0x75a324599f|23|2867223626063
33375|0xf5a324599f|24|5711651373879
33535|0x7cff|1|580421
33535|0x27cff|2|1380241
33535|0x67cff|3|3061282
33535|0x67cff|4|6311989
33535|0x167cff|5|12736687
33535|0x367cff|6|25490720
33535|0x767cff|7|51141351
33535|0xf67cff|8|102316927
33535|0x1f67cff|9|205121004
33535|0x1f67cff|10|379439135
33535|0x1f67cff|11|818790924
33535|0x1f67cff|12|1637661906
33535|0x1f67cff|13|2826252871
33535|0x21f67cff|14|5514343968
33535|0x21f67cff|15|10830724560
33535|0x21f67cff|16|21581141174
33535|0x121f67cff|17|45894829506
33535|0x121f67cff|18|89150010316
33535|0x121f67cff|19|178502210027
33535|0x121f67cff|20|357949525098
33535|0x121f67cff|21|714283328543
33535|0x2121f67cff|22|1427427238735
33535|0x6121f67cff|23|2874345795867
33535|0x6121f67cff|24|5709967513020
33739|0x109e3|1|582208
33739|0x309e3|2|1408008
33739|0x309e3|3|3077673
33739|0xb09e3|4|6288627
33739|0x1b09e3|5|12772080
33739|0x1b09e3|6|25548227
33739|0x1b09e3|7|51107235
33739|0x9b09e3|8|102206466
33739|0x19b09e3|9|168716919
33739|0x19b09e3|10|409204536
33739|0x59b09e3|11|818619335
33739|0xd9b09e3|12|1637543904
33739|0xd9b09e3|13|3275406760
33739|0x2d9b09e3|14|6539702040
33739|0x2d9b09e3|15|11485359383
33739|0xad9b09e3|16|21619115565
33739|0xad9b09e3|17|44772643566
33739|0xad9b09e3|18|89199738439
33739|0xad9b09e3|19|179517512018
33739|0xad9b09e3|20|354474154522
33739|0xad9b09e3|21|711913023407
33739|0x20ad9b09e3|22|1429350805633
33739|0x60ad9b09e3|23|2854847011439
33739|0xe0ad9b09e3|24|5715628055754
34113|0x10ac1|1|583421
34113|0x30ac1|2|1417214
34113|0x70ac1|3|3090914
34113|0x70ac1|4|6314472
34113|0x70ac1|5|12673006
34113|0x270ac1|6|25537113
34113|0x270ac1|7|51067848
34113|0xa70ac1|8|102292515
34113|0x1a70ac1|9|204758821
34113|0x1a70ac1|10|409752223
34113|0x5a70ac1|11|819986932
34113|0xda70ac1|12|1639495853
34113|0xda70ac1|13|3278703489
34113|0xda70ac1|14|5782123666
34113|0x4da70ac1|15|12180558565
34113|0xcda70ac1|16|21701048827
34113|0xcda70ac1|17|45827823684
34113|0xcda70ac1|18|89383221750
34113|0x4cda70ac1|19|178359593365
34113|0x4cda70ac1|20|357697187116
34113|0x14cda70ac1|21|713507336536
34113|0x34cda70ac1|22|1428441047021
34113|0x74cda70ac1|23|2853707580155
34113|0xf4cda70ac1|24|5713896391471
34287|0x1490f|1|605485
34287|0x1490f|2|1389987
34287|0x1490f|3|3081159
34287|0x9490f|4|5254825
34287|0x9490f|5|12646594
34287|0x29490f|6|25584987
34287|0x29490f|7|51178297
34287|0xa9490f|8|102331109
34287|0x1a9490f|9|204919096
34287|0x1a9490f|10|409792246
34287|0x1a9490f|11|819904474
34287|0x1a9490f|12|1368769374
34287|0x1a9490f|13|3280005571
34287|0x1a9490f|14|5728755899
34287|0x1a9490f|15|11317131318
34287|0x81a9490f|16|21785355507
34287|0x81a9490f|17|43701950711
34287|0x281a9490f|18|89588867749
34287|0x681a9490f|19|179064681726
34287|0x681a9490f|20|358300526894
34287|0x1681a9490f|21|713226273827
34287|0x3681a9490f|22|1426858427819
34287|0x7681a9490f|23|2852873495899
34287|0x7681a9490f|24|5708652151842
34483|0x1987b|1|584259
34483|0x3987b|2|1415223
34483|0x7987b|3|3086939
34483|0x7987b|4|6343463
34483|0x7987b|5|12735033
34483|0x27987b|6|21006271
34483|0x27987b|7|51116606
34483|0xa7987b|8|102439281
34483|0x1a7987b|9|204924299
34483|0x3a7987b|10|410026952
34483|0x3a7987b|11|820033367
34483|0xba7987b|12|1640145487
34483|0xba7987b|13|3280731134
34483|0x2ba7987b|14|5517220003
34483|0x6ba7987b|15|11380870589
34483|0x6ba7987b|16|25471388991
34483|0x16ba7987b|17|44251334964
34483|0x16ba7987b|18|91709437122
34483|0x16ba7987b|19|177616399550
34483|0x96ba7987b|20|358418867242
34483|0x196ba7987b|21|713719750231
34483|0x396ba7987b|22|1426096872125
34483|0x396ba7987b|23|2852073582463
34483|0xb96ba7987b|24|5706393178795
34655|0x1949f|1|578656
34655|0x3949f|2|1414555
34655|0x7949f|3|3091264
34655|0x7949f|4|6356878
34655|0x17949f|5|12764095
34655|0x37949f|6|25562980
34655|0x37949f|7|51282834
34655|0x37949f|8|102582073
34655|0x37949f|9|205094484
34655|0x37949f|10|410123728
34655|0x437949f|11|820442308
34655|0x437949f|12|1625980812
34655|0x437949f|13|2868750315
34655|0x2437949f|14|5538339508
34655|0x6437949f|15|10822730902
34655|0xe437949f|16|24097293548
34655|0xe437949f|17|45855142445
34655|0x2e437949f|18|89050313391
34655|0x6e437949f|19|179182634702
34655|0xee437949f|20|357209889745
34655|0xee437949f|21|713092990770
34655|0x2ee437949f|22|1425697023727
34655|0x6ee437949f|23|2861048189728
34655|0xeee437949f|24|5706812779856
35045|0x1f4ed|1|581616
35045|0x3f4ed|2|1418938
35045|0x3f4ed|3|3105444
35045|0xbf4ed|4|6233212
35045|0x1bf4ed|5|12677471
35045|0x3bf4ed|6|25524660
35045|0x7bf4ed|7|51178791
35045|0x7bf4ed|8|102523199
35045|0x17bf4ed|9|205122581
35045|0x37bf4ed|10|410419466
35045|0x37bf4ed|11|820941234
35045|0xb7bf4ed|12|1641888661
35045|0xb7bf4ed|13|3284156356
35045|0x2b7bf4ed|14|6568386424
35045|0x6b7bf4ed|15|11150749305
35045|0x6b7bf4ed|16|21703260264
35045|0x6b7bf4ed|17|43195831587
35045|0x26b7bf4ed|18|90176502073
35045|0x66b7bf4ed|19|181129282915
35045|0xe6b7bf4ed|20|356343727319
35045|0xe6b7bf4ed|21|712762711289
35045|0xe6b7bf4ed|22|1425083104250
35045|0xe6b7bf4ed|23|2850251945439
35045|0xe6b7bf4ed|24|5712709815115
35233|0x19a61|1|586676
35233|0x19a61|2|1401556
35233|0x19a61|3|3113395
35233|0x19a61|4|6245131
35233|0x19a61|5|12724859
35233|0x219a61|6|25567798
35233|0x619a61|7|51305286
35233|0x619a61|8|102646483
35233|0x1619a61|9|205288934
35233|0x3619a61|10|396103791
35233|0x7619a61|11|719956542
35233|0x7619a61|12|1642569900
35233|0x7619a61|13|3285330359
35233|0x27619a61|14|5954527716
35233|0x27619a61|15|11151477817
35233|0x27619a61|16|21768120587
35233|0x27619a61|17|43257106336
35233|0x27619a61|18|86302146730
35233|0x427619a61|19|179512689308
35233|0x427619a61|20|359251594738
35233|0x1427619a61|21|714501934107
35233|0x1427619a61|22|1425023877052
35233|0x5427619a61|23|2849665272908
35233|0x5427619a61|24|5704639076683
35405|0x1be85|1|586955
35405|0x3be85|2|1403918
35405|0x7be85|3|3116818
35405|0xfbe85|4|6269811
35405|0x1fbe85|5|12709856
35405|0x1fbe85|6|25622670
35405|0x5fbe85|7|51280429
35405|0xdfbe85|8|102501914
35405|0xdfbe85|9|205152899
35405|0xdfbe85|10|410578778
35405|0xdfbe85|11|766941343
35405|0xdfbe85|12|1642722771
35405|0xdfbe85|13|3286302931
35405|0x20dfbe85|14|5528500612
35405|0x20dfbe85|15|11315295688
35405|0xa0dfbe85|16|21589526625
35405|0x1a0dfbe85|17|44248638539
35405|0x3a0dfbe85|18|89278995745
35405|0x3a0dfbe85|19|178459236542
35405|0x3a0dfbe85|20|357286664081
35405|0x13a0dfbe85|21|713100758942
35405|0x33a0dfbe85|22|1424757845809
35405|0x73a0dfbe85|23|2849367267779
35405|0xf3a0dfbe85|24|5667895791153
35595|0x168a3|1|587951
35595|0x168a3|2|1433353
35595|0x168a3|3|3106892
35595|0x168a3|4|6288230
35595|0x168a3|5|12730417
35595|0x2168a3|6|25546981
35595|0x6168a3|7|51194574
35595|0x6168a3|8|102582414
35595|0x6168a3|9|205344010
35595|0x6168a3|10|410893515
35595|0x6168a3|11|816082589
35595|0x86168a3|12|1386954299
35595|0x86168a3|13|2860933764
35595|0x86168a3|14|6574488132
35595|0x486168a3|15|11339145770
35595|0x486168a3|16|22431131794
35595|0x486168a3|17|46171386840
35595|0x486168a3|18|88489937653
35595|0x486168a3|19|181581594145
35595|0x486168a3|20|355956054415
35595|0x10486168a3|21|712483896014
35595|0x10486168a3|22|1431598314128
35595|0x10486168a3|23|2848790974144
35595|0x10486168a3|24|5695942219807
