61|0x15|1|4194
61|0x15|2|7413
61|0x115|3|12130
61|0x315|4|8215
61|0x715|5|10163
61|0x715|6|17431
61|0x1715|7|31502
61|0x1715|8|49258
61|0x1715|9|100028
61|0x9715|10|196608
61|0x9715|11|388337
61|0x9715|12|773984
61|0x49715|13|1560938
61|0xc9715|14|3140778
61|0xc9715|15|14566022
61|0xc9715|16|65890077
61|0xc9715|17|79637972
61|0xc9715|18|98906155
61|0x10c9715|19|168867887
61|0x10c9715|20|364566094
61|0x10c9715|21|437270141
61|0x10c9715|22|1003423386
61|0x10c9715|23|1993388467
61|0x10c9715|24|3897739378
8977|0x2df1|1|112710
8977|0x2df1|2|304291
8977|0x12df1|3|679774
8977|0x12df1|4|1301518
8977|0x52df1|5|2667622
8977|0x52df1|6|5304568
8977|0x52df1|7|10649961
8977|0x252df1|8|22941335
8977|0x652df1|9|51969922
8977|0x652df1|10|103538651
8977|0x652df1|11|206291958
8977|0x652df1|12|411804323
8977|0x4652df1|13|738207713
8977|0x4652df1|14|1402019889
8977|0x4652df1|15|3302349659
8977|0x24652df1|16|5583730486
8977|0x64652df1|17|10892951963
8977|0xe4652df1|18|21800210297
8977|0x1e4652df1|19|46012096324
8977|0x3e4652df1|20|92403444500
8977|0x7e4652df1|21|180993760186
8977|0x7e4652df1|22|357202442863
8977|0x7e4652df1|23|713940188281
8977|0x7e4652df1|24|1425663135813
9207|0xdc7|1|160446
9207|0x8dc7|2|364020
9207|0x18dc7|3|795677
9207|0x38dc7|4|1593735
9207|0x38dc7|5|3202990
9207|0x38dc7|6|6412581
9207|0x138dc7|7|12860427
9207|0x138dc7|8|25737495
9207|0x538dc7|9|51569977
9207|0x538dc7|10|103029443
9207|0x1538dc7|11|206049633
9207|0x1538dc7|12|412504840
9207|0x5538dc7|13|686099981
9207|0x5538dc7|14|1649006737
9207|0x15538dc7|15|2846296601
9207|0x15538dc7|16|5410176359
9207|0x15538dc7|17|10800041218
9207|0x15538dc7|18|21746689143
9207|0x115538dc7|19|45430158316
9207|0x315538dc7|20|89329432898
9207|0x715538dc7|21|178024005469
9207|0x715538dc7|22|356054118974
9207|0x715538dc7|23|712336671232
9207|0x715538dc7|24|1429077775403
10149|0x682d|1|159153
10149|0x682d|2|376911
10149|0x682d|3|806016
10149|0x2682d|4|1573732
10149|0x6682d|5|3214661
10149|0x6682d|6|6451427
10149|0x6682d|7|12982982
10149|0x6682d|8|25908619
10149|0x6682d|9|42157996
10149|0x6682d|10|103690678
10149|0x6682d|11|207462751
10149|0x206682d|12|418689958
10149|0x206682d|13|691567517
10149|0xa06682d|14|1436834419
10149|0x1a06682d|15|3063702590
10149|0x1a06682d|16|5415958867
10149|0x5a06682d|17|10809841849
10149|0x5a06682d|18|21624717514
10149|0x15a06682d|19|43989954311
10149|0x35a06682d|20|88958091774
10149|0x35a06682d|21|177196623298
10149|0x35a06682d|22|355301075013
10149|0x35a06682d|23|709810823629
10149|0x235a06682d|24|1419882467288
11031|0x3ca7|1|161239
11031|0xbca7|2|340770
11031|0x1bca7|3|764300
11031|0x1bca7|4|1578196
11031|0x1bca7|5|3233900
11031|0x9bca7|6|6522895
11031|0x19bca7|7|13060199
11031|0x19bca7|8|26113050
11031|0x19bca7|9|52209924
11031|0x19bca7|10|104351601
11031|0x119bca7|11|208656517
11031|0x119bca7|12|417479693
11031|0x519bca7|13|834997442
11031|0xd19bca7|14|1670227143
11031|0xd19bca7|15|3068710489
11031|0xd19bca7|16|5500157696
11031|0xd19bca7|17|11131278219
11031|0x8d19bca7|18|21945466277
11031|0x8d19bca7|19|43964351458
11031|0x8d19bca7|20|89446514171
11031|0x8d19bca7|21|178408408472
11031|0x8d19bca7|22|351179600359
11031|0x8d19bca7|23|705613028889
11031|0x8d19bca7|24|1413154952383
11227|0x5853|1|162072
11227|0xd853|2|342229
11227|0x1d853|3|768720
11227|0x3d853|4|1610829
11227|0x3d853|5|3233105
11227|0x3d853|6|6528919
11227|0x3d853|7|13052443
11227|0x23d853|8|26115005
11227|0x23d853|9|42138468
11227|0x23d853|10|104500678
11227|0x23d853|11|209077463
11227|0x23d853|12|418113218
11227|0x423d853|13|836244621
11227|0x423d853|14|1541044674
11227|0x1423d853|15|2796037325
11227|0x1423d853|16|5479832293
11227|0x5423d853|17|11326831361
11227|0x5423d853|18|21607601421
11227|0x5423d853|19|43480484135
11227|0x25423d853|20|88233623188
11227|0x25423d853|21|176783922316
11227|0x25423d853|22|352684490020
11227|0x25423d853|23|706766280046
11227|0x225423d853|24|1415461650091
12199|0x817|1|168429
12199|0x8817|2|351334
12199|0x18817|3|793764
12199|0x18817|4|1620047
12199|0x58817|5|3243604
12199|0xd8817|6|6545750
12199|0x1d8817|7|13138124
12199|0x1d8817|8|26262465
12199|0x5d8817|9|52638989
12199|0x5d8817|10|105221319
12199|0x15d8817|11|210432003
12199|0x15d8817|12|420812722
12199|0x15d8817|13|684644328
12199|0x15d8817|14|1676188653
12199|0x115d8817|15|2877725985
12199|0x115d8817|16|6161931208
12199|0x115d8817|17|11112595767
12199|0x915d8817|18|21722987445
12199|0x1915d8817|19|43679682439
12199|0x3915d8817|20|89342315817
12199|0x7915d8817|21|175929066697
12199|0x7915d8817|22|351424480191
12199|0x7915d8817|23|702957216357
12199|0x27915d8817|24|1407833803929
13069|0x53c5|1|170857
13069|0xd3c5|2|357930
13069|0x1d3c5|3|816141
13069|0x1d3c5|4|1664861
13069|0x1d3c5|5|3312006
13069|0x9d3c5|6|6604656
13069|0x19d3c5|7|13247301
13069|0x19d3c5|8|26419774
13069|0x19d3c5|9|52905584
13069|0x99d3c5|10|105806735
13069|0x199d3c5|11|211730973
13069|0x399d3c5|12|423535987
13069|0x799d3c5|13|720719425
13069|0xf99d3c5|14|1363639575
13069|0x1f99d3c5|15|3077647795
13069|0x1f99d3c5|16|5573415855
13069|0x5f99d3c5|17|11029249064
13069|0xdf99d3c5|18|22005281636
13069|0x1df99d3c5|19|44648450357
13069|0x1df99d3c5|20|87348302830
13069|0x5df99d3c5|21|175207860713
13069|0xddf99d3c5|22|350221871628
13069|0xddf99d3c5|23|700446909412
13069|0xddf99d3c5|24|1400702744917
13271|0x6fe7|1|171442
13271|0x6fe7|2|359932
13271|0x16fe7|3|787784
13271|0x16fe7|4|1594823
13271|0x16fe7|5|3271603
13271|0x16fe7|6|6583105
13271|0x16fe7|7|13278147
13271|0x16fe7|8|26497978
13271|0x16fe7|9|43275476
13271|0x816fe7|10|106202665
13271|0x816fe7|11|212014064
13271|0x2816fe7|12|423952335
13271|0x6816fe7|13|847885219
13271|0x6816fe7|14|1695849343
13271|0x6816fe7|15|3181539131
13271|0x6816fe7|16|5495882731
13271|0x46816fe7|17|10994397028
13271|0x46816fe7|18|21693478139
13271|0x146816fe7|19|43294985920
13271|0x346816fe7|20|88214854070
13271|0x746816fe7|21|176049159329
13271|0xf46816fe7|22|350246074422
13271|0xf46816fe7|23|702450578985
13271|0x2f46816fe7|24|1402527410218
14127|0x6fcf|1|173724
14127|0x6fcf|2|367612
14127|0x6fcf|3|784864
14127|0x26fcf|4|1663840
14127|0x26fcf|5|3276895
14127|0xa6fcf|6|6673864
14127|0x1a6fcf|7|13319700
14127|0x3a6fcf|8|26651196
14127|0x7a6fcf|9|53261064
14127|0xfa6fcf|10|106532682
14127|0xfa6fcf|11|213197621
14127|0xfa6fcf|12|426381679
14127|0x4fa6fcf|13|852819786
14127|0xcfa6fcf|14|1655839344
14127|0x1cfa6fcf|15|3419858292
14127|0x3cfa6fcf|16|5503608896
14127|0x3cfa6fcf|17|10835788712
14127|0x3cfa6fcf|18|21966775950
14127|0x13cfa6fcf|19|43294810685
14127|0x13cfa6fcf|20|86497014892
14127|0x53cfa6fcf|21|174390221755
14127|0x53cfa6fcf|22|348627621805
14127|0x153cfa6fcf|23|697778376141
14127|0x153cfa6fcf|24|1394112837864
14329|0x5a49|1|174755
14329|0xda49|2|369136
14329|0xda49|3|787099
14329|0x2da49|4|1669711
14329|0x6da49|5|3297332
14329|0x6da49|6|6647817
14329|0x16da49|7|13336258
14329|0x36da49|8|26696371
14329|0x76da49|9|53344587
14329|0xf6da49|10|106890189
14329|0x1f6da49|11|213463544
14329|0x3f6da49|12|427059678
14329|0x7f6da49|13|867766742
14329|0xff6da49|14|1505438541
14329|0x1ff6da49|15|2844320940
14329|0x3ff6da49|16|5537528813
14329|0x7ff6da49|17|10791002348
14329|0xfff6da49|18|22373303317
14329|0x1fff6da49|19|44005863659
14329|0x1fff6da49|20|88019639464
14329|0x1fff6da49|21|174316867617
14329|0x1fff6da49|22|348487995007
14329|0x11fff6da49|23|697008333762
14329|0x11fff6da49|24|1393311019568
15193|0x5ce9|1|173753
15193|0x5ce9|2|376384
15193|0x5ce9|3|807146
15193|0x25ce9|4|1620504
15193|0x65ce9|5|3345708
15193|0x65ce9|6|6686154
15193|0x65ce9|7|13432986
15193|0x265ce9|8|26867406
15193|0x665ce9|9|48867592
15193|0x665ce9|10|97987733
15193|0x1665ce9|11|195518765
15193|0x1665ce9|12|427107626
15193|0x5665ce9|13|859231104
15193|0xd665ce9|14|1718552123
15193|0xd665ce9|15|2927816846
15193|0xd665ce9|16|5533592351
15193|0x4d665ce9|17|10886432452
15193|0xcd665ce9|18|21988765920
15193|0xcd665ce9|19|43568570893
15193|0x2cd665ce9|20|87454379426
15193|0x2cd665ce9|21|175558422008
15193|0x2cd665ce9|22|347743841980
15193|0x12cd665ce9|23|694043823686
15193|0x32cd665ce9|24|1389319968037
15341|0x59e5|1|177646
15341|0x59e5|2|378016
15341|0x159e5|3|827778
15341|0x159e5|4|1627508
15341|0x159e5|5|3351507
15341|0x959e5|6|6721748
15341|0x959e5|7|13431044
15341|0x2959e5|8|26879241
15341|0x2959e5|9|53713610
15341|0x2959e5|10|107433463
15341|0x2959e5|11|225841344
15341|0x22959e5|12|430377039
15341|0x22959e5|13|821843258
15341|0xa2959e5|14|1533503869
15341|0x1a2959e5|15|3040232483
15341|0x1a2959e5|16|5512137002
15341|0x5a2959e5|17|10928474035
15341|0x5a2959e5|18|21609754995
15341|0x15a2959e5|19|43806563221
15341|0x15a2959e5|20|87411337421
15341|0x15a2959e5|21|174374297468
15341|0x95a2959e5|22|346777896312
15341|0x195a2959e5|23|693639897398
15341|0x195a2959e5|24|1389673397966
16179|0x53fb|1|198518
16179|0xd3fb|2|385378
16179|0x1d3fb|3|826673
16179|0x1d3fb|4|1664399
16179|0x1d3fb|5|3360116
16179|0x9d3fb|6|6739814
16179|0x9d3fb|7|13471776
16179|0x29d3fb|8|27004014
16179|0x29d3fb|9|54037659
16179|0xa9d3fb|10|108075890
16179|0x1a9d3fb|11|229470899
16179|0x1a9d3fb|12|344690599
16179|0x1a9d3fb|13|825142006
16179|0x1a9d3fb|14|1434116720
16179|0x1a9d3fb|15|2954295572
16179|0x21a9d3fb|16|5396078098
16179|0x21a9d3fb|17|11292410345
16179|0xa1a9d3fb|18|21570056987
16179|0x1a1a9d3fb|19|43448774297
16179|0x1a1a9d3fb|20|86535179515
16179|0x5a1a9d3fb|21|172735526239
16179|0xda1a9d3fb|22|346019684228
16179|0xda1a9d3fb|23|691468643049
16179|0xda1a9d3fb|24|1382626862628
16319|0x303f|1|179899
16319|0xb03f|2|385672
16319|0x1b03f|3|829643
16319|0x3b03f|4|1697141
16319|0x3b03f|5|3352915
16319|0x3b03f|6|6764967
16319|0x3b03f|7|13510597
16319|0x23b03f|8|27022054
16319|0x23b03f|9|54167475
16319|0x23b03f|10|108205483
16319|0x123b03f|11|216398432
16319|0x323b03f|12|432884823
16319|0x323b03f|13|890076553
16319|0x323b03f|14|1731474863
16319|0x323b03f|15|3463677124
16319|0x2323b03f|16|5570457963
16319|0x2323b03f|17|11322430938
16319|0x2323b03f|18|21574929316
16319|0x2323b03f|19|44117779288
16319|0x2323b03f|20|86259173790
16319|0x2323b03f|21|172568108862
16319|0x2323b03f|22|346709392536
16319|0x2323b03f|23|690444915062
16319|0x2323b03f|24|1384565790243
16863|0xba1f|1|295218
16863|0xba1f|2|698543
16863|0xba1f|3|1526146
16863|0x4ba1f|4|3166279
16863|0x4ba1f|5|6411333
16863|0x4ba1f|6|12816049
16863|0x24ba1f|7|25584063
16863|0x64ba1f|8|51157124
16863|0x64ba1f|9|102396545
16863|0x164ba1f|10|204758181
16863|0x364ba1f|11|409639707
16863|0x364ba1f|12|819331702
16863|0xb64ba1f|13|1478464950
16863|0xb64ba1f|14|3073313473
16863|0xb64ba1f|15|5503124015
16863|0xb64ba1f|16|10973792965
16863|0x8b64ba1f|17|22021515283
16863|0x8b64ba1f|18|45225146038
16863|0x28b64ba1f|19|89700779525
16863|0x68b64ba1f|20|178580574756
16863|0xe8b64ba1f|21|356921675104
16863|0x1e8b64ba1f|22|713896697876
16863|0x1e8b64ba1f|23|1427933179651
16863|0x1e8b64ba1f|24|2855661761077
17029|0x664d|1|295761
17029|0x1664d|2|698851
17029|0x3664d|3|1555555
17029|0x7664d|4|3150974
17029|0xf664d|5|6366599
17029|0xf664d|6|12775131
17029|0x2f664d|7|25619800
17029|0x2f664d|8|51222040
17029|0x2f664d|9|102428718
17029|0x12f664d|10|204931569
17029|0x32f664d|11|410056471
17029|0x32f664d|12|819828856
17029|0x32f664d|13|1639644423
17029|0x32f664d|14|2760613374
17029|0x232f664d|15|5436302993
17029|0x232f664d|16|10936326205
17029|0xa32f664d|17|23227071391
17029|0x1a32f664d|18|45084780841
17029|0x1a32f664d|19|89282961160
17029|0x5a32f664d|20|178360214542
17029|0x5a32f664d|21|357732209568
17029|0x5a32f664d|22|714530994040
17029|0x5a32f664d|23|1427075582535
17029|0x5a32f664d|24|2854356193969
17207|0xe287|1|324117
17207|0xe287|2|702153
17207|0x2e287|3|1537951
17207|0x2e287|4|3185875
17207|0xae287|5|6357121
17207|0xae287|6|12771503
17207|0x2ae287|7|25552721
17207|0x2ae287|8|51247869
17207|0xaae287|9|102474865
17207|0xaae287|10|205137033
17207|0x2aae287|11|410205692
17207|0x6aae287|12|820494678
17207|0xeaae287|13|1641462108
17207|0xeaae287|14|2713646482
17207|0x2eaae287|15|5433843429
17207|0x6eaae287|16|10879546384
17207|0xeeaae287|17|23040100609
17207|0xeeaae287|18|46082874958
17207|0x2eeaae287|19|89485962760
17207|0x2eeaae287|20|178239532377
17207|0xaeeaae287|21|357348618119
17207|0x1aeeaae287|22|714155351696
17207|0x1aeeaae287|23|1427619457011
17207|0x5aeeaae287|24|2854233630869
17409|0xbc01|1|300429
17409|0x1bc01|2|705873
17409|0x3bc01|3|1563585
17409|0x7bc01|4|3177375
17409|0xfbc01|5|6391846
17409|0xfbc01|6|12831832
17409|0xfbc01|7|25645733
17409|0xfbc01|8|51253783
17409|0xfbc01|9|102529942
17409|0xfbc01|10|205151985
17409|0x20fbc01|11|410449777
17409|0x20fbc01|12|821070439
17409|0x20fbc01|13|1641978128
17409|0x120fbc01|14|2747413686
17409|0x120fbc01|15|5787388804
17409|0x520fbc01|16|11167714865
17409|0xd20fbc01|17|21991872903
17409|0x1d20fbc01|18|44669983787
17409|0x3d20fbc01|19|89071061269
17409|0x3d20fbc01|20|178255653209
17409|0x3d20fbc01|21|356946325407
17409|0x13d20fbc01|22|713368495099
17409|0x33d20fbc01|23|1426865610985
17409|0x33d20fbc01|24|2852177389551
17973|0x5c1d|1|301942
17973|0x15c1d|2|711304
17973|0x15c1d|3|1585448
17973|0x15c1d|4|3168403
17973|0x95c1d|5|6396196
17973|0x95c1d|6|12823573
17973|0x295c1d|7|25688289
17973|0x695c1d|8|51390898
17973|0x695c1d|9|102732165
17973|0x1695c1d|10|205614793
17973|0x3695c1d|11|411224560
17973|0x7695c1d|12|822907992
17973|0xf695c1d|13|1645009078
17973|0xf695c1d|14|2950301105
17973|0xf695c1d|15|5721643911
17973|0xf695c1d|16|10853599041
17973|0xf695c1d|17|22768611366
17973|0xf695c1d|18|43118853255
17973|0x20f695c1d|19|89730775130
17973|0x60f695c1d|20|178340831013
17973|0xe0f695c1d|21|356207412652
17973|0xe0f695c1d|22|712462991553
17973|0x2e0f695c1d|23|1424648022552
17973|0x6e0f695c1d|24|2848579213069
18149|0x6ed|1|302322
18149|0x106ed|2|732739
18149|0x106ed|3|1570837
18149|0x106ed|4|3175656
18149|0x106ed|5|6351383
18149|0x1106ed|6|12815893
18149|0x3106ed|7|25674913
18149|0x7106ed|8|51451610
18149|0x7106ed|9|102859181
18149|0x17106ed|10|205710912
18149|0x37106ed|11|411471886
18149|0x77106ed|12|823318019
18149|0x77106ed|13|1646103548
18149|0x177106ed|14|2954006271
18149|0x377106ed|15|5707662733
18149|0x377106ed|16|11124017286
18149|0xb77106ed|17|21623890480
18149|0x1b77106ed|18|44091869321
18149|0x3b77106ed|19|88753896338
18149|0x7b77106ed|20|178125243879
18149|0x7b77106ed|21|356207641249
18149|0x17b77106ed|22|713092444685
18149|0x37b77106ed|23|1423863286858
18149|0x37b77106ed|24|2847366148969
18329|0x1ca9|1|302937
18329|0x1ca9|2|716216
18329|0x1ca9|3|1577325
18329|0x41ca9|4|3185339
18329|0xc1ca9|5|6385655
18329|0x1c1ca9|6|12866880
18329|0x1c1ca9|7|25703706
18329|0x5c1ca9|8|51444815
18329|0x5c1ca9|9|102898968
18329|0x15c1ca9|10|205923777
18329|0x15c1ca9|11|411836364
18329|0x55c1ca9|12|823690285
18329|0x55c1ca9|13|1478352015
18329|0x55c1ca9|14|3064398177
18329|0x55c1ca9|15|5401952600
18329|0x455c1ca9|16|11091881638
18329|0x455c1ca9|17|22043608295
18329|0x455c1ca9|18|43292126712
18329|0x2455c1ca9|19|89153479306
18329|0x2455c1ca9|20|178943348795
18329|0xa455c1ca9|21|356931444307
18329|0xa455c1ca9|22|712006206376
18329|0x2a455c1ca9|23|1423440558710
18329|0x2a455c1ca9|24|2845852003570
18889|0x2079|1|330112
18889|0x2079|2|723405
18889|0x2079|3|1516279
18889|0x42079|4|3153126
18889|0x42079|5|6371356
18889|0x42079|6|12861119
18889|0x42079|7|25767650
18889|0x42079|8|51545548
18889|0x842079|9|103230893
18889|0x1842079|10|206540998
18889|0x3842079|11|412480975
18889|0x3842079|12|824656243
18889|0x3842079|13|1466008061
18889|0x13842079|14|3002924233
18889|0x13842079|15|6597923611
18889|0x13842079|16|11140354606
18889|0x13842079|17|21693973864
18889|0x13842079|18|43140604986
18889|0x13842079|19|86232754899
18889|0x13842079|20|172555904566
18889|0x13842079|21|353541534832
18889|0x13842079|22|713425538817
18889|0x2013842079|23|1421334957119
18889|0x6013842079|24|2842115809669
19073|0xf581|1|305516
19073|0x1f581|2|725655
19073|0x1f581|3|1541476
19073|0x5f581|4|3137967
19073|0xdf581|5|6407196
19073|0xdf581|6|12820139
19073|0xdf581|7|25727556
19073|0xdf581|8|51537970
19073|0xdf581|9|103077604
19073|0xdf581|10|206276893
19073|0xdf581|11|412600480
19073|0xdf581|12|749635414
19073|0xdf581|13|1540160176
19073|0x100df581|14|3037561484
19073|0x300df581|15|5698281962
19073|0x700df581|16|11699217778
19073|0xf00df581|17|22543475978
19073|0x1f00df581|18|46861684390
19073|0x3f00df581|19|88969675306
19073|0x3f00df581|20|177572021812
19073|0x3f00df581|21|354966741870
19073|0x3f00df581|22|710668249647
19073|0x23f00df581|23|1420628382430
19073|0x23f00df581|24|2840927790453
19245|0x3ca5|1|305809
19245|0x13ca5|2|728991
19245|0x13ca5|3|1527258
19245|0x53ca5|4|3167851
19245|0x53ca5|5|6433196
19245|0x153ca5|6|12879875
19245|0x153ca5|7|25761838
19245|0x153ca5|8|51544774
19245|0x953ca5|9|103138779
19245|0x1953ca5|10|206331606
19245|0x1953ca5|11|412836085
19245|0x1953ca5|12|702840721
19245|0x1953ca5|13|1651600630
19245|0x1953ca5|14|3102312951
19245|0x1953ca5|15|5764968283
19245|0x1953ca5|16|10856458516
19245|0x1953ca5|17|21708314977
19245|0x101953ca5|18|45917917126
19245|0x101953ca5|19|89952593744
19245|0x501953ca5|20|178248201149
19245|0xd01953ca5|21|357012195724
19245|0xd01953ca5|22|709794511375
19245|0xd01953ca5|23|1419522243672
19245|0x4d01953ca5|24|2840370172697
19427|0x51cb|1|306129
19427|0x151cb|2|730559
19427|0x351cb|3|1548328
19427|0x351cb|4|3181690
19427|0xb51cb|5|6352864
19427|0xb51cb|6|12840665
19427|0xb51cb|7|25767384
19427|0xb51cb|8|51587416
19427|0xb51cb|9|103215499
19427|0x10b51cb|10|206549207
19427|0x30b51cb|11|413420804
19427|0x70b51cb|12|826293034
19427|0x70b51cb|13|1652596802
19427|0x170b51cb|14|3305656400
19427|0x170b51cb|15|5421217442
19427|0x570b51cb|16|10891602758
19427|0xd70b51cb|17|21690871465
19427|0x1d70b51cb|18|44532252092
19427|0x3d70b51cb|19|89008060472
19427|0x3d70b51cb|20|178223582130
19427|0xbd70b51cb|21|354777618552
19427|0xbd70b51cb|22|709369089353
19427|0xbd70b51cb|23|1419042300936
19427|0xbd70b51cb|24|2838562800789
20011|0x83|1|304779
20011|0x83|2|736000
20011|0x83|3|1542963
20011|0x83|4|3214322
20011|0x80083|5|6454493
20011|0x80083|6|12893056
20011|0x80083|7|25800904
20011|0x80083|8|51722479
20011|0x880083|9|103480591
20011|0x1880083|10|206943001
20011|0x3880083|11|413911190
20011|0x3880083|12|828953535
20011|0xb880083|13|1658433661
20011|0xb880083|14|2883045001
20011|0x2b880083|15|5412042871
20011|0x6b880083|16|10836798831
20011|0xeb880083|17|21646053091
20011|0x1eb880083|18|44510007343
20011|0x3eb880083|19|88855923292
20011|0x7eb880083|20|177537437046
20011|0xfeb880083|21|354609724829
20011|0x1feb880083|22|708522445148
20011|0x3feb880083|23|1418780695457
20011|0x3feb880083|24|2834983046345
20179|0x395b|1|305059
20179|0x1395b|2|740240
20179|0x1395b|3|1555781
20179|0x5395b|4|3149857
20179|0xd395b|5|6388958
20179|0xd395b|6|12860033
20179|0x2d395b|7|25792113
20179|0x6d395b|8|51705487
20179|0xed395b|9|103462155
20179|0x1ed395b|10|207099391
20179|0x3ed395b|11|414505687
20179|0x7ed395b|12|828582233
20179|0x7ed395b|13|1656679828
20179|0x17ed395b|14|3213343940
20179|0x17ed395b|15|5465833716
20179|0x17ed395b|16|10828440459
20179|0x17ed395b|17|21784510362
20179|0x17ed395b|18|43583565188
20179|0x217ed395b|19|89027570908
20179|0x617ed395b|20|177256913501
20179|0x617ed395b|21|354606928006
20179|0x1617ed395b|22|708547857851
20179|0x1617ed395b|23|1418172447207
20179|0x1617ed395b|24|2834159139531
20361|0xd6b9|1|308558
20361|0xd6b9|2|742865
20361|0x2d6b9|3|1558948
20361|0x2d6b9|4|3157693
20361|0xad6b9|5|6415504
20361|0x1ad6b9|6|12912056
20361|0x3ad6b9|7|25816021
20361|0x7ad6b9|8|51734388
20361|0x7ad6b9|9|103485071
20361|0x7ad6b9|10|207163825
20361|0x27ad6b9|11|414689472
20361|0x67ad6b9|12|735724772
20361|0x67ad6b9|13|1396338960
20361|0x67ad6b9|14|3318135667
20361|0x267ad6b9|15|5410583256
20361|0x267ad6b9|16|10900217489
20361|0xa67ad6b9|17|21550708211
20361|0x1a67ad6b9|18|43871846751
20361|0x3a67ad6b9|19|89621583819
20361|0x7a67ad6b9|20|176790191371
20361|0xfa67ad6b9|21|354704380097
20361|0xfa67ad6b9|22|708194626180
20361|0xfa67ad6b9|23|1416187794086
20361|0x4fa67ad6b9|24|2832831666285
20917|0xd49d|1|310042
20917|0xd49d|2|782641
20917|0xd49d|3|1576110
20917|0x4d49d|4|3190071
20917|0x4d49d|5|6469874
20917|0x14d49d|6|12991294
20917|0x14d49d|7|25939138
20917|0x14d49d|8|42074923
20917|0x14d49d|9|103754838
20917|0x14d49d|10|214181630
20917|0x214d49d|11|415142410
20917|0x214d49d|12|830290989
20917|0x214d49d|13|1548469902
20917|0x1214d49d|14|3321826690
20917|0x3214d49d|15|5409738617
20917|0x3214d49d|16|12003110571
20917|0x3214d49d|17|21657364098
20917|0x3214d49d|18|43256572921
20917|0x3214d49d|19|86524952519
20917|0x43214d49d|20|177059546931
20917|0x43214d49d|21|355817459267
20917|0x143214d49d|22|707778787499
20917|0x343214d49d|23|1416601992008
20917|0x743214d49d|24|1999209276199
21077|0x1afd|1|196253
21077|0x1afd|2|478462
21077|0x21afd|3|1005519
21077|0x21afd|4|1902488
21077|0xa1afd|5|3988180
21077|0xa1afd|6|7991364
21077|0xa1afd|7|15844936
21077|0xa1afd|8|32082285
21077|0xa1afd|9|64233515
21077|0xa1afd|10|128053943
21077|0xa1afd|11|244012717
21077|0xa1afd|12|461341911
21077|0xa1afd|13|1035228296
21077|0xa1afd|14|2069353731
21077|0xa1afd|15|3877702810
21077|0x400a1afd|16|7110574931
21077|0xc00a1afd|17|15561863355
21077|0x1c00a1afd|18|29743020987
21077|0x1c00a1afd|19|55504717138
21077|0x1c00a1afd|20|110450099074
21077|0x9c00a1afd|21|215990246982
21077|0x9c00a1afd|22|433378432295
21077|0x9c00a1afd|23|876578483484
21077|0x49c00a1afd|24|1745518177690
21193|0x6779|1|174513
21193|0x6779|2|442395
21193|0x26779|3|1008124
21193|0x26779|4|2044740
21193|0xa6779|5|3863134
21193|0x1a6779|6|8013204
21193|0x3a6779|7|16095424
21193|0x3a6779|8|32028667
21193|0x3a6779|9|64224399
21193|0x13a6779|10|128161742
21193|0x13a6779|11|256625148
21193|0x53a6779|12|494821475
21193|0x53a6779|13|1026424489
21193|0x153a6779|14|2053074620
21193|0x353a6779|15|3672756809
21193|0x353a6779|16|7591760980
21193|0xb53a6779|17|16256066850
21193|0x1b53a6779|18|27409733715
21193|0x1b53a6779|19|55719939609
21193|0x5b53a6779|20|109634714762
21193|0xdb53a6779|21|215943651841
21193|0x1db53a6779|22|435962059513
21193|0x3db53a6779|23|885943631449
21193|0x3db53a6779|24|1745960199001
21309|0x9c15|1|198254
21309|0x9c15|2|480344
21309|0x9c15|3|1023812
21309|0x9c15|4|2032018
21309|0x9c15|5|3863365
21309|0x9c15|6|8024103
21309|0x9c15|7|16074249
21309|0x409c15|8|31907443
21309|0x409c15|9|64327083
21309|0x409c15|10|128526847
21309|0x2409c15|11|256439134
21309|0x6409c15|12|513789129
21309|0x6409c15|13|1028226052
21309|0x16409c15|14|1734062249
21309|0x16409c15|15|3704800437
21309|0x56409c15|16|7284649705
21309|0xd6409c15|17|14392784451
21309|0xd6409c15|18|28230124928
21309|0x2d6409c15|19|55200984388
21309|0x6d6409c15|20|109185642144
21309|0xed6409c15|21|216623861112
21309|0xed6409c15|22|433423859704
21309|0xed6409c15|23|876299409328
21309|0xed6409c15|24|1745718960606
21411|0x780b|1|198700
21411|0x780b|2|480942
21411|0x780b|3|1011989
21411|0x780b|4|1984955
21411|0x8780b|5|3953154
21411|0x18780b|6|8003234
21411|0x18780b|7|16109741
21411|0x18780b|8|32083676
21411|0x98780b|9|64310066
21411|0x98780b|10|128151162
21411|0x98780b|11|257138167
21411|0x98780b|12|513455536
21411|0x98780b|13|986746853
21411|0x1098780b|14|2055362531
21411|0x1098780b|15|3837461579
21411|0x1098780b|16|8201720771
21411|0x1098780b|17|14211855560
21411|0x1098780b|18|27143109057
21411|0x1098780b|19|54174281879
21411|0x41098780b|20|110202381733
21411|0xc1098780b|21|217240742996
21411|0x1c1098780b|22|434436726170
21411|0x1c1098780b|23|876879702685
21411|0x5c1098780b|24|1746000927696
21891|0x612b|1|199680
21891|0x1612b|2|436865
21891|0x1612b|3|961536
21891|0x1612b|4|1783365
21891|0x9612b|5|4083509
21891|0x19612b|6|8028931
21891|0x19612b|7|15943223
21891|0x59612b|8|32254937
21891|0x59612b|9|64273700
21891|0x159612b|10|128726003
21891|0x359612b|11|257717383
21891|0x759612b|12|514691442
21891|0x759612b|13|976730859
21891|0x1759612b|14|1892444678
21891|0x3759612b|15|3514986551
21891|0x3759612b|16|8052453087
21891|0x3759612b|17|13662371747
21891|0x13759612b|18|27983785439
21891|0x13759612b|19|56748036781
21891|0x13759612b|20|111304051316
21891|0x13759612b|21|216536133437
21891|0x13759612b|22|434057096547
21891|0x13759612b|23|875202218954
21891|0x13759612b|24|1744307130783
22001|0xfb11|1|194997
22001|0x1fb11|2|388243
22001|0x3fb11|3|863701
22001|0x7fb11|4|1938770
22001|0x7fb11|5|4092327
22001|0x7fb11|6|7921718
22001|0x27fb11|7|16073027
22001|0x27fb11|8|32212836
22001|0x27fb11|9|64068646
22001|0x27fb11|10|128834965
22001|0x27fb11|11|256363450
22001|0x427fb11|12|513079900
22001|0x427fb11|13|1029858750
22001|0x1427fb11|14|2059352959
22001|0x1427fb11|15|4119486877
22001|0x5427fb11|16|8190992689
22001|0xd427fb11|17|13982677439
22001|0x1d427fb11|18|27745026021
22001|0x3d427fb11|19|58703548672
22001|0x7d427fb11|20|109983984735
22001|0x7d427fb11|21|216158701034
22001|0x17d427fb11|22|433277711292
22001|0x37d427fb11|23|875277697982
22001|0x37d427fb11|24|1744189633819
22115|0xdb4b|1|185341
22115|0xdb4b|2|441816
22115|0xdb4b|3|965182
22115|0xdb4b|4|2003376
22115|0xdb4b|5|3899367
22115|0xdb4b|6|8075584
22115|0xdb4b|7|16121209
22115|0xdb4b|8|32066589
22115|0xdb4b|9|64477246
22115|0xdb4b|10|128575396
22115|0x200db4b|11|257669248
22115|0x200db4b|12|515050734
22115|0x200db4b|13|1029994282
22115|0x1200db4b|14|1978983256
22115|0x1200db4b|15|4123293977
22115|0x5200db4b|16|7601780855
22115|0x5200db4b|17|14359469097
22115|0x5200db4b|18|27960523805
22115|0x5200db4b|19|55489045602
22115|0x45200db4b|20|111689124410
22115|0xc5200db4b|21|217327903933
22115|0x1c5200db4b|22|433905118761
22115|0x1c5200db4b|23|875333340697
22115|0x1c5200db4b|24|1747217165055
22229|0x327d|1|174135
22229|0x327d|2|392772
22229|0x327d|3|967154
22229|0x327d|4|2026192
22229|0x327d|5|3903204
22229|0x327d|6|8050041
22229|0x20327d|7|15870655
22229|0x60327d|8|31941422
22229|0x60327d|9|63808814
22229|0x160327d|10|127820436
22229|0x360327d|11|256512860
22229|0x360327d|12|512781590
22229|0x360327d|13|1027376611
22229|0x360327d|14|2054710304
22229|0x2360327d|15|3561844506
22229|0x6360327d|16|7447303941
22229|0x6360327d|17|13690721514
22229|0x16360327d|18|27912184023
22229|0x36360327d|19|56408590052
22229|0x76360327d|20|110912288620
22229|0xf6360327d|21|216815733583
22229|0x1f6360327d|22|432793064806
22229|0x1f6360327d|23|967466422556
22229|0x1f6360327d|24|2826107088010
22377|0xa8d9|1|369150
22377|0x1a8d9|2|688069
22377|0x1a8d9|3|1523703
22377|0x1a8d9|4|3192056
22377|0x1a8d9|5|6462122
22377|0x11a8d9|6|13012014
22377|0x31a8d9|7|26038325
22377|0x71a8d9|8|52221348
22377|0x71a8d9|9|104279524
22377|0x171a8d9|10|180454219
22377|0x171a8d9|11|417566842
22377|0x171a8d9|12|746980230
22377|0x971a8d9|13|1670829494
22377|0x971a8d9|14|2707303041
22377|0x971a8d9|15|5465533023
22377|0x971a8d9|16|10847668248
22377|0x8971a8d9|17|21617276261
22377|0x8971a8d9|18|43552496879
22377|0x28971a8d9|19|89467997157
22377|0x28971a8d9|20|178397299980
22377|0x28971a8d9|21|353950396078
22377|0x28971a8d9|22|705334946905
22377|0x28971a8d9|23|1413103921206
22377|0x428971a8d9|24|2827360794062
22923|0x8623|1|315267
22923|0x18623|2|676952
22923|0x38623|3|1537548
22923|0x78623|4|3230460
22923|0xf8623|5|6475430
22923|0x1f8623|6|13016512
22923|0x1f8623|7|26137814
22923|0x5f8623|8|52230609
22923|0xdf8623|9|104504221
22923|0x1df8623|10|209135032
22923|0x3df8623|11|418446951
22923|0x3df8623|12|836900384
22923|0x3df8623|13|1673967963
22923|0x13df8623|14|2794292948
22923|0x13df8623|15|5394640735
22923|0x13df8623|16|10859835820
22923|0x93df8623|17|21599087579
22923|0x193df8623|18|43486371101
22923|0x193df8623|19|88402238986
22923|0x593df8623|20|177582202443
22923|0x593df8623|21|352358824892
22923|0x1593df8623|22|704772681671
22923|0x3593df8623|23|1409132836871
22923|0x3593df8623|24|2820704231338
23099|0x6ef3|1|316305
23099|0x16ef3|2|710755
23099|0x36ef3|3|1542260
23099|0x76ef3|4|3225824
23099|0xf6ef3|5|6455839
23099|0x1f6ef3|6|13069649
23099|0x1f6ef3|7|26091740
23099|0x5f6ef3|8|52320307
23099|0x5f6ef3|9|104736281
23099|0x15f6ef3|10|209293059
23099|0x35f6ef3|11|418600526
23099|0x75f6ef3|12|837370562
23099|0x75f6ef3|13|1369346947
23099|0x75f6ef3|14|2794470318
23099|0x75f6ef3|15|5657734331
23099|0x475f6ef3|16|10893606696
23099|0x475f6ef3|17|21674975375
23099|0x475f6ef3|18|43369761446
23099|0x475f6ef3|19|87526316637
23099|0x475f6ef3|20|177276623990
23099|0x8475f6ef3|21|352572894219
23099|0x8475f6ef3|22|705574538945
23099|0x8475f6ef3|23|1408385320566
23099|0x8475f6ef3|24|2819229094653
23281|0x5611|1|316757
23281|0x15611|2|679938
23281|0x15611|3|1581283
23281|0x55611|4|3212373
23281|0xd5611|5|6503892
23281|0x1d5611|6|13087042
23281|0x3d5611|7|26229509
23281|0x3d5611|8|52374780
23281|0x3d5611|9|104686124
23281|0x3d5611|10|209585233
23281|0x23d5611|11|418886254
23281|0x63d5611|12|698538703
23281|0x63d5611|13|1351365669
23281|0x163d5611|14|3246399848
23281|0x163d5611|15|5413388530
23281|0x163d5611|16|10983254908
23281|0x963d5611|17|21603811217
23281|0x1963d5611|18|43737758437
23281|0x1963d5611|19|88250422217
23281|0x1963d5611|20|179731899338
23281|0x1963d5611|21|351340034514
23281|0x11963d5611|22|704402209960
23281|0x31963d5611|23|1407879451363
23281|0x31963d5611|24|2816818855258
23469|0xc025|1|317233
23469|0x1c025|2|681666
23469|0x1c025|3|1552072
23469|0x5c025|4|3246106
23469|0x5c025|5|6516293
23469|0x15c025|6|13025148
23469|0x15c025|7|26189151
23469|0x15c025|8|52345387
23469|0x15c025|9|104729394
23469|0x15c025|10|209456917
23469|0x215c025|11|343754308
23469|0x615c025|12|838243560
23469|0xe15c025|13|1380186801
23469|0xe15c025|14|2765145497
23469|0xe15c025|15|5399980479
23469|0x4e15c025|16|10892936560
23469|0xce15c025|17|22527300577
23469|0x1ce15c025|18|44206577219
23469|0x3ce15c025|19|88122102428
23469|0x7ce15c025|20|175968309820
23469|0xfce15c025|21|352475258604
23469|0x1fce15c025|22|704246974045
23469|0x1fce15c025|23|1407919767299
23469|0x5fce15c025|24|2817479188456
24021|0xf37d|1|318985
24021|0x1f37d|2|685793
24021|0x1f37d|3|1568171
24021|0x5f37d|4|3178052
24021|0xdf37d|5|6480198
24021|0x1df37d|6|13057448
24021|0x3df37d|7|26233708
24021|0x3df37d|8|52473190
24021|0x3df37d|9|104969241
24021|0x13df37d|10|209960752
24021|0x33df37d|11|420001672
24021|0x73df37d|12|829952928
24021|0xf3df37d|13|1701143049
24021|0x1f3df37d|14|3305924096
24021|0x1f3df37d|15|5418907684
24021|0x1f3df37d|16|11974923820
24021|0x9f3df37d|17|21873839429
24021|0x9f3df37d|18|44845131798
24021|0x29f3df37d|19|87757907378
24021|0x29f3df37d|20|175647504048
24021|0xa9f3df37d|21|351589240845
24021|0x1a9f3df37d|22|703168524105
24021|0x1a9f3df37d|23|1405765495394
24021|0x1a9f3df37d|24|2822692719406
24207|0x6f|1|316128
24207|0x1006f|2|688216
24207|0x1006f|3|1571225
24207|0x1006f|4|3190731
24207|0x9006f|5|6514230
24207|0x19006f|6|13071279
24207|0x39006f|7|26176155
24207|0x39006f|8|52551904
24207|0x39006f|9|105006501
24207|0x39006f|10|210155714
24207|0x239006f|11|420328534
24207|0x639006f|12|754418283
24207|0xe39006f|13|1637139197
24207|0xe39006f|14|2958247379
24207|0x2e39006f|15|5595224032
24207|0x6e39006f|16|10862777011
24207|0xee39006f|17|21643420834
24207|0xee39006f|18|44706581335
24207|0x2ee39006f|19|88155227424
24207|0x6ee39006f|20|175881567713
24207|0xeee39006f|21|351625908637
24207|0x1eee39006f|22|703201614921
24207|0x1eee39006f|23|1405815998437
24207|0x5eee39006f|24|2810744770479
24383|0x10bf|1|320222
24383|0x110bf|2|711983
24383|0x310bf|3|1577333
24383|0x310bf|4|3222790
24383|0xb10bf|5|6495460
24383|0x1b10bf|6|13127862
24383|0x3b10bf|7|26280395
24383|0x7b10bf|8|52592553
24383|0xfb10bf|9|105111614
24383|0x1fb10bf|10|210246786
24383|0x1fb10bf|11|420545064
24383|0x1fb10bf|12|841235711
24383|0x9fb10bf|13|1682456831
24383|0x9fb10bf|14|3055919545
24383|0x29fb10bf|15|5725382861
24383|0x29fb10bf|16|13459087186
24383|0xa9fb10bf|17|21613241450
24383|0xa9fb10bf|18|44804169938
24383|0x2a9fb10bf|19|88325769510
24383|0x6a9fb10bf|20|176623518406
24383|0xea9fb10bf|21|351595418389
24383|0x1ea9fb10bf|22|702337424399
24383|0x3ea9fb10bf|23|1405166607016
24383|0x3ea9fb10bf|24|2810351979522
24559|0xaf0f|1|320368
24559|0xaf0f|2|691403
24559|0x2af0f|3|1615378
24559|0x2af0f|4|3210461
24559|0xaaf0f|5|6515377
24559|0x1aaf0f|6|13060333
24559|0x3aaf0f|7|26264149
24559|0x7aaf0f|8|52543799
24559|0xfaaf0f|9|105086711
24559|0x1faaf0f|10|210344762
24559|0x1faaf0f|11|414472663
24559|0x1faaf0f|12|792571040
24559|0x1faaf0f|13|1480361796
24559|0x1faaf0f|14|2835766654
24559|0x21faaf0f|15|5625765943
24559|0x61faaf0f|16|11109085238
24559|0xe1faaf0f|17|21751348478
24559|0x1e1faaf0f|18|44710653283
24559|0x3e1faaf0f|19|87836554475
24559|0x7e1faaf0f|20|176297938826
24559|0xfe1faaf0f|21|351109158361
24559|0x1fe1faaf0f|22|702967799701
24559|0x3fe1faaf0f|23|1404178153082
24559|0x3fe1faaf0f|24|2809274751883
25123|0x5d8b|1|322593
25123|0x5d8b|2|695881
25123|0x5d8b|3|1612563
25123|0x45d8b|4|3236092
25123|0xc5d8b|5|6472419
25123|0xc5d8b|6|13116087
25123|0xc5d8b|7|26286372
25123|0xc5d8b|8|52637474
25123|0x8c5d8b|9|112765933
25123|0x18c5d8b|10|168558925
25123|0x38c5d8b|11|384624945
25123|0x38c5d8b|12|797306355
25123|0xb8c5d8b|13|1686792349
25123|0x1b8c5d8b|14|2807207338
25123|0x1b8c5d8b|15|5766890243
25123|0x1b8c5d8b|16|10837154928
25123|0x9b8c5d8b|17|21858903003
25123|0x19b8c5d8b|18|43890610219
25123|0x19b8c5d8b|19|88364414691
25123|0x59b8c5d8b|20|176437690180
25123|0x59b8c5d8b|21|350832811593
25123|0x159b8c5d8b|22|701206084245
25123|0x159b8c5d8b|23|1403127991711
25123|0x159b8c5d8b|24|2806468369985
25295|0x642f|1|342627
25295|0x1642f|2|696898
25295|0x3642f|3|1600255
25295|0x3642f|4|3252506
25295|0xb642f|5|6506181
25295|0x1b642f|6|13134584
25295|0x1b642f|7|26254790
25295|0x1b642f|8|52722132
25295|0x9b642f|9|105558811
25295|0x9b642f|10|188527873
25295|0x29b642f|11|392576729
25295|0x29b642f|12|861421133
25295|0xa9b642f|13|1683162017
25295|0x1a9b642f|14|2837046340
25295|0x1a9b642f|15|5579684889
25295|0x1a9b642f|16|10856060160
25295|0x1a9b642f|17|21946179711
25295|0x11a9b642f|18|44147491512
25295|0x11a9b642f|19|87880062215
25295|0x51a9b642f|20|175179045717
25295|0x51a9b642f|21|351107457767
25295|0x151a9b642f|22|701726584031
25295|0x151a9b642f|23|1402507481422
25295|0x551a9b642f|24|2806077478764
25477|0x1d4d|1|319951
25477|0x1d4d|2|695440
25477|0x1d4d|3|1602065
25477|0x41d4d|4|3248970
25477|0xc1d4d|5|5599503
25477|0xc1d4d|6|13119475
25477|0x2c1d4d|7|26376749
25477|0x6c1d4d|8|52700582
25477|0xec1d4d|9|105449081
25477|0xec1d4d|10|180812811
25477|0x2ec1d4d|11|432676397
25477|0x6ec1d4d|12|844090780
25477|0xeec1d4d|13|1601690582
25477|0x1eec1d4d|14|2705777935
25477|0x3eec1d4d|15|5504159149
25477|0x3eec1d4d|16|10854805167
25477|0x3eec1d4d|17|21548165271
25477|0x3eec1d4d|18|43240429121
25477|0x23eec1d4d|19|87824948866
25477|0x23eec1d4d|20|175365012845
25477|0x23eec1d4d|21|350264813457
25477|0x23eec1d4d|22|700764936794
25477|0x23eec1d4d|23|1401098975208
25477|0x23eec1d4d|24|2804919917229
26011|0x7893|1|321072
26011|0x17893|2|703499
26011|0x37893|3|1640379
26011|0x77893|4|3260251
26011|0xf7893|5|6610736
26011|0x1f7893|6|13164932
26011|0x3f7893|7|26340777
26011|0x3f7893|8|52809683
26011|0x3f7893|9|105630646
26011|0x13f7893|10|211405163
26011|0x13f7893|11|422859444
26011|0x53f7893|12|845732629
26011|0xd3f7893|13|1430495522
26011|0x1d3f7893|14|2736329075
26011|0x1d3f7893|15|6777849820
26011|0x5d3f7893|16|11534964774
26011|0xdd3f7893|17|21616828631
26011|0xdd3f7893|18|44917639239
26011|0xdd3f7893|19|88295015420
26011|0xdd3f7893|20|174640108125
26011|0xdd3f7893|21|351878724833
26011|0x10dd3f7893|22|703060575372
26011|0x10dd3f7893|23|1401450062866
26011|0x10dd3f7893|24|2802106264858
26189|0x4285|1|325386
26189|0x14285|2|704323
26189|0x34285|3|1620226
26189|0x74285|4|3293312
26189|0x74285|5|6608076
26189|0x174285|6|13230313
26189|0x174285|7|26435857
26189|0x174285|8|52871150
26189|0x974285|9|105719171
26189|0x974285|10|211526350
26189|0x2974285|11|423106152
26189|0x6974285|12|846229953
26189|0x6974285|13|1442884708
26189|0x6974285|14|2966166503
26189|0x6974285|15|5932165606
26189|0x46974285|16|10902774892
26189|0xc6974285|17|22154443078
26189|0xc6974285|18|44323569681
26189|0xc6974285|19|87230203720
26189|0x4c6974285|20|175275245718
26189|0x4c6974285|21|350423923294
26189|0x14c6974285|22|699720465919
26189|0x34c6974285|23|1399157488619
26189|0x34c6974285|24|2799715240477
26377|0x5739|1|326084
26377|0x15739|2|706111
26377|0x15739|3|1540587
26377|0x55739|4|3162545
26377|0xd5739|5|6509983
26377|0x1d5739|6|13137796
26377|0x3d5739|7|26407220
26377|0x7d5739|8|52940173
26377|0xfd5739|9|102809564
26377|0x1fd5739|10|211641531
26377|0x1fd5739|11|344321368
26377|0x1fd5739|12|846896025
26377|0x1fd5739|13|1458462346
26377|0x1fd5739|14|3312170336
26377|0x1fd5739|15|5459689471
26377|0x1fd5739|16|10790913681
26377|0x1fd5739|17|21626095613
26377|0x101fd5739|18|46909388112
26377|0x301fd5739|19|88417473316
26377|0x301fd5739|20|175423528134
26377|0xb01fd5739|21|350192441178
26377|0x1b01fd5739|22|699974194154
26377|0x1b01fd5739|23|1399754824735
26377|0x5b01fd5739|24|2472750841635
26545|0x8151|1|209013
26545|0x18151|2|448280
26545|0x38151|3|974565
26545|0x78151|4|1977667
26545|0xf8151|5|3754705
26545|0xf8151|6|7625343
26545|0xf8151|7|15150497
26545|0x4f8151|8|30582719
26545|0x4f8151|9|60751541
26545|0x4f8151|10|121507539
26545|0x4f8151|11|242640149
26545|0x44f8151|12|525526519
26545|0xc4f8151|13|1052725163
26545|0xc4f8151|14|2103649972
26545|0xc4f8151|15|4201089604
26545|0xc4f8151|16|8403599741
26545|0x8c4f8151|17|16737654317
26545|0x18c4f8151|18|27173792089
26545|0x38c4f8151|19|54256298616
26545|0x38c4f8151|20|110106629897
26545|0xb8c4f8151|21|217744941370
26545|0x1b8c4f8151|22|438059739762
26545|0x1b8c4f8151|23|864312128632
26545|0x1b8c4f8151|24|1739705870035
27009|0xd681|1|208879
27009|0x1d681|2|453155
27009|0x1d681|3|971711
27009|0x1d681|4|2056191
27009|0x9d681|5|3993079
27009|0x19d681|6|8181444
27009|0x19d681|7|16439211
27009|0x19d681|8|32812126
27009|0x19d681|9|65812716
27009|0x19d681|10|131690767
27009|0x219d681|11|255597959
27009|0x219d681|12|509854545
27009|0xa19d681|13|1052385508
27009|0x1a19d681|14|2104909813
27009|0x1a19d681|15|3659735925
27009|0x5a19d681|16|7519349921
27009|0x5a19d681|17|16823768237
27009|0x5a19d681|18|33394165572
27009|0x25a19d681|19|63502090961
27009|0x65a19d681|20|108026270215
27009|0xe5a19d681|21|219732445627
27009|0x1e5a19d681|22|437336253169
27009|0x1e5a19d681|23|864521877016
27009|0x5e5a19d681|24|1750561307330
27119|0xe50f|1|183681
27119|0x1e50f|2|413150
27119|0x1e50f|3|963389
27119|0x1e50f|4|2035205
27119|0x9e50f|5|3831609
27119|0x19e50f|6|7479247
27119|0x39e50f|7|15094937
27119|0x39e50f|8|30161725
27119|0x39e50f|9|60595449
27119|0x139e50f|10|121112571
27119|0x139e50f|11|263710654
27119|0x539e50f|12|527337334
27119|0x539e50f|13|899105456
27119|0x539e50f|14|1865175385
27119|0x2539e50f|15|4039835419
27119|0x2539e50f|16|8382258997
27119|0xa539e50f|17|13955313660
27119|0x1a539e50f|18|26899695457
27119|0x3a539e50f|19|54550660856
27119|0x7a539e50f|20|108320375428
27119|0xfa539e50f|21|217396860041
27119|0xfa539e50f|22|438662924647
27119|0x2fa539e50f|23|868213396955
27119|0x6fa539e50f|24|1738640860052
27231|0x719f|1|209337
27231|0x719f|2|454389
27231|0x2719f|3|982634
27231|0x6719f|4|2040521
27231|0x6719f|5|3969444
27231|0x16719f|6|8169397
27231|0x36719f|7|16349371
27231|0x76719f|8|32625583
27231|0x76719f|9|65214521
27231|0x176719f|10|130663224
27231|0x376719f|11|261480847
27231|0x776719f|12|522874644
27231|0x776719f|13|1045563924
27231|0x1776719f|14|2099230190
27231|0x1776719f|15|4204018020
27231|0x5776719f|16|8439735869
27231|0xd776719f|17|14157768448
27231|0x1d776719f|18|29024614757
27231|0x3d776719f|19|60780309753
27231|0x7d776719f|20|109742049911
27231|0x7d776719f|21|217228164317
27231|0x7d776719f|22|436492409500
27231|0x27d776719f|23|866828449706
27231|0x27d776719f|24|1737595634561
27343|0x5c2f|1|208970
27343|0x5c2f|2|455109
27343|0x25c2f|3|998357
27343|0x65c2f|4|2044622
27343|0x65c2f|5|4019617
27343|0x165c2f|6|8245618
27343|0x165c2f|7|16492649
27343|0x565c2f|8|32882784
27343|0x565c2f|9|65887439
27343|0x565c2f|10|131593941
27343|0x565c2f|11|263259750
27343|0x565c2f|12|527286986
27343|0x8565c2f|13|1054214195
27343|0x8565c2f|14|1877170928
27343|0x8565c2f|15|3778325198
27343|0x8565c2f|16|6965414245
27343|0x88565c2f|17|13575444640
27343|0x88565c2f|18|28718381298
27343|0x288565c2f|19|54709191807
27343|0x288565c2f|20|107886857895
27343|0x288565c2f|21|216976490868
27343|0x288565c2f|22|435478258686
27343|0x288565c2f|23|863797009205
27343|0x288565c2f|24|1739235235366
27453|0x4415|1|184966
27453|0x14415|2|400997
27453|0x34415|3|941244
27453|0x74415|4|2047388
27453|0x74415|5|4145777
27453|0x174415|6|8342925
27453|0x174415|7|16545247
27453|0x174415|8|33102671
27453|0x174415|9|66042686
27453|0x1174415|10|132381818
27453|0x1174415|11|243736521
27453|0x5174415|12|529299522
27453|0x5174415|13|1058906892
27453|0x15174415|14|1830507153
27453|0x15174415|15|3440439236
27453|0x55174415|16|8078700177
27453|0x55174415|17|13745884265
27453|0x155174415|18|28073245486
27453|0x355174415|19|54161376899
27453|0x755174415|20|108363060032
27453|0x755174415|21|218535726232
27453|0x1755174415|22|436444827129
27453|0x3755174415|23|864109943403
27453|0x7755174415|24|1739769750239
27565|0x3025|1|210178
27565|0x3025|2|456082
27565|0x3025|3|979378
27565|0x3025|4|2065713
27565|0x3025|5|4060463
27565|0x3025|6|8277288
27565|0x3025|7|16552063
27565|0x403025|8|33009133
27565|0xc03025|9|66258881
27565|0xc03025|10|132326819
27565|0x2c03025|11|258834685
27565|0x2c03025|12|449821553
27565|0x2c03025|13|883039827
27565|0x12c03025|14|2126388232
27565|0x12c03025|15|4257411232
27565|0x12c03025|16|8265479833
27565|0x12c03025|17|17014246988
27565|0x112c03025|18|27725104876
27565|0x112c03025|19|58231705574
27565|0x112c03025|20|122420808246
27565|0x112c03025|21|219036063875
27565|0x1112c03025|22|435665857616
27565|0x3112c03025|23|863516108358
27565|0x3112c03025|24|1736912985206
28057|0x96a9|1|185314
28057|0x96a9|2|403747
28057|0x96a9|3|942580
28057|0x96a9|4|2086887
28057|0x96a9|5|4171554
28057|0x96a9|6|8253473
28057|0x96a9|7|16516193
28057|0x96a9|8|33344586
28057|0x8096a9|9|66531516
28057|0x18096a9|10|133216233
28057|0x38096a9|11|266955767
28057|0x38096a9|12|533245842
28057|0xb8096a9|13|1066939480
28057|0xb8096a9|14|2131998392
28057|0x2b8096a9|15|3373165735
28057|0x6b8096a9|16|7898193103
28057|0x6b8096a9|17|13498482705
28057|0x6b8096a9|18|27160195495
28057|0x26b8096a9|19|54028702046
28057|0x26b8096a9|20|113773841930
28057|0xa6b8096a9|21|217278050697
28057|0xa6b8096a9|22|434599968527
28057|0xa6b8096a9|23|864666780730
28057|0xa6b8096a9|24|1739072615660
28167|0x9fb7|1|185622
28167|0x19fb7|2|404337
28167|0x19fb7|3|975343
28167|0x59fb7|4|2093236
28167|0xd9fb7|5|4179882
28167|0xd9fb7|6|8285678
28167|0xd9fb7|7|16587228
28167|0xd9fb7|8|33148853
28167|0xd9fb7|9|66568235
28167|0x10d9fb7|10|133097540
28167|0x30d9fb7|11|266438185
28167|0x30d9fb7|12|532607373
28167|0x30d9fb7|13|938543209
28167|0x130d9fb7|14|2132708264
28167|0x330d9fb7|15|4269798511
28167|0x730d9fb7|16|8529480212
28167|0x730d9fb7|17|16614042735
28167|0x1730d9fb7|18|27600581443
28167|0x3730d9fb7|19|55337957203
28167|0x3730d9fb7|20|109995662924
28167|0xb730d9fb7|21|220935172488
28167|0xb730d9fb7|22|436692673168
28167|0xb730d9fb7|23|865115572595
28167|0x4b730d9fb7|24|1736898614697
28287|0x517f|1|211116
28287|0x1517f|2|460219
28287|0x1517f|3|1009821
28287|0x5517f|4|2073723
28287|0xd517f|5|4032802
28287|0xd517f|6|8332508
28287|0x2d517f|7|16705839
28287|0x2d517f|8|30266647
28287|0xad517f|9|66524521
28287|0x1ad517f|10|137470663
28287|0x3ad517f|11|251680610
28287|0x7ad517f|12|519183966
28287|0xfad517f|13|1065812566
28287|0xfad517f|14|2132123911
28287|0xfad517f|15|4267771322
28287|0x4fad517f|16|6876157673
28287|0x4fad517f|17|14353639542
28287|0x4fad517f|18|27028620722
28287|0x4fad517f|19|54492947026
28287|0x44fad517f|20|109098310861
28287|0x44fad517f|21|218513603708
28287|0x44fad517f|22|434184208269
28287|0x244fad517f|23|866657314557
28287|0x644fad517f|24|1736920300120
28401|0xc211|1|222674
28401|0xc211|2|460937
28401|0x2c211|3|990810
28401|0x6c211|4|2077111
28401|0x6c211|5|4075367
28401|0x6c211|6|8375289
28401|0x6c211|7|16565354
28401|0x46c211|8|33277847
28401|0x46c211|9|66954583
28401|0x46c211|10|137295170
28401|0x246c211|11|267122580
28401|0x646c211|12|550816902
28401|0x646c211|13|980252625
28401|0x1646c211|14|1995130985
28401|0x3646c211|15|3356318031
28401|0x3646c211|16|6983518980
28401|0xb646c211|17|13750810578
28401|0xb646c211|18|27354272511
28401|0x2b646c211|19|53925974418
28401|0x2b646c211|20|107348398113
28401|0x2b646c211|21|221719322897
28401|0x2b646c211|22|433973882036
28401|0x22b646c211|23|866309756353
28401|0x22b646c211|24|1735940445706
28513|0x74a1|1|195642
28513|0x74a1|2|461399
28513|0x274a1|3|1012507
28513|0x274a1|4|2080569
28513|0x274a1|5|4195408
28513|0x274a1|6|8257488
28513|0x274a1|7|16558019
28513|0x274a1|8|30461082
28513|0x8274a1|9|66844891
28513|0x8274a1|10|133436169
28513|0x28274a1|11|266836868
28513|0x68274a1|12|533241731
28513|0xe8274a1|13|1078024869
28513|0x1e8274a1|14|2125471912
28513|0x3e8274a1|15|3631845630
28513|0x7e8274a1|16|6898868688
28513|0xfe8274a1|17|14641412866
28513|0x1fe8274a1|18|32638418857
28513|0x1fe8274a1|19|54111912649
28513|0x5fe8274a1|20|107480020446
28513|0x5fe8274a1|21|217804964781
28513|0x5fe8274a1|22|433697478314
28513|0x25fe8274a1|23|867049768090
28513|0x65fe8274a1|24|1733994787774
28625|0x4931|1|209389
28625|0x4931|2|471682
28625|0x4931|3|991661
28625|0x4931|4|2081799
28625|0x84931|5|4154002
28625|0x84931|6|8338895
28625|0x84931|7|16629229
28625|0x84931|8|30231584
28625|0x884931|9|66765901
28625|0x1884931|10|133460276
28625|0x1884931|11|267340856
28625|0x1884931|12|533410016
28625|0x9884931|13|1068419621
28625|0x9884931|14|2112725706
28625|0x29884931|15|4252805396
28625|0x29884931|16|7319062769
28625|0x29884931|17|17082219434
28625|0x29884931|18|34015775841
28625|0x29884931|19|53702967946
28625|0x429884931|20|111508405541
28625|0xc29884931|21|217110955830
28625|0x1c29884931|22|436159038871
28625|0x1c29884931|23|868875346627
28625|0x1c29884931|24|1737781245446
29097|0xc299|1|212404
29097|0xc299|2|464451
29097|0x2c299|3|999819
29097|0x2c299|4|2116277
29097|0xac299|5|4087652
29097|0xac299|6|8348595
29097|0xac299|7|16836863
29097|0xac299|8|33388181
29097|0xac299|9|66799915
29097|0x10ac299|10|133263771
29097|0x10ac299|11|267289130
29097|0x10ac299|12|534574433
29097|0x10ac299|13|1070207847
29097|0x110ac299|14|1976753191
29097|0x110ac299|15|4114344586
29097|0x110ac299|16|8551135274
29097|0x110ac299|17|13603045474
29097|0x1110ac299|18|28602960516
29097|0x3110ac299|19|61742626909
29097|0x7110ac299|20|107767387691
29097|0x7110ac299|21|216019422810
29097|0x17110ac299|22|433009300665
29097|0x17110ac299|23|872188836850
29097|0x57110ac299|24|1731126493567
29215|0x89df|1|212395
29215|0x89df|2|465114
29215|0x289df|3|1001819
29215|0x689df|4|1901278
29215|0x689df|5|4130634
29215|0x1689df|6|8256391
29215|0x3689df|7|16591378
29215|0x3689df|8|33443594
29215|0x3689df|9|66786598
29215|0x3689df|10|133806003
29215|0x3689df|11|267623233
29215|0x3689df|12|535602193
29215|0x3689df|13|1070934934
29215|0x103689df|14|1885966582
29215|0x103689df|15|3510705135
29215|0x503689df|16|6935216017
29215|0x503689df|17|17101381428
29215|0x503689df|18|34125429086
29215|0x2503689df|19|56042238234
29215|0x2503689df|20|110530045665
29215|0x2503689df|21|223561539149
29215|0x2503689df|22|434264174397
29215|0x2503689df|23|867769579656
29215|0x2503689df|24|1735718576892
29331|0x7b9b|1|236560
29331|0x7b9b|2|463600
29331|0x27b9b|3|1003360
29331|0x27b9b|4|2025845
29331|0xa7b9b|5|3238662
29331|0x1a7b9b|6|8366492
29331|0x1a7b9b|7|16618291
29331|0x5a7b9b|8|33266055
29331|0x5a7b9b|9|66719587
29331|0x15a7b9b|10|133858676
29331|0x35a7b9b|11|267624570
29331|0x35a7b9b|12|534601224
29331|0xb5a7b9b|13|1069554321
29331|0x1b5a7b9b|14|2139521987
29331|0x1b5a7b9b|15|4277046267
29331|0x1b5a7b9b|16|8530252954
29331|0x1b5a7b9b|17|14178517814
29331|0x1b5a7b9b|18|27149636102
29331|0x21b5a7b9b|19|56768990931
29331|0x61b5a7b9b|20|107209847149
29331|0x61b5a7b9b|21|221945555530
29331|0x161b5a7b9b|22|433352068919
29331|0x361b5a7b9b|23|869503303310
29331|0x761b5a7b9b|24|1736567027760
29437|0xba55|1|213398
29437|0xba55|2|479073
29437|0x2ba55|3|922220
29437|0x6ba55|4|1961293
29437|0x6ba55|5|4175817
29437|0x6ba55|6|8287082
29437|0x26ba55|7|16699422
29437|0x66ba55|8|30224583
29437|0xe6ba55|9|66369914
29437|0x1e6ba55|10|132724093
29437|0x1e6ba55|11|265203943
29437|0x1e6ba55|12|530760995
29437|0x1e6ba55|13|1061213977
29437|0x1e6ba55|14|2131125826
29437|0x21e6ba55|15|4272804441
29437|0x61e6ba55|16|7661113331
29437|0xe1e6ba55|17|17067450626
29437|0xe1e6ba55|18|28502900990
29437|0xe1e6ba55|19|60705824995
29437|0xe1e6ba55|20|108586924682
29437|0x8e1e6ba55|21|217939796178
29437|0x8e1e6ba55|22|434260120701
29437|0x28e1e6ba55|23|870187889931
29437|0x28e1e6ba55|24|1741402822714
29555|0xe9bb|1|213084
29555|0xe9bb|2|467005
29555|0xe9bb|3|1006697
29555|0xe9bb|4|1884089
29555|0x8e9bb|5|4188984
29555|0x8e9bb|6|8284941
29555|0x8e9bb|7|16453060
29555|0x8e9bb|8|33479201
29555|0x8e9bb|9|66724915
29555|0x108e9bb|10|133753557
29555|0x108e9bb|11|267886792
29555|0x108e9bb|12|535285350
29555|0x908e9bb|13|1030076965
29555|0x1908e9bb|14|2155249222
29555|0x1908e9bb|15|4284123419
29555|0x5908e9bb|16|8565232291
29555|0x5908e9bb|17|17133564270
29555|0x15908e9bb|18|27616416083
29555|0x35908e9bb|19|53179958404
29555|0x35908e9bb|20|108766681819
29555|0x35908e9bb|21|216797931669
29555|0x35908e9bb|22|433369230424
29555|0x35908e9bb|23|867963856724
29555|0x35908e9bb|24|1737032830871
29665|0x1021|1|213958
29665|0x11021|2|467609
29665|0x31021|3|980604
29665|0x31021|4|1933050
29665|0x31021|5|4185401
29665|0x131021|6|8325119
29665|0x131021|7|16817975
29665|0x131021|8|33577776
29665|0x131021|9|66960092
29665|0x1131021|10|133671317
29665|0x3131021|11|267614498
29665|0x7131021|12|539547584
29665|0xf131021|13|1071842377
29665|0x1f131021|14|2142364285
29665|0x3f131021|15|3527144208
29665|0x3f131021|16|8573379863
29665|0x3f131021|17|16909895264
29665|0x13f131021|18|26748068911
29665|0x33f131021|19|53077471949
29665|0x33f131021|20|108891896672
29665|0x33f131021|21|215849669105
29665|0x133f131021|22|435061313403
29665|0x133f131021|23|872480135418
29665|0x533f131021|24|1731233536381
30131|0x417b|1|214651
30131|0x1417b|2|470187
30131|0x3417b|3|1014176
30131|0x7417b|4|1909583
30131|0x7417b|5|4212963
30131|0x7417b|6|8289824
30131|0x7417b|7|16688179
30131|0x7417b|8|33663111
30131|0x7417b|9|67032448
30131|0x7417b|10|134119515
30131|0x207417b|11|268382309
30131|0x607417b|12|536327107
30131|0xe07417b|13|1069975239
30131|0xe07417b|14|1695588416
30131|0x2e07417b|15|4293793122
30131|0x2e07417b|16|6841341324
30131|0xae07417b|17|14398269563
30131|0x1ae07417b|18|29775308064
30131|0x3ae07417b|19|53170079808
30131|0x7ae07417b|20|107949553493
30131|0xfae07417b|21|215115947643
30131|0xfae07417b|22|434883494364
30131|0xfae07417b|23|867555588816
30131|0xfae07417b|24|1734841125638
30245|0xb5ad|1|214452
30245|0xb5ad|2|482701
30245|0xb5ad|3|1016917
30245|0xb5ad|4|1898532
30245|0x8b5ad|5|4230088
30245|0x8b5ad|6|8303238
30245|0x8b5ad|7|16555259
30245|0x8b5ad|8|30090998
30245|0x8b5ad|9|66645454
30245|0x108b5ad|10|133792096
30245|0x308b5ad|11|266941736
30245|0x708b5ad|12|528294023
30245|0xf08b5ad|13|1073453959
30245|0x1f08b5ad|14|1892697080
30245|0x1f08b5ad|15|3537760131
30245|0x1f08b5ad|16|8589136622
30245|0x9f08b5ad|17|14004261503
30245|0x19f08b5ad|18|27288104310
30245|0x39f08b5ad|19|54100174107
30245|0x79f08b5ad|20|109472013915
30245|0xf9f08b5ad|21|216742317292
30245|0x1f9f08b5ad|22|432937789822
30245|0x3f9f08b5ad|23|866993560797
30245|0x3f9f08b5ad|24|1731079484775
30351|0xe86f|1|187124
30351|0x1e86f|2|414763
30351|0x1e86f|3|951261
30351|0x5e86f|4|2072081
30351|0x5e86f|5|4226728
30351|0x15e86f|6|8330328
30351|0x35e86f|7|16732656
30351|0x75e86f|8|33643686
30351|0x75e86f|9|67102831
30351|0x175e86f|10|134150894
30351|0x375e86f|11|268371079
30351|0x375e86f|12|537620309
30351|0xb75e86f|13|928884105
30351|0xb75e86f|14|2149631252
30351|0xb75e86f|15|3613054226
30351|0x4b75e86f|16|8594991248
30351|0xcb75e86f|17|14299604272
30351|0xcb75e86f|18|33228270860
30351|0x2cb75e86f|19|53415675005
30351|0x2cb75e86f|20|109121166756
30351|0xacb75e86f|21|215625011325
30351|0x1acb75e86f|22|432838190916
30351|0x1acb75e86f|23|865483583964
30351|0x5acb75e86f|24|1732979238077
30467|0x2bab|1|189428
30467|0x12bab|2|415202
30467|0x12bab|3|969177
30467|0x12bab|4|2057455
30467|0x12bab|5|4257921
30467|0x112bab|6|8335297
30467|0x112bab|7|16653822
30467|0x112bab|8|33587156
30467|0x912bab|9|67172290
30467|0x1912bab|10|134427490
30467|0x1912bab|11|268524672
30467|0x1912bab|12|536966382
30467|0x1912bab|13|1074490947
30467|0x1912bab|14|2086388787
30467|0x1912bab|15|4300196972
30467|0x1912bab|16|6823163689
30467|0x81912bab|17|13650387995
30467|0x81912bab|18|27036113723
30467|0x81912bab|19|54079233775
30467|0x481912bab|20|109804960967
30467|0xc81912bab|21|215627009572
30467|0xc81912bab|22|433213623662
30467|0x2c81912bab|23|864942557236
30467|0x6c81912bab|24|1731624289438
30579|0x85bb|1|215077
30579|0x85bb|2|472472
30579|0x285bb|3|1020752
30579|0x685bb|4|2080464
30579|0xe85bb|5|4089403
30579|0x1e85bb|6|8461872
30579|0x3e85bb|7|16712735
30579|0x7e85bb|8|33497562
30579|0x7e85bb|9|67167412
30579|0x17e85bb|10|134076865
30579|0x17e85bb|11|268280175
30579|0x57e85bb|12|537223391
30579|0xd7e85bb|13|1074976552
30579|0xd7e85bb|14|2149482049
30579|0x2d7e85bb|15|4301081379
30579|0x6d7e85bb|16|8599671138
30579|0x6d7e85bb|17|13751762598
30579|0x16d7e85bb|18|28103580673
30579|0x36d7e85bb|19|55978850228
30579|0x36d7e85bb|20|108541555972
30579|0x36d7e85bb|21|215858171684
30579|0x136d7e85bb|22|433391148917
30579|0x336d7e85bb|23|867447692508
30579|0x336d7e85bb|24|1728683618634
30689|0xc21|1|232014
30689|0xc21|2|473241
30689|0x20c21|3|1022104
30689|0x20c21|4|2063939
30689|0x20c21|5|4103309
30689|0x120c21|6|8499955
30689|0x120c21|7|16775970
30689|0x120c21|8|33676141
30689|0x920c21|9|67141360
30689|0x920c21|10|134587337
30689|0x920c21|11|269105069
30689|0x4920c21|12|538032848
30689|0xc920c21|13|979673514
30689|0x1c920c21|14|2141112579
30689|0x1c920c21|15|4283653426
30689|0x1c920c21|16|8604783573
30689|0x1c920c21|17|14134181416
30689|0x11c920c21|18|27215268996
30689|0x31c920c21|19|60433527662
30689|0x71c920c21|20|108663424165
30689|0xf1c920c21|21|221018498208
30689|0x1f1c920c21|22|432413990612
30689|0x3f1c920c21|23|864843682847
30689|0x7f1c920c21|24|1729834460236
31161|0xbc89|1|213916
31161|0x1bc89|2|476535
31161|0x3bc89|3|905111
31161|0x3bc89|4|2061434
31161|0x3bc89|5|4192117
31161|0x13bc89|6|8377294
31161|0x33bc89|7|16715419
31161|0x33bc89|8|33661651
31161|0xb3bc89|9|67210976
31161|0xb3bc89|10|134564207
31161|0x2b3bc89|11|269032291
31161|0x2b3bc89|12|538735593
31161|0xab3bc89|13|1053182427
31161|0x1ab3bc89|14|2153422982
31161|0x1ab3bc89|15|4280273194
31161|0x5ab3bc89|16|8624715863
31161|0xdab3bc89|17|13906109690
31161|0x1dab3bc89|18|27146041817
31161|0x3dab3bc89|19|54226211768
31161|0x3dab3bc89|20|109926288372
31161|0xbdab3bc89|21|224279710268
31161|0x1bdab3bc89|22|431773843504
31161|0x1bdab3bc89|23|863559834671
31161|0x1bdab3bc89|24|1738662189849
31269|0x11ad|1|188746
31269|0x111ad|2|419310
31269|0x111ad|3|1040643
31269|0x511ad|4|2080625
31269|0xd11ad|5|4201130
31269|0x1d11ad|6|8337547
31269|0x3d11ad|7|16780498
31269|0x7d11ad|8|33586049
31269|0xfd11ad|9|67337223
31269|0x1fd11ad|10|133113920
31269|0x1fd11ad|11|268911727
31269|0x5fd11ad|12|499377189
31269|0xdfd11ad|13|1056316129
31269|0xdfd11ad|14|2155708562
31269|0x2dfd11ad|15|4309426702
31269|0x6dfd11ad|16|7442594845
31269|0xedfd11ad|17|13598589429
31269|0x1edfd11ad|18|28603252329
31269|0x3edfd11ad|19|55962293659
31269|0x7edfd11ad|20|113529251951
31269|0x7edfd11ad|21|215849117843
31269|0x17edfd11ad|22|433901799892
31269|0x37edfd11ad|23|863715441640
31269|0x37edfd11ad|24|1731230157252
31383|0xa527|1|190758
31383|0xa527|2|450405
31383|0x2a527|3|1031326
31383|0x6a527|4|2083720
31383|0x6a527|5|4215447
31383|0x6a527|6|8373374
31383|0x26a527|7|16728457
31383|0x26a527|8|33753756
31383|0xa6a527|9|67379631
31383|0x1a6a527|10|134696755
31383|0x1a6a527|11|269379011
31383|0x5a6a527|12|479468661
31383|0x5a6a527|13|1050353580
31383|0x5a6a527|14|2147834564
31383|0x5a6a527|15|3627266829
31383|0x45a6a527|16|6940823137
31383|0xc5a6a527|17|14743938338
31383|0xc5a6a527|18|27489965320
31383|0x2c5a6a527|19|55049768298
31383|0x6c5a6a527|20|107556825397
31383|0x6c5a6a527|21|215635855139
31383|0x16c5a6a527|22|432012239963
31383|0x36c5a6a527|23|865324538227
31383|0x36c5a6a527|24|1730683713566
31495|0x2b7|1|212304
31495|0x2b7|2|475511
31495|0x202b7|3|1032842
31495|0x602b7|4|2109013
31495|0xe02b7|5|4197673
31495|0x1e02b7|6|8385185
31495|0x3e02b7|7|16755971
31495|0x3e02b7|8|30650729
31495|0x3e02b7|9|67544879
31495|0x13e02b7|10|135123590
31495|0x13e02b7|11|269564610
31495|0x53e02b7|12|539654756
31495|0x53e02b7|13|1078155876
31495|0x153e02b7|14|2159224627
31495|0x353e02b7|15|4313928479
31495|0x753e02b7|16|7040123396
31495|0x753e02b7|17|14694167264
31495|0x753e02b7|18|29579173503
31495|0x753e02b7|19|54126483190
31495|0x753e02b7|20|107978736400
31495|0x8753e02b7|21|216386935535
31495|0x18753e02b7|22|435268770804
31495|0x18753e02b7|23|864828200481
31495|0x18753e02b7|24|1731059070379
31609|0xfec9|1|216735
31609|0x1fec9|2|475860
31609|0x1fec9|3|1032285
31609|0x5fec9|4|2112092
31609|0x5fec9|5|4220844
31609|0x5fec9|6|8423542
31609|0x5fec9|7|16793337
31609|0x45fec9|8|30412450
31609|0xc5fec9|9|67321888
31609|0x1c5fec9|10|134598261
31609|0x1c5fec9|11|269872168
31609|0x1c5fec9|12|539306171
31609|0x9c5fec9|13|1079100052
31609|0x9c5fec9|14|2073725472
31609|0x9c5fec9|15|4314643945
31609|0x49c5fec9|16|8630990530
31609|0x49c5fec9|17|13696415064
31609|0x149c5fec9|18|27030743141
31609|0x349c5fec9|19|54031808405
31609|0x349c5fec9|20|110681837002
31609|0x349c5fec9|21|216049417640
31609|0x349c5fec9|22|431854646652
31609|0x349c5fec9|23|864118120993
31609|0x349c5fec9|24|1732245817648
31721|0xc59|1|203691
31721|0xc59|2|478619
31721|0x20c59|3|1035956
31721|0x60c59|4|2113819
31721|0x60c59|5|4072629
31721|0x160c59|6|8387080
31721|0x160c59|7|16806309
31721|0x160c59|8|33738951
31721|0x160c59|9|67361296
31721|0x160c59|10|133862000
31721|0x160c59|11|268234093
31721|0x4160c59|12|537326717
31721|0x4160c59|13|1074139866
31721|0x14160c59|14|1832987667
31721|0x34160c59|15|4073148953
31721|0x34160c59|16|7111033720
31721|0x34160c59|17|15133217527
31721|0x34160c59|18|27423878203
31721|0x234160c59|19|55725375433
31721|0x234160c59|20|108757301282
31721|0xa34160c59|21|216191805899
31721|0x1a34160c59|22|433477600190
31721|0x3a34160c59|23|863983130521
31721|0x3a34160c59|24|1730361405012
32175|0xf94f|1|215892
32175|0xf94f|2|501871
32175|0x2f94f|3|948865
32175|0x6f94f|4|2050535
32175|0x6f94f|5|4249151
32175|0x6f94f|6|9186194
32175|0x6f94f|7|19761315
32175|0x6f94f|8|32581073
32175|0x86f94f|9|61610432
32175|0x86f94f|10|122934052
32175|0x86f94f|11|245399368
32175|0x486f94f|12|493870054
32175|0x486f94f|13|1080456329
32175|0x486f94f|14|1771870940
32175|0x486f94f|15|3896084210
32175|0x486f94f|16|8654297292
32175|0x486f94f|17|17310570440
32175|0x10486f94f|18|27639304639
32175|0x10486f94f|19|55919665848
32175|0x10486f94f|20|108261571982
32175|0x90486f94f|21|216113462101
32175|0x90486f94f|22|432431380641
32175|0x290486f94f|23|862976971593
32175|0x690486f94f|24|1730500012343
32289|0x85e1|1|218478
32289|0x85e1|2|481895
32289|0x285e1|3|1043791
32289|0x285e1|4|2120977
32289|0xa85e1|5|4082555
32289|0xa85e1|6|8380256
32289|0xa85e1|7|16848700
32289|0x4a85e1|8|33737969
32289|0xca85e1|9|67470908
32289|0xca85e1|10|134845455
32289|0xca85e1|11|269865877
32289|0xca85e1|12|539971922
32289|0x8ca85e1|13|1080979999
32289|0x18ca85e1|14|1958046109
32289|0x38ca85e1|15|4327935040
32289|0x38ca85e1|16|7139716874
32289|0x38ca85e1|17|13505279931
32289|0x138ca85e1|18|28518493653
32289|0x138ca85e1|19|58341758954
32289|0x538ca85e1|20|109579324202
32289|0x538ca85e1|21|218788887661
32289|0x538ca85e1|22|436955129209
32289|0x2538ca85e1|23|864539901047
32289|0x6538ca85e1|24|1736154956614
32399|0xe06f|1|216096
32399|0xe06f|2|482538
32399|0xe06f|3|1071662
32399|0x4e06f|4|1964782
32399|0x4e06f|5|4263445
32399|0x14e06f|6|8394802
32399|0x34e06f|7|16959624
32399|0x34e06f|8|33743019
32399|0x34e06f|9|67758850
32399|0x34e06f|10|135306119
32399|0x34e06f|11|270395191
32399|0x434e06f|12|540879679
32399|0x434e06f|13|1080660813
32399|0x434e06f|14|1875167784
32399|0x2434e06f|15|4324465188
32399|0x6434e06f|16|6785598859
32399|0x6434e06f|17|13858361559
32399|0x6434e06f|18|27393569569
32399|0x26434e06f|19|54116285495
32399|0x26434e06f|20|114225258169
32399|0xa6434e06f|21|215679112305
32399|0xa6434e06f|22|432629678651
32399|0x2a6434e06f|23|863579378533
32399|0x2a6434e06f|24|1727753165527
32507|0xdc33|1|192682
32507|0x1dc33|2|452258
32507|0x1dc33|3|1046796
32507|0x5dc33|4|2128022
32507|0x5dc33|5|4270457
32507|0x5dc33|6|8391490
32507|0x25dc33|7|16821948
32507|0x25dc33|8|33796951
32507|0xa5dc33|9|61249540
32507|0x1a5dc33|10|121998149
32507|0x1a5dc33|11|270780628
32507|0x1a5dc33|12|505280014
32507|0x1a5dc33|13|1082410825
32507|0x1a5dc33|14|2163322382
32507|0x1a5dc33|15|4329019219
32507|0x41a5dc33|16|6757670958
32507|0x41a5dc33|17|13805208089
32507|0x41a5dc33|18|32410340290
32507|0x41a5dc33|19|54649046113
32507|0x41a5dc33|20|108085796580
32507|0x41a5dc33|21|217433611413
32507|0x1041a5dc33|22|431100293144
32507|0x1041a5dc33|23|869351832733
32507|0x5041a5dc33|24|1725885320467
32623|0xbf8f|1|216582
32623|0x1bf8f|2|481373
32623|0x3bf8f|3|1046056
32623|0x3bf8f|4|2120258
32623|0xbbf8f|5|4134793
32623|0xbbf8f|6|8421082
32623|0x2bbf8f|7|16915759
32623|0x2bbf8f|8|33825826
32623|0x2bbf8f|9|69230399
32623|0x12bbf8f|10|124847924
32623|0x32bbf8f|11|239688593
32623|0x72bbf8f|12|532192939
32623|0x72bbf8f|13|1082359963
32623|0x172bbf8f|14|1718361384
32623|0x172bbf8f|15|3574189117
32623|0x572bbf8f|16|6759724110
32623|0xd72bbf8f|17|13567656903
32623|0xd72bbf8f|18|28061258875
32623|0xd72bbf8f|19|57650606693
32623|0x4d72bbf8f|20|107888669629
32623|0xcd72bbf8f|21|215598073865
32623|0x1cd72bbf8f|22|435240113157
32623|0x1cd72bbf8f|23|863155101379
32623|0x5cd72bbf8f|24|1728238373351
32733|0xd075|1|218960
32733|0xd075|2|482082
32733|0x2d075|3|1049483
32733|0x2d075|4|2149976
32733|0xad075|5|4133338
32733|0xad075|6|8436679
32733|0xad075|7|16863452
32733|0x4ad075|8|33803486
32733|0x4ad075|9|67329327
32733|0x4ad075|10|134599085
32733|0x24ad075|11|269580557
32733|0x24ad075|12|539193466
32733|0xa4ad075|13|1078220852
32733|0xa4ad075|14|2159158974
32733|0xa4ad075|15|4082858916
32733|0xa4ad075|16|6730385612
32733|0xa4ad075|17|14166085628
32733|0xa4ad075|18|28913176498
32733|0xa4ad075|19|55295270491
32733|0x40a4ad075|20|110810385138
32733|0xc0a4ad075|21|217081329818
32733|0xc0a4ad075|22|431387293319
32733|0xc0a4ad075|23|862222031709
32733|0xc0a4ad075|24|1714093157032
33043|0x1711b|1|372226
33043|0x3711b|2|889716
33043|0x3711b|3|1920250
33043|0x3711b|4|3949958
33043|0x3711b|5|7934304
33043|0x3711b|6|15869055
33043|0x43711b|7|31921205
33043|0x43711b|8|63680240
33043|0x143711b|9|127906929
33043|0x143711b|10|255706625
33043|0x543711b|11|512387098
33043|0x543711b|12|1023252014
33043|0x543711b|13|2044908228
33043|0x2543711b|14|4091665896
33043|0x6543711b|15|7969678978
33043|0xe543711b|16|15673390495
33043|0xe543711b|17|30211248630
33043|0xe543711b|18|56209270733
33043|0xe543711b|19|122287546570
33043|0x8e543711b|20|220581973617
33043|0x18e543711b|21|441703718983
33043|0x38e543711b|22|878559798478
33043|0x78e543711b|23|1768129314321
33043|0xf8e543711b|24|3497386608963
33153|0x1be81|1|375200
33153|0x1be81|2|874957
33153|0x1be81|3|1640990
33153|0x1be81|4|3749141
33153|0x1be81|5|7818441
33153|0x21be81|6|15790435
33153|0x21be81|7|31367622
33153|0x21be81|8|62917487
33153|0x21be81|9|125688647
33153|0x221be81|10|251391926
33153|0x621be81|11|503353418
33153|0xe21be81|12|1006430490
33153|0xe21be81|13|2013354127
33153|0x2e21be81|14|4026769554
33153|0x6e21be81|15|6849899376
33153|0xee21be81|16|13307029978
33153|0x1ee21be81|17|32232159771
33153|0x1ee21be81|18|55591403066
33153|0x1ee21be81|19|109160913026
33153|0x9ee21be81|20|219804050684
33153|0x9ee21be81|21|441810102595
33153|0x9ee21be81|22|879772998814
33153|0x9ee21be81|23|1768985876392
33153|0x9ee21be81|24|3498428208009
33281|0x17e01|1|369069
33281|0x37e01|2|857807
33281|0x37e01|3|1747420
33281|0x37e01|4|3883435
33281|0x37e01|5|7773126
33281|0x37e01|6|15632061
33281|0x37e01|7|31397530
33281|0x37e01|8|63013596
33281|0x37e01|9|125859339
33281|0x2037e01|10|252131043
33281|0x2037e01|11|503336884
33281|0xa037e01|12|1006570539
33281|0x1a037e01|13|1991049736
33281|0x3a037e01|14|4027696124
33281|0x3a037e01|15|8055762456
33281|0x3a037e01|16|13901910546
33281|0x3a037e01|17|29316681481
33281|0x23a037e01|18|56226038132
33281|0x23a037e01|19|109458810296
33281|0xa3a037e01|20|219924198335
33281|0xa3a037e01|21|440550597808
33281|0xa3a037e01|22|878679870540
33281|0xa3a037e01|23|1764522297384
33281|0x8a3a037e01|24|3498088419108
33377|0x1a1a1|1|365682
33377|0x3a1a1|2|876901
33377|0x7a1a1|3|1949256
33377|0xfa1a1|4|3733712
33377|0xfa1a1|5|7861695
33377|0xfa1a1|6|15740141
33377|0xfa1a1|7|31326335
33377|0xfa1a1|8|62977713
33377|0xfa1a1|9|125851629
33377|0x20fa1a1|10|251656836
33377|0x20fa1a1|11|503539621
33377|0xa0fa1a1|12|1006964578
33377|0xa0fa1a1|13|2014441378
33377|0xa0fa1a1|14|4028645946
33377|0x4a0fa1a1|15|8058047953
33377|0x4a0fa1a1|16|16114912650
33377|0x4a0fa1a1|17|32119405615
33377|0x4a0fa1a1|18|65296076707
33377|0x4a0fa1a1|19|111624313106
33377|0x84a0fa1a1|20|222896821815
33377|0x84a0fa1a1|21|441400421897
33377|0x84a0fa1a1|22|879776127622
33377|0x484a0fa1a1|23|1768472737850
33377|0x484a0fa1a1|24|3495506551029
33497|0x1dd69|1|369123
33497|0x1dd69|2|874273
33497|0x5dd69|3|1824968
33497|0xddd69|4|3903047
33497|0x1ddd69|5|7858895
33497|0x1ddd69|6|15601391
33497|0x5ddd69|7|31524895
33497|0x5ddd69|8|62908186
33497|0x5ddd69|9|125599255
33497|0x25ddd69|10|252196085
33497|0x65ddd69|11|503528796
33497|0x65ddd69|12|1006581129
33497|0x165ddd69|13|1975410852
33497|0x365ddd69|14|4029676848
33497|0x765ddd69|15|8058821539
33497|0x765ddd69|16|16101901615
33497|0x765ddd69|17|27556378609
33497|0x765ddd69|18|57667103460
33497|0x765ddd69|19|109210470180
33497|0x765ddd69|20|217903407285
33497|0x765ddd69|21|441060794258
33497|0x765ddd69|22|879431484876
33497|0x765ddd69|23|1766588428885
33497|0x80765ddd69|24|3496288119968
33601|0xcc1|1|364994
33601|0x20cc1|2|895906
33601|0x60cc1|3|1932330
33601|0x60cc1|4|3762846
33601|0x160cc1|5|7886457
33601|0x360cc1|6|15726589
33601|0x760cc1|7|31335481
33601|0xf60cc1|8|62994279
33601|0x1f60cc1|9|126321220
33601|0x1f60cc1|10|252132668
33601|0x1f60cc1|11|504751372
33601|0x9f60cc1|12|1007649146
33601|0x19f60cc1|13|1738095238
33601|0x19f60cc1|14|4028808622
33601|0x19f60cc1|15|8062788317
33601|0x99f60cc1|16|13738538889
33601|0x99f60cc1|17|29194850479
33601|0x99f60cc1|18|55827558205
33601|0x99f60cc1|19|108902046605
33601|0x99f60cc1|20|219884481071
33601|0x1099f60cc1|21|442688944091
33601|0x1099f60cc1|22|879120282233
33601|0x1099f60cc1|23|1764570575887
33601|0x1099f60cc1|24|3495953972184
33711|0xb34f|1|369891
33711|0xb34f|2|879723
33711|0x4b34f|3|1871651
33711|0xcb34f|4|3843038
33711|0x1cb34f|5|7876102
33711|0x3cb34f|6|15685558
33711|0x7cb34f|7|31472113
33711|0x7cb34f|8|62959153
33711|0x17cb34f|9|125804807
33711|0x17cb34f|10|251877410
33711|0x57cb34f|11|504200094
33711|0x57cb34f|12|1007513410
33711|0x157cb34f|13|2015163945
33711|0x157cb34f|14|4032739570
33711|0x157cb34f|15|8062252632
33711|0x957cb34f|16|14747808633
33711|0x1957cb34f|17|32536097237
33711|0x1957cb34f|18|56203425209
33711|0x5957cb34f|19|109023512312
33711|0x5957cb34f|20|218324706969
33711|0x15957cb34f|21|443792993966
33711|0x15957cb34f|22|878384534948
33711|0x55957cb34f|23|1765733930514
33711|0x55957cb34f|24|3498168538031
34025|0x9359|1|345225
34025|0x9359|2|899948
34025|0x9359|3|1941466
34025|0x9359|4|3791679
34025|0x9359|5|7832145
34025|0x9359|6|15750865
34025|0x9359|7|31428810
34025|0x809359|8|62997955
34025|0x1809359|9|125998941
34025|0x3809359|10|251744000
34025|0x7809359|11|503357175
34025|0x7809359|12|1008088973
34025|0x7809359|13|2015568331
34025|0x27809359|14|4033258645
34025|0x67809359|15|7129100859
34025|0xe7809359|16|16132568089
34025|0x1e7809359|17|28131597980
34025|0x3e7809359|18|56409657984
34025|0x7e7809359|19|118926238109
34025|0x7e7809359|20|222104625566
34025|0x17e7809359|21|441869062944
34025|0x37e7809359|22|888611998330
34025|0x77e7809359|23|1764144503078
34025|0xf7e7809359|24|3493175958296
34137|0x172e9|1|326552
34137|0x172e9|2|777009
34137|0x572e9|3|1955325
34137|0xd72e9|4|3880605
34137|0xd72e9|5|7741724
34137|0x2d72e9|6|15656966
34137|0x2d72e9|7|31302517
34137|0xad72e9|8|62594227
34137|0x1ad72e9|9|125237810
34137|0x3ad72e9|10|250875285
34137|0x7ad72e9|11|501599583
34137|0xfad72e9|12|1004494721
34137|0x1fad72e9|13|2008591141
34137|0x3fad72e9|14|3436542581
34137|0x7fad72e9|15|8029259641
34137|0xffad72e9|16|13249061626
34137|0xffad72e9|17|32135773353
34137|0x2ffad72e9|18|55383489109
34137|0x2ffad72e9|19|113305379575
34137|0x2ffad72e9|20|221669873267
34137|0x2ffad72e9|21|441922800955
34137|0x22ffad72e9|22|878246967766
34137|0x22ffad72e9|23|1764238339975
34137|0x22ffad72e9|24|3496848074453
34251|0x77e3|1|371450
34251|0x77e3|2|890290
34251|0x77e3|3|1752224
34251|0x877e3|4|3983715
34251|0x877e3|5|7684792
34251|0x877e3|6|15638561
34251|0x877e3|7|31320586
34251|0x877e3|8|62471416
34251|0x10877e3|9|125291538
34251|0x10877e3|10|250363712
34251|0x10877e3|11|501206512
34251|0x90877e3|12|1001808880
34251|0x190877e3|13|1999236195
34251|0x190877e3|14|4017205782
34251|0x590877e3|15|6815070237
34251|0x590877e3|16|16095491257
34251|0x590877e3|17|27980842741
34251|0x590877e3|18|56156241069
34251|0x590877e3|19|108415945367
34251|0x8590877e3|20|217877589186
34251|0x8590877e3|21|439449731782
34251|0x28590877e3|22|877370851029
34251|0x68590877e3|23|1762916322753
34251|0x68590877e3|24|3494504729847
34361|0x18809|1|353069
34361|0x18809|2|698061
34361|0x58809|3|1818995
34361|0x58809|4|3845084
34361|0x158809|5|7865030
34361|0x158809|6|15643690
34361|0x158809|7|31232156
34361|0x158809|8|62766610
34361|0x158809|9|125257268
34361|0x2158809|10|250464524
34361|0x6158809|11|500757142
34361|0x6158809|12|1002683137
34361|0x6158809|13|2004395788
34361|0x26158809|14|4008760049
34361|0x66158809|15|8017626204
34361|0x66158809|16|16060729524
34361|0x66158809|17|28097333992
34361|0x266158809|18|58042104780
34361|0x266158809|19|110586516682
34361|0xa66158809|20|218210507025
34361|0xa66158809|21|441883556031
34361|0xa66158809|22|877608794453
34361|0x4a66158809|23|1762995614085
34361|0x4a66158809|24|3495041510011
34467|0x15d0b|1|367408
34467|0x35d0b|2|885743
34467|0x35d0b|3|1788911
34467|0xb5d0b|4|3969620
34467|0x1b5d0b|5|7861037
34467|0x3b5d0b|6|15524056
34467|0x3b5d0b|7|31559808
34467|0xbb5d0b|8|62912485
34467|0xbb5d0b|9|125736708
34467|0x2bb5d0b|10|252080244
34467|0x2bb5d0b|11|504330848
34467|0x2bb5d0b|12|1010004196
34467|0x12bb5d0b|13|1974349430
34467|0x12bb5d0b|14|4020375292
34467|0x12bb5d0b|15|8018777155
34467|0x12bb5d0b|16|16039435949
34467|0x12bb5d0b|17|30836209161
34467|0x212bb5d0b|18|59509869160
34467|0x212bb5d0b|19|111215239187
34467|0x212bb5d0b|20|230731608704
34467|0x212bb5d0b|21|442004860692
34467|0x2212bb5d0b|22|877951467456
34467|0x2212bb5d0b|23|1764095291432
34467|0xa212bb5d0b|24|3494615665808
34585|0x1e529|1|351929
34585|0x1e529|2|780084
34585|0x1e529|3|1881235
34585|0x9e529|4|3847886
34585|0x19e529|5|7899418
34585|0x39e529|6|15651186
34585|0x39e529|7|31394764
34585|0xb9e529|8|62639247
34585|0xb9e529|9|125437633
34585|0x2b9e529|10|250652490
34585|0x6b9e529|11|501676874
34585|0x6b9e529|12|929026435
34585|0x16b9e529|13|1917135995
34585|0x16b9e529|14|4011895007
34585|0x56b9e529|15|7137403437
34585|0xd6b9e529|16|13708909466
34585|0x1d6b9e529|17|31931232872
34585|0x3d6b9e529|18|55945336838
34585|0x7d6b9e529|19|109584489378
34585|0x7d6b9e529|20|226594024021
34585|0x7d6b9e529|21|441646925106
34585|0x7d6b9e529|22|878420659855
34585|0x7d6b9e529|23|1766814388231
34585|0x7d6b9e529|24|3493222711753
34693|0x594d|1|371611
34693|0x2594d|2|906081
34693|0x2594d|3|1821529
34693|0x2594d|4|3968115
34693|0x12594d|5|7732172
34693|0x32594d|6|15699340
34693|0x72594d|7|31264884
34693|0xf2594d|8|62651520
34693|0x1f2594d|9|125279903
34693|0x1f2594d|10|250674462
34693|0x1f2594d|11|501641854
34693|0x1f2594d|12|1002622232
34693|0x11f2594d|13|1987107796
34693|0x31f2594d|14|4011595197
34693|0x71f2594d|15|8023062271
34693|0x71f2594d|16|16119500602
34693|0x71f2594d|17|32193263383
34693|0x271f2594d|18|60798523461
34693|0x671f2594d|19|112645566563
34693|0x671f2594d|20|218657643892
34693|0x1671f2594d|21|439604909113
34693|0x1671f2594d|22|880781767480
34693|0x5671f2594d|23|1765642376720
34693|0x5671f2594d|24|3497052688703
34805|0xac5d|1|327331
34805|0x2ac5d|2|781742
34805|0x6ac5d|3|1974395
34805|0xeac5d|4|3840841
34805|0x1eac5d|5|7921798
34805|0x1eac5d|6|15584165
34805|0x5eac5d|7|31281646
34805|0xdeac5d|8|62784706
34805|0xdeac5d|9|125598695
34805|0x2deac5d|10|250924766
34805|0x6deac5d|11|456929006
34805|0x6deac5d|12|1003449109
34805|0x6deac5d|13|2007303185
34805|0x6deac5d|14|3477469329
34805|0x6deac5d|15|6643999115
34805|0x6deac5d|16|13601696984
34805|0x6deac5d|17|26310188457
34805|0x206deac5d|18|55957052474
34805|0x206deac5d|19|110569996285
34805|0x206deac5d|20|226551453807
34805|0x1206deac5d|21|439295446510
34805|0x3206deac5d|22|879660403516
34805|0x3206deac5d|23|1764772332902
34805|0xb206deac5d|24|3496957215558
35127|0x17c87|1|372571
35127|0x37c87|2|878286
35127|0x77c87|3|1758571
35127|0x77c87|4|3860237
35127|0x77c87|5|7704515
35127|0x77c87|6|15561905
35127|0x477c87|7|31231128
35127|0x477c87|8|51167689
35127|0x1477c87|9|119737125
35127|0x1477c87|10|249962077
35127|0x1477c87|11|499847865
35127|0x9477c87|12|999678499
35127|0x9477c87|13|1668123288
35127|0x9477c87|14|3999407097
35127|0x49477c87|15|6807210686
35127|0x49477c87|16|16010450361
35127|0x149477c87|17|30091857824
35127|0x349477c87|18|66135556850
35127|0x749477c87|19|111754607740
35127|0xf49477c87|20|225282986608
35127|0xf49477c87|21|439918440876
35127|0xf49477c87|22|878162113658
35127|0xf49477c87|23|1762913076935
35127|0x8f49477c87|24|3507827349404
35235|0xf20b|1|372911
35235|0x2f20b|2|803650
35235|0x2f20b|3|1877781
35235|0xaf20b|4|3818989
35235|0xaf20b|5|7809080
35235|0xaf20b|6|15603907
35235|0xaf20b|7|31335160
35235|0x8af20b|8|62464882
35235|0x8af20b|9|125077615
35235|0x8af20b|10|250319398
35235|0x48af20b|11|463145911
35235|0x48af20b|12|1001406667
35235|0x48af20b|13|2004453983
35235|0x48af20b|14|4006918273
35235|0x448af20b|15|8029221882
35235|0x448af20b|16|15002820148
35235|0x448af20b|17|29490313570
35235|0x2448af20b|18|54807532234
35235|0x2448af20b|19|118456150969
35235|0x2448af20b|20|221117758495
35235|0x2448af20b|21|445062224349
35235|0x22448af20b|22|877472508417
35235|0x22448af20b|23|1761918741525
35235|0xa2448af20b|24|3495413169397
35349|0x1f53d|1|368469
35349|0x1f53d|2|785633
35349|0x5f53d|3|1884697
35349|0x5f53d|4|3940756
35349|0x15f53d|5|7666851
35349|0x15f53d|6|15650336
35349|0x15f53d|7|31229697
35349|0x15f53d|8|62679477
35349|0x15f53d|9|124817108
35349|0x15f53d|10|250937328
35349|0x15f53d|11|501936265
35349|0x815f53d|12|1004143816
35349|0x815f53d|13|2007635499
35349|0x815f53d|14|4015459226
35349|0x815f53d|15|8056237678
35349|0x8815f53d|16|13216464151
35349|0x18815f53d|17|29490563279
35349|0x18815f53d|18|57043560550
35349|0x58815f53d|19|109041498618
35349|0x58815f53d|20|225716507350
35349|0x158815f53d|21|439537257822
35349|0x358815f53d|22|879562747348
35349|0x758815f53d|23|1764415859812
35349|0x758815f53d|24|3492364287089
35461|0x1de4d|1|328371
35461|0x3de4d|2|889807
35461|0x3de4d|3|1987081
35461|0xbde4d|4|3767703
35461|0xbde4d|5|7833184
35461|0xbde4d|6|15631789
35461|0xbde4d|7|31424385
35461|0xbde4d|8|62634001
35461|0xbde4d|9|125338455
35461|0xbde4d|10|250898420
35461|0x40bde4d|11|501735409
35461|0x40bde4d|12|1004795738
35461|0x40bde4d|13|1813548583
35461|0x40bde4d|14|3629438112
35461|0x40bde4d|15|8033579167
35461|0x840bde4d|16|16095821154
35461|0x1840bde4d|17|29602091482
35461|0x1840bde4d|18|59163055627
35461|0x1840bde4d|19|115608809383
35461|0x9840bde4d|20|219833223832
35461|0x9840bde4d|21|449005627095
35461|0x29840bde4d|22|877092353289
35461|0x69840bde4d|23|1983752199978
35461|0x69840bde4d|24|5703893321260
35611|0xd713|1|644471
35611|0x2d713|2|1406970
35611|0x6d713|3|3130206
35611|0x6d713|4|6298837
35611|0x6d713|5|12756652
35611|0x6d713|6|25523709
35611|0x6d713|7|51235838
35611|0x86d713|8|102592314
35611|0x186d713|9|205404485
35611|0x186d713|10|410861751
35611|0x186d713|11|821808376
35611|0x186d713|12|1643521526
35611|0x186d713|13|3286849284
35611|0x2186d713|14|6574509808
35611|0x6186d713|15|10816165843
35611|0xe186d713|16|22359462859
35611|0xe186d713|17|45757640266
35611|0xe186d713|18|88321266690
35611|0x4e186d713|19|180754120334
35611|0xce186d713|20|356477000099
35611|0x1ce186d713|21|712121693967
35611|0x1ce186d713|22|1424313506234
35611|0x1ce186d713|23|2857771493752
35611|0x9ce186d713|24|5697350248823
