53|0x1d|1|8962668
53|0x1d|2|5538
53|0x1d|3|8797
53|0x21d|4|7987
53|0x21d|5|16710
53|0x21d|6|19909
53|0x121d|7|27160
53|0x121d|8|48326
53|0x521d|9|95355
53|0x521d|10|188808
53|0x1521d|11|377650
53|0x3521d|12|750510
53|0x3521d|13|1515821
53|0x3521d|14|3021664
53|0x13521d|15|26501696
53|0x13521d|16|37626271
53|0x13521d|17|87247952
53|0x13521d|18|65447045
53|0x13521d|19|172277839
53|0x13521d|20|343480741
53|0x413521d|21|685955006
53|0xc13521d|22|1372111510
53|0xc13521d|23|2745388288
53|0xc13521d|24|5480120814
9035|0x4e63|1|115467
9035|0xce63|2|298487
9035|0xce63|3|650725
9035|0xce63|4|1301720
9035|0x4ce63|5|2673982
9035|0x4ce63|6|5306991
9035|0x4ce63|7|20877130
9035|0x24ce63|8|30491220
9035|0x24ce63|9|29439200
9035|0x24ce63|10|59048469
9035|0x124ce63|11|117598650
9035|0x324ce63|12|234280842
9035|0x724ce63|13|445885345
9035|0x724ce63|14|943143881
9035|0x724ce63|15|1679537231
9035|0x2724ce63|16|3164324382
9035|0x2724ce63|17|6338187145
9035|0xa724ce63|18|12749633711
9035|0x1a724ce63|19|27297231105
9035|0x3a724ce63|20|53080636720
9035|0x7a724ce63|21|104049646192
9035|0xfa724ce63|22|210633021191
9035|0x1fa724ce63|23|418658357364
9035|0x3fa724ce63|24|831741109693
9097|0x42b9|1|103583
9097|0x42b9|2|259131
9097|0x142b9|3|503949
9097|0x142b9|4|918271
9097|0x542b9|5|1775876
9097|0x542b9|6|3586817
9097|0x1542b9|7|7448781
9097|0x1542b9|8|14591996
9097|0x1542b9|9|29338621
9097|0x9542b9|10|58613337
9097|0x9542b9|11|118003826
9097|0x9542b9|12|236746729
9097|0x9542b9|13|473310319
9097|0x89542b9|14|947887506
9097|0x89542b9|15|1687008936
9097|0x89542b9|16|3798568865
9097|0x89542b9|17|7163747219
9097|0x89542b9|18|14750421445
9097|0x1089542b9|19|27140977907
9097|0x3089542b9|20|55976477968
9097|0x7089542b9|21|105736807069
9097|0x7089542b9|22|209180293902
9097|0x17089542b9|23|425466981826
9097|0x17089542b9|24|833245656946
9965|0x26e5|1|91385
9965|0x26e5|2|209673
9965|0x26e5|3|434319
9965|0x226e5|4|897145
9965|0x626e5|5|1796375
9965|0xe26e5|6|3884526
9965|0xe26e5|7|7463643
9965|0x2e26e5|8|14783262
9965|0x2e26e5|9|29781873
9965|0xae26e5|10|59712194
9965|0x1ae26e5|11|119285882
9965|0x1ae26e5|12|238814272
9965|0x1ae26e5|13|477372891
9965|0x9ae26e5|14|954846596
9965|0x19ae26e5|15|1912207100
9965|0x39ae26e5|16|3844849877
9965|0x79ae26e5|17|6572263761
9965|0xf9ae26e5|18|15448512965
9965|0x1f9ae26e5|19|28354785218
9965|0x1f9ae26e5|20|54851033759
9965|0x5f9ae26e5|21|103138763040
9965|0xdf9ae26e5|22|214487520102
9965|0xdf9ae26e5|23|414839676865
9965|0xdf9ae26e5|24|837728770617
10061|0x6985|1|91140
10061|0x6985|2|210536
10061|0x16985|3|435885
10061|0x16985|4|899209
10061|0x16985|5|1801950
10061|0x16985|6|3737553
10061|0x16985|7|7394259
10061|0x16985|8|15034204
10061|0x16985|9|29740642
10061|0x816985|10|59533985
10061|0x816985|11|118870900
10061|0x2816985|12|237507402
10061|0x2816985|13|474218189
10061|0xa816985|14|953834174
10061|0xa816985|15|1909298239
10061|0x2a816985|16|3800535701
10061|0x2a816985|17|6434123931
10061|0xaa816985|18|12500731600
10061|0x1aa816985|19|30172065256
10061|0x3aa816985|20|52376531599
10061|0x7aa816985|21|110240455032
10061|0xfaa816985|22|210636724627
10061|0x1faa816985|23|414230905677
10061|0x1faa816985|24|836804199184
10179|0xeb|1|88703
10179|0x80eb|2|211076
10179|0x80eb|3|437993
10179|0x280eb|4|986659
10179|0x680eb|5|1959510
10179|0xe80eb|6|3618382
10179|0x1e80eb|7|7527818
10179|0x3e80eb|8|15022373
10179|0x7e80eb|9|29824704
10179|0x7e80eb|10|59866089
10179|0x7e80eb|11|119427300
10179|0x27e80eb|12|239130608
10179|0x67e80eb|13|477848712
10179|0xe7e80eb|14|955832323
10179|0x1e7e80eb|15|1898878222
10179|0x1e7e80eb|16|3819789353
10179|0x1e7e80eb|17|6970354216
10179|0x9e7e80eb|18|15335834081
10179|0x9e7e80eb|19|30981540242
10179|0x29e7e80eb|20|52676582328
10179|0x69e7e80eb|21|105351011362
10179|0x69e7e80eb|22|208012952115
10179|0x169e7e80eb|23|423640751721
10179|0x369e7e80eb|24|841244630682
11007|0x54ff|1|92337
11007|0xd4ff|2|190653
11007|0xd4ff|3|427266
11007|0x2d4ff|4|883128
11007|0x6d4ff|5|1813426
11007|0x6d4ff|6|3632201
11007|0x6d4ff|7|7294857
11007|0x6d4ff|8|14581426
11007|0x46d4ff|9|29204567
11007|0xc6d4ff|10|58555009
11007|0x1c6d4ff|11|116636679
11007|0x1c6d4ff|12|233498790
11007|0x5c6d4ff|13|467562492
11007|0x5c6d4ff|14|934827992
11007|0x5c6d4ff|15|1870903391
11007|0x25c6d4ff|16|3821982436
11007|0x65c6d4ff|17|7597890705
11007|0x65c6d4ff|18|15042861790
11007|0x65c6d4ff|19|27016405451
11007|0x65c6d4ff|20|54220747023
11007|0x65c6d4ff|21|104010342059
11007|0x865c6d4ff|22|211331415337
11007|0x1865c6d4ff|23|418075272694
11007|0x1865c6d4ff|24|832669500854
11129|0x4ec9|1|92869
11129|0x4ec9|2|189449
11129|0x14ec9|3|428857
11129|0x34ec9|4|886996
11129|0x74ec9|5|2037496
11129|0x74ec9|6|3708495
11129|0x174ec9|7|7616407
11129|0x174ec9|8|15330405
11129|0x574ec9|9|30489938
11129|0xd74ec9|10|60950624
11129|0xd74ec9|11|121947032
11129|0xd74ec9|12|244844570
11129|0xd74ec9|13|489396138
11129|0xd74ec9|14|812340255
11129|0x10d74ec9|15|1956192863
11129|0x30d74ec9|16|3322967710
11129|0x70d74ec9|17|7699653529
11129|0xf0d74ec9|18|15473037552
11129|0xf0d74ec9|19|32096904524
11129|0x2f0d74ec9|20|52345698404
11129|0x2f0d74ec9|21|108163296126
11129|0xaf0d74ec9|22|212371345546
11129|0xaf0d74ec9|23|416931781428
11129|0x2af0d74ec9|24|828501554546
11251|0x653b|1|94141
11251|0x653b|2|192069
11251|0x1653b|3|430930
11251|0x1653b|4|890773
11251|0x5653b|5|1836293
11251|0x5653b|6|3904050
11251|0x5653b|7|7570380
11251|0x25653b|8|14868271
11251|0x25653b|9|30312752
11251|0xa5653b|10|60293521
11251|0x1a5653b|11|120615060
11251|0x1a5653b|12|240603755
11251|0x1a5653b|13|480729943
11251|0x9a5653b|14|963140127
11251|0x19a5653b|15|1709752069
11251|0x39a5653b|16|3463768726
11251|0x39a5653b|17|6315807770
11251|0xb9a5653b|18|15553092464
11251|0x1b9a5653b|19|26389085137
11251|0x3b9a5653b|20|60631741208
11251|0x3b9a5653b|21|108406827754
11251|0xbb9a5653b|22|208667015202
11251|0x1bb9a5653b|23|415578256781
11251|0x1bb9a5653b|24|844059582079
12119|0x2c67|1|104940
12119|0x2c67|2|229234
12119|0x2c67|3|443301
12119|0x22c67|4|889485
12119|0x62c67|5|1830786
12119|0x62c67|6|3979567
12119|0x62c67|7|7660266
12119|0x62c67|8|15633550
12119|0x462c67|9|30998107
12119|0x462c67|10|62011927
12119|0x462c67|11|124132021
12119|0x2462c67|12|248393533
12119|0x2462c67|13|496391189
12119|0xa462c67|14|992304869
12119|0xa462c67|15|1980872532
12119|0x2a462c67|16|3210571778
12119|0x6a462c67|17|7933161842
12119|0x6a462c67|18|15798853802
12119|0x16a462c67|19|28016426811
12119|0x36a462c67|20|51986010448
12119|0x76a462c67|21|104496657257
12119|0xf6a462c67|22|208166021272
12119|0xf6a462c67|23|411237905667
12119|0xf6a462c67|24|830467054252
12235|0x7de3|1|94353
12235|0xfde3|2|194635
12235|0xfde3|3|443460
12235|0x2fde3|4|1002913
12235|0x6fde3|5|2017302
12235|0xefde3|6|3661668
12235|0xefde3|7|7804042
12235|0xefde3|8|15411368
12235|0xefde3|9|30843370
12235|0x8efde3|10|61522512
12235|0x8efde3|11|122935972
12235|0x28efde3|12|246558615
12235|0x28efde3|13|492311276
12235|0xa8efde3|14|987134411
12235|0xa8efde3|15|1973929998
12235|0x2a8efde3|16|3512902465
12235|0x2a8efde3|17|6675447864
12235|0x2a8efde3|18|13074195387
12235|0x2a8efde3|19|26322152773
12235|0x22a8efde3|20|54044275785
12235|0x22a8efde3|21|104321546469
12235|0xa2a8efde3|22|208047801550
12235|0xa2a8efde3|23|415268320390
12235|0x2a2a8efde3|24|831623417351
13055|0x4cff|1|95846
13055|0xccff|2|198193
13055|0xccff|3|454786
13055|0x2ccff|4|917207
13055|0x6ccff|5|2019933
13055|0x6ccff|6|3841254
13055|0x16ccff|7|7859412
13055|0x16ccff|8|15567626
13055|0x56ccff|9|31219436
13055|0xd6ccff|10|62616177
13055|0xd6ccff|11|125036040
13055|0x2d6ccff|12|249524171
13055|0x2d6ccff|13|499109027
13055|0xad6ccff|14|997191947
13055|0xad6ccff|15|1995784058
13055|0xad6ccff|16|3327574564
13055|0x4ad6ccff|17|6409202033
13055|0xcad6ccff|18|12994479556
13055|0xcad6ccff|19|26158313581
13055|0xcad6ccff|20|51730236370
13055|0xcad6ccff|21|107809962383
13055|0x8cad6ccff|22|207416084562
13055|0x8cad6ccff|23|420029943661
13055|0x28cad6ccff|24|832040482757
13177|0x46c9|1|96301
13177|0xc6c9|2|200953
13177|0xc6c9|3|426984
13177|0xc6c9|4|889224
13177|0xc6c9|5|1859240
13177|0x8c6c9|6|3955495
13177|0x8c6c9|7|7698680
13177|0x8c6c9|8|15750327
13177|0x48c6c9|9|31173655
13177|0x48c6c9|10|62655593
13177|0x48c6c9|11|124882586
13177|0x248c6c9|12|249402318
13177|0x648c6c9|13|499308395
13177|0xe48c6c9|14|998912946
13177|0xe48c6c9|15|1743072987
13177|0xe48c6c9|16|3996670415
13177|0x4e48c6c9|17|6867061745
13177|0xce48c6c9|18|13947043891
13177|0xce48c6c9|19|26393894415
13177|0x2ce48c6c9|20|52841078323
13177|0x6ce48c6c9|21|105567256046
13177|0x6ce48c6c9|22|210158652833
13177|0x16ce48c6c9|23|415322736491
13177|0x36ce48c6c9|24|826105592216
13297|0x5d11|1|109783
13297|0x5d11|2|227159
13297|0x5d11|3|484683
13297|0x25d11|4|998536
13297|0x65d11|5|1836303
13297|0xe5d11|6|3985880
13297|0x1e5d11|7|7711772
13297|0x3e5d11|8|15621599
13297|0x7e5d11|9|31323232
13297|0xfe5d11|10|62348413
13297|0xfe5d11|11|125069799
13297|0xfe5d11|12|250220296
13297|0x4fe5d11|13|499395567
13297|0x4fe5d11|14|999123546
13297|0x4fe5d11|15|2021465505
13297|0x24fe5d11|16|3696364564
13297|0x24fe5d11|17|7159224685
13297|0xa4fe5d11|18|13762699080
13297|0xa4fe5d11|19|29228581547
13297|0x2a4fe5d11|20|53938833418
13297|0x6a4fe5d11|21|104634013021
13297|0x6a4fe5d11|22|207585064337
13297|0x6a4fe5d11|23|423884892576
13297|0x26a4fe5d11|24|827394565920
14101|0x603d|1|95515
14101|0x603d|2|205858
14101|0x1603d|3|438098
14101|0x3603d|4|914420
14101|0x7603d|5|1872798
14101|0xf603d|6|4012123
14101|0x1f603d|7|7748672
14101|0x1f603d|8|15787442
14101|0x5f603d|9|31327326
14101|0xdf603d|10|62583270
14101|0xdf603d|11|125042306
14101|0xdf603d|12|250820629
14101|0xdf603d|13|500245716
14101|0xdf603d|14|997241381
14101|0x10df603d|15|2000452444
14101|0x30df603d|16|3998467900
14101|0x30df603d|17|6383789915
14101|0x30df603d|18|13374467978
14101|0x30df603d|19|26627373067
14101|0x30df603d|20|51482153470
14101|0x430df603d|21|103266863927
14101|0xc30df603d|22|208276161576
14101|0xc30df603d|23|421070951350
14101|0xc30df603d|24|830998638294
14219|0x3823|1|95711
14219|0x3823|2|206587
14219|0x3823|3|439395
14219|0x23823|4|917439
14219|0x63823|5|2005870
14219|0x63823|6|3840570
14219|0x163823|7|7878066
14219|0x363823|8|15721239
14219|0x363823|9|31443082
14219|0xb63823|10|63057679
14219|0x1b63823|11|125992938
14219|0x1b63823|12|250048244
14219|0x5b63823|13|487578878
14219|0x5b63823|14|1004927094
14219|0x5b63823|15|1609463109
14219|0x5b63823|16|4017661478
14219|0x45b63823|17|7283571880
14219|0x45b63823|18|14167917031
14219|0x45b63823|19|25580538090
14219|0x45b63823|20|54448851990
14219|0x45b63823|21|103537443829
14219|0x45b63823|22|205686764921
14219|0x45b63823|23|413757583861
14219|0x2045b63823|24|826718841703
14317|0x3de5|1|98000
14317|0xbde5|2|206881
14317|0xbde5|3|473657
14317|0xbde5|4|1058598
14317|0x4bde5|5|1994450
14317|0x4bde5|6|3849371
14317|0x14bde5|7|7944859
14317|0x14bde5|8|15625060
14317|0x14bde5|9|31596860
14317|0x14bde5|10|62806137
14317|0x14bde5|11|125952610
14317|0x14bde5|12|251865522
14317|0x14bde5|13|499003180
14317|0x814bde5|14|882858848
14317|0x1814bde5|15|2012702679
14317|0x1814bde5|16|4034623078
14317|0x5814bde5|17|8051009045
14317|0x5814bde5|18|13004726635
14317|0x5814bde5|19|26745049594
14317|0x25814bde5|20|57911124562
14317|0x25814bde5|21|103333363402
14317|0xa5814bde5|22|206409632064
14317|0xa5814bde5|23|413798785917
14317|0xa5814bde5|24|825304467618
15101|0x3255|1|100374
15101|0x3255|2|210476
15101|0x13255|3|449862
15101|0x33255|4|982539
15101|0x33255|5|2106774
15101|0x33255|6|3796562
15101|0x133255|7|8055127
15101|0x333255|8|15715667
15101|0x333255|9|31812978
15101|0x333255|10|63318798
15101|0x333255|11|126715389
15101|0x333255|12|253667862
15101|0x4333255|13|506489426
15101|0x4333255|14|1010412732
15101|0x4333255|15|1859245402
15101|0x4333255|16|4026848439
15101|0x44333255|17|7111041706
15101|0x44333255|18|12930703697
15101|0x144333255|19|26451858607
15101|0x144333255|20|55049941374
15101|0x544333255|21|103349703786
15101|0xd44333255|22|209144591223
15101|0x1d44333255|23|423077912144
15101|0x3d44333255|24|822147387674
15219|0x61bb|1|99305
15219|0x61bb|2|211281
15219|0x61bb|3|471757
15219|0x261bb|4|908164
15219|0x261bb|5|1918560
15219|0xa61bb|6|3981036
15219|0x1a61bb|7|7192218
15219|0x3a61bb|8|15912024
15219|0x7a61bb|9|31572816
15219|0xfa61bb|10|63173991
15219|0x1fa61bb|11|126630627
15219|0x1fa61bb|12|253244684
15219|0x1fa61bb|13|506297637
15219|0x9fa61bb|14|1014706521
15219|0x19fa61bb|15|2027399340
15219|0x39fa61bb|16|3390111222
15219|0x79fa61bb|17|6703265914
15219|0xf9fa61bb|18|16203043984
15219|0x1f9fa61bb|19|31934094928
15219|0x1f9fa61bb|20|54049568492
15219|0x1f9fa61bb|21|105818629353
15219|0x1f9fa61bb|22|205325307573
15219|0x1f9fa61bb|23|411231772457
15219|0x1f9fa61bb|24|826259816267
15315|0x545b|1|99430
15315|0xd45b|2|211601
15315|0xd45b|3|452694
15315|0xd45b|4|1019301
15315|0xd45b|5|2076459
15315|0xd45b|6|3833301
15315|0xd45b|7|8024071
15315|0x20d45b|8|15605721
15315|0x20d45b|9|30357168
15315|0x20d45b|10|57496774
15315|0x20d45b|11|124735099
15315|0x20d45b|12|253657336
15315|0x420d45b|13|504538032
15315|0xc20d45b|14|1007151320
15315|0x1c20d45b|15|1837409125
15315|0x1c20d45b|16|4055989933
15315|0x5c20d45b|17|6965059502
15315|0xdc20d45b|18|14903248767
15315|0x1dc20d45b|19|25742206455
15315|0x1dc20d45b|20|52034712981
15315|0x5dc20d45b|21|106498128480
15315|0x5dc20d45b|22|205676573122
15315|0x15dc20d45b|23|413025439745
15315|0x15dc20d45b|24|825866681779
16069|0x100d|1|98637
16069|0x900d|2|214785
16069|0x900d|3|472477
16069|0x2900d|4|1056078
16069|0x6900d|5|2028452
16069|0x6900d|6|3866643
16069|0x16900d|7|8068125
16069|0x16900d|8|15752239
16069|0x56900d|9|31925846
16069|0xd6900d|10|63810502
16069|0xd6900d|11|127862105
16069|0xd6900d|12|254820019
16069|0x4d6900d|13|499665591
16069|0x4d6900d|14|865658552
16069|0x14d6900d|15|1891948778
16069|0x14d6900d|16|3468193351
16069|0x14d6900d|17|8158389076
16069|0x14d6900d|18|14150231864
16069|0x14d6900d|19|27574990746
16069|0x14d6900d|20|51350740847
16069|0x414d6900d|21|102394892742
16069|0x414d6900d|22|205856293214
16069|0x1414d6900d|23|410179399597
16069|0x1414d6900d|24|820256718611
16167|0x4097|1|98809
16167|0x4097|2|215705
16167|0x14097|3|462586
16167|0x34097|4|931621
16167|0x74097|5|2081145
16167|0x74097|6|3895260
16167|0x74097|7|8068707
16167|0x74097|8|15831277
16167|0x74097|9|32164902
16167|0x74097|10|63865248
16167|0x74097|11|127694417
16167|0x2074097|12|256150448
16167|0x2074097|13|512130682
16167|0xa074097|14|1025505163
16167|0x1a074097|15|2049442460
16167|0x1a074097|16|4101539175
16167|0x5a074097|17|6652647797
16167|0xda074097|18|13474336737
16167|0x1da074097|19|29006728051
16167|0x1da074097|20|51277472422
16167|0x1da074097|21|103162565639
16167|0x1da074097|22|207535263859
16167|0x11da074097|23|415311299814
16167|0x31da074097|24|824419432346
16283|0xe93|1|101156
16283|0xe93|2|214213
16283|0x10e93|3|464042
16283|0x30e93|4|1038356
16283|0x30e93|5|2114476
16283|0x30e93|6|3912820
16283|0x130e93|7|8068539
16283|0x330e93|8|15884013
16283|0x330e93|9|32008270
16283|0xb30e93|10|64037119
16283|0x1b30e93|11|128171741
16283|0x1b30e93|12|256747206
16283|0x1b30e93|13|512396663
16283|0x9b30e93|14|1026476256
16283|0x19b30e93|15|2049393158
16283|0x39b30e93|16|4074492572
16283|0x39b30e93|17|6721306412
16283|0x39b30e93|18|13302170065
16283|0x39b30e93|19|28466722950
16283|0x239b30e93|20|51779040975
16283|0x639b30e93|21|102729224973
16283|0xe39b30e93|22|209360083135
16283|0x1e39b30e93|23|410410600452
16283|0x1e39b30e93|24|819934387700
16367|0x4f0f|1|114659
16367|0xcf0f|2|243694
16367|0xcf0f|3|527828
16367|0x2cf0f|4|936455
16367|0x6cf0f|5|1901878
16367|0x6cf0f|6|4091424
16367|0x16cf0f|7|7875888
16367|0x16cf0f|8|16073089
16367|0x56cf0f|9|31836814
16367|0x56cf0f|10|63727425
16367|0x56cf0f|11|127969743
16367|0x256cf0f|12|255877071
16367|0x656cf0f|13|509634379
16367|0xe56cf0f|14|828887805
16367|0xe56cf0f|15|1936129601
16367|0xe56cf0f|16|3326168064
16367|0x4e56cf0f|17|6564741816
16367|0xce56cf0f|18|13752769279
16367|0xce56cf0f|19|26099648148
16367|0xce56cf0f|20|61677574713
16367|0xce56cf0f|21|110051332888
16367|0x8ce56cf0f|22|206086883636
16367|0x8ce56cf0f|23|411576662644
16367|0x8ce56cf0f|24|817466307779
16821|0x649d|1|169235
16821|0x1649d|2|423231
16821|0x1649d|3|970483
16821|0x1649d|4|1925367
16821|0x9649d|5|3571178
16821|0x19649d|6|7520751
16821|0x19649d|7|15064633
16821|0x19649d|8|29822889
16821|0x99649d|9|59888016
16821|0x199649d|10|119719813
16821|0x199649d|11|239893812
16821|0x599649d|12|478441022
16821|0xd99649d|13|958489336
16821|0x1d99649d|14|1925916905
16821|0x3d99649d|15|3856985605
16821|0x3d99649d|16|7123637552
16821|0xbd99649d|17|14144401509
16821|0xbd99649d|18|27057093993
16821|0x2bd99649d|19|52996753671
16821|0x6bd99649d|20|105447848432
16821|0xebd99649d|21|211438802578
16821|0x1ebd99649d|22|419573936973
16821|0x3ebd99649d|23|840823897257
16821|0x3ebd99649d|24|1677062776579
16923|0xc813|1|190033
16923|0xc813|2|422058
16923|0x2c813|3|855780
16923|0x2c813|4|1779667
16923|0x2c813|5|3815793
16923|0x2c813|6|7431264
16923|0x22c813|7|14869042
16923|0x62c813|8|29837803
16923|0x62c813|9|59834356
16923|0x62c813|10|119463682
16923|0x262c813|11|239250045
16923|0x262c813|12|477452412
16923|0xa62c813|13|955330247
16923|0x1a62c813|14|1906127669
16923|0x1a62c813|15|3818465351
16923|0x5a62c813|16|6349309055
16923|0x5a62c813|17|13510805703
16923|0x15a62c813|18|26467640887
16923|0x35a62c813|19|52129534863
16923|0x35a62c813|20|105931978025
16923|0xb5a62c813|21|210429030377
16923|0xb5a62c813|22|419784795125
16923|0xb5a62c813|23|838624485771
16923|0xb5a62c813|24|1678890664274
17045|0x78bd|1|169249
17045|0x178bd|2|392000
17045|0x178bd|3|868527
17045|0x578bd|4|1885957
17045|0x578bd|5|3676554
17045|0x1578bd|6|7307114
17045|0x3578bd|7|14695559
17045|0x7578bd|8|29174462
17045|0xf578bd|9|58618745
17045|0xf578bd|10|117259494
17045|0xf578bd|11|234605624
17045|0xf578bd|12|471218247
17045|0x8f578bd|13|944513541
17045|0x8f578bd|14|1888753754
17045|0x8f578bd|15|3304046589
17045|0x8f578bd|16|7590565348
17045|0x88f578bd|17|14063617231
17045|0x188f578bd|18|25814876059
17045|0x188f578bd|19|56084270262
17045|0x588f578bd|20|112388081964
17045|0xd88f578bd|21|211763960188
17045|0x1d88f578bd|22|418602404073
17045|0x1d88f578bd|23|841666901857
17045|0x1d88f578bd|24|1675833848653
17137|0x6e11|1|167230
17137|0x6e11|2|392664
17137|0x6e11|3|860000
17137|0x6e11|4|1790778
17137|0x86e11|5|3554265
17137|0x186e11|6|7386485
17137|0x386e11|7|14567884
17137|0x386e11|8|29237292
17137|0xb86e11|9|58691947
17137|0xb86e11|10|116831011
17137|0x2b86e11|11|235414612
17137|0x6b86e11|12|471884794
17137|0x6b86e11|13|942907814
17137|0x6b86e11|14|1816484097
17137|0x26b86e11|15|3760777193
17137|0x26b86e11|16|7140726909
17137|0x26b86e11|17|15102360748
17137|0x26b86e11|18|25606799663
17137|0x26b86e11|19|53027942678
17137|0x26b86e11|20|103772584701
17137|0x26b86e11|21|217673309011
17137|0x26b86e11|22|415642416330
17137|0x2026b86e11|23|836108601981
17137|0x6026b86e11|24|1670139514189
17259|0xd143|1|168104
17259|0xd143|2|393399
17259|0xd143|3|882276
17259|0x4d143|4|2047326
17259|0xcd143|5|3565157
17259|0xcd143|6|7411016
17259|0x2cd143|7|14875477
17259|0x2cd143|8|29800759
17259|0xacd143|9|59256322
17259|0x1acd143|10|119090977
17259|0x3acd143|11|237299262
17259|0x7acd143|12|474620061
17259|0x7acd143|13|951855942
17259|0x17acd143|14|1901459716
17259|0x37acd143|15|3685045855
17259|0x37acd143|16|6706801441
17259|0xb7acd143|17|13755317806
17259|0x1b7acd143|18|25856876881
17259|0x3b7acd143|19|52204855388
17259|0x3b7acd143|20|105170656106
17259|0x3b7acd143|21|210053930499
17259|0x3b7acd143|22|419714729705
17259|0x23b7acd143|23|837013276367
17259|0x23b7acd143|24|1667586891669
17357|0x6105|1|168441
17357|0x6105|2|394275
17357|0x26105|3|864287
17357|0x66105|4|2010598
17357|0x66105|5|3610040
17357|0x66105|6|7432174
17357|0x66105|7|14820886
17357|0x66105|8|29483275
17357|0x866105|9|59281191
17357|0x1866105|10|117902852
17357|0x1866105|11|236634259
17357|0x5866105|12|473117779
17357|0xd866105|13|945139841
17357|0xd866105|14|1891130624
17357|0xd866105|15|3782204105
17357|0xd866105|16|7558309974
17357|0xd866105|17|14069092904
17357|0x10d866105|18|31840508095
17357|0x30d866105|19|51984518782
17357|0x70d866105|20|107615517729
17357|0x70d866105|21|216154896801
17357|0x170d866105|22|416404502724
17357|0x170d866105|23|834389618107
17357|0x170d866105|24|1670530204818
17863|0xebf7|1|181952
17863|0x1ebf7|2|397427
17863|0x1ebf7|3|873938
17863|0x1ebf7|4|1755249
17863|0x9ebf7|5|3847912
17863|0x19ebf7|6|7386403
17863|0x19ebf7|7|14647914
17863|0x59ebf7|8|29570759
17863|0xd9ebf7|9|59244754
17863|0xd9ebf7|10|118380150
17863|0x2d9ebf7|11|236951304
17863|0x6d9ebf7|12|473401106
17863|0x6d9ebf7|13|947940943
17863|0x16d9ebf7|14|1894069074
17863|0x16d9ebf7|15|3809505426
17863|0x16d9ebf7|16|7607935192
17863|0x96d9ebf7|17|13066507251
17863|0x96d9ebf7|18|29189515771
17863|0x296d9ebf7|19|53418853658
17863|0x696d9ebf7|20|104371873347
17863|0xe96d9ebf7|21|209735585959
17863|0xe96d9ebf7|22|418739069009
17863|0xe96d9ebf7|23|835308952136
17863|0xe96d9ebf7|24|1665994951830
17959|0xc997|1|169922
17959|0xc997|2|417102
17959|0x2c997|3|898829
17959|0x6c997|4|1999914
17959|0xec997|5|3927371
17959|0xec997|6|8311967
17959|0x2ec997|7|14915734
17959|0x6ec997|8|29870638
17959|0x6ec997|9|59720706
17959|0x6ec997|10|119383144
17959|0x6ec997|11|237817542
17959|0x46ec997|12|476055114
17959|0xc6ec997|13|949723643
17959|0x1c6ec997|14|1885336660
17959|0x3c6ec997|15|3115167538
17959|0x3c6ec997|16|6633603051
17959|0xbc6ec997|17|13638802552
17959|0x1bc6ec997|18|27466389499
17959|0x3bc6ec997|19|53633185141
17959|0x3bc6ec997|20|104484962138
17959|0xbbc6ec997|21|209644428958
17959|0x1bbc6ec997|22|420249461390
17959|0x1bbc6ec997|23|833019282418
17959|0x5bbc6ec997|24|1761407309820
18075|0x2f93|1|193469
18075|0x12f93|2|453442
18075|0x32f93|3|997477
18075|0x32f93|4|1940161
18075|0x32f93|5|3912025
18075|0x132f93|6|7898676
18075|0x332f93|7|15666399
18075|0x332f93|8|31438168
18075|0x332f93|9|62960647
18075|0x332f93|10|125730076
18075|0x2332f93|11|251622473
18075|0x6332f93|12|503343599
18075|0x6332f93|13|1006696582
18075|0x6332f93|14|1987460611
18075|0x6332f93|15|4026136249
18075|0x46332f93|16|6958155757
18075|0xc6332f93|17|13418857095
18075|0xc6332f93|18|32215062749
18075|0x2c6332f93|19|55069493003
18075|0x2c6332f93|20|114679271970
18075|0x2c6332f93|21|220984553661
18075|0x2c6332f93|22|440215834833
18075|0x22c6332f93|23|867454157065
18075|0x62c6332f93|24|1754082811549
18193|0x89f1|1|192695
18193|0x189f1|2|454398
18193|0x189f1|3|1000383
18193|0x589f1|4|1895414
18193|0x589f1|5|3968087
18193|0x589f1|6|7942506
18193|0x2589f1|7|15798528
18193|0x6589f1|8|31716575
18193|0x6589f1|9|59616003
18193|0x6589f1|10|126220476
18193|0x6589f1|11|251544529
18193|0x6589f1|12|502934715
18193|0x6589f1|13|1006407388
18193|0x106589f1|14|1655372744
18193|0x106589f1|15|4024958525
18193|0x506589f1|16|6685004882
18193|0xd06589f1|17|13520893820
18193|0xd06589f1|18|31624587945
18193|0x2d06589f1|19|61464250568
18193|0x6d06589f1|20|115533380239
18193|0x6d06589f1|21|221383813664
18193|0x6d06589f1|22|440873304270
18193|0x6d06589f1|23|869958231228
18193|0x46d06589f1|24|1754938762921
18297|0x72c9|1|170237
18297|0x72c9|2|401173
18297|0x72c9|3|1026511
18297|0x472c9|4|2013938
18297|0x472c9|5|3802400
18297|0x1472c9|6|7927907
18297|0x1472c9|7|15827975
18297|0x1472c9|8|31430098
18297|0x9472c9|9|63041385
18297|0x9472c9|10|126120062
18297|0x29472c9|11|252358871
18297|0x69472c9|12|504637385
18297|0xe9472c9|13|1009290949
18297|0x1e9472c9|14|1836015319
18297|0x3e9472c9|15|4033036039
18297|0x7e9472c9|16|6991885428
18297|0x7e9472c9|17|13427984797
18297|0x17e9472c9|18|29574386258
18297|0x17e9472c9|19|65960414038
18297|0x17e9472c9|20|112243112952
18297|0x17e9472c9|21|223002962569
18297|0x117e9472c9|22|438834093913
18297|0x317e9472c9|23|868518399939
18297|0x317e9472c9|24|1757246920054
18411|0xa8c3|1|193334
18411|0x1a8c3|2|460023
18411|0x1a8c3|3|899551
18411|0x5a8c3|4|1916329
18411|0x5a8c3|5|4067733
18411|0x5a8c3|6|7824587
18411|0x5a8c3|7|15792132
18411|0x5a8c3|8|31874064
18411|0x5a8c3|9|63583591
18411|0x105a8c3|10|126790429
18411|0x305a8c3|11|254477448
18411|0x305a8c3|12|508249055
18411|0xb05a8c3|13|1028388667
18411|0x1b05a8c3|14|1918225418
18411|0x3b05a8c3|15|4044095966
18411|0x7b05a8c3|16|6839698441
18411|0xfb05a8c3|17|14200392787
18411|0x1fb05a8c3|18|27540087213
18411|0x1fb05a8c3|19|55167475991
18411|0x1fb05a8c3|20|111334566947
18411|0x1fb05a8c3|21|222061977959
18411|0x11fb05a8c3|22|439217170070
18411|0x31fb05a8c3|23|868260422717
18411|0x31fb05a8c3|24|1758140688028
18899|0xf65b|1|195244
18899|0x1f65b|2|450964
18899|0x3f65b|3|848406
18899|0x7f65b|4|1924161
18899|0x7f65b|5|3984851
18899|0x17f65b|6|7791822
18899|0x17f65b|7|15805462
18899|0x17f65b|8|31579680
18899|0x17f65b|9|63118634
18899|0x117f65b|10|126364025
18899|0x117f65b|11|252885844
18899|0x517f65b|12|505587396
18899|0xd17f65b|13|1011070654
18899|0xd17f65b|14|1874703780
18899|0x2d17f65b|15|4035653137
18899|0x2d17f65b|16|7229003679
18899|0x2d17f65b|17|16130375006
18899|0x12d17f65b|18|27614773545
18899|0x12d17f65b|19|56826443193
18899|0x52d17f65b|20|110189925726
18899|0x52d17f65b|21|219987137342
18899|0x52d17f65b|22|447751351120
18899|0x252d17f65b|23|868724187984
18899|0x252d17f65b|24|1752183299089
19005|0x1d15|1|194315
19005|0x11d15|2|461416
19005|0x11d15|3|966357
19005|0x51d15|4|1868727
19005|0x51d15|5|4011466
19005|0x51d15|6|7785064
19005|0x251d15|7|15736328
19005|0x651d15|8|31606446
19005|0xe51d15|9|63198016
19005|0x1e51d15|10|126412937
19005|0x3e51d15|11|252920515
19005|0x3e51d15|12|459371614
19005|0xbe51d15|13|995553001
19005|0x1be51d15|14|1686877184
19005|0x3be51d15|15|3530708151
19005|0x3be51d15|16|7114009509
19005|0xbbe51d15|17|14299367647
19005|0x1bbe51d15|18|29302718985
19005|0x3bbe51d15|19|55252166981
19005|0x7bbe51d15|20|111899886480
19005|0xfbbe51d15|21|221090924406
19005|0x1fbbe51d15|22|441769245288
19005|0x3fbbe51d15|23|868698389952
19005|0x3fbbe51d15|24|1753029642510
19119|0x4c4f|1|194514
19119|0x14c4f|2|462248
19119|0x34c4f|3|988565
19119|0x34c4f|4|1897155
19119|0x34c4f|5|3916906
19119|0x134c4f|6|7916499
19119|0x134c4f|7|15721123
19119|0x534c4f|8|31708400
19119|0x534c4f|9|63119358
19119|0x1534c4f|10|126420024
19119|0x1534c4f|11|253584038
19119|0x5534c4f|12|413731610
19119|0xd534c4f|13|1011638954
19119|0x1d534c4f|14|2023510984
19119|0x3d534c4f|15|3373018871
19119|0x3d534c4f|16|8097816568
19119|0x3d534c4f|17|15609907384
19119|0x3d534c4f|18|26957935253
19119|0x3d534c4f|19|55617082360
19119|0x43d534c4f|20|110301887664
19119|0x43d534c4f|21|220341276909
19119|0x43d534c4f|22|441496260902
19119|0x243d534c4f|23|868152203071
19119|0x243d534c4f|24|1730436128510
19223|0x9ca7|1|196651
19223|0x19ca7|2|463034
19223|0x39ca7|3|945263
19223|0x39ca7|4|1780308
19223|0xb9ca7|5|3915591
19223|0x1b9ca7|6|7517312
19223|0x3b9ca7|7|15418497
19223|0x7b9ca7|8|30472551
19223|0x7b9ca7|9|57634230
19223|0x7b9ca7|10|121936090
19223|0x27b9ca7|11|242735510
19223|0x27b9ca7|12|487641498
19223|0x27b9ca7|13|891754810
19223|0x127b9ca7|14|1953306061
19223|0x327b9ca7|15|3358064303
19223|0x727b9ca7|16|7325523561
19223|0xf27b9ca7|17|13388956820
19223|0xf27b9ca7|18|26968812369
19223|0xf27b9ca7|19|53153782519
19223|0xf27b9ca7|20|103867163970
19223|0xf27b9ca7|21|208281662239
19223|0xf27b9ca7|22|419190731393
19223|0x20f27b9ca7|23|837383285333
19223|0x20f27b9ca7|24|1658569888736
19343|0x736f|1|171964
19343|0x736f|2|408385
19343|0x2736f|3|856021
19343|0x2736f|4|1980641
19343|0x2736f|5|3733203
19343|0x12736f|6|7609567
19343|0x32736f|7|15277050
19343|0x32736f|8|30420901
19343|0x32736f|9|60851108
19343|0x32736f|10|121850501
19343|0x32736f|11|243725342
19343|0x432736f|12|487461268
19343|0x432736f|13|975068142
19343|0x432736f|14|1950871890
19343|0x2432736f|15|3211471416
19343|0x2432736f|16|7792776033
19343|0x2432736f|17|13197526627
19343|0x12432736f|18|26591431600
19343|0x32432736f|19|54928346280
19343|0x72432736f|20|113117484469
19343|0xf2432736f|21|208095989027
19343|0x1f2432736f|22|428745996816
19343|0x1f2432736f|23|830909465018
19343|0x1f2432736f|24|1667245739466
19445|0xc85d|1|171971
19445|0x1c85d|2|409170
19445|0x1c85d|3|966593
19445|0x1c85d|4|2004917
19445|0x9c85d|5|3630043
19445|0x19c85d|6|7754206
19445|0x39c85d|7|15118952
19445|0x39c85d|8|30697408
19445|0x39c85d|9|61106376
19445|0x139c85d|10|122488858
19445|0x339c85d|11|245302122
19445|0x739c85d|12|490732210
19445|0xf39c85d|13|980535538
19445|0xf39c85d|14|1960661716
19445|0xf39c85d|15|3437706018
19445|0xf39c85d|16|6885197895
19445|0x8f39c85d|17|14240598441
19445|0x18f39c85d|18|26913188603
19445|0x18f39c85d|19|54580728381
19445|0x58f39c85d|20|105016399207
19445|0xd8f39c85d|21|223911835369
19445|0x1d8f39c85d|22|425827345508
19445|0x1d8f39c85d|23|832348759308
19445|0x5d8f39c85d|24|1675015640566
19933|0x7275|1|173023
19933|0x7275|2|412651
19933|0x7275|3|968368
19933|0x7275|4|2020148
19933|0x7275|5|3694912
19933|0x107275|6|7782984
19933|0x307275|7|15223143
19933|0x707275|8|30861561
19933|0xf07275|9|61301316
19933|0xf07275|10|122837451
19933|0x2f07275|11|244986083
19933|0x6f07275|12|491173044
19933|0x6f07275|13|981549657
19933|0x16f07275|14|1833529280
19933|0x36f07275|15|3913918212
19933|0x76f07275|16|7773236417
19933|0x76f07275|17|12932572914
19933|0x176f07275|18|31428597812
19933|0x376f07275|19|56491968359
19933|0x776f07275|20|104821304361
19933|0xf76f07275|21|208924939309
19933|0xf76f07275|22|416482096772
19933|0x2f76f07275|23|848289191080
19933|0x6f76f07275|24|1678538454949
20045|0x9a85|1|174524
20045|0x19a85|2|427895
20045|0x19a85|3|865833
20045|0x19a85|4|1791220
20045|0x19a85|5|3892382
20045|0x119a85|6|7520414
20045|0x319a85|7|15027197
20045|0x319a85|8|30090422
20045|0x319a85|9|60177653
20045|0x319a85|10|120272767
20045|0x319a85|11|241002186
20045|0x4319a85|12|481463906
20045|0x4319a85|13|965109720
20045|0x4319a85|14|1664874221
20045|0x24319a85|15|3266739267
20045|0x24319a85|16|6404877502
20045|0x24319a85|17|12608294213
20045|0x24319a85|18|25128999982
20045|0x224319a85|19|57935870083
20045|0x624319a85|20|103981448655
20045|0x624319a85|21|209142678485
20045|0x624319a85|22|421542864289
20045|0x2624319a85|23|833504369457
20045|0x2624319a85|24|1664350905101
20147|0x107b|1|194050
20147|0x1107b|2|493591
20147|0x1107b|3|924066
20147|0x5107b|4|1796448
20147|0x5107b|5|3942817
20147|0x15107b|6|7546524
20147|0x15107b|7|15267923
20147|0x55107b|8|30543295
20147|0xd5107b|9|60835612
20147|0xd5107b|10|122017539
20147|0xd5107b|11|244222456
20147|0xd5107b|12|488657820
20147|0xd5107b|13|977339649
20147|0xd5107b|14|1949829527
20147|0xd5107b|15|3908716129
20147|0xd5107b|16|7804538916
20147|0x80d5107b|17|13002360337
20147|0x180d5107b|18|26447674675
20147|0x380d5107b|19|55232136725
20147|0x780d5107b|20|104915482742
20147|0x780d5107b|21|211804966549
20147|0x780d5107b|22|420551781099
20147|0x780d5107b|23|839082960731
20147|0x780d5107b|24|1662207534491
20261|0x34ad|1|196720
20261|0x134ad|2|453345
20261|0x334ad|3|871308
20261|0x334ad|4|1769109
20261|0xb34ad|5|3873375
20261|0xb34ad|6|7521006
20261|0x2b34ad|7|15065531
20261|0x2b34ad|8|30512003
20261|0xab34ad|9|60862160
20261|0xab34ad|10|121344832
20261|0x2ab34ad|11|242657537
20261|0x2ab34ad|12|485497691
20261|0xaab34ad|13|971294989
20261|0xaab34ad|14|1809350196
20261|0x2aab34ad|15|3887564589
20261|0x2aab34ad|16|7791230322
20261|0x2aab34ad|17|12765638626
20261|0x12aab34ad|18|26993962832
20261|0x32aab34ad|19|56412799249
20261|0x32aab34ad|20|104082067910
20261|0x32aab34ad|21|209035652121
20261|0x32aab34ad|22|419779810504
20261|0x232aab34ad|23|837719123881
20261|0x632aab34ad|24|1664350292889
20365|0x8b45|1|174750
20365|0x18b45|2|415868
20365|0x18b45|3|894878
20365|0x58b45|4|1764133
20365|0xd8b45|5|3907259
20365|0x1d8b45|6|7535971
20365|0x1d8b45|7|15331233
20365|0x5d8b45|8|30365521
20365|0xdd8b45|9|60853262
20365|0xdd8b45|10|122055298
20365|0xdd8b45|11|244448519
20365|0xdd8b45|12|488909592
20365|0x8dd8b45|13|977394003
20365|0x8dd8b45|14|1890764511
20365|0x8dd8b45|15|3541930599
20365|0x48dd8b45|16|7807448433
20365|0xc8dd8b45|17|13724568049
20365|0x1c8dd8b45|18|26200339258
20365|0x1c8dd8b45|19|57964583467
20365|0x1c8dd8b45|20|113978049454
20365|0x9c8dd8b45|21|209513510115
20365|0x9c8dd8b45|22|421238537527
20365|0x29c8dd8b45|23|827603178502
20365|0x29c8dd8b45|24|1667030090997
20475|0x6333|1|174013
20475|0x6333|2|414652
20475|0x26333|3|988460
20475|0x66333|4|1979674
20475|0x66333|5|3666660
20475|0x66333|6|7806240
20475|0x266333|7|15151360
20475|0x666333|8|30798683
20475|0x666333|9|61349869
20475|0x1666333|10|122886238
20475|0x1666333|11|246053915
20475|0x1666333|12|491699121
20475|0x9666333|13|982238616
20475|0x19666333|14|1965916495
20475|0x19666333|15|3933224260
20475|0x19666333|16|7870050051
20475|0x99666333|17|13114458427
20475|0x199666333|18|28153150649
20475|0x199666333|19|56155368487
20475|0x199666333|20|107348423039
20475|0x999666333|21|213303791970
20475|0x999666333|22|421753786917
20475|0x999666333|23|1240191297406
20475|0x4999666333|24|2835649971481
21011|0x481b|1|337572
21011|0x481b|2|747977
21011|0x2481b|3|1578102
21011|0x6481b|4|3198746
21011|0x6481b|5|6419894
21011|0x16481b|6|12902965
21011|0x16481b|7|25904229
21011|0x56481b|8|51924848
21011|0xd6481b|9|103987554
21011|0x1d6481b|10|201084676
21011|0x3d6481b|11|404300005
21011|0x7d6481b|12|831292932
21011|0xfd6481b|13|1479028580
21011|0x1fd6481b|14|2787790886
21011|0x1fd6481b|15|5407594128
21011|0x1fd6481b|16|10858589373
21011|0x1fd6481b|17|21742770285
21011|0x11fd6481b|18|44721268515
21011|0x11fd6481b|19|88984412008
21011|0x11fd6481b|20|175836313380
21011|0x91fd6481b|21|353992695670
21011|0x91fd6481b|22|707632670886
21011|0x291fd6481b|23|1430793993162
21011|0x691fd6481b|24|2832420858546
21195|0x2e3|1|308312
21195|0x102e3|2|752698
21195|0x302e3|3|1615750
21195|0x302e3|4|3186576
21195|0x302e3|5|6429491
21195|0x1302e3|6|10980517
21195|0x1302e3|7|25888262
21195|0x1302e3|8|51930962
21195|0x1302e3|9|103887473
21195|0x1302e3|10|207922599
21195|0x21302e3|11|415965664
21195|0x61302e3|12|831888043
21195|0xe1302e3|13|1648719126
21195|0xe1302e3|14|3328827383
21195|0xe1302e3|15|5438250193
21195|0x4e1302e3|16|10803679156
21195|0x4e1302e3|17|21599246181
21195|0x4e1302e3|18|43599040725
21195|0x4e1302e3|19|88468687527
21195|0x4e1302e3|20|176723892532
21195|0x4e1302e3|21|353659054631
21195|0x4e1302e3|22|707711184516
21195|0x4e1302e3|23|1423314539593
21195|0x404e1302e3|24|2830428037274
21373|0xfdd5|1|307373
21373|0xfdd5|2|756250
21373|0xfdd5|3|1616897
21373|0xfdd5|4|3232851
21373|0x8fdd5|5|6433764
21373|0x18fdd5|6|12995885
21373|0x18fdd5|7|26022694
21373|0x18fdd5|8|52015002
21373|0x98fdd5|9|103967893
21373|0x198fdd5|10|207995218
21373|0x398fdd5|11|416115110
21373|0x798fdd5|12|832313597
21373|0x798fdd5|13|1664764997
21373|0x1798fdd5|14|3329815361
21373|0x3798fdd5|15|5432149717
21373|0x7798fdd5|16|10811547495
21373|0x7798fdd5|17|22026984842
21373|0x17798fdd5|18|43513705051
21373|0x37798fdd5|19|88795556357
21373|0x37798fdd5|20|176749723744
21373|0xb7798fdd5|21|353534936621
21373|0xb7798fdd5|22|707021650006
21373|0x2b7798fdd5|23|1425280651259
21373|0x2b7798fdd5|24|2829915855901
21913|0x2ea9|1|332065
21913|0x2ea9|2|665212
21913|0x22ea9|3|1512169
21913|0x62ea9|4|3155720
21913|0x62ea9|5|6407383
21913|0x162ea9|6|12365397
21913|0x162ea9|7|26003279
21913|0x562ea9|8|52127631
21913|0x562ea9|9|104137573
21913|0x1562ea9|10|208426021
21913|0x3562ea9|11|393747497
21913|0x7562ea9|12|728256766
21913|0x7562ea9|13|1470589002
21913|0x7562ea9|14|2819028076
21913|0x7562ea9|15|5953778156
21913|0x7562ea9|16|10992647779
21913|0x7562ea9|17|22041148498
21913|0x7562ea9|18|43171636830
21913|0x7562ea9|19|87220362312
21913|0x407562ea9|20|176714069588
21913|0xc07562ea9|21|353454510078
21913|0xc07562ea9|22|706375297059
21913|0x2c07562ea9|23|1425712419355
21913|0x6c07562ea9|24|2832676275597
22103|0xf567|1|313714
22103|0xf567|2|690136
22103|0xf567|3|1516537
22103|0x4f567|4|3176761
22103|0x4f567|5|6435398
22103|0x4f567|6|13020187
22103|0x24f567|7|25981028
22103|0x24f567|8|52128775
22103|0x24f567|9|104234672
22103|0x124f567|10|208617796
22103|0x324f567|11|417138542
22103|0x724f567|12|834357974
22103|0xf24f567|13|1668961391
22103|0x1f24f567|14|2821108501
22103|0x1f24f567|15|6300372249
22103|0x1f24f567|16|10780669726
22103|0x1f24f567|17|21934143733
22103|0x11f24f567|18|44664209906
22103|0x11f24f567|19|88927332153
22103|0x11f24f567|20|175261760552
22103|0x91f24f567|21|353202759407
22103|0x191f24f567|22|705931249062
22103|0x191f24f567|23|1439115119640
22103|0x191f24f567|24|2839443880209
22283|0x3ca3|1|313392
22283|0x3ca3|2|671619
22283|0x23ca3|3|1545771
22283|0x63ca3|4|3214818
22283|0x63ca3|5|6458524
22283|0x63ca3|6|13038810
22283|0x263ca3|7|26090767
22283|0x663ca3|8|52218222
22283|0x663ca3|9|112812211
22283|0x1663ca3|10|208761424
22283|0x3663ca3|11|417685360
22283|0x7663ca3|12|835480581
22283|0x7663ca3|13|1507246063
22283|0x17663ca3|14|3342051037
22283|0x17663ca3|15|5492433179
22283|0x57663ca3|16|10889287034
22283|0xd7663ca3|17|21763106061
22283|0x1d7663ca3|18|44269253190
22283|0x1d7663ca3|19|88774802205
22283|0x1d7663ca3|20|112675664854
22283|0x9d7663ca3|21|207904232014
22283|0x9d7663ca3|22|415496947857
22283|0x29d7663ca3|23|1023778901472
22283|0x29d7663ca3|24|2721724348143
22435|0x940b|1|312295
22435|0x940b|2|672820
22435|0x2940b|3|1526714
22435|0x6940b|4|3186698
22435|0x6940b|5|6502090
22435|0x6940b|6|12987294
22435|0x6940b|7|26100589
22435|0x6940b|8|52164666
22435|0x86940b|9|104380698
22435|0x86940b|10|208873013
22435|0x286940b|11|388735053
22435|0x286940b|12|813863735
22435|0xa86940b|13|1634856576
22435|0x1a86940b|14|2965806636
22435|0x3a86940b|15|5444245242
22435|0x3a86940b|16|10916141439
22435|0x3a86940b|17|21643167219
22435|0x13a86940b|18|44639576068
22435|0x13a86940b|19|87926835562
22435|0x53a86940b|20|176583601809
22435|0xd3a86940b|21|234302898805
22435|0x1d3a86940b|22|624042921401
22435|0x1d3a86940b|23|961372346994
22435|0x1d3a86940b|24|1660238753335
22919|0x1c37|1|201833
22919|0x1c37|2|430935
22919|0x21c37|3|1090358
22919|0x61c37|4|1858658
22919|0xe1c37|5|3698804
22919|0xe1c37|6|7704678
22919|0xe1c37|7|15269661
22919|0x4e1c37|8|30607089
22919|0x4e1c37|9|61386578
22919|0x14e1c37|10|123079223
22919|0x14e1c37|11|245041133
22919|0x14e1c37|12|490605420
22919|0x94e1c37|13|854254302
22919|0x194e1c37|14|1704547627
22919|0x194e1c37|15|3254958972
22919|0x194e1c37|16|6603324818
22919|0x994e1c37|17|12781844852
22919|0x1994e1c37|18|25266751951
22919|0x1994e1c37|19|51841119001
22919|0x5994e1c37|20|102367078090
22919|0x5994e1c37|21|207078392310
22919|0x5994e1c37|22|417180095383
22919|0x5994e1c37|23|832681054373
22919|0x45994e1c37|24|1662720519029
23015|0xa9d7|1|177845
23015|0x1a9d7|2|379632
23015|0x1a9d7|3|862563
23015|0x5a9d7|4|1814987
23015|0xda9d7|5|3908617
23015|0xda9d7|6|7569797
23015|0x2da9d7|7|15181236
23015|0x6da9d7|8|30719118
23015|0x6da9d7|9|61138126
23015|0x16da9d7|10|120758264
23015|0x36da9d7|11|245530898
23015|0x36da9d7|12|490561688
23015|0xb6da9d7|13|981998198
23015|0x1b6da9d7|14|1785546238
23015|0x3b6da9d7|15|3211302725
23015|0x7b6da9d7|16|6791443082
23015|0xfb6da9d7|17|12857342457
23015|0xfb6da9d7|18|26370444730
23015|0xfb6da9d7|19|52203146459
23015|0x4fb6da9d7|20|101869135557
23015|0xcfb6da9d7|21|204963797378
23015|0xcfb6da9d7|22|418325150843
23015|0x2cfb6da9d7|23|832192992950
23015|0x2cfb6da9d7|24|1660386082816
23131|0x45d3|1|197401
23131|0x145d3|2|441534
23131|0x145d3|3|979740
23131|0x145d3|4|1908052
23131|0x145d3|5|3719225
23131|0x145d3|6|7786146
23131|0x145d3|7|15184484
23131|0x145d3|8|30797981
23131|0x145d3|9|61589902
23131|0x10145d3|10|123298872
23131|0x30145d3|11|246302117
23131|0x70145d3|12|494491412
23131|0x70145d3|13|986900370
23131|0x170145d3|14|1972896914
23131|0x370145d3|15|3659547349
23131|0x370145d3|16|7296171388
23131|0x370145d3|17|12993284940
23131|0x370145d3|18|25491698783
23131|0x2370145d3|19|51473872159
23131|0x2370145d3|20|101858336219
23131|0x2370145d3|21|206343069198
23131|0x2370145d3|22|416893701121
23131|0x22370145d3|23|832141148205
23131|0x22370145d3|24|1662249085694
23233|0x3541|1|247811
23233|0x13541|2|415069
23233|0x33541|3|865641
23233|0x73541|4|1823529
23233|0xf3541|5|3935838
23233|0x1f3541|6|7632099
23233|0x1f3541|7|15516310
23233|0x5f3541|8|30897714
23233|0xdf3541|9|61688557
23233|0x1df3541|10|123246657
23233|0x3df3541|11|246541200
23233|0x7df3541|12|494139612
23233|0xfdf3541|13|990422840
23233|0x1fdf3541|14|1970606058
23233|0x1fdf3541|15|3923769163
23233|0x1fdf3541|16|7806446893
23233|0x9fdf3541|17|13894506934
23233|0x19fdf3541|18|25819745656
23233|0x39fdf3541|19|56079153657
23233|0x39fdf3541|20|106575985505
23233|0x39fdf3541|21|231785419495
23233|0x139fdf3541|22|415498992946
23233|0x139fdf3541|23|837243945136
23233|0x139fdf3541|24|1668132759272
23335|0x6497|1|178161
23335|0x16497|2|381191
23335|0x16497|3|900724
23335|0x16497|4|2047690
23335|0x96497|5|3647567
23335|0x196497|6|7561093
23335|0x396497|7|15326863
23335|0x396497|8|30526864
23335|0xb96497|9|61034473
23335|0x1b96497|10|121956447
23335|0x3b96497|11|243954891
23335|0x3b96497|12|488400099
23335|0xbb96497|13|966672905
23335|0x1bb96497|14|1933205462
23335|0x3bb96497|15|3868698204
23335|0x3bb96497|16|6240271068
23335|0x3bb96497|17|12497182109
23335|0x3bb96497|18|25304432336
23335|0x3bb96497|19|50165431032
23335|0x43bb96497|20|105956066417
23335|0x43bb96497|21|210939812827
23335|0x43bb96497|22|418414043176
23335|0x243bb96497|23|842657045764
23335|0x643bb96497|24|1659177740270
23443|0xfa9b|1|177790
23443|0x1fa9b|2|381347
23443|0x1fa9b|3|866733
23443|0x1fa9b|4|1805468
23443|0x9fa9b|5|3925108
23443|0x19fa9b|6|7565438
23443|0x19fa9b|7|15214897
23443|0x19fa9b|8|30536652
23443|0x19fa9b|9|60862552
23443|0x119fa9b|10|114873858
23443|0x319fa9b|11|244000820
23443|0x719fa9b|12|487708124
23443|0x719fa9b|13|975703347
23443|0x1719fa9b|14|1852518382
23443|0x1719fa9b|15|3902302105
23443|0x1719fa9b|16|6434417732
23443|0x9719fa9b|17|15609531756
23443|0x19719fa9b|18|26678535441
23443|0x19719fa9b|19|52601398464
23443|0x19719fa9b|20|105098426649
23443|0x19719fa9b|21|213219113904
23443|0x19719fa9b|22|422747037433
23443|0x219719fa9b|23|830452948972
23443|0x219719fa9b|24|1661405243788
23545|0x7649|1|178387
23545|0x17649|2|382175
23545|0x17649|3|870155
23545|0x17649|4|2002740
23545|0x97649|5|3734963
23545|0x97649|6|7560411
23545|0x97649|7|15211028
23545|0x497649|8|30585894
23545|0xc97649|9|61224246
23545|0x1c97649|10|122122249
23545|0x3c97649|11|244120784
23545|0x7c97649|12|488531146
23545|0x7c97649|13|977009711
23545|0x17c97649|14|1953747268
23545|0x17c97649|15|3907871206
23545|0x57c97649|16|6734803178
23545|0x57c97649|17|14402336370
23545|0x57c97649|18|31204568584
23545|0x257c97649|19|52133354590
23545|0x657c97649|20|116078470225
23545|0x657c97649|21|228512729853
23545|0x657c97649|22|413733399469
23545|0x2657c97649|23|1034143410378
23545|0x2657c97649|24|2815118771929
24091|0x4c13|1|375039
24091|0x14c13|2|687361
24091|0x34c13|3|1593125
24091|0x34c13|4|3189815
24091|0xb4c13|5|6472242
24091|0xb4c13|6|13109723
24091|0x2b4c13|7|26265954
24091|0x2b4c13|8|52529948
24091|0xab4c13|9|105151806
24091|0xab4c13|10|210292694
24091|0xab4c13|11|420150059
24091|0xab4c13|12|741786106
24091|0x8ab4c13|13|1513078179
24091|0x18ab4c13|14|2738751100
24091|0x18ab4c13|15|5440711080
24091|0x18ab4c13|16|11266705798
24091|0x98ab4c13|17|21559114402
24091|0x198ab4c13|18|43634298384
24091|0x398ab4c13|19|88004240103
24091|0x398ab4c13|20|176221233616
24091|0x398ab4c13|21|351493955647
24091|0x1398ab4c13|22|704288789146
24091|0x3398ab4c13|23|1406154931272
24091|0x3398ab4c13|24|2190852238214
24243|0x807b|1|204097
24243|0x1807b|2|437574
24243|0x3807b|3|999808
24243|0x3807b|4|1855050
24243|0x3807b|5|4125680
24243|0x3807b|6|8157373
24243|0x23807b|7|16295964
24243|0x23807b|8|32663841
24243|0x23807b|9|65185773
24243|0x23807b|10|130747908
24243|0x223807b|11|261242018
24243|0x223807b|12|521988207
24243|0xa23807b|13|1040285631
24243|0xa23807b|14|1757906821
24243|0x2a23807b|15|3352319288
24243|0x2a23807b|16|6944978308
24243|0xaa23807b|17|16161914098
24243|0xaa23807b|18|28251116594
24243|0xaa23807b|19|55925767429
24243|0xaa23807b|20|108668200948
24243|0xaa23807b|21|218858862237
24243|0x10aa23807b|22|437192218939
24243|0x30aa23807b|23|865130973553
24243|0x30aa23807b|24|1743474387423
24361|0xad19|1|204181
24361|0xad19|2|438886
24361|0xad19|3|908104
24361|0xad19|4|1912072
24361|0x8ad19|5|4136323
24361|0x8ad19|6|8089536
24361|0x28ad19|7|16180850
24361|0x68ad19|8|30838172
24361|0x68ad19|9|64894212
24361|0x168ad19|10|129792518
24361|0x368ad19|11|273736361
24361|0x768ad19|12|480209728
24361|0xf68ad19|13|1047197640
24361|0x1f68ad19|14|2094660840
24361|0x3f68ad19|15|4184240092
24361|0x3f68ad19|16|6895161443
24361|0x3f68ad19|17|13428609578
24361|0x3f68ad19|18|28240223694
24361|0x23f68ad19|19|56032987151
24361|0x63f68ad19|20|110613436285
24361|0xe3f68ad19|21|223449577448
24361|0x1e3f68ad19|22|438633698111
24361|0x3e3f68ad19|23|864933064097
24361|0x3e3f68ad19|24|1746586756466
24467|0x969b|1|204236
24467|0x969b|2|439115
24467|0x2969b|3|1002403
24467|0x2969b|4|1853656
24467|0x2969b|5|4161422
24467|0x2969b|6|8107659
24467|0x22969b|7|16096355
24467|0x62969b|8|32698526
24467|0xe2969b|9|65184828
24467|0xe2969b|10|135318713
24467|0xe2969b|11|262470664
24467|0xe2969b|12|524441368
24467|0x8e2969b|13|906125574
24467|0x18e2969b|14|1779131806
24467|0x38e2969b|15|4184489020
24467|0x78e2969b|16|8379453323
24467|0xf8e2969b|17|16652388200
24467|0x1f8e2969b|18|29113855124
24467|0x3f8e2969b|19|58111884764
24467|0x7f8e2969b|20|109990443695
24467|0x7f8e2969b|21|223294699165
24467|0x17f8e2969b|22|436826907947
24467|0x37f8e2969b|23|865190094215
24467|0x37f8e2969b|24|1742537415340
24957|0xdfd5|1|180523
24957|0x1dfd5|2|388750
24957|0x3dfd5|3|988831
24957|0x7dfd5|4|2036567
24957|0xfdfd5|5|4049594
24957|0x1fdfd5|6|8137492
24957|0x3fdfd5|7|16404703
24957|0x3fdfd5|8|32721870
24957|0x3fdfd5|9|65239704
24957|0x13fdfd5|10|130671682
24957|0x13fdfd5|11|261385966
24957|0x13fdfd5|12|451341035
24957|0x13fdfd5|13|973822451
24957|0x113fdfd5|14|1933095761
24957|0x313fdfd5|15|3911018644
24957|0x713fdfd5|16|6784403496
24957|0xf13fdfd5|17|13567822947
24957|0x1f13fdfd5|18|27724315297
24957|0x1f13fdfd5|19|57042283030
24957|0x5f13fdfd5|20|109269575712
24957|0x5f13fdfd5|21|223840075805
24957|0x15f13fdfd5|22|436390362934
24957|0x35f13fdfd5|23|862448942133
24957|0x75f13fdfd5|24|1742500316220
25061|0xf3ed|1|180597
25061|0x1f3ed|2|389045
25061|0x1f3ed|3|891875
25061|0x5f3ed|4|2015772
25061|0x5f3ed|5|4047649
25061|0x5f3ed|6|7942105
25061|0x5f3ed|7|16244938
25061|0x45f3ed|8|32396728
25061|0x45f3ed|9|64958780
25061|0x45f3ed|10|129774130
25061|0x45f3ed|11|259410387
25061|0x45f3ed|12|519303412
25061|0x45f3ed|13|1037443377
25061|0x45f3ed|14|1747207679
25061|0x45f3ed|15|4162263234
25061|0x4045f3ed|16|7683207630
25061|0x4045f3ed|17|13815343477
25061|0x4045f3ed|18|27488806395
25061|0x4045f3ed|19|53833202619
25061|0x44045f3ed|20|112418869655
25061|0xc4045f3ed|21|218405595257
25061|0x1c4045f3ed|22|439648185789
25061|0x3c4045f3ed|23|863602108980
25061|0x7c4045f3ed|24|1742088439744
25177|0xc5e9|1|178651
25177|0xc5e9|2|389891
25177|0xc5e9|3|1022942
25177|0xc5e9|4|2046000
25177|0x8c5e9|5|3904371
25177|0x18c5e9|6|7968987
25177|0x38c5e9|7|16058826
25177|0x38c5e9|8|30028108
25177|0xb8c5e9|9|64386907
25177|0xb8c5e9|10|128875377
25177|0xb8c5e9|11|271621111
25177|0x4b8c5e9|12|519846431
25177|0x4b8c5e9|13|1037688716
25177|0x4b8c5e9|14|1692040544
25177|0x24b8c5e9|15|4068840712
25177|0x24b8c5e9|16|7949826115
25177|0xa4b8c5e9|17|15116628163
25177|0xa4b8c5e9|18|27945799287
25177|0xa4b8c5e9|19|54654626137
25177|0xa4b8c5e9|20|109827697396
25177|0x8a4b8c5e9|21|218366468439
25177|0x18a4b8c5e9|22|438087946854
25177|0x38a4b8c5e9|23|1021440635025
25177|0x78a4b8c5e9|24|1793473963058
25307|0xc953|1|225540
25307|0xc953|2|398441
25307|0x2c953|3|895614
25307|0x6c953|4|1955463
25307|0x6c953|5|3777276
25307|0x6c953|6|7628743
25307|0x26c953|7|15478521
25307|0x66c953|8|30840629
25307|0x66c953|9|61944503
25307|0x166c953|10|123638266
25307|0x166c953|11|247646465
25307|0x566c953|12|496043874
25307|0xd66c953|13|990562608
25307|0x1d66c953|14|1876756908
25307|0x1d66c953|15|3975897559
25307|0x1d66c953|16|7592131885
25307|0x9d66c953|17|14161639352
25307|0x9d66c953|18|27227365032
25307|0x9d66c953|19|52266562885
25307|0x9d66c953|20|103349757285
25307|0x89d66c953|21|207393120017
25307|0x89d66c953|22|416272321253
25307|0x289d66c953|23|1251003670279
25307|0x289d66c953|24|1943352215400
25423|0xd3af|1|182811
25423|0xd3af|2|391221
25423|0x2d3af|3|940080
25423|0x6d3af|4|2069414
25423|0xed3af|5|3662912
25423|0x1ed3af|6|7897246
25423|0x3ed3af|7|15384779
25423|0x7ed3af|8|31066571
25423|0x7ed3af|9|62366913
25423|0x17ed3af|10|124248322
25423|0x37ed3af|11|249000464
25423|0x37ed3af|12|498351783
25423|0x37ed3af|13|833660494
25423|0x37ed3af|14|1750635904
25423|0x237ed3af|15|3308627905
25423|0x237ed3af|16|7660233157
25423|0x237ed3af|17|12766563251
25423|0x1237ed3af|18|26307468744
25423|0x1237ed3af|19|52177952728
25423|0x5237ed3af|20|103723052441
25423|0x5237ed3af|21|266742908471
25423|0x15237ed3af|22|700991511771
25423|0x15237ed3af|23|1057301983574
25423|0x55237ed3af|24|1656101232869
25553|0xd531|1|206216
25553|0xd531|2|431674
25553|0xd531|3|898835
25553|0xd531|4|1861368
25553|0xd531|5|3986727
25553|0xd531|6|7765818
25553|0x20d531|7|15784191
25553|0x60d531|8|31161594
25553|0xe0d531|9|62180976
25553|0xe0d531|10|109121403
25553|0x2e0d531|11|248979555
25553|0x6e0d531|12|499151371
25553|0x6e0d531|13|997258611
25553|0x16e0d531|14|1617457048
25553|0x36e0d531|15|3745977287
25553|0x76e0d531|16|6440936785
25553|0x76e0d531|17|13009022898
25553|0x76e0d531|18|25569163220
25553|0x276e0d531|19|51696363842
25553|0x676e0d531|20|103793474567
25553|0x676e0d531|21|206445911558
25553|0x676e0d531|22|585784836752
25553|0x676e0d531|23|1110813165557
25553|0x4676e0d531|24|1827995492913
26043|0x9773|1|207009
26043|0x19773|2|437765
26043|0x39773|3|905744
26043|0x39773|4|1874518
26043|0x39773|5|4037285
26043|0x39773|6|7749119
26043|0x239773|7|15877094
26043|0x639773|8|31269443
26043|0xe39773|9|62728120
26043|0x1e39773|10|123952625
26043|0x1e39773|11|244107986
26043|0x5e39773|12|502247898
26043|0xde39773|13|1004523814
26043|0x1de39773|14|1877695381
26043|0x3de39773|15|4013669526
26043|0x3de39773|16|7626244261
26043|0x3de39773|17|13067253717
26043|0x3de39773|18|26370232765
26043|0x3de39773|19|50649767808
26043|0x3de39773|20|105023093480
26043|0x83de39773|21|206242267099
26043|0x183de39773|22|413336763316
26043|0x383de39773|23|824297842661
26043|0x383de39773|24|1652752129190
26151|0xa997|1|182151
26151|0xa997|2|392553
26151|0xa997|3|905482
26151|0x4a997|4|2063621
26151|0xca997|5|3845054
26151|0xca997|6|7908448
26151|0xca997|7|15670523
26151|0xca997|8|31242709
26151|0x8ca997|9|62198023
26151|0x18ca997|10|124881553
26151|0x18ca997|11|250001784
26151|0x18ca997|12|500073594
26151|0x98ca997|13|871321568
26151|0x98ca997|14|2005371038
26151|0x98ca997|15|3695486968
26151|0x98ca997|16|7624917808
26151|0x898ca997|17|12933280137
26151|0x1898ca997|18|26056792047
26151|0x3898ca997|19|52185945583
26151|0x3898ca997|20|103376032689
26151|0xb898ca997|21|207838061043
26151|0x1b898ca997|22|414220244362
26151|0x1b898ca997|23|826919075413
26151|0x1b898ca997|24|1654839658819
26259|0xa79b|1|207826
26259|0xa79b|2|446876
26259|0xa79b|3|927096
26259|0xa79b|4|1769517
26259|0x8a79b|5|3988983
26259|0x8a79b|6|7722304
26259|0x8a79b|7|15812508
26259|0x48a79b|8|31365247
26259|0xc8a79b|9|50220304
26259|0xc8a79b|10|99900160
26259|0x2c8a79b|11|220608588
26259|0x6c8a79b|12|502486010
26259|0xec8a79b|13|926953476
26259|0x1ec8a79b|14|1719652929
26259|0x3ec8a79b|15|3995441673
26259|0x3ec8a79b|16|6821857599
26259|0x3ec8a79b|17|14674267268
26259|0x3ec8a79b|18|26348802937
26259|0x3ec8a79b|19|51982472577
26259|0x3ec8a79b|20|105001230272
26259|0x83ec8a79b|21|207147205624
26259|0x83ec8a79b|22|413572280073
26259|0x83ec8a79b|23|1218133551315
26259|0x483ec8a79b|24|2798132945906
26405|0x5cad|1|326278
26405|0x15cad|2|707093
26405|0x15cad|3|1514171
26405|0x55cad|4|3197920
26405|0x55cad|5|6506743
26405|0x155cad|6|13154685
26405|0x355cad|7|26459052
26405|0x355cad|8|52831567
26405|0x355cad|9|105762356
26405|0x355cad|10|211825463
26405|0x355cad|11|423338098
26405|0x355cad|12|846894167
26405|0x355cad|13|1694024454
26405|0x355cad|14|2787650065
26405|0x355cad|15|5537536922
26405|0x355cad|16|11021734889
26405|0x80355cad|17|22210929951
26405|0x80355cad|18|44049546016
26405|0x80355cad|19|90433650292
26405|0x80355cad|20|182939012096
26405|0x880355cad|21|235132978262
26405|0x1880355cad|22|413358803409
26405|0x3880355cad|23|880961812136
26405|0x7880355cad|24|1652853553876
26521|0xfca9|1|182921
26521|0x1fca9|2|394331
26521|0x1fca9|3|897526
26521|0x1fca9|4|1955487
26521|0x9fca9|5|3406294
26521|0x9fca9|6|7921205
26521|0x29fca9|7|15772027
26521|0x69fca9|8|31714169
26521|0x69fca9|9|62876868
26521|0x69fca9|10|125500849
26521|0x69fca9|11|251120127
26521|0x469fca9|12|437034136
26521|0xc69fca9|13|825319076
26521|0x1c69fca9|14|2008920709
26521|0x3c69fca9|15|3401536476
26521|0x7c69fca9|16|6556274823
26521|0x7c69fca9|17|13115579108
26521|0x17c69fca9|18|25376621637
26521|0x37c69fca9|19|51996795033
26521|0x77c69fca9|20|121967848408
26521|0xf7c69fca9|21|209755950339
26521|0x1f7c69fca9|22|413145118502
26521|0x3f7c69fca9|23|827261872303
26521|0x3f7c69fca9|24|1655122985919
26623|0x97ff|1|207827
26623|0x197ff|2|450666
26623|0x397ff|3|966507
26623|0x797ff|4|1921383
26623|0xf97ff|5|3870904
26623|0x1f97ff|6|7879240
26623|0x3f97ff|7|15587016
26623|0x3f97ff|8|31393753
26623|0xbf97ff|9|62169690
26623|0x1bf97ff|10|124449052
26623|0x1bf97ff|11|249472694
26623|0x5bf97ff|12|464163609
26623|0x5bf97ff|13|829598566
26623|0x15bf97ff|14|1659942285
26623|0x15bf97ff|15|3758854120
26623|0x55bf97ff|16|7583536565
26623|0xd5bf97ff|17|13635562028
26623|0x1d5bf97ff|18|26178417282
26623|0x1d5bf97ff|19|52869932563
26623|0x5d5bf97ff|20|105422097994
26623|0x5d5bf97ff|21|206616991379
26623|0x15d5bf97ff|22|413840687322
26623|0x15d5bf97ff|23|825882062402
26623|0x55d5bf97ff|24|1653107666420
27077|0x2d0d|1|206682
27077|0x12d0d|2|453543
27077|0x32d0d|3|933443
27077|0x72d0d|4|1813920
27077|0x72d0d|5|3990421
27077|0x72d0d|6|7694477
27077|0x72d0d|7|15758905
27077|0x72d0d|8|31207419
27077|0x72d0d|9|62528651
27077|0x1072d0d|10|125137420
27077|0x1072d0d|11|250886527
27077|0x5072d0d|12|501549757
27077|0x5072d0d|13|809344695
27077|0x15072d0d|14|2004699078
27077|0x35072d0d|15|3297391108
27077|0x75072d0d|16|8018838932
27077|0x75072d0d|17|16041327213
27077|0x75072d0d|18|26852303436
27077|0x275072d0d|19|52164631420
27077|0x675072d0d|20|106788284519
27077|0xe75072d0d|21|209828352322
27077|0xe75072d0d|22|419188253873
27077|0x2e75072d0d|23|827430916498
27077|0x6e75072d0d|24|1655657314776
27193|0x6409|1|184284
27193|0x6409|2|399623
27193|0x26409|3|915242
27193|0x66409|4|2064157
27193|0xe6409|5|3707211
27193|0xe6409|6|7915083
27193|0x2e6409|7|15518378
27193|0x6e6409|8|31349155
27193|0x6e6409|9|62751122
27193|0x6e6409|10|125335655
27193|0x26e6409|11|250918848
27193|0x26e6409|12|501733259
27193|0x26e6409|13|1002722697
27193|0x26e6409|14|1654989160
27193|0x26e6409|15|3191251611
27193|0x426e6409|16|7084796009
27193|0xc26e6409|17|13827573537
27193|0x1c26e6409|18|25939083707
27193|0x3c26e6409|19|57236966121
27193|0x3c26e6409|20|106767073798
27193|0xbc26e6409|21|206885615539
27193|0xbc26e6409|22|416140432777
27193|0x2bc26e6409|23|833128606456
27193|0x6bc26e6409|24|1649494495217
27301|0x6d2d|1|209394
27301|0x16d2d|2|454421
27301|0x16d2d|3|975745
27301|0x16d2d|4|1855092
27301|0x16d2d|5|3978267
27301|0x16d2d|6|7754187
27301|0x216d2d|7|15774233
27301|0x616d2d|8|31312883
27301|0x616d2d|9|63053443
27301|0x616d2d|10|126150247
27301|0x2616d2d|11|252672705
27301|0x2616d2d|12|504444006
27301|0x2616d2d|13|972730977
27301|0x2616d2d|14|2011798942
27301|0x22616d2d|15|3493935916
27301|0x22616d2d|16|8055183754
27301|0xa2616d2d|17|13133364937
27301|0x1a2616d2d|18|26848132665
27301|0x3a2616d2d|19|52250096600
27301|0x7a2616d2d|20|103677118934
27301|0xfa2616d2d|21|207766446511
27301|0x1fa2616d2d|22|416945457973
27301|0x3fa2616d2d|23|826720304150
27301|0x7fa2616d2d|24|1654857027559
27405|0x5bc5|1|182297
27405|0x5bc5|2|413709
27405|0x5bc5|3|993742
27405|0x5bc5|4|1961630
27405|0x5bc5|5|3810201
27405|0x5bc5|6|7910916
27405|0x205bc5|7|15436413
27405|0x205bc5|8|31219291
27405|0x205bc5|9|62506290
27405|0x205bc5|10|125420018
27405|0x205bc5|11|250785217
27405|0x205bc5|12|501761817
27405|0x8205bc5|13|1002594715
27405|0x18205bc5|14|2006536504
27405|0x18205bc5|15|4010321578
27405|0x58205bc5|16|8023186075
27405|0x58205bc5|17|14655722611
27405|0x58205bc5|18|30060383888
27405|0x258205bc5|19|54331791566
27405|0x658205bc5|20|106982961270
27405|0xe58205bc5|21|206789004102
27405|0x1e58205bc5|22|412373833923
27405|0x3e58205bc5|23|826195219059
27405|0x3e58205bc5|24|1654908617025
27511|0xde47|1|184752
27511|0x1de47|2|400921
27511|0x3de47|3|895106
27511|0x7de47|4|2070456
27511|0x7de47|5|3780052
27511|0x17de47|6|8011059
27511|0x17de47|7|15615713
27511|0x17de47|8|31618921
27511|0x17de47|9|62998625
27511|0x117de47|10|125817557
27511|0x117de47|11|252003038
27511|0x517de47|12|502872584
27511|0xd17de47|13|855050233
27511|0x1d17de47|14|2016261628
27511|0x1d17de47|15|3606761725
27511|0x1d17de47|16|6389763651
27511|0x9d17de47|17|13474210791
27511|0x9d17de47|18|26002482567
27511|0x29d17de47|19|51868564012
27511|0x29d17de47|20|104307195936
27511|0x29d17de47|21|206951033498
27511|0x29d17de47|22|413128463413
27511|0x229d17de47|23|827564961736
27511|0x629d17de47|24|1652446557526
27621|0xd9ed|1|210291
27621|0x1d9ed|2|475986
27621|0x3d9ed|3|862178
27621|0x3d9ed|4|1804643
27621|0xbd9ed|5|3961028
27621|0x1bd9ed|6|7677411
27621|0x1bd9ed|7|15748583
27621|0x1bd9ed|8|31346698
27621|0x1bd9ed|9|63065244
27621|0x11bd9ed|10|126246626
27621|0x31bd9ed|11|252196250
27621|0x71bd9ed|12|504388240
27621|0x71bd9ed|13|927794429
27621|0x71bd9ed|14|1820552970
27621|0x71bd9ed|15|3354811374
27621|0x71bd9ed|16|7594892333
27621|0x71bd9ed|17|12994960061
27621|0x1071bd9ed|18|27434719792
27621|0x1071bd9ed|19|57698068358
27621|0x5071bd9ed|20|107094116001
27621|0xd071bd9ed|21|207948622523
27621|0xd071bd9ed|22|413138660317
27621|0x2d071bd9ed|23|826666322279
27621|0x6d071bd9ed|24|1650709880906
28115|0x725b|1|209685
28115|0x1725b|2|460097
28115|0x3725b|3|1008495
28115|0x3725b|4|1911727
28115|0xb725b|5|3903889
28115|0xb725b|6|7856940
28115|0x2b725b|7|15801690
28115|0x2b725b|8|31455479
28115|0xab725b|9|63179625
28115|0x1ab725b|10|126257911
28115|0x1ab725b|11|253015185
28115|0x1ab725b|12|504805183
28115|0x1ab725b|13|972419905
28115|0x1ab725b|14|1644166818
28115|0x21ab725b|15|3723355087
28115|0x61ab725b|16|6809193334
28115|0xe1ab725b|17|13802094269
28115|0xe1ab725b|18|26069209144
28115|0xe1ab725b|19|88005754553
28115|0xe1ab725b|20|121877156618
28115|0xe1ab725b|21|206170567365
28115|0x10e1ab725b|22|411664163908
28115|0x10e1ab725b|23|1107434038233
28115|0x10e1ab725b|24|2787127667908
28255|0x6d9f|1|331359
28255|0x16d9f|2|722693
28255|0x36d9f|3|1573548
28255|0x36d9f|4|3256769
28255|0x36d9f|5|6595203
28255|0x36d9f|6|13289419
28255|0x236d9f|7|26609216
28255|0x636d9f|8|45594845
28255|0x636d9f|9|106384691
28255|0x636d9f|10|212947510
28255|0x2636d9f|11|426063251
28255|0x6636d9f|12|852233593
28255|0xe636d9f|13|1554908644
28255|0x1e636d9f|14|2715758390
28255|0x1e636d9f|15|5508101696
28255|0x1e636d9f|16|10898862172
28255|0x1e636d9f|17|21716240781
28255|0x1e636d9f|18|43102638136
28255|0x21e636d9f|19|87231982163
28255|0x21e636d9f|20|173957692713
28255|0xa1e636d9f|21|349063796934
28255|0x1a1e636d9f|22|696306193557
28255|0x1a1e636d9f|23|1392923763673
28255|0x5a1e636d9f|24|2785274463236
28441|0x7d29|1|353258
28441|0x17d29|2|724926
28441|0x37d29|3|1558369
28441|0x77d29|4|3304042
28441|0x77d29|5|6609524
28441|0x77d29|6|13222550
28441|0x77d29|7|26581365
28441|0x77d29|8|53227188
28441|0x77d29|9|106429874
28441|0x77d29|10|213136691
28441|0x77d29|11|435121984
28441|0x77d29|12|852606639
28441|0x77d29|13|1705243189
28441|0x77d29|14|2958234848
28441|0x77d29|15|5457940751
28441|0x40077d29|16|11542357369
28441|0xc0077d29|17|21975153461
28441|0xc0077d29|18|43888073084
28441|0x2c0077d29|19|89379598134
28441|0x2c0077d29|20|175023547506
28441|0xac0077d29|21|348529314257
28441|0x1ac0077d29|22|697626460427
28441|0x3ac0077d29|23|1391854381653
28441|0x3ac0077d29|24|2783455689690
28623|0x372f|1|332241
28623|0x372f|2|725929
28623|0x2372f|3|1561294
28623|0x2372f|4|3290675
28623|0xa372f|5|6627550
28623|0x1a372f|6|13245982
28623|0x3a372f|7|26644883
28623|0x3a372f|8|53239331
28623|0x3a372f|9|106625356
28623|0x13a372f|10|213287773
28623|0x13a372f|11|426757498
28623|0x53a372f|12|869256387
28623|0xd3a372f|13|1582725867
28623|0x1d3a372f|14|2758904238
28623|0x3d3a372f|15|5525446918
28623|0x7d3a372f|16|12879171496
28623|0xfd3a372f|17|22539289992
28623|0x1fd3a372f|18|43857475069
28623|0x1fd3a372f|19|90798592327
28623|0x1fd3a372f|20|173873632462
28623|0x9fd3a372f|21|347775633138
28623|0x9fd3a372f|22|698222943151
28623|0x29fd3a372f|23|1391689571717
28623|0x69fd3a372f|24|2783343565319
29167|0xdd0f|1|329898
29167|0xdd0f|2|727088
29167|0x2dd0f|3|1595196
29167|0x2dd0f|4|3176969
29167|0x2dd0f|5|6545526
29167|0x2dd0f|6|13225228
29167|0x2dd0f|7|26619612
29167|0x42dd0f|8|53310152
29167|0x42dd0f|9|106714288
29167|0x42dd0f|10|213644307
29167|0x242dd0f|11|427371980
29167|0x242dd0f|12|828206668
29167|0x242dd0f|13|1709399814
29167|0x242dd0f|14|3419209211
29167|0x2242dd0f|15|5883108978
29167|0x2242dd0f|16|10794773750
29167|0xa242dd0f|17|21566600641
29167|0x1a242dd0f|18|43579880515
29167|0x3a242dd0f|19|87665874988
29167|0x7a242dd0f|20|174656494986
29167|0x7a242dd0f|21|348089015032
29167|0x7a242dd0f|22|695001910221
29167|0x7a242dd0f|23|1389548585044
29167|0x47a242dd0f|24|2780648321472
29351|0x1517|1|334233
29351|0x1517|2|759186
29351|0x21517|3|1577262
29351|0x21517|4|3206231
29351|0x21517|5|6553381
29351|0x21517|6|13276200
29351|0x21517|7|26648945
29351|0x421517|8|53343682
29351|0xc21517|9|106734616
29351|0xc21517|10|213725407
29351|0xc21517|11|427752620
29351|0x4c21517|12|780237743
29351|0xcc21517|13|1482921513
29351|0xcc21517|14|2957257170
29351|0xcc21517|15|6843029898
29351|0x4cc21517|16|10918556825
29351|0xccc21517|17|27381572066
29351|0xccc21517|18|44163675770
29351|0xccc21517|19|87565625801
29351|0x4ccc21517|20|174090787834
29351|0x4ccc21517|21|347832247758
29351|0x14ccc21517|22|694614452212
29351|0x14ccc21517|23|1389424289577
29351|0x54ccc21517|24|2778612517840
29531|0x84d3|1|335123
29531|0x84d3|2|733912
29531|0x284d3|3|1580935
29531|0x284d3|4|3207488
29531|0x284d3|5|6584131
29531|0x1284d3|6|13284979
29531|0x1284d3|7|26775563
29531|0x5284d3|8|53505589
29531|0x5284d3|9|106950652
29531|0x15284d3|10|173876113
29531|0x35284d3|11|364573300
29531|0x35284d3|12|762681031
29531|0x35284d3|13|1435572611
29531|0x35284d3|14|2765380118
29531|0x35284d3|15|5501930154
29531|0x435284d3|16|11449010710
29531|0x435284d3|17|21974247423
29531|0x435284d3|18|43785644791
29531|0x2435284d3|19|86493527955
29531|0x6435284d3|20|174761696288
29531|0xe435284d3|21|347645079117
29531|0x1e435284d3|22|694195366456
29531|0x1e435284d3|23|1388490128278
29531|0x1e435284d3|24|2779042144519
30061|0xdc65|1|336342
30061|0xdc65|2|738172
30061|0xdc65|3|1609281
30061|0xdc65|4|3231392
30061|0x8dc65|5|6609684
30061|0x8dc65|6|13320169
30061|0x8dc65|7|26667095
30061|0x8dc65|8|53515527
30061|0x88dc65|9|107130391
30061|0x188dc65|10|214300363
30061|0x188dc65|11|428535535
30061|0x588dc65|12|857319197
30061|0xd88dc65|13|1417122862
30061|0x1d88dc65|14|3126236984
30061|0x3d88dc65|15|5887588380
30061|0x7d88dc65|16|12111072561
30061|0x7d88dc65|17|21788651144
30061|0x17d88dc65|18|43195020838
30061|0x37d88dc65|19|86995359502
30061|0x77d88dc65|20|173615425485
30061|0x77d88dc65|21|346945486819
30061|0x177d88dc65|22|694064435189
30061|0x377d88dc65|23|1387686617890
30061|0x377d88dc65|24|2773548817743
30243|0xe98b|1|336237
30243|0xe98b|2|736153
30243|0x2e98b|3|1445967
30243|0x6e98b|4|3235070
30243|0xee98b|5|6631758
30243|0x1ee98b|6|13346366
30243|0x3ee98b|7|26741119
30243|0x7ee98b|8|53520451
30243|0x7ee98b|9|107172324
30243|0x17ee98b|10|214316888
30243|0x17ee98b|11|428991083
30243|0x57ee98b|12|858190898
30243|0x57ee98b|13|1715306659
30243|0x57ee98b|14|2990595749
30243|0x57ee98b|15|5638565277
30243|0x457ee98b|16|10797111767
30243|0x457ee98b|17|21532410032
30243|0x457ee98b|18|43547203520
30243|0x2457ee98b|19|86257510283
30243|0x2457ee98b|20|173659676607
30243|0xa457ee98b|21|346865754087
30243|0x1a457ee98b|22|694237534895
30243|0x3a457ee98b|23|1388340710825
30243|0x3a457ee98b|24|2772407025414
30423|0xdce7|1|337044
30423|0xdce7|2|741948
30423|0xdce7|3|1611473
30423|0x4dce7|4|3257659
30423|0xcdce7|5|6644482
30423|0xcdce7|6|13352694
30423|0x2cdce7|7|26689470
30423|0x2cdce7|8|53529414
30423|0xacdce7|9|107195699
30423|0x1acdce7|10|214529283
30423|0x3acdce7|11|410999860
30423|0x7acdce7|12|789771534
30423|0x7acdce7|13|1582584140
30423|0x7acdce7|14|3166005144
30423|0x27acdce7|15|6131263186
30423|0x27acdce7|16|12065643704
30423|0x27acdce7|17|22215085407
30423|0x127acdce7|18|43486790469
30423|0x327acdce7|19|88450403986
30423|0x327acdce7|20|173092721762
30423|0x327acdce7|21|351611890160
30423|0x1327acdce7|22|692828583568
30423|0x3327acdce7|23|1391702826345
30423|0x7327acdce7|24|2773723936183
30601|0x2eb9|1|334118
30601|0x12eb9|2|743058
30601|0x32eb9|3|1625210
30601|0x72eb9|4|3239736
30601|0x72eb9|5|6687430
30601|0x172eb9|6|13382249
30601|0x372eb9|7|26741456
30601|0x772eb9|8|53655730
30601|0xf72eb9|9|107294992
30601|0x1f72eb9|10|214658274
30601|0x1f72eb9|11|429372570
30601|0x5f72eb9|12|858831867
30601|0xdf72eb9|13|1717897157
30601|0xdf72eb9|14|3360048875
30601|0x2df72eb9|15|5939855390
30601|0x2df72eb9|16|10869898485
30601|0xadf72eb9|17|21800581351
30601|0x1adf72eb9|18|43472008281
30601|0x1adf72eb9|19|88984696233
30601|0x5adf72eb9|20|173064206359
30601|0xdadf72eb9|21|346229879427
30601|0x1dadf72eb9|22|694800182656
30601|0x1dadf72eb9|23|1385111363980
30601|0x5dadf72eb9|24|2625105219324
31131|0x4493|1|192146
31131|0x14493|2|419010
31131|0x34493|3|904579
31131|0x74493|4|1849047
31131|0x74493|5|3980531
31131|0x174493|6|7772248
31131|0x174493|7|15759676
31131|0x174493|8|31378572
31131|0x974493|9|63114565
31131|0x1974493|10|126283055
31131|0x3974493|11|252400991
31131|0x7974493|12|416533265
31131|0xf974493|13|1009810781
31131|0x1f974493|14|2019845606
31131|0x3f974493|15|3766481229
31131|0x3f974493|16|6775202012
31131|0x3f974493|17|13367826970
31131|0x13f974493|18|25557359055
31131|0x13f974493|19|53213900954
31131|0x13f974493|20|103352251790
31131|0x13f974493|21|205834157510
31131|0x113f974493|22|412913054420
31131|0x113f974493|23|821513254469
31131|0x113f974493|24|1643332280767
31235|0x80ab|1|189561
31235|0x180ab|2|418988
31235|0x380ab|3|986736
31235|0x780ab|4|2082270
31235|0xf80ab|5|3748778
31235|0xf80ab|6|8054821
31235|0xf80ab|7|15716662
31235|0xf80ab|8|31824875
31235|0x8f80ab|9|63386497
31235|0x18f80ab|10|127110787
31235|0x18f80ab|11|254420742
31235|0x18f80ab|12|507548560
31235|0x98f80ab|13|1015985040
31235|0x98f80ab|14|2032435567
31235|0x98f80ab|15|4065159838
31235|0x98f80ab|16|6461248660
31235|0x898f80ab|17|12987960227
31235|0x898f80ab|18|26123281841
31235|0x898f80ab|19|51393151441
31235|0x898f80ab|20|163579213143
31235|0x898f80ab|21|345119240174
31235|0x10898f80ab|22|692591996424
31235|0x10898f80ab|23|1385335407406
31235|0x50898f80ab|24|2777229030229
31415|0x8307|1|342493
31415|0x18307|2|750950
31415|0x38307|3|1621096
31415|0x78307|4|3302352
31415|0x78307|5|6667221
31415|0x178307|6|13414511
31415|0x178307|7|26828849
31415|0x578307|8|53826501
31415|0x578307|9|107744784
31415|0x1578307|10|215437866
31415|0x3578307|11|430959202
31415|0x3578307|12|858785542
31415|0xb578307|13|1515776404
31415|0x1b578307|14|2714596232
31415|0x1b578307|15|6158582651
31415|0x5b578307|16|11500316904
31415|0x5b578307|17|21572228092
31415|0x15b578307|18|43652702638
31415|0x15b578307|19|86873547343
31415|0x15b578307|20|173984584468
31415|0x15b578307|21|346714694530
31415|0x15b578307|22|692053329186
31415|0x15b578307|23|1384516982724
31415|0x15b578307|24|2403270623471
31583|0xa09f|1|542493
31583|0xa09f|2|771053
31583|0xa09f|3|954641
31583|0xa09f|4|2155406
31583|0x8a09f|5|3760526
31583|0x8a09f|6|8116143
31583|0x28a09f|7|15786004
31583|0x68a09f|8|31786332
31583|0x68a09f|9|63540545
31583|0x68a09f|10|126646143
31583|0x68a09f|11|253880864
31583|0x468a09f|12|540212866
31583|0xc68a09f|13|1019348674
31583|0xc68a09f|14|1730653565
31583|0x2c68a09f|15|3492917850
31583|0x6c68a09f|16|7287104689
31583|0xec68a09f|17|13183450776
31583|0xec68a09f|18|25676756918
31583|0x2ec68a09f|19|55216116517
31583|0x6ec68a09f|20|103470159491
31583|0xeec68a09f|21|206285070162
31583|0xeec68a09f|22|409951110757
31583|0x2eec68a09f|23|820991033171
31583|0x2eec68a09f|24|1922762407303
31703|0xa7e7|1|342867
31703|0x1a7e7|2|812303
31703|0x1a7e7|3|1628598
31703|0x1a7e7|4|3342367
31703|0x1a7e7|5|6682528
31703|0x11a7e7|6|13474456
31703|0x11a7e7|7|26938912
31703|0x11a7e7|8|53882425
31703|0x91a7e7|9|107758699
31703|0x91a7e7|10|215683102
31703|0x291a7e7|11|431387306
31703|0x691a7e7|12|765173381
31703|0x691a7e7|13|1793608344
31703|0x691a7e7|14|2736822477
31703|0x691a7e7|15|6934051463
31703|0x691a7e7|16|10909793463
31703|0x8691a7e7|17|21967266453
31703|0x18691a7e7|18|43385970441
31703|0x18691a7e7|19|86738136460
31703|0x18691a7e7|20|173818795892
31703|0x18691a7e7|21|346158955804
31703|0x118691a7e7|22|691983412635
31703|0x318691a7e7|23|1383844061947
31703|0x718691a7e7|24|2370218851461
32197|0xf90d|1|189852
32197|0x1f90d|2|487622
32197|0x1f90d|3|1040203
32197|0x1f90d|4|2001293
32197|0x1f90d|5|3944987
32197|0x1f90d|6|7933502
32197|0x21f90d|7|16046383
32197|0x61f90d|8|31887618
32197|0x61f90d|9|64145854
32197|0x61f90d|10|127850973
32197|0x261f90d|11|256973663
32197|0x661f90d|12|511994837
32197|0x661f90d|13|1028867289
32197|0x661f90d|14|2008803209
32197|0x661f90d|15|4049327859
32197|0x4661f90d|16|6414611536
32197|0x4661f90d|17|12977316574
32197|0x4661f90d|18|26066161253
32197|0x4661f90d|19|52430183006
32197|0x44661f90d|20|102859409142
32197|0xc4661f90d|21|205793496718
32197|0x1c4661f90d|22|411291903537
32197|0x3c4661f90d|23|820519930139
32197|0x7c4661f90d|24|1638747390547
32307|0xacfb|1|189980
32307|0xacfb|2|423989
32307|0x2acfb|3|918265
32307|0x6acfb|4|2065935
32307|0xeacfb|5|3870657
32307|0x1eacfb|6|8042000
32307|0x1eacfb|7|15763949
32307|0x5eacfb|8|32119372
32307|0x5eacfb|9|63978855
32307|0x5eacfb|10|128196927
32307|0x5eacfb|11|255796119
32307|0x45eacfb|12|512421972
32307|0xc5eacfb|13|1024670246
32307|0x1c5eacfb|14|2049311902
32307|0x1c5eacfb|15|4095280804
32307|0x5c5eacfb|16|6440371555
32307|0x5c5eacfb|17|13395216289
32307|0x15c5eacfb|18|25873768861
32307|0x15c5eacfb|19|51926197372
32307|0x55c5eacfb|20|102543879049
32307|0xd5c5eacfb|21|206162052944
32307|0xd5c5eacfb|22|424917304106
32307|0x2d5c5eacfb|23|835060467261
32307|0x2d5c5eacfb|24|1638814846794
32415|0x1d5f|1|192533
32415|0x11d5f|2|424328
32415|0x31d5f|3|971739
32415|0x71d5f|4|2119400
32415|0x71d5f|5|3839376
32415|0x71d5f|6|8099128
32415|0x271d5f|7|15830043
32415|0x671d5f|8|32053300
32415|0xe71d5f|9|64019834
32415|0xe71d5f|10|128223589
32415|0xe71d5f|11|256423406
32415|0xe71d5f|12|512635433
32415|0xe71d5f|13|875787634
32415|0x10e71d5f|14|1719000968
32415|0x10e71d5f|15|4100614234
32415|0x50e71d5f|16|6531837945
32415|0x50e71d5f|17|13102888393
32415|0x50e71d5f|18|27848409067
32415|0x50e71d5f|19|51497201899
32415|0x450e71d5f|20|104333081712
32415|0x450e71d5f|21|204668140531
32415|0x450e71d5f|22|410907773529
32415|0x450e71d5f|23|1025626794081
32415|0x450e71d5f|24|2720972167995
32567|0x6687|1|190510
32567|0x16687|2|425232
32567|0x36687|3|1007845
32567|0x36687|4|2123234
32567|0xb6687|5|3866436
32567|0x1b6687|6|8084044
32567|0x1b6687|7|15913349
32567|0x5b6687|8|31994333
32567|0xdb6687|9|64058081
32567|0x1db6687|10|128119991
32567|0x3db6687|11|256262418
32567|0x7db6687|12|512692392
32567|0xfdb6687|13|1027285328
32567|0xfdb6687|14|2051748112
32567|0xfdb6687|15|4088204759
32567|0x4fdb6687|16|7710222074
32567|0x4fdb6687|17|12839011415
32567|0x14fdb6687|18|26559569663
32567|0x34fdb6687|19|51334165218
32567|0x74fdb6687|20|103465136157
32567|0x74fdb6687|21|205416255934
32567|0x174fdb6687|22|410440076763
32567|0x374fdb6687|23|822406121200
32567|0x374fdb6687|24|1674172256367
32673|0x2461|1|343709
32673|0x12461|2|757087
32673|0x12461|3|1645575
32673|0x52461|4|3356792
32673|0xd2461|5|6746166
32673|0x1d2461|6|13480163
32673|0x3d2461|7|26978599
32673|0x3d2461|8|54041817
32673|0xbd2461|9|108053049
32673|0xbd2461|10|216315108
32673|0xbd2461|11|434033228
32673|0x4bd2461|12|865234374
32673|0x4bd2461|13|1478593913
32673|0x14bd2461|14|2959466794
32673|0x34bd2461|15|5399060168
32673|0x34bd2461|16|10854168710
32673|0x34bd2461|17|21767673150
32673|0x134bd2461|18|43433279166
32673|0x134bd2461|19|86464102611
32673|0x534bd2461|20|174870876847
32673|0x534bd2461|21|345199743910
32673|0x1534bd2461|22|690751267717
32673|0x1534bd2461|23|1044895504312
32673|0x1534bd2461|24|1635594233919
33011|0x983b|1|368664
33011|0x2983b|2|874840
33011|0x6983b|3|1699488
33011|0x6983b|4|3629491
33011|0x6983b|5|7518131
33011|0x26983b|6|15051501
33011|0x66983b|7|30027898
33011|0xe6983b|8|59755399
33011|0x1e6983b|9|118215678
33011|0x3e6983b|10|239315373
33011|0x3e6983b|11|477718545
33011|0x3e6983b|12|956066704
33011|0x3e6983b|13|1895180327
33011|0x3e6983b|14|3801802036
33011|0x3e6983b|15|7248887404
33011|0x3e6983b|16|13707826146
33011|0x103e6983b|17|28791149431
33011|0x303e6983b|18|53821817725
33011|0x303e6983b|19|106751896902
33011|0x303e6983b|20|212313813230
33011|0x1303e6983b|21|419667099292
33011|0x1303e6983b|22|843592853131
33011|0x1303e6983b|23|1673659240223
33011|0x1303e6983b|24|5685029886433
33173|0x1c1bd|1|580795
33173|0x3c1bd|2|1374561
33173|0x3c1bd|3|3043743
33173|0x3c1bd|4|6256789
33173|0x13c1bd|5|12721243
33173|0x33c1bd|6|25503528
33173|0x73c1bd|7|51089185
33173|0x73c1bd|8|102111599
33173|0x73c1bd|9|204356816
33173|0x73c1bd|10|409129945
33173|0x73c1bd|11|689106704
33173|0x873c1bd|12|1636375339
33173|0x873c1bd|13|3021024153
33173|0x873c1bd|14|5442839943
33173|0x4873c1bd|15|11918341355
33173|0xc873c1bd|16|21604002818
33173|0x1c873c1bd|17|44432492714
33173|0x1c873c1bd|18|89007329782
33173|0x5c873c1bd|19|178635767711
33173|0x5c873c1bd|20|358137465485
33173|0x5c873c1bd|21|716468617040
33173|0x25c873c1bd|22|1433624656965
33173|0x25c873c1bd|23|2861947108204
33173|0x25c873c1bd|24|5719760701172
33329|0x196d1|1|576892
33329|0x196d1|2|1397943
33329|0x596d1|3|3058642
33329|0xd96d1|4|6257212
33329|0x1d96d1|5|12705811
33329|0x1d96d1|6|25438215
33329|0x5d96d1|7|51047443
33329|0xdd96d1|8|102226545
33329|0x1dd96d1|9|204633656
33329|0x3dd96d1|10|409484600
33329|0x7dd96d1|11|728648605
33329|0xfdd96d1|12|1637023039
33329|0x1fdd96d1|13|2764476023
33329|0x3fdd96d1|14|6548143320
33329|0x7fdd96d1|15|11658739491
33329|0x7fdd96d1|16|23354539805
33329|0x17fdd96d1|17|44101426437
33329|0x17fdd96d1|18|90238897601
33329|0x17fdd96d1|19|178628254122
33329|0x97fdd96d1|20|357216469626
33329|0x97fdd96d1|21|714318251915
33329|0x97fdd96d1|22|1428295381837
33329|0x497fdd96d1|23|2856108405673
33329|0x497fdd96d1|24|3918673546962
33513|0x7559|1|326543
33513|0x27559|2|772873
33513|0x67559|3|1698844
33513|0xe7559|4|3827472
33513|0xe7559|5|7472173
33513|0xe7559|6|14919833
33513|0x4e7559|7|29864311
33513|0x4e7559|8|59799150
33513|0x14e7559|9|119236732
33513|0x14e7559|10|239372272
33513|0x14e7559|11|479885041
33513|0x94e7559|12|959409149
33513|0x194e7559|13|1878358684
33513|0x394e7559|14|3643653694
33513|0x394e7559|15|7633893141
33513|0x394e7559|16|13644000401
33513|0x394e7559|17|25462003427
33513|0x2394e7559|18|53091175789
33513|0x2394e7559|19|108787102303
33513|0x2394e7559|20|212779212407
33513|0x2394e7559|21|422481831484
33513|0x22394e7559|22|847936902024
33513|0x62394e7559|23|1665257658229
33513|0xe2394e7559|24|3346403978992
33617|0xa5b1|1|371139
33617|0x2a5b1|2|878755
33617|0x2a5b1|3|1755824
33617|0x2a5b1|4|3736121
33617|0x2a5b1|5|7509659
33617|0x22a5b1|6|13343389
33617|0x62a5b1|7|30044570
33617|0x62a5b1|8|50685040
33617|0x62a5b1|9|120652053
33617|0x262a5b1|10|240980882
33617|0x662a5b1|11|482972045
33617|0x662a5b1|12|964801355
33617|0x662a5b1|13|1820308970
33617|0x662a5b1|14|3860399963
33617|0x662a5b1|15|7721489217
33617|0x8662a5b1|16|13005081963
33617|0x18662a5b1|17|31405318918
33617|0x18662a5b1|18|55510834686
33617|0x18662a5b1|19|106625712728
33617|0x18662a5b1|20|211986148248
33617|0x18662a5b1|21|420944450339
33617|0x18662a5b1|22|843503632005
33617|0x418662a5b1|23|1660933350679
33617|0xc18662a5b1|24|3355668228584
33713|0x1e551|1|369594
33713|0x1e551|2|879605
33713|0x1e551|3|1820423
33713|0x9e551|4|3729347
33713|0x19e551|5|7673788
33713|0x19e551|6|15331070
33713|0x59e551|7|30447350
33713|0xd9e551|8|60391464
33713|0x1d9e551|9|101393250
33713|0x1d9e551|10|242820868
33713|0x1d9e551|11|485303670
33713|0x9d9e551|12|970451420
33713|0x19d9e551|13|1940758050
33713|0x39d9e551|14|3321919748
33713|0x39d9e551|15|6450251388
33713|0xb9d9e551|16|12863939846
33713|0x1b9d9e551|17|26232789538
33713|0x1b9d9e551|18|56727844166
33713|0x5b9d9e551|19|105803881989
33713|0x5b9d9e551|20|212341869641
33713|0x15b9d9e551|21|422920488290
33713|0x35b9d9e551|22|844156705074
33713|0x75b9d9e551|23|1662236319442
33713|0xf5b9d9e551|24|3348774767949
34013|0x7375|1|326365
34013|0x7375|2|776193
34013|0x47375|3|1708295
34013|0x47375|4|3723097
34013|0x47375|5|7357086
34013|0x247375|6|14797152
34013|0x247375|7|29789706
34013|0x247375|8|59191504
34013|0x1247375|9|118660830
34013|0x1247375|10|237803774
34013|0x1247375|11|474746062
34013|0x9247375|12|949561827
34013|0x19247375|13|1899535581
34013|0x19247375|14|3799627404
34013|0x19247375|15|6564460626
34013|0x99247375|16|12795448984
34013|0x199247375|17|25841282606
34013|0x199247375|18|51838019244
34013|0x199247375|19|102970397302
34013|0x999247375|20|207594252134
34013|0x999247375|21|418864503839
34013|0x999247375|22|840190760439
34013|0x4999247375|23|1670176434069
34013|0xc999247375|24|3342514495319
34119|0x19477|1|371007
34119|0x39477|2|882859
34119|0x39477|3|1768562
34119|0x39477|4|3523241
34119|0x39477|5|7354437
34119|0x239477|6|14825144
34119|0x239477|7|29427289
34119|0x239477|8|59197490
34119|0x239477|9|118468052
34119|0x2239477|10|236894889
34119|0x6239477|11|473887752
34119|0x6239477|12|947651685
34119|0x16239477|13|1566920406
34119|0x36239477|14|3359525828
34119|0x36239477|15|6355977494
34119|0xb6239477|16|12462618087
34119|0x1b6239477|17|25688956017
34119|0x3b6239477|18|51569972793
34119|0x3b6239477|19|103040936182
34119|0xbb6239477|20|206891146947
34119|0xbb6239477|21|419577042276
34119|0x2bb6239477|22|845279890016
34119|0x6bb6239477|23|1675141742566
34119|0xebb6239477|24|3332188579080
34233|0x1f089|1|371058
34233|0x3f089|2|834632
34233|0x3f089|3|1805869
34233|0x3f089|4|3884183
34233|0x13f089|5|7797613
34233|0x33f089|6|15639198
34233|0x33f089|7|31244919
34233|0xb3f089|8|62697394
34233|0xb3f089|9|124910969
34233|0x2b3f089|10|231042100
34233|0x2b3f089|11|498618240
34233|0x2b3f089|12|1000560053
34233|0x12b3f089|13|2002406836
34233|0x12b3f089|14|3758037490
34233|0x12b3f089|15|7303747205
34233|0x12b3f089|16|13349050498
34233|0x112b3f089|17|29178467544
34233|0x312b3f089|18|59144485202
34233|0x312b3f089|19|110416471008
34233|0x312b3f089|20|219865002477
34233|0x1312b3f089|21|439127164053
34233|0x1312b3f089|22|882714000907
34233|0x1312b3f089|23|1749992814852
34233|0x9312b3f089|24|3505813284251
34341|0x25ad|1|342429
34341|0x225ad|2|802552
34341|0x225ad|3|1948579
34341|0xa25ad|4|3824456
34341|0x1a25ad|5|7832092
34341|0x1a25ad|6|15574077
34341|0x1a25ad|7|31236786
34341|0x9a25ad|8|62470950
34341|0x9a25ad|9|125293919
34341|0x29a25ad|10|246434799
34341|0x29a25ad|11|498915249
34341|0x29a25ad|12|977810332
34341|0x129a25ad|13|2005841639
34341|0x329a25ad|14|3752145203
34341|0x329a25ad|15|7094889305
34341|0x329a25ad|16|13949934882
34341|0x329a25ad|17|26449655943
34341|0x329a25ad|18|52976856491
34341|0x4329a25ad|19|110102490478
34341|0xc329a25ad|20|221447900090
34341|0xc329a25ad|21|438635341130
34341|0xc329a25ad|22|884534321598
34341|0x4c329a25ad|23|1753504816184
34341|0xcc329a25ad|24|3512591176456
34451|0x1879b|1|371526
34451|0x1879b|2|885538
34451|0x5879b|3|1822317
34451|0xd879b|4|3984090
34451|0xd879b|5|7669434
34451|0xd879b|6|15568101
34451|0x4d879b|7|31236437
34451|0xcd879b|8|62589507
34451|0x1cd879b|9|125249499
34451|0x3cd879b|10|250256361
34451|0x7cd879b|11|500370679
34451|0x7cd879b|12|1000691959
34451|0x17cd879b|13|2000372320
34451|0x17cd879b|14|3585374418
34451|0x57cd879b|15|8032708435
34451|0x57cd879b|16|15228240582
34451|0x57cd879b|17|29076378898
34451|0x57cd879b|18|56603146858
34451|0x57cd879b|19|112166452115
34451|0x857cd879b|20|220357532263
34451|0x857cd879b|21|441183156535
34451|0x857cd879b|22|882378380973
34451|0x4857cd879b|23|1748950392105
34451|0xc857cd879b|24|3353489746130
34557|0x4655|1|327931
34557|0x24655|2|780147
34557|0x24655|3|1849526
34557|0x24655|4|3722308
34557|0x124655|5|7411879
34557|0x324655|6|14815118
34557|0x324655|7|29786811
34557|0xb24655|8|59837994
34557|0x1b24655|9|119082161
34557|0x3b24655|10|238492708
34557|0x3b24655|11|477533620
34557|0xbb24655|12|932307756
34557|0xbb24655|13|1909383737
34557|0x2bb24655|14|3819318748
34557|0x2bb24655|15|7639716592
34557|0xabb24655|16|14991731716
34557|0x1abb24655|17|30815316680
34557|0x3abb24655|18|53320886671
34557|0x3abb24655|19|104943991904
34557|0x3abb24655|20|207912121283
34557|0x3abb24655|21|417413989542
34557|0x3abb24655|22|827694233500
34557|0x3abb24655|23|1678202813382
34557|0x83abb24655|24|3338782443930
34659|0x1324b|1|327512
34659|0x1324b|2|801606
34659|0x5324b|3|1910846
34659|0xd324b|4|3647864
34659|0xd324b|5|7428594
34659|0x2d324b|6|14837639
34659|0x2d324b|7|29757515
34659|0x2d324b|8|59544774
34659|0x12d324b|9|119187092
34659|0x32d324b|10|239159158
34659|0x32d324b|11|477403799
34659|0x32d324b|12|955057115
34659|0x132d324b|13|1909642928
34659|0x132d324b|14|3819012078
34659|0x532d324b|15|7641999530
34659|0x532d324b|16|13069155823
34659|0x1532d324b|17|26438266491
34659|0x1532d324b|18|52913177050
34659|0x1532d324b|19|110420212429
34659|0x1532d324b|20|213091916695
34659|0x1532d324b|21|427123216315
34659|0x21532d324b|22|834699706362
34659|0x61532d324b|23|1679699557727
34659|0xe1532d324b|24|3342989945260
34773|0x797d|1|327733
34773|0x2797d|2|841367
34773|0x2797d|3|1955762
34773|0x2797d|4|3384312
34773|0x2797d|5|7294148
34773|0x22797d|6|14882663
34773|0x62797d|7|30001470
34773|0x62797d|8|59977429
34773|0x62797d|9|120334570
34773|0x62797d|10|240276927
34773|0x62797d|11|432298284
34773|0x62797d|12|960991545
34773|0x62797d|13|1921908154
34773|0x62797d|14|3845432564
34773|0x4062797d|15|6570523514
34773|0xc062797d|16|15290430894
34773|0xc062797d|17|29886699952
34773|0xc062797d|18|54318477763
34773|0x4c062797d|19|106418319722
34773|0xcc062797d|20|210481215962
34773|0x1cc062797d|21|423139702461
34773|0x3cc062797d|22|831874917817
34773|0x3cc062797d|23|1676915211814
34773|0x3cc062797d|24|3332529034971
35079|0x94b7|1|328290
35079|0x294b7|2|783937
35079|0x294b7|3|1803793
35079|0xa94b7|4|3736895
35079|0xa94b7|5|7372807
35079|0x2a94b7|6|14931568
35079|0x6a94b7|7|30087171
35079|0xea94b7|8|60072620
35079|0xea94b7|9|120401164
35079|0xea94b7|10|241121451
35079|0xea94b7|11|481961017
35079|0xea94b7|12|913105667
35079|0x10ea94b7|13|1782955340
35079|0x10ea94b7|14|3855942909
35079|0x10ea94b7|15|7710224927
35079|0x10ea94b7|16|15408475719
35079|0x10ea94b7|17|25940954711
35079|0x210ea94b7|18|56156762138
35079|0x610ea94b7|19|107251784689
35079|0xe10ea94b7|20|210662576130
35079|0x1e10ea94b7|21|422309925763
35079|0x3e10ea94b7|22|835524942274
35079|0x7e10ea94b7|23|1681449037005
35079|0xfe10ea94b7|24|3330182241240
35187|0x1c3bb|1|372827
35187|0x3c3bb|2|849124
35187|0x3c3bb|3|1748662
35187|0x3c3bb|4|3719545
35187|0x13c3bb|5|7458874
35187|0x33c3bb|6|14915068
35187|0x33c3bb|7|30202121
35187|0x33c3bb|8|59967061
35187|0x133c3bb|9|119953679
35187|0x333c3bb|10|240058462
35187|0x733c3bb|11|481368331
35187|0x733c3bb|12|960993825
35187|0x1733c3bb|13|1625715695
35187|0x3733c3bb|14|3868215906
35187|0x3733c3bb|15|7694900381
35187|0xb733c3bb|16|12710241587
35187|0x1b733c3bb|17|30867286538
35187|0x1b733c3bb|18|52229558226
35187|0x1b733c3bb|19|112241365124
35187|0x1b733c3bb|20|213044391978
35187|0x11b733c3bb|21|422000198748
35187|0x11b733c3bb|22|834167641145
35187|0x11b733c3bb|23|1685201187545
35187|0x11b733c3bb|24|3355884266515
35295|0x721f|1|328326
35295|0x2721f|2|785492
35295|0x6721f|3|1862509
35295|0x6721f|4|3680984
35295|0x16721f|5|7404961
35295|0x36721f|6|15019281
35295|0x36721f|7|29991388
35295|0xb6721f|8|60093216
35295|0xb6721f|9|120183398
35295|0x2b6721f|10|240233059
35295|0x2b6721f|11|481165205
35295|0x2b6721f|12|961738735
35295|0x2b6721f|13|1923855386
35295|0x2b6721f|14|3849223686
35295|0x2b6721f|15|7698632293
35295|0x2b6721f|16|15397469645
35295|0x2b6721f|17|30793053961
35295|0x202b6721f|18|58356589070
35295|0x602b6721f|19|107510452991
35295|0x602b6721f|20|210131462490
35295|0x1602b6721f|21|422053161550
35295|0x3602b6721f|22|837499038017
35295|0x3602b6721f|23|1672644977087
35295|0xb602b6721f|24|3332981390633
35403|0x6f63|1|328938
35403|0x6f63|2|877537
35403|0x46f63|3|1944106
35403|0xc6f63|4|3491780
35403|0x1c6f63|5|7397263
35403|0x3c6f63|6|14892904
35403|0x7c6f63|7|30119605
35403|0xfc6f63|8|59794579
35403|0xfc6f63|9|119540748
35403|0x2fc6f63|10|239632767
35403|0x6fc6f63|11|478975295
35403|0x6fc6f63|12|958242029
35403|0x6fc6f63|13|1720217704
35403|0x26fc6f63|14|3709834167
35403|0x26fc6f63|15|7589826325
35403|0xa6fc6f63|16|14366099130
35403|0x1a6fc6f63|17|30880595644
35403|0x1a6fc6f63|18|52312919277
35403|0x1a6fc6f63|19|103934144337
35403|0x1a6fc6f63|20|209374254346
35403|0x1a6fc6f63|21|419688323553
35403|0x1a6fc6f63|22|835189480687
35403|0x1a6fc6f63|23|1685621689242
35403|0x81a6fc6f63|24|3342030175614
35513|0x5b89|1|375629
35513|0x25b89|2|885380
35513|0x65b89|3|1761460
35513|0x65b89|4|3718359
35513|0x165b89|5|7506530
35513|0x165b89|6|14932907
35513|0x165b89|7|30116912
35513|0x965b89|8|60121088
35513|0x965b89|9|120105722
35513|0x2965b89|10|240211427
35513|0x6965b89|11|469209217
35513|0x6965b89|12|962644660
35513|0x16965b89|13|1925428982
35513|0x36965b89|14|3838660666
35513|0x36965b89|15|7707201613
35513|0xb6965b89|16|12944299084
35513|0x1b6965b89|17|27024294608
35513|0x3b6965b89|18|53396537560
35513|0x7b6965b89|19|104939939586
35513|0x7b6965b89|20|212890189869
35513|0x7b6965b89|21|419985169127
35513|0x7b6965b89|22|826965428441
35513|0x7b6965b89|23|1672301174033
35513|0x7b6965b89|24|4780861656639
35637|0x1af1d|1|590786
35637|0x3af1d|2|1431149
35637|0x3af1d|3|3107170
35637|0xbaf1d|4|6297362
35637|0xbaf1d|5|12750233
35637|0xbaf1d|6|25558769
35637|0xbaf1d|7|51288247
35637|0x8baf1d|8|102673792
35637|0x18baf1d|9|205420469
35637|0x38baf1d|10|411036358
35637|0x78baf1d|11|822962286
35637|0xf8baf1d|12|1490955041
35637|0x1f8baf1d|13|2837198214
35637|0x3f8baf1d|14|5422602906
35637|0x3f8baf1d|15|11512262505
35637|0x3f8baf1d|16|21596795724
35637|0x3f8baf1d|17|43575847638
35637|0x23f8baf1d|18|89582076516
35637|0x23f8baf1d|19|178276765537
35637|0xa3f8baf1d|20|356311329021
35637|0xa3f8baf1d|21|712567607410
35637|0x2a3f8baf1d|22|1425070402412
35637|0x6a3f8baf1d|23|2857676696043
35637|0xea3f8baf1d|24|5707178744234
