129|0x181|1|13652
129|0x381|2|11412
129|0x781|3|15692
129|0xf81|4|24608
129|0x1f81|5|42577
129|0x3f81|6|76976
129|0x3f81|7|149655
129|0x3f81|8|293232
129|0x3f81|9|582837
129|0x3f81|10|1160148
129|0x3f81|11|2351876
129|0x3f81|12|4662901
129|0x3f81|13|41378790
129|0x203f81|14|10446864
129|0x603f81|15|20856854
129|0xe03f81|16|42264684
129|0x1e03f81|17|90772266
129|0x3e03f81|18|183149617
129|0x7e03f81|19|366485655
129|0xfe03f81|20|733889838
129|0xfe03f81|21|1470275019
129|0xfe03f81|22|2931770439
129|0xfe03f81|23|5864534545
129|0xfe03f81|24|11706318236
9001|0x2919|1|65694
9001|0x2919|2|167277
9001|0x12919|3|364195
9001|0x32919|4|729632
9001|0x32919|5|1475035
9001|0x32919|6|2991326
9001|0x32919|7|5940529
9001|0x232919|8|12083928
9001|0x632919|9|25101363
9001|0xe32919|10|57912225
9001|0x1e32919|11|124605125
9001|0x1e32919|12|248285249
9001|0x5e32919|13|496006565
9001|0x5e32919|14|996580067
9001|0x5e32919|15|1772528458
9001|0x5e32919|16|3529525053
9001|0x5e32919|17|7390287976
9001|0x5e32919|18|13512730091
9001|0x105e32919|19|28079102515
9001|0x105e32919|20|55214348822
9001|0x105e32919|21|114087248969
9001|0x905e32919|22|223117084841
9001|0x905e32919|23|448556024921
9001|0x905e32919|24|1178507093156
9177|0x2c69|1|158581
9177|0x2c69|2|361010
9177|0x2c69|3|839509
9177|0x2c69|4|1587771
9177|0x2c69|5|3196946
9177|0x82c69|6|6427812
9177|0x82c69|7|12887135
9177|0x82c69|8|25749635
9177|0x82c69|9|51747827
9177|0x82c69|10|103088114
9177|0x1082c69|11|206009649
9177|0x3082c69|12|412033824
9177|0x3082c69|13|823934443
9177|0x3082c69|14|1659652683
9177|0x13082c69|15|2777289482
9177|0x13082c69|16|5612037697
9177|0x53082c69|17|12226635685
9177|0xd3082c69|18|21706601567
9177|0x1d3082c69|19|45244812760
9177|0x3d3082c69|20|89438116300
9177|0x3d3082c69|21|178424315682
9177|0xbd3082c69|22|355946781003
9177|0xbd3082c69|23|712963083991
9177|0x2bd3082c69|24|1425233565271
10057|0x7af9|1|161906
10057|0x7af9|2|375736
10057|0x17af9|3|781944
10057|0x17af9|4|1608853
10057|0x17af9|5|3251308
10057|0x97af9|6|6486214
10057|0x197af9|7|12954631
10057|0x197af9|8|25931782
10057|0x197af9|9|51846521
10057|0x197af9|10|103618552
10057|0x1197af9|11|207362135
10057|0x3197af9|12|414612957
10057|0x7197af9|13|783111094
10057|0xf197af9|14|1394361751
10057|0x1f197af9|15|2711287928
10057|0x1f197af9|16|5499488325
10057|0x5f197af9|17|10810197620
10057|0x5f197af9|18|21625083871
10057|0x5f197af9|19|43410570484
10057|0x5f197af9|20|90300506374
10057|0x5f197af9|21|174203031705
10057|0x85f197af9|22|355164852608
10057|0x85f197af9|23|711263271207
10057|0x285f197af9|24|1420159062181
10999|0x36c7|1|161941
10999|0xb6c7|2|337094
10999|0x1b6c7|3|786878
10999|0x1b6c7|4|1574156
10999|0x5b6c7|5|3223083
10999|0x5b6c7|6|6479811
10999|0x5b6c7|7|13064795
10999|0x5b6c7|8|26053974
10999|0x5b6c7|9|52206927
10999|0x85b6c7|10|104330759
10999|0x185b6c7|11|175676491
10999|0x185b6c7|12|341251613
10999|0x185b6c7|13|714125432
10999|0x985b6c7|14|1392503161
10999|0x985b6c7|15|2710597891
10999|0x2985b6c7|16|5509388119
10999|0x2985b6c7|17|10895733032
10999|0x2985b6c7|18|21586452861
10999|0x2985b6c7|19|43196683881
10999|0x2985b6c7|20|86332200130
10999|0x2985b6c7|21|178193924513
10999|0x82985b6c7|22|354693621225
10999|0x182985b6c7|23|711487873279
10999|0x382985b6c7|24|1430392163681
11203|0x1ceb|1|167025
11203|0x9ceb|2|342606
11203|0x19ceb|3|768922
11203|0x39ceb|4|1612677
11203|0x79ceb|5|3228080
11203|0xf9ceb|6|6505085
11203|0xf9ceb|7|13058812
11203|0xf9ceb|8|26154810
11203|0x4f9ceb|9|52266761
11203|0x4f9ceb|10|104428909
11203|0x4f9ceb|11|209025034
11203|0x4f9ceb|12|393615305
11203|0x44f9ceb|13|836046559
11203|0xc4f9ceb|14|1580459629
11203|0xc4f9ceb|15|3066612380
11203|0xc4f9ceb|16|6135638652
11203|0x4c4f9ceb|17|12274638149
11203|0xcc4f9ceb|18|21674126068
11203|0x1cc4f9ceb|19|44985973984
11203|0x1cc4f9ceb|20|89967852301
11203|0x1cc4f9ceb|21|182185105150
11203|0x1cc4f9ceb|22|355710329304
11203|0x11cc4f9ceb|23|708334119131
11203|0x31cc4f9ceb|24|1414439085826
12117|0x55fd|1|168631
12117|0x55fd|2|350192
12117|0x55fd|3|822816
12117|0x255fd|4|1589249
12117|0x255fd|5|3258437
12117|0x255fd|6|6590737
12117|0x1255fd|7|13141496
12117|0x3255fd|8|26276336
12117|0x3255fd|9|52615093
12117|0xb255fd|10|105164052
12117|0x1b255fd|11|210290106
12117|0x3b255fd|12|420647819
12117|0x3b255fd|13|841563397
12117|0xbb255fd|14|1405726110
12117|0xbb255fd|15|2873880358
12117|0x2bb255fd|16|5428668339
12117|0x6bb255fd|17|10784335785
12117|0xebb255fd|18|21770896923
12117|0xebb255fd|19|44732680426
12117|0xebb255fd|20|88673664061
12117|0x4ebb255fd|21|176049301386
12117|0xcebb255fd|22|351631595855
12117|0x1cebb255fd|23|704786748873
12117|0x3cebb255fd|24|1409211963876
13045|0x695d|1|171086
13045|0x695d|2|357977
13045|0x1695d|3|815372
13045|0x3695d|4|1639222
13045|0x3695d|5|3307564
13045|0xb695d|6|6627224
13045|0xb695d|7|13222213
13045|0xb695d|8|26464062
13045|0xb695d|9|52919201
13045|0x8b695d|10|105879252
13045|0x8b695d|11|211707757
13045|0x8b695d|12|432766400
13045|0x8b695d|13|845223804
13045|0x8b695d|14|1478655079
13045|0x8b695d|15|2774247276
13045|0x8b695d|16|5423770200
13045|0x408b695d|17|11031600001
13045|0x408b695d|18|21676549417
13045|0x1408b695d|19|43383046913
13045|0x3408b695d|20|87227137773
13045|0x3408b695d|21|175648154930
13045|0xb408b695d|22|350487863526
13045|0xb408b695d|23|702677599900
13045|0x2b408b695d|24|1401047630727
13191|0x2237|1|171160
13191|0x2237|2|356139
13191|0x12237|3|763432
13191|0x32237|4|1610285
13191|0x32237|5|3241260
13191|0xb2237|6|6589304
13191|0x1b2237|7|13228618
13191|0x3b2237|8|26430993
13191|0x3b2237|9|52936659
13191|0x3b2237|10|105984228
13191|0x13b2237|11|211838781
13191|0x33b2237|12|423784589
13191|0x73b2237|13|847546421
13191|0xf3b2237|14|1516895257
13191|0x1f3b2237|15|2803792215
13191|0x1f3b2237|16|5520311982
13191|0x5f3b2237|17|10822407999
13191|0x5f3b2237|18|21906315971
13191|0x15f3b2237|19|43198207582
13191|0x35f3b2237|20|88135526224
13191|0x35f3b2237|21|174669574566
13191|0x35f3b2237|22|350479393889
13191|0x35f3b2237|23|702396339316
13191|0x35f3b2237|24|1400075650595
14109|0x4335|1|173446
14109|0x4335|2|367184
14109|0x4335|3|783538
14109|0x4335|4|1633418
14109|0x4335|5|3299677
14109|0x84335|6|6675579
14109|0x84335|7|13310242
14109|0x284335|8|26660084
14109|0x284335|9|53327796
14109|0x284335|10|106562550
14109|0x1284335|11|213265921
14109|0x1284335|12|426568910
14109|0x1284335|13|700417611
14109|0x9284335|14|1518704092
14109|0x19284335|15|3411869394
14109|0x19284335|16|5832394048
14109|0x19284335|17|11119725182
14109|0x99284335|18|21564906869
14109|0x199284335|19|43646501904
14109|0x399284335|20|87247897905
14109|0x399284335|21|174408621036
14109|0x399284335|22|348539435931
14109|0x1399284335|23|701783977361
14109|0x3399284335|24|1395001376776
14307|0x45cb|1|173807
14307|0xc5cb|2|369200
14307|0xc5cb|3|786712
14307|0x2c5cb|4|1666452
14307|0x6c5cb|5|3321293
14307|0x6c5cb|6|6628966
14307|0x6c5cb|7|13344944
14307|0x6c5cb|8|26656126
14307|0x6c5cb|9|53397799
14307|0x86c5cb|10|106714883
14307|0x86c5cb|11|213427271
14307|0x86c5cb|12|343813940
14307|0x486c5cb|13|857051347
14307|0xc86c5cb|14|1422020031
14307|0x1c86c5cb|15|2832372221
14307|0x1c86c5cb|16|5680735702
14307|0x5c86c5cb|17|10840698060
14307|0x5c86c5cb|18|21606057714
14307|0x15c86c5cb|19|43391496763
14307|0x35c86c5cb|20|87581108531
14307|0x75c86c5cb|21|174216624277
14307|0xf5c86c5cb|22|348432944858
14307|0xf5c86c5cb|23|701316648368
14307|0xf5c86c5cb|24|1393589724711
15119|0x53ef|1|172642
15119|0x53ef|2|372740
15119|0x153ef|3|803876
15119|0x153ef|4|1615360
15119|0x553ef|5|3339260
15119|0xd53ef|6|6683086
15119|0xd53ef|7|13403154
15119|0x2d53ef|8|26801165
15119|0x2d53ef|9|53637550
15119|0x2d53ef|10|107297584
15119|0x12d53ef|11|214654011
15119|0x12d53ef|12|429659885
15119|0x52d53ef|13|710372963
15119|0x52d53ef|14|1717295546
15119|0x52d53ef|15|2859020076
15119|0x52d53ef|16|5418670771
15119|0x452d53ef|17|11210937800
15119|0xc52d53ef|18|21670865338
15119|0x1c52d53ef|19|43816868863
15119|0x1c52d53ef|20|86838571760
15119|0x5c52d53ef|21|173728066592
15119|0xdc52d53ef|22|347073012591
15119|0xdc52d53ef|23|695647975858
15119|0xdc52d53ef|24|1388400212287
15321|0x1469|1|177541
15321|0x9469|2|378238
15321|0x9469|3|836128
15321|0x29469|4|1626069
15321|0x69469|5|3382790
15321|0xe9469|6|6710107
15321|0x1e9469|7|13414118
15321|0x3e9469|8|26837777
15321|0x7e9469|9|53680955
15321|0xfe9469|10|107433008
15321|0xfe9469|11|214987157
15321|0xfe9469|12|429843309
15321|0x4fe9469|13|781098097
15321|0xcfe9469|14|1351620651
15321|0x1cfe9469|15|2764245212
15321|0x1cfe9469|16|5431480160
15321|0x5cfe9469|17|11179113376
15321|0xdcfe9469|18|21777964831
15321|0xdcfe9469|19|43520395407
15321|0x2dcfe9469|20|86836372162
15321|0x6dcfe9469|21|173478713184
15321|0x6dcfe9469|22|346825173822
15321|0x6dcfe9469|23|698632219049
15321|0x6dcfe9469|24|1387004973111
16103|0x74d7|1|175633
16103|0xf4d7|2|380847
16103|0x1f4d7|3|821725
16103|0x1f4d7|4|1697105
16103|0x1f4d7|5|3366032
16103|0x1f4d7|6|6701517
16103|0x11f4d7|7|13530117
16103|0x11f4d7|8|27026408
16103|0x11f4d7|9|54030849
16103|0x91f4d7|10|107997795
16103|0x191f4d7|11|216000123
16103|0x191f4d7|12|432172939
16103|0x591f4d7|13|750450970
16103|0x591f4d7|14|1542799239
16103|0x591f4d7|15|2726951117
16103|0x2591f4d7|16|5489098956
16103|0x6591f4d7|17|10825544210
16103|0x6591f4d7|18|21707371217
16103|0x16591f4d7|19|43330108037
16103|0x16591f4d7|20|86587461766
16103|0x56591f4d7|21|172792179330
16103|0xd6591f4d7|22|345900426796
16103|0x1d6591f4d7|23|691950649138
16103|0x3d6591f4d7|24|1382313551540
16305|0x2951|1|176204
16305|0xa951|2|385899
16305|0xa951|3|853333
16305|0xa951|4|1667745
16305|0xa951|5|3380542
16305|0xa951|6|6758204
16305|0xa951|7|13508304
16305|0x20a951|8|27028738
16305|0x60a951|9|54117011
16305|0xe0a951|10|108253564
16305|0x1e0a951|11|216713414
16305|0x3e0a951|12|381195307
16305|0x3e0a951|13|900522459
16305|0xbe0a951|14|1508264011
16305|0xbe0a951|15|2722543705
16305|0xbe0a951|16|6129044128
16305|0xbe0a951|17|10792898046
16305|0x8be0a951|18|24116022368
16305|0x18be0a951|19|43184832262
16305|0x38be0a951|20|88054573592
16305|0x38be0a951|21|172712670401
16305|0x38be0a951|22|345518588150
16305|0x38be0a951|23|718779389664
16305|0x238be0a951|24|1438215226100
16853|0xef7d|1|316511
16853|0xef7d|2|708825
16853|0x2ef7d|3|1467574
16853|0x2ef7d|4|3104494
16853|0x2ef7d|5|6086203
16853|0x2ef7d|6|12334734
16853|0x2ef7d|7|24349961
16853|0x42ef7d|8|48360670
16853|0xc2ef7d|9|95780458
16853|0x1c2ef7d|10|194702324
16853|0x3c2ef7d|11|388007607
16853|0x3c2ef7d|12|776893750
16853|0x3c2ef7d|13|1533617403
16853|0x3c2ef7d|14|3107679138
16853|0x23c2ef7d|15|6128782329
16853|0x63c2ef7d|16|12235873110
16853|0xe3c2ef7d|17|24479091120
16853|0xe3c2ef7d|18|45811004433
16853|0x2e3c2ef7d|19|89028191186
16853|0x6e3c2ef7d|20|182988241516
16853|0x6e3c2ef7d|21|365891659155
16853|0x16e3c2ef7d|22|714397526750
16853|0x36e3c2ef7d|23|1428563573276
16853|0x36e3c2ef7d|24|2856903156906
17017|0x87c9|1|294608
17017|0x87c9|2|696936
17017|0x287c9|3|1532519
17017|0x687c9|4|3186303
17017|0xe87c9|5|6350311
17017|0xe87c9|6|12764616
17017|0x2e87c9|7|25613999
17017|0x2e87c9|8|46167316
17017|0x2e87c9|9|102366984
17017|0x12e87c9|10|204882745
17017|0x32e87c9|11|409879759
17017|0x32e87c9|12|819792926
17017|0x32e87c9|13|1639749749
17017|0x32e87c9|14|2822224330
17017|0x32e87c9|15|5503359337
17017|0x32e87c9|16|11242762297
17017|0x832e87c9|17|21605385181
17017|0x832e87c9|18|43345275208
17017|0x832e87c9|19|91869950939
17017|0x832e87c9|20|178984139514
17017|0x832e87c9|21|357666900311
17017|0x10832e87c9|22|714918407802
17017|0x30832e87c9|23|1430197337150
17017|0x70832e87c9|24|2855705748156
17195|0x6383|1|300390
17195|0x6383|2|701556
17195|0x6383|3|1534532
17195|0x46383|4|3184593
17195|0xc6383|5|6379866
17195|0xc6383|6|12754208
17195|0x2c6383|7|25580211
17195|0x2c6383|8|51215196
17195|0xac6383|9|95559194
17195|0x1ac6383|10|204984776
17195|0x3ac6383|11|410117185
17195|0x7ac6383|12|721457939
17195|0xfac6383|13|1385557273
17195|0xfac6383|14|3281135818
17195|0xfac6383|15|5553796805
17195|0x4fac6383|16|11059151865
17195|0xcfac6383|17|21576795401
17195|0x1cfac6383|18|44660894687
17195|0x1cfac6383|19|88746110412
17195|0x1cfac6383|20|178256672687
17195|0x9cfac6383|21|356819017768
17195|0x9cfac6383|22|715253220950
17195|0x9cfac6383|23|1427316505653
17195|0x9cfac6383|24|2853741028746
17369|0xc69|1|301026
17369|0xc69|2|703647
17369|0x20c69|3|1545435
17369|0x60c69|4|3192373
17369|0x60c69|5|6414620
17369|0x60c69|6|12797684
17369|0x260c69|7|25607464
17369|0x260c69|8|51284206
17369|0xa60c69|9|102516243
17369|0xa60c69|10|205132976
17369|0x2a60c69|11|410401864
17369|0x6a60c69|12|821897023
17369|0xea60c69|13|1381366181
17369|0xea60c69|14|2830959399
17369|0x2ea60c69|15|5681855827
17369|0x2ea60c69|16|10870388195
17369|0x2ea60c69|17|21595913961
17369|0x12ea60c69|18|45079953195
17369|0x32ea60c69|19|89703202151
17369|0x32ea60c69|20|178306689991
17369|0xb2ea60c69|21|357040054217
17369|0x1b2ea60c69|22|713597289975
17369|0x1b2ea60c69|23|1426658697258
17369|0x5b2ea60c69|24|2852954541375
17945|0xb629|1|302992
17945|0x1b629|2|710565
17945|0x3b629|3|1565203
17945|0x7b629|4|3164192
17945|0x7b629|5|6427476
17945|0x17b629|6|12813918
17945|0x37b629|7|25629597
17945|0x77b629|8|51362265
17945|0xf7b629|9|102764942
17945|0xf7b629|10|205547210
17945|0xf7b629|11|411218119
17945|0x4f7b629|12|822332009
17945|0xcf7b629|13|1644774401
17945|0xcf7b629|14|2876279560
17945|0xcf7b629|15|5976689344
17945|0xcf7b629|16|10821429819
17945|0xcf7b629|17|21692401154
17945|0x10cf7b629|18|45771027758
17945|0x30cf7b629|19|89633556795
17945|0x30cf7b629|20|178361824725
17945|0xb0cf7b629|21|356826945594
17945|0xb0cf7b629|22|713231527350
17945|0x2b0cf7b629|23|1425591598455
17945|0x6b0cf7b629|24|2849023425374
18133|0xc27d|1|303613
18133|0xc27d|2|714196
18133|0xc27d|3|1570625
18133|0xc27d|4|3175724
18133|0xc27d|5|6388080
18133|0x10c27d|6|12782829
18133|0x30c27d|7|25650478
18133|0x70c27d|8|51449301
18133|0x70c27d|9|102828609
18133|0x170c27d|10|205730143
18133|0x170c27d|11|411438796
18133|0x170c27d|12|823085286
18133|0x970c27d|13|1645899644
18133|0x1970c27d|14|2754334960
18133|0x1970c27d|15|5425404947
18133|0x1970c27d|16|11124294354
18133|0x1970c27d|17|21563969394
18133|0x1970c27d|18|43487004988
18133|0x21970c27d|19|89262533968
18133|0x61970c27d|20|178918383831
18133|0xe1970c27d|21|356039394916
18133|0x1e1970c27d|22|712530678845
18133|0x1e1970c27d|23|1424436131387
18133|0x1e1970c27d|24|2848010109324
18309|0x994d|1|300609
18309|0x994d|2|715966
18309|0x994d|3|1577328
18309|0x4994d|4|3189604
18309|0xc994d|5|6393393
18309|0x1c994d|6|12853597
18309|0x3c994d|7|25688943
18309|0x3c994d|8|51499190
18309|0x3c994d|9|96469761
18309|0x3c994d|10|205847407
18309|0x23c994d|11|411798963
18309|0x23c994d|12|823488629
18309|0xa3c994d|13|1530920245
18309|0xa3c994d|14|2725895837
18309|0x2a3c994d|15|5981321834
18309|0x6a3c994d|16|10951808991
18309|0x6a3c994d|17|21620150634
18309|0x6a3c994d|18|43138987057
18309|0x26a3c994d|19|89343248937
18309|0x26a3c994d|20|178426099837
18309|0xa6a3c994d|21|356022713404
18309|0xa6a3c994d|22|713446598526
18309|0x2a6a3c994d|23|1424135153912
18309|0x2a6a3c994d|24|2847600155654
18863|0xad4f|1|323376
18863|0xad4f|2|722518
18863|0x2ad4f|3|1515332
18863|0x2ad4f|4|3149045
18863|0x2ad4f|5|6366872
18863|0x2ad4f|6|12873571
18863|0x2ad4f|7|25761786
18863|0x42ad4f|8|51564149
18863|0x42ad4f|9|103067382
18863|0x142ad4f|10|206236352
18863|0x142ad4f|11|412472607
18863|0x142ad4f|12|825034009
18863|0x142ad4f|13|1529092425
18863|0x142ad4f|14|2719752740
18863|0x2142ad4f|15|5927411651
18863|0x6142ad4f|16|10803953352
18863|0xe142ad4f|17|21685095335
18863|0xe142ad4f|18|45920817336
18863|0x2e142ad4f|19|89034084891
18863|0x6e142ad4f|20|178643430605
18863|0x6e142ad4f|21|358348415054
18863|0x16e142ad4f|22|717574043916
18863|0x36e142ad4f|23|1423885248478
18863|0x76e142ad4f|24|2844153142342
19051|0x1243|1|301285
19051|0x11243|2|725482
19051|0x31243|3|1542141
19051|0x31243|4|3137922
19051|0x31243|5|6412414
19051|0x131243|6|12900450
19051|0x131243|7|25820705
19051|0x531243|8|51603018
19051|0x531243|9|103151291
19051|0x531243|10|206292935
19051|0x2531243|11|412775614
19051|0x6531243|12|826300165
19051|0xe531243|13|1449311696
19051|0xe531243|14|3302473380
19051|0xe531243|15|5482483207
19051|0xe531243|16|11260392208
19051|0xe531243|17|21819061185
19051|0xe531243|18|43195369933
19051|0x20e531243|19|89233852637
19051|0x20e531243|20|177662708320
19051|0x20e531243|21|360504567147
19051|0x20e531243|22|712114477897
19051|0x20e531243|23|1424692278767
19051|0x20e531243|24|2842377935294
19227|0x1713|1|302109
19227|0x11713|2|727455
19227|0x11713|3|1525819
19227|0x11713|4|3169082
19227|0x11713|5|6440414
19227|0x11713|6|12869108
19227|0x211713|7|25808358
19227|0x611713|8|51647991
19227|0x611713|9|103225604
19227|0x611713|10|206514144
19227|0x611713|11|413007017
19227|0x4611713|12|826160456
19227|0xc611713|13|1652111590
19227|0xc611713|14|2891659848
19227|0xc611713|15|6609362517
19227|0x4c611713|16|13217653303
19227|0xcc611713|17|26434461148
19227|0xcc611713|18|47803847532
19227|0x2cc611713|19|88708388018
19227|0x6cc611713|20|177573345278
19227|0xecc611713|21|355740321159
19227|0x1ecc611713|22|711752835867
19227|0x3ecc611713|23|1420907191769
19227|0x3ecc611713|24|2840349446894
19409|0xed31|1|305989
19409|0x1ed31|2|729367
19409|0x1ed31|3|1527427
19409|0x1ed31|4|3184649
19409|0x1ed31|5|6463389
19409|0x11ed31|6|12939772
19409|0x31ed31|7|25805437
19409|0x71ed31|8|51644527
19409|0xf1ed31|9|103269820
19409|0xf1ed31|10|182629711
19409|0x2f1ed31|11|413038745
19409|0x2f1ed31|12|719661911
19409|0xaf1ed31|13|1652756006
19409|0x1af1ed31|14|3039425704
19409|0x3af1ed31|15|5393931565
19409|0x3af1ed31|16|10927911517
19409|0x3af1ed31|17|21576741926
19409|0x13af1ed31|18|44611959555
19409|0x33af1ed31|19|91147615993
19409|0x33af1ed31|20|177668215833
19409|0xb3af1ed31|21|356906944546
19409|0x1b3af1ed31|22|710195710739
19409|0x1b3af1ed31|23|1420412160182
19409|0x1b3af1ed31|24|2839855273938
19977|0xa039|1|307637
19977|0x1a039|2|737308
19977|0x1a039|3|1547543
19977|0x1a039|4|3220921
19977|0x1a039|5|6433163
19977|0x1a039|6|12902173
19977|0x21a039|7|25843391
19977|0x21a039|8|51684514
19977|0x21a039|9|103415105
19977|0x21a039|10|207277829
19977|0x21a039|11|414305408
19977|0x21a039|12|828344965
19977|0x21a039|13|1656236173
19977|0x21a039|14|3312704150
19977|0x21a039|15|5564438617
19977|0x4021a039|16|10842668142
19977|0xc021a039|17|21601665059
19977|0x1c021a039|18|44204325474
19977|0x3c021a039|19|88614156025
19977|0x7c021a039|20|177680254952
19977|0x7c021a039|21|358137314611
19977|0x17c021a039|22|711893626389
19977|0x37c021a039|23|1418551871829
19977|0x37c021a039|24|2839039203361
20153|0x5789|1|308007
20153|0x15789|2|739324
20153|0x15789|3|1568094
20153|0x55789|4|3206652
20153|0xd5789|5|6470524
20153|0x1d5789|6|12940098
20153|0x3d5789|7|25902466
20153|0x3d5789|8|51796792
20153|0x3d5789|9|103563919
20153|0x13d5789|10|207179515
20153|0x33d5789|11|414272420
20153|0x33d5789|12|828628042
20153|0xb3d5789|13|1657323017
20153|0x1b3d5789|14|3315534962
20153|0x3b3d5789|15|5585605346
20153|0x3b3d5789|16|10875916843
20153|0xbb3d5789|17|21601089956
20153|0xbb3d5789|18|45379268005
20153|0xbb3d5789|19|87313870008
20153|0x4bb3d5789|20|177364976157
20153|0xcbb3d5789|21|355862639001
20153|0xcbb3d5789|22|711049398474
20153|0xcbb3d5789|23|1418659784074
20153|0x4cbb3d5789|24|2835412715948
20345|0xeac9|1|306534
20345|0x1eac9|2|741548
20345|0x1eac9|3|1558337
20345|0x5eac9|4|3152770
20345|0x5eac9|5|6413154
20345|0x5eac9|6|12906709
20345|0x5eac9|7|25923348
20345|0x45eac9|8|51829150
20345|0xc5eac9|9|103553700
20345|0x1c5eac9|10|207164563
20345|0x3c5eac9|11|414527120
20345|0x7c5eac9|12|828973523
20345|0x7c5eac9|13|1526005532
20345|0x7c5eac9|14|2807800648
20345|0x7c5eac9|15|5528007711
20345|0x47c5eac9|16|10840167676
20345|0x47c5eac9|17|21851226762
20345|0x47c5eac9|18|43201540986
20345|0x47c5eac9|19|87512463209
20345|0x47c5eac9|20|179062726240
20345|0x847c5eac9|21|358735764983
20345|0x1847c5eac9|22|709610172877
20345|0x3847c5eac9|23|1421023252279
20345|0x7847c5eac9|24|2840223349607
20901|0x2e2d|1|310478
20901|0x2e2d|2|748924
20901|0x22e2d|3|1574976
20901|0x62e2d|4|3187722
20901|0xe2e2d|5|6485203
20901|0xe2e2d|6|12962456
20901|0xe2e2d|7|25959316
20901|0x4e2e2d|8|51833626
20901|0x4e2e2d|9|103792443
20901|0x14e2e2d|10|207630290
20901|0x14e2e2d|11|415318546
20901|0x54e2e2d|12|830804443
20901|0xd4e2e2d|13|1428158534
20901|0x1d4e2e2d|14|2716447119
20901|0x3d4e2e2d|15|5855014940
20901|0x7d4e2e2d|16|13292182359
20901|0xfd4e2e2d|17|21634808293
20901|0x1fd4e2e2d|18|44609144641
20901|0x3fd4e2e2d|19|88522620967
20901|0x3fd4e2e2d|20|176906376797
20901|0xbfd4e2e2d|21|357696367130
20901|0xbfd4e2e2d|22|715474828501
20901|0x2bfd4e2e2d|23|1420713303109
20901|0x2bfd4e2e2d|24|2830832546820
21079|0xb967|1|311297
21079|0xb967|2|751498
21079|0x2b967|3|1580793
21079|0x2b967|4|3201183
21079|0x2b967|5|6404573
21079|0x12b967|6|12911900
21079|0x12b967|7|25925078
21079|0x52b967|8|51868188
21079|0xd2b967|9|103787255
21079|0x1d2b967|10|175459074
21079|0x3d2b967|11|381885890
21079|0x7d2b967|12|831051888
21079|0xfd2b967|13|1662366440
21079|0xfd2b967|14|3324777109
21079|0x2fd2b967|15|6649307283
21079|0x6fd2b967|16|10888589119
21079|0xefd2b967|17|21643850121
21079|0x1efd2b967|18|47838748604
21079|0x3efd2b967|19|91843942144
21079|0x3efd2b967|20|176755359818
21079|0xbefd2b967|21|360100009026
21079|0xbefd2b967|22|713176879595
21079|0x2befd2b967|23|1415834387879
21079|0x6befd2b967|24|2829680591437
21259|0x60a3|1|311701
21259|0x160a3|2|753213
21259|0x160a3|3|1608477
21259|0x560a3|4|3215068
21259|0x560a3|5|6413166
21259|0x1560a3|6|12954597
21259|0x1560a3|7|25947207
21259|0x5560a3|8|51961820
21259|0x5560a3|9|103888904
21259|0x5560a3|10|207892138
21259|0x25560a3|11|415849348
21259|0x25560a3|12|831736836
21259|0xa5560a3|13|1664356862
21259|0xa5560a3|14|2926117692
21259|0x2a5560a3|15|5444815353
21259|0x2a5560a3|16|10947746563
21259|0xaa5560a3|17|21605401476
21259|0x1aa5560a3|18|43786853886
21259|0x1aa5560a3|19|88372431410
21259|0x5aa5560a3|20|176686814493
21259|0xdaa5560a3|21|360332320878
21259|0x1daa5560a3|22|707537085306
21259|0x1daa5560a3|23|1413897142211
21259|0x1daa5560a3|24|2867009629698
21451|0xb9e3|1|312124
21451|0xb9e3|2|754366
21451|0xb9e3|3|1593250
21451|0xb9e3|4|3217120
21451|0x8b9e3|5|6463705
21451|0x18b9e3|6|12896872
21451|0x38b9e3|7|25903965
21451|0x78b9e3|8|52006189
21451|0x78b9e3|9|109003898
21451|0x78b9e3|10|195916438
21451|0x78b9e3|11|379460812
21451|0x478b9e3|12|822629886
21451|0x478b9e3|13|1535588255
21451|0x1478b9e3|14|3039704324
21451|0x3478b9e3|15|5423158413
21451|0x7478b9e3|16|10834685559
21451|0xf478b9e3|17|21586913565
21451|0x1f478b9e3|18|44693915955
21451|0x1f478b9e3|19|89108568252
21451|0x1f478b9e3|20|176829174013
21451|0x1f478b9e3|21|353547131743
21451|0x11f478b9e3|22|707963396658
21451|0x11f478b9e3|23|1414299989021
21451|0x11f478b9e3|24|2829408715593
21999|0x790f|1|313464
21999|0x1790f|2|669010
21999|0x3790f|3|1539208
21999|0x3790f|4|3141038
21999|0x3790f|5|6463211
21999|0x13790f|6|12946941
21999|0x33790f|7|26015087
21999|0x73790f|8|52049285
21999|0x73790f|9|104244453
21999|0x173790f|10|208437298
21999|0x373790f|11|416849031
21999|0x373790f|12|833687751
21999|0x373790f|13|1554151944
21999|0x1373790f|14|3293820875
21999|0x1373790f|15|5635809623
21999|0x1373790f|16|12247475442
21999|0x9373790f|17|22320042630
21999|0x19373790f|18|43559062387
21999|0x39373790f|19|88270399591
21999|0x79373790f|20|177165492655
21999|0xf9373790f|21|353838525016
21999|0xf9373790f|22|706902787231
21999|0xf9373790f|23|1411479306708
21999|0xf9373790f|24|2834285714310
22177|0xd61|1|310345
22177|0x10d61|2|670067
22177|0x10d61|3|1519203
22177|0x10d61|4|3172480
22177|0x90d61|5|6457731
22177|0x190d61|6|13007364
22177|0x190d61|7|26019149
22177|0x590d61|8|42952383
22177|0xd90d61|9|104229845
22177|0x1d90d61|10|208532856
22177|0x1d90d61|11|417114346
22177|0x5d90d61|12|834567135
22177|0xdd90d61|13|1690123930
22177|0xdd90d61|14|2836303762
22177|0x2dd90d61|15|5559161947
22177|0x6dd90d61|16|11536909754
22177|0x6dd90d61|17|21897361073
22177|0x6dd90d61|18|43330454810
22177|0x6dd90d61|19|90307063252
22177|0x46dd90d61|20|176519175204
22177|0x46dd90d61|21|352643450678
22177|0x146dd90d61|22|705944326115
22177|0x146dd90d61|23|1412268907080
22177|0x546dd90d61|24|2824864017083
22359|0x8467|1|313777
22359|0x8467|2|672101
22359|0x8467|3|1545907
22359|0x48467|4|3163411
22359|0xc8467|5|6504075
22359|0xc8467|6|12943068
22359|0xc8467|7|25992212
22359|0x4c8467|8|52109367
22359|0x4c8467|9|104314260
22359|0x14c8467|10|208655336
22359|0x34c8467|11|417366779
22359|0x34c8467|12|834820850
22359|0x34c8467|13|1416567542
22359|0x34c8467|14|3340176136
22359|0x234c8467|15|5542364814
22359|0x234c8467|16|11109067432
22359|0x234c8467|17|21792587421
22359|0x1234c8467|18|44387389810
22359|0x3234c8467|19|89184830107
22359|0x3234c8467|20|176521120049
22359|0x3234c8467|21|352842141111
22359|0x13234c8467|22|705919033083
22359|0x13234c8467|23|1410895020357
22359|0x13234c8467|24|2824705075088
22907|0x9db3|1|316354
22907|0x19db3|2|676584
22907|0x39db3|3|1557683
22907|0x39db3|4|3194786
22907|0x39db3|5|6436226
22907|0x139db3|6|12981904
22907|0x139db3|7|26096971
22907|0x539db3|8|52263193
22907|0x539db3|9|104509301
22907|0x539db3|10|209096190
22907|0x2539db3|11|389415669
22907|0x2539db3|12|841188271
22907|0x2539db3|13|1517309755
22907|0x12539db3|14|2734482461
22907|0x32539db3|15|5459529594
22907|0x72539db3|16|10795333953
22907|0x72539db3|17|21653023871
22907|0x72539db3|18|43106051395
22907|0x272539db3|19|88832567430
22907|0x672539db3|20|175993362136
22907|0xe72539db3|21|352297529351
22907|0x1e72539db3|22|704637247440
22907|0x3e72539db3|23|1409221101038
22907|0x7e72539db3|24|2824061591986
23079|0x7597|1|313019
23079|0x17597|2|697000
23079|0x17597|3|1541632
23079|0x17597|4|3249722
23079|0x17597|5|6443289
23079|0x117597|6|13024351
23079|0x117597|7|26043452
23079|0x117597|8|49776620
23079|0x117597|9|104547740
23079|0x117597|10|209106473
23079|0x2117597|11|418481259
23079|0x6117597|12|836817674
23079|0x6117597|13|1652586754
23079|0x16117597|14|2824481920
23079|0x16117597|15|5428497186
23079|0x16117597|16|10965358108
23079|0x96117597|17|22339229585
23079|0x196117597|18|43465761425
23079|0x196117597|19|88639122553
23079|0x196117597|20|176442647038
23079|0x196117597|21|351548320349
23079|0x196117597|22|706859023052
23079|0x196117597|23|1408876896181
23079|0x196117597|24|2826301275459
23267|0xbacb|1|313597
23267|0x1bacb|2|680011
23267|0x1bacb|3|1547097
23267|0x5bacb|4|3236557
23267|0x5bacb|5|6499632
23267|0x5bacb|6|13069622
23267|0x5bacb|7|26158319
23267|0x45bacb|8|52324067
23267|0xc5bacb|9|104592699
23267|0x1c5bacb|10|209338509
23267|0x3c5bacb|11|418788077
23267|0x7c5bacb|12|837362070
23267|0xfc5bacb|13|1660183370
23267|0xfc5bacb|14|3332341464
23267|0xfc5bacb|15|5502793758
23267|0xfc5bacb|16|10857161979
23267|0x8fc5bacb|17|25286818138
23267|0x18fc5bacb|18|43604375100
23267|0x38fc5bacb|19|88527768034
23267|0x78fc5bacb|20|176710836819
23267|0x78fc5bacb|21|351729603162
23267|0x78fc5bacb|22|703867704319
23267|0x78fc5bacb|23|1407499840803
23267|0x478fc5bacb|24|2829709767963
23435|0xf423|1|317728
23435|0x1f423|2|680750
23435|0x1f423|3|1550769
23435|0x1f423|4|3244901
23435|0x9f423|5|6503297
23435|0x19f423|6|13009578
23435|0x39f423|7|26145434
23435|0x79f423|8|52278294
23435|0x79f423|9|104622600
23435|0x79f423|10|209410872
23435|0x79f423|11|418851849
23435|0x479f423|12|830425872
23435|0xc79f423|13|1675779497
23435|0xc79f423|14|2826325424
23435|0x2c79f423|15|5386760329
23435|0x2c79f423|16|10888329366
23435|0xac79f423|17|21737495943
23435|0x1ac79f423|18|43896423040
23435|0x1ac79f423|19|88731832867
23435|0x1ac79f423|20|175773315100
23435|0x9ac79f423|21|352555502673
23435|0x19ac79f423|22|704601892714
23435|0x19ac79f423|23|1407972399051
23435|0x59ac79f423|24|2818787904590
24003|0x7aeb|1|318816
24003|0x17aeb|2|686348
24003|0x17aeb|3|1588623
24003|0x17aeb|4|3154187
24003|0x97aeb|5|6463926
24003|0x97aeb|6|13037819
24003|0x297aeb|7|26212891
24003|0x697aeb|8|52401530
24003|0x697aeb|9|104867392
24003|0x697aeb|10|209809710
24003|0x2697aeb|11|419686066
24003|0x2697aeb|12|839565275
24003|0xa697aeb|13|1617648378
24003|0xa697aeb|14|2964935421
24003|0xa697aeb|15|5454868631
24003|0x4a697aeb|16|10864150648
24003|0x4a697aeb|17|22232961592
24003|0x14a697aeb|18|43369447438
24003|0x14a697aeb|19|87122954657
24003|0x54a697aeb|20|176759198577
24003|0x54a697aeb|21|352166731726
24003|0x154a697aeb|22|703299766038
24003|0x154a697aeb|23|1406738281494
24003|0x554a697aeb|24|2813114449592
24195|0x602b|1|319616
24195|0x1602b|2|688368
24195|0x1602b|3|1571558
24195|0x5602b|4|3181221
24195|0x5602b|5|6483464
24195|0x15602b|6|13078438
24195|0x15602b|7|26189019
24195|0x55602b|8|52500414
24195|0x55602b|9|104922180
24195|0x155602b|10|209948320
24195|0x155602b|11|420444846
24195|0x155602b|12|839996213
24195|0x955602b|13|1411812152
24195|0x955602b|14|3346630946
24195|0x2955602b|15|5415870705
24195|0x2955602b|16|10873963885
24195|0xa955602b|17|21637888273
24195|0xa955602b|18|44899571852
24195|0xa955602b|19|86593494081
24195|0x4a955602b|20|175651695022
24195|0x4a955602b|21|352390339198
24195|0x14a955602b|22|702867980873
24195|0x14a955602b|23|1404944659937
24195|0x54a955602b|24|2812527380922
24367|0x47cf|1|320199
24367|0x147cf|2|689392
24367|0x347cf|3|1594952
24367|0x347cf|4|3192957
24367|0x347cf|5|6494677
24367|0x347cf|6|13115462
24367|0x347cf|7|26272515
24367|0x4347cf|8|52518407
24367|0x4347cf|9|105017480
24367|0x4347cf|10|210115967
24367|0x4347cf|11|420244466
24367|0x44347cf|12|840568979
24367|0x44347cf|13|1681490770
24367|0x44347cf|14|3317409093
24367|0x44347cf|15|6739110962
24367|0x444347cf|16|11964053197
24367|0xc44347cf|17|22102809637
24367|0x1c44347cf|18|44000273018
24367|0x1c44347cf|19|87704854604
24367|0x1c44347cf|20|177628114688
24367|0x9c44347cf|21|351565665072
24367|0x9c44347cf|22|703373163611
24367|0x29c44347cf|23|1404694207329
24367|0x29c44347cf|24|2815257134147
24551|0x43d7|1|321269
24551|0x43d7|2|707690
24551|0x243d7|3|1581046
24551|0x243d7|4|3198903
24551|0xa43d7|5|6510021
24551|0x1a43d7|6|13074062
24551|0x3a43d7|7|26239005
24551|0x7a43d7|8|52496759
24551|0xfa43d7|9|105039187
24551|0x1fa43d7|10|210168459
24551|0x1fa43d7|11|420372672
24551|0x1fa43d7|12|840885458
24551|0x9fa43d7|13|1390758974
24551|0x9fa43d7|14|2692925073
24551|0x29fa43d7|15|5386116972
24551|0x69fa43d7|16|11707391239
24551|0xe9fa43d7|17|22619488638
24551|0x1e9fa43d7|18|44849105264
24551|0x3e9fa43d7|19|87924207743
24551|0x7e9fa43d7|20|176583566662
24551|0xfe9fa43d7|21|352998134118
24551|0x1fe9fa43d7|22|704915285080
24551|0x3fe9fa43d7|23|1409665463472
24551|0x3fe9fa43d7|24|2810524700383
25101|0xbcc5|1|319002
25101|0x1bcc5|2|695788
25101|0x3bcc5|3|1616561
25101|0x7bcc5|4|3210375
25101|0xfbcc5|5|6506376
25101|0x1fbcc5|6|13071399
25101|0x3fbcc5|7|26272313
25101|0x3fbcc5|8|52654045
25101|0xbfbcc5|9|105281283
25101|0xbfbcc5|10|210607567
25101|0xbfbcc5|11|430308469
25101|0xbfbcc5|12|871228181
25101|0xbfbcc5|13|1685556003
25101|0x10bfbcc5|14|3296777262
25101|0x10bfbcc5|15|6571687749
25101|0x50bfbcc5|16|11231423641
25101|0xd0bfbcc5|17|22453783385
25101|0xd0bfbcc5|18|45007145396
25101|0xd0bfbcc5|19|87228779667
25101|0x4d0bfbcc5|20|175666824448
25101|0xcd0bfbcc5|21|350744145307
25101|0x1cd0bfbcc5|22|702453903477
25101|0x3cd0bfbcc5|23|1405347879656
25101|0x3cd0bfbcc5|24|2806665459184
25271|0x1b07|1|322576
25271|0x1b07|2|696893
25271|0x1b07|3|1598177
25271|0x41b07|4|3242623
25271|0xc1b07|5|6520170
25271|0xc1b07|6|13103583
25271|0xc1b07|7|26237747
25271|0xc1b07|8|52590619
25271|0xc1b07|9|92668906
25271|0x10c1b07|10|187609732
25271|0x30c1b07|11|364998476
25271|0x30c1b07|12|757130002
25271|0x30c1b07|13|1391454093
25271|0x130c1b07|14|3058918946
25271|0x130c1b07|15|6773967265
25271|0x530c1b07|16|11316213345
25271|0x530c1b07|17|21590808485
25271|0x530c1b07|18|43091609263
25271|0x2530c1b07|19|87870699152
25271|0x6530c1b07|20|175385570414
25271|0x6530c1b07|21|351097712918
25271|0x16530c1b07|22|700776034618
25271|0x16530c1b07|23|1403217123390
25271|0x56530c1b07|24|2804631159582
25469|0x6dd5|1|323117
25469|0x16dd5|2|698206
25469|0x16dd5|3|1625291
25469|0x56dd5|4|3231787
25469|0x56dd5|5|6525254
25469|0x56dd5|6|13155221
25469|0x256dd5|7|26337739
25469|0x656dd5|8|52660943
25469|0x656dd5|9|105409890
25469|0x1656dd5|10|210837437
25469|0x1656dd5|11|429793185
25469|0x1656dd5|12|829311389
25469|0x9656dd5|13|1549746777
25469|0x19656dd5|14|3119431444
25469|0x39656dd5|15|5524850315
25469|0x79656dd5|16|10805456824
25469|0xf9656dd5|17|21594816120
25469|0xf9656dd5|18|44444810068
25469|0xf9656dd5|19|88875222784
25469|0x4f9656dd5|20|175283854533
25469|0x4f9656dd5|21|350129918305
25469|0x4f9656dd5|22|701191493165
25469|0x24f9656dd5|23|1403869022036
25469|0x24f9656dd5|24|2801945323207
26001|0xfb71|1|343592
26001|0xfb71|2|703121
26001|0x2fb71|3|1617687
26001|0x6fb71|4|3276214
26001|0xefb71|5|6590576
26001|0x1efb71|6|13157139
26001|0x1efb71|7|26326187
26001|0x5efb71|8|52813820
26001|0x5efb71|9|93874103
26001|0x15efb71|10|211232271
26001|0x15efb71|11|370939935
26001|0x15efb71|12|692695822
26001|0x15efb71|13|1544144919
26001|0x15efb71|14|2768109441
26001|0x15efb71|15|6760068344
26001|0x415efb71|16|10783447945
26001|0xc15efb71|17|21536222860
26001|0xc15efb71|18|45879880700
26001|0xc15efb71|19|86322250204
26001|0xc15efb71|20|176561026252
26001|0x8c15efb71|21|350502237629
26001|0x8c15efb71|22|699374462973
26001|0x8c15efb71|23|1399984791071
26001|0x48c15efb71|24|2801797438234
26183|0x6377|1|340568
26183|0x16377|2|704326
26183|0x16377|3|1621350
26183|0x56377|4|3285376
26183|0x56377|5|6598215
26183|0x56377|6|13198476
26183|0x256377|7|26430474
26183|0x256377|8|52819495
26183|0x256377|9|105627906
26183|0x256377|10|212067860
26183|0x256377|11|422782519
26183|0x256377|12|845622952
26183|0x256377|13|1531090411
26183|0x10256377|14|2878604956
26183|0x30256377|15|5404038351
26183|0x70256377|16|10778777738
26183|0x70256377|17|21604487859
26183|0x70256377|18|49392860574
26183|0x270256377|19|87483002903
26183|0x670256377|20|175242573860
26183|0xe70256377|21|349657031669
26183|0x1e70256377|22|699409005667
26183|0x3e70256377|23|1399627962553
26183|0x3e70256377|24|2800403211456
26355|0x223b|1|337776
26355|0x223b|2|703447
26355|0x223b|3|1513255
26355|0x4223b|4|3186574
26355|0x4223b|5|6498252
26355|0x14223b|6|13137682
26355|0x14223b|7|26372284
26355|0x54223b|8|53651726
26355|0xd4223b|9|84100272
26355|0x1d4223b|10|170852346
26355|0x3d4223b|11|416791229
26355|0x3d4223b|12|736572257
26355|0xbd4223b|13|1363371122
26355|0xbd4223b|14|2914344904
26355|0xbd4223b|15|5612795639
26355|0x4bd4223b|16|10920307314
26355|0xcbd4223b|17|21578793265
26355|0xcbd4223b|18|44287084135
26355|0xcbd4223b|19|86907365770
26355|0xcbd4223b|20|175756511204
26355|0x8cbd4223b|21|350069671768
26355|0x18cbd4223b|22|699141238215
26355|0x18cbd4223b|23|1398247898267
26355|0x58cbd4223b|24|2653199723213
26533|0x282d|1|209984
26533|0x282d|2|450461
26533|0x282d|3|963028
26533|0x4282d|4|2040420
26533|0xc282d|5|3967742
26533|0xc282d|6|8185963
26533|0xc282d|7|16459302
26533|0xc282d|8|32705338
26533|0xc282d|9|61952252
26533|0xc282d|10|131223853
26533|0xc282d|11|262547871
26533|0x40c282d|12|525015709
26533|0x40c282d|13|1052020765
26533|0x40c282d|14|2101733356
26533|0x40c282d|15|3639667219
26533|0x40c282d|16|7343712478
26533|0x840c282d|17|13495115340
26533|0x840c282d|18|27308844779
26533|0x2840c282d|19|60244231044
26533|0x2840c282d|20|119595206093
26533|0x2840c282d|21|224012469749
26533|0x2840c282d|22|433791252149
26533|0x2840c282d|23|868358917855
26533|0x42840c282d|24|1736672979808
26995|0xe3bb|1|208696
26995|0xe3bb|2|470048
26995|0x2e3bb|3|971889
26995|0x6e3bb|4|2033286
26995|0x6e3bb|5|3989762
26995|0x6e3bb|6|8178043
26995|0x6e3bb|7|16537988
26995|0x6e3bb|8|32823058
26995|0x86e3bb|9|65775108
26995|0x86e3bb|10|131789131
26995|0x86e3bb|11|262831730
26995|0x86e3bb|12|527116152
26995|0x86e3bb|13|1053227256
26995|0x1086e3bb|14|2106950168
26995|0x1086e3bb|15|3694407062
26995|0x5086e3bb|16|7254987777
26995|0xd086e3bb|17|13371445000
26995|0x1d086e3bb|18|29438341120
26995|0x1d086e3bb|19|54953560226
26995|0x1d086e3bb|20|109572437922
26995|0x9d086e3bb|21|218918556520
26995|0x19d086e3bb|22|433997136789
26995|0x39d086e3bb|23|865193531015
26995|0x39d086e3bb|24|1737254867732
27103|0x921f|1|183766
27103|0x921f|2|399168
27103|0x2921f|3|904414
27103|0x6921f|4|2063829
27103|0xe921f|5|4055135
27103|0xe921f|6|8107502
27103|0x2e921f|7|16468657
27103|0x2e921f|8|27516125
27103|0xae921f|9|65715053
27103|0xae921f|10|131811553
27103|0x2ae921f|11|263403301
27103|0x2ae921f|12|526681397
27103|0x2ae921f|13|1024597815
27103|0x12ae921f|14|1841274279
27103|0x32ae921f|15|3798060357
27103|0x72ae921f|16|6955239287
27103|0xf2ae921f|17|13991496339
27103|0x1f2ae921f|18|28225486367
27103|0x1f2ae921f|19|55368075520
27103|0x5f2ae921f|20|109639612727
27103|0xdf2ae921f|21|221010065481
27103|0x1df2ae921f|22|436224095636
27103|0x3df2ae921f|23|866428580217
27103|0x3df2ae921f|24|1739404268263
27217|0x1eb1|1|209011
27217|0x11eb1|2|454001
27217|0x11eb1|3|974647
27217|0x11eb1|4|2040047
27217|0x11eb1|5|3973891
27217|0x111eb1|6|8205618
27217|0x311eb1|7|16517536
27217|0x711eb1|8|32968167
27217|0xf11eb1|9|65841856
27217|0x1f11eb1|10|131631651
27217|0x1f11eb1|11|249142866
27217|0x5f11eb1|12|527000658
27217|0xdf11eb1|13|1053721806
27217|0xdf11eb1|14|1707612314
27217|0xdf11eb1|15|4215288831
27217|0x4df11eb1|16|7350557087
27217|0xcdf11eb1|17|13858012872
27217|0x1cdf11eb1|18|27375017399
27217|0x1cdf11eb1|19|56405316809
27217|0x1cdf11eb1|20|110312565556
27217|0x9cdf11eb1|21|218644340829
27217|0x9cdf11eb1|22|433674060341
27217|0x29cdf11eb1|23|864703092089
27217|0x29cdf11eb1|24|1739713411478
27331|0x15eb|1|209010
27331|0x15eb|2|454831
27331|0x15eb|3|975974
27331|0x415eb|4|2028312
27331|0x415eb|5|4036209
27331|0x1415eb|6|8206318
27331|0x3415eb|7|16352977
27331|0x7415eb|8|32878062
27331|0xf415eb|9|60633884
27331|0x1f415eb|10|120875358
27331|0x3f415eb|11|244049836
27331|0x7f415eb|12|499632538
27331|0x7f415eb|13|1053425286
27331|0x7f415eb|14|2108202193
27331|0x27f415eb|15|4212675141
27331|0x27f415eb|16|7590314582
27331|0xa7f415eb|17|15322603198
27331|0x1a7f415eb|18|27704591616
27331|0x3a7f415eb|19|56494586997
27331|0x7a7f415eb|20|109954860904
27331|0x7a7f415eb|21|218986525454
27331|0x7a7f415eb|22|433339729238
27331|0x27a7f415eb|23|866757099510
27331|0x67a7f415eb|24|1739120630056
27439|0xbbcf|1|184273
27439|0xbbcf|2|400844
27439|0x2bbcf|3|888735
27439|0x2bbcf|4|2047060
27439|0x2bbcf|5|4138864
27439|0x2bbcf|6|8149863
27439|0x2bbcf|7|16498701
27439|0x2bbcf|8|33024579
27439|0x2bbcf|9|65874110
27439|0x102bbcf|10|131938560
27439|0x102bbcf|11|263698028
27439|0x502bbcf|12|527086125
27439|0x502bbcf|13|948519932
27439|0x1502bbcf|14|2109643425
27439|0x1502bbcf|15|4218609052
27439|0x1502bbcf|16|8435749596
27439|0x1502bbcf|17|14979176817
27439|0x1502bbcf|18|29562185099
27439|0x1502bbcf|19|54847134087
27439|0x41502bbcf|20|111230406901
27439|0xc1502bbcf|21|219795609131
27439|0xc1502bbcf|22|433420026471
27439|0xc1502bbcf|23|865765145934
27439|0xc1502bbcf|24|1736477861309
27553|0x3861|1|213931
27553|0x3861|2|455850
27553|0x3861|3|976949
27553|0x43861|4|2070944
27553|0xc3861|5|4040113
27553|0xc3861|6|8273744
27553|0xc3861|7|16534887
27553|0x4c3861|8|32979946
27553|0xcc3861|9|65946660
27553|0xcc3861|10|131690113
27553|0xcc3861|11|263730229
27553|0x4cc3861|12|527431540
27553|0x4cc3861|13|944372733
27553|0x4cc3861|14|1836521782
27553|0x24cc3861|15|3548655413
27553|0x24cc3861|16|7103668862
27553|0xa4cc3861|17|13595423840
27553|0x1a4cc3861|18|32027093673
27553|0x3a4cc3861|19|58332446360
27553|0x7a4cc3861|20|110573269336
27553|0x7a4cc3861|21|218887192443
27553|0x17a4cc3861|22|435778530499
27553|0x17a4cc3861|23|870719751574
27553|0x57a4cc3861|24|1736406271290
28045|0x9d45|1|210650
28045|0x19d45|2|458739
28045|0x39d45|3|977179
28045|0x79d45|4|1910183
28045|0xf9d45|5|4180625
28045|0x1f9d45|6|8222600
28045|0x3f9d45|7|16334224
28045|0x3f9d45|8|33088998
28045|0x3f9d45|9|65978871
28045|0x13f9d45|10|131880976
28045|0x33f9d45|11|263971778
28045|0x33f9d45|12|528587925
28045|0x33f9d45|13|1055634902
28045|0x33f9d45|14|2113925137
28045|0x233f9d45|15|3813601530
28045|0x233f9d45|16|6688917167
28045|0xa33f9d45|17|13751840712
28045|0xa33f9d45|18|27277981473
28045|0xa33f9d45|19|54012306995
28045|0x4a33f9d45|20|109703600885
28045|0x4a33f9d45|21|218622116077
28045|0x14a33f9d45|22|433023037626
28045|0x34a33f9d45|23|867368320133
28045|0x34a33f9d45|24|1742459159510
28157|0xd755|1|210718
28157|0xd755|2|459331
28157|0xd755|3|1009945
28157|0x4d755|4|2070971
28157|0xcd755|5|3993768
28157|0xcd755|6|8259879
28157|0x2cd755|7|16543150
28157|0x2cd755|8|32765496
28157|0x2cd755|9|66106447
28157|0x2cd755|10|132146143
28157|0x2cd755|11|264400211
28157|0x42cd755|12|454177654
28157|0xc2cd755|13|852757448
28157|0xc2cd755|14|1893117907
28157|0x2c2cd755|15|3635297357
28157|0x6c2cd755|16|8360860175
28157|0x6c2cd755|17|13759651318
28157|0x6c2cd755|18|27573948025
28157|0x26c2cd755|19|55990960570
28157|0x66c2cd755|20|110238580745
28157|0xe6c2cd755|21|220770995334
28157|0x1e6c2cd755|22|436194028410
28157|0x3e6c2cd755|23|864464606566
28157|0x7e6c2cd755|24|1736510604533
28273|0x9291|1|210908
28273|0x19291|2|459958
28273|0x19291|3|1013675
28273|0x59291|4|2073004
28273|0x59291|5|4020028
28273|0x159291|6|8278896
28273|0x159291|7|16566914
28273|0x159291|8|33005262
28273|0x959291|9|66101273
28273|0x1959291|10|132230693
28273|0x1959291|11|264295415
28273|0x1959291|12|528541944
28273|0x9959291|13|1057769580
28273|0x9959291|14|2115446220
28273|0x9959291|15|3667723136
28273|0x9959291|16|6715527765
28273|0x89959291|17|13499506003
28273|0x189959291|18|29588573071
28273|0x189959291|19|56206734352
28273|0x589959291|20|110217333045
28273|0x589959291|21|217776562491
28273|0x1589959291|22|433856343089
28273|0x3589959291|23|864215799664
28273|0x7589959291|24|1737292295515
28377|0x3169|1|211146
28377|0x13169|2|453205
28377|0x33169|3|871184
28377|0x33169|4|2042482
28377|0x33169|5|4171249
28377|0x133169|6|8082012
28377|0x133169|7|16504414
28377|0x133169|8|33144587
28377|0x933169|9|65928350
28377|0x933169|10|132136654
28377|0x933169|11|264563873
28377|0x4933169|12|528951777
28377|0x4933169|13|1057980959
28377|0x4933169|14|2114596750
28377|0x24933169|15|4231693371
28377|0x64933169|16|8462573441
28377|0xe4933169|17|13455054428
28377|0x1e4933169|18|27237193584
28377|0x3e4933169|19|54424589200
28377|0x7e4933169|20|109675383852
28377|0xfe4933169|21|220494760966
28377|0x1fe4933169|22|438150377319
28377|0x1fe4933169|23|869044372422
28377|0x5fe4933169|24|1735404966483
28497|0x39b1|1|186019
28497|0x39b1|2|405820
28497|0x239b1|3|955063
28497|0x239b1|4|2079644
28497|0xa39b1|5|3978260
28497|0xa39b1|6|8182142
28497|0xa39b1|7|16447732
28497|0x4a39b1|8|32774550
28497|0xca39b1|9|60327654
28497|0x1ca39b1|10|127507138
28497|0x1ca39b1|11|262357368
28497|0x1ca39b1|12|469939574
28497|0x1ca39b1|13|1050300388
28497|0x1ca39b1|14|1894377606
28497|0x1ca39b1|15|4201460898
28497|0x41ca39b1|16|6988600148
28497|0xc1ca39b1|17|14281992288
28497|0xc1ca39b1|18|29174988746
28497|0xc1ca39b1|19|53897972115
28497|0x4c1ca39b1|20|109431915193
28497|0xcc1ca39b1|21|218755984561
28497|0x1cc1ca39b1|22|436016637316
28497|0x3cc1ca39b1|23|867926987272
28497|0x7cc1ca39b1|24|1735162083035
28613|0x370d|1|186231
28613|0x1370d|2|407777
28613|0x3370d|3|923975
28613|0x3370d|4|2100459
28613|0xb370d|5|3937611
28613|0xb370d|6|8088514
28613|0xb370d|7|16452494
28613|0xb370d|8|32691252
28613|0x8b370d|9|65489539
28613|0x8b370d|10|131361028
28613|0x8b370d|11|262870620
28613|0x8b370d|12|525346511
28613|0x88b370d|13|1050564758
28613|0x188b370d|14|2008636422
28613|0x188b370d|15|3521890773
28613|0x588b370d|16|8066924425
28613|0xd88b370d|17|14554237714
28613|0x1d88b370d|18|32118537933
28613|0x1d88b370d|19|55064578990
28613|0x1d88b370d|20|108943246388
28613|0x1d88b370d|21|217303255018
28613|0x11d88b370d|22|434531932209
28613|0x31d88b370d|23|864350637572
28613|0x71d88b370d|24|1733208819546
29091|0x4a0b|1|212444
29091|0x4a0b|2|464273
29091|0x24a0b|3|997993
29091|0x64a0b|4|1888480
29091|0x64a0b|5|4090951
29091|0x164a0b|6|8180555
29091|0x364a0b|7|16295979
29091|0x764a0b|8|32391574
29091|0x764a0b|9|64776852
29091|0x764a0b|10|130496753
29091|0x2764a0b|11|261275551
29091|0x2764a0b|12|522730743
29091|0xa764a0b|13|1044593454
29091|0xa764a0b|14|2032046190
29091|0x2a764a0b|15|4102028627
29091|0x6a764a0b|16|7122850780
29091|0x6a764a0b|17|13470332554
29091|0x6a764a0b|18|29518746218
29091|0x26a764a0b|19|54504151513
29091|0x26a764a0b|20|111401947536
29091|0xa6a764a0b|21|224332670896
29091|0xa6a764a0b|22|437040435231
29091|0x2a6a764a0b|23|863986547100
29091|0x2a6a764a0b|24|1732807791658
29205|0xcd3d|1|182913
29205|0xcd3d|2|465209
29205|0x2cd3d|3|1018151
29205|0x2cd3d|4|2021592
29205|0x2cd3d|5|3957967
29205|0x2cd3d|6|7989349
29205|0x22cd3d|7|16311200
29205|0x62cd3d|8|32592948
29205|0xe2cd3d|9|65330280
29205|0xe2cd3d|10|130696110
29205|0x2e2cd3d|11|261454373
29205|0x6e2cd3d|12|522860189
29205|0x6e2cd3d|13|1045777671
29205|0x16e2cd3d|14|2090847847
29205|0x36e2cd3d|15|4181716121
29205|0x36e2cd3d|16|7035155106
29205|0xb6e2cd3d|17|16774596531
29205|0xb6e2cd3d|18|27362424576
29205|0xb6e2cd3d|19|53709637954
29205|0xb6e2cd3d|20|113381839031
29205|0xb6e2cd3d|21|217146948511
29205|0xb6e2cd3d|22|434196630358
29205|0xb6e2cd3d|23|863958030481
29205|0xb6e2cd3d|24|1739674926634
29317|0xb64d|1|186954
29317|0x1b64d|2|409405
29317|0x3b64d|3|907464
29317|0x7b64d|4|2052205
29317|0x7b64d|5|3948126
29317|0x17b64d|6|8139596
29317|0x17b64d|7|16191795
29317|0x17b64d|8|32669540
29317|0x97b64d|9|65427984
29317|0x97b64d|10|130859940
29317|0x297b64d|11|261278389
29317|0x297b64d|12|522962892
29317|0xa97b64d|13|887293956
29317|0x1a97b64d|14|2060745360
29317|0x3a97b64d|15|3740476966
29317|0x3a97b64d|16|7395665207
29317|0x3a97b64d|17|14244472351
29317|0x3a97b64d|18|26749391305
29317|0x23a97b64d|19|54128354463
29317|0x23a97b64d|20|108638368407
29317|0x23a97b64d|21|229981503345
29317|0x23a97b64d|22|432499092858
29317|0x23a97b64d|23|864864081267
29317|0x423a97b64d|24|1744698304798
29427|0xf63b|1|187378
29427|0xf63b|2|410205
29427|0xf63b|3|996132
29427|0xf63b|4|2028318
29427|0xf63b|5|3950057
29427|0x10f63b|6|8070469
29427|0x10f63b|7|16280488
29427|0x50f63b|8|32722771
29427|0xd0f63b|9|65304809
29427|0xd0f63b|10|130482484
29427|0xd0f63b|11|261064715
29427|0x4d0f63b|12|522146301
29427|0x4d0f63b|13|1045060616
29427|0x4d0f63b|14|2093942578
29427|0x24d0f63b|15|4142502230
29427|0x24d0f63b|16|7514729190
29427|0x24d0f63b|17|13593870484
29427|0x24d0f63b|18|27675361634
29427|0x24d0f63b|19|54243380119
29427|0x24d0f63b|20|109238465603
29427|0x824d0f63b|21|227639657517
29427|0x824d0f63b|22|433328937158
29427|0x2824d0f63b|23|873476818652
29427|0x2824d0f63b|24|1732231520453
29543|0xf857|1|213167
29543|0x1f857|2|493826
29543|0x3f857|3|1005915
29543|0x3f857|4|1812421
29543|0xbf857|5|4150855
29543|0xbf857|6|8155490
29543|0x2bf857|7|16235871
29543|0x6bf857|8|32723149
29543|0x6bf857|9|65576930
29543|0x6bf857|10|131033674
29543|0x6bf857|11|262429384
29543|0x46bf857|12|524799157
29543|0xc6bf857|13|1049638744
29543|0xc6bf857|14|1906260801
29543|0xc6bf857|15|4172267496
29543|0xc6bf857|16|8428282708
29543|0x8c6bf857|17|13596360978
29543|0x18c6bf857|18|28432073566
29543|0x18c6bf857|19|58324112205
29543|0x58c6bf857|20|111794902053
29543|0x58c6bf857|21|228051621880
29543|0x158c6bf857|22|433696540373
29543|0x158c6bf857|23|864195246077
29543|0x558c6bf857|24|1732778344827
29651|0x5c5b|1|213721
29651|0x15c5b|2|467544
29651|0x15c5b|3|1007606
29651|0x55c5b|4|1896323
29651|0xd5c5b|5|4103807
29651|0xd5c5b|6|8201111
29651|0xd5c5b|7|16210707
29651|0xd5c5b|8|32787623
29651|0x8d5c5b|9|65498649
29651|0x18d5c5b|10|131252195
29651|0x18d5c5b|11|261876825
29651|0x18d5c5b|12|524798198
29651|0x98d5c5b|13|1049790362
29651|0x98d5c5b|14|1831049272
29651|0x298d5c5b|15|3402966270
29651|0x698d5c5b|16|6754383270
29651|0xe98d5c5b|17|13426154293
29651|0x1e98d5c5b|18|27394129202
29651|0x3e98d5c5b|19|56048088172
29651|0x7e98d5c5b|20|110197849700
29651|0x7e98d5c5b|21|217990765822
29651|0x17e98d5c5b|22|433166631337
29651|0x37e98d5c5b|23|863374929161
29651|0x37e98d5c5b|24|1731962389041
30123|0xdd03|1|214244
30123|0xdd03|2|470046
30123|0x2dd03|3|1014273
30123|0x6dd03|4|1964526
30123|0xedd03|5|4107020
30123|0x1edd03|6|8005395
30123|0x3edd03|7|16346358
30123|0x3edd03|8|32687285
30123|0x3edd03|9|65419284
30123|0x13edd03|10|131129159
30123|0x13edd03|11|261965314
30123|0x13edd03|12|524457191
30123|0x13edd03|13|1048749841
30123|0x113edd03|14|2102852122
30123|0x113edd03|15|4207609394
30123|0x513edd03|16|7818144605
30123|0x513edd03|17|15115397306
30123|0x513edd03|18|28513545242
30123|0x513edd03|19|54424276109
30123|0x513edd03|20|108879322252
30123|0x8513edd03|21|217018401028
30123|0x18513edd03|22|432333579030
30123|0x38513edd03|23|866909184270
30123|0x78513edd03|24|1731060239985
30231|0x21a7|1|214313
30231|0x21a7|2|470367
30231|0x221a7|3|1010593
30231|0x621a7|4|1834609
30231|0x621a7|5|4217480
30231|0x1621a7|6|8128294
30231|0x1621a7|7|16449334
30231|0x1621a7|8|32941444
30231|0x9621a7|9|66257248
30231|0x19621a7|10|131973365
30231|0x19621a7|11|264522003
30231|0x19621a7|12|527496174
30231|0x99621a7|13|1055643728
30231|0x199621a7|14|2075236791
30231|0x199621a7|15|4121746560
30231|0x199621a7|16|8413215777
30231|0x999621a7|17|14413239883
30231|0x1999621a7|18|26909170714
30231|0x1999621a7|19|54224677101
30231|0x1999621a7|20|115880697578
30231|0x1999621a7|21|222707216471
30231|0x11999621a7|22|434368536755
30231|0x31999621a7|23|863396520222
30231|0x71999621a7|24|1737330176373
30343|0x6f37|1|186649
30343|0x6f37|2|414691
30343|0x26f37|3|957219
30343|0x66f37|4|2078729
30343|0xe6f37|5|4015530
30343|0xe6f37|6|8207393
30343|0x2e6f37|7|16582099
30343|0x6e6f37|8|32955523
30343|0xee6f37|9|66016424
30343|0x1ee6f37|10|131848889
30343|0x1ee6f37|11|263839170
30343|0x5ee6f37|12|528318965
30343|0xdee6f37|13|1044195161
30343|0xdee6f37|14|2072368407
30343|0xdee6f37|15|3342248264
30343|0x4dee6f37|16|8521868951
30343|0x4dee6f37|17|14981086957
30343|0x14dee6f37|18|31412294505
30343|0x14dee6f37|19|56272174630
30343|0x54dee6f37|20|108605848115
30343|0xd4dee6f37|21|217844940787
30343|0x1d4dee6f37|22|432766036773
30343|0x3d4dee6f37|23|861352293637
30343|0x7d4dee6f37|24|1734366505325
30457|0x6b49|1|212551
30457|0x6b49|2|471840
30457|0x6b49|3|1032506
30457|0x46b49|4|2057325
30457|0x46b49|5|4149343
30457|0x46b49|6|8251672
30457|0x46b49|7|16678388
30457|0x446b49|8|33390758
30457|0x446b49|9|66712665
30457|0x446b49|10|133951228
30457|0x446b49|11|267326773
30457|0x4446b49|12|535121355
30457|0x4446b49|13|1059439803
30457|0x14446b49|14|1842357909
30457|0x14446b49|15|3516111161
30457|0x54446b49|16|8029915958
30457|0xd4446b49|17|13514555463
30457|0xd4446b49|18|32634487686
30457|0x2d4446b49|19|54273584862
30457|0x2d4446b49|20|114194230727
30457|0xad4446b49|21|217193232403
30457|0xad4446b49|22|432428227441
30457|0x2ad4446b49|23|863781413731
30457|0x2ad4446b49|24|1731088716188
30567|0xb457|1|189192
30567|0x1b457|2|415800
30567|0x1b457|3|1024113
30567|0x5b457|4|2078912
30567|0x5b457|5|4091740
30567|0x5b457|6|8313427
30567|0x25b457|7|16643178
30567|0x25b457|8|33216111
30567|0x25b457|9|66709323
30567|0x25b457|10|133301367
30567|0x225b457|11|266349377
30567|0x625b457|12|530280525
30567|0x625b457|13|997211927
30567|0x625b457|14|2131708413
30567|0x625b457|15|3748138664
30567|0x625b457|16|6710824656
30567|0x625b457|17|13731342061
30567|0x625b457|18|26932603766
30567|0x20625b457|19|55806894360
30567|0x60625b457|20|108236032726
30567|0xe0625b457|21|217823980055
30567|0xe0625b457|22|435239957623
30567|0xe0625b457|23|866543376992
30567|0xe0625b457|24|1729615011830
30677|0x97d|1|213040
30677|0x1097d|2|472751
30677|0x3097d|3|1021269
30677|0x3097d|4|2074510
30677|0x3097d|5|4104295
30677|0x13097d|6|8354060
30677|0x13097d|7|16676649
30677|0x53097d|8|33244294
30677|0xd3097d|9|66471750
30677|0x1d3097d|10|132908263
30677|0x3d3097d|11|265158926
30677|0x3d3097d|12|529924117
30677|0xbd3097d|13|1059975511
30677|0x1bd3097d|14|1844343929
30677|0x1bd3097d|15|4259227355
30677|0x5bd3097d|16|8512120215
30677|0xdbd3097d|17|17048189396
30677|0xdbd3097d|18|27366353182
30677|0x2dbd3097d|19|53697584587
30677|0x2dbd3097d|20|111071287455
30677|0x2dbd3097d|21|218403128417
30677|0x12dbd3097d|22|432570910438
30677|0x32dbd3097d|23|866121689476
30677|0x32dbd3097d|24|2204866721953
31163|0x6373|1|341751
31163|0x6373|2|762393
31163|0x26373|3|1616605
31163|0x26373|4|3278222
31163|0x26373|5|6590889
31163|0x26373|6|13357101
31163|0x26373|7|26796884
31163|0x426373|8|53619694
31163|0xc26373|9|107397115
31163|0x1c26373|10|214813900
31163|0x3c26373|11|429759146
31163|0x3c26373|12|777575966
31163|0x3c26373|13|1719110895
31163|0x3c26373|14|3406031620
31163|0x23c26373|15|6225026315
31163|0x23c26373|16|13491319664
31163|0x23c26373|17|23013066799
31163|0x123c26373|18|43924612673
31163|0x123c26373|19|86624468541
31163|0x523c26373|20|173014648286
31163|0xd23c26373|21|345457414675
31163|0xd23c26373|22|691111478740
31163|0xd23c26373|23|1381628928982
31163|0xd23c26373|24|2766200449379
31343|0x248f|1|336861
31343|0x248f|2|745533
31343|0x248f|3|1618449
31343|0x4248f|4|3287024
31343|0xc248f|5|6610718
31343|0x1c248f|6|13366128
31343|0x3c248f|7|26743873
31343|0x3c248f|8|53642689
31343|0xbc248f|9|107400891
31343|0x1bc248f|10|214971330
31343|0x3bc248f|11|429923983
31343|0x3bc248f|12|860186898
31343|0xbbc248f|13|1720894199
31343|0xbbc248f|14|3440524885
31343|0xbbc248f|15|5937795502
31343|0x4bbc248f|16|12084157159
31343|0xcbbc248f|17|21898754482
31343|0xcbbc248f|18|44575068061
31343|0xcbbc248f|19|86737779651
31343|0xcbbc248f|20|172853155772
31343|0xcbbc248f|21|345920741905
31343|0x10cbbc248f|22|691385908172
31343|0x30cbbc248f|23|1381846296370
31343|0x70cbbc248f|24|2762401367699
31523|0x8c8b|1|340816
31523|0x8c8b|2|750459
31523|0x28c8b|3|1633967
31523|0x28c8b|4|3292093
31523|0x28c8b|5|6601215
31523|0x28c8b|6|13397839
31523|0x228c8b|7|26824471
31523|0x628c8b|8|53774109
31523|0x628c8b|9|107561232
31523|0x1628c8b|10|197514042
31523|0x3628c8b|11|402003028
31523|0x3628c8b|12|860451804
31523|0x3628c8b|13|1721110715
31523|0x13628c8b|14|3442549919
31523|0x13628c8b|15|6884902860
31523|0x13628c8b|16|10844899905
31523|0x13628c8b|17|22288440955
31523|0x113628c8b|18|43723592630
31523|0x313628c8b|19|87884629704
31523|0x713628c8b|20|175864707758
31523|0xf13628c8b|21|345873366763
31523|0xf13628c8b|22|694803305057
31523|0x2f13628c8b|23|1381221566190
31523|0x6f13628c8b|24|2763279955829
31709|0xb475|1|340980
31709|0xb475|2|752139
31709|0xb475|3|1642227
31709|0xb475|4|3288434
31709|0xb475|5|6652558
31709|0x10b475|6|13442266
31709|0x30b475|7|26891195
31709|0x70b475|8|53768685
31709|0x70b475|9|107534818
31709|0x70b475|10|215287705
31709|0x70b475|11|359358576
31709|0x70b475|12|861051110
31709|0x870b475|13|1403628278
31709|0x1870b475|14|3056179384
31709|0x1870b475|15|5538710538
31709|0x5870b475|16|10887176260
31709|0xd870b475|17|22756394150
31709|0x1d870b475|18|44524121991
31709|0x3d870b475|19|87226278312
31709|0x3d870b475|20|173474852562
31709|0x3d870b475|21|345529093519
31709|0x13d870b475|22|691756097976
31709|0x33d870b475|23|1381009196697
31709|0x73d870b475|24|2763228222336
32227|0xafcb|1|342620
32227|0xafcb|2|756695
32227|0x2afcb|3|1651397
32227|0x2afcb|4|3331100
32227|0xaafcb|5|6674039
32227|0x1aafcb|6|13394342
32227|0x1aafcb|7|26945278
32227|0x1aafcb|8|53906935
32227|0x9aafcb|9|107754570
32227|0x19aafcb|10|215576899
32227|0x19aafcb|11|431299752
32227|0x59aafcb|12|864362995
32227|0x59aafcb|13|1725085213
32227|0x59aafcb|14|2699606117
32227|0x59aafcb|15|5697860816
32227|0x59aafcb|16|10909195490
32227|0x859aafcb|17|22559948600
32227|0x1859aafcb|18|43109378298
32227|0x3859aafcb|19|86855553671
32227|0x7859aafcb|20|173582503148
32227|0xf859aafcb|21|345072595669
32227|0xf859aafcb|22|692865199088
32227|0xf859aafcb|23|1380145261617
32227|0xf859aafcb|24|2758451138457
32401|0x271|1|335483
32401|0x10271|2|754698
32401|0x30271|3|1654324
32401|0x30271|4|3322318
32401|0xb0271|5|6699938
32401|0x1b0271|6|13421292
32401|0x1b0271|7|26846227
32401|0x1b0271|8|53877300
32401|0x9b0271|9|107740067
32401|0x19b0271|10|215622294
32401|0x19b0271|11|431480530
32401|0x59b0271|12|826399561
32401|0xd9b0271|13|1727468817
32401|0xd9b0271|14|3452399249
32401|0xd9b0271|15|5870660017
32401|0xd9b0271|16|12220851762
32401|0xd9b0271|17|23539419876
32401|0xd9b0271|18|43676849179
32401|0x20d9b0271|19|88233858173
32401|0x60d9b0271|20|172300343734
32401|0x60d9b0271|21|345339060317
32401|0x60d9b0271|22|690380394012
32401|0x260d9b0271|23|1378777586012
32401|0x660d9b0271|24|2758622462339
32591|0x37af|1|355218
32591|0x137af|2|759479
32591|0x137af|3|1643116
32591|0x137af|4|3366910
32591|0x137af|5|6711867
32591|0x137af|6|13456348
32591|0x137af|7|26940121
32591|0x137af|8|53854058
32591|0x137af|9|107870555
32591|0x10137af|10|215792180
32591|0x30137af|11|431759931
32591|0x30137af|12|863689198
32591|0xb0137af|13|1686355167
32591|0xb0137af|14|2969737062
32591|0xb0137af|15|6827969354
32591|0xb0137af|16|13819050909
32591|0xb0137af|17|21769351426
32591|0x10b0137af|18|43906100761
32591|0x10b0137af|19|86235087110
32591|0x10b0137af|20|172370636628
32591|0x90b0137af|21|345067073877
32591|0x90b0137af|22|688508733443
32591|0x90b0137af|23|1377704945395
32591|0x490b0137af|24|2758004195496
32759|0xf1c7|1|354814
32759|0x1f1c7|2|757010
32759|0x3f1c7|3|1647743
32759|0x3f1c7|4|3348871
32759|0x3f1c7|5|6733465
32759|0x3f1c7|6|13476026
32759|0x3f1c7|7|27014051
32759|0x43f1c7|8|53984265
32759|0xc3f1c7|9|107989826
32759|0xc3f1c7|10|215999758
32759|0x2c3f1c7|11|431995746
32759|0x2c3f1c7|12|864036116
32759|0x2c3f1c7|13|1728143869
32759|0x2c3f1c7|14|2849615938
32759|0x22c3f1c7|15|5544112430
32759|0x62c3f1c7|16|10854562612
32759|0xe2c3f1c7|17|21681123162
32759|0xe2c3f1c7|18|43013116355
32759|0x2e2c3f1c7|19|86038943536
32759|0x2e2c3f1c7|20|173846821834
32759|0xae2c3f1c7|21|345109093945
32759|0xae2c3f1c7|22|688591295534
32759|0xae2c3f1c7|23|1377598987341
32759|0xae2c3f1c7|24|2757536733482
33093|0x1e98d|1|578987
33093|0x1e98d|2|1374668
33093|0x5e98d|3|3032568
33093|0xde98d|4|6228317
33093|0x1de98d|5|12643051
33093|0x1de98d|6|25474641
33093|0x5de98d|7|50941707
33093|0x5de98d|8|101984076
33093|0x5de98d|9|204029915
33093|0x5de98d|10|408404751
33093|0x45de98d|11|816448027
33093|0x45de98d|12|1633322847
33093|0x45de98d|13|3266406844
33093|0x45de98d|14|6336236511
33093|0x45de98d|15|12614015383
33093|0x845de98d|16|25281042269
33093|0x1845de98d|17|44605096270
33093|0x1845de98d|18|92023870313
33093|0x5845de98d|19|178212243270
33093|0x5845de98d|20|362708724090
33093|0x15845de98d|21|750838958169
33093|0x15845de98d|22|1430500977272
33093|0x15845de98d|23|2852128604590
33093|0x95845de98d|24|5706337714896
33285|0x1facd|1|576245
33285|0x3facd|2|1389762
33285|0x3facd|3|3064147
33285|0x3facd|4|6245890
33285|0x13facd|5|12672511
33285|0x13facd|6|25505646
33285|0x53facd|7|42911314
33285|0x53facd|8|102070933
33285|0x153facd|9|204231844
33285|0x153facd|10|408523828
33285|0x553facd|11|817074293
33285|0x553facd|12|1634424562
33285|0x553facd|13|3268579563
33285|0x553facd|14|6537570888
33285|0x4553facd|15|11819317656
33285|0x4553facd|16|22222730522
33285|0x4553facd|17|49277299592
33285|0x24553facd|18|92496038289
33285|0x24553facd|19|180551392003
33285|0x24553facd|20|366475199676
33285|0x24553facd|21|735207061735
33285|0x24553facd|22|1425503588390
33285|0x424553facd|23|2852314441302
33285|0xc24553facd|24|5756271560315
33443|0x1410b|1|580991
33443|0x1410b|2|1394171
33443|0x5410b|3|3046904
33443|0x5410b|4|6259465
33443|0x5410b|5|12699308
33443|0x25410b|6|25421066
33443|0x65410b|7|51019056
33443|0xe5410b|8|102006966
33443|0x1e5410b|9|204196716
33443|0x1e5410b|10|400573217
33443|0x1e5410b|11|817200696
33443|0x1e5410b|12|1406751275
33443|0x1e5410b|13|3135909186
33443|0x21e5410b|14|6538368140
33443|0x21e5410b|15|11286155998
33443|0x21e5410b|16|24211157892
33443|0x21e5410b|17|43195994385
33443|0x21e5410b|18|87708181658
33443|0x421e5410b|19|179094943500
33443|0xc21e5410b|20|365405428368
33443|0x1c21e5410b|21|720821393443
33443|0x3c21e5410b|22|1426541016871
33443|0x3c21e5410b|23|2853547198575
33443|0xbc21e5410b|24|5709656994524
33643|0x9143|1|581833
33643|0x29143|2|1381740
33643|0x29143|3|3053045
33643|0xa9143|4|6281210
33643|0xa9143|5|12723761
33643|0xa9143|6|25480614
33643|0x4a9143|7|50981441
33643|0xca9143|8|94457701
33643|0x1ca9143|9|204178704
33643|0x1ca9143|10|408658882
33643|0x1ca9143|11|817286767
33643|0x9ca9143|12|1634921119
33643|0x9ca9143|13|2775849580
33643|0x9ca9143|14|6540088962
33643|0x49ca9143|15|13079704846
33643|0xc9ca9143|16|21606806467
33643|0x1c9ca9143|17|44285106144
33643|0x3c9ca9143|18|94857451660
33643|0x3c9ca9143|19|178793607371
33643|0xbc9ca9143|20|407642854646
33643|0x1bc9ca9143|21|713746417908
33643|0x3bc9ca9143|22|1429279363078
33643|0x7bc9ca9143|23|2851298766236
33643|0x7bc9ca9143|24|4153001989629
33779|0xcd3b|1|370639
33779|0xcd3b|2|879812
33779|0xcd3b|3|1873026
33779|0x8cd3b|4|3830190
33779|0x8cd3b|5|7722004
33779|0x28cd3b|6|15631233
33779|0x68cd3b|7|31328714
33779|0xe8cd3b|8|62497190
33779|0xe8cd3b|9|124955506
33779|0x2e8cd3b|10|250498378
33779|0x6e8cd3b|11|500509304
33779|0x6e8cd3b|12|1000655628
33779|0x16e8cd3b|13|2002694380
33779|0x36e8cd3b|14|4004615060
33779|0x76e8cd3b|15|7295492052
33779|0x76e8cd3b|16|16021101907
33779|0x76e8cd3b|17|26409018141
33779|0x276e8cd3b|18|54820761592
33779|0x276e8cd3b|19|110709076009
33779|0x276e8cd3b|20|219091472972
33779|0x1276e8cd3b|21|441547987313
33779|0x3276e8cd3b|22|880695384929
33779|0x7276e8cd3b|23|1752492946417
33779|0xf276e8cd3b|24|3514032872962
34083|0x1d28b|1|325999
34083|0x3d28b|2|776625
34083|0x3d28b|3|1889965
34083|0xbd28b|4|3956036
34083|0xbd28b|5|7681734
34083|0xbd28b|6|15647357
34083|0xbd28b|7|31401902
34083|0xbd28b|8|62436624
34083|0xbd28b|9|125064461
34083|0x20bd28b|10|250562033
34083|0x60bd28b|11|500891236
34083|0xe0bd28b|12|1002069015
34083|0x1e0bd28b|13|2003567951
34083|0x1e0bd28b|14|4007731667
34083|0x5e0bd28b|15|6600597883
34083|0x5e0bd28b|16|13224056113
34083|0x15e0bd28b|17|30961968158
34083|0x15e0bd28b|18|57421328777
34083|0x55e0bd28b|19|110080464861
34083|0xd5e0bd28b|20|230875388833
34083|0x1d5e0bd28b|21|438844125634
34083|0x3d5e0bd28b|22|883192963627
34083|0x7d5e0bd28b|23|1758210588464
34083|0x7d5e0bd28b|24|3514070827985
34205|0x128b5|1|326405
34205|0x128b5|2|898926
34205|0x528b5|3|1945552
34205|0x528b5|4|3821217
34205|0x1528b5|5|7800109
34205|0x3528b5|6|15662259
34205|0x7528b5|7|32309946
34205|0x7528b5|8|62374608
34205|0x7528b5|9|125550517
34205|0x27528b5|10|250462007
34205|0x27528b5|11|500912399
34205|0x27528b5|12|855673791
34205|0x27528b5|13|1676091825
34205|0x227528b5|14|4009566478
34205|0x227528b5|15|8018496295
34205|0x227528b5|16|13855061338
34205|0x227528b5|17|27071181705
34205|0x227528b5|18|52879380832
34205|0x4227528b5|19|110519109598
34205|0x4227528b5|20|224617387344
34205|0x14227528b5|21|440054961732
34205|0x14227528b5|22|879953379536
34205|0x54227528b5|23|1773631579187
34205|0xd4227528b5|24|3514157284225
34313|0xe839|1|326658
34313|0x2e839|2|778415
34313|0x2e839|3|1908622
34313|0xae839|4|3829640
34313|0x1ae839|5|7878762
34313|0x1ae839|6|15645944
34313|0x1ae839|7|31218004
34313|0x9ae839|8|62582750
34313|0x19ae839|9|125327454
34313|0x19ae839|10|250687651
34313|0x59ae839|11|501430870
34313|0xd9ae839|12|1002051596
34313|0x1d9ae839|13|1976807526
34313|0x3d9ae839|14|4009990634
34313|0x7d9ae839|15|8019453893
34313|0xfd9ae839|16|13238924501
34313|0xfd9ae839|17|28140767661
34313|0xfd9ae839|18|54524965271
34313|0xfd9ae839|19|109547229394
34313|0x8fd9ae839|20|221819742622
34313|0x18fd9ae839|21|442163611536
34313|0x38fd9ae839|22|881710934175
34313|0x78fd9ae839|23|1746910117657
34313|0x78fd9ae839|24|3513347123901
34425|0x103c9|1|370736
34425|0x303c9|2|885467
34425|0x303c9|3|1835163
34425|0xb03c9|4|3973549
34425|0x1b03c9|5|7662000
34425|0x1b03c9|6|15540866
34425|0x5b03c9|7|31290639
34425|0x5b03c9|8|62639178
34425|0x15b03c9|9|125383603
34425|0x15b03c9|10|250697636
34425|0x15b03c9|11|501054742
34425|0x95b03c9|12|1002494639
34425|0x195b03c9|13|2005294515
34425|0x395b03c9|14|4009731347
34425|0x795b03c9|15|8019840805
34425|0x795b03c9|16|14317388941
34425|0x1795b03c9|17|29289050816
34425|0x1795b03c9|18|55028403551
34425|0x1795b03c9|19|109359825788
34425|0x9795b03c9|20|221477978056
34425|0x9795b03c9|21|438340092812
34425|0x9795b03c9|22|878280417651
34425|0x9795b03c9|23|1747775465917
34425|0x9795b03c9|24|3513923608862
34537|0xb159|1|369380
34537|0x2b159|2|886545
34537|0x2b159|3|1972866
34537|0xab159|4|3787982
34537|0x1ab159|5|7896915
34537|0x3ab159|6|15566817
34537|0x7ab159|7|31172716
34537|0xfab159|8|62370904
34537|0x1fab159|9|125131751
34537|0x3fab159|10|250220767
34537|0x3fab159|11|500403822
34537|0xbfab159|12|1001179171
34537|0xbfab159|13|2001971336
34537|0x2bfab159|14|3595249217
34537|0x6bfab159|15|6857761106
34537|0xebfab159|16|13311866048
34537|0xebfab159|17|28333731496
34537|0xebfab159|18|54108520726
34537|0x4ebfab159|19|109284890887
34537|0x4ebfab159|20|224398767964
34537|0x4ebfab159|21|438506602077
34537|0x4ebfab159|22|875251317857
34537|0x4ebfab159|23|1749461869177
34537|0x4ebfab159|24|3513515705042
34643|0x154db|1|325119
34643|0x354db|2|918449
34643|0x754db|3|1954845
34643|0x754db|4|3857228
34643|0x754db|5|7769465
34643|0x2754db|6|15556910
34643|0x2754db|7|31294932
34643|0xa754db|8|62746012
34643|0xa754db|9|125017813
34643|0xa754db|10|250609394
34643|0x4a754db|11|501099825
34643|0x4a754db|12|1002685947
34643|0x4a754db|13|2004864692
34643|0x4a754db|14|4010022537
34643|0x44a754db|15|8026373707
34643|0xc4a754db|16|13485671856
34643|0xc4a754db|17|28688195180
34643|0xc4a754db|18|53934249766
34643|0x4c4a754db|19|114707723422
34643|0x4c4a754db|20|220143765595
34643|0x4c4a754db|21|439227550006
34643|0x4c4a754db|22|875270879150
34643|0x44c4a754db|23|1747746890085
34643|0x44c4a754db|24|3513223471657
34761|0x4279|1|359837
34761|0x24279|2|781676
34761|0x64279|3|1846703
34761|0xe4279|4|3839950
34761|0xe4279|5|7874597
34761|0xe4279|6|15598972
34761|0x4e4279|7|31246435
34761|0xce4279|8|62320034
34761|0x1ce4279|9|124846436
34761|0x1ce4279|10|249947281
34761|0x1ce4279|11|500073284
34761|0x1ce4279|12|1000030779
34761|0x11ce4279|13|2000239484
34761|0x11ce4279|14|4000078766
34761|0x51ce4279|15|7993522727
34761|0x51ce4279|16|14068691345
34761|0x51ce4279|17|27231735150
34761|0x51ce4279|18|56874117159
34761|0x451ce4279|19|110125130864
34761|0xc51ce4279|20|222708198454
34761|0x1c51ce4279|21|442036349770
34761|0x3c51ce4279|22|878696299406
34761|0x3c51ce4279|23|1749161560958
34761|0xbc51ce4279|24|3513663658424
35081|0x1d539|1|372244
35081|0x1d539|2|904095
35081|0x5d539|3|1761246
35081|0x5d539|4|3977826
35081|0x15d539|5|7614270
35081|0x35d539|6|15585047
35081|0x35d539|7|31287109
35081|0x35d539|8|62681256
35081|0x135d539|9|125382087
35081|0x335d539|10|250756818
35081|0x735d539|11|501504244
35081|0x735d539|12|1002879829
35081|0x1735d539|13|2006756565
35081|0x3735d539|14|4012696539
35081|0x7735d539|15|8030417716
35081|0x7735d539|16|13926202079
35081|0x7735d539|17|28153859197
35081|0x7735d539|18|62801148740
35081|0x7735d539|19|108607588483
35081|0x7735d539|20|217617517209
35081|0x107735d539|21|439271016098
35081|0x307735d539|22|876555199506
35081|0x307735d539|23|1750338774545
35081|0xb07735d539|24|3512228318336
35193|0x90c9|1|346524
35193|0x90c9|2|784477
35193|0x90c9|3|1910541
35193|0x90c9|4|3759581
35193|0x90c9|5|7859950
35193|0x90c9|6|15623284
35193|0x4090c9|7|31343736
35193|0x4090c9|8|62581566
35193|0x4090c9|9|125137555
35193|0x4090c9|10|250949675
35193|0x44090c9|11|501515643
35193|0x44090c9|12|837929832
35193|0x144090c9|13|2006605896
35193|0x344090c9|14|3427055615
35193|0x744090c9|15|6982158152
35193|0xf44090c9|16|13695488049
35193|0xf44090c9|17|29302984535
35193|0x2f44090c9|18|55702664026
35193|0x6f44090c9|19|119594409520
35193|0x6f44090c9|20|225532287863
35193|0x6f44090c9|21|439776360149
35193|0x6f44090c9|22|880943337290
35193|0x6f44090c9|23|1747552967203
35193|0x6f44090c9|24|3512319879751
35301|0x18bed|1|327974
35301|0x18bed|2|835717
35301|0x58bed|3|1989360
35301|0xd8bed|4|3761993
35301|0xd8bed|5|7816125
35301|0xd8bed|6|15590089
35301|0xd8bed|7|31222342
35301|0xd8bed|8|59346864
35301|0xd8bed|9|125468787
35301|0xd8bed|10|251023856
35301|0x40d8bed|11|501815444
35301|0x40d8bed|12|1003350678
35301|0x40d8bed|13|2007356920
35301|0x240d8bed|14|3789043705
35301|0x240d8bed|15|7353762461
35301|0xa40d8bed|16|14517353376
35301|0xa40d8bed|17|27795853495
35301|0x2a40d8bed|18|54909245783
35301|0x2a40d8bed|19|114914126261
35301|0xaa40d8bed|20|221258833997
35301|0x1aa40d8bed|21|439352832218
35301|0x3aa40d8bed|22|873872592747
35301|0x7aa40d8bed|23|1749522455609
35301|0xfaa40d8bed|24|3514659853163
35415|0x167|1|370364
35415|0x20167|2|892578
35415|0x20167|3|1784462
35415|0x20167|4|3905898
35415|0x120167|5|7748438
35415|0x320167|6|15729518
35415|0x720167|7|31235198
35415|0xf20167|8|62555453
35415|0x1f20167|9|125471604
35415|0x3f20167|10|250923935
35415|0x7f20167|11|501977111
35415|0xff20167|12|836574187
35415|0xff20167|13|2007445303
35415|0x2ff20167|14|3850337361
35415|0x6ff20167|15|7963986428
35415|0xeff20167|16|13266887578
35415|0xeff20167|17|30853933837
35415|0x2eff20167|18|54696917890
35415|0x2eff20167|19|109527468336
35415|0xaeff20167|20|220977568319
35415|0x1aeff20167|21|439120787168
35415|0x1aeff20167|22|874716337926
35415|0x1aeff20167|23|1746654815411
35415|0x9aeff20167|24|3512927094156
35521|0x10541|1|373502
35521|0x30541|2|894184
35521|0x70541|3|1935259
35521|0x70541|4|3820476
35521|0x70541|5|7643205
35521|0x270541|6|15641312
35521|0x670541|7|31337838
35521|0xe70541|8|62599077
35521|0x1e70541|9|125411827
35521|0x1e70541|10|222248793
35521|0x1e70541|11|501105573
35521|0x9e70541|12|885936643
35521|0x9e70541|13|2005628102
35521|0x9e70541|14|3407217734
35521|0x9e70541|15|6710792742
35521|0x9e70541|16|13401373024
35521|0x9e70541|17|26396590336
35521|0x209e70541|18|55553190477
35521|0x209e70541|19|111170698074
35521|0x209e70541|20|218622321143
35521|0x209e70541|21|441338270550
35521|0x2209e70541|22|874371089327
35521|0x2209e70541|23|1745973540108
35521|0x2209e70541|24|3512158765764
35639|0x11a87|1|373462
35639|0x11a87|2|895310
35639|0x51a87|3|1998201
35639|0x51a87|4|3762089
35639|0x51a87|5|7889864
35639|0x51a87|6|15781641
35639|0x51a87|7|31420383
35639|0x851a87|8|63025448
35639|0x851a87|9|125937206
35639|0x2851a87|10|252411993
35639|0x2851a87|11|505257846
35639|0x2851a87|12|866483206
35639|0x12851a87|13|2007529126
35639|0x12851a87|14|4010921669
35639|0x52851a87|15|7309123794
35639|0x52851a87|16|16049008812
35639|0x52851a87|17|27967893500
35639|0x52851a87|18|54575796799
35639|0x52851a87|19|109280885569
35639|0x52851a87|20|222880113791
35639|0x52851a87|21|444304462088
35639|0x2052851a87|22|881386042960
35639|0x6052851a87|23|1746128222707
35639|0xe052851a87|24|3514007099210
35743|0x1d05f|1|373588
35743|0x1d05f|2|895889
35743|0x5d05f|3|1998943
35743|0x5d05f|4|3789625
35743|0x5d05f|5|7726671
35743|0x5d05f|6|15589040
35743|0x45d05f|7|31314283
35743|0xc5d05f|8|62700995
35743|0x1c5d05f|9|125482596
35743|0x3c5d05f|10|250914603
35743|0x3c5d05f|11|502287563
35743|0x3c5d05f|12|928151749
35743|0x3c5d05f|13|1902155412
35743|0x3c5d05f|14|4018050263
35743|0x43c5d05f|15|7304894591
35743|0xc3c5d05f|16|13165259204
35743|0xc3c5d05f|17|29818588097
35743|0x2c3c5d05f|18|56258810762
35743|0x6c3c5d05f|19|110543137285
35743|0x6c3c5d05f|20|225044039150
35743|0x6c3c5d05f|21|437182536282
35743|0x6c3c5d05f|22|873850922991
35743|0x6c3c5d05f|23|1747054739961
35743|0x86c3c5d05f|24|3512685183436
