41|0x19|1|8973
41|0x19|2|9478
41|0x19|3|8605
41|0x19|4|10359
41|0x419|5|16741
41|0xc19|6|26552
41|0x1c19|7|46570
41|0x1c19|8|87535
41|0x1c19|9|167742
41|0x9c19|10|327444
41|0x19c19|11|646807
41|0x39c19|12|1287128
41|0x79c19|13|2598415
41|0xf9c19|14|5167098
41|0xf9c19|15|22190489
41|0xf9c19|16|36866947
41|0xf9c19|17|73445998
41|0x8f9c19|18|162650610
41|0x18f9c19|19|164753343
41|0x18f9c19|20|329541588
41|0x18f9c19|21|660023659
41|0x18f9c19|22|1317563160
41|0x18f9c19|23|2631467212
41|0x18f9c19|24|5263476840
9065|0x1cd9|1|175073
9065|0x9cd9|2|374839
9065|0x9cd9|3|789823
9065|0x29cd9|4|1583445
9065|0x69cd9|5|3220711
9065|0xe9cd9|6|6484272
9065|0x1e9cd9|7|12944336
9065|0x1e9cd9|8|25984961
9065|0x1e9cd9|9|51755416
9065|0x1e9cd9|10|103422034
9065|0x1e9cd9|11|206221866
9065|0x1e9cd9|12|411820807
9065|0x41e9cd9|13|825153999
9065|0x41e9cd9|14|1648763356
9065|0x41e9cd9|15|2774914448
9065|0x241e9cd9|16|5431807414
9065|0x241e9cd9|17|11018355147
9065|0x241e9cd9|18|22420931310
9065|0x1241e9cd9|19|45921465424
9065|0x1241e9cd9|20|88995155656
9065|0x1241e9cd9|21|184621720402
9065|0x9241e9cd9|22|361157429468
9065|0x19241e9cd9|23|712673108880
9065|0x19241e9cd9|24|1424815693148
9215|0x5bff|1|159585
9215|0xdbff|2|361178
9215|0x1dbff|3|795063
9215|0x3dbff|4|1616922
9215|0x7dbff|5|3217607
9215|0xfdbff|6|6396956
9215|0xfdbff|7|12856504
9215|0x2fdbff|8|25772671
9215|0x6fdbff|9|51522669
9215|0xefdbff|10|102987341
9215|0xefdbff|11|205957845
9215|0x2efdbff|12|412117000
9215|0x2efdbff|13|824308714
9215|0xaefdbff|14|1648237789
9215|0x1aefdbff|15|3297089934
9215|0x3aefdbff|16|5592358175
9215|0x3aefdbff|17|10903716924
9215|0xbaefdbff|18|22025939895
9215|0x1baefdbff|19|44546930806
9215|0x1baefdbff|20|90201466223
9215|0x1baefdbff|21|179542142993
9215|0x9baefdbff|22|356490549938
9215|0x9baefdbff|23|713193750915
9215|0x9baefdbff|24|1423948833055
10153|0x6c99|1|162022
10153|0x6c99|2|378176
10153|0x16c99|3|784116
10153|0x16c99|4|1598746
10153|0x56c99|5|3190933
10153|0x56c99|6|6495021
10153|0x56c99|7|12964538
10153|0x256c99|8|25937711
10153|0x656c99|9|51866862
10153|0xe56c99|10|103688334
10153|0x1e56c99|11|207512229
10153|0x1e56c99|12|414934100
10153|0x5e56c99|13|753069235
10153|0xde56c99|14|1540041824
10153|0xde56c99|15|2936798122
10153|0x2de56c99|16|5400220787
10153|0x6de56c99|17|10825879120
10153|0xede56c99|18|21654209283
10153|0x1ede56c99|19|44493660454
10153|0x1ede56c99|20|89413817217
10153|0x5ede56c99|21|178093658924
10153|0xdede56c99|22|354863284926
10153|0x1dede56c99|23|709665197050
10153|0x1dede56c99|24|1419934513164
11033|0x129|1|161126
11033|0x129|2|337492
11033|0x129|3|760470
11033|0x20129|4|1602467
11033|0x60129|5|3225856
11033|0xe0129|6|6491359
11033|0x1e0129|7|13050715
11033|0x3e0129|8|26116719
11033|0x7e0129|9|52210142
11033|0xfe0129|10|104328109
11033|0x1fe0129|11|208728191
11033|0x1fe0129|12|417397890
11033|0x5fe0129|13|834898471
11033|0x5fe0129|14|1557850228
11033|0x5fe0129|15|2734918840
11033|0x5fe0129|16|5602425971
11033|0x45fe0129|17|10942016118
11033|0xc5fe0129|18|21610967926
11033|0x1c5fe0129|19|44733283344
11033|0x3c5fe0129|20|89588882803
11033|0x3c5fe0129|21|178271192345
11033|0x3c5fe0129|22|354951344631
11033|0x3c5fe0129|23|707406372695
11033|0x23c5fe0129|24|1414007562442
11233|0x5821|1|165091
11233|0x5821|2|342470
11233|0x15821|3|791202
11233|0x15821|4|1587211
11233|0x55821|5|3250250
11233|0x55821|6|6484449
11233|0x55821|7|13068922
11233|0x55821|8|26111228
11233|0x55821|9|52286565
11233|0x855821|10|104447631
11233|0x1855821|11|208977081
11233|0x1855821|12|354803711
11233|0x5855821|13|731324023
11233|0x5855821|14|1672173240
11233|0x5855821|15|2732810347
11233|0x5855821|16|5398863131
11233|0x45855821|17|10891565568
11233|0xc5855821|18|21673274991
11233|0x1c5855821|19|45203013671
11233|0x1c5855821|20|92292158415
11233|0x5c5855821|21|185389128420
11233|0x5c5855821|22|360952210156
11233|0x5c5855821|23|736389343415
11233|0x5c5855821|24|1462226324579
12217|0x2689|1|164698
12217|0x2689|2|370167
12217|0x12689|3|794712
12217|0x12689|4|1595558
12217|0x12689|5|3265510
12217|0x92689|6|6549358
12217|0x192689|7|13104617
12217|0x192689|8|26277822
12217|0x592689|9|52648586
12217|0xd92689|10|105153498
12217|0x1d92689|11|210402411
12217|0x1d92689|12|381812752
12217|0x5d92689|13|684389111
12217|0xdd92689|14|1474071805
12217|0xdd92689|15|2714987298
12217|0x2dd92689|16|5879817873
12217|0x2dd92689|17|11238699442
12217|0x2dd92689|18|21699896638
12217|0x2dd92689|19|43151873744
12217|0x2dd92689|20|86261747886
12217|0x42dd92689|21|177485770791
12217|0x42dd92689|22|354038041303
12217|0x142dd92689|23|703175680061
12217|0x142dd92689|24|1405710327487
13089|0x10e1|1|170687
13089|0x10e1|2|354904
13089|0x110e1|3|813757
13089|0x110e1|4|1659415
13089|0x110e1|5|3284165
13089|0x110e1|6|6621295
13089|0x110e1|7|13222366
13089|0x110e1|8|26481514
13089|0x110e1|9|52924163
13089|0x8110e1|10|105772475
13089|0x18110e1|11|211626432
13089|0x18110e1|12|423227515
13089|0x18110e1|13|744672922
13089|0x98110e1|14|1384226632
13089|0x198110e1|15|2864962012
13089|0x198110e1|16|5465367730
13089|0x198110e1|17|11106339541
13089|0x198110e1|18|22288776662
13089|0x198110e1|19|43206618179
13089|0x198110e1|20|86309559818
13089|0x198110e1|21|174544112328
13089|0x8198110e1|22|355238233452
13089|0x8198110e1|23|701317205983
13089|0x28198110e1|24|1400665508659
13289|0x5459|1|171372
13289|0xd459|2|382301
13289|0x1d459|3|764846
13289|0x1d459|4|1593170
13289|0x1d459|5|3268682
13289|0x9d459|6|6603110
13289|0x9d459|7|13203624
13289|0x9d459|8|26493184
13289|0x49d459|9|52979470
13289|0xc9d459|10|105948333
13289|0x1c9d459|11|177632338
13289|0x3c9d459|12|423796804
13289|0x3c9d459|13|847787250
13289|0xbc9d459|14|1361294423
13289|0x1bc9d459|15|2743624146
13289|0x1bc9d459|16|5404845056
13289|0x1bc9d459|17|10784665129
13289|0x9bc9d459|18|21903700341
13289|0x19bc9d459|19|45735680447
13289|0x19bc9d459|20|91707599792
13289|0x19bc9d459|21|174541516059
13289|0x19bc9d459|22|350734891597
13289|0x19bc9d459|23|699651720081
13289|0x19bc9d459|24|1399047429372
14149|0x438d|1|172967
14149|0xc38d|2|645343
14149|0xc38d|3|783123
14149|0xc38d|4|1664326
14149|0xc38d|5|3322125
14149|0x8c38d|6|6646841
14149|0x8c38d|7|13327208
14149|0x28c38d|8|26640773
14149|0x28c38d|9|53319953
14149|0x28c38d|10|106549313
14149|0x128c38d|11|213214935
14149|0x328c38d|12|426456085
14149|0x728c38d|13|853084436
14149|0x728c38d|14|1705839388
14149|0x1728c38d|15|2911872091
14149|0x1728c38d|16|5585797236
14149|0x1728c38d|17|10803946314
14149|0x1728c38d|18|22419217119
14149|0x1728c38d|19|45367843278
14149|0x1728c38d|20|86569371298
14149|0x1728c38d|21|172512888974
14149|0x1728c38d|22|352149022968
14149|0x1728c38d|23|691981155528
14149|0x1728c38d|24|1407004228171
15013|0x1d2d|1|173077
15013|0x1d2d|2|374989
15013|0x11d2d|3|828676
15013|0x11d2d|4|1613223
15013|0x51d2d|5|3321805
15013|0xd1d2d|6|6635773
15013|0x1d1d2d|7|13393772
15013|0x3d1d2d|8|26776015
15013|0x3d1d2d|9|49837978
15013|0x3d1d2d|10|107169170
15013|0x3d1d2d|11|214430385
15013|0x3d1d2d|12|429143608
15013|0x3d1d2d|13|857771765
15013|0x3d1d2d|14|1715755890
15013|0x3d1d2d|15|3431822913
15013|0x3d1d2d|16|6863621314
15013|0x3d1d2d|17|11018468423
15013|0x3d1d2d|18|22348772654
15013|0x3d1d2d|19|43373105695
15013|0x2003d1d2d|20|89295747616
15013|0x2003d1d2d|21|177493530254
15013|0xa003d1d2d|22|348292882701
15013|0xa003d1d2d|23|695596370398
15013|0xa003d1d2d|24|1389516999551
15211|0x1943|1|173230
15211|0x1943|2|373567
15211|0x11943|3|806232
15211|0x11943|4|1650155
15211|0x11943|5|3326186
15211|0x91943|6|6642639
15211|0x91943|7|13380958
15211|0x291943|8|26802035
15211|0x291943|9|53740712
15211|0x291943|10|107439433
15211|0x291943|11|214667854
15211|0x2291943|12|379274923
15211|0x2291943|13|720053709
15211|0x2291943|14|1358375711
15211|0x2291943|15|2737730455
15211|0x22291943|16|5391951353
15211|0x62291943|17|10866142564
15211|0xe2291943|18|21706051588
15211|0xe2291943|19|43628287233
15211|0x2e2291943|20|90245602541
15211|0x6e2291943|21|176160976695
15211|0x6e2291943|22|349718397008
15211|0x6e2291943|23|694158044506
15211|0x6e2291943|24|1387467259245
15361|0x4401|1|176906
15361|0xc401|2|378102
15361|0x1c401|3|809080
15361|0x3c401|4|1645350
15361|0x7c401|5|3332912
15361|0xfc401|6|6717153
15361|0xfc401|7|13440617
15361|0xfc401|8|26856758
15361|0xfc401|9|55978647
15361|0xfc401|10|114101539
15361|0xfc401|11|215286998
15361|0x20fc401|12|429886463
15361|0x60fc401|13|859757734
15361|0xe0fc401|14|1499223279
15361|0xe0fc401|15|3071093582
15361|0xe0fc401|16|5541558460
15361|0x4e0fc401|17|11040188402
15361|0x4e0fc401|18|21589986673
15361|0x4e0fc401|19|43491144475
15361|0x4e0fc401|20|87377234166
15361|0x44e0fc401|21|175550330519
15361|0x44e0fc401|22|348449412913
15361|0x144e0fc401|23|693368852205
15361|0x344e0fc401|24|1387256659448
16199|0x3a77|1|179773
16199|0xba77|2|386094
16199|0x1ba77|3|827220
16199|0x3ba77|4|1686353
16199|0x7ba77|5|3363914
16199|0xfba77|6|6725185
16199|0xfba77|7|13475156
16199|0xfba77|8|27003952
16199|0x4fba77|9|54004906
16199|0x4fba77|10|108085776
16199|0x14fba77|11|187087845
16199|0x14fba77|12|389145253
16199|0x54fba77|13|750528956
16199|0xd4fba77|14|1413778163
16199|0x1d4fba77|15|2747725098
16199|0x1d4fba77|16|5689305848
16199|0x5d4fba77|17|10850659411
16199|0xdd4fba77|18|22140308279
16199|0xdd4fba77|19|43358370697
16199|0xdd4fba77|20|86361299649
16199|0x4dd4fba77|21|175777989277
16199|0x4dd4fba77|22|353468530383
16199|0x14dd4fba77|23|692694281209
16199|0x14dd4fba77|24|1381596234265
16347|0x2453|1|172858
16347|0xa453|2|385948
16347|0x1a453|3|852151
16347|0x1a453|4|1675684
16347|0x1a453|5|3377478
16347|0x9a453|6|6766272
16347|0x19a453|7|13517296
16347|0x39a453|8|27072255
16347|0x79a453|9|54077942
16347|0xf9a453|10|108174102
16347|0x1f9a453|11|216405148
16347|0x1f9a453|12|432798875
16347|0x1f9a453|13|865770360
16347|0x1f9a453|14|1757005148
16347|0x1f9a453|15|2696463791
16347|0x21f9a453|16|5450061002
16347|0x21f9a453|17|10951019550
16347|0xa1f9a453|18|21610156396
16347|0x1a1f9a453|19|43224731996
16347|0x3a1f9a453|20|86916318565
16347|0x3a1f9a453|21|177091927256
16347|0xba1f9a453|22|346287797600
16347|0x1ba1f9a453|23|428760216002
16347|0x1ba1f9a453|24|855449845107
16855|0x41e7|1|190804
16855|0x141e7|2|443815
16855|0x341e7|3|995585
16855|0x341e7|4|1818582
16855|0xb41e7|5|4000660
16855|0x1b41e7|6|7896662
16855|0x3b41e7|7|15589876
16855|0x3b41e7|8|31550487
16855|0xbb41e7|9|62641007
16855|0x1bb41e7|10|125150250
16855|0x1bb41e7|11|250963623
16855|0x1bb41e7|12|423922856
16855|0x1bb41e7|13|824980057
16855|0x1bb41e7|14|1867562375
16855|0x1bb41e7|15|4055900407
16855|0x1bb41e7|16|6853754464
16855|0x1bb41e7|17|14448188996
16855|0x1bb41e7|18|27266247226
16855|0x201bb41e7|19|60809825662
16855|0x201bb41e7|20|109884063249
16855|0x201bb41e7|21|230082634056
16855|0x201bb41e7|22|442438717334
16855|0x2201bb41e7|23|870081716353
16855|0x2201bb41e7|24|1751593417334
16963|0x9a6b|1|190729
16963|0x9a6b|2|444580
16963|0x9a6b|3|996688
16963|0x9a6b|4|1843879
16963|0x89a6b|5|3935954
16963|0x189a6b|6|7866427
16963|0x189a6b|7|15532721
16963|0x589a6b|8|31555522
16963|0x589a6b|9|55192180
16963|0x1589a6b|10|125592965
16963|0x3589a6b|11|251055158
16963|0x3589a6b|12|502298189
16963|0xb589a6b|13|1004667226
16963|0x1b589a6b|14|1677393558
16963|0x1b589a6b|15|3340039902
16963|0x1b589a6b|16|6820369904
16963|0x1b589a6b|17|16272027744
16963|0x1b589a6b|18|29658178810
16963|0x1b589a6b|19|56015826275
16963|0x41b589a6b|20|110635132765
16963|0x41b589a6b|21|222281978163
16963|0x41b589a6b|22|444655092240
16963|0x241b589a6b|23|871602829135
16963|0x241b589a6b|24|1751435197141
17087|0x2d3f|1|190842
17087|0x2d3f|2|443360
17087|0x2d3f|3|999317
17087|0x42d3f|4|1800380
17087|0xc2d3f|5|3993201
17087|0xc2d3f|6|7788440
17087|0xc2d3f|7|15578382
17087|0x4c2d3f|8|31409535
17087|0xcc2d3f|9|62465227
17087|0xcc2d3f|10|124903710
17087|0xcc2d3f|11|250133942
17087|0x4cc2d3f|12|502329960
17087|0xccc2d3f|13|889559923
17087|0x1ccc2d3f|14|2007060560
17087|0x3ccc2d3f|15|3945507707
17087|0x3ccc2d3f|16|8058896415
17087|0x3ccc2d3f|17|13992926978
17087|0x3ccc2d3f|18|27015970429
17087|0x23ccc2d3f|19|60726945653
17087|0x23ccc2d3f|20|110553682215
17087|0xa3ccc2d3f|21|223050792902
17087|0x1a3ccc2d3f|22|441509298330
17087|0x1a3ccc2d3f|23|870135682437
17087|0x5a3ccc2d3f|24|1751947423591
17185|0xe1|1|188596
17185|0x100e1|2|446164
17185|0x100e1|3|1002750
17185|0x500e1|4|1858646
17185|0x500e1|5|3937471
17185|0x500e1|6|7893036
17185|0x2500e1|7|15604230
17185|0x2500e1|8|31581299
17185|0x2500e1|9|62680672
17185|0x2500e1|10|125942271
17185|0x2500e1|11|251229670
17185|0x42500e1|12|465532684
17185|0xc2500e1|13|1005951030
17185|0xc2500e1|14|2002505106
17185|0xc2500e1|15|3988293930
17185|0x4c2500e1|16|8042007645
17185|0xcc2500e1|17|14015656341
17185|0xcc2500e1|18|29853234834
17185|0xcc2500e1|19|54983328700
17185|0xcc2500e1|20|110647457221
17185|0x8cc2500e1|21|224461027447
17185|0x18cc2500e1|22|442429377035
17185|0x38cc2500e1|23|870330602887
17185|0x78cc2500e1|24|1751502122206
17299|0x529b|1|168229
17299|0x529b|2|393726
17299|0x2529b|3|863234
17299|0x6529b|4|2005505
17299|0x6529b|5|3927277
17299|0x6529b|6|7367929
17299|0x6529b|7|15746752
17299|0x46529b|8|31370963
17299|0x46529b|9|62929647
17299|0x46529b|10|125610503
17299|0x46529b|11|208741496
17299|0x46529b|12|502527287
17299|0x46529b|13|866807455
17299|0x1046529b|14|2014629738
17299|0x1046529b|15|4025691372
17299|0x5046529b|16|8023534624
17299|0xd046529b|17|16115023979
17299|0xd046529b|18|29024348225
17299|0x2d046529b|19|55255929956
17299|0x2d046529b|20|110480654837
17299|0x2d046529b|21|223329254004
17299|0x2d046529b|22|444784619975
17299|0x22d046529b|23|872682582797
17299|0x22d046529b|24|1753303068667
17401|0xe49|1|191390
17401|0x10e49|2|427676
17401|0x10e49|3|865296
17401|0x50e49|4|1991586
17401|0xd0e49|5|4072934
17401|0x1d0e49|6|7885435
17401|0x1d0e49|7|15816725
17401|0x1d0e49|8|31915158
17401|0x1d0e49|9|63648190
17401|0x11d0e49|10|127418867
17401|0x11d0e49|11|254825036
17401|0x11d0e49|12|510386088
17401|0x11d0e49|13|1019956348
17401|0x111d0e49|14|2036126405
17401|0x111d0e49|15|4061536017
17401|0x511d0e49|16|8105428833
17401|0xd11d0e49|17|13647415510
17401|0xd11d0e49|18|28385577198
17401|0x2d11d0e49|19|54788462721
17401|0x2d11d0e49|20|116309594330
17401|0xad11d0e49|21|222242230741
17401|0xad11d0e49|22|440703053254
17401|0xad11d0e49|23|870261269861
17401|0x4ad11d0e49|24|1752036486361
17907|0xdb3b|1|189648
17907|0x1db3b|2|397709
17907|0x3db3b|3|875025
17907|0x3db3b|4|1969635
17907|0x3db3b|5|3994141
17907|0x3db3b|6|7834192
17907|0x3db3b|7|15878231
17907|0x43db3b|8|31706287
17907|0xc3db3b|9|62837110
17907|0xc3db3b|10|126787068
17907|0xc3db3b|11|254021688
17907|0x4c3db3b|12|508016517
17907|0x4c3db3b|13|1016879534
17907|0x14c3db3b|14|2039303375
17907|0x14c3db3b|15|3627272195
17907|0x14c3db3b|16|7083870086
17907|0x94c3db3b|17|14291256071
17907|0x94c3db3b|18|27782980024
17907|0x294c3db3b|19|55663220208
17907|0x694c3db3b|20|114486244963
17907|0xe94c3db3b|21|226399249010
17907|0x1e94c3db3b|22|440349229181
17907|0x3e94c3db3b|23|869413071107
17907|0x3e94c3db3b|24|1750878852918
18027|0x3643|1|208842
18027|0x13643|2|453468
18027|0x13643|3|944491
18027|0x13643|4|1842796
18027|0x93643|5|4076931
18027|0x193643|6|7904640
18027|0x393643|7|15715200
18027|0x793643|8|31789992
18027|0xf93643|9|63330533
18027|0x1f93643|10|126686388
18027|0x1f93643|11|253306881
18027|0x1f93643|12|506731408
18027|0x9f93643|13|1014240778
18027|0x19f93643|14|2038736720
18027|0x19f93643|15|4080117205
18027|0x19f93643|16|7026546412
18027|0x19f93643|17|13885885445
18027|0x119f93643|18|30512372842
18027|0x119f93643|19|55899928044
18027|0x119f93643|20|110463488564
18027|0x119f93643|21|222029052090
18027|0x1119f93643|22|439804099501
18027|0x1119f93643|23|875624131581
18027|0x5119f93643|24|1745411405686
18129|0xd231|1|192831
18129|0x1d231|2|428517
18129|0x3d231|3|897431
18129|0x3d231|4|1934533
18129|0xbd231|5|3826927
18129|0xbd231|6|7932752
18129|0x2bd231|7|15681689
18129|0x6bd231|8|31353523
18129|0xebd231|9|62690027
18129|0xebd231|10|125856097
18129|0xebd231|11|252056103
18129|0x4ebd231|12|505724346
18129|0x4ebd231|13|1012926648
18129|0x4ebd231|14|1794413994
18129|0x4ebd231|15|3437969315
18129|0x4ebd231|16|6692874295
18129|0x84ebd231|17|16333903641
18129|0x184ebd231|18|27267670463
18129|0x384ebd231|19|57794437335
18129|0x384ebd231|20|112856451932
18129|0xb84ebd231|21|218927670598
18129|0xb84ebd231|22|441704997806
18129|0xb84ebd231|23|879108322674
18129|0x4b84ebd231|24|1750577709495
18243|0xfd6b|1|169510
18243|0x1fd6b|2|456408
18243|0x3fd6b|3|1001243
18243|0x7fd6b|4|2022151
18243|0x7fd6b|5|3814018
18243|0x7fd6b|6|7971682
18243|0x27fd6b|7|15846248
18243|0x67fd6b|8|31476141
18243|0xe7fd6b|9|63291303
18243|0xe7fd6b|10|128942620
18243|0xe7fd6b|11|253450123
18243|0x4e7fd6b|12|506914633
18243|0x4e7fd6b|13|842448359
18243|0x4e7fd6b|14|1732500737
18243|0x24e7fd6b|15|3391340671
18243|0x24e7fd6b|16|7014384293
18243|0x24e7fd6b|17|13437964888
18243|0x24e7fd6b|18|26573749267
18243|0x224e7fd6b|19|55651774683
18243|0x624e7fd6b|20|111620501921
18243|0xe24e7fd6b|21|217690372117
18243|0x1e24e7fd6b|22|440709819602
18243|0x3e24e7fd6b|23|882955479257
18243|0x3e24e7fd6b|24|1749436981593
18361|0x8e89|1|192925
18361|0x18e89|2|456038
18361|0x18e89|3|954667
18361|0x18e89|4|1908493
18361|0x98e89|5|4060853
18361|0x198e89|6|7995205
18361|0x198e89|7|15821496
18361|0x198e89|8|32015826
18361|0x198e89|9|63942477
18361|0x1198e89|10|127534247
18361|0x3198e89|11|255891819
18361|0x7198e89|12|511814628
18361|0xf198e89|13|945196709
18361|0xf198e89|14|2043156578
18361|0xf198e89|15|4061721497
18361|0xf198e89|16|6640243627
18361|0xf198e89|17|14556259032
18361|0x10f198e89|18|27959956500
18361|0x10f198e89|19|54990655406
18361|0x50f198e89|20|110215642245
18361|0xd0f198e89|21|219936078693
18361|0xd0f198e89|22|438401918551
18361|0x2d0f198e89|23|883836065225
18361|0x6d0f198e89|24|1748179629489
18835|0x3c9b|1|207713
18835|0x13c9b|2|417511
18835|0x33c9b|3|847085
18835|0x73c9b|4|1967593
18835|0x73c9b|5|4045035
18835|0x173c9b|6|7923840
18835|0x373c9b|7|15946192
18835|0x373c9b|8|32058683
18835|0x373c9b|9|64083406
18835|0x373c9b|10|128279102
18835|0x373c9b|11|256221616
18835|0x373c9b|12|512281790
18835|0x373c9b|13|1025190906
18835|0x373c9b|14|2048318253
18835|0x20373c9b|15|3762156189
18835|0x60373c9b|16|7324284795
18835|0x60373c9b|17|15636490631
18835|0x160373c9b|18|30581289543
18835|0x360373c9b|19|54264150343
18835|0x360373c9b|20|110154388088
18835|0x360373c9b|21|219180826796
18835|0x360373c9b|22|438493448280
18835|0x2360373c9b|23|877137787595
18835|0x6360373c9b|24|1746749411556
18953|0x6439|1|194175
18953|0x6439|2|460726
18953|0x6439|3|884343
18953|0x46439|4|1861827
18953|0x46439|5|4058068
18953|0x46439|6|7824076
18953|0x246439|7|15805060
18953|0x646439|8|31857535
18953|0xe46439|9|63388455
18953|0x1e46439|10|126847377
18953|0x3e46439|11|253613788
18953|0x3e46439|12|514401182
18953|0xbe46439|13|1019451210
18953|0x1be46439|14|2040402058
18953|0x1be46439|15|4087673425
18953|0x1be46439|16|7103759457
18953|0x1be46439|17|16328827861
18953|0x11be46439|18|28168192368
18953|0x31be46439|19|55030573221
18953|0x71be46439|20|111367556414
18953|0x71be46439|21|220163590001
18953|0x171be46439|22|439676156362
18953|0x371be46439|23|876707201036
18953|0x371be46439|24|1746426039089
19053|0x4f65|1|194333
19053|0x14f65|2|461714
19053|0x34f65|3|887729
19053|0x74f65|4|1889220
19053|0x74f65|5|3881386
19053|0x174f65|6|7979884
19053|0x374f65|7|15777439
19053|0x374f65|8|31479661
19053|0xb74f65|9|59062454
19053|0x1b74f65|10|125941454
19053|0x1b74f65|11|252324937
19053|0x1b74f65|12|436181877
19053|0x9b74f65|13|1009007766
19053|0x9b74f65|14|2016536402
19053|0x29b74f65|15|4052578388
19053|0x69b74f65|16|6894664965
19053|0x69b74f65|17|13800975659
19053|0x69b74f65|18|27290635805
19053|0x69b74f65|19|55932542144
19053|0x469b74f65|20|111845264390
19053|0x469b74f65|21|219705100197
19053|0x1469b74f65|22|437931490427
19053|0x1469b74f65|23|876077866219
19053|0x5469b74f65|24|1747210998577
19169|0x7921|1|194446
19169|0x7921|2|462507
19169|0x27921|3|985578
19169|0x27921|4|1840216
19169|0x27921|5|4012939
19169|0x127921|6|7764624
19169|0x127921|7|15738336
19169|0x527921|8|31486641
19169|0xd27921|9|63031598
19169|0xd27921|10|119215109
19169|0xd27921|11|237809034
19169|0xd27921|12|477176220
19169|0xd27921|13|1009756527
19169|0x10d27921|14|1972159023
19169|0x30d27921|15|3557907087
19169|0x70d27921|16|8124785477
19169|0x70d27921|17|14414412545
19169|0x70d27921|18|26723935825
19169|0x70d27921|19|59887820106
19169|0x70d27921|20|114924676388
19169|0x70d27921|21|218158797891
19169|0x70d27921|22|439502030866
19169|0x70d27921|23|888097841226
19169|0x70d27921|24|1748417469491
19289|0x4ce9|1|171545
19289|0x14ce9|2|432881
19289|0x14ce9|3|1005717
19289|0x54ce9|4|1893556
19289|0x54ce9|5|3645948
19289|0x54ce9|6|7576680
19289|0x254ce9|7|14898367
19289|0x254ce9|8|30083245
19289|0xa54ce9|9|63378448
19289|0x1a54ce9|10|127164724
19289|0x1a54ce9|11|254392699
19289|0x1a54ce9|12|508535099
19289|0x1a54ce9|13|1018559006
19289|0x1a54ce9|14|1823068031
19289|0x1a54ce9|15|3566747099
19289|0x1a54ce9|16|7579532428
19289|0x1a54ce9|17|16296072588
19289|0x1a54ce9|18|29248766534
19289|0x1a54ce9|19|54019467706
19289|0x401a54ce9|20|112515551659
19289|0x401a54ce9|21|220153006352
19289|0x401a54ce9|22|442774343418
19289|0x2401a54ce9|23|875790880258
19289|0x2401a54ce9|24|1746682933262
19391|0xa43f|1|195516
19391|0x1a43f|2|464530
19391|0x1a43f|3|973886
19391|0x1a43f|4|1934514
19391|0x9a43f|5|4015046
19391|0x19a43f|6|7958692
19391|0x19a43f|7|15788962
19391|0x59a43f|8|31926845
19391|0x59a43f|9|63593895
19391|0x59a43f|10|127114019
19391|0x259a43f|11|254447999
19391|0x659a43f|12|508929061
19391|0x659a43f|13|1014635822
19391|0x659a43f|14|2016788051
19391|0x659a43f|15|4038878662
19391|0x659a43f|16|8119603422
19391|0x659a43f|17|13552561122
19391|0x10659a43f|18|30408185383
19391|0x10659a43f|19|56746116781
19391|0x10659a43f|20|111383669246
19391|0x10659a43f|21|221900346782
19391|0x10659a43f|22|439420763399
19391|0x210659a43f|23|877958171551
19391|0x210659a43f|24|1746615007630
19903|0xa23f|1|195840
19903|0xa23f|2|475290
19903|0x2a23f|3|865388
19903|0x6a23f|4|1963667
19903|0x6a23f|5|3882281
19903|0x6a23f|6|7984660
19903|0x6a23f|7|15831460
19903|0x46a23f|8|31444612
19903|0xc6a23f|9|63156380
19903|0x1c6a23f|10|126267326
19903|0x3c6a23f|11|256074787
19903|0x3c6a23f|12|439301762
19903|0x3c6a23f|13|1014264919
19903|0x13c6a23f|14|1897368471
19903|0x13c6a23f|15|3506880017
19903|0x13c6a23f|16|8186400949
19903|0x93c6a23f|17|13510952255
19903|0x193c6a23f|18|27847615520
19903|0x193c6a23f|19|54266483060
19903|0x193c6a23f|20|115131991583
19903|0x193c6a23f|21|222000841963
19903|0x193c6a23f|22|437886902164
19903|0x2193c6a23f|23|878022829966
19903|0x2193c6a23f|24|1745779295179
20009|0x2e19|1|172817
20009|0x12e19|2|413318
20009|0x12e19|3|867120
20009|0x52e19|4|2031943
20009|0x52e19|5|3885540
20009|0x52e19|6|7917594
20009|0x252e19|7|15612170
20009|0x252e19|8|31262007
20009|0x252e19|9|62996608
20009|0x252e19|10|125947843
20009|0x2252e19|11|251471603
20009|0x6252e19|12|503162096
20009|0x6252e19|13|878578672
20009|0x16252e19|14|2019389411
20009|0x36252e19|15|4058358262
20009|0x36252e19|16|6815351677
20009|0x36252e19|17|13894759006
20009|0x36252e19|18|26653138656
20009|0x36252e19|19|60866012055
20009|0x36252e19|20|113020866078
20009|0x836252e19|21|218393292929
20009|0x1836252e19|22|438009518364
20009|0x3836252e19|23|874732410642
20009|0x3836252e19|24|1743318812254
20123|0xe793|1|195720
20123|0x1e793|2|487045
20123|0x3e793|3|985422
20123|0x7e793|4|2039006
20123|0xfe793|5|3311239
20123|0x1fe793|6|7933938
20123|0x3fe793|7|15955928
20123|0x7fe793|8|31586929
20123|0x7fe793|9|63540762
20123|0x7fe793|10|126928760
20123|0x27fe793|11|254018322
20123|0x67fe793|12|508232162
20123|0xe7fe793|13|1015675085
20123|0xe7fe793|14|2034497696
20123|0xe7fe793|15|3653049291
20123|0x4e7fe793|16|8151279243
20123|0xce7fe793|17|14275133380
20123|0xce7fe793|18|28568659172
20123|0xce7fe793|19|55285811788
20123|0xce7fe793|20|111145301567
20123|0x8ce7fe793|21|218724971323
20123|0x8ce7fe793|22|443463544135
20123|0x8ce7fe793|23|876501361823
20123|0x48ce7fe793|24|1748413864744
20239|0xbfef|1|194071
20239|0xbfef|2|469196
20239|0x2bfef|3|987658
20239|0x6bfef|4|1834074
20239|0x6bfef|5|4005979
20239|0x6bfef|6|7975247
20239|0x26bfef|7|15821141
20239|0x26bfef|8|32085864
20239|0xa6bfef|9|63719548
20239|0x1a6bfef|10|128036601
20239|0x3a6bfef|11|225655955
20239|0x7a6bfef|12|511742141
20239|0xfa6bfef|13|1012441832
20239|0xfa6bfef|14|1726148130
20239|0x2fa6bfef|15|3472279810
20239|0x6fa6bfef|16|7407947021
20239|0x6fa6bfef|17|13992245101
20239|0x16fa6bfef|18|27465325020
20239|0x36fa6bfef|19|56865670897
20239|0x36fa6bfef|20|109937883803
20239|0xb6fa6bfef|21|218559174346
20239|0xb6fa6bfef|22|437896427286
20239|0x2b6fa6bfef|23|875089395213
20239|0x2b6fa6bfef|24|1744948314927
20343|0x3a47|1|196523
20343|0x13a47|2|472382
20343|0x33a47|3|991761
20343|0x73a47|4|1852152
20343|0xf3a47|5|3977545
20343|0x1f3a47|6|7969898
20343|0x1f3a47|7|15718013
20343|0x1f3a47|8|31809737
20343|0x9f3a47|9|63412910
20343|0x19f3a47|10|126980847
20343|0x19f3a47|11|254324061
20343|0x59f3a47|12|513120143
20343|0x59f3a47|13|976744583
20343|0x59f3a47|14|1777761453
20343|0x59f3a47|15|4094939419
20343|0x459f3a47|16|7233610859
20343|0xc59f3a47|17|13867109133
20343|0xc59f3a47|18|32351167628
20343|0xc59f3a47|19|54855434348
20343|0xc59f3a47|20|109590281709
20343|0x8c59f3a47|21|220501104466
20343|0x18c59f3a47|22|441334300918
20343|0x18c59f3a47|23|875395555537
20343|0x18c59f3a47|24|1743950337056
20461|0x65e5|1|173113
20461|0x65e5|2|418036
20461|0x65e5|3|916510
20461|0x65e5|4|1999155
20461|0x65e5|5|3879884
20461|0x1065e5|6|7938893
20461|0x3065e5|7|15935983
20461|0x7065e5|8|31725588
20461|0xf065e5|9|63416064
20461|0xf065e5|10|127298441
20461|0x2f065e5|11|254700579
20461|0x2f065e5|12|508630790
20461|0xaf065e5|13|924149206
20461|0x1af065e5|14|2052812214
20461|0x3af065e5|15|4108138212
20461|0x7af065e5|16|7335171094
20461|0x7af065e5|17|13456079110
20461|0x7af065e5|18|26915692593
20461|0x27af065e5|19|55730396105
20461|0x67af065e5|20|109811504516
20461|0x67af065e5|21|216730176722
20461|0x167af065e5|22|439328758947
20461|0x167af065e5|23|877830993284
20461|0x567af065e5|24|1742786100671
20951|0x31e7|1|173899
20951|0x31e7|2|419877
20951|0x31e7|3|1009839
20951|0x431e7|4|2017878
20951|0x431e7|5|3934465
20951|0x1431e7|6|8027649
20951|0x1431e7|7|16130485
20951|0x5431e7|8|31974876
20951|0xd431e7|9|64167785
20951|0xd431e7|10|128479325
20951|0x2d431e7|11|256832769
20951|0x6d431e7|12|513540293
20951|0x6d431e7|13|1027223117
20951|0x6d431e7|14|1708054191
20951|0x26d431e7|15|4085348532
20951|0x66d431e7|16|7372015613
20951|0xe6d431e7|17|13532377706
20951|0x1e6d431e7|18|27841627169
20951|0x3e6d431e7|19|56406032934
20951|0x3e6d431e7|20|108865901448
20951|0x3e6d431e7|21|217075158683
20951|0x13e6d431e7|22|437720537316
20951|0x13e6d431e7|23|880276009616
20951|0x53e6d431e7|24|1740388928277
21053|0x5515|1|195536
21053|0x15515|2|477855
21053|0x35515|3|1005008
21053|0x75515|4|1989207
21053|0x75515|5|3899368
21053|0x75515|6|7977202
21053|0x75515|7|13802461
21053|0x75515|8|25927587
21053|0x75515|9|64052052
21053|0x1075515|10|128033692
21053|0x1075515|11|256182667
21053|0x1075515|12|423718092
21053|0x9075515|13|1022495152
21053|0x9075515|14|1701841782
21053|0x9075515|15|4095140784
21053|0x9075515|16|8180792872
21053|0x89075515|17|14118376053
21053|0x189075515|18|32915993987
21053|0x389075515|19|55277695424
21053|0x789075515|20|109462841930
21053|0x789075515|21|228050749771
21053|0x1789075515|22|438295759604
21053|0x1789075515|23|881246642200
21053|0x1789075515|24|1742092034962
21173|0x8b9d|1|195640
21173|0x18b9d|2|478839
21173|0x18b9d|3|1007729
21173|0x18b9d|4|2047301
21173|0x18b9d|5|3822897
21173|0x118b9d|6|8020443
21173|0x318b9d|7|15929695
21173|0x718b9d|8|31758212
21173|0x718b9d|9|63725755
21173|0x1718b9d|10|127321332
21173|0x1718b9d|11|254987636
21173|0x5718b9d|12|509865612
21173|0xd718b9d|13|894473256
21173|0xd718b9d|14|2041885273
21173|0x2d718b9d|15|4084195862
21173|0x2d718b9d|16|6698188391
21173|0xad718b9d|17|15837893323
21173|0x1ad718b9d|18|27810828403
21173|0x3ad718b9d|19|56531381314
21173|0x3ad718b9d|20|109670613161
21173|0xbad718b9d|21|217589976407
21173|0x1bad718b9d|22|437385137584
21173|0x3bad718b9d|23|877704945662
21173|0x7bad718b9d|24|1741974598889
21273|0x5929|1|198131
21273|0x15929|2|479585
21273|0x35929|3|983170
21273|0x75929|4|1840778
21273|0x75929|5|4097572
21273|0x75929|6|7906715
21273|0x275929|7|15843547
21273|0x675929|8|31989310
21273|0x675929|9|63820488
21273|0x675929|10|127731193
21273|0x675929|11|255691533
21273|0x4675929|12|511524934
21273|0x4675929|13|1023141061
21273|0x14675929|14|1794998232
21273|0x14675929|15|4097904383
21273|0x14675929|16|8158935138
21273|0x94675929|17|16335088098
21273|0x94675929|18|29961988303
21273|0x94675929|19|55846848051
21273|0x494675929|20|109827799486
21273|0x494675929|21|217160646689
21273|0x1494675929|22|437003027634
21273|0x3494675929|23|1278678109038
21273|0x7494675929|24|2826774034244
21429|0x429d|1|311375
21429|0x429d|2|756290
21429|0x429d|3|1611484
21429|0x429d|4|3200348
21429|0x8429d|5|6455034
21429|0x18429d|6|12902478
21429|0x18429d|7|25939772
21429|0x58429d|8|51923133
21429|0x58429d|9|103898831
21429|0x58429d|10|207855598
21429|0x58429d|11|380227393
21429|0x458429d|12|831616835
21429|0x458429d|13|1663644984
21429|0x1458429d|14|2723351079
21429|0x1458429d|15|5685348580
21429|0x1458429d|16|11334326084
21429|0x1458429d|17|21957733570
21429|0x11458429d|18|45550579737
21429|0x11458429d|19|92893034626
21429|0x51458429d|20|177280346261
21429|0x51458429d|21|354049439437
21429|0x151458429d|22|706389945098
21429|0x151458429d|23|1428693023611
21429|0x151458429d|24|2824604955515
21981|0xaa75|1|310494
21981|0xaa75|2|666682
21981|0xaa75|3|1531457
21981|0x4aa75|4|3167279
21981|0x4aa75|5|6410431
21981|0x4aa75|6|12952452
21981|0x24aa75|7|25838758
21981|0x64aa75|8|48518860
21981|0xe4aa75|9|97600308
21981|0xe4aa75|10|208321704
21981|0x2e4aa75|11|386997482
21981|0x6e4aa75|12|756213970
21981|0x6e4aa75|13|1355931380
21981|0x6e4aa75|14|3116545346
21981|0x26e4aa75|15|6667737708
21981|0x26e4aa75|16|11328726335
21981|0xa6e4aa75|17|22206383206
21981|0xa6e4aa75|18|44493565479
21981|0x2a6e4aa75|19|89096521456
21981|0x6a6e4aa75|20|177587298598
21981|0xea6e4aa75|21|353617412066
21981|0x1ea6e4aa75|22|705519779219
21981|0x3ea6e4aa75|23|1441997341574
21981|0x3ea6e4aa75|24|2821368347858
22161|0x2a71|1|310395
22161|0x2a71|2|688515
22161|0x22a71|3|1518083
22161|0x62a71|4|3173318
22161|0x62a71|5|6440781
22161|0x62a71|6|13011049
22161|0x62a71|7|26004542
22161|0x462a71|8|52103909
22161|0x462a71|9|104196187
22161|0x462a71|10|195719120
22161|0x2462a71|11|406484607
22161|0x6462a71|12|833836173
22161|0x6462a71|13|1667737367
22161|0x6462a71|14|3335473049
22161|0x26462a71|15|6532367532
22161|0x66462a71|16|10900224950
22161|0xe6462a71|17|21644027571
22161|0xe6462a71|18|45594041073
22161|0x2e6462a71|19|88306310150
22161|0x2e6462a71|20|176006744953
22161|0x2e6462a71|21|354255051897
22161|0x2e6462a71|22|705170611637
22161|0x2e6462a71|23|1412127463043
22161|0x2e6462a71|24|2821658667805
22341|0xa38d|1|312187
22341|0x1a38d|2|671832
22341|0x3a38d|3|1514072
22341|0x3a38d|4|3126419
22341|0x3a38d|5|6497913
22341|0x13a38d|6|12937491
22341|0x33a38d|7|25994255
22341|0x33a38d|8|52098209
22341|0xb3a38d|9|104247383
22341|0x1b3a38d|10|208495097
22341|0x3b3a38d|11|417065516
22341|0x7b3a38d|12|834282422
22341|0x7b3a38d|13|1669055074
22341|0x7b3a38d|14|3337193098
22341|0x27b3a38d|15|6675987959
22341|0x67b3a38d|16|11468543837
22341|0x67b3a38d|17|22396088087
22341|0x67b3a38d|18|44719865977
22341|0x267b3a38d|19|88195874153
22341|0x667b3a38d|20|177108035377
22341|0xe67b3a38d|21|353738388546
22341|0xe67b3a38d|22|707666493876
22341|0x2e67b3a38d|23|1410177064284
22341|0x6e67b3a38d|24|2821571900504
22513|0xb911|1|314794
22513|0x1b911|2|673792
22513|0x1b911|3|1550760
22513|0x5b911|4|3170873
22513|0xdb911|5|6497662
22513|0x1db911|6|12990190
22513|0x3db911|7|26093781
22513|0x3db911|8|52182996
22513|0x3db911|9|104312056
22513|0x3db911|10|208871714
22513|0x3db911|11|417479965
22513|0x43db911|12|834784995
22513|0xc3db911|13|1669749960
22513|0xc3db911|14|3015014912
22513|0xc3db911|15|5448220018
22513|0xc3db911|16|13360504839
22513|0x8c3db911|17|22184667175
22513|0x18c3db911|18|43258494988
22513|0x38c3db911|19|91068358598
22513|0x38c3db911|20|176167316289
22513|0x38c3db911|21|353800840235
22513|0x38c3db911|22|705193665108
22513|0x38c3db911|23|1408668270118
22513|0x38c3db911|24|2820657040413
23057|0xd6f1|1|329507
23057|0x1d6f1|2|678082
23057|0x1d6f1|3|1541136
23057|0x1d6f1|4|3221898
23057|0x1d6f1|5|6468683
23057|0x11d6f1|6|13012112
23057|0x11d6f1|7|26095438
23057|0x51d6f1|8|52252253
23057|0x51d6f1|9|104489671
23057|0x151d6f1|10|192190929
23057|0x151d6f1|11|418268975
23057|0x551d6f1|12|836607602
23057|0x551d6f1|13|1445061704
23057|0x551d6f1|14|3345963117
23057|0x2551d6f1|15|6691819172
23057|0x6551d6f1|16|11569888466
23057|0xe551d6f1|17|21867675867
23057|0xe551d6f1|18|44939212998
23057|0x2e551d6f1|19|87816618635
23057|0x2e551d6f1|20|182511472344
23057|0x2e551d6f1|21|354198523478
23057|0x12e551d6f1|22|708904985798
23057|0x32e551d6f1|23|1411787141935
23057|0x32e551d6f1|24|2815713657750
23247|0x6c2f|1|317246
23247|0x6c2f|2|697962
23247|0x6c2f|3|1546052
23247|0x6c2f|4|3231278
23247|0x6c2f|5|6467761
23247|0x6c2f|6|13081366
23247|0x206c2f|7|26153003
23247|0x606c2f|8|52285226
23247|0x606c2f|9|104521463
23247|0x606c2f|10|209223605
23247|0x606c2f|11|355054009
23247|0x4606c2f|12|733620619
23247|0x4606c2f|13|1425140916
23247|0x14606c2f|14|2740388263
23247|0x34606c2f|15|6697004006
23247|0x74606c2f|16|13394599852
23247|0x74606c2f|17|26787520340
23247|0x74606c2f|18|43144840642
23247|0x74606c2f|19|91729178757
23247|0x74606c2f|20|177024512569
23247|0x874606c2f|21|355535033353
23247|0x874606c2f|22|703925807929
23247|0x874606c2f|23|1411040183203
23247|0x4874606c2f|24|2813147371242
23419|0x4bb3|1|317649
23419|0x14bb3|2|681197
23419|0x14bb3|3|1564139
23419|0x14bb3|4|3223441
23419|0x94bb3|5|6505174
23419|0x94bb3|6|13007425
23419|0x294bb3|7|26130146
23419|0x694bb3|8|52345322
23419|0xe94bb3|9|104646932
23419|0xe94bb3|10|209340678
23419|0x2e94bb3|11|418633914
23419|0x6e94bb3|12|837628226
23419|0x6e94bb3|13|1601542142
23419|0x6e94bb3|14|3049418478
23419|0x6e94bb3|15|5458824250
23419|0x46e94bb3|16|11457358099
23419|0x46e94bb3|17|22576818751
23419|0x146e94bb3|18|43670531798
23419|0x346e94bb3|19|87786280452
23419|0x346e94bb3|20|176143853988
23419|0xb46e94bb3|21|352828781218
23419|0xb46e94bb3|22|703234365862
23419|0x2b46e94bb3|23|1406226525439
23419|0x2b46e94bb3|24|2813073743145
23985|0xcb51|1|319330
23985|0x1cb51|2|686232
23985|0x3cb51|3|1564829
23985|0x7cb51|4|3174239
23985|0x7cb51|5|6493736
23985|0x7cb51|6|13026518
23985|0x7cb51|7|26164796
23985|0x47cb51|8|52403775
23985|0xc7cb51|9|104757626
23985|0x1c7cb51|10|209681817
23985|0x1c7cb51|11|350602410
23985|0x1c7cb51|12|838904641
23985|0x1c7cb51|13|1678229804
23985|0x11c7cb51|14|3356125348
23985|0x31c7cb51|15|6713001515
23985|0x31c7cb51|16|12107385626
23985|0x31c7cb51|17|26854951681
23985|0x31c7cb51|18|43197780566
23985|0x31c7cb51|19|86250205208
23985|0x31c7cb51|20|180710400591
23985|0x831c7cb51|21|351425384555
23985|0x831c7cb51|22|703204021764
23985|0x831c7cb51|23|1404804868145
23985|0x4831c7cb51|24|2810371379986
24167|0xdd57|1|320034
24167|0x1dd57|2|687677
24167|0x3dd57|3|1589018
24167|0x7dd57|4|3161641
24167|0x7dd57|5|6471396
24167|0x17dd57|6|13069885
24167|0x37dd57|7|26170964
24167|0x77dd57|8|52459311
24167|0xf7dd57|9|104956961
24167|0x1f7dd57|10|210151744
24167|0x3f7dd57|11|419786295
24167|0x7f7dd57|12|839640423
24167|0xff7dd57|13|1679476920
24167|0x1ff7dd57|14|2929641567
24167|0x3ff7dd57|15|6718284376
24167|0x7ff7dd57|16|11534289588
24167|0xfff7dd57|17|21570439842
24167|0xfff7dd57|18|44673494606
24167|0xfff7dd57|19|89185170318
24167|0x4fff7dd57|20|175704708744
24167|0x4fff7dd57|21|351628996436
24167|0x4fff7dd57|22|701929915102
24167|0x4fff7dd57|23|1404147770225
24167|0x4fff7dd57|24|2807421136594
24343|0xc8a7|1|321282
24343|0xc8a7|2|689267
24343|0xc8a7|3|1573663
24343|0xc8a7|4|3185933
24343|0x8c8a7|5|6527211
24343|0x8c8a7|6|13120049
24343|0x8c8a7|7|26256225
24343|0x48c8a7|8|52507545
24343|0x48c8a7|9|104932937
24343|0x148c8a7|10|210028937
24343|0x148c8a7|11|419992871
24343|0x148c8a7|12|840053235
24343|0x148c8a7|13|1532378994
24343|0x148c8a7|14|3360914032
24343|0x2148c8a7|15|6722158826
24343|0x2148c8a7|16|13444031534
24343|0x2148c8a7|17|21528032989
24343|0x12148c8a7|18|43990349248
24343|0x12148c8a7|19|92718163414
24343|0x52148c8a7|20|175547991874
24343|0x52148c8a7|21|351957276485
24343|0x152148c8a7|22|702066862918
24343|0x152148c8a7|23|1403389702703
24343|0x552148c8a7|24|2807589377318
24539|0x8453|1|319864
24539|0x8453|2|708593
24539|0x8453|3|1580763
24539|0x48453|4|3195262
24539|0xc8453|5|6508105
24539|0x1c8453|6|13069858
24539|0x1c8453|7|26212458
24539|0x1c8453|8|52463782
24539|0x9c8453|9|104985867
24539|0x19c8453|10|210070790
24539|0x39c8453|11|420246032
24539|0x79c8453|12|840619333
24539|0xf9c8453|13|1681110079
24539|0x1f9c8453|14|2797550843
24539|0x3f9c8453|15|6073150078
24539|0x3f9c8453|16|10800412784
24539|0xbf9c8453|17|22716256490
24539|0x1bf9c8453|18|44069642455
24539|0x3bf9c8453|19|87686647202
24539|0x3bf9c8453|20|176455561005
24539|0x3bf9c8453|21|351389037481
24539|0x13bf9c8453|22|701544267829
24539|0x13bf9c8453|23|1402675430132
24539|0x13bf9c8453|24|2805408330373
25087|0x9dff|1|321410
25087|0x19dff|2|695839
25087|0x39dff|3|1593039
25087|0x39dff|4|3232664
25087|0xb9dff|5|6509493
25087|0x1b9dff|6|13062384
25087|0x3b9dff|7|26243399
25087|0x7b9dff|8|42076623
25087|0x7b9dff|9|105192609
25087|0x7b9dff|10|210433383
25087|0x27b9dff|11|421011853
25087|0x27b9dff|12|842302270
25087|0x27b9dff|13|1467885185
25087|0x127b9dff|14|3369481040
25087|0x127b9dff|15|5393239972
25087|0x527b9dff|16|10763926570
25087|0x527b9dff|17|22320345570
25087|0x1527b9dff|18|46928424169
25087|0x3527b9dff|19|90261086006
25087|0x3527b9dff|20|176952773195
25087|0x3527b9dff|21|350852108178
25087|0x13527b9dff|22|701388559092
25087|0x13527b9dff|23|1402816831605
25087|0x13527b9dff|24|2802818516777
25257|0x6199|1|322524
25257|0x16199|2|740033
25257|0x36199|3|1597627
25257|0x36199|4|3267699
25257|0xb6199|5|6504521
25257|0xb6199|6|13164139
25257|0x2b6199|7|26404619
25257|0x2b6199|8|52680764
25257|0x2b6199|9|105291672
25257|0x2b6199|10|210601364
25257|0x2b6199|11|421298046
25257|0x2b6199|12|842684266
25257|0x82b6199|13|1686069900
25257|0x82b6199|14|2915784086
25257|0x82b6199|15|5766512593
25257|0x82b6199|16|11790591271
25257|0x82b6199|17|22289296116
25257|0x82b6199|18|43865320376
25257|0x2082b6199|19|89481985534
25257|0x2082b6199|20|180349196617
25257|0xa082b6199|21|351538126111
25257|0xa082b6199|22|701871188934
25257|0xa082b6199|23|1400683584990
25257|0x4a082b6199|24|2800602164835
25439|0xb89f|1|326258
25439|0xb89f|2|699414
25439|0x2b89f|3|1602497
25439|0x2b89f|4|3247445
25439|0xab89f|5|6519292
25439|0xab89f|6|13149839
25439|0x2ab89f|7|26312817
25439|0x6ab89f|8|52600073
25439|0x6ab89f|9|105299219
25439|0x16ab89f|10|210789531
25439|0x16ab89f|11|421629520
25439|0x56ab89f|12|843374557
25439|0xd6ab89f|13|1686698711
25439|0xd6ab89f|14|3373272195
25439|0xd6ab89f|15|6747285353
25439|0x4d6ab89f|16|13494169239
25439|0x4d6ab89f|17|23358079442
25439|0x14d6ab89f|18|43166856502
25439|0x14d6ab89f|19|88905078098
25439|0x54d6ab89f|20|175168304200
25439|0xd4d6ab89f|21|350394529947
25439|0xd4d6ab89f|22|700230298692
25439|0x2d4d6ab89f|23|1400097487211
25439|0x6d4d6ab89f|24|2800859298480
25977|0xf4c9|1|344229
25977|0x1f4c9|2|702588
25977|0x1f4c9|3|1612695
25977|0x1f4c9|4|3270131
25977|0x1f4c9|5|6568730
25977|0x1f4c9|6|13143678
25977|0x1f4c9|7|26310420
25977|0x1f4c9|8|52766694
25977|0x81f4c9|9|105517129
25977|0x181f4c9|10|211086354
25977|0x181f4c9|11|422348193
25977|0x581f4c9|12|845076804
25977|0x581f4c9|13|1689478646
25977|0x581f4c9|14|2765994489
25977|0x2581f4c9|15|5931748485
25977|0x2581f4c9|16|13519947794
25977|0x2581f4c9|17|22731341972
25977|0x2581f4c9|18|43161679304
25977|0x22581f4c9|19|88044446239
25977|0x22581f4c9|20|174825879673
25977|0x22581f4c9|21|351667521946
25977|0x122581f4c9|22|699312420281
25977|0x322581f4c9|23|1398476861608
25977|0x322581f4c9|24|2798192816554
26169|0xa809|1|328055
26169|0x1a809|2|704107
26169|0x3a809|3|1622959
26169|0x7a809|4|3288812
26169|0xfa809|5|6588985
26169|0x1fa809|6|13191437
26169|0x1fa809|7|26403279
26169|0x1fa809|8|52801647
26169|0x1fa809|9|105588132
26169|0x1fa809|10|211296094
26169|0x1fa809|11|422699455
26169|0x41fa809|12|845475231
26169|0xc1fa809|13|1404114398
26169|0x1c1fa809|14|3381079440
26169|0x3c1fa809|15|6762469241
26169|0x3c1fa809|16|11575616620
26169|0x3c1fa809|17|22583608089
26169|0x3c1fa809|18|43492541732
26169|0x23c1fa809|19|88181807291
26169|0x63c1fa809|20|174901035825
26169|0xe3c1fa809|21|351384711759
26169|0xe3c1fa809|22|700083588868
26169|0x2e3c1fa809|23|1397980281010
26169|0x6e3c1fa809|24|2794791766222
26337|0x5d21|1|322210
26337|0x15d21|2|705676
26337|0x35d21|3|1530660
26337|0x35d21|4|3163458
26337|0x35d21|5|6516530
26337|0x135d21|6|13115077
26337|0x335d21|7|26371718
26337|0x735d21|8|52842118
26337|0xf35d21|9|105645668
26337|0x1f35d21|10|211437174
26337|0x3f35d21|11|422897853
26337|0x3f35d21|12|845812750
26337|0x3f35d21|13|1692100257
26337|0x13f35d21|14|3383405185
26337|0x13f35d21|15|6136243065
26337|0x13f35d21|16|13532504377
26337|0x93f35d21|17|22006565687
26337|0x193f35d21|18|43678267527
26337|0x393f35d21|19|87606620912
26337|0x393f35d21|20|176858534926
26337|0xb93f35d21|21|349277413676
26337|0xb93f35d21|22|700354666470
26337|0x2b93f35d21|23|1396957829212
26337|0x6b93f35d21|24|2793978127748
26517|0xabbd|1|325457
26517|0x1abbd|2|724854
26517|0x3abbd|3|1516508
26517|0x7abbd|4|3186357
26517|0x7abbd|5|6502525
26517|0x17abbd|6|13163397
26517|0x37abbd|7|26433827
26517|0x37abbd|8|52922098
26517|0xb7abbd|9|105710426
26517|0x1b7abbd|10|211478063
26517|0x3b7abbd|11|423090831
26517|0x3b7abbd|12|846285551
26517|0x3b7abbd|13|1692541719
26517|0x13b7abbd|14|3385384581
26517|0x33b7abbd|15|6771110012
26517|0x33b7abbd|16|11192044660
26517|0x33b7abbd|17|23622330699
26517|0x133b7abbd|18|47297133084
26517|0x333b7abbd|19|91192594114
26517|0x733b7abbd|20|110965538100
26517|0x733b7abbd|21|216940307261
26517|0x733b7abbd|22|440101089457
26517|0x733b7abbd|23|872021695657
26517|0x733b7abbd|24|1742763797849
26981|0xa06d|1|208516
26981|0xa06d|2|452885
26981|0xa06d|3|971391
26981|0x4a06d|4|2051574
26981|0x4a06d|5|4033308
26981|0x4a06d|6|8379587
26981|0x24a06d|7|16516979
26981|0x64a06d|8|33030453
26981|0xe4a06d|9|66191378
26981|0xe4a06d|10|132735946
26981|0xe4a06d|11|229251848
26981|0xe4a06d|12|531032268
26981|0xe4a06d|13|1061403173
26981|0xe4a06d|14|2123438274
26981|0x20e4a06d|15|3420109550
26981|0x60e4a06d|16|6831140820
26981|0x60e4a06d|17|14479689546
26981|0x60e4a06d|18|27863173934
26981|0x60e4a06d|19|55258436950
26981|0x460e4a06d|20|106421517391
26981|0xc60e4a06d|21|217269190704
26981|0xc60e4a06d|22|434737870560
26981|0x2c60e4a06d|23|872425692739
26981|0x6c60e4a06d|24|1740719677929
27093|0x877d|1|208799
27093|0x1877d|2|453135
27093|0x1877d|3|972965
27093|0x1877d|4|2062983
27093|0x9877d|5|4084348
27093|0x9877d|6|8348177
27093|0x9877d|7|16512657
27093|0x9877d|8|33034036
27093|0x89877d|9|66397529
27093|0x189877d|10|132671904
27093|0x189877d|11|265209594
27093|0x189877d|12|530943337
27093|0x189877d|13|1061061651
27093|0x1189877d|14|1770671379
27093|0x1189877d|15|3386836763
27093|0x1189877d|16|8482835233
27093|0x1189877d|17|16977134028
27093|0x1189877d|18|27629070474
27093|0x1189877d|19|54363818933
27093|0x1189877d|20|106695338620
27093|0x1189877d|21|225141674973
27093|0x1189877d|22|432457463573
27093|0x1189877d|23|870859279165
27093|0x401189877d|24|1737278806281
27209|0xa7f9|1|208999
27209|0x1a7f9|2|454154
27209|0x3a7f9|3|922846
27209|0x3a7f9|4|1964457
27209|0xba7f9|5|4198868
27209|0xba7f9|6|8251245
27209|0x2ba7f9|7|16731244
27209|0x2ba7f9|8|33181218
27209|0x2ba7f9|9|66457878
27209|0x2ba7f9|10|132330217
27209|0x2ba7f9|11|265564965
27209|0x2ba7f9|12|531135604
27209|0x2ba7f9|13|1061161512
27209|0x2ba7f9|14|2115115776
27209|0x202ba7f9|15|3412696883
27209|0x602ba7f9|16|8503521957
27209|0xe02ba7f9|17|14616235102
27209|0xe02ba7f9|18|29013552758
27209|0x2e02ba7f9|19|60108790622
27209|0x6e02ba7f9|20|111276698281
27209|0xee02ba7f9|21|217156131176
27209|0x1ee02ba7f9|22|433144646349
27209|0x3ee02ba7f9|23|870798779509
27209|0x7ee02ba7f9|24|1733038108240
27323|0x4a73|1|183974
27323|0x4a73|2|400092
27323|0x24a73|3|858807
27323|0x24a73|4|2048669
27323|0x24a73|5|4069691
27323|0x24a73|6|8080828
27323|0x24a73|7|16363074
27323|0x24a73|8|30191433
27323|0x824a73|9|65240400
27323|0x824a73|10|130601274
27323|0x2824a73|11|260955895
27323|0x2824a73|12|523025300
27323|0xa824a73|13|1033836299
27323|0xa824a73|14|1768137253
27323|0x2a824a73|15|3322727427
27323|0x2a824a73|16|6693911854
27323|0x2a824a73|17|13288117793
27323|0x12a824a73|18|26923328764
27323|0x12a824a73|19|55673909067
27323|0x52a824a73|20|107538947558
27323|0x52a824a73|21|217440584067
27323|0x52a824a73|22|437457168805
27323|0x252a824a73|23|869706300009
27323|0x652a824a73|24|1733848243453
27431|0x5497|1|184386
27431|0x5497|2|400659
27431|0x5497|3|922280
27431|0x5497|4|2046583
27431|0x85497|5|3989254
27431|0x85497|6|8140101
27431|0x285497|7|16358125
27431|0x285497|8|32468309
27431|0xa85497|9|64911242
27431|0x1a85497|10|130330483
27431|0x1a85497|11|260912262
27431|0x5a85497|12|521597276
27431|0xda85497|13|1042008175
27431|0x1da85497|14|2086740199
27431|0x3da85497|15|3502116816
27431|0x7da85497|16|6868084693
27431|0xfda85497|17|15260990504
27431|0xfda85497|18|28928521349
27431|0xfda85497|19|54870035798
27431|0x4fda85497|20|107321678443
27431|0xcfda85497|21|220436857572
27431|0xcfda85497|22|434919826609
27431|0xcfda85497|23|869198666065
27431|0xcfda85497|24|1734028104782
27547|0x293|1|209851
27547|0x10293|2|455733
27547|0x10293|3|979086
27547|0x10293|4|1925601
27547|0x10293|5|4148262
27547|0x110293|6|8236721
27547|0x310293|7|16304279
27547|0x710293|8|32979090
27547|0xf10293|9|65875095
27547|0xf10293|10|131705489
27547|0x2f10293|11|263798660
27547|0x6f10293|12|527696013
27547|0x6f10293|13|1024300560
27547|0x16f10293|14|2110539243
27547|0x36f10293|15|4217605138
27547|0x36f10293|16|7041763191
27547|0x36f10293|17|14172695443
27547|0x36f10293|18|27545225254
27547|0x36f10293|19|54117325911
27547|0x36f10293|20|111484688296
27547|0x836f10293|21|217586378172
27547|0x1836f10293|22|432585030156
27547|0x3836f10293|23|871385527867
27547|0x3836f10293|24|1734123841727
28035|0x92b|1|208484
28035|0x92b|2|459044
28035|0x92b|3|1006312
28035|0x4092b|4|2065518
28035|0xc092b|5|4126155
28035|0x1c092b|6|8310586
28035|0x1c092b|7|16543110
28035|0x5c092b|8|33163952
28035|0x5c092b|9|66536252
28035|0x15c092b|10|133177174
28035|0x35c092b|11|266485570
28035|0x35c092b|12|532614643
28035|0xb5c092b|13|1065434050
28035|0xb5c092b|14|1921289479
28035|0xb5c092b|15|4261928453
28035|0xb5c092b|16|8457219125
28035|0xb5c092b|17|13690888021
28035|0xb5c092b|18|29621105269
28035|0xb5c092b|19|55257102618
28035|0x40b5c092b|20|109446915912
28035|0xc0b5c092b|21|221029552984
28035|0xc0b5c092b|22|438448157618
28035|0xc0b5c092b|23|869338896349
28035|0xc0b5c092b|24|1738764764761
28149|0x165d|1|208677
28149|0x1165d|2|459394
28149|0x1165d|3|1013186
28149|0x1165d|4|2069242
28149|0x1165d|5|4106739
28149|0x11165d|6|8330317
28149|0x31165d|7|16568297
28149|0x31165d|8|33431234
28149|0xb1165d|9|66635183
28149|0xb1165d|10|133105557
28149|0xb1165d|11|267867595
28149|0xb1165d|12|533543022
28149|0xb1165d|13|939463456
28149|0x10b1165d|14|1687280168
28149|0x30b1165d|15|3383284301
28149|0x30b1165d|16|6740456694
28149|0x30b1165d|17|13379062830
28149|0x30b1165d|18|27130068069
28149|0x230b1165d|19|53733430937
28149|0x630b1165d|20|107356275102
28149|0xe30b1165d|21|220188413627
28149|0x1e30b1165d|22|431461930138
28149|0x3e30b1165d|23|868988465207
28149|0x7e30b1165d|24|1732647941985
28261|0x936d|1|211094
28261|0x1936d|2|459902
28261|0x1936d|3|995908
28261|0x1936d|4|1988206
28261|0x9936d|5|4083235
28261|0x9936d|6|8290863
28261|0x29936d|7|16630638
28261|0x69936d|8|33331083
28261|0x69936d|9|66483473
28261|0x169936d|10|133158652
28261|0x169936d|11|266490797
28261|0x569936d|12|533188913
28261|0x569936d|13|956238117
28261|0x569936d|14|1958524439
28261|0x569936d|15|3470582162
28261|0x569936d|16|8529005288
28261|0x8569936d|17|14237600263
28261|0x8569936d|18|28727244018
28261|0x8569936d|19|58395268321
28261|0x8569936d|20|109603225486
28261|0x88569936d|21|216953176563
28261|0x188569936d|22|434587341563
28261|0x188569936d|23|869473288819
28261|0x188569936d|24|1734701923195
28365|0x2e05|1|211196
28365|0x12e05|2|460738
28365|0x12e05|3|990216
28365|0x12e05|4|1943518
28365|0x92e05|5|4195134
28365|0x92e05|6|8220138
28365|0x292e05|7|16537789
28365|0x692e05|8|33361914
28365|0x692e05|9|66630084
28365|0x692e05|10|133198025
28365|0x2692e05|11|213538939
28365|0x2692e05|12|469077258
28365|0x2692e05|13|1066226890
28365|0x2692e05|14|1957868072
28365|0x22692e05|15|4256321011
28365|0x62692e05|16|6922760230
28365|0x62692e05|17|13630152718
28365|0x62692e05|18|26774626089
28365|0x62692e05|19|54434191684
28365|0x62692e05|20|108996489207
28365|0x862692e05|21|218539679542
28365|0x862692e05|22|431836258022
28365|0x862692e05|23|866215434355
28365|0x862692e05|24|1734729983485
28485|0xcb8d|1|211418
28485|0x1cb8d|2|461102
28485|0x3cb8d|3|991540
28485|0x3cb8d|4|2096494
28485|0xbcb8d|5|4035100
28485|0x1bcb8d|6|8273177
28485|0x1bcb8d|7|16680155
28485|0x5bcb8d|8|33318017
28485|0x5bcb8d|9|66807727
28485|0x5bcb8d|10|133359606
28485|0x25bcb8d|11|266798942
28485|0x25bcb8d|12|456242329
28485|0x25bcb8d|13|1020829931
28485|0x125bcb8d|14|2134021844
28485|0x125bcb8d|15|4268581642
28485|0x525bcb8d|16|8461911774
28485|0x525bcb8d|17|13558292002
28485|0x525bcb8d|18|27195235139
28485|0x525bcb8d|19|54422371247
28485|0x4525bcb8d|20|110441162497
28485|0x4525bcb8d|21|224535288845
28485|0x4525bcb8d|22|431154484365
28485|0x24525bcb8d|23|866236187648
28485|0x24525bcb8d|24|1733758469109
28597|0x469d|1|211446
28597|0x469d|2|461649
28597|0x469d|3|1007251
28597|0x469d|4|2080850
28597|0x469d|5|4072846
28597|0x10469d|6|8379311
28597|0x30469d|7|16612086
28597|0x70469d|8|33424252
28597|0x70469d|9|66870507
28597|0x70469d|10|133338028
28597|0x270469d|11|266594983
28597|0x270469d|12|463573455
28597|0xa70469d|13|1031634691
28597|0x1a70469d|14|2135132498
28597|0x3a70469d|15|4270488547
28597|0x3a70469d|16|8541147019
28597|0x3a70469d|17|15331708718
28597|0x3a70469d|18|27172827547
28597|0x3a70469d|19|55187223361
28597|0x3a70469d|20|109637711040
28597|0x3a70469d|21|217614478356
28597|0x3a70469d|22|431407999512
28597|0x3a70469d|23|866327355270
28597|0x3a70469d|24|1732034910209
29077|0x51bd|1|187135
29077|0x51bd|2|408728
29077|0x51bd|3|952977
29077|0x451bd|4|2097471
29077|0xc51bd|5|4236122
29077|0xc51bd|6|8346650
29077|0xc51bd|7|16638449
29077|0x4c51bd|8|33432379
29077|0xcc51bd|9|66697797
29077|0x1cc51bd|10|133604809
29077|0x1cc51bd|11|267062869
29077|0x5cc51bd|12|535030962
29077|0x5cc51bd|13|1068672507
29077|0x15cc51bd|14|2138301856
29077|0x35cc51bd|15|4276965426
29077|0x35cc51bd|16|7296213744
29077|0xb5cc51bd|17|15069875015
29077|0x1b5cc51bd|18|28701414897
29077|0x3b5cc51bd|19|57045222750
29077|0x3b5cc51bd|20|109204222276
29077|0xbb5cc51bd|21|219583767854
29077|0x1bb5cc51bd|22|432128444062
29077|0x3bb5cc51bd|23|869483388197
29077|0x3bb5cc51bd|24|1731956847456
29199|0x3cef|1|185250
29199|0x3cef|2|407267
29199|0x23cef|3|945403
29199|0x63cef|4|2040246
29199|0x63cef|5|4156383
29199|0x63cef|6|8264467
29199|0x63cef|7|16598721
29199|0x63cef|8|33503295
29199|0x863cef|9|66805275
29199|0x1863cef|10|133680746
29199|0x3863cef|11|268149428
29199|0x7863cef|12|535060088
29199|0xf863cef|13|1070257980
29199|0x1f863cef|14|2097719755
29199|0x3f863cef|15|4278055855
29199|0x3f863cef|16|6958776496
29199|0xbf863cef|17|17105165239
29199|0x1bf863cef|18|28954486300
29199|0x1bf863cef|19|53651153655
29199|0x5bf863cef|20|109060642285
29199|0x5bf863cef|21|221130393228
29199|0x5bf863cef|22|431934665529
29199|0x25bf863cef|23|868326357828
29199|0x25bf863cef|24|1735724823179
29307|0x9cb3|1|213162
29307|0x19cb3|2|465562
29307|0x39cb3|3|1002590
29307|0x79cb3|4|2038455
29307|0x79cb3|5|4006555
29307|0x179cb3|6|8294359
29307|0x379cb3|7|16776430
29307|0x379cb3|8|33426530
29307|0xb79cb3|9|66899040
29307|0xb79cb3|10|133822144
29307|0xb79cb3|11|267772648
29307|0x4b79cb3|12|534548006
29307|0xcb79cb3|13|1070190895
29307|0xcb79cb3|14|1851069587
29307|0x2cb79cb3|15|4088376840
29307|0x6cb79cb3|16|7232411207
29307|0x6cb79cb3|17|14345921123
29307|0x6cb79cb3|18|26974522342
29307|0x26cb79cb3|19|54261314046
29307|0x66cb79cb3|20|108971646421
29307|0x66cb79cb3|21|217963524824
29307|0x66cb79cb3|22|433262944261
29307|0x66cb79cb3|23|870247079700
29307|0x66cb79cb3|24|1735511471681
29417|0x8559|1|210696
29417|0x18559|2|466066
29417|0x18559|3|1018494
29417|0x58559|4|2028170
29417|0xd8559|5|4007192
29417|0x1d8559|6|8297831
29417|0x1d8559|7|16840855
29417|0x5d8559|8|33366417
29417|0xdd8559|9|66873366
29417|0x1dd8559|10|133691399
29417|0x1dd8559|11|267745745
29417|0x1dd8559|12|535400166
29417|0x9dd8559|13|918028796
29417|0x9dd8559|14|2140691312
29417|0x29dd8559|15|3387876700
29417|0x69dd8559|16|8551811195
29417|0x69dd8559|17|14547464777
29417|0x169dd8559|18|32170098313
29417|0x369dd8559|19|53921274448
29417|0x369dd8559|20|108407110280
29417|0x369dd8559|21|216761202915
29417|0x369dd8559|22|433369507192
29417|0x369dd8559|23|868337857051
29417|0x4369dd8559|24|1730416269016
29533|0x78f5|1|213448
29533|0x78f5|2|466775
29533|0x278f5|3|1023367
29533|0x678f5|4|2031220
29533|0x678f5|5|4005183
29533|0x1678f5|6|8425305
29533|0x1678f5|7|16709631
29533|0x1678f5|8|33423699
29533|0x9678f5|9|67106531
29533|0x19678f5|10|134268387
29533|0x19678f5|11|267522449
29533|0x59678f5|12|506755620
29533|0x59678f5|13|1070409109
29533|0x59678f5|14|2057485583
29533|0x259678f5|15|4283467209
29533|0x659678f5|16|7305556987
29533|0xe59678f5|17|14384133532
29533|0xe59678f5|18|28080080029
29533|0x2e59678f5|19|54185669049
29533|0x2e59678f5|20|108443094120
29533|0x2e59678f5|21|217399281451
29533|0x12e59678f5|22|431506829199
29533|0x12e59678f5|23|865634220601
29533|0x12e59678f5|24|1732819356065
29637|0x930d|1|187879
29637|0x930d|2|411329
29637|0x930d|3|934073
29637|0x930d|4|2052511
29637|0x930d|5|3896244
29637|0x930d|6|7641608
29637|0x930d|7|15556920
29637|0x930d|8|31413994
29637|0x80930d|9|62492263
29637|0x180930d|10|122955991
29637|0x380930d|11|235319064
29637|0x780930d|12|476748964
29637|0xf80930d|13|926933067
29637|0x1f80930d|14|1922216909
29637|0x1f80930d|15|4283332783
29637|0x1f80930d|16|7154424860
29637|0x1f80930d|17|13694323956
29637|0x11f80930d|18|27294987473
29637|0x11f80930d|19|53857044780
29637|0x51f80930d|20|112481988812
29637|0xd1f80930d|21|219326470152
29637|0xd1f80930d|22|434671245785
29637|0xd1f80930d|23|880192952435
29637|0x4d1f80930d|24|1752756898081
30109|0xb8b5|1|214713
30109|0xb8b5|2|469966
30109|0xb8b5|3|1014007
30109|0x4b8b5|4|2034682
30109|0x4b8b5|5|4097831
30109|0x14b8b5|6|8311099
30109|0x34b8b5|7|16700551
30109|0x74b8b5|8|33544793
30109|0x74b8b5|9|67033786
30109|0x74b8b5|10|133780800
30109|0x74b8b5|11|268381899
30109|0x74b8b5|12|536353909
30109|0x74b8b5|13|1073003918
30109|0x74b8b5|14|2146029498
30109|0x2074b8b5|15|3409474074
30109|0x6074b8b5|16|7067422832
30109|0xe074b8b5|17|13530358020
30109|0x1e074b8b5|18|27612017093
30109|0x1e074b8b5|19|54508218339
30109|0x5e074b8b5|20|108629833944
30109|0x5e074b8b5|21|216651242094
30109|0x15e074b8b5|22|431223198090
30109|0x15e074b8b5|23|865563972985
30109|0x15e074b8b5|24|1733888510744
30223|0xb8ef|1|214687
30223|0x1b8ef|2|473245
30223|0x1b8ef|3|992636
30223|0x1b8ef|4|1954956
30223|0x9b8ef|5|3787646
30223|0x19b8ef|6|7747014
30223|0x19b8ef|7|15207347
30223|0x59b8ef|8|30779896
30223|0xd9b8ef|9|61171284
30223|0xd9b8ef|10|134224554
30223|0xd9b8ef|11|277578468
30223|0xd9b8ef|12|478772780
30223|0x8d9b8ef|13|1073877144
30223|0x8d9b8ef|14|2040127883
30223|0x28d9b8ef|15|4293903797
30223|0x68d9b8ef|16|7614091857
30223|0xe8d9b8ef|17|13497617384
30223|0xe8d9b8ef|18|28060951895
30223|0x2e8d9b8ef|19|54503931616
30223|0x2e8d9b8ef|20|109656674080
30223|0x2e8d9b8ef|21|216141014865
30223|0x2e8d9b8ef|22|430925311010
30223|0x2e8d9b8ef|23|867164707871
30223|0x2e8d9b8ef|24|1730872830347
30333|0x32d5|1|212220
30333|0x132d5|2|470631
30333|0x132d5|3|1034030
30333|0x532d5|4|2053974
30333|0xd32d5|5|4087720
30333|0xd32d5|6|8428534
30333|0x2d32d5|7|16763410
30333|0x2d32d5|8|33432017
30333|0xad32d5|9|67003443
30333|0xad32d5|10|134144541
30333|0x2ad32d5|11|268346622
30333|0x6ad32d5|12|536919292
30333|0xead32d5|13|1073715903
30333|0xead32d5|14|2147415749
30333|0xead32d5|15|3521320218
30333|0xead32d5|16|8582471510
30333|0xead32d5|17|13815706985
30333|0x10ead32d5|18|28320732495
30333|0x10ead32d5|19|54399181296
30333|0x10ead32d5|20|108507243288
30333|0x90ead32d5|21|216881558710
30333|0x190ead32d5|22|431745186930
30333|0x190ead32d5|23|874166883196
30333|0x190ead32d5|24|1730777675235
30451|0x923b|1|214535
30451|0x923b|2|471716
30451|0x2923b|3|1034493
30451|0x2923b|4|2057244
30451|0xa923b|5|4062165
30451|0x1a923b|6|8324591
30451|0x3a923b|7|16833451
30451|0x3a923b|8|33421688
30451|0x3a923b|9|67007768
30451|0x13a923b|10|124159753
30451|0x33a923b|11|268061163
30451|0x33a923b|12|536386246
30451|0x33a923b|13|1074138166
30451|0x133a923b|14|1808704602
30451|0x133a923b|15|3767941557
30451|0x533a923b|16|8592464267
30451|0x533a923b|17|13713018076
30451|0x533a923b|18|30365622977
30451|0x533a923b|19|54721557379
30451|0x4533a923b|20|109623712986
30451|0xc533a923b|21|215921337312
30451|0x1c533a923b|22|430745274070
30451|0x1c533a923b|23|868427857860
30451|0x5c533a923b|24|1730681247209
30559|0xa49f|1|189043
30559|0x1a49f|2|415661
30559|0x3a49f|3|981166
30559|0x3a49f|4|2060152
30559|0x3a49f|5|4243852
30559|0x3a49f|6|8351013
30559|0x23a49f|7|16671173
30559|0x63a49f|8|33620221
30559|0xe3a49f|9|67145850
30559|0xe3a49f|10|134353836
30559|0x2e3a49f|11|268814843
30559|0x6e3a49f|12|537828162
30559|0x6e3a49f|13|1074120820
30559|0x6e3a49f|14|1789060109
30559|0x26e3a49f|15|4169738121
30559|0x66e3a49f|16|6930731665
30559|0x66e3a49f|17|13535231231
30559|0x66e3a49f|18|27403607971
30559|0x266e3a49f|19|54423146267
30559|0x266e3a49f|20|109911384241
30559|0xa66e3a49f|21|217409179902
30559|0x1a66e3a49f|22|431830540000
30559|0x3a66e3a49f|23|865524065157
30559|0x3a66e3a49f|24|1729545789527
30667|0x75e3|1|215273
30667|0x75e3|2|458424
30667|0x275e3|3|899277
30667|0x275e3|4|2039051
30667|0x275e3|5|4251180
30667|0x275e3|6|8314089
30667|0x275e3|7|16627357
30667|0x4275e3|8|33589222
30667|0xc275e3|9|67178472
30667|0x1c275e3|10|134159983
30667|0x3c275e3|11|268544239
30667|0x3c275e3|12|464588901
30667|0x3c275e3|13|1075188601
30667|0x3c275e3|14|1868419530
30667|0x23c275e3|15|3461700146
30667|0x63c275e3|16|7715425845
30667|0xe3c275e3|17|14147306546
30667|0xe3c275e3|18|27196596500
30667|0xe3c275e3|19|54688484103
30667|0x4e3c275e3|20|108905473593
30667|0x4e3c275e3|21|216236697805
30667|0x4e3c275e3|22|434469876959
30667|0x4e3c275e3|23|870887702219
30667|0x44e3c275e3|24|1729231456635
31137|0xaa61|1|217715
31137|0x1aa61|2|475783
31137|0x1aa61|3|959384
31137|0x5aa61|4|1991143
31137|0xdaa61|5|3555719
31137|0xdaa61|6|8284093
31137|0x2daa61|7|16745098
31137|0x6daa61|8|33641833
31137|0xedaa61|9|67139421
31137|0x1edaa61|10|134439327
31137|0x1edaa61|11|269134259
31137|0x5edaa61|12|538180010
31137|0x5edaa61|13|1076988293
31137|0x15edaa61|14|2051392768
31137|0x35edaa61|15|4306664344
31137|0x75edaa61|16|7305759262
31137|0xf5edaa61|17|16900542788
31137|0xf5edaa61|18|31260127183
31137|0xf5edaa61|19|55395845959
31137|0xf5edaa61|20|109986436399
31137|0x8f5edaa61|21|216748484126
31137|0x8f5edaa61|22|441382356933
31137|0x28f5edaa61|23|874567316949
31137|0x28f5edaa61|24|1728191522107
31247|0x34ef|1|231527
31247|0x134ef|2|476228
31247|0x134ef|3|1029591
31247|0x534ef|4|1900807
31247|0xd34ef|5|4193549
31247|0xd34ef|6|8351475
31247|0xd34ef|7|16768869
31247|0xd34ef|8|33765875
31247|0xd34ef|9|67447987
31247|0xd34ef|10|134574501
31247|0xd34ef|11|269088328
31247|0x40d34ef|12|538692702
31247|0xc0d34ef|13|1076888325
31247|0xc0d34ef|14|2154297531
31247|0xc0d34ef|15|4340177626
31247|0xc0d34ef|16|6922435751
31247|0xc0d34ef|17|14429026911
31247|0x10c0d34ef|18|28147230653
31247|0x30c0d34ef|19|57616048302
31247|0x70c0d34ef|20|109733933593
31247|0xf0c0d34ef|21|216908387085
31247|0xf0c0d34ef|22|431873108989
31247|0x2f0c0d34ef|23|864351739551
31247|0x2f0c0d34ef|24|1728090551508
31359|0x457f|1|218299
31359|0x1457f|2|428108
31359|0x1457f|3|907354
31359|0x1457f|4|2092053
31359|0x1457f|5|4213431
31359|0x1457f|6|8287233
31359|0x1457f|7|16745258
31359|0x41457f|8|33474667
31359|0xc1457f|9|67199906
31359|0x1c1457f|10|134689468
31359|0x3c1457f|11|269407274
31359|0x3c1457f|12|480594156
31359|0xbc1457f|13|1077664087
31359|0x1bc1457f|14|2155348080
31359|0x3bc1457f|15|3844221216
31359|0x7bc1457f|16|8617826465
31359|0xfbc1457f|17|14878972851
31359|0x1fbc1457f|18|27109341844
31359|0x3fbc1457f|19|55668547499
31359|0x7fbc1457f|20|108144272268
31359|0x7fbc1457f|21|217068204432
31359|0x17fbc1457f|22|433016931854
31359|0x37fbc1457f|23|862881145241
31359|0x77fbc1457f|24|1733653967175
31473|0x3611|1|216994
31473|0x13611|2|497554
31473|0x13611|3|1032640
31473|0x13611|4|1942213
31473|0x93611|5|4201490
31473|0x193611|6|8377548
31473|0x193611|7|16741940
31473|0x193611|8|33540824
31473|0x993611|9|67406654
31473|0x993611|10|134864591
31473|0x993611|11|269519264
31473|0x4993611|12|538709841
31473|0xc993611|13|958408911
31473|0xc993611|14|2154915651
31473|0x2c993611|15|4311231210
31473|0x2c993611|16|8626752611
31473|0x2c993611|17|13780465873
31473|0x12c993611|18|26950804448
31473|0x12c993611|19|54105240945
31473|0x52c993611|20|111814411312
31473|0x52c993611|21|217152732533
31473|0x52c993611|22|434875521741
31473|0x252c993611|23|865975781171
31473|0x652c993611|24|1734052513116
31591|0x7057|1|201962
31591|0x17057|2|435728
31591|0x37057|3|946640
31591|0x77057|4|2089132
31591|0xf7057|5|4211566
31591|0x1f7057|6|8372568
31591|0x3f7057|7|16766359
31591|0x3f7057|8|33688237
31591|0xbf7057|9|67397930
31591|0xbf7057|10|134643164
31591|0xbf7057|11|269162863
31591|0xbf7057|12|539643313
31591|0x8bf7057|13|918433194
31591|0x8bf7057|14|1835962524
31591|0x8bf7057|15|3532537457
31591|0x8bf7057|16|8629767357
31591|0x88bf7057|17|13510248006
31591|0x188bf7057|18|27705750165
31591|0x388bf7057|19|57625410546
31591|0x388bf7057|20|113489355775
31591|0x388bf7057|21|218869558520
31591|0x388bf7057|22|431749898720
31591|0x2388bf7057|23|864042812039
31591|0x2388bf7057|24|1730157092940
31705|0x5469|1|214827
31705|0x5469|2|476411
31705|0x25469|3|1035824
31705|0x25469|4|2111722
31705|0xa5469|5|4046581
31705|0x1a5469|6|8415503
31705|0x3a5469|7|16733337
31705|0x3a5469|8|33735627
31705|0x3a5469|9|67273965
31705|0x3a5469|10|134662745
31705|0x3a5469|11|269914907
31705|0x3a5469|12|517661599
31705|0x83a5469|13|1078417538
31705|0x83a5469|14|2157828558
31705|0x83a5469|15|4316012554
31705|0x83a5469|16|6785163347
31705|0x83a5469|17|13857567848
31705|0x1083a5469|18|27545365267
31705|0x1083a5469|19|60403244483
31705|0x5083a5469|20|112042193151
31705|0xd083a5469|21|216898164355
31705|0xd083a5469|22|431075538410
31705|0xd083a5469|23|862949643648
31705|0xd083a5469|24|1727224743406
32155|0xa093|1|218003
32155|0x1a093|2|481137
32155|0x1a093|3|1030691
32155|0x5a093|4|1979932
32155|0x5a093|5|4270837
32155|0x15a093|6|6821200
32155|0x15a093|7|16715287
32155|0x15a093|8|33559942
32155|0x95a093|9|67097891
32155|0x95a093|10|134657353
32155|0x295a093|11|268204755
32155|0x295a093|12|537667421
32155|0x295a093|13|1080850145
32155|0x295a093|14|2162940689
32155|0x2295a093|15|4304665506
32155|0x2295a093|16|7145062232
32155|0x2295a093|17|14713254804
32155|0x2295a093|18|26994677932
32155|0x2295a093|19|54565896819
32155|0x2295a093|20|108126440696
32155|0x82295a093|21|215873002009
32155|0x182295a093|22|440536130615
32155|0x182295a093|23|862948849374
32155|0x182295a093|24|1727506776572
32269|0xc5|1|215771
32269|0x100c5|2|479574
32269|0x300c5|3|1041149
32269|0x300c5|4|1947959
32269|0xb00c5|5|4253364
32269|0x1b00c5|6|8354928
32269|0x1b00c5|7|16776751
32269|0x5b00c5|8|33787109
32269|0x5b00c5|9|67495382
32269|0x15b00c5|10|116959771
32269|0x15b00c5|11|211987198
32269|0x55b00c5|12|540026191
32269|0x55b00c5|13|1083926315
32269|0x155b00c5|14|2139634880
32269|0x355b00c5|15|4320112782
32269|0x355b00c5|16|6778250824
32269|0xb55b00c5|17|14073286483
32269|0xb55b00c5|18|31419089455
32269|0xb55b00c5|19|55120792708
32269|0x4b55b00c5|20|110165706936
32269|0x4b55b00c5|21|217528904231
32269|0x4b55b00c5|22|431839822267
32269|0x4b55b00c5|23|862005076015
32269|0x4b55b00c5|24|1725698906560
32381|0x6ad5|1|220793
32381|0x16ad5|2|501742
32381|0x36ad5|3|1045052
32381|0x36ad5|4|2111612
32381|0x36ad5|5|4259192
32381|0x36ad5|6|8383907
32381|0x36ad5|7|16774855
32381|0x436ad5|8|33617305
32381|0xc36ad5|9|67535634
32381|0xc36ad5|10|134818408
32381|0x2c36ad5|11|270431788
32381|0x2c36ad5|12|540868259
32381|0xac36ad5|13|1081965245
32381|0x1ac36ad5|14|2162049201
32381|0x1ac36ad5|15|3592394729
32381|0x5ac36ad5|16|7121167781
32381|0xdac36ad5|17|13505316560
32381|0x1dac36ad5|18|27720329354
32381|0x1dac36ad5|19|54953751801
32381|0x5dac36ad5|20|113848190195
32381|0xddac36ad5|21|215602204471
32381|0x1ddac36ad5|22|434428208800
32381|0x1ddac36ad5|23|864233986526
32381|0x5ddac36ad5|24|1728997420221
32493|0x8ee5|1|218237
32493|0x18ee5|2|482957
32493|0x38ee5|3|1063981
32493|0x38ee5|4|2114630
32493|0x38ee5|5|4103259
32493|0x38ee5|6|8464354
32493|0x238ee5|7|16884201
32493|0x638ee5|8|33680104
32493|0xe38ee5|9|67386299
32493|0x1e38ee5|10|135419008
32493|0x1e38ee5|11|269220638
32493|0x1e38ee5|12|538368433
32493|0x1e38ee5|13|1082204141
32493|0x1e38ee5|14|1901475058
32493|0x1e38ee5|15|3606800904
32493|0x41e38ee5|16|8503094192
32493|0x41e38ee5|17|14070228167
32493|0x141e38ee5|18|27691100736
32493|0x141e38ee5|19|54086944265
32493|0x141e38ee5|20|108861375503
32493|0x941e38ee5|21|218600091909
32493|0x941e38ee5|22|433612897971
32493|0x941e38ee5|23|863123396996
32493|0x941e38ee5|24|1727055116102
32605|0xccf5|1|215893
32605|0xccf5|2|502788
32605|0xccf5|3|1045864
32605|0xccf5|4|1964760
32605|0x8ccf5|5|4275836
32605|0x8ccf5|6|8412446
32605|0x28ccf5|7|16789569
32605|0x28ccf5|8|33823902
32605|0xa8ccf5|9|67688968
32605|0x1a8ccf5|10|135281685
32605|0x1a8ccf5|11|270798710
32605|0x1a8ccf5|12|541034634
32605|0x9a8ccf5|13|1082028030
32605|0x9a8ccf5|14|1694058085
32605|0x9a8ccf5|15|4098761396
32605|0x49a8ccf5|16|7539674177
32605|0xc9a8ccf5|17|13786054542
32605|0xc9a8ccf5|18|26985828671
32605|0xc9a8ccf5|19|56724015641
32605|0x4c9a8ccf5|20|108551778492
32605|0xcc9a8ccf5|21|216148559692
32605|0x1cc9a8ccf5|22|431313277269
32605|0x1cc9a8ccf5|23|861965192356
32605|0x1cc9a8ccf5|24|1736158834358
32721|0x3931|1|216539
32721|0x3931|2|481826
32721|0x23931|3|1047292
32721|0x23931|4|2138174
32721|0x23931|5|4124442
32721|0x123931|6|8478688
32721|0x123931|7|16956987
32721|0x523931|8|33749288
32721|0xd23931|9|67606148
32721|0xd23931|10|134877120
32721|0x2d23931|11|270010901
32721|0x2d23931|12|538058869
32721|0xad23931|13|1076390099
32721|0xad23931|14|2153978679
32721|0x2ad23931|15|3540865233
32721|0x6ad23931|16|7049318914
32721|0xead23931|17|14052116425
32721|0xead23931|18|29011455441
32721|0x2ead23931|19|53957756144
32721|0x2ead23931|20|108656306241
32721|0x2ead23931|21|216814523094
32721|0x2ead23931|22|442082041129
32721|0x22ead23931|23|866958754762
32721|0x22ead23931|24|1718618235137
33031|0x11cb7|1|338095
33031|0x11cb7|2|907285
33031|0x11cb7|3|1919877
33031|0x11cb7|4|3971551
33031|0x11cb7|5|7877224
33031|0x11cb7|6|15895939
33031|0x11cb7|7|31962752
33031|0x811cb7|8|63773507
33031|0x1811cb7|9|127880280
33031|0x3811cb7|10|255645574
33031|0x3811cb7|11|511257821
33031|0xb811cb7|12|1023007439
33031|0xb811cb7|13|1979622843
33031|0x2b811cb7|14|3787625344
33031|0x6b811cb7|15|8182966471
33031|0x6b811cb7|16|13946990103
33031|0x16b811cb7|17|28071775204
33031|0x36b811cb7|18|56255435757
33031|0x76b811cb7|19|118840786559
33031|0x76b811cb7|20|224451898018
33031|0x76b811cb7|21|441929453658
33031|0x276b811cb7|22|883078310231
33031|0x676b811cb7|23|1767890203311
33031|0x676b811cb7|24|3510604583858
33143|0xa847|1|322640
33143|0x2a847|2|812691
33143|0x2a847|3|1922195
33143|0xaa847|4|3755835
33143|0xaa847|5|7852559
33143|0xaa847|6|15574053
33143|0x4aa847|7|31199790
33143|0xcaa847|8|62557106
33143|0x1caa847|9|124911251
33143|0x1caa847|10|249463332
33143|0x5caa847|11|499894884
33143|0x5caa847|12|999470916
33143|0x15caa847|13|2000585473
33143|0x15caa847|14|3366626622
33143|0x55caa847|15|6709369663
33143|0x55caa847|16|13738682404
33143|0x155caa847|17|27321743869
33143|0x355caa847|18|59314520921
33143|0x355caa847|19|110237217485
33143|0xb55caa847|20|214375142838
33143|0xb55caa847|21|438990553510
33143|0xb55caa847|22|881890843192
33143|0xb55caa847|23|1760635959039
33143|0x8b55caa847|24|3510549368085
33261|0x3e5|1|322670
33261|0x203e5|2|831734
33261|0x603e5|3|1924894
33261|0xe03e5|4|3776889
33261|0x1e03e5|5|7821451
33261|0x1e03e5|6|15589713
33261|0x5e03e5|7|31145463
33261|0x5e03e5|8|62275414
33261|0x15e03e5|9|124756666
33261|0x15e03e5|10|249532742
33261|0x55e03e5|11|499226059
33261|0xd5e03e5|12|998596817
33261|0xd5e03e5|13|1908684036
33261|0xd5e03e5|14|3579543476
33261|0x4d5e03e5|15|6620799847
33261|0x4d5e03e5|16|13542159667
33261|0x4d5e03e5|17|26754444506
33261|0x4d5e03e5|18|55014244840
33261|0x44d5e03e5|19|111046452830
33261|0xc4d5e03e5|20|214012413641
33261|0xc4d5e03e5|21|434288343182
33261|0x2c4d5e03e5|22|879683861489
33261|0x2c4d5e03e5|23|1762129690153
33261|0x2c4d5e03e5|24|3514939608146
33357|0x8685|1|369090
33357|0x8685|2|876702
33357|0x8685|3|1769040
33357|0x88685|4|3909980
33357|0x88685|5|7831333
33357|0x288685|6|15498971
33357|0x288685|7|31485483
33357|0xa88685|8|62829564
33357|0x1a88685|9|125798063
33357|0x1a88685|10|251519448
33357|0x5a88685|11|502728825
33357|0xda88685|12|896642169
33357|0x1da88685|13|1739027925
33357|0x1da88685|14|3651690419
33357|0x1da88685|15|6630728158
33357|0x9da88685|16|13604429459
33357|0x19da88685|17|27164919346
33357|0x19da88685|18|54901888970
33357|0x59da88685|19|108011016171
33357|0x59da88685|20|215006218503
33357|0x59da88685|21|437103420139
33357|0x59da88685|22|883900110458
33357|0x459da88685|23|1759343763031
33357|0x459da88685|24|3514400175328
33487|0x1442f|1|325286
33487|0x3442f|2|772249
33487|0x7442f|3|1930117
33487|0x7442f|4|3906218
33487|0x7442f|5|7735028
33487|0x7442f|6|15746575
33487|0x7442f|7|31616131
33487|0x87442f|8|54390400
33487|0x87442f|9|125820854
33487|0x287442f|10|252066193
33487|0x687442f|11|503601934
33487|0xe87442f|12|1007406742
33487|0x1e87442f|13|2014494494
33487|0x3e87442f|14|3540784446
33487|0x7e87442f|15|6932375905
33487|0x7e87442f|16|15976032762
33487|0x17e87442f|17|27283363982
33487|0x37e87442f|18|56008674417
33487|0x77e87442f|19|107881686540
33487|0x77e87442f|20|214235250758
33487|0x177e87442f|21|433305876256
33487|0x177e87442f|22|880686809682
33487|0x577e87442f|23|1764468395908
33487|0x577e87442f|24|4230413057028
33603|0xa16b|1|577063
33603|0xa16b|2|1380520
33603|0x4a16b|3|3061196
33603|0x4a16b|4|6277179
33603|0x14a16b|5|12766419
33603|0x14a16b|6|25490213
33603|0x14a16b|7|51056731
33603|0x14a16b|8|102132856
33603|0x14a16b|9|204449027
33603|0x14a16b|10|408975110
33603|0x414a16b|11|818080483
33603|0x414a16b|12|1636493168
33603|0x414a16b|13|3272417804
33603|0x2414a16b|14|5441653623
33603|0x2414a16b|15|11301198405
33603|0x2414a16b|16|21667342768
33603|0x2414a16b|17|44063286195
33603|0x2414a16b|18|86404605649
33603|0x2414a16b|19|175219662879
33603|0x2414a16b|20|363493137987
33603|0x2414a16b|21|711753798931
33603|0x2414a16b|22|1421890095386
33603|0x2414a16b|23|2885236641894
33603|0x802414a16b|24|4941851718455
33761|0x10021|1|368389
33761|0x30021|2|895242
33761|0x70021|3|1933634
33761|0xf0021|4|3774968
33761|0xf0021|5|7869566
33761|0xf0021|6|15824081
33761|0x4f0021|7|31374303
33761|0xcf0021|8|62872165
33761|0x1cf0021|9|125725189
33761|0x1cf0021|10|251967353
33761|0x5cf0021|11|503948867
33761|0xdcf0021|12|1007552663
33761|0x1dcf0021|13|2015664401
33761|0x3dcf0021|14|4031155977
33761|0x7dcf0021|15|7033312000
33761|0xfdcf0021|16|16123114540
33761|0xfdcf0021|17|30536941708
33761|0xfdcf0021|18|54862852780
33761|0xfdcf0021|19|110112390866
33761|0xfdcf0021|20|220774381629
33761|0xfdcf0021|21|440092834270
33761|0xfdcf0021|22|876103876757
33761|0x40fdcf0021|23|1738879124148
33761|0x40fdcf0021|24|3520751119477
34071|0x102a7|1|371098
34071|0x102a7|2|904603
34071|0x102a7|3|1942683
34071|0x902a7|4|3789745
34071|0x1902a7|5|7821235
34071|0x3902a7|6|15767525
34071|0x3902a7|7|31309334
34071|0xb902a7|8|62940049
34071|0x1b902a7|9|125891376
34071|0x3b902a7|10|251600982
34071|0x7b902a7|11|503589510
34071|0x7b902a7|12|1006912947
34071|0x17b902a7|13|1845966908
34071|0x17b902a7|14|4028005342
34071|0x57b902a7|15|7122525712
34071|0x57b902a7|16|14014114834
34071|0x157b902a7|17|27580904818
34071|0x357b902a7|18|57831571857
34071|0x357b902a7|19|109834555058
34071|0x357b902a7|20|219724126941
34071|0x357b902a7|21|441581929445
34071|0x2357b902a7|22|875615988755
34071|0x6357b902a7|23|1739985645623
34071|0xe357b902a7|24|3520847310347
34181|0xab4d|1|368498
34181|0xab4d|2|881131
34181|0xab4d|3|1769157
34181|0x8ab4d|4|4020495
34181|0x8ab4d|5|7898595
34181|0x8ab4d|6|15873860
34181|0x8ab4d|7|31582373
34181|0x88ab4d|8|63618280
34181|0x88ab4d|9|127225054
34181|0x88ab4d|10|254360394
34181|0x88ab4d|11|508604756
34181|0x888ab4d|12|1017156750
34181|0x1888ab4d|13|2034918115
34181|0x1888ab4d|14|3718656950
34181|0x5888ab4d|15|8131908375
34181|0x5888ab4d|16|16155897394
34181|0x15888ab4d|17|30401818051
34181|0x35888ab4d|18|55307994725
34181|0x75888ab4d|19|110443790643
34181|0x75888ab4d|20|222512064353
34181|0x175888ab4d|21|440628332933
34181|0x375888ab4d|22|874996138347
34181|0x775888ab4d|23|1813708715532
34181|0x775888ab4d|24|5714291860599
34335|0x175df|1|583028
34335|0x175df|2|1422123
34335|0x175df|3|3063970
34335|0x175df|4|6342167
34335|0x175df|5|12694704
34335|0x2175df|6|25578678
34335|0x6175df|7|51195793
34335|0xe175df|8|102387579
34335|0x1e175df|9|204815041
34335|0x3e175df|10|409806646
34335|0x7e175df|11|819759228
34335|0xfe175df|12|1631468415
34335|0x1fe175df|13|3279436556
34335|0x3fe175df|14|6558608160
34335|0x7fe175df|15|11712248138
34335|0xffe175df|16|26236523210
34335|0x1ffe175df|17|54008100518
34335|0x3ffe175df|18|96885066943
34335|0x7ffe175df|19|186796866020
34335|0xfffe175df|20|410125176030
34335|0xfffe175df|21|713563423069
34335|0x2fffe175df|22|1429265579750
34335|0x6fffe175df|23|2877431852927
34335|0xefffe175df|24|5708642352864
34515|0x1c15b|1|580468
34515|0x1c15b|2|1392800
34515|0x1c15b|3|3090726
34515|0x9c15b|4|6357430
34515|0x9c15b|5|12722262
34515|0x9c15b|6|25486543
34515|0x49c15b|7|51203553
34515|0x49c15b|8|102476335
34515|0x49c15b|9|204962571
34515|0x49c15b|10|410024081
34515|0x49c15b|11|820131210
34515|0x849c15b|12|1640306487
34515|0x1849c15b|13|3280491677
34515|0x3849c15b|14|6561359203
34515|0x3849c15b|15|13082882513
34515|0x3849c15b|16|26244239830
34515|0x13849c15b|17|49241293728
34515|0x13849c15b|18|89628818486
34515|0x13849c15b|19|196396715826
34515|0x93849c15b|20|361903367363
34515|0x193849c15b|21|724074316580
34515|0x193849c15b|22|1429244694979
34515|0x593849c15b|23|2855132082828
34515|0x593849c15b|24|5714778868424
34711|0x6827|1|583574
34711|0x26827|2|1395831
34711|0x26827|3|3092660
34711|0xa6827|4|6371615
34711|0x1a6827|5|12751782
34711|0x1a6827|6|25550235
34711|0x1a6827|7|51138609
34711|0x9a6827|8|102399435
34711|0x9a6827|9|205048867
34711|0x9a6827|10|410041117
34711|0x9a6827|11|820196711
34711|0x89a6827|12|1640523827
34711|0x89a6827|13|3281086284
34711|0x89a6827|14|5673197471
34711|0x89a6827|15|12290856712
34711|0x889a6827|16|24103305463
34711|0x889a6827|17|48490192942
34711|0x2889a6827|18|108188559953
34711|0x2889a6827|19|209345660722
34711|0xa889a6827|20|380304462242
34711|0xa889a6827|21|721942628239
34711|0xa889a6827|22|1429800647235
34711|0x4a889a6827|23|2862652267059
34711|0x4a889a6827|24|5702911804362
35093|0x17e3d|1|584887
35093|0x37e3d|2|1419164
35093|0x37e3d|3|3089361
35093|0xb7e3d|4|6253790
35093|0xb7e3d|5|12668399
35093|0xb7e3d|6|25520252
35093|0xb7e3d|7|51184103
35093|0x8b7e3d|8|102523559
35093|0x8b7e3d|9|205130179
35093|0x28b7e3d|10|410467880
35093|0x68b7e3d|11|820660765
35093|0x68b7e3d|12|1641344702
35093|0x168b7e3d|13|3283465486
35093|0x168b7e3d|14|6566694188
35093|0x168b7e3d|15|12588602517
35093|0x968b7e3d|16|23801611203
35093|0x1968b7e3d|17|53114223135
35093|0x3968b7e3d|18|107911796337
35093|0x7968b7e3d|19|191900847554
35093|0x7968b7e3d|20|362651335516
35093|0x17968b7e3d|21|728112806458
35093|0x17968b7e3d|22|1471462989300
35093|0x17968b7e3d|23|2851947045665
35093|0x97968b7e3d|24|5698340770409
35277|0x18b05|1|585180
35277|0x38b05|2|1401519
35277|0x78b05|3|3112090
35277|0x78b05|4|6268984
35277|0x178b05|5|12706253
35277|0x178b05|6|25558626
35277|0x578b05|7|51163988
35277|0xd78b05|8|102465409
35277|0xd78b05|9|205101219
35277|0x2d78b05|10|410347184
35277|0x2d78b05|11|743447975
35277|0x2d78b05|12|1641563119
35277|0x2d78b05|13|3283631768
35277|0x22d78b05|14|6567185568
35277|0x62d78b05|15|13134762948
35277|0xe2d78b05|16|21575250584
35277|0x1e2d78b05|17|52538023686
35277|0x1e2d78b05|18|107597113735
35277|0x1e2d78b05|19|177787849952
35277|0x9e2d78b05|20|358371289576
35277|0x19e2d78b05|21|716521908611
35277|0x39e2d78b05|22|1464110662805
35277|0x79e2d78b05|23|2875046899678
35277|0x79e2d78b05|24|5696235294846
35463|0x1b37|1|604059
35463|0x21b37|2|1405053
35463|0x21b37|3|3117819
35463|0xa1b37|4|6258088
35463|0xa1b37|5|12715080
35463|0xa1b37|6|25637031
35463|0xa1b37|7|51247019
35463|0xa1b37|8|102522879
35463|0xa1b37|9|205295471
35463|0xa1b37|10|410616190
35463|0xa1b37|11|821255285
35463|0x80a1b37|12|1642552746
35463|0x180a1b37|13|3285070653
35463|0x380a1b37|14|6570136383
35463|0x380a1b37|15|13139927502
35463|0x380a1b37|16|26280488904
35463|0x1380a1b37|17|54284053149
35463|0x3380a1b37|18|97342860419
35463|0x3380a1b37|19|191298146274
35463|0xb380a1b37|20|365594241552
35463|0xb380a1b37|21|732852176193
35463|0x2b380a1b37|22|1493682506768
35463|0x2b380a1b37|23|1811640542998
35463|0x2b380a1b37|24|3492845185736
35593|0x7339|1|375072
35593|0x7339|2|809382
35593|0x47339|3|1854192
35593|0xc7339|4|3818267
35593|0xc7339|5|7842342
35593|0xc7339|6|15531796
35593|0xc7339|7|31159400
35593|0xc7339|8|62295629
35593|0x10c7339|9|125446262
35593|0x10c7339|10|251124741
35593|0x50c7339|11|500722455
35593|0x50c7339|12|1002830530
35593|0x150c7339|13|1879061858
35593|0x150c7339|14|3393770467
35593|0x150c7339|15|7262304890
35593|0x950c7339|16|13989949399
35593|0x1950c7339|17|27615474560
35593|0x1950c7339|18|55048149651
35593|0x5950c7339|19|109379945908
35593|0x5950c7339|20|221119001813
35593|0x5950c7339|21|438470589437
35593|0x25950c7339|22|878140190051
35593|0x65950c7339|23|1767603633852
35593|0xe5950c7339|24|3489146684258
35713|0x1b481|1|339640
35713|0x3b481|2|788278
35713|0x3b481|3|1938082
35713|0x3b481|4|3795976
35713|0x3b481|5|7928231
35713|0x23b481|6|15542128
35713|0x23b481|7|31408474
35713|0x23b481|8|62738041
35713|0x123b481|9|125583953
35713|0x323b481|10|250628879
35713|0x323b481|11|502373210
35713|0xb23b481|12|1003694337
35713|0xb23b481|13|2008145193
35713|0xb23b481|14|4019020734
35713|0xb23b481|15|6746170142
35713|0xb23b481|16|15830498209
35713|0xb23b481|17|27430291004
35713|0x20b23b481|18|64359960656
35713|0x60b23b481|19|109021887753
35713|0xe0b23b481|20|219639231533
35713|0xe0b23b481|21|439734694973
35713|0x2e0b23b481|22|878725855689
35713|0x6e0b23b481|23|1769726112398
35713|0xee0b23b481|24|3487978602810
35825|0x10511|1|328762
35825|0x30511|2|810180
35825|0x30511|3|1937870
35825|0xb0511|4|3792891
35825|0xb0511|5|7892894
35825|0x2b0511|6|15542649
35825|0x6b0511|7|31201609
35825|0xeb0511|8|62474896
35825|0x1eb0511|9|125061676
35825|0x3eb0511|10|250538094
35825|0x7eb0511|11|500368712
35825|0x7eb0511|12|1003249764
35825|0x17eb0511|13|2003470082
35825|0x37eb0511|14|4010558067
35825|0x77eb0511|15|8028996573
35825|0xf7eb0511|16|14610664117
35825|0xf7eb0511|17|28020883759
35825|0x2f7eb0511|18|56154135395
35825|0x2f7eb0511|19|110018569555
35825|0xaf7eb0511|20|221672262376
35825|0x1af7eb0511|21|442775925300
35825|0x1af7eb0511|22|878114825943
35825|0x1af7eb0511|23|1766979544260
35825|0x1af7eb0511|24|3492562810531
