69|0x8d|1|1519929
69|0x8d|2|10210
69|0x28d|3|11372
69|0x28d|4|14886
69|0x28d|5|22948
69|0x128d|6|42339
69|0x128d|7|72372
69|0x128d|8|136734
69|0x128d|9|269659
69|0x1128d|10|526934
69|0x3128d|11|1049873
69|0x7128d|12|2102468
69|0xf128d|13|4194725
69|0x1f128d|14|8358818
69|0x3f128d|15|18613381
69|0x3f128d|16|38735014
69|0x3f128d|17|77408926
69|0x13f128d|18|154362469
69|0x33f128d|19|328382834
69|0x33f128d|20|618575661
69|0x33f128d|21|1231575921
69|0x33f128d|22|2459060857
69|0x233f128d|23|4919798490
69|0x233f128d|24|9835803620
8981|0x143d|1|66144
8981|0x143d|2|180940
8981|0x143d|3|444441
8981|0x2143d|4|882451
8981|0x2143d|5|1921722
8981|0x2143d|6|3733767
8981|0x12143d|7|7670649
8981|0x12143d|8|21186972
8981|0x52143d|9|31265711
8981|0xd2143d|10|62251968
8981|0xd2143d|11|124021926
8981|0x2d2143d|12|247997421
8981|0x6d2143d|13|496812019
8981|0xed2143d|14|994389029
8981|0x1ed2143d|15|1776862826
8981|0x1ed2143d|16|3304696252
8981|0x5ed2143d|17|7096658946
8981|0xded2143d|18|13319941293
8981|0x1ded2143d|19|28336821695
8981|0x3ded2143d|20|57336523386
8981|0x3ded2143d|21|110441678539
8981|0xbded2143d|22|219723749907
8981|0x1bded2143d|23|440543285277
8981|0x1bded2143d|24|880865685937
9153|0x6c41|1|90087
9153|0xec41|2|201870
9153|0x1ec41|3|454609
9153|0x1ec41|4|889704
9153|0x1ec41|5|1991066
9153|0x1ec41|6|3841675
9153|0x1ec41|7|7913961
9153|0x1ec41|8|15585965
9153|0x41ec41|9|31224051
9153|0x41ec41|10|62309956
9153|0x141ec41|11|125082902
9153|0x341ec41|12|250133304
9153|0x341ec41|13|499130098
9153|0xb41ec41|14|1000251627
9153|0xb41ec41|15|2003958537
9153|0xb41ec41|16|3337507967
9153|0xb41ec41|17|6663622845
9153|0x8b41ec41|18|16066216261
9153|0x18b41ec41|19|27936432408
9153|0x18b41ec41|20|56431893891
9153|0x58b41ec41|21|118413161446
9153|0xd8b41ec41|22|219424568933
9153|0xd8b41ec41|23|442614905288
9153|0xd8b41ec41|24|876626382181
10029|0x40a5|1|103000
10029|0xc0a5|2|238812
10029|0x1c0a5|3|494718
10029|0x1c0a5|4|1022936
10029|0x1c0a5|5|2033913
10029|0x9c0a5|6|3909723
10029|0x19c0a5|7|8004680
10029|0x39c0a5|8|15769939
10029|0x39c0a5|9|31772521
10029|0xb9c0a5|10|63512980
10029|0x1b9c0a5|11|143687275
10029|0x3b9c0a5|12|256407392
10029|0x7b9c0a5|13|510775068
10029|0xfb9c0a5|14|1019094135
10029|0x1fb9c0a5|15|1685805923
10029|0x3fb9c0a5|16|4052275535
10029|0x3fb9c0a5|17|7586822496
10029|0xbfb9c0a5|18|14877218226
10029|0x1bfb9c0a5|19|29971506567
10029|0x1bfb9c0a5|20|54210090115
10029|0x5bfb9c0a5|21|117200264201
10029|0xdbfb9c0a5|22|227985024328
10029|0xdbfb9c0a5|23|437501645316
10029|0x2dbfb9c0a5|24|873707559123
10127|0x176f|1|101668
10127|0x176f|2|237617
10127|0x1176f|3|498750
10127|0x3176f|4|999349
10127|0x7176f|5|1912884
10127|0xf176f|6|3983103
10127|0xf176f|7|7906198
10127|0xf176f|8|15846184
10127|0xf176f|9|31775320
10127|0xf176f|10|63427901
10127|0x10f176f|11|126914039
10127|0x10f176f|12|255101855
10127|0x50f176f|13|510763685
10127|0x50f176f|14|1026616007
10127|0x50f176f|15|1958093831
10127|0x250f176f|16|3350624263
10127|0x250f176f|17|8054600624
10127|0x250f176f|18|13807201178
10127|0x250f176f|19|29138168769
10127|0x2250f176f|20|54554793016
10127|0x2250f176f|21|109624639897
10127|0xa250f176f|22|220141540783
10127|0x1a250f176f|23|441485617974
10127|0x1a250f176f|24|876485497898
10979|0x6acb|1|102186
10979|0x6acb|2|217194
10979|0x6acb|3|485211
10979|0x6acb|4|1002353
10979|0x46acb|5|2055006
10979|0x46acb|6|3895157
10979|0x146acb|7|8086214
10979|0x346acb|8|16160503
10979|0x346acb|9|32084872
10979|0x346acb|10|64599843
10979|0x346acb|11|129222580
10979|0x346acb|12|258198830
10979|0x346acb|13|428021896
10979|0x8346acb|14|1031044517
10979|0x8346acb|15|2032758082
10979|0x28346acb|16|3311236820
10979|0x68346acb|17|6781608663
10979|0x68346acb|18|13609199990
10979|0x168346acb|19|27709596053
10979|0x168346acb|20|54477988942
10979|0x168346acb|21|113886555445
10979|0x968346acb|22|219690303009
10979|0x1968346acb|23|436576952304
10979|0x3968346acb|24|871806712380
11103|0x709f|1|92482
11103|0xf09f|2|191135
11103|0xf09f|3|443717
11103|0xf09f|4|1023330
11103|0x4f09f|5|2047002
11103|0x4f09f|6|3964921
11103|0x4f09f|7|8113028
11103|0x4f09f|8|16171394
11103|0x44f09f|9|32106000
11103|0x44f09f|10|64420940
11103|0x44f09f|11|129189394
11103|0x244f09f|12|258704545
11103|0x644f09f|13|517611205
11103|0xe44f09f|14|1032050283
11103|0xe44f09f|15|2070650143
11103|0x2e44f09f|16|3990915794
11103|0x6e44f09f|17|8176158122
11103|0xee44f09f|18|13964101622
11103|0xee44f09f|19|27885091247
11103|0x2ee44f09f|20|55081974470
11103|0x6ee44f09f|21|112087819476
11103|0xeee44f09f|22|224919456459
11103|0x1eee44f09f|23|436517457190
11103|0x1eee44f09f|24|871615887657
11191|0x2207|1|105532
11191|0xa207|2|217576
11191|0x1a207|3|488479
11191|0x3a207|4|1025935
11191|0x3a207|5|1895708
11191|0x3a207|6|4083943
11191|0x13a207|7|8095954
11191|0x13a207|8|16108855
11191|0x53a207|9|32409495
11191|0x53a207|10|64708227
11191|0x53a207|11|129515741
11191|0x53a207|12|248402481
11191|0x53a207|13|513136802
11191|0x853a207|14|1024111759
11191|0x853a207|15|1768977454
11191|0x853a207|16|3615102171
11191|0x853a207|17|6770614719
11191|0x853a207|18|13644081657
11191|0x853a207|19|26570945021
11191|0x853a207|20|55314616058
11191|0x40853a207|21|111341988326
11191|0xc0853a207|22|219114135882
11191|0xc0853a207|23|436514155935
11191|0xc0853a207|24|873418465418
12081|0x49d1|1|94943
12081|0xc9d1|2|196203
12081|0xc9d1|3|442854
12081|0xc9d1|4|924400
12081|0x4c9d1|5|2055617
12081|0xcc9d1|6|4015963
12081|0xcc9d1|7|8034542
12081|0xcc9d1|8|16269922
12081|0xcc9d1|9|32342587
12081|0x8cc9d1|10|64926982
12081|0x8cc9d1|11|129442938
12081|0x8cc9d1|12|258992859
12081|0x48cc9d1|13|519190638
12081|0xc8cc9d1|14|1039001256
12081|0xc8cc9d1|15|2069555951
12081|0xc8cc9d1|16|4131648165
12081|0x4c8cc9d1|17|6876232946
12081|0xcc8cc9d1|18|16543814482
12081|0x1cc8cc9d1|19|31859787350
12081|0x3cc8cc9d1|20|55675003477
12081|0x3cc8cc9d1|21|113079318477
12081|0xbcc8cc9d1|22|219451127710
12081|0x1bcc8cc9d1|23|438595734761
12081|0x3bcc8cc9d1|24|869917601069
12181|0x23bd|1|107777
12181|0xa3bd|2|223490
12181|0x1a3bd|3|504995
12181|0x1a3bd|4|1013198
12181|0x5a3bd|5|1933504
12181|0xda3bd|6|4093496
12181|0xda3bd|7|6535563
12181|0xda3bd|8|16278865
12181|0xda3bd|9|32397882
12181|0xda3bd|10|64881773
12181|0x10da3bd|11|129693514
12181|0x30da3bd|12|259948446
12181|0x30da3bd|13|518407141
12181|0xb0da3bd|14|1035683773
12181|0x1b0da3bd|15|2073544085
12181|0x1b0da3bd|16|4118940680
12181|0x5b0da3bd|17|8146286774
12181|0xdb0da3bd|18|14883690909
12181|0x1db0da3bd|19|29562678115
12181|0x1db0da3bd|20|54342503601
12181|0x5db0da3bd|21|112767303656
12181|0x5db0da3bd|22|218206250672
12181|0x5db0da3bd|23|440208763452
12181|0x25db0da3bd|24|872353673972
13029|0x3aed|1|109002
13029|0x3aed|2|243566
13029|0x13aed|3|518838
13029|0x13aed|4|1039535
13029|0x53aed|5|1873709
13029|0x53aed|6|4194040
13029|0x153aed|7|8180739
13029|0x153aed|8|16180007
13029|0x153aed|9|32712829
13029|0x953aed|10|65196461
13029|0x1953aed|11|130457879
13029|0x1953aed|12|261203298
13029|0x1953aed|13|522211076
13029|0x1953aed|14|1044987435
13029|0x11953aed|15|2079695310
13029|0x31953aed|16|3680124402
13029|0x31953aed|17|7558370429
13029|0xb1953aed|18|14643066164
13029|0xb1953aed|19|27457127569
13029|0x2b1953aed|20|55845698664
13029|0x2b1953aed|21|114027547989
13029|0xab1953aed|22|222612859451
13029|0xab1953aed|23|434874661940
13029|0xab1953aed|24|882061455578
13155|0x664b|1|104258
13155|0xe64b|2|226401
13155|0xe64b|3|484914
13155|0x2e64b|4|1010068
13155|0x2e64b|5|2078420
13155|0x2e64b|6|4030734
13155|0x2e64b|7|8236202
13155|0x2e64b|8|16505773
13155|0x2e64b|9|33024990
13155|0x2e64b|10|65900060
13155|0x102e64b|11|121024719
13155|0x102e64b|12|241208153
13155|0x102e64b|13|483260338
13155|0x902e64b|14|935128240
13155|0x1902e64b|15|2117080507
13155|0x1902e64b|16|3564303733
13155|0x5902e64b|17|6840709080
13155|0x5902e64b|18|13385085471
13155|0x5902e64b|19|30091052860
13155|0x25902e64b|20|54585918125
13155|0x65902e64b|21|109322672090
13155|0x65902e64b|22|219262479921
13155|0x165902e64b|23|435750056256
13155|0x365902e64b|24|868605461148
13253|0x530d|1|96461
13253|0xd30d|2|201572
13253|0xd30d|3|427828
13253|0x2d30d|4|961927
13253|0x2d30d|5|2066704
13253|0xad30d|6|4063849
13253|0xad30d|7|8169470
13253|0x2ad30d|8|16462335
13253|0x2ad30d|9|32711295
13253|0x2ad30d|10|65558297
13253|0x12ad30d|11|131200320
13253|0x32ad30d|12|262243311
13253|0x32ad30d|13|525739400
13253|0xb2ad30d|14|875972113
13253|0xb2ad30d|15|1787199371
13253|0x2b2ad30d|16|4187721889
13253|0x6b2ad30d|17|7517159908
13253|0x6b2ad30d|18|14402325962
13253|0x6b2ad30d|19|29295943895
13253|0x6b2ad30d|20|54765534129
13253|0x46b2ad30d|21|108585265456
13253|0x46b2ad30d|22|218298326197
13253|0x46b2ad30d|23|433962028283
13253|0x46b2ad30d|24|872172722249
14083|0x6bab|1|110913
14083|0x6bab|2|233770
14083|0x16bab|3|513113
14083|0x36bab|4|941913
14083|0x76bab|5|1952475
14083|0xf6bab|6|4226512
14083|0x1f6bab|7|8091593
14083|0x1f6bab|8|16405064
14083|0x1f6bab|9|32745238
14083|0x9f6bab|10|65752793
14083|0x9f6bab|11|131290033
14083|0x29f6bab|12|261149729
14083|0x29f6bab|13|520926882
14083|0xa9f6bab|14|1047111803
14083|0xa9f6bab|15|2105255861
14083|0x2a9f6bab|16|4223017961
14083|0x6a9f6bab|17|8478267297
14083|0xea9f6bab|18|13564554671
14083|0x1ea9f6bab|19|29406760738
14083|0x3ea9f6bab|20|55372522611
14083|0x7ea9f6bab|21|108709979541
14083|0x7ea9f6bab|22|218845868573
14083|0x7ea9f6bab|23|433745494021
14083|0x7ea9f6bab|24|869502505284
14205|0x39d5|1|111424
14205|0x39d5|2|234517
14205|0x139d5|3|499219
14205|0x339d5|4|1042077
14205|0x339d5|5|2103711
14205|0x339d5|6|3994048
14205|0x339d5|7|8247576
14205|0x339d5|8|16494285
14205|0x339d5|9|32884031
14205|0x339d5|10|65666572
14205|0x10339d5|11|131613073
14205|0x10339d5|12|263245324
14205|0x10339d5|13|527249711
14205|0x10339d5|14|1033074675
14205|0x110339d5|15|2000494018
14205|0x110339d5|16|3734054918
14205|0x110339d5|17|7859097797
14205|0x110339d5|18|13691142038
14205|0x110339d5|19|29386576017
14205|0x110339d5|20|53490837098
14205|0x110339d5|21|107666874628
14205|0x110339d5|22|216567357751
14205|0x10110339d5|23|436025840380
14205|0x10110339d5|24|869728675041
14299|0x6c53|1|111226
14299|0xec53|2|234575
14299|0xec53|3|498357
14299|0xec53|4|1060626
14299|0xec53|5|1910677
14299|0xec53|6|4177487
14299|0x10ec53|7|8217710
14299|0x10ec53|8|16304741
14299|0x50ec53|9|32892613
14299|0x50ec53|10|65746920
14299|0x50ec53|11|131313732
14299|0x50ec53|12|263907710
14299|0x50ec53|13|529412180
14299|0x850ec53|14|1049478822
14299|0x850ec53|15|1840952681
14299|0x850ec53|16|3369130251
14299|0x850ec53|17|7385971468
14299|0x8850ec53|18|15784785272
14299|0x8850ec53|19|27343239726
14299|0x28850ec53|20|55132563996
14299|0x68850ec53|21|108491729307
14299|0x68850ec53|22|223787411073
14299|0x68850ec53|23|433588731856
14299|0x268850ec53|24|866691769199
15081|0x3d59|1|297223
15081|0x3d59|2|430951
15081|0x3d59|3|511135
15081|0x23d59|4|1028439
15081|0x23d59|5|2004785
15081|0x23d59|6|4135367
15081|0x123d59|7|8300802
15081|0x123d59|8|16450099
15081|0x123d59|9|33297912
15081|0x923d59|10|66165743
15081|0x1923d59|11|132562592
15081|0x1923d59|12|265135603
15081|0x1923d59|13|530443036
15081|0x1923d59|14|1060611210
15081|0x11923d59|15|2108522068
15081|0x31923d59|16|4244832255
15081|0x71923d59|17|6977091312
15081|0xf1923d59|18|14087684177
15081|0x1f1923d59|19|29476985942
15081|0x1f1923d59|20|54625594901
15081|0x1f1923d59|21|108826372404
15081|0x1f1923d59|22|219810918834
15081|0x1f1923d59|23|434081512210
15081|0x1f1923d59|24|865978573708
15179|0x7663|1|110006
15179|0xf663|2|239505
15179|0x1f663|3|512465
15179|0x1f663|4|1030966
15179|0x5f663|5|2125395
15179|0xdf663|6|4052927
15179|0xdf663|7|8338495
15179|0x2df663|8|16671661
15179|0x6df663|9|33218678
15179|0x6df663|10|66288558
15179|0x6df663|11|131917972
15179|0x6df663|12|264361973
15179|0x6df663|13|529189617
15179|0x86df663|14|1060067918
15179|0x186df663|15|2121482360
15179|0x186df663|16|3449470359
15179|0x186df663|17|7154164366
15179|0x986df663|18|14332981335
15179|0x986df663|19|29373248227
15179|0x2986df663|20|54206771968
15179|0x6986df663|21|108380247128
15179|0x6986df663|22|219641047102
15179|0x16986df663|23|435298781160
15179|0x16986df663|24|865927878515
15303|0x15f7|1|269606
15303|0x15f7|2|371049
15303|0x115f7|3|452470
15303|0x115f7|4|962495
15303|0x115f7|5|2132059
15303|0x915f7|6|4074420
15303|0x915f7|7|8264333
15303|0x2915f7|8|16648451
15303|0x2915f7|9|33064930
15303|0x2915f7|10|66328780
15303|0x2915f7|11|132743821
15303|0x2915f7|12|265472259
15303|0x2915f7|13|529451751
15303|0x82915f7|14|1052973448
15303|0x182915f7|15|1773567522
15303|0x182915f7|16|3645107836
15303|0x582915f7|17|8459757803
15303|0x582915f7|18|14549584905
15303|0x582915f7|19|28585684821
15303|0x2582915f7|20|55123954079
15303|0x6582915f7|21|110703187784
15303|0x6582915f7|22|216153622202
15303|0x6582915f7|23|432264184454
15303|0x6582915f7|24|865623354209
16055|0x7f07|1|313881
16055|0xff07|2|445893
16055|0xff07|3|522119
16055|0x2ff07|4|1000409
16055|0x2ff07|5|2003284
16055|0xaff07|6|4266578
16055|0xaff07|7|8321224
16055|0x2aff07|8|16716815
16055|0x2aff07|9|33613590
16055|0xaaff07|10|66947585
16055|0xaaff07|11|134111633
16055|0xaaff07|12|267343063
16055|0x4aaff07|13|533945452
16055|0x4aaff07|14|1066061077
16055|0x4aaff07|15|1749965586
16055|0x4aaff07|16|3809190058
16055|0x44aaff07|17|8546141801
16055|0xc4aaff07|18|17091291280
16055|0xc4aaff07|19|27089074859
16055|0x2c4aaff07|20|57000486144
16055|0x6c4aaff07|21|107830527424
16055|0xec4aaff07|22|217877562050
16055|0x1ec4aaff07|23|433026287836
16055|0x3ec4aaff07|24|870255939334
16153|0x2d29|1|317858
16153|0xad29|2|448224
16153|0xad29|3|525717
16153|0x2ad29|4|1058256
16153|0x2ad29|5|1916675
16153|0x2ad29|6|4102180
16153|0x2ad29|7|8375716
16153|0x22ad29|8|16784205
16153|0x22ad29|9|33467546
16153|0x22ad29|10|56328817
16153|0x22ad29|11|134355251
16153|0x22ad29|12|267711013
16153|0x422ad29|13|534856580
16153|0x422ad29|14|1069592154
16153|0x1422ad29|15|2136827041
16153|0x1422ad29|16|3380487689
16153|0x1422ad29|17|8527352558
16153|0x9422ad29|18|14415877724
16153|0x19422ad29|19|27113082007
16153|0x19422ad29|20|53888550966
16153|0x59422ad29|21|107697467791
16153|0x59422ad29|22|216460305447
16153|0x59422ad29|23|432146082193
16153|0x59422ad29|24|862422022075
16273|0x6171|1|319544
16273|0x6171|2|453761
16273|0x6171|3|481067
16273|0x26171|4|934399
16273|0x66171|5|2131643
16273|0xe6171|6|4102493
16273|0xe6171|7|8262354
16273|0x2e6171|8|16586386
16273|0x6e6171|9|33142952
16273|0xee6171|10|66122010
16273|0x1ee6171|11|132503684
16273|0x3ee6171|12|264581043
16273|0x7ee6171|13|530462469
16273|0xfee6171|14|1060660459
16273|0x1fee6171|15|2118550877
16273|0x1fee6171|16|4232729205
16273|0x5fee6171|17|7183605808
16273|0x5fee6171|18|14058194858
16273|0x5fee6171|19|26967621361
16273|0x25fee6171|20|56069002757
16273|0x65fee6171|21|108457021796
16273|0xe5fee6171|22|216339982341
16273|0xe5fee6171|23|435315152355
16273|0xe5fee6171|24|865985461902
16763|0x75b3|1|167431
16763|0x175b3|2|389918
16763|0x375b3|3|877080
16763|0x775b3|4|1991662
16763|0xf75b3|5|3973028
16763|0x1f75b3|6|7787074
16763|0x1f75b3|7|15851589
16763|0x1f75b3|8|31667019
16763|0x1f75b3|9|63106523
16763|0x1f75b3|10|126058755
16763|0x1f75b3|11|251760512
16763|0x41f75b3|12|501640190
16763|0xc1f75b3|13|1006267906
16763|0x1c1f75b3|14|2004072523
16763|0x1c1f75b3|15|3998378475
16763|0x1c1f75b3|16|7514519214
16763|0x9c1f75b3|17|16193876536
16763|0x19c1f75b3|18|28032191249
16763|0x39c1f75b3|19|55687038629
16763|0x39c1f75b3|20|111310934228
16763|0x39c1f75b3|21|225097054861
16763|0x39c1f75b3|22|442918764299
16763|0x239c1f75b3|23|889838764607
16763|0x639c1f75b3|24|1753784786421
16885|0xa25d|1|190482
16885|0x1a25d|2|443851
16885|0x3a25d|3|993395
16885|0x7a25d|4|1777190
16885|0xfa25d|5|4052902
16885|0x1fa25d|6|7906393
16885|0x1fa25d|7|15548600
16885|0x1fa25d|8|31629376
16885|0x9fa25d|9|62809699
16885|0x19fa25d|10|125711508
16885|0x39fa25d|11|251917185
16885|0x39fa25d|12|504108584
16885|0x39fa25d|13|1007322389
16885|0x39fa25d|14|1729187466
16885|0x39fa25d|15|3594547262
16885|0x39fa25d|16|8066352220
16885|0x39fa25d|17|13482895079
16885|0x1039fa25d|18|28450550240
16885|0x1039fa25d|19|55319931146
16885|0x5039fa25d|20|111422136037
16885|0xd039fa25d|21|221965684202
16885|0xd039fa25d|22|451161785816
16885|0x2d039fa25d|23|865542622978
16885|0x2d039fa25d|24|1754732610990
16985|0xe5e9|1|190441
16985|0xe5e9|2|444820
16985|0x2e5e9|3|970770
16985|0x2e5e9|4|1800028
16985|0xae5e9|5|4032794
16985|0x1ae5e9|6|7852996
16985|0x3ae5e9|7|15559859
16985|0x7ae5e9|8|31461122
16985|0x7ae5e9|9|62792013
16985|0x7ae5e9|10|126088818
16985|0x27ae5e9|11|252383274
16985|0x67ae5e9|12|442422210
16985|0x67ae5e9|13|1012374851
16985|0x167ae5e9|14|2024451273
16985|0x167ae5e9|15|4041501209
16985|0x167ae5e9|16|8048546409
16985|0x967ae5e9|17|13551662757
16985|0x967ae5e9|18|29837878301
16985|0x967ae5e9|19|55926821248
16985|0x967ae5e9|20|111061417405
16985|0x967ae5e9|21|222274183536
16985|0x967ae5e9|22|442731537164
16985|0x967ae5e9|23|866045069810
16985|0x967ae5e9|24|1753907645972
17101|0x7a05|1|188252
17101|0x17a05|2|467938
17101|0x17a05|3|880569
17101|0x57a05|4|1855016
17101|0xd7a05|5|3822674
17101|0xd7a05|6|7452875
17101|0xd7a05|7|14911966
17101|0x4d7a05|8|31615463
17101|0xcd7a05|9|62942379
17101|0xcd7a05|10|125927429
17101|0x2cd7a05|11|252087976
17101|0x2cd7a05|12|503712780
17101|0xacd7a05|13|919232238
17101|0xacd7a05|14|1879135555
17101|0x2acd7a05|15|3774076659
17101|0x6acd7a05|16|8057395969
17101|0xeacd7a05|17|14446565260
17101|0x1eacd7a05|18|27684829207
17101|0x3eacd7a05|19|56444988270
17101|0x7eacd7a05|20|111177105653
17101|0x7eacd7a05|21|223184143361
17101|0x7eacd7a05|22|443400875366
17101|0x27eacd7a05|23|870562230525
17101|0x27eacd7a05|24|1753578448792
17225|0x1ef9|1|176474
17225|0x1ef9|2|446961
17225|0x1ef9|3|993393
17225|0x41ef9|4|2013231
17225|0xc1ef9|5|3859858
17225|0x1c1ef9|6|7745775
17225|0x3c1ef9|7|15694333
17225|0x7c1ef9|8|31371090
17225|0xfc1ef9|9|69538907
17225|0xfc1ef9|10|103261573
17225|0xfc1ef9|11|251502717
17225|0x4fc1ef9|12|502682529
17225|0xcfc1ef9|13|1005601971
17225|0x1cfc1ef9|14|2014764576
17225|0x1cfc1ef9|15|4042114134
17225|0x5cfc1ef9|16|7193618484
17225|0xdcfc1ef9|17|13361073382
17225|0x1dcfc1ef9|18|28938249098
17225|0x3dcfc1ef9|19|56324833806
17225|0x3dcfc1ef9|20|110610283705
17225|0x3dcfc1ef9|21|222053313795
17225|0x13dcfc1ef9|22|444044796941
17225|0x13dcfc1ef9|23|866919068633
17225|0x13dcfc1ef9|24|2280398770155
17349|0x430d|1|300434
17349|0x430d|2|705777
17349|0x430d|3|1566624
17349|0x430d|4|3198762
17349|0x430d|5|6378121
17349|0x430d|6|12793024
17349|0x430d|7|25601926
17349|0x40430d|8|51232766
17349|0x40430d|9|102512942
17349|0x140430d|10|205157296
17349|0x140430d|11|410323749
17349|0x140430d|12|862801241
17349|0x940430d|13|1629704013
17349|0x1940430d|14|2890690671
17349|0x1940430d|15|5407794989
17349|0x5940430d|16|11200821736
17349|0xd940430d|17|21718865567
17349|0x1d940430d|18|44377405846
17349|0x1d940430d|19|88701565757
17349|0x1d940430d|20|178708048559
17349|0x9d940430d|21|228815205628
17349|0x19d940430d|22|433758904036
17349|0x19d940430d|23|876919995444
17349|0x59d940430d|24|1759196653806
17861|0xf10d|1|175794
17861|0xf10d|2|465952
17861|0x2f10d|3|993546
17861|0x6f10d|4|1995066
17861|0x6f10d|5|3892808
17861|0x16f10d|6|7949534
17861|0x36f10d|7|16002575
17861|0x76f10d|8|32023155
17861|0xf6f10d|9|64002043
17861|0x1f6f10d|10|127930228
17861|0x3f6f10d|11|255532009
17861|0x7f6f10d|12|511087533
17861|0x7f6f10d|13|863883132
17861|0x17f6f10d|14|1938934483
17861|0x17f6f10d|15|4075686765
17861|0x17f6f10d|16|7069687397
17861|0x17f6f10d|17|15337327852
17861|0x17f6f10d|18|28695393188
17861|0x17f6f10d|19|54241369350
17861|0x17f6f10d|20|110140885490
17861|0x817f6f10d|21|221852965252
17861|0x1817f6f10d|22|431864536624
17861|0x1817f6f10d|23|873751546695
17861|0x1817f6f10d|24|1759778933050
17971|0x24fb|1|190122
17971|0x24fb|2|452764
17971|0x24fb|3|995643
17971|0x424fb|4|2011382
17971|0x424fb|5|3898467
17971|0x1424fb|6|7988355
17971|0x3424fb|7|15986884
17971|0x3424fb|8|32051025
17971|0xb424fb|9|52528347
17971|0xb424fb|10|127358286
17971|0x2b424fb|11|255333699
17971|0x6b424fb|12|510506605
17971|0xeb424fb|13|1021404491
17971|0x1eb424fb|14|1722172305
17971|0x3eb424fb|15|3394287517
17971|0x7eb424fb|16|7852980495
17971|0xfeb424fb|17|16365415290
17971|0xfeb424fb|18|29807168530
17971|0xfeb424fb|19|55897811411
17971|0xfeb424fb|20|111096945963
17971|0x8feb424fb|21|223560308803
17971|0x18feb424fb|22|432254582777
17971|0x38feb424fb|23|884968073976
17971|0x38feb424fb|24|1753421972878
18081|0x1d61|1|238895
18081|0x11d61|2|453421
18081|0x11d61|3|896390
18081|0x51d61|4|1885793
18081|0x51d61|5|4038779
18081|0x51d61|6|7836794
18081|0x51d61|7|15735701
18081|0x451d61|8|31837945
18081|0xc51d61|9|63530857
18081|0xc51d61|10|126717849
18081|0x2c51d61|11|253847908
18081|0x6c51d61|12|507190931
18081|0xec51d61|13|921146431
18081|0x1ec51d61|14|1853475061
18081|0x1ec51d61|15|3548411622
18081|0x5ec51d61|16|7252082023
18081|0xdec51d61|17|14299386413
18081|0xdec51d61|18|29098058427
18081|0x2dec51d61|19|55834954748
18081|0x2dec51d61|20|112116565126
18081|0xadec51d61|21|221553251021
18081|0xadec51d61|22|434407747674
18081|0xadec51d61|23|876014118292
18081|0x4adec51d61|24|1754263974140
18201|0x2529|1|169623
18201|0x2529|2|421032
18201|0x22529|3|965212
18201|0x62529|4|2009313
18201|0xe2529|5|3928721
18201|0x1e2529|6|7881016
18201|0x1e2529|7|15983034
18201|0x5e2529|8|32002262
18201|0xde2529|9|63728291
18201|0xde2529|10|127515967
18201|0x2de2529|11|254922447
18201|0x6de2529|12|508786898
18201|0xede2529|13|1007542731
18201|0x1ede2529|14|2040674105
18201|0x3ede2529|15|3403553721
18201|0x7ede2529|16|6754108358
18201|0x7ede2529|17|13710343380
18201|0x7ede2529|18|29260129619
18201|0x7ede2529|19|57047696317
18201|0x47ede2529|20|110756263961
18201|0x47ede2529|21|220558281108
18201|0x47ede2529|22|435349052131
18201|0x247ede2529|23|870790686779
18201|0x647ede2529|24|1754566958135
18303|0x787f|1|193214
18303|0x1787f|2|478565
18303|0x3787f|3|1002724
18303|0x7787f|4|2014492
18303|0x7787f|5|3863420
18303|0x7787f|6|7980897
18303|0x27787f|7|15976496
18303|0x27787f|8|31808927
18303|0x27787f|9|63745861
18303|0x27787f|10|127315190
18303|0x227787f|11|254591055
18303|0x627787f|12|509864836
18303|0x627787f|13|1019440982
18303|0x627787f|14|1746795186
18303|0x627787f|15|4089940403
18303|0x627787f|16|8181143984
18303|0x627787f|17|13922503594
18303|0x627787f|18|26997175231
18303|0x627787f|19|55983859577
18303|0x627787f|20|107486577765
18303|0x80627787f|21|221914091283
18303|0x180627787f|22|437349378490
18303|0x380627787f|23|871579692954
18303|0x380627787f|24|1754470402298
18415|0xc70f|1|193341
18415|0x1c70f|2|466311
18415|0x3c70f|3|898903
18415|0x7c70f|4|1913789
18415|0xfc70f|5|4069443
18415|0x1fc70f|6|7866478
18415|0x3fc70f|7|15796804
18415|0x7fc70f|8|31905410
18415|0xffc70f|9|63659099
18415|0x1ffc70f|10|127146224
18415|0x3ffc70f|11|254410079
18415|0x7ffc70f|12|509369000
18415|0xfffc70f|13|1015898419
18415|0xfffc70f|14|2031536584
18415|0x2fffc70f|15|4072629662
18415|0x6fffc70f|16|6900713055
18415|0xefffc70f|17|14188663370
18415|0xefffc70f|18|32656944190
18415|0xefffc70f|19|56884192896
18415|0xefffc70f|20|114156317722
18415|0xefffc70f|21|219828923155
18415|0x10efffc70f|22|436004081680
18415|0x30efffc70f|23|870274310992
18415|0x70efffc70f|24|1753895413819
18905|0xa669|1|168566
18905|0x1a669|2|405134
18905|0x3a669|3|896209
18905|0x7a669|4|1989787
18905|0x7a669|5|3559823
18905|0x17a669|6|7798514
18905|0x17a669|7|15803021
18905|0x17a669|8|31627468
18905|0x97a669|9|63251545
18905|0x197a669|10|126818184
18905|0x197a669|11|253252168
18905|0x197a669|12|507026800
18905|0x997a669|13|1014083333
18905|0x997a669|14|1787744193
18905|0x2997a669|15|4073039750
18905|0x2997a669|16|6862275659
18905|0xa997a669|17|13880701158
18905|0xa997a669|18|27831370081
18905|0xa997a669|19|55174551159
18905|0x4a997a669|20|111439788872
18905|0x4a997a669|21|221601906777
18905|0x14a997a669|22|439488993733
18905|0x34a997a669|23|872758079016
18905|0x34a997a669|24|1752220715124
19009|0xc5c1|1|195024
19009|0xc5c1|2|461492
19009|0xc5c1|3|960132
19009|0x4c5c1|4|1797718
19009|0x4c5c1|5|4078148
19009|0x4c5c1|6|7956114
19009|0x24c5c1|7|15708980
19009|0x24c5c1|8|31872215
19009|0xa4c5c1|9|63671817
19009|0x1a4c5c1|10|127189676
19009|0x1a4c5c1|11|254698288
19009|0x5a4c5c1|12|509006150
19009|0x5a4c5c1|13|1018875989
19009|0x15a4c5c1|14|2039711806
19009|0x35a4c5c1|15|4075133327
19009|0x75a4c5c1|16|8189205563
19009|0xf5a4c5c1|17|16396458665
19009|0xf5a4c5c1|18|28504866963
19009|0xf5a4c5c1|19|62141410174
19009|0xf5a4c5c1|20|111173402941
19009|0xf5a4c5c1|21|221224666308
19009|0xf5a4c5c1|22|439107877586
19009|0xf5a4c5c1|23|873689953416
19009|0x40f5a4c5c1|24|1755470415491
19129|0x9b89|1|194752
19129|0x9b89|2|476956
19129|0x29b89|3|968945
19129|0x29b89|4|1999085
19129|0xa9b89|5|3881552
19129|0xa9b89|6|7954814
19129|0x2a9b89|7|15988246
19129|0x6a9b89|8|31819665
19129|0x6a9b89|9|64226880
19129|0x6a9b89|10|128634766
19129|0x26a9b89|11|257557770
19129|0x26a9b89|12|514500577
19129|0x26a9b89|13|1027012073
19129|0x126a9b89|14|2031660327
19129|0x326a9b89|15|4112442786
19129|0x726a9b89|16|7080503147
19129|0xf26a9b89|17|14274108941
19129|0xf26a9b89|18|28387950691
19129|0x2f26a9b89|19|55658937552
19129|0x6f26a9b89|20|112920772307
19129|0xef26a9b89|21|220469401169
19129|0xef26a9b89|22|435002557294
19129|0x2ef26a9b89|23|872629782694
19129|0x2ef26a9b89|24|1753171791946
19231|0x70df|1|195193
19231|0x170df|2|463350
19231|0x370df|3|944427
19231|0x770df|4|1835051
19231|0xf70df|5|4082789
19231|0x1f70df|6|7887296
19231|0x3f70df|7|15825559
19231|0x7f70df|8|31954183
19231|0xff70df|9|63202199
19231|0x1ff70df|10|126440980
19231|0x1ff70df|11|253706127
19231|0x5ff70df|12|507769309
19231|0x5ff70df|13|1022686147
19231|0x15ff70df|14|2046969111
19231|0x15ff70df|15|3630304876
19231|0x15ff70df|16|7409681087
19231|0x95ff70df|17|15016064211
19231|0x95ff70df|18|27550750833
19231|0x95ff70df|19|55848635508
19231|0x495ff70df|20|117097774940
19231|0x495ff70df|21|220172945127
19231|0x495ff70df|22|435117691931
19231|0x495ff70df|23|871736832619
19231|0x495ff70df|24|1752374744713
19351|0xe427|1|171583
19351|0xe427|2|408419
19351|0x2e427|3|865349
19351|0x6e427|4|2027182
19351|0xee427|5|3969839
19351|0xee427|6|7859963
19351|0x2ee427|7|15911885
19351|0x2ee427|8|31609469
19351|0xaee427|9|63430450
19351|0xaee427|10|126992946
19351|0xaee427|11|253582391
19351|0x4aee427|12|507651276
19351|0x4aee427|13|1005599789
19351|0x4aee427|14|2030186844
19351|0x4aee427|15|3970346706
19351|0x4aee427|16|6682018662
19351|0x4aee427|17|13488436749
19351|0x4aee427|18|27165743636
19351|0x204aee427|19|58674313486
19351|0x204aee427|20|110660363490
19351|0x204aee427|21|221785976651
19351|0x1204aee427|22|435662136655
19351|0x1204aee427|23|872254102704
19351|0x1204aee427|24|1752391824509
19855|0x316f|1|172419
19855|0x316f|2|412004
19855|0x2316f|3|917583
19855|0x2316f|4|2029491
19855|0xa316f|5|3885445
19855|0x1a316f|6|7929353
19855|0x1a316f|7|15725993
19855|0x1a316f|8|31752993
19855|0x9a316f|9|63456654
19855|0x19a316f|10|126734115
19855|0x39a316f|11|253773739
19855|0x79a316f|12|515715780
19855|0x79a316f|13|1014400482
19855|0x79a316f|14|1683744564
19855|0x279a316f|15|3699863764
19855|0x279a316f|16|6808813047
19855|0xa79a316f|17|13452567237
19855|0x1a79a316f|18|27858444744
19855|0x3a79a316f|19|55534649757
19855|0x7a79a316f|20|111333742321
19855|0x7a79a316f|21|220624047657
19855|0x17a79a316f|22|437852679996
19855|0x37a79a316f|23|870997086951
19855|0x37a79a316f|24|1751835354159
19955|0x133b|1|195626
19955|0x1133b|2|469089
19955|0x3133b|3|931237
19955|0x7133b|4|1900162
19955|0x7133b|5|4094917
19955|0x7133b|6|7946161
19955|0x7133b|7|15880873
19955|0x7133b|8|32083248
19955|0x87133b|9|63845151
19955|0x187133b|10|127766362
19955|0x187133b|11|255369267
19955|0x587133b|12|511028958
19955|0x587133b|13|1022481089
19955|0x587133b|14|1962314288
19955|0x2587133b|15|4080582437
19955|0x6587133b|16|6762399237
19955|0x6587133b|17|15927808712
19955|0x6587133b|18|31447702445
19955|0x26587133b|19|56861626835
19955|0x26587133b|20|111601717320
19955|0x26587133b|21|221110710564
19955|0x126587133b|22|437760744452
19955|0x126587133b|23|872360084438
19955|0x126587133b|24|1750289560178
20077|0xeb65|1|196796
20077|0x1eb65|2|469991
20077|0x3eb65|3|986418
20077|0x7eb65|4|2038367
20077|0xfeb65|5|3917390
20077|0xfeb65|6|8024137
20077|0xfeb65|7|16096912
20077|0xfeb65|8|32033356
20077|0x8feb65|9|64450273
20077|0x18feb65|10|128684204
20077|0x18feb65|11|257334826
20077|0x58feb65|12|516740400
20077|0xd8feb65|13|896164965
20077|0xd8feb65|14|1720219921
20077|0x2d8feb65|15|3446728176
20077|0x6d8feb65|16|7098655290
20077|0xed8feb65|17|13622029658
20077|0x1ed8feb65|18|27548881549
20077|0x1ed8feb65|19|55626685481
20077|0x5ed8feb65|20|110604941138
20077|0xded8feb65|21|221593070883
20077|0x1ded8feb65|22|439659475774
20077|0x3ded8feb65|23|870223766638
20077|0x7ded8feb65|24|1748905890047
20183|0x84e7|1|196092
20183|0x84e7|2|470931
20183|0x284e7|3|988887
20183|0x684e7|4|2013807
20183|0xe84e7|5|3914331
20183|0x1e84e7|6|8042534
20183|0x3e84e7|7|16163965
20183|0x3e84e7|8|32269548
20183|0x3e84e7|9|64683629
20183|0x13e84e7|10|129088349
20183|0x13e84e7|11|257863940
20183|0x13e84e7|12|516125647
20183|0x93e84e7|13|1030855373
20183|0x193e84e7|14|2049383141
20183|0x193e84e7|15|4111283364
20183|0x593e84e7|16|7202326271
20183|0x593e84e7|17|16478733911
20183|0x593e84e7|18|30081404865
20183|0x593e84e7|19|57538878038
20183|0x4593e84e7|20|114676769756
20183|0xc593e84e7|21|224764181531
20183|0x1c593e84e7|22|441587210477
20183|0x1c593e84e7|23|871139217004
20183|0x1c593e84e7|24|1749186875312
20295|0xaa77|1|196582
20295|0xaa77|2|469532
20295|0x2aa77|3|988648
20295|0x2aa77|4|1932608
20295|0xaaa77|5|3943847
20295|0x1aaa77|6|7982615
20295|0x1aaa77|7|15992826
20295|0x1aaa77|8|31946162
20295|0x1aaa77|9|63976565
20295|0x1aaa77|10|125266451
20295|0x21aaa77|11|256251257
20295|0x21aaa77|12|514295570
20295|0x21aaa77|13|879167519
20295|0x121aaa77|14|2062931097
20295|0x121aaa77|15|3695703453
20295|0x521aaa77|16|6795047669
20295|0x521aaa77|17|13478618984
20295|0x1521aaa77|18|30246120042
20295|0x1521aaa77|19|55770271367
20295|0x5521aaa77|20|110583492758
20295|0x5521aaa77|21|221263416155
20295|0x15521aaa77|22|436000895138
20295|0x15521aaa77|23|869677786091
20295|0x55521aaa77|24|1748785528500
20415|0xa03f|1|171277
20415|0x1a03f|2|427704
20415|0x3a03f|3|916383
20415|0x3a03f|4|1996927
20415|0xba03f|5|3963411
20415|0xba03f|6|7555547
20415|0x2ba03f|7|15147056
20415|0x2ba03f|8|30733324
20415|0x2ba03f|9|59833650
20415|0x12ba03f|10|113506236
20415|0x32ba03f|11|256957606
20415|0x72ba03f|12|423141887
20415|0x72ba03f|13|926793516
20415|0x172ba03f|14|2057094737
20415|0x172ba03f|15|3423033112
20415|0x572ba03f|16|8262580490
20415|0xd72ba03f|17|13458110738
20415|0x1d72ba03f|18|27685914306
20415|0x3d72ba03f|19|54723508555
20415|0x7d72ba03f|20|111283190347
20415|0x7d72ba03f|21|221525022764
20415|0x7d72ba03f|22|435171709836
20415|0x7d72ba03f|23|867554174461
20415|0x47d72ba03f|24|1751449401276
20897|0xd261|1|197654
20897|0x1d261|2|476474
20897|0x3d261|3|963856
20897|0x3d261|4|1816087
20897|0xbd261|5|4124425
20897|0xbd261|6|7896873
20897|0xbd261|7|15838850
20897|0xbd261|8|31852855
20897|0xbd261|9|63891691
20897|0x10bd261|10|128426986
20897|0x30bd261|11|256836394
20897|0x30bd261|12|513775233
20897|0xb0bd261|13|1027263917
20897|0x1b0bd261|14|1832096283
20897|0x1b0bd261|15|3719068362
20897|0x5b0bd261|16|7283317704
20897|0x5b0bd261|17|13381478969
20897|0x5b0bd261|18|29147578498
20897|0x5b0bd261|19|56111477450
20897|0x5b0bd261|20|109730025437
20897|0x85b0bd261|21|222420486747
20897|0x185b0bd261|22|437287321353
20897|0x385b0bd261|23|866812940816
20897|0x785b0bd261|24|1759768723796
21015|0x5a7|1|195677
21015|0x5a7|2|477782
21015|0x5a7|3|1016252
21015|0x5a7|4|2018380
21015|0x5a7|5|3909415
21015|0x1005a7|6|8060925
21015|0x1005a7|7|16122317
21015|0x5005a7|8|32492312
21015|0x5005a7|9|64815068
21015|0x15005a7|10|128583508
21015|0x15005a7|11|256800984
21015|0x15005a7|12|513160426
21015|0x15005a7|13|1026743944
21015|0x15005a7|14|2056647769
21015|0x15005a7|15|3884125774
21015|0x415005a7|16|8000905886
21015|0xc15005a7|17|16373627850
21015|0x1c15005a7|18|28928081909
21015|0x1c15005a7|19|54885185904
21015|0x5c15005a7|20|111826335187
21015|0x5c15005a7|21|225029093572
21015|0x15c15005a7|22|437828177391
21015|0x35c15005a7|23|869847704846
21015|0x75c15005a7|24|1752623757791
21133|0xc045|1|195685
21133|0xc045|2|478638
21133|0xc045|3|1006833
21133|0xc045|4|2042608
21133|0xc045|5|3906687
21133|0xc045|6|8047055
21133|0xc045|7|16147322
21133|0xc045|8|32122840
21133|0xc045|9|64726031
21133|0xc045|10|128993448
21133|0x200c045|11|258395375
21133|0x200c045|12|475707723
21133|0xa00c045|13|1034329962
21133|0xa00c045|14|2069541423
21133|0xa00c045|15|3804464053
21133|0x4a00c045|16|8271902337
21133|0x4a00c045|17|14074325715
21133|0x14a00c045|18|29004547842
21133|0x34a00c045|19|54954065499
21133|0x74a00c045|20|113390867770
21133|0xf4a00c045|21|221640633683
21133|0xf4a00c045|22|439160373626
21133|0x2f4a00c045|23|867051845455
21133|0x6f4a00c045|24|1747772598105
21235|0x163b|1|198734
21235|0x163b|2|477285
21235|0x163b|3|959162
21235|0x4163b|4|1907517
21235|0x4163b|5|4086428
21235|0x4163b|6|8081735
21235|0x4163b|7|15990505
21235|0x4163b|8|32356654
21235|0x4163b|9|64406836
21235|0x104163b|10|129025920
21235|0x304163b|11|258331592
21235|0x704163b|12|515967679
21235|0xf04163b|13|1031780745
21235|0x1f04163b|14|1979749361
21235|0x1f04163b|15|4108254994
21235|0x5f04163b|16|7172926600
21235|0xdf04163b|17|13692110546
21235|0x1df04163b|18|27611280922
21235|0x3df04163b|19|55194795261
21235|0x7df04163b|20|110275812309
21235|0xfdf04163b|21|220112498252
21235|0xfdf04163b|22|438208123711
21235|0xfdf04163b|23|868225417157
21235|0xfdf04163b|24|1748985332612
21351|0x1857|1|198339
21351|0x1857|2|478233
21351|0x21857|3|1010719
21351|0x61857|4|2050284
21351|0xe1857|5|3915947
21351|0x1e1857|6|8082466
21351|0x1e1857|7|16182057
21351|0x1e1857|8|32132685
21351|0x1e1857|9|64442431
21351|0x1e1857|10|129205280
21351|0x21e1857|11|258080896
21351|0x61e1857|12|516583353
21351|0xe1e1857|13|950148013
21351|0x1e1e1857|14|2071635175
21351|0x3e1e1857|15|3378493557
21351|0x7e1e1857|16|7016569792
21351|0xfe1e1857|17|14429085583
21351|0xfe1e1857|18|32577734058
21351|0x2fe1e1857|19|57275111057
21351|0x2fe1e1857|20|109331560697
21351|0xafe1e1857|21|222151305423
21351|0x1afe1e1857|22|437867351340
21351|0x1afe1e1857|23|867102425721
21351|0x5afe1e1857|24|1747913228435
21463|0x4fe7|1|197527
21463|0x14fe7|2|423491
21463|0x34fe7|3|891386
21463|0x34fe7|4|2032177
21463|0x34fe7|5|4077117
21463|0x134fe7|6|7939901
21463|0x334fe7|7|16053038
21463|0x334fe7|8|32359612
21463|0x334fe7|9|64492871
21463|0x334fe7|10|128821758
21463|0x2334fe7|11|257661486
21463|0x6334fe7|12|515530814
21463|0xe334fe7|13|1034889526
21463|0x1e334fe7|14|2070334601
21463|0x1e334fe7|15|4138045053
21463|0x1e334fe7|16|7912295850
21463|0x1e334fe7|17|13398552130
21463|0x1e334fe7|18|27878961720
21463|0x1e334fe7|19|55540842525
21463|0x41e334fe7|20|110870928896
21463|0x41e334fe7|21|222183127383
21463|0x41e334fe7|22|437627461059
21463|0x41e334fe7|23|866913290588
21463|0x441e334fe7|24|1752118653544
21937|0xd351|1|199557
21937|0xd351|2|425194
21937|0xd351|3|961853
21937|0x4d351|4|1888356
21937|0x4d351|5|3942777
21937|0x4d351|6|7994844
21937|0x4d351|7|15811677
21937|0x4d351|8|31918572
21937|0x84d351|9|63787848
21937|0x84d351|10|128154377
21937|0x284d351|11|256445625
21937|0x284d351|12|513094914
21937|0xa84d351|13|1022593766
21937|0xa84d351|14|2066678702
21937|0x2a84d351|15|4132424898
21937|0x2a84d351|16|7940080045
21937|0xaa84d351|17|13453872626
21937|0xaa84d351|18|28968604480
21937|0xaa84d351|19|58612237587
21937|0x4aa84d351|20|111216553588
21937|0xcaa84d351|21|220486892435
21937|0xcaa84d351|22|439724093355
21937|0x2caa84d351|23|866472254708
21937|0x2caa84d351|24|1753579713057
22053|0xd5ad|1|183831
22053|0x1d5ad|2|425522
22053|0x1d5ad|3|964558
22053|0x5d5ad|4|2016252
22053|0x5d5ad|5|3889697
22053|0x5d5ad|6|8005106
22053|0x25d5ad|7|15892958
22053|0x65d5ad|8|31886696
22053|0xe5d5ad|9|63966909
22053|0x1e5d5ad|10|127502378
22053|0x1e5d5ad|11|255389247
22053|0x5e5d5ad|12|433234778
22053|0x5e5d5ad|13|924457979
22053|0x15e5d5ad|14|1717654090
22053|0x35e5d5ad|15|4123980249
22053|0x35e5d5ad|16|6816104998
22053|0x35e5d5ad|17|13838096434
22053|0x135e5d5ad|18|29261868404
22053|0x135e5d5ad|19|56395579673
22053|0x135e5d5ad|20|110653195895
22053|0x935e5d5ad|21|220969658644
22053|0x1935e5d5ad|22|438093823084
22053|0x1935e5d5ad|23|867953479477
22053|0x5935e5d5ad|24|1747094351233
22157|0x5c45|1|200248
22157|0x5c45|2|426810
22157|0x25c45|3|988409
22157|0x65c45|4|1796277
22157|0x65c45|5|3994944
22157|0x65c45|6|7865222
22157|0x65c45|7|15821510
22157|0x65c45|8|31672261
22157|0x865c45|9|63593892
22157|0x1865c45|10|127449948
22157|0x3865c45|11|254961174
22157|0x7865c45|12|510300071
22157|0xf865c45|13|1023293468
22157|0x1f865c45|14|2045864642
22157|0x1f865c45|15|4103417259
22157|0x1f865c45|16|8221697402
22157|0x9f865c45|17|14101580088
22157|0x19f865c45|18|27986972620
22157|0x19f865c45|19|55268772145
22157|0x59f865c45|20|111371840173
22157|0x59f865c45|21|221566628857
22157|0x159f865c45|22|438893126203
22157|0x159f865c45|23|866732302912
22157|0x159f865c45|24|1750607079637
22275|0x4bab|1|201178
22275|0x4bab|2|427274
22275|0x4bab|3|940092
22275|0x4bab|4|1823218
22275|0x84bab|5|3983578
22275|0x184bab|6|7928338
22275|0x184bab|7|15826531
22275|0x184bab|8|31573210
22275|0x184bab|9|63338754
22275|0x184bab|10|126598698
22275|0x2184bab|11|253252653
22275|0x2184bab|12|507826383
22275|0xa184bab|13|1023893403
22275|0xa184bab|14|1894022441
22275|0x2a184bab|15|3656633452
22275|0x6a184bab|16|7365156557
22275|0xea184bab|17|14084849358
22275|0x1ea184bab|18|28877354643
22275|0x1ea184bab|19|55156270267
22275|0x5ea184bab|20|109689520207
22275|0x5ea184bab|21|221891214047
22275|0x5ea184bab|22|441819896384
22275|0x25ea184bab|23|870883825326
22275|0x25ea184bab|24|1751181801990
22389|0x80dd|1|176523
22389|0x80dd|2|401614
22389|0x280dd|3|945161
22389|0x280dd|4|2012838
22389|0x280dd|5|3478409
22389|0x1280dd|6|7912374
22389|0x1280dd|7|16133730
22389|0x5280dd|8|32220654
22389|0xd280dd|9|64421381
22389|0xd280dd|10|129167226
22389|0x2d280dd|11|258018342
22389|0x6d280dd|12|515310105
22389|0xed280dd|13|1027311064
22389|0x1ed280dd|14|2040427714
22389|0x3ed280dd|15|4105544911
22389|0x7ed280dd|16|7932924632
22389|0xfed280dd|17|16472646249
22389|0xfed280dd|18|34398384230
22389|0x2fed280dd|19|55783639569
22389|0x2fed280dd|20|109474179981
22389|0xafed280dd|21|221163712700
22389|0xafed280dd|22|443886941811
22389|0x2afed280dd|23|866261708195
22389|0x6afed280dd|24|1751642842746
22489|0xb869|1|200511
22489|0xb869|2|429484
22489|0xb869|3|871294
22489|0xb869|4|1877571
22489|0x8b869|5|4135950
22489|0x18b869|6|7916349
22489|0x38b869|7|16049324
22489|0x78b869|8|32091513
22489|0x78b869|9|64313068
22489|0x178b869|10|127890624
22489|0x378b869|11|255089249
22489|0x378b869|12|510613569
22489|0xb78b869|13|995708162
22489|0xb78b869|14|2045287111
22489|0xb78b869|15|3391535727
22489|0x4b78b869|16|7572091014
22489|0x4b78b869|17|13442750542
22489|0x4b78b869|18|27782353071
22489|0x24b78b869|19|57201456275
22489|0x24b78b869|20|110002612252
22489|0xa4b78b869|21|221024992300
22489|0xa4b78b869|22|438027332277
22489|0x2a4b78b869|23|865147585840
22489|0x2a4b78b869|24|1754853770347
22969|0xdc89|1|201342
22969|0x1dc89|2|431016
22969|0x1dc89|3|979614
22969|0x5dc89|4|2055104
22969|0xddc89|5|3917171
22969|0x1ddc89|6|8085823
22969|0x1ddc89|7|16231578
22969|0x5ddc89|8|32273546
22969|0xdddc89|9|64860194
22969|0xdddc89|10|129572042
22969|0x2dddc89|11|259323387
22969|0x6dddc89|12|515908551
22969|0xedddc89|13|1029794571
22969|0xedddc89|14|2055513895
22969|0x2edddc89|15|4098812995
22969|0x2edddc89|16|7246262744
22969|0x2edddc89|17|13850594910
22969|0x12edddc89|18|27711836295
22969|0x32edddc89|19|55743903290
22969|0x32edddc89|20|109879285339
22969|0xb2edddc89|21|220347880138
22969|0xb2edddc89|22|438385702939
22969|0x2b2edddc89|23|869712284598
22969|0x2b2edddc89|24|1841391535944
23085|0x5a5|1|316135
23085|0x105a5|2|678387
23085|0x305a5|3|1541263
23085|0x705a5|4|3226597
23085|0xf05a5|5|6466614
23085|0xf05a5|6|13064798
23085|0x2f05a5|7|26113787
23085|0x6f05a5|8|52494301
23085|0xef05a5|9|104779232
23085|0xef05a5|10|209348464
23085|0x2ef05a5|11|418780865
23085|0x6ef05a5|12|837743314
23085|0x6ef05a5|13|1607785848
23085|0x6ef05a5|14|2826089663
23085|0x6ef05a5|15|5981382876
23085|0x46ef05a5|16|10896004958
23085|0xc6ef05a5|17|24064726451
23085|0x1c6ef05a5|18|45543937252
23085|0x1c6ef05a5|19|88165147637
23085|0x1c6ef05a5|20|104367389785
23085|0x1c6ef05a5|21|238283112566
23085|0x1c6ef05a5|22|705168497621
23085|0x1c6ef05a5|23|955256894944
23085|0x41c6ef05a5|24|1699720599099
23201|0x961|1|179103
23201|0x961|2|380597
23201|0x20961|3|865220
23201|0x60961|4|2002148
23201|0xe0961|5|3715178
23201|0xe0961|6|7595302
23201|0x2e0961|7|15480988
23201|0x6e0961|8|30587286
23201|0xee0961|9|61319572
23201|0x1ee0961|10|122369054
23201|0x3ee0961|11|245604660
23201|0x3ee0961|12|490687209
23201|0xbee0961|13|986337174
23201|0x1bee0961|14|1871588772
23201|0x1bee0961|15|3253074333
23201|0x5bee0961|16|6491559554
23201|0xdbee0961|17|12681249290
23201|0xdbee0961|18|26356126874
23201|0xdbee0961|19|51246820854
23201|0x4dbee0961|20|103271082439
23201|0x4dbee0961|21|208457259504
23201|0x4dbee0961|22|415425578350
23201|0x24dbee0961|23|827131305217
23201|0x24dbee0961|24|1664306084151
23311|0x33ef|1|202054
23311|0x133ef|2|432902
23311|0x133ef|3|984903
23311|0x133ef|4|1885418
23311|0x933ef|5|3726191
23311|0x933ef|6|7691454
23311|0x933ef|7|15207439
23311|0x933ef|8|30737691
23311|0x933ef|9|61178739
23311|0x933ef|10|122486540
23311|0x20933ef|11|246001746
23311|0x60933ef|12|455665499
23311|0x60933ef|13|944963336
23311|0x60933ef|14|1964690726
23311|0x260933ef|15|3219740470
23311|0x260933ef|16|6411385292
23311|0xa60933ef|17|13153794495
23311|0x1a60933ef|18|25766514227
23311|0x3a60933ef|19|51787277169
23311|0x7a60933ef|20|103846029004
23311|0xfa60933ef|21|207780132521
23311|0x1fa60933ef|22|416046326542
23311|0x3fa60933ef|23|1179997207576
23311|0x7fa60933ef|24|2248633750442
23447|0xd427|1|316415
23447|0x1d427|2|700820
23447|0x3d427|3|1551645
23447|0x7d427|4|3245919
23447|0xfd427|5|7056048
23447|0xfd427|6|13018702
23447|0xfd427|7|26170762
23447|0x4fd427|8|52326233
23447|0xcfd427|9|104717173
23447|0x1cfd427|10|209599233
23447|0x3cfd427|11|419269150
23447|0x3cfd427|12|768170658
23447|0x3cfd427|13|1381765958
23447|0x3cfd427|14|2782791550
23447|0x23cfd427|15|6127571597
23447|0x23cfd427|16|12819525640
23447|0x23cfd427|17|21589738681
23447|0x23cfd427|18|43215207093
23447|0x23cfd427|19|86387662104
23447|0x23cfd427|20|175102314814
23447|0x23cfd427|21|354387915328
23447|0x1023cfd427|22|705885341038
23447|0x1023cfd427|23|1315139679962
23447|0x5023cfd427|24|2121008426915
23987|0x997b|1|179098
23987|0x1997b|2|383852
23987|0x1997b|3|874890
23987|0x1997b|4|2013672
23987|0x1997b|5|3669540
23987|0x1997b|6|7725831
23987|0x21997b|7|15467069
23987|0x61997b|8|30797560
23987|0x61997b|9|61618058
23987|0x161997b|10|123229600
23987|0x161997b|11|246525187
23987|0x561997b|12|492750117
23987|0xd61997b|13|986091800
23987|0x1d61997b|14|1842899811
23987|0x1d61997b|15|3943555344
23987|0x1d61997b|16|6791541683
23987|0x1d61997b|17|12946373608
23987|0x11d61997b|18|26683307282
23987|0x11d61997b|19|52299727410
23987|0x51d61997b|20|103071316681
23987|0x51d61997b|21|206267056389
23987|0x51d61997b|22|420268635432
23987|0x51d61997b|23|831445398252
23987|0x451d61997b|24|1655580242870
24099|0x418b|1|179523
24099|0x418b|2|384799
24099|0x2418b|3|877988
24099|0x2418b|4|1880020
24099|0x2418b|5|3832216
24099|0x2418b|6|7626553
24099|0x22418b|7|15588936
24099|0x62418b|8|30868472
24099|0xe2418b|9|61798294
24099|0x1e2418b|10|123729880
24099|0x3e2418b|11|247663621
24099|0x7e2418b|12|495049203
24099|0xfe2418b|13|962994923
24099|0xfe2418b|14|1984535448
24099|0xfe2418b|15|3946996443
24099|0x4fe2418b|16|7918587563
24099|0x4fe2418b|17|13498511185
24099|0x4fe2418b|18|29644755884
24099|0x4fe2418b|19|53270055179
24099|0x4fe2418b|20|102859824907
24099|0x4fe2418b|21|205258416902
24099|0x4fe2418b|22|416936723540
24099|0x204fe2418b|23|831832731023
24099|0x604fe2418b|24|1660689805543
24209|0x2271|1|179826
24209|0x12271|2|402207
24209|0x32271|3|879878
24209|0x72271|4|1964784
24209|0x72271|5|3242954
24209|0x172271|6|7689832
24209|0x172271|7|15528376
24209|0x572271|8|30951085
24209|0x572271|9|62160200
24209|0x572271|10|124426968
24209|0x572271|11|217118674
24209|0x572271|12|498880929
24209|0x572271|13|995975011
24209|0x10572271|14|1994351181
24209|0x10572271|15|3358883179
24209|0x50572271|16|6553280465
24209|0xd0572271|17|12816849080
24209|0xd0572271|18|26468343788
24209|0x2d0572271|19|52192696931
24209|0x2d0572271|20|105604110882
24209|0xad0572271|21|209387855545
24209|0xad0572271|22|418052301451
24209|0x2ad0572271|23|833123744300
24209|0x6ad0572271|24|1662203428199
24311|0xc2c7|1|177291
24311|0x1c2c7|2|385720
24311|0x1c2c7|3|932272
24311|0x1c2c7|4|2016852
24311|0x9c2c7|5|3675721
24311|0x19c2c7|6|7872755
24311|0x39c2c7|7|15399415
24311|0x79c2c7|8|30922477
24311|0x79c2c7|9|62009634
24311|0x179c2c7|10|123983818
24311|0x379c2c7|11|248004346
24311|0x379c2c7|12|496778789
24311|0x379c2c7|13|992497349
24311|0x1379c2c7|14|1983836583
24311|0x1379c2c7|15|3972148618
24311|0x1379c2c7|16|6589037745
24311|0x9379c2c7|17|15874340883
24311|0x19379c2c7|18|28890846912
24311|0x19379c2c7|19|52909678311
24311|0x59379c2c7|20|104159235158
24311|0xd9379c2c7|21|207030823277
24311|0xd9379c2c7|22|418020735196
24311|0xd9379c2c7|23|830850681563
24311|0x4d9379c2c7|24|1661740450082
24423|0x4c57|1|180021
24423|0x14c57|2|386397
24423|0x34c57|3|882574
24423|0x34c57|4|1788910
24423|0xb4c57|5|3939734
24423|0xb4c57|6|7578453
24423|0x2b4c57|7|15418415
24423|0x6b4c57|8|30811983
24423|0xeb4c57|9|61664316
24423|0xeb4c57|10|123413031
24423|0xeb4c57|11|246139120
24423|0xeb4c57|12|493649325
24423|0xeb4c57|13|986763000
24423|0x10eb4c57|14|1720252684
24423|0x30eb4c57|15|3177029632
24423|0x30eb4c57|16|7109104863
24423|0x30eb4c57|17|12777629100
24423|0x130eb4c57|18|25546319068
24423|0x330eb4c57|19|51662855776
24423|0x330eb4c57|20|105794258004
24423|0x330eb4c57|21|211093677921
24423|0x1330eb4c57|22|421619129148
24423|0x3330eb4c57|23|829144294092
24423|0x7330eb4c57|24|1663747389146
24529|0x5931|1|204533
24529|0x5931|2|439635
24529|0x25931|3|980920
24529|0x65931|4|1781412
24529|0xe5931|5|3991057
24529|0x1e5931|6|7688966
24529|0x3e5931|7|15627134
24529|0x3e5931|8|31001631
24529|0x3e5931|9|61993246
24529|0x3e5931|10|123836070
24529|0x23e5931|11|248229905
24529|0x23e5931|12|498530608
24529|0xa3e5931|13|998177182
24529|0xa3e5931|14|1935815283
24529|0xa3e5931|15|3359697859
24529|0xa3e5931|16|6685403219
24529|0x8a3e5931|17|12843996297
24529|0x8a3e5931|18|26983363774
24529|0x28a3e5931|19|52123449651
24529|0x28a3e5931|20|103477093042
24529|0x28a3e5931|21|207622294691
24529|0x28a3e5931|22|414717156079
24529|0x228a3e5931|23|830579913365
24529|0x228a3e5931|24|1654639695407
25007|0x954f|1|205612
25007|0x1954f|2|454795
25007|0x1954f|3|940672
25007|0x1954f|4|1793688
25007|0x9954f|5|3874379
25007|0x9954f|6|7641397
25007|0x29954f|7|15290420
25007|0x29954f|8|30907187
25007|0x29954f|9|61574600
25007|0x29954f|10|123438184
25007|0x229954f|11|234095522
25007|0x629954f|12|478038417
25007|0xe29954f|13|928555774
25007|0x1e29954f|14|1777747865
25007|0x3e29954f|15|3815067451
25007|0x7e29954f|16|6466916662
25007|0x7e29954f|17|13192992465
25007|0x7e29954f|18|25611486333
25007|0x7e29954f|19|52013360543
25007|0x47e29954f|20|103792572554
25007|0x47e29954f|21|207426947905
25007|0x47e29954f|22|415667034777
25007|0x247e29954f|23|829750134362
25007|0x647e29954f|24|1656714292622
25117|0x7035|1|181251
25117|0x17035|2|391256
25117|0x37035|3|929852
25117|0x37035|4|2044102
25117|0xb7035|5|3689964
25117|0xb7035|6|7905284
25117|0xb7035|7|15443162
25117|0x4b7035|8|31423879
25117|0xcb7035|9|62240482
25117|0xcb7035|10|125183126
25117|0xcb7035|11|249965892
25117|0xcb7035|12|499321844
25117|0x8cb7035|13|974854396
25117|0x8cb7035|14|1752439161
25117|0x28cb7035|15|3330511485
25117|0x28cb7035|16|6650394410
25117|0xa8cb7035|17|13022339412
25117|0x1a8cb7035|18|26057008996
25117|0x3a8cb7035|19|52273123283
25117|0x3a8cb7035|20|103681699971
25117|0xba8cb7035|21|207649969912
25117|0x1ba8cb7035|22|415354793894
25117|0x1ba8cb7035|23|1315200805086
25117|0x5ba8cb7035|24|2123060624114
25245|0x33b5|1|181340
25245|0x133b5|2|390206
25245|0x133b5|3|942027
25245|0x133b5|4|2053375
25245|0x933b5|5|3710085
25245|0x1933b5|6|7724010
25245|0x1933b5|7|15719361
25245|0x5933b5|8|30759665
25245|0xd933b5|9|61936413
25245|0x1d933b5|10|123720100
25245|0x1d933b5|11|247358217
25245|0x1d933b5|12|494882766
25245|0x9d933b5|13|990535686
25245|0x19d933b5|14|1964706520
25245|0x19d933b5|15|3897990737
25245|0x19d933b5|16|6951528717
25245|0x19d933b5|17|13613849158
25245|0x119d933b5|18|25985408604
25245|0x319d933b5|19|51771316109
25245|0x719d933b5|20|103632299606
25245|0x719d933b5|21|207734181742
25245|0x719d933b5|22|415266359669
25245|0x719d933b5|23|830674242231
25245|0x4719d933b5|24|2123305674821
25365|0xd43d|1|323378
25365|0x1d43d|2|697626
25365|0x3d43d|3|1602074
25365|0x7d43d|4|3246298
25365|0xfd43d|5|6564743
25365|0xfd43d|6|13213289
25365|0x2fd43d|7|26372787
25365|0x2fd43d|8|52774323
25365|0x2fd43d|9|105417520
25365|0x12fd43d|10|210952833
25365|0x12fd43d|11|421976628
25365|0x12fd43d|12|844383500
25365|0x92fd43d|13|1688676522
25365|0x92fd43d|14|2762775837
25365|0x92fd43d|15|5402695053
25365|0x492fd43d|16|11017057684
25365|0xc92fd43d|17|21657320419
25365|0xc92fd43d|18|44556196673
25365|0x2c92fd43d|19|87871609759
25365|0x2c92fd43d|20|175483507729
25365|0xac92fd43d|21|351308320719
25365|0x1ac92fd43d|22|545267385065
25365|0x1ac92fd43d|23|1054176851138
25365|0x1ac92fd43d|24|2177113604384
25505|0x4061|1|207203
25505|0x4061|2|438413
25505|0x24061|3|913116
25505|0x24061|4|1810265
25505|0x24061|5|3868355
25505|0x124061|6|7709206
25505|0x324061|7|15313451
25505|0x324061|8|29027839
25505|0xb24061|9|61315680
25505|0x1b24061|10|123066081
25505|0x1b24061|11|245948270
25505|0x1b24061|12|492041530
25505|0x1b24061|13|983615748
25505|0x1b24061|14|1756665096
25505|0x1b24061|15|3928791900
25505|0x1b24061|16|6284749047
25505|0x1b24061|17|13276365226
25505|0x101b24061|18|28058384472
25505|0x301b24061|19|51604943168
25505|0x701b24061|20|103645756763
25505|0x701b24061|21|261710221487
25505|0x1701b24061|22|531555862460
25505|0x3701b24061|23|825458784723
25505|0x7701b24061|24|1656201271565
25981|0xfbd5|1|182285
25981|0xfbd5|2|391836
25981|0x2fbd5|3|905132
25981|0x2fbd5|4|1871727
25981|0x2fbd5|5|3959154
25981|0x12fbd5|6|7674626
25981|0x32fbd5|7|15687710
25981|0x72fbd5|8|31111882
25981|0xf2fbd5|9|62466449
25981|0xf2fbd5|10|124878701
25981|0xf2fbd5|11|249299577
25981|0x4f2fbd5|12|498981774
25981|0xcf2fbd5|13|998375051
25981|0x1cf2fbd5|14|1747582830
25981|0x1cf2fbd5|15|3447411762
25981|0x1cf2fbd5|16|6689875673
25981|0x1cf2fbd5|17|12969234947
25981|0x1cf2fbd5|18|25515202225
25981|0x21cf2fbd5|19|52316524532
25981|0x61cf2fbd5|20|104169109868
25981|0xe1cf2fbd5|21|206705095898
25981|0x1e1cf2fbd5|22|414303512047
25981|0x3e1cf2fbd5|23|826434252259
25981|0x7e1cf2fbd5|24|1661936041547
26079|0x961f|1|182748
26079|0x1961f|2|393903
26079|0x1961f|3|906527
26079|0x5961f|4|1883398
26079|0xd961f|5|3921120
26079|0x1d961f|6|7655644
26079|0x1d961f|7|15318696
26079|0x1d961f|8|30805244
26079|0x1d961f|9|61484901
26079|0x1d961f|10|123477040
26079|0x21d961f|11|246934122
26079|0x61d961f|12|493721022
26079|0x61d961f|13|990836157
26079|0x61d961f|14|1687117174
26079|0x61d961f|15|3353131083
26079|0x61d961f|16|6758995993
26079|0x61d961f|17|12911314879
26079|0x1061d961f|18|26129163012
26079|0x3061d961f|19|52483088717
26079|0x7061d961f|20|104341332957
26079|0xf061d961f|21|206949386554
26079|0xf061d961f|22|414342178483
26079|0xf061d961f|23|823570358991
26079|0xf061d961f|24|1657017916002
26191|0xf0af|1|182509
26191|0xf0af|2|392942
26191|0xf0af|3|1014583
26191|0xf0af|4|2079993
26191|0xf0af|5|3835832
26191|0x10f0af|6|7960236
26191|0x30f0af|7|15540831
26191|0x30f0af|8|31483707
26191|0x30f0af|9|62399957
26191|0x130f0af|10|124890693
26191|0x330f0af|11|249075620
26191|0x730f0af|12|499534907
26191|0xf30f0af|13|998986984
26191|0x1f30f0af|14|1996825248
26191|0x3f30f0af|15|3980096608
26191|0x3f30f0af|16|7189200161
26191|0x3f30f0af|17|14496244093
26191|0x13f30f0af|18|25701285290
26191|0x13f30f0af|19|53923128853
26191|0x13f30f0af|20|103867544095
26191|0x13f30f0af|21|207242097086
26191|0x113f30f0af|22|414682920504
26191|0x113f30f0af|23|824214456908
26191|0x113f30f0af|24|1667885205451
26297|0xbf89|1|182405
26297|0x1bf89|2|394823
26297|0x1bf89|3|995601
26297|0x5bf89|4|1953203
26297|0xdbf89|5|3666285
26297|0xdbf89|6|7770865
26297|0xdbf89|7|15653916
26297|0x4dbf89|8|30833235
26297|0xcdbf89|9|61708852
26297|0x1cdbf89|10|123490264
26297|0x1cdbf89|11|246709791
26297|0x1cdbf89|12|493972030
26297|0x9cdbf89|13|988672896
26297|0x19cdbf89|14|1680122654
26297|0x39cdbf89|15|3366953668
26297|0x79cdbf89|16|6730980258
26297|0x79cdbf89|17|12708283975
26297|0x79cdbf89|18|26094023967
26297|0x79cdbf89|19|52582783402
26297|0x79cdbf89|20|105361231141
26297|0x79cdbf89|21|205426077553
26297|0x79cdbf89|22|412656086200
26297|0x2079cdbf89|23|828532718674
26297|0x2079cdbf89|24|1659458228148
26407|0x9897|1|182770
26407|0x9897|2|395684
26407|0x9897|3|847717
26407|0x49897|4|1881413
26407|0xc9897|5|3837907
26407|0x1c9897|6|7696316
26407|0x1c9897|7|15472329
26407|0x5c9897|8|30788851
26407|0xdc9897|9|61665200
26407|0x1dc9897|10|123191296
26407|0x3dc9897|11|245920698
26407|0x3dc9897|12|491450864
26407|0xbdc9897|13|982773800
26407|0x1bdc9897|14|1737663977
26407|0x1bdc9897|15|3960625378
26407|0x1bdc9897|16|6449981150
26407|0x1bdc9897|17|12823015138
26407|0x1bdc9897|18|25535639420
26407|0x21bdc9897|19|52427553640
26407|0x21bdc9897|20|103301693313
26407|0xa1bdc9897|21|206557773517
26407|0xa1bdc9897|22|414490001030
26407|0xa1bdc9897|23|824504680752
26407|0x4a1bdc9897|24|1652589515483
26511|0xd76f|1|210521
26511|0xd76f|2|450398
26511|0x2d76f|3|888542
26511|0x6d76f|4|1822891
26511|0x6d76f|5|3948283
26511|0x6d76f|6|7700949
26511|0x6d76f|7|15496235
26511|0x6d76f|8|31210709
26511|0x86d76f|9|62172342
26511|0x86d76f|10|124228711
26511|0x86d76f|11|248831639
26511|0x486d76f|12|498107617
26511|0xc86d76f|13|994858189
26511|0xc86d76f|14|1962778277
26511|0xc86d76f|15|3754686387
26511|0x4c86d76f|16|6533736355
26511|0x4c86d76f|17|13207716858
26511|0x14c86d76f|18|25386785480
26511|0x14c86d76f|19|51980662562
26511|0x54c86d76f|20|104042245809
26511|0x54c86d76f|21|266408871546
26511|0x54c86d76f|22|429553053386
26511|0x54c86d76f|23|867637744395
26511|0x454c86d76f|24|1740102105813
26617|0xaa49|1|252885
26617|0x1aa49|2|450805
26617|0x3aa49|3|966434
26617|0x7aa49|4|1926174
26617|0xfaa49|5|4061631
26617|0xfaa49|6|7923294
26617|0xfaa49|7|16102606
26617|0x4faa49|8|32112307
26617|0x4faa49|9|64400575
26617|0x14faa49|10|128934095
26617|0x14faa49|11|257925523
26617|0x54faa49|12|515703585
26617|0xd4faa49|13|1032644424
26617|0xd4faa49|14|1898319115
26617|0xd4faa49|15|4127613900
26617|0xd4faa49|16|8253569039
26617|0xd4faa49|17|15375407873
26617|0xd4faa49|18|26687572408
26617|0xd4faa49|19|54569479107
26617|0xd4faa49|20|107604681328
26617|0x80d4faa49|21|217163869861
26617|0x180d4faa49|22|434591253268
26617|0x180d4faa49|23|868732203199
26617|0x580d4faa49|24|1737070671987
27079|0x87f7|1|184122
27079|0x87f7|2|397942
27079|0x287f7|3|786542
27079|0x687f7|4|2011467
27079|0xe87f7|5|3915601
27079|0x1e87f7|6|7932748
27079|0x1e87f7|7|15899427
27079|0x1e87f7|8|31989510
27079|0x9e87f7|9|63932992
27079|0x19e87f7|10|127881272
27079|0x19e87f7|11|255657612
27079|0x19e87f7|12|511663223
27079|0x99e87f7|13|1024318246
27079|0x99e87f7|14|2047014588
27079|0x99e87f7|15|4094270238
27079|0x99e87f7|16|8188369332
27079|0x899e87f7|17|16188211673
27079|0x1899e87f7|18|27581180722
27079|0x1899e87f7|19|54951408701
27079|0x5899e87f7|20|108619878541
27079|0x5899e87f7|21|217300286136
27079|0x5899e87f7|22|434405775089
27079|0x5899e87f7|23|868023398766
27079|0x45899e87f7|24|1735831963903
27195|0xdef3|1|184175
27195|0xdef3|2|447271
27195|0xdef3|3|998500
27195|0x4def3|4|1991652
27195|0x4def3|5|3959999
27195|0x14def3|6|7839949
27195|0x34def3|7|16015265
27195|0x34def3|8|32100586
27195|0xb4def3|9|63703964
27195|0xb4def3|10|127815784
27195|0x2b4def3|11|255433688
27195|0x6b4def3|12|511492391
27195|0x6b4def3|13|1022758132
27195|0x16b4def3|14|1730738760
27195|0x36b4def3|15|4091655786
27195|0x36b4def3|16|7195254144
27195|0xb6b4def3|17|14657673190
27195|0x1b6b4def3|18|27270927377
27195|0x1b6b4def3|19|57277084223
27195|0x5b6b4def3|20|108343403449
27195|0xdb6b4def3|21|219884427614
27195|0x1db6b4def3|22|434677956037
27195|0x1db6b4def3|23|867648226698
27195|0x1db6b4def3|24|1737045428795
27309|0x8925|1|181925
27309|0x8925|2|400115
27309|0x28925|3|858665
27309|0x28925|4|2035100
27309|0x28925|5|3960387
27309|0x28925|6|8128116
27309|0x28925|7|16020155
27309|0x28925|8|32260213
27309|0x828925|9|64556187
27309|0x1828925|10|129280710
27309|0x3828925|11|258284784
27309|0x7828925|12|516512577
27309|0x7828925|13|1034574419
27309|0x7828925|14|1698497500
27309|0x27828925|15|3675185710
27309|0x67828925|16|6849082445
27309|0x67828925|17|13547728865
27309|0x67828925|18|27134893448
27309|0x267828925|19|53952920447
27309|0x667828925|20|111969047430
27309|0x667828925|21|217203460898
27309|0x1667828925|22|432461457130
27309|0x1667828925|23|872552184512
27309|0x1667828925|24|1736034337752
27419|0xf713|1|207235
27419|0x1f713|2|455365
27419|0x3f713|3|978848
27419|0x3f713|4|1831046
27419|0x3f713|5|4089737
27419|0x13f713|6|8023219
27419|0x33f713|7|16105149
27419|0x73f713|8|32120986
27419|0xf3f713|9|64526939
27419|0xf3f713|10|129217022
27419|0x2f3f713|11|239457014
27419|0x2f3f713|12|516310561
27419|0xaf3f713|13|1033047841
27419|0xaf3f713|14|1842602172
27419|0x2af3f713|15|3398437876
27419|0x2af3f713|16|7488595592
27419|0xaaf3f713|17|14034546917
27419|0xaaf3f713|18|27001789511
27419|0x2aaf3f713|19|54091625641
27419|0x6aaf3f713|20|109169647097
27419|0xeaaf3f713|21|217620713866
27419|0xeaaf3f713|22|431842662576
27419|0xeaaf3f713|23|869006238926
27419|0xeaaf3f713|24|1736212598137
27533|0xcf45|1|209721
27533|0xcf45|2|456032
27533|0xcf45|3|892996
27533|0x4cf45|4|1927636
27533|0xccf45|5|3988865
27533|0x1ccf45|6|8208574
27533|0x1ccf45|7|16152716
27533|0x1ccf45|8|32213917
27533|0x9ccf45|9|64624551
27533|0x19ccf45|10|129312480
27533|0x39ccf45|11|259043386
27533|0x39ccf45|12|517091246
27533|0xb9ccf45|13|1034216231
27533|0x1b9ccf45|14|2070434414
27533|0x1b9ccf45|15|3921884962
27533|0x5b9ccf45|16|7216573521
27533|0x5b9ccf45|17|14290513071
27533|0x15b9ccf45|18|30302820111
27533|0x35b9ccf45|19|55066102307
27533|0x75b9ccf45|20|107900937322
27533|0xf5b9ccf45|21|217077985305
27533|0xf5b9ccf45|22|432140417216
27533|0xf5b9ccf45|23|868953790472
27533|0x4f5b9ccf45|24|1735940242961
27641|0x6649|1|184687
27641|0x6649|2|399907
27641|0x6649|3|990924
27641|0x46649|4|2053356
27641|0xc6649|5|3920264
27641|0x1c6649|6|7923923
27641|0x3c6649|7|16102445
27641|0x3c6649|8|32420556
27641|0xbc6649|9|64541133
27641|0xbc6649|10|129455506
27641|0x2bc6649|11|212472738
27641|0x2bc6649|12|517691266
27641|0xabc6649|13|1035204248
27641|0x1abc6649|14|2070504861
27641|0x1abc6649|15|4141331103
27641|0x5abc6649|16|8283409939
27641|0x5abc6649|17|16124683808
27641|0x15abc6649|18|32006497465
27641|0x35abc6649|19|55100306561
27641|0x35abc6649|20|112737497768
27641|0x35abc6649|21|217105864910
27641|0x135abc6649|22|432519921970
27641|0x135abc6649|23|868327657914
27641|0x535abc6649|24|1735507042521
28137|0x3a59|1|185630
28137|0x13a59|2|479819
28137|0x33a59|3|987050
28137|0x33a59|4|2047949
28137|0xb3a59|5|3970508
28137|0x1b3a59|6|8013415
28137|0x3b3a59|7|16238142
28137|0x7b3a59|8|32524939
28137|0x7b3a59|9|64931289
28137|0x7b3a59|10|129730656
28137|0x7b3a59|11|259720978
28137|0x7b3a59|12|517951651
28137|0x87b3a59|13|1036398090
28137|0x187b3a59|14|2021492649
28137|0x187b3a59|15|4148043110
28137|0x587b3a59|16|8296869404
28137|0x587b3a59|17|15001040855
28137|0x1587b3a59|18|27532324124
28137|0x3587b3a59|19|60884132116
28137|0x3587b3a59|20|109805506382
28137|0xb587b3a59|21|216698420011
28137|0xb587b3a59|22|433807225351
28137|0xb587b3a59|23|868105334714
28137|0xb587b3a59|24|1734778461262
28245|0x1efd|1|210716
28245|0x11efd|2|491498
28245|0x11efd|3|991116
28245|0x11efd|4|1837762
28245|0x11efd|5|4065619
28245|0x111efd|6|8109929
28245|0x111efd|7|16204658
28245|0x111efd|8|32219492
28245|0x111efd|9|64689317
28245|0x1111efd|10|129410102
28245|0x3111efd|11|259909079
28245|0x3111efd|12|495920751
28245|0x3111efd|13|1038034902
28245|0x3111efd|14|2075463269
28245|0x23111efd|15|4145631953
28245|0x23111efd|16|7135956355
28245|0x23111efd|17|13675198783
28245|0x123111efd|18|26928623120
28245|0x323111efd|19|62841007790
28245|0x723111efd|20|109720916866
28245|0x723111efd|21|217019134392
28245|0x1723111efd|22|431882189426
28245|0x1723111efd|23|871360181216
28245|0x5723111efd|24|1734858554187
28355|0x31eb|1|211126
28355|0x131eb|2|460546
28355|0x131eb|3|1007975
28355|0x531eb|4|1928439
28355|0xd31eb|5|4172318
28355|0xd31eb|6|8063979
28355|0xd31eb|7|16136376
28355|0xd31eb|8|32550677
28355|0x8d31eb|9|65346080
28355|0x18d31eb|10|130502981
28355|0x38d31eb|11|264517955
28355|0x38d31eb|12|522653916
28355|0x38d31eb|13|1045520587
28355|0x38d31eb|14|2090645613
28355|0x238d31eb|15|3717964487
28355|0x638d31eb|16|8335692237
28355|0xe38d31eb|17|15410528090
28355|0xe38d31eb|18|28072331563
28355|0xe38d31eb|19|54590642419
28355|0x4e38d31eb|20|109724637881
28355|0x4e38d31eb|21|217556687719
28355|0x4e38d31eb|22|436422463521
28355|0x4e38d31eb|23|868902987308
28355|0x4e38d31eb|24|1737006585371
28469|0xab1d|1|183593
28469|0x1ab1d|2|416316
28469|0x3ab1d|3|905576
28469|0x7ab1d|4|2078407
28469|0xfab1d|5|4008027
28469|0x1fab1d|6|8186759
28469|0x1fab1d|7|16298020
28469|0x5fab1d|8|32622875
28469|0x5fab1d|9|65084834
28469|0x15fab1d|10|125589875
28469|0x15fab1d|11|241735635
28469|0x55fab1d|12|483045313
28469|0xd5fab1d|13|989542696
28469|0xd5fab1d|14|2092358332
28469|0xd5fab1d|15|4183134665
28469|0x4d5fab1d|16|6734315468
28469|0xcd5fab1d|17|14142840137
28469|0x1cd5fab1d|18|29012376910
28469|0x1cd5fab1d|19|61094914595
28469|0x5cd5fab1d|20|108450772886
28469|0x5cd5fab1d|21|217217767150
28469|0x5cd5fab1d|22|432150698622
28469|0x5cd5fab1d|23|866558831915
28469|0x45cd5fab1d|24|1732596446949
28579|0x3c0b|1|229085
28579|0x13c0b|2|463419
28579|0x33c0b|3|993355
28579|0x33c0b|4|2000020
28579|0xb3c0b|5|4020752
28579|0x1b3c0b|6|8172289
28579|0x3b3c0b|7|16163256
28579|0x7b3c0b|8|32650686
28579|0xfb3c0b|9|65381945
28579|0x1fb3c0b|10|130717497
28579|0x3fb3c0b|11|261567490
28579|0x3fb3c0b|12|522805213
28579|0xbfb3c0b|13|1046474812
28579|0x1bfb3c0b|14|2092319914
28579|0x1bfb3c0b|15|4184859257
28579|0x5bfb3c0b|16|8269516262
28579|0xdbfb3c0b|17|16751677657
28579|0xdbfb3c0b|18|33024961916
28579|0x2dbfb3c0b|19|55596833737
28579|0x6dbfb3c0b|20|107689433802
28579|0x6dbfb3c0b|21|218345561851
28579|0x6dbfb3c0b|22|433724903160
28579|0x6dbfb3c0b|23|866396503111
28579|0x46dbfb3c0b|24|1737000923370
29063|0x8437|1|187245
29063|0x8437|2|428644
29063|0x28437|3|999681
29063|0x28437|4|2107877
29063|0x28437|5|3966646
29063|0x128437|6|8222091
29063|0x328437|7|16310989
29063|0x328437|8|32736447
29063|0x328437|9|65442558
29063|0x1328437|10|131041426
29063|0x3328437|11|262054572
29063|0x7328437|12|554829257
29063|0xf328437|13|1047187423
29063|0x1f328437|14|1813271251
29063|0x1f328437|15|4191534773
29063|0x5f328437|16|8385604352
29063|0xdf328437|17|13329491909
29063|0x1df328437|18|27100250756
29063|0x3df328437|19|53818295474
29063|0x3df328437|20|107210666133
29063|0x3df328437|21|216336093299
29063|0x13df328437|22|432409633745
29063|0x13df328437|23|865576652239
29063|0x13df328437|24|1733037834628
29179|0xf133|1|212370
29179|0xf133|2|464943
29179|0xf133|3|999207
29179|0x4f133|4|1838085
29179|0x4f133|5|4081675
29179|0x14f133|6|8023208
29179|0x14f133|7|16458147
29179|0x14f133|8|32711117
29179|0x14f133|9|65441733
29179|0x114f133|10|131186118
29179|0x314f133|11|261945192
29179|0x714f133|12|424161918
29179|0x714f133|13|1047867106
29179|0x1714f133|14|2096787204
29179|0x3714f133|15|4193754798
29179|0x7714f133|16|8295007487
29179|0x7714f133|17|13331984595
29179|0x17714f133|18|28806801547
29179|0x17714f133|19|54657201202
29179|0x17714f133|20|107657856033
29179|0x17714f133|21|218119743797
29179|0x17714f133|22|432322784388
29179|0x17714f133|23|867625628508
29179|0x17714f133|24|1732394789278
29283|0x9f4b|1|187100
29283|0x19f4b|2|409583
29283|0x19f4b|3|961819
29283|0x19f4b|4|2024052
29283|0x19f4b|5|3943353
29283|0x119f4b|6|8144443
29283|0x119f4b|7|16435590
29283|0x519f4b|8|32552110
29283|0xd19f4b|9|65624565
29283|0xd19f4b|10|131216654
29283|0x2d19f4b|11|262299487
29283|0x2d19f4b|12|523516655
29283|0x2d19f4b|13|1048742747
29283|0x12d19f4b|14|2096575376
29283|0x32d19f4b|15|4198551059
29283|0x32d19f4b|16|8069271871
29283|0x32d19f4b|17|13488767474
29283|0x132d19f4b|18|27670572905
29283|0x132d19f4b|19|55745894069
29283|0x132d19f4b|20|109132857601
29283|0x932d19f4b|21|216024231499
29283|0x1932d19f4b|22|433455557553
29283|0x3932d19f4b|23|866358069876
29283|0x7932d19f4b|24|1732052887472
29405|0xf575|1|213301
29405|0xf575|2|466336
29405|0x2f575|3|1004222
29405|0x6f575|4|2027407
29405|0x6f575|5|3916696
29405|0x16f575|6|8180817
29405|0x36f575|7|16390580
29405|0x76f575|8|32688727
29405|0x76f575|9|65485354
29405|0x76f575|10|131183983
29405|0x76f575|11|262096442
29405|0x76f575|12|524669640
29405|0x76f575|13|1049199475
29405|0x76f575|14|2098474729
29405|0x2076f575|15|4059912387
29405|0x2076f575|16|6836854052
29405|0x2076f575|17|14017143827
29405|0x12076f575|18|29224442155
29405|0x32076f575|19|55983252968
29405|0x32076f575|20|109192723072
29405|0xb2076f575|21|216864804942
29405|0x1b2076f575|22|434674716978
29405|0x3b2076f575|23|865765287467
29405|0x3b2076f575|24|1731420712008
29517|0xfd85|1|210610
29517|0x1fd85|2|466571
29517|0x1fd85|3|1006413
29517|0x5fd85|4|1833721
29517|0x5fd85|5|4082602
29517|0x15fd85|6|8123222
29517|0x15fd85|7|16577265
29517|0x15fd85|8|32891418
29517|0x95fd85|9|65584818
29517|0x95fd85|10|131020613
29517|0x295fd85|11|247445041
29517|0x295fd85|12|414947366
29517|0xa95fd85|13|947635647
29517|0x1a95fd85|14|2099535604
29517|0x3a95fd85|15|3723622740
29517|0x3a95fd85|16|7727424754
29517|0x3a95fd85|17|14011821091
29517|0x13a95fd85|18|32291407019
29517|0x13a95fd85|19|54891032348
29517|0x13a95fd85|20|111080189439
29517|0x13a95fd85|21|214824259631
29517|0x113a95fd85|22|432508758737
29517|0x113a95fd85|23|865833909285
29517|0x113a95fd85|24|1731350608197
29627|0x5973|1|187722
29627|0x5973|2|463990
29627|0x5973|3|1019224
29627|0x5973|4|2033796
29627|0x5973|5|3935725
29627|0x105973|6|8215828
29627|0x305973|7|16401509
29627|0x305973|8|32720071
29627|0xb05973|9|65667422
29627|0x1b05973|10|124797427
29627|0x1b05973|11|262562367
29627|0x5b05973|12|524714919
29627|0x5b05973|13|1048193755
29627|0x5b05973|14|2100057788
29627|0x25b05973|15|4199967170
29627|0x65b05973|16|8419329542
29627|0xe5b05973|17|14891005126
29627|0xe5b05973|18|32413868106
29627|0x2e5b05973|19|54369191889
29627|0x6e5b05973|20|111462585497
29627|0xee5b05973|21|216150312304
29627|0x1ee5b05973|22|431947230920
29627|0x1ee5b05973|23|866043350637
29627|0x5ee5b05973|24|1732178312968
30097|0xeb71|1|188724
30097|0xeb71|2|413641
30097|0xeb71|3|913166
30097|0xeb71|4|2073601
30097|0xeb71|5|4006959
30097|0xeb71|6|8184197
30097|0x20eb71|7|16317022
30097|0x60eb71|8|32718655
30097|0xe0eb71|9|65666577
30097|0x1e0eb71|10|131308450
30097|0x1e0eb71|11|263121845
30097|0x5e0eb71|12|525330608
30097|0x5e0eb71|13|1052107334
30097|0x5e0eb71|14|1713261987
30097|0x25e0eb71|15|4205794073
30097|0x65e0eb71|16|6650631819
30097|0xe5e0eb71|17|15419366672
30097|0xe5e0eb71|18|28953554566
30097|0x2e5e0eb71|19|54601799055
30097|0x6e5e0eb71|20|111229458724
30097|0xee5e0eb71|21|215189476224
30097|0xee5e0eb71|22|435128129146
30097|0xee5e0eb71|23|865383579891
30097|0xee5e0eb71|24|1730109465056
30209|0x8a01|1|209217
30209|0x18a01|2|470417
30209|0x38a01|3|1015345
30209|0x38a01|4|2070185
30209|0x38a01|5|3980502
30209|0x38a01|6|8214410
30209|0x238a01|7|16418671
30209|0x638a01|8|32940031
30209|0x638a01|9|65716301
30209|0x638a01|10|131467754
30209|0x2638a01|11|263003445
30209|0x6638a01|12|463933005
30209|0xe638a01|13|1052238883
30209|0x1e638a01|14|2103829597
30209|0x1e638a01|15|4208914313
30209|0x1e638a01|16|7298014214
30209|0x1e638a01|17|14729083818
30209|0x1e638a01|18|29490904041
30209|0x21e638a01|19|56513532967
30209|0x61e638a01|20|107233029231
30209|0xe1e638a01|21|217480155906
30209|0x1e1e638a01|22|431497348638
30209|0x3e1e638a01|23|867883679262
30209|0x7e1e638a01|24|1729677107774
30321|0x8a91|1|212376
30321|0x8a91|2|471130
30321|0x8a91|3|1017018
30321|0x48a91|4|2074929
30321|0x48a91|5|4028044
30321|0x48a91|6|8283160
30321|0x248a91|7|16624233
30321|0x248a91|8|33108545
30321|0x248a91|9|66039726
30321|0x248a91|10|132532718
30321|0x248a91|11|264781989
30321|0x248a91|12|530359530
30321|0x8248a91|13|1060157004
30321|0x18248a91|14|1838798136
30321|0x18248a91|15|4238447668
30321|0x18248a91|16|8488231104
30321|0x98248a91|17|13559943659
30321|0x98248a91|18|27922236481
30321|0x98248a91|19|54461094292
30321|0x498248a91|20|107950231431
30321|0xc98248a91|21|218378837307
30321|0x1c98248a91|22|431921270731
30321|0x1c98248a91|23|865679950370
30321|0x5c98248a91|24|1730813002610
30431|0xc51f|1|215371
30431|0xc51f|2|471828
30431|0xc51f|3|946616
30431|0xc51f|4|1921280
30431|0x8c51f|5|4231367
30431|0x8c51f|6|8158815
30431|0x8c51f|7|16489521
30431|0x8c51f|8|33066557
30431|0x88c51f|9|66397358
30431|0x88c51f|10|132583248
30431|0x288c51f|11|264902612
30431|0x288c51f|12|530002552
30431|0x288c51f|13|1060348472
30431|0x288c51f|14|2036047921
30431|0x288c51f|15|4243423403
30431|0x4288c51f|16|8251290435
30431|0x4288c51f|17|13559592944
30431|0x14288c51f|18|26862910744
30431|0x14288c51f|19|55383868178
30431|0x54288c51f|20|110335773872
30431|0x54288c51f|21|215685941262
30431|0x54288c51f|22|432201462568
30431|0x54288c51f|23|866984819308
30431|0x454288c51f|24|1729088404350
30537|0x2af9|1|231351
30537|0x2af9|2|472573
30537|0x22af9|3|1020186
30537|0x22af9|4|2059385
30537|0xa2af9|5|4052596
30537|0xa2af9|6|8327180
30537|0x2a2af9|7|16566349
30537|0x2a2af9|8|33033694
30537|0x2a2af9|9|66223690
30537|0x2a2af9|10|132408599
30537|0x22a2af9|11|264929459
30537|0x22a2af9|12|530685701
30537|0xa2a2af9|13|1060783829
30537|0xa2a2af9|14|2121136854
30537|0xa2a2af9|15|4243138985
30537|0xa2a2af9|16|6936180825
30537|0x8a2a2af9|17|16278562664
30537|0x18a2a2af9|18|27675554999
30537|0x38a2a2af9|19|56148553755
30537|0x78a2a2af9|20|108435171742
30537|0x78a2a2af9|21|216361018388
30537|0x78a2a2af9|22|431957435184
30537|0x278a2a2af9|23|873546070851
30537|0x278a2a2af9|24|1732372014065
30659|0xb0eb|1|189765
30659|0xb0eb|2|433265
30659|0xb0eb|3|1024524
30659|0x4b0eb|4|2062789
30659|0x4b0eb|5|4050257
30659|0x14b0eb|6|8314236
30659|0x14b0eb|7|16664656
30659|0x14b0eb|8|33098616
30659|0x14b0eb|9|66527226
30659|0x14b0eb|10|132958297
30659|0x214b0eb|11|265565309
30659|0x614b0eb|12|530896291
30659|0x614b0eb|13|1062148097
30659|0x614b0eb|14|1819519947
30659|0x614b0eb|15|3353341340
30659|0x4614b0eb|16|7152910887
30659|0x4614b0eb|17|13957480371
30659|0x14614b0eb|18|26911353784
30659|0x14614b0eb|19|54128364134
30659|0x54614b0eb|20|108121687085
30659|0xd4614b0eb|21|216740198962
30659|0x1d4614b0eb|22|431940423011
30659|0x3d4614b0eb|23|869221601448
30659|0x7d4614b0eb|24|1797062402058
31127|0x9627|1|343683
31127|0x19627|2|747229
31127|0x19627|3|1633168
31127|0x19627|4|3263133
31127|0x99627|5|6590706
31127|0x99627|6|13327236
31127|0x299627|7|26816888
31127|0x299627|8|53666005
31127|0xa99627|9|107433642
31127|0xa99627|10|214899440
31127|0xa99627|11|429966375
31127|0x4a99627|12|860074864
31127|0xca99627|13|1683256696
31127|0xca99627|14|2789018729
31127|0x2ca99627|15|5546574150
31127|0x2ca99627|16|11128449513
31127|0xaca99627|17|21644771414
31127|0xaca99627|18|43366457198
31127|0x2aca99627|19|86152440961
31127|0x2aca99627|20|172763983862
31127|0x2aca99627|21|345916943876
31127|0x12aca99627|22|693035485713
31127|0x32aca99627|23|1383417492260
31127|0x32aca99627|24|2770227651601
31305|0x97f9|1|340147
31305|0x97f9|2|749105
31305|0x97f9|3|1650892
31305|0x97f9|4|3271942
31305|0x897f9|5|6617647
31305|0x897f9|6|13363646
31305|0x2897f9|7|26758943
31305|0x2897f9|8|53668648
31305|0x2897f9|9|107467848
31305|0x2897f9|10|215086567
31305|0x2897f9|11|430293408
31305|0x42897f9|12|860698617
31305|0xc2897f9|13|1386351129
31305|0x1c2897f9|14|2740377524
31305|0x3c2897f9|15|5685928688
31305|0x3c2897f9|16|11316414790
31305|0xbc2897f9|17|21939410111
31305|0x1bc2897f9|18|43425118695
31305|0x3bc2897f9|19|86712620730
31305|0x7bc2897f9|20|173054142129
31305|0x7bc2897f9|21|345824130493
31305|0x7bc2897f9|22|692275869420
31305|0x27bc2897f9|23|1383542471347
31305|0x27bc2897f9|24|2766064510588
31483|0x8033|1|337305
31483|0x8033|2|746955
31483|0x28033|3|1623077
31483|0x68033|4|3303737
31483|0xe8033|5|6666573
31483|0x1e8033|6|13389360
31483|0x1e8033|7|26810464
31483|0x1e8033|8|53777814
31483|0x1e8033|9|107562872
31483|0x11e8033|10|215184072
31483|0x31e8033|11|371611292
31483|0x31e8033|12|860997709
31483|0xb1e8033|13|1395184259
31483|0x1b1e8033|14|2793048079
31483|0x3b1e8033|15|5887201113
31483|0x3b1e8033|16|10933362580
31483|0xbb1e8033|17|21804671745
31483|0xbb1e8033|18|43306442000
31483|0xbb1e8033|19|86228500115
31483|0x4bb1e8033|20|172913113430
31483|0x4bb1e8033|21|345663386105
31483|0x14bb1e8033|22|691297926618
31483|0x14bb1e8033|23|1382206111949
31483|0x14bb1e8033|24|2767608444682
31665|0xed51|1|341190
31665|0xed51|2|751775
31665|0x2ed51|3|1626849
31665|0x6ed51|4|3309522
31665|0x6ed51|5|6649046
31665|0x16ed51|6|13430670
31665|0x36ed51|7|26910124
31665|0x36ed51|8|53791549
31665|0x36ed51|9|107580188
31665|0x36ed51|10|215390465
31665|0x236ed51|11|430776345
31665|0x636ed51|12|815500248
31665|0x636ed51|13|1549023655
31665|0x1636ed51|14|2922555430
31665|0x1636ed51|15|6185286148
31665|0x5636ed51|16|11048936608
31665|0x5636ed51|17|21673183146
31665|0x5636ed51|18|43398608555
31665|0x5636ed51|19|86525829131
31665|0x5636ed51|20|172310245652
31665|0x85636ed51|21|345568507473
31665|0x185636ed51|22|691100672667
31665|0x185636ed51|23|1381560333861
31665|0x585636ed51|24|2774818166871
32185|0x7889|1|342463
32185|0x7889|2|752974
32185|0x27889|3|1640152
32185|0x67889|4|3327940
32185|0xe7889|5|6670054
32185|0x1e7889|6|13399832
32185|0x3e7889|7|26978264
32185|0x3e7889|8|53886842
32185|0x3e7889|9|107794915
32185|0x3e7889|10|215748791
32185|0x23e7889|11|382954862
32185|0x23e7889|12|863177764
32185|0x23e7889|13|1419573459
32185|0x23e7889|14|2721113225
32185|0x223e7889|15|5389693377
32185|0x623e7889|16|12285300171
32185|0xe23e7889|17|22009116805
32185|0xe23e7889|18|43166530991
32185|0xe23e7889|19|87985252416
32185|0x4e23e7889|20|172422758814
32185|0x4e23e7889|21|345369427725
32185|0x4e23e7889|22|690466192441
32185|0x4e23e7889|23|1380384602610
32185|0x4e23e7889|24|2775054099163
32369|0x8291|1|342777
32369|0x18291|2|757195
32369|0x38291|3|1655124
32369|0x38291|4|3318804
32369|0x38291|5|6704464
32369|0x138291|6|13421980
32369|0x338291|7|26889828
32369|0x338291|8|53913718
32369|0x338291|9|107910511
32369|0x1338291|10|215908169
32369|0x3338291|11|372198633
32369|0x7338291|12|863706319
32369|0xf338291|13|1728082607
32369|0x1f338291|14|2882526837
32369|0x3f338291|15|6089123695
32369|0x7f338291|16|11060990550
32369|0xff338291|17|21970451597
32369|0xff338291|18|43131108698
32369|0xff338291|19|86261622320
32369|0x4ff338291|20|176418238215
32369|0x4ff338291|21|350171628308
32369|0x14ff338291|22|694230303720
32369|0x34ff338291|23|1388136098832
32369|0x34ff338291|24|2763577911930
32541|0x3b35|1|339813
32541|0x3b35|2|773950
32541|0x23b35|3|1646317
32541|0x23b35|4|3338294
32541|0x23b35|5|6696425
32541|0x23b35|6|13469187
32541|0x223b35|7|26940936
32541|0x623b35|8|53879351
32541|0xe23b35|9|107881930
32541|0x1e23b35|10|215956950
32541|0x3e23b35|11|432044343
32541|0x7e23b35|12|754803526
32541|0x7e23b35|13|1393167364
32541|0x7e23b35|14|2852302233
32541|0x27e23b35|15|5471818434
32541|0x67e23b35|16|10861259952
32541|0x67e23b35|17|21731011171
32541|0x167e23b35|18|43873707489
32541|0x367e23b35|19|86359732908
32541|0x767e23b35|20|172379830416
32541|0x767e23b35|21|344847293069
32541|0x767e23b35|22|689574468106
32541|0x2767e23b35|23|1378791621675
32541|0x2767e23b35|24|2760000271460
32723|0x305b|1|340958
32723|0x1305b|2|761934
32723|0x1305b|3|1674882
32723|0x1305b|4|3333830
32723|0x9305b|5|6734368
32723|0x19305b|6|13496143
32723|0x19305b|7|27002163
32723|0x59305b|8|54032774
32723|0xd9305b|9|100632533
32723|0xd9305b|10|216061103
32723|0x2d9305b|11|388917258
32723|0x2d9305b|12|864890453
32723|0xad9305b|13|1399200737
32723|0x1ad9305b|14|3463872005
32723|0x3ad9305b|15|5718865324
32723|0x7ad9305b|16|11316252125
32723|0x7ad9305b|17|21594264634
32723|0x17ad9305b|18|43225770112
32723|0x37ad9305b|19|86191907962
32723|0x37ad9305b|20|172288169868
32723|0x37ad9305b|21|344778219108
32723|0x137ad9305b|22|689035604748
32723|0x137ad9305b|23|1378603481906
32723|0x137ad9305b|24|2758318191590
33083|0xaff3|1|579152
33083|0x2aff3|2|1389034
33083|0x2aff3|3|3019322
33083|0xaaff3|4|6243963
33083|0xaaff3|5|12645560
33083|0x2aaff3|6|25468812
33083|0x2aaff3|7|50970771
33083|0xaaaff3|8|102030204
33083|0xaaaff3|9|180014725
33083|0x2aaaff3|10|377220981
33083|0x2aaaff3|11|816963246
33083|0x2aaaff3|12|1397387357
33083|0x2aaaff3|13|2851563634
33083|0x22aaaff3|14|6537674999
33083|0x22aaaff3|15|13077466885
33083|0x22aaaff3|16|22203776380
33083|0x22aaaff3|17|43565621554
33083|0x22aaaff3|18|86505908694
33083|0x22aaaff3|19|174400609470
33083|0x22aaaff3|20|365504729603
33083|0x22aaaff3|21|712064114172
33083|0x22aaaff3|22|1423246427775
33083|0x22aaaff3|23|2854100637022
33083|0x8022aaaff3|24|5707195934134
33253|0xd3ed|1|576438
33253|0xd3ed|2|1392124
33253|0xd3ed|3|3024474
33253|0x8d3ed|4|6259227
33253|0x18d3ed|5|12676305
33253|0x18d3ed|6|25521862
33253|0x18d3ed|7|51078598
33253|0x18d3ed|8|102083923
33253|0x118d3ed|9|204241820
33253|0x318d3ed|10|408666291
33253|0x318d3ed|11|817342879
33253|0xb18d3ed|12|1366193742
33253|0x1b18d3ed|13|2731835395
33253|0x1b18d3ed|14|5657224081
33253|0x5b18d3ed|15|10914155212
33253|0x5b18d3ed|16|21536942179
33253|0x15b18d3ed|17|44594100165
33253|0x35b18d3ed|18|89274949217
33253|0x35b18d3ed|19|179755574748
33253|0xb5b18d3ed|20|356782791318
33253|0x1b5b18d3ed|21|713204398613
33253|0x3b5b18d3ed|22|1426389759170
33253|0x3b5b18d3ed|23|2854129206137
33253|0x3b5b18d3ed|24|5704837585944
33423|0x5c6f|1|580722
33423|0x5c6f|2|1394500
33423|0x45c6f|3|3052091
33423|0x45c6f|4|6252937
33423|0x45c6f|5|12707811
33423|0x245c6f|6|25433195
33423|0x645c6f|7|51024337
33423|0x645c6f|8|102027254
33423|0x1645c6f|9|204220076
33423|0x3645c6f|10|370364337
33423|0x7645c6f|11|729577942
33423|0xf645c6f|12|1635227329
33423|0x1f645c6f|13|2921012523
33423|0x1f645c6f|14|6196385336
33423|0x1f645c6f|15|10922576750
33423|0x9f645c6f|16|21899331114
33423|0x9f645c6f|17|44252300120
33423|0x29f645c6f|18|89614804224
33423|0x29f645c6f|19|178234401152
33423|0xa9f645c6f|20|356575843727
33423|0xa9f645c6f|21|712996342967
33423|0x2a9f645c6f|22|1426507035967
33423|0x6a9f645c6f|23|2851873531091
33423|0xea9f645c6f|24|5707720574384
33631|0x989f|1|597495
33631|0x2989f|2|1381223
33631|0x2989f|3|3062077
33631|0x2989f|4|6272639
33631|0x12989f|5|12728966
33631|0x12989f|6|25494688
33631|0x12989f|7|51010493
33631|0x12989f|8|102144736
33631|0x112989f|9|193115798
33631|0x312989f|10|408792306
33631|0x312989f|11|817855328
33631|0xb12989f|12|1641025305
33631|0xb12989f|13|3016578879
33631|0x2b12989f|14|5432368034
33631|0x2b12989f|15|11005882448
33631|0xab12989f|16|21642298008
33631|0xab12989f|17|44594392093
33631|0x2ab12989f|18|89189886946
33631|0x2ab12989f|19|179238752595
33631|0xaab12989f|20|356873986986
33631|0xaab12989f|21|712851602985
33631|0xaab12989f|22|1426299713052
33631|0xaab12989f|23|2851902630047
33631|0x8aab12989f|24|4576385039615
33771|0x18cc3|1|326373
33771|0x18cc3|2|774648
33771|0x58cc3|3|1904143
33771|0x58cc3|4|3597988
33771|0x58cc3|5|7441512
33771|0x258cc3|6|14864450
33771|0x258cc3|7|29856051
33771|0xa58cc3|8|59714237
33771|0x1a58cc3|9|119252536
33771|0x3a58cc3|10|238677080
33771|0x3a58cc3|11|477992252
33771|0x3a58cc3|12|906348575
33771|0x13a58cc3|13|1765192608
33771|0x13a58cc3|14|3501104200
33771|0x53a58cc3|15|6367754136
33771|0xd3a58cc3|16|14217773465
33771|0xd3a58cc3|17|28518760296
33771|0xd3a58cc3|18|52513778349
33771|0xd3a58cc3|19|114149574923
33771|0xd3a58cc3|20|210542025369
33771|0x10d3a58cc3|21|418004279092
33771|0x10d3a58cc3|22|834947601491
33771|0x50d3a58cc3|23|1668833212329
33771|0xd0d3a58cc3|24|3352122769416
34073|0x10729|1|326240
34073|0x30729|2|776626
34073|0x70729|3|1904020
34073|0xf0729|4|3680742
34073|0x1f0729|5|7547539
34073|0x1f0729|6|15093874
34073|0x5f0729|7|30235440
34073|0x5f0729|8|60704502
34073|0x5f0729|9|121080246
34073|0x5f0729|10|258086024
34073|0x5f0729|11|481258558
34073|0x85f0729|12|911515186
34073|0x185f0729|13|1942806040
34073|0x185f0729|14|3893895314
34073|0x585f0729|15|6515510396
34073|0x585f0729|16|13286273981
34073|0x585f0729|17|27013494313
34073|0x2585f0729|18|54523107151
34073|0x6585f0729|19|105207823116
34073|0xe585f0729|20|211195631289
34073|0x1e585f0729|21|418394007512
34073|0x3e585f0729|22|852234251572
34073|0x3e585f0729|23|1661956607072
34073|0x3e585f0729|24|3353685168565
34177|0x1ba81|1|370968
34177|0x1ba81|2|795195
34177|0x5ba81|3|1729083
34177|0xdba81|4|3754695
34177|0x1dba81|5|7435138
34177|0x3dba81|6|14867473
34177|0x3dba81|7|29743975
34177|0x3dba81|8|59845450
34177|0x13dba81|9|119720327
34177|0x33dba81|10|239159392
34177|0x73dba81|11|478393012
34177|0xf3dba81|12|957014419
34177|0xf3dba81|13|1905377280
34177|0xf3dba81|14|3807347817
34177|0x4f3dba81|15|6870727701
34177|0x4f3dba81|16|15337269267
34177|0x14f3dba81|17|28863766388
34177|0x14f3dba81|18|52651790975
34177|0x54f3dba81|19|108994365132
34177|0xd4f3dba81|20|214061075372
34177|0xd4f3dba81|21|413830193329
34177|0x2d4f3dba81|22|826507806891
34177|0x2d4f3dba81|23|1674870548892
34177|0x2d4f3dba81|24|3356648141378
34285|0x9fe5|1|326588
34285|0x29fe5|2|778191
34285|0x29fe5|3|1713488
34285|0x29fe5|4|3856995
34285|0x29fe5|5|7428662
34285|0x29fe5|6|15134567
34285|0x29fe5|7|29111890
34285|0x829fe5|8|60240684
34285|0x829fe5|9|120764986
34285|0x2829fe5|10|241571755
34285|0x2829fe5|11|482957886
34285|0x2829fe5|12|965809484
34285|0x12829fe5|13|1602361319
34285|0x12829fe5|14|3335034444
34285|0x12829fe5|15|6395554011
34285|0x12829fe5|16|13774594024
34285|0x112829fe5|17|28953889665
34285|0x112829fe5|18|52575601204
34285|0x512829fe5|19|104615929175
34285|0x512829fe5|20|213386663944
34285|0x1512829fe5|21|412690835174
34285|0x3512829fe5|22|831556497294
34285|0x7512829fe5|23|1682675114266
34285|0x7512829fe5|24|3356789997928
34397|0x7df5|1|326696
34397|0x7df5|2|778902
34397|0x47df5|3|1754543
34397|0x47df5|4|3853525
34397|0x147df5|5|7414285
34397|0x347df5|6|15007238
34397|0x347df5|7|30225162
34397|0x347df5|8|60222365
34397|0x1347df5|9|120681356
34397|0x3347df5|10|241648929
34397|0x7347df5|11|483223567
34397|0xf347df5|12|967369146
34397|0xf347df5|13|1821356362
34397|0xf347df5|14|3855006823
34397|0xf347df5|15|7729039250
34397|0xf347df5|16|15464132068
34397|0x10f347df5|17|28825054213
34397|0x10f347df5|18|55845834866
34397|0x10f347df5|19|108124338017
34397|0x90f347df5|20|210487769569
34397|0x90f347df5|21|417505006272
34397|0x90f347df5|22|827252252391
34397|0x490f347df5|23|1674597255518
34397|0xc90f347df5|24|3356274750968
34505|0x7379|1|371340
34505|0x7379|2|886141
34505|0x47379|3|1850340
34505|0x47379|4|3586290
34505|0x147379|5|7574828
34505|0x147379|6|14952768
34505|0x147379|7|28975017
34505|0x947379|8|60131414
34505|0x1947379|9|120497167
34505|0x3947379|10|241502404
34505|0x7947379|11|472912016
34505|0xf947379|12|963075993
34505|0x1f947379|13|1760228331
34505|0x1f947379|14|3865423371
34505|0x1f947379|15|7178196849
34505|0x9f947379|16|13916678847
34505|0x19f947379|17|31221435975
34505|0x39f947379|18|55528606675
34505|0x39f947379|19|106047579955
34505|0x39f947379|20|209763648996
34505|0x39f947379|21|438438071133
34505|0x239f947379|22|880352921942
34505|0x239f947379|23|1752877728343
34505|0xa39f947379|24|3516066732611
34617|0x3709|1|371656
34617|0x23709|2|914672
34617|0x63709|3|1860950
34617|0xe3709|4|3894843
34617|0x1e3709|5|7581068
34617|0x1e3709|6|15497678
34617|0x5e3709|7|31121962
34617|0x5e3709|8|62316886
34617|0x5e3709|9|124255623
34617|0x5e3709|10|246213551
34617|0x45e3709|11|497532975
34617|0xc5e3709|12|995367053
34617|0x1c5e3709|13|1990648381
34617|0x1c5e3709|14|3982733097
34617|0x1c5e3709|15|7591853037
34617|0x1c5e3709|16|13875058967
34617|0x1c5e3709|17|27708487353
34617|0x1c5e3709|18|52940300548
34617|0x41c5e3709|19|109467321376
34617|0x41c5e3709|20|221701861795
34617|0x41c5e3709|21|444290202155
34617|0x241c5e3709|22|879975377277
34617|0x241c5e3709|23|1747681371801
34617|0x241c5e3709|24|3514204543955
34729|0x10c99|1|365043
34729|0x30c99|2|781522
34729|0x30c99|3|1822243
34729|0xb0c99|4|3873950
34729|0x1b0c99|5|7831774
34729|0x1b0c99|6|15554272
34729|0x1b0c99|7|31089591
34729|0x9b0c99|8|61995040
34729|0x9b0c99|9|124439162
34729|0x29b0c99|10|248862913
34729|0x69b0c99|11|497864986
34729|0x69b0c99|12|995543372
34729|0x69b0c99|13|1990663388
34729|0x269b0c99|14|3981955705
34729|0x669b0c99|15|6901056480
34729|0xe69b0c99|16|13845250162
34729|0xe69b0c99|17|28007429726
34729|0xe69b0c99|18|54184187191
34729|0x4e69b0c99|19|110574697312
34729|0xce69b0c99|20|220588321962
34729|0xce69b0c99|21|440874283470
34729|0x2ce69b0c99|22|882405698405
34729|0x6ce69b0c99|23|1747976028349
34729|0xece69b0c99|24|3514191346015
35043|0xfccb|1|386067
35043|0xfccb|2|890412
35043|0x4fccb|3|1952152
35043|0xcfccb|4|3718728
35043|0x1cfccb|5|7640871
35043|0x1cfccb|6|15439926
35043|0x1cfccb|7|30953081
35043|0x1cfccb|8|62182849
35043|0x1cfccb|9|112211449
35043|0x1cfccb|10|248730146
35043|0x1cfccb|11|497553437
35043|0x1cfccb|12|995502746
35043|0x1cfccb|13|1717326021
35043|0x1cfccb|14|3560714640
35043|0x1cfccb|15|7944389833
35043|0x801cfccb|16|13718473264
35043|0x1801cfccb|17|27851748658
35043|0x1801cfccb|18|59262290212
35043|0x5801cfccb|19|109659807721
35043|0x5801cfccb|20|222102322309
35043|0x15801cfccb|21|441050074703
35043|0x35801cfccb|22|879595224904
35043|0x35801cfccb|23|1747303510832
35043|0xb5801cfccb|24|3511568379492
35159|0x7267|1|394212
35159|0x7267|2|809293
35159|0x7267|3|1802230
35159|0x7267|4|3826489
35159|0x7267|5|7691614
35159|0x207267|6|14626358
35159|0x607267|7|31119957
35159|0x607267|8|62376672
35159|0x607267|9|124758261
35159|0x2607267|10|248850007
35159|0x6607267|11|498274197
35159|0xe607267|12|996283335
35159|0xe607267|13|1986332446
35159|0xe607267|14|3985027912
35159|0xe607267|15|7436262937
35159|0x8e607267|16|14243981419
35159|0x8e607267|17|29450540403
35159|0x28e607267|18|55747774432
35159|0x28e607267|19|112399017463
35159|0x28e607267|20|221666562364
35159|0x128e607267|21|445661509001
35159|0x128e607267|22|879657441324
35159|0x128e607267|23|1746407843484
35159|0x928e607267|24|3512814686111
35273|0x1e079|1|351902
35273|0x3e079|2|889805
35273|0x7e079|3|1968603
35273|0x7e079|4|3727555
35273|0x17e079|5|7715574
35273|0x37e079|6|15496978
35273|0x37e079|7|30993077
35273|0x37e079|8|62151766
35273|0x137e079|9|124321269
35273|0x137e079|10|248746918
35273|0x537e079|11|497373998
35273|0x537e079|12|994681156
35273|0x537e079|13|1989874265
35273|0x537e079|14|3979187715
35273|0x537e079|15|7959517627
35273|0x537e079|16|15183654255
35273|0x10537e079|17|29025388149
35273|0x10537e079|18|55458635533
35273|0x10537e079|19|111706421554
35273|0x90537e079|20|220376792696
35273|0x90537e079|21|441671141661
35273|0x290537e079|22|879636251114
35273|0x290537e079|23|1746580205835
35273|0x290537e079|24|3511860459084
35387|0x1bef3|1|373474
35387|0x3bef3|2|893613
35387|0x7bef3|3|1879090
35387|0xfbef3|4|3828010
35387|0x1fbef3|5|7599628
35387|0x1fbef3|6|15580466
35387|0x5fbef3|7|31064861
35387|0x5fbef3|8|62312739
35387|0x15fbef3|9|124456821
35387|0x35fbef3|10|244497145
35387|0x75fbef3|11|498399978
35387|0x75fbef3|12|996617159
35387|0x175fbef3|13|1993146714
35387|0x175fbef3|14|3988663420
35387|0x175fbef3|15|7469403981
35387|0x175fbef3|16|13773442948
35387|0x1175fbef3|17|28453141228
35387|0x3175fbef3|18|55856678246
35387|0x3175fbef3|19|114302755337
35387|0x3175fbef3|20|222832837224
35387|0x13175fbef3|21|440333032955
35387|0x13175fbef3|22|879470563929
35387|0x13175fbef3|23|1746401014390
35387|0x13175fbef3|24|3510484970454
35497|0x1b999|1|397008
35497|0x1b999|2|894255
35497|0x1b999|3|1829500
35497|0x1b999|4|3881171
35497|0x11b999|5|7600856
35497|0x11b999|6|15569341
35497|0x51b999|7|31184147
35497|0x51b999|8|55774929
35497|0x51b999|9|124404462
35497|0x51b999|10|249344410
35497|0x451b999|11|498268621
35497|0xc51b999|12|997002003
35497|0x1c51b999|13|1857407090
35497|0x1c51b999|14|3988373418
35497|0x5c51b999|15|6702962805
35497|0x5c51b999|16|14200609127
35497|0x15c51b999|17|28434466170
35497|0x35c51b999|18|54631539788
35497|0x75c51b999|19|115410968539
35497|0x75c51b999|20|222878061808
35497|0x75c51b999|21|545311122530
35497|0x275c51b999|22|876353898151
35497|0x675c51b999|23|1747353288948
35497|0x675c51b999|24|3504546323591
35609|0x1a129|1|374027
35609|0x3a129|2|894516
35609|0x7a129|3|1764354
35609|0x7a129|4|3986748
35609|0x7a129|5|7906054
35609|0x7a129|6|15589990
35609|0x47a129|7|31641498
35609|0xc7a129|8|63011064
35609|0xc7a129|9|126333731
35609|0xc7a129|10|252730662
35609|0xc7a129|11|505405630
35609|0x8c7a129|12|1011014629
35609|0x8c7a129|13|1806860027
35609|0x8c7a129|14|4044216030
35609|0x48c7a129|15|8089752328
35609|0xc8c7a129|16|13858931089
35609|0xc8c7a129|17|28573656701
35609|0xc8c7a129|18|54361112798
35609|0xc8c7a129|19|114590742870
35609|0x8c8c7a129|20|221238276530
35609|0x8c8c7a129|21|439769353093
35609|0x28c8c7a129|22|876457350921
35609|0x28c8c7a129|23|1746651108136
35609|0x28c8c7a129|24|3505048115531
35721|0x15ab9|1|373505
35721|0x15ab9|2|895888
35721|0x55ab9|3|1994318
35721|0x55ab9|4|3794104
35721|0x55ab9|5|7914966
35721|0x255ab9|6|15821395
35721|0x655ab9|7|31526892
35721|0xe55ab9|8|63242721
35721|0x1e55ab9|9|126693986
35721|0x1e55ab9|10|252843764
35721|0x5e55ab9|11|505806822
35721|0x5e55ab9|12|1012436115
35721|0x15e55ab9|13|2023108390
35721|0x15e55ab9|14|3429645061
35721|0x55e55ab9|15|6736306113
35721|0xd5e55ab9|16|13514270343
35721|0xd5e55ab9|17|28265694311
35721|0x2d5e55ab9|18|54605602959
35721|0x2d5e55ab9|19|110107993870
35721|0xad5e55ab9|20|220027606141
35721|0x1ad5e55ab9|21|439633543939
35721|0x1ad5e55ab9|22|876441484387
35721|0x1ad5e55ab9|23|1746550904715
35721|0x9ad5e55ab9|24|3504298084519
35839|0x173ff|1|396624
35839|0x373ff|2|897074
35839|0x773ff|3|1968191
35839|0xf73ff|4|4104122
35839|0xf73ff|5|8872611
35839|0x2f73ff|6|15639660
35839|0x6f73ff|7|31702544
35839|0x6f73ff|8|63086647
35839|0x16f73ff|9|126351148
35839|0x36f73ff|10|252546037
35839|0x36f73ff|11|505129080
35839|0x36f73ff|12|853894432
35839|0x136f73ff|13|2020565284
35839|0x336f73ff|14|3671645191
35839|0x736f73ff|15|7530522816
35839|0xf36f73ff|16|14298845830
35839|0xf36f73ff|17|28189918090
35839|0xf36f73ff|18|54645402882
35839|0xf36f73ff|19|109715669134
35839|0xf36f73ff|20|219870001813
35839|0xf36f73ff|21|440275866170
35839|0x20f36f73ff|22|876374128743
35839|0x20f36f73ff|23|1746931804607
35839|0x20f36f73ff|24|3505200686685
