193|0x141|1|12583
193|0x341|2|7285
193|0x741|3|11303
193|0xf41|4|14704
193|0xf41|5|25561
193|0xf41|6|47320
193|0xf41|7|90942
193|0x8f41|8|179346
193|0x8f41|9|351859
193|0x8f41|10|699515
193|0x48f41|11|1417427
193|0x48f41|12|2786708
193|0x148f41|13|5877587
193|0x148f41|14|11776190
193|0x148f41|15|23272730
193|0x948f41|16|46907275
193|0x948f41|17|93756224
193|0x948f41|18|187002820
193|0x948f41|19|372298558
193|0x948f41|20|750078634
193|0x10948f41|21|1491332393
193|0x10948f41|22|2971546709
193|0x10948f41|23|5975926721
193|0x90948f41|24|11954437437
9085|0x2dd5|1|65006
9085|0xadd5|2|167615
9085|0x1add5|3|364968
9085|0x3add5|4|731683
9085|0x3add5|5|1465562
9085|0x3add5|6|3013585
9085|0x13add5|7|5965491
9085|0x33add5|8|30802383
9085|0x33add5|9|63540762
9085|0x33add5|10|126312952
9085|0x33add5|11|196281909
9085|0x233add5|12|361331054
9085|0x633add5|13|497238124
9085|0xe33add5|14|1257089156
9085|0xe33add5|15|2438502002
9085|0xe33add5|16|4047757284
9085|0xe33add5|17|8220723750
9085|0xe33add5|18|13709036788
9085|0xe33add5|19|28387050302
9085|0xe33add5|20|54295811373
9085|0xe33add5|21|111906444455
9085|0x80e33add5|22|220207538750
9085|0x80e33add5|23|440165784677
9085|0x280e33add5|24|878300266878
9149|0x2f95|1|116658
9149|0xaf95|2|231090
9149|0x1af95|3|504792
9149|0x1af95|4|939144
9149|0x1af95|5|1779581
9149|0x1af95|6|3924924
9149|0x1af95|7|6402558
9149|0x1af95|8|15376841
9149|0x41af95|9|30742750
9149|0xc1af95|10|63810459
9149|0xc1af95|11|124878537
9149|0x2c1af95|12|247567587
9149|0x6c1af95|13|492132178
9149|0xec1af95|14|931871480
9149|0xec1af95|15|1990864634
9149|0x2ec1af95|16|4008204745
9149|0x2ec1af95|17|6919619884
9149|0x2ec1af95|18|16123759364
9149|0x12ec1af95|19|28044254687
9149|0x12ec1af95|20|58792132772
9149|0x52ec1af95|21|114981709698
9149|0xd2ec1af95|22|218783924759
9149|0xd2ec1af95|23|591138128377
9149|0x2d2ec1af95|24|1262104188180
10043|0x19f3|1|162842
10043|0x19f3|2|375419
10043|0x19f3|3|799001
10043|0x219f3|4|1607958
10043|0x219f3|5|3103215
10043|0x219f3|6|6119197
10043|0x1219f3|7|12175455
10043|0x3219f3|8|24554029
10043|0x3219f3|9|48468736
10043|0xb219f3|10|97107053
10043|0x1b219f3|11|207196719
10043|0x3b219f3|12|414444637
10043|0x7b219f3|13|828907197
10043|0xfb219f3|14|1657762655
10043|0xfb219f3|15|2748072383
10043|0xfb219f3|16|5927155639
10043|0x4fb219f3|17|10857195078
10043|0xcfb219f3|18|21657504647
10043|0xcfb219f3|19|45812276263
10043|0xcfb219f3|20|87211139694
10043|0x4cfb219f3|21|178321155819
10043|0x4cfb219f3|22|354607657648
10043|0x4cfb219f3|23|709511494123
10043|0x4cfb219f3|24|1422946408857
10189|0x1d05|1|162563
10189|0x1d05|2|377603
10189|0x11d05|3|810264
10189|0x11d05|4|1574314
10189|0x11d05|5|3215056
10189|0x11d05|6|6466810
10189|0x111d05|7|12955908
10189|0x311d05|8|25914794
10189|0x711d05|9|51843827
10189|0x711d05|10|103687961
10189|0x711d05|11|207404721
10189|0x2711d05|12|414769757
10189|0x2711d05|13|829874798
10189|0x2711d05|14|1361852886
10189|0x12711d05|15|2705635649
10189|0x12711d05|16|6697268417
10189|0x12711d05|17|10975421897
10189|0x12711d05|18|21601737987
10189|0x12711d05|19|43206347926
10189|0x212711d05|20|92551371829
10189|0x212711d05|21|179462885115
10189|0xa12711d05|22|354435173739
10189|0xa12711d05|23|710184565480
10189|0x2a12711d05|24|1419164632092
11121|0x3591|1|165620
11121|0x3591|2|341855
11121|0x13591|3|767376
11121|0x13591|4|1605919
11121|0x13591|5|3219341
11121|0x93591|6|7357415
11121|0x193591|7|14172976
11121|0x393591|8|26082267
11121|0x793591|9|42134103
11121|0xf93591|10|104355244
11121|0xf93591|11|208718528
11121|0x2f93591|12|384138181
11121|0x6f93591|13|835035517
11121|0x6f93591|14|1670266962
11121|0x16f93591|15|2862718693
11121|0x16f93591|16|5513610403
11121|0x16f93591|17|11072087817
11121|0x16f93591|18|21657828642
11121|0x16f93591|19|43788526722
11121|0x216f93591|20|88188667535
11121|0x216f93591|21|178954699369
11121|0xa16f93591|22|354741070744
11121|0x1a16f93591|23|705852245072
11121|0x3a16f93591|24|1412892351937
12095|0x40bf|1|168857
12095|0x40bf|2|350148
12095|0x140bf|3|791062
12095|0x340bf|4|1586949
12095|0x340bf|5|3265469
12095|0x340bf|6|6575207
12095|0x1340bf|7|13098541
12095|0x3340bf|8|26317880
12095|0x3340bf|9|52554923
12095|0xb340bf|10|105066759
12095|0x1b340bf|11|170894843
12095|0x1b340bf|12|420375531
12095|0x5b340bf|13|840780824
12095|0x5b340bf|14|1648702958
12095|0x15b340bf|15|2782325740
12095|0x15b340bf|16|5485209716
12095|0x55b340bf|17|11255162217
12095|0x55b340bf|18|21726424482
12095|0x155b340bf|19|43205881979
12095|0x155b340bf|20|87203778595
12095|0x155b340bf|21|175075462103
12095|0x155b340bf|22|350984103669
12095|0x1155b340bf|23|703586324422
12095|0x1155b340bf|24|1406675992850
12243|0x5b|1|196900
12243|0x5b|2|347755
12243|0x1005b|3|795196
12243|0x1005b|4|1594076
12243|0x5005b|5|3283572
12243|0x5005b|6|6545653
12243|0x15005b|7|13126895
12243|0x35005b|8|26310348
12243|0x75005b|9|52577049
12243|0xf5005b|10|105178631
12243|0x1f5005b|11|210407559
12243|0x1f5005b|12|420824522
12243|0x1f5005b|13|865039494
12243|0x9f5005b|14|1480830388
12243|0x19f5005b|15|2896576935
12243|0x39f5005b|16|5553105922
12243|0x79f5005b|17|12530755534
12243|0xf9f5005b|18|21749766825
12243|0xf9f5005b|19|44668616328
12243|0x2f9f5005b|20|88458346660
12243|0x2f9f5005b|21|177968070743
12243|0xaf9f5005b|22|351761020037
12243|0x1af9f5005b|23|702809454404
12243|0x3af9f5005b|24|1407311587210
13167|0xb8f|1|168201
13167|0x8b8f|2|356497
13167|0x8b8f|3|781835
13167|0x28b8f|4|1587692
13167|0x28b8f|5|3280340
13167|0xa8b8f|6|6585986
13167|0xa8b8f|7|13285695
13167|0x2a8b8f|8|26519757
13167|0x6a8b8f|9|52942706
13167|0x6a8b8f|10|105855715
13167|0x6a8b8f|11|211750240
13167|0x6a8b8f|12|424310228
13167|0x6a8b8f|13|847012425
13167|0x86a8b8f|14|1369677585
13167|0x86a8b8f|15|2710543280
13167|0x286a8b8f|16|5552153595
13167|0x686a8b8f|17|10978787258
13167|0xe86a8b8f|18|21597785803
13167|0xe86a8b8f|19|44320274202
13167|0x2e86a8b8f|20|88220055733
13167|0x2e86a8b8f|21|177109966824
13167|0x2e86a8b8f|22|349808411890
13167|0x12e86a8b8f|23|699779107711
13167|0x12e86a8b8f|24|1406959761969
14029|0x2605|1|173819
14029|0xa605|2|366510
14029|0xa605|3|780476
14029|0x2a605|4|1630807
14029|0x6a605|5|3286756
14029|0xea605|6|6654667
14029|0xea605|7|13279927
14029|0xea605|8|26622385
14029|0x4ea605|9|53223402
14029|0x4ea605|10|106466423
14029|0x4ea605|11|213054185
14029|0x24ea605|12|426152401
14029|0x24ea605|13|852253527
14029|0x24ea605|14|1407390015
14029|0x124ea605|15|2794802232
14029|0x124ea605|16|5407761828
14029|0x524ea605|17|10853160267
14029|0xd24ea605|18|25056434980
14029|0x1d24ea605|19|44033428075
14029|0x3d24ea605|20|88140589548
14029|0x7d24ea605|21|175773367064
14029|0x7d24ea605|22|348914453783
14029|0x7d24ea605|23|698384836947
14029|0x27d24ea605|24|1401170588051
14227|0x7e9b|1|174143
14227|0x7e9b|2|368485
14227|0x7e9b|3|784721
14227|0x7e9b|4|1657260
14227|0x47e9b|5|3286429
14227|0xc7e9b|6|6624411
14227|0xc7e9b|7|13298309
14227|0x2c7e9b|8|26670267
14227|0x6c7e9b|9|53319261
14227|0xec7e9b|10|106612064
14227|0x1ec7e9b|11|213238872
14227|0x3ec7e9b|12|426585025
14227|0x3ec7e9b|13|853141792
14227|0x3ec7e9b|14|1706417276
14227|0x13ec7e9b|15|3048615876
14227|0x13ec7e9b|16|5542625390
14227|0x53ec7e9b|17|10931923865
14227|0x53ec7e9b|18|21602851627
14227|0x53ec7e9b|19|43397727279
14227|0x53ec7e9b|20|87833657324
14227|0x53ec7e9b|21|174198052101
14227|0x853ec7e9b|22|348846777792
14227|0x1853ec7e9b|23|699296914408
14227|0x1853ec7e9b|24|1394474209114
15091|0x6e3b|1|176265
15091|0x6e3b|2|397593
15091|0x6e3b|3|803921
15091|0x26e3b|4|1616487
15091|0x26e3b|5|3334410
15091|0xa6e3b|6|6688560
15091|0xa6e3b|7|13395854
15091|0x2a6e3b|8|26810870
15091|0x6a6e3b|9|53578944
15091|0x6a6e3b|10|107223202
15091|0x6a6e3b|11|214494122
15091|0x26a6e3b|12|429095517
15091|0x26a6e3b|13|858252491
15091|0xa6a6e3b|14|1717029984
15091|0xa6a6e3b|15|3075052366
15091|0xa6a6e3b|16|6052913781
15091|0xa6a6e3b|17|10932932673
15091|0xa6a6e3b|18|21607080864
15091|0xa6a6e3b|19|43423481333
15091|0x20a6a6e3b|20|87708136441
15091|0x60a6a6e3b|21|174919686160
15091|0xe0a6a6e3b|22|348956319334
15091|0x1e0a6a6e3b|23|694292400358
15091|0x3e0a6a6e3b|24|1388829464123
15241|0x2ab9|1|173909
15241|0xaab9|2|375476
15241|0xaab9|3|803322
15241|0xaab9|4|1638194
15241|0x4aab9|5|3340286
15241|0xcaab9|6|6668495
15241|0xcaab9|7|13400002
15241|0x2caab9|8|26831006
15241|0x6caab9|9|53716612
15241|0xecaab9|10|107345519
15241|0xecaab9|11|214743276
15241|0x2ecaab9|12|429466558
15241|0x6ecaab9|13|855321517
15241|0x6ecaab9|14|1391121332
15241|0x6ecaab9|15|2819534002
15241|0x6ecaab9|16|5387625750
15241|0x46ecaab9|17|12227114606
15241|0xc6ecaab9|18|21586554279
15241|0x1c6ecaab9|19|43741413262
15241|0x1c6ecaab9|20|86522040261
15241|0x5c6ecaab9|21|174267798807
15241|0x5c6ecaab9|22|348295141010
15241|0x15c6ecaab9|23|693278896529
15241|0x15c6ecaab9|24|1389081567798
16079|0x82f|1|179318
16079|0x82f|2|401158
16079|0x82f|3|824587
16079|0x2082f|4|1660010
16079|0x2082f|5|3390767
16079|0x2082f|6|6710390
16079|0x2082f|7|13510572
16079|0x22082f|8|26984227
16079|0x22082f|9|53961753
16079|0xa2082f|10|107947657
16079|0x1a2082f|11|228239584
16079|0x1a2082f|12|431902748
16079|0x1a2082f|13|863982453
16079|0x1a2082f|14|1379989554
16079|0x11a2082f|15|3405251320
16079|0x11a2082f|16|5734366200
16079|0x11a2082f|17|10814371288
16079|0x91a2082f|18|21695672563
16079|0x191a2082f|19|43553259696
16079|0x391a2082f|20|86482491937
16079|0x391a2082f|21|174683642796
16079|0xb91a2082f|22|346233718756
16079|0xb91a2082f|23|693161660583
16079|0x2b91a2082f|24|1384084636507
16231|0x6c57|1|176255
16231|0x6c57|2|385423
16231|0x16c57|3|827232
16231|0x16c57|4|1666767
16231|0x56c57|5|3365780
16231|0xd6c57|6|6757198
16231|0x1d6c57|7|13495084
16231|0x1d6c57|8|27073110
16231|0x1d6c57|9|54039665
16231|0x9d6c57|10|108018525
16231|0x19d6c57|11|216364164
16231|0x19d6c57|12|432480804
16231|0x59d6c57|13|866079898
16231|0x59d6c57|14|1505982508
16231|0x59d6c57|15|3515533031
16231|0x59d6c57|16|5421863293
16231|0x59d6c57|17|10959839223
16231|0x59d6c57|18|21858743989
16231|0x59d6c57|19|43116338046
16231|0x59d6c57|20|88575486298
16231|0x4059d6c57|21|172587162930
16231|0x4059d6c57|22|346193064937
16231|0x4059d6c57|23|690387071692
16231|0x4059d6c57|24|1383923958729
16799|0x9a5f|1|300590
16799|0x9a5f|2|696225
16799|0x29a5f|3|1524451
16799|0x29a5f|4|3155271
16799|0x29a5f|5|6396311
16799|0x129a5f|6|12772824
16799|0x129a5f|7|25539162
16799|0x529a5f|8|51159919
16799|0xd29a5f|9|102333214
16799|0xd29a5f|10|204706037
16799|0xd29a5f|11|348672968
16799|0x4d29a5f|12|710978866
16799|0xcd29a5f|13|1651682384
16799|0x1cd29a5f|14|2814501422
16799|0x3cd29a5f|15|5529161652
16799|0x7cd29a5f|16|10964176658
16799|0x7cd29a5f|17|22465304109
16799|0x17cd29a5f|18|44133098068
16799|0x37cd29a5f|19|89563689472
16799|0x77cd29a5f|20|179242705210
16799|0xf7cd29a5f|21|357238950996
16799|0x1f7cd29a5f|22|714147764325
16799|0x1f7cd29a5f|23|1430111327080
16799|0x5f7cd29a5f|24|2860427224560
16975|0x94af|1|299546
16975|0x194af|2|721358
16975|0x394af|3|1530220
16975|0x394af|4|3179334
16975|0x394af|5|6321130
16975|0x1394af|6|12785963
16975|0x3394af|7|25561749
16975|0x7394af|8|51242708
16975|0x7394af|9|102408642
16975|0x7394af|10|204839898
16975|0x7394af|11|409692579
16975|0x7394af|12|819509275
16975|0x7394af|13|1640827627
16975|0x107394af|14|2865430083
16975|0x307394af|15|5472262606
16975|0x707394af|16|10781247503
16975|0xf07394af|17|21556437317
16975|0xf07394af|18|45989352359
16975|0xf07394af|19|88887077843
16975|0xf07394af|20|177770529455
16975|0x8f07394af|21|356671444081
16975|0x8f07394af|22|713509964513
16975|0x8f07394af|23|1434026109090
16975|0x48f07394af|24|2854935989491
17183|0x78df|1|299552
17183|0x178df|2|701948
17183|0x178df|3|1537389
17183|0x178df|4|3182528
17183|0x178df|5|6389291
17183|0x1178df|6|12823466
17183|0x1178df|7|25637815
17183|0x5178df|8|51289574
17183|0xd178df|9|102515412
17183|0xd178df|10|205022525
17183|0xd178df|11|410051831
17183|0x4d178df|12|820135355
17183|0xcd178df|13|1457039183
17183|0xcd178df|14|2845118510
17183|0x2cd178df|15|5468875610
17183|0x6cd178df|16|10784255614
17183|0x6cd178df|17|21808568497
17183|0x6cd178df|18|43481586981
17183|0x6cd178df|19|91353058592
17183|0x6cd178df|20|176953459105
17183|0x86cd178df|21|356856430876
17183|0x86cd178df|22|713221076435
17183|0x86cd178df|23|1431875341306
17183|0x86cd178df|24|2854171370688
17347|0x44eb|1|296859
17347|0x44eb|2|703752
17347|0x244eb|3|1542807
17347|0x644eb|4|3203031
17347|0x644eb|5|6412582
17347|0x1644eb|6|12788458
17347|0x1644eb|7|25615156
17347|0x1644eb|8|51248377
17347|0x1644eb|9|102514188
17347|0x11644eb|10|205125880
17347|0x11644eb|11|353346072
17347|0x11644eb|12|820652387
17347|0x91644eb|13|1513343770
17347|0x91644eb|14|2732141526
17347|0x91644eb|15|6359406017
17347|0x491644eb|16|13081777404
17347|0xc91644eb|17|21671688711
17347|0xc91644eb|18|45346959411
17347|0x2c91644eb|19|88707112772
17347|0x2c91644eb|20|178815151745
17347|0x2c91644eb|21|357200227525
17347|0x2c91644eb|22|712943510409
17347|0x2c91644eb|23|1431345419590
17347|0x42c91644eb|24|2852421532390
17921|0xba01|1|302141
17921|0x1ba01|2|711035
17921|0x3ba01|3|1591964
17921|0x3ba01|4|3164090
17921|0x3ba01|5|6388893
17921|0x3ba01|6|12817435
17921|0x23ba01|7|25714654
17921|0x23ba01|8|51434858
17921|0x23ba01|9|102781876
17921|0x123ba01|10|223796004
17921|0x323ba01|11|410762652
17921|0x323ba01|12|822278258
17921|0xb23ba01|13|1644523513
17921|0x1b23ba01|14|2741739908
17921|0x3b23ba01|15|5534823437
17921|0x3b23ba01|16|10835365068
17921|0x3b23ba01|17|21614106246
17921|0x3b23ba01|18|43600881685
17921|0x3b23ba01|19|88288774260
17921|0x43b23ba01|20|178223243789
17921|0x43b23ba01|21|356435300606
17921|0x143b23ba01|22|712039228144
17921|0x143b23ba01|23|1446361369743
17921|0x543b23ba01|24|1771613593996
18073|0xada9|1|169985
18073|0xada9|2|399235
18073|0xada9|3|877825
18073|0x4ada9|4|1937480
18073|0xcada9|5|3733225
18073|0x1cada9|6|7487573
18073|0x3cada9|7|15235204
18073|0x7cada9|8|30085646
18073|0x7cada9|9|60523206
18073|0x7cada9|10|120751791
18073|0x27cada9|11|241451517
18073|0x67cada9|12|492670616
18073|0xe7cada9|13|963895447
18073|0xe7cada9|14|1933198953
18073|0xe7cada9|15|3860075620
18073|0x4e7cada9|16|7674924640
18073|0x4e7cada9|17|13652433596
18073|0x14e7cada9|18|31538450496
18073|0x34e7cada9|19|53756615033
18073|0x34e7cada9|20|104889558540
18073|0x34e7cada9|21|211794631540
18073|0x134e7cada9|22|417853776538
18073|0x134e7cada9|23|836492510963
18073|0x134e7cada9|24|1674499755817
18189|0xdfc5|1|169596
18189|0x1dfc5|2|429691
18189|0x1dfc5|3|880340
18189|0x1dfc5|4|1768196
18189|0x9dfc5|5|3848992
18189|0x19dfc5|6|7465843
18189|0x39dfc5|7|14987311
18189|0x39dfc5|8|29914531
18189|0x39dfc5|9|60342216
18189|0x39dfc5|10|120411979
18189|0x39dfc5|11|241171261
18189|0x39dfc5|12|482777625
18189|0x39dfc5|13|966445405
18189|0x1039dfc5|14|1771999534
18189|0x3039dfc5|15|3837025260
18189|0x3039dfc5|16|6736776956
18189|0xb039dfc5|17|13316400568
18189|0x1b039dfc5|18|28523563981
18189|0x3b039dfc5|19|52591121795
18189|0x3b039dfc5|20|105968990069
18189|0x3b039dfc5|21|268569621183
18189|0x13b039dfc5|22|413221364956
18189|0x33b039dfc5|23|840359712196
18189|0x33b039dfc5|24|1847323300440
18291|0x35bb|1|300493
18291|0x135bb|2|715161
18291|0x335bb|3|1600146
18291|0x335bb|4|3193207
18291|0xb35bb|5|6364407
18291|0x1b35bb|6|12856430
18291|0x3b35bb|7|25704205
18291|0x3b35bb|8|51473811
18291|0xbb35bb|9|102854270
18291|0xbb35bb|10|205881745
18291|0xbb35bb|11|411701371
18291|0xbb35bb|12|823386215
18291|0xbb35bb|13|1646824663
18291|0xbb35bb|14|3138902927
18291|0xbb35bb|15|6054811118
18291|0x40bb35bb|16|11860446248
18291|0x40bb35bb|17|21575413344
18291|0x140bb35bb|18|45680043989
18291|0x140bb35bb|19|89321163278
18291|0x540bb35bb|20|180257692605
18291|0x540bb35bb|21|360041133138
18291|0x1540bb35bb|22|717921934869
18291|0x1540bb35bb|23|863316946672
18291|0x1540bb35bb|24|1663114284744
18419|0xa93b|1|190718
18419|0xa93b|2|456341
18419|0xa93b|3|944663
18419|0xa93b|4|1777018
18419|0xa93b|5|3580364
18419|0x10a93b|6|7399773
18419|0x10a93b|7|14832027
18419|0x50a93b|8|29579317
18419|0xd0a93b|9|59446631
18419|0x1d0a93b|10|118882031
18419|0x1d0a93b|11|237291200
18419|0x1d0a93b|12|439309913
18419|0x9d0a93b|13|949553115
18419|0x19d0a93b|14|1582363458
18419|0x39d0a93b|15|3796228397
18419|0x79d0a93b|16|7598178418
18419|0xf9d0a93b|17|12627904815
18419|0xf9d0a93b|18|29271178376
18419|0x2f9d0a93b|19|55175395835
18419|0x6f9d0a93b|20|105237453597
18419|0xef9d0a93b|21|339054919422
18419|0xef9d0a93b|22|712592316047
18419|0xef9d0a93b|23|948230487618
18419|0xef9d0a93b|24|1677270713740
18913|0xba21|1|238940
18913|0x1ba21|2|479450
18913|0x1ba21|3|848682
18913|0x1ba21|4|1751364
18913|0x9ba21|5|3870288
18913|0x9ba21|6|7514072
18913|0x29ba21|7|15046686
18913|0x69ba21|8|30294011
18913|0x69ba21|9|60559893
18913|0x169ba21|10|120788316
18913|0x169ba21|11|241901862
18913|0x569ba21|12|484110021
18913|0xd69ba21|13|967672077
18913|0x1d69ba21|14|1935998185
18913|0x1d69ba21|15|3871983569
18913|0x1d69ba21|16|7743749067
18913|0x1d69ba21|17|13464050709
18913|0x11d69ba21|18|26558913307
18913|0x31d69ba21|19|52533608166
18913|0x31d69ba21|20|104560632977
18913|0x31d69ba21|21|216442597615
18913|0x31d69ba21|22|416170883076
18913|0x231d69ba21|23|828890588816
18913|0x631d69ba21|24|1672024174656
19015|0x3f77|1|171176
19015|0x3f77|2|434153
19015|0x23f77|3|966584
19015|0x23f77|4|1871984
19015|0xa3f77|5|3584616
19015|0x1a3f77|6|7499078
19015|0x3a3f77|7|14672840
19015|0x3a3f77|8|29719928
19015|0xba3f77|9|59295124
19015|0xba3f77|10|118606879
19015|0x2ba3f77|11|237403413
19015|0x2ba3f77|12|475059524
19015|0xaba3f77|13|912597498
19015|0x1aba3f77|14|1684508548
19015|0x1aba3f77|15|3800394742
19015|0x5aba3f77|16|6390706398
19015|0x5aba3f77|17|13088066680
19015|0x15aba3f77|18|25950820117
19015|0x35aba3f77|19|53184419996
19015|0x35aba3f77|20|103914122537
19015|0xb5aba3f77|21|210364759567
19015|0xb5aba3f77|22|419864819204
19015|0x2b5aba3f77|23|837686971241
19015|0x6b5aba3f77|24|1668435639877
19131|0x6a73|1|168887
19131|0x16a73|2|417090
19131|0x36a73|3|852639
19131|0x76a73|4|1759116
19131|0x76a73|5|3866578
19131|0x176a73|6|7465253
19131|0x376a73|7|14969626
19131|0x776a73|8|29975724
19131|0x776a73|9|59934829
19131|0x776a73|10|120282394
19131|0x776a73|11|240399297
19131|0x4776a73|12|481572208
19131|0xc776a73|13|962577284
19131|0xc776a73|14|1924409326
19131|0x2c776a73|15|3849312889
19131|0x2c776a73|16|7474116725
19131|0x2c776a73|17|15398207562
19131|0x12c776a73|18|26928691300
19131|0x32c776a73|19|54230071434
19131|0x72c776a73|20|105086569757
19131|0xf2c776a73|21|210924075551
19131|0x1f2c776a73|22|419525682359
19131|0x3f2c776a73|23|830226839129
19131|0x3f2c776a73|24|1987917278932
19237|0xd8ad|1|171846
19237|0xd8ad|2|407660
19237|0x2d8ad|3|854150
19237|0x6d8ad|4|1935260
19237|0xed8ad|5|3745646
19237|0xed8ad|6|7507503
19237|0x2ed8ad|7|15296115
19237|0x6ed8ad|8|30200778
19237|0xeed8ad|9|60735749
19237|0xeed8ad|10|121195891
19237|0xeed8ad|11|242357862
19237|0x4eed8ad|12|484050321
19237|0x4eed8ad|13|969451298
19237|0x14eed8ad|14|1936543477
19237|0x14eed8ad|15|3169740411
19237|0x14eed8ad|16|6364602344
19237|0x14eed8ad|17|13012829209
19237|0x114eed8ad|18|27228924099
19237|0x314eed8ad|19|53515396576
19237|0x714eed8ad|20|105448801342
19237|0xf14eed8ad|21|212154313628
19237|0x1f14eed8ad|22|421535695404
19237|0x3f14eed8ad|23|829216116338
19237|0x7f14eed8ad|24|1686599853173
19353|0xd8a9|1|169593
19353|0x1d8a9|2|408327
19353|0x1d8a9|3|863455
19353|0x5d8a9|4|2034344
19353|0xdd8a9|5|3677967
19353|0xdd8a9|6|7752333
19353|0xdd8a9|7|15180943
19353|0x4dd8a9|8|30417321
19353|0x4dd8a9|9|60841032
19353|0x14dd8a9|10|121598909
19353|0x34dd8a9|11|243573870
19353|0x34dd8a9|12|486899440
19353|0xb4dd8a9|13|973982882
19353|0x1b4dd8a9|14|1948269321
19353|0x3b4dd8a9|15|3313028763
19353|0x7b4dd8a9|16|7792197691
19353|0xfb4dd8a9|17|13268549833
19353|0xfb4dd8a9|18|27027087533
19353|0x2fb4dd8a9|19|52832689520
19353|0x2fb4dd8a9|20|111049521011
19353|0xafb4dd8a9|21|215544788931
19353|0x1afb4dd8a9|22|416220635052
19353|0x1afb4dd8a9|23|831554247463
19353|0x5afb4dd8a9|24|1671207290818
19853|0xbd45|1|172146
19853|0xbd45|2|412356
19853|0x2bd45|3|864544
19853|0x2bd45|4|1963280
19853|0x2bd45|5|3738845
19853|0x12bd45|6|7634200
19853|0x12bd45|7|15288789
19853|0x52bd45|8|30519031
19853|0xd2bd45|9|60956672
19853|0x1d2bd45|10|121860921
19853|0x1d2bd45|11|244027614
19853|0x5d2bd45|12|488389319
19853|0xdd2bd45|13|975377344
19853|0xdd2bd45|14|1952374252
19853|0xdd2bd45|15|3819275689
19853|0xdd2bd45|16|7808403139
19853|0xdd2bd45|17|15644329855
19853|0xdd2bd45|18|27392431795
19853|0xdd2bd45|19|59745579566
19853|0xdd2bd45|20|104402302550
19853|0xdd2bd45|21|201477768501
19853|0x100dd2bd45|22|408568007684
19853|0x100dd2bd45|23|833389012772
19853|0x100dd2bd45|24|1672056636822
19951|0x810f|1|170262
19951|0x810f|2|412908
19951|0x2810f|3|866224
19951|0x2810f|4|2023906
19951|0xa810f|5|3650217
19951|0xa810f|6|7488733
19951|0x2a810f|7|15049177
19951|0x2a810f|8|30047735
19951|0xaa810f|9|60070678
19951|0xaa810f|10|119830503
19951|0xaa810f|11|240329035
19951|0xaa810f|12|480092323
19951|0x8aa810f|13|960527856
19951|0x8aa810f|14|1756542894
19951|0x28aa810f|15|3684634279
19951|0x68aa810f|16|7633727581
19951|0x68aa810f|17|13586142042
19951|0x168aa810f|18|28756067532
19951|0x168aa810f|19|54751649340
19951|0x568aa810f|20|104020702401
19951|0xd68aa810f|21|208297259337
19951|0xd68aa810f|22|419848284848
19951|0xd68aa810f|23|841043858898
19951|0xd68aa810f|24|2224532371430
20081|0xb291|1|310482
20081|0x1b291|2|739204
20081|0x1b291|3|1551362
20081|0x1b291|4|3230648
20081|0x9b291|5|6472577
20081|0x19b291|6|12929309
20081|0x19b291|7|25873974
20081|0x59b291|8|51725365
20081|0x59b291|9|103984495
20081|0x59b291|10|207110970
20081|0x59b291|11|414224336
20081|0x459b291|12|828497806
20081|0x459b291|13|1656236394
20081|0x459b291|14|2741586916
20081|0x459b291|15|5778823167
20081|0x4459b291|16|11348667721
20081|0xc459b291|17|21573548289
20081|0xc459b291|18|45289256911
20081|0x2c459b291|19|88649897937
20081|0x6c459b291|20|177602433017
20081|0x6c459b291|21|354836374225
20081|0x16c459b291|22|709750827397
20081|0x36c459b291|23|1435765818121
20081|0x36c459b291|24|2844426519879
20263|0x3097|1|311315
20263|0x3097|2|741070
20263|0x23097|3|1576893
20263|0x63097|4|3129701
20263|0x63097|5|6417898
20263|0x163097|6|12877433
20263|0x363097|7|25883923
20263|0x763097|8|51736622
20263|0x763097|9|103516639
20263|0x1763097|10|207168867
20263|0x3763097|11|414628253
20263|0x3763097|12|828967750
20263|0x3763097|13|1658351088
20263|0x3763097|14|3316701691
20263|0x3763097|15|5487043402
20263|0x3763097|16|11250891033
20263|0x3763097|17|21569263084
20263|0x3763097|18|43496401272
20263|0x203763097|19|89390730090
20263|0x203763097|20|177436808706
20263|0x203763097|21|304501964458
20263|0x203763097|22|444246128467
20263|0x2203763097|23|875636437792
20263|0x6203763097|24|1750750869617
20379|0x7e93|1|173643
20379|0x7e93|2|426727
20379|0x7e93|3|990346
20379|0x47e93|4|2019134
20379|0xc7e93|5|3810652
20379|0xc7e93|6|7786632
20379|0x2c7e93|7|15465912
20379|0x2c7e93|8|31316378
20379|0x2c7e93|9|62713257
20379|0x2c7e93|10|125145970
20379|0x22c7e93|11|250162749
20379|0x62c7e93|12|500389962
20379|0xe2c7e93|13|926266144
20379|0x1e2c7e93|14|1912342365
20379|0x1e2c7e93|15|3941827865
20379|0x1e2c7e93|16|6835948749
20379|0x1e2c7e93|17|15400520106
20379|0x1e2c7e93|18|28280528980
20379|0x21e2c7e93|19|53276414692
20379|0x21e2c7e93|20|107190785838
20379|0xa1e2c7e93|21|216882699933
20379|0x1a1e2c7e93|22|439427462747
20379|0x3a1e2c7e93|23|872999622541
20379|0x3a1e2c7e93|24|1750944724855
20861|0x6fd5|1|174591
20861|0x16fd5|2|419384
20861|0x36fd5|3|881572
20861|0x36fd5|4|2008050
20861|0x36fd5|5|3987737
20861|0x136fd5|6|7928959
20861|0x336fd5|7|15876184
20861|0x336fd5|8|31703279
20861|0xb36fd5|9|63899324
20861|0xb36fd5|10|127687702
20861|0x2b36fd5|11|255794008
20861|0x2b36fd5|12|510580649
20861|0xab36fd5|13|937228090
20861|0xab36fd5|14|1711340682
20861|0xab36fd5|15|3337026110
20861|0xab36fd5|16|7087032850
20861|0xab36fd5|17|13220094978
20861|0xab36fd5|18|26141991012
20861|0xab36fd5|19|52746572091
20861|0xab36fd5|20|104185865009
20861|0x80ab36fd5|21|216851171133
20861|0x180ab36fd5|22|438630044706
20861|0x380ab36fd5|23|873142745766
20861|0x780ab36fd5|24|1743475235683
20977|0x7f11|1|172333
20977|0x7f11|2|418044
20977|0x7f11|3|950968
20977|0x47f11|4|2037038
20977|0x47f11|5|3911945
20977|0x147f11|6|7932203
20977|0x147f11|7|16029857
20977|0x147f11|8|31861061
20977|0x947f11|9|63915611
20977|0x947f11|10|127898397
20977|0x947f11|11|255768526
20977|0x947f11|12|510964097
20977|0x8947f11|13|1023018559
20977|0x18947f11|14|2027095163
20977|0x38947f11|15|3526425688
20977|0x78947f11|16|6716387167
20977|0xf8947f11|17|13349950453
20977|0x1f8947f11|18|27230670826
20977|0x3f8947f11|19|55118828885
20977|0x7f8947f11|20|109301289767
20977|0xff8947f11|21|227370690382
20977|0x1ff8947f11|22|438752469318
20977|0x1ff8947f11|23|875527772215
20977|0x5ff8947f11|24|1750942360345
21081|0xd5e9|1|195808
21081|0x1d5e9|2|477994
21081|0x1d5e9|3|1020594
21081|0x1d5e9|4|1982635
21081|0x9d5e9|5|3922813
21081|0x19d5e9|6|8028132
21081|0x19d5e9|7|16042299
21081|0x19d5e9|8|32036236
21081|0x99d5e9|9|64215196
21081|0x99d5e9|10|128233359
21081|0x99d5e9|11|258141525
21081|0x499d5e9|12|515479283
21081|0x499d5e9|13|1030763090
21081|0x499d5e9|14|1915245173
21081|0x2499d5e9|15|3995067101
21081|0x2499d5e9|16|8161057615
21081|0x2499d5e9|17|16155424357
21081|0x2499d5e9|18|26501473918
21081|0x22499d5e9|19|54270901497
21081|0x22499d5e9|20|111742137500
21081|0xa2499d5e9|21|217354825676
21081|0xa2499d5e9|22|440352925904
21081|0xa2499d5e9|23|875965462785
21081|0x4a2499d5e9|24|1743682728752
21201|0x4631|1|198492
21201|0x14631|2|479108
21201|0x34631|3|1008224
21201|0x34631|4|2042682
21201|0xb4631|5|3904544
21201|0x1b4631|6|8042152
21201|0x1b4631|7|16103706
21201|0x5b4631|8|32121139
21201|0x5b4631|9|64386322
21201|0x15b4631|10|129448263
21201|0x15b4631|11|257957191
21201|0x15b4631|12|515324128
21201|0x95b4631|13|1031019608
21201|0x95b4631|14|2064195166
21201|0x295b4631|15|4125536683
21201|0x295b4631|16|8184722926
21201|0x295b4631|17|15268372958
21201|0x1295b4631|18|33332284009
21201|0x3295b4631|19|56035912896
21201|0x7295b4631|20|108387708690
21201|0xf295b4631|21|217961631836
21201|0xf295b4631|22|437674703059
21201|0x2f295b4631|23|877186166468
21201|0x6f295b4631|24|1742326821522
21313|0x3cc1|1|199718
21313|0x3cc1|2|495218
21313|0x23cc1|3|1010374
21313|0x63cc1|4|2032097
21313|0xe3cc1|5|3693608
21313|0x1e3cc1|6|7495578
21313|0x3e3cc1|7|15075826
21313|0x3e3cc1|8|31297888
21313|0xbe3cc1|9|64350095
21313|0xbe3cc1|10|128861283
21313|0x2be3cc1|11|258521861
21313|0x2be3cc1|12|515703737
21313|0x2be3cc1|13|1030288803
21313|0x2be3cc1|14|2068003109
21313|0x22be3cc1|15|3589238060
21313|0x22be3cc1|16|8192177305
21313|0xa2be3cc1|17|13621220113
21313|0x1a2be3cc1|18|27139647492
21313|0x3a2be3cc1|19|55099195871
21313|0x3a2be3cc1|20|108886391896
21313|0x3a2be3cc1|21|218992563775
21313|0x13a2be3cc1|22|444294782062
21313|0x13a2be3cc1|23|876755554201
21313|0x53a2be3cc1|24|1743051608277
21425|0x1551|1|183985
21425|0x1551|2|421248
21425|0x1551|3|928814
21425|0x1551|4|2051109
21425|0x81551|5|4103069
21425|0x81551|6|8047343
21425|0x81551|7|16170266
21425|0x81551|8|30416288
21425|0x881551|9|64927372
21425|0x1881551|10|130290334
21425|0x3881551|11|260282337
21425|0x3881551|12|521310272
21425|0x3881551|13|1040939600
21425|0x13881551|14|1878273490
21425|0x33881551|15|3728478182
21425|0x73881551|16|8242963736
21425|0x73881551|17|13340788617
21425|0x173881551|18|29045537167
21425|0x373881551|19|60723442214
21425|0x373881551|20|110208684429
21425|0xb73881551|21|218285234699
21425|0xb73881551|22|439352806940
21425|0x2b73881551|23|881135137870
21425|0x2b73881551|24|1754932911616
21899|0xaa23|1|215613
21899|0xaa23|2|422985
21899|0x2aa23|3|899798
21899|0x2aa23|4|1870781
21899|0x2aa23|5|4079767
21899|0x12aa23|6|8048555
21899|0x32aa23|7|15979862
21899|0x32aa23|8|32378224
21899|0x32aa23|9|64631518
21899|0x32aa23|10|129365930
21899|0x232aa23|11|258355789
21899|0x632aa23|12|516780218
21899|0x632aa23|13|1034896950
21899|0x1632aa23|14|2065881433
21899|0x3632aa23|15|4135913362
21899|0x7632aa23|16|7786536995
21899|0x7632aa23|17|15169134267
21899|0x17632aa23|18|26784141042
21899|0x37632aa23|19|54862633526
21899|0x37632aa23|20|110413070807
21899|0x37632aa23|21|220351240817
21899|0x37632aa23|22|437888907454
21899|0x237632aa23|23|877486508901
21899|0x237632aa23|24|1744579075805
22017|0xaa01|1|175482
22017|0x1aa01|2|403738
22017|0x3aa01|3|979697
22017|0x3aa01|4|1999993
22017|0x3aa01|5|3923050
22017|0x3aa01|6|8092459
22017|0x23aa01|7|16261300
22017|0x63aa01|8|32430298
22017|0xe3aa01|9|64555002
22017|0xe3aa01|10|129297726
22017|0xe3aa01|11|258970066
22017|0x4e3aa01|12|517208523
22017|0x4e3aa01|13|900734780
22017|0x4e3aa01|14|2069169245
22017|0x4e3aa01|15|3997122531
22017|0x4e3aa01|16|6689167694
22017|0x84e3aa01|17|14750313617
22017|0x184e3aa01|18|28779947056
22017|0x384e3aa01|19|54854759917
22017|0x384e3aa01|20|109368329663
22017|0xb84e3aa01|21|217671692894
22017|0x1b84e3aa01|22|451389665417
22017|0x1b84e3aa01|23|875949931826
22017|0x5b84e3aa01|24|1743346124040
22121|0x99d9|1|199980
22121|0x99d9|2|426287
22121|0x299d9|3|965394
22121|0x299d9|4|1900190
22121|0x299d9|5|4007983
22121|0x299d9|6|8056163
22121|0x299d9|7|15968754
22121|0x4299d9|8|32280396
22121|0x4299d9|9|64625101
22121|0x14299d9|10|129353093
22121|0x14299d9|11|258772879
22121|0x54299d9|12|464263521
22121|0xd4299d9|13|1035231340
22121|0x1d4299d9|14|2070148050
22121|0x3d4299d9|15|4147060242
22121|0x3d4299d9|16|7363925391
22121|0xbd4299d9|17|14041838918
22121|0xbd4299d9|18|27752438201
22121|0x2bd4299d9|19|59684547768
22121|0x6bd4299d9|20|109150116210
22121|0xebd4299d9|21|217122097185
22121|0xebd4299d9|22|438037706593
22121|0x2ebd4299d9|23|875337614731
22121|0x6ebd4299d9|24|1744701073767
22239|0xe51f|1|200675
22239|0xe51f|2|427333
22239|0xe51f|3|967509
22239|0xe51f|4|2018672
22239|0xe51f|5|3935108
22239|0xe51f|6|8112792
22239|0xe51f|7|16221683
22239|0x40e51f|8|32238999
22239|0xc0e51f|9|64606062
22239|0x1c0e51f|10|129351424
22239|0x1c0e51f|11|249178735
22239|0x5c0e51f|12|441774508
22239|0x5c0e51f|13|1035590583
22239|0x15c0e51f|14|2071496484
22239|0x15c0e51f|15|3672232261
22239|0x55c0e51f|16|6844276917
22239|0xd5c0e51f|17|13445488265
22239|0x1d5c0e51f|18|31744936879
22239|0x1d5c0e51f|19|54676375398
22239|0x1d5c0e51f|20|108907003300
22239|0x9d5c0e51f|21|217300154243
22239|0x9d5c0e51f|22|436496245555
22239|0x29d5c0e51f|23|846287663189
22239|0x69d5c0e51f|24|1668146514460
22351|0x5faf|1|220082
22351|0x5faf|2|376467
22351|0x25faf|3|945562
22351|0x25faf|4|1997464
22351|0x25faf|5|3629845
22351|0x25faf|6|7772686
22351|0x25faf|7|15235085
22351|0x425faf|8|30714238
22351|0x425faf|9|61441835
22351|0x1425faf|10|123284981
22351|0x3425faf|11|246050528
22351|0x3425faf|12|491849566
22351|0x3425faf|13|968198877
22351|0x13425faf|14|1665189854
22351|0x13425faf|15|3603791658
22351|0x13425faf|16|6497979416
22351|0x93425faf|17|13094562291
22351|0x193425faf|18|25699773624
22351|0x193425faf|19|52044673053
22351|0x193425faf|20|103092455876
22351|0x993425faf|21|208170491086
22351|0x993425faf|22|416654400210
22351|0x993425faf|23|831553796577
22351|0x993425faf|24|1667383965110
22461|0x1b95|1|200556
22461|0x1b95|2|428223
22461|0x1b95|3|968749
22461|0x41b95|4|1876914
22461|0xc1b95|5|3828912
22461|0x1c1b95|6|7784900
22461|0x3c1b95|7|15368352
22461|0x7c1b95|8|31008971
22461|0x7c1b95|9|61712590
22461|0x17c1b95|10|122924469
22461|0x37c1b95|11|246673897
22461|0x37c1b95|12|494242194
22461|0x37c1b95|13|797594610
22461|0x37c1b95|14|1881301063
22461|0x37c1b95|15|3768895840
22461|0x437c1b95|16|7710682860
22461|0x437c1b95|17|12808288848
22461|0x1437c1b95|18|26756089028
22461|0x3437c1b95|19|52329929774
22461|0x3437c1b95|20|103720690264
22461|0xb437c1b95|21|207895764136
22461|0xb437c1b95|22|416312224279
22461|0xb437c1b95|23|828691080080
22461|0x4b437c1b95|24|1658029424578
22935|0xb627|1|177049
22935|0x1b627|2|403084
22935|0x3b627|3|978343
22935|0x7b627|4|1938100
22935|0x7b627|5|3405216
22935|0x7b627|6|7159871
22935|0x27b627|7|14471642
22935|0x67b627|8|28771598
22935|0xe7b627|9|57500843
22935|0x1e7b627|10|113678015
22935|0x3e7b627|11|228509704
22935|0x7e7b627|12|490391942
22935|0xfe7b627|13|991557820
22935|0x1fe7b627|14|1955325554
22935|0x3fe7b627|15|3924514528
22935|0x7fe7b627|16|6638432422
22935|0x7fe7b627|17|13050299315
22935|0x17fe7b627|18|26130437439
22935|0x37fe7b627|19|55516523720
22935|0x37fe7b627|20|105955887758
22935|0xb7fe7b627|21|209728023302
22935|0xb7fe7b627|22|415990843566
22935|0xb7fe7b627|23|831522232209
22935|0x4b7fe7b627|24|1662095943097
23027|0xe73b|1|177239
23027|0x1e73b|2|379280
23027|0x3e73b|3|862524
23027|0x3e73b|4|1843611
23027|0xbe73b|5|3938651
23027|0x1be73b|6|7643663
23027|0x3be73b|7|15304122
23027|0x7be73b|8|30795252
23027|0x7be73b|9|61244664
23027|0x17be73b|10|122511012
23027|0x17be73b|11|244992934
23027|0x57be73b|12|540165915
23027|0xd7be73b|13|976204156
23027|0xd7be73b|14|1703447587
23027|0x2d7be73b|15|3329995410
23027|0x6d7be73b|16|7236915815
23027|0x6d7be73b|17|14117411378
23027|0x6d7be73b|18|26899034157
23027|0x6d7be73b|19|52724548716
23027|0x6d7be73b|20|103812105467
23027|0x86d7be73b|21|208675509552
23027|0x186d7be73b|22|415019919862
23027|0x186d7be73b|23|829076669753
23027|0x586d7be73b|24|1661802518906
23141|0xc76d|1|182796
23141|0x1c76d|2|382575
23141|0x1c76d|3|894715
23141|0x1c76d|4|2012252
23141|0x1c76d|5|3470649
23141|0x11c76d|6|7158943
23141|0x31c76d|7|14601348
23141|0x71c76d|8|28496089
23141|0x71c76d|9|56315043
23141|0x171c76d|10|114421778
23141|0x371c76d|11|225185399
23141|0x771c76d|12|460080647
23141|0x771c76d|13|988796299
23141|0x1771c76d|14|1643855046
23141|0x1771c76d|15|3406090918
23141|0x5771c76d|16|6839471879
23141|0xd771c76d|17|13918454447
23141|0x1d771c76d|18|26582242172
23141|0x1d771c76d|19|52303914252
23141|0x1d771c76d|20|105267042279
23141|0x9d771c76d|21|211399500643
23141|0x9d771c76d|22|417157450809
23141|0x29d771c76d|23|833157069533
23141|0x69d771c76d|24|1665596884263
23245|0x2205|1|178183
23245|0x12205|2|380751
23245|0x32205|3|865778
23245|0x32205|4|1920242
23245|0xb2205|5|3813646
23245|0xb2205|6|7670481
23245|0x2b2205|7|15536909
23245|0x2b2205|8|30891555
23245|0xab2205|9|61649499
23245|0x1ab2205|10|123293096
23245|0x1ab2205|11|246976433
23245|0x1ab2205|12|493664200
23245|0x1ab2205|13|819704429
23245|0x1ab2205|14|1665231786
23245|0x1ab2205|15|3280985782
23245|0x1ab2205|16|6391971012
23245|0x81ab2205|17|12913807908
23245|0x81ab2205|18|25609177505
23245|0x281ab2205|19|52469095892
23245|0x281ab2205|20|104611355015
23245|0xa81ab2205|21|207082429150
23245|0xa81ab2205|22|416038584110
23245|0xa81ab2205|23|831871983025
23245|0xa81ab2205|24|1657488758591
23361|0x34c1|1|175840
23361|0x34c1|2|381265
23361|0x234c1|3|997246
23361|0x234c1|4|1988550
23361|0x234c1|5|3707135
23361|0x1234c1|6|7781173
23361|0x3234c1|7|15260068
23361|0x3234c1|8|30819502
23361|0xb234c1|9|61742550
23361|0xb234c1|10|123763573
23361|0x2b234c1|11|247084495
23361|0x2b234c1|12|494137042
23361|0xab234c1|13|988378225
23361|0x1ab234c1|14|1617974702
23361|0x3ab234c1|15|3254122524
23361|0x7ab234c1|16|6489028959
23361|0xfab234c1|17|12827927876
23361|0x1fab234c1|18|26366692912
23361|0x3fab234c1|19|52301852885
23361|0x3fab234c1|20|104537441580
23361|0x3fab234c1|21|208216299247
23361|0x3fab234c1|22|417011108910
23361|0x23fab234c1|23|826896354029
23361|0x63fab234c1|24|2022156012368
23479|0x7207|1|318242
23479|0x7207|2|683203
23479|0x27207|3|1570054
23479|0x27207|4|3227666
23479|0xa7207|5|6535190
23479|0xa7207|6|13035988
23479|0xa7207|7|26205157
23479|0xa7207|8|52349532
23479|0xa7207|9|104844939
23479|0xa7207|10|209692158
23479|0x20a7207|11|419382497
23479|0x60a7207|12|838802320
23479|0xe0a7207|13|1688291342
23479|0xe0a7207|14|2927741232
23479|0xe0a7207|15|5476208574
23479|0x4e0a7207|16|11495819343
23479|0xce0a7207|17|21744121983
23479|0x1ce0a7207|18|44158206802
23479|0x1ce0a7207|19|88043192341
23479|0x1ce0a7207|20|176286510231
23479|0x9ce0a7207|21|354154281579
23479|0x9ce0a7207|22|549993947358
23479|0x9ce0a7207|23|1058446888215
23479|0x49ce0a7207|24|2094163917390
23989|0x689d|1|204107
23989|0x1689d|2|436761
23989|0x1689d|3|996052
23989|0x1689d|4|2017897
23989|0x1689d|5|3937556
23989|0x1689d|6|8140264
23989|0x1689d|7|16502340
23989|0x1689d|8|32672898
23989|0x1689d|9|65418082
23989|0x1689d|10|131436708
23989|0x1689d|11|262723544
23989|0x401689d|12|525609859
23989|0xc01689d|13|1050517140
23989|0xc01689d|14|1866353414
23989|0xc01689d|15|4057676603
23989|0xc01689d|16|6747101189
23989|0xc01689d|17|13614705295
23989|0x10c01689d|18|27949344038
23989|0x30c01689d|19|63354719715
23989|0x70c01689d|20|109903750443
23989|0xf0c01689d|21|226637448178
23989|0xf0c01689d|22|433579393099
23989|0xf0c01689d|23|907908145466
23989|0xf0c01689d|24|1726628465477
24103|0x3197|1|205516
24103|0x13197|2|398079
24103|0x13197|3|878100
24103|0x53197|4|2008281
24103|0x53197|5|4113914
24103|0x53197|6|8039935
24103|0x53197|7|16304960
24103|0x53197|8|32884521
24103|0x53197|9|65475318
24103|0x1053197|10|130801652
24103|0x1053197|11|261490721
24103|0x1053197|12|447011458
24103|0x1053197|13|1034978715
24103|0x11053197|14|1834229352
24103|0x11053197|15|4185369716
24103|0x11053197|16|7910431420
24103|0x91053197|17|13504530633
24103|0x91053197|18|27366063602
24103|0x291053197|19|63271737534
24103|0x691053197|20|110089643950
24103|0x691053197|21|215441162961
24103|0x691053197|22|435283194421
24103|0x691053197|23|880907470222
24103|0x4691053197|24|1912999018493
24221|0x17b5|1|340105
24221|0x117b5|2|688166
24221|0x117b5|3|1573272
24221|0x117b5|4|3183753
24221|0x117b5|5|6512645
24221|0x117b5|6|13126135
24221|0x2117b5|7|26201958
24221|0x2117b5|8|52583042
24221|0x2117b5|9|105079613
24221|0x12117b5|10|210172571
24221|0x12117b5|11|341906549
24221|0x12117b5|12|840951022
24221|0x92117b5|13|1682180094
24221|0x92117b5|14|2734930919
24221|0x92117b5|15|5424272898
24221|0x492117b5|16|13457760204
24221|0x492117b5|17|21571696689
24221|0x1492117b5|18|43413803849
24221|0x1492117b5|19|87051993078
24221|0x5492117b5|20|179105176818
24221|0xd492117b5|21|304057442063
24221|0xd492117b5|22|492487051446
24221|0xd492117b5|23|1222593786381
24221|0xd492117b5|24|2016437806973
24365|0x48a5|1|320284
24365|0x48a5|2|690519
24365|0x248a5|3|1574473
24365|0x648a5|4|3200202
24365|0x648a5|5|6515182
24365|0x1648a5|6|13133031
24365|0x3648a5|7|26291544
24365|0x3648a5|8|52580503
24365|0xb648a5|9|105249646
24365|0x1b648a5|10|210213354
24365|0x3b648a5|11|338535382
24365|0x7b648a5|12|841120318
24365|0x7b648a5|13|1425889957
24365|0x7b648a5|14|3365740014
24365|0x7b648a5|15|5398471738
24365|0x7b648a5|16|11671768873
24365|0x7b648a5|17|21643077109
24365|0x7b648a5|18|43346177023
24365|0x207b648a5|19|87756597284
24365|0x207b648a5|20|175760350052
24365|0xa07b648a5|21|352442139855
24365|0xa07b648a5|22|702773092197
24365|0x2a07b648a5|23|1376077473185
24365|0x6a07b648a5|24|1767887079584
24507|0x8d73|1|320796
24507|0x18d73|2|691385
24507|0x18d73|3|1578529
24507|0x18d73|4|3204482
24507|0x18d73|5|6536461
24507|0x18d73|6|13059917
24507|0x218d73|7|26315145
24507|0x218d73|8|52593916
24507|0x218d73|9|105190591
24507|0x218d73|10|210385462
24507|0x218d73|11|420816653
24507|0x4218d73|12|841770449
24507|0xc218d73|13|1687789673
24507|0x1c218d73|14|3365530192
24507|0x1c218d73|15|5445719035
24507|0x1c218d73|16|11675235491
24507|0x1c218d73|17|25028774717
24507|0x11c218d73|18|44229244471
24507|0x11c218d73|19|88852304123
24507|0x11c218d73|20|178771543559
24507|0x11c218d73|21|351803682463
24507|0x11c218d73|22|702837855861
24507|0x11c218d73|23|1404674386351
24507|0x411c218d73|24|1808964011894
25025|0xae41|1|178817
25025|0xae41|2|405753
25025|0x2ae41|3|1004542
25025|0x6ae41|4|2040437
25025|0x6ae41|5|4016697
25025|0x16ae41|6|8121600
25025|0x36ae41|7|16370100
25025|0x76ae41|8|32796151
25025|0xf6ae41|9|65778433
25025|0xf6ae41|10|131186674
25025|0x2f6ae41|11|262333566
25025|0x6f6ae41|12|449163811
25025|0xef6ae41|13|1049457334
25025|0xef6ae41|14|1689305876
25025|0xef6ae41|15|4212045850
25025|0x4ef6ae41|16|7622528410
25025|0x4ef6ae41|17|15137398254
25025|0x14ef6ae41|18|29116819564
25025|0x14ef6ae41|19|53700466288
25025|0x14ef6ae41|20|107587910859
25025|0x94ef6ae41|21|216296340348
25025|0x194ef6ae41|22|434762879248
25025|0x194ef6ae41|23|904099413515
25025|0x194ef6ae41|24|2129688840833
25149|0xc515|1|378888
25149|0x1c515|2|696396
25149|0x3c515|3|1596972
25149|0x3c515|4|3234592
25149|0xbc515|5|6509995
25149|0xbc515|6|13091557
25149|0xbc515|7|26330911
25149|0x4bc515|8|52677592
25149|0xcbc515|9|105369223
25149|0xcbc515|10|210866886
25149|0x2cbc515|11|421872042
25149|0x6cbc515|12|843690369
25149|0x6cbc515|13|1687308244
25149|0x6cbc515|14|2720664839
25149|0x26cbc515|15|5569805625
25149|0x66cbc515|16|11007659650
25149|0xe6cbc515|17|21574097369
25149|0x1e6cbc515|18|44478966695
25149|0x3e6cbc515|19|87567407419
25149|0x3e6cbc515|20|175097394474
25149|0xbe6cbc515|21|351036894007
25149|0x1be6cbc515|22|702146696499
25149|0x1be6cbc515|23|1073224604882
25149|0x1be6cbc515|24|2712673870795
25321|0x9559|1|323408
25321|0x9559|2|697437
25321|0x9559|3|1599137
25321|0x49559|4|3248076
25321|0xc9559|5|6531492
25321|0xc9559|6|13119136
25321|0x2c9559|7|26257600
25321|0x6c9559|8|42068156
25321|0x6c9559|9|105381126
25321|0x6c9559|10|192163766
25321|0x6c9559|11|365439779
25321|0x46c9559|12|843662328
25321|0xc6c9559|13|1671380578
25321|0xc6c9559|14|2701750554
25321|0x2c6c9559|15|5627629909
25321|0x2c6c9559|16|11621608666
25321|0x2c6c9559|17|21794756557
25321|0x2c6c9559|18|43215590609
25321|0x22c6c9559|19|87822582723
25321|0x62c6c9559|20|175104762798
25321|0x62c6c9559|21|350674145745
25321|0x62c6c9559|22|701117228150
25321|0x262c6c9559|23|1407675651917
25321|0x662c6c9559|24|2805218920959
25491|0x329b|1|340112
25491|0x1329b|2|695541
25491|0x3329b|3|1605384
25491|0x3329b|4|3248580
25491|0xb329b|5|6534616
25491|0xb329b|6|13172045
25491|0xb329b|7|26422821
25491|0xb329b|8|52710578
25491|0xb329b|9|105493919
25491|0x10b329b|10|211039214
25491|0x30b329b|11|422075991
25491|0x70b329b|12|844164775
25491|0x70b329b|13|1688533557
25491|0x70b329b|14|2811535823
25491|0x270b329b|15|5640841594
25491|0x670b329b|16|10892111255
25491|0xe70b329b|17|21981873601
25491|0xe70b329b|18|44450222681
25491|0x2e70b329b|19|88081505119
25491|0x6e70b329b|20|175704304443
25491|0x6e70b329b|21|351040110006
25491|0x16e70b329b|22|700987263122
25491|0x16e70b329b|23|1402147932677
25491|0x16e70b329b|24|2812007773384
26051|0xb2eb|1|325736
26051|0x1b2eb|2|703701
26051|0x3b2eb|3|1642750
26051|0x3b2eb|4|3260005
26051|0xbb2eb|5|6578898
26051|0xbb2eb|6|13179339
26051|0xbb2eb|7|26393440
26051|0xbb2eb|8|60351699
26051|0x8bb2eb|9|112248710
26051|0x8bb2eb|10|211394226
26051|0x8bb2eb|11|422811618
26051|0x8bb2eb|12|845786454
26051|0x88bb2eb|13|1734772789
26051|0x88bb2eb|14|3334551605
26051|0x288bb2eb|15|5848961596
26051|0x288bb2eb|16|10854809911
26051|0x288bb2eb|17|22478395785
26051|0x288bb2eb|18|44256130317
26051|0x2288bb2eb|19|88367399259
26051|0x6288bb2eb|20|176359189730
26051|0x6288bb2eb|21|350063444054
26051|0x16288bb2eb|22|699803243502
26051|0x36288bb2eb|23|1403220217540
26051|0x76288bb2eb|24|2803964379414
26219|0x1643|1|318171
26219|0x1643|2|701424
26219|0x1643|3|1507828
26219|0x1643|4|3178201
26219|0x81643|5|6495057
26219|0x81643|6|13108395
26219|0x81643|7|26337383
26219|0x481643|8|52773639
26219|0x481643|9|105632133
26219|0x1481643|10|211418979
26219|0x3481643|11|422943310
26219|0x3481643|12|845999390
26219|0xb481643|13|1692353974
26219|0x1b481643|14|3185464791
26219|0x3b481643|15|5534889245
26219|0x3b481643|16|10807358099
26219|0xbb481643|17|21542744252
26219|0x1bb481643|18|44209420330
26219|0x1bb481643|19|87762974299
26219|0x1bb481643|20|176065262484
26219|0x9bb481643|21|351989556485
26219|0x19bb481643|22|700795529479
26219|0x39bb481643|23|1403089755184
26219|0x79bb481643|24|2797770096071
26401|0xdce1|1|326107
26401|0x1dce1|2|707309
26401|0x1dce1|3|1514105
26401|0x5dce1|4|3184001
26401|0x5dce1|5|6505367
26401|0x5dce1|6|13138520
26401|0x25dce1|7|26458383
26401|0x65dce1|8|52823945
26401|0x65dce1|9|105753536
26401|0x165dce1|10|211665052
26401|0x365dce1|11|423215363
26401|0x765dce1|12|677290925
26401|0x765dce1|13|1693142940
26401|0x1765dce1|14|2815102719
26401|0x1765dce1|15|5485896992
26401|0x1765dce1|16|10827971210
26401|0x1765dce1|17|21642957251
26401|0x11765dce1|18|43909210683
26401|0x31765dce1|19|88553487863
26401|0x31765dce1|20|178684289783
26401|0x31765dce1|21|352497249446
26401|0x131765dce1|22|699909074337
26401|0x331765dce1|23|1398560802911
26401|0x331765dce1|24|2803953388774
26577|0x5131|1|326902
26577|0x15131|2|708381
26577|0x35131|3|1517159
26577|0x35131|4|3197736
26577|0x35131|5|6534026
26577|0x35131|6|13192776
26577|0x235131|7|26368714
26577|0x235131|8|49259281
26577|0xa35131|9|98647384
26577|0x1a35131|10|196874611
26577|0x1a35131|11|423653573
26577|0x5a35131|12|847486540
26577|0x5a35131|13|1370244032
26577|0x15a35131|14|2795127946
26577|0x35a35131|15|5752816591
26577|0x35a35131|16|10778335299
26577|0xb5a35131|17|21782509978
26577|0x1b5a35131|18|47528233515
26577|0x3b5a35131|19|87209904260
26577|0x7b5a35131|20|174963581426
26577|0x7b5a35131|21|349565293278
26577|0x7b5a35131|22|698727077477
26577|0x27b5a35131|23|1398181332983
26577|0x27b5a35131|24|2798905445479
27107|0x23cb|1|328314
27107|0x23cb|2|712662
27107|0x223cb|3|1530487
27107|0x623cb|4|3225221
27107|0x623cb|5|6583742
27107|0x623cb|6|13198478
27107|0x2623cb|7|26475634
27107|0x2623cb|8|42054259
27107|0xa623cb|9|97952505
27107|0xa623cb|10|212019684
27107|0xa623cb|11|424141602
27107|0xa623cb|12|848525079
27107|0x8a623cb|13|1649481820
27107|0x18a623cb|14|2952293885
27107|0x18a623cb|15|5930240420
27107|0x18a623cb|16|11018761546
27107|0x18a623cb|17|21826772339
27107|0x18a623cb|18|43124160386
27107|0x218a623cb|19|88627098860
27107|0x218a623cb|20|174024283551
27107|0xa18a623cb|21|348964670888
27107|0x1a18a623cb|22|697883053498
27107|0x1a18a623cb|23|1396054137609
27107|0x5a18a623cb|24|2791797405431
27293|0x6bb5|1|328782
27293|0x16bb5|2|714458
27293|0x16bb5|3|1555816
27293|0x16bb5|4|3232847
27293|0x96bb5|5|6589141
27293|0x96bb5|6|13216547
27293|0x296bb5|7|26453177
27293|0x296bb5|8|52993582
27293|0x296bb5|9|106097724
27293|0x296bb5|10|212186841
27293|0x296bb5|11|424472872
27293|0x296bb5|12|849009306
27293|0x296bb5|13|1507068116
27293|0x296bb5|14|3396830594
27293|0x296bb5|15|5436511181
27293|0x40296bb5|16|11309351066
27293|0xc0296bb5|17|21695407146
27293|0x1c0296bb5|18|43953878825
27293|0x1c0296bb5|19|87507219909
27293|0x5c0296bb5|20|174609480422
27293|0xdc0296bb5|21|350028683193
27293|0xdc0296bb5|22|697789808447
27293|0xdc0296bb5|23|1396080693859
27293|0xdc0296bb5|24|2790442990353
27469|0xc585|1|329728
27469|0xc585|2|716261
27469|0x2c585|3|1562323
27469|0x6c585|4|3218788
27469|0xec585|5|6625650
27469|0xec585|6|13241174
27469|0xec585|7|26499778
27469|0xec585|8|53019174
27469|0xec585|9|106147365
27469|0x10ec585|10|212339085
27469|0x30ec585|11|393834640
27469|0x30ec585|12|789376996
27469|0xb0ec585|13|1628423486
27469|0xb0ec585|14|2938813679
27469|0xb0ec585|15|5725412016
27469|0xb0ec585|16|11969147191
27469|0x8b0ec585|17|21613741805
27469|0x18b0ec585|18|43285896146
27469|0x38b0ec585|19|88313553309
27469|0x38b0ec585|20|175301618022
27469|0x38b0ec585|21|348727280464
27469|0x138b0ec585|22|697178623884
27469|0x138b0ec585|23|1394381274519
27469|0x138b0ec585|24|2789085609994
27647|0x93ff|1|329766
27647|0x193ff|2|717630
27647|0x393ff|3|1574605
27647|0x793ff|4|3250698
27647|0xf93ff|5|6537600
27647|0xf93ff|6|13177048
27647|0x2f93ff|7|26447555
27647|0x6f93ff|8|53111898
27647|0x6f93ff|9|106316406
27647|0x6f93ff|10|212672330
27647|0x26f93ff|11|425437131
27647|0x26f93ff|12|851127324
27647|0x26f93ff|13|1608772296
27647|0x126f93ff|14|2965245364
27647|0x126f93ff|15|5661511378
27647|0x126f93ff|16|11166260099
27647|0x126f93ff|17|21613040618
27647|0x1126f93ff|18|44041658182
27647|0x3126f93ff|19|87326754894
27647|0x7126f93ff|20|177143284694
27647|0x7126f93ff|21|348869027135
27647|0x7126f93ff|22|700074381054
27647|0x7126f93ff|23|1398624012840
27647|0x47126f93ff|24|2792433788113
28209|0x2ad1|1|327301
28209|0x2ad1|2|755057
28209|0x22ad1|3|1554622
28209|0x22ad1|4|3300723
28209|0x22ad1|5|6585408
28209|0x122ad1|6|13298256
28209|0x322ad1|7|26603350
28209|0x322ad1|8|53211417
28209|0x322ad1|9|106466717
28209|0x322ad1|10|213074896
28209|0x322ad1|11|426219338
28209|0x322ad1|12|822520614
28209|0x8322ad1|13|1705143977
28209|0x8322ad1|14|2722697461
28209|0x28322ad1|15|5649670853
28209|0x68322ad1|16|10804950819
28209|0xe8322ad1|17|21568824176
28209|0xe8322ad1|18|43966876363
28209|0x2e8322ad1|19|87211264583
28209|0x6e8322ad1|20|174482217692
28209|0xee8322ad1|21|349080578424
28209|0xee8322ad1|22|697531333919
28209|0x2ee8322ad1|23|1399351862053
28209|0x6ee8322ad1|24|2789224515279
28391|0xc4d7|1|331321
28391|0xc4d7|2|724141
28391|0x2c4d7|3|1583532
28391|0x6c4d7|4|3259830
28391|0x6c4d7|5|6607947
28391|0x16c4d7|6|13215931
28391|0x36c4d7|7|26538130
28391|0x36c4d7|8|53223594
28391|0x36c4d7|9|106546765
28391|0x36c4d7|10|213132821
28391|0x236c4d7|11|426402568
28391|0x236c4d7|12|884259086
28391|0xa36c4d7|13|1467553572
28391|0xa36c4d7|14|2834611455
28391|0xa36c4d7|15|5416348922
28391|0x4a36c4d7|16|10779844973
28391|0xca36c4d7|17|21867331361
28391|0xca36c4d7|18|44197917792
28391|0x2ca36c4d7|19|86893343542
28391|0x2ca36c4d7|20|177088858440
28391|0xaca36c4d7|21|348821038600
28391|0xaca36c4d7|22|696607861129
28391|0x2aca36c4d7|23|1393546248670
28391|0x2aca36c4d7|24|2786668883111
28565|0x63bd|1|370251
28565|0x163bd|2|725568
28565|0x363bd|3|1560152
28565|0x363bd|4|3297713
28565|0xb63bd|5|6610164
28565|0xb63bd|6|13241177
28565|0x2b63bd|7|26658203
28565|0x2b63bd|8|53225357
28565|0xab63bd|9|106576616
28565|0xab63bd|10|213359516
28565|0xab63bd|11|426704209
28565|0x4ab63bd|12|735938964
28565|0xcab63bd|13|1374861887
28565|0x1cab63bd|14|3406739982
28565|0x1cab63bd|15|5492973765
28565|0x1cab63bd|16|11559851220
28565|0x1cab63bd|17|21563860405
28565|0x11cab63bd|18|43301741318
28565|0x11cab63bd|19|87031625592
28565|0x51cab63bd|20|175170096147
28565|0xd1cab63bd|21|348406157662
28565|0x1d1cab63bd|22|696749240450
28565|0x3d1cab63bd|23|1392261621638
28565|0x3d1cab63bd|24|2784770605914
29119|0x7e3f|1|329900
29119|0x7e3f|2|726541
29119|0x7e3f|3|1592910
29119|0x7e3f|4|3319227
29119|0x87e3f|5|6652593
29119|0x187e3f|6|13369884
29119|0x187e3f|7|26702646
29119|0x187e3f|8|56902102
29119|0x187e3f|9|101910048
29119|0x187e3f|10|209688118
29119|0x2187e3f|11|340880196
29119|0x2187e3f|12|676332171
29119|0x2187e3f|13|1449174094
29119|0x2187e3f|14|2883959965
29119|0x22187e3f|15|5486335010
29119|0x62187e3f|16|10967996290
29119|0x62187e3f|17|21583676088
29119|0x62187e3f|18|54727625976
29119|0x262187e3f|19|87591303188
29119|0x662187e3f|20|178488971395
29119|0x662187e3f|21|349933652513
29119|0x1662187e3f|22|695982761294
29119|0x1662187e3f|23|1395569513645
29119|0x1662187e3f|24|2781090531907
29301|0x4ddd|1|334416
29301|0x4ddd|2|731953
29301|0x4ddd|3|1576450
29301|0x4ddd|4|3199110
29301|0x4ddd|5|6560194
29301|0x104ddd|6|13248381
29301|0x304ddd|7|26692298
29301|0x704ddd|8|42140700
29301|0x704ddd|9|106867572
29301|0x704ddd|10|213791814
29301|0x2704ddd|11|427691545
29301|0x2704ddd|12|695512122
29301|0x2704ddd|13|1711088433
29301|0x2704ddd|14|2817967406
29301|0x22704ddd|15|6022077494
29301|0x62704ddd|16|11598587083
29301|0x62704ddd|17|22199040643
29301|0x162704ddd|18|43623057146
29301|0x162704ddd|19|88218703472
29301|0x162704ddd|20|173972576921
29301|0x962704ddd|21|348024347030
29301|0x962704ddd|22|695468911731
29301|0x2962704ddd|23|1390333917547
29301|0x6962704ddd|24|2780447486183
29475|0x548b|1|334568
29475|0x548b|2|732597
29475|0x2548b|3|1580049
29475|0x6548b|4|3215359
29475|0xe548b|5|6600412
29475|0x1e548b|6|13292951
29475|0x3e548b|7|26718892
29475|0x3e548b|8|53458151
29475|0xbe548b|9|106897669
29475|0xbe548b|10|213941082
29475|0x2be548b|11|427984538
29475|0x2be548b|12|856018643
29475|0x2be548b|13|1693875179
29475|0x2be548b|14|2981446769
29475|0x22be548b|15|5395737387
29475|0x62be548b|16|10827858982
29475|0x62be548b|17|21686165933
29475|0x162be548b|18|44211512381
29475|0x162be548b|19|87405665338
29475|0x562be548b|20|175168950469
29475|0xd62be548b|21|350303370091
29475|0x1d62be548b|22|699834719172
29475|0x3d62be548b|23|1391194069888
29475|0x7d62be548b|24|2778843245690
29661|0x7c75|1|335802
29661|0x7c75|2|736848
29661|0x7c75|3|1608848
29661|0x47c75|4|3221602
29661|0xc7c75|5|6582285
29661|0x1c7c75|6|13341798
29661|0x1c7c75|7|26671196
29661|0x1c7c75|8|53510893
29661|0x9c7c75|9|106946320
29661|0x19c7c75|10|190348233
29661|0x19c7c75|11|428193342
29661|0x19c7c75|12|731731584
29661|0x19c7c75|13|1433514920
29661|0x119c7c75|14|3384340990
29661|0x119c7c75|15|5426456778
29661|0x119c7c75|16|10826778685
29661|0x919c7c75|17|21643342359
29661|0x1919c7c75|18|43475644348
29661|0x1919c7c75|19|87266452478
29661|0x5919c7c75|20|174738057660
29661|0xd919c7c75|21|347648948388
29661|0xd919c7c75|22|694988940672
29661|0x2d919c7c75|23|1389251971770
29661|0x6d919c7c75|24|2780427941976
30195|0x2b3b|1|337462
30195|0x12b3b|2|739758
30195|0x32b3b|3|1623126
30195|0x72b3b|4|3253835
30195|0x72b3b|5|6623006
30195|0x172b3b|6|13307949
30195|0x172b3b|7|26742044
30195|0x572b3b|8|53543888
30195|0xd72b3b|9|107170463
30195|0x1d72b3b|10|214408106
30195|0x3d72b3b|11|429010684
30195|0x7d72b3b|12|858031347
30195|0xfd72b3b|13|1610021934
30195|0xfd72b3b|14|2939696430
30195|0x2fd72b3b|15|5612463018
30195|0x6fd72b3b|16|13428754985
30195|0xefd72b3b|17|21628465111
30195|0x1efd72b3b|18|43733677420
30195|0x1efd72b3b|19|88599607578
30195|0x5efd72b3b|20|173394457525
30195|0x5efd72b3b|21|346832196847
30195|0x5efd72b3b|22|694018798587
30195|0x5efd72b3b|23|1390447058106
30195|0x45efd72b3b|24|2799381740388
30373|0x812d|1|337034
30373|0x812d|2|741220
30373|0x2812d|3|1599283
30373|0x2812d|4|3256061
30373|0xa812d|5|6656624
30373|0x1a812d|6|13339352
30373|0x3a812d|7|26849544
30373|0x7a812d|8|47633200
30373|0xfa812d|9|107256066
30373|0x1fa812d|10|214575748
30373|0x3fa812d|11|429182357
30373|0x3fa812d|12|692189115
30373|0xbfa812d|13|1502424594
30373|0x1bfa812d|14|2771669287
30373|0x1bfa812d|15|5473212632
30373|0x1bfa812d|16|10835164571
30373|0x9bfa812d|17|22213097858
30373|0x9bfa812d|18|43543937207
30373|0x29bfa812d|19|86762500549
30373|0x69bfa812d|20|173349561779
30373|0xe9bfa812d|21|348434288856
30373|0x1e9bfa812d|22|693519145003
30373|0x3e9bfa812d|23|1397401860838
30373|0x7e9bfa812d|24|2776085240906
30555|0xe0d3|1|338169
30555|0xe0d3|2|742177
30555|0x2e0d3|3|1602798
30555|0x2e0d3|4|3260210
30555|0xae0d3|5|6676074
30555|0xae0d3|6|13366546
30555|0x2ae0d3|7|26736042
30555|0x6ae0d3|8|53644363
30555|0xeae0d3|9|107289523
30555|0xeae0d3|10|214776926
30555|0x2eae0d3|11|429548519
30555|0x2eae0d3|12|691576658
30555|0xaeae0d3|13|1364951899
30555|0x1aeae0d3|14|2906489102
30555|0x1aeae0d3|15|5478363107
30555|0x5aeae0d3|16|11051546615
30555|0xdaeae0d3|17|21573737842
30555|0x1daeae0d3|18|43673561740
30555|0x1daeae0d3|19|87029262501
30555|0x5daeae0d3|20|173589230628
30555|0xddaeae0d3|21|346814900921
30555|0x1ddaeae0d3|22|697520631616
30555|0x3ddaeae0d3|23|1390803636725
30555|0x7ddaeae0d3|24|1979596027656
30707|0xf93b|1|216526
30707|0x1f93b|2|447343
30707|0x3f93b|3|899257
30707|0x3f93b|4|1677899
30707|0x3f93b|5|4016887
30707|0x3f93b|6|7822673
30707|0x23f93b|7|16000579
30707|0x23f93b|8|31954529
30707|0x23f93b|9|63462740
30707|0x123f93b|10|127124766
30707|0x323f93b|11|254762831
30707|0x723f93b|12|509936520
30707|0x723f93b|13|1014871584
30707|0x723f93b|14|2025624325
30707|0x723f93b|15|3876527855
30707|0x723f93b|16|7448496548
30707|0x8723f93b|17|15895263612
30707|0x8723f93b|18|26527553944
30707|0x28723f93b|19|51854486079
30707|0x28723f93b|20|103963758922
30707|0xa8723f93b|21|206121152854
30707|0x1a8723f93b|22|410782038285
30707|0x1a8723f93b|23|828083051715
30707|0x1a8723f93b|24|1724537039199
31175|0x77f7|1|191436
31175|0x177f7|2|470443
31175|0x177f7|3|1028647
31175|0x177f7|4|2090937
31175|0x977f7|5|3692319
31175|0x1977f7|6|8286177
31175|0x1977f7|7|16787331
31175|0x1977f7|8|33512196
31175|0x9977f7|9|67131477
31175|0x19977f7|10|134006218
31175|0x19977f7|11|268192342
31175|0x19977f7|12|536878622
31175|0x99977f7|13|1027120706
31175|0x99977f7|14|2144710823
31175|0x99977f7|15|4292213277
31175|0x99977f7|16|8366311051
31175|0x99977f7|17|13716683957
31175|0x1099977f7|18|33194408171
31175|0x1099977f7|19|54014651856
31175|0x1099977f7|20|112829068121
31175|0x9099977f7|21|225675865390
31175|0x19099977f7|22|435829390749
31175|0x19099977f7|23|864387291659
31175|0x19099977f7|24|1727989504851
31285|0x881d|1|216637
31285|0x881d|2|476486
31285|0x2881d|3|1030198
31285|0x6881d|4|2002583
31285|0xe881d|5|4147851
31285|0xe881d|6|8343609
31285|0x2e881d|7|16781873
31285|0x2e881d|8|33467614
31285|0xae881d|9|67143453
31285|0x1ae881d|10|134238047
31285|0x3ae881d|11|268341158
31285|0x3ae881d|12|537308937
31285|0x3ae881d|13|933196400
31285|0x13ae881d|14|2146227336
31285|0x13ae881d|15|4294110358
31285|0x53ae881d|16|6834201393
31285|0xd3ae881d|17|13771432531
31285|0x1d3ae881d|18|27780707957
31285|0x3d3ae881d|19|55010986251
31285|0x7d3ae881d|20|108837206004
31285|0x7d3ae881d|21|220427841553
31285|0x7d3ae881d|22|432914715474
31285|0x7d3ae881d|23|868769932711
31285|0x7d3ae881d|24|1727093108552
31399|0x8d17|1|216624
31399|0x18d17|2|476966
31399|0x18d17|3|1030755
31399|0x18d17|4|1955668
31399|0x18d17|5|4217254
31399|0x18d17|6|8337735
31399|0x18d17|7|16731522
31399|0x418d17|8|33398422
31399|0x418d17|9|67000895
31399|0x418d17|10|134299506
31399|0x418d17|11|268458820
31399|0x418d17|12|532183031
31399|0x8418d17|13|1073795591
31399|0x8418d17|14|2145949941
31399|0x28418d17|15|4298638414
31399|0x28418d17|16|8579857915
31399|0xa8418d17|17|13937989960
31399|0x1a8418d17|18|30154955284
31399|0x1a8418d17|19|55186730895
31399|0x5a8418d17|20|111307351115
31399|0x5a8418d17|21|219029813493
31399|0x5a8418d17|22|433674767622
31399|0x25a8418d17|23|866525337243
31399|0x65a8418d17|24|1738343356004
31511|0x6ca7|1|216918
31511|0x6ca7|2|477709
31511|0x26ca7|3|1033072
31511|0x66ca7|4|2112919
31511|0xe6ca7|5|4075457
31511|0xe6ca7|6|8362445
31511|0xe6ca7|7|16728246
31511|0xe6ca7|8|33621802
31511|0x8e6ca7|9|67202840
31511|0x18e6ca7|10|134279580
31511|0x38e6ca7|11|268250587
31511|0x38e6ca7|12|537281995
31511|0x38e6ca7|13|1075979215
31511|0x38e6ca7|14|1933098832
31511|0x38e6ca7|15|3474785565
31511|0x438e6ca7|16|8595113168
31511|0xc38e6ca7|17|15999173189
31511|0x1c38e6ca7|18|29834918875
31511|0x3c38e6ca7|19|54186240302
31511|0x7c38e6ca7|20|111775936419
31511|0xfc38e6ca7|21|221812351888
31511|0xfc38e6ca7|22|435676272882
31511|0x2fc38e6ca7|23|867386595214
31511|0x6fc38e6ca7|24|1726867350441
31619|0xeb2b|1|216800
31619|0xeb2b|2|478362
31619|0x2eb2b|3|1034763
31619|0x6eb2b|4|2108693
31619|0xeeb2b|5|4051854
31619|0xeeb2b|6|8368794
31619|0x2eeb2b|7|16933893
31619|0x2eeb2b|8|33571750
31619|0x2eeb2b|9|67203750
31619|0x12eeb2b|10|134304298
31619|0x32eeb2b|11|268119183
31619|0x72eeb2b|12|536657042
31619|0xf2eeb2b|13|1073877302
31619|0x1f2eeb2b|14|1811938041
31619|0x1f2eeb2b|15|4136369733
31619|0x1f2eeb2b|16|8594901566
31619|0x9f2eeb2b|17|14561135690
31619|0x19f2eeb2b|18|29683219469
31619|0x19f2eeb2b|19|61487740938
31619|0x19f2eeb2b|20|108456505992
31619|0x19f2eeb2b|21|217928969252
31619|0x119f2eeb2b|22|433604718087
31619|0x119f2eeb2b|23|866878318672
31619|0x119f2eeb2b|24|1732815610737
31737|0x5649|1|217128
31737|0x15649|2|478459
31737|0x35649|3|950690
31737|0x75649|4|2034614
31737|0xf5649|5|4218756
31737|0xf5649|6|8397202
31737|0x2f5649|7|16697592
31737|0x2f5649|8|33656237
31737|0xaf5649|9|67186982
31737|0x1af5649|10|134294263
31737|0x3af5649|11|269058057
31737|0x7af5649|12|537719639
31737|0xfaf5649|13|1075816047
31737|0xfaf5649|14|2151712425
31737|0xfaf5649|15|4300061384
31737|0xfaf5649|16|7763701573
31737|0x8faf5649|17|15867538417
31737|0x18faf5649|18|32126992885
31737|0x38faf5649|19|57060020037
31737|0x38faf5649|20|107961888035
31737|0x38faf5649|21|219123543979
31737|0x38faf5649|22|453701617962
31737|0x38faf5649|23|871562273286
31737|0x38faf5649|24|1726484438348
32189|0xa595|1|189846
32189|0xa595|2|467470
32189|0xa595|3|1042298
32189|0x4a595|4|2132726
32189|0xca595|5|4107286
32189|0x1ca595|6|7801647
32189|0x1ca595|7|15528079
32189|0x1ca595|8|30194955
32189|0x1ca595|9|67203434
32189|0x1ca595|10|134539885
32189|0x21ca595|11|269453935
32189|0x61ca595|12|520348493
32189|0x61ca595|13|1076519336
32189|0x61ca595|14|2153224957
32189|0x61ca595|15|4306753472
32189|0x61ca595|16|8342911873
32189|0x861ca595|17|14130658675
32189|0x1861ca595|18|27289715515
32189|0x1861ca595|19|57913660400
32189|0x5861ca595|20|108225718119
32189|0x5861ca595|21|216255971020
32189|0x15861ca595|22|431851135737
32189|0x35861ca595|23|863957987175
32189|0x35861ca595|24|1730983515772
32301|0x81a5|1|217884
32301|0x81a5|2|481858
32301|0x281a5|3|1061792
32301|0x281a5|4|2109114
32301|0x281a5|5|4100786
32301|0x281a5|6|8382248
32301|0x281a5|7|16768167
32301|0x4281a5|8|33620371
32301|0xc281a5|9|67255583
32301|0xc281a5|10|134381404
32301|0x2c281a5|11|269257445
32301|0x2c281a5|12|539043404
32301|0xac281a5|13|1078504533
32301|0xac281a5|14|2154346338
32301|0x2ac281a5|15|3784638768
32301|0x6ac281a5|16|6880889526
32301|0xeac281a5|17|15941629102
32301|0x1eac281a5|18|28037576811
32301|0x3eac281a5|19|55557741609
32301|0x7eac281a5|20|110683327868
32301|0x7eac281a5|21|219192367905
32301|0x17eac281a5|22|437963179592
32301|0x17eac281a5|23|870456414782
32301|0x57eac281a5|24|1726290638375
32411|0x3793|1|218701
32411|0x3793|2|482479
32411|0x3793|3|1045320
32411|0x43793|4|2129454
32411|0xc3793|5|4109393
32411|0xc3793|6|8377703
32411|0xc3793|7|16797893
32411|0x4c3793|8|33547059
32411|0xcc3793|9|67354283
32411|0x1cc3793|10|134823356
32411|0x3cc3793|11|269698531
32411|0x3cc3793|12|538854865
32411|0x3cc3793|13|1077720752
32411|0x13cc3793|14|1849391583
32411|0x13cc3793|15|4311235296
32411|0x13cc3793|16|7089000734
32411|0x93cc3793|17|13627614012
32411|0x93cc3793|18|27933693480
32411|0x93cc3793|19|54954799508
32411|0x93cc3793|20|107775972324
32411|0x893cc3793|21|217632997725
32411|0x1893cc3793|22|432845061929
32411|0x3893cc3793|23|866542006163
32411|0x3893cc3793|24|1732282786863
32523|0xd4a3|1|192279
32523|0xd4a3|2|425116
32523|0x2d4a3|3|976842
32523|0x6d4a3|4|2133861
32523|0xed4a3|5|4267681
32523|0xed4a3|6|8408419
32523|0x2ed4a3|7|16813114
32523|0x2ed4a3|8|33719344
32523|0xaed4a3|9|67224390
32523|0x1aed4a3|10|134504165
32523|0x3aed4a3|11|269171829
32523|0x7aed4a3|12|538416929
32523|0x7aed4a3|13|1078126476
32523|0x17aed4a3|14|2155917718
32523|0x17aed4a3|15|4311418477
32523|0x57aed4a3|16|8622838405
32523|0xd7aed4a3|17|17192602323
32523|0x1d7aed4a3|18|31810817720
32523|0x1d7aed4a3|19|56529991053
32523|0x5d7aed4a3|20|111255834056
32523|0x5d7aed4a3|21|216598250084
32523|0x5d7aed4a3|22|431504117467
32523|0x5d7aed4a3|23|866715538659
32523|0x45d7aed4a3|24|1725017964100
32637|0x31d5|1|218198
32637|0x131d5|2|483749
32637|0x331d5|3|1066639
32637|0x331d5|4|2118837
32637|0xb31d5|5|4114791
32637|0x1b31d5|6|8407632
32637|0x1b31d5|7|16856009
32637|0x1b31d5|8|33548238
32637|0x1b31d5|9|67487876
32637|0x11b31d5|10|134870365
32637|0x11b31d5|11|269328879
32637|0x11b31d5|12|539783894
32637|0x91b31d5|13|1080011862
32637|0x191b31d5|14|2156792513
32637|0x191b31d5|15|3934281252
32637|0x591b31d5|16|7066099890
32637|0x591b31d5|17|13569862001
32637|0x591b31d5|18|27353611421
32637|0x591b31d5|19|53997175226
32637|0x591b31d5|20|109879145948
32637|0x591b31d5|21|215570708868
32637|0x591b31d5|22|431354377494
32637|0x20591b31d5|23|864314882771
32637|0x20591b31d5|24|1725325131694
32749|0xb5e5|1|216691
32749|0x1b5e5|2|493716
32749|0x3b5e5|3|1047802
32749|0x7b5e5|4|2042783
32749|0x7b5e5|5|4197014
32749|0x7b5e5|6|8421659
32749|0x27b5e5|7|16795986
32749|0x27b5e5|8|33624797
32749|0x27b5e5|9|74389522
32749|0x27b5e5|10|122715042
32749|0x27b5e5|11|269631157
32749|0x27b5e5|12|538990064
32749|0x827b5e5|13|1078668773
32749|0x827b5e5|14|2137417884
32749|0x827b5e5|15|3485602421
32749|0x4827b5e5|16|7628106546
32749|0xc827b5e5|17|13513155750
32749|0x1c827b5e5|18|26885357721
32749|0x3c827b5e5|19|53929726221
32749|0x7c827b5e5|20|108140168242
32749|0x7c827b5e5|21|215874235406
32749|0x7c827b5e5|22|432308053218
32749|0x7c827b5e5|23|860193071341
32749|0x7c827b5e5|24|1718689667360
33059|0x1b68b|1|370587
33059|0x1b68b|2|896262
33059|0x1b68b|3|1920367
33059|0x9b68b|4|3390827
33059|0x19b68b|5|7799395
33059|0x19b68b|6|15784059
33059|0x19b68b|7|31335505
33059|0x99b68b|8|62917421
33059|0x99b68b|9|126062233
33059|0x299b68b|10|252568236
33059|0x299b68b|11|504694722
33059|0x299b68b|12|994602169
33059|0x1299b68b|13|2019535561
33059|0x1299b68b|14|3965237698
33059|0x1299b68b|15|6854400435
33059|0x1299b68b|16|16113804578
33059|0x1299b68b|17|26572480880
33059|0x21299b68b|18|57826423445
33059|0x21299b68b|19|110967103771
33059|0xa1299b68b|20|223472208238
33059|0xa1299b68b|21|447447992622
33059|0xa1299b68b|22|877107996486
33059|0x4a1299b68b|23|1768584007021
33059|0xca1299b68b|24|3504755616857
33167|0x17d6f|1|335863
33167|0x37d6f|2|875262
33167|0x37d6f|3|1941992
33167|0xb7d6f|4|3813730
33167|0xb7d6f|5|7809699
33167|0x2b7d6f|6|15849173
33167|0x2b7d6f|7|31521947
33167|0xab7d6f|8|62953728
33167|0xab7d6f|9|126217564
33167|0x2ab7d6f|10|260854051
33167|0x2ab7d6f|11|504746700
33167|0xaab7d6f|12|842951995
33167|0xaab7d6f|13|1829565072
33167|0x2aab7d6f|14|3804149254
33167|0x6aab7d6f|15|8021572513
33167|0x6aab7d6f|16|13339249209
33167|0x6aab7d6f|17|27447973773
33167|0x6aab7d6f|18|56049961545
33167|0x46aab7d6f|19|109357759602
33167|0xc6aab7d6f|20|222692313599
33167|0x1c6aab7d6f|21|449544592025
33167|0x3c6aab7d6f|22|887637642741
33167|0x3c6aab7d6f|23|1768846806179
33167|0xbc6aab7d6f|24|3496192510478
33297|0xaef1|1|353569
33297|0x2aef1|2|770863
33297|0x6aef1|3|1856134
33297|0xeaef1|4|3795731
33297|0x1eaef1|5|7834339
33297|0x3eaef1|6|15483770
33297|0x3eaef1|7|31219067
33297|0x3eaef1|8|62545147
33297|0x13eaef1|9|125047270
33297|0x33eaef1|10|250299602
33297|0x73eaef1|11|501134774
33297|0x73eaef1|12|1001379477
33297|0x173eaef1|13|1707371766
33297|0x373eaef1|14|4006632876
33297|0x373eaef1|15|8011794307
33297|0xb73eaef1|16|13828432048
33297|0xb73eaef1|17|27946199356
33297|0x2b73eaef1|18|61077552169
33297|0x6b73eaef1|19|109435713067
33297|0x6b73eaef1|20|223323667235
33297|0x6b73eaef1|21|439614771235
33297|0x6b73eaef1|22|879293123211
33297|0x6b73eaef1|23|1767843262321
33297|0x86b73eaef1|24|3497979642889
33391|0x11c8f|1|369686
33391|0x11c8f|2|905310
33391|0x51c8f|3|1696535
33391|0xd1c8f|4|3977266
33391|0x1d1c8f|5|7816417
33391|0x3d1c8f|6|15433440
33391|0x3d1c8f|7|31352853
33391|0x3d1c8f|8|62832383
33391|0x13d1c8f|9|125440407
33391|0x33d1c8f|10|251123633
33391|0x33d1c8f|11|501354021
33391|0x33d1c8f|12|951277693
33391|0x133d1c8f|13|1841812145
33391|0x333d1c8f|14|4012017188
33391|0x733d1c8f|15|6741548996
33391|0x733d1c8f|16|13306188346
33391|0x1733d1c8f|17|27143745273
33391|0x3733d1c8f|18|55937400052
33391|0x7733d1c8f|19|111543760841
33391|0x7733d1c8f|20|222776942075
33391|0x7733d1c8f|21|441204424225
33391|0x7733d1c8f|22|877242093532
33391|0x47733d1c8f|23|1772965500723
33391|0xc7733d1c8f|24|3497943878563
33509|0x6aed|1|369694
33509|0x6aed|2|877932
33509|0x46aed|3|1930319
33509|0x46aed|4|3801434
33509|0x46aed|5|7901291
33509|0x46aed|6|15829650
33509|0x446aed|7|31475190
33509|0xc46aed|8|63119825
33509|0xc46aed|9|126428188
33509|0x2c46aed|10|252881280
33509|0x2c46aed|11|505182900
33509|0xac46aed|12|1010691193
33509|0xac46aed|13|1959834595
33509|0x2ac46aed|14|3327443203
33509|0x2ac46aed|15|6790942498
33509|0x2ac46aed|16|13365113660
33509|0x2ac46aed|17|26562860419
33509|0x22ac46aed|18|55006821722
33509|0x22ac46aed|19|110511507406
33509|0xa2ac46aed|20|226180120385
33509|0x1a2ac46aed|21|451400222202
33509|0x3a2ac46aed|22|887998275449
33509|0x7a2ac46aed|23|1770484430240
33509|0x7a2ac46aed|24|3493701511061
33627|0x1f4d3|1|369797
33627|0x3f4d3|2|878765
33627|0x3f4d3|3|1884417
33627|0x3f4d3|4|3865082
33627|0x13f4d3|5|7895040
33627|0x33f4d3|6|15786826
33627|0x73f4d3|7|31505178
33627|0xf3f4d3|8|63055731
33627|0x1f3f4d3|9|125955146
33627|0x1f3f4d3|10|252093107
33627|0x1f3f4d3|11|499377975
33627|0x9f3f4d3|12|1010422494
33627|0x9f3f4d3|13|1791457092
33627|0x29f3f4d3|14|3393966392
33627|0x69f3f4d3|15|8016424329
33627|0xe9f3f4d3|16|16067639522
33627|0x1e9f3f4d3|17|28281156319
33627|0x3e9f3f4d3|18|55097869107
33627|0x7e9f3f4d3|19|109725143686
33627|0xfe9f3f4d3|20|223397505698
33627|0xfe9f3f4d3|21|437581397527
33627|0x2fe9f3f4d3|22|880590997827
33627|0x6fe9f3f4d3|23|1767631240006
33627|0xefe9f3f4d3|24|3497446430109
33725|0x4f95|1|349379
33725|0x4f95|2|774179
33725|0x44f95|3|1851710
33725|0xc4f95|4|3999892
33725|0x1c4f95|5|7804286
33725|0x3c4f95|6|15704769
33725|0x7c4f95|7|31671788
33725|0xfc4f95|8|63007686
33725|0x1fc4f95|9|126085927
33725|0x1fc4f95|10|252290336
33725|0x5fc4f95|11|505928695
33725|0xdfc4f95|12|1011172416
33725|0x1dfc4f95|13|2021630626
33725|0x1dfc4f95|14|4045074686
33725|0x5dfc4f95|15|8089989724
33725|0xddfc4f95|16|16060949836
33725|0xddfc4f95|17|29927413442
33725|0xddfc4f95|18|54875838406
33725|0x4ddfc4f95|19|110810273197
33725|0x4ddfc4f95|20|222446480078
33725|0x14ddfc4f95|21|437848899186
33725|0x14ddfc4f95|22|883000905700
33725|0x14ddfc4f95|23|1766941950797
33725|0x14ddfc4f95|24|3499157118426
34041|0xfd49|1|326451
34041|0xfd49|2|825149
34041|0xfd49|3|1941721
34041|0xfd49|4|3874138
34041|0x10fd49|5|7728216
34041|0x30fd49|6|15720758
34041|0x70fd49|7|31350715
34041|0xf0fd49|8|62916652
34041|0x1f0fd49|9|125921528
34041|0x3f0fd49|10|251542889
34041|0x3f0fd49|11|503949869
34041|0xbf0fd49|12|1007332861
34041|0xbf0fd49|13|2020402846
34041|0x2bf0fd49|14|4045050730
34041|0x2bf0fd49|15|7154346322
34041|0x2bf0fd49|16|16047701969
34041|0x12bf0fd49|17|33215439141
34041|0x12bf0fd49|18|64034790249
34041|0x52bf0fd49|19|109666824468
34041|0x52bf0fd49|20|221148892130
34041|0x152bf0fd49|21|437931273880
34041|0x152bf0fd49|22|879981800330
34041|0x552bf0fd49|23|1764951663431
34041|0xd52bf0fd49|24|3489305452033
34153|0x5ad9|1|371037
34153|0x5ad9|2|866144
34153|0x5ad9|3|1727663
34153|0x85ad9|4|4034018
34153|0x85ad9|5|7793054
34153|0x285ad9|6|15525565
34153|0x685ad9|7|26002518
34153|0x685ad9|8|62789626
34153|0x685ad9|9|126299222
34153|0x2685ad9|10|252091849
34153|0x6685ad9|11|504124299
34153|0xe685ad9|12|1008179798
34153|0xe685ad9|13|2017256779
34153|0x2e685ad9|14|4030019860
34153|0x6e685ad9|15|8063524270
34153|0xee685ad9|16|13426115769
34153|0xee685ad9|17|32155190596
34153|0x2ee685ad9|18|61553811096
34153|0x2ee685ad9|19|114755002413
34153|0x2ee685ad9|20|232364479063
34153|0x12ee685ad9|21|446162671939
34153|0x32ee685ad9|22|879113617844
34153|0x72ee685ad9|23|1765841026694
34153|0x72ee685ad9|24|3492904638317
34261|0x8b7d|1|390115
34261|0x8b7d|2|884090
34261|0x48b7d|3|1946566
34261|0x48b7d|4|3826717
34261|0x48b7d|5|7882271
34261|0x48b7d|6|15858000
34261|0x448b7d|7|31507557
34261|0xc48b7d|8|63086107
34261|0xc48b7d|9|126315308
34261|0xc48b7d|10|253144760
34261|0xc48b7d|11|506351485
34261|0xc48b7d|12|1010713028
34261|0xc48b7d|13|2023606217
34261|0xc48b7d|14|4017407627
34261|0x40c48b7d|15|6677391225
34261|0x40c48b7d|16|16068330498
34261|0x40c48b7d|17|28725825519
34261|0x40c48b7d|18|54515301360
34261|0x440c48b7d|19|110336675553
34261|0x440c48b7d|20|223320975043
34261|0x1440c48b7d|21|438094819757
34261|0x1440c48b7d|22|889522645789
34261|0x1440c48b7d|23|1765201924148
34261|0x9440c48b7d|24|3501128490028
34373|0x9c8d|1|371552
34373|0x9c8d|2|860660
34373|0x49c8d|3|1795097
34373|0x49c8d|4|4037976
34373|0x149c8d|5|7682685
34373|0x149c8d|6|15666565
34373|0x149c8d|7|31370135
34373|0x949c8d|8|62660509
34373|0x949c8d|9|125363380
34373|0x2949c8d|10|251147234
34373|0x6949c8d|11|502459864
34373|0x6949c8d|12|1004290271
34373|0x16949c8d|13|2008323492
34373|0x36949c8d|14|4017638470
34373|0x36949c8d|15|8036321896
34373|0xb6949c8d|16|15020200360
34373|0x1b6949c8d|17|29269379897
34373|0x1b6949c8d|18|61936365797
34373|0x1b6949c8d|19|110359923768
34373|0x9b6949c8d|20|221720736388
34373|0x19b6949c8d|21|437492943055
34373|0x19b6949c8d|22|881106296384
34373|0x19b6949c8d|23|1764754321607
34373|0x99b6949c8d|24|3502509011205
34479|0x904f|1|371345
34479|0x904f|2|903993
34479|0x4904f|3|1952856
34479|0xc904f|4|3784726
34479|0xc904f|5|7856651
34479|0x2c904f|6|15514394
34479|0x2c904f|7|31356980
34479|0x2c904f|8|62684974
34479|0x2c904f|9|125576261
34479|0x22c904f|10|250975027
34479|0x22c904f|11|502808830
34479|0x22c904f|12|1005325872
34479|0x122c904f|13|1984398292
34479|0x122c904f|14|4019006503
34479|0x522c904f|15|7638450380
34479|0xd22c904f|16|13429106103
34479|0x1d22c904f|17|28077224598
34479|0x3d22c904f|18|56668417540
34479|0x3d22c904f|19|110006685885
34479|0x3d22c904f|20|222453470614
34479|0x3d22c904f|21|437845291393
34479|0x23d22c904f|22|878388562016
34479|0x23d22c904f|23|1765012486972
34479|0xa3d22c904f|24|3495989063510
34597|0x3cad|1|371802
34597|0x3cad|2|886738
34597|0x3cad|3|1917563
34597|0x83cad|4|3820425
34597|0x183cad|5|7890473
34597|0x183cad|6|15502343
34597|0x183cad|7|31430847
34597|0x983cad|8|62855219
34597|0x983cad|9|125598127
34597|0x2983cad|10|251157769
34597|0x2983cad|11|502548091
34597|0xa983cad|12|1004996688
34597|0x1a983cad|13|1678557555
34597|0x3a983cad|14|3356777898
34597|0x7a983cad|15|7915558524
34597|0x7a983cad|16|14050570584
34597|0x7a983cad|17|26564743181
34597|0x7a983cad|18|56138966238
34597|0x7a983cad|19|109072633651
34597|0x87a983cad|20|221328037953
34597|0x87a983cad|21|438834812557
34597|0x287a983cad|22|879014705433
34597|0x287a983cad|23|1767716629430
34597|0xa87a983cad|24|3497138598259
34707|0xae9b|1|350969
34707|0xae9b|2|781162
34707|0xae9b|3|1866841
34707|0x8ae9b|4|4047072
34707|0x18ae9b|5|7798771
34707|0x18ae9b|6|15688000
34707|0x58ae9b|7|31608126
34707|0x58ae9b|8|62923620
34707|0x158ae9b|9|126225668
34707|0x358ae9b|10|252284766
34707|0x358ae9b|11|474847834
34707|0x358ae9b|12|1008811799
34707|0x1358ae9b|13|1935531911
34707|0x3358ae9b|14|4035787467
34707|0x7358ae9b|15|8070115732
34707|0x7358ae9b|16|16035120727
34707|0x7358ae9b|17|29804129890
34707|0x27358ae9b|18|54651717644
34707|0x67358ae9b|19|110774537211
34707|0xe7358ae9b|20|221436687245
34707|0xe7358ae9b|21|439121707693
34707|0x2e7358ae9b|22|908077184762
34707|0x2e7358ae9b|23|1768167204066
34707|0xae7358ae9b|24|3492408317883
35027|0x10f5b|1|328089
35027|0x10f5b|2|838277
35027|0x10f5b|3|1978880
35027|0x90f5b|4|3761685
35027|0x90f5b|5|7819734
35027|0x290f5b|6|15573744
35027|0x290f5b|7|31406099
35027|0x290f5b|8|62751035
35027|0x290f5b|9|125731798
35027|0x2290f5b|10|212682346
35027|0x2290f5b|11|502598506
35027|0xa290f5b|12|1005562686
35027|0x1a290f5b|13|1855513381
35027|0x3a290f5b|14|4019782656
35027|0x7a290f5b|15|6901376229
35027|0xfa290f5b|16|13761053502
35027|0xfa290f5b|17|28671961382
35027|0xfa290f5b|18|60190741270
35027|0x4fa290f5b|19|115169925529
35027|0x4fa290f5b|20|221722459925
35027|0x4fa290f5b|21|440175556283
35027|0x4fa290f5b|22|881916717598
35027|0x4fa290f5b|23|1763829639910
35027|0x4fa290f5b|24|3497585680451
35137|0x106c1|1|370077
35137|0x106c1|2|891182
35137|0x106c1|3|1835749
35137|0x106c1|4|3946693
35137|0x106c1|5|7691192
35137|0x2106c1|6|15687818
35137|0x2106c1|7|31371484
35137|0x2106c1|8|62526165
35137|0x12106c1|9|125482976
35137|0x32106c1|10|250690763
35137|0x32106c1|11|501265790
35137|0xb2106c1|12|997855963
35137|0xb2106c1|13|2011431429
35137|0xb2106c1|14|4020340237
35137|0xb2106c1|15|8039631062
35137|0x8b2106c1|16|14673817668
35137|0x8b2106c1|17|26866093563
35137|0x8b2106c1|18|56483779999
35137|0x8b2106c1|19|109451311027
35137|0x88b2106c1|20|223615618664
35137|0x88b2106c1|21|451742326390
35137|0x288b2106c1|22|882267373086
35137|0x688b2106c1|23|1764847850899
35137|0x688b2106c1|24|3534514410046
35255|0x1a407|1|372909
35255|0x1a407|2|877771
35255|0x5a407|3|1777926
35255|0x5a407|4|3889681
35255|0x15a407|5|7777736
35255|0x15a407|6|15646100
35255|0x55a407|7|31365019
35255|0x55a407|8|62594753
35255|0x55a407|9|125532709
35255|0x255a407|10|251125447
35255|0x255a407|11|502610728
35255|0x255a407|12|1005176802
35255|0x255a407|13|1655709769
35255|0x255a407|14|3604177979
35255|0x255a407|15|7170310167
35255|0x8255a407|16|13575932123
35255|0x18255a407|17|27385166151
35255|0x18255a407|18|63190240071
35255|0x58255a407|19|121372903792
35255|0x58255a407|20|220729005235
35255|0x158255a407|21|441131509413
35255|0x358255a407|22|879789765823
35255|0x358255a407|23|1763824756932
35255|0x358255a407|24|3494591786607
35365|0x81ad|1|372996
35365|0x281ad|2|892999
35365|0x681ad|3|1989839
35365|0xe81ad|4|3763261
35365|0xe81ad|5|7676846
35365|0xe81ad|6|15550656
35365|0xe81ad|7|31192577
35365|0xe81ad|8|62571204
35365|0xe81ad|9|124785069
35365|0xe81ad|10|249548344
35365|0x40e81ad|11|499175008
35365|0xc0e81ad|12|998926503
35365|0x1c0e81ad|13|1998093181
35365|0x3c0e81ad|14|3501923341
35365|0x3c0e81ad|15|6570403567
35365|0xbc0e81ad|16|15862841002
35365|0x1bc0e81ad|17|28357878950
35365|0x1bc0e81ad|18|55563021907
35365|0x1bc0e81ad|19|115787278586
35365|0x1bc0e81ad|20|221266638768
35365|0x1bc0e81ad|21|436402222218
35365|0x21bc0e81ad|22|879283088844
35365|0x61bc0e81ad|23|1764027993449
35365|0xe1bc0e81ad|24|3490074193787
35477|0xf0bd|1|328594
35477|0x2f0bd|2|890528
35477|0x6f0bd|3|1973297
35477|0x6f0bd|4|3788255
35477|0x16f0bd|5|7818248
35477|0x36f0bd|6|15807618
35477|0x76f0bd|7|31446378
35477|0x76f0bd|8|62872568
35477|0x176f0bd|9|125923840
35477|0x176f0bd|10|251525286
35477|0x176f0bd|11|502628376
35477|0x976f0bd|12|1006066014
35477|0x976f0bd|13|2012815922
35477|0x2976f0bd|14|3490371473
35477|0x6976f0bd|15|7203194263
35477|0xe976f0bd|16|13132738306
35477|0xe976f0bd|17|27687178882
35477|0x2e976f0bd|18|54677375743
35477|0x6e976f0bd|19|112574597880
35477|0x6e976f0bd|20|220947835307
35477|0x6e976f0bd|21|439566991644
35477|0x26e976f0bd|22|891879409475
35477|0x26e976f0bd|23|2386111099089
35477|0xa6e976f0bd|24|5697075544998
35623|0x3497|1|653789
35623|0x23497|2|1409563
35623|0x63497|3|3136920
35623|0x63497|4|6289681
35623|0x63497|5|12739159
35623|0x63497|6|25516674
35623|0x63497|7|51245111
35623|0x863497|8|102613975
35623|0x1863497|9|205246372
35623|0x3863497|10|410754013
35623|0x3863497|11|775884177
35623|0xb863497|12|1643754995
35623|0xb863497|13|3169908895
35623|0x2b863497|14|5560135714
35623|0x2b863497|15|13149134440
35623|0xab863497|16|26299491652
35623|0xab863497|17|52963010222
35623|0xab863497|18|88776319576
35623|0x4ab863497|19|179591392686
35623|0xcab863497|20|357441242941
35623|0x1cab863497|21|712569156900
35623|0x1cab863497|22|1424968988268
35623|0x1cab863497|23|2848366250937
35623|0x9cab863497|24|5696081481479
