65|0xc1|1|7515
65|0x1c1|2|5376
65|0x3c1|3|6565
65|0x7c1|4|10255
65|0xfc1|5|13236
65|0xfc1|6|23792
65|0xfc1|7|44583
65|0xfc1|8|86480
65|0xfc1|9|169219
65|0xfc1|10|335507
65|0xfc1|11|667948
65|0x40fc1|12|1333882
65|0xc0fc1|13|2935346
65|0x1c0fc1|14|17369531
65|0x3c0fc1|15|11304883
65|0x7c0fc1|16|54322825
65|0xfc0fc1|17|95391789
65|0xfc0fc1|18|106475850
65|0xfc0fc1|19|188343615
65|0xfc0fc1|20|377401053
65|0xfc0fc1|21|755850256
65|0xfc0fc1|22|1514764478
65|0xfc0fc1|23|3024376623
65|0x40fc0fc1|24|6025563736
9049|0x74e9|1|90954
9049|0xf4e9|2|201196
9049|0x1f4e9|3|440260
9049|0x3f4e9|4|883337
9049|0x7f4e9|5|1957734
9049|0x7f4e9|6|3663757
9049|0x7f4e9|7|7687708
9049|0x7f4e9|8|15462923
9049|0x47f4e9|9|31280874
9049|0xc7f4e9|10|62258774
9049|0xc7f4e9|11|123935039
9049|0xc7f4e9|12|247891674
9049|0x4c7f4e9|13|484091620
9049|0x4c7f4e9|14|994315552
9049|0x4c7f4e9|15|1702464629
9049|0x4c7f4e9|16|3539939863
9049|0x4c7f4e9|17|6618468921
9049|0x4c7f4e9|18|13400406976
9049|0x104c7f4e9|19|28174120596
9049|0x304c7f4e9|20|56337515342
9049|0x704c7f4e9|21|109745564590
9049|0xf04c7f4e9|22|226793328905
9049|0xf04c7f4e9|23|440080807860
9049|0x2f04c7f4e9|24|875824509531
9147|0x2973|1|90214
9147|0x2973|2|201889
9147|0x12973|3|444479
9147|0x12973|4|947987
9147|0x52973|5|2022126
9147|0x52973|6|3800507
9147|0x152973|7|7730940
9147|0x352973|8|15456933
9147|0x352973|9|30961490
9147|0xb52973|10|61922937
9147|0x1b52973|11|123918785
9147|0x1b52973|12|248391250
9147|0x5b52973|13|499772763
9147|0x5b52973|14|997009843
9147|0x15b52973|15|1973303849
9147|0x35b52973|16|3984795452
9147|0x35b52973|17|6718747527
9147|0x35b52973|18|13267355273
9147|0x135b52973|19|27694955149
9147|0x335b52973|20|54690697349
9147|0x335b52973|21|110267998711
9147|0x335b52973|22|221704136177
9147|0x1335b52973|23|704142256235
9147|0x3335b52973|24|1424788560130
10051|0x1d6b|1|158968
10051|0x1d6b|2|375632
10051|0x11d6b|3|781431
10051|0x31d6b|4|1633500
10051|0x71d6b|5|3240835
10051|0xf1d6b|6|6461887
10051|0x1f1d6b|7|12949574
10051|0x3f1d6b|8|25933206
10051|0x3f1d6b|9|51854433
10051|0x3f1d6b|10|103653938
10051|0x3f1d6b|11|207393115
10051|0x23f1d6b|12|414633410
10051|0x63f1d6b|13|829250071
10051|0x63f1d6b|14|1673093028
10051|0x63f1d6b|15|2771748863
10051|0x63f1d6b|16|5613283875
10051|0x463f1d6b|17|11141347863
10051|0x463f1d6b|18|21613245923
10051|0x463f1d6b|19|43186348184
10051|0x2463f1d6b|20|88503189531
10051|0x6463f1d6b|21|177681858163
10051|0xe463f1d6b|22|354978206466
10051|0x1e463f1d6b|23|710921680918
10051|0x3e463f1d6b|24|1418837437609
10987|0x2dc3|1|160997
10987|0x2dc3|2|340400
10987|0x2dc3|3|759332
10987|0x2dc3|4|1609179
10987|0x42dc3|5|3229155
10987|0xc2dc3|6|6482294
10987|0x1c2dc3|7|13025567
10987|0x3c2dc3|8|26029302
10987|0x7c2dc3|9|52160722
10987|0xfc2dc3|10|104274446
10987|0x1fc2dc3|11|208690531
10987|0x3fc2dc3|12|417407239
10987|0x3fc2dc3|13|745764560
10987|0xbfc2dc3|14|1536207896
10987|0xbfc2dc3|15|2762135742
10987|0x2bfc2dc3|16|5419571968
10987|0x6bfc2dc3|17|11128801093
10987|0xebfc2dc3|18|22039624487
10987|0xebfc2dc3|19|45160006233
10987|0xebfc2dc3|20|88557653956
10987|0xebfc2dc3|21|177215005200
10987|0xebfc2dc3|22|352371896193
10987|0x10ebfc2dc3|23|707834523288
10987|0x10ebfc2dc3|24|1413751730347
11125|0xcdd|1|187564
11125|0xcdd|2|338196
11125|0x10cdd|3|766156
11125|0x10cdd|4|1583558
11125|0x50cdd|5|3241805
11125|0xd0cdd|6|6536118
11125|0xd0cdd|7|13050941
11125|0x2d0cdd|8|26097333
11125|0x6d0cdd|9|52229144
11125|0x6d0cdd|10|104428597
11125|0x16d0cdd|11|208827998
11125|0x16d0cdd|12|417690539
11125|0x16d0cdd|13|678237885
11125|0x96d0cdd|14|1451412798
11125|0x96d0cdd|15|3110829194
11125|0x296d0cdd|16|5610098099
11125|0x696d0cdd|17|10868372248
11125|0xe96d0cdd|18|21580995864
11125|0xe96d0cdd|19|45156035540
11125|0xe96d0cdd|20|88444239960
11125|0xe96d0cdd|21|177139907480
11125|0xe96d0cdd|22|352969658476
11125|0xe96d0cdd|23|705850020408
11125|0x20e96d0cdd|24|1412551206559
12109|0x2185|1|165016
12109|0xa185|2|350514
12109|0xa185|3|791573
12109|0xa185|4|1614709
12109|0xa185|5|3254219
12109|0x8a185|6|6548682
12109|0x8a185|7|13135790
12109|0x8a185|8|26283025
12109|0x48a185|9|52565285
12109|0xc8a185|10|119366969
12109|0xc8a185|11|210228017
12109|0x2c8a185|12|420426097
12109|0x6c8a185|13|768369399
12109|0x6c8a185|14|1380592913
12109|0x6c8a185|15|2700116483
12109|0x26c8a185|16|5645139665
12109|0x26c8a185|17|11019680034
12109|0xa6c8a185|18|21661902988
12109|0x1a6c8a185|19|43687241118
12109|0x3a6c8a185|20|88248643257
12109|0x3a6c8a185|21|176207883916
12109|0xba6c8a185|22|351831827311
12109|0xba6c8a185|23|713658228375
12109|0x2ba6c8a185|24|1408460433457
12249|0x6069|1|168085
12249|0x6069|2|373489
12249|0x16069|3|795049
12249|0x36069|4|1595284
12249|0x36069|5|3281571
12249|0x36069|6|6549076
12249|0x136069|7|13124919
12249|0x336069|8|26317012
12249|0x736069|9|52651035
12249|0xf36069|10|105176808
12249|0x1f36069|11|210416420
12249|0x3f36069|12|420932525
12249|0x3f36069|13|841799728
12249|0xbf36069|14|1541303072
12249|0x1bf36069|15|2811932482
12249|0x3bf36069|16|5392626715
12249|0x3bf36069|17|10819746165
12249|0xbbf36069|18|21683083270
12249|0x1bbf36069|19|44077964926
12249|0x3bbf36069|20|88110459225
12249|0x7bbf36069|21|176187254288
12249|0x7bbf36069|22|352772638268
12249|0x17bbf36069|23|704521743083
12249|0x37bbf36069|24|1406312329975
13179|0x33b3|1|171065
13179|0xb3b3|2|359134
13179|0x1b3b3|3|762153
13179|0x3b3b3|4|1617819
13179|0x7b3b3|5|3261772
13179|0x7b3b3|6|6567220
13179|0x7b3b3|7|13239001
13179|0x7b3b3|8|26484596
13179|0x7b3b3|9|52959132
13179|0x87b3b3|10|105916907
13179|0x87b3b3|11|186002220
13179|0x287b3b3|12|423632149
13179|0x287b3b3|13|789847625
13179|0x287b3b3|14|1369163761
13179|0x287b3b3|15|2711192097
13179|0x287b3b3|16|5409557771
13179|0x4287b3b3|17|10908997008
13179|0x4287b3b3|18|21698393883
13179|0x14287b3b3|19|43238880329
13179|0x14287b3b3|20|87014751015
13179|0x54287b3b3|21|175871036953
13179|0xd4287b3b3|22|350506323109
13179|0xd4287b3b3|23|706726109195
13179|0x2d4287b3b3|24|1399922958157
14089|0x739|1|174026
14089|0x8739|2|367357
14089|0x8739|3|811127
14089|0x28739|4|1632521
14089|0x68739|5|3292111
14089|0xe8739|6|6638150
14089|0x1e8739|7|13314992
14089|0x3e8739|8|26621057
14089|0x7e8739|9|53286337
14089|0xfe8739|10|106580582
14089|0xfe8739|11|213109456
14089|0xfe8739|12|426262809
14089|0xfe8739|13|852647080
14089|0x8fe8739|14|1627555115
14089|0x8fe8739|15|2965701781
14089|0x8fe8739|16|5420976206
14089|0x8fe8739|17|10920448619
14089|0x8fe8739|18|21659419586
14089|0x108fe8739|19|43988882772
14089|0x108fe8739|20|88000121295
14089|0x108fe8739|21|180526473026
14089|0x908fe8739|22|350711473587
14089|0x908fe8739|23|700196931298
14089|0x908fe8739|24|1396508785144
14233|0x2ca9|1|170688
14233|0x2ca9|2|368495
14233|0x12ca9|3|806071
14233|0x12ca9|4|1640592
14233|0x52ca9|5|3306856
14233|0x52ca9|6|6606561
14233|0x152ca9|7|13335521
14233|0x152ca9|8|26639609
14233|0x552ca9|9|53337837
14233|0xd52ca9|10|108679505
14233|0xd52ca9|11|230874477
14233|0xd52ca9|12|363563629
14233|0x4d52ca9|13|853435757
14233|0x4d52ca9|14|1417904269
14233|0x14d52ca9|15|2898372326
14233|0x14d52ca9|16|6864903272
14233|0x54d52ca9|17|11324241919
14233|0xd4d52ca9|18|21574375806
14233|0x1d4d52ca9|19|43920383718
14233|0x3d4d52ca9|20|90903969756
14233|0x7d4d52ca9|21|177589238995
14233|0xfd4d52ca9|22|350736664313
14233|0x1fd4d52ca9|23|699201197612
14233|0x1fd4d52ca9|24|1394594127727
15107|0x7ab|1|176930
15107|0x87ab|2|401705
15107|0x87ab|3|803861
15107|0x287ab|4|1617176
15107|0x687ab|5|3330869
15107|0xe87ab|6|6672458
15107|0x1e87ab|7|13384039
15107|0x3e87ab|8|26799756
15107|0x3e87ab|9|53647942
15107|0x3e87ab|10|107300091
15107|0x3e87ab|11|214684652
15107|0x23e87ab|12|343778781
15107|0x23e87ab|13|736179422
15107|0x23e87ab|14|1356335853
15107|0x123e87ab|15|2838015391
15107|0x323e87ab|16|5600727032
15107|0x323e87ab|17|10933801694
15107|0x323e87ab|18|21832537913
15107|0x1323e87ab|19|43504207670
15107|0x1323e87ab|20|86309827273
15107|0x1323e87ab|21|174178599448
15107|0x9323e87ab|22|350359491491
15107|0x19323e87ab|23|699014916346
15107|0x39323e87ab|24|1389653795856
15251|0x1a9b|1|176959
15251|0x1a9b|2|377344
15251|0x11a9b|3|829472
15251|0x11a9b|4|1623210
15251|0x51a9b|5|3351093
15251|0x51a9b|6|6694446
15251|0x151a9b|7|13376263
15251|0x151a9b|8|26828197
15251|0x551a9b|9|53696586
15251|0x551a9b|10|107423425
15251|0x551a9b|11|214944622
15251|0x2551a9b|12|351696096
15251|0x6551a9b|13|712526410
15251|0x6551a9b|14|1718505957
15251|0x6551a9b|15|2799047087
15251|0x6551a9b|16|5544346084
15251|0x46551a9b|17|10782630248
15251|0x46551a9b|18|21677005265
15251|0x46551a9b|19|43604083823
15251|0x246551a9b|20|87212834014
15251|0x646551a9b|21|174061586200
15251|0x646551a9b|22|353849868774
15251|0x1646551a9b|23|696483274226
15251|0x1646551a9b|24|1388105905520
16091|0xd53|1|179771
16091|0x8d53|2|384468
16091|0x18d53|3|825022
16091|0x38d53|4|1660122
16091|0x78d53|5|3360264
16091|0x78d53|6|6723182
16091|0x178d53|7|13491699
16091|0x378d53|8|26997547
16091|0x778d53|9|53970134
16091|0xf78d53|10|95227896
16091|0xf78d53|11|215994482
16091|0xf78d53|12|432080598
16091|0xf78d53|13|864195584
16091|0x8f78d53|14|1728533214
16091|0x8f78d53|15|2901072004
16091|0x28f78d53|16|5453560327
16091|0x28f78d53|17|10805567420
16091|0x28f78d53|18|21877828046
16091|0x128f78d53|19|43206343302
16091|0x328f78d53|20|86620365970
16091|0x328f78d53|21|173206124585
16091|0x328f78d53|22|347536849500
16091|0x328f78d53|23|698663201056
16091|0x2328f78d53|24|1384066449323
16293|0x102d|1|176602
16293|0x902d|2|385576
16293|0x902d|3|829355
16293|0x902d|4|1693685
16293|0x902d|5|3350636
16293|0x8902d|6|6755489
16293|0x8902d|7|13518307
16293|0x8902d|8|26991121
16293|0x8902d|9|54098796
16293|0x8902d|10|108111264
16293|0x108902d|11|216375050
16293|0x308902d|12|432579161
16293|0x308902d|13|865040479
16293|0x308902d|14|1442934687
16293|0x1308902d|15|2840844321
16293|0x3308902d|16|5457844473
16293|0x3308902d|17|10875051958
16293|0x3308902d|18|21763106373
16293|0x3308902d|19|43365959329
16293|0x3308902d|20|86418731074
16293|0x3308902d|21|172565185710
16293|0x3308902d|22|347205178897
16293|0x103308902d|23|691501978624
16293|0x103308902d|24|1382631930199
16803|0xfa0b|1|294739
16803|0xfa0b|2|693046
16803|0xfa0b|3|1524860
16803|0x4fa0b|4|3156167
16803|0xcfa0b|5|6419199
16803|0xcfa0b|6|12765396
16803|0xcfa0b|7|25516193
16803|0x4cfa0b|8|51181244
16803|0xccfa0b|9|102353380
16803|0xccfa0b|10|204744981
16803|0x2ccfa0b|11|409457012
16803|0x6ccfa0b|12|818882208
16803|0x6ccfa0b|13|1464478313
16803|0x6ccfa0b|14|3210828522
16803|0x26ccfa0b|15|5425366222
16803|0x66ccfa0b|16|10796086661
16803|0xe6ccfa0b|17|22273806914
16803|0x1e6ccfa0b|18|44559919292
16803|0x1e6ccfa0b|19|88966491797
16803|0x1e6ccfa0b|20|178113811249
16803|0x1e6ccfa0b|21|357924420353
16803|0x11e6ccfa0b|22|716344175580
16803|0x11e6ccfa0b|23|1429809564157
16803|0x11e6ccfa0b|24|2855940493625
16979|0x51db|1|299130
16979|0x151db|2|720055
16979|0x151db|3|1530608
16979|0x151db|4|3163724
16979|0x951db|5|6330148
16979|0x951db|6|12791406
16979|0x2951db|7|25566344
16979|0x2951db|8|51249850
16979|0xa951db|9|102425450
16979|0xa951db|10|204887489
16979|0x2a951db|11|409810041
16979|0x6a951db|12|819818759
16979|0x6a951db|13|1636757010
16979|0x16a951db|14|3278912285
16979|0x16a951db|15|6541186122
16979|0x16a951db|16|10814012876
16979|0x16a951db|17|21588427916
16979|0x116a951db|18|45616104768
16979|0x316a951db|19|90896867644
16979|0x316a951db|20|179598476511
16979|0xb16a951db|21|356700405116
16979|0x1b16a951db|22|713880817883
16979|0x3b16a951db|23|1429630255539
16979|0x3b16a951db|24|2855655549080
17187|0x48b|1|297478
17187|0x1048b|2|701420
17187|0x1048b|3|1537640
17187|0x5048b|4|3197094
17187|0x5048b|5|6399072
17187|0x5048b|6|12860117
17187|0x25048b|7|25697004
17187|0x65048b|8|51270205
17187|0x65048b|9|102500267
17187|0x65048b|10|190120995
17187|0x265048b|11|409953651
17187|0x665048b|12|831076225
17187|0x665048b|13|1448726771
17187|0x1665048b|14|2943552002
17187|0x1665048b|15|5528885239
17187|0x1665048b|16|10873803588
17187|0x9665048b|17|21588489257
17187|0x19665048b|18|44374631174
17187|0x19665048b|19|89472261619
17187|0x59665048b|20|179453731241
17187|0x59665048b|21|356756481573
17187|0x59665048b|22|715682487384
17187|0x259665048b|23|1429321739009
17187|0x259665048b|24|2853531844577
17355|0x49e3|1|296406
17355|0x149e3|2|703652
17355|0x149e3|3|1544945
17355|0x549e3|4|3195292
17355|0xd49e3|5|6397315
17355|0xd49e3|6|12795011
17355|0x2d49e3|7|25573360
17355|0x6d49e3|8|51278250
17355|0x6d49e3|9|102547626
17355|0x16d49e3|10|205100803
17355|0x16d49e3|11|350439941
17355|0x56d49e3|12|740183122
17355|0xd6d49e3|13|1365258286
17355|0xd6d49e3|14|3282507553
17355|0xd6d49e3|15|5587044775
17355|0x4d6d49e3|16|11018879433
17355|0x4d6d49e3|17|22679256606
17355|0x14d6d49e3|18|44988559743
17355|0x14d6d49e3|19|89075903026
17355|0x54d6d49e3|20|178399291548
17355|0xd4d6d49e3|21|356926253314
17355|0x1d4d6d49e3|22|714564443662
17355|0x1d4d6d49e3|23|1426900642344
17355|0x1d4d6d49e3|24|2852053158917
17923|0x14ab|1|301570
17923|0x114ab|2|731223
17923|0x314ab|3|1562785
17923|0x314ab|4|3162971
17923|0x314ab|5|6381304
17923|0x1314ab|6|12825733
17923|0x3314ab|7|25696565
17923|0x7314ab|8|51394135
17923|0x7314ab|9|102773117
17923|0x17314ab|10|205523650
17923|0x17314ab|11|384394960
17923|0x57314ab|12|717931165
17923|0xd7314ab|13|1645185416
17923|0xd7314ab|14|2783178053
17923|0x2d7314ab|15|5469367665
17923|0x2d7314ab|16|13132514900
17923|0x2d7314ab|17|21668553557
17923|0x2d7314ab|18|43122567193
17923|0x22d7314ab|19|89162274797
17923|0x62d7314ab|20|178287354384
17923|0x62d7314ab|21|356060215089
17923|0x62d7314ab|22|714135221249
17923|0x62d7314ab|23|1425839831439
17923|0x62d7314ab|24|2849105929149
18109|0x6495|1|302728
18109|0x16495|2|713285
18109|0x16495|3|1570623
18109|0x16495|4|3174752
18109|0x96495|5|6366073
18109|0x196495|6|12782970
18109|0x196495|7|25642296
18109|0x596495|8|51391974
18109|0xd96495|9|102815375
18109|0xd96495|10|205626986
18109|0x2d96495|11|416859666
18109|0x6d96495|12|827453289
18109|0x6d96495|13|1645601968
18109|0x6d96495|14|2842851867
18109|0x6d96495|15|5570896123
18109|0x6d96495|16|10797857248
18109|0x86d96495|17|21560059779
18109|0x186d96495|18|43858292966
18109|0x186d96495|19|89585245831
18109|0x186d96495|20|178578292699
18109|0x186d96495|21|356067822818
18109|0x186d96495|22|716554495713
18109|0x186d96495|23|1425532658732
18109|0x186d96495|24|2846460225149
18295|0xc247|1|299530
18295|0xc247|2|715583
18295|0xc247|3|1604899
18295|0x4c247|4|3165198
18295|0xcc247|5|6421519
18295|0x1cc247|6|12903313
18295|0x1cc247|7|25760337
18295|0x5cc247|8|51441494
18295|0x5cc247|9|102841232
18295|0x15cc247|10|205795115
18295|0x15cc247|11|411651409
18295|0x55cc247|12|823147000
18295|0xd5cc247|13|1385778592
18295|0x1d5cc247|14|2792121697
18295|0x3d5cc247|15|5797306846
18295|0x7d5cc247|16|10835485873
18295|0x7d5cc247|17|21730195631
18295|0x17d5cc247|18|43962615330
18295|0x37d5cc247|19|88998078293
18295|0x77d5cc247|20|178170472864
18295|0x77d5cc247|21|356007778883
18295|0x77d5cc247|22|712840002329
18295|0x77d5cc247|23|1425169691521
18295|0x477d5cc247|24|2846331351394
18853|0x762d|1|300641
18853|0x1762d|2|722953
18853|0x1762d|3|1514149
18853|0x5762d|4|3143337
18853|0xd762d|5|6385612
18853|0xd762d|6|12855366
18853|0x2d762d|7|25761199
18853|0x2d762d|8|51528536
18853|0x2d762d|9|103033483
18853|0x2d762d|10|206148093
18853|0x2d762d|11|412356088
18853|0x42d762d|12|766127113
18853|0xc2d762d|13|1641166516
18853|0x1c2d762d|14|3297511901
18853|0x3c2d762d|15|5508584470
18853|0x7c2d762d|16|10962907876
18853|0x7c2d762d|17|21560503070
18853|0x17c2d762d|18|43716743317
18853|0x37c2d762d|19|88794584036
18853|0x37c2d762d|20|177718754291
18853|0xb7c2d762d|21|224624545921
18853|0x1b7c2d762d|22|431926205280
18853|0x3b7c2d762d|23|879070123488
18853|0x7b7c2d762d|24|1747461822665
18971|0x8013|1|192061
18971|0x18013|2|458760
18971|0x38013|3|984278
18971|0x78013|4|1805058
18971|0x78013|5|4063047
18971|0x178013|6|7996691
18971|0x178013|7|15945856
18971|0x178013|8|32034622
18971|0x978013|9|63926570
18971|0x1978013|10|127762773
18971|0x3978013|11|255917089
18971|0x7978013|12|511946281
18971|0xf978013|13|871502836
18971|0x1f978013|14|1865078119
18971|0x3f978013|15|3489770840
18971|0x3f978013|16|7447709460
18971|0xbf978013|17|13910426416
18971|0xbf978013|18|28282175851
18971|0x2bf978013|19|56936722155
18971|0x6bf978013|20|110375277479
18971|0xebf978013|21|221222160615
18971|0x1ebf978013|22|431202033016
18971|0x3ebf978013|23|878673068210
18971|0x3ebf978013|24|1748808642992
19085|0x8845|1|192029
19085|0x18845|2|462363
19085|0x18845|3|990301
19085|0x58845|4|1914844
19085|0x58845|5|3729375
19085|0x158845|6|7966098
19085|0x158845|7|16026836
19085|0x558845|8|31865744
19085|0xd58845|9|64152274
19085|0x1d58845|10|128138049
19085|0x1d58845|11|255923688
19085|0x5d58845|12|512568529
19085|0x5d58845|13|1024447616
19085|0x15d58845|14|2046955007
19085|0x15d58845|15|4093258114
19085|0x55d58845|16|6886743206
19085|0x55d58845|17|16513391925
19085|0x155d58845|18|27904963509
19085|0x155d58845|19|58545918074
19085|0x555d58845|20|110697858073
19085|0x555d58845|21|221966256506
19085|0x555d58845|22|433501252137
19085|0x555d58845|23|878190657662
19085|0x4555d58845|24|1751230694823
19193|0x5749|1|192259
19193|0x5749|2|462743
19193|0x5749|3|970047
19193|0x5749|4|1980880
19193|0x5749|5|3958079
19193|0x105749|6|8001298
19193|0x305749|7|16043280
19193|0x705749|8|31950600
19193|0xf05749|9|64110531
19193|0x1f05749|10|128157439
19193|0x1f05749|11|255822802
19193|0x5f05749|12|511930569
19193|0x5f05749|13|1023735064
19193|0x5f05749|14|2047915199
19193|0x5f05749|15|3791969196
19193|0x45f05749|16|6740353889
19193|0xc5f05749|17|14248652405
19193|0xc5f05749|18|28312119582
19193|0xc5f05749|19|54762558836
19193|0xc5f05749|20|110508038992
19193|0x8c5f05749|21|221568911886
19193|0x8c5f05749|22|432612552842
19193|0x8c5f05749|23|878445127048
19193|0x48c5f05749|24|1747518917641
19305|0xf4d9|1|194564
19305|0xf4d9|2|463704
19305|0xf4d9|3|972090
19305|0xf4d9|4|1834129
19305|0xf4d9|5|4094114
19305|0xf4d9|6|7951196
19305|0x20f4d9|7|15689931
19305|0x60f4d9|8|31921682
19305|0xe0f4d9|9|63382355
19305|0xe0f4d9|10|127035284
19305|0xe0f4d9|11|254380146
19305|0x4e0f4d9|12|508256616
19305|0xce0f4d9|13|1016651925
19305|0x1ce0f4d9|14|2041585916
19305|0x1ce0f4d9|15|3927774441
19305|0x5ce0f4d9|16|6753359870
19305|0x5ce0f4d9|17|15876698011
19305|0x5ce0f4d9|18|26981325718
19305|0x5ce0f4d9|19|64100793067
19305|0x45ce0f4d9|20|113743303627
19305|0x45ce0f4d9|21|221446466286
19305|0x45ce0f4d9|22|432727828860
19305|0x45ce0f4d9|23|881913195433
19305|0x45ce0f4d9|24|1748209136223
19407|0xdb2f|1|195215
19407|0xdb2f|2|464472
19407|0xdb2f|3|973870
19407|0xdb2f|4|1885238
19407|0x8db2f|5|4071784
19407|0x8db2f|6|8047083
19407|0x28db2f|7|15990690
19407|0x68db2f|8|32012078
19407|0x68db2f|9|64126729
19407|0x168db2f|10|128274175
19407|0x168db2f|11|256039498
19407|0x568db2f|12|510081625
19407|0xd68db2f|13|979936514
19407|0x1d68db2f|14|2046660575
19407|0x1d68db2f|15|3709914165
19407|0x1d68db2f|16|8193121224
19407|0x9d68db2f|17|13862854132
19407|0x19d68db2f|18|31475156691
19407|0x19d68db2f|19|56707546682
19407|0x59d68db2f|20|113417793617
19407|0xd9d68db2f|21|221887503728
19407|0xd9d68db2f|22|440098910257
19407|0x2d9d68db2f|23|880341981263
19407|0x2d9d68db2f|24|1755134336210
19917|0x6705|1|172548
19917|0x16705|2|459455
19917|0x16705|3|990711
19917|0x56705|4|2031722
19917|0x56705|5|3888488
19917|0x156705|6|7983397
19917|0x356705|7|16048533
19917|0x756705|8|32138465
19917|0x756705|9|64148245
19917|0x756705|10|128285852
19917|0x2756705|11|256759495
19917|0x2756705|12|477667007
19917|0xa756705|13|1027129466
19917|0x1a756705|14|1798628852
19917|0x1a756705|15|4108748418
19917|0x1a756705|16|7092698556
19917|0x9a756705|17|14236606167
19917|0x19a756705|18|27359030099
19917|0x39a756705|19|56720205970
19917|0x39a756705|20|112432465763
19917|0xb9a756705|21|221518835466
19917|0xb9a756705|22|434166371262
19917|0xb9a756705|23|878179467749
19917|0x4b9a756705|24|1747408362189
20033|0xc1c1|1|196796
20033|0xc1c1|2|469917
20033|0x2c1c1|3|1006359
20033|0x6c1c1|4|2036719
20033|0x6c1c1|5|3917996
20033|0x6c1c1|6|8030181
20033|0x6c1c1|7|16043751
20033|0x46c1c1|8|31917048
20033|0x46c1c1|9|63896327
20033|0x146c1c1|10|128133166
20033|0x346c1c1|11|252078420
20033|0x746c1c1|12|513001290
20033|0xf46c1c1|13|996185621
20033|0x1f46c1c1|14|2052127250
20033|0x1f46c1c1|15|3509298866
20033|0x1f46c1c1|16|6740411131
20033|0x9f46c1c1|17|13507778697
20033|0x9f46c1c1|18|27626212754
20033|0x9f46c1c1|19|54983254821
20033|0x9f46c1c1|20|110766542674
20033|0x9f46c1c1|21|221317747636
20033|0x109f46c1c1|22|432106758976
20033|0x109f46c1c1|23|880235812680
20033|0x509f46c1c1|24|1748746813069
20135|0x7917|1|196851
20135|0x7917|2|470548
20135|0x7917|3|985757
20135|0x47917|4|2061801
20135|0x47917|5|3946532
20135|0x147917|6|8070971
20135|0x147917|7|16156763
20135|0x547917|8|32276906
20135|0x547917|9|64286896
20135|0x547917|10|128500423
20135|0x547917|11|256747235
20135|0x4547917|12|514063370
20135|0x4547917|13|1027813534
20135|0x14547917|14|2055745900
20135|0x14547917|15|3555409624
20135|0x14547917|16|8190064445
20135|0x14547917|17|15046247000
20135|0x114547917|18|33741390822
20135|0x314547917|19|54966038058
20135|0x714547917|20|111655703097
20135|0x714547917|21|223563534690
20135|0x1714547917|22|435349440227
20135|0x1714547917|23|877099632909
20135|0x5714547917|24|1750297369816
20257|0xf4e1|1|194189
20257|0x1f4e1|2|469215
20257|0x3f4e1|3|987860
20257|0x7f4e1|4|1995718
20257|0xff4e1|5|3907961
20257|0xff4e1|6|8023875
20257|0x2ff4e1|7|16104551
20257|0x6ff4e1|8|32107168
20257|0x6ff4e1|9|64239201
20257|0x16ff4e1|10|128599688
20257|0x16ff4e1|11|257018483
20257|0x56ff4e1|12|513853380
20257|0x56ff4e1|13|1028626076
20257|0x56ff4e1|14|2056434243
20257|0x56ff4e1|15|4112526986
20257|0x456ff4e1|16|7738248721
20257|0xc56ff4e1|17|14731344724
20257|0x1c56ff4e1|18|27816461329
20257|0x1c56ff4e1|19|56277743302
20257|0x1c56ff4e1|20|111209922515
20257|0x9c56ff4e1|21|221492474663
20257|0x19c56ff4e1|22|433026968583
20257|0x19c56ff4e1|23|1381114477001
20257|0x59c56ff4e1|24|2835439228310
20417|0xc041|1|363234
20417|0x1c041|2|743170
20417|0x3c041|3|1579204
20417|0x3c041|4|3142593
20417|0xbc041|5|6424445
20417|0x1bc041|6|12927407
20417|0x1bc041|7|25892576
20417|0x5bc041|8|51828404
20417|0xdbc041|9|103604450
20417|0xdbc041|10|191264870
20417|0x2dbc041|11|414656861
20417|0x2dbc041|12|829433538
20417|0xadbc041|13|1659116686
20417|0xadbc041|14|3317705715
20417|0xadbc041|15|5595687686
20417|0xadbc041|16|10878014889
20417|0xadbc041|17|24633712265
20417|0xadbc041|18|43276277605
20417|0x20adbc041|19|89654162457
20417|0x60adbc041|20|178574354450
20417|0xe0adbc041|21|356546814581
20417|0x1e0adbc041|22|709889429619
20417|0x1e0adbc041|23|1419671553017
20417|0x1e0adbc041|24|1875523336887
20955|0x4253|1|198487
20955|0x14253|2|477162
20955|0x14253|3|1003345
20955|0x14253|4|1927646
20955|0x14253|5|4042745
20955|0x114253|6|8086188
20955|0x114253|7|16214533
20955|0x514253|8|32318231
20955|0xd14253|9|64622375
20955|0x1d14253|10|129636908
20955|0x1d14253|11|258906782
20955|0x5d14253|12|517609482
20955|0x5d14253|13|1030747011
20955|0x15d14253|14|2052394869
20955|0x35d14253|15|4095902185
20955|0x75d14253|16|8207044783
20955|0x75d14253|17|13744613411
20955|0x75d14253|18|26681102469
20955|0x75d14253|19|61743534334
20955|0x475d14253|20|112454624969
20955|0xc75d14253|21|221068758480
20955|0x1c75d14253|22|444171437399
20955|0x3c75d14253|23|867694771115
20955|0x3c75d14253|24|2092011899885
21071|0x84af|1|307339
21071|0x184af|2|751738
21071|0x184af|3|1580712
21071|0x184af|4|3199530
21071|0x984af|5|6409333
21071|0x1984af|6|12904893
21071|0x3984af|7|25908849
21071|0x7984af|8|51959865
21071|0x7984af|9|103814474
21071|0x7984af|10|207808050
21071|0x27984af|11|415371115
21071|0x27984af|12|830734978
21071|0x27984af|13|1572051074
21071|0x127984af|14|2798827194
21071|0x327984af|15|6115828024
21071|0x327984af|16|11090832509
21071|0xb27984af|17|25183156079
21071|0xb27984af|18|45037365978
21071|0x2b27984af|19|88447034210
21071|0x2b27984af|20|176487509501
21071|0x2b27984af|21|353154001095
21071|0x2b27984af|22|708591610446
21071|0x2b27984af|23|1415434372586
21071|0x2b27984af|24|2829636469434
21241|0xcf49|1|308094
21241|0x1cf49|2|753112
21241|0x1cf49|3|1604240
21241|0x1cf49|4|3206431
21241|0x9cf49|5|6417102
21241|0x19cf49|6|12958053
21241|0x19cf49|7|25923052
21241|0x19cf49|8|51976247
21241|0x99cf49|9|103920685
21241|0x99cf49|10|207754366
21241|0x299cf49|11|415591196
21241|0x699cf49|12|804014141
21241|0x699cf49|13|1374928265
21241|0x1699cf49|14|2884301463
21241|0x1699cf49|15|5621724014
21241|0x5699cf49|16|11019391587
21241|0xd699cf49|17|21558184184
21241|0xd699cf49|18|45231510994
21241|0x2d699cf49|19|88295191557
21241|0x2d699cf49|20|176779713511
21241|0x2d699cf49|21|353212067090
21241|0x2d699cf49|22|707193060640
21241|0x2d699cf49|23|1413556478350
21241|0x2d699cf49|24|2830716877911
21421|0x8825|1|309174
21421|0x8825|2|755733
21421|0x8825|3|1590919
21421|0x8825|4|3214871
21421|0x8825|5|6448631
21421|0x8825|6|12909968
21421|0x8825|7|25928251
21421|0x8825|8|51962558
21421|0x808825|9|103899689
21421|0x1808825|10|207394079
21421|0x1808825|11|384399728
21421|0x1808825|12|831960669
21421|0x1808825|13|1663501865
21421|0x11808825|14|2750790886
21421|0x11808825|15|6132997940
21421|0x11808825|16|12613112183
21421|0x91808825|17|22509214841
21421|0x191808825|18|47638285705
21421|0x191808825|19|89105999165
21421|0x591808825|20|177897236555
21421|0x591808825|21|353128341827
21421|0x1591808825|22|706191310564
21421|0x1591808825|23|1414777489200
21421|0x5591808825|24|2830959230304
21965|0x9f05|1|330568
21965|0x9f05|2|668923
21965|0x9f05|3|1513212
21965|0x49f05|4|3158415
21965|0x49f05|5|6413712
21965|0x49f05|6|12954502
21965|0x49f05|7|25979818
21965|0x49f05|8|42047449
21965|0x849f05|9|104028009
21965|0x1849f05|10|208256769
21965|0x1849f05|11|383062591
21965|0x1849f05|12|696735622
21965|0x1849f05|13|1491564734
21965|0x1849f05|14|2821029594
21965|0x1849f05|15|5539113544
21965|0x41849f05|16|10943954578
21965|0xc1849f05|17|23698770646
21965|0xc1849f05|18|45091221347
21965|0xc1849f05|19|87066415483
21965|0x4c1849f05|20|177276125031
21965|0x4c1849f05|21|352956027859
21965|0x14c1849f05|22|712364881949
21965|0x34c1849f05|23|1410931335923
21965|0x34c1849f05|24|2823715673824
22147|0x282b|1|314173
22147|0x1282b|2|670433
22147|0x3282b|3|1539766
22147|0x7282b|4|3149809
22147|0xf282b|5|6456785
22147|0xf282b|6|13003417
22147|0xf282b|7|26005868
22147|0x4f282b|8|52101960
22147|0x4f282b|9|92855163
22147|0x4f282b|10|208404327
22147|0x4f282b|11|357916695
22147|0x4f282b|12|677914090
22147|0x4f282b|13|1667819238
22147|0x4f282b|14|2904165434
22147|0x4f282b|15|5951003850
22147|0x404f282b|16|10923413982
22147|0xc04f282b|17|21606542601
22147|0x1c04f282b|18|44296581757
22147|0x1c04f282b|19|87934908240
22147|0x1c04f282b|20|177488397847
22147|0x1c04f282b|21|353568639562
22147|0x1c04f282b|22|707437794620
22147|0x1c04f282b|23|1411045770004
22147|0x1c04f282b|24|2819158860341
22331|0x69f3|1|314787
22331|0x69f3|2|672134
22331|0x269f3|3|1541750
22331|0x269f3|4|3161687
22331|0x269f3|5|6473274
22331|0x1269f3|6|12945097
22331|0x1269f3|7|25986795
22331|0x5269f3|8|42039081
22331|0x5269f3|9|104169362
22331|0x15269f3|10|208557675
22331|0x15269f3|11|417126701
22331|0x15269f3|12|834425080
22331|0x15269f3|13|1354111206
22331|0x115269f3|14|3120611639
22331|0x115269f3|15|5652378018
22331|0x115269f3|16|11063869351
22331|0x115269f3|17|21534904312
22331|0x1115269f3|18|45342573081
22331|0x3115269f3|19|88268130577
22331|0x3115269f3|20|176459184062
22331|0xb115269f3|21|352573253013
22331|0x1b115269f3|22|705692843635
22331|0x3b115269f3|23|1423979606400
22331|0x3b115269f3|24|2819567579834
22509|0x9de5|1|311588
22509|0x19de5|2|673552
22509|0x19de5|3|1526818
22509|0x19de5|4|3194492
22509|0x99de5|5|6520922
22509|0x199de5|6|12966540
22509|0x399de5|7|26064189
22509|0x399de5|8|42087705
22509|0x399de5|9|104277489
22509|0x399de5|10|208670854
22509|0x2399de5|11|417433525
22509|0x6399de5|12|803941087
22509|0xe399de5|13|1463500203
22509|0xe399de5|14|2724506457
22509|0xe399de5|15|5508634260
22509|0x4e399de5|16|11053188924
22509|0x4e399de5|17|21535249415
22509|0x4e399de5|18|44209605628
22509|0x24e399de5|19|88376357050
22509|0x24e399de5|20|176903546904
22509|0xa4e399de5|21|352629503636
22509|0xa4e399de5|22|704904297443
22509|0x2a4e399de5|23|1409869008998
22509|0x6a4e399de5|24|2821525078517
23053|0x84c5|1|328060
23053|0x84c5|2|678057
23053|0x84c5|3|1541338
23053|0x484c5|4|3407184
23053|0xc84c5|5|6462315
23053|0x1c84c5|6|13015227
23053|0x3c84c5|7|26042897
23053|0x7c84c5|8|42037725
23053|0x7c84c5|9|104414318
23053|0x17c84c5|10|209018248
23053|0x37c84c5|11|418183483
23053|0x77c84c5|12|730918547
23053|0xf7c84c5|13|1672993371
23053|0x1f7c84c5|14|3346764100
23053|0x3f7c84c5|15|5583121171
23053|0x3f7c84c5|16|11071821958
23053|0x3f7c84c5|17|21576211812
23053|0x13f7c84c5|18|44685262248
23053|0x33f7c84c5|19|88116934043
23053|0x73f7c84c5|20|176108477089
23053|0x73f7c84c5|21|352099330995
23053|0x173f7c84c5|22|704867243531
23053|0x173f7c84c5|23|1408688367307
23053|0x173f7c84c5|24|2814913731769
23237|0x140d|1|317249
23237|0x140d|2|680007
23237|0x140d|3|1572843
23237|0x4140d|4|3230009
23237|0x4140d|5|6466880
23237|0x14140d|6|13077743
23237|0x14140d|7|26149895
23237|0x14140d|8|52274936
23237|0x94140d|9|109564869
23237|0x194140d|10|209606753
23237|0x394140d|11|353109230
23237|0x394140d|12|837186444
23237|0x394140d|13|1421861437
23237|0x1394140d|14|2741774245
23237|0x3394140d|15|6301893478
23237|0x7394140d|16|10993561526
23237|0x7394140d|17|21589842675
23237|0x17394140d|18|43207466254
23237|0x17394140d|19|87834123156
23237|0x17394140d|20|175663153212
23237|0x17394140d|21|351472520975
23237|0x17394140d|22|706013935383
23237|0x17394140d|23|1406317924387
23237|0x417394140d|24|2813951138051
23407|0x638f|1|317311
23407|0x1638f|2|680740
23407|0x3638f|3|1549617
23407|0x7638f|4|3242727
23407|0xf638f|5|6507396
23407|0x1f638f|6|13021103
23407|0x1f638f|7|26132735
23407|0x1f638f|8|52409157
23407|0x1f638f|9|104655939
23407|0x1f638f|10|209289777
23407|0x21f638f|11|375500549
23407|0x61f638f|12|708298594
23407|0x61f638f|13|1412808775
23407|0x161f638f|14|2691291266
23407|0x161f638f|15|5412825304
23407|0x561f638f|16|10813438555
23407|0xd61f638f|17|21599892923
23407|0xd61f638f|18|44866328218
23407|0x2d61f638f|19|87587592720
23407|0x2d61f638f|20|175599019319
23407|0xad61f638f|21|351583022832
23407|0x1ad61f638f|22|704066452842
23407|0x1ad61f638f|23|1407490844891
23407|0x5ad61f638f|24|2812671870923
23979|0xb503|1|319062
23979|0x1b503|2|685799
23979|0x3b503|3|1582071
23979|0x7b503|4|3180919
23979|0xfb503|5|6444149
23979|0xfb503|6|13058711
23979|0xfb503|7|26165605
23979|0x4fb503|8|52353775
23979|0x4fb503|9|95385501
23979|0x4fb503|10|209683092
23979|0x24fb503|11|419595583
23979|0x24fb503|12|726278792
23979|0x24fb503|13|1459226252
23979|0x24fb503|14|2696200511
23979|0x24fb503|15|6194621479
23979|0x24fb503|16|11239251806
23979|0x824fb503|17|21654795247
23979|0x824fb503|18|43168456737
23979|0x2824fb503|19|88166555109
23979|0x6824fb503|20|177108380418
23979|0x6824fb503|21|351683330017
23979|0x16824fb503|22|704463967523
23979|0x36824fb503|23|1405368932850
23979|0x76824fb503|24|2808635020808
24153|0x9e9|1|316744
24153|0x109e9|2|687516
24153|0x109e9|3|1569264
24153|0x109e9|4|3181369
24153|0x109e9|5|6486418
24153|0x109e9|6|13077242
24153|0x109e9|7|26184496
24153|0x109e9|8|52478199
24153|0x109e9|9|104962557
24153|0x109e9|10|209859514
24153|0x20109e9|11|364507493
24153|0x60109e9|12|727624331
24153|0xe0109e9|13|1679156242
24153|0xe0109e9|14|3103030766
24153|0xe0109e9|15|5721580396
24153|0x4e0109e9|16|11518953247
24153|0xce0109e9|17|22540585203
24153|0xce0109e9|18|44664523154
24153|0xce0109e9|19|88944477625
24153|0x4ce0109e9|20|175588562358
24153|0x4ce0109e9|21|351280857075
24153|0x14ce0109e9|22|702050171928
24153|0x34ce0109e9|23|1404099062691
24153|0x34ce0109e9|24|2809129799347
24333|0x87c5|1|320148
24333|0x187c5|2|689853
24333|0x387c5|3|1573926
24333|0x387c5|4|3191439
24333|0x387c5|5|6508712
24333|0x1387c5|6|13106634
24333|0x3387c5|7|26238652
24333|0x3387c5|8|52488678
24333|0x3387c5|9|104918374
24333|0x3387c5|10|210140962
24333|0x23387c5|11|420289899
24333|0x63387c5|12|840093129
24333|0x63387c5|13|1619375663
24333|0x163387c5|14|3360501662
24333|0x163387c5|15|5581428125
24333|0x563387c5|16|10937452103
24333|0xd63387c5|17|21556604478
24333|0xd63387c5|18|44630852121
24333|0xd63387c5|19|88406543708
24333|0xd63387c5|20|176295041711
24333|0x8d63387c5|21|351847496758
24333|0x18d63387c5|22|702122956367
24333|0x18d63387c5|23|1406633980535
24333|0x58d63387c5|24|2809731853507
24525|0xa505|1|321192
24525|0x1a505|2|692110
24525|0x3a505|3|1580062
24525|0x3a505|4|3201277
24525|0xba505|5|6536264
24525|0x1ba505|6|13062796
24525|0x3ba505|7|26255060
24525|0x3ba505|8|52540442
24525|0x3ba505|9|105043694
24525|0x3ba505|10|210157960
24525|0x23ba505|11|420287098
24525|0x63ba505|12|840693029
24525|0x63ba505|13|1681655111
24525|0x63ba505|14|3362574335
24525|0x263ba505|15|5800151445
24525|0x663ba505|16|10920459929
24525|0x663ba505|17|22008027715
24525|0x663ba505|18|43355905850
24525|0x2663ba505|19|88005541872
24525|0x6663ba505|20|175188201701
24525|0x6663ba505|21|351357586959
24525|0x16663ba505|22|705126356638
24525|0x36663ba505|23|1403179927348
24525|0x36663ba505|24|2805385797018
25071|0xed0f|1|322621
25071|0xed0f|2|695941
25071|0xed0f|3|1610720
25071|0xed0f|4|3209372
25071|0xed0f|5|6507184
25071|0x10ed0f|6|13055575
25071|0x30ed0f|7|26249321
25071|0x30ed0f|8|44728307
25071|0xb0ed0f|9|105151302
25071|0x1b0ed0f|10|210514155
25071|0x3b0ed0f|11|421096751
25071|0x7b0ed0f|12|842279201
25071|0xfb0ed0f|13|1684750203
25071|0x1fb0ed0f|14|3369055989
25071|0x3fb0ed0f|15|5571801329
25071|0x3fb0ed0f|16|11989251757
25071|0xbfb0ed0f|17|22133381927
25071|0x1bfb0ed0f|18|44141394676
25071|0x1bfb0ed0f|19|88717328701
25071|0x5bfb0ed0f|20|175311273505
25071|0x5bfb0ed0f|21|350364641158
25071|0x5bfb0ed0f|22|702269770477
25071|0x5bfb0ed0f|23|1401404593837
25071|0x5bfb0ed0f|24|2803826231046
25253|0xb52d|1|323142
25253|0xb52d|2|697146
25253|0xb52d|3|1598253
25253|0xb52d|4|3241681
25253|0xb52d|5|6504031
25253|0x10b52d|6|13120260
25253|0x30b52d|7|26325587
25253|0x70b52d|8|52680221
25253|0x70b52d|9|105280269
25253|0x70b52d|10|210649969
25253|0x270b52d|11|421270693
25253|0x270b52d|12|842715234
25253|0xa70b52d|13|1685355697
25253|0xa70b52d|14|3371086471
25253|0x2a70b52d|15|5593359122
25253|0x2a70b52d|16|12248530969
25253|0xaa70b52d|17|21726228041
25253|0x1aa70b52d|18|45088711575
25253|0x3aa70b52d|19|91266693898
25253|0x7aa70b52d|20|175288947293
25253|0x7aa70b52d|21|352568418773
25253|0x17aa70b52d|22|703119459150
25253|0x17aa70b52d|23|1400348271073
25253|0x17aa70b52d|24|2801213962783
25431|0x3867|1|323598
25431|0x13867|2|700086
25431|0x33867|3|1603723
25431|0x33867|4|3248876
25431|0xb3867|5|6546350
25431|0xb3867|6|13146880
25431|0x2b3867|7|26305627
25431|0x2b3867|8|52592169
25431|0xab3867|9|105282100
25431|0x1ab3867|10|210749301
25431|0x1ab3867|11|391821651
25431|0x1ab3867|12|843243774
25431|0x9ab3867|13|1686403322
25431|0x9ab3867|14|3373744253
25431|0x9ab3867|15|6266297282
25431|0x9ab3867|16|12130522176
25431|0x89ab3867|17|23665977432
25431|0x89ab3867|18|46784948093
25431|0x89ab3867|19|88360212346
25431|0x489ab3867|20|175111374560
25431|0xc89ab3867|21|350991334482
25431|0xc89ab3867|22|702739674472
25431|0xc89ab3867|23|1400061567070
25431|0xc89ab3867|24|2800845209137
25601|0x9c01|1|324406
25601|0x19c01|2|699316
25601|0x39c01|3|1622364
25601|0x79c01|4|3259111
25601|0xf9c01|5|6517286
25601|0xf9c01|6|13066086
25601|0xf9c01|7|26299782
25601|0xf9c01|8|52638332
25601|0xf9c01|9|105386826
25601|0x10f9c01|10|210877314
25601|0x30f9c01|11|421828093
25601|0x70f9c01|12|697612797
25601|0x70f9c01|13|1687653333
25601|0x70f9c01|14|3375707569
25601|0x270f9c01|15|5524061140
25601|0x670f9c01|16|11516163655
25601|0xe70f9c01|17|27004579653
25601|0x1e70f9c01|18|51740289732
25601|0x1e70f9c01|19|87168652346
25601|0x5e70f9c01|20|175589571840
25601|0xde70f9c01|21|349730549582
25601|0x1de70f9c01|22|704490440232
25601|0x3de70f9c01|23|1399910066952
25601|0x3de70f9c01|24|2802136723510
26155|0x2883|1|325148
26155|0x12883|2|703828
26155|0x32883|3|1617138
26155|0x72883|4|3303551
26155|0xf2883|5|6586953
26155|0x1f2883|6|13208786
26155|0x3f2883|7|26370089
26155|0x7f2883|8|42047713
26155|0xff2883|9|105618092
26155|0x1ff2883|10|211251380
26155|0x1ff2883|11|422491583
26155|0x1ff2883|12|847140506
26155|0x1ff2883|13|1589470910
26155|0x1ff2883|14|3381392815
26155|0x1ff2883|15|5448120865
26155|0x1ff2883|16|11226900235
26155|0x1ff2883|17|21693892265
26155|0x1ff2883|18|45182541568
26155|0x1ff2883|19|86778419346
26155|0x401ff2883|20|176522592507
26155|0xc01ff2883|21|349868380625
26155|0x1c01ff2883|22|698908122441
26155|0x1c01ff2883|23|1397566835662
26155|0x1c01ff2883|24|2798104572761
26323|0xe15b|1|326400
26323|0xe15b|2|706695
26323|0xe15b|3|1528074
26323|0x4e15b|4|3162795
26323|0x4e15b|5|6498674
26323|0x14e15b|6|13111916
26323|0x14e15b|7|26373304
26323|0x14e15b|8|45707370
26323|0x14e15b|9|105586652
26323|0x114e15b|10|211441379
26323|0x314e15b|11|422781694
26323|0x714e15b|12|836975861
26323|0xf14e15b|13|1691401864
26323|0xf14e15b|14|3383783701
26323|0xf14e15b|15|5625066330
26323|0x4f14e15b|16|12492426302
26323|0xcf14e15b|17|22802042120
26323|0x1cf14e15b|18|44172241343
26323|0x1cf14e15b|19|87049659071
26323|0x1cf14e15b|20|175523875417
26323|0x1cf14e15b|21|349535261399
26323|0x1cf14e15b|22|698676776803
26323|0x1cf14e15b|23|1397510302365
26323|0x1cf14e15b|24|2794328361846
26505|0x3eb9|1|326586
26505|0x3eb9|2|723363
26505|0x23eb9|3|1516501
26505|0x23eb9|4|3190552
26505|0x23eb9|5|6514204
26505|0x123eb9|6|13158133
26505|0x123eb9|7|26432288
26505|0x123eb9|8|52849296
26505|0x123eb9|9|105710584
26505|0x1123eb9|10|211435838
26505|0x3123eb9|11|423144377
26505|0x7123eb9|12|719509774
26505|0x7123eb9|13|1692364785
26505|0x7123eb9|14|3385018613
26505|0x27123eb9|15|6770950167
26505|0x67123eb9|16|12110362829
26505|0xe7123eb9|17|25462933958
26505|0xe7123eb9|18|44204480074
26505|0xe7123eb9|19|88150498782
26505|0x4e7123eb9|20|175420038551
26505|0xce7123eb9|21|354104671851
26505|0xce7123eb9|22|670856880274
26505|0x2ce7123eb9|23|868181292752
26505|0x2ce7123eb9|24|1737554180042
26983|0xa257|1|208793
26983|0x1a257|2|452489
26983|0x3a257|3|982911
26983|0x7a257|4|2032848
26983|0xfa257|5|3977096
26983|0xfa257|6|8162800
26983|0x2fa257|7|16413561
26983|0x6fa257|8|32716923
26983|0xefa257|9|65601004
26983|0xefa257|10|131352051
26983|0x2efa257|11|263068905
26983|0x2efa257|12|526442072
26983|0xaefa257|13|1025922347
26983|0x1aefa257|14|2106409069
26983|0x3aefa257|15|4054488959
26983|0x3aefa257|16|6981513728
26983|0x3aefa257|17|14016825317
26983|0x3aefa257|18|26968708569
26983|0x3aefa257|19|57962103593
26983|0x43aefa257|20|107071267791
26983|0x43aefa257|21|217558922363
26983|0x43aefa257|22|434632952422
26983|0x243aefa257|23|867667084314
26983|0x643aefa257|24|2218841011500
27117|0x5be5|1|328709
27117|0x5be5|2|713664
27117|0x25be5|3|1550749
27117|0x25be5|4|3203574
27117|0x25be5|5|6600654
27117|0x25be5|6|13171099
27117|0x225be5|7|26502940
27117|0x225be5|8|53020002
27117|0xa25be5|9|106084524
27117|0xa25be5|10|212180587
27117|0x2a25be5|11|424540626
27117|0x2a25be5|12|849123210
27117|0xaa25be5|13|1440150716
27117|0x1aa25be5|14|2717439863
27117|0x1aa25be5|15|6795028115
27117|0x5aa25be5|16|10960046250
27117|0xdaa25be5|17|21618737689
27117|0x1daa25be5|18|44292924782
27117|0x1daa25be5|19|87030793432
27117|0x5daa25be5|20|175790088312
27117|0xddaa25be5|21|349488060685
27117|0xddaa25be5|22|431030744037
27117|0xddaa25be5|23|1342925387978
27117|0xddaa25be5|24|2794598210555
27285|0x10bd|1|328449
27285|0x10bd|2|739055
27285|0x10bd|3|1534597
27285|0x10bd|4|3233521
27285|0x810bd|5|6586415
27285|0x810bd|6|13238738
27285|0x2810bd|7|26448708
27285|0x6810bd|8|53040683
27285|0xe810bd|9|106154464
27285|0xe810bd|10|212295352
27285|0x2e810bd|11|424798521
27285|0x2e810bd|12|849878555
27285|0xae810bd|13|1699567386
27285|0x1ae810bd|14|2823893133
27285|0x1ae810bd|15|5653434992
27285|0x5ae810bd|16|10829603769
27285|0x5ae810bd|17|22085191769
27285|0x15ae810bd|18|43221555976
27285|0x35ae810bd|19|87486477911
27285|0x35ae810bd|20|176017563741
27285|0xb5ae810bd|21|350834881246
27285|0xb5ae810bd|22|698911955765
27285|0xb5ae810bd|23|1397393610761
27285|0x4b5ae810bd|24|2224831581821
27445|0xcf1d|1|329173
27445|0xcf1d|2|746717
27445|0xcf1d|3|1537760
27445|0x4cf1d|4|3241592
27445|0x4cf1d|5|6595043
27445|0x14cf1d|6|13254688
27445|0x34cf1d|7|26526754
27445|0x34cf1d|8|53081757
27445|0xb4cf1d|9|106189894
27445|0xb4cf1d|10|212515418
27445|0xb4cf1d|11|425105378
27445|0xb4cf1d|12|850200402
27445|0x8b4cf1d|13|1383432675
27445|0x8b4cf1d|14|2981915056
27445|0x28b4cf1d|15|5799800667
27445|0x28b4cf1d|16|12087975512
27445|0x28b4cf1d|17|21820270915
27445|0x28b4cf1d|18|43299299519
27445|0x28b4cf1d|19|86841501449
27445|0x428b4cf1d|20|175229778904
27445|0x428b4cf1d|21|349550659765
27445|0x428b4cf1d|22|701436953648
27445|0x2428b4cf1d|23|1397222231617
27445|0x2428b4cf1d|24|1779262535785
27599|0xbb2f|1|212528
27599|0xbb2f|2|479973
27599|0xbb2f|3|941575
27599|0x4bb2f|4|1805446
27599|0x4bb2f|5|3925857
27599|0x14bb2f|6|7723361
27599|0x14bb2f|7|12956937
27599|0x14bb2f|8|31180166
27599|0x14bb2f|9|62193615
27599|0x114bb2f|10|124289492
27599|0x314bb2f|11|249570242
27599|0x314bb2f|12|498835694
27599|0xb14bb2f|13|906140337
27599|0xb14bb2f|14|1658901914
27599|0x2b14bb2f|15|3233509548
27599|0x2b14bb2f|16|6611512895
27599|0xab14bb2f|17|13997086908
27599|0xab14bb2f|18|26033200940
27599|0xab14bb2f|19|53752380686
27599|0x4ab14bb2f|20|104028382322
27599|0xcab14bb2f|21|206939686073
27599|0xcab14bb2f|22|467916098332
27599|0xcab14bb2f|23|824038775791
27599|0x4cab14bb2f|24|2606384719383
28119|0xd5e7|1|327309
28119|0x1d5e7|2|721129
28119|0x3d5e7|3|1568651
28119|0x7d5e7|4|3284487
28119|0xfd5e7|5|6554020
28119|0xfd5e7|6|13284367
28119|0x2fd5e7|7|26551793
28119|0x6fd5e7|8|53264362
28119|0x6fd5e7|9|106433422
28119|0x6fd5e7|10|212978839
28119|0x6fd5e7|11|426119865
28119|0x46fd5e7|12|852303483
28119|0xc6fd5e7|13|1471618270
28119|0x1c6fd5e7|14|2815758375
28119|0x1c6fd5e7|15|5534420706
28119|0x1c6fd5e7|16|10965929306
28119|0x9c6fd5e7|17|21704318738
28119|0x19c6fd5e7|18|43819878763
28119|0x39c6fd5e7|19|87789246670
28119|0x79c6fd5e7|20|174927486193
28119|0x79c6fd5e7|21|352962246157
28119|0x79c6fd5e7|22|557367454716
28119|0x79c6fd5e7|23|1243224534064
28119|0x79c6fd5e7|24|2348707751880
28267|0xce43|1|186195
28267|0x1ce43|2|404803
28267|0x3ce43|3|870239
28267|0x3ce43|4|2067339
28267|0xbce43|5|3854681
28267|0x1bce43|6|8022711
28267|0x1bce43|7|15761436
28267|0x5bce43|8|31160278
28267|0x5bce43|9|63005441
28267|0x15bce43|10|126337363
28267|0x15bce43|11|252179733
28267|0x55bce43|12|420961858
28267|0x55bce43|13|1003340865
28267|0x155bce43|14|2023073262
28267|0x355bce43|15|4045887695
28267|0x755bce43|16|7042414994
28267|0xf55bce43|17|13806425015
28267|0xf55bce43|18|26091293847
28267|0xf55bce43|19|52173672435
28267|0x4f55bce43|20|103266682538
28267|0x4f55bce43|21|205837512050
28267|0x4f55bce43|22|412306228824
28267|0x4f55bce43|23|826343750595
28267|0x4f55bce43|24|1655692364623
28369|0xaa31|1|211276
28369|0xaa31|2|460615
28369|0xaa31|3|1004787
28369|0x4aa31|4|1827010
28369|0x4aa31|5|4042115
28369|0x14aa31|6|7775233
28369|0x14aa31|7|16060492
28369|0x14aa31|8|31622323
28369|0x14aa31|9|63444557
28369|0x14aa31|10|126496401
28369|0x214aa31|11|252318127
28369|0x614aa31|12|505551914
28369|0xe14aa31|13|1011849390
28369|0xe14aa31|14|1640935896
28369|0x2e14aa31|15|3292544446
28369|0x2e14aa31|16|8091952645
28369|0xae14aa31|17|12930850650
28369|0x1ae14aa31|18|30521751837
28369|0x1ae14aa31|19|51480170207
28369|0x5ae14aa31|20|102334581428
28369|0x5ae14aa31|21|205981505336
28369|0x15ae14aa31|22|413769441062
28369|0x15ae14aa31|23|825633662449
28369|0x15ae14aa31|24|1653599004571
28479|0xbf|1|184329
28479|0x100bf|2|405518
28479|0x300bf|3|940018
28479|0x300bf|4|2114038
28479|0x300bf|5|3774197
28479|0x1300bf|6|7991066
28479|0x1300bf|7|15645166
28479|0x1300bf|8|31488909
28479|0x1300bf|9|62785772
28479|0x1300bf|10|125561323
28479|0x21300bf|11|251384053
28479|0x21300bf|12|440646028
28479|0x21300bf|13|1005896391
28479|0x21300bf|14|2011826876
28479|0x21300bf|15|3333992721
28479|0x421300bf|16|6710256963
28479|0xc21300bf|17|14912532565
28479|0xc21300bf|18|25966848597
28479|0x2c21300bf|19|51783983593
28479|0x6c21300bf|20|103563403691
28479|0x6c21300bf|21|205610527226
28479|0x16c21300bf|22|410919916886
28479|0x16c21300bf|23|824967742146
28479|0x56c21300bf|24|1659415928099
28585|0xa499|1|186684
28585|0x1a499|2|425447
28585|0x1a499|3|993034
28585|0x5a499|4|1998465
28585|0xda499|5|3869088
28585|0xda499|6|7974894
28585|0x2da499|7|15814042
28585|0x2da499|8|31639874
28585|0xada499|9|63038899
28585|0x1ada499|10|125913752
28585|0x3ada499|11|251984774
28585|0x3ada499|12|504099123
28585|0xbada499|13|972640548
28585|0xbada499|14|2013406540
28585|0xbada499|15|4039680852
28585|0xbada499|16|6696068882
28585|0xbada499|17|15351472815
28585|0xbada499|18|29777950808
28585|0xbada499|19|51815168456
28585|0xbada499|20|102258437600
28585|0x80bada499|21|205328661103
28585|0x80bada499|22|411957435897
28585|0x280bada499|23|826473102793
28585|0x280bada499|24|1659381412870
29059|0x252b|1|187175
29059|0x1252b|2|408462
29059|0x3252b|3|923433
29059|0x7252b|4|2114646
29059|0x7252b|5|3755766
29059|0x17252b|6|7998104
29059|0x17252b|7|15595628
29059|0x57252b|8|25788577
29059|0x57252b|9|62922280
29059|0x57252b|10|126057055
29059|0x57252b|11|251938818
29059|0x457252b|12|504585184
29059|0x457252b|13|1008501627
29059|0x1457252b|14|2015791360
29059|0x3457252b|15|3240317150
29059|0x7457252b|16|6375397785
29059|0x7457252b|17|12798572950
29059|0x7457252b|18|29041683336
29059|0x27457252b|19|52082417093
29059|0x67457252b|20|102985191866
29059|0xe7457252b|21|205356825094
29059|0xe7457252b|22|412181334273
29059|0xe7457252b|23|823967911388
29059|0x4e7457252b|24|1660232716060
29173|0xf25d|1|200579
29173|0x1f25d|2|408834
29173|0x1f25d|3|888677
29173|0x1f25d|4|1791458
29173|0x9f25d|5|3979563
29173|0x9f25d|6|7750069
29173|0x9f25d|7|15809633
29173|0x9f25d|8|31754133
29173|0x89f25d|9|62983072
29173|0x89f25d|10|126638213
29173|0x89f25d|11|253244418
29173|0x89f25d|12|508026946
29173|0x889f25d|13|854509923
29173|0x1889f25d|14|1662896852
29173|0x3889f25d|15|3213534063
29173|0x3889f25d|16|8112988697
29173|0x3889f25d|17|13787206687
29173|0x13889f25d|18|26529341387
29173|0x13889f25d|19|52037330589
29173|0x13889f25d|20|104745592622
29173|0x13889f25d|21|208904076630
29173|0x13889f25d|22|415891004901
29173|0x213889f25d|23|833624483049
29173|0x613889f25d|24|1649321519990
29273|0xb5e9|1|187285
29273|0x1b5e9|2|409468
29273|0x3b5e9|3|882343
29273|0x7b5e9|4|1978903
29273|0x7b5e9|5|3858155
29273|0x17b5e9|6|7947793
29273|0x17b5e9|7|15811124
29273|0x57b5e9|8|30656196
29273|0xd7b5e9|9|59761102
29273|0xd7b5e9|10|126513704
29273|0x2d7b5e9|11|253109891
29273|0x6d7b5e9|12|506812743
29273|0x6d7b5e9|13|884760144
29273|0x16d7b5e9|14|1644673660
29273|0x16d7b5e9|15|3380979557
29273|0x16d7b5e9|16|6438227086
29273|0x16d7b5e9|17|12821862135
29273|0x16d7b5e9|18|25687953994
29273|0x16d7b5e9|19|51182773929
29273|0x416d7b5e9|20|103031709092
29273|0xc16d7b5e9|21|205991608111
29273|0xc16d7b5e9|22|413586350492
29273|0x2c16d7b5e9|23|826545215743
29273|0x2c16d7b5e9|24|1649226602371
29381|0x3c0d|1|210971
29381|0x3c0d|2|465964
29381|0x3c0d|3|1001894
29381|0x43c0d|4|1878014
29381|0x43c0d|5|3939236
29381|0x43c0d|6|7828922
29381|0x43c0d|7|15925949
29381|0x43c0d|8|31638287
29381|0x43c0d|9|62897335
29381|0x43c0d|10|126099854
29381|0x2043c0d|11|251556889
29381|0x2043c0d|12|503950481
29381|0x2043c0d|13|1008370519
29381|0x12043c0d|14|2019130603
29381|0x12043c0d|15|4028737251
29381|0x52043c0d|16|8063035663
29381|0x52043c0d|17|14682910264
29381|0x152043c0d|18|25903424840
29381|0x352043c0d|19|51125909302
29381|0x752043c0d|20|102815223103
29381|0xf52043c0d|21|205483558403
29381|0x1f52043c0d|22|414012820048
29381|0x3f52043c0d|23|824365158325
29381|0x7f52043c0d|24|1647944807794
29489|0x5d1|1|185888
29489|0x5d1|2|408718
29489|0x205d1|3|884552
29489|0x205d1|4|2080710
29489|0x205d1|5|3821733
29489|0x205d1|6|8137402
29489|0x205d1|7|15935448
29489|0x205d1|8|31823209
29489|0x205d1|9|63654902
29489|0x10205d1|10|126757756
29489|0x30205d1|11|254320167
29489|0x70205d1|12|508465811
29489|0x70205d1|13|1015638706
29489|0x70205d1|14|2011483901
29489|0x70205d1|15|3293542211
29489|0x470205d1|16|6681016387
29489|0xc70205d1|17|12928863112
29489|0xc70205d1|18|26123091055
29489|0xc70205d1|19|52440282210
29489|0x4c70205d1|20|102856128779
29489|0x4c70205d1|21|205519209198
29489|0x14c70205d1|22|413334118846
29489|0x34c70205d1|23|824782010167
29489|0x34c70205d1|24|1647304628702
29599|0xe85f|1|217495
29599|0x1e85f|2|466865
29599|0x3e85f|3|1006493
29599|0x3e85f|4|1914117
29599|0x3e85f|5|3892320
29599|0x13e85f|6|7875042
29599|0x13e85f|7|15823143
29599|0x53e85f|8|31537262
29599|0xd3e85f|9|63412273
29599|0x1d3e85f|10|126573456
29599|0x1d3e85f|11|253827766
29599|0x5d3e85f|12|507342749
29599|0x5d3e85f|13|843349787
29599|0x15d3e85f|14|1681397150
29599|0x15d3e85f|15|3262322957
29599|0x55d3e85f|16|6554915398
29599|0xd5d3e85f|17|14761666974
29599|0x1d5d3e85f|18|25924344768
29599|0x3d5d3e85f|19|52576111337
29599|0x3d5d3e85f|20|102882179761
29599|0x3d5d3e85f|21|204990858506
29599|0x13d5d3e85f|22|413026658789
29599|0x33d5d3e85f|23|824888460836
29599|0x73d5d3e85f|24|1649449033114
30059|0xf43|1|215096
30059|0xf43|2|510490
30059|0xf43|3|891708
30059|0xf43|4|1798755
30059|0xf43|5|3499517
30059|0xf43|6|7773172
30059|0xf43|7|15985877
30059|0xf43|8|31650455
30059|0xf43|9|63458999
30059|0x1000f43|10|126768349
30059|0x3000f43|11|253580031
30059|0x3000f43|12|478788470
30059|0xb000f43|13|1014429220
30059|0xb000f43|14|2003511784
30059|0x2b000f43|15|3404443156
30059|0x2b000f43|16|6512316390
30059|0x2b000f43|17|12881597809
30059|0x12b000f43|18|25620228128
30059|0x12b000f43|19|52434595031
30059|0x52b000f43|20|102962303374
30059|0x52b000f43|21|205810666151
30059|0x152b000f43|22|417374388487
30059|0x152b000f43|23|825648978934
30059|0x152b000f43|24|1646670473362
30165|0x1b7d|1|187600
30165|0x11b7d|2|413971
30165|0x11b7d|3|943723
30165|0x51b7d|4|1903586
30165|0x51b7d|5|3970041
30165|0x151b7d|6|7958986
30165|0x351b7d|7|15890024
30165|0x751b7d|8|31967485
30165|0x751b7d|9|63831900
30165|0x1751b7d|10|122441469
30165|0x1751b7d|11|254024838
30165|0x5751b7d|12|508139569
30165|0x5751b7d|13|1017192659
30165|0x15751b7d|14|2037241292
30165|0x35751b7d|15|4070452242
30165|0x35751b7d|16|6428118818
30165|0x35751b7d|17|13132740087
30165|0x135751b7d|18|25876323335
30165|0x135751b7d|19|51241468992
30165|0x135751b7d|20|103449617553
30165|0x135751b7d|21|205234774934
30165|0x1135751b7d|22|414520059678
30165|0x1135751b7d|23|823969647985
30165|0x5135751b7d|24|1646327295487
30273|0x99c1|1|189105
30273|0x99c1|2|430532
30273|0x299c1|3|894368
30273|0x299c1|4|1915689
30273|0xa99c1|5|3920614
30273|0x1a99c1|6|6406913
30273|0x3a99c1|7|15921735
30273|0x7a99c1|8|31891756
30273|0x7a99c1|9|63560114
30273|0x7a99c1|10|127136261
30273|0x27a99c1|11|254213179
30273|0x67a99c1|12|508994450
30273|0xe7a99c1|13|988998088
30273|0x1e7a99c1|14|1961231715
30273|0x1e7a99c1|15|3933897823
30273|0x5e7a99c1|16|7400558544
30273|0xde7a99c1|17|12999234806
30273|0x1de7a99c1|18|28392605002
30273|0x3de7a99c1|19|52409436504
30273|0x3de7a99c1|20|103067656719
30273|0xbde7a99c1|21|204690752954
30273|0x1bde7a99c1|22|410911263177
30273|0x3bde7a99c1|23|822232201782
30273|0x7bde7a99c1|24|1653891842099
30381|0x5d25|1|215609
30381|0x5d25|2|469308
30381|0x25d25|3|1031184
30381|0x25d25|4|1909777
30381|0xa5d25|5|3986156
30381|0x1a5d25|6|7872675
30381|0x1a5d25|7|16000053
30381|0x5a5d25|8|31912168
30381|0x5a5d25|9|63813537
30381|0x5a5d25|10|127008372
30381|0x5a5d25|11|271190548
30381|0x45a5d25|12|509665666
30381|0xc5a5d25|13|816102179
30381|0xc5a5d25|14|2037984051
30381|0xc5a5d25|15|4075344819
30381|0xc5a5d25|16|6397649231
30381|0xc5a5d25|17|13465678937
30381|0xc5a5d25|18|27382377163
30381|0x20c5a5d25|19|54265160482
30381|0x60c5a5d25|20|103515249344
30381|0xe0c5a5d25|21|205723347047
30381|0x1e0c5a5d25|22|410854688342
30381|0x1e0c5a5d25|23|820840719137
30381|0x1e0c5a5d25|24|1649078600267
30487|0x30a7|1|215698
30487|0x30a7|2|486149
30487|0x230a7|3|954562
30487|0x230a7|4|1810943
30487|0x230a7|5|4052826
30487|0x1230a7|6|7799390
30487|0x1230a7|7|15942757
30487|0x5230a7|8|31808510
30487|0x5230a7|9|63389976
30487|0x5230a7|10|127252580
30487|0x5230a7|11|254582963
30487|0x45230a7|12|509144508
30487|0xc5230a7|13|996969228
30487|0x1c5230a7|14|1783597761
30487|0x1c5230a7|15|4078531576
30487|0x5c5230a7|16|6953410746
30487|0xdc5230a7|17|13541657876
30487|0xdc5230a7|18|25846770250
30487|0x2dc5230a7|19|53365047883
30487|0x6dc5230a7|20|103191623953
30487|0xedc5230a7|21|205619353909
30487|0xedc5230a7|22|410383373240
30487|0xedc5230a7|23|822551648693
30487|0x4edc5230a7|24|1649735352363
30595|0xcf2b|1|213501
30595|0x1cf2b|2|464566
30595|0x3cf2b|3|897814
30595|0x3cf2b|4|1812131
30595|0x3cf2b|5|4092417
30595|0x3cf2b|6|7852278
30595|0x3cf2b|7|15930965
30595|0x43cf2b|8|31997830
30595|0x43cf2b|9|63662633
30595|0x43cf2b|10|127392566
30595|0x43cf2b|11|254899970
30595|0x43cf2b|12|463730147
30595|0x843cf2b|13|1019299043
30595|0x843cf2b|14|1720894364
30595|0x843cf2b|15|4076091154
30595|0x4843cf2b|16|8167561406
30595|0xc843cf2b|17|13098279091
30595|0xc843cf2b|18|25811210296
30595|0x2c843cf2b|19|52629645015
30595|0x6c843cf2b|20|103554798250
30595|0x6c843cf2b|21|205213121953
30595|0x16c843cf2b|22|411167193932
30595|0x16c843cf2b|23|822404859186
30595|0x56c843cf2b|24|1650587142259
30701|0x7de5|1|218899
30701|0x7de5|2|416507
30701|0x27de5|3|899338
30701|0x67de5|4|1964662
30701|0xe7de5|5|3923874
30701|0x1e7de5|6|7998880
30701|0x1e7de5|7|15882697
30701|0x5e7de5|8|32012426
30701|0x5e7de5|9|50286092
30701|0x5e7de5|10|127359326
30701|0x5e7de5|11|254867097
30701|0x45e7de5|12|509151778
30701|0xc5e7de5|13|1019900413
30701|0xc5e7de5|14|1794498350
30701|0x2c5e7de5|15|4077478172
30701|0x2c5e7de5|16|6543445531
30701|0x2c5e7de5|17|13174158850
30701|0x12c5e7de5|18|26232652408
30701|0x32c5e7de5|19|52132154050
30701|0x32c5e7de5|20|104419841612
30701|0x32c5e7de5|21|205210283558
30701|0x132c5e7de5|22|410762741952
30701|0x332c5e7de5|23|820995379721
30701|0x332c5e7de5|24|2497739766459
31187|0x465b|1|362883
31187|0x1465b|2|747972
31187|0x3465b|3|1616749
31187|0x7465b|4|3290585
31187|0x7465b|5|6611849
31187|0x7465b|6|13350628
31187|0x7465b|7|26899170
31187|0x47465b|8|53775867
31187|0x47465b|9|107539042
31187|0x147465b|10|219354420
31187|0x347465b|11|430632686
31187|0x747465b|12|776426172
31187|0x747465b|13|1704029802
31187|0x1747465b|14|2709827610
31187|0x3747465b|15|5620973441
31187|0x7747465b|16|10845780667
31187|0x7747465b|17|21794345691
31187|0x17747465b|18|43277121358
31187|0x37747465b|19|87617670430
31187|0x77747465b|20|173636466723
31187|0xf7747465b|21|347016668955
31187|0xf7747465b|22|696673533619
31187|0x2f7747465b|23|1386669033267
31187|0x2f7747465b|24|2770007586900
31367|0x2b37|1|336803
31367|0x12b37|2|749355
31367|0x32b37|3|1649206
31367|0x72b37|4|3273822
31367|0x72b37|5|6633271
31367|0x72b37|6|13380713
31367|0x272b37|7|26813248
31367|0x672b37|8|53808553
31367|0x672b37|9|107649568
31367|0x1672b37|10|215267448
31367|0x1672b37|11|430800838
31367|0x1672b37|12|861767923
31367|0x9672b37|13|1674732515
31367|0x9672b37|14|3447559090
31367|0x29672b37|15|5412000246
31367|0x29672b37|16|10791817179
31367|0x29672b37|17|22046846800
31367|0x129672b37|18|43827642626
31367|0x129672b37|19|86381362221
31367|0x129672b37|20|175639848617
31367|0x929672b37|21|346599002879
31367|0x1929672b37|22|694314837735
31367|0x1929672b37|23|1384694634883
31367|0x1929672b37|24|2768884872018
31547|0xa5f3|1|340205
31547|0xa5f3|2|773629
31547|0x2a5f3|3|1624528
31547|0x2a5f3|4|3302144
31547|0xaa5f3|5|6632254
31547|0x1aa5f3|6|13423647
31547|0x3aa5f3|7|26905811
31547|0x7aa5f3|8|53743335
31547|0x7aa5f3|9|107779141
31547|0x7aa5f3|10|177964559
31547|0x27aa5f3|11|431071895
31547|0x27aa5f3|12|850276715
31547|0x27aa5f3|13|1396774776
31547|0x27aa5f3|14|2837823330
31547|0x27aa5f3|15|6008949663
31547|0x27aa5f3|16|11235170816
31547|0x827aa5f3|17|21663298311
31547|0x1827aa5f3|18|44670400669
31547|0x3827aa5f3|19|86930386467
31547|0x3827aa5f3|20|173947538717
31547|0x3827aa5f3|21|346099059416
31547|0x3827aa5f3|22|700163674573
31547|0x3827aa5f3|23|1383453400836
31547|0x3827aa5f3|24|2766743561165
31729|0x1511|1|361853
31729|0x11511|2|752533
31729|0x11511|3|1627801
31729|0x51511|4|3318237
31729|0xd1511|5|6657534
31729|0x1d1511|6|13467750
31729|0x1d1511|7|26980505
31729|0x1d1511|8|53895043
31729|0x9d1511|9|107756475
31729|0x19d1511|10|215571456
31729|0x39d1511|11|431408183
31729|0x39d1511|12|862988523
31729|0x39d1511|13|1714918236
31729|0x39d1511|14|2905461845
31729|0x239d1511|15|5407077169
31729|0x239d1511|16|10777639756
31729|0x239d1511|17|22170012338
31729|0x239d1511|18|43483792268
31729|0x2239d1511|19|86305730462
31729|0x2239d1511|20|173032149190
31729|0x2239d1511|21|346152211907
31729|0x2239d1511|22|691429646470
31729|0x22239d1511|23|1383566462253
31729|0x62239d1511|24|2766160526974
32251|0x533|1|338872
32251|0x10533|2|780432
32251|0x30533|3|1640281
32251|0x30533|4|3372986
32251|0x30533|5|6697370
32251|0x30533|6|13428894
32251|0x30533|7|26969419
32251|0x30533|8|53999697
32251|0x830533|9|108023112
32251|0x830533|10|216072798
32251|0x2830533|11|432147412
32251|0x2830533|12|870221690
32251|0x2830533|13|1623942546
32251|0x12830533|14|2934333531
32251|0x32830533|15|5402963554
32251|0x32830533|16|11139735550
32251|0xb2830533|17|21641936075
32251|0x1b2830533|18|43425043848
32251|0x1b2830533|19|87025212391
32251|0x5b2830533|20|172746811867
32251|0x5b2830533|21|345761781770
32251|0x5b2830533|22|694009498945
32251|0x5b2830533|23|1382139301678
32251|0x45b2830533|24|2762976966209
32423|0x4917|1|339661
32423|0x14917|2|758744
32423|0x14917|3|1643053
32423|0x14917|4|3351189
32423|0x14917|5|6725660
32423|0x114917|6|13446113
32423|0x114917|7|26933528
32423|0x514917|8|53997601
32423|0x514917|9|107969974
32423|0x1514917|10|216120752
32423|0x3514917|11|432287348
32423|0x7514917|12|773328858
32423|0xf514917|13|1552793044
32423|0xf514917|14|3459853338
32423|0xf514917|15|5549376272
32423|0xf514917|16|11039778529
32423|0xf514917|17|21676136308
32423|0xf514917|18|43115798130
32423|0xf514917|19|86299098929
32423|0x40f514917|20|172543455406
32423|0x40f514917|21|345062089599
32423|0x140f514917|22|694761790262
32423|0x340f514917|23|1381762227753
32423|0x340f514917|24|2761725257342
32609|0x64a1|1|343246
32609|0x64a1|2|756437
32609|0x264a1|3|1668368
32609|0x664a1|4|3329677
32609|0xe64a1|5|6740899
32609|0xe64a1|6|13483654
32609|0x2e64a1|7|26996831
32609|0x2e64a1|8|54009850
32609|0xae64a1|9|100801422
32609|0xae64a1|10|216659188
32609|0x2ae64a1|11|432542734
32609|0x2ae64a1|12|714656244
32609|0xaae64a1|13|1369438267
32609|0x1aae64a1|14|2785062397
32609|0x3aae64a1|15|5399012137
32609|0x7aae64a1|16|11377325456
32609|0x7aae64a1|17|21949738084
32609|0x17aae64a1|18|43108377208
32609|0x17aae64a1|19|86318496480
32609|0x57aae64a1|20|172649674473
32609|0x57aae64a1|21|345779933052
32609|0x157aae64a1|22|699434089615
32609|0x157aae64a1|23|1380507974726
32609|0x157aae64a1|24|2761383629704
32985|0x1ff69|1|574417
32985|0x3ff69|2|1368187
32985|0x3ff69|3|3033411
32985|0xbff69|4|6264654
32985|0xbff69|5|12663414
32985|0x2bff69|6|25456102
32985|0x2bff69|7|49259834
32985|0x2bff69|8|98297088
32985|0x12bff69|9|195546497
32985|0x32bff69|10|409024779
32985|0x32bff69|11|818192616
32985|0x32bff69|12|1570342728
32985|0x132bff69|13|2863427818
32985|0x132bff69|14|6545303983
32985|0x532bff69|15|10883365364
32985|0xd32bff69|16|21752565516
32985|0x1d32bff69|17|44478808573
32985|0x3d32bff69|18|89216472608
32985|0x7d32bff69|19|178590876054
32985|0xfd32bff69|20|357440069519
32985|0xfd32bff69|21|716298807284
32985|0xfd32bff69|22|1429539252960
32985|0xfd32bff69|23|2857154288075
32985|0xfd32bff69|24|5713652544479
33183|0x5a5f|1|579143
33183|0x25a5f|2|1400081
33183|0x25a5f|3|3024486
33183|0x25a5f|4|6267383
33183|0x25a5f|5|12682205
33183|0x25a5f|6|25539346
33183|0x25a5f|7|51044845
33183|0x25a5f|8|102149078
33183|0x1025a5f|9|204513905
33183|0x1025a5f|10|409099951
33183|0x1025a5f|11|818253877
33183|0x1025a5f|12|1636668083
33183|0x11025a5f|13|2900554119
33183|0x11025a5f|14|6084038797
33183|0x51025a5f|15|10822754425
33183|0xd1025a5f|16|21564880733
33183|0xd1025a5f|17|45864356760
33183|0xd1025a5f|18|88642923895
33183|0x4d1025a5f|19|179484205827
33183|0x4d1025a5f|20|357239010340
33183|0x14d1025a5f|21|717577669373
33183|0x14d1025a5f|22|1429667522977
33183|0x54d1025a5f|23|2857868045292
33183|0x54d1025a5f|24|5715390648898
33373|0x61f5|1|579962
33373|0x261f5|2|1377605
33373|0x661f5|3|3073248
33373|0x661f5|4|6280176
33373|0x1661f5|5|12705725
33373|0x3661f5|6|25455875
33373|0x3661f5|7|51040209
33373|0xb661f5|8|102217701
33373|0xb661f5|9|204502311
33373|0xb661f5|10|409199052
33373|0xb661f5|11|818360211
33373|0xb661f5|12|1569903663
33373|0xb661f5|13|2813096876
33373|0x20b661f5|14|5469469108
33373|0x20b661f5|15|10784096075
33373|0xa0b661f5|16|21592761188
33373|0x1a0b661f5|17|44409373454
33373|0x1a0b661f5|18|92304206919
33373|0x5a0b661f5|19|178568769657
33373|0xda0b661f5|20|357303510028
33373|0x1da0b661f5|21|715502096830
33373|0x3da0b661f5|22|1428401154069
33373|0x3da0b661f5|23|2856193000458
33373|0x3da0b661f5|24|5707723343165
33531|0x13833|1|577310
33531|0x13833|2|1400764
33531|0x53833|3|3055802
33531|0xd3833|4|5219090
33531|0xd3833|5|12686472
33531|0xd3833|6|25496313
33531|0xd3833|7|51137187
33531|0x8d3833|8|102223842
33531|0x18d3833|9|204564165
33531|0x18d3833|10|409115431
33531|0x58d3833|11|812785123
33531|0xd8d3833|12|1636573419
33531|0xd8d3833|13|3273457038
33531|0xd8d3833|14|5705734225
33531|0xd8d3833|15|10775599069
33531|0xd8d3833|16|21763114780
33531|0x10d8d3833|17|46178095378
33531|0x30d8d3833|18|89235139028
33531|0x30d8d3833|19|178510159382
33531|0x30d8d3833|20|361265301239
33531|0x30d8d3833|21|713880105212
33531|0x230d8d3833|22|1426594285796
33531|0x630d8d3833|23|2853209182497
33531|0x630d8d3833|24|5706916862556
33735|0x4df7|1|602747
33735|0x24df7|2|1387014
33735|0x24df7|3|3068279
33735|0x24df7|4|6276209
33735|0x124df7|5|12764471
33735|0x324df7|6|25587238
33735|0x324df7|7|51097732
33735|0x324df7|8|102208102
33735|0x1324df7|9|204532994
33735|0x1324df7|10|409180583
33735|0x5324df7|11|818565662
33735|0xd324df7|12|1586846001
33735|0xd324df7|13|2961561238
33735|0xd324df7|14|5604205059
33735|0xd324df7|15|11098609048
33735|0xd324df7|16|21654925470
33735|0x10d324df7|17|49634160486
33735|0x30d324df7|18|90576139799
33735|0x30d324df7|19|179135984044
33735|0x30d324df7|20|356736956214
33735|0x30d324df7|21|458556339600
33735|0x230d324df7|22|883213593255
33735|0x230d324df7|23|1760424795291
33735|0x230d324df7|24|3516930182586
34055|0x1d8b7|1|326413
34055|0x1d8b7|2|790958
34055|0x5d8b7|3|1958312
34055|0x5d8b7|4|3955738
34055|0x5d8b7|5|7777684
34055|0x5d8b7|6|15801037
34055|0x45d8b7|7|31732211
34055|0xc5d8b7|8|63204545
34055|0x1c5d8b7|9|126217049
34055|0x3c5d8b7|10|252771854
34055|0x7c5d8b7|11|505858350
34055|0x7c5d8b7|12|1011299079
34055|0x7c5d8b7|13|2022964602
34055|0x7c5d8b7|14|3467080230
34055|0x7c5d8b7|15|7017933355
34055|0x7c5d8b7|16|13346394679
34055|0x7c5d8b7|17|26900660563
34055|0x207c5d8b7|18|58546266115
34055|0x207c5d8b7|19|112925925610
34055|0xa07c5d8b7|20|217838522719
34055|0x1a07c5d8b7|21|435950384433
34055|0x1a07c5d8b7|22|880504334685
34055|0x5a07c5d8b7|23|1751680092425
34055|0xda07c5d8b7|24|3511438140684
34163|0x27bb|1|371247
34163|0x227bb|2|897729
34163|0x627bb|3|1944716
34163|0xe27bb|4|3811032
34163|0xe27bb|5|7871012
34163|0xe27bb|6|15877316
34163|0xe27bb|7|31445128
34163|0xe27bb|8|63194681
34163|0x10e27bb|9|126450859
34163|0x10e27bb|10|252973409
34163|0x50e27bb|11|505728299
34163|0x50e27bb|12|1011699559
34163|0x50e27bb|13|1713227374
34163|0x250e27bb|14|3633021493
34163|0x250e27bb|15|6675373862
34163|0x250e27bb|16|13462238175
34163|0x1250e27bb|17|33258539223
34163|0x1250e27bb|18|55479985483
34163|0x5250e27bb|19|118758742452
34163|0x5250e27bb|20|218495214508
34163|0x15250e27bb|21|440140654817
34163|0x15250e27bb|22|880296644054
34163|0x55250e27bb|23|1756277769235
34163|0xd5250e27bb|24|3508799454457
34275|0xe7cb|1|371851
34275|0x2e7cb|2|884415
34275|0x2e7cb|3|1934986
34275|0x2e7cb|4|3849773
34275|0x2e7cb|5|7890406
34275|0x2e7cb|6|15867846
34275|0x2e7cb|7|31481198
34275|0x2e7cb|8|63101496
34275|0x102e7cb|9|126455676
34275|0x102e7cb|10|252668031
34275|0x102e7cb|11|505866209
34275|0x902e7cb|12|1011872147
34275|0x902e7cb|13|1963124563
34275|0x902e7cb|14|3790796717
34275|0x902e7cb|15|8094445414
34275|0x8902e7cb|16|13465119454
34275|0x8902e7cb|17|31836394085
34275|0x8902e7cb|18|59523610826
34275|0x8902e7cb|19|113814562075
34275|0x88902e7cb|20|216025402123
34275|0x88902e7cb|21|442940274046
34275|0x88902e7cb|22|883672075921
34275|0x488902e7cb|23|1751647719461
34275|0xc88902e7cb|24|3506206321255
34387|0x1addb|1|326831
34387|0x1addb|2|851507
34387|0x5addb|3|1967765
34387|0xdaddb|4|3900314
34387|0x1daddb|5|7818809
34387|0x3daddb|6|15787435
34387|0x3daddb|7|31542418
34387|0x3daddb|8|63014166
34387|0x13daddb|9|126354541
34387|0x13daddb|10|253073553
34387|0x13daddb|11|506233021
34387|0x13daddb|12|1012618065
34387|0x113daddb|13|2023077105
34387|0x313daddb|14|4048467201
34387|0x713daddb|15|8096828173
34387|0x713daddb|16|13513379462
34387|0x1713daddb|17|27455612472
34387|0x3713daddb|18|59219963151
34387|0x7713daddb|19|111493681887
34387|0x7713daddb|20|217500366385
34387|0x17713daddb|21|437918006052
34387|0x37713daddb|22|894220444173
34387|0x77713daddb|23|1752755158798
34387|0x77713daddb|24|3506089738443
34499|0x1d9eb|1|370903
34499|0x3d9eb|2|885616
34499|0x3d9eb|3|1964824
34499|0x3d9eb|4|3834469
34499|0x3d9eb|5|7902422
34499|0x3d9eb|6|12982309
34499|0x3d9eb|7|31675261
34499|0x3d9eb|8|63309044
34499|0x103d9eb|9|126152349
34499|0x303d9eb|10|253009010
34499|0x303d9eb|11|505866208
34499|0x303d9eb|12|1012346855
34499|0x1303d9eb|13|2024480794
34499|0x1303d9eb|14|4048464695
34499|0x1303d9eb|15|6782660448
34499|0x9303d9eb|16|16196689555
34499|0x9303d9eb|17|28482093801
34499|0x9303d9eb|18|58633642438
34499|0x49303d9eb|19|109688814962
34499|0x49303d9eb|20|215609080282
34499|0x149303d9eb|21|437209309438
34499|0x349303d9eb|22|880189605805
34499|0x349303d9eb|23|1759383002364
34499|0x349303d9eb|24|3510720760540
34613|0xd31d|1|327304
34613|0xd31d|2|780547
34613|0xd31d|3|1899729
34613|0xd31d|4|4044914
34613|0xd31d|5|7782053
34613|0xd31d|6|15715652
34613|0xd31d|7|31715324
34613|0x80d31d|8|63279508
34613|0x80d31d|9|126326627
34613|0x280d31d|10|253245005
34613|0x680d31d|11|506174585
34613|0xe80d31d|12|1012472676
34613|0x1e80d31d|13|1678542302
34613|0x1e80d31d|14|3547065124
34613|0x5e80d31d|15|8101231347
34613|0xde80d31d|16|16201590907
34613|0xde80d31d|17|30572453433
34613|0xde80d31d|18|60474163751
34613|0x4de80d31d|19|109931100430
34613|0xcde80d31d|20|217375740726
34613|0xcde80d31d|21|444155729883
34613|0xcde80d31d|22|877455754512
34613|0xcde80d31d|23|1753005233132
34613|0xcde80d31d|24|3513421026922
34723|0x1e40b|1|372073
34723|0x3e40b|2|887990
34723|0x7e40b|3|1974564
34723|0xfe40b|4|3828758
34723|0xfe40b|5|7902119
34723|0x2fe40b|6|15834528
34723|0x6fe40b|7|31477902
34723|0xefe40b|8|63216504
34723|0xefe40b|9|126588759
34723|0x2efe40b|10|253207939
34723|0x2efe40b|11|506264313
34723|0x2efe40b|12|1012646345
34723|0x2efe40b|13|1904951622
34723|0x22efe40b|14|3542630390
34723|0x62efe40b|15|8102258899
34723|0xe2efe40b|16|14070898322
34723|0x1e2efe40b|17|32096370054
34723|0x1e2efe40b|18|56597664847
34723|0x1e2efe40b|19|112046259957
34723|0x1e2efe40b|20|220209505524
34723|0x1e2efe40b|21|439675970576
34723|0x21e2efe40b|22|881691122943
34723|0x61e2efe40b|23|1753914415432
34723|0x61e2efe40b|24|3509840285605
35039|0x1331f|1|327621
35039|0x1331f|2|877808
35039|0x5331f|3|1963366
35039|0x5331f|4|3841791
35039|0x15331f|5|7787377
35039|0x35331f|6|15781152
35039|0x35331f|7|31691700
35039|0xb5331f|8|63323063
35039|0x1b5331f|9|126498419
35039|0x1b5331f|10|252980698
35039|0x1b5331f|11|506333334
35039|0x1b5331f|12|1012754762
35039|0x1b5331f|13|1962195777
35039|0x1b5331f|14|4050302786
35039|0x41b5331f|15|6726492747
35039|0xc1b5331f|16|14524775481
35039|0x1c1b5331f|17|30501505790
35039|0x1c1b5331f|18|57220919217
35039|0x1c1b5331f|19|109626863455
35039|0x1c1b5331f|20|218885464351
35039|0x11c1b5331f|21|440881736331
35039|0x31c1b5331f|22|879892029335
35039|0x71c1b5331f|23|1751167067544
35039|0x71c1b5331f|24|3508812606423
35155|0xa2db|1|382845
35155|0xa2db|2|891215
35155|0x4a2db|3|1966488
35155|0xca2db|4|3771591
35155|0xca2db|5|7883156
35155|0xca2db|6|15834173
35155|0x4ca2db|7|31523074
35155|0x4ca2db|8|63270543
35155|0x4ca2db|9|126643791
35155|0x4ca2db|10|253593927
35155|0x44ca2db|11|506658213
35155|0xc4ca2db|12|1012849641
35155|0xc4ca2db|13|2027107015
35155|0xc4ca2db|14|4054151178
35155|0xc4ca2db|15|8108238726
35155|0xc4ca2db|16|16334491682
35155|0x10c4ca2db|17|32238768699
35155|0x10c4ca2db|18|55779006952
35155|0x50c4ca2db|19|109393728115
35155|0xd0c4ca2db|20|218764460471
35155|0x1d0c4ca2db|21|439772909338
35155|0x1d0c4ca2db|22|880547541757
35155|0x1d0c4ca2db|23|1750307879193
35155|0x1d0c4ca2db|24|3512240250030
35265|0x8641|1|328613
35265|0x28641|2|785361
35265|0x28641|3|1937255
35265|0x28641|4|3942236
35265|0x28641|5|7744675
35265|0x28641|6|15782433
35265|0x428641|7|31742616
35265|0x428641|8|63228628
35265|0x428641|9|122785950
35265|0x428641|10|253340275
35265|0x4428641|11|506656283
35265|0x4428641|12|1013558506
35265|0x14428641|13|1670664826
35265|0x34428641|14|4058126174
35265|0x34428641|15|7670697437
35265|0x34428641|16|15688398990
35265|0x134428641|17|28517275018
35265|0x134428641|18|55293438006
35265|0x134428641|19|109621052351
35265|0x134428641|20|219860254006
35265|0x134428641|21|438698879066
35265|0x2134428641|22|876826345680
35265|0x2134428641|23|1750693398154
35265|0x2134428641|24|3508886082048
35383|0x14b87|1|373373
35383|0x34b87|2|893421
35383|0x74b87|3|1990517
35383|0xf4b87|4|3758546
35383|0xf4b87|5|7884979
35383|0xf4b87|6|15854098
35383|0xf4b87|7|31512653
35383|0xf4b87|8|63306694
35383|0xf4b87|9|126807267
35383|0x20f4b87|10|253506757
35383|0x20f4b87|11|506750303
35383|0x20f4b87|12|1013802112
35383|0x120f4b87|13|2027497065
35383|0x320f4b87|14|4055473424
35383|0x320f4b87|15|7997707812
35383|0x320f4b87|16|16359849730
35383|0x1320f4b87|17|28065649550
35383|0x3320f4b87|18|59661273684
35383|0x7320f4b87|19|109668320864
35383|0xf320f4b87|20|219100807567
35383|0xf320f4b87|21|439361081823
35383|0xf320f4b87|22|882976603888
35383|0x4f320f4b87|23|1752435797864
35383|0x4f320f4b87|24|3505728065478
35491|0x1790b|1|373458
35491|0x1790b|2|894221
35491|0x1790b|3|2003454
35491|0x1790b|4|3775764
35491|0x11790b|5|7869206
35491|0x31790b|6|15899821
35491|0x71790b|7|31484428
35491|0xf1790b|8|63287153
35491|0x1f1790b|9|126662774
35491|0x1f1790b|10|250380600
35491|0x1f1790b|11|506933720
35491|0x9f1790b|12|1013856797
35491|0x9f1790b|13|2027972421
35491|0x9f1790b|14|4056118743
35491|0x9f1790b|15|7413414328
35491|0x89f1790b|16|13510337991
35491|0x89f1790b|17|30140647778
35491|0x89f1790b|18|58431585385
35491|0x489f1790b|19|109651399322
35491|0x489f1790b|20|217330190139
35491|0x489f1790b|21|438843254067
35491|0x489f1790b|22|889770255666
35491|0x4489f1790b|23|1761967981161
35491|0x4489f1790b|24|3497416372921
35599|0x103ef|1|373361
35599|0x303ef|2|894489
35599|0x303ef|3|1975188
35599|0x303ef|4|3817394
35599|0x1303ef|5|7905161
35599|0x1303ef|6|15827271
35599|0x5303ef|7|31627080
35599|0x5303ef|8|63366413
35599|0x5303ef|9|113201246
35599|0x5303ef|10|253556612
35599|0x5303ef|11|506790030
35599|0x85303ef|12|1014468112
35599|0x185303ef|13|2027749897
35599|0x185303ef|14|4056906303
35599|0x185303ef|15|8113874149
35599|0x985303ef|16|13772546586
35599|0x985303ef|17|32465404000
35599|0x2985303ef|18|58169020891
35599|0x6985303ef|19|116014403926
35599|0xe985303ef|20|219272984595
35599|0x1e985303ef|21|445976531329
35599|0x1e985303ef|22|881608701822
35599|0x1e985303ef|23|1761045789938
35599|0x9e985303ef|24|3494487165381
35717|0x1b54d|1|329111
35717|0x1b54d|2|861110
35717|0x5b54d|3|1997174
35717|0xdb54d|4|3858979
35717|0x1db54d|5|7840280
35717|0x3db54d|6|15836653
35717|0x3db54d|7|31779012
35717|0xbdb54d|8|63269734
35717|0xbdb54d|9|126777005
35717|0xbdb54d|10|253834726
35717|0x4bdb54d|11|492038441
35717|0xcbdb54d|12|1013974472
35717|0xcbdb54d|13|2027432949
35717|0x2cbdb54d|14|4058466963
35717|0x6cbdb54d|15|8115934106
35717|0xecbdb54d|16|16232440566
35717|0xecbdb54d|17|33553640077
35717|0x2ecbdb54d|18|61416579320
35717|0x2ecbdb54d|19|120750740397
35717|0x2ecbdb54d|20|218522516023
35717|0x12ecbdb54d|21|445611597338
35717|0x32ecbdb54d|22|878691817746
35717|0x32ecbdb54d|23|1764178996678
35717|0x32ecbdb54d|24|3494823380082
35831|0x1a5c7|1|326886
35831|0x3a5c7|2|883458
35831|0x3a5c7|3|1981229
35831|0xba5c7|4|3872369
35831|0xba5c7|5|7843611
35831|0xba5c7|6|15886641
35831|0x4ba5c7|7|31797614
35831|0x4ba5c7|8|63201928
35831|0x4ba5c7|9|126780571
35831|0x4ba5c7|10|253735048
35831|0x44ba5c7|11|507768025
35831|0xc4ba5c7|12|1014364067
35831|0x1c4ba5c7|13|2029269184
35831|0x3c4ba5c7|14|3975379318
35831|0x7c4ba5c7|15|7056257896
35831|0x7c4ba5c7|16|16234666581
35831|0x17c4ba5c7|17|30602831166
35831|0x17c4ba5c7|18|55875554920
35831|0x57c4ba5c7|19|109241378665
35831|0xd7c4ba5c7|20|219226100589
35831|0xd7c4ba5c7|21|447141516727
35831|0xd7c4ba5c7|22|885953202402
35831|0xd7c4ba5c7|23|1764264723663
35831|0x8d7c4ba5c7|24|3498126097149
