8987|0x7f13|1|65797
8987|0x7f13|2|189110
8987|0x17f13|3|364024
8987|0x17f13|4|728969
8987|0x17f13|5|1474177
8987|0x97f13|6|2959345
8987|0x97f13|7|5937482
8987|0x297f13|8|11882208
8987|0x697f13|9|27513042
8987|0xe97f13|10|62153739
8987|0x1e97f13|11|124463048
8987|0x1e97f13|12|248318407
8987|0x1e97f13|13|493483839
8987|0x1e97f13|14|951987681
8987|0x1e97f13|15|1685816770
8987|0x21e97f13|16|3568774681
8987|0x21e97f13|17|6620740001
8987|0xa1e97f13|18|13266862896
8987|0xa1e97f13|19|28736789297
8987|0xa1e97f13|20|55263259100
8987|0x4a1e97f13|21|109437684203
8987|0x4a1e97f13|22|219722151972
8987|0x4a1e97f13|23|441907658685
8987|0x24a1e97f13|24|876367276377
9125|0xc2d|1|92025
9125|0xc2d|2|201719
9125|0xc2d|3|442079
9125|0x20c2d|4|1016557
9125|0x60c2d|5|1976257
9125|0x60c2d|6|3760908
9125|0x160c2d|7|7608167
9125|0x360c2d|8|15311615
9125|0x360c2d|9|30367382
9125|0xb60c2d|10|60975281
9125|0x1b60c2d|11|121724006
9125|0x3b60c2d|12|243738217
9125|0x3b60c2d|13|484516069
9125|0xbb60c2d|14|974676935
9125|0x1bb60c2d|15|1952638863
9125|0x1bb60c2d|16|3949366944
9125|0x5bb60c2d|17|8015827002
9125|0x5bb60c2d|18|13756926538
9125|0x15bb60c2d|19|28225522840
9125|0x35bb60c2d|20|54727533493
9125|0x75bb60c2d|21|111399496322
9125|0xf5bb60c2d|22|223114590728
9125|0x1f5bb60c2d|23|438183824151
9125|0x1f5bb60c2d|24|877119397094
9989|0xdcd|1|101560
9989|0x8dcd|2|238781
9989|0x18dcd|3|495848
9989|0x38dcd|4|913786
9989|0x78dcd|5|1823092
9989|0x78dcd|6|3920278
9989|0x78dcd|7|7520184
9989|0x78dcd|8|15392351
9989|0x478dcd|9|30687757
9989|0x478dcd|10|61295643
9989|0x478dcd|11|122509530
9989|0x478dcd|12|245146582
9989|0x478dcd|13|490581582
9989|0x8478dcd|14|920385576
9989|0x18478dcd|15|1987961665
9989|0x38478dcd|16|3966959483
9989|0x38478dcd|17|8002575340
9989|0x38478dcd|18|15982120826
9989|0x38478dcd|19|27005723737
9989|0x38478dcd|20|55787733493
9989|0x438478dcd|21|111193498767
9989|0xc38478dcd|22|218607115834
9989|0x1c38478dcd|23|437626258682
9989|0x3c38478dcd|24|875014143317
10085|0x326d|1|127807
10085|0xb26d|2|237350
10085|0x1b26d|3|497738
10085|0x3b26d|4|981982
10085|0x7b26d|5|1779499
10085|0xfb26d|6|3963122
10085|0xfb26d|7|7726566
10085|0x2fb26d|8|15607915
10085|0x2fb26d|9|31243470
10085|0x2fb26d|10|62262090
10085|0x12fb26d|11|124722917
10085|0x12fb26d|12|248998738
10085|0x52fb26d|13|497147619
10085|0x52fb26d|14|986394773
10085|0x152fb26d|15|1973444397
10085|0x352fb26d|16|3384452349
10085|0x752fb26d|17|7963452610
10085|0xf52fb26d|18|14854228335
10085|0x1f52fb26d|19|27467238814
10085|0x1f52fb26d|20|54864632377
10085|0x1f52fb26d|21|109977714871
10085|0x1f52fb26d|22|219993423981
10085|0x1f52fb26d|23|438987655928
10085|0x21f52fb26d|24|875066680016
10209|0x5c21|1|91437
10209|0x5c21|2|211998
10209|0x5c21|3|440493
10209|0x25c21|4|900076
10209|0x65c21|5|1886944
10209|0x65c21|6|3836005
10209|0x65c21|7|7684854
10209|0x265c21|8|15290055
10209|0x665c21|9|30673546
10209|0x665c21|10|61141588
10209|0x665c21|11|122021768
10209|0x2665c21|12|243869203
10209|0x6665c21|13|489186924
10209|0xe665c21|14|985558664
10209|0xe665c21|15|1976370482
10209|0xe665c21|16|3359483914
10209|0x4e665c21|17|8039081338
10209|0xce665c21|18|16109607789
10209|0x1ce665c21|19|28880458566
10209|0x1ce665c21|20|56826233924
10209|0x1ce665c21|21|110005939140
10209|0x9ce665c21|22|218769853037
10209|0x19ce665c21|23|447029163741
10209|0x39ce665c21|24|873449524973
11081|0x36f9|1|88709
11081|0xb6f9|2|191459
11081|0xb6f9|3|462927
11081|0xb6f9|4|1006291
11081|0xb6f9|5|1993696
11081|0xb6f9|6|3855927
11081|0x10b6f9|7|7756839
11081|0x10b6f9|8|15632325
11081|0x10b6f9|9|31209071
11081|0x90b6f9|10|62428094
11081|0x90b6f9|11|124880348
11081|0x90b6f9|12|249879858
11081|0x90b6f9|13|499136117
11081|0x890b6f9|14|998758173
11081|0x890b6f9|15|1997823667
11081|0x890b6f9|16|4025814601
11081|0x4890b6f9|17|7395319002
11081|0x4890b6f9|18|13516701973
11081|0x14890b6f9|19|28112746219
11081|0x34890b6f9|20|55656317807
11081|0x34890b6f9|21|109271336056
11081|0x34890b6f9|22|219030175411
11081|0x34890b6f9|23|436220402964
11081|0x234890b6f9|24|873043447993
11161|0x78a9|1|93044
11161|0xf8a9|2|191371
11161|0x1f8a9|3|429276
11161|0x3f8a9|4|985933
11161|0x7f8a9|5|2055052
11161|0xff8a9|6|3784548
11161|0x1ff8a9|7|7790863
11161|0x3ff8a9|8|15592293
11161|0x3ff8a9|9|31246760
11161|0x3ff8a9|10|62414590
11161|0x13ff8a9|11|124891560
11161|0x33ff8a9|12|249755416
11161|0x33ff8a9|13|499541897
11161|0x33ff8a9|14|996191394
11161|0x133ff8a9|15|1992573633
11161|0x133ff8a9|16|3982092769
11161|0x533ff8a9|17|8024739497
11161|0xd33ff8a9|18|13620551092
11161|0xd33ff8a9|19|27886500376
11161|0x2d33ff8a9|20|58345914839
11161|0x6d33ff8a9|21|110752804406
11161|0x6d33ff8a9|22|218624227547
11161|0x16d33ff8a9|23|436349221039
11161|0x36d33ff8a9|24|872473040030
12053|0x283d|1|106175
12053|0xa83d|2|222391
12053|0x1a83d|3|476358
12053|0x3a83d|4|887236
12053|0x3a83d|5|1928610
12053|0x3a83d|6|3930214
12053|0x13a83d|7|8001327
12053|0x13a83d|8|15802691
12053|0x13a83d|9|31527682
12053|0x93a83d|10|63348061
12053|0x93a83d|11|126445722
12053|0x93a83d|12|253157436
12053|0x93a83d|13|423180508
12053|0x893a83d|14|1009892763
12053|0x1893a83d|15|2001182840
12053|0x3893a83d|16|3251329567
12053|0x7893a83d|17|6675494033
12053|0x7893a83d|18|14305308362
12053|0x17893a83d|19|26884409071
12053|0x37893a83d|20|56390681070
12053|0x77893a83d|21|109411554207
12053|0x77893a83d|22|217988314320
12053|0x77893a83d|23|435911061132
12053|0x77893a83d|24|876292884257
12147|0xdbb|1|94444
12147|0x8dbb|2|195515
12147|0x18dbb|3|443767
12147|0x18dbb|4|966381
12147|0x18dbb|5|2072849
12147|0x98dbb|6|3851645
12147|0x198dbb|7|7890981
12147|0x198dbb|8|15735515
12147|0x198dbb|9|31488673
12147|0x998dbb|10|63165814
12147|0x998dbb|11|126091588
12147|0x2998dbb|12|252167575
12147|0x6998dbb|13|505147561
12147|0xe998dbb|14|859498317
12147|0xe998dbb|15|1715602623
12147|0xe998dbb|16|4005363392
12147|0x4e998dbb|17|8030911802
12147|0xce998dbb|18|13192124910
12147|0x1ce998dbb|19|27771082125
12147|0x3ce998dbb|20|54919872117
12147|0x7ce998dbb|21|109468780543
12147|0x7ce998dbb|22|219257957458
12147|0x17ce998dbb|23|435426547660
12147|0x37ce998dbb|24|870648206469
12269|0x5e5|1|107409
12269|0x85e5|2|223697
12269|0x185e5|3|506417
12269|0x385e5|4|1033300
12269|0x385e5|5|1866856
12269|0xb85e5|6|3997105
12269|0xb85e5|7|7732771
12269|0xb85e5|8|15752192
12269|0x4b85e5|9|25252985
12269|0xcb85e5|10|62958702
12269|0xcb85e5|11|125897323
12269|0x2cb85e5|12|251686915
12269|0x6cb85e5|13|503997423
12269|0xecb85e5|14|1007710011
12269|0x1ecb85e5|15|2022689055
12269|0x3ecb85e5|16|4040839884
12269|0x3ecb85e5|17|6983200253
12269|0xbecb85e5|18|14434374585
12269|0xbecb85e5|19|27506959087
12269|0xbecb85e5|20|53551131422
12269|0xbecb85e5|21|115510368401
12269|0x8becb85e5|22|218178341015
12269|0x8becb85e5|23|437912477784
12269|0x28becb85e5|24|870181165575
13113|0x4b09|1|95623
13113|0xcb09|2|199007
13113|0xcb09|3|446268
13113|0xcb09|4|1006280
13113|0xcb09|5|2032914
13113|0xcb09|6|3906112
13113|0xcb09|7|7847701
13113|0x20cb09|8|15819215
13113|0x60cb09|9|31816346
13113|0x60cb09|10|63623453
13113|0x60cb09|11|127022093
13113|0x260cb09|12|254144221
13113|0x260cb09|13|508900377
13113|0x260cb09|14|1016516546
13113|0x1260cb09|15|1947101946
13113|0x3260cb09|16|4013410624
13113|0x3260cb09|17|8111159207
13113|0xb260cb09|18|13236430586
13113|0x1b260cb09|19|27612292849
13113|0x3b260cb09|20|55798381925
13113|0x7b260cb09|21|110707046502
13113|0x7b260cb09|22|217203584033
13113|0x7b260cb09|23|436670441882
13113|0x7b260cb09|24|877226151134
13219|0x180b|1|93935
13219|0x980b|2|201741
13219|0x1980b|3|455473
13219|0x3980b|4|1011669
13219|0x7980b|5|2008866
13219|0x7980b|6|3939388
13219|0x7980b|7|7834773
13219|0x27980b|8|15788795
13219|0x27980b|9|31664987
13219|0xa7980b|10|63344178
13219|0xa7980b|11|127304002
13219|0x2a7980b|12|254153225
13219|0x6a7980b|13|500178472
13219|0x6a7980b|14|843239440
13219|0x6a7980b|15|1653996787
13219|0x26a7980b|16|3309844650
13219|0x26a7980b|17|6540646620
13219|0x26a7980b|18|13447530593
13219|0x26a7980b|19|27725593503
13219|0x26a7980b|20|59073334545
13219|0x426a7980b|21|110255285476
13219|0xc26a7980b|22|218572395148
13219|0x1c26a7980b|23|438859387851
13219|0x3c26a7980b|24|868350806147
14049|0xd21|1|95302
14049|0x8d21|2|205578
14049|0x18d21|3|437314
14049|0x38d21|4|997508
14049|0x78d21|5|2098125
14049|0xf8d21|6|3922666
14049|0x1f8d21|7|7899056
14049|0x1f8d21|8|15929761
14049|0x1f8d21|9|31850377
14049|0x9f8d21|10|63921001
14049|0x9f8d21|11|127519606
14049|0x9f8d21|12|255111083
14049|0x49f8d21|13|509531402
14049|0xc9f8d21|14|1018624880
14049|0xc9f8d21|15|1914522076
14049|0xc9f8d21|16|3892930609
14049|0x4c9f8d21|17|7377334659
14049|0x4c9f8d21|18|14603837116
14049|0x14c9f8d21|19|26727782418
14049|0x34c9f8d21|20|54152198256
14049|0x34c9f8d21|21|109524264551
14049|0x34c9f8d21|22|219146097544
14049|0x134c9f8d21|23|437501664515
14049|0x334c9f8d21|24|866902050413
14167|0x2467|1|109549
14167|0xa467|2|205754
14167|0xa467|3|438837
14167|0x2a467|4|936722
14167|0x2a467|5|1966804
14167|0xaa467|6|3937861
14167|0x1aa467|7|8108059
14167|0x3aa467|8|15925898
14167|0x7aa467|9|31831751
14167|0x7aa467|10|63671441
14167|0x17aa467|11|128677034
14167|0x37aa467|12|257178308
14167|0x37aa467|13|513555673
14167|0xb7aa467|14|1026875395
14167|0xb7aa467|15|1960421569
14167|0xb7aa467|16|4107355430
14167|0x4b7aa467|17|8208515577
14167|0x4b7aa467|18|16540220108
14167|0x14b7aa467|19|26828428985
14167|0x14b7aa467|20|55997910131
14167|0x14b7aa467|21|109120731328
14167|0x94b7aa467|22|217266135463
14167|0x94b7aa467|23|435102344382
14167|0x294b7aa467|24|865972993419
14261|0x3e9d|1|111062
14261|0x3e9d|2|235528
14261|0x3e9d|3|456811
14261|0x3e9d|4|918702
14261|0x3e9d|5|1904406
14261|0x3e9d|6|4000853
14261|0x3e9d|7|7905731
14261|0x203e9d|8|15826447
14261|0x603e9d|9|31692594
14261|0xe03e9d|10|63404166
14261|0xe03e9d|11|126956155
14261|0xe03e9d|12|249374944
14261|0x4e03e9d|13|510543026
14261|0x4e03e9d|14|1021461901
14261|0x4e03e9d|15|2039752473
14261|0x24e03e9d|16|4081523728
14261|0x64e03e9d|17|8162736263
14261|0xe4e03e9d|18|13368936865
14261|0xe4e03e9d|19|27310008815
14261|0x2e4e03e9d|20|53916764024
14261|0x2e4e03e9d|21|110014000802
14261|0xae4e03e9d|22|216733838493
14261|0xae4e03e9d|23|436373868966
14261|0x2ae4e03e9d|24|869493462184
15045|0x340d|1|112558
15045|0x340d|2|239665
15045|0x1340d|3|457626
15045|0x1340d|4|919155
15045|0x1340d|5|1934050
15045|0x9340d|6|3967084
15045|0x9340d|7|8067834
15045|0x29340d|8|16000373
15045|0x29340d|9|32063767
15045|0xa9340d|10|63945385
15045|0xa9340d|11|128001925
15045|0xa9340d|12|256163116
15045|0xa9340d|13|475895641
15045|0x8a9340d|14|1023778896
15045|0x8a9340d|15|2048158400
15045|0x8a9340d|16|4104628981
15045|0x8a9340d|17|7468254453
15045|0x8a9340d|18|16570657492
15045|0x108a9340d|19|28746662998
15045|0x308a9340d|20|54025103792
15045|0x708a9340d|21|108026079793
15045|0x708a9340d|22|216430597047
15045|0x708a9340d|23|434900079152
15045|0x2708a9340d|24|866039645468
15145|0x1119|1|97175
15145|0x9119|2|210542
15145|0x9119|3|450777
15145|0x9119|4|917200
15145|0x9119|5|2111873
15145|0x89119|6|3876702
15145|0x189119|7|8094397
15145|0x389119|8|15976057
15145|0x389119|9|31971926
15145|0xb89119|10|63888177
15145|0x1b89119|11|127850400
15145|0x1b89119|12|256868687
15145|0x1b89119|13|514545522
15145|0x1b89119|14|1027998252
15145|0x11b89119|15|1646823943
15145|0x31b89119|16|3412502646
15145|0x31b89119|17|8262954818
15145|0xb1b89119|18|14810683395
15145|0xb1b89119|19|26916056534
15145|0x2b1b89119|20|54375683739
15145|0x6b1b89119|21|108561886518
15145|0xeb1b89119|22|216316772766
15145|0x1eb1b89119|23|435417377330
15145|0x3eb1b89119|24|868645458883
15269|0x342d|1|97284
15269|0x342d|2|211694
15269|0x342d|3|452263
15269|0x342d|4|909690
15269|0x342d|5|2118463
15269|0x8342d|6|3973180
15269|0x18342d|7|8090527
15269|0x38342d|8|16165664
15269|0x78342d|9|32377290
15269|0xf8342d|10|64610451
15269|0xf8342d|11|129353207
15269|0xf8342d|12|259083787
15269|0x4f8342d|13|517915123
15269|0xcf8342d|14|1036609450
15269|0x1cf8342d|15|2076268163
15269|0x3cf8342d|16|3459848530
15269|0x3cf8342d|17|7617020426
15269|0xbcf8342d|18|14062861353
15269|0x1bcf8342d|19|26808446512
15269|0x1bcf8342d|20|54602971822
15269|0x5bcf8342d|21|114095493396
15269|0x5bcf8342d|22|217008211021
15269|0x5bcf8342d|23|434067191790
15269|0x5bcf8342d|24|865356469267
16023|0x2127|1|112199
16023|0x2127|2|244196
16023|0x12127|3|524141
16023|0x32127|4|1075262
16023|0x32127|5|2114874
16023|0x32127|6|4004831
16023|0x32127|7|8307299
16023|0x232127|8|16349275
16023|0x632127|9|33067472
16023|0xe32127|10|66259563
16023|0xe32127|11|132436943
16023|0xe32127|12|264390008
16023|0xe32127|13|528668728
16023|0x8e32127|14|1057665412
16023|0x8e32127|15|1994047426
16023|0x8e32127|16|4168009284
16023|0x48e32127|17|6760751521
16023|0x48e32127|18|13498915971
16023|0x48e32127|19|26980149534
16023|0x248e32127|20|53842365418
16023|0x248e32127|21|109051928995
16023|0x248e32127|22|220078522959
16023|0x248e32127|23|431812440081
16023|0x248e32127|24|864307762578
16119|0x62c7|1|98498
16119|0xe2c7|2|215032
16119|0x1e2c7|3|474304
16119|0x3e2c7|4|1055564
16119|0x7e2c7|5|2156339
16119|0xfe2c7|6|4018939
16119|0xfe2c7|7|8347474
16119|0xfe2c7|8|16587947
16119|0x4fe2c7|9|29942036
16119|0x4fe2c7|10|66255251
16119|0x4fe2c7|11|118845733
16119|0x24fe2c7|12|265034747
16119|0x64fe2c7|13|529567224
16119|0x64fe2c7|14|1049636256
16119|0x164fe2c7|15|1818032400
16119|0x364fe2c7|16|4322228913
16119|0x764fe2c7|17|8605055902
16119|0xf64fe2c7|18|13975040823
16119|0x1f64fe2c7|19|26788223669
16119|0x1f64fe2c7|20|53852389985
16119|0x5f64fe2c7|21|110322563953
16119|0xdf64fe2c7|22|216137621480
16119|0xdf64fe2c7|23|432687783614
16119|0x2df64fe2c7|24|864047695191
16237|0x2265|1|114487
16237|0xa265|2|247048
16237|0xa265|3|474306
16237|0xa265|4|948167
16237|0x4a265|5|2103672
16237|0x4a265|6|4229681
16237|0x14a265|7|8274593
16237|0x14a265|8|16814041
16237|0x54a265|9|33448494
16237|0x54a265|10|66965965
16237|0x54a265|11|133784686
16237|0x54a265|12|247784652
16237|0x54a265|13|427629654
16237|0x854a265|14|1069850418
16237|0x854a265|15|2147269313
16237|0x2854a265|16|4304922168
16237|0x2854a265|17|8579031955
16237|0x2854a265|18|13821394950
16237|0x2854a265|19|28350169139
16237|0x22854a265|20|56490990039
16237|0x22854a265|21|108037269461
16237|0xa2854a265|22|221137381432
16237|0xa2854a265|23|431860652161
16237|0xa2854a265|24|863523513341
16359|0x63d7|1|112361
16359|0x63d7|2|246020
16359|0x63d7|3|526495
16359|0x63d7|4|1062172
16359|0x463d7|5|2162212
16359|0xc63d7|6|4087431
16359|0xc63d7|7|8393512
16359|0xc63d7|8|16582561
16359|0x4c63d7|9|33407735
16359|0xcc63d7|10|66499399
16359|0x1cc63d7|11|132873779
16359|0x1cc63d7|12|265991622
16359|0x5cc63d7|13|531725545
16359|0xdcc63d7|14|1073131179
16359|0xdcc63d7|15|1970411016
16359|0xdcc63d7|16|4238920889
16359|0x4dcc63d7|17|7658497844
16359|0xcdcc63d7|18|13904759213
16359|0x1cdcc63d7|19|27994087128
16359|0x3cdcc63d7|20|57762985622
16359|0x7cdcc63d7|21|108397123773
16359|0x7cdcc63d7|22|214914784156
16359|0x17cdcc63d7|23|428952567726
16359|0x37cdcc63d7|24|858727135909
16831|0xae3f|1|167743
16831|0xae3f|2|390383
16831|0xae3f|3|929864
16831|0xae3f|4|2017210
16831|0xae3f|5|3803891
16831|0xae3f|6|7728015
16831|0xae3f|7|15421669
16831|0x40ae3f|8|30864844
16831|0xc0ae3f|9|61736393
16831|0xc0ae3f|10|123738966
16831|0xc0ae3f|11|247003140
16831|0x4c0ae3f|12|494076620
16831|0xcc0ae3f|13|982055281
16831|0x1cc0ae3f|14|1938591194
16831|0x3cc0ae3f|15|3328644105
16831|0x7cc0ae3f|16|6556190118
16831|0x7cc0ae3f|17|12982552332
16831|0x7cc0ae3f|18|26184673681
16831|0x27cc0ae3f|19|55276122285
16831|0x27cc0ae3f|20|113646558442
16831|0xa7cc0ae3f|21|221173456328
16831|0xa7cc0ae3f|22|441386874843
16831|0xa7cc0ae3f|23|874000272138
16831|0xa7cc0ae3f|24|1754547704580
16941|0x5da5|1|190796
16941|0x15da5|2|444456
16941|0x35da5|3|954358
16941|0x75da5|4|1784447
16941|0x75da5|5|3853583
16941|0x175da5|6|7438769
16941|0x175da5|7|15237069
16941|0x575da5|8|30219574
16941|0xd75da5|9|60609646
16941|0xd75da5|10|121289233
16941|0xd75da5|11|242482568
16941|0x4d75da5|12|484395540
16941|0x4d75da5|13|951120832
16941|0x4d75da5|14|1939079372
16941|0x24d75da5|15|3245293597
16941|0x24d75da5|16|7814739119
16941|0x24d75da5|17|14095838598
16941|0x24d75da5|18|28333476199
16941|0x224d75da5|19|53748622401
16941|0x224d75da5|20|109160570310
16941|0x224d75da5|21|222145826978
16941|0x224d75da5|22|446922540750
16941|0x2224d75da5|23|877524290018
16941|0x2224d75da5|24|1754579461277
17067|0xa803|1|165402
17067|0x1a803|2|391448
17067|0x1a803|3|975936
17067|0x5a803|4|1946829
17067|0xda803|5|3691165
17067|0x1da803|6|7614654
17067|0x3da803|7|15131318
17067|0x3da803|8|30285295
17067|0xbda803|9|60662144
17067|0xbda803|10|121006893
17067|0xbda803|11|242692824
17067|0x4bda803|12|486929999
17067|0x4bda803|13|973257965
17067|0x14bda803|14|1947782759
17067|0x14bda803|15|3883206085
17067|0x54bda803|16|7793052430
17067|0xd4bda803|17|13009618801
17067|0x1d4bda803|18|31199319096
17067|0x3d4bda803|19|53508173405
17067|0x3d4bda803|20|118141215358
17067|0xbd4bda803|21|220868444798
17067|0xbd4bda803|22|446624231795
17067|0xbd4bda803|23|877176261117
17067|0x4bd4bda803|24|1757608169466
17165|0x43c5|1|168179
17165|0x43c5|2|392678
17165|0x43c5|3|935361
17165|0x43c5|4|2039389
17165|0x43c5|5|3713830
17165|0x43c5|6|7672198
17165|0x43c5|7|15327922
17165|0x4043c5|8|30666451
17165|0x4043c5|9|61144461
17165|0x14043c5|10|122507493
17165|0x34043c5|11|244943173
17165|0x74043c5|12|490284581
17165|0x74043c5|13|977115701
17165|0x174043c5|14|1956045111
17165|0x174043c5|15|3527841228
17165|0x174043c5|16|7782753572
17165|0x174043c5|17|13480662956
17165|0x1174043c5|18|30404289286
17165|0x1174043c5|19|54681669776
17165|0x5174043c5|20|111803695324
17165|0xd174043c5|21|220842253224
17165|0xd174043c5|22|441467732494
17165|0xd174043c5|23|876453745388
17165|0x4d174043c5|24|1755010503662
17283|0x632b|1|166061
17283|0x1632b|2|393614
17283|0x3632b|3|862585
17283|0x3632b|4|1973924
17283|0x3632b|5|3733792
17283|0x13632b|6|7826342
17283|0x33632b|7|15290381
17283|0x73632b|8|30585200
17283|0x73632b|9|61207785
17283|0x73632b|10|122688495
17283|0x273632b|11|245081702
17283|0x673632b|12|490226375
17283|0x673632b|13|976706361
17283|0x673632b|14|1957656321
17283|0x673632b|15|3905331412
17283|0x673632b|16|7828060241
17283|0x8673632b|17|15695042560
17283|0x18673632b|18|28929470909
17283|0x18673632b|19|57316021889
17283|0x18673632b|20|111818670429
17283|0x98673632b|21|221307078323
17283|0x198673632b|22|441412166232
17283|0x198673632b|23|875607952386
17283|0x598673632b|24|1761557888516
17385|0xc459|1|191199
17385|0xc459|2|432539
17385|0x2c459|3|864453
17385|0x2c459|4|1878619
17385|0xac459|5|3849893
17385|0x1ac459|6|7790182
17385|0x1ac459|7|15432730
17385|0x5ac459|8|30841513
17385|0x5ac459|9|61584075
17385|0x5ac459|10|123197450
17385|0x5ac459|11|247110927
17385|0x45ac459|12|495366780
17385|0xc5ac459|13|990648136
17385|0xc5ac459|14|1927819177
17385|0xc5ac459|15|3966854798
17385|0xc5ac459|16|7852523056
17385|0xc5ac459|17|13759192262
17385|0x10c5ac459|18|29843227430
17385|0x10c5ac459|19|56718387113
17385|0x10c5ac459|20|110337978859
17385|0x10c5ac459|21|221449666200
17385|0x110c5ac459|22|441301630472
17385|0x110c5ac459|23|872886310996
17385|0x510c5ac459|24|1758519015953
17893|0x6fed|1|192100
17893|0x16fed|2|432672
17893|0x16fed|3|874756
17893|0x56fed|4|1850946
17893|0xd6fed|5|3840846
17893|0x1d6fed|6|7792021
17893|0x1d6fed|7|15472352
17893|0x1d6fed|8|30343558
17893|0x9d6fed|9|61522249
17893|0x9d6fed|10|123022720
17893|0x9d6fed|11|246178569
17893|0x49d6fed|12|491686419
17893|0x49d6fed|13|985425674
17893|0x149d6fed|14|1973567641
17893|0x349d6fed|15|3972922537
17893|0x349d6fed|16|7986333748
17893|0xb49d6fed|17|13111121141
17893|0xb49d6fed|18|29497730251
17893|0xb49d6fed|19|55045526804
17893|0xb49d6fed|20|110546460847
17893|0xb49d6fed|21|220947860342
17893|0x10b49d6fed|22|449306079056
17893|0x30b49d6fed|23|872490168743
17893|0x70b49d6fed|24|1752819316929
18013|0xbdf5|1|169131
18013|0xbdf5|2|399011
18013|0x2bdf5|3|876846
18013|0x2bdf5|4|1941586
18013|0x2bdf5|5|3755553
18013|0x12bdf5|6|7789303
18013|0x12bdf5|7|15267354
18013|0x52bdf5|8|30477687
18013|0x52bdf5|9|61452591
18013|0x52bdf5|10|123267151
18013|0x252bdf5|11|246502299
18013|0x252bdf5|12|493399086
18013|0xa52bdf5|13|988627589
18013|0xa52bdf5|14|1970653026
18013|0x2a52bdf5|15|3978600269
18013|0x2a52bdf5|16|6665808353
18013|0x2a52bdf5|17|13418527962
18013|0x2a52bdf5|18|26600340515
18013|0x22a52bdf5|19|55928803646
18013|0x62a52bdf5|20|111349018104
18013|0x62a52bdf5|21|227522418965
18013|0x162a52bdf5|22|442026678160
18013|0x362a52bdf5|23|876927292814
18013|0x762a52bdf5|24|1753397084205
18113|0x4941|1|190422
18113|0x14941|2|453887
18113|0x14941|3|998537
18113|0x14941|4|1919117
18113|0x14941|5|3890583
18113|0x14941|6|7847918
18113|0x14941|7|15627372
18113|0x14941|8|31444686
18113|0x14941|9|62950196
18113|0x1014941|10|126748160
18113|0x1014941|11|253342584
18113|0x5014941|12|506145740
18113|0x5014941|13|1012710300
18113|0x5014941|14|1777272817
18113|0x25014941|15|4055499402
18113|0x65014941|16|8094910165
18113|0xe5014941|17|16194070930
18113|0x1e5014941|18|28854075200
18113|0x1e5014941|19|56876389086
18113|0x5e5014941|20|108788155881
18113|0x5e5014941|21|218742234653
18113|0x15e5014941|22|440890061159
18113|0x35e5014941|23|878255422166
18113|0x75e5014941|24|1752417611336
18227|0xbfb|1|208018
18227|0x10bfb|2|454658
18227|0x10bfb|3|958810
18227|0x10bfb|4|1843343
18227|0x90bfb|5|4043537
18227|0x90bfb|6|7917006
18227|0x290bfb|7|15780328
18227|0x290bfb|8|31853728
18227|0xa90bfb|9|63559055
18227|0xa90bfb|10|126932417
18227|0xa90bfb|11|254081435
18227|0x4a90bfb|12|508026370
18227|0x4a90bfb|13|1015243488
18227|0x14a90bfb|14|2029905771
18227|0x14a90bfb|15|4058403988
18227|0x14a90bfb|16|7398208796
18227|0x14a90bfb|17|15595008595
18227|0x114a90bfb|18|30285407371
18227|0x314a90bfb|19|56564357634
18227|0x314a90bfb|20|110193723942
18227|0xb14a90bfb|21|216571025204
18227|0x1b14a90bfb|22|446064207699
18227|0x3b14a90bfb|23|877722495943
18227|0x3b14a90bfb|24|1756325382967
18343|0xf017|1|190265
18343|0x1f017|2|455568
18343|0x3f017|3|975096
18343|0x3f017|4|1853568
18343|0xbf017|5|4092162
18343|0xbf017|6|7896581
18343|0x2bf017|7|15747976
18343|0x6bf017|8|31861501
18343|0x6bf017|9|63609796
18343|0x6bf017|10|126761346
18343|0x26bf017|11|254030669
18343|0x66bf017|12|507776498
18343|0x66bf017|13|939768973
18343|0x66bf017|14|2033565310
18343|0x266bf017|15|4067157493
18343|0x266bf017|16|7960977788
18343|0x266bf017|17|13331991465
18343|0x1266bf017|18|33577442806
18343|0x1266bf017|19|58071181361
18343|0x1266bf017|20|109309045235
18343|0x9266bf017|21|217293030059
18343|0x9266bf017|22|442223668268
18343|0x29266bf017|23|875292083984
18343|0x29266bf017|24|1751756464521
18823|0x2c37|1|191469
18823|0x12c37|2|459722
18823|0x32c37|3|978694
18823|0x32c37|4|1935053
18823|0xb2c37|5|3919684
18823|0xb2c37|6|7927818
18823|0xb2c37|7|15854146
18823|0xb2c37|8|31709353
18823|0x8b2c37|9|63657854
18823|0x18b2c37|10|127389713
18823|0x18b2c37|11|254200357
18823|0x18b2c37|12|509351050
18823|0x18b2c37|13|1019238966
18823|0x18b2c37|14|1878324038
18823|0x18b2c37|15|4073560975
18823|0x18b2c37|16|8138892004
18823|0x818b2c37|17|13482947205
18823|0x1818b2c37|18|28058509340
18823|0x1818b2c37|19|58826780317
18823|0x5818b2c37|20|109598486438
18823|0xd818b2c37|21|221386918987
18823|0x1d818b2c37|22|440807972877
18823|0x1d818b2c37|23|877933897523
18823|0x1d818b2c37|24|1750877715625
18933|0x5a5d|1|194196
18933|0x15a5d|2|460344
18933|0x15a5d|3|964846
18933|0x15a5d|4|1896435
18933|0x15a5d|5|3950997
18933|0x115a5d|6|7983750
18933|0x315a5d|7|15904329
18933|0x315a5d|8|31791279
18933|0x315a5d|9|63665495
18933|0x315a5d|10|126984244
18933|0x2315a5d|11|254666570
18933|0x6315a5d|12|509301790
18933|0x6315a5d|13|1018780392
18933|0x6315a5d|14|2037171405
18933|0x6315a5d|15|3758139752
18933|0x6315a5d|16|8149654664
18933|0x6315a5d|17|16291492990
18933|0x6315a5d|18|27866792988
18933|0x206315a5d|19|55119868628
18933|0x606315a5d|20|110545628482
18933|0xe06315a5d|21|223295479066
18933|0x1e06315a5d|22|445909697943
18933|0x1e06315a5d|23|875111562787
18933|0x1e06315a5d|24|1750923509621
19039|0x919f|1|170888
19039|0x919f|2|416592
19039|0x2919f|3|966757
19039|0x6919f|4|2009304
19039|0xe919f|5|3883857
19039|0xe919f|6|7965682
19039|0xe919f|7|15982140
19039|0xe919f|8|31766347
19039|0x8e919f|9|63608145
19039|0x18e919f|10|127595323
19039|0x38e919f|11|255105402
19039|0x38e919f|12|509653816
19039|0xb8e919f|13|1019375337
19039|0xb8e919f|14|1908433798
19039|0xb8e919f|15|4074628927
19039|0xb8e919f|16|7976213635
19039|0x8b8e919f|17|13933073521
19039|0x18b8e919f|18|27065219364
19039|0x38b8e919f|19|55797680817
19039|0x38b8e919f|20|109015345398
19039|0xb8b8e919f|21|226101668472
19039|0xb8b8e919f|22|441923036893
19039|0x2b8b8e919f|23|876671855011
19039|0x2b8b8e919f|24|1752114047120
19157|0x9e7d|1|171175
19157|0x9e7d|2|406986
19157|0x9e7d|3|852688
19157|0x49e7d|4|2017514
19157|0xc9e7d|5|3805417
19157|0x1c9e7d|6|7795585
19157|0x3c9e7d|7|15898315
19157|0x7c9e7d|8|31746280
19157|0xfc9e7d|9|63558458
19157|0xfc9e7d|10|127293235
19157|0xfc9e7d|11|245427160
19157|0xfc9e7d|12|509481879
19157|0x8fc9e7d|13|1017368276
19157|0x8fc9e7d|14|1715958349
19157|0x8fc9e7d|15|3448868036
19157|0x8fc9e7d|16|6758569212
19157|0x88fc9e7d|17|16290662277
19157|0x188fc9e7d|18|29742878505
19157|0x188fc9e7d|19|55423478837
19157|0x188fc9e7d|20|116022692592
19157|0x188fc9e7d|21|215778968844
19157|0x188fc9e7d|22|448466347570
19157|0x2188fc9e7d|23|875787368579
19157|0x2188fc9e7d|24|1752087580353
19279|0xebaf|1|184804
19279|0x1ebaf|2|407653
19279|0x1ebaf|3|888816
19279|0x5ebaf|4|2005158
19279|0x5ebaf|5|4000081
19279|0x5ebaf|6|7886490
19279|0x25ebaf|7|15980573
19279|0x65ebaf|8|31902624
19279|0xe5ebaf|9|63618807
19279|0x1e5ebaf|10|127388989
19279|0x3e5ebaf|11|254675858
19279|0x3e5ebaf|12|498406159
19279|0x3e5ebaf|13|1020318444
19279|0x13e5ebaf|14|2039833263
19279|0x13e5ebaf|15|4079902822
19279|0x13e5ebaf|16|8159601884
19279|0x93e5ebaf|17|15623667012
19279|0x93e5ebaf|18|27276433616
19279|0x293e5ebaf|19|54992675838
19279|0x293e5ebaf|20|111318452336
19279|0x293e5ebaf|21|223479599249
19279|0x293e5ebaf|22|443311809570
19279|0x2293e5ebaf|23|874167221521
19279|0x2293e5ebaf|24|1752926220229
19381|0x8a9d|1|194889
19381|0x8a9d|2|464441
19381|0x28a9d|3|912115
19381|0x28a9d|4|1884276
19381|0xa8a9d|5|4107166
19381|0x1a8a9d|6|7921574
19381|0x3a8a9d|7|15887843
19381|0x3a8a9d|8|32000205
19381|0x3a8a9d|9|63748892
19381|0x3a8a9d|10|127568368
19381|0x3a8a9d|11|255217653
19381|0x3a8a9d|12|509963412
19381|0x3a8a9d|13|1020509799
19381|0x103a8a9d|14|2013324564
19381|0x303a8a9d|15|4081296131
19381|0x703a8a9d|16|8162721140
19381|0xf03a8a9d|17|15230512173
19381|0x1f03a8a9d|18|32757125782
19381|0x1f03a8a9d|19|56226735902
19381|0x1f03a8a9d|20|109021909510
19381|0x1f03a8a9d|21|217967015439
19381|0x1f03a8a9d|22|454147722188
19381|0x1f03a8a9d|23|870423615785
19381|0x41f03a8a9d|24|1752962177460
19895|0x2007|1|167996
19895|0x12007|2|446446
19895|0x12007|3|983126
19895|0x12007|4|2054612
19895|0x12007|5|3893749
19895|0x112007|6|7479409
19895|0x312007|7|14987606
19895|0x712007|8|30015317
19895|0xf12007|9|60042919
19895|0x1f12007|10|119953886
19895|0x3f12007|11|240143643
19895|0x3f12007|12|511364870
19895|0xbf12007|13|1022080574
19895|0x1bf12007|14|2044524524
19895|0x1bf12007|15|3777121844
19895|0x1bf12007|16|8176982709
19895|0x9bf12007|17|14474964938
19895|0x19bf12007|18|27680382868
19895|0x39bf12007|19|56252462410
19895|0x79bf12007|20|111456457137
19895|0xf9bf12007|21|219987306875
19895|0x1f9bf12007|22|441678554158
19895|0x1f9bf12007|23|869247095384
19895|0x1f9bf12007|24|1751702318665
19995|0xdc13|1|195616
19995|0x1dc13|2|469014
19995|0x1dc13|3|982338
19995|0x1dc13|4|1837514
19995|0x1dc13|5|4095626
19995|0x1dc13|6|7986312
19995|0x1dc13|7|15749772
19995|0x41dc13|8|32085034
19995|0x41dc13|9|64036943
19995|0x41dc13|10|127553258
19995|0x41dc13|11|255103837
19995|0x41dc13|12|510412149
19995|0x841dc13|13|1021055699
19995|0x1841dc13|14|2042038482
19995|0x3841dc13|15|4083991516
19995|0x3841dc13|16|8201026321
19995|0x3841dc13|17|13793780908
19995|0x3841dc13|18|32860424272
19995|0x23841dc13|19|56384621457
19995|0x23841dc13|20|109650455658
19995|0x23841dc13|21|222436934645
19995|0x23841dc13|22|440156573117
19995|0x223841dc13|23|869853571316
19995|0x623841dc13|24|1756840578091
20117|0xcbd|1|183034
20117|0x10cbd|2|477674
20117|0x30cbd|3|987137
20117|0x30cbd|4|2040429
20117|0xb0cbd|5|3923578
20117|0x1b0cbd|6|8036862
20117|0x3b0cbd|7|16101421
20117|0x7b0cbd|8|32072385
20117|0xfb0cbd|9|64125098
20117|0xfb0cbd|10|128531603
20117|0xfb0cbd|11|256914645
20117|0xfb0cbd|12|515622372
20117|0xfb0cbd|13|849556429
20117|0x10fb0cbd|14|2033646757
20117|0x30fb0cbd|15|4116397806
20117|0x30fb0cbd|16|6901441661
20117|0x30fb0cbd|17|16365253534
20117|0x130fb0cbd|18|28062623371
20117|0x330fb0cbd|19|55565019455
20117|0x330fb0cbd|20|109247171561
20117|0xb30fb0cbd|21|218217201963
20117|0x1b30fb0cbd|22|439620948986
20117|0x1b30fb0cbd|23|871797188821
20117|0x5b30fb0cbd|24|1753819212072
20233|0xef39|1|196020
20233|0x1ef39|2|470994
20233|0x1ef39|3|912885
20233|0x5ef39|4|1883697
20233|0xdef39|5|4063479
20233|0x1def39|6|7893801
20233|0x3def39|7|15876752
20233|0x3def39|8|32110746
20233|0x3def39|9|63781310
20233|0x13def39|10|128127209
20233|0x13def39|11|256796469
20233|0x13def39|12|513647294
20233|0x93def39|13|918268967
20233|0x193def39|14|1681818276
20233|0x193def39|15|4132159337
20233|0x193def39|16|8221492815
20233|0x193def39|17|16441672403
20233|0x1193def39|18|31528129040
20233|0x1193def39|19|55587976919
20233|0x5193def39|20|109894382822
20233|0xd193def39|21|235815066336
20233|0xd193def39|22|445057124425
20233|0xd193def39|23|875786924982
20233|0x4d193def39|24|1751502852557
20339|0x6dbb|1|194340
20339|0x6dbb|2|472148
20339|0x26dbb|3|1005650
20339|0x66dbb|4|1924910
20339|0x66dbb|5|3924810
20339|0x66dbb|6|8010696
20339|0x66dbb|7|16030616
20339|0x466dbb|8|32008686
20339|0xc66dbb|9|63871952
20339|0x1c66dbb|10|127648332
20339|0x1c66dbb|11|255855919
20339|0x1c66dbb|12|511493951
20339|0x9c66dbb|13|1023389598
20339|0x9c66dbb|14|2046892971
20339|0x29c66dbb|15|3868300050
20339|0x29c66dbb|16|7382371180
20339|0x29c66dbb|17|16444601329
20339|0x129c66dbb|18|32143247891
20339|0x329c66dbb|19|55510447161
20339|0x329c66dbb|20|110268581728
20339|0x329c66dbb|21|219695898661
20339|0x1329c66dbb|22|441118491957
20339|0x1329c66dbb|23|870118613531
20339|0x1329c66dbb|24|1752597956579
20457|0x7859|1|173174
20457|0x17859|2|479163
20457|0x37859|3|994086
20457|0x77859|4|2020321
20457|0x77859|5|3891309
20457|0x177859|6|8007066
20457|0x177859|7|16041727
20457|0x177859|8|31867904
20457|0x977859|9|63938884
20457|0x977859|10|127961286
20457|0x977859|11|255797704
20457|0x977859|12|511776103
20457|0x8977859|13|1023697812
20457|0x18977859|14|1704015596
20457|0x38977859|15|3658601587
20457|0x78977859|16|6885209018
20457|0xf8977859|17|16419521266
20457|0x1f8977859|18|29185970576
20457|0x3f8977859|19|59784631155
20457|0x7f8977859|20|109156560120
20457|0xff8977859|21|220479875014
20457|0xff8977859|22|440346835821
20457|0xff8977859|23|868855371676
20457|0x4ff8977859|24|1773376000556
20949|0x5f7d|1|218253
20949|0x5f7d|2|477451
20949|0x25f7d|3|1003243
20949|0x25f7d|4|1901702
20949|0x25f7d|5|4037623
20949|0x125f7d|6|8044125
20949|0x125f7d|7|15949967
20949|0x125f7d|8|32132224
20949|0x925f7d|9|63981579
20949|0x925f7d|10|128121385
20949|0x2925f7d|11|256243504
20949|0x6925f7d|12|512973755
20949|0xe925f7d|13|1025431965
20949|0x1e925f7d|14|1944714513
20949|0x1e925f7d|15|4102004084
20949|0x5e925f7d|16|7031822082
20949|0x5e925f7d|17|14278889963
20949|0x15e925f7d|18|30024430778
20949|0x15e925f7d|19|56816437841
20949|0x15e925f7d|20|109085090230
20949|0x15e925f7d|21|216577719767
20949|0x115e925f7d|22|437914369992
20949|0x315e925f7d|23|868452571350
20949|0x315e925f7d|24|1751556526434
21051|0xb6f3|1|197785
21051|0xb6f3|2|496980
21051|0xb6f3|3|1005442
21051|0x4b6f3|4|1858866
21051|0x4b6f3|5|4066725
21051|0x14b6f3|6|8060299
21051|0x34b6f3|7|16123188
21051|0x74b6f3|8|32224515
21051|0xf4b6f3|9|64754385
21051|0x1f4b6f3|10|129133161
21051|0x3f4b6f3|11|258661172
21051|0x7f4b6f3|12|517911019
21051|0xff4b6f3|13|1034603597
21051|0x1ff4b6f3|14|1988581350
21051|0x1ff4b6f3|15|3484496784
21051|0x5ff4b6f3|16|8283737960
21051|0xdff4b6f3|17|13628965102
21051|0xdff4b6f3|18|28371316641
21051|0xdff4b6f3|19|55149809806
21051|0xdff4b6f3|20|108935734087
21051|0xdff4b6f3|21|217716086235
21051|0x10dff4b6f3|22|435542141273
21051|0x30dff4b6f3|23|868198345093
21051|0x30dff4b6f3|24|1750775595885
21171|0xac7b|1|198121
21171|0xac7b|2|490059
21171|0xac7b|3|1007721
21171|0xac7b|4|2022334
21171|0x8ac7b|5|3880679
21171|0x18ac7b|6|8035749
21171|0x18ac7b|7|16118615
21171|0x18ac7b|8|32111592
21171|0x98ac7b|9|64376313
21171|0x98ac7b|10|128919450
21171|0x298ac7b|11|257711716
21171|0x298ac7b|12|515593051
21171|0xa98ac7b|13|1031223090
21171|0x1a98ac7b|14|2062172636
21171|0x1a98ac7b|15|4124584058
21171|0x1a98ac7b|16|7360323495
21171|0x9a98ac7b|17|14001607043
21171|0x19a98ac7b|18|27140136936
21171|0x19a98ac7b|19|58157677049
21171|0x59a98ac7b|20|109388508199
21171|0x59a98ac7b|21|216986994335
21171|0x159a98ac7b|22|435086331068
21171|0x359a98ac7b|23|868452367779
21171|0x359a98ac7b|24|1751636409173
21271|0x14a7|1|198622
21271|0x14a7|2|479821
21271|0x14a7|3|1029381
21271|0x414a7|4|2030616
21271|0x414a7|5|3938120
21271|0x1414a7|6|8094520
21271|0x1414a7|7|16206563
21271|0x1414a7|8|32325996
21271|0x9414a7|9|64611807
21271|0x9414a7|10|129346584
21271|0x9414a7|11|258588548
21271|0x9414a7|12|420381924
21271|0x9414a7|13|917893959
21271|0x109414a7|14|1816282180
21271|0x109414a7|15|3529378965
21271|0x109414a7|16|7081836394
21271|0x909414a7|17|13422152300
21271|0x1909414a7|18|27065863213
21271|0x1909414a7|19|56219966237
21271|0x5909414a7|20|109384142186
21271|0x5909414a7|21|217042069713
21271|0x5909414a7|22|435485596644
21271|0x25909414a7|23|868603954027
21271|0x65909414a7|24|1751140818202
21389|0x2745|1|198612
21389|0x12745|2|480800
21389|0x32745|3|1011947
21389|0x32745|4|2018249
21389|0xb2745|5|3971578
21389|0xb2745|6|8105905
21389|0x2b2745|7|16223630
21389|0x2b2745|8|32301775
21389|0xab2745|9|64847602
21389|0xab2745|10|129653700
21389|0xab2745|11|238330225
21389|0x4ab2745|12|520167652
21389|0x4ab2745|13|1036034537
21389|0x14ab2745|14|2071597959
21389|0x34ab2745|15|3560946887
21389|0x34ab2745|16|8286789639
21389|0xb4ab2745|17|15395257127
21389|0x1b4ab2745|18|27357434347
21389|0x1b4ab2745|19|57008699214
21389|0x5b4ab2745|20|109355314213
21389|0xdb4ab2745|21|216876933217
21389|0xdb4ab2745|22|435202652554
21389|0x2db4ab2745|23|868666925949
21389|0x6db4ab2745|24|1749840851839
21501|0xa155|1|175069
21501|0xa155|2|450020
21501|0x2a155|3|1037057
21501|0x2a155|4|2039408
21501|0xaa155|5|3938083
21501|0x1aa155|6|8059769
21501|0x3aa155|7|16167732
21501|0x7aa155|8|32358623
21501|0xfaa155|9|64583091
21501|0xfaa155|10|129123813
21501|0x2faa155|11|257083239
21501|0x6faa155|12|518947409
21501|0xefaa155|13|1037577008
21501|0x1efaa155|14|2072396249
21501|0x3efaa155|15|3656806944
21501|0x3efaa155|16|7459833876
21501|0xbefaa155|17|13666189473
21501|0xbefaa155|18|28625372882
21501|0xbefaa155|19|53939364443
21501|0xbefaa155|20|109805034512
21501|0x8befaa155|21|217208063216
21501|0x18befaa155|22|435163959539
21501|0x38befaa155|23|868384037190
21501|0x38befaa155|24|1749989844653
21973|0x3b7d|1|199744
21973|0x3b7d|2|419747
21973|0x23b7d|3|847458
21973|0x63b7d|4|1961203
21973|0x63b7d|5|4086702
21973|0x163b7d|6|8044070
21973|0x163b7d|7|16094082
21973|0x563b7d|8|32454899
21973|0xd63b7d|9|64745061
21973|0xd63b7d|10|129830937
21973|0xd63b7d|11|259394925
21973|0x4d63b7d|12|518721213
21973|0xcd63b7d|13|881466771
21973|0x1cd63b7d|14|1932417773
21973|0x3cd63b7d|15|3554135226
21973|0x7cd63b7d|16|6963362107
21973|0x7cd63b7d|17|13462574997
21973|0x17cd63b7d|18|27309894180
21973|0x17cd63b7d|19|55967421456
21973|0x17cd63b7d|20|109805533513
21973|0x17cd63b7d|21|217208856239
21973|0x117cd63b7d|22|434754851555
21973|0x117cd63b7d|23|867668113285
21973|0x117cd63b7d|24|1749530949704
22081|0xb9c1|1|199941
22081|0xb9c1|2|426359
22081|0x2b9c1|3|897138
22081|0x2b9c1|4|1882456
22081|0xab9c1|5|4110309
22081|0xab9c1|6|7968840
22081|0x2ab9c1|7|15984021
22081|0x6ab9c1|8|32395816
22081|0xeab9c1|9|64730616
22081|0xeab9c1|10|129241658
22081|0x2eab9c1|11|258771619
22081|0x2eab9c1|12|517284065
22081|0xaeab9c1|13|1034624511
22081|0xaeab9c1|14|1784277497
22081|0x2aeab9c1|15|4141028697
22081|0x6aeab9c1|16|8288164892
22081|0x6aeab9c1|17|13442488408
22081|0x6aeab9c1|18|33114748348
22081|0x26aeab9c1|19|56609938628
22081|0x26aeab9c1|20|109447851903
22081|0xa6aeab9c1|21|217279377265
22081|0x1a6aeab9c1|22|434524848003
22081|0x3a6aeab9c1|23|868555730846
22081|0x7a6aeab9c1|24|1748694176328
22197|0x679d|1|197464
22197|0x679d|2|426764
22197|0x679d|3|966694
22197|0x679d|4|2018637
22197|0x8679d|5|3916603
22197|0x8679d|6|8105602
22197|0x8679d|7|16205000
22197|0x48679d|8|32372343
22197|0x48679d|9|64831346
22197|0x48679d|10|129268201
22197|0x248679d|11|241701334
22197|0x248679d|12|517277377
22197|0x248679d|13|1033283728
22197|0x1248679d|14|2067668335
22197|0x1248679d|15|3484311412
22197|0x5248679d|16|7034197804
22197|0xd248679d|17|13511357242
22197|0x1d248679d|18|29659665699
22197|0x3d248679d|19|54951376145
22197|0x3d248679d|20|109548217819
22197|0xbd248679d|21|217316462665
22197|0xbd248679d|22|434544424531
22197|0xbd248679d|23|866804175486
22197|0xbd248679d|24|2356613538508
22325|0x831d|1|316302
22325|0x831d|2|668287
22325|0x2831d|3|1522374
22325|0x6831d|4|3186194
22325|0xe831d|5|6476590
22325|0x1e831d|6|12981161
22325|0x3e831d|7|26022996
22325|0x3e831d|8|52126884
22325|0xbe831d|9|104252508
22325|0xbe831d|10|208627731
22325|0x2be831d|11|417294815
22325|0x2be831d|12|689619188
22325|0x2be831d|13|1641198932
22325|0x12be831d|14|2802303096
22325|0x32be831d|15|6003156720
22325|0x72be831d|16|10823515383
22325|0xf2be831d|17|21638138181
22325|0x1f2be831d|18|44597764454
22325|0x3f2be831d|19|88350662125
22325|0x3f2be831d|20|178246652132
22325|0x3f2be831d|21|352853666723
22325|0x13f2be831d|22|705695723430
22325|0x33f2be831d|23|1410325817856
22325|0x73f2be831d|24|2820868642794
22501|0xded|1|314795
22501|0xded|2|699527
22501|0xded|3|1528095
22501|0xded|4|3184258
22501|0x80ded|5|6483064
22501|0x180ded|6|13010275
22501|0x180ded|7|26097667
22501|0x580ded|8|52234479
22501|0xd80ded|9|104323791
22501|0xd80ded|10|208735903
22501|0x2d80ded|11|417687468
22501|0x2d80ded|12|713831864
22501|0xad80ded|13|1670750135
22501|0xad80ded|14|2713385998
22501|0x2ad80ded|15|5598077597
22501|0x6ad80ded|16|10822977028
22501|0x6ad80ded|17|21635510266
22501|0x16ad80ded|18|43475391802
22501|0x16ad80ded|19|92228634319
22501|0x56ad80ded|20|180362279376
22501|0xd6ad80ded|21|360124306829
22501|0x1d6ad80ded|22|707771647109
22501|0x3d6ad80ded|23|1410408867731
22501|0x7d6ad80ded|24|2819645601166
23043|0xa0ab|1|316921
23043|0xa0ab|2|678006
23043|0x2a0ab|3|1542151
23043|0x6a0ab|4|3218161
23043|0x6a0ab|5|6460224
23043|0x16a0ab|6|13032089
23043|0x16a0ab|7|26171799
23043|0x56a0ab|8|52351084
23043|0xd6a0ab|9|104604299
23043|0x1d6a0ab|10|209254593
23043|0x3d6a0ab|11|418517663
23043|0x3d6a0ab|12|837013334
23043|0x3d6a0ab|13|1674401419
23043|0x3d6a0ab|14|2741555170
23043|0x3d6a0ab|15|5514034556
23043|0x3d6a0ab|16|10832458041
23043|0x83d6a0ab|17|21670866788
23043|0x183d6a0ab|18|43268057635
23043|0x383d6a0ab|19|89454202050
23043|0x783d6a0ab|20|176508146253
23043|0x783d6a0ab|21|352275262311
23043|0x1783d6a0ab|22|704832667946
23043|0x3783d6a0ab|23|1408990005057
23043|0x3783d6a0ab|24|2818968225888
23221|0x439d|1|316874
23221|0x1439d|2|681395
23221|0x3439d|3|1545148
23221|0x7439d|4|3241028
23221|0xf439d|5|6473759
23221|0x1f439d|6|13043261
23221|0x3f439d|7|26130640
23221|0x3f439d|8|52286110
23221|0xbf439d|9|104701915
23221|0x1bf439d|10|209378444
23221|0x3bf439d|11|418638261
23221|0x7bf439d|12|743615334
23221|0xfbf439d|13|1674550326
23221|0xfbf439d|14|2699582912
23221|0x2fbf439d|15|6698972633
23221|0x2fbf439d|16|11769247983
23221|0x2fbf439d|17|26795820226
23221|0x12fbf439d|18|44299025616
23221|0x12fbf439d|19|88043072954
23221|0x12fbf439d|20|182611460842
23221|0x12fbf439d|21|355428823852
23221|0x12fbf439d|22|709956148549
23221|0x212fbf439d|23|1415548023912
23221|0x612fbf439d|24|2817374977680
23401|0xe4d9|1|316897
23401|0x1e4d9|2|681305
23401|0x1e4d9|3|1550092
23401|0x1e4d9|4|3251324
23401|0x1e4d9|5|6503832
23401|0x1e4d9|6|13048837
23401|0x21e4d9|7|26123695
23401|0x61e4d9|8|52338140
23401|0xe1e4d9|9|104676110
23401|0x1e1e4d9|10|209412783
23401|0x3e1e4d9|11|418938470
23401|0x7e1e4d9|12|838049672
23401|0xfe1e4d9|13|1469139037
23401|0x1fe1e4d9|14|3040502380
23401|0x3fe1e4d9|15|5475309044
23401|0x3fe1e4d9|16|11442385844
23401|0xbfe1e4d9|17|22402411407
23401|0xbfe1e4d9|18|45325287760
23401|0xbfe1e4d9|19|87162974886
23401|0x4bfe1e4d9|20|178394178591
23401|0xcbfe1e4d9|21|355710368156
23401|0x1cbfe1e4d9|22|704938157842
23401|0x1cbfe1e4d9|23|1407719077057
23401|0x1cbfe1e4d9|24|2816475010098
23973|0x422d|1|319460
23973|0x1422d|2|711984
23973|0x3422d|3|1564838
23973|0x7422d|4|3163012
23973|0xf422d|5|6456372
23973|0xf422d|6|13078059
23973|0x2f422d|7|26173030
23973|0x2f422d|8|42042887
23973|0xaf422d|9|104815816
23973|0xaf422d|10|209852929
23973|0xaf422d|11|419860193
23973|0x4af422d|12|839780969
23973|0x4af422d|13|1679608494
23973|0x14af422d|14|3359152333
23973|0x14af422d|15|5503855175
23973|0x14af422d|16|11683584055
23973|0x14af422d|17|21595234078
23973|0x114af422d|18|48435581073
23973|0x314af422d|19|90411452392
23973|0x314af422d|20|177175225015
23973|0x314af422d|21|352129797031
23973|0x314af422d|22|704741475347
23973|0x314af422d|23|1407114304089
23973|0x314af422d|24|2817678037908
24147|0x95db|1|319779
24147|0x195db|2|718365
24147|0x395db|3|1569025
24147|0x395db|4|3175480
24147|0x395db|5|6473738
24147|0x1395db|6|10532160
24147|0x3395db|7|26158634
24147|0x7395db|8|52443357
24147|0xf395db|9|104986389
24147|0xf395db|10|209982079
24147|0xf395db|11|379751946
24147|0xf395db|12|719411940
24147|0xf395db|13|1680648947
24147|0xf395db|14|3361956526
24147|0xf395db|15|5458373370
24147|0x40f395db|16|11558421960
24147|0xc0f395db|17|23402820040
24147|0xc0f395db|18|52012843997
24147|0xc0f395db|19|89733304870
24147|0xc0f395db|20|181671980723
24147|0x8c0f395db|21|353033022576
24147|0x18c0f395db|22|704475413312
24147|0x38c0f395db|23|1408117296932
24147|0x78c0f395db|24|2815643588716
24329|0xdf39|1|320941
24329|0xdf39|2|689294
24329|0x2df39|3|1575477
24329|0x2df39|4|3203063
24329|0x2df39|5|6521011
24329|0x12df39|6|13122299
24329|0x12df39|7|26256480
24329|0x12df39|8|52511579
24329|0x92df39|9|105027044
24329|0x92df39|10|210163905
24329|0x292df39|11|420494159
24329|0x292df39|12|840934315
24329|0xa92df39|13|1415139438
24329|0xa92df39|14|2924000854
24329|0x2a92df39|15|5810330395
24329|0x2a92df39|16|10963907860
24329|0x2a92df39|17|21588030627
24329|0x2a92df39|18|49052567313
24329|0x22a92df39|19|89132924630
24329|0x22a92df39|20|181333130661
24329|0x22a92df39|21|367170693301
24329|0x22a92df39|22|704203708375
24329|0x222a92df39|23|1407607330149
24329|0x222a92df39|24|2813594569635
24521|0xea79|1|320163
24521|0x1ea79|2|687638
24521|0x1ea79|3|1599930
24521|0x5ea79|4|3207793
24521|0xdea79|5|6509328
24521|0x1dea79|6|13074176
24521|0x1dea79|7|26256795
24521|0x1dea79|8|52643353
24521|0x9dea79|9|105179394
24521|0x9dea79|10|210327590
24521|0x29dea79|11|369289926
24521|0x29dea79|12|841382207
24521|0xa9dea79|13|1682997599
24521|0x1a9dea79|14|3366042735
24521|0x1a9dea79|15|5509130300
24521|0x1a9dea79|16|11043655658
24521|0x9a9dea79|17|21709404847
24521|0x9a9dea79|18|44936109908
24521|0x29a9dea79|19|89068359431
24521|0x69a9dea79|20|176250279845
24521|0x69a9dea79|21|353323183069
24521|0x169a9dea79|22|703598463693
24521|0x369a9dea79|23|1407717135983
24521|0x769a9dea79|24|2814033782738
25067|0xbec3|1|321961
25067|0x1bec3|2|694547
25067|0x3bec3|3|1591673
25067|0x3bec3|4|3235634
25067|0xbbec3|5|6868008
25067|0x1bbec3|6|14531956
25067|0x1bbec3|7|26280842
25067|0x5bbec3|8|52676380
25067|0xdbbec3|9|105314510
25067|0x1dbbec3|10|210720235
25067|0x1dbbec3|11|421563078
25067|0x1dbbec3|12|686436306
25067|0x9dbbec3|13|1603017581
25067|0x19dbbec3|14|2845602676
25067|0x19dbbec3|15|5825269281
25067|0x19dbbec3|16|11111941934
25067|0x19dbbec3|17|21568185054
25067|0x19dbbec3|18|45403200942
25067|0x19dbbec3|19|89100635822
25067|0x419dbbec3|20|176658526551
25067|0x419dbbec3|21|356620810607
25067|0x1419dbbec3|22|703155404223
25067|0x1419dbbec3|23|1404090642098
25067|0x5419dbbec3|24|2805968201233
25251|0x610b|1|322857
25251|0x610b|2|697108
25251|0x610b|3|1622077
25251|0x4610b|4|3267074
25251|0x4610b|5|6519740
25251|0x14610b|6|13196510
25251|0x34610b|7|26397073
25251|0x34610b|8|52696594
25251|0xb4610b|9|105417906
25251|0xb4610b|10|210796577
25251|0xb4610b|11|375701460
25251|0xb4610b|12|837800258
25251|0xb4610b|13|1665912394
25251|0xb4610b|14|3048957250
25251|0xb4610b|15|6140734125
25251|0xb4610b|16|10794161974
25251|0x80b4610b|17|22907333735
25251|0x180b4610b|18|45045543857
25251|0x380b4610b|19|89541520107
25251|0x380b4610b|20|178456858738
25251|0x380b4610b|21|352752217789
25251|0x380b4610b|22|703464421658
25251|0x380b4610b|23|1404036322950
25251|0x380b4610b|24|2807319701116
25433|0xb4e9|1|323229
25433|0x1b4e9|2|698318
25433|0x3b4e9|3|1659335
25433|0x3b4e9|4|3252584
25433|0x3b4e9|5|6500531
25433|0x3b4e9|6|13164760
25433|0x3b4e9|7|26298355
25433|0x43b4e9|8|52672892
25433|0xc3b4e9|9|105406584
25433|0x1c3b4e9|10|196938159
25433|0x1c3b4e9|11|392134496
25433|0x5c3b4e9|12|786876328
25433|0x5c3b4e9|13|1568326276
25433|0x15c3b4e9|14|3375771115
25433|0x15c3b4e9|15|5491324368
25433|0x55c3b4e9|16|12242155378
25433|0xd5c3b4e9|17|22436458119
25433|0x1d5c3b4e9|18|45131899623
25433|0x3d5c3b4e9|19|88439882793
25433|0x3d5c3b4e9|20|176369207532
25433|0x3d5c3b4e9|21|352197595213
25433|0x3d5c3b4e9|22|703647263045
25433|0x3d5c3b4e9|23|1403839824076
25433|0x3d5c3b4e9|24|2803706367408
25961|0x7ad9|1|324923
25961|0x7ad9|2|699573
25961|0x27ad9|3|1670619
25961|0x67ad9|4|3257543
25961|0x67ad9|5|6560048
25961|0x67ad9|6|13142690
25961|0x267ad9|7|26321466
25961|0x667ad9|8|52782801
25961|0xe67ad9|9|105656331
25961|0x1e67ad9|10|211330188
25961|0x3e67ad9|11|422654626
25961|0x3e67ad9|12|708629991
25961|0xbe67ad9|13|1463188699
25961|0x1be67ad9|14|2841905838
25961|0x3be67ad9|15|6763937894
25961|0x3be67ad9|16|11177054482
25961|0xbbe67ad9|17|23025497088
25961|0x1bbe67ad9|18|44716784434
25961|0x1bbe67ad9|19|88568101529
25961|0x1bbe67ad9|20|176380583750
25961|0x9bbe67ad9|21|351761407299
25961|0x9bbe67ad9|22|706955982471
25961|0x29bbe67ad9|23|1400099451438
25961|0x69bbe67ad9|24|2802492697809
26159|0xa0cf|1|325320
26159|0xa0cf|2|713493
26159|0xa0cf|3|1651063
26159|0xa0cf|4|3267021
26159|0xa0cf|5|6600903
26159|0x10a0cf|6|13202751
26159|0x30a0cf|7|26431505
26159|0x30a0cf|8|52858975
26159|0x30a0cf|9|105917072
26159|0x130a0cf|10|211990146
26159|0x130a0cf|11|422925512
26159|0x130a0cf|12|845975214
26159|0x930a0cf|13|1692277580
26159|0x1930a0cf|14|3384849752
26159|0x1930a0cf|15|5408044594
26159|0x1930a0cf|16|10980152549
26159|0x1930a0cf|17|22632996804
26159|0x1930a0cf|18|48348518189
26159|0x21930a0cf|19|88186812767
26159|0x61930a0cf|20|177369403075
26159|0xe1930a0cf|21|351122170087
26159|0xe1930a0cf|22|703946783650
26159|0x2e1930a0cf|23|1400660483414
26159|0x2e1930a0cf|24|2799040108572
26329|0xb969|1|327432
26329|0x1b969|2|705682
26329|0x3b969|3|1541028
26329|0x3b969|4|3203639
26329|0xbb969|5|6488178
26329|0x1bb969|6|13117411
26329|0x3bb969|7|26388515
26329|0x3bb969|8|42142347
26329|0xbbb969|9|106183385
26329|0x1bbb969|10|211588602
26329|0x1bbb969|11|423227335
26329|0x5bbb969|12|846570811
26329|0xdbbb969|13|1693156249
26329|0x1dbbb969|14|3045843130
26329|0x1dbbb969|15|5538681786
26329|0x1dbbb969|16|11002652620
26329|0x1dbbb969|17|22436918966
26329|0x1dbbb969|18|44652518586
26329|0x21dbbb969|19|88802108812
26329|0x61dbbb969|20|177157163560
26329|0xe1dbbb969|21|350548438550
26329|0x1e1dbbb969|22|700532258900
26329|0x3e1dbbb969|23|1399976042642
26329|0x3e1dbbb969|24|2798321073696
26509|0x3345|1|320409
26509|0x13345|2|735752
26509|0x33345|3|1512898
26509|0x73345|4|3190258
26509|0xf3345|5|6506385
26509|0xf3345|6|13170601
26509|0xf3345|7|26439914
26509|0xf3345|8|52937743
26509|0xf3345|9|92003154
26509|0xf3345|10|211558986
26509|0x20f3345|11|423445469
26509|0x20f3345|12|715152037
26509|0x20f3345|13|1694145742
26509|0x20f3345|14|2918867015
26509|0x20f3345|15|6775887101
26509|0x420f3345|16|11715472117
26509|0xc20f3345|17|23333530527
26509|0x1c20f3345|18|45172770182
26509|0x1c20f3345|19|87464989528
26509|0x5c20f3345|20|176411994724
26509|0x5c20f3345|21|347261171224
26509|0x5c20f3345|22|699554234542
26509|0x5c20f3345|23|1399089420854
26509|0x45c20f3345|24|2804432347913
27039|0x725f|1|346265
27039|0x725f|2|712412
27039|0x725f|3|1527631
27039|0x725f|4|3224950
27039|0x725f|5|6577487
27039|0x10725f|6|13157607
27039|0x30725f|7|26496526
27039|0x30725f|8|53026497
27039|0x30725f|9|106141529
27039|0x130725f|10|212133703
27039|0x130725f|11|416831800
27039|0x530725f|12|683998717
27039|0xd30725f|13|1494378359
27039|0x1d30725f|14|2934827444
27039|0x1d30725f|15|5928838576
27039|0x1d30725f|16|11613539238
27039|0x1d30725f|17|22122285120
27039|0x11d30725f|18|45197294528
27039|0x31d30725f|19|87401202776
27039|0x31d30725f|20|174535210803
27039|0xb1d30725f|21|351013128404
27039|0xb1d30725f|22|699796057190
27039|0x2b1d30725f|23|1397303246097
27039|0x6b1d30725f|24|2811401661279
27221|0x42fd|1|328628
27221|0x142fd|2|713818
27221|0x142fd|3|1551904
27221|0x142fd|4|3252998
27221|0x942fd|5|6580825
27221|0x1942fd|6|13182107
27221|0x3942fd|7|26524693
27221|0x7942fd|8|53071561
27221|0x7942fd|9|106120252
27221|0x7942fd|10|212266381
27221|0x27942fd|11|424553386
27221|0x27942fd|12|849255309
27221|0xa7942fd|13|1402596547
27221|0x1a7942fd|14|2725673080
27221|0x1a7942fd|15|5437568138
27221|0x1a7942fd|16|10905206874
27221|0x1a7942fd|17|21792274091
27221|0x11a7942fd|18|43591847957
27221|0x11a7942fd|19|87306725244
27221|0x51a7942fd|20|175423418096
27221|0xd1a7942fd|21|349246889064
27221|0x1d1a7942fd|22|698386745172
27221|0x3d1a7942fd|23|1397168411110
27221|0x7d1a7942fd|24|2800190624824
27401|0x9339|1|329343
27401|0x9339|2|716452
27401|0x29339|3|1555486
27401|0x29339|4|3214900
27401|0x29339|5|6621562
27401|0x29339|6|13230157
27401|0x229339|7|26497080
27401|0x629339|8|53091748
27401|0x629339|9|106179947
27401|0x1629339|10|212401511
27401|0x1629339|11|424868250
27401|0x1629339|12|762512662
27401|0x1629339|13|1365221746
27401|0x1629339|14|2729611068
27401|0x1629339|15|6327202396
27401|0x41629339|16|13577821228
27401|0xc1629339|17|21679248256
27401|0x1c1629339|18|47682867894
27401|0x1c1629339|19|86548917810
27401|0x5c1629339|20|175161484191
27401|0xdc1629339|21|349607791929
27401|0x1dc1629339|22|698008629927
27401|0x3dc1629339|23|1396393457978
27401|0x3dc1629339|24|2797460156679
27583|0x843f|1|329784
27583|0x1843f|2|716871
27583|0x1843f|3|1539575
27583|0x1843f|4|2920449
27583|0x9843f|5|6619699
27583|0x9843f|6|13296071
27583|0x29843f|7|26683716
27583|0x69843f|8|53144894
27583|0x69843f|9|106219259
27583|0x169843f|10|212517496
27583|0x169843f|11|425084544
27583|0x169843f|12|850081942
27583|0x969843f|13|1463428314
27583|0x969843f|14|2709854529
27583|0x2969843f|15|5630313162
27583|0x2969843f|16|10824989252
27583|0x2969843f|17|23538810841
27583|0x2969843f|18|49420208759
27583|0x22969843f|19|87480430510
27583|0x62969843f|20|176495497696
27583|0xe2969843f|21|349785927795
27583|0xe2969843f|22|697698143477
27583|0x2e2969843f|23|1396838995478
27583|0x6e2969843f|24|2800010211367
28141|0xf7e5|1|330452
28141|0xf7e5|2|721612
28141|0x2f7e5|3|1551165
28141|0x6f7e5|4|3289422
28141|0x6f7e5|5|6602055
28141|0x6f7e5|6|13254219
28141|0x6f7e5|7|26542070
28141|0x6f7e5|8|53249142
28141|0x6f7e5|9|106557841
28141|0x6f7e5|10|212938280
28141|0x206f7e5|11|425917127
28141|0x206f7e5|12|851792880
28141|0xa06f7e5|13|1703880711
28141|0xa06f7e5|14|3407669741
28141|0xa06f7e5|15|6816737045
28141|0x4a06f7e5|16|11350574364
28141|0xca06f7e5|17|22419093273
28141|0xca06f7e5|18|45034923756
28141|0xca06f7e5|19|102471282213
28141|0xca06f7e5|20|178371122128
28141|0xca06f7e5|21|349211402151
28141|0xca06f7e5|22|696411138901
28141|0xca06f7e5|23|1399579706500
28141|0x40ca06f7e5|24|2788678600856
28323|0xb50b|1|332004
28323|0xb50b|2|723577
28323|0x2b50b|3|1555604
28323|0x6b50b|4|3285928
28323|0x6b50b|5|6593575
28323|0x16b50b|6|13309774
28323|0x16b50b|7|26639930
28323|0x56b50b|8|53280381
28323|0x56b50b|9|106542082
28323|0x156b50b|10|213223005
28323|0x156b50b|11|409017475
28323|0x556b50b|12|746581809
28323|0xd56b50b|13|1705153865
28323|0xd56b50b|14|3410056248
28323|0xd56b50b|15|5673297884
28323|0x4d56b50b|16|10984969045
28323|0xcd56b50b|17|21667217083
28323|0xcd56b50b|18|43935353025
28323|0x2cd56b50b|19|86860618134
28323|0x6cd56b50b|20|175946858088
28323|0x6cd56b50b|21|348214893406
28323|0x16cd56b50b|22|697106440836
28323|0x16cd56b50b|23|1398115200876
28323|0x56cd56b50b|24|2791869660337
28509|0x5cf5|1|332361
28509|0x5cf5|2|745449
28509|0x5cf5|3|1555474
28509|0x5cf5|4|3285930
28509|0x5cf5|5|6595126
28509|0x105cf5|6|13259523
28509|0x105cf5|7|26561748
28509|0x505cf5|8|53331889
28509|0xd05cf5|9|106633574
28509|0xd05cf5|10|213261554
28509|0xd05cf5|11|426543452
28509|0x4d05cf5|12|853252476
28509|0xcd05cf5|13|1706405005
28509|0xcd05cf5|14|3413095307
28509|0xcd05cf5|15|5410628081
28509|0xcd05cf5|16|13652634704
28509|0xcd05cf5|17|24393768386
28509|0x10cd05cf5|18|46948387133
28509|0x10cd05cf5|19|90782431017
28509|0x10cd05cf5|20|174921234432
28509|0x10cd05cf5|21|353667664061
28509|0x110cd05cf5|22|698482177428
28509|0x110cd05cf5|23|1395061874568
28509|0x510cd05cf5|24|2790764641622
29049|0x28c9|1|334131
29049|0x28c9|2|729212
29049|0x28c9|3|1593761
29049|0x428c9|4|3308773
29049|0xc28c9|5|6647041
29049|0xc28c9|6|13350418
29049|0xc28c9|7|26655150
29049|0x4c28c9|8|53434068
29049|0x4c28c9|9|106803131
29049|0x4c28c9|10|213638434
29049|0x24c28c9|11|427434583
29049|0x64c28c9|12|854819572
29049|0xe4c28c9|13|1709684772
29049|0xe4c28c9|14|3419379764
29049|0x2e4c28c9|15|6840200679
29049|0x2e4c28c9|16|10826958463
29049|0xae4c28c9|17|27357295227
29049|0xae4c28c9|18|54512325672
29049|0x2ae4c28c9|19|87012985246
29049|0x6ae4c28c9|20|175153228627
29049|0xeae4c28c9|21|347736902901
29049|0xeae4c28c9|22|695576508294
29049|0x2eae4c28c9|23|1394623527245
29049|0x2eae4c28c9|24|2783918741909
29233|0xa6d1|1|334433
29233|0x1a6d1|2|753746
29233|0x3a6d1|3|1574269
29233|0x7a6d1|4|3203541
29233|0x7a6d1|5|6538008
29233|0x7a6d1|6|13262407
29233|0x7a6d1|7|26611775
29233|0x47a6d1|8|53409578
29233|0x47a6d1|9|106750740
29233|0x47a6d1|10|213768660
29233|0x247a6d1|11|427521371
29233|0x247a6d1|12|855264448
29233|0xa47a6d1|13|1710729500
29233|0xa47a6d1|14|3421208098
29233|0x2a47a6d1|15|5583854906
29233|0x2a47a6d1|16|11343432627
29233|0x2a47a6d1|17|21724557187
29233|0x2a47a6d1|18|43656843609
29233|0x2a47a6d1|19|86568118773
29233|0x42a47a6d1|20|174243866898
29233|0x42a47a6d1|21|348365880386
29233|0x42a47a6d1|22|699083563797
29233|0x242a47a6d1|23|1393765031187
29233|0x642a47a6d1|24|2784406612250
29413|0xfaed|1|334873
29413|0xfaed|2|732574
29413|0x2faed|3|1608180
29413|0x2faed|4|3220165
29413|0xafaed|5|6581590
29413|0x1afaed|6|13359572
29413|0x3afaed|7|26741430
29413|0x3afaed|8|53442904
29413|0xbafaed|9|106901530
29413|0x1bafaed|10|199315233
29413|0x1bafaed|11|400440803
29413|0x1bafaed|12|855947914
29413|0x1bafaed|13|1711777454
29413|0x11bafaed|14|3053950537
29413|0x31bafaed|15|6846107623
29413|0x71bafaed|16|10979319249
29413|0x71bafaed|17|21768266071
29413|0x171bafaed|18|54772274138
29413|0x171bafaed|19|88139908139
29413|0x171bafaed|20|173664786255
29413|0x171bafaed|21|351751908427
29413|0x1171bafaed|22|696081088155
29413|0x1171bafaed|23|1392226868584
29413|0x5171bafaed|24|2786004427062
29585|0xad71|1|335381
29585|0xad71|2|734046
29585|0xad71|3|1584301
29585|0x4ad71|4|3222104
29585|0x4ad71|5|6590768
29585|0x14ad71|6|13313793
29585|0x34ad71|7|26643356
29585|0x74ad71|8|53425155
29585|0x74ad71|9|106984968
29585|0x74ad71|10|214109717
29585|0x74ad71|11|428051679
29585|0x474ad71|12|856297127
29585|0x474ad71|13|1712357973
29585|0x1474ad71|14|2826234174
29585|0x1474ad71|15|5389191632
29585|0x1474ad71|16|10969864992
29585|0x1474ad71|17|27403660153
29585|0x1474ad71|18|46321380215
29585|0x1474ad71|19|87838045053
29585|0x41474ad71|20|174335838316
29585|0x41474ad71|21|350511685649
29585|0x41474ad71|22|694323637054
29585|0x41474ad71|23|1391715028742
29585|0x41474ad71|24|2794600408234
30129|0xb351|1|336182
30129|0xb351|2|767569
30129|0xb351|3|1596908
30129|0xb351|4|3236302
30129|0xb351|5|6612245
30129|0x10b351|6|13306887
30129|0x10b351|7|26740260
30129|0x10b351|8|53599013
30129|0x90b351|9|107134236
30129|0x90b351|10|214263285
30129|0x290b351|11|428902188
30129|0x290b351|12|857693624
30129|0xa90b351|13|1715294721
30129|0x1a90b351|14|3430662970
30129|0x1a90b351|15|6862216272
30129|0x1a90b351|16|12519561340
30129|0x9a90b351|17|22042193479
30129|0x19a90b351|18|54876928528
30129|0x19a90b351|19|86991630614
30129|0x19a90b351|20|173247855886
30129|0x19a90b351|21|347835481278
30129|0x19a90b351|22|693844632886
30129|0x19a90b351|23|1391618102821
30129|0x419a90b351|24|2778555885729
30315|0x8643|1|337504
30315|0x18643|2|741048
30315|0x38643|3|1616936
30315|0x78643|4|3248209
30315|0xf8643|5|6632239
30315|0xf8643|6|13339927
30315|0x2f8643|7|26806312
30315|0x6f8643|8|53596292
30315|0xef8643|9|107167751
30315|0xef8643|10|214557318
30315|0xef8643|11|429275242
30315|0x4ef8643|12|858187893
30315|0xcef8643|13|1716515300
30315|0x1cef8643|14|3290325967
30315|0x1cef8643|15|6866827128
30315|0x1cef8643|16|13734621159
30315|0x9cef8643|17|23358909356
30315|0x9cef8643|18|43918664408
30315|0x9cef8643|19|96392970147
30315|0x9cef8643|20|191172098760
30315|0x89cef8643|21|351528484330
30315|0x189cef8643|22|693632787699
30315|0x389cef8643|23|1397723674081
30315|0x389cef8643|24|2781694159919
30491|0xb13|1|338659
30491|0x10b13|2|741497
30491|0x30b13|3|1601634
30491|0x30b13|4|3265345
30491|0xb0b13|5|6685203
30491|0x1b0b13|6|13330015
30491|0x1b0b13|7|26705507
30491|0x1b0b13|8|53597200
30491|0x1b0b13|9|107327306
30491|0x11b0b13|10|214647700
30491|0x11b0b13|11|429293526
30491|0x11b0b13|12|677701897
30491|0x11b0b13|13|1717598957
30491|0x111b0b13|14|3435235587
30491|0x311b0b13|15|5879712090
30491|0x711b0b13|16|11067406142
30491|0xf11b0b13|17|21813146230
30491|0x1f11b0b13|18|47139363481
30491|0x1f11b0b13|19|92809549354
30491|0x1f11b0b13|20|177551142566
30491|0x9f11b0b13|21|353972612208
30491|0x9f11b0b13|22|693237024869
30491|0x29f11b0b13|23|1392893361476
30491|0x29f11b0b13|24|2776882470197
30671|0x2f2f|1|334374
30671|0x12f2f|2|743644
30671|0x12f2f|3|1623471
30671|0x52f2f|4|3255075
30671|0x52f2f|5|6666149
30671|0x52f2f|6|13431546
30671|0x252f2f|7|26785093
30671|0x252f2f|8|53644854
30671|0x252f2f|9|107331659
30671|0x1252f2f|10|214825183
30671|0x3252f2f|11|429690742
30671|0x7252f2f|12|756003918
30671|0x7252f2f|13|1365245723
30671|0x17252f2f|14|3437441715
30671|0x17252f2f|15|5960042024
30671|0x17252f2f|16|11135046373
30671|0x17252f2f|17|22196566261
30671|0x117252f2f|18|47009185579
30671|0x117252f2f|19|90777744245
30671|0x517252f2f|20|173321322260
30671|0x517252f2f|21|346624674236
30671|0x517252f2f|22|694187557769
30671|0x2517252f2f|23|1405998250809
30671|0x6517252f2f|24|2915368245794
31211|0xe6c3|1|337466
31211|0xe6c3|2|747943
31211|0x2e6c3|3|1645090
31211|0x6e6c3|4|3290447
31211|0xee6c3|5|6585010
31211|0xee6c3|6|13372689
31211|0xee6c3|7|26907378
31211|0x4ee6c3|8|53776456
31211|0xcee6c3|9|107498187
31211|0x1cee6c3|10|215153503
31211|0x1cee6c3|11|430509851
31211|0x5cee6c3|12|737737738
31211|0x5cee6c3|13|1685958364
31211|0x5cee6c3|14|2939524407
31211|0x25cee6c3|15|6889444541
31211|0x25cee6c3|16|13777712702
31211|0xa5cee6c3|17|27556651786
31211|0x1a5cee6c3|18|51986376877
31211|0x3a5cee6c3|19|88582400180
31211|0x3a5cee6c3|20|185410798078
31211|0xba5cee6c3|21|370127028555
31211|0x1ba5cee6c3|22|726837249364
31211|0x1ba5cee6c3|23|1431424225196
31211|0x5ba5cee6c3|24|2771926359799
31395|0x90b|1|337068
31395|0x1090b|2|749874
31395|0x1090b|3|1620882
31395|0x1090b|4|3296934
31395|0x9090b|5|6616389
31395|0x19090b|6|13418927
31395|0x19090b|7|26791830
31395|0x59090b|8|53756068
31395|0x59090b|9|107626298
31395|0x159090b|10|223069753
31395|0x359090b|11|430694119
31395|0x359090b|12|861712622
31395|0x359090b|13|1520198286
31395|0x1359090b|14|3446551639
31395|0x1359090b|15|5962021427
31395|0x5359090b|16|10946744337
31395|0xd359090b|17|25641000237
31395|0x1d359090b|18|47544539823
31395|0x3d359090b|19|86825921673
31395|0x3d359090b|20|173173546470
31395|0xbd359090b|21|347064149347
31395|0xbd359090b|22|696705117284
31395|0xbd359090b|23|1395304093294
31395|0x4bd359090b|24|2770041195041
31571|0x80db|1|337295
31571|0x180db|2|751397
31571|0x380db|3|1663953
31571|0x780db|4|3282302
31571|0xf80db|5|6645744
31571|0x1f80db|6|13410292
31571|0x3f80db|7|26904426
31571|0x3f80db|8|53768437
31571|0xbf80db|9|107619802
31571|0x1bf80db|10|215434965
31571|0x1bf80db|11|430913657
31571|0x5bf80db|12|862099266
31571|0x5bf80db|13|1724289614
31571|0x5bf80db|14|3448474094
31571|0x25bf80db|15|6897464599
31571|0x65bf80db|16|11200151417
31571|0x65bf80db|17|22282606486
31571|0x65bf80db|18|55178404194
31571|0x65bf80db|19|90898515634
31571|0x465bf80db|20|174714673684
31571|0x465bf80db|21|348789397145
31571|0x1465bf80db|22|694258049586
31571|0x1465bf80db|23|1386181991257
31571|0x1465bf80db|24|2771226945548
32091|0x6ad3|1|342478
32091|0x16ad3|2|755627
32091|0x36ad3|3|1650436
32091|0x36ad3|4|3307514
32091|0x36ad3|5|6678694
32091|0x36ad3|6|13380965
32091|0x236ad3|7|26926555
32091|0x636ad3|8|53915941
32091|0xe36ad3|9|107858732
32091|0xe36ad3|10|215765693
32091|0xe36ad3|11|431818291
32091|0x4e36ad3|12|863575055
32091|0xce36ad3|13|1727212397
32091|0xce36ad3|14|2707537617
32091|0x2ce36ad3|15|6910170569
32091|0x2ce36ad3|16|13818648832
32091|0x2ce36ad3|17|22454256763
32091|0x12ce36ad3|18|43292362671
32091|0x32ce36ad3|19|86227666573
32091|0x72ce36ad3|20|182412771049
32091|0xf2ce36ad3|21|346436198490
32091|0x1f2ce36ad3|22|691555808152
32091|0x1f2ce36ad3|23|1391516117960
32091|0x1f2ce36ad3|24|2784788596303
32275|0xfc1b|1|342709
32275|0xfc1b|2|792185
32275|0xfc1b|3|1637658
32275|0xfc1b|4|3361575
32275|0x8fc1b|5|6766128
32275|0x8fc1b|6|13470211
32275|0x8fc1b|7|26949808
32275|0x48fc1b|8|53836157
32275|0xc8fc1b|9|107841852
32275|0x1c8fc1b|10|215900927
32275|0x3c8fc1b|11|431952100
32275|0x7c8fc1b|12|864068920
32275|0x7c8fc1b|13|1728652626
32275|0x7c8fc1b|14|3456811191
32275|0x7c8fc1b|15|6913745731
32275|0x7c8fc1b|16|13828116322
32275|0x87c8fc1b|17|21609063028
32275|0x187c8fc1b|18|47363217184
32275|0x387c8fc1b|19|93753664863
32275|0x387c8fc1b|20|174082795735
32275|0xb87c8fc1b|21|347172850993
32275|0x1b87c8fc1b|22|692492815617
32275|0x3b87c8fc1b|23|1387212695097
32275|0x7b87c8fc1b|24|2761860579676
32455|0xe2f7|1|343236
32455|0xe2f7|2|758359
32455|0x2e2f7|3|1668640
32455|0x6e2f7|4|3324694
32455|0x6e2f7|5|6723647
32455|0x16e2f7|6|13463768
32455|0x16e2f7|7|26941018
32455|0x16e2f7|8|43342171
32455|0x96e2f7|9|108066816
32455|0x196e2f7|10|216041331
32455|0x196e2f7|11|432102922
32455|0x196e2f7|12|862834640
32455|0x196e2f7|13|1672754586
32455|0x196e2f7|14|3458670861
32455|0x196e2f7|15|6401202915
32455|0x196e2f7|16|11136620477
32455|0x8196e2f7|17|23735627777
32455|0x18196e2f7|18|47859938974
32455|0x18196e2f7|19|89158544279
32455|0x58196e2f7|20|172620732197
32455|0x58196e2f7|21|346967697969
32455|0x158196e2f7|22|691593560297
32455|0x158196e2f7|23|1382964165882
32455|0x158196e2f7|24|2763125010835
32633|0xbac9|1|343492
32633|0xbac9|2|759984
32633|0x2bac9|3|1648867
32633|0x6bac9|4|3356818
32633|0xebac9|5|6730840
32633|0xebac9|6|13481430
32633|0x2ebac9|7|27018177
32633|0x6ebac9|8|54018395
32633|0x6ebac9|9|108126497
32633|0x16ebac9|10|216331749
32633|0x16ebac9|11|408790266
32633|0x56ebac9|12|816747258
32633|0x56ebac9|13|1730564596
32633|0x56ebac9|14|3460106746
32633|0x56ebac9|15|6922781448
32633|0x56ebac9|16|11933169517
32633|0x856ebac9|17|22247145955
32633|0x1856ebac9|18|43222977245
32633|0x3856ebac9|19|88598106660
32633|0x7856ebac9|20|173185600659
32633|0x7856ebac9|21|347619779127
32633|0x7856ebac9|22|694243754216
32633|0x7856ebac9|23|1386513541655
32633|0x47856ebac9|24|2769707207738
33019|0x18a33|1|579193
33019|0x18a33|2|1400503
33019|0x58a33|3|3046170
33019|0xd8a33|4|6240634
33019|0xd8a33|5|12658156
33019|0x2d8a33|6|25497024
33019|0x6d8a33|7|51128482
33019|0xed8a33|8|102177401
33019|0xed8a33|9|204359000
33019|0x2ed8a33|10|408807763
33019|0x6ed8a33|11|817836316
33019|0x6ed8a33|12|1635470259
33019|0x16ed8a33|13|3005123876
33019|0x16ed8a33|14|6541425418
33019|0x56ed8a33|15|13086945925
33019|0x56ed8a33|16|26170408576
33019|0x56ed8a33|17|52333913847
33019|0x56ed8a33|18|90149855202
33019|0x456ed8a33|19|179989319126
33019|0xc56ed8a33|20|357108947717
33019|0x1c56ed8a33|21|715406674177
33019|0x1c56ed8a33|22|1431008458428
33019|0x5c56ed8a33|23|2858868048345
33019|0x5c56ed8a33|24|5716476815086
33189|0x7e2d|1|580065
33189|0x27e2d|2|1401697
33189|0x27e2d|3|3023303
33189|0x27e2d|4|6252617
33189|0x127e2d|5|12677608
33189|0x127e2d|6|25543270
33189|0x127e2d|7|51059281
33189|0x927e2d|8|102109619
33189|0x927e2d|9|204403098
33189|0x927e2d|10|409006399
33189|0x927e2d|11|818117412
33189|0x927e2d|12|1636533445
33189|0x10927e2d|13|3272703590
33189|0x10927e2d|14|6545956971
33189|0x10927e2d|15|11682814426
33189|0x90927e2d|16|26182006075
33189|0x190927e2d|17|53429681764
33189|0x190927e2d|18|93523885821
33189|0x590927e2d|19|182821708850
33189|0x590927e2d|20|357087944713
33189|0x1590927e2d|21|713794854890
33189|0x1590927e2d|22|1437630423443
33189|0x5590927e2d|23|2858481277040
33189|0x5590927e2d|24|5712479569266
33399|0x1f747|1|580077
33399|0x1f747|2|1400381
33399|0x5f747|3|3030361
33399|0xdf747|4|6294132
33399|0x1df747|5|12691695
33399|0x1df747|6|25431771
33399|0x1df747|7|49757368
33399|0x9df747|8|102248079
33399|0x19df747|9|204526876
33399|0x19df747|10|409128080
33399|0x19df747|11|818463077
33399|0x99df747|12|1636810339
33399|0x199df747|13|3273635820
33399|0x399df747|14|6546091843
33399|0x399df747|15|13093479096
33399|0x399df747|16|21641249836
33399|0x1399df747|17|45226664239
33399|0x1399df747|18|98126251665
33399|0x5399df747|19|183723963219
33399|0x5399df747|20|363157336583
33399|0x15399df747|21|722118598471
33399|0x35399df747|22|1435718575758
33399|0x35399df747|23|2858386541784
33399|0x35399df747|24|5711896882418
33553|0xcdf1|1|580839
33553|0xcdf1|2|1393735
33553|0xcdf1|3|3051404
33553|0xcdf1|4|6258276
33553|0x10cdf1|5|12714233
33553|0x10cdf1|6|25450216
33553|0x10cdf1|7|51071709
33553|0x90cdf1|8|102134597
33553|0x190cdf1|9|204321008
33553|0x190cdf1|10|398027296
33553|0x590cdf1|11|817508538
33553|0xd90cdf1|12|1634689999
33553|0xd90cdf1|13|3268906672
33553|0xd90cdf1|14|6538477171
33553|0xd90cdf1|15|11476178758
33553|0xd90cdf1|16|24763937059
33553|0xd90cdf1|17|50884582947
33553|0x20d90cdf1|18|90315690073
33553|0x60d90cdf1|19|183297761413
33553|0xe0d90cdf1|20|356149559396
33553|0xe0d90cdf1|21|753759960672
33553|0x2e0d90cdf1|22|1431575226388
33553|0x2e0d90cdf1|23|2850372539510
33553|0x2e0d90cdf1|24|4236908795651
33731|0x4eb|1|368590
33731|0x4eb|2|851612
33731|0x4eb|3|1766130
33731|0x804eb|4|4004345
33731|0x804eb|5|7737801
33731|0x2804eb|6|15587503
33731|0x2804eb|7|31378058
33731|0x2804eb|8|62680709
33731|0x12804eb|9|125383515
33731|0x12804eb|10|250644028
33731|0x52804eb|11|501647149
33731|0xd2804eb|12|1003521502
33731|0xd2804eb|13|1962551862
33731|0xd2804eb|14|4016183111
33731|0xd2804eb|15|8031125409
33731|0x8d2804eb|16|15038502057
33731|0x18d2804eb|17|27866802817
33731|0x38d2804eb|18|58526147130
33731|0x38d2804eb|19|112365173952
33731|0x38d2804eb|20|219462749651
33731|0x138d2804eb|21|442413512802
33731|0x338d2804eb|22|888858362230
33731|0x338d2804eb|23|1766867947306
33731|0xb38d2804eb|24|3507430679130
34051|0xdab|1|326225
34051|0x20dab|2|776456
34051|0x20dab|3|1933926
34051|0x20dab|4|3892753
34051|0x20dab|5|7735444
34051|0x220dab|6|15549683
34051|0x220dab|7|31411772
34051|0xa20dab|8|62582993
34051|0x1a20dab|9|125458854
34051|0x3a20dab|10|251049869
34051|0x7a20dab|11|501773983
34051|0xfa20dab|12|1004170814
34051|0xfa20dab|13|2009684469
34051|0x2fa20dab|14|4017841548
34051|0x6fa20dab|15|7980842545
34051|0xefa20dab|16|15213789176
34051|0xefa20dab|17|28408169376
34051|0x2efa20dab|18|54977776309
34051|0x2efa20dab|19|108892086596
34051|0xaefa20dab|20|220685687651
34051|0xaefa20dab|21|440843202130
34051|0x2aefa20dab|22|885969597263
34051|0x2aefa20dab|23|1753067583741
34051|0x2aefa20dab|24|3498483553635
34161|0x19b91|1|370997
34161|0x19b91|2|882990
34161|0x19b91|3|1849401
34161|0x99b91|4|3908936
34161|0x199b91|5|7853861
34161|0x399b91|6|15664397
34161|0x799b91|7|31476889
34161|0xf99b91|8|62931081
34161|0xf99b91|9|125996156
34161|0xf99b91|10|252722616
34161|0x4f99b91|11|505310352
34161|0x4f99b91|12|1005204649
34161|0x4f99b91|13|2020952092
34161|0x24f99b91|14|4028378447
34161|0x24f99b91|15|6761796471
34161|0x24f99b91|16|13571878719
34161|0x24f99b91|17|27514333708
34161|0x224f99b91|18|55193060582
34161|0x224f99b91|19|110749627876
34161|0xa24f99b91|20|221285386529
34161|0x1a24f99b91|21|438830480258
34161|0x1a24f99b91|22|886957693711
34161|0x5a24f99b91|23|1760249796731
34161|0x5a24f99b91|24|3500070667499
34271|0x1761f|1|371070
34271|0x1761f|2|875597
34271|0x5761f|3|1779155
34271|0x5761f|4|4026147
34271|0x5761f|5|7599781
34271|0x25761f|6|15733951
34271|0x25761f|7|31304615
34271|0x25761f|8|62687634
34271|0x125761f|9|125576718
34271|0x325761f|10|251018167
34271|0x725761f|11|532034454
34271|0x725761f|12|1004045382
34271|0x1725761f|13|2009151995
34271|0x3725761f|14|3308358578
34271|0x3725761f|15|8062954520
34271|0xb725761f|16|13945936101
34271|0xb725761f|17|27806592963
34271|0x2b725761f|18|55882456308
34271|0x6b725761f|19|108922680728
34271|0x6b725761f|20|224411828626
34271|0x6b725761f|21|439571030749
34271|0x6b725761f|22|884733875778
34271|0x6b725761f|23|1755826995366
34271|0x6b725761f|24|3500420055585
34381|0x2285|1|324256
34381|0x2285|2|778575
34381|0x42285|3|1935973
34381|0x42285|4|3925263
34381|0x142285|5|7695765
34381|0x342285|6|15654096
34381|0x742285|7|31306507
34381|0x742285|8|62663474
34381|0x1742285|9|125242031
34381|0x3742285|10|251153167
34381|0x7742285|11|502013911
34381|0xf742285|12|1004675032
34381|0x1f742285|13|1752519353
34381|0x1f742285|14|3363207527
34381|0x5f742285|15|6650274282
34381|0xdf742285|16|13432145208
34381|0xdf742285|17|28267164756
34381|0x2df742285|18|56026456211
34381|0x6df742285|19|113870239555
34381|0xedf742285|20|225688562404
34381|0x1edf742285|21|438027247875
34381|0x1edf742285|22|883900884010
34381|0x5edf742285|23|1756786294258
34381|0xdedf742285|24|3499499681336
34493|0x12495|1|371073
34493|0x32495|2|902126
34493|0x32495|3|1806577
34493|0xb2495|4|3956539
34493|0xb2495|5|7884495
34493|0x2b2495|6|15713491
34493|0x2b2495|7|31616751
34493|0x2b2495|8|63402629
34493|0x12b2495|9|126602612
34493|0x32b2495|10|252861741
34493|0x72b2495|11|506105849
34493|0x72b2495|12|947759517
34493|0x72b2495|13|1863268401
34493|0x272b2495|14|3440588940
34493|0x272b2495|15|8065519491
34493|0xa72b2495|16|13423184966
34493|0xa72b2495|17|27627290118
34493|0xa72b2495|18|55865774096
34493|0x4a72b2495|19|108928501321
34493|0x4a72b2495|20|221473845893
34493|0x14a72b2495|21|438679545821
34493|0x14a72b2495|22|885966973162
34493|0x54a72b2495|23|1755040888394
34493|0x54a72b2495|24|3499333640587
34607|0x1fcf|1|333564
34607|0x1fcf|2|910227
34607|0x41fcf|3|1954003
34607|0xc1fcf|4|3889966
34607|0xc1fcf|5|7868319
34607|0xc1fcf|6|15830321
34607|0xc1fcf|7|31781960
34607|0xc1fcf|8|63371476
34607|0x10c1fcf|9|126330766
34607|0x30c1fcf|10|253275282
34607|0x70c1fcf|11|505844925
34607|0x70c1fcf|12|957920334
34607|0x170c1fcf|13|1727271373
34607|0x370c1fcf|14|4057713099
34607|0x370c1fcf|15|8101683683
34607|0xb70c1fcf|16|13694934613
34607|0x1b70c1fcf|17|27609868729
34607|0x1b70c1fcf|18|56281896859
34607|0x1b70c1fcf|19|112490171491
34607|0x9b70c1fcf|20|219719260769
34607|0x19b70c1fcf|21|440692305771
34607|0x19b70c1fcf|22|885306830624
34607|0x59b70c1fcf|23|1761876280582
34607|0x59b70c1fcf|24|3503416185489
34719|0xd45f|1|371786
34719|0x2d45f|2|909610
34719|0x2d45f|3|1961236
34719|0x2d45f|4|3812875
34719|0x2d45f|5|7905951
34719|0x2d45f|6|15831136
34719|0x42d45f|7|31420575
34719|0xc2d45f|8|63238474
34719|0x1c2d45f|9|126399066
34719|0x3c2d45f|10|253397456
34719|0x7c2d45f|11|506632359
34719|0x7c2d45f|12|1012384105
34719|0x17c2d45f|13|2025800034
34719|0x17c2d45f|14|3800475633
34719|0x17c2d45f|15|7076232241
34719|0x97c2d45f|16|14625578469
34719|0x97c2d45f|17|27493698057
34719|0x297c2d45f|18|55578891477
34719|0x697c2d45f|19|112533984878
34719|0x697c2d45f|20|219088117046
34719|0x697c2d45f|21|438805505125
34719|0x2697c2d45f|22|887230488365
34719|0x2697c2d45f|23|1757667101762
34719|0x2697c2d45f|24|3499574671301
35035|0x3353|1|374589
35035|0x3353|2|890212
35035|0x3353|3|1961441
35035|0x3353|4|3736244
35035|0x103353|5|7851487
35035|0x303353|6|15779978
35035|0x303353|7|31421678
35035|0xb03353|8|63181099
35035|0xb03353|9|126497120
35035|0x2b03353|10|253419015
35035|0x2b03353|11|506457702
35035|0xab03353|12|1012794217
35035|0xab03353|13|2025816795
35035|0xab03353|14|3843455058
35035|0x4ab03353|15|7579278233
35035|0xcab03353|16|15070082191
35035|0x1cab03353|17|30368451440
35035|0x3cab03353|18|55920769364
35035|0x7cab03353|19|115268808360
35035|0xfcab03353|20|223049298155
35035|0x1fcab03353|21|441043639608
35035|0x3fcab03353|22|887166911964
35035|0x7fcab03353|23|1767848521952
35035|0x7fcab03353|24|3496068087034
35149|0x1d785|1|370808
35149|0x1d785|2|784162
35149|0x5d785|3|1870033
35149|0xdd785|4|3968032
35149|0xdd785|5|7770439
35149|0xdd785|6|15665273
35149|0xdd785|7|31755420
35149|0x8dd785|8|63265590
35149|0x18dd785|9|126655431
35149|0x18dd785|10|253191499
35149|0x18dd785|11|506764893
35149|0x18dd785|12|949509540
35149|0x18dd785|13|2027482007
35149|0x218dd785|14|3512397597
35149|0x218dd785|15|6769740755
35149|0x218dd785|16|13334686930
35149|0x1218dd785|17|28649245546
35149|0x1218dd785|18|60514873353
35149|0x5218dd785|19|122728179876
35149|0x5218dd785|20|219155841529
35149|0x5218dd785|21|439011056157
35149|0x5218dd785|22|885112180378
35149|0x5218dd785|23|1760664474714
35149|0x85218dd785|24|3495224200107
35263|0x663f|1|372665
35263|0x663f|2|889919
35263|0x4663f|3|1970062
35263|0x4663f|4|3792791
35263|0x4663f|5|7875919
35263|0x4663f|6|15894501
35263|0x4663f|7|31508264
35263|0x4663f|8|63240575
35263|0x4663f|9|126844219
35263|0x204663f|10|252476437
35263|0x604663f|11|504390408
35263|0xe04663f|12|1009393431
35263|0x1e04663f|13|1934705009
35263|0x1e04663f|14|3504341677
35263|0x5e04663f|15|6900133075
35263|0xde04663f|16|13896081888
35263|0xde04663f|17|29402491316
35263|0x2de04663f|18|54810153834
35263|0x6de04663f|19|127610616516
35263|0x6de04663f|20|224294002226
35263|0x16de04663f|21|438782140713
35263|0x36de04663f|22|884966618686
35263|0x76de04663f|23|1760334895874
35263|0xf6de04663f|24|3495358034332
35371|0x1e483|1|370535
35371|0x1e483|2|892976
35371|0x1e483|3|1985824
35371|0x1e483|4|3777826
35371|0x1e483|5|7878812
35371|0x1e483|6|15888017
35371|0x1e483|7|31502654
35371|0x81e483|8|63266528
35371|0x181e483|9|126478581
35371|0x381e483|10|252933259
35371|0x781e483|11|506168747
35371|0xf81e483|12|1009413347
35371|0xf81e483|13|2010212129
35371|0x2f81e483|14|4020233838
35371|0x2f81e483|15|8042303145
35371|0x2f81e483|16|16084892660
35371|0x2f81e483|17|32167924693
35371|0x2f81e483|18|53301413564
35371|0x42f81e483|19|110410727819
35371|0x42f81e483|20|219065329729
35371|0x142f81e483|21|440737770643
35371|0x142f81e483|22|883750996062
35371|0x142f81e483|23|1761460285602
35371|0x142f81e483|24|3504486354336
35481|0x29a9|1|373184
35481|0x229a9|2|891218
35481|0x229a9|3|1803048
35481|0x229a9|4|3958556
35481|0x229a9|5|7813955
35481|0x229a9|6|15513402
35481|0x4229a9|7|31429374
35481|0x4229a9|8|62891974
35481|0x4229a9|9|125759161
35481|0x24229a9|10|251480222
35481|0x64229a9|11|503075967
35481|0xe4229a9|12|1006407687
35481|0x1e4229a9|13|2012767727
35481|0x1e4229a9|14|3476851075
35481|0x5e4229a9|15|6841027305
35481|0x5e4229a9|16|16104897558
35481|0x5e4229a9|17|28522441979
35481|0x5e4229a9|18|56632088720
35481|0x5e4229a9|19|107591251738
35481|0x85e4229a9|20|219128069225
35481|0x185e4229a9|21|438996325175
35481|0x385e4229a9|22|885301671440
35481|0x385e4229a9|23|1757087750861
35481|0xb85e4229a9|24|3496534656757
35589|0x189cd|1|328360
35589|0x389cd|2|787558
35589|0x789cd|3|1952298
35589|0xf89cd|4|3889371
35589|0xf89cd|5|7734626
35589|0x2f89cd|6|15716515
35589|0x6f89cd|7|31401472
35589|0x6f89cd|8|62996635
35589|0x6f89cd|9|125925434
35589|0x26f89cd|10|251322879
35589|0x66f89cd|11|503111891
35589|0x66f89cd|12|1006925084
35589|0x166f89cd|13|2013948277
35589|0x166f89cd|14|4027273535
35589|0x166f89cd|15|6646579584
35589|0x166f89cd|16|16109246479
35589|0x1166f89cd|17|33642470320
35589|0x1166f89cd|18|57059802815
35589|0x5166f89cd|19|109270731451
35589|0xd166f89cd|20|218768599615
35589|0x1d166f89cd|21|440143630487
35589|0x1d166f89cd|22|884694608560
35589|0x5d166f89cd|23|1770371421220
35589|0x5d166f89cd|24|3496634785178
35711|0x1347f|1|371042
35711|0x3347f|2|830009
35711|0x3347f|3|1859897
35711|0xb347f|4|3980438
35711|0x1b347f|5|7726249
35711|0x1b347f|6|15616690
35711|0x1b347f|7|31412627
35711|0x1b347f|8|62744193
35711|0x11b347f|9|125528961
35711|0x31b347f|10|251687784
35711|0x31b347f|11|503413961
35711|0x31b347f|12|919205433
35711|0x131b347f|13|2013735688
35711|0x131b347f|14|4027662053
35711|0x531b347f|15|6669291087
35711|0x531b347f|16|16108486473
35711|0x1531b347f|17|32667499196
35711|0x1531b347f|18|54905178227
35711|0x1531b347f|19|113672559590
35711|0x9531b347f|20|219117439548
35711|0x9531b347f|21|438589552899
35711|0x9531b347f|22|885537205433
35711|0x49531b347f|23|1757845086457
35711|0xc9531b347f|24|3494082489285
35821|0x189e5|1|370706
35821|0x189e5|2|895114
35821|0x589e5|3|1753761
35821|0x589e5|4|4001016
35821|0x589e5|5|7865865
35821|0x589e5|6|15515674
35821|0x589e5|7|31532294
35821|0x589e5|8|63045430
35821|0x10589e5|9|125762859
35821|0x10589e5|10|251541695
35821|0x50589e5|11|503184526
35821|0xd0589e5|12|1007457331
35821|0x1d0589e5|13|1838823185
35821|0x3d0589e5|14|4028567420
35821|0x3d0589e5|15|8056514823
35821|0xbd0589e5|16|13877355485
35821|0x1bd0589e5|17|29343751413
35821|0x3bd0589e5|18|56417409647
35821|0x3bd0589e5|19|108938626623
35821|0xbbd0589e5|20|219526087230
35821|0xbbd0589e5|21|439234467758
35821|0xbbd0589e5|22|882660472252
35821|0xbbd0589e5|23|1755479143567
35821|0x8bbd0589e5|24|3494170784056
