93|0xf5|1|8412
93|0x1f5|2|5673
93|0x3f5|3|5813
93|0x3f5|4|8644
93|0x3f5|5|14233
93|0x13f5|6|26376
93|0x13f5|7|48313
93|0x53f5|8|92171
93|0xd3f5|9|179836
93|0x1d3f5|10|355845
93|0x3d3f5|11|706796
93|0x7d3f5|12|1409968
93|0xfd3f5|13|2846707
93|0xfd3f5|14|5673659
93|0xfd3f5|15|12365559
93|0x4fd3f5|16|25157405
93|0x4fd3f5|17|50261554
93|0x14fd3f5|18|100257678
93|0x34fd3f5|19|198917475
93|0x74fd3f5|20|399001888
93|0xf4fd3f5|21|987515083
93|0x1f4fd3f5|22|1714186680
93|0x3f4fd3f5|23|3808542383
93|0x3f4fd3f5|24|7379782193
9073|0x3d91|1|96918
9073|0x3d91|2|207533
9073|0x3d91|3|440218
9073|0x23d91|4|885654
9073|0x23d91|5|1773064
9073|0xa3d91|6|3624950
9073|0x1a3d91|7|7261449
9073|0x1a3d91|8|15006498
9073|0x1a3d91|9|31114798
9073|0x1a3d91|10|62454330
9073|0x1a3d91|11|124370125
9073|0x21a3d91|12|248405091
9073|0x61a3d91|13|498972770
9073|0xe1a3d91|14|1004404026
9073|0x1e1a3d91|15|2018362353
9073|0x3e1a3d91|16|3442423345
9073|0x3e1a3d91|17|8084572219
9073|0x3e1a3d91|18|16171272041
9073|0x13e1a3d91|19|29731449102
9073|0x33e1a3d91|20|54981591180
9073|0x73e1a3d91|21|109388968986
9073|0x73e1a3d91|22|220359878083
9073|0x173e1a3d91|23|441892170239
9073|0x173e1a3d91|24|877744826448
9159|0x2df7|1|90785
9159|0xadf7|2|203647
9159|0xadf7|3|466515
9159|0xadf7|4|1025958
9159|0xadf7|5|2023264
9159|0xadf7|6|3855966
9159|0x10adf7|7|7724407
9159|0x10adf7|8|15624719
9159|0x50adf7|9|31311345
9159|0xd0adf7|10|62620412
9159|0xd0adf7|11|123849324
9159|0x2d0adf7|12|247952816
9159|0x2d0adf7|13|497040037
9159|0xad0adf7|14|1001748511
9159|0x1ad0adf7|15|1687842828
9159|0x3ad0adf7|16|3963935585
9159|0x7ad0adf7|17|8094656870
9159|0x7ad0adf7|18|13995313099
9159|0x7ad0adf7|19|32262933418
9159|0x27ad0adf7|20|56160200032
9159|0x27ad0adf7|21|111711731608
9159|0xa7ad0adf7|22|220163894164
9159|0x1a7ad0adf7|23|423230329810
9159|0x3a7ad0adf7|24|832902555460
9977|0x3b49|1|134123
9977|0xbb49|2|209827
9977|0x1bb49|3|436416
9977|0x1bb49|4|897837
9977|0x5bb49|5|1797363
9977|0x5bb49|6|3889685
9977|0x5bb49|7|7523337
9977|0x25bb49|8|15025399
9977|0x25bb49|9|30074044
9977|0xa5bb49|10|66520228
9977|0x1a5bb49|11|120709117
9977|0x1a5bb49|12|241595679
9977|0x5a5bb49|13|482895950
9977|0xda5bb49|14|965825416
9977|0xda5bb49|15|1932124615
9977|0x2da5bb49|16|3851969990
9977|0x2da5bb49|17|7696634713
9977|0x2da5bb49|18|13787305323
9977|0x12da5bb49|19|26205059727
9977|0x12da5bb49|20|51987749439
9977|0x52da5bb49|21|105198515082
9977|0x52da5bb49|22|209600512536
9977|0x152da5bb49|23|414171794323
9977|0x352da5bb49|24|836111521707
10069|0x1dfd|1|103314
10069|0x9dfd|2|239339
10069|0x9dfd|3|495807
10069|0x29dfd|4|1024060
10069|0x29dfd|5|1837195
10069|0x29dfd|6|3867502
10069|0x129dfd|7|7605019
10069|0x129dfd|8|15100505
10069|0x529dfd|9|30503187
10069|0xd29dfd|10|60991086
10069|0xd29dfd|11|122015780
10069|0xd29dfd|12|243830072
10069|0x4d29dfd|13|488355262
10069|0x4d29dfd|14|976129589
10069|0x14d29dfd|15|1953705405
10069|0x14d29dfd|16|3918104808
10069|0x14d29dfd|17|7263413547
10069|0x14d29dfd|18|13368452820
10069|0x114d29dfd|19|28616874584
10069|0x114d29dfd|20|53813382515
10069|0x114d29dfd|21|108204745545
10069|0x914d29dfd|22|205624422760
10069|0x1914d29dfd|23|416803111671
10069|0x1914d29dfd|24|835356757338
10187|0x45e3|1|205277
10187|0x45e3|2|325362
10187|0x145e3|3|439813
10187|0x145e3|4|881144
10187|0x145e3|5|2081847
10187|0x945e3|6|3728431
10187|0x945e3|7|7854627
10187|0x945e3|8|15308448
10187|0x945e3|9|30853420
10187|0x945e3|10|61382043
10187|0x10945e3|11|122705680
10187|0x10945e3|12|245527437
10187|0x50945e3|13|489450178
10187|0xd0945e3|14|980614066
10187|0xd0945e3|15|1947308917
10187|0xd0945e3|16|3874162635
10187|0x4d0945e3|17|6513541866
10187|0xcd0945e3|18|13513916952
10187|0x1cd0945e3|19|27017477129
10187|0x3cd0945e3|20|53560751783
10187|0x3cd0945e3|21|105229370228
10187|0x3cd0945e3|22|208732821013
10187|0x3cd0945e3|23|417121618631
10187|0x3cd0945e3|24|830732112201
11011|0x17ab|1|92365
11011|0x17ab|2|190752
11011|0x17ab|3|464855
11011|0x217ab|4|1003240
11011|0x217ab|5|1912603
11011|0x217ab|6|3633618
11011|0x217ab|7|7290699
11011|0x217ab|8|14865078
11011|0x217ab|9|29830289
11011|0x217ab|10|59315036
11011|0x217ab|11|118592817
11011|0x20217ab|12|237188425
11011|0x20217ab|13|475726432
11011|0x20217ab|14|897882206
11011|0x20217ab|15|1905584687
11011|0x220217ab|16|3863638149
11011|0x620217ab|17|6503061668
11011|0xe20217ab|18|12996234008
11011|0x1e20217ab|19|26060235976
11011|0x1e20217ab|20|52267144133
11011|0x5e20217ab|21|105180398200
11011|0xde20217ab|22|210543386599
11011|0xde20217ab|23|416898211160
11011|0x2de20217ab|24|834907813649
11133|0x65d5|1|92744
11133|0xe5d5|2|191538
11133|0x1e5d5|3|436915
11133|0x1e5d5|4|887130
11133|0x1e5d5|5|1914286
11133|0x9e5d5|6|3846283
11133|0x19e5d5|7|7609016
11133|0x19e5d5|8|15512668
11133|0x59e5d5|9|30717354
11133|0xd9e5d5|10|61456125
11133|0xd9e5d5|11|122831387
11133|0xd9e5d5|12|246058056
11133|0x4d9e5d5|13|490582940
11133|0xcd9e5d5|14|974365727
11133|0xcd9e5d5|15|1947757526
11133|0x2cd9e5d5|16|3673751840
11133|0x2cd9e5d5|17|7879447986
11133|0xacd9e5d5|18|13160423567
11133|0x1acd9e5d5|19|28179003969
11133|0x3acd9e5d5|20|54900228423
11133|0x7acd9e5d5|21|104557238052
11133|0xfacd9e5d5|22|209711185052
11133|0x1facd9e5d5|23|417063954976
11133|0x1facd9e5d5|24|827903499787
11255|0x5c7|1|90779
11255|0x5c7|2|192010
11255|0x5c7|3|431004
11255|0x205c7|4|890752
11255|0x605c7|5|2024435
11255|0xe05c7|6|3710434
11255|0xe05c7|7|7580410
11255|0xe05c7|8|15248639
11255|0xe05c7|9|30575237
11255|0x8e05c7|10|61076956
11255|0x8e05c7|11|122131876
11255|0x8e05c7|12|244247199
11255|0x48e05c7|13|490646163
11255|0x48e05c7|14|982118323
11255|0x48e05c7|15|1962335377
11255|0x48e05c7|16|3874488389
11255|0x448e05c7|17|6365268973
11255|0x448e05c7|18|13086877718
11255|0x448e05c7|19|25759587819
11255|0x2448e05c7|20|54026829864
11255|0x6448e05c7|21|106092807240
11255|0x6448e05c7|22|208603371836
11255|0x16448e05c7|23|417318621053
11255|0x16448e05c7|24|831807068506
12123|0x68d3|1|94426
12123|0x68d3|2|196271
12123|0x68d3|3|443516
12123|0x68d3|4|896754
12123|0x468d3|5|1905742
12123|0x468d3|6|3894272
12123|0x1468d3|7|7730516
12123|0x1468d3|8|15530164
12123|0x1468d3|9|30992523
12123|0x9468d3|10|62345442
12123|0x9468d3|11|124997561
12123|0x9468d3|12|230194970
12123|0x49468d3|13|499763403
12123|0x49468d3|14|999030692
12123|0x49468d3|15|1993644019
12123|0x249468d3|16|3545515784
12123|0x649468d3|17|7962538588
12123|0x649468d3|18|13484361878
12123|0x1649468d3|19|28813387041
12123|0x3649468d3|20|52310806303
12123|0x7649468d3|21|107982772868
12123|0xf649468d3|22|209231671346
12123|0x1f649468d3|23|413038008791
12123|0x3f649468d3|24|830490189821
12239|0x772f|1|262846
12239|0x772f|2|379267
12239|0x772f|3|505846
12239|0x2772f|4|1035159
12239|0x2772f|5|1818994
12239|0x2772f|6|3967705
12239|0x2772f|7|7667256
12239|0x22772f|8|15670087
12239|0x62772f|9|31061109
12239|0xe2772f|10|62444402
12239|0x1e2772f|11|124545787
12239|0x3e2772f|12|249226153
12239|0x3e2772f|13|486050557
12239|0xbe2772f|14|997129962
12239|0x1be2772f|15|1986043695
12239|0x3be2772f|16|3971364825
12239|0x3be2772f|17|7947278358
12239|0x3be2772f|18|15816122916
12239|0x13be2772f|19|27570935212
12239|0x33be2772f|20|53455464459
12239|0x73be2772f|21|105982174841
12239|0xf3be2772f|22|210750208035
12239|0x1f3be2772f|23|415721333774
12239|0x1f3be2772f|24|831182378816
13059|0x4fab|1|108842
13059|0x4fab|2|225735
13059|0x4fab|3|534478
13059|0x4fab|4|949119
13059|0x4fab|5|1838864
13059|0x4fab|6|3922601
13059|0x4fab|7|7730047
13059|0x204fab|8|15323880
13059|0x604fab|9|30800969
13059|0x604fab|10|61643603
13059|0x1604fab|11|123107809
13059|0x1604fab|12|246553446
13059|0x5604fab|13|472894428
13059|0x5604fab|14|993113272
13059|0x5604fab|15|1953786954
13059|0x5604fab|16|3320439580
13059|0x45604fab|17|6856267400
13059|0x45604fab|18|15705964178
13059|0x145604fab|19|26958077473
13059|0x345604fab|20|52360784850
13059|0x745604fab|21|103862581238
13059|0xf45604fab|22|207656947664
13059|0xf45604fab|23|414620161238
13059|0xf45604fab|24|826818052130
13183|0xc7f|1|93993
13183|0x8c7f|2|201517
13183|0x18c7f|3|466660
13183|0x38c7f|4|889564
13183|0x38c7f|5|1953872
13183|0x38c7f|6|3883701
13183|0x38c7f|7|7794221
13183|0x38c7f|8|15770135
13183|0x438c7f|9|31385467
13183|0xc38c7f|10|62690943
13183|0xc38c7f|11|125431435
13183|0x2c38c7f|12|251000125
13183|0x6c38c7f|13|498695114
13183|0x6c38c7f|14|997099913
13183|0x16c38c7f|15|1996958882
13183|0x16c38c7f|16|3974646098
13183|0x56c38c7f|17|7982493892
13183|0x56c38c7f|18|13190442159
13183|0x56c38c7f|19|25674061298
13183|0x56c38c7f|20|53282356656
13183|0x456c38c7f|21|104506320024
13183|0x456c38c7f|22|207285513675
13183|0x1456c38c7f|23|415037914822
13183|0x3456c38c7f|24|825336167311
13301|0x205d|1|96093
13301|0xa05d|2|201810
13301|0xa05d|3|428407
13301|0xa05d|4|892533
13301|0x4a05d|5|1838881
13301|0x4a05d|6|4014918
13301|0x4a05d|7|7763890
13301|0x24a05d|8|15821965
13301|0x24a05d|9|31241215
13301|0x24a05d|10|62345811
13301|0x124a05d|11|124703163
13301|0x124a05d|12|249659744
13301|0x524a05d|13|499242687
13301|0xd24a05d|14|1010672033
13301|0xd24a05d|15|2001242037
13301|0x2d24a05d|16|3997845698
13301|0x2d24a05d|17|7391869633
13301|0xad24a05d|18|13207508610
13301|0xad24a05d|19|26877745609
13301|0xad24a05d|20|51183900900
13301|0x4ad24a05d|21|106913764419
13301|0xcad24a05d|22|207005112572
13301|0xcad24a05d|23|413323100116
13301|0x2cad24a05d|24|827397512083
14105|0x3529|1|110583
14105|0x3529|2|233825
14105|0x13529|3|497901
14105|0x33529|4|1039047
14105|0x73529|5|1906312
14105|0x73529|6|3921426
14105|0x73529|7|7842465
14105|0x273529|8|15591576
14105|0x673529|9|31424535
14105|0xe73529|10|62650131
14105|0x1e73529|11|125364604
14105|0x1e73529|12|250353575
14105|0x5e73529|13|499744051
14105|0x5e73529|14|1001053764
14105|0x5e73529|15|1717265887
14105|0x5e73529|16|3434794566
14105|0x45e73529|17|8049245421
14105|0xc5e73529|18|13516258576
14105|0xc5e73529|19|27687724880
14105|0xc5e73529|20|51303661289
14105|0xc5e73529|21|105330950995
14105|0x8c5e73529|22|206590124063
14105|0x8c5e73529|23|410812937686
14105|0x28c5e73529|24|824788521792
14221|0x6345|1|97343
14221|0xe345|2|206197
14221|0x1e345|3|481721
14221|0x3e345|4|1052923
14221|0x3e345|5|1963320
14221|0xbe345|6|3847897
14221|0xbe345|7|7888405
14221|0x2be345|8|15501831
14221|0x2be345|9|31490126
14221|0x2be345|10|62936619
14221|0x2be345|11|125684991
14221|0x22be345|12|251923285
14221|0x22be345|13|502968696
14221|0x22be345|14|1008606610
14221|0x22be345|15|2017934115
14221|0x222be345|16|3329715721
14221|0x622be345|17|6627112892
14221|0xe22be345|18|15170073756
14221|0xe22be345|19|26244411665
14221|0xe22be345|20|52491183760
14221|0x4e22be345|21|107027380712
14221|0xce22be345|22|210921918497
14221|0x1ce22be345|23|412572793587
14221|0x1ce22be345|24|826026913702
14319|0x570f|1|289390
14319|0xd70f|2|414026
14319|0x1d70f|3|500600
14319|0x1d70f|4|1084995
14319|0x5d70f|5|1879443
14319|0xdd70f|6|4023163
14319|0xdd70f|7|7829408
14319|0x2dd70f|8|15879595
14319|0x2dd70f|9|31643841
14319|0x2dd70f|10|63418479
14319|0x2dd70f|11|110389888
14319|0x2dd70f|12|251555419
14319|0x42dd70f|13|421382306
14319|0x42dd70f|14|1007703282
14319|0x42dd70f|15|2014057781
14319|0x42dd70f|16|3398036028
14319|0x442dd70f|17|7021150621
14319|0xc42dd70f|18|14224817224
14319|0x1c42dd70f|19|26194875481
14319|0x1c42dd70f|20|53495281236
14319|0x5c42dd70f|21|104787350047
14319|0xdc42dd70f|22|210434258873
14319|0xdc42dd70f|23|411722349729
14319|0xdc42dd70f|24|825857967380
15103|0x44ff|1|112647
15103|0xc4ff|2|238835
15103|0xc4ff|3|511473
15103|0x2c4ff|4|936104
15103|0x6c4ff|5|1852384
15103|0x6c4ff|6|4014841
15103|0x6c4ff|7|7772668
15103|0x26c4ff|8|15561456
15103|0x66c4ff|9|31452508
15103|0x66c4ff|10|62973843
15103|0x166c4ff|11|125746766
15103|0x366c4ff|12|252384383
15103|0x766c4ff|13|503326590
15103|0xf66c4ff|14|1007524080
15103|0xf66c4ff|15|2014805861
15103|0x2f66c4ff|16|3609715567
15103|0x2f66c4ff|17|6723201159
15103|0xaf66c4ff|18|12868397029
15103|0xaf66c4ff|19|26472968910
15103|0xaf66c4ff|20|51340044581
15103|0x4af66c4ff|21|103227561246
15103|0xcaf66c4ff|22|211418498105
15103|0xcaf66c4ff|23|411375537758
15103|0x2caf66c4ff|24|843452027861
15221|0x7cdd|1|112604
15221|0x7cdd|2|239786
15221|0x7cdd|3|513114
15221|0x7cdd|4|946763
15221|0x7cdd|5|1865023
15221|0x7cdd|6|4046192
15221|0x7cdd|7|7773981
15221|0x7cdd|8|15851297
15221|0x7cdd|9|31601540
15221|0x7cdd|10|63145599
15221|0x1007cdd|11|126626736
15221|0x3007cdd|12|252833240
15221|0x7007cdd|13|425578788
15221|0x7007cdd|14|882784833
15221|0x17007cdd|15|1809234753
15221|0x37007cdd|16|4056891471
15221|0x77007cdd|17|7086079146
15221|0xf7007cdd|18|13352656496
15221|0xf7007cdd|19|26816511486
15221|0x2f7007cdd|20|54140058818
15221|0x2f7007cdd|21|102715628944
15221|0xaf7007cdd|22|205583507779
15221|0x1af7007cdd|23|411584131894
15221|0x1af7007cdd|24|821114969227
15317|0x257d|1|99519
15317|0x257d|2|211470
15317|0x1257d|3|452531
15317|0x1257d|4|1013028
15317|0x1257d|5|2118734
15317|0x9257d|6|3886598
15317|0x9257d|7|8146714
15317|0x9257d|8|16002439
15317|0x49257d|9|31910285
15317|0xc9257d|10|64063904
15317|0x1c9257d|11|127770386
15317|0x1c9257d|12|255916130
15317|0x1c9257d|13|445186904
15317|0x9c9257d|14|1017826130
15317|0x9c9257d|15|2012988797
15317|0x9c9257d|16|3604591226
15317|0x9c9257d|17|6477929572
15317|0x89c9257d|18|14708231487
15317|0x89c9257d|19|27985270026
15317|0x89c9257d|20|51342378942
15317|0x489c9257d|21|104484270632
15317|0xc89c9257d|22|206507534339
15317|0x1c89c9257d|23|410950770390
15317|0x1c89c9257d|24|821798488328
16071|0x22f7|1|100509
16071|0x22f7|2|213133
16071|0x122f7|3|461707
16071|0x322f7|4|929587
16071|0x322f7|5|1898490
16071|0xb22f7|6|4038193
16071|0xb22f7|7|7841127
16071|0x2b22f7|8|16010601
16071|0x2b22f7|9|31808410
16071|0x2b22f7|10|63889167
16071|0x2b22f7|11|127311016
16071|0x2b22f7|12|255386536
16071|0x42b22f7|13|438643929
16071|0x42b22f7|14|1029251176
16071|0x142b22f7|15|2040643181
16071|0x342b22f7|16|4079487027
16071|0x342b22f7|17|7479567517
16071|0x342b22f7|18|16426921654
16071|0x1342b22f7|19|31273384003
16071|0x3342b22f7|20|55544883478
16071|0x3342b22f7|21|102645580179
16071|0x3342b22f7|22|205134963730
16071|0x3342b22f7|23|414956440044
16071|0x23342b22f7|24|821042093602
16169|0x4d19|1|100809
16169|0xcd19|2|213716
16169|0xcd19|3|471797
16169|0x2cd19|4|1057531
16169|0x6cd19|5|2057699
16169|0x6cd19|6|3882866
16169|0x16cd19|7|6369100
16169|0x36cd19|8|15813269
16169|0x76cd19|9|25606621
16169|0xf6cd19|10|63642301
16169|0xf6cd19|11|127944596
16169|0xf6cd19|12|255714411
16169|0x4f6cd19|13|510496468
16169|0xcf6cd19|14|1021141737
16169|0x1cf6cd19|15|1599933896
16169|0x3cf6cd19|16|4098928118
16169|0x3cf6cd19|17|8165964438
16169|0xbcf6cd19|18|15048491878
16169|0x1bcf6cd19|19|25992766771
16169|0x1bcf6cd19|20|51804291467
16169|0x1bcf6cd19|21|104864579935
16169|0x9bcf6cd19|22|204730930797
16169|0x19bcf6cd19|23|409436902469
16169|0x39bcf6cd19|24|822029129823
16285|0x3eb5|1|112091
16285|0x3eb5|2|243188
16285|0x13eb5|3|527693
16285|0x33eb5|4|1005929
16285|0x73eb5|5|1876016
16285|0x73eb5|6|4111193
16285|0x73eb5|7|7880695
16285|0x273eb5|8|16062890
16285|0x273eb5|9|32259858
16285|0xa73eb5|10|65399423
16285|0x1a73eb5|11|128620620
16285|0x1a73eb5|12|256257588
16285|0x5a73eb5|13|461860288
16285|0x5a73eb5|14|1025512213
16285|0x5a73eb5|15|1627326362
16285|0x25a73eb5|16|4075839618
16285|0x65a73eb5|17|7079184812
16285|0xe5a73eb5|18|13071633379
16285|0x1e5a73eb5|19|25717010328
16285|0x3e5a73eb5|20|53008274065
16285|0x3e5a73eb5|21|102440757379
16285|0xbe5a73eb5|22|204905630663
16285|0x1be5a73eb5|23|410607309209
16285|0x3be5a73eb5|24|819370207773
16371|0x713b|1|98996
16371|0x713b|2|234189
16371|0x1713b|3|527192
16371|0x1713b|4|740612
16371|0x5713b|5|2007640
16371|0xd713b|6|3937180
16371|0xd713b|7|8019683
16371|0x2d713b|8|15920389
16371|0x2d713b|9|32111542
16371|0x2d713b|10|64146218
16371|0x2d713b|11|127687353
16371|0x22d713b|12|255337473
16371|0x22d713b|13|512493823
16371|0x22d713b|14|870081179
16371|0x22d713b|15|1931922133
16371|0x22d713b|16|3522567170
16371|0x422d713b|17|6706165753
16371|0x422d713b|18|13214661688
16371|0x422d713b|19|26258700902
16371|0x422d713b|20|52963891064
16371|0x422d713b|21|102500354779
16371|0x8422d713b|22|207545024840
16371|0x8422d713b|23|550638938753
16371|0x28422d713b|24|1391099205084
16857|0x2e69|1|299150
16857|0x2e69|2|693887
16857|0x2e69|3|1550453
16857|0x2e69|4|3158306
16857|0x2e69|5|6375545
16857|0x102e69|6|12784320
16857|0x102e69|7|25599533
16857|0x102e69|8|51127358
16857|0x902e69|9|102324116
16857|0x902e69|10|204737508
16857|0x2902e69|11|409573973
16857|0x2902e69|12|812439069
16857|0xa902e69|13|1523634637
16857|0x1a902e69|14|2707389353
16857|0x3a902e69|15|5434198454
16857|0x7a902e69|16|10834199427
16857|0xfa902e69|17|21586093650
16857|0x1fa902e69|18|44592717435
16857|0x1fa902e69|19|89230430477
16857|0x5fa902e69|20|179066021669
16857|0x5fa902e69|21|358047510359
16857|0x15fa902e69|22|715134586039
16857|0x15fa902e69|23|1427988566948
16857|0x55fa902e69|24|2856720621252
17021|0xc6d5|1|324471
17021|0xc6d5|2|700387
17021|0xc6d5|3|1531775
17021|0x4c6d5|4|3167760
17021|0xcc6d5|5|6338080
17021|0xcc6d5|6|12807823
17021|0xcc6d5|7|25608747
17021|0xcc6d5|8|51188773
17021|0x8cc6d5|9|102406916
17021|0x8cc6d5|10|204877019
17021|0x8cc6d5|11|409745185
17021|0x8cc6d5|12|819593041
17021|0x8cc6d5|13|1639210034
17021|0x108cc6d5|14|2705983700
17021|0x308cc6d5|15|5527517703
17021|0x308cc6d5|16|11067415846
17021|0x308cc6d5|17|23334713802
17021|0x308cc6d5|18|44097841539
17021|0x308cc6d5|19|86285791920
17021|0x4308cc6d5|20|179353567950
17021|0x4308cc6d5|21|356648005621
17021|0x14308cc6d5|22|714579197909
17021|0x34308cc6d5|23|1427300573916
17021|0x34308cc6d5|24|2858175255611
17199|0xe3cf|1|299715
17199|0x1e3cf|2|701689
17199|0x1e3cf|3|1567174
17199|0x1e3cf|4|3162058
17199|0x9e3cf|5|6384325
17199|0x19e3cf|6|12746520
17199|0x39e3cf|7|25589627
17199|0x79e3cf|8|51197784
17199|0x79e3cf|9|102413762
17199|0x179e3cf|10|174847205
17199|0x179e3cf|11|409853290
17199|0x579e3cf|12|819932721
17199|0xd79e3cf|13|1576394195
17199|0xd79e3cf|14|3279529725
17199|0x2d79e3cf|15|6560376655
17199|0x6d79e3cf|16|10847408244
17199|0x6d79e3cf|17|21589115838
17199|0x16d79e3cf|18|45528960416
17199|0x36d79e3cf|19|93041679033
17199|0x36d79e3cf|20|178178620167
17199|0xb6d79e3cf|21|357021238240
17199|0xb6d79e3cf|22|713221745701
17199|0xb6d79e3cf|23|1426106839475
17199|0x4b6d79e3cf|24|2864766218460
17403|0x4f33|1|300793
17403|0x4f33|2|704088
17403|0x4f33|3|1542375
17403|0x4f33|4|3191691
17403|0x84f33|5|6415044
17403|0x84f33|6|12802431
17403|0x284f33|7|25614630
17403|0x684f33|8|51311584
17403|0x684f33|9|102561820
17403|0x1684f33|10|205067737
17403|0x3684f33|11|410381746
17403|0x7684f33|12|820414947
17403|0x7684f33|13|1640907697
17403|0x17684f33|14|2887158962
17403|0x17684f33|15|6563947133
17403|0x57684f33|16|11857504959
17403|0x57684f33|17|21573185078
17403|0x57684f33|18|43513511929
17403|0x257684f33|19|93123221982
17403|0x657684f33|20|178428803215
17403|0xe57684f33|21|356406862957
17403|0x1e57684f33|22|712910410257
17403|0x3e57684f33|23|1425526717605
17403|0x3e57684f33|24|2852989596211
17961|0xb619|1|302044
17961|0xb619|2|735078
17961|0xb619|3|1564163
17961|0xb619|4|3168068
17961|0x8b619|5|6394801
17961|0x18b619|6|12844058
17961|0x18b619|7|25618992
17961|0x58b619|8|51365589
17961|0x58b619|9|102728575
17961|0x58b619|10|205497084
17961|0x58b619|11|411055584
17961|0x58b619|12|822014650
17961|0x58b619|13|1643901285
17961|0x1058b619|14|2778581147
17961|0x3058b619|15|6578899950
17961|0x3058b619|16|10839431734
17961|0x3058b619|17|21927212952
17961|0x3058b619|18|43103258430
17961|0x3058b619|19|86444190560
17961|0x3058b619|20|180699554816
17961|0x3058b619|21|350834732652
17961|0x3058b619|22|717242763375
17961|0x3058b619|23|1428558656248
17961|0x403058b619|24|2853270646363
18141|0xc175|1|303005
18141|0x1c175|2|713804
18141|0x3c175|3|1570152
18141|0x7c175|4|3175404
18141|0xfc175|5|6360119
18141|0xfc175|6|12817377
18141|0xfc175|7|25659800
18141|0xfc175|8|49776575
18141|0x8fc175|9|102787835
18141|0x18fc175|10|205664584
18141|0x18fc175|11|338160692
18141|0x18fc175|12|738349646
18141|0x98fc175|13|1502120019
18141|0x198fc175|14|2712960439
18141|0x398fc175|15|5513801822
18141|0x398fc175|16|10963842182
18141|0x398fc175|17|22548230335
18141|0x1398fc175|18|45163474591
18141|0x1398fc175|19|88937452433
18141|0x5398fc175|20|178249838931
18141|0x5398fc175|21|355936753140
18141|0x5398fc175|22|712810143068
18141|0x5398fc175|23|1424937359760
18141|0x45398fc175|24|2849376680094
18321|0x5971|1|323959
18321|0x15971|2|715528
18321|0x35971|3|1576391
18321|0x75971|4|3188428
18321|0xf5971|5|6392570
18321|0xf5971|6|12836051
18321|0xf5971|7|25721841
18321|0xf5971|8|51402054
18321|0x8f5971|9|102845529
18321|0x18f5971|10|205800374
18321|0x18f5971|11|411691701
18321|0x58f5971|12|823431285
18321|0xd8f5971|13|1508322599
18321|0x1d8f5971|14|2714289354
18321|0x1d8f5971|15|5490374345
18321|0x1d8f5971|16|10931206328
18321|0x9d8f5971|17|21729915493
18321|0x9d8f5971|18|44335525143
18321|0x9d8f5971|19|89404998036
18321|0x49d8f5971|20|179476183361
18321|0x49d8f5971|21|356061932703
18321|0x149d8f5971|22|712117776403
18321|0x349d8f5971|23|1423691691253
18321|0x349d8f5971|24|2846753309217
18879|0xa63f|1|305254
18879|0xa63f|2|722908
18879|0xa63f|3|1536838
18879|0x4a63f|4|3130090
18879|0x4a63f|5|6382858
18879|0x4a63f|6|12845487
18879|0x24a63f|7|25830576
18879|0x64a63f|8|51654127
18879|0xe4a63f|9|103113317
18879|0xe4a63f|10|206256224
18879|0x2e4a63f|11|385910754
18879|0x6e4a63f|12|825111814
18879|0xee4a63f|13|1455974308
18879|0x1ee4a63f|14|2853650247
18879|0x1ee4a63f|15|6135909019
18879|0x5ee4a63f|16|11172444622
18879|0x5ee4a63f|17|22611293394
18879|0x5ee4a63f|18|43305729558
18879|0x25ee4a63f|19|88877832113
18879|0x65ee4a63f|20|178714320595
18879|0x65ee4a63f|21|357434311440
18879|0x165ee4a63f|22|713520841226
18879|0x165ee4a63f|23|1425207657541
18879|0x565ee4a63f|24|2848271414688
19065|0xffc9|1|301824
19065|0x1ffc9|2|721309
19065|0x3ffc9|3|1538997
19065|0x7ffc9|4|3154464
19065|0xfffc9|5|6382128
19065|0xfffc9|6|12881571
19065|0xfffc9|7|25827513
19065|0xfffc9|8|51648815
19065|0x8fffc9|9|103175562
19065|0x8fffc9|10|206342323
19065|0x8fffc9|11|412799804
19065|0x48fffc9|12|686555464
19065|0xc8fffc9|13|1654373041
19065|0x1c8fffc9|14|2757021820
19065|0x3c8fffc9|15|5395879246
19065|0x7c8fffc9|16|10998339099
19065|0xfc8fffc9|17|21837014743
19065|0x1fc8fffc9|18|44613499046
19065|0x3fc8fffc9|19|89415337161
19065|0x7fc8fffc9|20|178665628087
19065|0xffc8fffc9|21|355896739476
19065|0x1ffc8fffc9|22|710663081174
19065|0x3ffc8fffc9|23|1421483183122
19065|0x7ffc8fffc9|24|2843714303230
19239|0x7497|1|301859
19239|0x7497|2|730026
19239|0x27497|3|1525726
19239|0x27497|4|3172474
19239|0xa7497|5|6453258
19239|0xa7497|6|12862195
19239|0xa7497|7|25794765
19239|0x4a7497|8|51628999
19239|0xca7497|9|103212755
19239|0x1ca7497|10|170047834
19239|0x3ca7497|11|371402527
19239|0x7ca7497|12|718421515
19239|0x7ca7497|13|1651506761
19239|0x7ca7497|14|3302720172
19239|0x7ca7497|15|5612021122
19239|0x7ca7497|16|13211359832
19239|0x87ca7497|17|21922546449
19239|0x187ca7497|18|46861326760
19239|0x187ca7497|19|89198531575
19239|0x587ca7497|20|177661536783
19239|0x587ca7497|21|355580682579
19239|0x587ca7497|22|710123361558
19239|0x2587ca7497|23|1422042523627
19239|0x2587ca7497|24|2838993710760
19419|0xb853|1|306276
19419|0xb853|2|730121
19419|0x2b853|3|1527199
19419|0x6b853|4|3174198
19419|0x6b853|5|6378680
19419|0x6b853|6|12818347
19419|0x6b853|7|25732233
19419|0x46b853|8|51594656
19419|0xc6b853|9|103145025
19419|0xc6b853|10|206442976
19419|0x2c6b853|11|412984860
19419|0x2c6b853|12|826037529
19419|0xac6b853|13|1652136191
19419|0x1ac6b853|14|3304653910
19419|0x3ac6b853|15|5649013189
19419|0x3ac6b853|16|11755580449
19419|0xbac6b853|17|21759739851
19419|0xbac6b853|18|45013524477
19419|0xbac6b853|19|88163215280
19419|0xbac6b853|20|178123837437
19419|0x8bac6b853|21|354898399500
19419|0x18bac6b853|22|709947642988
19419|0x38bac6b853|23|1419831156152
19419|0x78bac6b853|24|2837768620305
19999|0xaddf|1|308007
19999|0x1addf|2|774123
19999|0x3addf|3|1548481
19999|0x7addf|4|3218409
19999|0xfaddf|5|6430278
19999|0xfaddf|6|12902205
19999|0x2faddf|7|25800707
19999|0x6faddf|8|51734907
19999|0xefaddf|9|103523323
19999|0xefaddf|10|207009337
19999|0xefaddf|11|414253237
19999|0x4efaddf|12|827903060
19999|0x4efaddf|13|1655881792
19999|0x4efaddf|14|2696808677
19999|0x24efaddf|15|5839709241
19999|0x24efaddf|16|10999962228
19999|0xa4efaddf|17|23073572676
19999|0x1a4efaddf|18|43789738980
19999|0x1a4efaddf|19|88454616791
19999|0x5a4efaddf|20|178010052641
19999|0x5a4efaddf|21|356736696905
19999|0x15a4efaddf|22|708561809033
19999|0x35a4efaddf|23|1421961286940
19999|0x75a4efaddf|24|2835107589850
20173|0x4e05|1|308315
20173|0x4e05|2|756919
20173|0x4e05|3|1549863
20173|0x44e05|4|3146291
20173|0xc4e05|5|6368000
20173|0xc4e05|6|12872066
20173|0x2c4e05|7|25794433
20173|0x6c4e05|8|51697950
20173|0xec4e05|9|103455294
20173|0x1ec4e05|10|207021344
20173|0x3ec4e05|11|420586585
20173|0x7ec4e05|12|828303826
20173|0xfec4e05|13|1656619323
20173|0xfec4e05|14|2961236059
20173|0xfec4e05|15|5479878942
20173|0x4fec4e05|16|11112751982
20173|0x4fec4e05|17|21697164595
20173|0x4fec4e05|18|43527281284
20173|0x24fec4e05|19|89040222466
20173|0x64fec4e05|20|177403246188
20173|0xe4fec4e05|21|355872061845
20173|0x1e4fec4e05|22|708716897827
20173|0x3e4fec4e05|23|1417306954722
20173|0x7e4fec4e05|24|2833419983386
20357|0x514d|1|330093
20357|0x1514d|2|742580
20357|0x3514d|3|1560420
20357|0x3514d|4|3153814
20357|0x3514d|5|6394147
20357|0x13514d|6|12918723
20357|0x33514d|7|25905397
20357|0x73514d|8|51799142
20357|0x73514d|9|103573076
20357|0x73514d|10|207165920
20357|0x273514d|11|414364860
20357|0x673514d|12|828691097
20357|0x673514d|13|1489777201
20357|0x1673514d|14|2731139539
20357|0x1673514d|15|5598567949
20357|0x5673514d|16|10832580277
20357|0xd673514d|17|21612173879
20357|0x1d673514d|18|44203167891
20357|0x3d673514d|19|88497600832
20357|0x7d673514d|20|177070172576
20357|0x7d673514d|21|354607193879
20357|0x7d673514d|22|708095382147
20357|0x7d673514d|23|1417286299230
20357|0x47d673514d|24|2779161855724
20909|0x3a25|1|312501
20909|0x13a25|2|750189
20909|0x33a25|3|1594425
20909|0x73a25|4|3187912
20909|0xf3a25|5|6461546
20909|0x1f3a25|6|12959618
20909|0x1f3a25|7|25935727
20909|0x1f3a25|8|51906755
20909|0x9f3a25|9|103845519
20909|0x19f3a25|10|175846397
20909|0x39f3a25|11|415344367
20909|0x79f3a25|12|830869727
20909|0xf9f3a25|13|1355939793
20909|0x1f9f3a25|14|3323866053
20909|0x1f9f3a25|15|5727352760
20909|0x5f9f3a25|16|10776450660
20909|0x5f9f3a25|17|21759365170
20909|0x5f9f3a25|18|43556965877
20909|0x25f9f3a25|19|88360529808
20909|0x65f9f3a25|20|176869735966
20909|0x65f9f3a25|21|354093316735
20909|0x165f9f3a25|22|707740558621
20909|0x365f9f3a25|23|1415797541512
20909|0x365f9f3a25|24|2832125037013
21089|0xd1a1|1|311089
21089|0x1d1a1|2|770638
21089|0x3d1a1|3|1307029
21089|0x3d1a1|4|3174647
21089|0xbd1a1|5|6397859
21089|0xbd1a1|6|12901888
21089|0x2bd1a1|7|25982195
21089|0x6bd1a1|8|51879208
21089|0x6bd1a1|9|103844552
21089|0x6bd1a1|10|207787190
21089|0x26bd1a1|11|415848816
21089|0x66bd1a1|12|831399407
21089|0xe6bd1a1|13|1363723420
21089|0xe6bd1a1|14|3306902858
21089|0xe6bd1a1|15|6655867282
21089|0xe6bd1a1|16|11105639270
21089|0xe6bd1a1|17|21634336268
21089|0xe6bd1a1|18|43392167844
21089|0xe6bd1a1|19|86220927250
21089|0x40e6bd1a1|20|177552372332
21089|0xc0e6bd1a1|21|353729534908
21089|0x1c0e6bd1a1|22|707463640541
21089|0x1c0e6bd1a1|23|1417258906603
21089|0x5c0e6bd1a1|24|2829814948282
21281|0xf0e1|1|311568
21281|0xf0e1|2|754094
21281|0xf0e1|3|1583192
21281|0xf0e1|4|3211545
21281|0x8f0e1|5|6440842
21281|0x8f0e1|6|12964990
21281|0x8f0e1|7|25971140
21281|0x48f0e1|8|52029680
21281|0xc8f0e1|9|103986871
21281|0xc8f0e1|10|207981496
21281|0xc8f0e1|11|416230843
21281|0xc8f0e1|12|832103473
21281|0xc8f0e1|13|1489858387
21281|0xc8f0e1|14|2730913530
21281|0xc8f0e1|15|5467169562
21281|0x40c8f0e1|16|11513541842
21281|0xc0c8f0e1|17|21702123094
21281|0xc0c8f0e1|18|45560901700
21281|0x2c0c8f0e1|19|88484174440
21281|0x6c0c8f0e1|20|177482274357
21281|0x6c0c8f0e1|21|353522613326
21281|0x6c0c8f0e1|22|708098228784
21281|0x26c0c8f0e1|23|1423265339324
21281|0x26c0c8f0e1|24|2832401627761
21465|0xfc69|1|308197
21465|0xfc69|2|777816
21465|0xfc69|3|1592540
21465|0x4fc69|4|3219144
21465|0x4fc69|5|6445348
21465|0x14fc69|6|12952752
21465|0x34fc69|7|25951597
21465|0x74fc69|8|52022058
21465|0x74fc69|9|103991370
21465|0x174fc69|10|208142245
21465|0x374fc69|11|416304150
21465|0x774fc69|12|832712820
21465|0x774fc69|13|1395187913
21465|0x774fc69|14|2932562040
21465|0x774fc69|15|6662175214
21465|0x4774fc69|16|13324156717
21465|0xc774fc69|17|21776216841
21465|0xc774fc69|18|53211082981
21465|0xc774fc69|19|87255067447
21465|0x4c774fc69|20|179178529591
21465|0xcc774fc69|21|357361039383
21465|0xcc774fc69|22|708052702203
21465|0xcc774fc69|23|1416647639435
21465|0xcc774fc69|24|2827943374606
22007|0xfbc7|1|328685
22007|0xfbc7|2|669047
22007|0xfbc7|3|1514071
22007|0x4fbc7|4|3157314
22007|0xcfbc7|5|6417908
22007|0xcfbc7|6|12980021
22007|0x2cfbc7|7|26058832
22007|0x2cfbc7|8|52121061
22007|0x2cfbc7|9|104209214
22007|0x12cfbc7|10|208551851
22007|0x32cfbc7|11|417106642
22007|0x32cfbc7|12|834362775
22007|0x32cfbc7|13|1668839400
22007|0x32cfbc7|14|3336943506
22007|0x32cfbc7|15|5393729981
22007|0x32cfbc7|16|13349803129
22007|0x32cfbc7|17|24082830600
22007|0x1032cfbc7|18|48613449649
22007|0x1032cfbc7|19|93640067867
22007|0x1032cfbc7|20|178135193856
22007|0x9032cfbc7|21|355108596757
22007|0x9032cfbc7|22|708035311925
22007|0x9032cfbc7|23|1417353720404
22007|0x49032cfbc7|24|2825264975311
22181|0xa12d|1|313379
22181|0x1a12d|2|695212
22181|0x3a12d|3|1519850
22181|0x7a12d|4|3170899
22181|0x7a12d|5|6446428
22181|0x17a12d|6|13036612
22181|0x37a12d|7|26021342
22181|0x37a12d|8|52151591
22181|0x37a12d|9|104327200
22181|0x37a12d|10|208605302
22181|0x37a12d|11|417281734
22181|0x437a12d|12|834728419
22181|0xc37a12d|13|1669677680
22181|0x1c37a12d|14|2787746349
22181|0x3c37a12d|15|6678594930
22181|0x3c37a12d|16|13356947643
22181|0xbc37a12d|17|26714171420
22181|0xbc37a12d|18|47297948665
22181|0xbc37a12d|19|94489969879
22181|0x4bc37a12d|20|177140242268
22181|0xcbc37a12d|21|355835029127
22181|0x1cbc37a12d|22|706558403622
22181|0x1cbc37a12d|23|1398834719805
22181|0x5cbc37a12d|24|2846115817447
22369|0x8ca1|1|369940
22369|0x8ca1|2|690936
22369|0x8ca1|3|1523544
22369|0x8ca1|4|3177647
22369|0x8ca1|5|6466374
22369|0x8ca1|6|12966157
22369|0x8ca1|7|26032527
22369|0x8ca1|8|52167723
22369|0x8ca1|9|104379434
22369|0x8ca1|10|208992067
22369|0x8ca1|11|417608453
22369|0x8ca1|12|835269778
22369|0x8ca1|13|1355513874
22369|0x10008ca1|14|3341495210
22369|0x10008ca1|15|5603960038
22369|0x50008ca1|16|13394953668
22369|0xd0008ca1|17|21652893637
22369|0x1d0008ca1|18|44640094972
22369|0x1d0008ca1|19|88428971292
22369|0x1d0008ca1|20|176880029000
22369|0x1d0008ca1|21|352350347617
22369|0x1d0008ca1|22|707856024876
22369|0x21d0008ca1|23|1411748268668
22369|0x21d0008ca1|24|2828170883056
22917|0xb74d|1|316228
22917|0x1b74d|2|677006
22917|0x3b74d|3|1538906
22917|0x3b74d|4|3214802
22917|0xbb74d|5|6462485
22917|0x1bb74d|6|12988631
22917|0x3bb74d|7|26115070
22917|0x7bb74d|8|52261570
22917|0x7bb74d|9|104558270
22917|0x17bb74d|10|209184603
22917|0x17bb74d|11|418401858
22917|0x17bb74d|12|757154182
22917|0x97bb74d|13|1583147465
22917|0x197bb74d|14|2746613896
22917|0x197bb74d|15|5825455217
22917|0x597bb74d|16|12856798419
22917|0xd97bb74d|17|21565091750
22917|0x1d97bb74d|18|44509819364
22917|0x3d97bb74d|19|88639162838
22917|0x7d97bb74d|20|176081167384
22917|0x7d97bb74d|21|352435541261
22917|0x17d97bb74d|22|705212635818
22917|0x17d97bb74d|23|1409489765162
22917|0x17d97bb74d|24|2820913364111
23095|0x7b87|1|316784
23095|0x7b87|2|678780
23095|0x7b87|3|1543814
23095|0x7b87|4|3237372
23095|0x87b87|5|6474935
23095|0x87b87|6|12279718
23095|0x87b87|7|26094149
23095|0x487b87|8|52275099
23095|0x487b87|9|104603869
23095|0x1487b87|10|209266281
23095|0x3487b87|11|418584141
23095|0x3487b87|12|837572295
23095|0x3487b87|13|1674721318
23095|0x13487b87|14|2955657754
23095|0x33487b87|15|5448123863
23095|0x33487b87|16|10973194739
23095|0xb3487b87|17|21656343581
23095|0xb3487b87|18|44887166990
23095|0x2b3487b87|19|89377659261
23095|0x6b3487b87|20|176405005134
23095|0xeb3487b87|21|353788214492
23095|0x1eb3487b87|22|705825985869
23095|0x3eb3487b87|23|1410203786088
23095|0x3eb3487b87|24|2827771438500
23275|0x7dc3|1|317442
23275|0x7dc3|2|679819
23275|0x27dc3|3|1564794
23275|0x27dc3|4|3216872
23275|0x27dc3|5|6492336
23275|0x27dc3|6|13078732
23275|0x27dc3|7|26175766
23275|0x27dc3|8|52340869
23275|0x827dc3|9|104661981
23275|0x827dc3|10|209301540
23275|0x827dc3|11|355410405
23275|0x827dc3|12|826253861
23275|0x8827dc3|13|1395151049
23275|0x18827dc3|14|3048720660
23275|0x38827dc3|15|6101926618
23275|0x78827dc3|16|11219568399
23275|0xf8827dc3|17|21758298924
23275|0xf8827dc3|18|48122042726
23275|0x2f8827dc3|19|88983895694
23275|0x2f8827dc3|20|177763132805
23275|0xaf8827dc3|21|355286732089
23275|0x1af8827dc3|22|714948196103
23275|0x3af8827dc3|23|1408677728585
23275|0x3af8827dc3|24|2820444586156
23457|0x4861|1|318397
23457|0x4861|2|700885
23457|0x4861|3|1553500
23457|0x4861|4|3245962
23457|0x84861|5|6490998
23457|0x184861|6|13033066
23457|0x184861|7|26153725
23457|0x184861|8|52353281
23457|0x184861|9|104752315
23457|0x1184861|10|173327354
23457|0x3184861|11|419161283
23457|0x7184861|12|790293392
23457|0xf184861|13|1547259026
23457|0xf184861|14|2880281902
23457|0x2f184861|15|5640141086
23457|0x6f184861|16|10944798739
23457|0xef184861|17|22705343363
23457|0xef184861|18|44852500012
23457|0xef184861|19|92549849388
23457|0x4ef184861|20|176261909832
23457|0xcef184861|21|352272145955
23457|0xcef184861|22|704806674216
23457|0x2cef184861|23|1407678049840
23457|0x6cef184861|24|2819588922432
24015|0x892f|1|319458
24015|0x1892f|2|706533
24015|0x1892f|3|1566201
24015|0x5892f|4|3175667
24015|0x5892f|5|6463530
24015|0x15892f|6|13060370
24015|0x15892f|7|26209374
24015|0x55892f|8|52460820
24015|0x55892f|9|86386413
24015|0x55892f|10|209897720
24015|0x55892f|11|408084137
24015|0x55892f|12|840016234
24015|0x855892f|13|1541813369
24015|0x1855892f|14|2938123433
24015|0x1855892f|15|5436278318
24015|0x5855892f|16|10835546339
24015|0xd855892f|17|26897675922
24015|0xd855892f|18|45485242175
24015|0x2d855892f|19|88020107314
24015|0x6d855892f|20|177001342221
24015|0x6d855892f|21|351688094614
24015|0x6d855892f|22|704995244126
24015|0x26d855892f|23|1406623130572
24015|0x26d855892f|24|2267850350259
24191|0x617f|1|204492
24191|0x1617f|2|437708
24191|0x1617f|3|999137
24191|0x5617f|4|2035418
24191|0xd617f|5|3954437
24191|0x1d617f|6|8158598
24191|0x3d617f|7|16322490
24191|0x7d617f|8|32555959
24191|0x7d617f|9|65275327
24191|0x7d617f|10|130744563
24191|0x7d617f|11|261017815
24191|0x7d617f|12|521233522
24191|0x87d617f|13|1043086058
24191|0x87d617f|14|2089540729
24191|0x87d617f|15|4176077408
24191|0x487d617f|16|6772054482
24191|0x487d617f|17|16605145553
24191|0x487d617f|18|31578290005
24191|0x2487d617f|19|57381050997
24191|0x2487d617f|20|113253200941
24191|0x2487d617f|21|221460121809
24191|0x2487d617f|22|439953099632
24191|0x2487d617f|23|870353062838
24191|0x42487d617f|24|1747982772698
24299|0x59c3|1|204139
24299|0x59c3|2|463269
24299|0x59c3|3|1001414
24299|0x59c3|4|1920660
24299|0x859c3|5|3759136
24299|0x859c3|6|7599760
24299|0x2859c3|7|15119063
24299|0x2859c3|8|30116885
24299|0x2859c3|9|60075029
24299|0x2859c3|10|119317040
24299|0x22859c3|11|238639686
24299|0x62859c3|12|518069771
24299|0xe2859c3|13|1035750037
24299|0x1e2859c3|14|1812408661
24299|0x1e2859c3|15|4021901667
24299|0x1e2859c3|16|7237646673
24299|0x9e2859c3|17|13292073806
24299|0x9e2859c3|18|27084833166
24299|0x9e2859c3|19|53609476585
24299|0x49e2859c3|20|108298064013
24299|0x49e2859c3|21|219963963388
24299|0x149e2859c3|22|437262593082
24299|0x149e2859c3|23|869981767737
24299|0x149e2859c3|24|1745674207360
24413|0xecf5|1|201802
24413|0x1ecf5|2|439161
24413|0x3ecf5|3|933855
24413|0x7ecf5|4|1940933
24413|0x7ecf5|5|4170270
24413|0x17ecf5|6|8081325
24413|0x37ecf5|7|16177320
24413|0x77ecf5|8|32698438
24413|0xf7ecf5|9|65296644
24413|0x1f7ecf5|10|130482453
24413|0x1f7ecf5|11|260729035
24413|0x1f7ecf5|12|528872696
24413|0x9f7ecf5|13|1044356769
24413|0x9f7ecf5|14|2019102951
24413|0x29f7ecf5|15|4176423875
24413|0x69f7ecf5|16|7370381438
24413|0xe9f7ecf5|17|15972135539
24413|0xe9f7ecf5|18|27980970492
24413|0xe9f7ecf5|19|54137144110
24413|0xe9f7ecf5|20|112312582779
24413|0x8e9f7ecf5|21|217838562935
24413|0x18e9f7ecf5|22|434828016922
24413|0x38e9f7ecf5|23|1005470785888
24413|0x38e9f7ecf5|24|2013426115014
24541|0xf075|1|316315
24541|0x1f075|2|690570
24541|0x1f075|3|1619749
24541|0x1f075|4|3182848
24541|0x9f075|5|6531709
24541|0x19f075|6|13081156
24541|0x39f075|7|26359991
24541|0x79f075|8|52765319
24541|0xf9f075|9|97170989
24541|0xf9f075|10|210421054
24541|0xf9f075|11|420898003
24541|0xf9f075|12|841774183
24541|0x8f9f075|13|1368927524
24541|0x8f9f075|14|3059870010
24541|0x8f9f075|15|5660527632
24541|0x8f9f075|16|11276517813
24541|0x88f9f075|17|21562662411
24541|0x188f9f075|18|43334306149
24541|0x188f9f075|19|88489402552
24541|0x188f9f075|20|177012035611
24541|0x988f9f075|21|334040452431
24541|0x1988f9f075|22|414891581071
24541|0x3988f9f075|23|828830902108
24541|0x3988f9f075|24|1653102746364
25021|0xe195|1|224007
25021|0xe195|2|389242
25021|0xe195|3|909529
25021|0xe195|4|2038191
25021|0xe195|5|3670647
25021|0xe195|6|7638510
25021|0x20e195|7|15555116
25021|0x60e195|8|30826169
25021|0x60e195|9|61704301
25021|0x160e195|10|123469573
25021|0x360e195|11|215693518
25021|0x760e195|12|451838319
25021|0xf60e195|13|973850332
25021|0x1f60e195|14|1585312628
25021|0x3f60e195|15|3342650537
25021|0x3f60e195|16|6446860033
25021|0xbf60e195|17|13479515069
25021|0x1bf60e195|18|26023021278
25021|0x3bf60e195|19|52887287309
25021|0x3bf60e195|20|104316626651
25021|0xbbf60e195|21|207416296401
25021|0x1bbf60e195|22|415241379812
25021|0x1bbf60e195|23|824737620104
25021|0x1bbf60e195|24|1661421950739
25133|0x3da5|1|181158
25133|0x3da5|2|389753
25133|0x3da5|3|892953
25133|0x43da5|4|1877378
25133|0xc3da5|5|3888471
25133|0xc3da5|6|7659442
25133|0xc3da5|7|15654419
25133|0x4c3da5|8|30968800
25133|0x4c3da5|9|62033553
25133|0x14c3da5|10|124479498
25133|0x34c3da5|11|248670968
25133|0x74c3da5|12|497176217
25133|0xf4c3da5|13|994415660
25133|0xf4c3da5|14|1989559967
25133|0x2f4c3da5|15|3978251762
25133|0x2f4c3da5|16|6600251580
25133|0xaf4c3da5|17|15913772904
25133|0xaf4c3da5|18|27260604576
25133|0x2af4c3da5|19|55602914532
25133|0x6af4c3da5|20|105119987934
25133|0xeaf4c3da5|21|208470705523
25133|0x1eaf4c3da5|22|413506265817
25133|0x1eaf4c3da5|23|829913699627
25133|0x1eaf4c3da5|24|1656195163391
25229|0x3045|1|205782
25229|0x13045|2|443322
25229|0x33045|3|957664
25229|0x73045|4|1829428
25229|0x73045|5|3735362
25229|0x173045|6|7585198
25229|0x173045|7|15280277
25229|0x573045|8|30726955
25229|0xd73045|9|61235118
25229|0x1d73045|10|122341448
25229|0x1d73045|11|245068997
25229|0x5d73045|12|489853740
25229|0xdd73045|13|980330572
25229|0xdd73045|14|1960441821
25229|0xdd73045|15|3920775140
25229|0xdd73045|16|6489884106
25229|0xdd73045|17|12663515372
25229|0xdd73045|18|26839164156
25229|0xdd73045|19|52599549187
25229|0x40dd73045|20|103643238721
25229|0xc0dd73045|21|205976917858
25229|0x1c0dd73045|22|414164968949
25229|0x1c0dd73045|23|829274529860
25229|0x5c0dd73045|24|1657183225971
25343|0x9cff|1|181414
25343|0x9cff|2|390761
25343|0x29cff|3|924390
25343|0x69cff|4|2079677
25343|0x69cff|5|3656278
25343|0x169cff|6|7751275
25343|0x369cff|7|15496989
25343|0x369cff|8|30973320
25343|0xb69cff|9|62008656
25343|0xb69cff|10|124150879
25343|0x2b69cff|11|247898334
25343|0x6b69cff|12|494464649
25343|0xeb69cff|13|983072903
25343|0x1eb69cff|14|1976801135
25343|0x1eb69cff|15|3953660170
25343|0x1eb69cff|16|7226693567
25343|0x9eb69cff|17|12760030624
25343|0x9eb69cff|18|26193881016
25343|0x9eb69cff|19|52066949953
25343|0x9eb69cff|20|102581515836
25343|0x9eb69cff|21|207690422038
25343|0x9eb69cff|22|414106685179
25343|0x209eb69cff|23|826019356281
25343|0x609eb69cff|24|1659672827193
25451|0xb143|1|224467
25451|0x1b143|2|410100
25451|0x3b143|3|895593
25451|0x3b143|4|1806606
25451|0xbb143|5|3932359
25451|0x1bb143|6|7651240
25451|0x3bb143|7|15286772
25451|0x3bb143|8|30592259
25451|0xbbb143|9|61267868
25451|0xbbb143|10|123161273
25451|0xbbb143|11|246026302
25451|0x4bbb143|12|492168871
25451|0x4bbb143|13|805585633
25451|0x14bbb143|14|1968693032
25451|0x14bbb143|15|3936748769
25451|0x54bbb143|16|7874566460
25451|0x54bbb143|17|15780394938
25451|0x54bbb143|18|29589822008
25451|0x54bbb143|19|54231502789
25451|0x54bbb143|20|104810302514
25451|0x854bbb143|21|207628844843
25451|0x854bbb143|22|416154010300
25451|0x854bbb143|23|832172863862
25451|0x4854bbb143|24|1655777524869
25551|0xc32f|1|206433
25551|0x1c32f|2|445418
25551|0x1c32f|3|1006460
25551|0x1c32f|4|1811585
25551|0x9c32f|5|3796591
25551|0x9c32f|6|7766003
25551|0x29c32f|7|15371893
25551|0x69c32f|8|30653556
25551|0x69c32f|9|49462010
25551|0x69c32f|10|122491476
25551|0x69c32f|11|245022874
25551|0x469c32f|12|492468660
25551|0xc69c32f|13|984974808
25551|0x1c69c32f|14|1966664573
25551|0x3c69c32f|15|3942290902
25551|0x7c69c32f|16|6421541681
25551|0xfc69c32f|17|14220806255
25551|0x1fc69c32f|18|26367758721
25551|0x1fc69c32f|19|51988683501
25551|0x1fc69c32f|20|105327103802
25551|0x9fc69c32f|21|208107359474
25551|0x19fc69c32f|22|419965196090
25551|0x39fc69c32f|23|829396069850
25551|0x39fc69c32f|24|1657576062051
26015|0x765f|1|182278
26015|0x1765f|2|393991
26015|0x1765f|3|905515
26015|0x5765f|4|1844708
26015|0xd765f|5|3971241
26015|0x1d765f|6|7651060
26015|0x1d765f|7|15322930
26015|0x1d765f|8|30924176
26015|0x1d765f|9|61809477
26015|0x1d765f|10|123153560
26015|0x21d765f|11|246854078
26015|0x21d765f|12|492697756
26015|0x21d765f|13|986613630
26015|0x121d765f|14|1972432058
26015|0x321d765f|15|3160223794
26015|0x721d765f|16|7894573605
26015|0xf21d765f|17|13471135837
26015|0xf21d765f|18|26250233266
26015|0xf21d765f|19|52482060622
26015|0x4f21d765f|20|104494459932
26015|0xcf21d765f|21|208060755053
26015|0x1cf21d765f|22|415605248261
26015|0x1cf21d765f|23|824809206246
26015|0x1cf21d765f|24|1664356837097
26113|0x9a01|1|182327
26113|0x19a01|2|409529
26113|0x39a01|3|1025101
26113|0x39a01|4|2000667
26113|0x39a01|5|3691681
26113|0x39a01|6|7808618
26113|0x239a01|7|15526334
26113|0x239a01|8|30703068
26113|0xa39a01|9|62086902
26113|0xa39a01|10|123901198
26113|0xa39a01|11|247821587
26113|0xa39a01|12|495276813
26113|0xa39a01|13|992069416
26113|0x10a39a01|14|1987203240
26113|0x10a39a01|15|3968365784
26113|0x50a39a01|16|7943231642
26113|0xd0a39a01|17|14116129896
26113|0xd0a39a01|18|26249930367
26113|0x2d0a39a01|19|52286080842
26113|0x6d0a39a01|20|105761100175
26113|0xed0a39a01|21|212578407234
26113|0x1ed0a39a01|22|413355641993
26113|0x1ed0a39a01|23|827439953511
26113|0x5ed0a39a01|24|1827895341321
26227|0xaebb|1|181358
26227|0x1aebb|2|406804
26227|0x1aebb|3|879780
26227|0x1aebb|4|2007613
26227|0x1aebb|5|3669155
26227|0x1aebb|6|7821620
26227|0x21aebb|7|15511605
26227|0x61aebb|8|31148700
26227|0xe1aebb|9|62486787
26227|0x1e1aebb|10|124864226
26227|0x1e1aebb|11|249239955
26227|0x5e1aebb|12|499248264
26227|0x5e1aebb|13|997365294
26227|0x15e1aebb|14|1675897851
26227|0x15e1aebb|15|3992804337
26227|0x55e1aebb|16|6842610086
26227|0xd5e1aebb|17|13244074743
26227|0xd5e1aebb|18|26231085231
26227|0xd5e1aebb|19|51690820236
26227|0xd5e1aebb|20|105390732369
26227|0x8d5e1aebb|21|205713187730
26227|0x18d5e1aebb|22|642377947074
26227|0x38d5e1aebb|23|1110772957782
26227|0x78d5e1aebb|24|2359556442035
26389|0xb03d|1|209487
26389|0x1b03d|2|469298
26389|0x1b03d|3|953540
26389|0x5b03d|4|1772695
26389|0x5b03d|5|3851731
26389|0x5b03d|6|7735434
26389|0x25b03d|7|15377976
26389|0x25b03d|8|31044137
26389|0x25b03d|9|61959023
26389|0x125b03d|10|123888541
26389|0x325b03d|11|248401860
26389|0x725b03d|12|497083553
26389|0x725b03d|13|992618814
26389|0x725b03d|14|1985443444
26389|0x725b03d|15|3986962225
26389|0x4725b03d|16|6827956132
26389|0x4725b03d|17|13016275625
26389|0x4725b03d|18|25583164058
26389|0x24725b03d|19|52223531997
26389|0x24725b03d|20|103063898733
26389|0x24725b03d|21|205792221512
26389|0x124725b03d|22|413348941656
26389|0x324725b03d|23|1386649911721
26389|0x724725b03d|24|2150003183406
26519|0x8827|1|326706
26519|0x8827|2|709423
26519|0x8827|3|1536503
26519|0x8827|4|3198169
26519|0x88827|5|6507050
26519|0x188827|6|13181604
26519|0x188827|7|26461080
26519|0x588827|8|52968217
26519|0x588827|9|105865465
26519|0x1588827|10|211792909
26519|0x3588827|11|423645363
26519|0x3588827|12|847500192
26519|0xb588827|13|1457901496
26519|0x1b588827|14|3389408700
26519|0x1b588827|15|6064724330
26519|0x5b588827|16|11068807038
26519|0xdb588827|17|21584422600
26519|0xdb588827|18|44270707306
26519|0x2db588827|19|87610198884
26519|0x2db588827|20|171911299329
26519|0x2db588827|21|349952681178
26519|0x12db588827|22|451214665032
26519|0x32db588827|23|873285812306
26519|0x72db588827|24|1740305277602
26989|0x865|1|205635
26989|0x10865|2|453005
26989|0x30865|3|971262
26989|0x70865|4|2049795
26989|0x70865|5|3949720
26989|0x170865|6|8156900
26989|0x170865|7|16395536
26989|0x570865|8|32614513
26989|0xd70865|9|65463985
26989|0xd70865|10|130763360
26989|0x2d70865|11|261146502
26989|0x2d70865|12|486177571
26989|0xad70865|13|853363040
26989|0x1ad70865|14|2076421289
26989|0x3ad70865|15|4151928138
26989|0x7ad70865|16|8298689099
26989|0xfad70865|17|16581252994
26989|0x1fad70865|18|27799324414
26989|0x3fad70865|19|55781629829
26989|0x7fad70865|20|111850544148
26989|0xffad70865|21|221827310553
26989|0x1ffad70865|22|436029594562
26989|0x1ffad70865|23|866397594030
26989|0x1ffad70865|24|1736840667219
27097|0x8669|1|210229
27097|0x18669|2|399363
27097|0x18669|3|856200
27097|0x58669|4|2032858
27097|0x58669|5|3975678
27097|0x158669|6|8184982
27097|0x358669|7|16144547
27097|0x358669|8|30998027
27097|0xb58669|9|64635581
27097|0xb58669|10|129758060
27097|0x2b58669|11|259382314
27097|0x2b58669|12|518846887
27097|0x2b58669|13|1037854162
27097|0x2b58669|14|1731540506
27097|0x2b58669|15|3707009496
27097|0x42b58669|16|6840761413
27097|0x42b58669|17|13846794228
27097|0x142b58669|18|32248593234
27097|0x342b58669|19|54069464114
27097|0x342b58669|20|111705890303
27097|0x342b58669|21|218500640947
27097|0x342b58669|22|434450837343
27097|0x2342b58669|23|829464219665
27097|0x6342b58669|24|1652690384429
27213|0xde85|1|185715
27213|0xde85|2|419086
27213|0x2de85|3|956163
27213|0x2de85|4|1996123
27213|0x2de85|5|3737084
27213|0x2de85|6|7905438
27213|0x2de85|7|15520393
27213|0x2de85|8|31245263
27213|0x2de85|9|62486576
27213|0x102de85|10|125135326
27213|0x302de85|11|249921009
27213|0x302de85|12|500434177
27213|0xb02de85|13|1002595054
27213|0xb02de85|14|1654512367
27213|0xb02de85|15|3493710542
27213|0xb02de85|16|8035577416
27213|0x8b02de85|17|16125928318
27213|0x18b02de85|18|26434085398
27213|0x38b02de85|19|51783543068
27213|0x38b02de85|20|103397168988
27213|0x38b02de85|21|207294210270
27213|0x38b02de85|22|413307549019
27213|0x238b02de85|23|824215610408
27213|0x638b02de85|24|1652771172057
27319|0x9307|1|204891
27319|0x9307|2|400411
27319|0x29307|3|858747
27319|0x29307|4|1869947
27319|0xa9307|5|3932357
27319|0x1a9307|6|7737057
27319|0x3a9307|7|15729348
27319|0x7a9307|8|31298875
27319|0xfa9307|9|62691770
27319|0xfa9307|10|124853733
27319|0xfa9307|11|250272830
27319|0x4fa9307|12|500741146
27319|0x4fa9307|13|1003468044
27319|0x14fa9307|14|1932619441
27319|0x14fa9307|15|3281351335
27319|0x54fa9307|16|6610560500
27319|0xd4fa9307|17|15580764740
27319|0xd4fa9307|18|26928515174
27319|0xd4fa9307|19|51870345312
27319|0xd4fa9307|20|103133647722
27319|0x8d4fa9307|21|205630425050
27319|0x8d4fa9307|22|413543801842
27319|0x8d4fa9307|23|826615185565
27319|0x8d4fa9307|24|1650322323424
27421|0xaf35|1|183435
27421|0x1af35|2|400656
27421|0x1af35|3|860030
27421|0x5af35|4|1827948
27421|0x5af35|5|4031461
27421|0x5af35|6|7725070
27421|0x25af35|7|15046117
27421|0x25af35|8|31221881
27421|0xa5af35|9|62461510
27421|0x1a5af35|10|124956001
27421|0x1a5af35|11|250319409
27421|0x1a5af35|12|493224371
27421|0x1a5af35|13|1002232672
27421|0x11a5af35|14|1852901063
27421|0x11a5af35|15|4003585963
27421|0x51a5af35|16|7976518761
27421|0xd1a5af35|17|12871850038
27421|0xd1a5af35|18|26332731566
27421|0xd1a5af35|19|53324777145
27421|0xd1a5af35|20|103472745352
27421|0x8d1a5af35|21|206243879814
27421|0x8d1a5af35|22|415778551433
27421|0x28d1a5af35|23|825048783440
27421|0x68d1a5af35|24|1653538379882
27527|0x6a37|1|185631
27527|0x16a37|2|401265
27527|0x16a37|3|861446
27527|0x56a37|4|1821133
27527|0x56a37|5|4026872
27527|0x56a37|6|7730788
27527|0x56a37|7|15766908
27527|0x456a37|8|31267859
27527|0x456a37|9|62540283
27527|0x456a37|10|125410418
27527|0x456a37|11|250464437
27527|0x456a37|12|501972452
27527|0x8456a37|13|868862322
27527|0x8456a37|14|1595677446
27527|0x28456a37|15|3338427951
27527|0x68456a37|16|8034604425
27527|0x68456a37|17|14352318770
27527|0x68456a37|18|32221066211
27527|0x68456a37|19|55796752878
27527|0x468456a37|20|103163111580
27527|0xc68456a37|21|205892932058
27527|0xc68456a37|22|413367844528
27527|0x2c68456a37|23|824944732917
27527|0x2c68456a37|24|1654711153494
27635|0x253b|1|206447
27635|0x1253b|2|401843
27635|0x3253b|3|862605
27635|0x7253b|4|2014633
27635|0xf253b|5|3736291
27635|0x1f253b|6|7802554
27635|0x3f253b|7|15593178
27635|0x3f253b|8|31233239
27635|0xbf253b|9|52289582
27635|0xbf253b|10|125273084
27635|0x2bf253b|11|251323485
27635|0x2bf253b|12|501581713
27635|0x2bf253b|13|800814911
27635|0x2bf253b|14|1613177987
27635|0x2bf253b|15|3259840008
27635|0x2bf253b|16|8031010778
27635|0x82bf253b|17|13162031131
27635|0x82bf253b|18|27018701460
27635|0x282bf253b|19|51790023338
27635|0x282bf253b|20|106638019693
27635|0xa82bf253b|21|204691009805
27635|0xa82bf253b|22|413102376651
27635|0x2a82bf253b|23|826583208886
27635|0x2a82bf253b|24|1657958018259
28129|0x9621|1|212110
28129|0x9621|2|459388
28129|0x9621|3|950704
28129|0x9621|4|1838635
28129|0x9621|5|3947671
28129|0x109621|6|7746157
28129|0x109621|7|15581005
28129|0x109621|8|31395741
28129|0x909621|9|62716357
28129|0x1909621|10|125249619
28129|0x1909621|11|250922883
28129|0x1909621|12|500880870
28129|0x1909621|13|1002121942
28129|0x11909621|14|1979944116
28129|0x11909621|15|4009565414
28129|0x11909621|16|8019814183
28129|0x11909621|17|13259072511
28129|0x11909621|18|25727028898
28129|0x211909621|19|53620625645
28129|0x611909621|20|103587141616
28129|0x611909621|21|207612556616
28129|0x1611909621|22|413192872334
28129|0x3611909621|23|824951213860
28129|0x3611909621|24|1649670395037
28229|0x748d|1|184945
28229|0x748d|2|419006
28229|0x748d|3|869852
28229|0x4748d|4|1913837
28229|0xc748d|5|3888033
28229|0x1c748d|6|7759683
28229|0x1c748d|7|15787841
28229|0x5c748d|8|31330567
28229|0x5c748d|9|62649299
28229|0x15c748d|10|125668520
28229|0x15c748d|11|250648545
28229|0x15c748d|12|502485592
28229|0x95c748d|13|1005183559
28229|0x95c748d|14|1611506144
28229|0x95c748d|15|3223803146
28229|0x495c748d|16|6421240114
28229|0xc95c748d|17|15524836608
28229|0xc95c748d|18|26382064260
28229|0xc95c748d|19|51589481416
28229|0x4c95c748d|20|104039806787
28229|0x4c95c748d|21|206467834240
28229|0x14c95c748d|22|412362676886
28229|0x34c95c748d|23|826973511019
28229|0x74c95c748d|24|2350133882270
28351|0x13f|1|328303
28351|0x13f|2|753720
28351|0x2013f|3|1552313
28351|0x2013f|4|3282695
28351|0xa013f|5|6571677
28351|0xa013f|6|13210349
28351|0xa013f|7|26534022
28351|0xa013f|8|53251449
28351|0xa013f|9|106470911
28351|0xa013f|10|213156385
28351|0xa013f|11|426436254
28351|0x40a013f|12|857489298
28351|0x40a013f|13|1545313052
28351|0x140a013f|14|2815667085
28351|0x140a013f|15|5993529512
28351|0x540a013f|16|11408899971
28351|0x540a013f|17|21960839921
28351|0x1540a013f|18|43365108042
28351|0x3540a013f|19|87060919999
28351|0x3540a013f|20|174331946548
28351|0xb540a013f|21|348339322462
28351|0x1b540a013f|22|635524065728
28351|0x1b540a013f|23|858344401290
28351|0x1b540a013f|24|1963465578242
28491|0x2263|1|255248
28491|0x12263|2|461376
28491|0x32263|3|992133
28491|0x72263|4|1952941
28491|0x72263|5|4119984
28491|0x72263|6|8200288
28491|0x72263|7|16256997
28491|0x72263|8|33124756
28491|0x72263|9|65757988
28491|0x72263|10|131818724
28491|0x2072263|11|263462871
28491|0x2072263|12|526652526
28491|0x2072263|13|1054105172
28491|0x12072263|14|2105741404
28491|0x32072263|15|4174266440
28491|0x72072263|16|8426024844
28491|0xf2072263|17|13720300186
28491|0xf2072263|18|31325505394
28491|0xf2072263|19|54868600196
28491|0xf2072263|20|110100719575
28491|0x8f2072263|21|219891109616
28491|0x18f2072263|22|431530581493
28491|0x18f2072263|23|867444545529
28491|0x58f2072263|24|1738520668320
28609|0xa041|1|212134
28609|0x1a041|2|462221
28609|0x3a041|3|960971
28609|0x3a041|4|1901204
28609|0xba041|5|4199517
28609|0xba041|6|8135573
28609|0xba041|7|16378239
28609|0x4ba041|8|32900761
28609|0xcba041|9|65761157
28609|0xcba041|10|131493449
28609|0xcba041|11|263080761
28609|0x4cba041|12|527386629
28609|0xccba041|13|1054585354
28609|0x1ccba041|14|2108363470
28609|0x1ccba041|15|4136342594
28609|0x1ccba041|16|7149710065
28609|0x1ccba041|17|13423899070
28609|0x1ccba041|18|26215355628
28609|0x21ccba041|19|51705168854
28609|0x61ccba041|20|102893396871
28609|0xe1ccba041|21|206467551672
28609|0xe1ccba041|22|412494833633
28609|0x2e1ccba041|23|1370091080740
28609|0x6e1ccba041|24|2499325424550
29129|0x7879|1|330247
29129|0x7879|2|758720
29129|0x7879|3|1570885
29129|0x47879|4|3193459
29129|0x47879|5|6536185
29129|0x147879|6|13250153
29129|0x147879|7|26576118
29129|0x547879|8|53362796
29129|0xd47879|9|106764261
29129|0xd47879|10|183394457
29129|0xd47879|11|485140105
29129|0xd47879|12|855176021
29129|0xd47879|13|1710605261
29129|0x10d47879|14|2851505735
29129|0x10d47879|15|5396704751
29129|0x10d47879|16|10818874365
29129|0x10d47879|17|21669061511
29129|0x110d47879|18|43593251767
29129|0x110d47879|19|86872271306
29129|0x510d47879|20|175915169485
29129|0xd10d47879|21|349187641555
29129|0x1d10d47879|22|593689100054
29129|0x1d10d47879|23|1206369819432
29129|0x5d10d47879|24|2782051079312
29297|0xe91|1|334457
29297|0x10e91|2|732152
29297|0x10e91|3|1573614
29297|0x50e91|4|2586556
29297|0xd0e91|5|6538494
29297|0xd0e91|6|13244917
29297|0xd0e91|7|26641954
29297|0x4d0e91|8|53453187
29297|0xcd0e91|9|106889398
29297|0x1cd0e91|10|213835111
29297|0x1cd0e91|11|427991348
29297|0x5cd0e91|12|855879173
29297|0x5cd0e91|13|1487733747
29297|0x5cd0e91|14|3423513440
29297|0x25cd0e91|15|6846766892
29297|0x25cd0e91|16|10798948247
29297|0x25cd0e91|17|21762598605
29297|0x25cd0e91|18|43213283481
29297|0x225cd0e91|19|87491522609
29297|0x225cd0e91|20|174860212500
29297|0xa25cd0e91|21|348585899012
29297|0x1a25cd0e91|22|694991259187
29297|0x3a25cd0e91|23|1318800426397
29297|0x3a25cd0e91|24|2441281613649
29463|0xf4a7|1|335056
29463|0x1f4a7|2|732405
29463|0x1f4a7|3|1606608
29463|0x5f4a7|4|3217876
29463|0x5f4a7|5|6563821
29463|0x15f4a7|6|13296599
29463|0x35f4a7|7|26707383
29463|0x75f4a7|8|53482696
29463|0xf5f4a7|9|106891630
29463|0x1f5f4a7|10|213981031
29463|0x3f5f4a7|11|427984967
29463|0x3f5f4a7|12|856239905
29463|0xbf5f4a7|13|1401631109
29463|0x1bf5f4a7|14|2750430352
29463|0x1bf5f4a7|15|5763470994
29463|0x1bf5f4a7|16|10784591799
29463|0x1bf5f4a7|17|23471941451
29463|0x1bf5f4a7|18|43466789738
29463|0x21bf5f4a7|19|86875636992
29463|0x21bf5f4a7|20|156839215368
29463|0x21bf5f4a7|21|205395535862
29463|0x21bf5f4a7|22|553817240402
29463|0x21bf5f4a7|23|1390772541661
29463|0x421bf5f4a7|24|2766131959162
29631|0x7c3f|1|214901
29631|0x17c3f|2|467535
29631|0x17c3f|3|1007374
29631|0x57c3f|4|1897096
29631|0xd7c3f|5|3921037
29631|0xd7c3f|6|7858976
29631|0x2d7c3f|7|15882424
29631|0x6d7c3f|8|31579555
29631|0xed7c3f|9|63420161
29631|0xed7c3f|10|127230553
29631|0xed7c3f|11|254186140
29631|0xed7c3f|12|507613484
29631|0xed7c3f|13|932586556
29631|0xed7c3f|14|1603932329
29631|0x20ed7c3f|15|4044954940
29631|0x60ed7c3f|16|7229896729
29631|0x60ed7c3f|17|13273216234
29631|0x160ed7c3f|18|27032075205
29631|0x360ed7c3f|19|51423815713
29631|0x360ed7c3f|20|103507799580
29631|0x360ed7c3f|21|205758573775
29631|0x1360ed7c3f|22|454165283958
29631|0x1360ed7c3f|23|1248554586570
29631|0x1360ed7c3f|24|1936417888291
30121|0xfe99|1|205524
30121|0xfe99|2|413594
30121|0xfe99|3|892340
30121|0x4fe99|4|1829997
30121|0xcfe99|5|4014995
30121|0x1cfe99|6|7786206
30121|0x1cfe99|7|15901630
30121|0x1cfe99|8|31931071
30121|0x9cfe99|9|63717064
30121|0x9cfe99|10|127328942
30121|0x9cfe99|11|254526309
30121|0x9cfe99|12|507929401
30121|0x89cfe99|13|1016965191
30121|0x189cfe99|14|1746941572
30121|0x189cfe99|15|3202970065
30121|0x189cfe99|16|7123354836
30121|0x189cfe99|17|17096433808
30121|0x189cfe99|18|43205095756
30121|0x189cfe99|19|87194273346
30121|0x189cfe99|20|172837459010
30121|0x189cfe99|21|250573689813
30121|0x10189cfe99|22|421053770725
30121|0x30189cfe99|23|1276479856798
30121|0x30189cfe99|24|2599497227825
30277|0x2c8d|1|337491
30277|0x12c8d|2|740319
30277|0x32c8d|3|1635863
30277|0x72c8d|4|3250840
30277|0xf2c8d|5|6628716
30277|0xf2c8d|6|13327275
30277|0x2f2c8d|7|26789127
30277|0x6f2c8d|8|53605387
30277|0xef2c8d|9|107280580
30277|0x1ef2c8d|10|214640565
30277|0x1ef2c8d|11|416577606
30277|0x5ef2c8d|12|772011338
30277|0xdef2c8d|13|1414317871
30277|0xdef2c8d|14|3276524203
30277|0xdef2c8d|15|5461249764
30277|0xdef2c8d|16|11242351647
30277|0xdef2c8d|17|23153772044
30277|0xdef2c8d|18|43874737711
30277|0xdef2c8d|19|87076781450
30277|0xdef2c8d|20|172457533592
30277|0xdef2c8d|21|345071543791
30277|0x100def2c8d|22|693717311393
30277|0x100def2c8d|23|1131138468635
30277|0x500def2c8d|24|1707407670125
30411|0xbee3|1|232517
30411|0xbee3|2|471808
30411|0xbee3|3|1018324
30411|0x4bee3|4|2055612
30411|0x4bee3|5|4069198
30411|0x4bee3|6|8357172
30411|0x4bee3|7|16650505
30411|0x44bee3|8|33287495
30411|0xc4bee3|9|66826542
30411|0xc4bee3|10|133873574
30411|0xc4bee3|11|267212239
30411|0x4c4bee3|12|535007579
30411|0xcc4bee3|13|969820294
30411|0x1cc4bee3|14|2136569966
30411|0x1cc4bee3|15|3506425114
30411|0x1cc4bee3|16|8562174623
30411|0x9cc4bee3|17|14819263044
30411|0x19cc4bee3|18|31637150187
30411|0x39cc4bee3|19|60989700942
30411|0x39cc4bee3|20|113027567500
30411|0x39cc4bee3|21|217234089227
30411|0x39cc4bee3|22|434597958479
30411|0x239cc4bee3|23|841083179203
30411|0x239cc4bee3|24|2548295019846
30549|0xcdfd|1|233579
30549|0x1cdfd|2|449049
30549|0x3cdfd|3|1019904
30549|0x7cdfd|4|1948963
30549|0xfcdfd|5|3806021
30549|0xfcdfd|6|7977863
30549|0xfcdfd|7|15567861
30549|0xfcdfd|8|31507895
30549|0xfcdfd|9|62976339
30549|0xfcdfd|10|126144761
30549|0x20fcdfd|11|253453249
30549|0x20fcdfd|12|508059609
30549|0xa0fcdfd|13|1020853256
30549|0x1a0fcdfd|14|1682377911
30549|0x1a0fcdfd|15|3649388743
30549|0x1a0fcdfd|16|8078426476
30549|0x1a0fcdfd|17|21028064608
30549|0x1a0fcdfd|18|43907558073
30549|0x21a0fcdfd|19|86607379170
30549|0x21a0fcdfd|20|173090075839
30549|0x21a0fcdfd|21|245515212683
30549|0x121a0fcdfd|22|582135211105
30549|0x321a0fcdfd|23|1107101107056
30549|0x721a0fcdfd|24|1727650327784
30675|0xf85b|1|231931
30675|0x1f85b|2|472914
30675|0x3f85b|3|1021215
30675|0x3f85b|4|2061318
30675|0xbf85b|5|4066052
30675|0x1bf85b|6|8325056
30675|0x1bf85b|7|16649561
30675|0x1bf85b|8|33176242
30675|0x9bf85b|9|66716410
30675|0x19bf85b|10|132816298
30675|0x19bf85b|11|266228805
30675|0x59bf85b|12|530313914
30675|0x59bf85b|13|1059724498
30675|0x59bf85b|14|2128346854
30675|0x259bf85b|15|4259016978
30675|0x259bf85b|16|8491481516
30675|0xa59bf85b|17|16182914782
30675|0xa59bf85b|18|26912903962
30675|0xa59bf85b|19|54620689361
30675|0x4a59bf85b|20|115250089439
30675|0x4a59bf85b|21|218536829265
30675|0x14a59bf85b|22|433301176663
30675|0x14a59bf85b|23|866104093681
30675|0x14a59bf85b|24|1742031171643
31145|0x3a99|1|212421
31145|0x13a99|2|418950
31145|0x33a99|3|939276
31145|0x73a99|4|2092041
31145|0xf3a99|5|4172013
31145|0xf3a99|6|8225245
31145|0xf3a99|7|16755968
31145|0x4f3a99|8|33514023
31145|0x4f3a99|9|66564753
31145|0x14f3a99|10|133415877
31145|0x14f3a99|11|266438321
31145|0x14f3a99|12|533476646
31145|0x14f3a99|13|858654487
31145|0x114f3a99|14|2037736924
31145|0x314f3a99|15|3509384858
31145|0x314f3a99|16|6702122106
31145|0x314f3a99|17|13573466254
31145|0x1314f3a99|18|27922757211
31145|0x1314f3a99|19|54889379473
31145|0x1314f3a99|20|108729335190
31145|0x9314f3a99|21|217769624485
31145|0x9314f3a99|22|439433121101
31145|0x29314f3a99|23|863581169370
31145|0x29314f3a99|24|1746457835890
31255|0x5da7|1|230427
31255|0x5da7|2|474203
31255|0x25da7|3|1029832
31255|0x25da7|4|2080227
31255|0xa5da7|5|4034344
31255|0x1a5da7|6|8409321
31255|0x1a5da7|7|16894236
31255|0x1a5da7|8|33592121
31255|0x1a5da7|9|67485737
31255|0x11a5da7|10|134593704
31255|0x31a5da7|11|269467822
31255|0x31a5da7|12|508544642
31255|0xb1a5da7|13|1007674847
31255|0x1b1a5da7|14|1900886830
31255|0x1b1a5da7|15|3471558400
31255|0x1b1a5da7|16|6796483206
31255|0x1b1a5da7|17|14368763337
31255|0x11b1a5da7|18|27881043858
31255|0x11b1a5da7|19|54577250729
31255|0x51b1a5da7|20|110510310119
31255|0x51b1a5da7|21|217943376331
31255|0x51b1a5da7|22|438828524653
31255|0x251b1a5da7|23|872763960563
31255|0x651b1a5da7|24|1734312823085
31375|0x646f|1|216772
31375|0x1646f|2|481509
31375|0x1646f|3|907558
31375|0x5646f|4|2070618
31375|0x5646f|5|4208891
31375|0x5646f|6|8351316
31375|0x25646f|7|16729831
31375|0x65646f|8|33617459
31375|0xe5646f|9|67489692
31375|0xe5646f|10|134849962
31375|0x2e5646f|11|269302995
31375|0x2e5646f|12|539352377
31375|0x2e5646f|13|1077777660
31375|0x12e5646f|14|2017798645
31375|0x32e5646f|15|3459594161
31375|0x72e5646f|16|6804221026
31375|0xf2e5646f|17|17103390661
31375|0x1f2e5646f|18|34437712559
31375|0x1f2e5646f|19|55338964516
31375|0x1f2e5646f|20|108364923141
31375|0x9f2e5646f|21|217747781011
31375|0x19f2e5646f|22|432453833005
31375|0x19f2e5646f|23|862422799912
31375|0x59f2e5646f|24|1735000263603
31489|0x8501|1|190587
31489|0x8501|2|479138
31489|0x8501|3|1032773
31489|0x8501|4|2101863
31489|0x88501|5|4209814
31489|0x188501|6|8376968
31489|0x188501|7|16777721
31489|0x188501|8|33693149
31489|0x188501|9|56829146
31489|0x188501|10|134819063
31489|0x188501|11|269039433
31489|0x188501|12|538546585
31489|0x8188501|13|1078354286
31489|0x18188501|14|1694508984
31489|0x38188501|15|4313327171
31489|0x38188501|16|8038286900
31489|0x38188501|17|13778982272
31489|0x38188501|18|27193015748
31489|0x38188501|19|53936152428
31489|0x438188501|20|108147084594
31489|0xc38188501|21|216504256855
31489|0xc38188501|22|431610155366
31489|0xc38188501|23|863168821472
31489|0xc38188501|24|1732568454602
31601|0xe591|1|217255
31601|0xe591|2|478178
31601|0x2e591|3|1034334
31601|0x6e591|4|2104942
31601|0xee591|5|4051518
31601|0xee591|6|8359734
31601|0x2ee591|7|16779444
31601|0x2ee591|8|33420600
31601|0x2ee591|9|67009193
31601|0x12ee591|10|134086648
31601|0x32ee591|11|268648955
31601|0x32ee591|12|515898362
31601|0x32ee591|13|1073976263
31601|0x132ee591|14|1912552608
31601|0x132ee591|15|4297962616
31601|0x132ee591|16|7477979687
31601|0x132ee591|17|13701727614
31601|0x132ee591|18|26990154641
31601|0x132ee591|19|54013019248
31601|0x132ee591|20|108620845152
31601|0x132ee591|21|216698385011
31601|0x132ee591|22|430648592146
31601|0x132ee591|23|862710400020
31601|0x40132ee591|24|1730888784155
31713|0x821|1|214904
31713|0x10821|2|478496
31713|0x10821|3|1035968
31713|0x10821|4|2124649
31713|0x10821|5|4058539
31713|0x110821|6|8381829
31713|0x310821|7|16803256
31713|0x310821|8|33593401
31713|0x310821|9|67069692
31713|0x310821|10|134231042
31713|0x2310821|11|268523122
31713|0x6310821|12|521752739
31713|0x6310821|13|1074886795
31713|0x6310821|14|1963327615
31713|0x6310821|15|4316834254
31713|0x6310821|16|8255992389
31713|0x6310821|17|14205867735
31713|0x106310821|18|30787684903
31713|0x106310821|19|55987799222
31713|0x106310821|20|113994945273
31713|0x106310821|21|218263431946
31713|0x106310821|22|431785795380
31713|0x2106310821|23|863651268481
31713|0x2106310821|24|1734997886870
32165|0x222d|1|215878
32165|0x222d|2|479099
32165|0x2222d|3|1041766
32165|0x2222d|4|2124296
32165|0x2222d|5|4107864
32165|0x12222d|6|8362907
32165|0x32222d|7|16984244
32165|0x32222d|8|33719546
32165|0x32222d|9|67660627
32165|0x132222d|10|134805615
32165|0x132222d|11|269977290
32165|0x132222d|12|540305678
32165|0x132222d|13|1080264136
32165|0x132222d|14|2146173120
32165|0x132222d|15|3870257229
32165|0x4132222d|16|6976483272
32165|0xc132222d|17|13749595695
32165|0xc132222d|18|27264154503
32165|0x2c132222d|19|54897826893
32165|0x6c132222d|20|108201750310
32165|0x6c132222d|21|216913281585
32165|0x16c132222d|22|431571912712
32165|0x16c132222d|23|862607599982
32165|0x16c132222d|24|1729089713695
32277|0x613d|1|218607
32277|0x613d|2|481645
32277|0x613d|3|1057345
32277|0x4613d|4|2108580
32277|0xc613d|5|4077659
32277|0xc613d|6|8355751
32277|0x2c613d|7|16745670
32277|0x2c613d|8|33488534
32277|0xac613d|9|67161555
32277|0xac613d|10|134282709
32277|0x2ac613d|11|269112492
32277|0x2ac613d|12|538870505
32277|0x2ac613d|13|1076995722
32277|0x12ac613d|14|1695839552
32277|0x32ac613d|15|4152430689
32277|0x32ac613d|16|8667260481
32277|0x32ac613d|17|13738299923
32277|0x132ac613d|18|30984749519
32277|0x332ac613d|19|54821946302
32277|0x732ac613d|20|108456675656
32277|0xf32ac613d|21|216671521658
32277|0x1f32ac613d|22|432693844437
32277|0x1f32ac613d|23|864042543866
32277|0x1f32ac613d|24|1733378445773
32389|0xca4d|1|218590
32389|0x1ca4d|2|482346
32389|0x1ca4d|3|1062489
32389|0x1ca4d|4|1954140
32389|0x1ca4d|5|4249960
32389|0x1ca4d|6|8380773
32389|0x1ca4d|7|16740957
32389|0x1ca4d|8|33631171
32389|0x81ca4d|9|67246936
32389|0x181ca4d|10|134473610
32389|0x381ca4d|11|269439886
32389|0x781ca4d|12|536656124
32389|0xf81ca4d|13|1075900795
32389|0x1f81ca4d|14|2161772823
32389|0x1f81ca4d|15|4325809526
32389|0x5f81ca4d|16|6982136612
32389|0xdf81ca4d|17|13542050716
32389|0xdf81ca4d|18|26917177595
32389|0x2df81ca4d|19|54223565523
32389|0x2df81ca4d|20|108137096188
32389|0x2df81ca4d|21|216203740464
32389|0x2df81ca4d|22|431512220017
32389|0x2df81ca4d|23|865528671423
32389|0x2df81ca4d|24|1727134755987
32497|0xb211|1|218692
32497|0xb211|2|480793
32497|0xb211|3|1064629
32497|0x4b211|4|2115154
32497|0x4b211|5|4264100
32497|0x14b211|6|8396082
32497|0x34b211|7|16812590
32497|0x74b211|8|33692126
32497|0xf4b211|9|67576916
32497|0xf4b211|10|135116216
32497|0x2f4b211|11|270592526
32497|0x2f4b211|12|528821424
32497|0xaf4b211|13|1082228104
32497|0xaf4b211|14|1826995847
32497|0xaf4b211|15|4327730044
32497|0x4af4b211|16|8612998099
32497|0x4af4b211|17|14080742015
32497|0x14af4b211|18|29590098065
32497|0x14af4b211|19|55166472741
32497|0x54af4b211|20|108478563581
32497|0x54af4b211|21|215683214787
32497|0x54af4b211|22|432652958159
32497|0x254af4b211|23|862221379877
32497|0x254af4b211|24|1725248131189
32615|0x2c57|1|192633
32615|0x12c57|2|438341
32615|0x12c57|3|1001053
32615|0x12c57|4|2118005
32615|0x92c57|5|4278646
32615|0x192c57|6|8416580
32615|0x392c57|7|16840314
32615|0x392c57|8|33868913
32615|0x392c57|9|67682611
32615|0x392c57|10|135477587
32615|0x392c57|11|270855575
32615|0x4392c57|12|540760385
32615|0x4392c57|13|1082750037
32615|0x14392c57|14|1704245371
32615|0x14392c57|15|3376822491
32615|0x14392c57|16|8655104708
32615|0x94392c57|17|13707100835
32615|0x94392c57|18|27085831257
32615|0x94392c57|19|53789032144
32615|0x494392c57|20|111852796070
32615|0x494392c57|21|216603170799
32615|0x494392c57|22|431385803707
32615|0x2494392c57|23|868237595439
32615|0x6494392c57|24|1727900703868
32727|0xe3e7|1|216195
32727|0x1e3e7|2|482000
32727|0x3e3e7|3|1054481
32727|0x7e3e7|4|2072549
32727|0x7e3e7|5|4191028
32727|0x17e3e7|6|8454287
32727|0x37e3e7|7|16995329
32727|0x37e3e7|8|33805828
32727|0x37e3e7|9|67610464
32727|0x137e3e7|10|135226811
32727|0x137e3e7|11|270410405
32727|0x137e3e7|12|541601369
32727|0x137e3e7|13|1082581843
32727|0x137e3e7|14|2165937337
32727|0x137e3e7|15|4331926680
32727|0x4137e3e7|16|7294279483
32727|0xc137e3e7|17|14446698625
32727|0x1c137e3e7|18|27388068694
32727|0x1c137e3e7|19|53958454835
32727|0x5c137e3e7|20|108609826167
32727|0x5c137e3e7|21|216092227262
32727|0x15c137e3e7|22|435860626009
32727|0x35c137e3e7|23|864201341651
32727|0x35c137e3e7|24|1716095542832
33037|0x135c5|1|368904
33037|0x135c5|2|873936
33037|0x135c5|3|1920234
33037|0x935c5|4|3801301
33037|0x1935c5|5|7889811
33037|0x3935c5|6|15830402
33037|0x3935c5|7|31679401
33037|0x3935c5|8|63217225
33037|0x13935c5|9|126713224
33037|0x13935c5|10|253866064
33037|0x53935c5|11|507236305
33037|0xd3935c5|12|1014644354
33037|0xd3935c5|13|2029455375
33037|0xd3935c5|14|3448405728
33037|0xd3935c5|15|8119289631
33037|0x8d3935c5|16|16237208455
33037|0x18d3935c5|17|28406818396
33037|0x38d3935c5|18|56643650884
33037|0x38d3935c5|19|111343595226
33037|0xb8d3935c5|20|224322962680
33037|0xb8d3935c5|21|442431242447
33037|0xb8d3935c5|22|878862074643
33037|0x4b8d3935c5|23|1773459270182
33037|0x4b8d3935c5|24|3510918844330
33147|0x135b3|1|340274
33147|0x135b3|2|831511
33147|0x535b3|3|1922487
33147|0x535b3|4|3732624
33147|0x1535b3|5|7729293
33147|0x1535b3|6|15409970
33147|0x5535b3|7|30852946
33147|0x5535b3|8|61870227
33147|0x15535b3|9|123753818
33147|0x15535b3|10|247812292
33147|0x55535b3|11|495782018
33147|0x55535b3|12|992576195
33147|0x55535b3|13|1983750364
33147|0x55535b3|14|3967249806
33147|0x55535b3|15|7934781360
33147|0x855535b3|16|14683493596
33147|0x855535b3|17|27993605740
33147|0x855535b3|18|64466813863
33147|0x855535b3|19|116348675343
33147|0x855535b3|20|216464571394
33147|0x10855535b3|21|435515220581
33147|0x30855535b3|22|877366472509
33147|0x30855535b3|23|1767948263882
33147|0xb0855535b3|24|3506578760916
33267|0x1ff3b|1|322707
33267|0x3ff3b|2|782074
33267|0x3ff3b|3|1944926
33267|0xbff3b|4|3736487
33267|0xbff3b|5|7774304
33267|0xbff3b|6|15480393
33267|0xbff3b|7|30888394
33267|0xbff3b|8|61789209
33267|0x10bff3b|9|123858473
33267|0x30bff3b|10|244057466
33267|0x30bff3b|11|496259090
33267|0x30bff3b|12|991509564
33267|0x130bff3b|13|1759675728
33267|0x330bff3b|14|3319020910
33267|0x330bff3b|15|7004727416
33267|0xb30bff3b|16|15991264915
33267|0x1b30bff3b|17|28003745260
33267|0x3b30bff3b|18|55382505598
33267|0x7b30bff3b|19|113182258852
33267|0xfb30bff3b|20|235036694892
33267|0xfb30bff3b|21|440543499261
33267|0x2fb30bff3b|22|881541192115
33267|0x2fb30bff3b|23|1774801577506
33267|0xafb30bff3b|24|3510956409040
33365|0x6afd|1|369868
33365|0x6afd|2|784173
33365|0x6afd|3|1835612
33365|0x86afd|4|3802189
33365|0x86afd|5|7884487
33365|0x286afd|6|15467176
33365|0x686afd|7|31175617
33365|0x686afd|8|62410949
33365|0x1686afd|9|124859623
33365|0x3686afd|10|250161074
33365|0x3686afd|11|500395959
33365|0xb686afd|12|1000615596
33365|0x1b686afd|13|2001075341
33365|0x3b686afd|14|4003089225
33365|0x7b686afd|15|8005671525
33365|0x7b686afd|16|13625067714
33365|0x7b686afd|17|32093724323
33365|0x7b686afd|18|67923673664
33365|0x47b686afd|19|120952588163
33365|0xc7b686afd|20|215184085743
33365|0x1c7b686afd|21|436800703789
33365|0x3c7b686afd|22|877172933424
33365|0x7c7b686afd|23|1767557252904
33365|0x7c7b686afd|24|3504912649892
33491|0x1255b|1|370685
33491|0x3255b|2|781194
33491|0x3255b|3|1781332
33491|0x3255b|4|3992502
33491|0x13255b|5|7663319
33491|0x13255b|6|15733066
33491|0x53255b|7|31120081
33491|0xd3255b|8|62349527
33491|0x1d3255b|9|124832852
33491|0x3d3255b|10|227322208
33491|0x3d3255b|11|499840742
33491|0x3d3255b|12|999260077
33491|0x3d3255b|13|1999486491
33491|0x23d3255b|14|3998818193
33491|0x63d3255b|15|7997184429
33491|0xe3d3255b|16|14867209484
33491|0x1e3d3255b|17|27364331781
33491|0x1e3d3255b|18|65385067600
33491|0x1e3d3255b|19|111740389901
33491|0x1e3d3255b|20|218474452848
33491|0x1e3d3255b|21|439478300240
33491|0x1e3d3255b|22|876753036683
33491|0x41e3d3255b|23|1777967097178
33491|0x41e3d3255b|24|3503273042117
33593|0x17b09|1|370688
33593|0x37b09|2|878585
33593|0x77b09|3|1733799
33593|0x77b09|4|3917005
33593|0x77b09|5|7769307
33593|0x277b09|6|15641611
33593|0x677b09|7|31202360
33593|0x677b09|8|62607695
33593|0x1677b09|9|124993495
33593|0x1677b09|10|249993481
33593|0x5677b09|11|500266767
33593|0xd677b09|12|852789230
33593|0x1d677b09|13|2001658047
33593|0x1d677b09|14|4003730285
33593|0x1d677b09|15|8006446360
33593|0x9d677b09|16|15048011306
33593|0x19d677b09|17|29519076680
33593|0x19d677b09|18|66041664226
33593|0x19d677b09|19|111312786564
33593|0x99d677b09|20|215113576986
33593|0x199d677b09|21|438324825357
33593|0x199d677b09|22|877763903047
33593|0x599d677b09|23|1766901074016
33593|0xd99d677b09|24|3503918387006
33703|0x1f417|1|367456
33703|0x3f417|2|879209
33703|0x7f417|3|1941910
33703|0xff417|4|3791553
33703|0x1ff417|5|7725882
33703|0x1ff417|6|15567991
33703|0x5ff417|7|31350284
33703|0xdff417|8|62456427
33703|0xdff417|9|124993479
33703|0xdff417|10|250119488
33703|0x4dff417|11|500489377
33703|0xcdff417|12|1000931006
33703|0xcdff417|13|2002170753
33703|0xcdff417|14|4004026158
33703|0xcdff417|15|8012162923
33703|0xcdff417|16|13333051241
33703|0x10cdff417|17|33831108818
33703|0x30cdff417|18|66081201712
33703|0x70cdff417|19|110205270819
33703|0x70cdff417|20|217640895262
33703|0x170cdff417|21|437077921302
33703|0x370cdff417|22|876093791045
33703|0x370cdff417|23|1763212418250
33703|0xb70cdff417|24|3509354287695
34019|0xe0cb|1|370854
34019|0xe0cb|2|814049
34019|0xe0cb|3|1791889
34019|0xe0cb|4|4015645
34019|0x10e0cb|5|7735540
34019|0x30e0cb|6|15571615
34019|0x70e0cb|7|31597682
34019|0x70e0cb|8|62769313
34019|0x70e0cb|9|126116848
34019|0x70e0cb|10|251936917
34019|0x70e0cb|11|476209870
34019|0x870e0cb|12|1007969924
34019|0x1870e0cb|13|2015893811
34019|0x3870e0cb|14|4033022082
34019|0x7870e0cb|15|8064818374
34019|0x7870e0cb|16|16182324927
34019|0x17870e0cb|17|30127073113
34019|0x17870e0cb|18|65649007169
34019|0x17870e0cb|19|115427947027
34019|0x97870e0cb|20|222329215079
34019|0x97870e0cb|21|440278696501
34019|0x97870e0cb|22|875354502936
34019|0x97870e0cb|23|1762868442310
34019|0x897870e0cb|24|3509404379295
34133|0x14ffd|1|374550
34133|0x34ffd|2|882999
34133|0x34ffd|3|1965168
34133|0xb4ffd|4|3776268
34133|0x1b4ffd|5|7785124
34133|0x3b4ffd|6|15746276
34133|0x7b4ffd|7|31277902
34133|0xfb4ffd|8|62851510
34133|0xfb4ffd|9|126075305
34133|0xfb4ffd|10|252002818
34133|0x4fb4ffd|11|423016369
34133|0xcfb4ffd|12|1008252375
34133|0xcfb4ffd|13|1934897837
34133|0x2cfb4ffd|14|4069124581
34133|0x2cfb4ffd|15|8097021946
34133|0xacfb4ffd|16|14041026410
34133|0xacfb4ffd|17|32404241226
34133|0xacfb4ffd|18|59816629144
34133|0xacfb4ffd|19|123934078000
34133|0x8acfb4ffd|20|216839736285
34133|0x8acfb4ffd|21|434563053870
34133|0x8acfb4ffd|22|875574279328
34133|0x48acfb4ffd|23|1763160509973
34133|0x48acfb4ffd|24|3508426637479
34247|0x1abf7|1|371335
34247|0x1abf7|2|884024
34247|0x5abf7|3|1871661
34247|0x5abf7|4|3230673
34247|0x5abf7|5|7854550
34247|0x5abf7|6|15866666
34247|0x45abf7|7|31637121
34247|0xc5abf7|8|63385173
34247|0xc5abf7|9|126935017
34247|0xc5abf7|10|253681065
34247|0x4c5abf7|11|507167509
34247|0xcc5abf7|12|1015146777
34247|0xcc5abf7|13|1898855896
34247|0x2cc5abf7|14|4043472137
34247|0x2cc5abf7|15|8066950809
34247|0xacc5abf7|16|16270229350
34247|0x1acc5abf7|17|32911020998
34247|0x1acc5abf7|18|60451128456
34247|0x1acc5abf7|19|113127259070
34247|0x1acc5abf7|20|214954022396
34247|0x11acc5abf7|21|441424917721
34247|0x11acc5abf7|22|877413808262
34247|0x11acc5abf7|23|1761374726521
34247|0x91acc5abf7|24|3513177066676
34359|0xf87|1|371109
34359|0xf87|2|884754
34359|0x40f87|3|1848470
34359|0x40f87|4|3976108
34359|0x40f87|5|7898091
34359|0x40f87|6|15911039
34359|0x40f87|7|31770766
34359|0x40f87|8|63899609
34359|0x1040f87|9|127186746
34359|0x1040f87|10|254304258
34359|0x1040f87|11|508319188
34359|0x9040f87|12|1017059303
34359|0x19040f87|13|1930759535
34359|0x19040f87|14|3625428304
34359|0x19040f87|15|8118263645
34359|0x99040f87|16|13396871182
34359|0x199040f87|17|32536856953
34359|0x199040f87|18|66493404527
34359|0x199040f87|19|112174601526
34359|0x199040f87|20|217671947366
34359|0x1199040f87|21|436295907287
34359|0x3199040f87|22|877883672300
34359|0x7199040f87|23|1762329058227
34359|0xf199040f87|24|3500828167514
34465|0xdd61|1|372245
34465|0xdd61|2|885941
34465|0x4dd61|3|1977779
34465|0x4dd61|4|3805444
34465|0x14dd61|5|7852521
34465|0x14dd61|6|15675419
34465|0x14dd61|7|31395679
34465|0x14dd61|8|62991581
34465|0x114dd61|9|125803384
34465|0x314dd61|10|251768397
34465|0x714dd61|11|504001062
34465|0x714dd61|12|1007675574
34465|0x714dd61|13|2024225714
34465|0x2714dd61|14|4050554532
34465|0x2714dd61|15|7996745993
34465|0xa714dd61|16|14093108582
34465|0xa714dd61|17|32150616547
34465|0x2a714dd61|18|55672136543
34465|0x2a714dd61|19|109135363149
34465|0x2a714dd61|20|218425779509
34465|0x2a714dd61|21|439924118780
34465|0x22a714dd61|22|880857461154
34465|0x62a714dd61|23|1761496799896
34465|0xe2a714dd61|24|3506182971439
34581|0x903d|1|371877
34581|0x903d|2|871560
34581|0x4903d|3|1761816
34581|0x4903d|4|4038986
34581|0x14903d|5|7871059
34581|0x14903d|6|15583173
34581|0x54903d|7|31682915
34581|0x54903d|8|63345808
34581|0x154903d|9|126434694
34581|0x154903d|10|252954318
34581|0x554903d|11|503997481
34581|0xd54903d|12|993893938
34581|0x1d54903d|13|2010692265
34581|0x1d54903d|14|3991566442
34581|0x1d54903d|15|6975665989
34581|0x1d54903d|16|15208763246
34581|0x1d54903d|17|26462441467
34581|0x21d54903d|18|60268723643
34581|0x61d54903d|19|111575543196
34581|0xe1d54903d|20|216325000906
34581|0xe1d54903d|21|437136042692
34581|0x2e1d54903d|22|878166645695
34581|0x6e1d54903d|23|1760404425047
34581|0xee1d54903d|24|3509733241746
34691|0x3f2b|1|352291
34691|0x3f2b|2|906293
34691|0x3f2b|3|1956099
34691|0x3f2b|4|3825152
34691|0x103f2b|5|7748214
34691|0x303f2b|6|15488969
34691|0x303f2b|7|31098503
34691|0x303f2b|8|62430990
34691|0x303f2b|9|124520222
34691|0x2303f2b|10|249606364
34691|0x2303f2b|11|498765952
34691|0x2303f2b|12|997941083
34691|0x12303f2b|13|1816772870
34691|0x12303f2b|14|3599101617
34691|0x52303f2b|15|8053974505
34691|0xd2303f2b|16|13622103375
34691|0x1d2303f2b|17|27352290141
34691|0x3d2303f2b|18|63487384412
34691|0x7d2303f2b|19|109581771742
34691|0xfd2303f2b|20|215959687487
34691|0x1fd2303f2b|21|439274087603
34691|0x3fd2303f2b|22|878149082236
34691|0x3fd2303f2b|23|1759775840372
34691|0xbfd2303f2b|24|3504187969370
34803|0x693b|1|372155
34803|0x2693b|2|827906
34803|0x2693b|3|1842652
34803|0xa693b|4|4062824
34803|0xa693b|5|7877085
34803|0x2a693b|6|15670697
34803|0x6a693b|7|31749278
34803|0xea693b|8|63408736
34803|0xea693b|9|126777409
34803|0xea693b|10|253403274
34803|0x4ea693b|11|506946452
34803|0xcea693b|12|893339163
34803|0xcea693b|13|2027893267
34803|0x2cea693b|14|4038073667
34803|0x6cea693b|15|7888683308
34803|0x6cea693b|16|13341701750
34803|0x16cea693b|17|27762757218
34803|0x36cea693b|18|57723450234
34803|0x36cea693b|19|110611795563
34803|0x36cea693b|20|216091069894
34803|0x136cea693b|21|444988057807
34803|0x336cea693b|22|882749481202
34803|0x736cea693b|23|1759928923914
34803|0x736cea693b|24|3506305398711
35123|0x99fb|1|359590
35123|0x299fb|2|890997
35123|0x699fb|3|1990766
35123|0xe99fb|4|3733076
35123|0x1e99fb|5|7796841
35123|0x1e99fb|6|15725865
35123|0x1e99fb|7|31266401
35123|0x9e99fb|8|62643254
35123|0x9e99fb|9|125664457
35123|0x9e99fb|10|251447541
35123|0x9e99fb|11|442623709
35123|0x9e99fb|12|926076248
35123|0x9e99fb|13|2000183565
35123|0x9e99fb|14|4024979525
35123|0x9e99fb|15|7343501599
35123|0x9e99fb|16|13263392271
35123|0x1009e99fb|17|29332787050
35123|0x1009e99fb|18|56618361747
35123|0x1009e99fb|19|111455587432
35123|0x9009e99fb|20|217173025309
35123|0x9009e99fb|21|448058355764
35123|0x29009e99fb|22|877232214844
35123|0x29009e99fb|23|1759120764122
35123|0xa9009e99fb|24|3505987984744
35231|0x525f|1|373225
35231|0x525f|2|893132
35231|0x525f|3|1777656
35231|0x8525f|4|3976040
35231|0x8525f|5|7724712
35231|0x8525f|6|15590546
35231|0x48525f|7|31399964
35231|0x48525f|8|63003187
35231|0x148525f|9|125747254
35231|0x148525f|10|251961061
35231|0x148525f|11|503145376
35231|0x148525f|12|1006259444
35231|0x148525f|13|1721252885
35231|0x148525f|14|3937882163
35231|0x148525f|15|8050720919
35231|0x8148525f|16|13902351741
35231|0x8148525f|17|31990849996
35231|0x8148525f|18|56859054584
35231|0x8148525f|19|109890755392
35231|0x8148525f|20|217076475914
35231|0x8148525f|21|443332677876
35231|0x8148525f|22|879721639656
35231|0x8148525f|23|1760742185506
35231|0x808148525f|24|3505591505969
35345|0x1a6f1|1|328373
35345|0x3a6f1|2|885880
35345|0x7a6f1|3|1984998
35345|0x7a6f1|4|3790040
35345|0x7a6f1|5|7815418
35345|0x7a6f1|6|15587505
35345|0x7a6f1|7|31357473
35345|0x87a6f1|8|62890524
35345|0x187a6f1|9|125517316
35345|0x387a6f1|10|251568524
35345|0x787a6f1|11|503254528
35345|0x787a6f1|12|1004380522
35345|0x787a6f1|13|2011196911
35345|0x2787a6f1|14|4021511593
35345|0x6787a6f1|15|6956760567
35345|0x6787a6f1|16|14497721068
35345|0x6787a6f1|17|27395225622
35345|0x26787a6f1|18|54963308747
35345|0x26787a6f1|19|110518400967
35345|0xa6787a6f1|20|231435317266
35345|0xa6787a6f1|21|438026784659
35345|0xa6787a6f1|22|876924341717
35345|0xa6787a6f1|23|1759271483166
35345|0x8a6787a6f1|24|3504986867002
35459|0x1942b|1|328482
35459|0x3942b|2|884899
35459|0x7942b|3|1972475
35459|0x7942b|4|3755500
35459|0x7942b|5|7725832
35459|0x7942b|6|15525681
35459|0x47942b|7|31125037
35459|0xc7942b|8|62432664
35459|0xc7942b|9|124996892
35459|0xc7942b|10|249850940
35459|0x4c7942b|11|451385703
35459|0xcc7942b|12|999342915
35459|0xcc7942b|13|1998646404
35459|0x2cc7942b|14|3996790786
35459|0x2cc7942b|15|7678767846
35459|0xacc7942b|16|15262821840
35459|0xacc7942b|17|28694775655
35459|0xacc7942b|18|54550120910
35459|0x4acc7942b|19|109264209287
35459|0xcacc7942b|20|220033909303
35459|0xcacc7942b|21|439700767839
35459|0x2cacc7942b|22|880560690984
35459|0x2cacc7942b|23|1770170791821
35459|0x2cacc7942b|24|3503940447519
35571|0x9e3b|1|373259
35571|0x29e3b|2|894759
35571|0x29e3b|3|1808084
35571|0xa9e3b|4|3906719
35571|0xa9e3b|5|7682790
35571|0x2a9e3b|6|15532007
35571|0x6a9e3b|7|31167407
35571|0xea9e3b|8|62297586
35571|0xea9e3b|9|124669215
35571|0xea9e3b|10|249668698
35571|0xea9e3b|11|500105461
35571|0x8ea9e3b|12|1003499410
35571|0x18ea9e3b|13|2008099271
35571|0x38ea9e3b|14|3992723119
35571|0x38ea9e3b|15|8043476021
35571|0xb8ea9e3b|16|15306376208
35571|0xb8ea9e3b|17|27626762310
35571|0x2b8ea9e3b|18|58987577784
35571|0x6b8ea9e3b|19|114879822571
35571|0x6b8ea9e3b|20|218544115039
35571|0x16b8ea9e3b|21|436257184539
35571|0x16b8ea9e3b|22|877715580962
35571|0x56b8ea9e3b|23|1766289459798
35571|0x56b8ea9e3b|24|3503950060766
35685|0xae6d|1|373752
35685|0x2ae6d|2|895547
35685|0x6ae6d|3|1991201
35685|0xeae6d|4|3761546
35685|0xeae6d|5|7909230
35685|0xeae6d|6|15540876
35685|0xeae6d|7|31440221
35685|0x8eae6d|8|62933987
35685|0x18eae6d|9|126130776
35685|0x38eae6d|10|251519563
35685|0x38eae6d|11|503204919
35685|0x38eae6d|12|1007259279
35685|0x38eae6d|13|2014377221
35685|0x238eae6d|14|3593567452
35685|0x238eae6d|15|8041966265
35685|0xa38eae6d|16|13385065435
35685|0x1a38eae6d|17|27252770500
35685|0x1a38eae6d|18|57661545658
35685|0x5a38eae6d|19|108976416380
35685|0xda38eae6d|20|217474871206
35685|0x1da38eae6d|21|435613536572
35685|0x1da38eae6d|22|877697739287
35685|0x1da38eae6d|23|1760016139198
35685|0x9da38eae6d|24|3503547471056
35797|0x557d|1|373678
35797|0x2557d|2|896142
35797|0x6557d|3|1931654
35797|0x6557d|4|3822984
35797|0x16557d|5|7870438
35797|0x16557d|6|15549963
35797|0x16557d|7|31432855
35797|0x16557d|8|63130970
35797|0x116557d|9|126019733
35797|0x116557d|10|251659805
35797|0x116557d|11|503388870
35797|0x916557d|12|1007380922
35797|0x1916557d|13|2014756872
35797|0x1916557d|14|3336271657
35797|0x1916557d|15|7995559069
35797|0x1916557d|16|16119187937
35797|0x1916557d|17|28633573424
35797|0x1916557d|18|58091577171
35797|0x41916557d|19|109859499662
35797|0xc1916557d|20|217667688533
35797|0x1c1916557d|21|436478179201
35797|0x1c1916557d|22|883811154143
35797|0x1c1916557d|23|1758111922575
35797|0x1c1916557d|24|3509833081166
