9015|0x287|1|66342
9015|0x287|2|164240
9015|0x10287|3|293687
9015|0x10287|4|588531
9015|0x10287|5|1190130
9015|0x10287|6|2712412
9015|0x110287|7|5083191
9015|0x110287|8|10554220
9015|0x110287|9|23795085
9015|0x110287|10|50061515
9015|0x1110287|11|125069323
9015|0x3110287|12|248489387
9015|0x7110287|13|525831277
9015|0xf110287|14|938169489
9015|0x1f110287|15|1815837651
9015|0x1f110287|16|3608819926
9015|0x1f110287|17|7946870508
9015|0x1f110287|18|13490448655
9015|0x1f110287|19|26673472955
9015|0x21f110287|20|55465176936
9015|0x61f110287|21|110019300149
9015|0x61f110287|22|218960879485
9015|0x161f110287|23|442479534025
9015|0x161f110287|24|879509050449
9131|0x3f03|1|88913
9131|0xbf03|2|203482
9131|0x1bf03|3|443896
9131|0x1bf03|4|912783
9131|0x1bf03|5|1778327
9131|0x9bf03|6|3877667
9131|0x9bf03|7|7462569
9131|0x29bf03|8|15063248
9131|0x29bf03|9|30124426
9131|0x29bf03|10|60319402
9131|0x129bf03|11|125554707
9131|0x129bf03|12|244854863
9131|0x529bf03|13|453580341
9131|0xd29bf03|14|991255271
9131|0xd29bf03|15|1973296258
9131|0xd29bf03|16|3816823010
9131|0xd29bf03|17|6614689495
9131|0x8d29bf03|18|13620814347
9131|0x18d29bf03|19|26963728311
9131|0x38d29bf03|20|55186140829
9131|0x78d29bf03|21|109783183357
9131|0xf8d29bf03|22|223915756115
9131|0x1f8d29bf03|23|444151012323
9131|0x3f8d29bf03|24|874956363327
10003|0x3b1b|1|100886
10003|0xbb1b|2|238653
10003|0x1bb1b|3|436609
10003|0x3bb1b|4|898542
10003|0x3bb1b|5|1878908
10003|0xbbb1b|6|3864939
10003|0xbbb1b|7|7687698
10003|0x2bbb1b|8|15331358
10003|0x6bbb1b|9|30747895
10003|0xebbb1b|10|61313314
10003|0x1ebbb1b|11|122955045
10003|0x3ebbb1b|12|245081821
10003|0x7ebbb1b|13|493050795
10003|0x7ebbb1b|14|997291443
10003|0x7ebbb1b|15|2008921898
10003|0x7ebbb1b|16|3402930206
10003|0x7ebbb1b|17|8101851594
10003|0x87ebbb1b|18|13260791169
10003|0x187ebbb1b|19|30064417535
10003|0x387ebbb1b|20|55496489637
10003|0x387ebbb1b|21|113524228059
10003|0xb87ebbb1b|22|221193901061
10003|0x1b87ebbb1b|23|438283243297
10003|0x1b87ebbb1b|24|874519503471
10109|0x49d5|1|103126
10109|0xc9d5|2|239351
10109|0xc9d5|3|498092
10109|0x2c9d5|4|1018439
10109|0x6c9d5|5|2026045
10109|0x6c9d5|6|3847026
10109|0x16c9d5|7|7979542
10109|0x36c9d5|8|15789216
10109|0x36c9d5|9|31757844
10109|0xb6c9d5|10|63528794
10109|0xb6c9d5|11|126588747
10109|0x2b6c9d5|12|251195337
10109|0x6b6c9d5|13|508115779
10109|0x6b6c9d5|14|857409346
10109|0x6b6c9d5|15|2018855900
10109|0x26b6c9d5|16|4116791676
10109|0x66b6c9d5|17|8158564336
10109|0x66b6c9d5|18|13262291333
10109|0x66b6c9d5|19|28004229091
10109|0x66b6c9d5|20|55914708484
10109|0x66b6c9d5|21|107840017384
10109|0x866b6c9d5|22|220127481593
10109|0x866b6c9d5|23|439201224746
10109|0x866b6c9d5|24|876368930051
10229|0xc5d|1|106109
10229|0xc5d|2|240411
10229|0xc5d|3|500683
10229|0x20c5d|4|906996
10229|0x20c5d|5|1806472
10229|0xa0c5d|6|3955717
10229|0xa0c5d|7|7729020
10229|0xa0c5d|8|15492888
10229|0xa0c5d|9|30972433
10229|0x8a0c5d|10|61928966
10229|0x8a0c5d|11|103593296
10229|0x8a0c5d|12|249584265
10229|0x48a0c5d|13|500011250
10229|0x48a0c5d|14|1002558880
10229|0x48a0c5d|15|1989267624
10229|0x248a0c5d|16|4026564510
10229|0x248a0c5d|17|8105100670
10229|0x248a0c5d|18|14058979025
10229|0x248a0c5d|19|26699985588
10229|0x248a0c5d|20|57020748803
10229|0x4248a0c5d|21|111745202782
10229|0xc248a0c5d|22|220515418476
10229|0x1c248a0c5d|23|437439930919
10229|0x1c248a0c5d|24|874289363177
11083|0x663|1|90514
11083|0x8663|2|212707
11083|0x8663|3|428564
11083|0x28663|4|952280
11083|0x28663|5|2045718
11083|0x28663|6|3779158
11083|0x128663|7|7804190
11083|0x128663|8|15533864
11083|0x128663|9|30890175
11083|0x128663|10|62050471
11083|0x128663|11|124124084
11083|0x2128663|12|247991772
11083|0x2128663|13|498472906
11083|0xa128663|14|1000285306
11083|0x1a128663|15|1999816738
11083|0x1a128663|16|4029201236
11083|0x5a128663|17|6590733332
11083|0xda128663|18|13641773398
11083|0x1da128663|19|27539317531
11083|0x1da128663|20|55661108024
11083|0x5da128663|21|111994347137
11083|0xdda128663|22|218311012573
11083|0x1dda128663|23|439380834149
11083|0x3dda128663|24|873704583517
11177|0x2899|1|107648
11177|0xa899|2|217482
11177|0x1a899|3|505348
11177|0x3a899|4|1009738
11177|0x7a899|5|1806057
11177|0x7a899|6|3988570
11177|0x7a899|7|7817294
11177|0x27a899|8|15740590
11177|0x27a899|9|31505926
11177|0xa7a899|10|62705770
11177|0xa7a899|11|125511710
11177|0xa7a899|12|250844602
11177|0xa7a899|13|502827884
11177|0x8a7a899|14|1009795074
11177|0x8a7a899|15|2022562381
11177|0x28a7a899|16|3285825136
11177|0x28a7a899|17|7750369801
11177|0x28a7a899|18|15997157084
11177|0x128a7a899|19|27487325715
11177|0x128a7a899|20|60576786220
11177|0x128a7a899|21|109175823871
11177|0x928a7a899|22|219481136492
11177|0x928a7a899|23|436831956944
11177|0x2928a7a899|24|873993083027
12065|0x14e1|1|97519
12065|0x14e1|2|195879
12065|0x14e1|3|442440
12065|0x14e1|4|953868
12065|0x14e1|5|2052351
12065|0x814e1|6|3869961
12065|0x814e1|7|7854181
12065|0x2814e1|8|15737157
12065|0x2814e1|9|31445733
12065|0x2814e1|10|63005526
12065|0x12814e1|11|125259679
12065|0x32814e1|12|249915292
12065|0x72814e1|13|501210124
12065|0xf2814e1|14|1011866351
12065|0x1f2814e1|15|2033713489
12065|0x3f2814e1|16|4083777275
12065|0x3f2814e1|17|7573061338
12065|0xbf2814e1|18|13719759463
12065|0x1bf2814e1|19|28169529248
12065|0x3bf2814e1|20|56190880357
12065|0x7bf2814e1|21|109194516738
12065|0xfbf2814e1|22|217027242795
12065|0xfbf2814e1|23|435218413284
12065|0x2fbf2814e1|24|872478410005
12155|0x57b3|1|107014
12155|0x57b3|2|240417
12155|0x57b3|3|504556
12155|0x57b3|4|1011510
12155|0x457b3|5|1813138
12155|0x457b3|6|4043237
12155|0x1457b3|7|7907993
12155|0x3457b3|8|15862536
12155|0x7457b3|9|31647722
12155|0x7457b3|10|63199927
12155|0x7457b3|11|115334943
12155|0x7457b3|12|254129347
12155|0x47457b3|13|509854899
12155|0x47457b3|14|1018657963
12155|0x47457b3|15|2015963508
12155|0x47457b3|16|3430473280
12155|0x47457b3|17|6615574145
12155|0x847457b3|18|15050395048
12155|0x1847457b3|19|26893513000
12155|0x1847457b3|20|56638773930
12155|0x5847457b3|21|109312651229
12155|0xd847457b3|22|218272858349
12155|0x1d847457b3|23|445410749815
12155|0x1d847457b3|24|870676763568
12285|0x2555|1|104981
12285|0xa555|2|224017
12285|0xa555|3|505940
12285|0x2a555|4|906591
12285|0x2a555|5|1976298
12285|0xaa555|6|3939697
12285|0xaa555|7|8135175
12285|0x2aa555|8|15976345
12285|0x2aa555|9|31982269
12285|0xaaa555|10|64188921
12285|0x1aaa555|11|127289366
12285|0x3aaa555|12|254764996
12285|0x7aaa555|13|510526720
12285|0xfaaa555|14|889776101
12285|0x1faaa555|15|1660785463
12285|0x3faaa555|16|3677768911
12285|0x7faaa555|17|7237333079
12285|0xffaaa555|18|13854127449
12285|0x1ffaaa555|19|29548473643
12285|0x3ffaaa555|20|56240258969
12285|0x7ffaaa555|21|108971012109
12285|0xfffaaa555|22|217892073547
12285|0xfffaaa555|23|437782464202
12285|0xfffaaa555|24|870159825581
13123|0x716b|1|93392
13123|0x716b|2|199083
13123|0x716b|3|424418
13123|0x2716b|4|887803
13123|0x6716b|5|2071682
13123|0xe716b|6|3928636
13123|0xe716b|7|8000468
13123|0x2e716b|8|15855119
13123|0x6e716b|9|31821411
13123|0xee716b|10|64012957
13123|0x1ee716b|11|128048257
13123|0x3ee716b|12|256214661
13123|0x3ee716b|13|510837043
13123|0xbee716b|14|909425733
13123|0xbee716b|15|1685544623
13123|0x2bee716b|16|3345201706
13123|0x2bee716b|17|7570290716
13123|0x2bee716b|18|13510952238
13123|0x2bee716b|19|30168447433
13123|0x2bee716b|20|57908797067
13123|0x42bee716b|21|111239097800
13123|0xc2bee716b|22|218492210848
13123|0x1c2bee716b|23|437616129967
13123|0x3c2bee716b|24|875344675865
13235|0x337b|1|109100
13235|0xb37b|2|229004
13235|0x1b37b|3|485994
13235|0x3b37b|4|1012407
13235|0x3b37b|5|2087116
13235|0xbb37b|6|3942435
13235|0x1bb37b|7|8160513
13235|0x3bb37b|8|16211962
13235|0x3bb37b|9|32384278
13235|0xbbb37b|10|64938997
13235|0xbbb37b|11|129889780
13235|0xbbb37b|12|259244780
13235|0xbbb37b|13|519028436
13235|0x8bbb37b|14|836590452
13235|0x8bbb37b|15|2065762693
13235|0x8bbb37b|16|4176598323
13235|0x8bbb37b|17|7144121960
13235|0x88bbb37b|18|13461002628
13235|0x188bbb37b|19|27522011227
13235|0x188bbb37b|20|57556554905
13235|0x188bbb37b|21|108921709906
13235|0x188bbb37b|22|218233089808
13235|0x1188bbb37b|23|441238095988
13235|0x1188bbb37b|24|869728984321
14069|0x455d|1|116664
14069|0x455d|2|233455
14069|0x455d|3|497285
14069|0x455d|4|1038093
14069|0x4455d|5|2093280
14069|0xc455d|6|4009525
14069|0xc455d|7|8243647
14069|0x2c455d|8|16480008
14069|0x2c455d|9|32798431
14069|0x2c455d|10|65578145
14069|0x12c455d|11|130610997
14069|0x32c455d|12|208337375
14069|0x32c455d|13|524213441
14069|0x32c455d|14|1050091302
14069|0x32c455d|15|2062580872
14069|0x232c455d|16|4209577900
14069|0x232c455d|17|6715030211
14069|0x232c455d|18|13462507610
14069|0x1232c455d|19|27398797978
14069|0x3232c455d|20|54549877130
14069|0x7232c455d|21|108557448973
14069|0x7232c455d|22|216598637714
14069|0x7232c455d|23|435286913873
14069|0x7232c455d|24|869838432733
14181|0x226d|1|110833
14181|0x226d|2|234228
14181|0x1226d|3|475017
14181|0x1226d|4|916416
14181|0x1226d|5|2005005
14181|0x9226d|6|3963714
14181|0x9226d|7|8183135
14181|0x9226d|8|16043666
14181|0x9226d|9|32262205
14181|0x9226d|10|64429838
14181|0x9226d|11|129223101
14181|0x209226d|12|256358262
14181|0x609226d|13|516318009
14181|0xe09226d|14|1037094738
14181|0xe09226d|15|2031995160
14181|0xe09226d|16|4183586273
14181|0xe09226d|17|7858490040
14181|0x8e09226d|18|13748287555
14181|0x8e09226d|19|29145860203
14181|0x8e09226d|20|54510470502
14181|0x48e09226d|21|109207592624
14181|0x48e09226d|22|224584612266
14181|0x148e09226d|23|436980211832
14181|0x348e09226d|24|871078917573
14287|0x6f2f|1|111008
14287|0x6f2f|2|234782
14287|0x16f2f|3|500437
14287|0x16f2f|4|1059373
14287|0x56f2f|5|2095500
14287|0xd6f2f|6|3943153
14287|0xd6f2f|7|8258245
14287|0xd6f2f|8|16186644
14287|0x4d6f2f|9|32657096
14287|0xcd6f2f|10|64966764
14287|0x1cd6f2f|11|129547685
14287|0x1cd6f2f|12|259532153
14287|0x1cd6f2f|13|520581641
14287|0x9cd6f2f|14|1037117726
14287|0x19cd6f2f|15|2088514392
14287|0x19cd6f2f|16|4113283884
14287|0x19cd6f2f|17|7184693028
14287|0x19cd6f2f|18|15686002168
14287|0x19cd6f2f|19|26827125862
14287|0x19cd6f2f|20|53642364153
14287|0x19cd6f2f|21|107325485800
14287|0x19cd6f2f|22|218069955449
14287|0x19cd6f2f|23|437959202016
14287|0x2019cd6f2f|24|866697621387
15071|0x11f|1|94644
15071|0x11f|2|208795
15071|0x11f|3|448026
15071|0x2011f|4|937510
15071|0x2011f|5|2123958
15071|0x2011f|6|4009691
15071|0x2011f|7|8220912
15071|0x2011f|8|16530242
15071|0x2011f|9|32828561
15071|0x2011f|10|65898318
15071|0x2011f|11|131840184
15071|0x202011f|12|263377001
15071|0x602011f|13|527104708
15071|0x602011f|14|1041540691
15071|0x1602011f|15|2129502626
15071|0x3602011f|16|3615601314
15071|0x3602011f|17|7613605971
15071|0xb602011f|18|14450298057
15071|0x1b602011f|19|27172287571
15071|0x3b602011f|20|54872873532
15071|0x3b602011f|21|108176566859
15071|0xbb602011f|22|216276339998
15071|0x1bb602011f|23|433860181568
15071|0x3bb602011f|24|865170477254
15159|0x6a87|1|112382
15159|0x6a87|2|239328
15159|0x6a87|3|531697
15159|0x6a87|4|906950
15159|0x46a87|5|1978657
15159|0x46a87|6|3988724
15159|0x46a87|7|8260085
15159|0x46a87|8|16142447
15159|0x46a87|9|32573651
15159|0x846a87|10|65025312
15159|0x1846a87|11|130119684
15159|0x1846a87|12|260122969
15159|0x1846a87|13|501314596
15159|0x9846a87|14|1042000610
15159|0x19846a87|15|2089054060
15159|0x19846a87|16|3422749821
15159|0x19846a87|17|6976411023
15159|0x19846a87|18|13410189266
15159|0x119846a87|19|29323785342
15159|0x319846a87|20|54028108114
15159|0x719846a87|21|108473887889
15159|0xf19846a87|22|217416131179
15159|0xf19846a87|23|436887823453
15159|0x2f19846a87|24|871318493679
15287|0x1207|1|97247
15287|0x9207|2|237938
15287|0x9207|3|513915
15287|0x9207|4|1031953
15287|0x9207|5|2076802
15287|0x9207|6|4096724
15287|0x109207|7|8054725
15287|0x109207|8|16399996
15287|0x109207|9|32661386
15287|0x909207|10|65500398
15287|0x1909207|11|130781768
15287|0x1909207|12|263294706
15287|0x1909207|13|520904017
15287|0x1909207|14|935952126
15287|0x11909207|15|2053569119
15287|0x31909207|16|3717079868
15287|0x71909207|17|7203829279
15287|0xf1909207|18|15025722801
15287|0x1f1909207|19|27900342937
15287|0x1f1909207|20|54032247142
15287|0x1f1909207|21|108774631650
15287|0x1f1909207|22|215854498947
15287|0x11f1909207|23|435696603664
15287|0x11f1909207|24|864572210530
16033|0x2561|1|114148
16033|0x2561|2|244340
16033|0x12561|3|523965
16033|0x32561|4|1054948
16033|0x32561|5|1980389
16033|0xb2561|6|4141602
16033|0x1b2561|7|8099657
16033|0x3b2561|8|16382482
16033|0x7b2561|9|32580133
16033|0xfb2561|10|65272519
16033|0x1fb2561|11|131137444
16033|0x3fb2561|12|262509139
16033|0x7fb2561|13|425167819
16033|0xffb2561|14|893452492
16033|0xffb2561|15|1783179356
16033|0x2ffb2561|16|4165518648
16033|0x2ffb2561|17|6615276249
16033|0x2ffb2561|18|13513551464
16033|0x12ffb2561|19|26884430747
16033|0x32ffb2561|20|55461668204
16033|0x32ffb2561|21|107673814749
16033|0x32ffb2561|22|217151406939
16033|0x32ffb2561|23|431379750044
16033|0x232ffb2561|24|870605785448
16133|0x35cd|1|114373
16133|0xb5cd|2|244448
16133|0x1b5cd|3|547146
16133|0x3b5cd|4|1054488
16133|0x3b5cd|5|1952313
16133|0x3b5cd|6|4290687
16133|0x13b5cd|7|8381192
16133|0x33b5cd|8|16654801
16133|0x73b5cd|9|33705500
16133|0x73b5cd|10|67276525
16133|0x73b5cd|11|134465722
16133|0x73b5cd|12|269055203
16133|0x473b5cd|13|538458347
16133|0x473b5cd|14|878526205
16133|0x1473b5cd|15|1977699021
16133|0x3473b5cd|16|3361914267
16133|0x3473b5cd|17|7583589888
16133|0xb473b5cd|18|15536710782
16133|0xb473b5cd|19|30579282488
16133|0xb473b5cd|20|54232829749
16133|0x4b473b5cd|21|107968585205
16133|0x4b473b5cd|22|215629201693
16133|0x4b473b5cd|23|432085066162
16133|0x4b473b5cd|24|864101602033
16249|0x7ac9|1|112408
16249|0xfac9|2|242643
16249|0xfac9|3|524762
16249|0x2fac9|4|1055630
16249|0x2fac9|5|1955778
16249|0x2fac9|6|4285210
16249|0x2fac9|7|8272453
16249|0x22fac9|8|16680955
16249|0x62fac9|9|33391285
16249|0xe2fac9|10|66974849
16249|0x1e2fac9|11|133611747
16249|0x1e2fac9|12|266450536
16249|0x1e2fac9|13|534734792
16249|0x1e2fac9|14|1016989093
16249|0x1e2fac9|15|2160144222
16249|0x1e2fac9|16|4262542206
16249|0x41e2fac9|17|8496856532
16249|0x41e2fac9|18|13645826800
16249|0x41e2fac9|19|27353673905
16249|0x241e2fac9|20|54437418163
16249|0x241e2fac9|21|108564907657
16249|0xa41e2fac9|22|218579681164
16249|0x1a41e2fac9|23|436003416281
16249|0x3a41e2fac9|24|867266471616
16369|0x5111|1|100892
16369|0xd111|2|214555
16369|0xd111|3|490411
16369|0xd111|4|1017014
16369|0xd111|5|2134703
16369|0x8d111|6|4053169
16369|0x8d111|7|8344393
16369|0x8d111|8|16668245
16369|0x48d111|9|33170851
16369|0x48d111|10|66261650
16369|0x48d111|11|132466745
16369|0x48d111|12|265295816
16369|0x48d111|13|531158920
16369|0x48d111|14|1078894900
16369|0x1048d111|15|2153303912
16369|0x1048d111|16|3501051282
16369|0x5048d111|17|7083019608
16369|0xd048d111|18|13678298027
16369|0xd048d111|19|27405487413
16369|0x2d048d111|20|56027921718
16369|0x2d048d111|21|110676751643
16369|0xad048d111|22|216377973819
16369|0x1ad048d111|23|435160794267
16369|0x1ad048d111|24|858841049390
16839|0x2ff7|1|168587
16839|0x12ff7|2|451162
16839|0x32ff7|3|970766
16839|0x32ff7|4|2006949
16839|0xb2ff7|5|3808867
16839|0xb2ff7|6|7886277
16839|0x2b2ff7|7|15725189
16839|0x6b2ff7|8|31450411
16839|0xeb2ff7|9|63043711
16839|0xeb2ff7|10|119031394
16839|0x2eb2ff7|11|251404857
16839|0x6eb2ff7|12|500487379
16839|0xeeb2ff7|13|1004959810
16839|0x1eeb2ff7|14|1808130008
16839|0x1eeb2ff7|15|3606410856
16839|0x5eeb2ff7|16|8050793311
16839|0xdeeb2ff7|17|13789334372
16839|0x1deeb2ff7|18|27203235637
16839|0x3deeb2ff7|19|55112100722
16839|0x7deeb2ff7|20|113957765222
16839|0xfdeeb2ff7|21|219917337905
16839|0x1fdeeb2ff7|22|439349460974
16839|0x3fdeeb2ff7|23|881063682058
16839|0x7fdeeb2ff7|24|1750617465542
16949|0x801d|1|163371
16949|0x801d|2|390945
16949|0x2801d|3|876588
16949|0x6801d|4|1880277
16949|0x6801d|5|3763306
16949|0x6801d|6|7785013
16949|0x26801d|7|15332600
16949|0x26801d|8|30738908
16949|0x26801d|9|61340998
16949|0x126801d|10|123152236
16949|0x326801d|11|246438316
16949|0x726801d|12|493008554
16949|0xf26801d|13|989128445
16949|0x1f26801d|14|1963796523
16949|0x3f26801d|15|3842041633
16949|0x3f26801d|16|7707440004
16949|0x3f26801d|17|13486546721
16949|0x13f26801d|18|29288388924
16949|0x33f26801d|19|55406303760
16949|0x73f26801d|20|110590917601
16949|0xf3f26801d|21|219920656107
16949|0x1f3f26801d|22|438020924687
16949|0x1f3f26801d|23|879213873111
16949|0x5f3f26801d|24|1767229284728
17077|0x1b9d|1|190336
17077|0x1b9d|2|445569
17077|0x21b9d|3|1002758
17077|0x61b9d|4|2012740
17077|0x61b9d|5|3768449
17077|0x161b9d|6|7881269
17077|0x161b9d|7|15534036
17077|0x561b9d|8|31441002
17077|0x561b9d|9|62856824
17077|0x561b9d|10|125596864
17077|0x561b9d|11|250396129
17077|0x561b9d|12|500769183
17077|0x561b9d|13|999785156
17077|0x10561b9d|14|1935584996
17077|0x10561b9d|15|4004595682
17077|0x50561b9d|16|6892551267
17077|0x50561b9d|17|15937672825
17077|0x150561b9d|18|27320918293
17077|0x150561b9d|19|56724668535
17077|0x550561b9d|20|120660872629
17077|0xd50561b9d|21|218396735009
17077|0xd50561b9d|22|439297877870
17077|0x2d50561b9d|23|878966710176
17077|0x6d50561b9d|24|1754232667185
17173|0xf43d|1|190827
17173|0xf43d|2|446469
17173|0xf43d|3|978053
17173|0xf43d|4|2010753
17173|0xf43d|5|3792080
17173|0xf43d|6|7852800
17173|0xf43d|7|15654219
17173|0xf43d|8|31371969
17173|0xf43d|9|62757235
17173|0xf43d|10|125445648
17173|0xf43d|11|250635343
17173|0xf43d|12|501668870
17173|0xf43d|13|1005370103
17173|0xf43d|14|1790481976
17173|0xf43d|15|3591553157
17173|0x4000f43d|16|7733719370
17173|0xc000f43d|17|13318791608
17173|0xc000f43d|18|32169413554
17173|0xc000f43d|19|59160040292
17173|0xc000f43d|20|113158751855
17173|0xc000f43d|21|219194277914
17173|0x10c000f43d|22|438266252907
17173|0x30c000f43d|23|882650680756
17173|0x70c000f43d|24|1755391689460
17291|0xcc23|1|191143
17291|0xcc23|2|447398
17291|0xcc23|3|980466
17291|0x4cc23|4|1834883
17291|0xccc23|5|3978847
17291|0xccc23|6|7830607
17291|0x2ccc23|7|15646571
17291|0x6ccc23|8|31327358
17291|0xeccc23|9|62663641
17291|0xeccc23|10|125416142
17291|0x2eccc23|11|250731481
17291|0x2eccc23|12|501093014
17291|0x2eccc23|13|999241311
17291|0x12eccc23|14|2004932430
17291|0x12eccc23|15|3517477678
17291|0x52eccc23|16|6711373582
17291|0x52eccc23|17|13186975761
17291|0x152eccc23|18|28149181781
17291|0x152eccc23|19|56030745571
17291|0x552eccc23|20|112884231645
17291|0xd52eccc23|21|219769543096
17291|0x1d52eccc23|22|438284392083
17291|0x3d52eccc23|23|878409897035
17291|0x3d52eccc23|24|1752539591746
17393|0x4d11|1|168306
17393|0x4d11|2|394307
17393|0x4d11|3|863156
17393|0x44d11|4|1983648
17393|0xc4d11|5|4022585
17393|0xc4d11|6|7814955
17393|0xc4d11|7|15793440
17393|0x4c4d11|8|31645609
17393|0x4c4d11|9|63144872
17393|0x4c4d11|10|126284764
17393|0x4c4d11|11|252439012
17393|0x4c4d11|12|516902850
17393|0x4c4d11|13|1013892459
17393|0x4c4d11|14|1677836136
17393|0x4c4d11|15|4014322681
17393|0x404c4d11|16|8034727617
17393|0xc04c4d11|17|13286740968
17393|0x1c04c4d11|18|27489470457
17393|0x3c04c4d11|19|55006469127
17393|0x7c04c4d11|20|114732264601
17393|0x7c04c4d11|21|220863689244
17393|0x7c04c4d11|22|437790678013
17393|0x27c04c4d11|23|881027444944
17393|0x67c04c4d11|24|1752361160168
17895|0xfdd7|1|182505
17895|0xfdd7|2|396003
17895|0xfdd7|3|874656
17895|0xfdd7|4|1975746
17895|0xfdd7|5|3859978
17895|0x10fdd7|6|7876372
17895|0x10fdd7|7|16537839
17895|0x50fdd7|8|31195819
17895|0xd0fdd7|9|62381788
17895|0x1d0fdd7|10|125479545
17895|0x1d0fdd7|11|251864002
17895|0x1d0fdd7|12|503670247
17895|0x9d0fdd7|13|1007639388
17895|0x19d0fdd7|14|1984359987
17895|0x39d0fdd7|15|4036962959
17895|0x39d0fdd7|16|7004423449
17895|0xb9d0fdd7|17|13362439440
17895|0x1b9d0fdd7|18|27665483946
17895|0x1b9d0fdd7|19|55216334738
17895|0x5b9d0fdd7|20|111103001363
17895|0x5b9d0fdd7|21|218463914593
17895|0x5b9d0fdd7|22|438229042633
17895|0x5b9d0fdd7|23|880418622189
17895|0x45b9d0fdd7|24|1751496486723
18015|0x959f|1|169409
18015|0x1959f|2|398813
18015|0x1959f|3|931751
18015|0x1959f|4|2001209
18015|0x1959f|5|3860389
18015|0x1959f|6|7865834
18015|0x1959f|7|15610351
18015|0x1959f|8|31242483
18015|0x81959f|9|62643235
18015|0x181959f|10|125115448
18015|0x381959f|11|250332531
18015|0x781959f|12|500411552
18015|0xf81959f|13|999654260
18015|0x1f81959f|14|2048217842
18015|0x3f81959f|15|4040850711
18015|0x3f81959f|16|6924943899
18015|0x3f81959f|17|13614898311
18015|0x13f81959f|18|27666327914
18015|0x13f81959f|19|56002458476
18015|0x53f81959f|20|110445084234
18015|0x53f81959f|21|219613835359
18015|0x153f81959f|22|440206275301
18015|0x153f81959f|23|879423961693
18015|0x553f81959f|24|1748284789893
18117|0x480d|1|190297
18117|0x1480d|2|454466
18117|0x1480d|3|916853
18117|0x1480d|4|1825859
18117|0x1480d|5|3862274
18117|0x11480d|6|7775067
18117|0x11480d|7|15482045
18117|0x11480d|8|30936650
18117|0x11480d|9|61809566
18117|0x111480d|10|123706391
18117|0x111480d|11|247587434
18117|0x511480d|12|494246963
18117|0x511480d|13|992195891
18117|0x511480d|14|1983716056
18117|0x2511480d|15|3956383776
18117|0x6511480d|16|6689020253
18117|0xe511480d|17|13460580330
18117|0x1e511480d|18|27975615014
18117|0x1e511480d|19|55996403102
18117|0x1e511480d|20|111747946883
18117|0x9e511480d|21|220997906988
18117|0x9e511480d|22|442863341250
18117|0x9e511480d|23|880330417129
18117|0x49e511480d|24|1753517107604
18235|0xf9f3|1|169252
18235|0xf9f3|2|453366
18235|0xf9f3|3|1001074
18235|0x4f9f3|4|2011220
18235|0xcf9f3|5|3827990
18235|0x1cf9f3|6|7757214
18235|0x1cf9f3|7|15662783
18235|0x1cf9f3|8|31412840
18235|0x1cf9f3|9|62683128
18235|0x1cf9f3|10|124826963
18235|0x1cf9f3|11|249149902
18235|0x1cf9f3|12|500090252
18235|0x1cf9f3|13|1005395262
18235|0x101cf9f3|14|1999257020
18235|0x101cf9f3|15|4022054427
18235|0x501cf9f3|16|7183897081
18235|0xd01cf9f3|17|13257470756
18235|0xd01cf9f3|18|28190589566
18235|0xd01cf9f3|19|53971699452
18235|0xd01cf9f3|20|110409090074
18235|0x8d01cf9f3|21|219540970877
18235|0x8d01cf9f3|22|437988189441
18235|0x8d01cf9f3|23|880936342971
18235|0x48d01cf9f3|24|1751151558462
18341|0x482d|1|193355
18341|0x1482d|2|455920
18341|0x1482d|3|1003459
18341|0x1482d|4|1925960
18341|0x9482d|5|3888048
18341|0x9482d|6|7643930
18341|0x9482d|7|15475234
18341|0x9482d|8|30943544
18341|0x9482d|9|61965858
18341|0x109482d|10|124196861
18341|0x309482d|11|248023980
18341|0x309482d|12|496082878
18341|0xb09482d|13|992387463
18341|0x1b09482d|14|1763682033
18341|0x1b09482d|15|4002583015
18341|0x1b09482d|16|7437987476
18341|0x1b09482d|17|13784199440
18341|0x11b09482d|18|30775750930
18341|0x31b09482d|19|54997649866
18341|0x31b09482d|20|110199075476
18341|0x31b09482d|21|219678055665
18341|0x31b09482d|22|437383496061
18341|0x31b09482d|23|883100348421
18341|0x31b09482d|24|1758826655452
18827|0x1623|1|193813
18827|0x1623|2|432982
18827|0x1623|3|845419
18827|0x41623|4|1931742
18827|0xc1623|5|3830337
18827|0xc1623|6|7928627
18827|0x2c1623|7|15696712
18827|0x6c1623|8|31404237
18827|0x6c1623|9|63032954
18827|0x16c1623|10|125796045
18827|0x16c1623|11|250704494
18827|0x16c1623|12|499728753
18827|0x96c1623|13|906635775
18827|0x196c1623|14|2008300292
18827|0x396c1623|15|4012111538
18827|0x396c1623|16|7053947515
18827|0x396c1623|17|13456979781
18827|0x1396c1623|18|32597809169
18827|0x3396c1623|19|57788359154
18827|0x3396c1623|20|110349046746
18827|0x3396c1623|21|218700312051
18827|0x3396c1623|22|438209517026
18827|0x23396c1623|23|881601038927
18827|0x23396c1623|24|1749573147401
18935|0x47c7|1|171146
18935|0x147c7|2|405542
18935|0x147c7|3|955700
18935|0x547c7|4|2009818
18935|0x547c7|5|3859008
18935|0x1547c7|6|7854111
18935|0x1547c7|7|15665248
18935|0x1547c7|8|31393157
18935|0x1547c7|9|62939476
18935|0x1547c7|10|126063603
18935|0x21547c7|11|224826426
18935|0x61547c7|12|494409535
18935|0x61547c7|13|933816641
18935|0x161547c7|14|2014485694
18935|0x361547c7|15|3414474448
18935|0x761547c7|16|7224161818
18935|0x761547c7|17|16060784892
18935|0x761547c7|18|26714901340
18935|0x2761547c7|19|55024855676
18935|0x6761547c7|20|113268743599
18935|0xe761547c7|21|221057162877
18935|0xe761547c7|22|439996103405
18935|0x2e761547c7|23|884339923381
18935|0x2e761547c7|24|1756036047430
19045|0x576d|1|170884
19045|0x576d|2|464163
19045|0x576d|3|966885
19045|0x576d|4|2013150
19045|0x8576d|5|3833412
19045|0x18576d|6|7966077
19045|0x38576d|7|15933054
19045|0x38576d|8|31511951
19045|0xb8576d|9|63311705
19045|0xb8576d|10|126763861
19045|0x2b8576d|11|252956598
19045|0x6b8576d|12|506252917
19045|0x6b8576d|13|1012913251
19045|0x16b8576d|14|2029557081
19045|0x16b8576d|15|3385871206
19045|0x56b8576d|16|6837663114
19045|0xd6b8576d|17|13953072991
19045|0xd6b8576d|18|28226894646
19045|0x2d6b8576d|19|55987742637
19045|0x2d6b8576d|20|110735703281
19045|0x2d6b8576d|21|220367190499
19045|0x12d6b8576d|22|441956365951
19045|0x12d6b8576d|23|878726998358
19045|0x12d6b8576d|24|1749756534635
19161|0x9569|1|171303
19161|0x19569|2|462639
19161|0x19569|3|969101
19161|0x19569|4|2017458
19161|0x99569|5|3844803
19161|0x199569|6|7940274
19161|0x399569|7|15944352
19161|0x399569|8|31656028
19161|0x399569|9|63559280
19161|0x399569|10|127069326
19161|0x2399569|11|254105500
19161|0x2399569|12|507216762
19161|0xa399569|13|866617986
19161|0x1a399569|14|1746220283
19161|0x3a399569|15|3418625586
19161|0x3a399569|16|6956718082
19161|0x3a399569|17|13227337092
19161|0x3a399569|18|29783765344
19161|0x23a399569|19|54641215090
19161|0x23a399569|20|109728732876
19161|0xa3a399569|21|221529076448
19161|0xa3a399569|22|441830397396
19161|0xa3a399569|23|876403273902
19161|0xa3a399569|24|1747818986948
19275|0x6663|1|192369
19275|0x16663|2|461189
19275|0x16663|3|971485
19275|0x16663|4|1835278
19275|0x96663|5|4018715
19275|0x96663|6|7943406
19275|0x96663|7|15614960
19275|0x496663|8|31631353
19275|0xc96663|9|63224345
19275|0xc96663|10|126202588
19275|0xc96663|11|252823726
19275|0x4c96663|12|459986579
19275|0xcc96663|13|1010233179
19275|0xcc96663|14|2008606846
19275|0xcc96663|15|4047522667
19275|0x4cc96663|16|6844746859
19275|0xccc96663|17|13715357508
19275|0x1ccc96663|18|29530433183
19275|0x3ccc96663|19|57929249071
19275|0x7ccc96663|20|109886794731
19275|0xfccc96663|21|220897419551
19275|0xfccc96663|22|446061384397
19275|0x2fccc96663|23|877818330942
19275|0x2fccc96663|24|1746754039844
19379|0x5b7b|1|171547
19379|0x15b7b|2|466367
19379|0x15b7b|3|973324
19379|0x15b7b|4|2022593
19379|0x15b7b|5|3851113
19379|0x15b7b|6|7961696
19379|0x15b7b|7|15931204
19379|0x415b7b|8|31624596
19379|0xc15b7b|9|63199082
19379|0x1c15b7b|10|126604974
19379|0x1c15b7b|11|253149989
19379|0x1c15b7b|12|506712104
19379|0x1c15b7b|13|1012279272
19379|0x1c15b7b|14|1729279074
19379|0x21c15b7b|15|4033936580
19379|0x61c15b7b|16|7199425710
19379|0x61c15b7b|17|16289320956
19379|0x61c15b7b|18|30717648415
19379|0x61c15b7b|19|56668398492
19379|0x61c15b7b|20|108288358518
19379|0x861c15b7b|21|220604350797
19379|0x861c15b7b|22|438315377365
19379|0x861c15b7b|23|876223467900
19379|0x861c15b7b|24|1747975867819
19891|0x297b|1|171161
19891|0x1297b|2|458830
19891|0x3297b|3|983260
19891|0x3297b|4|2057829
19891|0x3297b|5|3866858
19891|0x13297b|6|7910714
19891|0x33297b|7|15732983
19891|0x73297b|8|31653132
19891|0x73297b|9|63307975
19891|0x73297b|10|126317697
19891|0x73297b|11|252877135
19891|0x473297b|12|505702859
19891|0x473297b|13|1011301709
19891|0x473297b|14|2013857938
19891|0x473297b|15|4057381400
19891|0x4473297b|16|6730456852
19891|0xc473297b|17|13488042769
19891|0xc473297b|18|31436879485
19891|0xc473297b|19|54524616650
19891|0xc473297b|20|109856737325
19891|0xc473297b|21|223577833564
19891|0xc473297b|22|441877015717
19891|0x20c473297b|23|875938014160
19891|0x20c473297b|24|1749105987582
19993|0x2e29|1|196776
19993|0x12e29|2|455730
19993|0x32e29|3|866402
19993|0x32e29|4|1944045
19993|0x32e29|5|4080007
19993|0x32e29|6|7817244
19993|0x232e29|7|15920763
19993|0x232e29|8|31642703
19993|0xa32e29|9|63273377
19993|0xa32e29|10|126455048
19993|0xa32e29|11|253270683
19993|0xa32e29|12|504335582
19993|0x8a32e29|13|1010538215
19993|0x18a32e29|14|2031385074
19993|0x38a32e29|15|4086078710
19993|0x78a32e29|16|6770413275
19993|0xf8a32e29|17|13334516611
19993|0xf8a32e29|18|29475236336
19993|0x2f8a32e29|19|54863939251
19993|0x6f8a32e29|20|111040324376
19993|0x6f8a32e29|21|227348958030
19993|0x16f8a32e29|22|459894509988
19993|0x16f8a32e29|23|896688673651
19993|0x16f8a32e29|24|1788272263363
20121|0x25a9|1|196056
20121|0x25a9|2|470208
20121|0x25a9|3|985171
20121|0x25a9|4|2063344
20121|0x25a9|5|3836469
20121|0x1025a9|6|7957204
20121|0x3025a9|7|15732556
20121|0x7025a9|8|31732381
20121|0xf025a9|9|63212774
20121|0x1f025a9|10|126831856
20121|0x1f025a9|11|253313844
20121|0x5f025a9|12|446863143
20121|0xdf025a9|13|1014925469
20121|0xdf025a9|14|2020363666
20121|0xdf025a9|15|3798347372
20121|0xdf025a9|16|7402906299
20121|0x8df025a9|17|16281286629
20121|0x8df025a9|18|28455954806
20121|0x8df025a9|19|55470288263
20121|0x48df025a9|20|112009229938
20121|0xc8df025a9|21|222635302560
20121|0xc8df025a9|22|438421149825
20121|0xc8df025a9|23|876389154074
20121|0x4c8df025a9|24|1745793388568
20237|0x17c5|1|172662
20237|0x117c5|2|414807
20237|0x117c5|3|897704
20237|0x517c5|4|1987168
20237|0xd17c5|5|3940688
20237|0xd17c5|6|7815089
20237|0xd17c5|7|15942720
20237|0xd17c5|8|31699544
20237|0xd17c5|9|63692013
20237|0x10d17c5|10|126823014
20237|0x10d17c5|11|228432902
20237|0x10d17c5|12|507137889
20237|0x90d17c5|13|1009266314
20237|0x90d17c5|14|2017988729
20237|0x90d17c5|15|4034317894
20237|0x90d17c5|16|8099603496
20237|0x890d17c5|17|13908343251
20237|0x890d17c5|18|30176567242
20237|0x2890d17c5|19|58499642178
20237|0x6890d17c5|20|113278483065
20237|0x6890d17c5|21|219472632903
20237|0x6890d17c5|22|437734807031
20237|0x26890d17c5|23|875327890060
20237|0x66890d17c5|24|1747728591212
20341|0xc8dd|1|196385
20341|0xc8dd|2|472390
20341|0xc8dd|3|964000
20341|0xc8dd|4|1825588
20341|0x8c8dd|5|3952369
20341|0x8c8dd|6|7861104
20341|0x8c8dd|7|15893628
20341|0x8c8dd|8|31644590
20341|0x8c8dd|9|63679142
20341|0x8c8dd|10|126961844
20341|0x208c8dd|11|253987255
20341|0x608c8dd|12|507985239
20341|0xe08c8dd|13|1016019383
20341|0xe08c8dd|14|1712725975
20341|0x2e08c8dd|15|4077785825
20341|0x6e08c8dd|16|8196616087
20341|0x6e08c8dd|17|15435736688
20341|0x16e08c8dd|18|31213302687
20341|0x16e08c8dd|19|55659469494
20341|0x56e08c8dd|20|114018193326
20341|0x56e08c8dd|21|226239635585
20341|0x156e08c8dd|22|441909775060
20341|0x156e08c8dd|23|875546979862
20341|0x556e08c8dd|24|1743618860485
20463|0xbf0f|1|200757
20463|0xbf0f|2|416332
20463|0xbf0f|3|874721
20463|0xbf0f|4|1976672
20463|0x8bf0f|5|4065366
20463|0x8bf0f|6|7937303
20463|0x28bf0f|7|16013864
20463|0x28bf0f|8|32207819
20463|0x28bf0f|9|64206914
20463|0x128bf0f|10|128540296
20463|0x128bf0f|11|257168466
20463|0x128bf0f|12|424004365
20463|0x928bf0f|13|951925340
20463|0x928bf0f|14|2068882688
20463|0x2928bf0f|15|3411495611
20463|0x2928bf0f|16|7189310500
20463|0x2928bf0f|17|13405947265
20463|0x2928bf0f|18|31742147623
20463|0x22928bf0f|19|57577657758
20463|0x22928bf0f|20|115675538155
20463|0xa2928bf0f|21|217526653997
20463|0x1a2928bf0f|22|449698864888
20463|0x3a2928bf0f|23|892278341231
20463|0x3a2928bf0f|24|1742979714030
20953|0x1e69|1|197659
20953|0x11e69|2|477244
20953|0x31e69|3|940054
20953|0x71e69|4|1953748
20953|0xf1e69|5|4121676
20953|0x1f1e69|6|8090700
20953|0x1f1e69|7|16192638
20953|0x1f1e69|8|32574747
20953|0x1f1e69|9|64929634
20953|0x11f1e69|10|129409153
20953|0x11f1e69|11|259231078
20953|0x51f1e69|12|518162945
20953|0x51f1e69|13|1035490622
20953|0x151f1e69|14|2054199435
20953|0x151f1e69|15|3616867568
20953|0x551f1e69|16|6678790712
20953|0x551f1e69|17|13533330533
20953|0x1551f1e69|18|29689953994
20953|0x1551f1e69|19|58015364306
20953|0x1551f1e69|20|110294912493
20953|0x1551f1e69|21|216318967395
20953|0x11551f1e69|22|439822269337
20953|0x31551f1e69|23|879721483372
20953|0x71551f1e69|24|1741386886373
21057|0xbdc1|1|198019
21057|0xbdc1|2|478282
21057|0xbdc1|3|964745
21057|0xbdc1|4|1882482
21057|0x8bdc1|5|4089862
21057|0x8bdc1|6|7951313
21057|0x8bdc1|7|15883121
21057|0x8bdc1|8|32236005
21057|0x8bdc1|9|63969390
21057|0x108bdc1|10|128306296
21057|0x108bdc1|11|256763797
21057|0x108bdc1|12|472822406
21057|0x108bdc1|13|957476157
21057|0x1108bdc1|14|2065575829
21057|0x3108bdc1|15|4108314453
21057|0x7108bdc1|16|8260963948
21057|0xf108bdc1|17|15498286440
21057|0xf108bdc1|18|27899143281
21057|0x2f108bdc1|19|55111872864
21057|0x6f108bdc1|20|109631870606
21057|0xef108bdc1|21|217034643400
21057|0xef108bdc1|22|438541204778
21057|0xef108bdc1|23|878022282494
21057|0xef108bdc1|24|1740850899910
21175|0x2b07|1|197925
21175|0x12b07|2|479038
21175|0x32b07|3|1018470
21175|0x72b07|4|1923771
21175|0xf2b07|5|4002161
21175|0xf2b07|6|8052126
21175|0x2f2b07|7|16101592
21175|0x2f2b07|8|32196111
21175|0xaf2b07|9|64230790
21175|0x1af2b07|10|128357472
21175|0x1af2b07|11|256962533
21175|0x1af2b07|12|513377666
21175|0x1af2b07|13|870459167
21175|0x11af2b07|14|2067887616
21175|0x11af2b07|15|3875739608
21175|0x51af2b07|16|7754872339
21175|0xd1af2b07|17|14113118403
21175|0xd1af2b07|18|27956760532
21175|0xd1af2b07|19|53843187184
21175|0xd1af2b07|20|112681699603
21175|0xd1af2b07|21|217105108103
21175|0xd1af2b07|22|444471537653
21175|0xd1af2b07|23|881871152892
21175|0x40d1af2b07|24|1742444396495
21279|0x68df|1|198216
21279|0x168df|2|479883
21279|0x168df|3|1009669
21279|0x568df|4|1904009
21279|0xd68df|5|4090822
21279|0xd68df|6|8092624
21279|0x2d68df|7|16167380
21279|0x2d68df|8|32606166
21279|0xad68df|9|64849031
21279|0xad68df|10|129699645
21279|0x2ad68df|11|259133001
21279|0x6ad68df|12|518624997
21279|0xead68df|13|874508103
21279|0xead68df|14|2070601824
21279|0xead68df|15|3787245252
21279|0xead68df|16|6971994883
21279|0xead68df|17|13659724491
21279|0xead68df|18|27379759574
21279|0xead68df|19|53942663102
21279|0x40ead68df|20|110474114458
21279|0x40ead68df|21|218107781351
21279|0x40ead68df|22|439388750743
21279|0x40ead68df|23|881785025784
21279|0x440ead68df|24|1740530362612
21393|0xcd71|1|198004
21393|0xcd71|2|496486
21393|0xcd71|3|888609
21393|0xcd71|4|1918017
21393|0xcd71|5|4091457
21393|0x10cd71|6|7897360
21393|0x30cd71|7|16010463
21393|0x70cd71|8|32068152
21393|0xf0cd71|9|64001326
21393|0x1f0cd71|10|128075970
21393|0x1f0cd71|11|251432038
21393|0x5f0cd71|12|480141038
21393|0x5f0cd71|13|961069039
21393|0x15f0cd71|14|1919181915
21393|0x15f0cd71|15|3836754789
21393|0x15f0cd71|16|7387958215
21393|0x95f0cd71|17|15259037917
21393|0x95f0cd71|18|27828293698
21393|0x295f0cd71|19|55474924081
21393|0x695f0cd71|20|110075641881
21393|0xe95f0cd71|21|217399255078
21393|0xe95f0cd71|22|438868708458
21393|0x2e95f0cd71|23|883589504328
21393|0x2e95f0cd71|24|1741090230859
21871|0xa98f|1|197115
21871|0xa98f|2|372069
21871|0x2a98f|3|861779
21871|0x6a98f|4|1931410
21871|0x6a98f|5|4052000
21871|0x16a98f|6|7861772
21871|0x36a98f|7|15998178
21871|0x36a98f|8|29318074
21871|0x36a98f|9|59799082
21871|0x36a98f|10|120121331
21871|0x236a98f|11|239157383
21871|0x636a98f|12|478709585
21871|0xe36a98f|13|958944973
21871|0x1e36a98f|14|1905520748
21871|0x1e36a98f|15|3560470395
21871|0x5e36a98f|16|6932334795
21871|0x5e36a98f|17|13669645847
21871|0x15e36a98f|18|27967393892
21871|0x15e36a98f|19|55692132227
21871|0x15e36a98f|20|109351284817
21871|0x15e36a98f|21|216893190719
21871|0x15e36a98f|22|437774162508
21871|0x215e36a98f|23|877956968609
21871|0x615e36a98f|24|1738580642894
21979|0x9e53|1|199454
21979|0x19e53|2|425453
21979|0x19e53|3|962997
21979|0x59e53|4|2014971
21979|0x59e53|5|3912448
21979|0x59e53|6|8077213
21979|0x259e53|7|16195996
21979|0x659e53|8|32177922
21979|0xe59e53|9|64693971
21979|0xe59e53|10|129652673
21979|0x2e59e53|11|258765771
21979|0x2e59e53|12|518171169
21979|0xae59e53|13|936878160
21979|0x1ae59e53|14|1905435593
21979|0x1ae59e53|15|4100767171
21979|0x5ae59e53|16|7026820870
21979|0x5ae59e53|17|14132817075
21979|0x5ae59e53|18|29937128682
21979|0x5ae59e53|19|55851519717
21979|0x45ae59e53|20|109447500474
21979|0xc5ae59e53|21|216797827462
21979|0xc5ae59e53|22|441583380530
21979|0xc5ae59e53|23|877836999039
21979|0x4c5ae59e53|24|1741245457540
22091|0x4363|1|199408
22091|0x14363|2|427514
22091|0x34363|3|875622
22091|0x34363|4|1910478
22091|0xb4363|5|4101947
22091|0x1b4363|6|7998376
22091|0x3b4363|7|16012032
22091|0x3b4363|8|32375313
22091|0x3b4363|9|64541490
22091|0x3b4363|10|128832971
22091|0x23b4363|11|258383120
22091|0x23b4363|12|516131903
22091|0x23b4363|13|1024002606
22091|0x123b4363|14|2078012649
22091|0x123b4363|15|3554853742
22091|0x523b4363|16|6696517030
22091|0x523b4363|17|14361754315
22091|0x523b4363|18|27066922024
22091|0x523b4363|19|56554731010
22091|0x523b4363|20|108489799813
22091|0x8523b4363|21|216937059610
22091|0x18523b4363|22|438869822583
22091|0x18523b4363|23|878596850986
22091|0x58523b4363|24|1740596386479
22211|0x89eb|1|199801
22211|0x89eb|2|699221
22211|0x289eb|3|966535
22211|0x689eb|4|2029647
22211|0x689eb|5|3920841
22211|0x1689eb|6|8098279
22211|0x1689eb|7|16206903
22211|0x1689eb|8|32222991
22211|0x9689eb|9|64631053
22211|0x19689eb|10|129409103
22211|0x19689eb|11|258883802
22211|0x19689eb|12|474257777
22211|0x99689eb|13|1031552808
22211|0x99689eb|14|1722143865
22211|0x299689eb|15|3795553108
22211|0x699689eb|16|6770653741
22211|0x699689eb|17|14415653137
22211|0x1699689eb|18|27619907336
22211|0x1699689eb|19|55219969681
22211|0x5699689eb|20|109967484502
22211|0xd699689eb|21|219555822819
22211|0x1d699689eb|22|436788607931
22211|0x3d699689eb|23|878697419515
22211|0x7d699689eb|24|1739084829199
22311|0xa897|1|197182
22311|0x1a897|2|427032
22311|0x1a897|3|988942
22311|0x5a897|4|2009952
22311|0xda897|5|3921020
22311|0xda897|6|8045826
22311|0x2da897|7|16174356
22311|0x6da897|8|32150187
22311|0x6da897|9|59532340
22311|0x16da897|10|129287038
22311|0x16da897|11|257317041
22311|0x56da897|12|516119304
22311|0xd6da897|13|1031482728
22311|0x1d6da897|14|1968748144
22311|0x1d6da897|15|4129125799
22311|0x5d6da897|16|8234978826
22311|0xdd6da897|17|16231607566
22311|0xdd6da897|18|29744808135
22311|0x2dd6da897|19|55234486127
22311|0x2dd6da897|20|113634653600
22311|0x2dd6da897|21|220280211506
22311|0x12dd6da897|22|436852982857
22311|0x32dd6da897|23|878551835108
22311|0x32dd6da897|24|1738821153628
22427|0x3693|1|200377
22427|0x13693|2|428008
22427|0x13693|3|907913
22427|0x13693|4|1896826
22427|0x93693|5|4129136
22427|0x93693|6|8020216
22427|0x293693|7|16062912
22427|0x293693|8|32533258
22427|0xa93693|9|64787563
22427|0xa93693|10|129360742
22427|0xa93693|11|257998020
22427|0xa93693|12|515943927
22427|0x8a93693|13|1031926418
22427|0x8a93693|14|1692969458
22427|0x8a93693|15|4123382293
22427|0x48a93693|16|7853507178
22427|0xc8a93693|17|14502639080
22427|0x1c8a93693|18|27562014675
22427|0x3c8a93693|19|55457692807
22427|0x7c8a93693|20|110908294126
22427|0xfc8a93693|21|217841529560
22427|0xfc8a93693|22|436399650683
22427|0xfc8a93693|23|877877583532
22427|0x4fc8a93693|24|1741707693655
22899|0x73bb|1|201415
22899|0x73bb|2|430765
22899|0x73bb|3|891105
22899|0x73bb|4|1905403
22899|0x73bb|5|4094097
22899|0x1073bb|6|7943975
22899|0x3073bb|7|16035810
22899|0x3073bb|8|32281262
22899|0x3073bb|9|64614914
22899|0x3073bb|10|129833935
22899|0x23073bb|11|260025283
22899|0x63073bb|12|519415486
22899|0x63073bb|13|1037505083
22899|0x63073bb|14|2058480199
22899|0x263073bb|15|3430784655
22899|0x263073bb|16|6756181875
22899|0x263073bb|17|13916244538
22899|0x263073bb|18|27206108606
22899|0x263073bb|19|53934131902
22899|0x263073bb|20|109417335925
22899|0x8263073bb|21|218453192056
22899|0x18263073bb|22|435853295708
22899|0x38263073bb|23|880256073756
22899|0x38263073bb|24|1738156781155
23007|0xa21f|1|201388
23007|0xa21f|2|431097
23007|0x2a21f|3|995170
23007|0x2a21f|4|2035905
23007|0xaa21f|5|3861078
23007|0xaa21f|6|8031213
23007|0x2aa21f|7|16139729
23007|0x2aa21f|8|32076887
23007|0xaaa21f|9|64177627
23007|0x1aaa21f|10|128562980
23007|0x3aaa21f|11|257054541
23007|0x7aaa21f|12|514422863
23007|0x7aaa21f|13|1028580617
23007|0x7aaa21f|14|2060910607
23007|0x7aaa21f|15|4149962011
23007|0x7aaa21f|16|7197614309
23007|0x7aaa21f|17|14243075897
23007|0x107aaa21f|18|28476216790
23007|0x107aaa21f|19|55572346543
23007|0x107aaa21f|20|111190143177
23007|0x107aaa21f|21|219356170119
23007|0x1107aaa21f|22|438026479177
23007|0x1107aaa21f|23|876469413545
23007|0x1107aaa21f|24|1742711255313
23127|0x3167|1|175358
23127|0x13167|2|379919
23127|0x33167|3|863563
23127|0x73167|4|2059595
23127|0x73167|5|3897330
23127|0x173167|6|8024655
23127|0x173167|7|15881823
23127|0x573167|8|31899378
23127|0x573167|9|63863132
23127|0x1573167|10|127478846
23127|0x1573167|11|254277885
23127|0x5573167|12|464551572
23127|0xd573167|13|849514340
23127|0x1d573167|14|2047238419
23127|0x3d573167|15|4116184701
23127|0x3d573167|16|6889012440
23127|0xbd573167|17|13381286479
23127|0x1bd573167|18|29299001118
23127|0x1bd573167|19|57345913708
23127|0x1bd573167|20|111381179286
23127|0x9bd573167|21|217313468265
23127|0x9bd573167|22|435978210633
23127|0x29bd573167|23|875195873395
23127|0x69bd573167|24|1744810379057
23231|0x153f|1|199320
23231|0x153f|2|432210
23231|0x153f|3|981345
23231|0x153f|4|2060973
23231|0x8153f|5|3883261
23231|0x8153f|6|8070146
23231|0x8153f|7|16062617
23231|0x8153f|8|32211122
23231|0x88153f|9|64295883
23231|0x188153f|10|129133899
23231|0x188153f|11|257708894
23231|0x588153f|12|514666811
23231|0xd88153f|13|998133520
23231|0x1d88153f|14|1685996610
23231|0x3d88153f|15|4020682769
23231|0x7d88153f|16|6863327163
23231|0xfd88153f|17|14197441612
23231|0x1fd88153f|18|29154537223
23231|0x3fd88153f|19|55268323015
23231|0x7fd88153f|20|112042656958
23231|0xffd88153f|21|220895236320
23231|0x1ffd88153f|22|439744544982
23231|0x1ffd88153f|23|876098638456
23231|0x1ffd88153f|24|1737567996632
23347|0x17fb|1|175632
23347|0x117fb|2|381251
23347|0x317fb|3|915331
23347|0x717fb|4|2063654
23347|0x717fb|5|3916179
23347|0x1717fb|6|8070397
23347|0x3717fb|7|15812596
23347|0x3717fb|8|32109155
23347|0xb717fb|9|63983545
23347|0xb717fb|10|128327220
23347|0x2b717fb|11|255897497
23347|0x2b717fb|12|512107645
23347|0x2b717fb|13|1027744802
23347|0x2b717fb|14|1757167753
23347|0x22b717fb|15|4124246490
23347|0x22b717fb|16|7007941158
23347|0x22b717fb|17|14013819310
23347|0x22b717fb|18|28732430799
23347|0x222b717fb|19|55698298033
23347|0x622b717fb|20|111185003022
23347|0x622b717fb|21|218079752638
23347|0x1622b717fb|22|436192929211
23347|0x1622b717fb|23|875208693536
23347|0x5622b717fb|24|1738850427501
23463|0x9c17|1|226128
23463|0x9c17|2|433834
23463|0x29c17|3|987394
23463|0x29c17|4|1912063
23463|0x29c17|5|4059477
23463|0x129c17|6|7822658
23463|0x329c17|7|15972759
23463|0x329c17|8|31945056
23463|0xb29c17|9|63813525
23463|0xb29c17|10|127621683
23463|0x2b29c17|11|254776284
23463|0x2b29c17|12|510803247
23463|0x2b29c17|13|917096287
23463|0x2b29c17|14|1787105260
23463|0x2b29c17|15|3530061199
23463|0x42b29c17|16|6713536535
23463|0x42b29c17|17|14215816247
23463|0x142b29c17|18|27355260459
23463|0x142b29c17|19|55350492529
23463|0x142b29c17|20|113085021693
23463|0x942b29c17|21|219336972057
23463|0x942b29c17|22|442662812963
23463|0x942b29c17|23|876040430511
23463|0x4942b29c17|24|1740654441060
23945|0x28b9|1|202788
23945|0x128b9|2|436373
23945|0x328b9|3|994922
23945|0x728b9|4|2023367
23945|0x728b9|5|3886450
23945|0x728b9|6|8073120
23945|0x2728b9|7|16217087
23945|0x6728b9|8|32302868
23945|0x6728b9|9|64860999
23945|0x16728b9|10|129565886
23945|0x36728b9|11|259456451
23945|0x76728b9|12|518273028
23945|0x76728b9|13|1036700412
23945|0x176728b9|14|2074797748
23945|0x176728b9|15|3750303975
23945|0x176728b9|16|7618488010
23945|0x176728b9|17|14253693020
23945|0x1176728b9|18|31798331036
23945|0x3176728b9|19|55551884914
23945|0x3176728b9|20|112878029179
23945|0xb176728b9|21|219494568225
23945|0x1b176728b9|22|440107735953
23945|0x1b176728b9|23|878847041365
23945|0x1b176728b9|24|1738268653388
24061|0x6755|1|179006
24061|0x6755|2|419664
24061|0x6755|3|1014276
24061|0x6755|4|2008298
24061|0x6755|5|3853931
24061|0x106755|6|8048496
24061|0x106755|7|16068589
24061|0x506755|8|25862455
24061|0x506755|9|64381364
24061|0x1506755|10|128607731
24061|0x3506755|11|257172681
24061|0x7506755|12|514609337
24061|0x7506755|13|1029947115
24061|0x17506755|14|1948462070
24061|0x17506755|15|3620694208
24061|0x57506755|16|7608227411
24061|0xd7506755|17|14461765200
24061|0x1d7506755|18|27367611208
24061|0x3d7506755|19|56513981235
24061|0x7d7506755|20|110430440976
24061|0xfd7506755|21|218123039503
24061|0xfd7506755|22|436159305174
24061|0x2fd7506755|23|873305639644
24061|0x2fd7506755|24|1740131228153
24175|0xc08f|1|202471
24175|0xc08f|2|437720
24175|0xc08f|3|998925
24175|0xc08f|4|2037759
24175|0x8c08f|5|3928255
24175|0x8c08f|6|8150047
24175|0x8c08f|7|16237782
24175|0x8c08f|8|32384412
24175|0x88c08f|9|64890930
24175|0x88c08f|10|129591225
24175|0x288c08f|11|259452691
24175|0x288c08f|12|519126147
24175|0x288c08f|13|1037391592
24175|0x1288c08f|14|1860607416
24175|0x1288c08f|15|4152499119
24175|0x5288c08f|16|8153213269
24175|0x5288c08f|17|13524979879
24175|0x5288c08f|18|26860590271
24175|0x25288c08f|19|56040892024
24175|0x25288c08f|20|110336038855
24175|0x25288c08f|21|217116000716
24175|0x125288c08f|22|434365184614
24175|0x125288c08f|23|877819606181
24175|0x525288c08f|24|1737426055242
24287|0xdd1f|1|203818
24287|0xdd1f|2|436222
24287|0x2dd1f|3|1000889
24287|0x2dd1f|4|1892133
24287|0x2dd1f|5|3991259
24287|0x12dd1f|6|8005865
24287|0x32dd1f|7|16100499
24287|0x32dd1f|8|32102517
24287|0xb2dd1f|9|64470669
24287|0x1b2dd1f|10|128773806
24287|0x1b2dd1f|11|257582949
24287|0x1b2dd1f|12|514716169
24287|0x9b2dd1f|13|1007399249
24287|0x9b2dd1f|14|2067220496
24287|0x29b2dd1f|15|4135305914
24287|0x29b2dd1f|16|8177384377
24287|0x29b2dd1f|17|13918094348
24287|0x29b2dd1f|18|27581824588
24287|0x29b2dd1f|19|53779899227
24287|0x429b2dd1f|20|111430000349
24287|0x429b2dd1f|21|219064347295
24287|0x1429b2dd1f|22|434418733506
24287|0x3429b2dd1f|23|880555509694
24287|0x7429b2dd1f|24|1736735237094
24403|0x3cdb|1|179467
24403|0x13cdb|2|425635
24403|0x13cdb|3|1002652
24403|0x53cdb|4|2037010
24403|0xd3cdb|5|3932086
24403|0xd3cdb|6|7897780
24403|0x2d3cdb|7|15996040
24403|0x6d3cdb|8|32228243
24403|0x6d3cdb|9|64340379
24403|0x16d3cdb|10|128420099
24403|0x16d3cdb|11|257280177
24403|0x16d3cdb|12|514833078
24403|0x16d3cdb|13|1035440203
24403|0x16d3cdb|14|2073189898
24403|0x16d3cdb|15|4157205610
24403|0x16d3cdb|16|8294846260
24403|0x16d3cdb|17|15469270283
24403|0x16d3cdb|18|30722092534
24403|0x16d3cdb|19|53829695143
24403|0x16d3cdb|20|108523846566
24403|0x8016d3cdb|21|220402736674
24403|0x8016d3cdb|22|436142796311
24403|0x28016d3cdb|23|875221982550
24403|0x28016d3cdb|24|1737690335331
24511|0x903f|1|201686
24511|0x1903f|2|439839
24511|0x3903f|3|1004314
24511|0x3903f|4|2039670
24511|0x3903f|5|3935767
24511|0x13903f|6|8076827
24511|0x33903f|7|16258231
24511|0x33903f|8|32353696
24511|0x33903f|9|64819959
24511|0x133903f|10|129427896
24511|0x133903f|11|258698398
24511|0x133903f|12|517345251
24511|0x933903f|13|1036253089
24511|0x933903f|14|2066644970
24511|0x933903f|15|4150209583
24511|0x933903f|16|6976196701
24511|0x933903f|17|15916293298
24511|0x10933903f|18|29691061991
24511|0x10933903f|19|57340437680
24511|0x10933903f|20|110821650195
24511|0x10933903f|21|219271048021
24511|0x110933903f|22|440848167103
24511|0x310933903f|23|875151255556
24511|0x310933903f|24|1737112310504
24993|0xc261|1|205050
24993|0x1c261|2|441759
24993|0x3c261|3|996625
24993|0x7c261|4|1853229
24993|0xfc261|5|4108060
24993|0x1fc261|6|8052546
24993|0x3fc261|7|16078819
24993|0x7fc261|8|32514574
24993|0x7fc261|9|64902470
24993|0x17fc261|10|129556144
24993|0x37fc261|11|259559126
24993|0x77fc261|12|518454017
24993|0x77fc261|13|1036573407
24993|0x77fc261|14|2076636688
24993|0x277fc261|15|4144786266
24993|0x677fc261|16|7515218526
24993|0xe77fc261|17|15188075099
24993|0x1e77fc261|18|31832298168
24993|0x3e77fc261|19|55612359692
24993|0x7e77fc261|20|114597566707
24993|0x7e77fc261|21|220017093381
24993|0x17e77fc261|22|435820988995
24993|0x17e77fc261|23|875904348897
24993|0x57e77fc261|24|1736582423916
25113|0xda29|1|180733
25113|0x1da29|2|389627
25113|0x3da29|3|1029454
25113|0x7da29|4|2041594
25113|0xfda29|5|3909688
25113|0x1fda29|6|8100347
25113|0x3fda29|7|16267219
25113|0x7fda29|8|32372913
25113|0x7fda29|9|64944445
25113|0x7fda29|10|129777022
25113|0x27fda29|11|259601009
25113|0x27fda29|12|519385406
25113|0x27fda29|13|1038617159
25113|0x127fda29|14|2077547673
25113|0x127fda29|15|3358777298
25113|0x527fda29|16|8355472430
25113|0x527fda29|17|13858541930
25113|0x1527fda29|18|27511496403
25113|0x3527fda29|19|56531688355
25113|0x3527fda29|20|109769681078
25113|0xb527fda29|21|220469314896
25113|0x1b527fda29|22|436003931588
25113|0x1b527fda29|23|875366090358
25113|0x5b527fda29|24|1739597042239
25217|0xdd81|1|205328
25217|0x1dd81|2|443077
25217|0x1dd81|3|1023331
25217|0x5dd81|4|1856503
25217|0x5dd81|5|4139952
25217|0x5dd81|6|8108017
25217|0x5dd81|7|16162280
25217|0x45dd81|8|32555088
25217|0x45dd81|9|64735850
25217|0x45dd81|10|130301327
25217|0x245dd81|11|260123117
25217|0x645dd81|12|519946941
25217|0xe45dd81|13|1041375007
25217|0x1e45dd81|14|2007989970
25217|0x1e45dd81|15|4171122709
25217|0x1e45dd81|16|6715614754
25217|0x1e45dd81|17|13463148222
25217|0x1e45dd81|18|27039379788
25217|0x21e45dd81|19|54935563509
25217|0x21e45dd81|20|117460141255
25217|0xa1e45dd81|21|218493325836
25217|0x1a1e45dd81|22|435299428005
25217|0x1a1e45dd81|23|873791337924
25217|0x5a1e45dd81|24|1738529384827
25333|0xb95d|1|206238
25333|0x1b95d|2|673395
25333|0x1b95d|3|912519
25333|0x5b95d|4|2046656
25333|0x5b95d|5|4091086
25333|0x15b95d|6|8029128
25333|0x15b95d|7|16346477
25333|0x55b95d|8|32653848
25333|0x55b95d|9|65239503
25333|0x155b95d|10|129761032
25333|0x155b95d|11|260772796
25333|0x155b95d|12|434629291
25333|0x955b95d|13|984914242
25333|0x955b95d|14|2087815537
25333|0x955b95d|15|4169787210
25333|0x4955b95d|16|8267593550
25333|0x4955b95d|17|13470461022
25333|0x14955b95d|18|27023956855
25333|0x34955b95d|19|54593571219
25333|0x34955b95d|20|109208009647
25333|0xb4955b95d|21|218263776509
25333|0xb4955b95d|22|434023660162
25333|0x2b4955b95d|23|872844558094
25333|0x2b4955b95d|24|1734691918037
25445|0x166d|1|181214
25445|0x1166d|2|391301
25445|0x3166d|3|939181
25445|0x7166d|4|2054900
25445|0xf166d|5|3952592
25445|0xf166d|6|8065198
25445|0x2f166d|7|16267727
25445|0x6f166d|8|32362241
25445|0xef166d|9|64858082
25445|0xef166d|10|129340651
25445|0xef166d|11|259254732
25445|0x4ef166d|12|518042484
25445|0xcef166d|13|1039791503
25445|0x1cef166d|14|1862701574
25445|0x3cef166d|15|4152546402
25445|0x3cef166d|16|7032798824
25445|0xbcef166d|17|14311739598
25445|0x1bcef166d|18|29634279037
25445|0x1bcef166d|19|55008945896
25445|0x1bcef166d|20|110282946393
25445|0x1bcef166d|21|218603223724
25445|0x1bcef166d|22|434301561497
25445|0x1bcef166d|23|873562989244
25445|0x41bcef166d|24|1736746665666
25559|0x3fe7|1|181204
25559|0x3fe7|2|388397
25559|0x3fe7|3|897225
25559|0x43fe7|4|2049402
25559|0xc3fe7|5|4017324
25559|0xc3fe7|6|8029888
25559|0xc3fe7|7|16262572
25559|0xc3fe7|8|32274167
25559|0xc3fe7|9|64667261
25559|0x10c3fe7|10|129292453
25559|0x30c3fe7|11|258802962
25559|0x70c3fe7|12|516103877
25559|0xf0c3fe7|13|1031228326
25559|0xf0c3fe7|14|2072235834
25559|0x2f0c3fe7|15|3495877881
25559|0x6f0c3fe7|16|7892690337
25559|0x6f0c3fe7|17|13833390516
25559|0x16f0c3fe7|18|27874462951
25559|0x36f0c3fe7|19|55629057556
25559|0x76f0c3fe7|20|109523814780
25559|0x76f0c3fe7|21|221528095011
25559|0x176f0c3fe7|22|436738741115
25559|0x376f0c3fe7|23|872097529527
25559|0x376f0c3fe7|24|1734584434271
26027|0x6d03|1|206906
26027|0x16d03|2|447408
26027|0x36d03|3|1052924
26027|0x76d03|4|1899356
26027|0xf6d03|5|4168084
26027|0x1f6d03|6|8045213
26027|0x1f6d03|7|16098632
26027|0x1f6d03|8|32345099
26027|0x1f6d03|9|64895648
26027|0x11f6d03|10|129536596
26027|0x31f6d03|11|258438312
26027|0x71f6d03|12|517078626
26027|0xf1f6d03|13|1037416850
26027|0xf1f6d03|14|1703715125
26027|0xf1f6d03|15|3742364852
26027|0xf1f6d03|16|7351124138
26027|0x8f1f6d03|17|15851275684
26027|0x18f1f6d03|18|31915494641
26027|0x38f1f6d03|19|54949440241
26027|0x38f1f6d03|20|114165701420
26027|0xb8f1f6d03|21|222270499085
26027|0x1b8f1f6d03|22|434067368065
26027|0x3b8f1f6d03|23|872894550368
26027|0x7b8f1f6d03|24|1736199130883
26129|0x4af1|1|206961
26129|0x14af1|2|447964
26129|0x34af1|3|948706
26129|0x74af1|4|1949015
26129|0xf4af1|5|3991441
26129|0xf4af1|6|8151227
26129|0x2f4af1|7|16122204
26129|0x2f4af1|8|32049347
26129|0x2f4af1|9|64449151
26129|0x12f4af1|10|128875992
26129|0x12f4af1|11|258696287
26129|0x52f4af1|12|518032105
26129|0x52f4af1|13|1039498471
26129|0x152f4af1|14|1793146621
26129|0x152f4af1|15|3423241729
26129|0x552f4af1|16|6959986050
26129|0xd52f4af1|17|15231006567
26129|0x1d52f4af1|18|27674409111
26129|0x1d52f4af1|19|54818942587
26129|0x1d52f4af1|20|109362528415
26129|0x1d52f4af1|21|218691886768
26129|0x11d52f4af1|22|436250320321
26129|0x31d52f4af1|23|873771566578
26129|0x71d52f4af1|24|1735267272520
26249|0xefb9|1|206918
26249|0xefb9|2|463070
26249|0xefb9|3|960868
26249|0x4efb9|4|2010402
26249|0xcefb9|5|4053228
26249|0x1cefb9|6|7917008
26249|0x1cefb9|7|14819717
26249|0x1cefb9|8|30457824
26249|0x1cefb9|9|60343555
26249|0x11cefb9|10|127537940
26249|0x11cefb9|11|261180034
26249|0x11cefb9|12|522614068
26249|0x11cefb9|13|1043733097
26249|0x11cefb9|14|2090232108
26249|0x211cefb9|15|4112830611
26249|0x611cefb9|16|7082732085
26249|0xe11cefb9|17|16710881960
26249|0xe11cefb9|18|28206679812
26249|0x2e11cefb9|19|55415936978
26249|0x6e11cefb9|20|110307996325
26249|0x6e11cefb9|21|218850958219
26249|0x6e11cefb9|22|433834540905
26249|0x26e11cefb9|23|871925240492
26249|0x26e11cefb9|24|1733427853154
26361|0x7b49|1|205389
26361|0x17b49|2|449265
26361|0x17b49|3|960385
26361|0x17b49|4|1798571
26361|0x17b49|5|4138796
26361|0x117b49|6|8062419
26361|0x317b49|7|16092306
26361|0x717b49|8|32463195
26361|0xf17b49|9|65176580
26361|0xf17b49|10|130394656
26361|0x2f17b49|11|260234950
26361|0x6f17b49|12|520449690
26361|0xef17b49|13|1036390870
26361|0xef17b49|14|2082228394
26361|0xef17b49|15|4183493336
26361|0x4ef17b49|16|6904080009
26361|0x4ef17b49|17|13510781364
26361|0x14ef17b49|18|28444220029
26361|0x34ef17b49|19|56722505425
26361|0x74ef17b49|20|110381570658
26361|0x74ef17b49|21|218972252646
26361|0x174ef17b49|22|435356243871
26361|0x374ef17b49|23|872763834146
26361|0x774ef17b49|24|1733647651760
26469|0x726d|1|207619
26469|0x1726d|2|450379
26469|0x1726d|3|964327
26469|0x5726d|4|1885846
26469|0x5726d|5|4015303
26469|0x15726d|6|8098852
26469|0x15726d|7|16037278
26469|0x15726d|8|32533509
26469|0x95726d|9|64936400
26469|0x95726d|10|128929604
26469|0x95726d|11|258435604
26469|0x495726d|12|519500446
26469|0x495726d|13|1039317895
26469|0x1495726d|14|1664800924
26469|0x1495726d|15|3339427134
26469|0x5495726d|16|6777859402
26469|0xd495726d|17|13566913207
26469|0xd495726d|18|32720787816
26469|0xd495726d|19|56564578605
26469|0x4d495726d|20|110078593576
26469|0x4d495726d|21|218540893266
26469|0x14d495726d|22|434295103407
26469|0x14d495726d|23|873248009651
26469|0x54d495726d|24|1733161187468
26581|0x997d|1|207986
26581|0x1997d|2|450477
26581|0x3997d|3|911976
26581|0x3997d|4|1849288
26581|0x3997d|5|3986008
26581|0x3997d|6|8064328
26581|0x3997d|7|16037459
26581|0x43997d|8|31933528
26581|0x43997d|9|64154250
26581|0x143997d|10|128089230
26581|0x143997d|11|249889590
26581|0x143997d|12|513438055
26581|0x143997d|13|1030348099
26581|0x143997d|14|2054441726
26581|0x143997d|15|4104542676
26581|0x4143997d|16|6591798550
26581|0xc143997d|17|16634710798
26581|0x1c143997d|18|28744092077
26581|0x1c143997d|19|53999914317
26581|0x1c143997d|20|109514825485
26581|0x9c143997d|21|216994730584
26581|0x9c143997d|22|434598250303
26581|0x29c143997d|23|870832368390
26581|0x29c143997d|24|1993687315760
27061|0xfc9d|1|328463
27061|0x1fc9d|2|711865
27061|0x1fc9d|3|1526392
27061|0x5fc9d|4|3220188
27061|0xdfc9d|5|6576084
27061|0xdfc9d|6|13161672
27061|0xdfc9d|7|26471433
27061|0xdfc9d|8|52955439
27061|0x8dfc9d|9|106026057
27061|0x18dfc9d|10|216746779
27061|0x38dfc9d|11|424537962
27061|0x38dfc9d|12|676356314
27061|0x38dfc9d|13|1698359972
27061|0x38dfc9d|14|3069188630
27061|0x38dfc9d|15|5393801897
27061|0x438dfc9d|16|10964102892
27061|0x438dfc9d|17|22208939928
27061|0x1438dfc9d|18|44366714851
27061|0x3438dfc9d|19|87372763998
27061|0x7438dfc9d|20|175212032705
27061|0xf438dfc9d|21|349914008985
27061|0xf438dfc9d|22|423960917162
27061|0xf438dfc9d|23|1110076662010
27061|0xf438dfc9d|24|1721599478064
27187|0xa0fb|1|209515
27187|0xa0fb|2|434243
27187|0xa0fb|3|870909
27187|0xa0fb|4|1980998
27187|0x8a0fb|5|4162084
27187|0x8a0fb|6|8041355
27187|0x28a0fb|7|16421211
27187|0x68a0fb|8|32769499
27187|0xe8a0fb|9|65654479
27187|0x1e8a0fb|10|131505972
27187|0x1e8a0fb|11|263105166
27187|0x5e8a0fb|12|525689920
27187|0x5e8a0fb|13|1051948601
27187|0x5e8a0fb|14|1954730804
27187|0x5e8a0fb|15|4212075004
27187|0x5e8a0fb|16|7366313988
27187|0x85e8a0fb|17|15069085989
27187|0x185e8a0fb|18|26831681592
27187|0x185e8a0fb|19|56335205573
27187|0x185e8a0fb|20|109090790116
27187|0x185e8a0fb|21|217511531610
27187|0x185e8a0fb|22|441674272075
27187|0x185e8a0fb|23|869395284177
27187|0x4185e8a0fb|24|1735793425810
27295|0x315f|1|209193
27295|0x315f|2|454574
27295|0x315f|3|975515
27295|0x315f|4|2040669
27295|0x315f|5|4026410
27295|0x10315f|6|8291003
27295|0x10315f|7|16513897
27295|0x10315f|8|32909095
27295|0x90315f|9|65933176
27295|0x90315f|10|125826016
27295|0x290315f|11|263057098
27295|0x690315f|12|508533166
27295|0xe90315f|13|862791366
27295|0xe90315f|14|1833715547
27295|0xe90315f|15|3734395705
27295|0x4e90315f|16|6700493776
27295|0xce90315f|17|13496222993
27295|0xce90315f|18|27113316396
27295|0xce90315f|19|53731885131
27295|0xce90315f|20|114130826820
27295|0x8ce90315f|21|217486676395
27295|0x8ce90315f|22|435443538007
27295|0x8ce90315f|23|869082286542
27295|0x8ce90315f|24|1737415768216
27407|0x23ef|1|217160
27407|0x123ef|2|400595
27407|0x323ef|3|860057
27407|0x723ef|4|2040105
27407|0x723ef|5|4148906
27407|0x1723ef|6|8099586
27407|0x3723ef|7|16466202
27407|0x7723ef|8|32970663
27407|0x7723ef|9|65735513
27407|0x17723ef|10|131904510
27407|0x37723ef|11|263466753
27407|0x37723ef|12|527745283
27407|0x37723ef|13|1025317932
27407|0x37723ef|14|1963536137
27407|0x37723ef|15|4217113070
27407|0x37723ef|16|8010665069
27407|0x37723ef|17|13378509590
27407|0x1037723ef|18|29058756341
27407|0x3037723ef|19|57324449665
27407|0x3037723ef|20|108880454347
27407|0x3037723ef|21|217770001142
27407|0x3037723ef|22|443976528792
27407|0x23037723ef|23|873181883450
27407|0x23037723ef|24|1732850552853
27521|0xd481|1|210778
27521|0x1d481|2|455970
27521|0x3d481|3|978715
27521|0x3d481|4|2063196
27521|0x3d481|5|4029321
27521|0x3d481|6|8249181
27521|0x3d481|7|16549892
27521|0x43d481|8|32889536
27521|0x43d481|9|65919783
27521|0x43d481|10|131711188
27521|0x43d481|11|263929339
27521|0x443d481|12|528429983
27521|0x443d481|13|941544436
27521|0x443d481|14|2110280803
27521|0x443d481|15|3452225224
27521|0x443d481|16|7055499461
27521|0x8443d481|17|15054333708
27521|0x18443d481|18|28939029942
27521|0x18443d481|19|55991642748
27521|0x58443d481|20|110512779947
27521|0x58443d481|21|217071809326
27521|0x158443d481|22|435601900573
27521|0x358443d481|23|867789825372
27521|0x758443d481|24|1734032174371
27629|0xa9e5|1|209912
27629|0xa9e5|2|456295
27629|0xa9e5|3|978182
27629|0xa9e5|4|2071247
27629|0xa9e5|5|3972777
27629|0xa9e5|6|8196330
27629|0x20a9e5|7|16485523
27629|0x60a9e5|8|32980509
27629|0xe0a9e5|9|66186012
27629|0x1e0a9e5|10|132051784
27629|0x1e0a9e5|11|263500432
27629|0x5e0a9e5|12|526453721
27629|0xde0a9e5|13|965013439
27629|0xde0a9e5|14|1734945510
27629|0xde0a9e5|15|3357919769
27629|0x4de0a9e5|16|8468120856
27629|0x4de0a9e5|17|15206027349
27629|0x14de0a9e5|18|28453178013
27629|0x34de0a9e5|19|54364057012
27629|0x74de0a9e5|20|109788904367
27629|0x74de0a9e5|21|221636026166
27629|0x174de0a9e5|22|436435929622
27629|0x374de0a9e5|23|871904281508
27629|0x774de0a9e5|24|1732116018268
28127|0x8e1f|1|208333
28127|0x18e1f|2|428538
28127|0x38e1f|3|866568
28127|0x78e1f|4|2058914
28127|0xf8e1f|5|4155515
28127|0x1f8e1f|6|8164021
28127|0x1f8e1f|7|16489649
28127|0x1f8e1f|8|33183359
28127|0x1f8e1f|9|66126290
28127|0x11f8e1f|10|132317328
28127|0x31f8e1f|11|264687090
28127|0x31f8e1f|12|529176177
28127|0xb1f8e1f|13|1057516975
28127|0xb1f8e1f|14|2116130764
28127|0x2b1f8e1f|15|4212049125
28127|0x2b1f8e1f|16|7408185376
28127|0x2b1f8e1f|17|15530800325
28127|0x2b1f8e1f|18|30891675374
28127|0x22b1f8e1f|19|54436522648
28127|0x22b1f8e1f|20|108682226514
28127|0x22b1f8e1f|21|216789278017
28127|0x22b1f8e1f|22|435030612121
28127|0x22b1f8e1f|23|870630094541
28127|0x422b1f8e1f|24|1733356807657
28237|0x7a85|1|211020
28237|0x7a85|2|459879
28237|0x27a85|3|988754
28237|0x67a85|4|2105555
28237|0xe7a85|5|3979470
28237|0xe7a85|6|8274023
28237|0xe7a85|7|16546461
28237|0xe7a85|8|32955282
28237|0xe7a85|9|66160491
28237|0x10e7a85|10|132259470
28237|0x30e7a85|11|264011639
28237|0x70e7a85|12|528680563
28237|0xf0e7a85|13|1057808247
28237|0xf0e7a85|14|2114837826
28237|0xf0e7a85|15|3387061341
28237|0x4f0e7a85|16|7174207035
28237|0x4f0e7a85|17|13288317485
28237|0x4f0e7a85|18|26677378509
28237|0x4f0e7a85|19|55124885197
28237|0x4f0e7a85|20|107448515883
28237|0x4f0e7a85|21|218697904561
28237|0x104f0e7a85|22|434916891128
28237|0x304f0e7a85|23|868325843672
28237|0x304f0e7a85|24|1729928025540
28345|0x3789|1|211793
28345|0x13789|2|460276
28345|0x33789|3|987930
28345|0x33789|4|2100605
28345|0x33789|5|3986608
28345|0x133789|6|8182964
28345|0x133789|7|16489461
28345|0x533789|8|32795201
28345|0x533789|9|65885562
28345|0x533789|10|131763885
28345|0x2533789|11|264264380
28345|0x2533789|12|528166306
28345|0x2533789|13|986893042
28345|0x12533789|14|2113470125
28345|0x12533789|15|3718391584
28345|0x12533789|16|8445786182
28345|0x12533789|17|16843990155
28345|0x112533789|18|28067866037
28345|0x312533789|19|63184359102
28345|0x312533789|20|108892905426
28345|0xb12533789|21|217276537966
28345|0xb12533789|22|434784705755
28345|0x2b12533789|23|868261732094
28345|0x2b12533789|24|1728992686483
28461|0xb8a5|1|186362
28461|0xb8a5|2|423828
28461|0xb8a5|3|991575
28461|0xb8a5|4|2106581
28461|0xb8a5|5|4018551
28461|0x10b8a5|6|8247540
28461|0x10b8a5|7|16537637
28461|0x10b8a5|8|33021157
28461|0x10b8a5|9|66125794
28461|0x110b8a5|10|132136430
28461|0x110b8a5|11|264879981
28461|0x110b8a5|12|529374497
28461|0x110b8a5|13|1058706291
28461|0x1110b8a5|14|2116674761
28461|0x1110b8a5|15|4230963303
28461|0x5110b8a5|16|6850350256
28461|0xd110b8a5|17|15427923041
28461|0x1d110b8a5|18|27017081802
28461|0x1d110b8a5|19|53812746797
28461|0x1d110b8a5|20|112160687445
28461|0x9d110b8a5|21|222466217701
28461|0x9d110b8a5|22|435044397580
28461|0x29d110b8a5|23|871978815059
28461|0x29d110b8a5|24|1732550431084
28569|0x74a9|1|185918
28569|0x174a9|2|406391
28569|0x174a9|3|908392
28569|0x574a9|4|2082002
28569|0xd74a9|5|4084001
28569|0xd74a9|6|8113455
28569|0x2d74a9|7|16489034
28569|0x6d74a9|8|32798908
28569|0x6d74a9|9|65943553
28569|0x16d74a9|10|132208566
28569|0x16d74a9|11|264441650
28569|0x16d74a9|12|529311983
28569|0x16d74a9|13|1059014169
28569|0x116d74a9|14|2117691072
28569|0x316d74a9|15|4234995641
28569|0x316d74a9|16|8411050200
28569|0x316d74a9|17|13505048661
28569|0x316d74a9|18|27039324077
28569|0x316d74a9|19|57014985309
28569|0x4316d74a9|20|109303651416
28569|0x4316d74a9|21|216810282583
28569|0x14316d74a9|22|437375052514
28569|0x14316d74a9|23|874778112509
28569|0x14316d74a9|24|1729419668953
29051|0xc5b3|1|187134
29051|0x1c5b3|2|408577
29051|0x3c5b3|3|975525
29051|0x7c5b3|4|2111274
29051|0x7c5b3|5|4080216
29051|0x7c5b3|6|8267041
29051|0x7c5b3|7|16618082
29051|0x7c5b3|8|33007103
29051|0x7c5b3|9|66146356
29051|0x7c5b3|10|132414857
29051|0x207c5b3|11|264938256
29051|0x207c5b3|12|529172585
29051|0xa07c5b3|13|1060730082
29051|0xa07c5b3|14|2039051293
29051|0xa07c5b3|15|3729303310
29051|0x4a07c5b3|16|8461054312
29051|0x4a07c5b3|17|15295438280
29051|0x14a07c5b3|18|27537653069
29051|0x14a07c5b3|19|57907549290
29051|0x54a07c5b3|20|108628852555
29051|0xd4a07c5b3|21|217086606846
29051|0x1d4a07c5b3|22|434103816932
29051|0x1d4a07c5b3|23|868792885920
29051|0x5d4a07c5b3|24|1728365407112
29165|0x93e5|1|231004
29165|0x193e5|2|452146
29165|0x393e5|3|880732
29165|0x393e5|4|1969721
29165|0xb93e5|5|4164801
29165|0xb93e5|6|8092880
29165|0xb93e5|7|16503806
29165|0xb93e5|8|33096372
29165|0xb93e5|9|66242865
29165|0x10b93e5|10|132702515
29165|0x10b93e5|11|265790811
29165|0x50b93e5|12|529977918
29165|0xd0b93e5|13|892173873
29165|0x1d0b93e5|14|2122475862
29165|0x1d0b93e5|15|3630682044
29165|0x1d0b93e5|16|7070215704
29165|0x1d0b93e5|17|13961800219
29165|0x11d0b93e5|18|26640778474
29165|0x31d0b93e5|19|60800557649
29165|0x71d0b93e5|20|108762834995
29165|0xf1d0b93e5|21|216511075470
29165|0x1f1d0b93e5|22|435021309616
29165|0x3f1d0b93e5|23|870833273786
29165|0x7f1d0b93e5|24|1734903192325
29269|0xfafd|1|185118
29269|0xfafd|2|444816
29269|0xfafd|3|1031427
29269|0xfafd|4|2023921
29269|0x8fafd|5|3984819
29269|0x8fafd|6|8234706
29269|0x8fafd|7|16600187
29269|0x48fafd|8|33157744
29269|0x48fafd|9|66445422
29269|0x48fafd|10|132882684
29269|0x48fafd|11|264860581
29269|0x48fafd|12|530076739
29269|0x848fafd|13|1062877243
29269|0x848fafd|14|1832122898
29269|0x848fafd|15|3785713858
29269|0x4848fafd|16|8491395523
29269|0xc848fafd|17|15199182128
29269|0x1c848fafd|18|29496426735
29269|0x1c848fafd|19|58588179505
29269|0x1c848fafd|20|109883439835
29269|0x9c848fafd|21|217173063013
29269|0x19c848fafd|22|438267759112
29269|0x19c848fafd|23|871069359266
29269|0x59c848fafd|24|1732564800452
29389|0xca05|1|213001
29389|0xca05|2|466170
29389|0xca05|3|945192
29389|0xca05|4|1923743
29389|0x8ca05|5|4184158
29389|0x8ca05|6|8140921
29389|0x8ca05|7|16467142
29389|0x8ca05|8|33059116
29389|0x8ca05|9|66141612
29389|0x108ca05|10|139444457
29389|0x308ca05|11|265157066
29389|0x308ca05|12|530476014
29389|0xb08ca05|13|1061271218
29389|0xb08ca05|14|2108978293
29389|0xb08ca05|15|3569764748
29389|0x4b08ca05|16|8504625080
29389|0x4b08ca05|17|16866126894
29389|0x4b08ca05|18|31858916152
29389|0x24b08ca05|19|55986262695
29389|0x24b08ca05|20|109652358877
29389|0x24b08ca05|21|216815975782
29389|0x24b08ca05|22|433755710463
29389|0x24b08ca05|23|873668404837
29389|0x424b08ca05|24|1732001588205
29507|0x316b|1|213269
29507|0x316b|2|466658
29507|0x316b|3|1005788
29507|0x316b|4|2050112
29507|0x316b|5|3988917
29507|0x316b|6|8254880
29507|0x316b|7|16616443
29507|0x40316b|8|33074616
29507|0x40316b|9|66353424
29507|0x140316b|10|132791908
29507|0x340316b|11|265545651
29507|0x340316b|12|530949059
29507|0x340316b|13|851569109
29507|0x1340316b|14|2036783955
29507|0x3340316b|15|4248577262
29507|0x7340316b|16|7525464671
29507|0x7340316b|17|13825465204
29507|0x7340316b|18|28838609838
29507|0x7340316b|19|54462814580
29507|0x47340316b|20|111204037136
29507|0x47340316b|21|216652077471
29507|0x147340316b|22|435241130802
29507|0x347340316b|23|867038618260
29507|0x347340316b|24|1728169246796
29615|0xc34f|1|213337
29615|0xc34f|2|467523
29615|0x2c34f|3|1007289
29615|0x2c34f|4|2049605
29615|0x2c34f|5|4000798
29615|0x2c34f|6|8273263
29615|0x22c34f|7|16612076
29615|0x22c34f|8|33123239
29615|0xa2c34f|9|66509455
29615|0x1a2c34f|10|132636255
29615|0x1a2c34f|11|265948949
29615|0x5a2c34f|12|530627605
29615|0xda2c34f|13|1063265191
29615|0x1da2c34f|14|2125155933
29615|0x3da2c34f|15|4249623726
29615|0x7da2c34f|16|6942857824
29615|0x7da2c34f|17|15545131961
29615|0x7da2c34f|18|26860524192
29615|0x27da2c34f|19|55992116541
29615|0x67da2c34f|20|108461878822
29615|0x67da2c34f|21|216239882139
29615|0x67da2c34f|22|433736116976
29615|0x267da2c34f|23|876353886196
29615|0x667da2c34f|24|1733959790440
30091|0x8a23|1|214684
30091|0x18a23|2|470042
30091|0x18a23|3|1017368
30091|0x18a23|4|1916918
30091|0x98a23|5|4212063
30091|0x198a23|6|8283687
30091|0x198a23|7|16500789
30091|0x198a23|8|33543169
30091|0x198a23|9|66545604
30091|0x198a23|10|133009955
30091|0x2198a23|11|265939068
30091|0x2198a23|12|532623901
30091|0x2198a23|13|995663902
30091|0x12198a23|14|1739515469
30091|0x12198a23|15|3486318808
30091|0x12198a23|16|6734102644
30091|0x92198a23|17|13946149476
30091|0x192198a23|18|28642350237
30091|0x192198a23|19|54676762032
30091|0x192198a23|20|108774128924
30091|0x192198a23|21|217048858907
30091|0x192198a23|22|434705283118
30091|0x2192198a23|23|875286889307
30091|0x2192198a23|24|1727090742120
30199|0xdbc7|1|214092
30199|0xdbc7|2|470346
30199|0x2dbc7|3|962426
30199|0x6dbc7|4|1939320
30199|0x6dbc7|5|4216736
30199|0x16dbc7|6|8211619
30199|0x16dbc7|7|16490279
30199|0x16dbc7|8|33308314
30199|0x96dbc7|9|66482646
30199|0x96dbc7|10|132941156
30199|0x96dbc7|11|265844409
30199|0x496dbc7|12|533347441
30199|0x496dbc7|13|1065481548
30199|0x496dbc7|14|2005983114
30199|0x2496dbc7|15|4196236358
30199|0x6496dbc7|16|7698438055
30199|0x6496dbc7|17|14127705847
30199|0x6496dbc7|18|31667563620
30199|0x26496dbc7|19|55813547896
30199|0x26496dbc7|20|113894234826
30199|0xa6496dbc7|21|222392425024
30199|0xa6496dbc7|22|436637995557
30199|0xa6496dbc7|23|867747838763
30199|0xa6496dbc7|24|1728536388829
30311|0x4557|1|214405
30311|0x4557|2|471323
30311|0x24557|3|1016869
30311|0x24557|4|1963650
30311|0x24557|5|4161175
30311|0x24557|6|8287178
30311|0x224557|7|16488282
30311|0x624557|8|33333744
30311|0xe24557|9|66197250
30311|0x1e24557|10|132963148
30311|0x3e24557|11|266297005
30311|0x7e24557|12|532905340
30311|0xfe24557|13|1066031732
30311|0x1fe24557|14|1792435749
30311|0x3fe24557|15|3370770966
30311|0x3fe24557|16|8453049072
30311|0x3fe24557|17|13506101597
30311|0x3fe24557|18|27870812900
30311|0x3fe24557|19|57279754909
30311|0x43fe24557|20|108476632709
30311|0xc3fe24557|21|217702846751
30311|0xc3fe24557|22|443219405727
30311|0x2c3fe24557|23|866491226455
30311|0x6c3fe24557|24|1731298195289
30425|0xa969|1|214711
30425|0xa969|2|469444
30425|0x2a969|3|1018605
30425|0x2a969|4|2081828
30425|0xaa969|5|4005545
30425|0xaa969|6|8241010
30425|0x2aa969|7|16411641
30425|0x6aa969|8|33001870
30425|0xeaa969|9|65894274
30425|0x1eaa969|10|132099577
30425|0x3eaa969|11|264223018
30425|0x7eaa969|12|528726757
30425|0x7eaa969|13|864053749
30425|0x7eaa969|14|1946331169
30425|0x27eaa969|15|3757710457
30425|0x27eaa969|16|7138303470
30425|0x27eaa969|17|13370833823
30425|0x27eaa969|18|27187121532
30425|0x27eaa969|19|54770712934
30425|0x27eaa969|20|108844336773
30425|0x827eaa969|21|216187545348
30425|0x1827eaa969|22|439295516343
30425|0x3827eaa969|23|866900884678
30425|0x3827eaa969|24|1728022103763
30529|0x18c1|1|215419
30529|0x18c1|2|472160
30529|0x18c1|3|968778
30529|0x18c1|4|1934029
30529|0x818c1|5|4245230
30529|0x1818c1|6|8269154
30529|0x3818c1|7|16529150
30529|0x7818c1|8|33479620
30529|0x7818c1|9|66416819
30529|0x7818c1|10|133297227
30529|0x27818c1|11|266311668
30529|0x67818c1|12|532917958
30529|0xe7818c1|13|1002411845
30529|0xe7818c1|14|2115704135
30529|0xe7818c1|15|3427446114
30529|0xe7818c1|16|7809338186
30529|0x8e7818c1|17|15188667334
30529|0x8e7818c1|18|30428551804
30529|0x28e7818c1|19|55310907732
30529|0x28e7818c1|20|110410163312
30529|0x28e7818c1|21|217263678316
30529|0x28e7818c1|22|436071854054
30529|0x228e7818c1|23|866920658568
30529|0x228e7818c1|24|1728252546796
30645|0xfe9d|1|214956
30645|0x1fe9d|2|491436
30645|0x1fe9d|3|1019146
30645|0x5fe9d|4|2062430
30645|0xdfe9d|5|4045252
30645|0xdfe9d|6|8283191
30645|0xdfe9d|7|16493971
30645|0x4dfe9d|8|33019310
30645|0xcdfe9d|9|65924556
30645|0x1cdfe9d|10|132261577
30645|0x1cdfe9d|11|264461805
30645|0x1cdfe9d|12|528670345
30645|0x9cdfe9d|13|1057175628
30645|0x19cdfe9d|14|1679733792
30645|0x19cdfe9d|15|3787030672
30645|0x19cdfe9d|16|6968740933
30645|0x19cdfe9d|17|14039320414
30645|0x119cdfe9d|18|27497316029
30645|0x319cdfe9d|19|55088786845
30645|0x319cdfe9d|20|114565032277
30645|0x319cdfe9d|21|216969554767
30645|0x1319cdfe9d|22|433444517903
30645|0x1319cdfe9d|23|867873145173
30645|0x1319cdfe9d|24|1726675865796
31111|0xfc37|1|213866
31111|0x1fc37|2|475431
31111|0x3fc37|3|1043979
31111|0x3fc37|4|2075822
31111|0x3fc37|5|3955898
31111|0x13fc37|6|8270037
31111|0x13fc37|7|16633900
31111|0x53fc37|8|33085241
31111|0xd3fc37|9|61787734
31111|0xd3fc37|10|121163459
31111|0x2d3fc37|11|266649764
31111|0x2d3fc37|12|528830687
31111|0x2d3fc37|13|833927248
31111|0x12d3fc37|14|1985014831
31111|0x32d3fc37|15|3616402150
31111|0x32d3fc37|16|8476558980
31111|0x32d3fc37|17|13821669065
31111|0x132d3fc37|18|27394185614
31111|0x132d3fc37|19|54539094726
31111|0x132d3fc37|20|109158688757
31111|0x932d3fc37|21|285691881198
31111|0x932d3fc37|22|692208158221
31111|0x2932d3fc37|23|1384382002063
31111|0x6932d3fc37|24|2778984117938
31283|0x10fb|1|336177
31283|0x110fb|2|763511
31283|0x310fb|3|1618876
31283|0x710fb|4|3293161
31283|0x710fb|5|6588365
31283|0x710fb|6|13385417
31283|0x710fb|7|26899914
31283|0x710fb|8|53835507
31283|0x8710fb|9|107651075
31283|0x18710fb|10|215205107
31283|0x18710fb|11|430502490
31283|0x58710fb|12|855811834
31283|0xd8710fb|13|1723526280
31283|0x1d8710fb|14|2761013687
31283|0x1d8710fb|15|5415991078
31283|0x5d8710fb|16|11046190931
31283|0x5d8710fb|17|21571084340
31283|0x15d8710fb|18|43314502454
31283|0x15d8710fb|19|86917417433
31283|0x15d8710fb|20|172990134176
31283|0x95d8710fb|21|346731751652
31283|0x195d8710fb|22|692048777892
31283|0x395d8710fb|23|1385667902746
31283|0x395d8710fb|24|2782690979183
31463|0xf8d7|1|336543
31463|0x1f8d7|2|747257
31463|0x3f8d7|3|1639473
31463|0x7f8d7|4|3424181
31463|0xff8d7|5|6609675
31463|0xff8d7|6|13434768
31463|0xff8d7|7|26811584
31463|0xff8d7|8|53856497
31463|0xff8d7|9|107615434
31463|0x10ff8d7|10|215461370
31463|0x30ff8d7|11|430946713
31463|0x30ff8d7|12|861683858
31463|0x30ff8d7|13|1724326264
31463|0x30ff8d7|14|2742287498
31463|0x230ff8d7|15|5518506831
31463|0x630ff8d7|16|11215774044
31463|0x630ff8d7|17|21848230903
31463|0x1630ff8d7|18|43472210650
31463|0x3630ff8d7|19|86849432007
31463|0x7630ff8d7|20|173342741422
31463|0x7630ff8d7|21|346761268731
31463|0x7630ff8d7|22|692598492138
31463|0x27630ff8d7|23|1385119294560
31463|0x67630ff8d7|24|2770902912253
31637|0xf7bd|1|337066
31637|0xf7bd|2|748225
31637|0xf7bd|3|1622706
31637|0xf7bd|4|3318266
31637|0x8f7bd|5|6670886
31637|0x8f7bd|6|13420766
31637|0x8f7bd|7|26878968
31637|0x48f7bd|8|53844881
31637|0xc8f7bd|9|107731543
31637|0xc8f7bd|10|215532769
31637|0xc8f7bd|11|363750590
31637|0x4c8f7bd|12|862603292
31637|0xcc8f7bd|13|1701343273
31637|0xcc8f7bd|14|2738554469
31637|0xcc8f7bd|15|5444328757
31637|0xcc8f7bd|16|10931390791
31637|0xcc8f7bd|17|21685374026
31637|0xcc8f7bd|18|43434238984
31637|0xcc8f7bd|19|86496879133
31637|0x40cc8f7bd|20|173009162742
31637|0x40cc8f7bd|21|345950980761
31637|0x40cc8f7bd|22|691599256879
31637|0x40cc8f7bd|23|1384398427302
31637|0x40cc8f7bd|24|2767714633367
32163|0x9e0b|1|346514
32163|0x9e0b|2|755974
32163|0x9e0b|3|1660795
32163|0x9e0b|4|3333136
32163|0x9e0b|5|6675561
32163|0x109e0b|6|13416330
32163|0x109e0b|7|26964752
32163|0x509e0b|8|46101555
32163|0xd09e0b|9|107822888
32163|0xd09e0b|10|215871718
32163|0x2d09e0b|11|431932728
32163|0x2d09e0b|12|778472813
32163|0xad09e0b|13|1566784785
32163|0xad09e0b|14|2758622917
32163|0xad09e0b|15|6464137254
32163|0x4ad09e0b|16|11344920823
32163|0xcad09e0b|17|21644857236
32163|0x1cad09e0b|18|43304674501
32163|0x1cad09e0b|19|87279089551
32163|0x5cad09e0b|20|173562342930
32163|0xdcad09e0b|21|345588055820
32163|0x1dcad09e0b|22|690916682457
32163|0x1dcad09e0b|23|1383567559282
32163|0x1dcad09e0b|24|2766876981389
32343|0x4d67|1|339407
32343|0x14d67|2|781424
32343|0x34d67|3|1641620
32343|0x34d67|4|3342876
32343|0xb4d67|5|6716970
32343|0x1b4d67|6|13425815
32343|0x3b4d67|7|26905344
32343|0x7b4d67|8|53907654
32343|0x7b4d67|9|90521852
32343|0x7b4d67|10|215865166
32343|0x27b4d67|11|432249401
32343|0x27b4d67|12|864025038
32343|0xa7b4d67|13|1355982476
32343|0xa7b4d67|14|3424943070
32343|0xa7b4d67|15|5944079416
32343|0x4a7b4d67|16|10804798668
32343|0x4a7b4d67|17|22140441749
32343|0x4a7b4d67|18|43279084052
32343|0x24a7b4d67|19|87432851335
32343|0x24a7b4d67|20|172687813557
32343|0x24a7b4d67|21|345040921925
32343|0x124a7b4d67|22|690543175671
32343|0x324a7b4d67|23|1382893742514
32343|0x724a7b4d67|24|2775546029239
32519|0xbeb7|1|342564
32519|0xbeb7|2|779830
32519|0x2beb7|3|1644675
32519|0x2beb7|4|3354894
32519|0x2beb7|5|6730676
32519|0x12beb7|6|13462481
32519|0x32beb7|7|26955175
32519|0x32beb7|8|53913822
32519|0x32beb7|9|107922423
32519|0x32beb7|10|216007491
32519|0x232beb7|11|385350597
32519|0x632beb7|12|864624224
32519|0xe32beb7|13|1707318212
32519|0x1e32beb7|14|3460286930
32519|0x1e32beb7|15|5785399741
32519|0x1e32beb7|16|10829071967
32519|0x1e32beb7|17|21560996292
32519|0x1e32beb7|18|43150571274
32519|0x1e32beb7|19|86383260558
32519|0x41e32beb7|20|172485930941
32519|0xc1e32beb7|21|345277026330
32519|0x1c1e32beb7|22|690335186914
32519|0x1c1e32beb7|23|1380747975361
32519|0x5c1e32beb7|24|2763140071271
32705|0x9041|1|363047
32705|0x19041|2|760854
32705|0x39041|3|1645748
32705|0x39041|4|3354046
32705|0x39041|5|6736787
32705|0x39041|6|13480681
32705|0x39041|7|27042740
32705|0x439041|8|54077559
32705|0xc39041|9|108085170
32705|0xc39041|10|216155754
32705|0xc39041|11|388322191
32705|0xc39041|12|733905022
32705|0x8c39041|13|1730540450
32705|0x8c39041|14|2966580402
32705|0x28c39041|15|5449740377
32705|0x68c39041|16|11074958611
32705|0x68c39041|17|22000623792
32705|0x68c39041|18|43344134262
32705|0x68c39041|19|86262126491
32705|0x68c39041|20|172444982159
32705|0x868c39041|21|345000804832
32705|0x1868c39041|22|689785028003
32705|0x3868c39041|23|1380651583006
32705|0x3868c39041|24|2761812987680
33073|0x137d1|1|579175
33073|0x137d1|2|1395109
33073|0x537d1|3|3018257
33073|0x537d1|4|6333005
33073|0x537d1|5|12733321
33073|0x2537d1|6|25562246
33073|0x6537d1|7|51051795
33073|0xe537d1|8|102144929
33073|0x1e537d1|9|204439971
33073|0x3e537d1|10|408923457
33073|0x3e537d1|11|818093186
33073|0x3e537d1|12|1636040960
33073|0x3e537d1|13|2888113143
33073|0x3e537d1|14|5575586091
33073|0x43e537d1|15|10901711615
33073|0xc3e537d1|16|22822807148
33073|0xc3e537d1|17|45298586996
33073|0xc3e537d1|18|88326031332
33073|0x4c3e537d1|19|179008483436
33073|0x4c3e537d1|20|357161060951
33073|0x4c3e537d1|21|714174927938
33073|0x24c3e537d1|22|1427980514716
33073|0x64c3e537d1|23|2856896639264
33073|0x64c3e537d1|24|5715734463134
33231|0xe52f|1|579373
33231|0x2e52f|2|1376822
33231|0x6e52f|3|3045058
33231|0x6e52f|4|6266974
33231|0x16e52f|5|12690174
33231|0x16e52f|6|25565552
33231|0x16e52f|7|51129070
33231|0x16e52f|8|84461230
33231|0x16e52f|9|204350889
33231|0x16e52f|10|409049064
33231|0x416e52f|11|738200763
33231|0xc16e52f|12|1636907752
33231|0x1c16e52f|13|2913785459
33231|0x1c16e52f|14|5515924738
33231|0x5c16e52f|15|10784760027
33231|0x5c16e52f|16|21807228700
33231|0x5c16e52f|17|43274179497
33231|0x25c16e52f|18|90177574411
33231|0x25c16e52f|19|178385213625
33231|0x25c16e52f|20|357414348664
33231|0x125c16e52f|21|713983483956
33231|0x125c16e52f|22|1427677262826
33231|0x525c16e52f|23|2855481618780
33231|0x525c16e52f|24|5713968735565
33415|0xa337|1|580440
33415|0xa337|2|1379836
33415|0xa337|3|3065712
33415|0x8a337|4|6269206
33415|0x18a337|5|12741441
33415|0x38a337|6|25454542
33415|0x78a337|7|51073922
33415|0xf8a337|8|102268091
33415|0xf8a337|9|204585773
33415|0x2f8a337|10|408857664
33415|0x6f8a337|11|776499012
33415|0x6f8a337|12|1580982209
33415|0x16f8a337|13|2944318086
33415|0x36f8a337|14|6549102176
33415|0x76f8a337|15|11032243959
33415|0x76f8a337|16|21983654662
33415|0x176f8a337|17|44293977638
33415|0x176f8a337|18|90140818708
33415|0x176f8a337|19|178162170016
33415|0x176f8a337|20|356502679082
33415|0x1176f8a337|21|713732290950
33415|0x3176f8a337|22|1427625092016
33415|0x3176f8a337|23|2855144779029
33415|0xb176f8a337|24|5725611456538
33609|0x1def9|1|580226
33609|0x3def9|2|1377194
33609|0x7def9|3|3062208
33609|0xfdef9|4|6345497
33609|0xfdef9|5|12832784
33609|0x2fdef9|6|25635047
33609|0x6fdef9|7|51098232
33609|0x6fdef9|8|102235674
33609|0x16fdef9|9|177261981
33609|0x16fdef9|10|379208125
33609|0x16fdef9|11|779148162
33609|0x96fdef9|12|1364625060
33609|0x196fdef9|13|2872138773
33609|0x196fdef9|14|6557225472
33609|0x196fdef9|15|10853278798
33609|0x996fdef9|16|21597283811
33609|0x996fdef9|17|44121758442
33609|0x996fdef9|18|90194532173
33609|0x996fdef9|19|177559460483
33609|0x996fdef9|20|358138868829
33609|0x10996fdef9|21|713612812481
33609|0x10996fdef9|22|1427290182520
33609|0x50996fdef9|23|2854716138683
33609|0xd0996fdef9|24|4876305651046
33763|0xd9cb|1|373699
33763|0xd9cb|2|817428
33763|0x4d9cb|3|1811819
33763|0x4d9cb|4|4020151
33763|0x4d9cb|5|7932612
33763|0x4d9cb|6|15693974
33763|0x44d9cb|7|31827393
33763|0xc4d9cb|8|63369343
33763|0xc4d9cb|9|127029234
33763|0x2c4d9cb|10|254315207
33763|0x2c4d9cb|11|508568196
33763|0x2c4d9cb|12|1017075177
33763|0x12c4d9cb|13|2034661234
33763|0x32c4d9cb|14|3730873760
33763|0x72c4d9cb|15|7249284163
33763|0xf2c4d9cb|16|16291951417
33763|0xf2c4d9cb|17|29144197268
33763|0x2f2c4d9cb|18|55578126840
33763|0x2f2c4d9cb|19|116907673754
33763|0xaf2c4d9cb|20|235861918307
33763|0x1af2c4d9cb|21|438117386477
33763|0x3af2c4d9cb|22|876915772799
33763|0x3af2c4d9cb|23|1751808629050
33763|0xbaf2c4d9cb|24|3520486934055
34075|0x14d13|1|377375
34075|0x34d13|2|882674
34075|0x74d13|3|1942699
34075|0x74d13|4|3877996
34075|0x174d13|5|7867829
34075|0x174d13|6|15904998
34075|0x174d13|7|31922617
34075|0x974d13|8|63663707
34075|0x1974d13|9|127234231
34075|0x3974d13|10|254564663
34075|0x7974d13|11|508518563
34075|0xf974d13|12|1017626934
34075|0xf974d13|13|2035902174
34075|0xf974d13|14|4071388995
34075|0x4f974d13|15|7231639944
34075|0x4f974d13|16|13864297797
34075|0x4f974d13|17|32555236167
34075|0x24f974d13|18|58669672823
34075|0x24f974d13|19|123280256958
34075|0xa4f974d13|20|222317343594
34075|0x1a4f974d13|21|438648507424
34075|0x3a4f974d13|22|872576651136
34075|0x3a4f974d13|23|1751341946775
34075|0xba4f974d13|24|3516530575828
34183|0x3037|1|370730
34183|0x23037|2|908951
34183|0x63037|3|1755084
34183|0x63037|4|4024587
34183|0x163037|5|7888941
34183|0x163037|6|15793790
34183|0x563037|7|31735122
34183|0xd63037|8|63482384
34183|0xd63037|9|127293280
34183|0xd63037|10|254657863
34183|0xd63037|11|508892416
34183|0x8d63037|12|1018169647
34183|0x18d63037|13|2035493545
34183|0x38d63037|14|4072132287
34183|0x78d63037|15|7030787074
34183|0x78d63037|16|15075936447
34183|0x178d63037|17|27674133097
34183|0x378d63037|18|60470492992
34183|0x778d63037|19|112189946283
34183|0xf78d63037|20|221137309424
34183|0x1f78d63037|21|450384351865
34183|0x3f78d63037|22|873115919413
34183|0x7f78d63037|23|1753145109401
34183|0x7f78d63037|24|3517756620564
34291|0x19b3b|1|326927
34291|0x19b3b|2|849351
34291|0x59b3b|3|1984415
34291|0xd9b3b|4|3932816
34291|0x1d9b3b|5|7845419
34291|0x1d9b3b|6|15944758
34291|0x5d9b3b|7|31887791
34291|0xdd9b3b|8|63939994
34291|0xdd9b3b|9|126900519
34291|0xdd9b3b|10|254205927
34291|0x4dd9b3b|11|508171556
34291|0x4dd9b3b|12|1016958435
34291|0x4dd9b3b|13|2033360680
34291|0x4dd9b3b|14|4066816600
34291|0x44dd9b3b|15|8134158990
34291|0xc4dd9b3b|16|14605018694
34291|0xc4dd9b3b|17|30791208486
34291|0x2c4dd9b3b|18|57037209150
34291|0x2c4dd9b3b|19|113917973686
34291|0xac4dd9b3b|20|223270519522
34291|0xac4dd9b3b|21|440371018066
34291|0xac4dd9b3b|22|871972853781
34291|0xac4dd9b3b|23|1750639069024
34291|0x8ac4dd9b3b|24|3520788784131
34409|0x169d9|1|399552
34409|0x169d9|2|885594
34409|0x569d9|3|1950057
34409|0x569d9|4|3813888
34409|0x569d9|5|7883326
34409|0x2569d9|6|15774938
34409|0x6569d9|7|31491300
34409|0x6569d9|8|63300252
34409|0x16569d9|9|126636422
34409|0x16569d9|10|253228234
34409|0x16569d9|11|508057072
34409|0x96569d9|12|1018944112
34409|0x196569d9|13|2033786016
34409|0x196569d9|14|4070573877
34409|0x196569d9|15|6789447662
34409|0x996569d9|16|14097315855
34409|0x996569d9|17|31075995596
34409|0x2996569d9|18|58831674883
34409|0x6996569d9|19|112960849324
34409|0x6996569d9|20|220967442940
34409|0x6996569d9|21|442877772351
34409|0x6996569d9|22|874495133027
34409|0x6996569d9|23|1750749955864
34409|0x6996569d9|24|3510724891521
34523|0x553|1|371637
34523|0x20553|2|905209
34523|0x60553|3|1952550
34523|0x60553|4|3832556
34523|0x160553|5|7886748
34523|0x360553|6|15800873
34523|0x360553|7|31487660
34523|0x360553|8|63200442
34523|0x1360553|9|126588433
34523|0x1360553|10|253043513
34523|0x1360553|11|505962668
34523|0x1360553|12|1012389545
34523|0x11360553|13|1889208230
34523|0x11360553|14|3637805491
34523|0x11360553|15|7984060047
34523|0x11360553|16|13695532104
34523|0x111360553|17|29675866444
34523|0x111360553|18|56913509965
34523|0x511360553|19|111211428160
34523|0xd11360553|20|219846403892
34523|0x1d11360553|21|436115089237
34523|0x3d11360553|22|871885038143
34523|0x7d11360553|23|1750430849334
34523|0x7d11360553|24|3512175312068
34633|0x11af9|1|372653
34633|0x31af9|2|908592
34633|0x71af9|3|1955401
34633|0x71af9|4|3834026
34633|0x71af9|5|7928011
34633|0x71af9|6|15832901
34633|0x471af9|7|31539113
34633|0xc71af9|8|63307998
34633|0xc71af9|9|126459577
34633|0xc71af9|10|252722679
34633|0xc71af9|11|506435642
34633|0x8c71af9|12|1012532440
34633|0x8c71af9|13|2025419838
34633|0x8c71af9|14|3566400887
34633|0x8c71af9|15|8105003693
34633|0x88c71af9|16|14290443773
34633|0x88c71af9|17|27157482069
34633|0x88c71af9|18|62166879722
34633|0x88c71af9|19|111177598570
34633|0x888c71af9|20|220681471881
34633|0x1888c71af9|21|436235862799
34633|0x3888c71af9|22|872931760739
34633|0x7888c71af9|23|1749364097026
34633|0xf888c71af9|24|3511402887662
34747|0x12573|1|327782
34747|0x32573|2|812579
34747|0x72573|3|1957299
34747|0xf2573|4|3971597
34747|0x1f2573|5|7847792
34747|0x1f2573|6|15854654
34747|0x1f2573|7|31643579
34747|0x9f2573|8|63195887
34747|0x19f2573|9|126438875
34747|0x19f2573|10|253096759
34747|0x59f2573|11|504049969
34747|0xd9f2573|12|1014385513
34747|0xd9f2573|13|2025499534
34747|0x2d9f2573|14|3723740670
34747|0x6d9f2573|15|8102331886
34747|0x6d9f2573|16|14815345002
34747|0x16d9f2573|17|28580922641
34747|0x36d9f2573|18|55689544363
34747|0x36d9f2573|19|111150652137
34747|0x36d9f2573|20|220273199655
34747|0x136d9f2573|21|436243362110
34747|0x136d9f2573|22|873967351215
34747|0x136d9f2573|23|1749118855458
34747|0x136d9f2573|24|3511738390287
35071|0x76ff|1|343340
35071|0x276ff|2|891058
35071|0x676ff|3|1984949
35071|0xe76ff|4|3784191
35071|0xe76ff|5|7829798
35071|0x2e76ff|6|15841782
35071|0x2e76ff|7|31744477
35071|0xae76ff|8|63319645
35071|0x1ae76ff|9|126596101
35071|0x1ae76ff|10|253423243
35071|0x5ae76ff|11|507086818
35071|0xdae76ff|12|1014112888
35071|0x1dae76ff|13|1710510358
35071|0x1dae76ff|14|3649592802
35071|0x5dae76ff|15|7524412425
35071|0x5dae76ff|16|13656514034
35071|0x5dae76ff|17|27727721176
35071|0x25dae76ff|18|58398433207
35071|0x25dae76ff|19|112187403559
35071|0x25dae76ff|20|220360337123
35071|0x25dae76ff|21|435949121076
35071|0x225dae76ff|22|872232627131
35071|0x225dae76ff|23|1746982228030
35071|0x225dae76ff|24|3511398171859
35179|0x15b43|1|373844
35179|0x15b43|2|891593
35179|0x15b43|3|1800162
35179|0x95b43|4|3951441
35179|0x95b43|5|7881621
35179|0x95b43|6|15659765
35179|0x495b43|7|31720471
35179|0xc95b43|8|63303566
35179|0xc95b43|9|126568699
35179|0x2c95b43|10|253289232
35179|0x6c95b43|11|506361915
35179|0xec95b43|12|985116506
35179|0x1ec95b43|13|2027623096
35179|0x3ec95b43|14|3668115568
35179|0x3ec95b43|15|7407934370
35179|0x3ec95b43|16|15730575153
35179|0x3ec95b43|17|28715835554
35179|0x3ec95b43|18|58751005462
35179|0x43ec95b43|19|111143187990
35179|0x43ec95b43|20|220622021989
35179|0x43ec95b43|21|435860046699
35179|0x243ec95b43|22|873066619716
35179|0x643ec95b43|23|1748477358437
35179|0xe43ec95b43|24|3510490230896
35289|0x16669|1|373042
35289|0x36669|2|892144
35289|0x36669|3|1969483
35289|0x36669|4|3770929
35289|0x136669|5|7868921
35289|0x136669|6|15884850
35289|0x536669|7|31523776
35289|0xd36669|8|63206663
35289|0x1d36669|9|126704045
35289|0x3d36669|10|253394609
35289|0x3d36669|11|506739368
35289|0x3d36669|12|848884655
35289|0x3d36669|13|2027388217
35289|0x23d36669|14|3562577133
35289|0x23d36669|15|8117065014
35289|0xa3d36669|16|13446514004
35289|0x1a3d36669|17|28478453077
35289|0x1a3d36669|18|56019351901
35289|0x1a3d36669|19|112734606241
35289|0x1a3d36669|20|222470948781
35289|0x11a3d36669|21|436098107338
35289|0x31a3d36669|22|872315553521
35289|0x71a3d36669|23|1747713410907
35289|0x71a3d36669|24|3509990518200
35397|0x1f88d|1|328839
35397|0x1f88d|2|899880
35397|0x5f88d|3|1971397
35397|0xdf88d|4|3746832
35397|0xdf88d|5|7811522
35397|0xdf88d|6|15689741
35397|0x4df88d|7|31425475
35397|0x4df88d|8|62779529
35397|0x14df88d|9|125697471
35397|0x34df88d|10|251574759
35397|0x74df88d|11|503042235
35397|0x74df88d|12|1006603071
35397|0x74df88d|13|2016356101
35397|0x74df88d|14|3595420786
35397|0x74df88d|15|6871530180
35397|0x74df88d|16|13299460865
35397|0x74df88d|17|28588973340
35397|0x2074df88d|18|56382493817
35397|0x6074df88d|19|111092407091
35397|0x6074df88d|20|220885256370
35397|0x16074df88d|21|435994458874
35397|0x36074df88d|22|875893188524
35397|0x36074df88d|23|1752798896057
35397|0xb6074df88d|24|3510218534010
35515|0x12a73|1|374270
35515|0x12a73|2|894302
35515|0x52a73|3|1991423
35515|0xd2a73|4|3750538
35515|0xd2a73|5|7869676
35515|0xd2a73|6|15873650
35515|0xd2a73|7|31425862
35515|0x8d2a73|8|63182778
35515|0x8d2a73|9|126027972
35515|0x8d2a73|10|252343567
35515|0x8d2a73|11|505145886
35515|0x8d2a73|12|1010406796
35515|0x8d2a73|13|2020354718
35515|0x8d2a73|14|4040876147
35515|0x8d2a73|15|7199421362
35515|0x808d2a73|16|13552355952
35515|0x808d2a73|17|30215002286
35515|0x2808d2a73|18|56334398511
35515|0x2808d2a73|19|113909131630
35515|0x2808d2a73|20|224462058033
35515|0x2808d2a73|21|435566245969
35515|0x22808d2a73|22|873562692348
35515|0x22808d2a73|23|1744575665439
35515|0xa2808d2a73|24|3515432713676
35625|0x14119|1|377487
35625|0x14119|2|895179
35625|0x54119|3|1898411
35625|0x54119|4|3834219
35625|0x154119|5|7882847
35625|0x154119|6|15670388
35625|0x554119|7|31591773
35625|0x554119|8|63204585
35625|0x554119|9|126481598
35625|0x554119|10|253389469
35625|0x554119|11|506236445
35625|0x8554119|12|880749355
35625|0x8554119|13|2020335254
35625|0x28554119|14|3323683276
35625|0x68554119|15|6872994561
35625|0x68554119|16|15159137805
35625|0x168554119|17|28093069774
35625|0x168554119|18|58969499496
35625|0x168554119|19|110653926981
35625|0x168554119|20|226692456833
35625|0x168554119|21|434421868577
35625|0x2168554119|22|874564723289
35625|0x2168554119|23|1746048360643
35625|0x2168554119|24|3514782414841
35735|0xa427|1|373569
35735|0x2a427|2|915577
35735|0x2a427|3|1978636
35735|0x2a427|4|3760409
35735|0x12a427|5|7871320
35735|0x32a427|6|15789979
35735|0x32a427|7|31406384
35735|0x32a427|8|63117084
35735|0x132a427|9|126014095
35735|0x132a427|10|252460517
35735|0x532a427|11|505331390
35735|0x532a427|12|926507648
35735|0x1532a427|13|2028789552
35735|0x1532a427|14|4057216606
35735|0x1532a427|15|8088557692
35735|0x1532a427|16|16112309328
35735|0x11532a427|17|33633264715
35735|0x31532a427|18|58133500530
35735|0x71532a427|19|115507080711
35735|0x71532a427|20|223476899073
35735|0x171532a427|21|434535931860
35735|0x371532a427|22|873121693643
35735|0x371532a427|23|1743171891802
35735|0x371532a427|24|3515138661287
