8983|0x44a7|1|114655
8983|0x44a7|2|378353
8983|0x144a7|3|788404
8983|0x144a7|4|1573700
8983|0x144a7|5|3246000
8983|0x144a7|6|6491751
8983|0x144a7|7|12659330
8983|0x144a7|8|24112904
8983|0x144a7|9|51859140
8983|0x8144a7|10|103454324
8983|0x8144a7|11|206269293
8983|0x8144a7|12|363633106
8983|0x8144a7|13|825070859
8983|0x88144a7|14|1648136899
8983|0x188144a7|15|2769260569
8983|0x388144a7|16|6603260216
8983|0x788144a7|17|10819318076
8983|0xf88144a7|18|22184720470
8983|0xf88144a7|19|46232806554
8983|0xf88144a7|20|89065769882
8983|0xf88144a7|21|184814482771
8983|0xf88144a7|22|358599404233
8983|0x10f88144a7|23|713090014520
8983|0x10f88144a7|24|1425590335548
9213|0x5155|1|160650
9213|0x5155|2|364493
9213|0x15155|3|795634
9213|0x15155|4|1635972
9213|0x55155|5|3189345
9213|0x55155|6|6401371
9213|0x55155|7|12836243
9213|0x255155|8|25763899
9213|0x255155|9|51528684
9213|0x255155|10|103127034
9213|0x1255155|11|206044562
9213|0x1255155|12|412035972
9213|0x5255155|13|824435850
9213|0x5255155|14|1648302052
9213|0x15255155|15|3297326340
9213|0x15255155|16|5587354959
9213|0x15255155|17|10950894207
9213|0x15255155|18|22033124146
9213|0x115255155|19|45448074726
9213|0x315255155|20|91849299061
9213|0x315255155|21|178440553680
9213|0x315255155|22|356746380449
9213|0x1315255155|23|712641167000
9213|0x1315255155|24|1425532543368
10159|0xf4f|1|164268
10159|0x8f4f|2|377385
10159|0x18f4f|3|785027
10159|0x38f4f|4|1596429
10159|0x78f4f|5|3192264
10159|0x78f4f|6|6483032
10159|0x78f4f|7|13008488
10159|0x78f4f|8|25923982
10159|0x78f4f|9|51863045
10159|0x78f4f|10|103710895
10159|0x78f4f|11|207433253
10159|0x78f4f|12|414960828
10159|0x4078f4f|13|739277153
10159|0xc078f4f|14|1349569042
10159|0xc078f4f|15|2770462931
10159|0x2c078f4f|16|5618083534
10159|0x6c078f4f|17|11187409774
10159|0x6c078f4f|18|21568213671
10159|0x16c078f4f|19|44682070408
10159|0x36c078f4f|20|88952980529
10159|0x76c078f4f|21|178304376151
10159|0xf6c078f4f|22|354985617678
10159|0xf6c078f4f|23|709083855095
10159|0xf6c078f4f|24|1419163029673
11035|0x3713|1|161381
11035|0x3713|2|342393
11035|0x3713|3|763531
11035|0x23713|4|1578902
11035|0x63713|5|3240812
11035|0xe3713|6|6514572
11035|0xe3713|7|13053003
11035|0xe3713|8|26092135
11035|0x4e3713|9|52226928
11035|0xce3713|10|104425944
11035|0x1ce3713|11|208843124
11035|0x1ce3713|12|417531152
11035|0x5ce3713|13|765681610
11035|0x5ce3713|14|1476315917
11035|0x5ce3713|15|3328114494
11035|0x5ce3713|16|6696424402
11035|0x45ce3713|17|10812423559
11035|0x45ce3713|18|21610560662
11035|0x145ce3713|19|43887469869
11035|0x145ce3713|20|88369578546
11035|0x545ce3713|21|178211878235
11035|0xd45ce3713|22|354697328812
11035|0xd45ce3713|23|707536669104
11035|0x2d45ce3713|24|1414417405655
11235|0x71cb|1|161818
11235|0x71cb|2|339460
11235|0x71cb|3|767786
11235|0x271cb|4|1589756
11235|0x271cb|5|3267135
11235|0xa71cb|6|6557702
11235|0xa71cb|7|13120073
11235|0x2a71cb|8|26239534
11235|0x6a71cb|9|52298849
11235|0xea71cb|10|104491708
11235|0x1ea71cb|11|209035723
11235|0x1ea71cb|12|418076555
11235|0x5ea71cb|13|836134662
11235|0x5ea71cb|14|1526643125
11235|0x5ea71cb|15|2996546980
11235|0x25ea71cb|16|5470558890
11235|0x25ea71cb|17|11024418410
11235|0x25ea71cb|18|21709167508
11235|0x25ea71cb|19|43260175729
11235|0x25ea71cb|20|87276144908
11235|0x25ea71cb|21|176340598887
11235|0x25ea71cb|22|352877076667
11235|0x25ea71cb|23|715464191525
11235|0x25ea71cb|24|1417459424029
12205|0xc25|1|164104
12205|0xc25|2|351054
12205|0x10c25|3|793394
12205|0x10c25|4|1608500
12205|0x10c25|5|3264705
12205|0x10c25|6|6523145
12205|0x110c25|7|13128822
12205|0x110c25|8|26301543
12205|0x510c25|9|52637498
12205|0x510c25|10|105207765
12205|0x510c25|11|210362999
12205|0x510c25|12|420774321
12205|0x510c25|13|841712921
12205|0x8510c25|14|1568186125
12205|0x8510c25|15|2888853288
12205|0x8510c25|16|5501084786
12205|0x8510c25|17|11148439982
12205|0x88510c25|18|21600750240
12205|0x188510c25|19|43293249181
12205|0x188510c25|20|89435299527
12205|0x188510c25|21|180328102830
12205|0x188510c25|22|355246086638
12205|0x1188510c25|23|704143109235
12205|0x3188510c25|24|1406612255233
13079|0x34a7|1|170590
13079|0x34a7|2|355028
13079|0x34a7|3|839953
13079|0x234a7|4|1638948
13079|0x234a7|5|3306934
13079|0x234a7|6|6621803
13079|0x1234a7|7|13221110
13079|0x3234a7|8|26444725
13079|0x3234a7|9|52887733
13079|0x3234a7|10|105783966
13079|0x13234a7|11|211684814
13079|0x13234a7|12|423454072
13079|0x53234a7|13|846847767
13079|0xd3234a7|14|1676624497
13079|0x1d3234a7|15|2771729180
13079|0x3d3234a7|16|5423683903
13079|0x3d3234a7|17|11006030229
13079|0xbd3234a7|18|22317470579
13079|0xbd3234a7|19|44380114574
13079|0x2bd3234a7|20|88662216161
13079|0x2bd3234a7|21|178174749563
13079|0x2bd3234a7|22|354677707016
13079|0x12bd3234a7|23|703450044159
13079|0x32bd3234a7|24|1401759517314
13283|0x29cb|1|169667
13283|0xa9cb|2|360534
13283|0xa9cb|3|764566
13283|0x2a9cb|4|1595236
13283|0x2a9cb|5|3281861
13283|0x2a9cb|6|6608371
13283|0x12a9cb|7|13200075
13283|0x32a9cb|8|26483936
13283|0x72a9cb|9|53035060
13283|0xf2a9cb|10|106081695
13283|0x1f2a9cb|11|211936965
13283|0x3f2a9cb|12|423910842
13283|0x3f2a9cb|13|719632912
13283|0xbf2a9cb|14|1695631546
13283|0x1bf2a9cb|15|3392151248
13283|0x3bf2a9cb|16|6783773527
13283|0x3bf2a9cb|17|11371189362
13283|0xbbf2a9cb|18|21681436659
13283|0xbbf2a9cb|19|44681654492
13283|0xbbf2a9cb|20|86450211854
13283|0xbbf2a9cb|21|176506057513
13283|0x8bbf2a9cb|22|350813397959
13283|0x18bbf2a9cb|23|708399323013
13283|0x38bbf2a9cb|24|1436450107275
14145|0x58c1|1|174054
14145|0x58c1|2|368045
14145|0x58c1|3|783660
14145|0x58c1|4|1662552
14145|0x58c1|5|3277205
14145|0x858c1|6|6690019
14145|0x1858c1|7|13309830
14145|0x1858c1|8|26639828
14145|0x5858c1|9|53312023
14145|0xd858c1|10|106613615
14145|0xd858c1|11|213263444
14145|0x2d858c1|12|426526228
14145|0x6d858c1|13|794544862
14145|0xed858c1|14|1706018597
14145|0xed858c1|15|2839735290
14145|0xed858c1|16|6824087865
14145|0x4ed858c1|17|10898437835
14145|0xced858c1|18|22882410284
14145|0x1ced858c1|19|43971300934
14145|0x3ced858c1|20|89578735454
14145|0x3ced858c1|21|180505147391
14145|0xbced858c1|22|371120168706
14145|0x1bced858c1|23|725101493065
14145|0x1bced858c1|24|1456744696385
15015|0x4d17|1|176539
15015|0xcd17|2|374448
15015|0x1cd17|3|801970
15015|0x1cd17|4|1634484
15015|0x5cd17|5|3300242
15015|0x5cd17|6|6682003
15015|0x5cd17|7|13350650
15015|0x5cd17|8|26807286
15015|0x45cd17|9|53647463
15015|0x45cd17|10|107220516
15015|0x45cd17|11|214562285
15015|0x245cd17|12|428962499
15015|0x645cd17|13|711961978
15015|0xe45cd17|14|1403910681
15015|0xe45cd17|15|2698798147
15015|0x2e45cd17|16|5883655743
15015|0x2e45cd17|17|10967690400
15015|0x2e45cd17|18|23208478515
15015|0x2e45cd17|19|44719630608
15015|0x22e45cd17|20|87333705988
15015|0x22e45cd17|21|174456950046
15015|0xa2e45cd17|22|347513892456
15015|0xa2e45cd17|23|695435308647
15015|0x2a2e45cd17|24|1394317846446
15215|0x38f|1|173498
15215|0x838f|2|376511
15215|0x1838f|3|830880
15215|0x3838f|4|1622888
15215|0x3838f|5|3345555
15215|0xb838f|6|6671130
15215|0x1b838f|7|13390482
15215|0x1b838f|8|26820550
15215|0x5b838f|9|48066968
15215|0x5b838f|10|97956153
15215|0x15b838f|11|195664353
15215|0x35b838f|12|392587135
15215|0x75b838f|13|768031852
15215|0xf5b838f|14|1479651291
15215|0xf5b838f|15|2795281692
15215|0xf5b838f|16|6739803216
15215|0x4f5b838f|17|11133415724
15215|0xcf5b838f|18|21579242857
15215|0xcf5b838f|19|43688785152
15215|0xcf5b838f|20|87229388332
15215|0x4cf5b838f|21|174116931606
15215|0x4cf5b838f|22|349940914966
15215|0x4cf5b838f|23|694560260556
15215|0x24cf5b838f|24|1390294100668
15999|0x17f|1|175609
15999|0x817f|2|383885
15999|0x1817f|3|819829
15999|0x1817f|4|1656624
15999|0x5817f|5|3343159
15999|0xd817f|6|6708866
15999|0x1d817f|7|13470508
15999|0x1d817f|8|27013965
15999|0x1d817f|9|53970696
15999|0x1d817f|10|107926771
15999|0x1d817f|11|213389091
15999|0x1d817f|12|390299746
15999|0x41d817f|13|780204103
15999|0x41d817f|14|1561870516
15999|0x141d817f|15|3124203181
15999|0x341d817f|16|6562068370
15999|0x341d817f|17|11829820063
15999|0x341d817f|18|21563115496
15999|0x1341d817f|19|43322170916
15999|0x1341d817f|20|87304240173
15999|0x1341d817f|21|173490998040
15999|0x9341d817f|22|347578413686
15999|0x19341d817f|23|691527323696
15999|0x39341d817f|24|1382600903177
16201|0x62f9|1|180351
16201|0xe2f9|2|385203
16201|0xe2f9|3|824041
16201|0xe2f9|4|1687246
16201|0x4e2f9|5|3342855
16201|0x4e2f9|6|6742226
16201|0x4e2f9|7|13487480
16201|0x4e2f9|8|27004126
16201|0x44e2f9|9|54028207
16201|0xc4e2f9|10|108032765
16201|0xc4e2f9|11|216210025
16201|0xc4e2f9|12|357948267
16201|0x4c4e2f9|13|864892947
16201|0x4c4e2f9|14|1729894556
16201|0x14c4e2f9|15|3460374094
16201|0x34c4e2f9|16|6919118128
16201|0x34c4e2f9|17|10967202457
16201|0xb4c4e2f9|18|23061972371
16201|0xb4c4e2f9|19|43195323106
16201|0xb4c4e2f9|20|86695241770
16201|0xb4c4e2f9|21|172738006064
16201|0xb4c4e2f9|22|350531759499
16201|0x10b4c4e2f9|23|691179266819
16201|0x10b4c4e2f9|24|1383173744323
16375|0x31c7|1|177394
16375|0x31c7|2|383218
16375|0x31c7|3|827434
16375|0x31c7|4|1670541
16375|0x31c7|5|3390269
16375|0x31c7|6|6819126
16375|0x1031c7|7|13526302
16375|0x3031c7|8|27047940
16375|0x7031c7|9|54144802
16375|0xf031c7|10|108335756
16375|0xf031c7|11|216571094
16375|0xf031c7|12|373472026
16375|0x4f031c7|13|799614804
16375|0x4f031c7|14|1537428660
16375|0x4f031c7|15|3061687646
16375|0x24f031c7|16|5965723068
16375|0x64f031c7|17|11571891271
16375|0xe4f031c7|18|21649660355
16375|0xe4f031c7|19|43190641569
16375|0xe4f031c7|20|86244064811
16375|0x4e4f031c7|21|173249529366
16375|0x4e4f031c7|22|346226835120
16375|0x14e4f031c7|23|691068309836
16375|0x14e4f031c7|24|1379894506608
16879|0xd0f|1|295135
16879|0x10d0f|2|715126
16879|0x10d0f|3|1527115
16879|0x50d0f|4|3158910
16879|0xd0d0f|5|6379710
16879|0xd0d0f|6|12796570
16879|0xd0d0f|7|25717990
16879|0xd0d0f|8|51252083
16879|0x8d0d0f|9|102347970
16879|0x8d0d0f|10|215070150
16879|0x8d0d0f|11|417120997
16879|0x48d0d0f|12|792956288
16879|0x48d0d0f|13|1638432160
16879|0x148d0d0f|14|3275595752
16879|0x148d0d0f|15|6410739570
16879|0x148d0d0f|16|11562738498
16879|0x148d0d0f|17|21601882303
16879|0x1148d0d0f|18|47512723808
16879|0x3148d0d0f|19|89546179782
16879|0x3148d0d0f|20|178487335946
16879|0xb148d0d0f|21|356749427914
16879|0x1b148d0d0f|22|713942149543
16879|0x1b148d0d0f|23|1428594688231
16879|0x1b148d0d0f|24|2854244893466
17051|0xd393|1|325163
17051|0xd393|2|700175
17051|0xd393|3|1533216
17051|0x4d393|4|3196551
17051|0xcd393|5|6341687
17051|0x1cd393|6|12852189
17051|0x1cd393|7|25557706
17051|0x1cd393|8|42482937
17051|0x1cd393|9|102329882
17051|0x1cd393|10|204803700
17051|0x1cd393|11|409762837
17051|0x1cd393|12|819447337
17051|0x1cd393|13|1639893377
17051|0x1cd393|14|2846270434
17051|0x1cd393|15|5996255892
17051|0x1cd393|16|11341025000
17051|0x801cd393|17|22066140463
17051|0x1801cd393|18|44906574191
17051|0x1801cd393|19|90391991438
17051|0x1801cd393|20|181643738251
17051|0x1801cd393|21|357199053281
17051|0x11801cd393|22|713832012954
17051|0x31801cd393|23|1426291499381
17051|0x31801cd393|24|2853757776506
17239|0x5867|1|299904
17239|0x15867|2|702428
17239|0x15867|3|1583734
17239|0x15867|4|3167160
17239|0x95867|5|6404298
17239|0x195867|6|12752098
17239|0x195867|7|25615678
17239|0x595867|8|51277499
17239|0xd95867|9|102498107
17239|0xd95867|10|205016509
17239|0xd95867|11|409964391
17239|0x4d95867|12|820191024
17239|0xcd95867|13|1523159860
17239|0xcd95867|14|3280666961
17239|0xcd95867|15|5585918516
17239|0x4cd95867|16|11145924543
17239|0x4cd95867|17|21652586633
17239|0x14cd95867|18|44677524508
17239|0x34cd95867|19|89987306278
17239|0x74cd95867|20|178502361248
17239|0xf4cd95867|21|357132985667
17239|0x1f4cd95867|22|717671620312
17239|0x1f4cd95867|23|1426042605365
17239|0x5f4cd95867|24|2851890202970
17817|0x3ea9|1|301151
17817|0x13ea9|2|709804
17817|0x33ea9|3|1582106
17817|0x73ea9|4|3159561
17817|0xf3ea9|5|6374429
17817|0xf3ea9|6|12760527
17817|0xf3ea9|7|25619719
17817|0xf3ea9|8|51359411
17817|0xf3ea9|9|102644203
17817|0x10f3ea9|10|205397858
17817|0x30f3ea9|11|411506886
17817|0x30f3ea9|12|821555709
17817|0x30f3ea9|13|1643314384
17817|0x130f3ea9|14|2873745340
17817|0x130f3ea9|15|5647541924
17817|0x130f3ea9|16|11650098544
17817|0x930f3ea9|17|22803499330
17817|0x1930f3ea9|18|44899691824
17817|0x1930f3ea9|19|89860034509
17817|0x5930f3ea9|20|178967966395
17817|0xd930f3ea9|21|356775522349
17817|0xd930f3ea9|22|713028802232
17817|0xd930f3ea9|23|1424803223386
17817|0x4d930f3ea9|24|2849341518418
17991|0x8377|1|302106
17991|0x18377|2|711152
17991|0x38377|3|1564425
17991|0x78377|4|3170343
17991|0xf8377|5|6445016
17991|0xf8377|6|12806522
17991|0xf8377|7|25638896
17991|0x4f8377|8|51391376
17991|0x4f8377|9|96929464
17991|0x4f8377|10|193772589
17991|0x4f8377|11|389220570
17991|0x44f8377|12|767011868
17991|0x44f8377|13|1552797691
17991|0x144f8377|14|2932332154
17991|0x344f8377|15|5930425660
17991|0x744f8377|16|11214373273
17991|0x744f8377|17|23231803576
17991|0x744f8377|18|43094570242
17991|0x2744f8377|19|89226326359
17991|0x6744f8377|20|178015503604
17991|0xe744f8377|21|356212553885
17991|0x1e744f8377|22|712677505737
17991|0x1e744f8377|23|1424820639066
17991|0x5e744f8377|24|2851160046943
18163|0x423b|1|303949
18163|0x1423b|2|743184
18163|0x3423b|3|1571591
18163|0x7423b|4|3194331
18163|0x7423b|5|6376828
18163|0x7423b|6|12866988
18163|0x7423b|7|25673515
18163|0x7423b|8|51360642
18163|0x7423b|9|102766674
18163|0x107423b|10|178658952
18163|0x307423b|11|387679557
18163|0x707423b|12|775055771
18163|0xf07423b|13|1531075724
18163|0xf07423b|14|2726769394
18163|0xf07423b|15|5420765777
18163|0x4f07423b|16|13163530161
18163|0x4f07423b|17|21579528690
18163|0x14f07423b|18|44397006169
18163|0x34f07423b|19|89443475065
18163|0x34f07423b|20|178209642737
18163|0x34f07423b|21|355639803235
18163|0x34f07423b|22|712268771055
18163|0x34f07423b|23|1424663896366
18163|0x434f07423b|24|2845959558328
18359|0x4607|1|302998
18359|0x4607|2|716467
18359|0x24607|3|1596207
18359|0x64607|4|3169979
18359|0xe4607|5|6387414
18359|0xe4607|6|12848219
18359|0x2e4607|7|25698912
18359|0x2e4607|8|51428764
18359|0xae4607|9|102829749
18359|0xae4607|10|205707054
18359|0x2ae4607|11|411530668
18359|0x2ae4607|12|823121971
18359|0x2ae4607|13|1570493441
18359|0x2ae4607|14|2755708806
18359|0x2ae4607|15|5526987713
18359|0x42ae4607|16|10955029076
18359|0x42ae4607|17|21714791751
18359|0x42ae4607|18|45113016193
18359|0x242ae4607|19|89194198895
18359|0x642ae4607|20|178335878996
18359|0xe42ae4607|21|356728236160
18359|0x1e42ae4607|22|713767876421
18359|0x3e42ae4607|23|1425090913672
18359|0x3e42ae4607|24|2850522478686
18903|0xb9e7|1|304647
18903|0x1b9e7|2|748192
18903|0x3b9e7|3|1517533
18903|0x7b9e7|4|3178487
18903|0x7b9e7|5|6360345
18903|0x7b9e7|6|12850730
18903|0x7b9e7|7|25687098
18903|0x7b9e7|8|51495461
18903|0x87b9e7|9|103009467
18903|0x87b9e7|10|206250140
18903|0x287b9e7|11|412442528
18903|0x687b9e7|12|824577444
18903|0x687b9e7|13|1649173877
18903|0x1687b9e7|14|3219502285
18903|0x3687b9e7|15|5388525750
18903|0x3687b9e7|16|10933379548
18903|0xb687b9e7|17|21778266510
18903|0xb687b9e7|18|44923628721
18903|0x2b687b9e7|19|88536293044
18903|0x6b687b9e7|20|178115339204
18903|0x6b687b9e7|21|355412219169
18903|0x16b687b9e7|22|710846560249
18903|0x36b687b9e7|23|1420892563034
18903|0x36b687b9e7|24|2841608672335
19089|0xb671|1|304379
19089|0xb671|2|725858
19089|0xb671|3|1522852
19089|0x4b671|4|3164386
19089|0xcb671|5|6414042
19089|0x1cb671|6|10505395
19089|0x1cb671|7|21025212
19089|0x1cb671|8|51518289
19089|0x1cb671|9|103091753
19089|0x11cb671|10|206231813
19089|0x31cb671|11|412768203
19089|0x31cb671|12|776011456
19089|0x31cb671|13|1552659294
19089|0x131cb671|14|2824723116
19089|0x331cb671|15|5559394253
19089|0x731cb671|16|11438257136
19089|0xf31cb671|17|21725087813
19089|0xf31cb671|18|45948173354
19089|0xf31cb671|19|89434583911
19089|0xf31cb671|20|177961702133
19089|0xf31cb671|21|355516640082
19089|0x10f31cb671|22|712013611896
19089|0x30f31cb671|23|1421469663036
19089|0x30f31cb671|24|2840588338426
19259|0x55f3|1|305501
19259|0x55f3|2|729682
19259|0x255f3|3|1544894
19259|0x255f3|4|3172578
19259|0xa55f3|5|6413679
19259|0x1a55f3|6|12877402
19259|0x1a55f3|7|25754165
19259|0x5a55f3|8|51545733
19259|0x5a55f3|9|85815057
19259|0x5a55f3|10|206346834
19259|0x5a55f3|11|412797893
19259|0x45a55f3|12|701432241
19259|0xc5a55f3|13|1651475528
19259|0x1c5a55f3|14|2872365642
19259|0x1c5a55f3|15|5868342981
19259|0x1c5a55f3|16|11119912840
19259|0x1c5a55f3|17|21580884757
19259|0x11c5a55f3|18|47999686557
19259|0x11c5a55f3|19|93707951588
19259|0x11c5a55f3|20|183470079172
19259|0x11c5a55f3|21|356525701687
19259|0x111c5a55f3|22|713382195667
19259|0x111c5a55f3|23|1479672932901
19259|0x511c5a55f3|24|2913407230343
19451|0x733|1|305934
19451|0x10733|2|730859
19451|0x30733|3|1548729
19451|0x70733|4|3189648
19451|0x70733|5|6371205
19451|0x70733|6|12831444
19451|0x70733|7|25792683
19451|0x70733|8|51595542
19451|0x70733|9|103254232
19451|0x70733|10|206485771
19451|0x2070733|11|413122172
19451|0x6070733|12|826298946
19451|0xe070733|13|1459618315
19451|0x1e070733|14|3305260818
19451|0x1e070733|15|5615441339
19451|0x1e070733|16|11066598512
19451|0x9e070733|17|21791475618
19451|0x19e070733|18|43774940465
19451|0x39e070733|19|90135907894
19451|0x39e070733|20|177851571723
19451|0xb9e070733|21|354792119319
19451|0x1b9e070733|22|709820035285
19451|0x3b9e070733|23|1421278212828
19451|0x7b9e070733|24|2841686837653
20027|0x5af3|1|308017
20027|0x15af3|2|738389
20027|0x35af3|3|1548860
20027|0x75af3|4|3222139
20027|0xf5af3|5|6456695
20027|0xf5af3|6|12913145
20027|0xf5af3|7|25823093
20027|0x4f5af3|8|51728925
20027|0x4f5af3|9|103525303
20027|0x4f5af3|10|207376690
20027|0x4f5af3|11|414005187
20027|0x4f5af3|12|828004854
20027|0x4f5af3|13|1633576009
20027|0x4f5af3|14|2779628275
20027|0x4f5af3|15|6109545505
20027|0x404f5af3|16|10789290741
20027|0x404f5af3|17|21683565157
20027|0x1404f5af3|18|45415498003
20027|0x3404f5af3|19|88132232120
20027|0x3404f5af3|20|177328578585
20027|0xb404f5af3|21|354687428490
20027|0x1b404f5af3|22|709652384586
20027|0x3b404f5af3|23|1417208776710
20027|0x7b404f5af3|24|2834908547770
20201|0x6959|1|308018
20201|0x16959|2|739682
20201|0x36959|3|1603351
20201|0x76959|4|3127453
20201|0xf6959|5|6456808
20201|0xf6959|6|12896375
20201|0x2f6959|7|25805975
20201|0x6f6959|8|51776103
20201|0xef6959|9|103516316
20201|0xef6959|10|206989719
20201|0xef6959|11|414121801
20201|0x4ef6959|12|701794114
20201|0x4ef6959|13|1426268013
20201|0x14ef6959|14|2759642704
20201|0x14ef6959|15|5393880511
20201|0x14ef6959|16|10812693603
20201|0x14ef6959|17|21608130600
20201|0x14ef6959|18|43176432389
20201|0x14ef6959|19|86518275474
20201|0x414ef6959|20|178360523757
20201|0xc14ef6959|21|358449690942
20201|0xc14ef6959|22|716716196457
20201|0x2c14ef6959|23|1422405663407
20201|0x2c14ef6959|24|2833598607200
20375|0x2027|1|308824
20375|0x12027|2|742356
20375|0x32027|3|1560039
20375|0x72027|4|3160642
20375|0x72027|5|6486635
20375|0x72027|6|12974791
20375|0x272027|7|25865248
20375|0x272027|8|51746437
20375|0x272027|9|103524706
20375|0x272027|10|207223181
20375|0x2272027|11|414365746
20375|0x2272027|12|829015278
20375|0xa272027|13|1658308058
20375|0x1a272027|14|2786804949
20375|0x1a272027|15|5455734653
20375|0x1a272027|16|10808973514
20375|0x9a272027|17|21637422120
20375|0x19a272027|18|43661974891
20375|0x19a272027|19|88509661247
20375|0x59a272027|20|180427339945
20375|0x59a272027|21|356136765256
20375|0x59a272027|22|708112051311
20375|0x259a272027|23|1416573358480
20375|0x659a272027|24|2832588353895
20945|0xa731|1|311372
20945|0x1a731|2|770459
20945|0x1a731|3|1577042
20945|0x1a731|4|3189915
20945|0x1a731|5|6473629
20945|0x1a731|6|12980180
20945|0x1a731|7|25936987
20945|0x41a731|8|51898257
20945|0xc1a731|9|103744981
20945|0xc1a731|10|207634037
20945|0xc1a731|11|415282882
20945|0x4c1a731|12|830676573
20945|0xcc1a731|13|1661017034
20945|0x1cc1a731|14|3322657366
20945|0x1cc1a731|15|5678572358
20945|0x5cc1a731|16|11707010929
20945|0x5cc1a731|17|21563894806
20945|0x15cc1a731|18|44160572050
20945|0x35cc1a731|19|88961274326
20945|0x35cc1a731|20|177940519587
20945|0xb5cc1a731|21|353607340912
20945|0xb5cc1a731|22|707125607345
20945|0x2b5cc1a731|23|1416207679520
20945|0x6b5cc1a731|24|2830317365571
21123|0xc2b|1|307172
21123|0xc2b|2|750779
21123|0xc2b|3|1596968
21123|0x40c2b|4|3184572
21123|0xc0c2b|5|6423913
21123|0x1c0c2b|6|12923278
21123|0x1c0c2b|7|25956395
21123|0x5c0c2b|8|42075943
21123|0x5c0c2b|9|103828093
21123|0x15c0c2b|10|207717264
21123|0x35c0c2b|11|415427921
21123|0x75c0c2b|12|830998578
21123|0x75c0c2b|13|1662215256
21123|0x75c0c2b|14|3089806733
21123|0x75c0c2b|15|6649110701
21123|0x475c0c2b|16|10941428173
21123|0x475c0c2b|17|21970368958
21123|0x475c0c2b|18|43088869599
21123|0x475c0c2b|19|88468903441
21123|0x475c0c2b|20|178832324754
21123|0x475c0c2b|21|356483139460
21123|0x475c0c2b|22|703041460970
21123|0x475c0c2b|23|1414900309440
21123|0x475c0c2b|24|2829915253226
21307|0xdf3|1|304261
21307|0x10df3|2|754658
21307|0x10df3|3|1587269
21307|0x50df3|4|3210743
21307|0x50df3|5|6444592
21307|0x150df3|6|13001581
21307|0x350df3|7|25922712
21307|0x750df3|8|51918858
21307|0xf50df3|9|103861477
21307|0xf50df3|10|207841166
21307|0xf50df3|11|415620516
21307|0x4f50df3|12|831629646
21307|0xcf50df3|13|1662930983
21307|0x1cf50df3|14|3326700816
21307|0x3cf50df3|15|6651675196
21307|0x3cf50df3|16|11366690160
21307|0xbcf50df3|17|23439834301
21307|0x1bcf50df3|18|44779754343
21307|0x3bcf50df3|19|88045143768
21307|0x3bcf50df3|20|176744141023
21307|0x3bcf50df3|21|354588391544
21307|0x3bcf50df3|22|707460846061
21307|0x23bcf50df3|23|1414353391292
21307|0x23bcf50df3|24|2834159316624
21487|0x3b0f|1|309094
21487|0x13b0f|2|758599
21487|0x13b0f|3|1616745
21487|0x53b0f|4|3204086
21487|0xd3b0f|5|6473697
21487|0xd3b0f|6|12943309
21487|0xd3b0f|7|25973272
21487|0xd3b0f|8|52057921
21487|0x8d3b0f|9|103992376
21487|0x8d3b0f|10|208038510
21487|0x28d3b0f|11|416212028
21487|0x68d3b0f|12|832508660
21487|0xe8d3b0f|13|1665167582
21487|0xe8d3b0f|14|3330559867
21487|0x2e8d3b0f|15|6661227376
21487|0x6e8d3b0f|16|13320528040
21487|0x6e8d3b0f|17|26639169394
21487|0x16e8d3b0f|18|43718655749
21487|0x36e8d3b0f|19|89276239785
21487|0x76e8d3b0f|20|177275651022
21487|0xf6e8d3b0f|21|355975293469
21487|0xf6e8d3b0f|22|707257366882
21487|0xf6e8d3b0f|23|1414538557383
21487|0x4f6e8d3b0f|24|2831570671089
22027|0x5a3|1|309998
22027|0x105a3|2|687699
22027|0x105a3|3|1516076
22027|0x105a3|4|3165276
22027|0x105a3|5|6426481
22027|0x1105a3|6|12981848
22027|0x3105a3|7|26037298
22027|0x3105a3|8|52118670
22027|0x3105a3|9|104208333
22027|0x3105a3|10|208642235
22027|0x23105a3|11|417064972
22027|0x23105a3|12|834157742
22027|0x23105a3|13|1400219033
22027|0x123105a3|14|3186462989
22027|0x123105a3|15|5602856404
22027|0x523105a3|16|10984698741
22027|0x523105a3|17|22826610663
22027|0x523105a3|18|44460538986
22027|0x523105a3|19|88986239636
22027|0x523105a3|20|175271931109
22027|0x523105a3|21|351571037681
22027|0x523105a3|22|708974817150
22027|0x20523105a3|23|1412921515781
22027|0x20523105a3|24|2829739837273
22215|0x8af7|1|309998
22215|0x18af7|2|670434
22215|0x38af7|3|1542732
22215|0x38af7|4|3154143
22215|0x38af7|5|6461006
22215|0x138af7|6|13034834
22215|0x338af7|7|26045879
22215|0x738af7|8|52115274
22215|0xf38af7|9|104288422
22215|0xf38af7|10|189926814
22215|0x2f38af7|11|383548235
22215|0x6f38af7|12|780721581
22215|0xef38af7|13|1561866087
22215|0x1ef38af7|14|3339548755
22215|0x3ef38af7|15|5567166168
22215|0x7ef38af7|16|12212189692
22215|0xfef38af7|17|22083580996
22215|0xfef38af7|18|45181379815
22215|0xfef38af7|19|90131939922
22215|0x4fef38af7|20|177254366767
22215|0xcfef38af7|21|356841838403
22215|0xcfef38af7|22|711033181756
22215|0xcfef38af7|23|1165777128360
22215|0x4cfef38af7|24|1665900374819
22343|0x2277|1|220514
22343|0x2277|2|387164
22343|0x2277|3|968932
22343|0x2277|4|1952510
22343|0x2277|5|3621829
22343|0x2277|6|7590022
22343|0x2277|7|15358933
22343|0x402277|8|30308212
22343|0xc02277|9|60610134
22343|0x1c02277|10|121788384
22343|0x1c02277|11|243592091
22343|0x1c02277|12|487222297
22343|0x9c02277|13|973339163
22343|0x9c02277|14|1947753818
22343|0x9c02277|15|3894530627
22343|0x9c02277|16|7790434403
22343|0x9c02277|17|15579822722
22343|0x109c02277|18|29113908884
22343|0x309c02277|19|52279441973
22343|0x309c02277|20|103866087517
22343|0xb09c02277|21|208675045500
22343|0xb09c02277|22|418694378974
22343|0x2b09c02277|23|839120565140
22343|0x6b09c02277|24|1664758839882
22451|0x2f7b|1|175480
22451|0x2f7b|2|376935
22451|0x2f7b|3|876056
22451|0x42f7b|4|2037710
22451|0x42f7b|5|3656398
22451|0x142f7b|6|7680734
22451|0x142f7b|7|15369970
22451|0x542f7b|8|24734530
22451|0x542f7b|9|61313772
22451|0x1542f7b|10|122586416
22451|0x3542f7b|11|244957170
22451|0x3542f7b|12|490168727
22451|0x3542f7b|13|980393124
22451|0x13542f7b|14|1960560247
22451|0x33542f7b|15|3544740591
22451|0x33542f7b|16|7496737255
22451|0xb3542f7b|17|13065339301
22451|0x1b3542f7b|18|25548881087
22451|0x3b3542f7b|19|53990543688
22451|0x3b3542f7b|20|103264703658
22451|0xbb3542f7b|21|209230448263
22451|0xbb3542f7b|22|429615675728
22451|0x2bb3542f7b|23|829796486782
22451|0x2bb3542f7b|24|1662882549335
22925|0x9145|1|177214
22925|0x19145|2|379419
22925|0x39145|3|919008
22925|0x39145|4|1995912
22925|0xb9145|5|3620191
22925|0xb9145|6|7549425
22925|0x2b9145|7|15087318
22925|0x2b9145|8|30063956
22925|0xab9145|9|60300215
22925|0xab9145|10|120739655
22925|0xab9145|11|240921032
22925|0x4ab9145|12|482510921
22925|0xcab9145|13|933061166
22925|0xcab9145|14|1932113739
22925|0x2cab9145|15|3589245928
22925|0x6cab9145|16|6879734613
22925|0xecab9145|17|13545676102
22925|0xecab9145|18|30332538176
22925|0x2ecab9145|19|55609481983
22925|0x6ecab9145|20|116349786289
22925|0xeecab9145|21|215527532992
22925|0xeecab9145|22|425959765875
22925|0xeecab9145|23|1221998768349
22925|0xeecab9145|24|1834018642094
23041|0xa601|1|178131
23041|0x1a601|2|409193
23041|0x3a601|3|980667
23041|0x3a601|4|2062164
23041|0x3a601|5|3996492
23041|0x3a601|6|8071966
23041|0x23a601|7|16378992
23041|0x23a601|8|32694264
23041|0xa3a601|9|65055311
23041|0x1a3a601|10|130640988
23041|0x3a3a601|11|261114310
23041|0x7a3a601|12|519283860
23041|0x7a3a601|13|1042945055
23041|0x17a3a601|14|2065436026
23041|0x37a3a601|15|3398392300
23041|0x77a3a601|16|8268470794
23041|0x77a3a601|17|14041238836
23041|0x77a3a601|18|26578725127
23041|0x77a3a601|19|54958604375
23041|0x77a3a601|20|108018595270
23041|0x77a3a601|21|216963476180
23041|0x1077a3a601|22|436305288796
23041|0x3077a3a601|23|874895203884
23041|0x7077a3a601|24|1728747569964
23157|0x25dd|1|202438
23157|0x125dd|2|414737
23157|0x325dd|3|864539
23157|0x325dd|4|2031581
23157|0x325dd|5|4117382
23157|0x325dd|6|8095990
23157|0x325dd|7|16166847
23157|0x4325dd|8|32671838
23157|0x4325dd|9|65156633
23157|0x4325dd|10|130304887
23157|0x24325dd|11|261000950
23157|0x64325dd|12|521551330
23157|0xe4325dd|13|988026917
23157|0xe4325dd|14|2086676284
23157|0x2e4325dd|15|4171025488
23157|0x6e4325dd|16|8347771294
23157|0x6e4325dd|17|13555976586
23157|0x6e4325dd|18|29350037595
23157|0x26e4325dd|19|57049081974
23157|0x26e4325dd|20|110918570891
23157|0x26e4325dd|21|220154972023
23157|0x26e4325dd|22|435714164320
23157|0x226e4325dd|23|871848014114
23157|0x226e4325dd|24|1740830203177
23273|0x1d59|1|219490
23273|0x1d59|2|432878
23273|0x1d59|3|984321
23273|0x41d59|4|1928556
23273|0x41d59|5|4066361
23273|0x141d59|6|8156930
23273|0x341d59|7|16333261
23273|0x741d59|8|32508632
23273|0x741d59|9|65211216
23273|0x741d59|10|130399266
23273|0x741d59|11|261249441
23273|0x4741d59|12|521169706
23273|0x4741d59|13|977515552
23273|0x4741d59|14|1723902729
23273|0x24741d59|15|3392606070
23273|0x24741d59|16|6834359298
23273|0x24741d59|17|13731104269
23273|0x24741d59|18|27221551105
23273|0x224741d59|19|58026013606
23273|0x624741d59|20|109908322866
23273|0xe24741d59|21|223923107940
23273|0x1e24741d59|22|427517425412
23273|0x1e24741d59|23|1186482393949
23273|0x5e24741d59|24|2301856460786
23395|0xfe4b|1|313185
23395|0x1fe4b|2|682973
23395|0x3fe4b|3|1567574
23395|0x3fe4b|4|3220383
23395|0x3fe4b|5|6515403
23395|0x13fe4b|6|13013652
23395|0x33fe4b|7|26176096
23395|0x33fe4b|8|52398954
23395|0xb3fe4b|9|104731012
23395|0x1b3fe4b|10|209606584
23395|0x1b3fe4b|11|419254238
23395|0x5b3fe4b|12|824726107
23395|0x5b3fe4b|13|1648251763
23395|0x15b3fe4b|14|2761168438
23395|0x35b3fe4b|15|5481016484
23395|0x75b3fe4b|16|10842738479
23395|0xf5b3fe4b|17|22022558496
23395|0xf5b3fe4b|18|44875061995
23395|0x2f5b3fe4b|19|88205846442
23395|0x6f5b3fe4b|20|175992944101
23395|0xef5b3fe4b|21|298382000795
23395|0xef5b3fe4b|22|434926653296
23395|0x2ef5b3fe4b|23|868195691217
23395|0x2ef5b3fe4b|24|1739324956568
23519|0x201f|1|202516
23519|0x1201f|2|434084
23519|0x3201f|3|1002748
23519|0x7201f|4|1923538
23519|0x7201f|5|4014120
23519|0x7201f|6|8038396
23519|0x27201f|7|15907422
23519|0x27201f|8|32088552
23519|0xa7201f|9|64221399
23519|0xa7201f|10|128390166
23519|0x2a7201f|11|256802117
23519|0x2a7201f|12|513418025
23519|0xaa7201f|13|1027176992
23519|0x1aa7201f|14|2053291396
23519|0x3aa7201f|15|4112493213
23519|0x3aa7201f|16|7677634883
23519|0xbaa7201f|17|13498116164
23519|0xbaa7201f|18|30054773169
23519|0xbaa7201f|19|53289349182
23519|0x4baa7201f|20|109366795869
23519|0xcbaa7201f|21|221961537377
23519|0x1cbaa7201f|22|436983115088
23519|0x3cbaa7201f|23|869226501739
23519|0x7cbaa7201f|24|1739883316030
24017|0x1b31|1|179125
24017|0x11b31|2|384294
24017|0x11b31|3|915627
24017|0x11b31|4|2006811
24017|0x91b31|5|3936212
24017|0x191b31|6|7964198
24017|0x391b31|7|16162609
24017|0x391b31|8|32007930
24017|0xb91b31|9|64258667
24017|0xb91b31|10|128508947
24017|0x2b91b31|11|257244336
24017|0x2b91b31|12|514759012
24017|0xab91b31|13|1028885116
24017|0xab91b31|14|2058676840
24017|0xab91b31|15|4116731025
24017|0xab91b31|16|6827245064
24017|0xab91b31|17|13984882697
24017|0xab91b31|18|29079720059
24017|0x20ab91b31|19|55215408000
24017|0x20ab91b31|20|111979542170
24017|0x20ab91b31|21|219113107569
24017|0x120ab91b31|22|436754663446
24017|0x320ab91b31|23|867789944949
24017|0x720ab91b31|24|1739772151553
24121|0x3009|1|248226
24121|0x3009|2|437361
24121|0x23009|3|998104
24121|0x23009|4|2029405
24121|0x23009|5|3905764
24121|0x23009|6|8115371
24121|0x223009|7|16255846
24121|0x623009|8|32278075
24121|0xe23009|9|64880966
24121|0xe23009|10|129562010
24121|0xe23009|11|259711464
24121|0xe23009|12|518706117
24121|0xe23009|13|996425629
24121|0xe23009|14|1716823390
24121|0xe23009|15|4118189202
24121|0x40e23009|16|6842767284
24121|0xc0e23009|17|14218079632
24121|0xc0e23009|18|32224429706
24121|0x2c0e23009|19|54453084855
24121|0x2c0e23009|20|110064948662
24121|0x2c0e23009|21|220077332848
24121|0x12c0e23009|22|436757830500
24121|0x12c0e23009|23|868045121225
24121|0x12c0e23009|24|1739803406151
24235|0xac03|1|202678
24235|0xac03|2|438184
24235|0xac03|3|879992
24235|0x4ac03|4|1922915
24235|0xcac03|5|4125240
24235|0xcac03|6|7980143
24235|0x2cac03|7|16147359
24235|0x2cac03|8|32417337
24235|0x2cac03|9|64663714
24235|0x12cac03|10|129471343
24235|0x12cac03|11|258965764
24235|0x12cac03|12|518851535
24235|0x12cac03|13|1036477891
24235|0x112cac03|14|1912642387
24235|0x312cac03|15|4146904588
24235|0x712cac03|16|8239746734
24235|0x712cac03|17|14272136125
24235|0x712cac03|18|27895363629
24235|0x2712cac03|19|54674379876
24235|0x2712cac03|20|108655351050
24235|0x2712cac03|21|219915807572
24235|0x12712cac03|22|436953741996
24235|0x32712cac03|23|868089825977
24235|0x72712cac03|24|1739463421722
24349|0x5b35|1|179333
24349|0x15b35|2|386217
24349|0x15b35|3|961708
24349|0x15b35|4|2030557
24349|0x15b35|5|3965601
24349|0x15b35|6|8088132
24349|0x15b35|7|16292835
24349|0x15b35|8|32399630
24349|0x15b35|9|64921789
24349|0x1015b35|10|130086873
24349|0x3015b35|11|259448437
24349|0x3015b35|12|519312849
24349|0xb015b35|13|1039272630
24349|0xb015b35|14|2038444553
24349|0xb015b35|15|4153528071
24349|0x4b015b35|16|8308651694
24349|0x4b015b35|17|15571533017
24349|0x4b015b35|18|26748032284
24349|0x24b015b35|19|54209229206
24349|0x24b015b35|20|109470206859
24349|0xa4b015b35|21|219258480332
24349|0xa4b015b35|22|436727077185
24349|0xa4b015b35|23|867748014114
24349|0xa4b015b35|24|1740010369537
24459|0xd023|1|179609
24459|0xd023|2|445379
24459|0x2d023|3|1025002
24459|0x6d023|4|2021735
24459|0x6d023|5|3931264
24459|0x16d023|6|8085875
24459|0x36d023|7|16255471
24459|0x36d023|8|32275782
24459|0x36d023|9|64802174
24459|0x136d023|10|129861885
24459|0x136d023|11|259515236
24459|0x136d023|12|519630751
24459|0x136d023|13|1038471817
24459|0x136d023|14|2077784790
24459|0x136d023|15|4155685712
24459|0x136d023|16|8310441258
24459|0x136d023|17|14842365502
24459|0x136d023|18|26574226685
24459|0x136d023|19|53665727897
24459|0x40136d023|20|108942115641
24459|0x40136d023|21|219049238338
24459|0x40136d023|22|436840839228
24459|0x240136d023|23|868704677547
24459|0x240136d023|24|1738949939443
24573|0xf555|1|177528
24573|0x1f555|2|398073
24573|0x3f555|3|1003242
24573|0x7f555|4|2042377
24573|0xff555|5|3919605
24573|0x1ff555|6|8113876
24573|0x3ff555|7|16264431
24573|0x7ff555|8|32350134
24573|0xfff555|9|64938717
24573|0x1fff555|10|129838504
24573|0x3fff555|11|259701913
24573|0x3fff555|12|519559349
24573|0x3fff555|13|948228494
24573|0x13fff555|14|2078632329
24573|0x13fff555|15|3866986538
24573|0x53fff555|16|8313876057
24573|0x53fff555|17|14239386663
24573|0x153fff555|18|30682803504
24573|0x153fff555|19|53664161500
24573|0x553fff555|20|108417468909
24573|0x553fff555|21|219086917892
24573|0x1553fff555|22|441419781112
24573|0x1553fff555|23|869505004511
24573|0x5553fff555|24|1738685025544
25051|0xb253|1|204406
25051|0xb253|2|460782
25051|0x2b253|3|1013399
25051|0x2b253|4|2039655
25051|0x2b253|5|3903260
25051|0x2b253|6|8101703
25051|0x22b253|7|16297047
25051|0x62b253|8|32492058
25051|0x62b253|9|65131612
25051|0x62b253|10|130341284
25051|0x262b253|11|260201654
25051|0x262b253|12|520218457
25051|0x262b253|13|1052791879
25051|0x1262b253|14|2077337635
25051|0x3262b253|15|4162823874
25051|0x3262b253|16|8043971081
25051|0xb262b253|17|13576094044
25051|0xb262b253|18|28763275414
25051|0xb262b253|19|53324122291
25051|0xb262b253|20|108370594379
25051|0xb262b253|21|220024753163
25051|0x10b262b253|22|436931817604
25051|0x30b262b253|23|867631630257
25051|0x70b262b253|24|1738553763723
25165|0xa685|1|205386
25165|0x1a685|2|443113
25165|0x3a685|3|1015102
25165|0x3a685|4|2062155
25165|0xba685|5|3924042
25165|0xba685|6|8124090
25165|0xba685|7|16326860
25165|0x4ba685|8|32467108
25165|0xcba685|9|65177449
25165|0x1cba685|10|129877989
25165|0x1cba685|11|259761378
25165|0x1cba685|12|520914895
25165|0x1cba685|13|1041512729
25165|0x1cba685|14|1910750713
25165|0x1cba685|15|3581711185
25165|0x1cba685|16|6793001721
25165|0x81cba685|17|14062502490
25165|0x181cba685|18|29063341644
25165|0x181cba685|19|57079236088
25165|0x581cba685|20|110095325437
25165|0xd81cba685|21|219687305315
25165|0xd81cba685|22|438117265934
25165|0xd81cba685|23|868998062152
25165|0x4d81cba685|24|1737772680801
25283|0xddeb|1|205592
25283|0x1ddeb|2|441585
25283|0x1ddeb|3|977990
25283|0x1ddeb|4|1896076
25283|0x1ddeb|5|4129012
25283|0x1ddeb|6|8072394
25283|0x21ddeb|7|16112329
25283|0x61ddeb|8|32566501
25283|0xe1ddeb|9|65045943
25283|0x1e1ddeb|10|130198088
25283|0x3e1ddeb|11|260628371
25283|0x7e1ddeb|12|520364805
25283|0xfe1ddeb|13|1042023256
25283|0x1fe1ddeb|14|2081706196
25283|0x1fe1ddeb|15|4165356076
25283|0x5fe1ddeb|16|8335992559
25283|0xdfe1ddeb|17|14075933633
25283|0x1dfe1ddeb|18|29175177705
25283|0x3dfe1ddeb|19|53911500043
25283|0x3dfe1ddeb|20|109655921075
25283|0xbdfe1ddeb|21|229870222859
25283|0xbdfe1ddeb|22|437364382315
25283|0xbdfe1ddeb|23|867652067170
25283|0x4bdfe1ddeb|24|1738688923332
25391|0xc3cf|1|181285
25391|0x1c3cf|2|390740
25391|0x1c3cf|3|994152
25391|0x5c3cf|4|2077341
25391|0xdc3cf|5|3936350
25391|0xdc3cf|6|8132228
25391|0xdc3cf|7|16279582
25391|0x4dc3cf|8|32413829
25391|0x4dc3cf|9|65173115
25391|0x14dc3cf|10|130146617
25391|0x14dc3cf|11|260603635
25391|0x14dc3cf|12|520966176
25391|0x14dc3cf|13|1042025435
25391|0x114dc3cf|14|2084248701
25391|0x114dc3cf|15|3654517853
25391|0x514dc3cf|16|7584853582
25391|0x514dc3cf|17|14114605568
25391|0x514dc3cf|18|26849657302
25391|0x514dc3cf|19|54628682990
25391|0x514dc3cf|20|109490592931
25391|0x514dc3cf|21|224070391395
25391|0x514dc3cf|22|446501273911
25391|0x514dc3cf|23|873035602502
25391|0x514dc3cf|24|1736410160133
25501|0x3ab5|1|203714
25501|0x3ab5|2|445045
25501|0x3ab5|3|1020650
25501|0x3ab5|4|2073389
25501|0x83ab5|5|3946105
25501|0x83ab5|6|8160135
25501|0x83ab5|7|16314273
25501|0x483ab5|8|32453210
25501|0x483ab5|9|65165643
25501|0x1483ab5|10|130348706
25501|0x1483ab5|11|260680438
25501|0x1483ab5|12|521028196
25501|0x9483ab5|13|1042643920
25501|0x9483ab5|14|2085284866
25501|0x29483ab5|15|4170265308
25501|0x69483ab5|16|8342429606
25501|0xe9483ab5|17|14369932507
25501|0xe9483ab5|18|27604238671
25501|0x2e9483ab5|19|55046620331
25501|0x2e9483ab5|20|110074382653
25501|0x2e9483ab5|21|218503157866
25501|0x2e9483ab5|22|434940875774
25501|0x2e9483ab5|23|867230631020
25501|0x2e9483ab5|24|1736671852019
25973|0x82dd|1|204418
25973|0x182dd|2|447470
25973|0x382dd|3|1028361
25973|0x782dd|4|2088160
25973|0x782dd|5|3980701
25973|0x1782dd|6|8177029
25973|0x3782dd|7|16362315
25973|0x3782dd|8|32569686
25973|0x3782dd|9|65341449
25973|0x3782dd|10|130299613
25973|0x3782dd|11|261117293
25973|0x3782dd|12|521737894
25973|0x3782dd|13|1044936466
25973|0x3782dd|14|2088717267
25973|0x3782dd|15|4176297573
25973|0x3782dd|16|8354819716
25973|0x3782dd|17|14038983880
25973|0x3782dd|18|27040916609
25973|0x2003782dd|19|56281448590
25973|0x2003782dd|20|109774179114
25973|0x2003782dd|21|218225703704
25973|0x2003782dd|22|435322109529
25973|0x2003782dd|23|868265549470
25973|0x2003782dd|24|1737142975798
26085|0x4fed|1|180230
26085|0x4fed|2|392432
26085|0x4fed|3|995811
26085|0x4fed|4|2094356
26085|0x4fed|5|4077812
26085|0x104fed|6|8179953
26085|0x304fed|7|16599153
26085|0x704fed|8|32985737
26085|0x704fed|9|65823730
26085|0x704fed|10|131764753
26085|0x704fed|11|263354486
26085|0x4704fed|12|527068046
26085|0xc704fed|13|1051814573
26085|0x1c704fed|14|2106865845
26085|0x1c704fed|15|3752965369
26085|0x5c704fed|16|8368586852
26085|0x5c704fed|17|15293716931
26085|0x15c704fed|18|27449721853
26085|0x15c704fed|19|57315138501
26085|0x15c704fed|20|125252729660
26085|0x15c704fed|21|219456665311
26085|0x115c704fed|22|435438428299
26085|0x115c704fed|23|866827608743
26085|0x115c704fed|24|1736230078017
26199|0xe567|1|224285
26199|0x1e567|2|446110
26199|0x1e567|3|987790
26199|0x5e567|4|1897669
26199|0xde567|5|4188060
26199|0xde567|6|8090494
26199|0x2de567|7|16286592
26199|0x2de567|8|32630184
26199|0x2de567|9|65221019
26199|0x12de567|10|130478584
26199|0x12de567|11|252289533
26199|0x12de567|12|522704781
26199|0x12de567|13|1045225941
26199|0x112de567|14|2090063829
26199|0x312de567|15|4180606317
26199|0x312de567|16|8361811262
26199|0x312de567|17|16723312213
26199|0x1312de567|18|28227008408
26199|0x1312de567|19|62002155317
26199|0x1312de567|20|112020986138
26199|0x1312de567|21|218115835311
26199|0x1312de567|22|438997091312
26199|0x1312de567|23|868081962065
26199|0x1312de567|24|1736323332546
26307|0xf9eb|1|202793
26307|0xf9eb|2|449283
26307|0x2f9eb|3|962050
26307|0x2f9eb|4|1925046
26307|0xaf9eb|5|4022072
26307|0x1af9eb|6|8139712
26307|0x3af9eb|7|16119923
26307|0x3af9eb|8|32769160
26307|0xbaf9eb|9|65063522
26307|0xbaf9eb|10|130913936
26307|0x2baf9eb|11|261076077
26307|0x6baf9eb|12|522504127
26307|0x6baf9eb|13|971013186
26307|0x6baf9eb|14|1743824596
26307|0x26baf9eb|15|3436463509
26307|0x26baf9eb|16|7127374906
26307|0x26baf9eb|17|13380550828
26307|0x26baf9eb|18|28884054457
26307|0x26baf9eb|19|54204408154
26307|0x426baf9eb|20|110411807753
26307|0xc26baf9eb|21|218410102089
26307|0x1c26baf9eb|22|434736077226
26307|0x3c26baf9eb|23|866928798162
26307|0x7c26baf9eb|24|1735283022910
26423|0xfe87|1|180753
26423|0x1fe87|2|393861
26423|0x3fe87|3|934903
26423|0x7fe87|4|2013579
26423|0x7fe87|5|3968029
26423|0x7fe87|6|8093370
26423|0x27fe87|7|16393258
26423|0x27fe87|8|32618302
26423|0x27fe87|9|65287781
26423|0x27fe87|10|130551274
26423|0x27fe87|11|261869612
26423|0x27fe87|12|522702199
26423|0x27fe87|13|1046103670
26423|0x27fe87|14|2091838939
26423|0x2027fe87|15|3602701969
26423|0x2027fe87|16|8367157549
26423|0x2027fe87|17|13535239665
26423|0x12027fe87|18|28606244763
26423|0x32027fe87|19|55209387292
26423|0x72027fe87|20|111002982439
26423|0xf2027fe87|21|220578334570
26423|0x1f2027fe87|22|434801192797
26423|0x3f2027fe87|23|867310036099
26423|0x3f2027fe87|24|1744815093276
26539|0x5b03|1|205826
26539|0x15b03|2|450497
26539|0x35b03|3|979080
26539|0x75b03|4|1993641
26539|0xf5b03|5|4014176
26539|0xf5b03|6|8226876
26539|0x2f5b03|7|16629422
26539|0x6f5b03|8|33104738
26539|0x6f5b03|9|66215839
26539|0x6f5b03|10|132238399
26539|0x6f5b03|11|264710561
26539|0x6f5b03|12|529179790
26539|0x86f5b03|13|1060096198
26539|0x186f5b03|14|1899496806
26539|0x386f5b03|15|4239585510
26539|0x386f5b03|16|6844453103
26539|0xb86f5b03|17|16960334734
26539|0xb86f5b03|18|34694498392
26539|0xb86f5b03|19|56564453653
26539|0xb86f5b03|20|110364376802
26539|0xb86f5b03|21|208092349717
26539|0x10b86f5b03|22|413849165800
26539|0x30b86f5b03|23|824518178282
26539|0x70b86f5b03|24|1825585136131
27007|0x567f|1|209440
27007|0x1567f|2|453128
27007|0x1567f|3|971532
27007|0x5567f|4|1854269
27007|0x5567f|5|3916535
27007|0x5567f|6|7754537
27007|0x25567f|7|15574702
27007|0x25567f|8|31378853
27007|0x25567f|9|62358624
27007|0x125567f|10|124699004
27007|0x325567f|11|250330361
27007|0x325567f|12|500298423
27007|0x325567f|13|961351061
27007|0x325567f|14|2001865251
27007|0x2325567f|15|3390882285
27007|0x6325567f|16|6894716856
27007|0xe325567f|17|14186750237
27007|0x1e325567f|18|37928122305
27007|0x3e325567f|19|89089320684
27007|0x3e325567f|20|174460965206
27007|0xbe325567f|21|350261081119
27007|0x1be325567f|22|488712404948
27007|0x1be325567f|23|1008152586495
27007|0x1be325567f|24|1739383444045
27129|0x849|1|254640
27129|0x849|2|453540
27129|0x20849|3|973186
27129|0x20849|4|2056317
27129|0x20849|5|3965415
27129|0x20849|6|8155255
27129|0x220849|7|16384613
27129|0x220849|8|32513916
27129|0xa20849|9|64887311
27129|0x1a20849|10|130606657
27129|0x1a20849|11|261768560
27129|0x5a20849|12|486519507
27129|0x5a20849|13|1049079749
27129|0x15a20849|14|2104838889
27129|0x15a20849|15|3504350073
27129|0x15a20849|16|6708997443
27129|0x95a20849|17|13775383913
27129|0x195a20849|18|27162501936
27129|0x395a20849|19|54401037198
27129|0x795a20849|20|108817479698
27129|0x795a20849|21|236461176035
27129|0x795a20849|22|433666503349
27129|0x795a20849|23|864501815505
27129|0x4795a20849|24|1740443099646
27241|0xc5d9|1|209302
27241|0x1c5d9|2|454186
27241|0x3c5d9|3|975153
27241|0x3c5d9|4|2067256
27241|0xbc5d9|5|3991170
27241|0xbc5d9|6|8172100
27241|0xbc5d9|7|16350166
27241|0x4bc5d9|8|32603654
27241|0x4bc5d9|9|54228499
27241|0x14bc5d9|10|116930275
27241|0x14bc5d9|11|241726137
27241|0x14bc5d9|12|524607919
27241|0x94bc5d9|13|1049588907
27241|0x194bc5d9|14|1741219759
27241|0x194bc5d9|15|3690241184
27241|0x594bc5d9|16|8394619374
27241|0x594bc5d9|17|13499896289
27241|0x594bc5d9|18|27132198607
27241|0x2594bc5d9|19|60037389407
27241|0x2594bc5d9|20|108139572118
27241|0x2594bc5d9|21|217460015565
27241|0x12594bc5d9|22|440418172311
27241|0x12594bc5d9|23|867646260751
27241|0x12594bc5d9|24|1736016838385
27353|0x7569|1|209390
27353|0x17569|2|454973
27353|0x37569|3|955214
27353|0x77569|4|1926041
27353|0x77569|5|4198801
27353|0x177569|6|8192492
27353|0x177569|7|16322651
27353|0x177569|8|33034971
27353|0x977569|9|65999971
27353|0x1977569|10|131510571
27353|0x1977569|11|263164163
27353|0x1977569|12|526973249
27353|0x1977569|13|846851540
27353|0x11977569|14|1709035333
27353|0x31977569|15|3754231795
27353|0x71977569|16|6682817978
27353|0x71977569|17|13388817149
27353|0x171977569|18|26858269113
27353|0x371977569|19|54558507398
27353|0x771977569|20|112293290344
27353|0xf71977569|21|218944122403
27353|0xf71977569|22|436046859526
27353|0x2f71977569|23|864002222141
27353|0x6f71977569|24|1739244015066
27463|0xce77|1|209583
27463|0x1ce77|2|455512
27463|0x1ce77|3|977908
27463|0x5ce77|4|2072781
27463|0xdce77|5|4001177
27463|0xdce77|6|8222652
27463|0x2dce77|7|16473736
27463|0x2dce77|8|32828073
27463|0x2dce77|9|65779763
27463|0x2dce77|10|131129306
27463|0x22dce77|11|262708942
27463|0x22dce77|12|526529470
27463|0x22dce77|13|1053929689
27463|0x22dce77|14|2109221264
27463|0x22dce77|15|3420595636
27463|0x422dce77|16|6762170198
27463|0xc22dce77|17|14943462658
27463|0x1c22dce77|18|29121673790
27463|0x3c22dce77|19|58238085635
27463|0x7c22dce77|20|108055851207
27463|0x7c22dce77|21|218941847762
27463|0x17c22dce77|22|434479726833
27463|0x17c22dce77|23|866422157531
27463|0x57c22dce77|24|1735128997273
27577|0x2a89|1|209719
27577|0x2a89|2|453975
27577|0x22a89|3|979500
27577|0x22a89|4|1982519
27577|0xa2a89|5|4084406
27577|0xa2a89|6|8228915
27577|0x2a2a89|7|16237036
27577|0x6a2a89|8|32895460
27577|0xea2a89|9|65219862
27577|0x1ea2a89|10|130945269
27577|0x3ea2a89|11|255801451
27577|0x7ea2a89|12|522991097
27577|0xfea2a89|13|1018325258
27577|0xfea2a89|14|2094996760
27577|0x2fea2a89|15|3419838209
27577|0x2fea2a89|16|6746278028
27577|0xafea2a89|17|13687381775
27577|0xafea2a89|18|27395265909
27577|0x2afea2a89|19|55541140117
27577|0x2afea2a89|20|108233398812
27577|0xaafea2a89|21|219033675977
27577|0xaafea2a89|22|435983218645
27577|0xaafea2a89|23|863341046024
27577|0x4aafea2a89|24|1737924905033
28069|0xb22d|1|210300
28069|0xb22d|2|458888
28069|0xb22d|3|988955
28069|0xb22d|4|1863026
28069|0xb22d|5|4163089
28069|0x10b22d|6|8166640
28069|0x30b22d|7|16270030
28069|0x70b22d|8|32706714
28069|0xf0b22d|9|65592838
28069|0x1f0b22d|10|131007430
28069|0x1f0b22d|11|262092383
28069|0x5f0b22d|12|445640306
28069|0x5f0b22d|13|1048529626
28069|0x15f0b22d|14|2097075940
28069|0x35f0b22d|15|3812345808
28069|0x75f0b22d|16|7604159463
28069|0xf5f0b22d|17|15035013008
28069|0xf5f0b22d|18|27893306750
28069|0x2f5f0b22d|19|57353742906
28069|0x2f5f0b22d|20|108173761489
28069|0x2f5f0b22d|21|227090634851
28069|0x2f5f0b22d|22|435478847164
28069|0x22f5f0b22d|23|863179933021
28069|0x62f5f0b22d|24|1738625735141
28183|0xa9a7|1|217074
28183|0x1a9a7|2|404365
28183|0x1a9a7|3|869097
28183|0x5a9a7|4|2009562
28183|0xda9a7|5|4105433
28183|0xda9a7|6|6511411
28183|0x2da9a7|7|16211488
28183|0x2da9a7|8|32821261
28183|0x2da9a7|9|65672001
28183|0x12da9a7|10|131396225
28183|0x32da9a7|11|262620527
28183|0x32da9a7|12|525000773
28183|0xb2da9a7|13|1049171944
28183|0xb2da9a7|14|2024328178
28183|0x2b2da9a7|15|4182649457
28183|0x2b2da9a7|16|8086021538
28183|0xab2da9a7|17|14008955987
28183|0x1ab2da9a7|18|27216074844
28183|0x1ab2da9a7|19|54606696590
28183|0x5ab2da9a7|20|108536546609
28183|0x5ab2da9a7|21|225317651809
28183|0x15ab2da9a7|22|434947411603
28183|0x15ab2da9a7|23|866177290595
28183|0x15ab2da9a7|24|1734626821142
28301|0x445|1|208682
28301|0x445|2|434155
28301|0x445|3|868789
28301|0x445|4|1976623
28301|0x80445|5|4141513
28301|0x80445|6|8046582
28301|0x80445|7|16433620
28301|0x480445|8|32664407
28301|0xc80445|9|65594687
28301|0xc80445|10|130868886
28301|0xc80445|11|262267451
28301|0xc80445|12|457672820
28301|0xc80445|13|896055663
28301|0xc80445|14|2099024804
28301|0x20c80445|15|4201364311
28301|0x20c80445|16|8450669207
28301|0x20c80445|17|15334904654
28301|0x20c80445|18|29148534885
28301|0x20c80445|19|54813468159
28301|0x20c80445|20|110949818723
28301|0x820c80445|21|221431386126
28301|0x1820c80445|22|433711529232
28301|0x3820c80445|23|863222942815
28301|0x3820c80445|24|1734143419387
28411|0x6c33|1|211296
28411|0x6c33|2|462915
28411|0x6c33|3|991170
28411|0x6c33|4|1957596
28411|0x86c33|5|4093978
28411|0x86c33|6|8201020
28411|0x86c33|7|16231352
28411|0x486c33|8|32907897
28411|0xc86c33|9|65502733
28411|0x1c86c33|10|131093562
28411|0x3c86c33|11|262266393
28411|0x7c86c33|12|524996673
28411|0x7c86c33|13|1049540135
28411|0x7c86c33|14|2102761829
28411|0x7c86c33|15|4214107066
28411|0x47c86c33|16|7505570664
28411|0xc7c86c33|17|13550732637
28411|0xc7c86c33|18|27385520666
28411|0xc7c86c33|19|54404303887
28411|0x4c7c86c33|20|108996666525
28411|0xcc7c86c33|21|223802641496
28411|0xcc7c86c33|22|434477310588
28411|0x2cc7c86c33|23|862862231744
28411|0x6cc7c86c33|24|1734526785106
28525|0xf265|1|186325
28525|0x1f265|2|406048
28525|0x3f265|3|983163
28525|0x3f265|4|2080697
28525|0xbf265|5|3958306
28525|0x1bf265|6|8182985
28525|0x1bf265|7|16481310
28525|0x1bf265|8|32759800
28525|0x1bf265|9|65607826
28525|0x1bf265|10|131207903
28525|0x21bf265|11|262546765
28525|0x61bf265|12|514089022
28525|0xe1bf265|13|1049904940
28525|0xe1bf265|14|2099775845
28525|0x2e1bf265|15|3349413293
28525|0x6e1bf265|16|7596817362
28525|0x6e1bf265|17|13626597102
28525|0x16e1bf265|18|28117532620
28525|0x36e1bf265|19|61526471073
28525|0x76e1bf265|20|109699811083
28525|0xf6e1bf265|21|219129715338
28525|0x1f6e1bf265|22|438635068833
28525|0x3f6e1bf265|23|866618008932
28525|0x7f6e1bf265|24|1740692464452
28635|0xf453|1|186000
28635|0x1f453|2|431158
28635|0x1f453|3|993779
28635|0x5f453|4|2100229
28635|0xdf453|5|4023368
28635|0xdf453|6|8188614
28635|0x2df453|7|16460908
28635|0x6df453|8|32767151
28635|0x6df453|9|65510191
28635|0x16df453|10|131289622
28635|0x36df453|11|262713024
28635|0x76df453|12|482769365
28635|0xf6df453|13|1050639120
28635|0xf6df453|14|2037498839
28635|0x2f6df453|15|4202636330
28635|0x6f6df453|16|7444516480
28635|0x6f6df453|17|13688122033
28635|0x6f6df453|18|27910381668
28635|0x6f6df453|19|54812690687
28635|0x6f6df453|20|112073690551
28635|0x6f6df453|21|218989887387
28635|0x106f6df453|22|435443108108
28635|0x306f6df453|23|863803620799
28635|0x706f6df453|24|1741115831775
29111|0x3c07|1|572124
29111|0x3c07|2|464491
29111|0x23c07|3|1000165
29111|0x23c07|4|2039002
29111|0xa3c07|5|4074344
29111|0x1a3c07|6|8231254
29111|0x1a3c07|7|16252763
29111|0x5a3c07|8|32897596
29111|0x5a3c07|9|65605984
29111|0x15a3c07|10|131479263
29111|0x15a3c07|11|262777333
29111|0x55a3c07|12|525422175
29111|0xd5a3c07|13|1052818908
29111|0xd5a3c07|14|2110629137
29111|0x2d5a3c07|15|4225336508
29111|0x6d5a3c07|16|7388852590
29111|0x6d5a3c07|17|17093690375
29111|0x16d5a3c07|18|29362699384
29111|0x36d5a3c07|19|55882119555
29111|0x36d5a3c07|20|108170239572
29111|0xb6d5a3c07|21|223815623403
29111|0x1b6d5a3c07|22|437442809202
29111|0x3b6d5a3c07|23|864143905185
29111|0x7b6d5a3c07|24|1732632955457
29229|0xada5|1|187149
29229|0xada5|2|409192
29229|0x2ada5|3|881745
29229|0x6ada5|4|2029616
29229|0x6ada5|5|4071730
29229|0x6ada5|6|8075911
29229|0x6ada5|7|16493976
29229|0x6ada5|8|32876785
29229|0x86ada5|9|65962699
29229|0x186ada5|10|132049101
29229|0x386ada5|11|264159279
29229|0x386ada5|12|528177848
29229|0xb86ada5|13|1056866189
29229|0xb86ada5|14|2043480596
29229|0xb86ada5|15|4243638413
29229|0xb86ada5|16|6829587686
29229|0xb86ada5|17|14118780484
29229|0xb86ada5|18|28198318503
29229|0xb86ada5|19|55023909788
29229|0x40b86ada5|20|108516218965
29229|0xc0b86ada5|21|224631092768
29229|0xc0b86ada5|22|438835144484
29229|0xc0b86ada5|23|862952594719
29229|0x4c0b86ada5|24|1732941614900
29341|0xa3b5|1|213056
29341|0x1a3b5|2|465845
29341|0x1a3b5|3|1003496
29341|0x1a3b5|4|2042746
29341|0x9a3b5|5|3956532
29341|0x19a3b5|6|8216743
29341|0x39a3b5|7|16533583
29341|0x79a3b5|8|32843520
29341|0xf9a3b5|9|63240042
29341|0xf9a3b5|10|131947137
29341|0xf9a3b5|11|264027956
29341|0x4f9a3b5|12|528787146
29341|0xcf9a3b5|13|985827588
29341|0xcf9a3b5|14|1915408032
29341|0x2cf9a3b5|15|4266458758
29341|0x6cf9a3b5|16|7015347676
29341|0x6cf9a3b5|17|17091741418
29341|0x6cf9a3b5|18|29443884644
29341|0x26cf9a3b5|19|54446201961
29341|0x66cf9a3b5|20|108424747210
29341|0xe6cf9a3b5|21|216650428293
29341|0xe6cf9a3b5|22|432899292584
29341|0x2e6cf9a3b5|23|865471893789
29341|0x2e6cf9a3b5|24|1736103195170
29449|0xb39|1|187424
29449|0x10b39|2|410578
29449|0x10b39|3|962792
29449|0x50b39|4|2028747
29449|0xd0b39|5|4056787
29449|0xd0b39|6|8231125
29449|0xd0b39|7|16621625
29449|0xd0b39|8|33122944
29449|0x8d0b39|9|66262871
29449|0x18d0b39|10|118323471
29449|0x38d0b39|11|265118142
29449|0x78d0b39|12|489595715
29449|0x78d0b39|13|1061442374
29449|0x78d0b39|14|2016228880
29449|0x278d0b39|15|3425243697
29449|0x678d0b39|16|6753034763
29449|0x678d0b39|17|13558081411
29449|0x678d0b39|18|28410818808
29449|0x678d0b39|19|54570086912
29449|0x678d0b39|20|119595976978
29449|0x8678d0b39|21|216578272216
29449|0x18678d0b39|22|435579167483
29449|0x38678d0b39|23|863222653270
29449|0x38678d0b39|24|1731785343878
29565|0xddd5|1|213193
29565|0x1ddd5|2|466670
29565|0x1ddd5|3|1012732
29565|0x1ddd5|4|1854414
29565|0x1ddd5|5|4175091
29565|0x11ddd5|6|8270577
29565|0x31ddd5|7|16381417
29565|0x31ddd5|8|33233946
29565|0x31ddd5|9|66065459
29565|0x131ddd5|10|132811547
29565|0x131ddd5|11|265101990
29565|0x531ddd5|12|530268964
29565|0x531ddd5|13|1045325172
29565|0x1531ddd5|14|2099285590
29565|0x1531ddd5|15|4266419647
29565|0x5531ddd5|16|7442612039
29565|0x5531ddd5|17|16429246146
29565|0x15531ddd5|18|28317619754
29565|0x15531ddd5|19|61056670293
29565|0x55531ddd5|20|111009827232
29565|0x55531ddd5|21|220934643946
29565|0x55531ddd5|22|435803336896
29565|0x255531ddd5|23|864171816066
29565|0x255531ddd5|24|1732438803774
29677|0xe1e5|1|210681
29677|0x1e1e5|2|465407
29677|0x1e1e5|3|1005990
29677|0x1e1e5|4|2015642
29677|0x9e1e5|5|4051965
29677|0x9e1e5|6|8342666
29677|0x29e1e5|7|16602292
29677|0x69e1e5|8|33485294
29677|0xe9e1e5|9|66689069
29677|0x1e9e1e5|10|133810329
29677|0x3e9e1e5|11|267713770
29677|0x3e9e1e5|12|462885241
29677|0x3e9e1e5|13|1071544971
29677|0x13e9e1e5|14|2133632776
29677|0x13e9e1e5|15|4239953243
29677|0x13e9e1e5|16|7322392147
29677|0x93e9e1e5|17|15405804282
29677|0x193e9e1e5|18|27620189924
29677|0x193e9e1e5|19|55788953902
29677|0x193e9e1e5|20|108441120478
29677|0x993e9e1e5|21|218087387913
29677|0x1993e9e1e5|22|433118513739
29677|0x3993e9e1e5|23|863119998158
29677|0x7993e9e1e5|24|1731916761378
30145|0x9a41|1|214403
30145|0x9a41|2|470182
30145|0x9a41|3|1014494
30145|0x49a41|4|2060302
30145|0xc9a41|5|4021389
30145|0xc9a41|6|8253609
30145|0xc9a41|7|16611311
30145|0xc9a41|8|33321738
30145|0xc9a41|9|66771225
30145|0xc9a41|10|133969028
30145|0xc9a41|11|261632190
30145|0x40c9a41|12|536801012
30145|0x40c9a41|13|1072808141
30145|0x140c9a41|14|2143530786
30145|0x340c9a41|15|4295585757
30145|0x340c9a41|16|8183364316
30145|0x340c9a41|17|14042355377
30145|0x1340c9a41|18|27353049823
30145|0x3340c9a41|19|54187683791
30145|0x7340c9a41|20|110728847998
30145|0xf340c9a41|21|218095951954
30145|0xf340c9a41|22|432411957731
30145|0xf340c9a41|23|863010402854
30145|0x4f340c9a41|24|1729892328012
30255|0x90cf|1|214336
30255|0x90cf|2|470673
30255|0x290cf|3|924842
30255|0x290cf|4|1917481
30255|0xa90cf|5|4222848
30255|0x1a90cf|6|8074891
30255|0x3a90cf|7|16500299
30255|0x3a90cf|8|32954117
30255|0xba90cf|9|66161197
30255|0x1ba90cf|10|131832529
30255|0x1ba90cf|11|264189017
30255|0x1ba90cf|12|520181571
30255|0x1ba90cf|13|1059493228
30255|0x11ba90cf|14|2136238834
30255|0x11ba90cf|15|3706240216
30255|0x51ba90cf|16|6744569941
30255|0x51ba90cf|17|14243327312
30255|0x151ba90cf|18|27013404571
30255|0x351ba90cf|19|55121653257
30255|0x351ba90cf|20|109279392728
30255|0xb51ba90cf|21|218287702600
30255|0xb51ba90cf|22|439157722103
30255|0xb51ba90cf|23|866496219571
30255|0x4b51ba90cf|24|1739004654853
30365|0xbfb5|1|214575
30365|0x1bfb5|2|471002
30365|0x1bfb5|3|1045485
30365|0x1bfb5|4|2054802
30365|0x1bfb5|5|4094105
30365|0x11bfb5|6|8346539
30365|0x11bfb5|7|16866453
30365|0x51bfb5|8|33496698
30365|0xd1bfb5|9|67287096
30365|0x1d1bfb5|10|134432228
30365|0x1d1bfb5|11|268860679
30365|0x5d1bfb5|12|426633760
30365|0x5d1bfb5|13|1074384830
30365|0x5d1bfb5|14|2147321195
30365|0x5d1bfb5|15|4290513738
30365|0x45d1bfb5|16|8578640852
30365|0xc5d1bfb5|17|13493399999
30365|0xc5d1bfb5|18|33091034358
30365|0xc5d1bfb5|19|56181401641
30365|0xc5d1bfb5|20|111515794611
30365|0x8c5d1bfb5|21|216849274471
30365|0x18c5d1bfb5|22|432290040463
30365|0x38c5d1bfb5|23|864306089502
30365|0x38c5d1bfb5|24|1732248188484
30483|0xeb1b|1|214531
30483|0x1eb1b|2|471670
30483|0x3eb1b|3|963339
30483|0x7eb1b|4|1965423
30483|0x7eb1b|5|4244059
30483|0x7eb1b|6|8296214
30483|0x27eb1b|7|16537321
30483|0x67eb1b|8|33455999
30483|0x67eb1b|9|66940932
30483|0x67eb1b|10|133603400
30483|0x267eb1b|11|226058762
30483|0x667eb1b|12|535225843
30483|0xe67eb1b|13|1068832722
30483|0xe67eb1b|14|1717274512
30483|0x2e67eb1b|15|4282764802
30483|0x6e67eb1b|16|8587387753
30483|0xee67eb1b|17|15013917081
30483|0xee67eb1b|18|29198915532
30483|0xee67eb1b|19|54913341745
30483|0x4ee67eb1b|20|110032550236
30483|0x4ee67eb1b|21|218637855393
30483|0x14ee67eb1b|22|433711657398
30483|0x34ee67eb1b|23|863750459894
30483|0x74ee67eb1b|24|1734402760287
30591|0x487f|1|214777
30591|0x1487f|2|472703
30591|0x3487f|3|1046063
30591|0x7487f|4|2060629
30591|0x7487f|5|4206153
30591|0x17487f|6|8399977
30591|0x17487f|7|16733134
30591|0x57487f|8|27241808
30591|0x57487f|9|67104054
30591|0x57487f|10|134251804
30591|0x257487f|11|268606698
30591|0x657487f|12|538053224
30591|0xe57487f|13|1075784235
30591|0x1e57487f|14|2005195984
30591|0x3e57487f|15|3891353155
30591|0x3e57487f|16|8587881972
30591|0xbe57487f|17|17186630358
30591|0x1be57487f|18|28297423872
30591|0x1be57487f|19|54045596156
30591|0x1be57487f|20|114816256853
30591|0x9be57487f|21|215431787388
30591|0x19be57487f|22|434836332806
30591|0x19be57487f|23|876062803347
30591|0x59be57487f|24|1730354238689
30705|0x9911|1|215469
30705|0x19911|2|473464
30705|0x19911|3|1040993
30705|0x19911|4|1910226
30705|0x99911|5|4250423
30705|0x199911|6|8348503
30705|0x199911|7|16745171
30705|0x599911|8|33647390
30705|0xd99911|9|66878103
30705|0x1d99911|10|133990691
30705|0x1d99911|11|268122114
30705|0x5d99911|12|534700021
30705|0xdd99911|13|1070571097
30705|0x1dd99911|14|1898262944
30705|0x1dd99911|15|4304216784
30705|0x5dd99911|16|7612472282
30705|0xddd99911|17|14002078508
30705|0x1ddd99911|18|27162095253
30705|0x3ddd99911|19|57213598886
30705|0x7ddd99911|20|109022202756
30705|0xfddd99911|21|215750360853
30705|0x1fddd99911|22|431507982039
30705|0x3fddd99911|23|862729579991
30705|0x7fddd99911|24|1730365514603
31173|0x9d0d|1|188749
31173|0x9d0d|2|473225
31173|0x9d0d|3|1028735
31173|0x49d0d|4|2104433
31173|0xc9d0d|5|3985621
31173|0x1c9d0d|6|8279500
31173|0x1c9d0d|7|16635492
31173|0x5c9d0d|8|33043798
31173|0xdc9d0d|9|66238505
31173|0xdc9d0d|10|132859258
31173|0xdc9d0d|11|266205024
31173|0xdc9d0d|12|471327475
31173|0xdc9d0d|13|1056293100
31173|0x10dc9d0d|14|2088342921
31173|0x10dc9d0d|15|3394659882
31173|0x50dc9d0d|16|8055762125
31173|0xd0dc9d0d|17|13481669337
31173|0x1d0dc9d0d|18|33965288906
31173|0x3d0dc9d0d|19|55691935963
31173|0x3d0dc9d0d|20|113047070977
31173|0xbd0dc9d0d|21|216009067821
31173|0x1bd0dc9d0d|22|433377647201
31173|0x3bd0dc9d0d|23|864297811914
31173|0x7bd0dc9d0d|24|1727327794142
31281|0x9ed1|1|216343
31281|0x9ed1|2|476262
31281|0x29ed1|3|1030107
31281|0x29ed1|4|1964538
31281|0x29ed1|5|4175198
31281|0x129ed1|6|8339775
31281|0x129ed1|7|16791824
31281|0x529ed1|8|33576291
31281|0xd29ed1|9|67198359
31281|0xd29ed1|10|134155361
31281|0xd29ed1|11|268409908
31281|0xd29ed1|12|536533178
31281|0x8d29ed1|13|1073918449
31281|0x18d29ed1|14|1964465785
31281|0x38d29ed1|15|4262416873
31281|0x78d29ed1|16|7005762776
31281|0xf8d29ed1|17|14561534018
31281|0xf8d29ed1|18|32761787024
31281|0xf8d29ed1|19|61674013970
31281|0x4f8d29ed1|20|111535699645
31281|0xcf8d29ed1|21|216236848191
31281|0x1cf8d29ed1|22|433389650757
31281|0x3cf8d29ed1|23|865991888456
31281|0x7cf8d29ed1|24|1731870146330
31397|0xdd2d|1|216149
31397|0xdd2d|2|477091
31397|0x2dd2d|3|1031496
31397|0x2dd2d|4|2099527
31397|0x2dd2d|5|4045577
31397|0x2dd2d|6|8387141
31397|0x2dd2d|7|16889826
31397|0x42dd2d|8|33544518
31397|0xc2dd2d|9|67195460
31397|0x1c2dd2d|10|134702294
31397|0x1c2dd2d|11|241700392
31397|0x1c2dd2d|12|538914768
31397|0x1c2dd2d|13|1078164227
31397|0x1c2dd2d|14|2149261355
31397|0x1c2dd2d|15|4306260630
31397|0x1c2dd2d|16|8621725726
31397|0x1c2dd2d|17|13476505811
31397|0x1c2dd2d|18|26961071488
31397|0x1c2dd2d|19|53971622519
31397|0x1c2dd2d|20|108097981908
31397|0x801c2dd2d|21|217797873484
31397|0x801c2dd2d|22|440549690663
31397|0x801c2dd2d|23|864077886500
31397|0x801c2dd2d|24|1727648354397
31507|0x871b|1|190480
31507|0x871b|2|468351
31507|0x871b|3|1033029
31507|0x4871b|4|2087082
31507|0x4871b|5|3453684
31507|0x4871b|6|8337117
31507|0x4871b|7|16750358
31507|0x44871b|8|33794689
31507|0x44871b|9|56199144
31507|0x44871b|10|134575303
31507|0x244871b|11|269423748
31507|0x244871b|12|538907063
31507|0xa44871b|13|849479991
31507|0x1a44871b|14|2157853885
31507|0x3a44871b|15|3493391803
31507|0x7a44871b|16|8275432775
31507|0x7a44871b|17|14066356937
31507|0x7a44871b|18|28156763102
31507|0x7a44871b|19|56404925607
31507|0x7a44871b|20|116542648990
31507|0x87a44871b|21|216018604371
31507|0x87a44871b|22|438568949572
31507|0x287a44871b|23|865589752471
31507|0x687a44871b|24|1729454693828
31617|0xc481|1|216891
31617|0x1c481|2|478254
31617|0x3c481|3|1034574
31617|0x3c481|4|2009229
31617|0x3c481|5|4142153
31617|0x13c481|6|8413895
31617|0x33c481|7|16836675
31617|0x33c481|8|33767529
31617|0xb3c481|9|67751712
31617|0xb3c481|10|134637229
31617|0x2b3c481|11|269587655
31617|0x6b3c481|12|539376455
31617|0x6b3c481|13|847001328
31617|0x6b3c481|14|2009585121
31617|0x6b3c481|15|4310261367
31617|0x46b3c481|16|6991320115
31617|0x46b3c481|17|14246717370
31617|0x46b3c481|18|31374989099
31617|0x46b3c481|19|54159451471
31617|0x446b3c481|20|110393746063
31617|0x446b3c481|21|215478708848
31617|0x446b3c481|22|441175779757
31617|0x2446b3c481|23|862139320702
31617|0x6446b3c481|24|1727238766182
31735|0xb5c7|1|225892
31735|0xb5c7|2|421465
31735|0x2b5c7|3|911652
31735|0x6b5c7|4|2097683
31735|0x6b5c7|5|4254129
31735|0x16b5c7|6|8367548
31735|0x16b5c7|7|16808680
31735|0x56b5c7|8|33599617
31735|0x56b5c7|9|67246157
31735|0x156b5c7|10|134196863
31735|0x156b5c7|11|268996147
31735|0x556b5c7|12|536890255
31735|0x556b5c7|13|1079574085
31735|0x1556b5c7|14|1841752108
31735|0x1556b5c7|15|3473892540
31735|0x5556b5c7|16|8613537814
31735|0x5556b5c7|17|13668241228
31735|0x15556b5c7|18|27176063689
31735|0x35556b5c7|19|54015502244
31735|0x35556b5c7|20|107886608402
31735|0xb5556b5c7|21|215650053371
31735|0x1b5556b5c7|22|440716383987
31735|0x3b5556b5c7|23|862507296784
31735|0x7b5556b5c7|24|1727195741167
32187|0xbf73|1|189573
32187|0x1bf73|2|423457
32187|0x3bf73|3|1014006
32187|0x3bf73|4|2105927
32187|0xbbf73|5|4265782
32187|0x1bbf73|6|8369832
32187|0x1bbf73|7|16847319
32187|0x5bbf73|8|33816448
32187|0xdbbf73|9|61435423
32187|0x1dbbf73|10|135011829
32187|0x1dbbf73|11|270589135
32187|0x1dbbf73|12|539992143
32187|0x9dbbf73|13|889984823
32187|0x9dbbf73|14|2027593536
32187|0x9dbbf73|15|3376181293
32187|0x9dbbf73|16|7465108722
32187|0x89dbbf73|17|14070149686
32187|0x189dbbf73|18|27149600220
32187|0x189dbbf73|19|54278935220
32187|0x189dbbf73|20|109813143056
32187|0x189dbbf73|21|215283864474
32187|0x1189dbbf73|22|432176601686
32187|0x3189dbbf73|23|863046447642
32187|0x3189dbbf73|24|1730380237666
32299|0x5083|1|218041
32299|0x5083|2|498142
32299|0x25083|3|972832
32299|0x65083|4|2026860
32299|0x65083|5|4253781
32299|0x165083|6|6677380
32299|0x365083|7|16711804
32299|0x765083|8|33441980
32299|0xf65083|9|67381563
32299|0x1f65083|10|134894157
32299|0x1f65083|11|269339046
32299|0x1f65083|12|540461851
32299|0x1f65083|13|892982181
32299|0x11f65083|14|1902657995
32299|0x11f65083|15|4324550398
32299|0x51f65083|16|7631689485
32299|0x51f65083|17|13987926318
32299|0x151f65083|18|33640993377
32299|0x151f65083|19|54594894931
32299|0x151f65083|20|113089319291
32299|0x151f65083|21|216665455373
32299|0x1151f65083|22|439547347412
32299|0x1151f65083|23|862613507336
32299|0x5151f65083|24|1726024877973
32409|0xf5a9|1|215985
32409|0xf5a9|2|482437
32409|0xf5a9|3|985376
32409|0x4f5a9|4|2020821
32409|0x4f5a9|5|4265039
32409|0x4f5a9|6|8382711
32409|0x24f5a9|7|16776999
32409|0x24f5a9|8|33557646
32409|0x24f5a9|9|67229173
32409|0x124f5a9|10|114338450
32409|0x124f5a9|11|268921135
32409|0x124f5a9|12|538084199
32409|0x124f5a9|13|1076713878
32409|0x124f5a9|14|2152344104
32409|0x2124f5a9|15|4317908689
32409|0x2124f5a9|16|6985054199
32409|0x2124f5a9|17|17241742031
32409|0x2124f5a9|18|28369146272
32409|0x2124f5a9|19|54104712846
32409|0x42124f5a9|20|107915111198
32409|0xc2124f5a9|21|226941972332
32409|0x1c2124f5a9|22|432412955794
32409|0x3c2124f5a9|23|863867380437
32409|0x7c2124f5a9|24|1726761103690
32517|0x75cd|1|216197
32517|0x175cd|2|483246
32517|0x175cd|3|1064000
32517|0x175cd|4|2113319
32517|0x975cd|5|4103310
32517|0x975cd|6|8384704
32517|0x2975cd|7|16802452
32517|0x6975cd|8|33822920
32517|0xe975cd|9|67569525
32517|0xe975cd|10|135180052
32517|0x2e975cd|11|270265942
32517|0x2e975cd|12|540565738
32517|0x2e975cd|13|1081290792
32517|0x2e975cd|14|2165161964
32517|0x22e975cd|15|4373984455
32517|0x22e975cd|16|8655963158
32517|0xa2e975cd|17|13800355878
32517|0x1a2e975cd|18|27065455221
32517|0x3a2e975cd|19|56231930184
32517|0x7a2e975cd|20|107800083080
32517|0xfa2e975cd|21|216335717949
32517|0xfa2e975cd|22|434419554300
32517|0x2fa2e975cd|23|865413840611
32517|0x6fa2e975cd|24|1729159631631
32631|0xa47|1|216215
32631|0xa47|2|481570
32631|0x20a47|3|1048219
32631|0x60a47|4|2133673
32631|0xe0a47|5|4133141
32631|0xe0a47|6|8525728
32631|0x2e0a47|7|16857407
32631|0x2e0a47|8|33648036
32631|0xae0a47|9|67538537
32631|0xae0a47|10|135272609
32631|0xae0a47|11|270466366
32631|0xae0a47|12|540282896
32631|0x8ae0a47|13|1081768601
32631|0x8ae0a47|14|1776923137
32631|0x28ae0a47|15|4007332700
32631|0x68ae0a47|16|8630631085
32631|0x68ae0a47|17|14143729439
32631|0x168ae0a47|18|30584310608
32631|0x368ae0a47|19|55385281678
32631|0x768ae0a47|20|109069110874
32631|0x768ae0a47|21|215338707277
32631|0x768ae0a47|22|434191144655
32631|0x2768ae0a47|23|864915532228
32631|0x6768ae0a47|24|1732045102154
32745|0x4859|1|216797
32745|0x4859|2|482367
32745|0x24859|3|1047662
32745|0x24859|4|2141613
32745|0xa4859|5|4126144
32745|0xa4859|6|8553517
32745|0xa4859|7|16883258
32745|0x4a4859|8|33723203
32745|0xca4859|9|67610246
32745|0xca4859|10|135111963
32745|0x2ca4859|11|270652860
32745|0x6ca4859|12|426560126
32745|0xeca4859|13|1082089745
32745|0x1eca4859|14|1864564213
32745|0x3eca4859|15|3474528256
32745|0x3eca4859|16|8007662526
32745|0xbeca4859|17|15324758615
32745|0xbeca4859|18|27379634945
32745|0xbeca4859|19|56499528254
32745|0x4beca4859|20|108940794264
32745|0xcbeca4859|21|218375213162
32745|0xcbeca4859|22|433850795347
32745|0xcbeca4859|23|863080229407
32745|0x4cbeca4859|24|1712310150422
33051|0xf113|1|366203
33051|0xf113|2|874072
33051|0x4f113|3|1779727
33051|0x4f113|4|3896815
33051|0x4f113|5|7820145
33051|0x4f113|6|15564298
33051|0x4f113|7|31414071
33051|0x4f113|8|62829592
33051|0x4f113|9|125549595
33051|0x204f113|10|251578029
33051|0x604f113|11|502671421
33051|0x604f113|12|1006689010
33051|0x604f113|13|2012898307
33051|0x2604f113|14|3431034894
33051|0x2604f113|15|7223395807
33051|0xa604f113|16|13539591998
33051|0xa604f113|17|27771056219
33051|0x2a604f113|18|56222910816
33051|0x2a604f113|19|111803437680
33051|0x2a604f113|20|234545202301
33051|0x12a604f113|21|440591780092
33051|0x32a604f113|22|877100925078
33051|0x32a604f113|23|1772400214049
33051|0x32a604f113|24|3506834300690
33165|0x1a945|1|368875
33165|0x3a945|2|875123
33165|0x3a945|3|1787409
33165|0x3a945|4|3900051
33165|0x13a945|5|7842609
33165|0x33a945|6|15605010
33165|0x73a945|7|31485915
33165|0x73a945|8|62764288
33165|0x73a945|9|125633938
33165|0x73a945|10|251071129
33165|0x73a945|11|503208615
33165|0x873a945|12|1007416619
33165|0x1873a945|13|2013183120
33165|0x1873a945|14|4025722102
33165|0x5873a945|15|8051396647
33165|0x5873a945|16|16104652995
33165|0x15873a945|17|30878930063
33165|0x15873a945|18|55265108866
33165|0x15873a945|19|112333757339
33165|0x15873a945|20|220436988705
33165|0x115873a945|21|438845312802
33165|0x315873a945|22|881489073386
33165|0x715873a945|23|1771511184703
33165|0x715873a945|24|3501348369570
33293|0x9cc5|1|369217
33293|0x9cc5|2|876213
33293|0x49cc5|3|1939903
33293|0xc9cc5|4|3719760
33293|0xc9cc5|5|7821172
33293|0xc9cc5|6|15662428
33293|0x4c9cc5|7|31182036
33293|0xcc9cc5|8|62670478
33293|0xcc9cc5|9|125132622
33293|0x2cc9cc5|10|250541638
33293|0x6cc9cc5|11|502247842
33293|0x6cc9cc5|12|1004070675
33293|0x6cc9cc5|13|2007300356
33293|0x6cc9cc5|14|4015348155
33293|0x46cc9cc5|15|6786408276
33293|0xc6cc9cc5|16|14264088907
33293|0xc6cc9cc5|17|32100561291
33293|0x2c6cc9cc5|18|59338141874
33293|0x2c6cc9cc5|19|113475850206
33293|0xac6cc9cc5|20|226849588157
33293|0xac6cc9cc5|21|438387622902
33293|0xac6cc9cc5|22|878102494271
33293|0xac6cc9cc5|23|1773560335807
33293|0x8ac6cc9cc5|24|3500651141768
33387|0x11a43|1|363340
33387|0x11a43|2|893614
33387|0x51a43|3|1927780
33387|0xd1a43|4|3769572
33387|0x1d1a43|5|7862454
33387|0x1d1a43|6|15756365
33387|0x1d1a43|7|31396790
33387|0x9d1a43|8|62881616
33387|0x19d1a43|9|126016642
33387|0x19d1a43|10|251706293
33387|0x59d1a43|11|503643317
33387|0x59d1a43|12|1006410884
33387|0x59d1a43|13|1862130209
33387|0x259d1a43|14|4024714682
33387|0x259d1a43|15|7025806167
33387|0xa59d1a43|16|13758368814
33387|0x1a59d1a43|17|32404359786
33387|0x3a59d1a43|18|58870630445
33387|0x3a59d1a43|19|116962948999
33387|0x3a59d1a43|20|225461491079
33387|0x3a59d1a43|21|440099538786
33387|0x23a59d1a43|22|881912645444
33387|0x23a59d1a43|23|1771465276090
33387|0x23a59d1a43|24|3490787897836
33505|0x4121|1|325286
33505|0x4121|2|875987
33505|0x44121|3|1930244
33505|0x44121|4|3783573
33505|0x144121|5|6490729
33505|0x344121|6|15633397
33505|0x344121|7|31421150
33505|0x344121|8|62767706
33505|0x1344121|9|125897128
33505|0x1344121|10|251543251
33505|0x1344121|11|503458283
33505|0x9344121|12|1007411578
33505|0x9344121|13|2014653304
33505|0x29344121|14|3745007577
33505|0x69344121|15|6642646105
33505|0x69344121|16|13727306020
33505|0x169344121|17|30294208552
33505|0x369344121|18|57794928287
33505|0x769344121|19|110874708744
33505|0x769344121|20|224050900349
33505|0x1769344121|21|440671601725
33505|0x1769344121|22|876200953897
33505|0x1769344121|23|1771799092834
33505|0x1769344121|24|3490596661184
33623|0x11867|1|351997
33623|0x11867|2|773607
33623|0x51867|3|1808848
33623|0xd1867|4|3998692
33623|0x1d1867|5|7701935
33623|0x3d1867|6|15629928
33623|0x7d1867|7|31310521
33623|0x7d1867|8|62498191
33623|0x7d1867|9|125702615
33623|0x27d1867|10|250709477
33623|0x67d1867|11|501523245
33623|0xe7d1867|12|1003266708
33623|0x1e7d1867|13|1999941298
33623|0x3e7d1867|14|3364082821
33623|0x7e7d1867|15|6620024122
33623|0x7e7d1867|16|13189075207
33623|0x17e7d1867|17|29035307071
33623|0x17e7d1867|18|55385351141
33623|0x57e7d1867|19|110471780506
33623|0xd7e7d1867|20|221313551336
33623|0x1d7e7d1867|21|441564670115
33623|0x1d7e7d1867|22|876404488044
33623|0x5d7e7d1867|23|1770995997061
33623|0xdd7e7d1867|24|3493547825550
33721|0x9289|1|325545
33721|0x29289|2|827500
33721|0x29289|3|1953105
33721|0xa9289|4|3789727
33721|0xa9289|5|7870429
33721|0x2a9289|6|15620459
33721|0x6a9289|7|31261744
33721|0x6a9289|8|62533281
33721|0x6a9289|9|124982252
33721|0x26a9289|10|249821836
33721|0x26a9289|11|499510088
33721|0xa6a9289|12|970938600
33721|0x1a6a9289|13|2004176553
33721|0x3a6a9289|14|4017368810
33721|0x7a6a9289|15|7999759971
33721|0x7a6a9289|16|13503778269
33721|0x17a6a9289|17|27900110730
33721|0x37a6a9289|18|55103301942
33721|0x37a6a9289|19|112098575680
33721|0xb7a6a9289|20|221692156188
33721|0x1b7a6a9289|21|437128725136
33721|0x1b7a6a9289|22|875092662317
33721|0x1b7a6a9289|23|1763925104117
33721|0x9b7a6a9289|24|3500146593795
34037|0x1075d|1|371812
34037|0x1075d|2|776374
34037|0x1075d|3|1800347
34037|0x9075d|4|3825799
34037|0x19075d|5|7747147
34037|0x19075d|6|15481400
34037|0x59075d|7|30976456
34037|0x59075d|8|61834120
34037|0x159075d|9|124200051
34037|0x359075d|10|247827464
34037|0x759075d|11|496280068
34037|0x759075d|12|912088529
34037|0x1759075d|13|1906382600
34037|0x1759075d|14|3973555490
34037|0x5759075d|15|7945225593
34037|0xd759075d|16|16046641105
34037|0xd759075d|17|28162352135
34037|0xd759075d|18|56002645170
34037|0xd759075d|19|109716700299
34037|0x8d759075d|20|218180854487
34037|0x8d759075d|21|438404394381
34037|0x8d759075d|22|875714710405
34037|0x8d759075d|23|1763515843706
34037|0x88d759075d|24|3499238822144
34147|0x1244b|1|370242
34147|0x1244b|2|882986
34147|0x5244b|3|1766828
34147|0xd244b|4|3926619
34147|0x1d244b|5|7602170
34147|0x3d244b|6|15470501
34147|0x3d244b|7|30898539
34147|0xbd244b|8|61835539
34147|0x1bd244b|9|124073415
34147|0x1bd244b|10|248416713
34147|0x1bd244b|11|496811806
34147|0x1bd244b|12|993727974
34147|0x11bd244b|13|1984981826
34147|0x31bd244b|14|3972357319
34147|0x31bd244b|15|7215427320
34147|0xb1bd244b|16|13385178206
34147|0xb1bd244b|17|27706693908
34147|0xb1bd244b|18|56173747061
34147|0x4b1bd244b|19|109078544027
34147|0xcb1bd244b|20|222740599183
34147|0xcb1bd244b|21|436464530027
34147|0xcb1bd244b|22|876251932325
34147|0x4cb1bd244b|23|1767490900852
34147|0x4cb1bd244b|24|3500706233899
34257|0x1f331|1|326354
34257|0x1f331|2|777851
34257|0x1f331|3|1965539
34257|0x1f331|4|3766623
34257|0x11f331|5|7751490
34257|0x11f331|6|15456980
34257|0x11f331|7|30914773
34257|0x11f331|8|62010538
34257|0x11f331|9|124006557
34257|0x211f331|10|248429536
34257|0x611f331|11|496670030
34257|0xe11f331|12|822545261
34257|0x1e11f331|13|1919430545
34257|0x3e11f331|14|3972368120
34257|0x3e11f331|15|7944237478
34257|0x3e11f331|16|15894572911
34257|0x3e11f331|17|26707849960
34257|0x23e11f331|18|55019511049
34257|0x63e11f331|19|109405789630
34257|0xe3e11f331|20|218885874372
34257|0xe3e11f331|21|443066455700
34257|0x2e3e11f331|22|875764782275
34257|0x2e3e11f331|23|1764815166027
34257|0x2e3e11f331|24|3498529050286
34367|0x69bf|1|375448
34367|0x69bf|2|853826
34367|0x469bf|3|1741298
34367|0x469bf|4|3921514
34367|0x1469bf|5|7688787
34367|0x3469bf|6|15520438
34367|0x7469bf|7|31069310
34367|0x7469bf|8|61861866
34367|0x7469bf|9|124091319
34367|0x7469bf|10|248097464
34367|0x47469bf|11|496800272
34367|0xc7469bf|12|994067143
34367|0xc7469bf|13|1958339597
34367|0xc7469bf|14|3973055880
34367|0xc7469bf|15|7948000643
34367|0xc7469bf|16|13816665771
34367|0xc7469bf|17|27534421222
34367|0xc7469bf|18|53295042710
34367|0xc7469bf|19|106992893690
34367|0x80c7469bf|20|219520136674
34367|0x80c7469bf|21|438183753415
34367|0x80c7469bf|22|877311381520
34367|0x80c7469bf|23|1768378703457
34367|0x880c7469bf|24|3493348488205
34475|0x14403|1|327175
34475|0x34403|2|811882
34475|0x34403|3|1951333
34475|0xb4403|4|3836715
34475|0xb4403|5|7861447
34475|0x2b4403|6|15581330
34475|0x2b4403|7|31217656
34475|0xab4403|8|62525290
34475|0xab4403|9|125193998
34475|0xab4403|10|250461155
34475|0xab4403|11|500843457
34475|0x8ab4403|12|1001929556
34475|0x18ab4403|13|1801733092
34475|0x38ab4403|14|4009160870
34475|0x38ab4403|15|8016916685
34475|0xb8ab4403|16|13696837090
34475|0x1b8ab4403|17|30967088742
34475|0x1b8ab4403|18|54824226255
34475|0x1b8ab4403|19|112137425433
34475|0x1b8ab4403|20|219785914982
34475|0x11b8ab4403|21|440776804047
34475|0x11b8ab4403|22|877268557337
34475|0x11b8ab4403|23|1768064803503
34475|0x91b8ab4403|24|3496420756819
34593|0x1bce1|1|377678
34593|0x1bce1|2|887000
34593|0x5bce1|3|1972567
34593|0xdbce1|4|3841361
34593|0xdbce1|5|7770990
34593|0x2dbce1|6|15576471
34593|0x2dbce1|7|31319907
34593|0xadbce1|8|62700446
34593|0x1adbce1|9|125187185
34593|0x3adbce1|10|250621785
34593|0x3adbce1|11|501068040
34593|0xbadbce1|12|1002636823
34593|0xbadbce1|13|2005522896
34593|0x2badbce1|14|3548146229
34593|0x6badbce1|15|8021468415
34593|0xebadbce1|16|15811284264
34593|0x1ebadbce1|17|28170056494
34593|0x1ebadbce1|18|56632301176
34593|0x1ebadbce1|19|113446187130
34593|0x9ebadbce1|20|218988221909
34593|0x19ebadbce1|21|442350155810
34593|0x39ebadbce1|22|876338395035
34593|0x79ebadbce1|23|1762914362214
34593|0x79ebadbce1|24|3500041973853
34699|0x16823|1|325127
34699|0x36823|2|868186
34699|0x76823|3|1975185
34699|0x76823|4|3825742
34699|0x176823|5|7820867
34699|0x376823|6|15590830
34699|0x376823|7|31364988
34699|0x376823|8|62464424
34699|0x376823|9|125105113
34699|0x2376823|10|211902974
34699|0x6376823|11|500963723
34699|0xe376823|12|893709402
34699|0x1e376823|13|1785938918
34699|0x3e376823|14|3781726143
34699|0x3e376823|15|6578922817
34699|0x3e376823|16|13486875549
34699|0x13e376823|17|28466485330
34699|0x13e376823|18|54969388737
34699|0x53e376823|19|111423902680
34699|0xd3e376823|20|221523396706
34699|0xd3e376823|21|439859862233
34699|0xd3e376823|22|877598793297
34699|0xd3e376823|23|1763933392986
34699|0xd3e376823|24|3497384188248
34815|0x177ff|1|369899
34815|0x377ff|2|910180
34815|0x777ff|3|1951106
34815|0xf77ff|4|3832096
34815|0x1f77ff|5|7700431
34815|0x3f77ff|6|15540784
34815|0x3f77ff|7|34925505
34815|0xbf77ff|8|62274673
34815|0x1bf77ff|9|124805696
34815|0x3bf77ff|10|250029126
34815|0x7bf77ff|11|500272246
34815|0x7bf77ff|12|999988150
34815|0x17bf77ff|13|2000220074
34815|0x37bf77ff|14|3999648091
34815|0x37bf77ff|15|8028112369
34815|0xb7bf77ff|16|14072273260
34815|0x1b7bf77ff|17|27827531504
34815|0x1b7bf77ff|18|56924501941
34815|0x5b7bf77ff|19|110416616280
34815|0xdb7bf77ff|20|219499878251
34815|0x1db7bf77ff|21|440092281738
34815|0x1db7bf77ff|22|876700957636
34815|0x1db7bf77ff|23|1762334229646
34815|0x9db7bf77ff|24|3497511512503
35133|0x19615|1|372331
35133|0x39615|2|890774
35133|0x79615|3|1952040
35133|0x79615|4|3780682
35133|0x79615|5|7637517
35133|0x279615|6|15544411
35133|0x679615|7|31280618
35133|0x679615|8|51248229
35133|0x679615|9|124991663
35133|0x679615|10|250111924
35133|0x679615|11|499916560
35133|0x8679615|12|999637121
35133|0x18679615|13|1784918596
35133|0x18679615|14|3998821087
35133|0x58679615|15|6655559061
35133|0xd8679615|16|15994184008
35133|0x1d8679615|17|28126117759
35133|0x1d8679615|18|58042667972
35133|0x1d8679615|19|109535130045
35133|0x1d8679615|20|219128090287
35133|0x1d8679615|21|442681878856
35133|0x1d8679615|22|876530026883
35133|0x41d8679615|23|1761881020813
35133|0xc1d8679615|24|3499399423427
35243|0x2903|1|372565
35243|0x22903|2|915649
35243|0x62903|3|1748920
35243|0x62903|4|3894256
35243|0x162903|5|7723667
35243|0x162903|6|15618188
35243|0x562903|7|31283369
35243|0xd62903|8|62327711
35243|0x1d62903|9|125148804
35243|0x3d62903|10|249701005
35243|0x7d62903|11|500214885
35243|0xfd62903|12|999859862
35243|0x1fd62903|13|2000350297
35243|0x3fd62903|14|3545960816
35243|0x7fd62903|15|8002971050
35243|0x7fd62903|16|16037656376
35243|0x17fd62903|17|27209991614
35243|0x37fd62903|18|54547199070
35243|0x37fd62903|19|111815851038
35243|0x37fd62903|20|219003796999
35243|0x37fd62903|21|440626398640
35243|0x37fd62903|22|881828124792
35243|0x437fd62903|23|1761506294872
35243|0xc37fd62903|24|3496574721399
35357|0x8835|1|370613
35357|0x8835|2|785937
35357|0x48835|3|1882378
35357|0x48835|4|3788796
35357|0x148835|5|7846501
35357|0x148835|6|15620473
35357|0x548835|7|31181904
35357|0x548835|8|62392319
35357|0x1548835|9|125021969
35357|0x1548835|10|249953827
35357|0x1548835|11|500782959
35357|0x9548835|12|962765884
35357|0x9548835|13|2008361453
35357|0x29548835|14|4016722032
35357|0x69548835|15|6609529388
35357|0xe9548835|16|13773915508
35357|0xe9548835|17|28035325137
35357|0x2e9548835|18|60815278707
35357|0x6e9548835|19|109390141612
35357|0x6e9548835|20|219467992053
35357|0x16e9548835|21|440892165738
35357|0x36e9548835|22|876020191271
35357|0x36e9548835|23|1761968474698
35357|0x36e9548835|24|3497012352088
35471|0x1546f|1|374098
35471|0x3546f|2|794656
35471|0x3546f|3|1866972
35471|0x3546f|4|3790785
35471|0x3546f|5|7833318
35471|0x23546f|6|15649888
35471|0x63546f|7|31228611
35471|0x63546f|8|62422586
35471|0x163546f|9|125134487
35471|0x363546f|10|250015522
35471|0x363546f|11|500263456
35471|0x363546f|12|1000357631
35471|0x1363546f|13|1987776769
35471|0x3363546f|14|3909504517
35471|0x7363546f|15|7140814855
35471|0x7363546f|16|14010956127
35471|0x7363546f|17|27086610473
35471|0x7363546f|18|58226387376
35471|0x47363546f|19|108590692957
35471|0x47363546f|20|220999103169
35471|0x147363546f|21|439786276822
35471|0x347363546f|22|878174788491
35471|0x347363546f|23|1760858565259
35471|0xb47363546f|24|3502052761126
35579|0x1f033|1|373167
35579|0x3f033|2|896088
35579|0x3f033|3|1757945
35579|0xbf033|4|3880593
35579|0x1bf033|5|7657866
35579|0x3bf033|6|15449411
35579|0x7bf033|7|31005249
35579|0x7bf033|8|62067803
35579|0x17bf033|9|127076244
35579|0x17bf033|10|248452645
35579|0x57bf033|11|497291252
35579|0x57bf033|12|994426528
35579|0x157bf033|13|1997796645
35579|0x357bf033|14|3424331567
35579|0x757bf033|15|8024209215
35579|0x757bf033|16|13432135843
35579|0x757bf033|17|32073814344
35579|0x757bf033|18|60534706104
35579|0x757bf033|19|107710384660
35579|0x8757bf033|20|220009656280
35579|0x8757bf033|21|440335278605
35579|0x28757bf033|22|875479106740
35579|0x28757bf033|23|1761348013671
35579|0x28757bf033|24|3495400639876
35693|0x3665|1|373464
35693|0x3665|2|889397
35693|0x3665|3|1740680
35693|0x3665|4|3886022
35693|0x3665|5|7701103
35693|0x203665|6|15448033
35693|0x603665|7|31056050
35693|0xe03665|8|61989826
35693|0x1e03665|9|124101830
35693|0x3e03665|10|248004937
35693|0x7e03665|11|495490397
35693|0xfe03665|12|991597515
35693|0xfe03665|13|1983319330
35693|0xfe03665|14|3966985026
35693|0xfe03665|15|7906732844
35693|0x8fe03665|16|13361617074
35693|0x8fe03665|17|30332426763
35693|0x8fe03665|18|55282982621
35693|0x48fe03665|19|108876337731
35693|0x48fe03665|20|223768096550
35693|0x148fe03665|21|440583900239
35693|0x348fe03665|22|875653753198
35693|0x348fe03665|23|1768354879479
35693|0xb48fe03665|24|3501972857992
35803|0x7853|1|328972
35803|0x7853|2|825355
35803|0x47853|3|1999739
35803|0xc7853|4|3761316
35803|0xc7853|5|7816970
35803|0xc7853|6|15476673
35803|0xc7853|7|31055286
35803|0xc7853|8|62334197
35803|0xc7853|9|124582136
35803|0xc7853|10|248789530
35803|0xc7853|11|498437394
35803|0xc7853|12|995891584
35803|0x100c7853|13|1804969182
35803|0x100c7853|14|3823721961
35803|0x100c7853|15|8039002334
35803|0x900c7853|16|15905417648
35803|0x900c7853|17|29282506711
35803|0x2900c7853|18|60330227757
35803|0x2900c7853|19|109222168487
35803|0xa900c7853|20|220539440922
35803|0xa900c7853|21|440027821495
35803|0xa900c7853|22|875682013100
35803|0x4a900c7853|23|1760626284251
35803|0x4a900c7853|24|3496855826676
