113|0x91|1|13109
113|0x91|2|5816
113|0x91|3|5354
113|0x91|4|7635
113|0x91|5|12519
113|0x91|6|22371
113|0x91|7|42076
113|0x4091|8|82180
113|0xc091|9|160790
113|0x1c091|10|318699
113|0x3c091|11|634151
113|0x3c091|12|1406138
113|0xbc091|13|2707777
113|0x1bc091|14|5360735
113|0x1bc091|15|10427876
113|0x5bc091|16|21292757
113|0xdbc091|17|43338717
113|0x1dbc091|18|104585893
113|0x3dbc091|19|208474006
113|0x7dbc091|20|416411670
113|0xfdbc091|21|835532085
113|0xfdbc091|22|1663095029
113|0xfdbc091|23|3335011630
113|0xfdbc091|24|6636017416
9071|0x1b8f|1|91057
9071|0x9b8f|2|203011
9071|0x9b8f|3|442399
9071|0x9b8f|4|885766
9071|0x9b8f|5|1986956
9071|0x89b8f|6|3647569
9071|0x89b8f|7|7758830
9071|0x89b8f|8|15486868
9071|0x89b8f|9|31314452
9071|0x89b8f|10|62313016
9071|0x1089b8f|11|124063702
9071|0x1089b8f|12|248064262
9071|0x1089b8f|13|485277058
9071|0x1089b8f|14|980915403
9071|0x1089b8f|15|1777272896
9071|0x21089b8f|16|3380195084
9071|0x21089b8f|17|6665459388
9071|0xa1089b8f|18|15358671469
9071|0xa1089b8f|19|32173875723
9071|0x2a1089b8f|20|54926239896
9071|0x2a1089b8f|21|112451558386
9071|0xaa1089b8f|22|222042579976
9071|0xaa1089b8f|23|437907313566
9071|0x2aa1089b8f|24|878941954935
9171|0x2c5b|1|87530
9171|0x2c5b|2|203654
9171|0x12c5b|3|444918
9171|0x12c5b|4|974654
9171|0x12c5b|5|2042804
9171|0x92c5b|6|3903436
9171|0x92c5b|7|7907937
9171|0x292c5b|8|15652217
9171|0x292c5b|9|31499011
9171|0x292c5b|10|62933595
9171|0x1292c5b|11|125361669
9171|0x3292c5b|12|250279420
9171|0x7292c5b|13|501396392
9171|0xf292c5b|14|992012321
9171|0xf292c5b|15|1678336659
9171|0x2f292c5b|16|4044044276
9171|0x2f292c5b|17|7049454733
9171|0xaf292c5b|18|16079362400
9171|0x1af292c5b|19|27360121997
9171|0x3af292c5b|20|55068403525
9171|0x7af292c5b|21|114106904174
9171|0xfaf292c5b|22|224743871900
9171|0xfaf292c5b|23|438243363931
9171|0x2faf292c5b|24|876153310489
10027|0x5f83|1|91025
10027|0x5f83|2|210053
10027|0x15f83|3|436772
10027|0x15f83|4|1027595
10027|0x15f83|5|2047135
10027|0x95f83|6|3851456
10027|0x95f83|7|7779413
10027|0x295f83|8|15629422
10027|0x295f83|9|31345872
10027|0xa95f83|10|62669946
10027|0xa95f83|11|134565037
10027|0x2a95f83|12|261165572
10027|0x2a95f83|13|510265126
10027|0x2a95f83|14|881899830
10027|0x2a95f83|15|1757882229
10027|0x2a95f83|16|3511749900
10027|0x42a95f83|17|6701511573
10027|0x42a95f83|18|13288507340
10027|0x142a95f83|19|28129430988
10027|0x342a95f83|20|57506914914
10027|0x742a95f83|21|109967331680
10027|0x742a95f83|22|219272510781
10027|0x742a95f83|23|437463284984
10027|0x2742a95f83|24|875883710532
10113|0x1881|1|100924
10113|0x1881|2|237298
10113|0x1881|3|496182
10113|0x1881|4|974324
10113|0x1881|5|1783397
10113|0x81881|6|3955531
10113|0x181881|7|7779888
10113|0x381881|8|15600938
10113|0x381881|9|31168178
10113|0x381881|10|62156199
10113|0x381881|11|124340028
10113|0x381881|12|249474262
10113|0x381881|13|503356696
10113|0x8381881|14|1006946275
10113|0x18381881|15|2004933235
10113|0x18381881|16|3431356839
10113|0x58381881|17|8024518870
10113|0x58381881|18|13633059513
10113|0x158381881|19|27303082320
10113|0x358381881|20|55901829458
10113|0x358381881|21|110931902172
10113|0x358381881|22|219089236231
10113|0x358381881|23|437430144882
10113|0x2358381881|24|874568785327
10231|0x49c7|1|103667
10231|0xc9c7|2|241833
10231|0xc9c7|3|454035
10231|0xc9c7|4|882370
10231|0xc9c7|5|1949287
10231|0xc9c7|6|3852359
10231|0xc9c7|7|7982065
10231|0xc9c7|8|15657506
10231|0xc9c7|9|31290530
10231|0x80c9c7|10|63102849
10231|0x180c9c7|11|126006521
10231|0x380c9c7|12|251503262
10231|0x380c9c7|13|504293191
10231|0x380c9c7|14|1005776515
10231|0x380c9c7|15|1856165408
10231|0x380c9c7|16|3570937603
10231|0x380c9c7|17|6807370275
10231|0x380c9c7|18|15485381106
10231|0x380c9c7|19|27440954882
10231|0x380c9c7|20|58439494928
10231|0x40380c9c7|21|109545138626
10231|0xc0380c9c7|22|219812901349
10231|0xc0380c9c7|23|437236589904
10231|0x2c0380c9c7|24|873525167849
11077|0x2f8d|1|109312
11077|0xaf8d|2|191006
11077|0xaf8d|3|490668
11077|0xaf8d|4|1005881
11077|0x4af8d|5|1939803
11077|0x4af8d|6|3887610
11077|0x4af8d|7|7699624
11077|0x4af8d|8|15562208
11077|0x44af8d|9|31125350
11077|0x44af8d|10|61916776
11077|0x44af8d|11|124280413
11077|0x44af8d|12|228643213
11077|0x444af8d|13|496956139
11077|0x444af8d|14|997435313
11077|0x1444af8d|15|1964250497
11077|0x1444af8d|16|3645438396
11077|0x1444af8d|17|7419076367
11077|0x1444af8d|18|13469527371
11077|0x11444af8d|19|28666654740
11077|0x31444af8d|20|58518008883
11077|0x71444af8d|21|109531363822
11077|0x71444af8d|22|218520774844
11077|0x171444af8d|23|437101209249
11077|0x371444af8d|24|873277992314
11171|0x600b|1|90680
11171|0x600b|2|191828
11171|0x1600b|3|429723
11171|0x3600b|4|888086
11171|0x3600b|5|2009148
11171|0xb600b|6|3748631
11171|0xb600b|7|7938580
11171|0x2b600b|8|15500259
11171|0x6b600b|9|31022254
11171|0xeb600b|10|62042242
11171|0x1eb600b|11|124291050
11171|0x3eb600b|12|248588181
11171|0x3eb600b|13|499889869
11171|0xbeb600b|14|1001309805
11171|0xbeb600b|15|2011441646
11171|0x2beb600b|16|4004506802
11171|0x2beb600b|17|8093833249
11171|0xabeb600b|18|14624306147
11171|0xabeb600b|19|27646689381
11171|0x2abeb600b|20|60907839095
11171|0x6abeb600b|21|113029762352
11171|0x6abeb600b|22|224335049056
11171|0x6abeb600b|23|435888194256
11171|0x26abeb600b|24|871424276181
12071|0x5097|1|94195
12071|0x5097|2|195877
12071|0x5097|3|442280
12071|0x5097|4|973170
12071|0x5097|5|2077784
12071|0x85097|6|3963929
12071|0x185097|7|7948161
12071|0x185097|8|15954085
12071|0x185097|9|32105360
12071|0x985097|10|63926437
12071|0x985097|11|128128742
12071|0x2985097|12|255699222
12071|0x6985097|13|510837236
12071|0xe985097|14|1024547842
12071|0x1e985097|15|1882098192
12071|0x3e985097|16|4122970101
12071|0x3e985097|17|8269029267
12071|0xbe985097|18|15275849167
12071|0x1be985097|19|27603734260
12071|0x3be985097|20|57075766851
12071|0x3be985097|21|110066526093
12071|0x3be985097|22|218542962294
12071|0x13be985097|23|435086888773
12071|0x13be985097|24|869911771306
12165|0x714d|1|104854
12165|0x714d|2|223375
12165|0x714d|3|443753
12165|0x714d|4|902832
12165|0x714d|5|1911486
12165|0x8714d|6|3912557
12165|0x18714d|7|7989249
12165|0x18714d|8|15764063
12165|0x18714d|9|31359484
12165|0x98714d|10|62847781
12165|0x98714d|11|125790198
12165|0x98714d|12|250870197
12165|0x498714d|13|501177214
12165|0x498714d|14|1002247216
12165|0x498714d|15|2050812194
12165|0x2498714d|16|4109599699
12165|0x2498714d|17|7141845931
12165|0x2498714d|18|15046952255
12165|0x12498714d|19|27370023580
12165|0x12498714d|20|54767840621
12165|0x12498714d|21|108808500004
12165|0x12498714d|22|217947733673
12165|0x112498714d|23|435861072805
12165|0x312498714d|24|873307605761
12281|0x6249|1|104575
12281|0x6249|2|224028
12281|0x16249|3|506098
12281|0x16249|4|1016242
12281|0x56249|5|1965384
12281|0xd6249|6|4016588
12281|0x1d6249|7|7783642
12281|0x3d6249|8|15900342
12281|0x7d6249|9|31771095
12281|0x7d6249|10|63378283
12281|0x17d6249|11|126834333
12281|0x17d6249|12|253705964
12281|0x17d6249|13|505162822
12281|0x97d6249|14|1007210981
12281|0x97d6249|15|2017706969
12281|0x97d6249|16|4080278598
12281|0x497d6249|17|6993036979
12281|0xc97d6249|18|14702455883
12281|0xc97d6249|19|29939774403
12281|0x2c97d6249|20|56257218038
12281|0x6c97d6249|21|108845951675
12281|0xec97d6249|22|221126657150
12281|0xec97d6249|23|437613852356
12281|0x2ec97d6249|24|871133270776
13129|0x2ef9|1|108969
13129|0x2ef9|2|226310
13129|0x12ef9|3|480190
13129|0x32ef9|4|912363
13129|0x72ef9|5|1890205
13129|0xf2ef9|6|3981260
13129|0x1f2ef9|7|8023603
13129|0x1f2ef9|8|15883377
13129|0x5f2ef9|9|31712293
13129|0xdf2ef9|10|63571980
13129|0xdf2ef9|11|127063918
13129|0x2df2ef9|12|254883618
13129|0x2df2ef9|13|512825950
13129|0xadf2ef9|14|1030558654
13129|0x1adf2ef9|15|2066021198
13129|0x3adf2ef9|16|4066813796
13129|0x7adf2ef9|17|6967748039
13129|0xfadf2ef9|18|15662494302
13129|0xfadf2ef9|19|27438422571
13129|0x2fadf2ef9|20|54207238215
13129|0x6fadf2ef9|21|109626805783
13129|0xefadf2ef9|22|222022331294
13129|0xefadf2ef9|23|443369171657
13129|0xefadf2ef9|24|870519040240
13239|0x1a07|1|109463
13239|0x1a07|2|226811
13239|0x1a07|3|483720
13239|0x21a07|4|1012098
13239|0x21a07|5|2053343
13239|0x21a07|6|4015535
13239|0x121a07|7|8021596
13239|0x321a07|8|16160767
13239|0x321a07|9|32358823
13239|0x321a07|10|64655599
13239|0x1321a07|11|129229211
13239|0x3321a07|12|258954149
13239|0x7321a07|13|518007866
13239|0x7321a07|14|1033326050
13239|0x7321a07|15|1859767587
13239|0x27321a07|16|3441778285
13239|0x27321a07|17|7495221492
13239|0x27321a07|18|14388655355
13239|0x127321a07|19|27573766036
13239|0x327321a07|20|56352548292
13239|0x327321a07|21|109643453909
13239|0x327321a07|22|220661797102
13239|0x1327321a07|23|436015769724
13239|0x1327321a07|24|869709478654
14065|0x7a11|1|110668
14065|0xfa11|2|240920
14065|0x1fa11|3|435594
14065|0x1fa11|4|913468
14065|0x5fa11|5|1984599
14065|0x5fa11|6|3973285
14065|0x5fa11|7|8186538
14065|0x25fa11|8|16011916
14065|0x25fa11|9|32153054
14065|0xa5fa11|10|64371179
14065|0x1a5fa11|11|129375723
14065|0x1a5fa11|12|259133010
14065|0x1a5fa11|13|493205859
14065|0x1a5fa11|14|1023948567
14065|0x11a5fa11|15|1785075350
14065|0x31a5fa11|16|3995258882
14065|0x71a5fa11|17|8358369413
14065|0x71a5fa11|18|14252693700
14065|0x71a5fa11|19|26941007284
14065|0x71a5fa11|20|57406415140
14065|0x471a5fa11|21|110791860575
14065|0xc71a5fa11|22|219718023969
14065|0x1c71a5fa11|23|436375504635
14065|0x1c71a5fa11|24|868048685652
14195|0x45bb|1|109603
14195|0xc5bb|2|365634
14195|0xc5bb|3|451363
14195|0xc5bb|4|916606
14195|0x4c5bb|5|2069576
14195|0x4c5bb|6|3956177
14195|0x4c5bb|7|8114803
14195|0x24c5bb|8|16061062
14195|0x24c5bb|9|32365474
14195|0x24c5bb|10|64542855
14195|0x124c5bb|11|129352419
14195|0x324c5bb|12|257966883
14195|0x324c5bb|13|516866965
14195|0x324c5bb|14|1034430436
14195|0x1324c5bb|15|2010665798
14195|0x1324c5bb|16|3362981881
14195|0x1324c5bb|17|8393773250
14195|0x9324c5bb|18|13751931071
14195|0x19324c5bb|19|27232559583
14195|0x39324c5bb|20|55390035500
14195|0x39324c5bb|21|108551735548
14195|0xb9324c5bb|22|220914532118
14195|0x1b9324c5bb|23|433347100154
14195|0x1b9324c5bb|24|867638192635
14285|0xd05|1|97715
14285|0x8d05|2|355319
14285|0x18d05|3|439893
14285|0x38d05|4|987633
14285|0x78d05|5|2117766
14285|0xf8d05|6|3960779
14285|0xf8d05|7|8021554
14285|0xf8d05|8|16127666
14285|0x4f8d05|9|32271006
14285|0x4f8d05|10|64924191
14285|0x14f8d05|11|130708187
14285|0x14f8d05|12|261260512
14285|0x54f8d05|13|519432712
14285|0xd4f8d05|14|846614545
14285|0xd4f8d05|15|1868159486
14285|0xd4f8d05|16|3330046560
14285|0x4d4f8d05|17|6786890370
14285|0x4d4f8d05|18|13592042452
14285|0x4d4f8d05|19|27314535486
14285|0x24d4f8d05|20|54191829364
14285|0x64d4f8d05|21|109052392721
14285|0xe4d4f8d05|22|219754123000
14285|0x1e4d4f8d05|23|438897236262
14285|0x3e4d4f8d05|24|869107383147
15069|0x6d75|1|99007
15069|0x6d75|2|378867
15069|0x16d75|3|449159
15069|0x16d75|4|923992
15069|0x16d75|5|2105901
15069|0x96d75|6|3943240
15069|0x196d75|7|8107917
15069|0x196d75|8|14072121
15069|0x596d75|9|32368820
15069|0x596d75|10|64737878
15069|0x596d75|11|129270222
15069|0x596d75|12|239891433
15069|0x596d75|13|471403680
15069|0x596d75|14|1036582882
15069|0x10596d75|15|2076866219
15069|0x30596d75|16|4140991585
15069|0x30596d75|17|6684075370
15069|0x30596d75|18|13216270209
15069|0x30596d75|19|29724817726
15069|0x230596d75|20|55394751081
15069|0x230596d75|21|111885718761
15069|0xa30596d75|22|216366775623
15069|0xa30596d75|23|433896902663
15069|0xa30596d75|24|866849867978
15167|0x34bf|1|112409
15167|0x34bf|2|432293
15167|0x134bf|3|512030
15167|0x134bf|4|1030135
15167|0x534bf|5|1982853
15167|0x534bf|6|4165284
15167|0x1534bf|7|8304104
15167|0x3534bf|8|16364739
15167|0x7534bf|9|32986442
15167|0x7534bf|10|66206742
15167|0x7534bf|11|132035152
15167|0x7534bf|12|264254067
15167|0x7534bf|13|528524782
15167|0x7534bf|14|1051830722
15167|0x7534bf|15|2098847917
15167|0x207534bf|16|3541718760
15167|0x207534bf|17|7181487150
15167|0x207534bf|18|14033281433
15167|0x1207534bf|19|28994167421
15167|0x3207534bf|20|54174836763
15167|0x3207534bf|21|108123537481
15167|0x3207534bf|22|216993482241
15167|0x3207534bf|23|432725786131
15167|0x3207534bf|24|870323250815
15291|0x5173|1|98977
15291|0x5173|2|227966
15291|0x15173|3|452485
15291|0x15173|4|994931
15291|0x55173|5|2116641
15291|0xd5173|6|4018519
15291|0xd5173|7|8051511
15291|0xd5173|8|16296118
15291|0xd5173|9|32650211
15291|0x8d5173|10|65028331
15291|0x18d5173|11|130171247
15291|0x18d5173|12|260382210
15291|0x58d5173|13|462675449
15291|0x58d5173|14|1048571707
15291|0x58d5173|15|1785160228
15291|0x258d5173|16|3575995806
15291|0x258d5173|17|8381974624
15291|0x258d5173|18|14966253852
15291|0x1258d5173|19|27102427504
15291|0x3258d5173|20|54762001629
15291|0x7258d5173|21|110340900738
15291|0x7258d5173|22|217739204474
15291|0x7258d5173|23|433653144811
15291|0x27258d5173|24|874454135464
16049|0x4a51|1|114034
16049|0x4a51|2|416144
16049|0x14a51|3|460947
16049|0x14a51|4|927082
16049|0x54a51|5|2135012
16049|0xd4a51|6|4034616
16049|0x1d4a51|7|8276700
16049|0x1d4a51|8|16349995
16049|0x5d4a51|9|33026014
16049|0xdd4a51|10|65917813
16049|0x1dd4a51|11|132140775
16049|0x3dd4a51|12|263873047
16049|0x7dd4a51|13|525371402
16049|0xfdd4a51|14|1053178487
16049|0x1fdd4a51|15|2088508801
16049|0x3fdd4a51|16|3521085623
16049|0x7fdd4a51|17|7627716079
16049|0x7fdd4a51|18|13585993921
16049|0x7fdd4a51|19|30434960854
16049|0x7fdd4a51|20|53839214463
16049|0x7fdd4a51|21|107881926823
16049|0x7fdd4a51|22|216437109895
16049|0x107fdd4a51|23|436126827934
16049|0x307fdd4a51|24|863188278178
16145|0x11f1|1|112207
16145|0x91f1|2|451443
16145|0x91f1|3|535744
16145|0x91f1|4|929369
16145|0x491f1|5|2042084
16145|0xc91f1|6|4232428
16145|0xc91f1|7|8171368
16145|0xc91f1|8|16727477
16145|0x4c91f1|9|33292487
16145|0x4c91f1|10|66838267
16145|0x14c91f1|11|133478958
16145|0x34c91f1|12|266738594
16145|0x34c91f1|13|446376854
16145|0x34c91f1|14|1068941940
16145|0x134c91f1|15|1708552303
16145|0x334c91f1|16|4280994860
16145|0x734c91f1|17|6905096222
16145|0xf34c91f1|18|14226799900
16145|0xf34c91f1|19|26803458728
16145|0xf34c91f1|20|56095812054
16145|0xf34c91f1|21|120414702320
16145|0xf34c91f1|22|215878083668
16145|0x10f34c91f1|23|434672271935
16145|0x10f34c91f1|24|864020961974
16271|0x7f6f|1|111708
16271|0xff6f|2|439932
16271|0x1ff6f|3|524504
16271|0x3ff6f|4|1075256
16271|0x3ff6f|5|1957280
16271|0xbff6f|6|4234019
16271|0x1bff6f|7|8352769
16271|0x1bff6f|8|16507804
16271|0x1bff6f|9|33254817
16271|0x9bff6f|10|66740092
16271|0x19bff6f|11|133049467
16271|0x39bff6f|12|266538799
16271|0x39bff6f|13|532401008
16271|0xb9bff6f|14|1030137072
16271|0xb9bff6f|15|2144677640
16271|0x2b9bff6f|16|4236379205
16271|0x6b9bff6f|17|8471379445
16271|0xeb9bff6f|18|15116687569
16271|0x1eb9bff6f|19|27607521470
16271|0x3eb9bff6f|20|55060689387
16271|0x7eb9bff6f|21|107735957546
16271|0xfeb9bff6f|22|218191827352
16271|0xfeb9bff6f|23|433347216332
16271|0x2feb9bff6f|24|862560097321
16759|0xe847|1|403243
16759|0xe847|2|656140
16759|0x2e847|3|997226
16759|0x6e847|4|1985276
16759|0x6e847|5|3858138
16759|0x16e847|6|7912689
16759|0x36e847|7|15892806
16759|0x36e847|8|31524886
16759|0xb6e847|9|63267744
16759|0xb6e847|10|126533902
16759|0x2b6e847|11|253333498
16759|0x6b6e847|12|506167406
16759|0x6b6e847|13|1010062740
16759|0x16b6e847|14|2024746388
16759|0x16b6e847|15|3469314679
16759|0x16b6e847|16|7232386223
16759|0x16b6e847|17|16049399053
16759|0x116b6e847|18|28801034345
16759|0x316b6e847|19|57263521123
16759|0x716b6e847|20|110860766813
16759|0x716b6e847|21|229204475039
16759|0x1716b6e847|22|469132698368
16759|0x1716b6e847|23|895455366776
16759|0x1716b6e847|24|1804716059477
16897|0xbe01|1|190466
16897|0x1be01|2|458998
16897|0x3be01|3|919504
16897|0x3be01|4|1884841
16897|0x3be01|5|4068223
16897|0x3be01|6|7997199
16897|0x3be01|7|15948738
16897|0x3be01|8|31805416
16897|0x3be01|9|63750468
16897|0x103be01|10|127224365
16897|0x103be01|11|254857275
16897|0x103be01|12|509185485
16897|0x903be01|13|1020313852
16897|0x903be01|14|2024045028
16897|0x903be01|15|4047192630
16897|0x903be01|16|8086038742
16897|0x903be01|17|13561272033
16897|0x10903be01|18|29220902291
16897|0x10903be01|19|56977723475
16897|0x50903be01|20|125719036885
16897|0xd0903be01|21|223744123595
16897|0xd0903be01|22|445228104892
16897|0x2d0903be01|23|865120169372
16897|0x2d0903be01|24|1762008596534
16997|0x9f6d|1|190555
16997|0x19f6d|2|466807
16997|0x39f6d|3|974313
16997|0x39f6d|4|2002445
16997|0xb9f6d|5|3831850
16997|0x1b9f6d|6|7911969
16997|0x1b9f6d|7|15854748
16997|0x1b9f6d|8|31472137
16997|0x1b9f6d|9|63273558
16997|0x1b9f6d|10|126443105
16997|0x21b9f6d|11|240828671
16997|0x61b9f6d|12|487946659
16997|0xe1b9f6d|13|912717283
16997|0x1e1b9f6d|14|2039890135
16997|0x1e1b9f6d|15|3403672420
16997|0x1e1b9f6d|16|6816529910
16997|0x1e1b9f6d|17|13918934715
16997|0x11e1b9f6d|18|28784330775
16997|0x11e1b9f6d|19|55228594829
16997|0x51e1b9f6d|20|111825579630
16997|0xd1e1b9f6d|21|222467951415
16997|0x1d1e1b9f6d|22|443995982083
16997|0x1d1e1b9f6d|23|865054003642
16997|0x5d1e1b9f6d|24|1755481686667
17113|0x1d69|1|190773
17113|0x1d69|2|445610
17113|0x21d69|3|996655
17113|0x21d69|4|2008399
17113|0x21d69|5|3894846
17113|0x21d69|6|7959495
17113|0x221d69|7|15941981
17113|0x221d69|8|31910159
17113|0xa21d69|9|63768669
17113|0x1a21d69|10|127496380
17113|0x3a21d69|11|254610977
17113|0x3a21d69|12|509407847
17113|0x3a21d69|13|1019305943
17113|0x3a21d69|14|2037099318
17113|0x23a21d69|15|3591487546
17113|0x23a21d69|16|8036552502
17113|0x23a21d69|17|14213936845
17113|0x23a21d69|18|27595585738
17113|0x223a21d69|19|56791112680
17113|0x223a21d69|20|113263664485
17113|0x223a21d69|21|221635001400
17113|0x223a21d69|22|443082818607
17113|0x223a21d69|23|865411368994
17113|0x223a21d69|24|1758337353891
17241|0xd4e9|1|188165
17241|0x1d4e9|2|446962
17241|0x1d4e9|3|979580
17241|0x5d4e9|4|1974888
17241|0x5d4e9|5|3943568
17241|0x5d4e9|6|7951120
17241|0x5d4e9|7|15952165
17241|0x45d4e9|8|31729260
17241|0x45d4e9|9|63821163
17241|0x145d4e9|10|127393243
17241|0x145d4e9|11|254951781
17241|0x145d4e9|12|510043299
17241|0x945d4e9|13|1020551612
17241|0x945d4e9|14|2028833326
17241|0x945d4e9|15|4054327374
17241|0x945d4e9|16|8067526054
17241|0x8945d4e9|17|16225226288
17241|0x18945d4e9|18|27719191214
17241|0x38945d4e9|19|56450161282
17241|0x38945d4e9|20|113053805651
17241|0xb8945d4e9|21|222854260584
17241|0x1b8945d4e9|22|443221711341
17241|0x1b8945d4e9|23|872092638930
17241|0x1b8945d4e9|24|1758476509890
17337|0xd289|1|191230
17337|0xd289|2|447742
17337|0x2d289|3|981497
17337|0x6d289|4|1836812
17337|0xed289|5|4067775
17337|0x1ed289|6|6516125
17337|0x3ed289|7|15900785
17337|0x3ed289|8|31759940
17337|0xbed289|9|63966571
17337|0x1bed289|10|127487812
17337|0x1bed289|11|255985616
17337|0x5bed289|12|509530371
17337|0xdbed289|13|1037403402
17337|0xdbed289|14|2044460904
17337|0x2dbed289|15|4084162653
17337|0x2dbed289|16|8102787146
17337|0x2dbed289|17|16249642317
17337|0x2dbed289|18|27127818447
17337|0x22dbed289|19|55974079714
17337|0x62dbed289|20|125751115784
17337|0x62dbed289|21|223198105661
17337|0x162dbed289|22|445346807889
17337|0x162dbed289|23|865018995307
17337|0x162dbed289|24|1754995872589
17845|0x409d|1|193467
17845|0x409d|2|438227
17845|0x409d|3|873660
17845|0x409d|4|1977505
17845|0x8409d|5|4069182
17845|0x8409d|6|7946709
17845|0x8409d|7|15868536
17845|0x48409d|8|32060954
17845|0xc8409d|9|64105330
17845|0x1c8409d|10|127903253
17845|0x1c8409d|11|255414798
17845|0x5c8409d|12|511377180
17845|0x5c8409d|13|1022156188
17845|0x15c8409d|14|2045471767
17845|0x35c8409d|15|3418093297
17845|0x35c8409d|16|6724573366
17845|0x35c8409d|17|13498678571
17845|0x135c8409d|18|28194679705
17845|0x335c8409d|19|55651161188
17845|0x735c8409d|20|114958740255
17845|0xf35c8409d|21|223651014202
17845|0xf35c8409d|22|443617630254
17845|0xf35c8409d|23|870840384022
17845|0x4f35c8409d|24|1751803832557
17947|0x2413|1|169101
17947|0x12413|2|399572
17947|0x12413|3|1002560
17947|0x52413|4|2026023
17947|0xd2413|5|3998317
17947|0xd2413|6|7921453
17947|0xd2413|7|15947752
17947|0x4d2413|8|32081683
17947|0x4d2413|9|63975040
17947|0x4d2413|10|128067050
17947|0x4d2413|11|256507612
17947|0x4d2413|12|512463287
17947|0x4d2413|13|1024928627
17947|0x4d2413|14|1956467514
17947|0x204d2413|15|3721414375
17947|0x204d2413|16|7039641340
17947|0xa04d2413|17|15462277387
17947|0xa04d2413|18|27989701212
17947|0x2a04d2413|19|55774425356
17947|0x6a04d2413|20|111403860590
17947|0xea04d2413|21|225847880544
17947|0xea04d2413|22|444042953494
17947|0x2ea04d2413|23|866065526703
17947|0x6ea04d2413|24|1761590176912
18063|0x186f|1|169946
18063|0x186f|2|433577
18063|0x186f|3|995477
18063|0x4186f|4|2022805
18063|0xc186f|5|3938899
18063|0x1c186f|6|7979605
18063|0x3c186f|7|16036948
18063|0x7c186f|8|27294379
18063|0x7c186f|9|64017299
18063|0x7c186f|10|128056662
18063|0x7c186f|11|256218857
18063|0x47c186f|12|512136131
18063|0x47c186f|13|1025472955
18063|0x147c186f|14|1771109384
18063|0x347c186f|15|4099093640
18063|0x747c186f|16|6805787178
18063|0x747c186f|17|15448391280
18063|0x1747c186f|18|27702698710
18063|0x3747c186f|19|55282130223
18063|0x3747c186f|20|110839749496
18063|0xb747c186f|21|224784919997
18063|0xb747c186f|22|442642994536
18063|0xb747c186f|23|866532254403
18063|0x4b747c186f|24|1758665568983
18185|0x7739|1|192728
18185|0x17739|2|454628
18185|0x37739|3|999995
18185|0x37739|4|1990218
18185|0x37739|5|3912157
18185|0x137739|6|7976103
18185|0x137739|7|16004727
18185|0x537739|8|32037837
18185|0x537739|9|63891603
18185|0x1537739|10|128114543
18185|0x3537739|11|256134167
18185|0x7537739|12|511689443
18185|0xf537739|13|1024537100
18185|0x1f537739|14|2048779165
18185|0x1f537739|15|3431828128
18185|0x5f537739|16|8190292223
18185|0xdf537739|17|13560182944
18185|0xdf537739|18|28465594860
18185|0xdf537739|19|57245679051
18185|0xdf537739|20|108254545424
18185|0x8df537739|21|218005741054
18185|0x8df537739|22|449054465845
18185|0x8df537739|23|871171664994
18185|0x48df537739|24|1754616730133
18283|0xad43|1|193329
18283|0xad43|2|455254
18283|0x2ad43|3|1002138
18283|0x6ad43|4|1857751
18283|0xead43|5|4055703
18283|0x1ead43|6|7997613
18283|0x3ead43|7|15940234
18283|0x7ead43|8|31928699
18283|0x7ead43|9|64097107
18283|0x17ead43|10|128109891
18283|0x37ead43|11|256492278
18283|0x37ead43|12|512318257
18283|0xb7ead43|13|1025090814
18283|0x1b7ead43|14|2049499523
18283|0x3b7ead43|15|3387626637
18283|0x3b7ead43|16|6804662542
18283|0x3b7ead43|17|13616076838
18283|0x13b7ead43|18|28785012563
18283|0x13b7ead43|19|61632820298
18283|0x53b7ead43|20|112675918215
18283|0x53b7ead43|21|226633213647
18283|0x153b7ead43|22|454218475732
18283|0x353b7ead43|23|873508316310
18283|0x753b7ead43|24|1754196279692
18407|0xdbd7|1|193207
18407|0x1dbd7|2|479234
18407|0x3dbd7|3|1002956
18407|0x7dbd7|4|2019415
18407|0x7dbd7|5|3915481
18407|0x17dbd7|6|7963280
18407|0x17dbd7|7|16003701
18407|0x17dbd7|8|31925209
18407|0x97dbd7|9|63995944
18407|0x197dbd7|10|128190724
18407|0x397dbd7|11|256566023
18407|0x797dbd7|12|513316088
18407|0xf97dbd7|13|1026055494
18407|0x1f97dbd7|14|2045884827
18407|0x3f97dbd7|15|3799756729
18407|0x3f97dbd7|16|8203320454
18407|0xbf97dbd7|17|16388154174
18407|0xbf97dbd7|18|30152557092
18407|0xbf97dbd7|19|54291383353
18407|0xbf97dbd7|20|109759271193
18407|0xbf97dbd7|21|230192594775
18407|0x10bf97dbd7|22|441935271922
18407|0x10bf97dbd7|23|876120296308
18407|0x50bf97dbd7|24|1753522215728
18887|0xa7f7|1|170716
18887|0xa7f7|2|405787
18887|0xa7f7|3|963914
18887|0xa7f7|4|2008733
18887|0x8a7f7|5|3945127
18887|0x8a7f7|6|7949052
18887|0x28a7f7|7|16084942
18887|0x28a7f7|8|32134567
18887|0xa8a7f7|9|64069038
18887|0x1a8a7f7|10|128419185
18887|0x3a8a7f7|11|259572230
18887|0x3a8a7f7|12|477027627
18887|0x3a8a7f7|13|1027115940
18887|0x13a8a7f7|14|1785732087
18887|0x33a8a7f7|15|4103018693
18887|0x73a8a7f7|16|7622953523
18887|0x73a8a7f7|17|16438032532
18887|0x173a8a7f7|18|28606759963
18887|0x173a8a7f7|19|59819303033
18887|0x573a8a7f7|20|111775167115
18887|0xd73a8a7f7|21|225205054840
18887|0x1d73a8a7f7|22|445344547115
18887|0x3d73a8a7f7|23|869094496136
18887|0x7d73a8a7f7|24|1753154729613
19001|0x8409|1|191827
19001|0x8409|2|461290
19001|0x8409|3|966052
19001|0x8409|4|1993417
19001|0x88409|5|3907056
19001|0x188409|6|8040361
19001|0x388409|7|16047519
19001|0x788409|8|32225716
19001|0x788409|9|64220491
19001|0x1788409|10|128353786
19001|0x3788409|11|256836439
19001|0x7788409|12|513905443
19001|0x7788409|13|1027559282
19001|0x7788409|14|2037751325
19001|0x7788409|15|3670184489
19001|0x7788409|16|8220951658
19001|0x87788409|17|15956899559
19001|0x187788409|18|31755797822
19001|0x187788409|19|54470288998
19001|0x187788409|20|110517333818
19001|0x187788409|21|218250233997
19001|0x187788409|22|441885753054
19001|0x187788409|23|881548306168
19001|0x187788409|24|1753689923912
19117|0xa925|1|194406
19117|0x1a925|2|462316
19117|0x1a925|3|992516
19117|0x5a925|4|1897526
19117|0xda925|5|4035902
19117|0xda925|6|7984529
19117|0x2da925|7|16039233
19117|0x6da925|8|32013563
19117|0x6da925|9|64210480
19117|0x16da925|10|128401322
19117|0x36da925|11|256750156
19117|0x76da925|12|514639481
19117|0xf6da925|13|1028841816
19117|0xf6da925|14|2049937928
19117|0x2f6da925|15|4111067580
19117|0x6f6da925|16|7480612787
19117|0x6f6da925|17|14134911948
19117|0x16f6da925|18|27357904182
19117|0x36f6da925|19|62317636167
19117|0x36f6da925|20|108942068439
19117|0xb6f6da925|21|218514362621
19117|0x1b6f6da925|22|442954425406
19117|0x1b6f6da925|23|871178816389
19117|0x5b6f6da925|24|1757803942687
19221|0xac3d|1|172378
19221|0xac3d|2|407688
19221|0xac3d|3|886881
19221|0x4ac3d|4|2012443
19221|0xcac3d|5|4036329
19221|0xcac3d|6|7918102
19221|0xcac3d|7|16031176
19221|0xcac3d|8|32161230
19221|0x8cac3d|9|64360365
19221|0x8cac3d|10|128668149
19221|0x28cac3d|11|257226774
19221|0x68cac3d|12|514302397
19221|0x68cac3d|13|1027808041
19221|0x68cac3d|14|1975006467
19221|0x68cac3d|15|4114281070
19221|0x468cac3d|16|7593190438
19221|0x468cac3d|17|14158933587
19221|0x1468cac3d|18|29258819109
19221|0x3468cac3d|19|56392606638
19221|0x3468cac3d|20|109892087748
19221|0x3468cac3d|21|219178754776
19221|0x13468cac3d|22|441239190295
19221|0x13468cac3d|23|871532918761
19221|0x53468cac3d|24|1756636843016
19341|0xef45|1|195160
19341|0x1ef45|2|464022
19341|0x3ef45|3|972372
19341|0x7ef45|4|2025382
19341|0xfef45|5|3982331
19341|0xfef45|6|8039641
19341|0x2fef45|7|16082446
19341|0x2fef45|8|32141877
19341|0xafef45|9|64184906
19341|0xafef45|10|128532673
19341|0xafef45|11|250973345
19341|0x4afef45|12|514887774
19341|0x4afef45|13|1029009006
19341|0x4afef45|14|2047011006
19341|0x24afef45|15|3947593913
19341|0x64afef45|16|7118084739
19341|0x64afef45|17|14707184706
19341|0x164afef45|18|27230339369
19341|0x164afef45|19|59794303149
19341|0x564afef45|20|114690728907
19341|0xd64afef45|21|228731320613
19341|0xd64afef45|22|444129712504
19341|0x2d64afef45|23|869620123530
19341|0x2d64afef45|24|1754061637683
19457|0xb401|1|171728
19457|0x1b401|2|409349
19457|0x3b401|3|954559
19457|0x7b401|4|2012625
19457|0xfb401|5|4052145
19457|0xfb401|6|7993252
19457|0xfb401|7|16087085
19457|0xfb401|8|32353415
19457|0x8fb401|9|64236168
19457|0x8fb401|10|128696031
19457|0x28fb401|11|257479228
19457|0x68fb401|12|514984338
19457|0x68fb401|13|1029340324
19457|0x168fb401|14|2037161043
19457|0x168fb401|15|4117506074
19457|0x568fb401|16|8235498455
19457|0x568fb401|17|13969198841
19457|0x1568fb401|18|29782647720
19457|0x1568fb401|19|57485443415
19457|0x5568fb401|20|116269684509
19457|0xd568fb401|21|218624991721
19457|0xd568fb401|22|441221459270
19457|0xd568fb401|23|877395924784
19457|0x4d568fb401|24|1758123200214
19949|0x17e5|1|195709
19949|0x17e5|2|468890
19949|0x217e5|3|984208
19949|0x217e5|4|1887910
19949|0x217e5|5|4102867
19949|0x217e5|6|8049001
19949|0x2217e5|7|16067889
19949|0x6217e5|8|32137850
19949|0x6217e5|9|64205200
19949|0x6217e5|10|128754735
19949|0x6217e5|11|242264014
19949|0x46217e5|12|505946020
19949|0x46217e5|13|1031261947
19949|0x146217e5|14|1722983224
19949|0x346217e5|15|3641604611
19949|0x346217e5|16|8207313626
19949|0x346217e5|17|15101060484
19949|0x346217e5|18|28524470774
19949|0x2346217e5|19|54073794157
19949|0x6346217e5|20|111682350199
19949|0x6346217e5|21|220230460382
19949|0x6346217e5|22|447116286916
19949|0x6346217e5|23|868934232691
19949|0x6346217e5|24|1753563047702
20069|0xb36d|1|196750
20069|0xb36d|2|424588
20069|0x2b36d|3|867950
20069|0x6b36d|4|1964175
20069|0x6b36d|5|4080802
20069|0x16b36d|6|7891555
20069|0x36b36d|7|15916373
20069|0x76b36d|8|31938948
20069|0xf6b36d|9|63640392
20069|0xf6b36d|10|127520332
20069|0xf6b36d|11|255067611
20069|0x4f6b36d|12|510828448
20069|0x4f6b36d|13|1021289530
20069|0x4f6b36d|14|2042759501
20069|0x24f6b36d|15|3474990412
20069|0x64f6b36d|16|6936602227
20069|0x64f6b36d|17|14217310145
20069|0x164f6b36d|18|27126603542
20069|0x164f6b36d|19|65086968377
20069|0x164f6b36d|20|109289692339
20069|0x164f6b36d|21|217819238349
20069|0x1164f6b36d|22|440723905582
20069|0x3164f6b36d|23|868365422469
20069|0x7164f6b36d|24|1753083443597
20171|0x26e3|1|196513
20171|0x26e3|2|468546
20171|0x26e3|3|986222
20171|0x26e3|4|1951455
20171|0x826e3|5|3926996
20171|0x1826e3|6|7984815
20171|0x1826e3|7|15940839
20171|0x1826e3|8|31944643
20171|0x1826e3|9|63940294
20171|0x11826e3|10|127799645
20171|0x31826e3|11|256047289
20171|0x31826e3|12|511503084
20171|0x31826e3|13|1022515588
20171|0x131826e3|14|2046062257
20171|0x131826e3|15|4090047441
20171|0x131826e3|16|8126611859
20171|0x931826e3|17|16247532452
20171|0x931826e3|18|32859246936
20171|0x2931826e3|19|59333747417
20171|0x6931826e3|20|118249692969
20171|0xe931826e3|21|220469473091
20171|0xe931826e3|22|440869923270
20171|0x2e931826e3|23|868555830893
20171|0x6e931826e3|24|1751863235429
20289|0x40c1|1|196478
20289|0x40c1|2|471874
20289|0x40c1|3|929367
20289|0x440c1|4|1879384
20289|0x440c1|5|4072656
20289|0x1440c1|6|7947989
20289|0x3440c1|7|15868972
20289|0x7440c1|8|32173300
20289|0xf440c1|9|63981857
20289|0xf440c1|10|127730309
20289|0x2f440c1|11|256134167
20289|0x2f440c1|12|511825594
20289|0x2f440c1|13|1023727080
20289|0x2f440c1|14|2047438137
20289|0x22f440c1|15|3801433614
20289|0x62f440c1|16|6868173082
20289|0xe2f440c1|17|16256528571
20289|0x1e2f440c1|18|28021436159
20289|0x1e2f440c1|19|63965143952
20289|0x5e2f440c1|20|115885971700
20289|0xde2f440c1|21|229867701193
20289|0x1de2f440c1|22|443502437468
20289|0x3de2f440c1|23|869947728731
20289|0x7de2f440c1|24|1751419147371
20401|0x9951|1|173230
20401|0x9951|2|416031
20401|0x29951|3|883524
20401|0x69951|4|1996511
20401|0x69951|5|3881929
20401|0x69951|6|7973463
20401|0x269951|7|15978107
20401|0x269951|8|31714415
20401|0x269951|9|63347748
20401|0x269951|10|127471489
20401|0x269951|11|240042376
20401|0x4269951|12|507894228
20401|0xc269951|13|1015915731
20401|0x1c269951|14|2032743934
20401|0x3c269951|15|4066114504
20401|0x3c269951|16|6786713960
20401|0xbc269951|17|13757094645
20401|0xbc269951|18|32307767766
20401|0x2bc269951|19|56442409119
20401|0x6bc269951|20|120479263056
20401|0xebc269951|21|220938043872
20401|0xebc269951|22|446704169868
20401|0xebc269951|23|867839367782
20401|0x4ebc269951|24|1749298777481
20883|0x749b|1|173866
20883|0x749b|2|419625
20883|0x749b|3|936666
20883|0x749b|4|2015279
20883|0x8749b|5|3869300
20883|0x8749b|6|7911322
20883|0x8749b|7|15752126
20883|0x48749b|8|31570711
20883|0xc8749b|9|63248802
20883|0xc8749b|10|126314719
20883|0xc8749b|11|252431200
20883|0xc8749b|12|505014535
20883|0xc8749b|13|1010084507
20883|0xc8749b|14|1819807494
20883|0x20c8749b|15|3746985742
20883|0x60c8749b|16|8081913275
20883|0x60c8749b|17|16162675935
20883|0x160c8749b|18|27096736405
20883|0x360c8749b|19|53989410382
20883|0x360c8749b|20|109277399559
20883|0x360c8749b|21|220256814972
20883|0x1360c8749b|22|441273398070
20883|0x1360c8749b|23|868539282339
20883|0x5360c8749b|24|1750579673747
21001|0xdc39|1|197592
21001|0xdc39|2|477646
21001|0x2dc39|3|1014768
21001|0x6dc39|4|1968419
21001|0xedc39|5|3906248
21001|0x1edc39|6|7766442
21001|0x3edc39|7|15829670
21001|0x7edc39|8|31679067
21001|0x7edc39|9|63036614
21001|0x17edc39|10|126326314
21001|0x17edc39|11|252641182
21001|0x17edc39|12|505716227
21001|0x17edc39|13|1010875255
21001|0x117edc39|14|2022720764
21001|0x117edc39|15|4044409595
21001|0x517edc39|16|8090345780
21001|0xd17edc39|17|13182810210
21001|0xd17edc39|18|32271325452
21001|0x2d17edc39|19|62178192941
21001|0x6d17edc39|20|110040945707
21001|0xed17edc39|21|219435867052
21001|0xed17edc39|22|440763498289
21001|0x2ed17edc39|23|869088271244
21001|0x6ed17edc39|24|1753765161342
21117|0x36d5|1|174339
21117|0x136d5|2|421166
21117|0x136d5|3|887213
21117|0x136d5|4|2030803
21117|0x936d5|5|3837374
21117|0x1936d5|6|7908414
21117|0x3936d5|7|15734271
21117|0x3936d5|8|31488133
21117|0xb936d5|9|63199007
21117|0xb936d5|10|125931396
21117|0x2b936d5|11|252152482
21117|0x2b936d5|12|417227117
21117|0xab936d5|13|825616684
21117|0x1ab936d5|14|2018392510
21117|0x3ab936d5|15|4037438301
21117|0x3ab936d5|16|7447208101
21117|0x3ab936d5|17|16149272855
21117|0x3ab936d5|18|26555860002
21117|0x3ab936d5|19|56673574253
21117|0x43ab936d5|20|116912941580
21117|0x43ab936d5|21|219892135180
21117|0x43ab936d5|22|441733421781
21117|0x243ab936d5|23|868537921303
21117|0x243ab936d5|24|1750297731904
21225|0xa559|1|196810
21225|0x1a559|2|454763
21225|0x3a559|3|905571
21225|0x3a559|4|1942370
21225|0xba559|5|3865466
21225|0x1ba559|6|8032775
21225|0x3ba559|7|15761834
21225|0x7ba559|8|31460594
21225|0xfba559|9|63478554
21225|0xfba559|10|126542249
21225|0xfba559|11|252905721
21225|0xfba559|12|454246692
21225|0xfba559|13|1011949064
21225|0xfba559|14|2023995630
21225|0xfba559|15|3708702329
21225|0xfba559|16|6755512626
21225|0x80fba559|17|14685042417
21225|0x80fba559|18|32389533832
21225|0x280fba559|19|62525875344
21225|0x280fba559|20|108993785883
21225|0xa80fba559|21|219084235750
21225|0xa80fba559|22|443042759355
21225|0x2a80fba559|23|868442196418
21225|0x2a80fba559|24|1763262809637
21339|0xa4d3|1|173367
21339|0x1a4d3|2|422825
21339|0x3a4d3|3|962402
21339|0x7a4d3|4|2053511
21339|0xfa4d3|5|3866454
21339|0xfa4d3|6|7914574
21339|0xfa4d3|7|15785754
21339|0xfa4d3|8|31705632
21339|0xfa4d3|9|63336470
21339|0xfa4d3|10|126604354
21339|0xfa4d3|11|253160451
21339|0xfa4d3|12|506148545
21339|0x80fa4d3|13|1012540695
21339|0x180fa4d3|14|1898416301
21339|0x380fa4d3|15|4050414496
21339|0x380fa4d3|16|8102123377
21339|0x380fa4d3|17|14629147234
21339|0x1380fa4d3|18|30409929331
21339|0x1380fa4d3|19|57873668142
21339|0x5380fa4d3|20|107962412926
21339|0xd380fa4d3|21|225551016831
21339|0xd380fa4d3|22|447565508646
21339|0x2d380fa4d3|23|869159384706
21339|0x6d380fa4d3|24|1756078263459
21449|0x3679|1|171759
21449|0x3679|2|421654
21449|0x3679|3|960471
21449|0x43679|4|2037797
21449|0xc3679|5|3877275
21449|0xc3679|6|7883085
21449|0xc3679|7|15750452
21449|0x4c3679|8|31560211
21449|0xcc3679|9|63421914
21449|0xcc3679|10|126868183
21449|0x2cc3679|11|253094857
21449|0x2cc3679|12|505975952
21449|0xacc3679|13|995989158
21449|0x1acc3679|14|2025821733
21449|0x1acc3679|15|4052334545
21449|0x5acc3679|16|6906917109
21449|0xdacc3679|17|16207903479
21449|0xdacc3679|18|30638065646
21449|0xdacc3679|19|64840665526
21449|0x4dacc3679|20|117671505960
21449|0x4dacc3679|21|219357841257
21449|0x4dacc3679|22|440862427191
21449|0x4dacc3679|23|868141392789
21449|0x44dacc3679|24|1750201017371
21927|0x217|1|197490
21927|0x10217|2|425044
21927|0x30217|3|961810
21927|0x30217|4|1890002
21927|0xb0217|5|3977641
21927|0xb0217|6|7778159
21927|0x2b0217|7|15851299
21927|0x6b0217|8|31760171
21927|0xeb0217|9|63299040
21927|0x1eb0217|10|126797365
21927|0x1eb0217|11|253530989
21927|0x1eb0217|12|507336082
21927|0x9eb0217|13|1014596521
21927|0x9eb0217|14|2029326940
21927|0x9eb0217|15|3648331700
21927|0x9eb0217|16|7043665202
21927|0x89eb0217|17|15907689557
21927|0x189eb0217|18|29189674031
21927|0x189eb0217|19|60700704873
21927|0x589eb0217|20|124530333892
21927|0xd89eb0217|21|219732324128
21927|0xd89eb0217|22|439821920712
21927|0x2d89eb0217|23|871061489452
21927|0x2d89eb0217|24|1747745569682
22043|0x9413|1|176025
22043|0x9413|2|425786
22043|0x29413|3|964210
22043|0x69413|4|2020398
22043|0x69413|5|3886968
22043|0x169413|6|7781866
22043|0x369413|7|15841716
22043|0x369413|8|31782399
22043|0xb69413|9|63398577
22043|0x1b69413|10|126995210
22043|0x1b69413|11|253615582
22043|0x5b69413|12|507654078
22043|0x5b69413|13|1014946797
22043|0x15b69413|14|1964784634
22043|0x35b69413|15|3606556592
22043|0x35b69413|16|8120767241
22043|0x35b69413|17|16244304189
22043|0x135b69413|18|32776932889
22043|0x135b69413|19|56734169744
22043|0x535b69413|20|108775627074
22043|0xd35b69413|21|220036088546
22043|0x1d35b69413|22|441149491006
22043|0x3d35b69413|23|868693533680
22043|0x3d35b69413|24|1747836816057
22149|0x324d|1|195093
22149|0x324d|2|426668
22149|0x324d|3|965824
22149|0x324d|4|1885628
22149|0x324d|5|3998006
22149|0x324d|6|7823852
22149|0x324d|7|15888080
22149|0x324d|8|31808192
22149|0x324d|9|63290659
22149|0x100324d|10|126989043
22149|0x300324d|11|253886334
22149|0x300324d|12|507588617
22149|0x300324d|13|1015456785
22149|0x300324d|14|1716904666
22149|0x2300324d|15|4062482657
22149|0x6300324d|16|8125828097
22149|0xe300324d|17|13427452502
22149|0xe300324d|18|32098956112
22149|0xe300324d|19|56100516262
22149|0xe300324d|20|112499314547
22149|0x8e300324d|21|220249214422
22149|0x8e300324d|22|443192316018
22149|0x28e300324d|23|870397889910
22149|0x28e300324d|24|1747061490866
22263|0x4ac7|1|176111
22263|0x14ac7|2|376119
22263|0x34ac7|3|902580
22263|0x74ac7|4|2008588
22263|0xf4ac7|5|3855974
22263|0xf4ac7|6|7927717
22263|0x2f4ac7|7|15803298
22263|0x6f4ac7|8|31780739
22263|0xef4ac7|9|63437780
22263|0xef4ac7|10|126769355
22263|0x2ef4ac7|11|253562612
22263|0x2ef4ac7|12|507305522
22263|0xaef4ac7|13|1014955965
22263|0x1aef4ac7|14|2029062113
22263|0x3aef4ac7|15|3390857532
22263|0x7aef4ac7|16|8117345214
22263|0x7aef4ac7|17|14107318644
22263|0x17aef4ac7|18|26951117886
22263|0x37aef4ac7|19|55016600496
22263|0x37aef4ac7|20|109205403287
22263|0xb7aef4ac7|21|220883709062
22263|0xb7aef4ac7|22|440147476989
22263|0x2b7aef4ac7|23|867535175305
22263|0x6b7aef4ac7|24|1748294342841
22381|0x4a65|1|176399
22381|0x4a65|2|393113
22381|0x4a65|3|888527
22381|0x4a65|4|2013064
22381|0x84a65|5|3884744
22381|0x184a65|6|7928126
22381|0x384a65|7|15814671
22381|0x784a65|8|31769863
22381|0xf84a65|9|63573804
22381|0x1f84a65|10|126812374
22381|0x1f84a65|11|225726803
22381|0x1f84a65|12|508005257
22381|0x9f84a65|13|1016648367
22381|0x9f84a65|14|2032443699
22381|0x29f84a65|15|4064740073
22381|0x69f84a65|16|6682511824
22381|0xe9f84a65|17|14218686605
22381|0x1e9f84a65|18|27117124910
22381|0x1e9f84a65|19|62252012830
22381|0x5e9f84a65|20|112322826990
22381|0xde9f84a65|21|223840423906
22381|0x1de9f84a65|22|441713204953
22381|0x1de9f84a65|23|868466935350
22381|0x5de9f84a65|24|1747797560297
22481|0x6131|1|176720
22481|0x16131|2|377803
22481|0x16131|3|979189
22481|0x16131|4|2016621
22481|0x96131|5|3895162
22481|0x196131|6|7842487
22481|0x196131|7|15782319
22481|0x596131|8|31823560
22481|0x596131|9|63540037
22481|0x1596131|10|127047378
22481|0x3596131|11|254071901
22481|0x7596131|12|508451046
22481|0x7596131|13|1016590712
22481|0x7596131|14|2033579162
22481|0x27596131|15|3451022047
22481|0x27596131|16|8135034221
22481|0xa7596131|17|16270895272
22481|0xa7596131|18|33424507258
22481|0xa7596131|19|60408134822
22481|0xa7596131|20|107446285825
22481|0x8a7596131|21|222488002442
22481|0x18a7596131|22|444433060147
22481|0x18a7596131|23|871652781518
22481|0x18a7596131|24|1749771031900
22959|0x9d4f|1|176176
22959|0x9d4f|2|379383
22959|0x9d4f|3|933532
22959|0x49d4f|4|2033906
22959|0xc9d4f|5|3883932
22959|0x1c9d4f|6|7924221
22959|0x1c9d4f|7|15827109
22959|0x5c9d4f|8|31801840
22959|0x5c9d4f|9|63611595
22959|0x5c9d4f|10|127328279
22959|0x25c9d4f|11|254351483
22959|0x25c9d4f|12|509104465
22959|0x25c9d4f|13|1018618175
22959|0x125c9d4f|14|2036881865
22959|0x125c9d4f|15|3386080354
22959|0x525c9d4f|16|8148278734
22959|0xd25c9d4f|17|13830334515
22959|0xd25c9d4f|18|32265428343
22959|0x2d25c9d4f|19|56815847275
22959|0x2d25c9d4f|20|108069306295
22959|0x2d25c9d4f|21|219763105016
22959|0x12d25c9d4f|22|441087823233
22959|0x12d25c9d4f|23|868555445505
22959|0x12d25c9d4f|24|1746185353300
23075|0x258b|1|199124
23075|0x258b|2|453421
23075|0x258b|3|981213
23075|0x258b|4|2039682
23075|0x8258b|5|3862961
23075|0x18258b|6|8050473
23075|0x18258b|7|15943359
23075|0x18258b|8|32154915
23075|0x98258b|9|63994329
23075|0x98258b|10|128117637
23075|0x298258b|11|256338900
23075|0x298258b|12|513311275
23075|0xa98258b|13|1026117197
23075|0x1a98258b|14|1846363839
23075|0x3a98258b|15|4104610185
23075|0x3a98258b|16|6956871332
23075|0xba98258b|17|13881902792
23075|0x1ba98258b|18|27028016133
23075|0x3ba98258b|19|54052127179
23075|0x7ba98258b|20|112939256371
23075|0xfba98258b|21|221084825391
23075|0xfba98258b|22|441312956998
23075|0xfba98258b|23|864624882617
23075|0x4fba98258b|24|1744111203975
23183|0x846f|1|177417
23183|0x1846f|2|380416
23183|0x1846f|3|910982
23183|0x1846f|4|2052669
23183|0x9846f|5|3921058
23183|0x9846f|6|7985076
23183|0x29846f|7|16114521
23183|0x69846f|8|32009740
23183|0xe9846f|9|64114100
23183|0x1e9846f|10|128264076
23183|0x3e9846f|11|256718424
23183|0x3e9846f|12|513395258
23183|0xbe9846f|13|1026788736
23183|0xbe9846f|14|2051188002
23183|0xbe9846f|15|3582768044
23183|0x4be9846f|16|7175547329
23183|0xcbe9846f|17|13393276455
23183|0xcbe9846f|18|27596606971
23183|0x2cbe9846f|19|53914485053
23183|0x2cbe9846f|20|122993562040
23183|0x2cbe9846f|21|222447549188
23183|0x2cbe9846f|22|442190875408
23183|0x2cbe9846f|23|870746145238
23183|0x42cbe9846f|24|1747344868915
23299|0x67ab|1|201861
23299|0x167ab|2|434994
23299|0x367ab|3|866498
23299|0x767ab|4|1968637
23299|0x767ab|5|4053886
23299|0x1767ab|6|7924654
23299|0x3767ab|7|16166471
23299|0x3767ab|8|32029925
23299|0xb767ab|9|64341889
23299|0xb767ab|10|128259152
23299|0xb767ab|11|256679029
23299|0x4b767ab|12|513473436
23299|0x4b767ab|13|1026985984
23299|0x4b767ab|14|2053112567
23299|0x4b767ab|15|4103576172
23299|0x44b767ab|16|8207749127
23299|0x44b767ab|17|14061607406
23299|0x44b767ab|18|30007272367
23299|0x244b767ab|19|63739003799
23299|0x644b767ab|20|113348528419
23299|0x644b767ab|21|220123605952
23299|0x644b767ab|22|440465669662
23299|0x644b767ab|23|865000135583
23299|0x644b767ab|24|1748206290790
23403|0xf943|1|198505
23403|0x1f943|2|439990
23403|0x3f943|3|866093
23403|0x7f943|4|1973451
23403|0x7f943|5|4072780
23403|0x17f943|6|7861750
23403|0x37f943|7|16091542
23403|0x37f943|8|32009155
23403|0x37f943|9|64101735
23403|0x137f943|10|128410339
23403|0x137f943|11|256741822
23403|0x137f943|12|513613079
23403|0x937f943|13|981901740
23403|0x937f943|14|1866721966
23403|0x937f943|15|4109442600
23403|0x4937f943|16|8218469790
23403|0xc937f943|17|13524817492
23403|0x1c937f943|18|27519125667
23403|0x3c937f943|19|54254165794
23403|0x7c937f943|20|108856852682
23403|0xfc937f943|21|219330505145
23403|0xfc937f943|22|439669478298
23403|0x2fc937f943|23|864954300690
23403|0x2fc937f943|24|1748304834571
23517|0xd475|1|202070
23517|0x1d475|2|428195
23517|0x3d475|3|869400
23517|0x7d475|4|1959590
23517|0xfd475|5|3906868
23517|0x1fd475|6|8066955
23517|0x1fd475|7|15867843
23517|0x1fd475|8|31677948
23517|0x1fd475|9|63734687
23517|0x1fd475|10|127447037
23517|0x1fd475|11|254992098
23517|0x41fd475|12|510130712
23517|0x41fd475|13|1020485053
23517|0x41fd475|14|2040709165
23517|0x241fd475|15|4081548211
23517|0x241fd475|16|8166212520
23517|0xa41fd475|17|16420596197
23517|0x1a41fd475|18|32033235729
23517|0x3a41fd475|19|54138145541
23517|0x7a41fd475|20|112399784339
23517|0x7a41fd475|21|229147999311
23517|0x17a41fd475|22|439540534002
23517|0x17a41fd475|23|865193895826
23517|0x57a41fd475|24|1744408610107
24019|0x25b|1|205701
24019|0x1025b|2|384183
24019|0x1025b|3|889024
24019|0x1025b|4|1953072
24019|0x1025b|5|3885263
24019|0x11025b|6|8069507
24019|0x31025b|7|15898305
24019|0x71025b|8|31826242
24019|0x71025b|9|64051645
24019|0x171025b|10|127720883
24019|0x371025b|11|255473269
24019|0x771025b|12|511167849
24019|0x771025b|13|1022191771
24019|0x1771025b|14|2050765420
24019|0x3771025b|15|4104084408
24019|0x7771025b|16|8210996142
24019|0xf771025b|17|16422053851
24019|0xf771025b|18|33945475410
24019|0xf771025b|19|67594158054
24019|0xf771025b|20|111849191621
24019|0xf771025b|21|218536109805
24019|0x10f771025b|22|440277290603
24019|0x30f771025b|23|865120935334
24019|0x70f771025b|24|1748212555562
24123|0xcaf3|1|203659
24123|0xcaf3|2|437309
24123|0xcaf3|3|1021632
24123|0x4caf3|4|1952693
24123|0x4caf3|5|3937907
24123|0x4caf3|6|8076572
24123|0x24caf3|7|15963561
24123|0x24caf3|8|32335111
24123|0x24caf3|9|64213813
24123|0x124caf3|10|128866731
24123|0x324caf3|11|257634515
24123|0x724caf3|12|514836513
24123|0xf24caf3|13|1029890122
24123|0xf24caf3|14|2059689424
24123|0xf24caf3|15|4099189961
24123|0xf24caf3|16|8183290868
24123|0xf24caf3|17|16364985235
24123|0x10f24caf3|18|27200825187
24123|0x30f24caf3|19|66474030794
24123|0x70f24caf3|20|111913946795
24123|0x70f24caf3|21|221887039230
24123|0x170f24caf3|22|438895902592
24123|0x370f24caf3|23|866102115265
24123|0x770f24caf3|24|1751065261538
24237|0xb525|1|178437
24237|0xb525|2|385685
24237|0x2b525|3|890413
24237|0x2b525|4|2043240
24237|0xab525|5|3888603
24237|0xab525|6|8059356
24237|0xab525|7|15910013
24237|0x4ab525|8|32045192
24237|0x4ab525|9|63963947
24237|0x14ab525|10|127728363
24237|0x34ab525|11|255802220
24237|0x34ab525|12|511526313
24237|0xb4ab525|13|929787946
24237|0x1b4ab525|14|1733928729
24237|0x3b4ab525|15|3425822844
24237|0x3b4ab525|16|8185365777
24237|0xbb4ab525|17|16371503435
24237|0xbb4ab525|18|33723914013
24237|0xbb4ab525|19|57586016711
24237|0x4bb4ab525|20|109220828196
24237|0xcbb4ab525|21|224031569513
24237|0xcbb4ab525|22|441941891413
24237|0x2cbb4ab525|23|866306841276
24237|0x2cbb4ab525|24|1745718739739
24353|0xe4e1|1|205552
24353|0x1e4e1|2|418206
24353|0x3e4e1|3|881444
24353|0x3e4e1|4|1966935
24353|0x3e4e1|5|3928997
24353|0x13e4e1|6|8114779
24353|0x13e4e1|7|15932140
24353|0x13e4e1|8|31938622
24353|0x93e4e1|9|63940301
24353|0x193e4e1|10|104884080
24353|0x393e4e1|11|255679668
24353|0x393e4e1|12|511744033
24353|0xb93e4e1|13|1023786637
24353|0xb93e4e1|14|2047010163
24353|0x2b93e4e1|15|4093962011
24353|0x2b93e4e1|16|6990713726
24353|0xab93e4e1|17|16378250996
24353|0xab93e4e1|18|28934274375
24353|0x2ab93e4e1|19|54936097748
24353|0x6ab93e4e1|20|111126706600
24353|0xeab93e4e1|21|227798539565
24353|0x1eab93e4e1|22|439313475445
24353|0x3eab93e4e1|23|865493693690
24353|0x7eab93e4e1|24|1744152388865
24461|0xfb45|1|179317
24461|0x1fb45|2|386166
24461|0x3fb45|3|894733
24461|0x3fb45|4|2021567
24461|0x3fb45|5|3921015
24461|0x13fb45|6|7979303
24461|0x13fb45|7|15895812
24461|0x53fb45|8|32026799
24461|0xd3fb45|9|64039890
24461|0x1d3fb45|10|128089993
24461|0x1d3fb45|11|256043953
24461|0x5d3fb45|12|512429793
24461|0x5d3fb45|13|1024355895
24461|0x5d3fb45|14|1700125809
24461|0x25d3fb45|15|4083252208
24461|0x25d3fb45|16|8191929253
24461|0xa5d3fb45|17|16093488953
24461|0x1a5d3fb45|18|30009167810
24461|0x3a5d3fb45|19|61662967167
24461|0x7a5d3fb45|20|109755899621
24461|0x7a5d3fb45|21|219121803190
24461|0x7a5d3fb45|22|438321821382
24461|0x7a5d3fb45|23|864638600083
24461|0x47a5d3fb45|24|1745416433821
24577|0xa001|1|179793
24577|0x1a001|2|385110
24577|0x3a001|3|884810
24577|0x7a001|4|1992508
24577|0xfa001|5|3920133
24577|0x1fa001|6|8050312
24577|0x3fa001|7|15872219
24577|0x7fa001|8|31868159
24577|0xffa001|9|64078396
24577|0x1ffa001|10|128111884
24577|0x3ffa001|11|256318936
24577|0x3ffa001|12|512047913
24577|0x3ffa001|13|904135441
24577|0x3ffa001|14|2048425778
24577|0x23ffa001|15|4007259988
24577|0x23ffa001|16|8196179205
24577|0x23ffa001|17|13191400780
24577|0x23ffa001|18|32783833471
24577|0x23ffa001|19|52848575632
24577|0x23ffa001|20|108854586467
24577|0x23ffa001|21|220309898347
24577|0x23ffa001|22|450347897120
24577|0x23ffa001|23|886694338114
24577|0x23ffa001|24|1744847289293
25055|0x9a1f|1|202727
25055|0x9a1f|2|428042
25055|0x9a1f|3|891752
25055|0x49a1f|4|1941250
25055|0xc9a1f|5|3893523
25055|0xc9a1f|6|8097641
25055|0x2c9a1f|7|15969101
25055|0x6c9a1f|8|31976253
25055|0x6c9a1f|9|64265123
25055|0x16c9a1f|10|119602337
25055|0x16c9a1f|11|256375019
25055|0x56c9a1f|12|513161838
25055|0x56c9a1f|13|1026032202
25055|0x56c9a1f|14|2051689873
25055|0x256c9a1f|15|4104264333
25055|0x656c9a1f|16|8209613999
25055|0xe56c9a1f|17|16419448391
25055|0xe56c9a1f|18|29831314949
25055|0x2e56c9a1f|19|56969929145
25055|0x6e56c9a1f|20|112739448729
25055|0x6e56c9a1f|21|231729037601
25055|0x16e56c9a1f|22|442929549218
25055|0x36e56c9a1f|23|870364638508
25055|0x76e56c9a1f|24|1742395347436
25171|0x31db|1|205765
25171|0x31db|2|443132
25171|0x231db|3|1023714
25171|0x631db|4|1828364
25171|0xe31db|5|4029214
25171|0x1e31db|6|7977919
25171|0x3e31db|7|16069569
25171|0x7e31db|8|32012555
25171|0x7e31db|9|64170455
25171|0x7e31db|10|128187598
25171|0x7e31db|11|256421255
25171|0x7e31db|12|512904872
25171|0x87e31db|13|855738202
25171|0x187e31db|14|2053330537
25171|0x187e31db|15|4106607415
25171|0x587e31db|16|8211746768
25171|0x587e31db|17|14872664763
25171|0x1587e31db|18|33036274110
25171|0x1587e31db|19|55730553560
25171|0x1587e31db|20|109891296839
25171|0x1587e31db|21|219438869577
25171|0x11587e31db|22|438325163100
25171|0x11587e31db|23|864816762824
25171|0x11587e31db|24|1751943664926
25289|0x5779|1|206872
25289|0x15779|2|401098
25289|0x35779|3|895045
25289|0x75779|4|2039895
25289|0x75779|5|3932721
25289|0x75779|6|8154722
25289|0x75779|7|16045692
25289|0x475779|8|32286317
25289|0xc75779|9|60953458
25289|0xc75779|10|129110938
25289|0xc75779|11|258581783
25289|0x4c75779|12|517066436
25289|0x4c75779|13|1034352228
25289|0x14c75779|14|2068823385
25289|0x34c75779|15|4137412612
25289|0x74c75779|16|8274410010
25289|0x74c75779|17|14829498866
25289|0x74c75779|18|27024545722
25289|0x74c75779|19|59204364476
25289|0x74c75779|20|114043379461
25289|0x74c75779|21|218033659666
25289|0x1074c75779|22|435967073159
25289|0x3074c75779|23|863825331438
25289|0x7074c75779|24|1742398863594
25397|0x171d|1|205732
25397|0x1171d|2|443999
25397|0x3171d|3|1019008
25397|0x7171d|4|2002711
25397|0xf171d|5|3948336
25397|0x1f171d|6|8074240
25397|0x3f171d|7|16053269
25397|0x3f171d|8|32255853
25397|0x3f171d|9|64841775
25397|0x13f171d|10|126695383
25397|0x13f171d|11|258490023
25397|0x13f171d|12|517403417
25397|0x93f171d|13|1034863516
25397|0x193f171d|14|2069427391
25397|0x393f171d|15|4138460267
25397|0x793f171d|16|8277438557
25397|0xf93f171d|17|14089707255
25397|0x1f93f171d|18|31848583560
25397|0x1f93f171d|19|63737677385
25397|0x5f93f171d|20|115937511912
25397|0x5f93f171d|21|218598715453
25397|0x5f93f171d|22|435171978591
25397|0x25f93f171d|23|874529287170
25397|0x65f93f171d|24|1742717759619
25511|0x1417|1|206392
25511|0x1417|2|442742
25511|0x21417|3|1020884
25511|0x21417|4|2075981
25511|0x21417|5|3899844
25511|0x21417|6|8143668
25511|0x221417|7|16241264
25511|0x221417|8|32334222
25511|0x221417|9|64496007
25511|0x221417|10|129376668
25511|0x221417|11|258684708
25511|0x4221417|12|517480006
25511|0x4221417|13|1034933284
25511|0x4221417|14|1894688497
25511|0x24221417|15|4141687783
25511|0x64221417|16|7252821772
25511|0xe4221417|17|13442417548
25511|0xe4221417|18|32527851260
25511|0x2e4221417|19|60034585811
25511|0x6e4221417|20|110132797252
25511|0xee4221417|21|217418948935
25511|0x1ee4221417|22|437380191693
25511|0x3ee4221417|23|867570673459
25511|0x7ee4221417|24|1742462943131
25985|0xda81|1|182242
25985|0x1da81|2|425979
25985|0x1da81|3|1026510
25985|0x5da81|4|2088545
25985|0xdda81|5|3950193
25985|0x1dda81|6|8148104
25985|0x1dda81|7|16303529
25985|0x5dda81|8|32459277
25985|0xddda81|9|64996453
25985|0x1ddda81|10|130162596
25985|0x1ddda81|11|260243047
25985|0x1ddda81|12|520190814
25985|0x9ddda81|13|1040929200
25985|0x9ddda81|14|2081508190
25985|0x9ddda81|15|4157163431
25985|0x9ddda81|16|8328025472
25985|0x89ddda81|17|14002113308
25985|0x89ddda81|18|28191974964
25985|0x289ddda81|19|54396798207
25985|0x689ddda81|20|110673074325
25985|0x689ddda81|21|218633777118
25985|0x1689ddda81|22|439150741069
25985|0x1689ddda81|23|864388370779
25985|0x5689ddda81|24|1751923551073
26095|0x690f|1|207077
26095|0x1690f|2|447932
26095|0x1690f|3|1030281
26095|0x5690f|4|1919237
26095|0x5690f|5|4114598
26095|0x5690f|6|8149990
26095|0x5690f|7|16085709
26095|0x5690f|8|32536640
26095|0x85690f|9|64886715
26095|0x185690f|10|130100726
26095|0x385690f|11|233983808
26095|0x785690f|12|520843488
26095|0xf85690f|13|1040768029
26095|0xf85690f|14|2081700657
26095|0x2f85690f|15|4161091694
26095|0x2f85690f|16|8330020965
26095|0x2f85690f|17|16668075133
26095|0x2f85690f|18|32072863796
26095|0x2f85690f|19|54954302445
26095|0x42f85690f|20|112166534043
26095|0xc2f85690f|21|218511904075
26095|0xc2f85690f|22|441432680094
26095|0x2c2f85690f|23|865098790169
26095|0x2c2f85690f|24|1746799015329
26209|0xbda1|1|206967
26209|0xbda1|2|446608
26209|0x2bda1|3|1047925
26209|0x2bda1|4|1862307
26209|0xabda1|5|4189606
26209|0xabda1|6|8158869
26209|0x2abda1|7|16186836
26209|0x6abda1|8|32704047
26209|0x6abda1|9|65251439
26209|0x6abda1|10|130376269
26209|0x6abda1|11|260990202
26209|0x6abda1|12|522421651
26209|0x6abda1|13|1045994824
26209|0x106abda1|14|2089434698
26209|0x106abda1|15|4166477642
26209|0x506abda1|16|8337727077
26209|0x506abda1|17|16684907008
26209|0x1506abda1|18|31542891831
26209|0x3506abda1|19|54301839276
26209|0x7506abda1|20|110724836949
26209|0x7506abda1|21|220180201423
26209|0x17506abda1|22|439570308307
26209|0x37506abda1|23|866555582766
26209|0x37506abda1|24|1739626353365
26317|0xf605|1|207087
26317|0x1f605|2|446681
26317|0x1f605|3|846673
26317|0x1f605|4|1937037
26317|0x9f605|5|4127509
26317|0x9f605|6|8013368
26317|0x9f605|7|16252881
26317|0x9f605|8|32587246
26317|0x9f605|9|65313225
26317|0x9f605|10|130602833
26317|0x9f605|11|239714609
26317|0x9f605|12|523129729
26317|0x9f605|13|1046978225
26317|0x9f605|14|2091175510
26317|0x9f605|15|3607164250
26317|0x9f605|16|8363745912
26317|0x9f605|17|15212536190
26317|0x9f605|18|32565201687
26317|0x9f605|19|54566474383
26317|0x40009f605|20|111695231856
26317|0xc0009f605|21|220141497977
26317|0xc0009f605|22|436958180140
26317|0x2c0009f605|23|866902224656
26317|0x6c0009f605|24|1742015967037
26433|0x28c1|1|180688
26433|0x28c1|2|413422
26433|0x28c1|3|985758
26433|0x28c1|4|2014142
26433|0x28c1|5|3904442
26433|0x1028c1|6|8134629
26433|0x1028c1|7|16336738
26433|0x1028c1|8|32467271
26433|0x9028c1|9|65212295
26433|0x19028c1|10|130192772
26433|0x39028c1|11|260632991
26433|0x39028c1|12|478981362
26433|0xb9028c1|13|1043021902
26433|0x1b9028c1|14|2083993472
26433|0x1b9028c1|15|4170482679
26433|0x1b9028c1|16|8360653943
26433|0x1b9028c1|17|16649372547
26433|0x1b9028c1|18|28095358880
26433|0x21b9028c1|19|55812450891
26433|0x21b9028c1|20|108945364688
26433|0x21b9028c1|21|221746516888
26433|0x21b9028c1|22|444618593152
26433|0x221b9028c1|23|872488694060
26433|0x621b9028c1|24|2185136660579
26557|0x8b95|1|326836
26557|0x8b95|2|708080
26557|0x8b95|3|1537423
26557|0x8b95|4|3194717
26557|0x8b95|5|6506078
26557|0x108b95|6|13175169
26557|0x308b95|7|26395722
26557|0x308b95|8|52891832
26557|0x308b95|9|105844903
26557|0x308b95|10|211832795
26557|0x308b95|11|423938637
26557|0x4308b95|12|847591786
26557|0x4308b95|13|1702747462
26557|0x4308b95|14|3390925796
26557|0x24308b95|15|5452825387
26557|0x64308b95|16|10850616978
26557|0xe4308b95|17|21674770540
26557|0xe4308b95|18|44631839922
26557|0xe4308b95|19|88414315328
26557|0xe4308b95|20|174384898882
26557|0x8e4308b95|21|349710510883
26557|0x8e4308b95|22|700634153437
26557|0x28e4308b95|23|1398943129365
26557|0x28e4308b95|24|2799031941950
27087|0xfd2f|1|348023
27087|0x1fd2f|2|712616
27087|0x1fd2f|3|1530251
27087|0x5fd2f|4|3235085
27087|0x5fd2f|5|6594050
27087|0x15fd2f|6|13176458
27087|0x35fd2f|7|26488714
27087|0x35fd2f|8|53019363
27087|0xb5fd2f|9|106077112
27087|0xb5fd2f|10|212383784
27087|0xb5fd2f|11|424551666
27087|0xb5fd2f|12|849355462
27087|0x8b5fd2f|13|1370956516
27087|0x18b5fd2f|14|3170928979
27087|0x38b5fd2f|15|5538718461
27087|0x38b5fd2f|16|11909366426
27087|0xb8b5fd2f|17|21879425804
27087|0xb8b5fd2f|18|44181104678
27087|0xb8b5fd2f|19|86267624949
27087|0xb8b5fd2f|20|176706133035
27087|0x8b8b5fd2f|21|349775106790
27087|0x18b8b5fd2f|22|699267206351
27087|0x18b8b5fd2f|23|1397477671427
27087|0x58b8b5fd2f|24|2799624533379
27277|0x6845|1|328683
27277|0x6845|2|714193
27277|0x26845|3|1551131
27277|0x26845|4|3230594
27277|0x26845|5|6582789
27277|0x26845|6|13237933
27277|0x26845|7|26442757
27277|0x26845|8|53035573
27277|0x826845|9|106146934
27277|0x1826845|10|212401518
27277|0x1826845|11|386433171
27277|0x5826845|12|735596940
27277|0xd826845|13|1632162458
27277|0x1d826845|14|2828419978
27277|0x1d826845|15|5460945218
27277|0x5d826845|16|11085021493
27277|0xdd826845|17|22772417990
27277|0xdd826845|18|44224810826
27277|0x2dd826845|19|87264231028
27277|0x6dd826845|20|174844468403
27277|0x6dd826845|21|349532628635
27277|0x6dd826845|22|698281013220
27277|0x6dd826845|23|1396260810372
27277|0x6dd826845|24|2796030005323
27451|0x35f3|1|329391
27451|0x135f3|2|716385
27451|0x135f3|3|1567124
27451|0x535f3|4|3218959
27451|0x535f3|5|6644420
27451|0x535f3|6|13273889
27451|0x535f3|7|26566515
27451|0x4535f3|8|53072795
27451|0xc535f3|9|93366387
27451|0x1c535f3|10|212442988
27451|0x3c535f3|11|425052111
27451|0x7c535f3|12|850111557
27451|0xfc535f3|13|1447682176
27451|0x1fc535f3|14|2921481538
27451|0x1fc535f3|15|5469530150
27451|0x5fc535f3|16|10792030538
27451|0xdfc535f3|17|21730640949
27451|0x1dfc535f3|18|44111829434
27451|0x3dfc535f3|19|89773204891
27451|0x7dfc535f3|20|175041883002
27451|0xfdfc535f3|21|350260546827
27451|0x1fdfc535f3|22|699527664523
27451|0x3fdfc535f3|23|1398437087653
27451|0x7fdfc535f3|24|2799035850414
27633|0x2511|1|329810
27633|0x12511|2|716970
27633|0x32511|3|1563281
27633|0x72511|4|3226305
27633|0xf2511|5|6534725
27633|0xf2511|6|13167570
27633|0xf2511|7|26478486
27633|0x4f2511|8|53093332
27633|0x4f2511|9|106264959
27633|0x14f2511|10|212687936
27633|0x14f2511|11|425446086
27633|0x14f2511|12|850788385
27633|0x14f2511|13|1601386547
27633|0x114f2511|14|3403850524
27633|0x314f2511|15|5443789039
27633|0x314f2511|16|11421059157
27633|0xb14f2511|17|21573443082
27633|0x1b14f2511|18|43852262385
27633|0x1b14f2511|19|87044008926
27633|0x5b14f2511|20|174731392026
27633|0xdb14f2511|21|348799027235
27633|0xdb14f2511|22|697956858341
27633|0xdb14f2511|23|1395393769833
27633|0xdb14f2511|24|2792434372688
28193|0x95e1|1|331683
28193|0x95e1|2|722231
28193|0x295e1|3|1583178
28193|0x695e1|4|3257888
28193|0x695e1|5|6584832
28193|0x695e1|6|13297031
28193|0x695e1|7|26616734
28193|0x4695e1|8|53225332
28193|0xc695e1|9|106472117
28193|0xc695e1|10|213088025
28193|0x2c695e1|11|426596627
28193|0x2c695e1|12|807306600
28193|0x2c695e1|13|1704963817
28193|0x12c695e1|14|3028071773
28193|0x12c695e1|15|5828077237
28193|0x52c695e1|16|10814845429
28193|0x52c695e1|17|21777729350
28193|0x52c695e1|18|43139870936
28193|0x52c695e1|19|88417877861
28193|0x452c695e1|20|175487223790
28193|0x452c695e1|21|348757212841
28193|0x452c695e1|22|698340879806
28193|0x2452c695e1|23|1395590806734
28193|0x6452c695e1|24|2788583355375
28367|0xd82f|1|331747
28367|0x1d82f|2|724068
28367|0x3d82f|3|1556075
28367|0x3d82f|4|3291785
28367|0x3d82f|5|6591689
28367|0x3d82f|6|13204956
28367|0x3d82f|7|26566574
28367|0x3d82f|8|53238921
28367|0x3d82f|9|106516209
28367|0x3d82f|10|213104271
28367|0x203d82f|11|426218661
28367|0x203d82f|12|852866278
28367|0xa03d82f|13|1437638369
28367|0xa03d82f|14|3411716565
28367|0xa03d82f|15|5930737168
28367|0x4a03d82f|16|11292013302
28367|0xca03d82f|17|21831164446
28367|0x1ca03d82f|18|44296621404
28367|0x1ca03d82f|19|86582484802
28367|0x1ca03d82f|20|174246554867
28367|0x1ca03d82f|21|352155249951
28367|0x1ca03d82f|22|696477593538
28367|0x1ca03d82f|23|1394851477845
28367|0x41ca03d82f|24|2789874567654
28553|0xb6b9|1|331668
28553|0xb6b9|2|723680
28553|0xb6b9|3|1560035
28553|0x4b6b9|4|3301961
28553|0x4b6b9|5|6669268
28553|0x4b6b9|6|13308611
28553|0x4b6b9|7|26723763
28553|0x44b6b9|8|53221529
28553|0x44b6b9|9|106559664
28553|0x44b6b9|10|213236889
28553|0x44b6b9|11|426679022
28553|0x44b6b9|12|759138010
28553|0x44b6b9|13|1533863604
28553|0x1044b6b9|14|3413960158
28553|0x1044b6b9|15|5654611707
28553|0x1044b6b9|16|11475944204
28553|0x9044b6b9|17|21630225222
28553|0x19044b6b9|18|43800361105
28553|0x19044b6b9|19|87417147006
28553|0x59044b6b9|20|174139715542
28553|0xd9044b6b9|21|349176408402
28553|0x1d9044b6b9|22|697322432422
28553|0x3d9044b6b9|23|1392316918726
28553|0x3d9044b6b9|24|2787094970217
29099|0x103|1|330237
29099|0x10103|2|726523
29099|0x30103|3|1568043
29099|0x70103|4|3326560
29099|0x70103|5|6665040
29099|0x70103|6|13349999
29099|0x270103|7|26712298
29099|0x270103|8|53447979
29099|0xa70103|9|106823357
29099|0x1a70103|10|214068377
29099|0x3a70103|11|427597632
29099|0x3a70103|12|716623692
29099|0xba70103|13|1710371270
29099|0xba70103|14|3421011507
29099|0xba70103|15|6102780563
29099|0xba70103|16|10803496319
29099|0x8ba70103|17|22214120367
29099|0x8ba70103|18|43638920320
29099|0x28ba70103|19|89128512032
29099|0x28ba70103|20|174695422177
29099|0xa8ba70103|21|347576847868
29099|0x1a8ba70103|22|698092668870
29099|0x3a8ba70103|23|1391856289259
29099|0x7a8ba70103|24|2783777430484
29277|0xf1f5|1|334045
29277|0x1f1f5|2|730834
29277|0x1f1f5|3|1601170
29277|0x5f1f5|4|3200756
29277|0xdf1f5|5|6538565
29277|0x1df1f5|6|13272147
29277|0x3df1f5|7|26683190
29277|0x7df1f5|8|53465439
29277|0xfdf1f5|9|106842063
29277|0xfdf1f5|10|213939451
29277|0x2fdf1f5|11|427708223
29277|0x6fdf1f5|12|855429992
29277|0x6fdf1f5|13|1647991786
29277|0x6fdf1f5|14|2767520865
29277|0x26fdf1f5|15|5527544177
29277|0x66fdf1f5|16|10869978210
29277|0xe6fdf1f5|17|21854427168
29277|0x1e6fdf1f5|18|44048878778
29277|0x3e6fdf1f5|19|86738669320
29277|0x3e6fdf1f5|20|173531916200
29277|0xbe6fdf1f5|21|347674021590
29277|0x1be6fdf1f5|22|696082049707
29277|0x1be6fdf1f5|23|1390934131008
29277|0x1be6fdf1f5|24|2781524852032
29459|0x4f1b|1|335717
29459|0x14f1b|2|752432
29459|0x34f1b|3|1581694
29459|0x34f1b|4|3207656
29459|0xb4f1b|5|6564639
29459|0xb4f1b|6|13308842
29459|0x2b4f1b|7|26724475
29459|0x6b4f1b|8|53531281
29459|0xeb4f1b|9|106914789
29459|0xeb4f1b|10|214017518
29459|0x2eb4f1b|11|428460411
29459|0x6eb4f1b|12|856096888
29459|0xeeb4f1b|13|1415220851
29459|0x1eeb4f1b|14|2804425668
29459|0x1eeb4f1b|15|5505689417
29459|0x1eeb4f1b|16|10787398041
29459|0x1eeb4f1b|17|21587946366
29459|0x1eeb4f1b|18|43162524765
29459|0x21eeb4f1b|19|87166542993
29459|0x61eeb4f1b|20|173675054516
29459|0xe1eeb4f1b|21|347436274557
29459|0x1e1eeb4f1b|22|695077144859
29459|0x3e1eeb4f1b|23|1389528241680
29459|0x3e1eeb4f1b|24|2804214962000
29641|0x1679|1|335630
29641|0x1679|2|734924
29641|0x21679|3|1583470
29641|0x61679|4|3232429
29641|0x61679|5|6600719
29641|0x61679|6|13322383
29641|0x261679|7|26667188
29641|0x261679|8|53461042
29641|0x261679|9|107033160
29641|0x261679|10|214086979
29641|0x2261679|11|428255236
29641|0x6261679|12|860999493
29641|0x6261679|13|1506884184
29641|0x16261679|14|3354104132
29641|0x16261679|15|5454116527
29641|0x16261679|16|11708224167
29641|0x96261679|17|21990274839
29641|0x196261679|18|43572513156
29641|0x396261679|19|87340283194
29641|0x796261679|20|174508746142
29641|0xf96261679|21|347340801080
29641|0x1f96261679|22|694725089231
29641|0x1f96261679|23|1389004442366
29641|0x5f96261679|24|2782701237649
30173|0x8a75|1|337584
30173|0x18a75|2|739616
30173|0x18a75|3|1595841
30173|0x58a75|4|3269780
30173|0x58a75|5|6646573
30173|0x158a75|6|13365242
30173|0x358a75|7|26744664
30173|0x358a75|8|53605752
30173|0xb58a75|9|107204215
30173|0x1b58a75|10|214409986
30173|0x3b58a75|11|393346111
30173|0x7b58a75|12|857567791
30173|0x7b58a75|13|1441453296
30173|0x7b58a75|14|2791086050
30173|0x27b58a75|15|6585813436
30173|0x67b58a75|16|10839458378
30173|0xe7b58a75|17|21561189034
30173|0xe7b58a75|18|43672031669
30173|0x2e7b58a75|19|87026828178
30173|0x2e7b58a75|20|173893891059
30173|0xae7b58a75|21|348217762475
30173|0x1ae7b58a75|22|695185475675
30173|0x3ae7b58a75|23|1389964284864
30173|0x7ae7b58a75|24|2785580132000
30353|0xa71|1|339710
30353|0xa71|2|737010
30353|0x20a71|3|1629289
30353|0x20a71|4|3245700
30353|0xa0a71|5|6638662
30353|0xa0a71|6|13342115
30353|0xa0a71|7|26791237
30353|0xa0a71|8|53638621
30353|0x8a0a71|9|107282013
30353|0x18a0a71|10|214459483
30353|0x18a0a71|11|355819045
30353|0x18a0a71|12|858309982
30353|0x18a0a71|13|1716836593
30353|0x18a0a71|14|2923292568
30353|0x18a0a71|15|6508405557
30353|0x18a0a71|16|11556923663
30353|0x818a0a71|17|22043754678
30353|0x1818a0a71|18|43783397583
30353|0x1818a0a71|19|91595808676
30353|0x1818a0a71|20|177229462677
30353|0x1818a0a71|21|349616386750
30353|0x11818a0a71|22|693870672008
30353|0x31818a0a71|23|1387274947896
30353|0x71818a0a71|24|2777969356623
30533|0x838d|1|337883
30533|0x838d|2|742228
30533|0x2838d|3|1628597
30533|0x6838d|4|3256150
30533|0xe838d|5|6657036
30533|0x1e838d|6|13365979
30533|0x3e838d|7|26733842
30533|0x3e838d|8|53645315
30533|0x3e838d|9|107276815
30533|0x3e838d|10|214650582
30533|0x3e838d|11|429511189
30533|0x3e838d|12|721016618
30533|0x3e838d|13|1718233483
30533|0x3e838d|14|3436276865
30533|0x203e838d|15|6872809332
30533|0x603e838d|16|12624201928
30533|0x603e838d|17|21849535660
30533|0x1603e838d|18|43443513748
30533|0x1603e838d|19|87132207608
30533|0x5603e838d|20|174050555108
30533|0x5603e838d|21|348242100095
30533|0x15603e838d|22|694209663922
30533|0x15603e838d|23|1388996405851
30533|0x15603e838d|24|2787202389878
30717|0x9d55|1|364155
30717|0x9d55|2|744029
30717|0x29d55|3|1606824
30717|0x29d55|4|3273087
30717|0xa9d55|5|6709342
30717|0xa9d55|6|13442064
30717|0x2a9d55|7|26821863
30717|0x6a9d55|8|53667228
30717|0xea9d55|9|107433413
30717|0x1ea9d55|10|214883127
30717|0x1ea9d55|11|429749067
30717|0x5ea9d55|12|837973329
30717|0xdea9d55|13|1719234605
30717|0x1dea9d55|14|3439006964
30717|0x3dea9d55|15|5484499285
30717|0x7dea9d55|16|10904910845
30717|0xfdea9d55|17|22445927073
30717|0x1fdea9d55|18|44141665716
30717|0x1fdea9d55|19|88253298620
30717|0x1fdea9d55|20|177096603326
30717|0x1fdea9d55|21|354655968299
30717|0x1fdea9d55|22|558772211282
30717|0x1fdea9d55|23|871243094554
30717|0x1fdea9d55|24|1729561011813
31199|0x821f|1|654008
31199|0x821f|2|475871
31199|0x2821f|3|1045232
31199|0x2821f|4|1968121
31199|0x2821f|5|4135102
31199|0x12821f|6|8329148
31199|0x32821f|7|16843233
31199|0x32821f|8|33689373
31199|0xb2821f|9|67258415
31199|0x1b2821f|10|134527498
31199|0x3b2821f|11|269098623
31199|0x3b2821f|12|538798378
31199|0xbb2821f|13|1077081108
31199|0x1bb2821f|14|2154357498
31199|0x1bb2821f|15|4328135109
31199|0x1bb2821f|16|7010853567
31199|0x9bb2821f|17|14551245972
31199|0x19bb2821f|18|27140428542
31199|0x39bb2821f|19|58351406425
31199|0x79bb2821f|20|108233239242
31199|0xf9bb2821f|21|222840097585
31199|0x1f9bb2821f|22|432961414405
31199|0x3f9bb2821f|23|865564879001
31199|0x3f9bb2821f|24|1728989470787
31311|0x5caf|1|216650
31311|0x5caf|2|471982
31311|0x5caf|3|906559
31311|0x5caf|4|2054169
31311|0x85caf|5|4200218
31311|0x85caf|6|8337530
31311|0x85caf|7|16697238
31311|0x485caf|8|33664031
31311|0xc85caf|9|67113202
31311|0xc85caf|10|134414218
31311|0x2c85caf|11|268945888
31311|0x2c85caf|12|538291338
31311|0xac85caf|13|1029735502
31311|0x1ac85caf|14|1904183807
31311|0x1ac85caf|15|3883479855
31311|0x5ac85caf|16|7402746219
31311|0xdac85caf|17|13967774941
31311|0x1dac85caf|18|27113293739
31311|0x3dac85caf|19|59141272960
31311|0x7dac85caf|20|109674035915
31311|0x7dac85caf|21|216371493673
31311|0x17dac85caf|22|433453038130
31311|0x37dac85caf|23|865128979984
31311|0x37dac85caf|24|1727958986248
31423|0xf53f|1|214089
31423|0x1f53f|2|477101
31423|0x3f53f|3|1046472
31423|0x7f53f|4|2014739
31423|0x7f53f|5|4128977
31423|0x17f53f|6|8362463
31423|0x17f53f|7|16909798
31423|0x57f53f|8|33635785
31423|0xd7f53f|9|67685917
31423|0xd7f53f|10|134960353
31423|0xd7f53f|11|269704931
31423|0x4d7f53f|12|539369042
31423|0xcd7f53f|13|1008322906
31423|0xcd7f53f|14|2156417928
31423|0xcd7f53f|15|3536835001
31423|0xcd7f53f|16|7856492939
31423|0x8cd7f53f|17|14052565544
31423|0x8cd7f53f|18|28029893133
31423|0x8cd7f53f|19|54038209212
31423|0x8cd7f53f|20|107987661239
31423|0x88cd7f53f|21|215296704716
31423|0x88cd7f53f|22|443222501474
31423|0x88cd7f53f|23|867557759893
31423|0x88cd7f53f|24|1728827827511
31533|0x8ca5|1|616720
31533|0x8ca5|2|480380
31533|0x8ca5|3|909402
31533|0x48ca5|4|2084498
31533|0x48ca5|5|4217318
31533|0x48ca5|6|8381617
31533|0x248ca5|7|16871050
31533|0x248ca5|8|33731367
31533|0x248ca5|9|67420837
31533|0x248ca5|10|134963282
31533|0x2248ca5|11|269193575
31533|0x2248ca5|12|539302196
31533|0x2248ca5|13|1077869406
31533|0x12248ca5|14|2013114040
31533|0x12248ca5|15|4312420987
31533|0x52248ca5|16|8632991236
31533|0x52248ca5|17|13970267450
31533|0x52248ca5|18|34496832432
31533|0x252248ca5|19|55083581770
31533|0x252248ca5|20|108384930276
31533|0x252248ca5|21|216974866070
31533|0x252248ca5|22|437368451209
31533|0x2252248ca5|23|863661504961
31533|0x2252248ca5|24|1729709143333
31643|0x7293|1|217034
31643|0x7293|2|476186
31643|0x27293|3|1035187
31643|0x27293|4|2133347
31643|0xa7293|5|4070984
31643|0xa7293|6|8572157
31643|0x2a7293|7|16811060
31643|0x6a7293|8|29689719
31643|0xea7293|9|67382162
31643|0x1ea7293|10|134848496
31643|0x3ea7293|11|269797868
31643|0x7ea7293|12|426277410
31643|0x7ea7293|13|1088655508
31643|0x17ea7293|14|1717948218
31643|0x37ea7293|15|3987539903
31643|0x37ea7293|16|7149110730
31643|0xb7ea7293|17|15324899111
31643|0x1b7ea7293|18|27198712229
31643|0x1b7ea7293|19|55458221367
31643|0x1b7ea7293|20|108178895396
31643|0x9b7ea7293|21|215609655111
31643|0x9b7ea7293|22|433809538326
31643|0x9b7ea7293|23|871635314045
31643|0x49b7ea7293|24|1729084496964
32099|0xec4b|1|623794
32099|0xec4b|2|478782
32099|0xec4b|3|1038970
32099|0x4ec4b|4|2117342
32099|0xcec4b|5|4125670
32099|0xcec4b|6|8482766
32099|0x2cec4b|7|16786083
32099|0x6cec4b|8|33609684
32099|0xecec4b|9|67525310
32099|0x1ecec4b|10|135007347
32099|0x3ecec4b|11|270375503
32099|0x7ecec4b|12|513241580
32099|0x7ecec4b|13|1109435956
32099|0x7ecec4b|14|1934273010
32099|0x7ecec4b|15|4075686119
32099|0x47ecec4b|16|8577415134
32099|0xc7ecec4b|17|13516718355
32099|0xc7ecec4b|18|27596561818
32099|0xc7ecec4b|19|59678311362
32099|0x4c7ecec4b|20|108538409048
32099|0xcc7ecec4b|21|216423422263
32099|0x1cc7ecec4b|22|434701716748
32099|0x1cc7ecec4b|23|866357738775
32099|0x5cc7ecec4b|24|1728413596428
32211|0xe25b|1|218320
32211|0x1e25b|2|481127
32211|0x1e25b|3|1061150
32211|0x5e25b|4|1964146
32211|0x5e25b|5|4234500
32211|0x5e25b|6|8361407
32211|0x25e25b|7|16839708
32211|0x65e25b|8|33847441
32211|0xe5e25b|9|67476608
32211|0x1e5e25b|10|134962909
32211|0x1e5e25b|11|270054370
32211|0x1e5e25b|12|540694676
32211|0x1e5e25b|13|863582414
32211|0x11e5e25b|14|1698051646
32211|0x11e5e25b|15|4323930436
32211|0x11e5e25b|16|6793909934
32211|0x11e5e25b|17|17301726547
32211|0x11e5e25b|18|28163464485
32211|0x11e5e25b|19|54016114267
32211|0x411e5e25b|20|107789303592
32211|0xc11e5e25b|21|220634754336
32211|0x1c11e5e25b|22|432065452770
32211|0x3c11e5e25b|23|865193491749
32211|0x7c11e5e25b|24|1729001659522
32321|0x91c1|1|218474
32321|0x91c1|2|479903
32321|0x291c1|3|1043967
32321|0x691c1|4|2128394
32321|0xe91c1|5|4099708
32321|0x1e91c1|6|8495424
32321|0x1e91c1|7|16825660
32321|0x1e91c1|8|33649940
32321|0x9e91c1|9|52810888
32321|0x9e91c1|10|134897521
32321|0x9e91c1|11|270137948
32321|0x49e91c1|12|540387528
32321|0xc9e91c1|13|1125851777
32321|0xc9e91c1|14|2163532558
32321|0xc9e91c1|15|4325341609
32321|0x4c9e91c1|16|8015750356
32321|0xcc9e91c1|17|13654464718
32321|0xcc9e91c1|18|27240265287
32321|0x2cc9e91c1|19|57379288116
32321|0x6cc9e91c1|20|109675526130
32321|0x6cc9e91c1|21|218156211655
32321|0x16cc9e91c1|22|433061375511
32321|0x16cc9e91c1|23|866010111433
32321|0x16cc9e91c1|24|1725095560885
32437|0xff9d|1|215827
32437|0xff9d|2|480439
32437|0xff9d|3|1043502
32437|0x4ff9d|4|1970582
32437|0xcff9d|5|4263685
32437|0xcff9d|6|8395304
32437|0xcff9d|7|16788758
32437|0xcff9d|8|33914997
32437|0xcff9d|9|67543321
32437|0x10cff9d|10|135281403
32437|0x10cff9d|11|270365070
32437|0x50cff9d|12|540754910
32437|0xd0cff9d|13|1081839129
32437|0xd0cff9d|14|1869084390
32437|0x2d0cff9d|15|4327251069
32437|0x6d0cff9d|16|6825929754
32437|0xed0cff9d|17|14283978469
32437|0xed0cff9d|18|26996065772
32437|0xed0cff9d|19|56204071965
32437|0x4ed0cff9d|20|110324190010
32437|0xced0cff9d|21|215100123520
32437|0x1ced0cff9d|22|431452125023
32437|0x3ced0cff9d|23|863560141580
32437|0x7ced0cff9d|24|1730602663514
32549|0x84ad|1|630780
32549|0x184ad|2|483045
32549|0x384ad|3|1071778
32549|0x784ad|4|2116369
32549|0xf84ad|5|4128625
32549|0x1f84ad|6|8406255
32549|0x3f84ad|7|16937274
32549|0x3f84ad|8|33707171
32549|0x3f84ad|9|67337298
32549|0x3f84ad|10|135086902
32549|0x3f84ad|11|270281970
32549|0x43f84ad|12|540733463
32549|0x43f84ad|13|927073564
32549|0x43f84ad|14|2163530576
32549|0x243f84ad|15|4328368161
32549|0x643f84ad|16|6879733119
32549|0x643f84ad|17|13719430904
32549|0x643f84ad|18|27341128053
32549|0x2643f84ad|19|56212234289
32549|0x6643f84ad|20|108875559169
32549|0xe643f84ad|21|219472433524
32549|0x1e643f84ad|22|432627296017
32549|0x3e643f84ad|23|867566714678
32549|0x7e643f84ad|24|1730532385907
32659|0x769b|1|216850
32659|0x1769b|2|483861
32659|0x3769b|3|1048488
32659|0x7769b|4|2138073
32659|0x7769b|5|4123780
32659|0x7769b|6|8462519
32659|0x27769b|7|16981519
32659|0x27769b|8|33751122
32659|0xa7769b|9|67727694
32659|0xa7769b|10|135364085
32659|0xa7769b|11|270903697
32659|0x4a7769b|12|541496618
32659|0x4a7769b|13|1072759606
32659|0x4a7769b|14|1850430085
32659|0x4a7769b|15|4333217336
32659|0x44a7769b|16|6834757539
32659|0xc4a7769b|17|17166565114
32659|0xc4a7769b|18|27025776931
32659|0xc4a7769b|19|54060436326
32659|0xc4a7769b|20|107838888690
32659|0xc4a7769b|21|218874880520
32659|0xc4a7769b|22|433262886748
32659|0xc4a7769b|23|863254048432
32659|0xc4a7769b|24|1729289295106
32969|0x19979|1|366443
32969|0x39979|2|873141
32969|0x39979|3|1784900
32969|0x39979|4|3949181
32969|0x139979|5|7892490
32969|0x339979|6|16076043
32969|0x739979|7|31885293
32969|0xf39979|8|63734566
32969|0xf39979|9|127829139
32969|0xf39979|10|255460645
32969|0x4f39979|11|511494030
32969|0x4f39979|12|1023343909
32969|0x14f39979|13|2045779424
32969|0x14f39979|14|4092199786
32969|0x54f39979|15|7076441388
32969|0xd4f39979|16|14030146340
32969|0x1d4f39979|17|28736866729
32969|0x3d4f39979|18|58161821820
32969|0x7d4f39979|19|112545600358
32969|0x7d4f39979|20|223490405491
32969|0x7d4f39979|21|447423747119
32969|0x27d4f39979|22|888257880113
32969|0x67d4f39979|23|1767070161168
32969|0x67d4f39979|24|3523573811947
33101|0x9f85|1|369040
33101|0x29f85|2|872062
33101|0x69f85|3|1729113
33101|0x69f85|4|3881879
33101|0x69f85|5|7728944
33101|0x269f85|6|15589539
33101|0x269f85|7|31195142
33101|0x269f85|8|62512028
33101|0x269f85|9|124996779
33101|0x2269f85|10|249834439
33101|0x6269f85|11|499669615
33101|0x6269f85|12|998631140
33101|0x16269f85|13|1779849624
33101|0x36269f85|14|3995059455
33101|0x76269f85|15|7990218657
33101|0x76269f85|16|13332640173
33101|0x176269f85|17|27733691573
33101|0x376269f85|18|54884651687
33101|0x776269f85|19|110857236220
33101|0xf76269f85|20|218667897442
33101|0x1f76269f85|21|438071908004
33101|0x1f76269f85|22|871577366908
33101|0x1f76269f85|23|1748881795888
33101|0x1f76269f85|24|3523515996451
33207|0x12c07|1|369151
33207|0x32c07|2|875302
33207|0x72c07|3|1876468
33207|0x72c07|4|3818420
33207|0x172c07|5|7669749
33207|0x172c07|6|15620132
33207|0x572c07|7|31266786
33207|0xd72c07|8|62574942
33207|0x1d72c07|9|113753223
33207|0x3d72c07|10|206859556
33207|0x7d72c07|11|500096320
33207|0xfd72c07|12|828462444
33207|0xfd72c07|13|2000266472
33207|0xfd72c07|14|3687265707
33207|0x4fd72c07|15|6648062338
33207|0xcfd72c07|16|13796851109
33207|0xcfd72c07|17|27991611788
33207|0xcfd72c07|18|54039340966
33207|0xcfd72c07|19|119028118365
33207|0xcfd72c07|20|217256821769
33207|0x10cfd72c07|21|437675899557
33207|0x10cfd72c07|22|871575333553
33207|0x50cfd72c07|23|1747521986730
33207|0xd0cfd72c07|24|3523160494548
33315|0x13d8b|1|325380
33315|0x13d8b|2|845696
33315|0x53d8b|3|1926127
33315|0xd3d8b|4|3782806
33315|0x1d3d8b|5|7881248
33315|0x1d3d8b|6|15533647
33315|0x5d3d8b|7|31134582
33315|0x5d3d8b|8|62336632
33315|0x5d3d8b|9|125007544
33315|0x25d3d8b|10|250103087
33315|0x65d3d8b|11|500012175
33315|0xe5d3d8b|12|870239767
33315|0x1e5d3d8b|13|2000801526
33315|0x1e5d3d8b|14|3566340035
33315|0x1e5d3d8b|15|6682130808
33315|0x9e5d3d8b|16|14480043213
33315|0x19e5d3d8b|17|28136745881
33315|0x19e5d3d8b|18|55181412829
33315|0x59e5d3d8b|19|109246240178
33315|0x59e5d3d8b|20|221324225202
33315|0x159e5d3d8b|21|439389380273
33315|0x359e5d3d8b|22|871937224734
33315|0x759e5d3d8b|23|1750199282973
33315|0xf59e5d3d8b|24|3523062974538
33445|0x1952d|1|361288
33445|0x3952d|2|772168
33445|0x3952d|3|1841752
33445|0x3952d|4|3794338
33445|0x13952d|5|7893938
33445|0x33952d|6|15517266
33445|0x33952d|7|31309678
33445|0x33952d|8|62277704
33445|0x133952d|9|125050845
33445|0x133952d|10|250194992
33445|0x133952d|11|500455655
33445|0x933952d|12|1000439731
33445|0x933952d|13|2000890991
33445|0x2933952d|14|4008273226
33445|0x6933952d|15|7173453340
33445|0x6933952d|16|13331676945
33445|0x6933952d|17|32012055369
33445|0x6933952d|18|59651006968
33445|0x6933952d|19|109227804656
33445|0x6933952d|20|218316017737
33445|0x106933952d|21|441053643335
33445|0x106933952d|22|871809703372
33445|0x106933952d|23|1747428692985
33445|0x106933952d|24|3523369110180
33539|0x7fab|1|367677
33539|0x27fab|2|828546
33539|0x67fab|3|1789767
33539|0xe7fab|4|3845707
33539|0xe7fab|5|7811669
33539|0xe7fab|6|15585876
33539|0xe7fab|7|31289682
33539|0x8e7fab|8|62537676
33539|0x18e7fab|9|125032168
33539|0x18e7fab|10|250026682
33539|0x18e7fab|11|500285086
33539|0x18e7fab|12|1000642252
33539|0x118e7fab|13|2001640492
33539|0x318e7fab|14|4001913266
33539|0x318e7fab|15|6694577602
33539|0xb18e7fab|16|15590580097
33539|0xb18e7fab|17|27452133673
33539|0x2b18e7fab|18|54510759431
33539|0x6b18e7fab|19|110179581082
33539|0x6b18e7fab|20|245430291164
33539|0x16b18e7fab|21|713587928870
33539|0x36b18e7fab|22|1427330348090
33539|0x36b18e7fab|23|2958030732644
33539|0xb6b18e7fab|24|5788715000530
33741|0x2105|1|581976
33741|0x2105|2|1378934
33741|0x2105|3|3063103
33741|0x2105|4|6321088
33741|0x2105|5|12765799
33741|0x2105|6|25559086
33741|0x2105|7|51118358
33741|0x2105|8|102228622
33741|0x1002105|9|204635943
33741|0x3002105|10|409314249
33741|0x3002105|11|713568695
33741|0xb002105|12|1495218292
33741|0xb002105|13|2699437660
33741|0x2b002105|14|6541059336
33741|0x2b002105|15|10817267179
33741|0xab002105|16|21701988629
33741|0xab002105|17|48179303939
33741|0x2ab002105|18|89081591283
33741|0x6ab002105|19|178856294776
33741|0xeab002105|20|361106035748
33741|0xeab002105|21|714521473495
33741|0xeab002105|22|1429509074026
33741|0x4eab002105|23|2860480938924
33741|0xceab002105|24|5718352465503
34121|0x17cf9|1|582765
34121|0x37cf9|2|1412277
34121|0x77cf9|3|3056472
34121|0x77cf9|4|6338774
34121|0x177cf9|5|12681613
34121|0x377cf9|6|25515875
34121|0x777cf9|7|51063869
34121|0x777cf9|8|102295921
34121|0x777cf9|9|204735883
34121|0x2777cf9|10|409622345
34121|0x2777cf9|11|819404227
34121|0xa777cf9|12|1638904042
34121|0x1a777cf9|13|3030555685
34121|0x3a777cf9|14|6144142127
34121|0x7a777cf9|15|12131942636
34121|0x7a777cf9|16|26225143031
34121|0x17a777cf9|17|48310673289
34121|0x17a777cf9|18|90774971200
34121|0x57a777cf9|19|179750363930
34121|0x57a777cf9|20|357900200984
34121|0x157a777cf9|21|713500858788
34121|0x157a777cf9|22|1427905171309
34121|0x557a777cf9|23|2853893386841
34121|0x557a777cf9|24|5700105489966
34293|0x3e5d|1|579708
34293|0x23e5d|2|1390612
34293|0x63e5d|3|3083410
34293|0x63e5d|4|6318443
34293|0x63e5d|5|12674099
34293|0x263e5d|6|25526117
34293|0x263e5d|7|51108551
34293|0x263e5d|8|102204949
34293|0x1263e5d|9|204542559
34293|0x1263e5d|10|391610551
34293|0x1263e5d|11|818442356
34293|0x9263e5d|12|1636697642
34293|0x9263e5d|13|3273739802
34293|0x29263e5d|14|6547599835
34293|0x69263e5d|15|13096198717
34293|0xe9263e5d|16|23470040191
34293|0xe9263e5d|17|49126410393
34293|0xe9263e5d|18|95756469217
34293|0xe9263e5d|19|180414078984
34293|0xe9263e5d|20|357253548063
34293|0xe9263e5d|21|713950765218
34293|0xe9263e5d|22|1424919521324
34293|0xe9263e5d|23|2848064644457
34293|0xe9263e5d|24|5695069586072
34491|0x1ce73|1|575825
34491|0x3ce73|2|1393039
34491|0x3ce73|3|3085343
34491|0xbce73|4|6352428
34491|0x1bce73|5|12704242
34491|0x3bce73|6|25436785
34491|0x7bce73|7|43348922
34491|0xfbce73|8|102229956
34491|0xfbce73|9|204659685
34491|0x2fbce73|10|409252008
34491|0x6fbce73|11|818733540
34491|0xefbce73|12|1463284169
34491|0xefbce73|13|3275232943
34491|0xefbce73|14|6336942259
34491|0x4efbce73|15|11720814161
34491|0xcefbce73|16|22331838493
34491|0x1cefbce73|17|52343251771
34491|0x3cefbce73|18|89366159648
34491|0x3cefbce73|19|180661321271
34491|0x3cefbce73|20|359860165907
34491|0x3cefbce73|21|711841051896
34491|0x23cefbce73|22|1423792075868
34491|0x23cefbce73|23|2848403695037
34491|0xa3cefbce73|24|5710613110263
34663|0xa457|1|584374
34663|0xa457|2|1412735
34663|0x4a457|3|3074880
34663|0xca457|4|6372129
34663|0xca457|5|12745529
34663|0xca457|6|25510027
34663|0x4ca457|7|51173630
34663|0xcca457|8|93282821
34663|0x1cca457|9|204684693
34663|0x1cca457|10|409481232
34663|0x5cca457|11|819061149
34663|0x5cca457|12|1638131353
34663|0x5cca457|13|3276005603
34663|0x5cca457|14|6552516478
34663|0x45cca457|15|11396679711
34663|0x45cca457|16|23174525430
34663|0x145cca457|17|53264523608
34663|0x345cca457|18|104685674508
34663|0x345cca457|19|181105729644
34663|0x345cca457|20|358925357080
34663|0x345cca457|21|714617735129
34663|0x2345cca457|22|1423271519040
34663|0x2345cca457|23|2846540098453
34663|0x2345cca457|24|5741434062051
35059|0x1d03b|1|586518
35059|0x1d03b|2|1398983
35059|0x1d03b|3|3107114
35059|0x9d03b|4|6229102
35059|0x19d03b|5|12670695
35059|0x39d03b|6|25467026
35059|0x39d03b|7|51103197
35059|0xb9d03b|8|102361738
35059|0x1b9d03b|9|204813013
35059|0x3b9d03b|10|409753807
35059|0x3b9d03b|11|819758818
35059|0x3b9d03b|12|1609514209
35059|0x3b9d03b|13|3278588809
35059|0x3b9d03b|14|6556828769
35059|0x43b9d03b|15|12448844264
35059|0x43b9d03b|16|26225394972
35059|0x143b9d03b|17|54023878216
35059|0x343b9d03b|18|107602243706
35059|0x743b9d03b|19|188954118594
35059|0x743b9d03b|20|358164672171
35059|0x743b9d03b|21|711329340296
35059|0x2743b9d03b|22|1423041657319
35059|0x6743b9d03b|23|2844855760564
35059|0x6743b9d03b|24|5689842243843
35247|0x6d4f|1|585166
35247|0x26d4f|2|1415097
35247|0x26d4f|3|3106285
35247|0xa6d4f|4|6238493
35247|0xa6d4f|5|12685256
35247|0x2a6d4f|6|25523414
35247|0x2a6d4f|7|51056115
35247|0xaa6d4f|8|102278159
35247|0x1aa6d4f|9|182395223
35247|0x1aa6d4f|10|409727770
35247|0x1aa6d4f|11|772290703
35247|0x9aa6d4f|12|1639594993
35247|0x19aa6d4f|13|3279393849
35247|0x19aa6d4f|14|6558604487
35247|0x59aa6d4f|15|10939407372
35247|0xd9aa6d4f|16|26235054828
35247|0x1d9aa6d4f|17|53361083318
35247|0x1d9aa6d4f|18|98015598328
35247|0x1d9aa6d4f|19|191606345570
35247|0x1d9aa6d4f|20|355246250536
35247|0x1d9aa6d4f|21|710549290901
35247|0x1d9aa6d4f|22|1422543824518
35247|0x41d9aa6d4f|23|2844823661865
35247|0xc1d9aa6d4f|24|5695906313077
35411|0x49db|1|580321
35411|0x49db|2|1430575
35411|0x49db|3|3113604
35411|0x849db|4|6248086
35411|0x849db|5|12706307
35411|0x849db|6|25586593
35411|0x849db|7|51151838
35411|0x8849db|8|102315624
35411|0x8849db|9|177293313
35411|0x8849db|10|409881534
35411|0x48849db|11|820147533
35411|0x48849db|12|1375738762
35411|0x148849db|13|3279971269
35411|0x348849db|14|6560360330
35411|0x348849db|15|13120549783
35411|0xb48849db|16|26241288350
35411|0xb48849db|17|50874724461
35411|0xb48849db|18|96541253804
35411|0x4b48849db|19|214287659140
35411|0xcb48849db|20|358118426614
35411|0x1cb48849db|21|710924524545
35411|0x3cb48849db|22|1421773366544
35411|0x3cb48849db|23|2843681109671
35411|0x3cb48849db|24|5696599667160
35607|0x15ca7|1|592083
35607|0x35ca7|2|1406601
35607|0x75ca7|3|3123393
35607|0xf5ca7|4|6285851
35607|0x1f5ca7|5|12727643
35607|0x3f5ca7|6|25472731
35607|0x3f5ca7|7|51132947
35607|0x3f5ca7|8|102405376
35607|0x13f5ca7|9|183987463
35607|0x13f5ca7|10|377968566
35607|0x53f5ca7|11|820107704
35607|0x53f5ca7|12|1640457580
35607|0x53f5ca7|13|3281463792
35607|0x253f5ca7|14|6562521096
35607|0x653f5ca7|15|13125513542
35607|0xe53f5ca7|16|26251206240
35607|0xe53f5ca7|17|55213340545
35607|0x2e53f5ca7|18|107741164425
35607|0x6e53f5ca7|19|198220862018
35607|0xee53f5ca7|20|360164571707
35607|0x1ee53f5ca7|21|710692944387
35607|0x1ee53f5ca7|22|1422624669472
35607|0x5ee53f5ca7|23|2846547314723
35607|0x5ee53f5ca7|24|5746442419944
