45|0x25|1|13125
45|0xa5|2|8957
45|0x1a5|3|10103
45|0x3a5|4|11857
45|0x7a5|5|16789
45|0xfa5|6|25095
45|0xfa5|7|45946
45|0xfa5|8|86562
45|0x4fa5|9|169363
45|0x4fa5|10|331268
45|0x4fa5|11|655774
45|0x24fa5|12|1303541
45|0x24fa5|13|2646287
45|0xa4fa5|14|5240907
45|0x1a4fa5|15|14606886
45|0x3a4fa5|16|53045154
45|0x7a4fa5|17|74064727
45|0xfa4fa5|18|144933485
45|0xfa4fa5|19|91914348
45|0xfa4fa5|20|177942996
45|0x4fa4fa5|21|369984436
45|0x4fa4fa5|22|750186259
45|0x4fa4fa5|23|1555738499
45|0x24fa4fa5|24|3203588884
8969|0x5b39|1|170772
8969|0x5b39|2|363657
8969|0x5b39|3|849133
8969|0x5b39|4|1576158
8969|0x45b39|5|3244341
8969|0x45b39|6|6438358
8969|0x45b39|7|12965407
8969|0x245b39|8|25888040
8969|0x645b39|9|30773046
8969|0x645b39|10|62159426
8969|0x645b39|11|124371202
8969|0x645b39|12|248088975
8969|0x4645b39|13|500493614
8969|0x4645b39|14|827855568
8969|0x4645b39|15|1851378310
8969|0x24645b39|16|3409511780
8969|0x24645b39|17|6752704186
8969|0x24645b39|18|13503020047
8969|0x124645b39|19|29540443022
8969|0x124645b39|20|55648548866
8969|0x524645b39|21|110159114136
8969|0xd24645b39|22|219510295032
8969|0x1d24645b39|23|443255932845
8969|0x1d24645b39|24|880460144613
9161|0x6679|1|88672
9161|0x6679|2|201878
9161|0x16679|3|444397
9161|0x16679|4|890187
9161|0x56679|5|1976164
9161|0x56679|6|3736388
9161|0x56679|7|7867623
9161|0x56679|8|15371093
9161|0x456679|9|30740055
9161|0xc56679|10|61168469
9161|0xc56679|11|121970235
9161|0xc56679|12|244419504
9161|0xc56679|13|488452741
9161|0x8c56679|14|991325213
9161|0x8c56679|15|1996414100
9161|0x28c56679|16|4016535556
9161|0x28c56679|17|6659856587
9161|0x28c56679|18|13620552401
9161|0x128c56679|19|29003756206
9161|0x128c56679|20|55966455307
9161|0x528c56679|21|110024241141
9161|0x528c56679|22|218880602467
9161|0x528c56679|23|443023868311
9161|0x2528c56679|24|879764502769
10021|0x1cad|1|103284
10021|0x9cad|2|238913
10021|0x19cad|3|496596
10021|0x39cad|4|1022173
10021|0x79cad|5|1962176
10021|0xf9cad|6|3977008
10021|0xf9cad|7|7744817
10021|0x2f9cad|8|15751939
10021|0x6f9cad|9|31517177
10021|0x6f9cad|10|62657793
10021|0x16f9cad|11|117205273
10021|0x36f9cad|12|245938746
10021|0x36f9cad|13|501017770
10021|0x36f9cad|14|929699969
10021|0x36f9cad|15|2004131599
10021|0x36f9cad|16|3986353699
10021|0x36f9cad|17|7075843014
10021|0x836f9cad|18|13695334385
10021|0x1836f9cad|19|27536017103
10021|0x3836f9cad|20|56590354461
10021|0x3836f9cad|21|109833915363
10021|0xb836f9cad|22|220669028468
10021|0x1b836f9cad|23|436863993276
10021|0x1b836f9cad|24|875365905600
10107|0x1fb3|1|86862
10107|0x9fb3|2|233487
10107|0x19fb3|3|498368
10107|0x19fb3|4|1017004
10107|0x59fb3|5|1953718
10107|0xd9fb3|6|3908442
10107|0xd9fb3|7|7718805
10107|0x2d9fb3|8|15705757
10107|0x6d9fb3|9|31393209
10107|0x6d9fb3|10|62634779
10107|0x6d9fb3|11|125146910
10107|0x6d9fb3|12|249442881
10107|0x6d9fb3|13|501390741
10107|0x86d9fb3|14|1007553832
10107|0x86d9fb3|15|2004606646
10107|0x86d9fb3|16|4003757810
10107|0x486d9fb3|17|6760430912
10107|0xc86d9fb3|18|13450881668
10107|0x1c86d9fb3|19|27151010069
10107|0x1c86d9fb3|20|56076537669
10107|0x5c86d9fb3|21|110066293522
10107|0x5c86d9fb3|22|218979534496
10107|0x15c86d9fb3|23|444102284803
10107|0x15c86d9fb3|24|875154071375
10233|0x6a49|1|91076
10233|0xea49|2|211688
10233|0x1ea49|3|501239
10233|0x3ea49|4|1003230
10233|0x3ea49|5|2053090
10233|0x3ea49|6|3924923
10233|0x3ea49|7|8012036
10233|0x3ea49|8|15793464
10233|0x3ea49|9|30432004
10233|0x83ea49|10|63460020
10233|0x183ea49|11|126821414
10233|0x383ea49|12|253504052
10233|0x783ea49|13|428213749
10233|0xf83ea49|14|1018414653
10233|0x1f83ea49|15|1958412117
10233|0x1f83ea49|16|3999490019
10233|0x5f83ea49|17|6938221712
10233|0x5f83ea49|18|13714658920
10233|0x5f83ea49|19|29417979738
10233|0x25f83ea49|20|54560659858
10233|0x65f83ea49|21|109703303711
10233|0x65f83ea49|22|220030089890
10233|0x65f83ea49|23|438746001851
10233|0x65f83ea49|24|875150260782
11085|0x585|1|100588
11085|0x585|2|217236
11085|0x10585|3|487004
11085|0x10585|4|1006503
11085|0x50585|5|1879104
11085|0x50585|6|4073581
11085|0x150585|7|7884823
11085|0x150585|8|15942711
11085|0x550585|9|31904277
11085|0xd50585|10|63528948
11085|0xd50585|11|127431449
11085|0xd50585|12|254896782
11085|0xd50585|13|482534099
11085|0x8d50585|14|1019272433
11085|0x18d50585|15|1836354912
11085|0x18d50585|16|3560042104
11085|0x58d50585|17|8176750816
11085|0xd8d50585|18|14032877494
11085|0x1d8d50585|19|27327941882
11085|0x3d8d50585|20|54435022999
11085|0x7d8d50585|21|109310346387
11085|0xfd8d50585|22|220708625539
11085|0x1fd8d50585|23|437485614868
11085|0x1fd8d50585|24|872313044702
11169|0x7861|1|91405
11169|0x7861|2|191858
11169|0x7861|3|461287
11169|0x7861|4|1035297
11169|0x47861|5|2024428
11169|0xc7861|6|3907802
11169|0x1c7861|7|7756280
11169|0x3c7861|8|15840980
11169|0x7c7861|9|31688949
11169|0xfc7861|10|63181853
11169|0x1fc7861|11|126335433
11169|0x1fc7861|12|252198800
11169|0x1fc7861|13|508763295
11169|0x9fc7861|14|1015812018
11169|0x19fc7861|15|2044581337
11169|0x19fc7861|16|4065075830
11169|0x59fc7861|17|6947240851
11169|0x59fc7861|18|16240381862
11169|0x59fc7861|19|26826855156
11169|0x259fc7861|20|54369229855
11169|0x259fc7861|21|113579859563
11169|0xa59fc7861|22|219758295152
11169|0xa59fc7861|23|437255780891
11169|0x2a59fc7861|24|872236815007
12059|0x1313|1|107872
12059|0x9313|2|229786
12059|0x9313|3|442534
12059|0x9313|4|887771
12059|0x9313|5|2000805
12059|0x9313|6|3912029
12059|0x109313|7|8044464
12059|0x109313|8|15855024
12059|0x509313|9|31597730
12059|0xd09313|10|63416057
12059|0x1d09313|11|126366098
12059|0x1d09313|12|250068095
12059|0x5d09313|13|503510490
12059|0xdd09313|14|866543796
12059|0xdd09313|15|1764621944
12059|0xdd09313|16|4110288599
12059|0x4dd09313|17|7055365167
12059|0xcdd09313|18|13368372434
12059|0x1cdd09313|19|31807538799
12059|0x3cdd09313|20|55681531180
12059|0x3cdd09313|21|110088475572
12059|0x3cdd09313|22|219950409846
12059|0x13cdd09313|23|441541388605
12059|0x33cdd09313|24|871515482197
12167|0x6637|1|94617
12167|0x6637|2|228420
12167|0x6637|3|502598
12167|0x26637|4|1012442
12167|0x26637|5|1995863
12167|0xa6637|6|4012017
12167|0xa6637|7|7841266
12167|0xa6637|8|15901918
12167|0x4a6637|9|31846252
12167|0x4a6637|10|63513295
12167|0x4a6637|11|126904359
12167|0x4a6637|12|254065106
12167|0x4a6637|13|508339555
12167|0x4a6637|14|1016900291
12167|0x104a6637|15|2036032046
12167|0x104a6637|16|3398953766
12167|0x504a6637|17|7016914321
12167|0x504a6637|18|13697142208
12167|0x504a6637|19|27258788712
12167|0x504a6637|20|54820950162
12167|0x504a6637|21|107664540163
12167|0x8504a6637|22|220086369122
12167|0x8504a6637|23|440483903386
12167|0x28504a6637|24|870112665265
12283|0x333|1|92354
12283|0x8333|2|196723
12283|0x18333|3|445600
12283|0x38333|4|999636
12283|0x38333|5|2070188
12283|0xb8333|6|3881127
12283|0xb8333|7|6834238
12283|0x2b8333|8|15785369
12283|0x6b8333|9|31659735
12283|0xeb8333|10|63359900
12283|0xeb8333|11|126577917
12283|0xeb8333|12|252995530
12283|0x4eb8333|13|505719043
12283|0x4eb8333|14|818839398
12283|0x14eb8333|15|2034904526
12283|0x14eb8333|16|3610662231
12283|0x54eb8333|17|7241551741
12283|0xd4eb8333|18|13905597120
12283|0xd4eb8333|19|28018104014
12283|0xd4eb8333|20|54148896217
12283|0xd4eb8333|21|109744007198
12283|0x8d4eb8333|22|219045594733
12283|0x8d4eb8333|23|440030542738
12283|0x8d4eb8333|24|871888039951
13121|0x5cc1|1|93848
13121|0x5cc1|2|199083
13121|0x5cc1|3|424347
13121|0x25cc1|4|929665
13121|0x65cc1|5|2057956
13121|0xe5cc1|6|3833527
13121|0xe5cc1|7|7907318
13121|0x2e5cc1|8|15739868
13121|0x6e5cc1|9|31535848
13121|0xee5cc1|10|62976974
13121|0x1ee5cc1|11|125868992
13121|0x3ee5cc1|12|252147337
13121|0x7ee5cc1|13|439293267
13121|0x7ee5cc1|14|1021734913
13121|0x7ee5cc1|15|2040503523
13121|0x7ee5cc1|16|3635364947
13121|0x7ee5cc1|17|6672998483
13121|0x87ee5cc1|18|13580592235
13121|0x187ee5cc1|19|26994437742
13121|0x187ee5cc1|20|54985385045
13121|0x187ee5cc1|21|108776875214
13121|0x987ee5cc1|22|217057104204
13121|0x987ee5cc1|23|437241395389
13121|0x987ee5cc1|24|870505418920
13223|0x4417|1|109563
13223|0x4417|2|228775
13223|0x14417|3|508330
13223|0x14417|4|1011981
13223|0x54417|5|1922600
13223|0x54417|6|4047794
13223|0x54417|7|7839371
13223|0x54417|8|15996230
13223|0x54417|9|32064965
13223|0x54417|10|63789801
13223|0x54417|11|127598106
13223|0x54417|12|255427701
13223|0x54417|13|510966722
13223|0x54417|14|1026052275
13223|0x10054417|15|1856298595
13223|0x10054417|16|3682740331
13223|0x10054417|17|6704810682
13223|0x90054417|18|14333117320
13223|0x190054417|19|27199892180
13223|0x390054417|20|55429086973
13223|0x790054417|21|109509124568
13223|0x790054417|22|219926704266
13223|0x790054417|23|435324248185
13223|0x2790054417|24|867975327382
14045|0x5175|1|95494
14045|0x5175|2|203554
14045|0x15175|3|435439
14045|0x35175|4|912962
14045|0x75175|5|2076113
14045|0x75175|6|3956291
14045|0x75175|7|8027267
14045|0x75175|8|15977182
14045|0x75175|9|32140082
14045|0x875175|10|64198992
14045|0x875175|11|128511236
14045|0x875175|12|256757360
14045|0x875175|13|513922161
14045|0x875175|14|1027501487
14045|0x875175|15|1907072486
14045|0x875175|16|4101143488
14045|0x875175|17|7997001646
14045|0x875175|18|14343097691
14045|0x100875175|19|29070541472
14045|0x300875175|20|54926505533
14045|0x700875175|21|110018779558
14045|0xf00875175|22|217476930167
14045|0x1f00875175|23|437517708630
14045|0x3f00875175|24|871158180658
14169|0x20e9|1|95867
14169|0xa0e9|2|221155
14169|0xa0e9|3|496626
14169|0x2a0e9|4|1040909
14169|0x6a0e9|5|2029136
14169|0x6a0e9|6|4071787
14169|0x6a0e9|7|7974560
14169|0x26a0e9|8|16163086
14169|0x26a0e9|9|32292305
14169|0x26a0e9|10|64520296
14169|0x26a0e9|11|102336161
14169|0x226a0e9|12|258046407
14169|0x626a0e9|13|516067645
14169|0x626a0e9|14|872059892
14169|0x1626a0e9|15|2063827030
14169|0x1626a0e9|16|3822039646
14169|0x1626a0e9|17|8219436165
14169|0x1626a0e9|18|15642351663
14169|0x1626a0e9|19|31282450062
14169|0x21626a0e9|20|56134815461
14169|0x61626a0e9|21|109408679487
14169|0x61626a0e9|22|217533960298
14169|0x61626a0e9|23|434825564890
14169|0x261626a0e9|24|867159631190
14265|0x1e89|1|111170
14265|0x9e89|2|234727
14265|0x9e89|3|499999
14265|0x29e89|4|1060716
14265|0x69e89|5|1891157
14265|0xe9e89|6|4096478
14265|0xe9e89|7|8024277
14265|0x2e9e89|8|16202285
14265|0x6e9e89|9|32185918
14265|0x6e9e89|10|64581608
14265|0x6e9e89|11|129178494
14265|0x6e9e89|12|258776841
14265|0x46e9e89|13|516478034
14265|0xc6e9e89|14|1032565914
14265|0xc6e9e89|15|2036906707
14265|0xc6e9e89|16|3483334277
14265|0x4c6e9e89|17|6578115810
14265|0x4c6e9e89|18|13423169728
14265|0x14c6e9e89|19|26677173936
14265|0x14c6e9e89|20|60180759877
14265|0x54c6e9e89|21|109012662841
14265|0x54c6e9e89|22|216738384742
14265|0x54c6e9e89|23|437410398110
14265|0x54c6e9e89|24|870375915884
15051|0x5ae3|1|110364
15051|0xdae3|2|239052
15051|0x1dae3|3|510683
15051|0x1dae3|4|1027217
15051|0x1dae3|5|1936831
15051|0x1dae3|6|4359165
15051|0x11dae3|7|8059990
15051|0x11dae3|8|16208954
15051|0x51dae3|9|32291032
15051|0xd1dae3|10|64842578
15051|0xd1dae3|11|129691749
15051|0x2d1dae3|12|259018057
15051|0x2d1dae3|13|519106496
15051|0xad1dae3|14|973792389
15051|0xad1dae3|15|1718575854
15051|0x2ad1dae3|16|3598024327
15051|0x2ad1dae3|17|7178552481
15051|0xaad1dae3|18|13064106669
15051|0x1aad1dae3|19|27995423979
15051|0x3aad1dae3|20|54122206565
15051|0x7aad1dae3|21|108616194284
15051|0xfaad1dae3|22|217093739135
15051|0xfaad1dae3|23|440463364097
15051|0x2faad1dae3|24|873914165521
15157|0x7f1d|1|97244
15157|0x7f1d|2|208841
15157|0x7f1d|3|450808
15157|0x27f1d|4|907036
15157|0x27f1d|5|2097520
15157|0x27f1d|6|4084494
15157|0x127f1d|7|8171291
15157|0x327f1d|8|16540246
15157|0x727f1d|9|30403702
15157|0x727f1d|10|59423697
15157|0x1727f1d|11|119014898
15157|0x1727f1d|12|238148074
15157|0x1727f1d|13|476820696
15157|0x1727f1d|14|927449852
15157|0x11727f1d|15|1871046570
15157|0x11727f1d|16|3374434172
15157|0x11727f1d|17|6587117381
15157|0x11727f1d|18|13770050771
15157|0x111727f1d|19|27362012843
15157|0x311727f1d|20|56314629643
15157|0x311727f1d|21|112638012129
15157|0xb11727f1d|22|221054350507
15157|0x1b11727f1d|23|436206532974
15157|0x3b11727f1d|24|866210106154
15293|0x5795|1|110455
15293|0x5795|2|240238
15293|0x5795|3|513931
15293|0x5795|4|1032290
15293|0x5795|5|1945142
15293|0x5795|6|4156349
15293|0x105795|7|8112625
15293|0x105795|8|16358718
15293|0x505795|9|32518388
15293|0xd05795|10|65309226
15293|0xd05795|11|103376756
15293|0x2d05795|12|260590765
15293|0x2d05795|13|522251305
15293|0xad05795|14|1008026588
15293|0xad05795|15|2084679044
15293|0xad05795|16|3350766844
15293|0xad05795|17|6827398017
15293|0xad05795|18|13863185381
15293|0xad05795|19|27077003339
15293|0x20ad05795|20|54191102488
15293|0x20ad05795|21|108721293787
15293|0x20ad05795|22|216322429322
15293|0x20ad05795|23|440573912181
15293|0x20ad05795|24|862477999302
16035|0x650b|1|100579
16035|0x650b|2|214965
16035|0x1650b|3|479253
16035|0x1650b|4|1055171
16035|0x5650b|5|2140005
16035|0xd650b|6|4001233
16035|0xd650b|7|8304832
16035|0xd650b|8|16492488
16035|0xd650b|9|33126337
16035|0xd650b|10|65999745
16035|0x10d650b|11|132177612
16035|0x30d650b|12|263195659
16035|0x30d650b|13|460060719
16035|0x30d650b|14|1046380885
16035|0x130d650b|15|2082542088
16035|0x330d650b|16|3296879794
16035|0x730d650b|17|6923709409
16035|0xf30d650b|18|16874095815
16035|0xf30d650b|19|27737040674
16035|0xf30d650b|20|55768011504
16035|0xf30d650b|21|107969098670
16035|0x8f30d650b|22|215981847306
16035|0x18f30d650b|23|449724406256
16035|0x18f30d650b|24|863841461318
16149|0x183d|1|114847
16149|0x183d|2|244955
16149|0x1183d|3|525955
16149|0x3183d|4|1048914
16149|0x3183d|5|1997864
16149|0xb183d|6|4274680
16149|0xb183d|7|8409508
16149|0x2b183d|8|16981907
16149|0x2b183d|9|33885882
16149|0xab183d|10|67662587
16149|0x1ab183d|11|135445444
16149|0x3ab183d|12|270670864
16149|0x3ab183d|13|540238052
16149|0xbab183d|14|1024228599
16149|0x1bab183d|15|1701691386
16149|0x3bab183d|16|4023298333
16149|0x3bab183d|17|7584961329
16149|0x3bab183d|18|13339491939
16149|0x3bab183d|19|28569847318
16149|0x3bab183d|20|57188319433
16149|0x43bab183d|21|108612806816
16149|0xc3bab183d|22|216098105130
16149|0x1c3bab183d|23|435321159032
16149|0x1c3bab183d|24|864433283437
16269|0x1b45|1|100726
16269|0x1b45|2|215962
16269|0x11b45|3|463739
16269|0x31b45|4|1045215
16269|0x71b45|5|2146637
16269|0x71b45|6|4288647
16269|0x71b45|7|8380955
16269|0x271b45|8|16710522
16269|0x671b45|9|33740503
16269|0xe71b45|10|67682139
16269|0x1e71b45|11|135381390
16269|0x1e71b45|12|270591359
16269|0x5e71b45|13|541645766
16269|0x5e71b45|14|1081279485
16269|0x5e71b45|15|2155208208
16269|0x25e71b45|16|4303169276
16269|0x65e71b45|17|6765371800
16269|0x65e71b45|18|15019446651
16269|0x65e71b45|19|27461374828
16269|0x65e71b45|20|53952261628
16269|0x465e71b45|21|107833467801
16269|0x465e71b45|22|216254445618
16269|0x465e71b45|23|437436238041
16269|0x465e71b45|24|862334559454
16755|0xcbbb|1|190098
16755|0xcbbb|2|442937
16755|0x2cbbb|3|969097
16755|0x6cbbb|4|2007573
16755|0xecbbb|5|3887478
16755|0xecbbb|6|7930720
16755|0x2ecbbb|7|16116549
16755|0x6ecbbb|8|31875463
16755|0xeecbbb|9|63647748
16755|0x1eecbbb|10|127786934
16755|0x1eecbbb|11|255436023
16755|0x1eecbbb|12|509867526
16755|0x1eecbbb|13|1020897412
16755|0x1eecbbb|14|2026478981
16755|0x1eecbbb|15|3572167357
16755|0x1eecbbb|16|6687764434
16755|0x81eecbbb|17|13849507841
16755|0x81eecbbb|18|32397410892
16755|0x81eecbbb|19|59211442210
16755|0x81eecbbb|20|118060276537
16755|0x881eecbbb|21|221758918982
16755|0x1881eecbbb|22|445510128285
16755|0x1881eecbbb|23|890198558129
16755|0x1881eecbbb|24|1771352726452
16891|0xa133|1|186304
16891|0xa133|2|444015
16891|0xa133|3|971797
16891|0x4a133|4|1997206
16891|0xca133|5|3861402
16891|0x1ca133|6|7932715
16891|0x1ca133|7|15877162
16891|0x1ca133|8|31586885
16891|0x1ca133|9|63360444
16891|0x11ca133|10|126440329
16891|0x11ca133|11|253182106
16891|0x51ca133|12|506326730
16891|0xd1ca133|13|833421189
16891|0xd1ca133|14|2015852909
16891|0x2d1ca133|15|4078282214
16891|0x2d1ca133|16|7107929290
16891|0xad1ca133|17|13701195372
16891|0xad1ca133|18|27823163565
16891|0x2ad1ca133|19|56617073996
16891|0x6ad1ca133|20|111464833558
16891|0x6ad1ca133|21|222135722692
16891|0x6ad1ca133|22|439197723241
16891|0x6ad1ca133|23|871925081681
16891|0x6ad1ca133|24|1758964905662
16991|0x999f|1|188550
16991|0x999f|2|442791
16991|0x999f|3|974423
16991|0x4999f|4|1892917
16991|0x4999f|5|3958412
16991|0x14999f|6|7870926
16991|0x14999f|7|15632963
16991|0x54999f|8|31570819
16991|0x54999f|9|63053184
16991|0x154999f|10|125926532
16991|0x354999f|11|250790023
16991|0x754999f|12|502248024
16991|0xf54999f|13|1008138084
16991|0xf54999f|14|2021824143
16991|0xf54999f|15|4035421126
16991|0xf54999f|16|6932677920
16991|0x8f54999f|17|13643814224
16991|0x18f54999f|18|33040602248
16991|0x18f54999f|19|56126188748
16991|0x18f54999f|20|117560248711
16991|0x98f54999f|21|222155890701
16991|0x98f54999f|22|439324695413
16991|0x98f54999f|23|871019280710
16991|0x98f54999f|24|1759814195501
17105|0x5631|1|190651
17105|0x15631|2|445450
17105|0x15631|3|974480
17105|0x15631|4|1949142
17105|0x15631|5|3924595
17105|0x115631|6|7723611
17105|0x315631|7|15708619
17105|0x315631|8|31317715
17105|0xb15631|9|62658514
17105|0x1b15631|10|125251027
17105|0x3b15631|11|250978710
17105|0x7b15631|12|501640830
17105|0x7b15631|13|829658059
17105|0x7b15631|14|2021071758
17105|0x7b15631|15|4055847910
17105|0x7b15631|16|6886260985
17105|0x7b15631|17|13712821454
17105|0x7b15631|18|27224947797
17105|0x207b15631|19|56499966634
17105|0x607b15631|20|118760749179
17105|0xe07b15631|21|223672730331
17105|0x1e07b15631|22|438754965591
17105|0x1e07b15631|23|870647553933
17105|0x1e07b15631|24|1759643607391
17235|0xf8db|1|190745
17235|0xf8db|2|446830
17235|0x2f8db|3|993396
17235|0x2f8db|4|1975512
17235|0xaf8db|5|3919917
17235|0x1af8db|6|7939139
17235|0x3af8db|7|15936706
17235|0x7af8db|8|31786972
17235|0x7af8db|9|63769787
17235|0x17af8db|10|127200023
17235|0x37af8db|11|230479564
17235|0x37af8db|12|511779784
17235|0x37af8db|13|1018107795
17235|0x137af8db|14|1731537452
17235|0x137af8db|15|3504627491
17235|0x137af8db|16|6942502002
17235|0x937af8db|17|13365268003
17235|0x1937af8db|18|27290551677
17235|0x1937af8db|19|57244941208
17235|0x5937af8db|20|114062025324
17235|0xd937af8db|21|222602597047
17235|0xd937af8db|22|438361911451
17235|0xd937af8db|23|872558838825
17235|0xd937af8db|24|1759396735133
17329|0x2551|1|165988
17329|0x2551|2|393908
17329|0x22551|3|949929
17329|0x22551|4|2018293
17329|0x22551|5|3924745
17329|0x22551|6|7857852
17329|0x22551|7|15844788
17329|0x422551|8|31431188
17329|0xc22551|9|63125309
17329|0xc22551|10|126314566
17329|0x2c22551|11|252143433
17329|0x2c22551|12|503760687
17329|0xac22551|13|1012923158
17329|0xac22551|14|2040322594
17329|0xac22551|15|3493176195
17329|0x4ac22551|16|8196502471
17329|0xcac22551|17|16214141964
17329|0x1cac22551|18|30418194314
17329|0x3cac22551|19|55447659630
17329|0x3cac22551|20|115522422147
17329|0x3cac22551|21|220622475151
17329|0x13cac22551|22|438194488361
17329|0x13cac22551|23|868136622755
17329|0x53cac22551|24|1756404526473
17843|0xf17b|1|191918
17843|0x1f17b|2|451462
17843|0x3f17b|3|1014373
17843|0x3f17b|4|1993997
17843|0xbf17b|5|3882872
17843|0x1bf17b|6|7943292
17843|0x3bf17b|7|15938365
17843|0x3bf17b|8|31710526
17843|0x3bf17b|9|63510395
17843|0x3bf17b|10|127142419
17843|0x23bf17b|11|254273518
17843|0x23bf17b|12|508655095
17843|0xa3bf17b|13|1017305751
17843|0x1a3bf17b|14|2045022521
17843|0x1a3bf17b|15|3426545652
17843|0x1a3bf17b|16|7512684994
17843|0x9a3bf17b|17|13685727928
17843|0x9a3bf17b|18|27785677869
17843|0x29a3bf17b|19|57413380965
17843|0x69a3bf17b|20|111078571545
17843|0x69a3bf17b|21|220561036952
17843|0x169a3bf17b|22|438903722883
17843|0x369a3bf17b|23|869752729196
17843|0x769a3bf17b|24|1756804389731
17943|0x51a7|1|192601
17943|0x151a7|2|452859
17943|0x351a7|3|1008144
17943|0x351a7|4|1998562
17943|0x351a7|5|3828524
17943|0x351a7|6|7911693
17943|0x2351a7|7|15816939
17943|0x2351a7|8|31463946
17943|0xa351a7|9|63300272
17943|0x1a351a7|10|126287430
17943|0x3a351a7|11|252876181
17943|0x7a351a7|12|508696170
17943|0xfa351a7|13|1015527428
17943|0x1fa351a7|14|2055236234
17943|0x1fa351a7|15|4065906318
17943|0x1fa351a7|16|8203057012
17943|0x9fa351a7|17|16303706148
17943|0x19fa351a7|18|27461411560
17943|0x19fa351a7|19|60033472327
17943|0x59fa351a7|20|112907776016
17943|0xd9fa351a7|21|221390264194
17943|0xd9fa351a7|22|438122730584
17943|0x2d9fa351a7|23|871096055488
17943|0x6d9fa351a7|24|1755771190453
18057|0xfb9|1|192576
18057|0x10fb9|2|453756
18057|0x30fb9|3|1017253
18057|0x30fb9|4|1948764
18057|0x30fb9|5|3946605
18057|0x130fb9|6|7973547
18057|0x130fb9|7|15909144
18057|0x130fb9|8|31700656
18057|0x930fb9|9|63613186
18057|0x1930fb9|10|127243994
18057|0x3930fb9|11|254518593
18057|0x3930fb9|12|509563573
18057|0x3930fb9|13|1017479004
18057|0x3930fb9|14|2048920110
18057|0x23930fb9|15|3391496963
18057|0x63930fb9|16|6924756689
18057|0xe3930fb9|17|13527358394
18057|0xe3930fb9|18|32677985570
18057|0xe3930fb9|19|57259096568
18057|0x4e3930fb9|20|112363063057
18057|0xce3930fb9|21|220764370706
18057|0xce3930fb9|22|439692462159
18057|0x2ce3930fb9|23|869577123996
18057|0x6ce3930fb9|24|1759341819698
18181|0x6dcd|1|192898
18181|0x6dcd|2|466580
18181|0x26dcd|3|1000161
18181|0x26dcd|4|2008939
18181|0x26dcd|5|3875980
18181|0x26dcd|6|7948121
18181|0x26dcd|7|15993622
18181|0x26dcd|8|31876665
18181|0x826dcd|9|63918536
18181|0x1826dcd|10|127685309
18181|0x1826dcd|11|228476246
18181|0x5826dcd|12|509810238
18181|0xd826dcd|13|1017138859
18181|0x1d826dcd|14|2043815827
18181|0x1d826dcd|15|4085247479
18181|0x5d826dcd|16|6974899250
18181|0x5d826dcd|17|14180694807
18181|0x15d826dcd|18|30874108279
18181|0x35d826dcd|19|56387852804
18181|0x35d826dcd|20|112850677567
18181|0x35d826dcd|21|223141139331
18181|0x35d826dcd|22|441417453274
18181|0x35d826dcd|23|870795671311
18181|0x35d826dcd|24|1756074671227
18281|0xb8d9|1|167636
18281|0xb8d9|2|400648
18281|0xb8d9|3|914325
18281|0xb8d9|4|2013401
18281|0xb8d9|5|3961173
18281|0x10b8d9|6|7860772
18281|0x30b8d9|7|15914346
18281|0x70b8d9|8|31860642
18281|0xf0b8d9|9|63771151
18281|0xf0b8d9|10|127122553
18281|0x2f0b8d9|11|254029514
18281|0x2f0b8d9|12|507693069
18281|0xaf0b8d9|13|1014812902
18281|0xaf0b8d9|14|2024632193
18281|0xaf0b8d9|15|3758428193
18281|0x4af0b8d9|16|8181127263
18281|0xcaf0b8d9|17|16327361246
18281|0xcaf0b8d9|18|34188484274
18281|0xcaf0b8d9|19|61261440842
18281|0x4caf0b8d9|20|115285462640
18281|0x4caf0b8d9|21|229834564266
18281|0x4caf0b8d9|22|438684049472
18281|0x4caf0b8d9|23|869464139570
18281|0x44caf0b8d9|24|1755232781443
18403|0x35cb|1|193125
18403|0x135cb|2|456388
18403|0x335cb|3|1004654
18403|0x735cb|4|2027911
18403|0x735cb|5|3914585
18403|0x1735cb|6|7991826
18403|0x1735cb|7|16034496
18403|0x1735cb|8|32063104
18403|0x9735cb|9|63838623
18403|0x9735cb|10|128159767
18403|0x29735cb|11|256159755
18403|0x69735cb|12|512347202
18403|0xe9735cb|13|1025538295
18403|0xe9735cb|14|1744530828
18403|0x2e9735cb|15|4053301690
18403|0x6e9735cb|16|7097727169
18403|0x6e9735cb|17|13886744909
18403|0x6e9735cb|18|30009706027
18403|0x26e9735cb|19|55346273138
18403|0x66e9735cb|20|110587034102
18403|0x66e9735cb|21|223155897265
18403|0x66e9735cb|22|438840575038
18403|0x266e9735cb|23|871302789022
18403|0x666e9735cb|24|1756517373418
18877|0x3995|1|195882
18877|0x3995|2|460584
18877|0x23995|3|963724
18877|0x23995|4|2006000
18877|0x23995|5|3893567
18877|0x123995|6|8022101
18877|0x323995|7|16106008
18877|0x323995|8|32281553
18877|0xb23995|9|64131404
18877|0xb23995|10|128568762
18877|0x2b23995|11|257078713
18877|0x2b23995|12|514436889
18877|0x2b23995|13|1027279161
18877|0x12b23995|14|2043690852
18877|0x32b23995|15|3973380451
18877|0x72b23995|16|6854361647
18877|0xf2b23995|17|15186801260
18877|0xf2b23995|18|28522604794
18877|0xf2b23995|19|55140832634
18877|0xf2b23995|20|110654256211
18877|0x8f2b23995|21|220117745672
18877|0x18f2b23995|22|438927111762
18877|0x38f2b23995|23|868599344217
18877|0x78f2b23995|24|1754896468189
18993|0xced1|1|170768
18993|0xced1|2|405701
18993|0xced1|3|950834
18993|0xced1|4|2015719
18993|0xced1|5|3834930
18993|0x10ced1|6|7936713
18993|0x10ced1|7|15896968
18993|0x10ced1|8|31662737
18993|0x10ced1|9|63326003
18993|0x110ced1|10|126278048
18993|0x110ced1|11|253008386
18993|0x110ced1|12|506377956
18993|0x110ced1|13|1013504364
18993|0x1110ced1|14|2029325292
18993|0x3110ced1|15|4057450336
18993|0x7110ced1|16|8160025314
18993|0xf110ced1|17|13941289520
18993|0x1f110ced1|18|29980539491
18993|0x3f110ced1|19|55314232447
18993|0x3f110ced1|20|110207506409
18993|0x3f110ced1|21|220075787310
18993|0x13f110ced1|22|438950152868
18993|0x13f110ced1|23|869738844197
18993|0x13f110ced1|24|1755064689120
19107|0xb90b|1|194562
19107|0x1b90b|2|484408
19107|0x3b90b|3|968298
19107|0x7b90b|4|1899872
19107|0xfb90b|5|3969087
19107|0xfb90b|6|7963321
19107|0xfb90b|7|15996110
19107|0xfb90b|8|31988848
19107|0x8fb90b|9|63975427
19107|0x18fb90b|10|128133073
19107|0x38fb90b|11|255917193
19107|0x38fb90b|12|512416653
19107|0x38fb90b|13|1025020097
19107|0x138fb90b|14|2048360377
19107|0x138fb90b|15|3459268329
19107|0x138fb90b|16|7350072658
19107|0x138fb90b|17|13461316641
19107|0x138fb90b|18|26778064278
19107|0x138fb90b|19|53575772255
19107|0x4138fb90b|20|112576773591
19107|0x4138fb90b|21|230841088344
19107|0x4138fb90b|22|438368844254
19107|0x4138fb90b|23|870263063737
19107|0x44138fb90b|24|1754318051429
19211|0xa8a3|1|196343
19211|0x1a8a3|2|463049
19211|0x3a8a3|3|970461
19211|0x3a8a3|4|1839954
19211|0x3a8a3|5|4098276
19211|0x13a8a3|6|8001451
19211|0x13a8a3|7|15951484
19211|0x53a8a3|8|31913203
19211|0x53a8a3|9|63975034
19211|0x53a8a3|10|128156158
19211|0x253a8a3|11|255939494
19211|0x653a8a3|12|511632575
19211|0xe53a8a3|13|1023645967
19211|0xe53a8a3|14|1922899763
19211|0x2e53a8a3|15|3555014706
19211|0x2e53a8a3|16|7584142025
19211|0xae53a8a3|17|14406846962
19211|0xae53a8a3|18|31925264939
19211|0x2ae53a8a3|19|55039312937
19211|0x2ae53a8a3|20|111471841206
19211|0x2ae53a8a3|21|220205497102
19211|0x12ae53a8a3|22|442346129367
19211|0x32ae53a8a3|23|869477061266
19211|0x72ae53a8a3|24|1754625861357
19333|0xf54d|1|194605
19333|0x1f54d|2|464000
19333|0x3f54d|3|883590
19333|0x7f54d|4|1887075
19333|0x7f54d|5|3913581
19333|0x7f54d|6|7972312
19333|0x7f54d|7|15748907
19333|0x7f54d|8|31518586
19333|0x7f54d|9|63071127
19333|0x107f54d|10|126210759
19333|0x307f54d|11|252449762
19333|0x307f54d|12|505355211
19333|0xb07f54d|13|1013406790
19333|0x1b07f54d|14|1969201513
19333|0x3b07f54d|15|3541107634
19333|0x3b07f54d|16|7064193005
19333|0x3b07f54d|17|13776117376
19333|0x3b07f54d|18|28025899077
19333|0x23b07f54d|19|56378874048
19333|0x63b07f54d|20|110722626627
19333|0xe3b07f54d|21|221647412010
19333|0x1e3b07f54d|22|442358722818
19333|0x1e3b07f54d|23|869848326449
19333|0x1e3b07f54d|24|1753573316098
19447|0xe5c7|1|194941
19447|0x1e5c7|2|465005
19447|0x3e5c7|3|973593
19447|0x7e5c7|4|1859884
19447|0x7e5c7|5|4046487
19447|0x17e5c7|6|8021745
19447|0x37e5c7|7|15915677
19447|0x77e5c7|8|32082297
19447|0x77e5c7|9|64020318
19447|0x77e5c7|10|128125037
19447|0x77e5c7|11|256444790
19447|0x477e5c7|12|512719358
19447|0x477e5c7|13|1024954116
19447|0x1477e5c7|14|2036598625
19447|0x3477e5c7|15|3618219502
19447|0x7477e5c7|16|7187178635
19447|0xf477e5c7|17|13435225418
19447|0x1f477e5c7|18|32845547475
19447|0x3f477e5c7|19|55612354256
19447|0x3f477e5c7|20|110550744304
19447|0x3f477e5c7|21|221307629032
19447|0x13f477e5c7|22|441419361081
19447|0x33f477e5c7|23|878397139883
19447|0x73f477e5c7|24|1753489843555
19943|0x75d7|1|195556
19943|0x75d7|2|488224
19943|0x75d7|3|903571
19943|0x475d7|4|1942498
19943|0xc75d7|5|4103728
19943|0x1c75d7|6|8005807
19943|0x3c75d7|7|15944491
19943|0x3c75d7|8|32247859
19943|0x3c75d7|9|64247876
19943|0x3c75d7|10|128168591
19943|0x23c75d7|11|256311120
19943|0x63c75d7|12|515571818
19943|0x63c75d7|13|1026715706
19943|0x163c75d7|14|2049531970
19943|0x163c75d7|15|3654223497
19943|0x563c75d7|16|8243796967
19943|0x563c75d7|17|14018170911
19943|0x563c75d7|18|27215662090
19943|0x2563c75d7|19|55153125460
19943|0x6563c75d7|20|110274252475
19943|0xe563c75d7|21|220793894441
19943|0xe563c75d7|22|438388311192
19943|0x2e563c75d7|23|869994433226
19943|0x6e563c75d7|24|1751435653228
20059|0x31d3|1|195776
20059|0x31d3|2|487257
20059|0x31d3|3|986325
20059|0x31d3|4|1914649
20059|0x31d3|5|4006871
20059|0x31d3|6|7997877
20059|0x31d3|7|15845405
20059|0x4031d3|8|31971942
20059|0x4031d3|9|63588998
20059|0x4031d3|10|127670262
20059|0x24031d3|11|255573678
20059|0x64031d3|12|513507587
20059|0xe4031d3|13|1025612932
20059|0xe4031d3|14|2047081491
20059|0x2e4031d3|15|4097575977
20059|0x2e4031d3|16|8225039935
20059|0x2e4031d3|17|15254236445
20059|0x2e4031d3|18|33096794154
20059|0x2e4031d3|19|55725487758
20059|0x2e4031d3|20|112373149448
20059|0x82e4031d3|21|220233510893
20059|0x82e4031d3|22|437210615533
20059|0x82e4031d3|23|869555698719
20059|0x82e4031d3|24|1753833712295
20161|0x4141|1|169719
20161|0x14141|2|414023
20161|0x14141|3|884975
20161|0x54141|4|2061109
20161|0xd4141|5|3988004
20161|0xd4141|6|7921819
20161|0x2d4141|7|16050807
20161|0x2d4141|8|31851498
20161|0x2d4141|9|63964948
20161|0x2d4141|10|127805367
20161|0x2d4141|11|255372071
20161|0x42d4141|12|514120312
20161|0x42d4141|13|893143878
20161|0x142d4141|14|2057047946
20161|0x142d4141|15|3505211606
20161|0x142d4141|16|8189576747
20161|0x142d4141|17|13578708720
20161|0x1142d4141|18|34191603879
20161|0x3142d4141|19|57286428228
20161|0x3142d4141|20|110244970592
20161|0xb142d4141|21|223556047151
20161|0xb142d4141|22|438800282063
20161|0xb142d4141|23|868874990166
20161|0xb142d4141|24|1751773295364
20281|0xef09|1|169019
20281|0x1ef09|2|456619
20281|0x3ef09|3|1002053
20281|0x7ef09|4|1992026
20281|0xfef09|5|3872956
20281|0x1fef09|6|7993737
20281|0x3fef09|7|16078301
20281|0x3fef09|8|31915061
20281|0x3fef09|9|64045422
20281|0x13fef09|10|128099816
20281|0x33fef09|11|251338759
20281|0x73fef09|12|512577942
20281|0xf3fef09|13|1025296618
20281|0xf3fef09|14|2048502927
20281|0x2f3fef09|15|4101339474
20281|0x6f3fef09|16|8194746524
20281|0xef3fef09|17|13520422816
20281|0xef3fef09|18|32651197930
20281|0x2ef3fef09|19|58475576124
20281|0x6ef3fef09|20|113610209379
20281|0x6ef3fef09|21|220416916507
20281|0x6ef3fef09|22|439559562054
20281|0x26ef3fef09|23|869076864024
20281|0x26ef3fef09|24|1750192988914
20395|0x3303|1|171534
20395|0x3303|2|414145
20395|0x3303|3|930905
20395|0x3303|4|1996188
20395|0x3303|5|4036064
20395|0x3303|6|7959104
20395|0x203303|7|16061218
20395|0x603303|8|32279669
20395|0x603303|9|64365893
20395|0x603303|10|128768596
20395|0x603303|11|238005823
20395|0x603303|12|514906113
20395|0x603303|13|1025147830
20395|0x10603303|14|2059814549
20395|0x30603303|15|4126088569
20395|0x30603303|16|8230143254
20395|0x30603303|17|15875414556
20395|0x30603303|18|32915612295
20395|0x230603303|19|55927368443
20395|0x630603303|20|111941442838
20395|0x630603303|21|226668633370
20395|0x1630603303|22|435728643316
20395|0x1630603303|23|868858173076
20395|0x5630603303|24|1751080773375
20875|0xce23|1|173614
20875|0x1ce23|2|441204
20875|0x1ce23|3|978516
20875|0x5ce23|4|2015244
20875|0x5ce23|5|4120540
20875|0x5ce23|6|8072692
20875|0x25ce23|7|16114219
20875|0x65ce23|8|32490010
20875|0xe5ce23|9|64809494
20875|0x1e5ce23|10|129647152
20875|0x3e5ce23|11|259830157
20875|0x7e5ce23|12|519481466
20875|0x7e5ce23|13|1038514885
20875|0x7e5ce23|14|1972769157
20875|0x7e5ce23|15|3442223145
20875|0x7e5ce23|16|6690458730
20875|0x7e5ce23|17|13486617431
20875|0x7e5ce23|18|27201575884
20875|0x7e5ce23|19|55811287095
20875|0x407e5ce23|20|109826618538
20875|0x407e5ce23|21|219531784667
20875|0x1407e5ce23|22|444688725370
20875|0x3407e5ce23|23|870144580647
20875|0x7407e5ce23|24|1749449246039
20989|0x1355|1|195570
20989|0x11355|2|477267
20989|0x31355|3|1026886
20989|0x31355|4|2019679
20989|0xb1355|5|3902342
20989|0x1b1355|6|8173601
20989|0x3b1355|7|16177476
20989|0x3b1355|8|32288346
20989|0xbb1355|9|64984704
20989|0xbb1355|10|129607700
20989|0x2bb1355|11|260003748
20989|0x6bb1355|12|519945275
20989|0xebb1355|13|1039086707
20989|0xebb1355|14|1877698762
20989|0xebb1355|15|4158205568
20989|0x4ebb1355|16|8317103496
20989|0x4ebb1355|17|14672546758
20989|0x14ebb1355|18|27735705178
20989|0x14ebb1355|19|54622443406
20989|0x54ebb1355|20|109029870744
20989|0xd4ebb1355|21|219895241020
20989|0x1d4ebb1355|22|438376418127
20989|0x3d4ebb1355|23|874139086263
20989|0x3d4ebb1355|24|1746314815904
21101|0x8765|1|199020
21101|0x8765|2|421205
21101|0x8765|3|957692
21101|0x8765|4|2023786
21101|0x88765|5|3930324
21101|0x88765|6|7940730
21101|0x88765|7|16100240
21101|0x88765|8|31904557
21101|0x88765|9|64218080
21101|0x1088765|10|128369799
21101|0x1088765|11|256846818
21101|0x5088765|12|512667279
21101|0x5088765|13|1011052649
21101|0x5088765|14|1686010354
21101|0x25088765|15|3837918757
21101|0x25088765|16|8120047456
21101|0xa5088765|17|13893398146
21101|0x1a5088765|18|27127737658
21101|0x1a5088765|19|58833468836
21101|0x1a5088765|20|111225722506
21101|0x1a5088765|21|226882862816
21101|0x11a5088765|22|441503212456
21101|0x31a5088765|23|868928931574
21101|0x31a5088765|24|1747149078933
21215|0xe91f|1|197763
21215|0x1e91f|2|479539
21215|0x3e91f|3|1008033
21215|0x7e91f|4|2059090
21215|0x7e91f|5|3908655
21215|0x17e91f|6|8072238
21215|0x17e91f|7|16130553
21215|0x17e91f|8|32095391
21215|0x97e91f|9|64284452
21215|0x197e91f|10|128791310
21215|0x197e91f|11|257513724
21215|0x597e91f|12|513476680
21215|0xd97e91f|13|1030773013
21215|0xd97e91f|14|2061143945
21215|0xd97e91f|15|4122089612
21215|0xd97e91f|16|8241812098
21215|0x8d97e91f|17|16474328888
21215|0x8d97e91f|18|27495687516
21215|0x28d97e91f|19|56934786509
21215|0x68d97e91f|20|112510649475
21215|0x68d97e91f|21|220993788226
21215|0x168d97e91f|22|444157715041
21215|0x168d97e91f|23|871418231857
21215|0x168d97e91f|24|1749845734048
21329|0xd5b1|1|174699
21329|0xd5b1|2|422814
21329|0xd5b1|3|945362
21329|0x4d5b1|4|2034522
21329|0x4d5b1|5|3942769
21329|0x14d5b1|6|7977160
21329|0x34d5b1|7|16083331
21329|0x34d5b1|8|32132814
21329|0x34d5b1|9|64243755
21329|0x34d5b1|10|128376690
21329|0x234d5b1|11|257058234
21329|0x634d5b1|12|514113505
21329|0xe34d5b1|13|1023751507
21329|0xe34d5b1|14|2047284310
21329|0x2e34d5b1|15|3334217386
21329|0x6e34d5b1|16|6668999388
21329|0x6e34d5b1|17|16504008347
21329|0x6e34d5b1|18|26692656518
21329|0x26e34d5b1|19|54997774796
21329|0x26e34d5b1|20|109647749049
21329|0x26e34d5b1|21|221436880404
21329|0x26e34d5b1|22|450993063792
21329|0x26e34d5b1|23|872656576253
21329|0x26e34d5b1|24|1751491788163
21433|0xc289|1|194001
21433|0x1c289|2|481063
21433|0x1c289|3|1042541
21433|0x1c289|4|1985648
21433|0x9c289|5|4265897
21433|0x9c289|6|8001896
21433|0x29c289|7|16030298
21433|0x69c289|8|32141290
21433|0xe9c289|9|63983259
21433|0x1e9c289|10|128175375
21433|0x1e9c289|11|216415402
21433|0x5e9c289|12|455938134
21433|0x5e9c289|13|1023604356
21433|0x15e9c289|14|2048661312
21433|0x35e9c289|15|3473753222
21433|0x75e9c289|16|8195361390
21433|0x75e9c289|17|13618235334
21433|0x75e9c289|18|27088182950
21433|0x75e9c289|19|55489236106
21433|0x75e9c289|20|109803252003
21433|0x75e9c289|21|222071886750
21433|0x1075e9c289|22|439530549793
21433|0x3075e9c289|23|870419223162
21433|0x7075e9c289|24|1748570165810
21915|0x893|1|212979
21915|0x893|2|423168
21915|0x20893|3|883554
21915|0x60893|4|1849537
21915|0x60893|5|4080620
21915|0x60893|6|7925717
21915|0x60893|7|15970010
21915|0x60893|8|32166919
21915|0x860893|9|64035791
21915|0x860893|10|127960933
21915|0x2860893|11|256776690
21915|0x2860893|12|417233671
21915|0xa860893|13|1025665335
21915|0xa860893|14|2052187936
21915|0x2a860893|15|4118240425
21915|0x6a860893|16|6913244859
21915|0x6a860893|17|13387095715
21915|0x16a860893|18|27471845553
21915|0x36a860893|19|55083525375
21915|0x36a860893|20|108878727823
21915|0x36a860893|21|218986679881
21915|0x136a860893|22|439490739542
21915|0x336a860893|23|871583628735
21915|0x336a860893|24|1745466688455
22029|0xe8c5|1|215716
22029|0xe8c5|2|372878
22029|0x2e8c5|3|847985
22029|0x2e8c5|4|1937306
22029|0xae8c5|5|4038886
22029|0xae8c5|6|7881235
22029|0xae8c5|7|16047612
22029|0x4ae8c5|8|32080513
22029|0x4ae8c5|9|64176260
22029|0x4ae8c5|10|128349396
22029|0x24ae8c5|11|257082937
22029|0x24ae8c5|12|513385562
22029|0xa4ae8c5|13|1026165836
22029|0x1a4ae8c5|14|1703191376
22029|0x1a4ae8c5|15|3660899081
22029|0x1a4ae8c5|16|8213918391
22029|0x9a4ae8c5|17|16244533005
22029|0x19a4ae8c5|18|32319388395
22029|0x39a4ae8c5|19|55075791284
22029|0x79a4ae8c5|20|110277195741
22029|0xf9a4ae8c5|21|222765050959
22029|0xf9a4ae8c5|22|440840693271
22029|0x2f9a4ae8c5|23|873603128731
22029|0x6f9a4ae8c5|24|1745258330505
22135|0x6347|1|199992
22135|0x6347|2|426551
22135|0x6347|3|938514
22135|0x6347|4|1811468
22135|0x86347|5|3721950
22135|0x86347|6|7988943
22135|0x86347|7|15868644
22135|0x486347|8|32206801
22135|0x486347|9|64080288
22135|0x1486347|10|128743417
22135|0x3486347|11|256880805
22135|0x3486347|12|513686651
22135|0xb486347|13|841951847
22135|0x1b486347|14|2050759052
22135|0x1b486347|15|3733180359
22135|0x1b486347|16|6889957466
22135|0x1b486347|17|14521756692
22135|0x11b486347|18|27587606285
22135|0x31b486347|19|58892102973
22135|0x71b486347|20|112091096579
22135|0xf1b486347|21|221224580921
22135|0x1f1b486347|22|439279171714
22135|0x3f1b486347|23|869368459725
22135|0x3f1b486347|24|1745615262586
22251|0xa1c3|1|176351
22251|0xa1c3|2|373922
22251|0xa1c3|3|862998
22251|0x4a1c3|4|2028458
22251|0xca1c3|5|3977500
22251|0x1ca1c3|6|7983018
22251|0x3ca1c3|7|16132607
22251|0x3ca1c3|8|32070089
22251|0x3ca1c3|9|64188410
22251|0x3ca1c3|10|128154994
22251|0x23ca1c3|11|256654826
22251|0x63ca1c3|12|513822811
22251|0xe3ca1c3|13|1027173051
22251|0x1e3ca1c3|14|1735125567
22251|0x3e3ca1c3|15|4042364468
22251|0x3e3ca1c3|16|6861228304
22251|0xbe3ca1c3|17|13908590745
22251|0x1be3ca1c3|18|29607763925
22251|0x3be3ca1c3|19|54243913882
22251|0x3be3ca1c3|20|109859909041
22251|0xbbe3ca1c3|21|226002776756
22251|0x1bbe3ca1c3|22|441417911845
22251|0x3bbe3ca1c3|23|868880132747
22251|0x7bbe3ca1c3|24|1747853644983
22367|0xc49f|1|185848
22367|0x1c49f|2|376710
22367|0x3c49f|3|853053
22367|0x3c49f|4|1991070
22367|0xbc49f|5|4070517
22367|0x1bc49f|6|7876810
22367|0x3bc49f|7|16073990
22367|0x3bc49f|8|32008308
22367|0x3bc49f|9|64297289
22367|0x3bc49f|10|128220571
22367|0x23bc49f|11|256948003
22367|0x63bc49f|12|513718557
22367|0x63bc49f|13|1027460445
22367|0x63bc49f|14|1921989260
22367|0x263bc49f|15|3539259427
22367|0x263bc49f|16|8210529783
22367|0xa63bc49f|17|16420123859
22367|0xa63bc49f|18|29858406466
22367|0xa63bc49f|19|53703032034
22367|0x4a63bc49f|20|108848869522
22367|0xca63bc49f|21|229720359820
22367|0x1ca63bc49f|22|436607538391
22367|0x3ca63bc49f|23|869054798076
22367|0x3ca63bc49f|24|1751212082018
22471|0x39f7|1|200507
22471|0x39f7|2|428295
22471|0x39f7|3|970998
22471|0x39f7|4|1922773
22471|0x39f7|5|4000484
22471|0x39f7|6|8044251
22471|0x2039f7|7|15993137
22471|0x6039f7|8|32258097
22471|0xe039f7|9|64026726
22471|0xe039f7|10|128506350
22471|0x2e039f7|11|256915965
22471|0x2e039f7|12|513997117
22471|0x2e039f7|13|1027740453
22471|0x12e039f7|14|2055650616
22471|0x32e039f7|15|4111581604
22471|0x72e039f7|16|8224006733
22471|0xf2e039f7|17|13720296300
22471|0x1f2e039f7|18|28050184679
22471|0x3f2e039f7|19|54196563414
22471|0x7f2e039f7|20|112363669605
22471|0xff2e039f7|21|220092041790
22471|0x1ff2e039f7|22|436607480431
22471|0x3ff2e039f7|23|869881111687
22471|0x7ff2e039f7|24|1757849002790
22949|0xe62d|1|198924
22949|0xe62d|2|430887
22949|0x2e62d|3|995042
22949|0x6e62d|4|2033468
22949|0xee62d|5|3854332
22949|0xee62d|6|8034820
22949|0x2ee62d|7|16125726
22949|0x6ee62d|8|32068623
22949|0xeee62d|9|64355703
22949|0xeee62d|10|128815637
22949|0xeee62d|11|257502518
22949|0xeee62d|12|515070701
22949|0x8eee62d|13|1029563408
22949|0x18eee62d|14|2058403738
22949|0x38eee62d|15|4113079109
22949|0x78eee62d|16|7082940511
22949|0x78eee62d|17|16471935685
22949|0x178eee62d|18|27697117428
22949|0x378eee62d|19|57314280091
22949|0x378eee62d|20|110557332926
22949|0xb78eee62d|21|230854982767
22949|0x1b78eee62d|22|436907562643
22949|0x1b78eee62d|23|869767891591
22949|0x5b78eee62d|24|1745928203380
23061|0xa53d|1|192055
23061|0x1a53d|2|379867
23061|0x3a53d|3|863180
23061|0x7a53d|4|1983711
23061|0xfa53d|5|4040433
23061|0xfa53d|6|7917365
23061|0x2fa53d|7|13922948
23061|0x2fa53d|8|32168256
23061|0x2fa53d|9|64109458
23061|0x2fa53d|10|128924986
23061|0x2fa53d|11|257574715
23061|0x42fa53d|12|429011094
23061|0xc2fa53d|13|1030389338
23061|0xc2fa53d|14|2059830390
23061|0xc2fa53d|15|4120884978
23061|0x4c2fa53d|16|8240862636
23061|0x4c2fa53d|17|13565930581
23061|0x14c2fa53d|18|30149548143
23061|0x14c2fa53d|19|57529062629
23061|0x54c2fa53d|20|111211667706
23061|0xd4c2fa53d|21|219617842943
23061|0xd4c2fa53d|22|435114954723
23061|0x2d4c2fa53d|23|869904335275
23061|0x2d4c2fa53d|24|1754161002874
23171|0x442b|1|202193
23171|0x442b|2|432183
23171|0x2442b|3|916645
23171|0x2442b|4|1891589
23171|0x2442b|5|4123894
23171|0x2442b|6|7988498
23171|0x22442b|7|16070226
23171|0x22442b|8|32181991
23171|0xa2442b|9|64401477
23171|0x1a2442b|10|128703575
23171|0x3a2442b|11|257821689
23171|0x3a2442b|12|515315205
23171|0xba2442b|13|979740031
23171|0xba2442b|14|2061124696
23171|0xba2442b|15|3392218375
23171|0xba2442b|16|6967494786
23171|0xba2442b|17|13698814539
23171|0x10ba2442b|18|28547176404
23171|0x10ba2442b|19|55426346895
23171|0x10ba2442b|20|110324808814
23171|0x10ba2442b|21|219303116347
23171|0x10ba2442b|22|435654416648
23171|0x210ba2442b|23|873274940210
23171|0x210ba2442b|24|1745178387261
23285|0x15d|1|177870
23285|0x15d|2|380662
23285|0x15d|3|952092
23285|0x4015d|4|2043797
23285|0x4015d|5|3908625
23285|0x14015d|6|8014522
23285|0x34015d|7|15914773
23285|0x74015d|8|32042835
23285|0xf4015d|9|63995765
23285|0xf4015d|10|127785196
23285|0x2f4015d|11|256214449
23285|0x6f4015d|12|512441339
23285|0x6f4015d|13|1007312723
23285|0x16f4015d|14|2047804414
23285|0x16f4015d|15|3302641261
23285|0x56f4015d|16|6589921617
23285|0x56f4015d|17|13189953193
23285|0x156f4015d|18|26470229113
23285|0x356f4015d|19|55302304014
23285|0x756f4015d|20|114522006855
23285|0xf56f4015d|21|220733535127
23285|0xf56f4015d|22|434938603071
23285|0xf56f4015d|23|845297703440
23285|0x4f56f4015d|24|1663624848766
23385|0x3ce9|1|251734
23385|0x3ce9|2|433458
23385|0x3ce9|3|996717
23385|0x43ce9|4|1870424
23385|0x43ce9|5|3629476
23385|0x43ce9|6|7612417
23385|0x243ce9|7|15308951
23385|0x643ce9|8|30499133
23385|0xe43ce9|9|60772610
23385|0x1e43ce9|10|121683593
23385|0x3e43ce9|11|243559687
23385|0x7e43ce9|12|488135305
23385|0x7e43ce9|13|967195313
23385|0x7e43ce9|14|1783815840
23385|0x27e43ce9|15|3302552433
23385|0x27e43ce9|16|6973236409
23385|0x27e43ce9|17|12640234477
23385|0x27e43ce9|18|25723422981
23385|0x27e43ce9|19|51097974509
23385|0x427e43ce9|20|103089746618
23385|0x427e43ce9|21|208256510665
23385|0x427e43ce9|22|416053593157
23385|0x2427e43ce9|23|829846179649
23385|0x6427e43ce9|24|1663914455589
23501|0x905|1|202684
23501|0x905|2|433936
23501|0x905|3|991909
23501|0x40905|4|1831815
23501|0x40905|5|3636522
23501|0x140905|6|7613578
23501|0x140905|7|15274132
23501|0x540905|8|30539762
23501|0xd40905|9|60528896
23501|0x1d40905|10|122206335
23501|0x3d40905|11|244282814
23501|0x3d40905|12|487952738
23501|0x3d40905|13|975948285
23501|0x13d40905|14|1952213465
23501|0x13d40905|15|3905033044
23501|0x53d40905|16|6768692666
23501|0xd3d40905|17|13930916502
23501|0xd3d40905|18|26361505065
23501|0x2d3d40905|19|51918277350
23501|0x2d3d40905|20|103614526380
23501|0x2d3d40905|21|207137078005
23501|0x12d3d40905|22|415360846041
23501|0x32d3d40905|23|832005944565
23501|0x32d3d40905|24|1658487725811
23991|0x1007|1|179139
23991|0x1007|2|382380
23991|0x21007|3|932435
23991|0x61007|4|2025504
23991|0xe1007|5|3619278
23991|0xe1007|6|7722510
23991|0x2e1007|7|15410642
23991|0x6e1007|8|30829637
23991|0xee1007|9|61534938
23991|0xee1007|10|123462157
23991|0x2ee1007|11|246290765
23991|0x6ee1007|12|493168746
23991|0x6ee1007|13|986118591
23991|0x16ee1007|14|1971355483
23991|0x36ee1007|15|3737554336
23991|0x76ee1007|16|7884864657
23991|0xf6ee1007|17|12852868228
23991|0x1f6ee1007|18|26297316025
23991|0x1f6ee1007|19|51584848614
23991|0x5f6ee1007|20|102778861804
23991|0xdf6ee1007|21|208355731451
23991|0x1df6ee1007|22|416214655264
23991|0x3df6ee1007|23|832176977960
23991|0x3df6ee1007|24|2755200897504
24125|0xa915|1|321284
24125|0xa915|2|687367
24125|0x2a915|3|1568079
24125|0x2a915|4|3180647
24125|0xaa915|5|6503601
24125|0xaa915|6|13065659
24125|0x2aa915|7|22385518
24125|0x6aa915|8|52403702
24125|0xeaa915|9|104929221
24125|0xeaa915|10|209983295
24125|0x2eaa915|11|409550942
24125|0x6eaa915|12|840001765
24125|0x6eaa915|13|1680192080
24125|0x16eaa915|14|2770720577
24125|0x36eaa915|15|5419608422
24125|0x76eaa915|16|11069443856
24125|0xf6eaa915|17|22758221551
24125|0x1f6eaa915|18|44673585082
24125|0x3f6eaa915|19|88027244660
24125|0x7f6eaa915|20|175995337848
24125|0x7f6eaa915|21|351296953322
24125|0x17f6eaa915|22|707824655667
24125|0x37f6eaa915|23|1406091910941
24125|0x37f6eaa915|24|2811515806460
24315|0xfc33|1|320251
24315|0xfc33|2|688982
24315|0x2fc33|3|1593787
24315|0x2fc33|4|3171372
24315|0xafc33|5|6508753
24315|0xafc33|6|13114156
24315|0x2afc33|7|26244263
24315|0x6afc33|8|52501803
24315|0xeafc33|9|104975392
24315|0x1eafc33|10|210122112
24315|0x3eafc33|11|420380930
24315|0x3eafc33|12|745095924
24315|0x3eafc33|13|1681643212
24315|0x3eafc33|14|3363390403
24315|0x23eafc33|15|5572415622
24315|0x23eafc33|16|10865106497
24315|0xa3eafc33|17|23142566985
24315|0x1a3eafc33|18|44045500584
24315|0x1a3eafc33|19|88166248791
24315|0x5a3eafc33|20|175556660003
24315|0xda3eafc33|21|351943815597
24315|0x1da3eafc33|22|708243954620
24315|0x1da3eafc33|23|1406096455860
24315|0x5da3eafc33|24|2810852162918
24487|0x5817|1|320937
24487|0x5817|2|690086
24487|0x25817|3|1579380
24487|0x25817|4|3203813
24487|0xa5817|5|6529885
24487|0x1a5817|6|13064633
24487|0x3a5817|7|26245999
24487|0x7a5817|8|52555959
24487|0xfa5817|9|105098281
24487|0xfa5817|10|210318558
24487|0x2fa5817|11|420700203
24487|0x2fa5817|12|841336465
24487|0xafa5817|13|1614189752
24487|0x1afa5817|14|3365938371
24487|0x1afa5817|15|5446845166
24487|0x1afa5817|16|11673912935
24487|0x9afa5817|17|21919004468
24487|0x9afa5817|18|44681707804
24487|0x9afa5817|19|87226431067
24487|0x9afa5817|20|182577466911
24487|0x89afa5817|21|353548785449
24487|0x89afa5817|22|706964139535
24487|0x289afa5817|23|1405320374694
24487|0x289afa5817|24|2811042724022
25035|0xbbe3|1|322754
25035|0xbbe3|2|697149
25035|0x2bbe3|3|1591876
25035|0x6bbe3|4|3227608
25035|0xebbe3|5|6485297
25035|0xebbe3|6|13076289
25035|0x2ebbe3|7|26299399
25035|0x6ebbe3|8|52659450
25035|0x6ebbe3|9|105391757
25035|0x16ebbe3|10|210996633
25035|0x16ebbe3|11|421688172
25035|0x16ebbe3|12|843366317
25035|0x96ebbe3|13|1686461922
25035|0x196ebbe3|14|3373321694
25035|0x396ebbe3|15|5905951025
25035|0x396ebbe3|16|11060613902
25035|0xb96ebbe3|17|21953257845
25035|0xb96ebbe3|18|44704504515
25035|0x2b96ebbe3|19|87699531180
25035|0x6b96ebbe3|20|175638971458
25035|0xeb96ebbe3|21|351536877635
25035|0x1eb96ebbe3|22|705334000249
25035|0x3eb96ebbe3|23|1409251765000
25035|0x3eb96ebbe3|24|2818173399162
25227|0x7523|1|323241
25227|0x17523|2|698227
25227|0x37523|3|1619900
25227|0x37523|4|3217671
25227|0xb7523|5|6515330
25227|0x1b7523|6|13093097
25227|0x1b7523|7|26333490
25227|0x5b7523|8|52694255
25227|0xdb7523|9|105372755
25227|0xdb7523|10|210946527
25227|0x2db7523|11|421849871
25227|0x2db7523|12|765320425
25227|0x2db7523|13|1687395626
25227|0x12db7523|14|3349038086
25227|0x12db7523|15|5615814160
25227|0x52db7523|16|11461687538
25227|0x52db7523|17|22258480319
25227|0x152db7523|18|44064444750
25227|0x152db7523|19|88954814165
25227|0x152db7523|20|175935296543
25227|0x152db7523|21|350175292007
25227|0x1152db7523|22|705621284017
25227|0x3152db7523|23|1403480888975
25227|0x3152db7523|24|2807452390824
25409|0x2cc1|1|324232
25409|0x2cc1|2|726864
25409|0x22cc1|3|1602642
25409|0x62cc1|4|3260699
25409|0x62cc1|5|6503434
25409|0x62cc1|6|13156680
25409|0x262cc1|7|26318606
25409|0x262cc1|8|52782530
25409|0x262cc1|9|105499679
25409|0x1262cc1|10|211053636
25409|0x3262cc1|11|403753931
25409|0x3262cc1|12|844350625
25409|0x3262cc1|13|1688455619
25409|0x13262cc1|14|3376783279
25409|0x33262cc1|15|5392417116
25409|0x73262cc1|16|11102312913
25409|0x73262cc1|17|22236574447
25409|0x173262cc1|18|43439708168
25409|0x373262cc1|19|87811783553
25409|0x373262cc1|20|175790786233
25409|0xb73262cc1|21|352148240323
25409|0x1b73262cc1|22|710568380488
25409|0x1b73262cc1|23|1405773882779
25409|0x1b73262cc1|24|2808900633827
25585|0x2d11|1|324549
25585|0x2d11|2|728604
25585|0x2d11|3|1606068
25585|0x2d11|4|3264557
25585|0x82d11|5|6513021
25585|0x82d11|6|13077811
25585|0x282d11|7|26262023
25585|0x682d11|8|52693563
25585|0xe82d11|9|104188501
25585|0xe82d11|10|211016124
25585|0xe82d11|11|422144245
25585|0x4e82d11|12|844232256
25585|0xce82d11|13|1688881199
25585|0x1ce82d11|14|2857518363
25585|0x1ce82d11|15|5923564433
25585|0x1ce82d11|16|11066654070
25585|0x1ce82d11|17|22290401170
25585|0x11ce82d11|18|44285805442
25585|0x31ce82d11|19|88953986894
25585|0x71ce82d11|20|177364266778
25585|0x71ce82d11|21|350351684051
25585|0x71ce82d11|22|704905686662
25585|0x271ce82d11|23|1402749116729
25585|0x271ce82d11|24|2803340877267
26119|0x27b7|1|325629
26119|0x27b7|2|700982
26119|0x27b7|3|1619841
26119|0x427b7|4|3283111
26119|0x427b7|5|6609325
26119|0x1427b7|6|13191225
26119|0x3427b7|7|26393632
26119|0x7427b7|8|52813073
26119|0x7427b7|9|105726054
26119|0x17427b7|10|211469465
26119|0x37427b7|11|422993717
26119|0x37427b7|12|846139723
26119|0x37427b7|13|1592360399
26119|0x37427b7|14|3384682153
26119|0x237427b7|15|5618390332
26119|0x637427b7|16|10851423109
26119|0x637427b7|17|22431527139
26119|0x1637427b7|18|43398415693
26119|0x3637427b7|19|87791891298
26119|0x3637427b7|20|174962462329
26119|0xb637427b7|21|351079022511
26119|0x1b637427b7|22|708364345668
26119|0x3b637427b7|23|1400927485531
26119|0x7b637427b7|24|2801816370771
26301|0x4495|1|326537
26301|0x4495|2|707906
26301|0x24495|3|1530606
26301|0x24495|4|3183261
26301|0x24495|5|6487147
26301|0x24495|6|13121892
26301|0x24495|7|26379436
26301|0x24495|8|52863478
26301|0x24495|9|88317069
26301|0x1024495|10|192323209
26301|0x3024495|11|423420683
26301|0x3024495|12|846557676
26301|0x3024495|13|1428039997
26301|0x3024495|14|2858828714
26301|0x23024495|15|5823888016
26301|0x63024495|16|11007248814
26301|0x63024495|17|21777245160
26301|0x63024495|18|43289635053
26301|0x63024495|19|88810217149
26301|0x463024495|20|174915107242
26301|0x463024495|21|351559275658
26301|0x1463024495|22|707382846795
26301|0x1463024495|23|1420132347667
26301|0x1463024495|24|2853504461755
26495|0x587f|1|326243
26495|0x1587f|2|722762
26495|0x3587f|3|1515859
26495|0x7587f|4|3196126
26495|0x7587f|5|6536633
26495|0x7587f|6|13157654
26495|0x7587f|7|26427342
26495|0x47587f|8|44299404
26495|0x47587f|9|105760063
26495|0x47587f|10|211691148
26495|0x47587f|11|423374871
26495|0x47587f|12|833820641
26495|0x847587f|13|1398714238
26495|0x1847587f|14|2922325727
26495|0x1847587f|15|5655983770
26495|0x5847587f|16|10894297966
26495|0xd847587f|17|24037828711
26495|0xd847587f|18|44968338831
26495|0xd847587f|19|91131589390
26495|0xd847587f|20|177678437573
26495|0xd847587f|21|356546396324
26495|0x10d847587f|22|675188891030
26495|0x30d847587f|23|1398389001530
26495|0x70d847587f|24|2799916999258
27021|0x145|1|328113
27021|0x145|2|721122
27021|0x20145|3|1527253
27021|0x20145|4|3212510
27021|0x20145|5|6556501
27021|0x20145|6|13180369
27021|0x220145|7|26412169
27021|0x620145|8|52996322
27021|0xe20145|9|105940223
27021|0x1e20145|10|211916450
27021|0x1e20145|11|424041087
27021|0x5e20145|12|713251616
27021|0x5e20145|13|1351714305
27021|0x15e20145|14|2844275465
27021|0x15e20145|15|5894870156
27021|0x55e20145|16|10878031371
27021|0x55e20145|17|22609544971
27021|0x155e20145|18|43196227863
27021|0x355e20145|19|87658058168
27021|0x355e20145|20|174668116343
27021|0x355e20145|21|348911027027
27021|0x1355e20145|22|698278822404
27021|0x3355e20145|23|1395998000445
27021|0x3355e20145|24|2795494819371
27203|0xb26b|1|328001
27203|0x1b26b|2|730167
27203|0x3b26b|3|1530399
27203|0x3b26b|4|3261670
27203|0xbb26b|5|6625303
27203|0x1bb26b|6|13228173
27203|0x3bb26b|7|26503181
27203|0x3bb26b|8|53026723
27203|0xbbb26b|9|105982559
27203|0x1bbb26b|10|212032801
27203|0x1bbb26b|11|356612371
27203|0x5bbb26b|12|688708681
27203|0xdbbb26b|13|1382373847
27203|0x1dbbb26b|14|2767050070
27203|0x1dbbb26b|15|5784582683
27203|0x1dbbb26b|16|11095380495
27203|0x9dbbb26b|17|21570625540
27203|0x19dbbb26b|18|47305928612
27203|0x19dbbb26b|19|87444552265
27203|0x59dbbb26b|20|176174498726
27203|0xd9dbbb26b|21|350066834056
27203|0xd9dbbb26b|22|697757590230
27203|0x2d9dbbb26b|23|1395025754592
27203|0x6d9dbbb26b|24|2799854460129
27381|0x715d|1|328953
27381|0x1715d|2|715218
27381|0x3715d|3|1554325
27381|0x7715d|4|3231499
27381|0x7715d|5|6595602
27381|0x17715d|6|13220974
27381|0x37715d|7|26475187
27381|0x37715d|8|53047512
27381|0x37715d|9|84089506
27381|0x37715d|10|212135452
27381|0x237715d|11|424602179
27381|0x637715d|12|849194987
27381|0xe37715d|13|1695107706
27381|0x1e37715d|14|2839300289
27381|0x3e37715d|15|5502368998
27381|0x3e37715d|16|11037916624
27381|0xbe37715d|17|21596520041
27381|0x1be37715d|18|44812923900
27381|0x3be37715d|19|87639663407
27381|0x3be37715d|20|174789256629
27381|0xbbe37715d|21|348885378203
27381|0xbbe37715d|22|697181130297
27381|0xbbe37715d|23|1394750690370
27381|0xbbe37715d|24|2797331978858
27561|0x6899|1|325788
27561|0x16899|2|717144
27561|0x36899|3|1539241
27561|0x36899|4|3242452
27561|0xb6899|5|6625968
27561|0xb6899|6|13252291
27561|0xb6899|7|26546020
27561|0x4b6899|8|53090215
27561|0xcb6899|9|106111236
27561|0x1cb6899|10|212283858
27561|0x1cb6899|11|424706163
27561|0x5cb6899|12|820542256
27561|0xdcb6899|13|1375956059
27561|0xdcb6899|14|2757496511
27561|0x2dcb6899|15|5391800567
27561|0x6dcb6899|16|10767834619
27561|0xedcb6899|17|23415030888
27561|0x1edcb6899|18|44031982067
27561|0x3edcb6899|19|87409182571
27561|0x7edcb6899|20|174502299545
27561|0x7edcb6899|21|349614277646
27561|0x7edcb6899|22|697536363095
27561|0x27edcb6899|23|1394093088867
27561|0x67edcb6899|24|2821020569210
28125|0x5275|1|331622
28125|0x15275|2|721799
28125|0x15275|3|1567433
28125|0x15275|4|3251238
28125|0x15275|5|6563348
28125|0x15275|6|13248514
28125|0x15275|7|26562928
28125|0x415275|8|53166871
28125|0xc15275|9|106370296
28125|0x1c15275|10|212784882
28125|0x1c15275|11|425713012
28125|0x5c15275|12|851287018
28125|0xdc15275|13|1702586394
28125|0x1dc15275|14|3405419978
28125|0x1dc15275|15|6811077906
28125|0x1dc15275|16|10910345957
28125|0x1dc15275|17|21612862685
28125|0x11dc15275|18|43403889753
28125|0x31dc15275|19|90626479393
28125|0x71dc15275|20|174211852179
28125|0x71dc15275|21|348142638877
28125|0x171dc15275|22|696474481922
28125|0x371dc15275|23|1392334239417
28125|0x771dc15275|24|2789839423372
28307|0xdf9b|1|331108
28307|0x1df9b|2|723146
28307|0x1df9b|3|1573904
28307|0x1df9b|4|3275997
28307|0x9df9b|5|6566651
28307|0x9df9b|6|13314576
28307|0x9df9b|7|26594084
28307|0x49df9b|8|53207158
28307|0xc9df9b|9|106430304
28307|0xc9df9b|10|212855862
28307|0x2c9df9b|11|425880796
28307|0x2c9df9b|12|851657341
28307|0xac9df9b|13|1703666189
28307|0x1ac9df9b|14|2758752891
28307|0x3ac9df9b|15|5497620214
28307|0x3ac9df9b|16|10933709644
28307|0xbac9df9b|17|21579641672
28307|0xbac9df9b|18|43893351755
28307|0x2bac9df9b|19|87219986585
28307|0x6bac9df9b|20|174243189938
28307|0x6bac9df9b|21|348495258667
28307|0x6bac9df9b|22|696040951735
28307|0x26bac9df9b|23|1392821682757
28307|0x26bac9df9b|24|2787628532231
28477|0x6015|1|331750
28477|0x6015|2|724272
28477|0x6015|3|1573435
28477|0x6015|4|3267614
28477|0x6015|5|6580384
28477|0x6015|6|13196799
28477|0x6015|7|26561515
28477|0x406015|8|53250263
28477|0x406015|9|106445953
28477|0x1406015|10|212972702
28477|0x3406015|11|426067426
28477|0x3406015|12|852143642
28477|0x3406015|13|1704448616
28477|0x13406015|14|2818570086
28477|0x13406015|15|5482299567
28477|0x13406015|16|13637296121
28477|0x93406015|17|21695472406
28477|0x93406015|18|44102144164
28477|0x93406015|19|86553571675
28477|0x493406015|20|174840854047
28477|0x493406015|21|347682458691
28477|0x1493406015|22|696001799089
28477|0x1493406015|23|1392975379099
28477|0x5493406015|24|2789665765926
28665|0x2249|1|328842
28665|0x12249|2|726856
28665|0x12249|3|1583532
28665|0x12249|4|3274731
28665|0x92249|5|6613202
28665|0x92249|6|13239943
28665|0x92249|7|26638294
28665|0x492249|8|53294067
28665|0x492249|9|106514848
28665|0x1492249|10|213218883
28665|0x3492249|11|426435541
28665|0x3492249|12|853286448
28665|0xb492249|13|1705680818
28665|0x1b492249|14|2774830082
28665|0x1b492249|15|5607417762
28665|0x5b492249|16|10775307095
28665|0xdb492249|17|22148342897
28665|0xdb492249|18|43951544943
28665|0x2db492249|19|86701254084
28665|0x6db492249|20|174703290171
28665|0x6db492249|21|347687103581
28665|0x6db492249|22|696033023699
28665|0x6db492249|23|1392553989047
28665|0x46db492249|24|2794254182589
29213|0xe035|1|330035
29213|0x1e035|2|748794
29213|0x3e035|3|1574901
29213|0x3e035|4|3220139
29213|0xbe035|5|6524118
29213|0x1be035|6|13224117
29213|0x1be035|7|26574664
29213|0x1be035|8|53329396
29213|0x1be035|9|106742546
29213|0x11be035|10|213560963
29213|0x31be035|11|427277713
29213|0x71be035|12|854273695
29213|0xf1be035|13|1423584652
29213|0xf1be035|14|3024892114
29213|0x2f1be035|15|5611991316
29213|0x6f1be035|16|11357312754
29213|0x6f1be035|17|21547783186
29213|0x16f1be035|18|44808140277
29213|0x16f1be035|19|87734952662
29213|0x56f1be035|20|174235074569
29213|0xd6f1be035|21|347507928430
29213|0xd6f1be035|22|694964793375
29213|0xd6f1be035|23|1390005568821
29213|0xd6f1be035|24|2782641144850
29391|0x542f|1|334487
29391|0x1542f|2|732412
29391|0x1542f|3|1597117
29391|0x1542f|4|3183105
29391|0x1542f|5|6575613
29391|0x11542f|6|13249597
29391|0x11542f|7|26656567
29391|0x11542f|8|53352388
29391|0x91542f|9|106769605
29391|0x191542f|10|213586923
29391|0x191542f|11|427389235
29391|0x591542f|12|854809731
29391|0xd91542f|13|1709841008
29391|0x1d91542f|14|3432957876
29391|0x3d91542f|15|5387203164
29391|0x3d91542f|16|11374698589
29391|0xbd91542f|17|21631878157
29391|0xbd91542f|18|43983510067
29391|0xbd91542f|19|86584752366
29391|0x4bd91542f|20|174184865588
29391|0x4bd91542f|21|347357280207
29391|0x4bd91542f|22|694410913463
29391|0x4bd91542f|23|1389643650932
29391|0x44bd91542f|24|2782829075818
29571|0xb32b|1|334863
29571|0xb32b|2|733862
29571|0xb32b|3|1597835
29571|0xb32b|4|3193760
29571|0x8b32b|5|6580557
29571|0x18b32b|6|13290175
29571|0x38b32b|7|26614833
29571|0x38b32b|8|53345500
29571|0xb8b32b|9|106764694
29571|0x1b8b32b|10|189649604
29571|0x3b8b32b|11|345304736
29571|0x3b8b32b|12|855203792
29571|0x3b8b32b|13|1429993390
29571|0x3b8b32b|14|3368250769
29571|0x23b8b32b|15|5550315468
29571|0x63b8b32b|16|10773190661
29571|0x63b8b32b|17|21668804931
29571|0x163b8b32b|18|47617648158
29571|0x363b8b32b|19|86964897141
29571|0x363b8b32b|20|173731124390
29571|0xb63b8b32b|21|347384470431
29571|0xb63b8b32b|22|694132280380
29571|0x2b63b8b32b|23|1391528709482
29571|0x2b63b8b32b|24|2784415495252
30105|0xea9|1|332890
30105|0xea9|2|738143
30105|0xea9|3|1611045
30105|0x40ea9|4|3219338
30105|0x40ea9|5|6626667
30105|0x40ea9|6|13270387
30105|0x240ea9|7|26687835
30105|0x640ea9|8|53501920
30105|0xe40ea9|9|106998187
30105|0x1e40ea9|10|214183465
30105|0x1e40ea9|11|428355385
30105|0x5e40ea9|12|705284647
30105|0x5e40ea9|13|1544053344
30105|0x5e40ea9|14|3427988096
30105|0x5e40ea9|15|6104883276
30105|0x45e40ea9|16|11249271913
30105|0x45e40ea9|17|21940223534
30105|0x145e40ea9|18|46817214651
30105|0x145e40ea9|19|87095370238
30105|0x545e40ea9|20|173658457363
30105|0xd45e40ea9|21|347162965391
30105|0xd45e40ea9|22|694596171672
30105|0x2d45e40ea9|23|1386167699594
30105|0x2d45e40ea9|24|2782698154463
30285|0xb285|1|336515
30285|0x1b285|2|739993
30285|0x1b285|3|1612458
30285|0x5b285|4|3224990
30285|0x5b285|5|6231138
30285|0x5b285|6|12326678
30285|0x5b285|7|26750940
30285|0x5b285|8|53515065
30285|0x5b285|9|117248773
30285|0x5b285|10|191112889
30285|0x205b285|11|382558925
30285|0x605b285|12|727133864
30285|0x605b285|13|1395957757
30285|0x1605b285|14|3430150788
30285|0x1605b285|15|5623339993
30285|0x5605b285|16|10979609927
30285|0xd605b285|17|21989037375
30285|0x1d605b285|18|43686385972
30285|0x1d605b285|19|87236885231
30285|0x5d605b285|20|174237481279
30285|0xdd605b285|21|347439624987
30285|0x1dd605b285|22|692883319009
30285|0x3dd605b285|23|1385247206000
30285|0x7dd605b285|24|2782098285725
30465|0x8901|1|354012
30465|0x8901|2|741584
30465|0x8901|3|1600871
30465|0x8901|4|3250423
30465|0x8901|5|6660704
30465|0x108901|6|13321962
30465|0x108901|7|26688937
30465|0x508901|8|41995474
30465|0x508901|9|107123802
30465|0x508901|10|214375086
30465|0x508901|11|428905410
30465|0x508901|12|857763015
30465|0x508901|13|1715872303
30465|0x10508901|14|2849661695
30465|0x10508901|15|5383350040
30465|0x10508901|16|10921351392
30465|0x90508901|17|21591609872
30465|0x90508901|18|43647369938
30465|0x290508901|19|87581109976
30465|0x290508901|20|173420267064
30465|0xa90508901|21|347833205664
30465|0xa90508901|22|693925014689
30465|0x2a90508901|23|1385248815319
30465|0x6a90508901|24|2776969674433
30647|0x1607|1|338833
30647|0x11607|2|743467
30647|0x11607|3|1641654
30647|0x51607|4|3291950
30647|0x51607|5|6657965
30647|0x51607|6|13401358
30647|0x251607|7|26756422
30647|0x651607|8|53589399
30647|0xe51607|9|107269674
30647|0x1e51607|10|214742334
30647|0x1e51607|11|429440837
30647|0x1e51607|12|859176512
30647|0x9e51607|13|1501421982
30647|0x19e51607|14|3436931298
30647|0x19e51607|15|6874395555
30647|0x19e51607|16|13748272799
30647|0x19e51607|17|22171556586
30647|0x19e51607|18|43390287069
30647|0x19e51607|19|86592781895
30647|0x419e51607|20|173319863088
30647|0xc19e51607|21|347694645775
30647|0x1c19e51607|22|693144091605
30647|0x3c19e51607|23|1387507617768
30647|0x3c19e51607|24|2792564137745
31181|0x1b05|1|339928
31181|0x11b05|2|747508
31181|0x11b05|3|1639717
31181|0x11b05|4|3290563
31181|0x91b05|5|6582775
31181|0x191b05|6|13363433
31181|0x391b05|7|26855921
31181|0x391b05|8|53755567
31181|0xb91b05|9|107580370
31181|0xb91b05|10|215184562
31181|0x2b91b05|11|430379919
31181|0x6b91b05|12|860929810
31181|0x6b91b05|13|1721803886
31181|0x6b91b05|14|3443942124
31181|0x26b91b05|15|6885111484
31181|0x26b91b05|16|12247183245
31181|0xa6b91b05|17|27544364944
31181|0x1a6b91b05|18|44589038238
31181|0x1a6b91b05|19|89681071595
31181|0x1a6b91b05|20|174219152339
31181|0x1a6b91b05|21|359456462417
31181|0x1a6b91b05|22|698340914349
31181|0x21a6b91b05|23|1391000364698
31181|0x61a6b91b05|24|2790132835680
31361|0xc581|1|340388
31361|0x1c581|2|749618
31361|0x1c581|3|1663265
31361|0x5c581|4|3273705
31361|0xdc581|5|6622126
31361|0x1dc581|6|13386685
31361|0x3dc581|7|26817568
31361|0x7dc581|8|53712504
31361|0xfdc581|9|107529569
31361|0xfdc581|10|178274336
31361|0xfdc581|11|430317630
31361|0xfdc581|12|861081617
31361|0xfdc581|13|1585710056
31361|0x10fdc581|14|3157770368
31361|0x10fdc581|15|5880792828
31361|0x10fdc581|16|13782221645
31361|0x90fdc581|17|25528554579
31361|0x90fdc581|18|45237894361
31361|0x290fdc581|19|91159330589
31361|0x690fdc581|20|177897433041
31361|0xe90fdc581|21|347889006342
31361|0x1e90fdc581|22|694320212425
31361|0x1e90fdc581|23|1385065009446
31361|0x1e90fdc581|24|2773776799604
31537|0xfdd1|1|337644
31537|0xfdd1|2|747619
31537|0xfdd1|3|1637508
31537|0x4fdd1|4|3291905
31537|0xcfdd1|5|6608429
31537|0x1cfdd1|6|13425174
31537|0x1cfdd1|7|24458980
31537|0x1cfdd1|8|47218044
31537|0x9cfdd1|9|97802414
31537|0x9cfdd1|10|196037792
31537|0x9cfdd1|11|430880059
31537|0x49cfdd1|12|861986529
31537|0x49cfdd1|13|1724254836
31537|0x149cfdd1|14|3447812275
31537|0x349cfdd1|15|5595029845
31537|0x349cfdd1|16|13792836320
31537|0xb49cfdd1|17|22257951231
31537|0xb49cfdd1|18|46547944475
31537|0x2b49cfdd1|19|88931125883
31537|0x6b49cfdd1|20|178162361561
31537|0x6b49cfdd1|21|347459143332
31537|0x16b49cfdd1|22|692672557035
31537|0x36b49cfdd1|23|1386312831904
31537|0x76b49cfdd1|24|2777365545067
31723|0xd4c3|1|341852
31723|0x1d4c3|2|752130
31723|0x1d4c3|3|1628015
31723|0x1d4c3|4|3312827
31723|0x9d4c3|5|6662969
31723|0x9d4c3|6|13458767
31723|0x9d4c3|7|26926130
31723|0x49d4c3|8|53903239
31723|0x49d4c3|9|107765922
31723|0x149d4c3|10|215493751
31723|0x149d4c3|11|393203531
31723|0x149d4c3|12|786772627
31723|0x949d4c3|13|1589743996
31723|0x949d4c3|14|2828220102
31723|0x949d4c3|15|6899964652
31723|0x949d4c3|16|11343262817
31723|0x949d4c3|17|22715772900
31723|0x10949d4c3|18|47926656588
31723|0x30949d4c3|19|90110433192
31723|0x30949d4c3|20|176007765072
31723|0x30949d4c3|21|352419064973
31723|0x30949d4c3|22|694486328454
31723|0x30949d4c3|23|1385365798885
31723|0x430949d4c3|24|2772272983784
32245|0x865d|1|342821
32245|0x865d|2|756576
32245|0x865d|3|1660007
32245|0x4865d|4|3312852
32245|0x4865d|5|6704704
32245|0x14865d|6|13414995
32245|0x14865d|7|24193018
32245|0x54865d|8|53982082
32245|0xd4865d|9|107986646
32245|0x1d4865d|10|215959476
32245|0x3d4865d|11|431923742
32245|0x3d4865d|12|864080579
32245|0x3d4865d|13|1728204199
32245|0x13d4865d|14|3456186561
32245|0x13d4865d|15|6918321613
32245|0x53d4865d|16|13795027112
32245|0x53d4865d|17|27654451053
32245|0x153d4865d|18|43817762143
32245|0x153d4865d|19|86871652196
32245|0x553d4865d|20|175899203813
32245|0xd53d4865d|21|355829901717
32245|0x1d53d4865d|22|692719277094
32245|0x1d53d4865d|23|1386042322051
32245|0x1d53d4865d|24|2776294233445
32419|0x250b|1|988228
32419|0x1250b|2|1403186
32419|0x3250b|3|1675518
32419|0x7250b|4|3337817
32419|0xf250b|5|6648114
32419|0xf250b|6|13440411
32419|0x2f250b|7|26887151
32419|0x6f250b|8|53991555
32419|0x6f250b|9|107933973
32419|0x16f250b|10|216009074
32419|0x36f250b|11|432262912
32419|0x76f250b|12|864557665
32419|0x76f250b|13|1453060242
32419|0x176f250b|14|3458487443
32419|0x376f250b|15|6598957690
32419|0x376f250b|16|12172536992
32419|0x376f250b|17|23683832276
32419|0x376f250b|18|45680554592
32419|0x376f250b|19|88922096041
32419|0x4376f250b|20|174752025338
32419|0xc376f250b|21|352239020242
32419|0x1c376f250b|22|692075223837
32419|0x1c376f250b|23|1389914374905
32419|0x5c376f250b|24|2768321547656
32607|0x9c9f|1|344277
32607|0x19c9f|2|759938
32607|0x19c9f|3|1672235
32607|0x59c9f|4|3345586
32607|0xd9c9f|5|6712981
32607|0xd9c9f|6|13482228
32607|0xd9c9f|7|26952757
32607|0x4d9c9f|8|53970601
32607|0xcd9c9f|9|108045511
32607|0x1cd9c9f|10|216096508
32607|0x1cd9c9f|11|432447402
32607|0x5cd9c9f|12|864973688
32607|0xdcd9c9f|13|1386683146
32607|0xdcd9c9f|14|3458974275
32607|0x2dcd9c9f|15|6918884777
32607|0x2dcd9c9f|16|13839749338
32607|0x2dcd9c9f|17|21904590745
32607|0x2dcd9c9f|18|46470215001
32607|0x22dcd9c9f|19|87044891180
32607|0x22dcd9c9f|20|180622315934
32607|0xa2dcd9c9f|21|347811293818
32607|0xa2dcd9c9f|22|700318266486
32607|0xa2dcd9c9f|23|1383698587834
32607|0xa2dcd9c9f|24|2781188675739
32983|0x72e7|1|579368
32983|0x72e7|2|1388506
32983|0x472e7|3|3016364
32983|0x472e7|4|6235293
32983|0x1472e7|5|12661480
32983|0x3472e7|6|25449236
32983|0x3472e7|7|49119174
32983|0xb472e7|8|98404368
32983|0x1b472e7|9|196253057
32983|0x1b472e7|10|391281824
32983|0x1b472e7|11|817568173
32983|0x9b472e7|12|1635772641
32983|0x9b472e7|13|3270389312
32983|0x29b472e7|14|5552800687
32983|0x69b472e7|15|13083108815
32983|0x69b472e7|16|22094541127
32983|0x169b472e7|17|44599434656
32983|0x369b472e7|18|93243771637
32983|0x369b472e7|19|179393710228
32983|0xb69b472e7|20|361371110292
32983|0x1b69b472e7|21|722055302452
32983|0x3b69b472e7|22|1433943421613
32983|0x7b69b472e7|23|2864880087019
32983|0xfb69b472e7|24|5721879210118
33181|0x10cb5|1|596150
33181|0x10cb5|2|1375024
33181|0x50cb5|3|3046426
33181|0x50cb5|4|6236119
33181|0x50cb5|5|12683242
33181|0x50cb5|6|25542874
33181|0x50cb5|7|51055981
33181|0x850cb5|8|102084924
33181|0x1850cb5|9|204359863
33181|0x3850cb5|10|408973284
33181|0x7850cb5|11|817874509
33181|0xf850cb5|12|1635795871
33181|0x1f850cb5|13|3271809484
33181|0x3f850cb5|14|5750030487
33181|0x3f850cb5|15|11662548224
33181|0x3f850cb5|16|26176719970
33181|0x13f850cb5|17|45344057779
33181|0x33f850cb5|18|89388796693
33181|0x33f850cb5|19|183151640778
33181|0x33f850cb5|20|363341692410
33181|0x33f850cb5|21|717972218308
33181|0x33f850cb5|22|1430294160151
33181|0x33f850cb5|23|2860468187019
33181|0x33f850cb5|24|5734383845702
33371|0xddd3|1|601886
33371|0xddd3|2|1377847
33371|0x4ddd3|3|3057682
33371|0x4ddd3|4|6253786
33371|0x4ddd3|5|12702330
33371|0x24ddd3|6|25438462
33371|0x64ddd3|7|51027568
33371|0xe4ddd3|8|102171365
33371|0xe4ddd3|9|204555044
33371|0x2e4ddd3|10|409026096
33371|0x2e4ddd3|11|818035337
33371|0x2e4ddd3|12|1636439914
33371|0x2e4ddd3|13|3273013897
33371|0x2e4ddd3|14|6545952887
33371|0x42e4ddd3|15|11061806587
33371|0x42e4ddd3|16|26186951464
33371|0x42e4ddd3|17|43979013513
33371|0x42e4ddd3|18|99906431433
33371|0x42e4ddd3|19|185452701979
33371|0x42e4ddd3|20|362131670096
33371|0x1042e4ddd3|21|716607376320
33371|0x1042e4ddd3|22|1430460572342
33371|0x5042e4ddd3|23|2858144113436
33371|0xd042e4ddd3|24|5710796541186
33533|0x12a55|1|582119
33533|0x32a55|2|1380081
33533|0x32a55|3|3065948
33533|0x32a55|4|6288426
33533|0x32a55|5|12732255
33533|0x232a55|6|25481210
33533|0x632a55|7|51140479
33533|0xe32a55|8|102262272
33533|0xe32a55|9|204548811
33533|0xe32a55|10|409399499
33533|0x4e32a55|11|818766999
33533|0x4e32a55|12|1637349391
33533|0x14e32a55|13|3038279502
33533|0x14e32a55|14|6548282312
33533|0x14e32a55|15|11059638566
33533|0x14e32a55|16|21569838808
33533|0x14e32a55|17|43734590515
33533|0x14e32a55|18|86364239537
33533|0x14e32a55|19|173415834505
33533|0x14e32a55|20|356247782759
33533|0x1014e32a55|21|715273062137
33533|0x1014e32a55|22|1427258480768
33533|0x1014e32a55|23|2856033098862
33533|0x9014e32a55|24|5711406628742
33737|0x10679|1|581295
33737|0x30679|2|1382172
33737|0x30679|3|3061465
33737|0x30679|4|6322461
33737|0x130679|5|12761160
33737|0x130679|6|25538832
33737|0x530679|7|51122714
33737|0xd30679|8|102219865
33737|0xd30679|9|204718783
33737|0x2d30679|10|409369119
33737|0x6d30679|11|818712695
33737|0xed30679|12|1637519157
33737|0xed30679|13|3280582689
33737|0x2ed30679|14|6322763745
33737|0x6ed30679|15|13100465156
33737|0x6ed30679|16|25675396474
33737|0x16ed30679|17|53529882841
33737|0x36ed30679|18|96455713581
33737|0x36ed30679|19|192019824460
33737|0xb6ed30679|20|368484129162
33737|0x1b6ed30679|21|715566584914
33737|0x1b6ed30679|22|1427073726188
33737|0x5b6ed30679|23|2857603957738
33737|0xdb6ed30679|24|5709454397462
34115|0x12f6b|1|579368
34115|0x32f6b|2|1387273
34115|0x32f6b|3|3070387
34115|0xb2f6b|4|6329732
34115|0x1b2f6b|5|12674720
34115|0x1b2f6b|6|25517698
34115|0x5b2f6b|7|45071489
34115|0xdb2f6b|8|102213890
34115|0x1db2f6b|9|204678052
34115|0x1db2f6b|10|409562316
34115|0x5db2f6b|11|819198642
34115|0xddb2f6b|12|1638694630
34115|0xddb2f6b|13|2728086403
34115|0xddb2f6b|14|6545006672
34115|0xddb2f6b|15|13109325734
34115|0x8ddb2f6b|16|26219713689
34115|0x8ddb2f6b|17|44114685757
34115|0x8ddb2f6b|18|91460096026
34115|0x8ddb2f6b|19|198941688454
34115|0x88ddb2f6b|20|363590845330
34115|0x188ddb2f6b|21|715204440107
34115|0x388ddb2f6b|22|1429446808090
34115|0x388ddb2f6b|23|2860388796009
34115|0xb88ddb2f6b|24|5705035675285
34289|0x1cb11|1|583320
34289|0x1cb11|2|1389573
34289|0x1cb11|3|3076158
34289|0x1cb11|4|6325125
34289|0x11cb11|5|12704437
34289|0x11cb11|6|25580619
34289|0x51cb11|7|51136932
34289|0xd1cb11|8|102289583
34289|0xd1cb11|9|201782648
34289|0xd1cb11|10|409643201
34289|0x4d1cb11|11|819443020
34289|0xcd1cb11|12|1639069013
34289|0x1cd1cb11|13|3277968130
34289|0x3cd1cb11|14|6556018552
34289|0x7cd1cb11|15|12197967436
34289|0xfcd1cb11|16|26224549448
34289|0x1fcd1cb11|17|45016496593
34289|0x1fcd1cb11|18|92149242655
34289|0x1fcd1cb11|19|178958639182
34289|0x9fcd1cb11|20|356702524653
34289|0x9fcd1cb11|21|713343566745
34289|0x9fcd1cb11|22|1425811341127
34289|0x49fcd1cb11|23|2868856648504
34289|0x49fcd1cb11|24|5705240860055
34485|0xb79d|1|583373
34485|0x2b79d|2|1393301
34485|0x2b79d|3|3087104
34485|0xab79d|4|6350842
34485|0x1ab79d|5|12722198
34485|0x1ab79d|6|25483422
34485|0x1ab79d|7|51123457
34485|0x1ab79d|8|102409329
34485|0x11ab79d|9|204853530
34485|0x11ab79d|10|409805560
34485|0x51ab79d|11|819791207
34485|0xd1ab79d|12|1639286031
34485|0xd1ab79d|13|3077742517
34485|0xd1ab79d|14|5774325516
34485|0x4d1ab79d|15|13116320871
34485|0xcd1ab79d|16|21746206420
34485|0x1cd1ab79d|17|52645606826
34485|0x3cd1ab79d|18|97397558442
34485|0x7cd1ab79d|19|184547144654
34485|0x7cd1ab79d|20|362791205025
34485|0x7cd1ab79d|21|718583298238
34485|0x27cd1ab79d|22|1438062995950
34485|0x27cd1ab79d|23|2852679096145
34485|0xa7cd1ab79d|24|5709052314391
34657|0x5ca1|1|584248
34657|0x5ca1|2|1393881
34657|0x45ca1|3|3092063
34657|0x45ca1|4|6363347
34657|0x45ca1|5|12758945
34657|0x45ca1|6|25521963
34657|0x45ca1|7|43471964
34657|0x845ca1|8|103105463
34657|0x1845ca1|9|204951740
34657|0x1845ca1|10|409952319
34657|0x1845ca1|11|819916677
34657|0x1845ca1|12|1624912605
34657|0x1845ca1|13|3280000516
34657|0x21845ca1|14|6560283640
34657|0x21845ca1|15|13120281009
34657|0xa1845ca1|16|21737118482
34657|0xa1845ca1|17|46118719836
34657|0x2a1845ca1|18|93368358052
34657|0x6a1845ca1|19|182184634216
34657|0x6a1845ca1|20|360155619579
34657|0x16a1845ca1|21|721720507680
34657|0x16a1845ca1|22|1427391636560
34657|0x56a1845ca1|23|2853092923438
34657|0x56a1845ca1|24|5702092792676
35047|0xad7|1|587123
35047|0xad7|2|1395878
35047|0x40ad7|3|3100529
35047|0xc0ad7|4|6231898
35047|0xc0ad7|5|12672401
35047|0x2c0ad7|6|25483766
35047|0x2c0ad7|7|51166426
35047|0xac0ad7|8|102456030
35047|0x1ac0ad7|9|204945245
35047|0x1ac0ad7|10|410093110
35047|0x1ac0ad7|11|820242539
35047|0x9ac0ad7|12|1640761020
35047|0x9ac0ad7|13|2745105724
35047|0x29ac0ad7|14|6563369908
35047|0x29ac0ad7|15|13127466239
35047|0x29ac0ad7|16|26254079963
35047|0x129ac0ad7|17|49948360492
35047|0x129ac0ad7|18|107671101245
35047|0x129ac0ad7|19|190409774928
35047|0x129ac0ad7|20|365215982293
35047|0x1129ac0ad7|21|722890348935
35047|0x3129ac0ad7|22|1427592528280
35047|0x3129ac0ad7|23|2859348041775
35047|0xb129ac0ad7|24|5717499337890
35237|0x1362d|1|581791
35237|0x3362d|2|1401765
35237|0x3362d|3|3115814
35237|0x3362d|4|6262925
35237|0x13362d|5|12684663
35237|0x33362d|6|25539274
35237|0x33362d|7|51285998
35237|0x33362d|8|102527782
35237|0x133362d|9|205166216
35237|0x333362d|10|410345019
35237|0x333362d|11|820786439
35237|0xb33362d|12|1641456873
35237|0xb33362d|13|3283241973
35237|0x2b33362d|14|6566632360
35237|0x6b33362d|15|13133039114
35237|0xeb33362d|16|26267326642
35237|0xeb33362d|17|48539271803
35237|0x2eb33362d|18|98620439912
35237|0x2eb33362d|19|214013066863
35237|0x2eb33362d|20|391356220473
35237|0x2eb33362d|21|730174978413
35237|0x2eb33362d|22|1434658131471
35237|0x42eb33362d|23|2859277070136
35237|0x42eb33362d|24|5695371882146
35407|0x4caf|1|587389
35407|0x24caf|2|1403816
35407|0x64caf|3|3118489
35407|0xe4caf|4|6252870
35407|0xe4caf|5|12733030
35407|0xe4caf|6|25595372
35407|0x4e4caf|7|51216296
35407|0xce4caf|8|102422757
35407|0x1ce4caf|9|205082504
35407|0x1ce4caf|10|410326664
35407|0x5ce4caf|11|814343431
35407|0x5ce4caf|12|1641781310
35407|0x5ce4caf|13|2905678962
35407|0x5ce4caf|14|6566999003
35407|0x5ce4caf|15|12971435696
35407|0x5ce4caf|16|26271923072
35407|0x105ce4caf|17|55236281935
35407|0x305ce4caf|18|103056799373
35407|0x305ce4caf|19|200128904756
35407|0x305ce4caf|20|356614132481
35407|0x1305ce4caf|21|725996902212
35407|0x1305ce4caf|22|1439578370407
35407|0x1305ce4caf|23|2900795780405
35407|0x1305ce4caf|24|5696427765465
35603|0xf71b|1|586501
35603|0x2f71b|2|1423735
35603|0x6f71b|3|3108088
35603|0x6f71b|4|6286062
35603|0x16f71b|5|12738732
35603|0x36f71b|6|25516453
35603|0x76f71b|7|41963695
35603|0x76f71b|8|103137782
35603|0x176f71b|9|205196363
35603|0x176f71b|10|410453486
35603|0x576f71b|11|820955630
35603|0x576f71b|12|1641938792
35603|0x576f71b|13|3284129867
35603|0x576f71b|14|6569797027
35603|0x576f71b|15|13137688677
35603|0x576f71b|16|22760136042
35603|0x576f71b|17|46818339565
35603|0x576f71b|18|88041431417
35603|0x576f71b|19|175576286248
35603|0x80576f71b|20|367629466219
35603|0x180576f71b|21|727995957568
35603|0x180576f71b|22|1460759201751
35603|0x580576f71b|23|2907161047971
35603|0xd80576f71b|24|5694333077991
