253|0x55|1|4685
253|0x55|2|6384
253|0x455|3|10103
253|0xc55|4|15572
253|0x1c55|5|28612
253|0x1c55|6|50420
253|0x1c55|7|96821
253|0x1c55|8|188693
253|0x1c55|9|373277
253|0x1c55|10|745549
253|0x41c55|11|1515656
253|0x41c55|12|2975084
253|0x141c55|13|13754210
253|0x341c55|14|10640449
253|0x341c55|15|21504508
253|0xb41c55|16|44145567
253|0xb41c55|17|105729278
253|0x2b41c55|18|222606877
253|0x6b41c55|19|421494559
253|0x6b41c55|20|844468865
253|0x6b41c55|21|1685394847
253|0x26b41c55|22|3367826200
253|0x66b41c55|23|6721277123
253|0xe6b41c55|24|13451480926
9057|0x40a1|1|96235
9057|0xc0a1|2|201046
9057|0x1c0a1|3|441635
9057|0x1c0a1|4|885024
9057|0x1c0a1|5|1771383
9057|0x1c0a1|6|3603171
9057|0x1c0a1|7|19255421
9057|0x1c0a1|8|15033391
9057|0x1c0a1|9|31071136
9057|0x1c0a1|10|62424321
9057|0x1c0a1|11|124264198
9057|0x201c0a1|12|248076164
9057|0x201c0a1|13|498024944
9057|0x201c0a1|14|1002883166
9057|0x201c0a1|15|2015444612
9057|0x201c0a1|16|4062544850
9057|0x201c0a1|17|8038491354
9057|0x201c0a1|18|16161767296
9057|0x10201c0a1|19|30241241976
9057|0x10201c0a1|20|55420336136
9057|0x10201c0a1|21|112243434278
9057|0x90201c0a1|22|219268390778
9057|0x190201c0a1|23|440844270449
9057|0x190201c0a1|24|876039550655
9163|0x69e3|1|101736
9163|0x69e3|2|231178
9163|0x69e3|3|504487
9163|0x269e3|4|974839
9163|0x669e3|5|1819505
9163|0x669e3|6|3951475
9163|0x1669e3|7|7860571
9163|0x1669e3|8|15646696
9163|0x5669e3|9|31276161
9163|0x5669e3|10|62376568
9163|0x15669e3|11|123929408
9163|0x15669e3|12|247479357
9163|0x15669e3|13|499403519
9163|0x15669e3|14|814499564
9163|0x15669e3|15|1648944296
9163|0x215669e3|16|3903526039
9163|0x615669e3|17|6713754216
9163|0x615669e3|18|14264729553
9163|0x615669e3|19|32220357981
9163|0x615669e3|20|58264471317
9163|0x4615669e3|21|109336896002
9163|0xc615669e3|22|220205449729
9163|0xc615669e3|23|437509811012
9163|0x2c615669e3|24|874903175982
10011|0x5b13|1|90836
10011|0xdb13|2|210068
10011|0x1db13|3|436664
10011|0x3db13|4|935401
10011|0x3db13|5|2071343
10011|0xbdb13|6|3890555
10011|0xbdb13|7|7834840
10011|0x2bdb13|8|15632691
10011|0x2bdb13|9|31363626
10011|0x2bdb13|10|62762949
10011|0x12bdb13|11|124762846
10011|0x32bdb13|12|250258562
10011|0x72bdb13|13|501739535
10011|0x72bdb13|14|1006669454
10011|0x172bdb13|15|1934468816
10011|0x372bdb13|16|3284449614
10011|0x372bdb13|17|6799285892
10011|0xb72bdb13|18|13237216537
10011|0x1b72bdb13|19|27655782311
10011|0x3b72bdb13|20|55327555275
10011|0x7b72bdb13|21|109253073484
10011|0xfb72bdb13|22|218809496700
10011|0x1fb72bdb13|23|438958572585
10011|0x1fb72bdb13|24|874152442238
10089|0x58d9|1|103161
10089|0xd8d9|2|238950
10089|0xd8d9|3|476557
10089|0x2d8d9|4|891646
10089|0x6d8d9|5|1781234
10089|0xed8d9|6|3889628
10089|0xed8d9|7|7497867
10089|0x2ed8d9|8|15061799
10089|0x6ed8d9|9|30403555
10089|0xeed8d9|10|60833109
10089|0x1eed8d9|11|121302278
10089|0x3eed8d9|12|242666396
10089|0x3eed8d9|13|485254271
10089|0x3eed8d9|14|970359960
10089|0x3eed8d9|15|1632115550
10089|0x3eed8d9|16|3404295856
10089|0x3eed8d9|17|7263648290
10089|0x3eed8d9|18|14639277841
10089|0x103eed8d9|19|30341567832
10089|0x103eed8d9|20|57010370608
10089|0x503eed8d9|21|110589338840
10089|0xd03eed8d9|22|222193785281
10089|0x1d03eed8d9|23|436868452325
10089|0x1d03eed8d9|24|874073318202
10213|0x3ded|1|102834
10213|0xbded|2|240310
10213|0x1bded|3|501600
10213|0x3bded|4|894394
10213|0x3bded|5|1788570
10213|0xbbded|6|3895799
10213|0x1bbded|7|7536478
10213|0x1bbded|8|15440278
10213|0x5bbded|9|30572443
10213|0x5bbded|10|61442773
10213|0x5bbded|11|122982351
10213|0x5bbded|12|220455338
10213|0x45bbded|13|492320751
10213|0x45bbded|14|988089132
10213|0x45bbded|15|1722561105
10213|0x245bbded|16|3529149105
10213|0x245bbded|17|6520190279
10213|0xa45bbded|18|13282817426
10213|0x1a45bbded|19|26839866236
10213|0x3a45bbded|20|54637643572
10213|0x7a45bbded|21|109578889330
10213|0x7a45bbded|22|218938533939
10213|0x7a45bbded|23|437407003060
10213|0x27a45bbded|24|874840540127
11063|0x7a87|1|112941
11063|0x7a87|2|189191
11063|0x17a87|3|428527
11063|0x37a87|4|922814
11063|0x77a87|5|2043983
11063|0x77a87|6|3685686
11063|0x177a87|7|7841060
11063|0x377a87|8|15294867
11063|0x377a87|9|30863440
11063|0xb77a87|10|61642924
11063|0x1b77a87|11|123004798
11063|0x1b77a87|12|246380070
11063|0x1b77a87|13|492580009
11063|0x1b77a87|14|807660733
11063|0x11b77a87|15|1658916808
11063|0x31b77a87|16|3898739592
11063|0x31b77a87|17|6788962857
11063|0xb1b77a87|18|13869450866
11063|0xb1b77a87|19|27612686827
11063|0xb1b77a87|20|54052734035
11063|0xb1b77a87|21|109288189573
11063|0xb1b77a87|22|218005034593
11063|0xb1b77a87|23|437561751779
11063|0xb1b77a87|24|871710839073
11149|0xf45|1|90697
11149|0xf45|2|191455
11149|0x10f45|3|429320
11149|0x30f45|4|1002100
11149|0x30f45|5|1990318
11149|0x30f45|6|3752152
11149|0x30f45|7|7781363
11149|0x30f45|8|15229294
11149|0x430f45|9|30895536
11149|0xc30f45|10|61469110
11149|0x1c30f45|11|122993941
11149|0x1c30f45|12|246400076
11149|0x5c30f45|13|492462583
11149|0x5c30f45|14|985642421
11149|0x15c30f45|15|1969397188
11149|0x15c30f45|16|3240241824
11149|0x55c30f45|17|7882904362
11149|0x55c30f45|18|16035574347
11149|0x155c30f45|19|26597088027
11149|0x155c30f45|20|55405936743
11149|0x555c30f45|21|111316362211
11149|0xd55c30f45|22|220008165649
11149|0xd55c30f45|23|438845311967
11149|0xd55c30f45|24|877503625339
12043|0x24a3|1|107161
12043|0xa4a3|2|222504
12043|0x1a4a3|3|521478
12043|0x1a4a3|4|1011929
12043|0x5a4a3|5|1806486
12043|0xda4a3|6|3954260
12043|0x1da4a3|7|7658881
12043|0x1da4a3|8|15584441
12043|0x1da4a3|9|30905685
12043|0x9da4a3|10|61985354
12043|0x9da4a3|11|123813931
12043|0x9da4a3|12|250106306
12043|0x9da4a3|13|498268123
12043|0x89da4a3|14|1002040409
12043|0x189da4a3|15|1636354115
12043|0x189da4a3|16|3298701372
12043|0x189da4a3|17|8132855619
12043|0x189da4a3|18|16003097303
12043|0x189da4a3|19|27296221496
12043|0x2189da4a3|20|54199427372
12043|0x6189da4a3|21|110064912662
12043|0xe189da4a3|22|223655200178
12043|0xe189da4a3|23|434435411420
12043|0x2e189da4a3|24|871742681619
12141|0x3265|1|107093
12141|0x3265|2|222974
12141|0x3265|3|504276
12141|0x23265|4|992039
12141|0x23265|5|1812811
12141|0x23265|6|3968841
12141|0x123265|7|7639739
12141|0x123265|8|15553356
12141|0x123265|9|30905134
12141|0x123265|10|61938551
12141|0x1123265|11|124015449
12141|0x1123265|12|247798739
12141|0x5123265|13|494735500
12141|0x5123265|14|992332186
12141|0x5123265|15|1984400929
12141|0x5123265|16|3442053682
12141|0x5123265|17|6622458007
12141|0x85123265|18|13023091472
12141|0x185123265|19|26900643106
12141|0x185123265|20|59810756936
12141|0x585123265|21|109582339960
12141|0xd85123265|22|218624169823
12141|0x1d85123265|23|437661376184
12141|0x1d85123265|24|870988415996
12267|0xc3|1|92344
12267|0x80c3|2|196928
12267|0x80c3|3|466061
12267|0x280c3|4|1015753
12267|0x280c3|5|1990023
12267|0x280c3|6|3785954
12267|0x1280c3|7|7801575
12267|0x3280c3|8|15458361
12267|0x3280c3|9|30994254
12267|0x3280c3|10|62061335
12267|0x3280c3|11|124031487
12267|0x3280c3|12|248164518
12267|0x43280c3|13|494711450
12267|0x43280c3|14|993434006
12267|0x43280c3|15|1985834368
12267|0x243280c3|16|3967807921
12267|0x243280c3|17|6532000084
12267|0xa43280c3|18|13398157873
12267|0xa43280c3|19|28378393559
12267|0xa43280c3|20|53596760664
12267|0x4a43280c3|21|109551420374
12267|0xca43280c3|22|218237016037
12267|0xca43280c3|23|435894852487
12267|0xca43280c3|24|870266049377
13109|0x471d|1|91691
13109|0xc71d|2|345878
13109|0xc71d|3|425048
13109|0xc71d|4|1012130
13109|0x4c71d|5|1994525
13109|0xcc71d|6|3775947
13109|0x1cc71d|7|7833731
13109|0x3cc71d|8|15485269
13109|0x7cc71d|9|31174469
13109|0xfcc71d|10|62169261
13109|0xfcc71d|11|124255680
13109|0xfcc71d|12|216875632
13109|0xfcc71d|13|457539409
13109|0xfcc71d|14|995848597
13109|0x10fcc71d|15|1994934153
13109|0x30fcc71d|16|3280277345
13109|0x30fcc71d|17|6443766059
13109|0xb0fcc71d|18|13110367092
13109|0x1b0fcc71d|19|27686955192
13109|0x1b0fcc71d|20|54423424844
13109|0x5b0fcc71d|21|116097746297
13109|0x5b0fcc71d|22|217599475074
13109|0x15b0fcc71d|23|434915924924
13109|0x15b0fcc71d|24|870562097737
13207|0x7c27|1|108837
13207|0x7c27|2|249075
13207|0x17c27|3|485398
13207|0x17c27|4|1011579
13207|0x57c27|5|1866021
13207|0xd7c27|6|3922873
13207|0x1d7c27|7|7742207
13207|0x3d7c27|8|15649629
13207|0x3d7c27|9|31080640
13207|0x3d7c27|10|62439048
13207|0x3d7c27|11|124939303
13207|0x3d7c27|12|249657946
13207|0x43d7c27|13|499485156
13207|0x43d7c27|14|1026279082
13207|0x43d7c27|15|1998733348
13207|0x43d7c27|16|3995714289
13207|0x443d7c27|17|6708110716
13207|0xc43d7c27|18|12952237056
13207|0xc43d7c27|19|26877971437
13207|0xc43d7c27|20|55029315528
13207|0x4c43d7c27|21|110696267482
13207|0xcc43d7c27|22|217847620632
13207|0xcc43d7c27|23|435758052054
13207|0x2cc43d7c27|24|870014692745
14037|0x527d|1|110365
14037|0x527d|2|400529
14037|0x1527d|3|496568
14037|0x1527d|4|1024853
14037|0x1527d|5|1830268
14037|0x1527d|6|4022644
14037|0x1527d|7|7716234
14037|0x1527d|8|15760337
14037|0x1527d|9|31369237
14037|0x81527d|10|62927669
14037|0x181527d|11|125748259
14037|0x181527d|12|251280049
14037|0x181527d|13|502276441
14037|0x981527d|14|1005938725
14037|0x1981527d|15|2009717529
14037|0x1981527d|16|3619367829
14037|0x1981527d|17|6627616882
14037|0x9981527d|18|13214046519
14037|0x19981527d|19|27790565513
14037|0x39981527d|20|54707385506
14037|0x39981527d|21|109917219922
14037|0x39981527d|22|217337531799
14037|0x39981527d|23|433804323957
14037|0x239981527d|24|867374276397
14159|0x7faf|1|95228
14159|0x7faf|2|205877
14159|0x7faf|3|461125
14159|0x27faf|4|1040981
14159|0x67faf|5|2098577
14159|0x67faf|6|4009511
14159|0x167faf|7|7998453
14159|0x367faf|8|16238943
14159|0x767faf|9|32417038
14159|0x767faf|10|64525630
14159|0x767faf|11|129338115
14159|0x2767faf|12|259235445
14159|0x2767faf|13|519144496
14159|0xa767faf|14|1041389606
14159|0x1a767faf|15|2072338054
14159|0x3a767faf|16|3967117265
14159|0x3a767faf|17|6480791120
14159|0xba767faf|18|13903157364
14159|0x1ba767faf|19|26634376414
14159|0x1ba767faf|20|54206112567
14159|0x1ba767faf|21|114146204013
14159|0x9ba767faf|22|217283610286
14159|0x19ba767faf|23|435459193183
14159|0x19ba767faf|24|867481902745
14253|0x4425|1|111333
14253|0x4425|2|404802
14253|0x4425|3|498068
14253|0x24425|4|1049310
14253|0x64425|5|1894336
14253|0x64425|6|4093153
14253|0x64425|7|8188855
14253|0x264425|8|16356290
14253|0x264425|9|32468669
14253|0xa64425|10|65241135
14253|0x1a64425|11|130413615
14253|0x3a64425|12|260676261
14253|0x3a64425|13|521347847
14253|0x3a64425|14|1043573291
14253|0x13a64425|15|2085710224
14253|0x13a64425|16|4138148746
14253|0x13a64425|17|7357761238
14253|0x13a64425|18|13137575360
14253|0x13a64425|19|26114616750
14253|0x213a64425|20|55475399949
14253|0x213a64425|21|110442095270
14253|0x213a64425|22|226357313410
14253|0x213a64425|23|434593193413
14253|0x2213a64425|24|867027995852
15039|0x353f|1|99022
15039|0x353f|2|380941
15039|0x353f|3|449207
15039|0x353f|4|1046495
15039|0x353f|5|2099419
15039|0x8353f|6|4017118
15039|0x18353f|7|8087035
15039|0x38353f|8|16418333
15039|0x38353f|9|32824683
15039|0x38353f|10|65421972
15039|0x38353f|11|130437665
15039|0x238353f|12|260218195
15039|0x638353f|13|520057048
15039|0x638353f|14|840577216
15039|0x638353f|15|1797552232
15039|0x2638353f|16|4207092796
15039|0x6638353f|17|6901697228
15039|0x6638353f|18|13960115018
15039|0x16638353f|19|28399641365
15039|0x16638353f|20|54227986453
15039|0x56638353f|21|107916776363
15039|0x56638353f|22|217063742683
15039|0x156638353f|23|433542940490
15039|0x356638353f|24|864868137390
15137|0x8e1|1|110310
15137|0x8e1|2|237075
15137|0x108e1|3|511757
15137|0x308e1|4|1044444
15137|0x308e1|5|2050046
15137|0x308e1|6|4080964
15137|0x1308e1|7|8301843
15137|0x1308e1|8|16381887
15137|0x1308e1|9|33210916
15137|0x9308e1|10|66078123
15137|0x9308e1|11|131978079
15137|0x29308e1|12|263971178
15137|0x29308e1|13|528210415
15137|0xa9308e1|14|1056891993
15137|0xa9308e1|15|1798606451
15137|0xa9308e1|16|3359331737
15137|0x4a9308e1|17|6942128342
15137|0xca9308e1|18|13711724089
15137|0xca9308e1|19|26859402208
15137|0x2ca9308e1|20|54416522324
15137|0x6ca9308e1|21|109102546841
15137|0x6ca9308e1|22|217393619366
15137|0x16ca9308e1|23|433032405711
15137|0x36ca9308e1|24|865047079383
15259|0x3293|1|114274
15259|0xb293|2|225065
15259|0xb293|3|452034
15259|0xb293|4|921559
15259|0x4b293|5|1677107
15259|0x4b293|6|4128176
15259|0x4b293|7|8122022
15259|0x4b293|8|16585252
15259|0x4b293|9|32907195
15259|0x4b293|10|65779650
15259|0x4b293|11|131667180
15259|0x4b293|12|263179055
15259|0x4b293|13|526618191
15259|0x804b293|14|859200231
15259|0x1804b293|15|1805453119
15259|0x3804b293|16|4233691259
15259|0x3804b293|17|8530530995
15259|0x3804b293|18|13875392571
15259|0x13804b293|19|28835590752
15259|0x33804b293|20|54249433460
15259|0x73804b293|21|108496728969
15259|0xf3804b293|22|217750899671
15259|0xf3804b293|23|432956817633
15259|0x2f3804b293|24|863459979626
16013|0x3445|1|114186
16013|0xb445|2|244174
16013|0xb445|3|524094
16013|0xb445|4|1054234
16013|0x4b445|5|2134178
16013|0x4b445|6|4055009
16013|0x4b445|7|8351524
16013|0x4b445|8|16548785
16013|0x44b445|9|33375931
16013|0xc4b445|10|66482114
16013|0xc4b445|11|133109769
16013|0xc4b445|12|267891018
16013|0xc4b445|13|535570930
16013|0xc4b445|14|921003999
16013|0x10c4b445|15|1777431203
16013|0x30c4b445|16|3694650204
16013|0x30c4b445|17|7067148830
16013|0xb0c4b445|18|13642942582
16013|0x1b0c4b445|19|27104416982
16013|0x3b0c4b445|20|52854005473
16013|0x3b0c4b445|21|107754358872
16013|0xbb0c4b445|22|215918157079
16013|0xbb0c4b445|23|432680058134
16013|0xbb0c4b445|24|864087086924
16109|0x4ee5|1|114833
16109|0xcee5|2|244647
16109|0x1cee5|3|524795
16109|0x1cee5|4|1057149
16109|0x1cee5|5|2137393
16109|0x9cee5|6|4065634
16109|0x19cee5|7|8386709
16109|0x19cee5|8|16742129
16109|0x19cee5|9|33337380
16109|0x19cee5|10|66669296
16109|0x19cee5|11|133849320
16109|0x19cee5|12|266756879
16109|0x19cee5|13|455373117
16109|0x819cee5|14|924569572
16109|0x819cee5|15|2055193288
16109|0x819cee5|16|3378261663
16109|0x4819cee5|17|7291139931
16109|0x4819cee5|18|13688040118
16109|0x14819cee5|19|27517848977
16109|0x34819cee5|20|54005259246
16109|0x34819cee5|21|108115117485
16109|0x34819cee5|22|216088633762
16109|0x34819cee5|23|431713851592
16109|0x34819cee5|24|863482406528
16223|0x5c9f|1|112182
16223|0xdc9f|2|243148
16223|0x1dc9f|3|526452
16223|0x1dc9f|4|1080138
16223|0x5dc9f|5|2049951
16223|0xddc9f|6|4214682
16223|0x1ddc9f|7|8402755
16223|0x3ddc9f|8|16856401
16223|0x7ddc9f|9|33577516
16223|0x7ddc9f|10|67423773
16223|0x7ddc9f|11|142356015
16223|0x7ddc9f|12|267633518
16223|0x7ddc9f|13|538787911
16223|0x87ddc9f|14|955200792
16223|0x87ddc9f|15|1736143632
16223|0x287ddc9f|16|3368702503
16223|0x287ddc9f|17|6805433089
16223|0x287ddc9f|18|13483446566
16223|0x287ddc9f|19|27155987452
16223|0x2287ddc9f|20|56283067464
16223|0x6287ddc9f|21|108403324291
16223|0x6287ddc9f|22|216363255664
16223|0x6287ddc9f|23|432253037068
16223|0x6287ddc9f|24|865532257568
16343|0x23e7|1|112530
16343|0x23e7|2|243861
16343|0x23e7|3|526414
16343|0x23e7|4|1061691
16343|0x423e7|5|1976884
16343|0x423e7|6|4292245
16343|0x1423e7|7|8430973
16343|0x1423e7|8|16689482
16343|0x5423e7|9|33554260
16343|0xd423e7|10|66963681
16343|0x1d423e7|11|134711771
16343|0x3d423e7|12|269888054
16343|0x7d423e7|13|472415858
16343|0xfd423e7|14|1047730353
16343|0xfd423e7|15|2158840259
16343|0xfd423e7|16|3506400187
16343|0xfd423e7|17|7555460054
16343|0x8fd423e7|18|14949083493
16343|0x8fd423e7|19|27042949099
16343|0x28fd423e7|20|54453587006
16343|0x68fd423e7|21|108396040217
16343|0xe8fd423e7|22|214723958932
16343|0xe8fd423e7|23|433539956701
16343|0x2e8fd423e7|24|856920010245
16815|0xb54f|1|167357
16815|0x1b54f|2|427813
16815|0x1b54f|3|983782
16815|0x5b54f|4|1994867
16815|0x5b54f|5|3839242
16815|0x15b54f|6|7705074
16815|0x35b54f|7|15518280
16815|0x75b54f|8|31221682
16815|0xf5b54f|9|62401797
16815|0x1f5b54f|10|124302418
16815|0x3f5b54f|11|243458616
16815|0x3f5b54f|12|498863811
16815|0xbf5b54f|13|997528594
16815|0x1bf5b54f|14|1991304009
16815|0x1bf5b54f|15|3543603428
16815|0x1bf5b54f|16|6600186995
16815|0x9bf5b54f|17|13087112031
16815|0x9bf5b54f|18|27200086103
16815|0x9bf5b54f|19|54304432980
16815|0x49bf5b54f|20|109582825530
16815|0x49bf5b54f|21|222021216396
16815|0x49bf5b54f|22|442855269294
16815|0x49bf5b54f|23|878047739879
16815|0x449bf5b54f|24|1753716005514
16931|0x7d8b|1|190457
16931|0x17d8b|2|444385
16931|0x37d8b|3|911024
16931|0x37d8b|4|1771534
16931|0xb7d8b|5|3873098
16931|0x1b7d8b|6|7569947
16931|0x3b7d8b|7|15272395
16931|0x3b7d8b|8|30536814
16931|0xbb7d8b|9|61196524
16931|0xbb7d8b|10|122441132
16931|0xbb7d8b|11|244342566
16931|0xbb7d8b|12|489691432
16931|0xbb7d8b|13|970600807
16931|0x10bb7d8b|14|1957522497
16931|0x30bb7d8b|15|3912408360
16931|0x30bb7d8b|16|7826439903
16931|0x30bb7d8b|17|12996154596
16931|0x130bb7d8b|18|27157589536
16931|0x330bb7d8b|19|53737452073
16931|0x330bb7d8b|20|108632366387
16931|0x330bb7d8b|21|221412317963
16931|0x330bb7d8b|22|443411702741
16931|0x330bb7d8b|23|878311333578
16931|0x330bb7d8b|24|1752870595050
17057|0x2161|1|167730
17057|0x2161|2|391762
17057|0x2161|3|858372
17057|0x2161|4|1936092
17057|0x2161|5|3706748
17057|0x102161|6|7779520
17057|0x102161|7|15203164
17057|0x502161|8|30447848
17057|0x502161|9|61078106
17057|0x1502161|10|122004915
17057|0x1502161|11|244463237
17057|0x5502161|12|488876788
17057|0x5502161|13|976480056
17057|0x5502161|14|1953532320
17057|0x5502161|15|3906095768
17057|0x5502161|16|7834453051
17057|0x5502161|17|13157211225
17057|0x5502161|18|25748140667
17057|0x205502161|19|54136163461
17057|0x605502161|20|108814154573
17057|0xe05502161|21|223368120049
17057|0x1e05502161|22|442965271450
17057|0x1e05502161|23|878648205965
17057|0x5e05502161|24|1754826161021
17153|0xbd01|1|180320
17153|0xbd01|2|408699
17153|0xbd01|3|860365
17153|0xbd01|4|1841834
17153|0x8bd01|5|3804068
17153|0x8bd01|6|7689802
17153|0x8bd01|7|15236467
17153|0x8bd01|8|30515162
17153|0x88bd01|9|61247864
17153|0x88bd01|10|122184197
17153|0x288bd01|11|244488928
17153|0x688bd01|12|490251741
17153|0x688bd01|13|980437151
17153|0x1688bd01|14|1960887467
17153|0x3688bd01|15|3259292267
17153|0x3688bd01|16|6679011243
17153|0x3688bd01|17|13003997178
17153|0x3688bd01|18|25610612060
17153|0x23688bd01|19|53342596392
17153|0x23688bd01|20|108637441908
17153|0xa3688bd01|21|221571591809
17153|0x1a3688bd01|22|445066216329
17153|0x3a3688bd01|23|877729783040
17153|0x3a3688bd01|24|1753761051543
17271|0x8647|1|168291
17271|0x18647|2|393682
17271|0x38647|3|862627
17271|0x38647|4|1990521
17271|0xb8647|5|3716654
17271|0xb8647|6|7761056
17271|0xb8647|7|15221747
17271|0xb8647|8|30462017
17271|0x8b8647|9|61182760
17271|0x18b8647|10|122034143
17271|0x18b8647|11|243862760
17271|0x58b8647|12|488957988
17271|0xd8b8647|13|977435124
17271|0x1d8b8647|14|1955595605
17271|0x1d8b8647|15|3909933127
17271|0x5d8b8647|16|6450193413
17271|0x5d8b8647|17|15497988353
17271|0x15d8b8647|18|26803825767
17271|0x35d8b8647|19|53400574048
17271|0x75d8b8647|20|111090034598
17271|0xf5d8b8647|21|223574381560
17271|0xf5d8b8647|22|443019309347
17271|0x2f5d8b8647|23|878193383203
17271|0x2f5d8b8647|24|1754904269035
17375|0x381f|1|186634
17375|0x1381f|2|448465
17375|0x1381f|3|999940
17375|0x1381f|4|1898025
17375|0x1381f|5|3832061
17375|0x1381f|6|7553351
17375|0x1381f|7|15243945
17375|0x41381f|8|30461842
17375|0xc1381f|9|60896480
17375|0xc1381f|10|121972927
17375|0x2c1381f|11|243509393
17375|0x2c1381f|12|485990587
17375|0xac1381f|13|976373442
17375|0x1ac1381f|14|1641546511
17375|0x3ac1381f|15|3543260080
17375|0x7ac1381f|16|7329682899
17375|0xfac1381f|17|13139368862
17375|0x1fac1381f|18|26639891912
17375|0x3fac1381f|19|53253465396
17375|0x3fac1381f|20|108563156148
17375|0xbfac1381f|21|221933216841
17375|0x1bfac1381f|22|443393603545
17375|0x1bfac1381f|23|878201799415
17375|0x1bfac1381f|24|1753519290670
17881|0xea69|1|168749
17881|0x1ea69|2|397348
17881|0x3ea69|3|937603
17881|0x3ea69|4|1995618
17881|0x3ea69|5|3737160
17881|0x3ea69|6|7704179
17881|0x3ea69|7|15356029
17881|0x3ea69|8|30659486
17881|0x83ea69|9|61154379
17881|0x83ea69|10|122750043
17881|0x283ea69|11|244814236
17881|0x283ea69|12|490104230
17881|0x283ea69|13|981613567
17881|0x1283ea69|14|1965219205
17881|0x1283ea69|15|3423833232
17881|0x5283ea69|16|6584632614
17881|0xd283ea69|17|12903449007
17881|0xd283ea69|18|28866419366
17881|0xd283ea69|19|53195889264
17881|0xd283ea69|20|107786102821
17881|0xd283ea69|21|221778286685
17881|0x10d283ea69|22|443150999927
17881|0x10d283ea69|23|876904161334
17881|0x10d283ea69|24|1750860283119
18001|0xc2b1|1|192927
18001|0xc2b1|2|398691
18001|0x2c2b1|3|876711
18001|0x6c2b1|4|1810677
18001|0x6c2b1|5|3866735
18001|0x6c2b1|6|7694003
18001|0x26c2b1|7|15294190
18001|0x26c2b1|8|30692098
18001|0xa6c2b1|9|61407234
18001|0xa6c2b1|10|118264808
18001|0x2a6c2b1|11|245032995
18001|0x2a6c2b1|12|490674263
18001|0x2a6c2b1|13|981108375
18001|0x12a6c2b1|14|1897250390
18001|0x12a6c2b1|15|3929148968
18001|0x12a6c2b1|16|6964833015
18001|0x92a6c2b1|17|14923154954
18001|0x92a6c2b1|18|26165780844
18001|0x92a6c2b1|19|53655363030
18001|0x92a6c2b1|20|109593045035
18001|0x892a6c2b1|21|221612318784
18001|0x1892a6c2b1|22|442518951578
18001|0x3892a6c2b1|23|877826709531
18001|0x3892a6c2b1|24|1751371778540
18099|0xd87b|1|169831
18099|0x1d87b|2|399066
18099|0x1d87b|3|937389
18099|0x5d87b|4|2005300
18099|0xdd87b|5|3773653
18099|0xdd87b|6|7737560
18099|0x2dd87b|7|15456698
18099|0x6dd87b|8|30934724
18099|0x6dd87b|9|62068179
18099|0x6dd87b|10|123817010
18099|0x26dd87b|11|245818818
18099|0x66dd87b|12|491273632
18099|0xe6dd87b|13|982864833
18099|0xe6dd87b|14|1614869329
18099|0x2e6dd87b|15|3931648064
18099|0x2e6dd87b|16|7160628786
18099|0xae6dd87b|17|13098073290
18099|0xae6dd87b|18|26659491846
18099|0xae6dd87b|19|52897260603
18099|0x4ae6dd87b|20|109783682343
18099|0xcae6dd87b|21|221184417510
18099|0x1cae6dd87b|22|442701379923
18099|0x1cae6dd87b|23|877155512885
18099|0x5cae6dd87b|24|1753279316995
18219|0x3f83|1|173836
18219|0x3f83|2|397275
18219|0x3f83|3|984058
18219|0x3f83|4|2060071
18219|0x83f83|5|3833307
18219|0x83f83|6|7784166
18219|0x83f83|7|15646526
18219|0x83f83|8|31440589
18219|0x83f83|9|62817872
18219|0x1083f83|10|125336354
18219|0x3083f83|11|250462303
18219|0x7083f83|12|500863941
18219|0xf083f83|13|1002008510
18219|0x1f083f83|14|1808720072
18219|0x1f083f83|15|3431526568
18219|0x1f083f83|16|6687992579
18219|0x9f083f83|17|13218844952
18219|0x9f083f83|18|26499435316
18219|0x29f083f83|19|52964986490
18219|0x69f083f83|20|107735426073
18219|0xe9f083f83|21|222056522469
18219|0x1e9f083f83|22|443449383939
18219|0x1e9f083f83|23|880680133595
18219|0x5e9f083f83|24|1752218527060
18325|0xcbbd|1|193040
18325|0xcbbd|2|455752
18325|0xcbbd|3|1003124
18325|0xcbbd|4|1912521
18325|0x8cbbd|5|3931758
18325|0x8cbbd|6|7856007
18325|0x28cbbd|7|15674949
18325|0x68cbbd|8|31442304
18325|0xe8cbbd|9|62981497
18325|0xe8cbbd|10|125936114
18325|0xe8cbbd|11|251691524
18325|0xe8cbbd|12|503775082
18325|0x8e8cbbd|13|1002282528
18325|0x8e8cbbd|14|2002980313
18325|0x8e8cbbd|15|3587019732
18325|0x48e8cbbd|16|6589041962
18325|0x48e8cbbd|17|12883815712
18325|0x148e8cbbd|18|26758731834
18325|0x148e8cbbd|19|53060507894
18325|0x148e8cbbd|20|110310006349
18325|0x948e8cbbd|21|221405033371
18325|0x948e8cbbd|22|443652030512
18325|0x2948e8cbbd|23|877208852206
18325|0x6948e8cbbd|24|1752047319279
18809|0xd0c9|1|193981
18809|0xd0c9|2|459769
18809|0xd0c9|3|963943
18809|0x4d0c9|4|1757647
18809|0x4d0c9|5|3982135
18809|0x14d0c9|6|7801364
18809|0x34d0c9|7|15696524
18809|0x34d0c9|8|31349215
18809|0xb4d0c9|9|62608251
18809|0x1b4d0c9|10|125477451
18809|0x3b4d0c9|11|250749838
18809|0x3b4d0c9|12|501884735
18809|0x3b4d0c9|13|1005324812
18809|0x13b4d0c9|14|1800939775
18809|0x33b4d0c9|15|3528694489
18809|0x33b4d0c9|16|6667834699
18809|0x33b4d0c9|17|13091273857
18809|0x133b4d0c9|18|28799346478
18809|0x133b4d0c9|19|53036664156
18809|0x133b4d0c9|20|107210338903
18809|0x133b4d0c9|21|221411571430
18809|0x1133b4d0c9|22|441551937726
18809|0x3133b4d0c9|23|879911146444
18809|0x3133b4d0c9|24|1748431804590
18925|0x7be5|1|169304
18925|0x17be5|2|405319
18925|0x17be5|3|912624
18925|0x57be5|4|1991064
18925|0xd7be5|5|3817503
18925|0x1d7be5|6|7838549
18925|0x3d7be5|7|15595265
18925|0x7d7be5|8|31248146
18925|0xfd7be5|9|62677370
18925|0x1fd7be5|10|125367573
18925|0x1fd7be5|11|250981296
18925|0x1fd7be5|12|501805272
18925|0x1fd7be5|13|1003599111
18925|0x1fd7be5|14|2006979560
18925|0x21fd7be5|15|4014942506
18925|0x61fd7be5|16|6632555842
18925|0x61fd7be5|17|13318787249
18925|0x61fd7be5|18|26083233031
18925|0x61fd7be5|19|54045969068
18925|0x461fd7be5|20|106978319705
18925|0x461fd7be5|21|220317463495
18925|0x461fd7be5|22|446590085702
18925|0x461fd7be5|23|885210514678
18925|0x461fd7be5|24|1758548698234
19029|0x62fd|1|194406
19029|0x62fd|2|461353
19029|0x262fd|3|966806
19029|0x262fd|4|1811955
19029|0xa62fd|5|3982489
19029|0x1a62fd|6|7772185
19029|0x3a62fd|7|15672217
19029|0x3a62fd|8|31291392
19029|0x3a62fd|9|62382525
19029|0x3a62fd|10|125194190
19029|0x3a62fd|11|250308347
19029|0x43a62fd|12|500504373
19029|0xc3a62fd|13|834132165
19029|0x1c3a62fd|14|1795670739
19029|0x1c3a62fd|15|3284956810
19029|0x5c3a62fd|16|8011153190
19029|0xdc3a62fd|17|14619686354
19029|0xdc3a62fd|18|27873789621
19029|0x2dc3a62fd|19|56238733275
19029|0x6dc3a62fd|20|107559676989
19029|0x6dc3a62fd|21|222162803285
19029|0x16dc3a62fd|22|444753093883
19029|0x16dc3a62fd|23|885931913537
19029|0x56dc3a62fd|24|1747594790932
19147|0x4ae3|1|171540
19147|0x14ae3|2|407039
19147|0x14ae3|3|852817
19147|0x54ae3|4|2017726
19147|0xd4ae3|5|3840632
19147|0x1d4ae3|6|7865444
19147|0x3d4ae3|7|15566874
19147|0x7d4ae3|8|31259160
19147|0x7d4ae3|9|62640324
19147|0x17d4ae3|10|125369897
19147|0x37d4ae3|11|250768051
19147|0x77d4ae3|12|501160853
19147|0xf7d4ae3|13|1002948716
19147|0xf7d4ae3|14|1960842306
19147|0xf7d4ae3|15|4011205316
19147|0xf7d4ae3|16|6786875940
19147|0x8f7d4ae3|17|13410690488
19147|0x8f7d4ae3|18|26758244769
19147|0x8f7d4ae3|19|55462636436
19147|0x48f7d4ae3|20|108735454429
19147|0xc8f7d4ae3|21|221829383046
19147|0x1c8f7d4ae3|22|444591133824
19147|0x3c8f7d4ae3|23|882515062943
19147|0x3c8f7d4ae3|24|1749518850360
19261|0x6415|1|187227
19261|0x6415|2|407842
19261|0x26415|3|890828
19261|0x66415|4|2004753
19261|0xe6415|5|3850539
19261|0xe6415|6|7857905
19261|0xe6415|7|15603157
19261|0x4e6415|8|25696077
19261|0x4e6415|9|62813803
19261|0x4e6415|10|125453386
19261|0x24e6415|11|251019755
19261|0x64e6415|12|505021267
19261|0xe4e6415|13|1012765280
19261|0xe4e6415|14|1754142006
19261|0x2e4e6415|15|3389456780
19261|0x2e4e6415|16|6647767533
19261|0x2e4e6415|17|13488912592
19261|0x2e4e6415|18|26339443564
19261|0x2e4e6415|19|53995447912
19261|0x42e4e6415|20|107724861762
19261|0x42e4e6415|21|220690377700
19261|0x142e4e6415|22|443198760493
19261|0x342e4e6415|23|881966011735
19261|0x342e4e6415|24|1750338595601
19369|0x8899|1|171726
19369|0x18899|2|428253
19369|0x18899|3|891442
19369|0x18899|4|2009318
19369|0x98899|5|3907150
19369|0x198899|6|7874914
19369|0x398899|7|15889356
19369|0x398899|8|31536942
19369|0x398899|9|63255561
19369|0x1398899|10|126724579
19369|0x3398899|11|253169469
19369|0x7398899|12|506651771
19369|0x7398899|13|1012268997
19369|0x7398899|14|2025525036
19369|0x27398899|15|3382415047
19369|0x67398899|16|6819671946
19369|0x67398899|17|13328186184
19369|0x67398899|18|26789257969
19369|0x267398899|19|53941215900
19369|0x667398899|20|107523027456
19369|0xe67398899|21|219829422534
19369|0xe67398899|22|441802350085
19369|0xe67398899|23|877339036410
19369|0x4e67398899|24|1749814425274
19881|0xa699|1|195692
19881|0xa699|2|468638
19881|0x2a699|3|1008509
19881|0x6a699|4|2030478
19881|0x6a699|5|3839873
19881|0x6a699|6|7942367
19881|0x6a699|7|15863316
19881|0x6a699|8|31707267
19881|0x86a699|9|63387542
19881|0x186a699|10|126943053
19881|0x386a699|11|253269934
19881|0x786a699|12|507202455
19881|0xf86a699|13|972822344
19881|0xf86a699|14|2029698446
19881|0xf86a699|15|4049628080
19881|0x4f86a699|16|7173617798
19881|0x4f86a699|17|13359000676
19881|0x4f86a699|18|26431086801
19881|0x4f86a699|19|52940637339
19881|0x4f86a699|20|107466973624
19881|0x4f86a699|21|219381933672
19881|0x4f86a699|22|441803443143
19881|0x204f86a699|23|876683106105
19881|0x604f86a699|24|1746705183584
19981|0xb0c5|1|183070
19981|0x1b0c5|2|413044
19981|0x3b0c5|3|866522
19981|0x7b0c5|4|2002886
19981|0x7b0c5|5|4039091
19981|0x7b0c5|6|7822390
19981|0x7b0c5|7|15936420
19981|0x47b0c5|8|31721288
19981|0xc7b0c5|9|63645720
19981|0xc7b0c5|10|126422937
19981|0x2c7b0c5|11|253511772
19981|0x6c7b0c5|12|507645854
19981|0x6c7b0c5|13|972495670
19981|0x16c7b0c5|14|2029590889
19981|0x16c7b0c5|15|4059442049
19981|0x16c7b0c5|16|8119348198
19981|0x16c7b0c5|17|13499544381
19981|0x16c7b0c5|18|26392771674
19981|0x216c7b0c5|19|53906665595
19981|0x616c7b0c5|20|109526015372
19981|0x616c7b0c5|21|219583979865
19981|0x616c7b0c5|22|441892038600
19981|0x616c7b0c5|23|876570758129
19981|0x4616c7b0c5|24|1749393890964
20097|0xf181|1|172599
20097|0x1f181|2|429530
20097|0x1f181|3|917342
20097|0x1f181|4|2039900
20097|0x1f181|5|3909788
20097|0x11f181|6|7960295
20097|0x31f181|7|15756014
20097|0x71f181|8|31650402
20097|0x71f181|9|63375426
20097|0x171f181|10|117507702
20097|0x371f181|11|254127429
20097|0x771f181|12|507350399
20097|0xf71f181|13|1015100085
20097|0xf71f181|14|2030264421
20097|0xf71f181|15|3370745370
20097|0xf71f181|16|6699231678
20097|0x8f71f181|17|13367389790
20097|0x18f71f181|18|27731201799
20097|0x38f71f181|19|53613065697
20097|0x38f71f181|20|107628233015
20097|0x38f71f181|21|223377057422
20097|0x38f71f181|22|441644833551
20097|0x38f71f181|23|880125381939
20097|0x38f71f181|24|1745071653253
20213|0x6d5d|1|195918
20213|0x16d5d|2|442480
20213|0x16d5d|3|880545
20213|0x16d5d|4|1882700
20213|0x16d5d|5|4026108
20213|0x116d5d|6|7779252
20213|0x116d5d|7|15823071
20213|0x116d5d|8|31697316
20213|0x116d5d|9|63585236
20213|0x116d5d|10|126947596
20213|0x116d5d|11|254243757
20213|0x116d5d|12|507421861
20213|0x116d5d|13|867701925
20213|0x116d5d|14|2029123696
20213|0x20116d5d|15|3443590369
20213|0x20116d5d|16|6667589569
20213|0x20116d5d|17|13435991459
20213|0x20116d5d|18|26612678779
20213|0x20116d5d|19|52505028972
20213|0x420116d5d|20|108729218351
20213|0xc20116d5d|21|219115490753
20213|0xc20116d5d|22|441553928436
20213|0x2c20116d5d|23|876738860165
20213|0x2c20116d5d|24|1748325015741
20317|0x7cf5|1|196587
20317|0x17cf5|2|472218
20317|0x37cf5|3|943655
20317|0x77cf5|4|1859130
20317|0xf7cf5|5|3910221
20317|0x1f7cf5|6|7887625
20317|0x1f7cf5|7|15834757
20317|0x1f7cf5|8|31710687
20317|0x1f7cf5|9|63349275
20317|0x11f7cf5|10|126670852
20317|0x11f7cf5|11|253839601
20317|0x11f7cf5|12|507396487
20317|0x11f7cf5|13|1013928382
20317|0x11f7cf5|14|2029081552
20317|0x211f7cf5|15|3799450602
20317|0x611f7cf5|16|7068306361
20317|0x611f7cf5|17|13461941311
20317|0x611f7cf5|18|27254791636
20317|0x611f7cf5|19|55283160399
20317|0x4611f7cf5|20|106413431728
20317|0x4611f7cf5|21|218972835441
20317|0x14611f7cf5|22|441430425882
20317|0x34611f7cf5|23|876323371897
20317|0x34611f7cf5|24|1744820757899
20439|0x13e7|1|191975
20439|0x113e7|2|473062
20439|0x113e7|3|993704
20439|0x513e7|4|2020794
20439|0xd13e7|5|3816063
20439|0xd13e7|6|7997451
20439|0x2d13e7|7|15852346
20439|0x2d13e7|8|31787087
20439|0x2d13e7|9|63597764
20439|0x12d13e7|10|126915195
20439|0x32d13e7|11|253799038
20439|0x72d13e7|12|508743382
20439|0x72d13e7|13|1016692981
20439|0x172d13e7|14|2034815416
20439|0x372d13e7|15|4072122515
20439|0x772d13e7|16|6715837793
20439|0x772d13e7|17|13291184425
20439|0x1772d13e7|18|26920089779
20439|0x3772d13e7|19|53622099508
20439|0x3772d13e7|20|107055644378
20439|0x3772d13e7|21|218882179078
20439|0x13772d13e7|22|441457723461
20439|0x33772d13e7|23|877520455769
20439|0x33772d13e7|24|1740630745070
20923|0xcb73|1|175480
20923|0xcb73|2|419895
20923|0xcb73|3|971894
20923|0x4cb73|4|2014777
20923|0x4cb73|5|3877062
20923|0x4cb73|6|7995039
20923|0x24cb73|7|15942627
20923|0x64cb73|8|31814422
20923|0x64cb73|9|63482323
20923|0x64cb73|10|127081819
20923|0x264cb73|11|254499663
20923|0x664cb73|12|509693696
20923|0x664cb73|13|1011043640
20923|0x1664cb73|14|2037577867
20923|0x1664cb73|15|4072052132
20923|0x5664cb73|16|8147372901
20923|0x5664cb73|17|16294216247
20923|0x15664cb73|18|32950857083
20923|0x15664cb73|19|54844677601
20923|0x15664cb73|20|108434737101
20923|0x15664cb73|21|217204767212
20923|0x115664cb73|22|440538167148
20923|0x115664cb73|23|876576610698
20923|0x115664cb73|24|1750253742842
21031|0xfd97|1|197754
21031|0x1fd97|2|475653
21031|0x1fd97|3|1004876
21031|0x1fd97|4|1966138
21031|0x9fd97|5|3886631
21031|0x9fd97|6|7950229
21031|0x9fd97|7|15816789
21031|0x49fd97|8|25974666
21031|0xc9fd97|9|63759039
21031|0xc9fd97|10|127423534
21031|0x2c9fd97|11|251779679
21031|0x2c9fd97|12|509322820
21031|0x2c9fd97|13|1018661238
21031|0x2c9fd97|14|2036936858
21031|0x22c9fd97|15|4074813253
21031|0x22c9fd97|16|7653358486
21031|0x22c9fd97|17|16299976444
21031|0x22c9fd97|18|28125206401
21031|0x222c9fd97|19|57871949885
21031|0x222c9fd97|20|108384372476
21031|0xa22c9fd97|21|221047547750
21031|0x1a22c9fd97|22|439761954926
21031|0x3a22c9fd97|23|877799332102
21031|0x3a22c9fd97|24|1755500759297
21147|0x4393|1|198683
21147|0x4393|2|478769
21147|0x24393|3|1006957
21147|0x64393|4|1938499
21147|0x64393|5|3925046
21147|0x164393|6|7971940
21147|0x364393|7|15773087
21147|0x364393|8|31842689
21147|0xb64393|9|63537452
21147|0xb64393|10|127002504
21147|0xb64393|11|254636647
21147|0xb64393|12|508655149
21147|0xb64393|13|1017979227
21147|0x10b64393|14|1761862884
21147|0x10b64393|15|4072308499
21147|0x10b64393|16|7330801564
21147|0x90b64393|17|13568060498
21147|0x90b64393|18|32655834632
21147|0x290b64393|19|55510927320
21147|0x290b64393|20|116833750838
21147|0xa90b64393|21|214412181577
21147|0xa90b64393|22|446343139572
21147|0xa90b64393|23|881132312799
21147|0x4a90b64393|24|1747689850067
21255|0xaab7|1|193909
21255|0xaab7|2|499092
21255|0x2aab7|3|939003
21255|0x6aab7|4|1874754
21255|0xeaab7|5|3912765
21255|0xeaab7|6|7999875
21255|0xeaab7|7|15894505
21255|0x4eaab7|8|31677943
21255|0xceaab7|9|63577204
21255|0x1ceaab7|10|127281697
21255|0x3ceaab7|11|254615449
21255|0x7ceaab7|12|427872721
21255|0xfceaab7|13|1018524244
21255|0x1fceaab7|14|1811201753
21255|0x3fceaab7|15|4074355048
21255|0x7fceaab7|16|6638201579
21255|0xffceaab7|17|13381047904
21255|0x1ffceaab7|18|27766501969
21255|0x3ffceaab7|19|61833162598
21255|0x7ffceaab7|20|107258541318
21255|0xfffceaab7|21|215054600677
21255|0xfffceaab7|22|443790221115
21255|0x2fffceaab7|23|879559727035
21255|0x6fffceaab7|24|1747121181356
21375|0x6c7f|1|196727
21375|0x16c7f|2|498493
21375|0x36c7f|3|921641
21375|0x36c7f|4|1927270
21375|0x36c7f|5|4047860
21375|0x36c7f|6|7861767
21375|0x236c7f|7|16018820
21375|0x636c7f|8|31770407
21375|0xe36c7f|9|63699727
21375|0x1e36c7f|10|127493592
21375|0x1e36c7f|11|254662077
21375|0x5e36c7f|12|510008040
21375|0xde36c7f|13|868038594
21375|0xde36c7f|14|1667551392
21375|0x2de36c7f|15|3934700482
21375|0x2de36c7f|16|7181423629
21375|0xade36c7f|17|16375413420
21375|0x1ade36c7f|18|27302214426
21375|0x3ade36c7f|19|65962866264
21375|0x7ade36c7f|20|111518504089
21375|0x7ade36c7f|21|217610266198
21375|0x17ade36c7f|22|442393753202
21375|0x37ade36c7f|23|878503056889
21375|0x37ade36c7f|24|1747774483742
21491|0x7d3b|1|198548
21491|0x17d3b|2|481380
21491|0x17d3b|3|1036341
21491|0x57d3b|4|1995978
21491|0x57d3b|5|3907494
21491|0x157d3b|6|7971384
21491|0x157d3b|7|15841421
21491|0x157d3b|8|31871416
21491|0x157d3b|9|63619062
21491|0x157d3b|10|127384527
21491|0x157d3b|11|255007539
21491|0x4157d3b|12|509760255
21491|0xc157d3b|13|1027917571
21491|0x1c157d3b|14|2057577807
21491|0x3c157d3b|15|4113608236
21491|0x3c157d3b|16|8194772536
21491|0x3c157d3b|17|16450638690
21491|0x3c157d3b|18|32807234862
21491|0x3c157d3b|19|54544197732
21491|0x43c157d3b|20|129818904259
21491|0x43c157d3b|21|219610018901
21491|0x43c157d3b|22|438976702967
21491|0x43c157d3b|23|880207452151
21491|0x43c157d3b|24|1744831478853
21959|0xdbf7|1|196924
21959|0xdbf7|2|423503
21959|0xdbf7|3|983326
21959|0x4dbf7|4|1997977
21959|0x4dbf7|5|3888716
21959|0x14dbf7|6|8036090
21959|0x14dbf7|7|16120824
21959|0x54dbf7|8|32160039
21959|0x54dbf7|9|64465904
21959|0x154dbf7|10|128847593
21959|0x354dbf7|11|257138423
21959|0x754dbf7|12|514436771
21959|0x754dbf7|13|1028531892
21959|0x754dbf7|14|1781247682
21959|0x2754dbf7|15|3537384102
21959|0x6754dbf7|16|6685223049
21959|0xe754dbf7|17|16482742642
21959|0x1e754dbf7|18|28399196349
21959|0x3e754dbf7|19|55844319042
21959|0x3e754dbf7|20|110991065474
21959|0xbe754dbf7|21|215353020483
21959|0x1be754dbf7|22|437819562920
21959|0x1be754dbf7|23|876589428639
21959|0x1be754dbf7|24|1745176139741
22075|0x12f3|1|185670
22075|0x12f3|2|373055
22075|0x212f3|3|846918
22075|0x212f3|4|1993607
22075|0xa12f3|5|3908436
22075|0x1a12f3|6|7986847
22075|0x3a12f3|7|15952811
22075|0x7a12f3|8|31881698
22075|0xfa12f3|9|63891530
22075|0xfa12f3|10|127479803
22075|0xfa12f3|11|255577499
22075|0x4fa12f3|12|510703589
22075|0xcfa12f3|13|1000608639
22075|0xcfa12f3|14|2047499167
22075|0xcfa12f3|15|3369058627
22075|0xcfa12f3|16|8241372842
22075|0xcfa12f3|17|16476515887
22075|0x10cfa12f3|18|33227802093
22075|0x30cfa12f3|19|58199229200
22075|0x30cfa12f3|20|108439419171
22075|0x30cfa12f3|21|214490498702
22075|0x130cfa12f3|22|437834128709
22075|0x130cfa12f3|23|876573099515
22075|0x530cfa12f3|24|1742857320301
22185|0xad99|1|176153
22185|0xad99|2|375614
22185|0xad99|3|914946
22185|0x4ad99|4|2017179
22185|0xcad99|5|3877511
22185|0x1cad99|6|7981905
22185|0x1cad99|7|16054602
22185|0x5cad99|8|31975971
22185|0xdcad99|9|63985635
22185|0xdcad99|10|127835518
22185|0xdcad99|11|255414469
22185|0x4dcad99|12|511530216
22185|0xcdcad99|13|1022838903
22185|0xcdcad99|14|2046562514
22185|0x2cdcad99|15|3793167482
22185|0x6cdcad99|16|8215738008
22185|0x6cdcad99|17|16458284770
22185|0x6cdcad99|18|32906103218
22185|0x26cdcad99|19|65060180470
22185|0x66cdcad99|20|112715034255
22185|0x66cdcad99|21|215439155514
22185|0x166cdcad99|22|439137414399
22185|0x366cdcad99|23|877041893931
22185|0x366cdcad99|24|1744055944195
22295|0x50a7|1|176856
22295|0x50a7|2|417693
22295|0x50a7|3|968330
22295|0x50a7|4|2009680
22295|0x50a7|5|3861040
22295|0x1050a7|6|8042714
22295|0x3050a7|7|15982358
22295|0x7050a7|8|31971259
22295|0xf050a7|9|64032628
22295|0x1f050a7|10|127874339
22295|0x1f050a7|11|255453280
22295|0x1f050a7|12|510785377
22295|0x9f050a7|13|1022332168
22295|0x19f050a7|14|2050379100
22295|0x19f050a7|15|4108821376
22295|0x19f050a7|16|6675160115
22295|0x19f050a7|17|13869361929
22295|0x119f050a7|18|33648335838
22295|0x319f050a7|19|67001817923
22295|0x319f050a7|20|120469686385
22295|0xb19f050a7|21|217114894482
22295|0x1b19f050a7|22|439490157676
22295|0x1b19f050a7|23|876302998327
22295|0x5b19f050a7|24|1741301225666
22413|0xc345|1|200441
22413|0xc345|2|430155
22413|0xc345|3|970416
22413|0xc345|4|1986280
22413|0x8c345|5|3993312
22413|0x18c345|6|8070779
22413|0x18c345|7|16180804
22413|0x18c345|8|32262642
22413|0x18c345|9|64631024
22413|0x18c345|10|128899972
22413|0x18c345|11|257856095
22413|0x18c345|12|515776940
22413|0x818c345|13|916099631
22413|0x818c345|14|1925270795
22413|0x2818c345|15|4050312092
22413|0x2818c345|16|8253967736
22413|0xa818c345|17|16424902440
22413|0x1a818c345|18|33375873720
22413|0x3a818c345|19|56295679632
22413|0x7a818c345|20|107935901710
22413|0xfa818c345|21|217668262306
22413|0xfa818c345|22|439055499518
22413|0xfa818c345|23|876230500392
22413|0x4fa818c345|24|1740741620241
22523|0x1b33|1|199399
22523|0x11b33|2|436543
22523|0x11b33|3|870561
22523|0x51b33|4|1903779
22523|0x51b33|5|4122186
22523|0x51b33|6|7945479
22523|0x51b33|7|16068657
22523|0x451b33|8|32243663
22523|0x451b33|9|64475618
22523|0x451b33|10|129167619
22523|0x451b33|11|257276697
22523|0x451b33|12|514759924
22523|0x451b33|13|1031248994
22523|0x451b33|14|1919316507
22523|0x451b33|15|4042795215
22523|0x40451b33|16|8247677996
22523|0xc0451b33|17|14181067193
22523|0xc0451b33|18|32769109695
22523|0xc0451b33|19|58926891276
22523|0x4c0451b33|20|113349664387
22523|0x4c0451b33|21|219006551192
22523|0x4c0451b33|22|439633457907
22523|0x4c0451b33|23|876387389384
22523|0x4c0451b33|24|1741190921223
22997|0x177d|1|199066
22997|0x177d|2|431316
22997|0x2177d|3|987798
22997|0x2177d|4|1844015
22997|0xa177d|5|4097753
22997|0x1a177d|6|8065617
22997|0x3a177d|7|16025444
22997|0x3a177d|8|32465474
22997|0xba177d|9|64508695
22997|0x1ba177d|10|129302354
22997|0x3ba177d|11|258534243
22997|0x7ba177d|12|516096467
22997|0x7ba177d|13|1033374603
22997|0x7ba177d|14|2067935338
22997|0x27ba177d|15|4069684928
22997|0x67ba177d|16|8266056302
22997|0x67ba177d|17|13880991311
22997|0x67ba177d|18|26607357649
22997|0x267ba177d|19|55052809075
22997|0x267ba177d|20|112576544969
22997|0x267ba177d|21|217123180685
22997|0x1267ba177d|22|439820640594
22997|0x3267ba177d|23|878519966740
22997|0x3267ba177d|24|1741431998188
23115|0x1f63|1|202020
23115|0x1f63|2|429852
23115|0x21f63|3|981705
23115|0x21f63|4|2058149
23115|0xa1f63|5|3915851
23115|0xa1f63|6|8096213
23115|0xa1f63|7|16151529
23115|0xa1f63|8|32245278
23115|0xa1f63|9|64584852
23115|0xa1f63|10|129068311
23115|0x20a1f63|11|258148526
23115|0x20a1f63|12|517247466
23115|0xa0a1f63|13|1031045691
23115|0xa0a1f63|14|2067874498
23115|0xa0a1f63|15|3577142012
23115|0xa0a1f63|16|8273642594
23115|0x8a0a1f63|17|14442552049
23115|0x8a0a1f63|18|27007198273
23115|0x8a0a1f63|19|54889127812
23115|0x8a0a1f63|20|113830531470
23115|0x8a0a1f63|21|218490539261
23115|0x108a0a1f63|22|438789346051
23115|0x308a0a1f63|23|879407954261
23115|0x708a0a1f63|24|1751517791951
23217|0xae51|1|202217
23217|0x1ae51|2|426804
23217|0x3ae51|3|865347
23217|0x7ae51|4|1951704
23217|0xfae51|5|4112999
23217|0xfae51|6|7957742
23217|0x2fae51|7|16132112
23217|0x6fae51|8|32238004
23217|0xefae51|9|64515593
23217|0x1efae51|10|128997315
23217|0x3efae51|11|258074588
23217|0x7efae51|12|515881936
23217|0x7efae51|13|1034075769
23217|0x7efae51|14|2007121057
23217|0x7efae51|15|3551381412
23217|0x47efae51|16|7107140882
23217|0x47efae51|17|13381058308
23217|0x47efae51|18|29808538750
23217|0x47efae51|19|53585652340
23217|0x447efae51|20|110044677576
23217|0x447efae51|21|217323867077
23217|0x447efae51|22|438319790967
23217|0x447efae51|23|880226661425
23217|0x4447efae51|24|1739876399446
23333|0x48ad|1|178081
23333|0x48ad|2|381088
23333|0x48ad|3|915463
23333|0x48ad|4|2069478
23333|0x48ad|5|4001296
23333|0x48ad|6|8013160
23333|0x2048ad|7|16201694
23333|0x2048ad|8|32253210
23333|0xa048ad|9|64620163
23333|0x1a048ad|10|129073896
23333|0x3a048ad|11|258490918
23333|0x3a048ad|12|516941109
23333|0x3a048ad|13|1034087671
23333|0x3a048ad|14|2068951661
23333|0x3a048ad|15|3451214750
23333|0x3a048ad|16|8278552674
23333|0x83a048ad|17|14268452775
23333|0x183a048ad|18|28327269179
23333|0x383a048ad|19|66464856673
23333|0x783a048ad|20|109304996192
23333|0x783a048ad|21|223018540457
23333|0x783a048ad|22|439579071765
23333|0x2783a048ad|23|885519579674
23333|0x2783a048ad|24|1743769287183
23449|0xc8a9|1|178034
23449|0xc8a9|2|381863
23449|0xc8a9|3|934866
23449|0x4c8a9|4|2074113
23449|0x4c8a9|5|3965941
23449|0x14c8a9|6|8012259
23449|0x14c8a9|7|16207084
23449|0x54c8a9|8|32160938
23449|0x54c8a9|9|64618378
23449|0x54c8a9|10|129078468
23449|0x254c8a9|11|257714675
23449|0x254c8a9|12|516221445
23449|0xa54c8a9|13|1035727010
23449|0x1a54c8a9|14|2069465619
23449|0x3a54c8a9|15|4144661097
23449|0x3a54c8a9|16|8283249879
23449|0x3a54c8a9|17|16559801665
23449|0x13a54c8a9|18|30097994711
23449|0x13a54c8a9|19|54006118795
23449|0x13a54c8a9|20|108075412175
23449|0x93a54c8a9|21|217220996154
23449|0x93a54c8a9|22|441134092383
23449|0x93a54c8a9|23|875567353999
23449|0x493a54c8a9|24|1742477875929
23937|0xe281|1|203433
23937|0x1e281|2|436294
23937|0x1e281|3|1015094
23937|0x5e281|4|2004179
23937|0x5e281|5|3899573
23937|0x5e281|6|8081536
23937|0x5e281|7|16233269
23937|0x45e281|8|32303341
23937|0xc5e281|9|64877994
23937|0x1c5e281|10|129557427
23937|0x1c5e281|11|259335984
23937|0x1c5e281|12|518440470
23937|0x9c5e281|13|1037224542
23937|0x19c5e281|14|2075336028
23937|0x39c5e281|15|4147730614
23937|0x39c5e281|16|6774279758
23937|0x39c5e281|17|15679862826
23937|0x39c5e281|18|32664624794
23937|0x239c5e281|19|55593006209
23937|0x639c5e281|20|109302660760
23937|0x639c5e281|21|222103839290
23937|0x639c5e281|22|439522524808
23937|0x2639c5e281|23|874252234735
23937|0x6639c5e281|24|1740868771814
24053|0xa65d|1|197008
24053|0x1a65d|2|436958
24053|0x1a65d|3|997056
24053|0x5a65d|4|2021689
24053|0xda65d|5|3904890
24053|0xda65d|6|8094647
24053|0xda65d|7|16250170
24053|0xda65d|8|32304482
24053|0x8da65d|9|64675005
24053|0x18da65d|10|129267455
24053|0x38da65d|11|258544631
24053|0x78da65d|12|516368144
24053|0x78da65d|13|1032814357
24053|0x178da65d|14|2072622630
24053|0x178da65d|15|4151145801
24053|0x178da65d|16|6911229627
24053|0x178da65d|17|16509221452
24053|0x1178da65d|18|33457825165
24053|0x3178da65d|19|66470261069
24053|0x7178da65d|20|111256548625
24053|0xf178da65d|21|219546633112
24053|0xf178da65d|22|437765205609
24053|0xf178da65d|23|873617267146
24053|0xf178da65d|24|1764425500586
24171|0x5e43|1|179610
24171|0x5e43|2|383455
24171|0x5e43|3|897362
24171|0x45e43|4|2013231
24171|0x45e43|5|3889489
24171|0x145e43|6|8012712
24171|0x345e43|7|15867044
24171|0x345e43|8|31929463
24171|0xb45e43|9|63942821
24171|0xb45e43|10|127713242
24171|0x2b45e43|11|255362542
24171|0x6b45e43|12|510542361
24171|0xeb45e43|13|1020845995
24171|0xeb45e43|14|1899715587
24171|0x2eb45e43|15|4081265985
24171|0x6eb45e43|16|8162036593
24171|0xeeb45e43|17|13312514772
24171|0xeeb45e43|18|31862171166
24171|0x2eeb45e43|19|54539595388
24171|0x2eeb45e43|20|111449714134
24171|0x2eeb45e43|21|224259469601
24171|0x2eeb45e43|22|437065541786
24171|0x22eeb45e43|23|872570846514
24171|0x62eeb45e43|24|1743766818554
24279|0x74e7|1|204083
24279|0x174e7|2|438356
24279|0x374e7|3|1011608
24279|0x774e7|4|1888686
24279|0x774e7|5|4039150
24279|0x1774e7|6|7873037
24279|0x3774e7|7|16008060
24279|0x3774e7|8|31941310
24279|0xb774e7|9|63950740
24279|0x1b774e7|10|128085402
24279|0x3b774e7|11|256275608
24279|0x7b774e7|12|512150226
24279|0xfb774e7|13|1024019964
24279|0x1fb774e7|14|2048319398
24279|0x1fb774e7|15|3777670796
24279|0x1fb774e7|16|8183205632
24279|0x1fb774e7|17|16362416018
24279|0x1fb774e7|18|32691414924
24279|0x1fb774e7|19|52503919109
24279|0x1fb774e7|20|107573479058
24279|0x1fb774e7|21|222808460326
24279|0x1fb774e7|22|453195977885
24279|0x1fb774e7|23|874903872204
24279|0x401fb774e7|24|1745592149882
24401|0x49b1|1|203862
24401|0x49b1|2|462174
24401|0x49b1|3|1002826
24401|0x49b1|4|1860460
24401|0x49b1|5|4056384
24401|0x1049b1|6|7872168
24401|0x1049b1|7|16017769
24401|0x1049b1|8|31923916
24401|0x9049b1|9|64020495
24401|0x19049b1|10|127708109
24401|0x39049b1|11|243604374
24401|0x79049b1|12|511510026
24401|0x79049b1|13|1023764244
24401|0x179049b1|14|2046991913
24401|0x179049b1|15|4094700878
24401|0x179049b1|16|8194239733
24401|0x179049b1|17|16494452829
24401|0x179049b1|18|32603452396
24401|0x2179049b1|19|55229808457
24401|0x2179049b1|20|110581973868
24401|0xa179049b1|21|221970998165
24401|0x1a179049b1|22|437577194126
24401|0x1a179049b1|23|872554357891
24401|0x1a179049b1|24|1740528688238
24509|0x5395|1|179706
24509|0x5395|2|386626
24509|0x25395|3|898401
24509|0x65395|4|1979324
24509|0x65395|5|3918918
24509|0x165395|6|8039914
24509|0x165395|7|15872122
24509|0x165395|8|31908338
24509|0x965395|9|63944715
24509|0x965395|10|127540823
24509|0x965395|11|254910580
24509|0x965395|12|509599812
24509|0x8965395|13|1021303600
24509|0x8965395|14|2041781266
24509|0x28965395|15|3290818275
24509|0x68965395|16|8241146913
24509|0x68965395|17|13344882945
24509|0x168965395|18|32557356867
24509|0x368965395|19|53930297996
24509|0x768965395|20|114347586902
24509|0xf68965395|21|224185781938
24509|0x1f68965395|22|439407085922
24509|0x1f68965395|23|872939016181
24509|0x1f68965395|24|1738543104269
24991|0x7a5f|1|180450
24991|0x7a5f|2|389033
24991|0x27a5f|3|904086
24991|0x27a5f|4|2039632
24991|0xa7a5f|5|3936902
24991|0xa7a5f|6|6536937
24991|0x2a7a5f|7|15998015
24991|0x6a7a5f|8|32121857
24991|0xea7a5f|9|64408922
24991|0xea7a5f|10|128906683
24991|0x2ea7a5f|11|258233593
24991|0x2ea7a5f|12|516653197
24991|0xaea7a5f|13|920074489
24991|0xaea7a5f|14|1824729646
24991|0x2aea7a5f|15|4108669160
24991|0x2aea7a5f|16|8197011511
24991|0xaaea7a5f|17|14801097692
24991|0x1aaea7a5f|18|32610197192
24991|0x1aaea7a5f|19|53960769945
24991|0x5aaea7a5f|20|109022377200
24991|0xdaaea7a5f|21|219637138999
24991|0xdaaea7a5f|22|440704448399
24991|0xdaaea7a5f|23|872121422993
24991|0x4daaea7a5f|24|1735875534954
25109|0x5d3d|1|180783
25109|0x15d3d|2|414604
25109|0x35d3d|3|1014196
25109|0x35d3d|4|2073564
25109|0xb5d3d|5|3948305
25109|0xb5d3d|6|7902596
25109|0x2b5d3d|7|16048759
25109|0x6b5d3d|8|32266056
25109|0xeb5d3d|9|64433666
25109|0x1eb5d3d|10|128805313
25109|0x3eb5d3d|11|257967670
25109|0x7eb5d3d|12|485380654
25109|0x7eb5d3d|13|1030767791
25109|0x7eb5d3d|14|2058589775
25109|0x7eb5d3d|15|4088385942
25109|0x47eb5d3d|16|6881164590
25109|0x47eb5d3d|17|16416419660
25109|0x47eb5d3d|18|26527651737
25109|0x247eb5d3d|19|53384284775
25109|0x247eb5d3d|20|110895983431
25109|0xa47eb5d3d|21|219110414195
25109|0xa47eb5d3d|22|436384998900
25109|0x2a47eb5d3d|23|873565685550
25109|0x2a47eb5d3d|24|1737081953921
25215|0x5d7f|1|180861
25215|0x15d7f|2|390252
25215|0x15d7f|3|965712
25215|0x15d7f|4|2065511
25215|0x95d7f|5|3919552
25215|0x195d7f|6|8036040
25215|0x395d7f|7|16050903
25215|0x795d7f|8|32256011
25215|0x795d7f|9|64463719
25215|0x795d7f|10|128748627
25215|0x2795d7f|11|257895658
25215|0x2795d7f|12|515227223
25215|0x2795d7f|13|1029457756
25215|0x12795d7f|14|2059712222
25215|0x32795d7f|15|4121351124
25215|0x32795d7f|16|8239123576
25215|0xb2795d7f|17|14262660116
25215|0x1b2795d7f|18|27329238543
25215|0x3b2795d7f|19|53285023204
25215|0x3b2795d7f|20|111772210578
25215|0xbb2795d7f|21|222927980512
25215|0xbb2795d7f|22|436150194957
25215|0x2bb2795d7f|23|872414000110
25215|0x2bb2795d7f|24|1738489711678
25329|0x4e11|1|205873
25329|0x4e11|2|442517
25329|0x4e11|3|1017768
25329|0x44e11|4|2031938
25329|0x44e11|5|3962032
25329|0x144e11|6|7937237
25329|0x144e11|7|16080611
25329|0x144e11|8|29713071
25329|0x144e11|9|64366591
25329|0x1144e11|10|129358053
25329|0x3144e11|11|258047881
25329|0x7144e11|12|516740487
25329|0x7144e11|13|1033130249
25329|0x17144e11|14|2067349210
25329|0x17144e11|15|3374322086
25329|0x17144e11|16|6677356567
25329|0x97144e11|17|13376644156
25329|0x97144e11|18|26833122905
25329|0x97144e11|19|57084044931
25329|0x497144e11|20|108639206821
25329|0xc97144e11|21|220262701138
25329|0x1c97144e11|22|445722192673
25329|0x1c97144e11|23|872205106821
25329|0x5c97144e11|24|1746129332939
25449|0x5cd9|1|205840
25449|0x5cd9|2|444529
25449|0x25cd9|3|1036564
25449|0x25cd9|4|1845658
25449|0x25cd9|5|4032149
25449|0x25cd9|6|8091966
25449|0x225cd9|7|16087806
25449|0x225cd9|8|31964158
25449|0x225cd9|9|64326543
25449|0x225cd9|10|128346930
25449|0x225cd9|11|257041864
25449|0x225cd9|12|513638114
25449|0x8225cd9|13|1026808486
25449|0x8225cd9|14|1854858639
25449|0x28225cd9|15|3321861885
25449|0x68225cd9|16|6696501157
25449|0x68225cd9|17|13330291921
25449|0x68225cd9|18|26459003573
25449|0x68225cd9|19|54094471022
25449|0x68225cd9|20|114039038440
25449|0x68225cd9|21|223911855625
25449|0x1068225cd9|22|437328095239
25449|0x1068225cd9|23|875533971328
25449|0x1068225cd9|24|1738990317013
25563|0xe053|1|179301
25563|0xe053|2|391853
25563|0xe053|3|1001615
25563|0xe053|4|2079014
25563|0xe053|5|3900032
25563|0xe053|6|8136778
25563|0xe053|7|16206423
25563|0xe053|8|32294479
25563|0x80e053|9|64640680
25563|0x180e053|10|128989717
25563|0x180e053|11|258289318
25563|0x180e053|12|516673347
25563|0x180e053|13|1034067741
25563|0x180e053|14|2056187618
25563|0x2180e053|15|4098563665
25563|0x2180e053|16|8124187815
25563|0xa180e053|17|16368709040
25563|0x1a180e053|18|27919343305
25563|0x3a180e053|19|53929081132
25563|0x3a180e053|20|109177667141
25563|0x3a180e053|21|219157712912
25563|0x13a180e053|22|446004996440
25563|0x13a180e053|23|872391280812
25563|0x53a180e053|24|1736189846550
26031|0x114f|1|206378
26031|0x114f|2|446245
26031|0x114f|3|970936
26031|0x114f|4|1855689
26031|0x114f|5|4009979
26031|0x114f|6|8020673
26031|0x20114f|7|15929145
26031|0x60114f|8|31763146
26031|0xe0114f|9|63741854
26031|0xe0114f|10|127618432
26031|0xe0114f|11|255121032
26031|0xe0114f|12|511021224
26031|0xe0114f|13|1020946083
26031|0xe0114f|14|2049125593
26031|0xe0114f|15|4108475139
26031|0xe0114f|16|6690510047
26031|0xe0114f|17|16474780346
26031|0x100e0114f|18|30877218319
26031|0x100e0114f|19|57305023887
26031|0x100e0114f|20|109380024208
26031|0x900e0114f|21|221697367951
26031|0x900e0114f|22|442072700506
26031|0x900e0114f|23|871045209472
26031|0x900e0114f|24|1734900354656
26133|0x393d|1|181624
26133|0x1393d|2|394484
26133|0x1393d|3|1035845
26133|0x1393d|4|2089115
26133|0x9393d|5|3942131
26133|0x19393d|6|7890204
26133|0x39393d|7|15978728
26133|0x39393d|8|32044384
26133|0xb9393d|9|63914835
26133|0xb9393d|10|128109844
26133|0xb9393d|11|256291628
26133|0x4b9393d|12|512487093
26133|0x4b9393d|13|1024973384
26133|0x14b9393d|14|2050480264
26133|0x14b9393d|15|4100457814
26133|0x14b9393d|16|8191523490
26133|0x94b9393d|17|16410051459
26133|0x94b9393d|18|26979805516
26133|0x294b9393d|19|54609051146
26133|0x294b9393d|20|107951462469
26133|0xa94b9393d|21|218978559741
26133|0xa94b9393d|22|435242524464
26133|0x2a94b9393d|23|877710454915
26133|0x6a94b9393d|24|1741473148444
26251|0x5123|1|205008
26251|0x5123|2|446899
26251|0x5123|3|961613
26251|0x5123|4|1946775
26251|0x5123|5|3942575
26251|0x5123|6|7854021
26251|0x5123|7|16043660
26251|0x5123|8|32158531
26251|0x805123|9|64278755
26251|0x805123|10|128640641
26251|0x2805123|11|257429326
26251|0x6805123|12|514529748
26251|0xe805123|13|1026811381
26251|0xe805123|14|2056695657
26251|0xe805123|15|4116244194
26251|0xe805123|16|8221469347
26251|0xe805123|17|13187500656
26251|0x10e805123|18|27062277572
26251|0x30e805123|19|55445692996
26251|0x30e805123|20|109156800638
26251|0x30e805123|21|220636305816
26251|0x130e805123|22|439466268846
26251|0x330e805123|23|874402820330
26251|0x330e805123|24|1747641381314
26367|0x98ff|1|206824
26367|0x98ff|2|449668
26367|0x298ff|3|963092
26367|0x698ff|4|1821001
26367|0xe98ff|5|4025816
26367|0xe98ff|6|7940702
26367|0xe98ff|7|16073218
26367|0xe98ff|8|31982213
26367|0x8e98ff|9|64292146
26367|0x18e98ff|10|128113160
26367|0x38e98ff|11|256748393
26367|0x78e98ff|12|513286043
26367|0xf8e98ff|13|1016220216
26367|0x1f8e98ff|14|2052500342
26367|0x1f8e98ff|15|3736494797
26367|0x5f8e98ff|16|7296475834
26367|0x5f8e98ff|17|14095229506
26367|0x5f8e98ff|18|27403877477
26367|0x25f8e98ff|19|56522454603
26367|0x25f8e98ff|20|109139196434
26367|0x25f8e98ff|21|220204383455
26367|0x125f8e98ff|22|435870477922
26367|0x325f8e98ff|23|870884405067
26367|0x725f8e98ff|24|1735307728536
26473|0x98d9|1|210221
26473|0x98d9|2|450110
26473|0x298d9|3|899959
26473|0x298d9|4|1886520
26473|0x298d9|5|3971288
26473|0x1298d9|6|6466951
26473|0x3298d9|7|13196452
26473|0x7298d9|8|32270620
26473|0xf298d9|9|64609886
26473|0x1f298d9|10|129178526
26473|0x1f298d9|11|258264112
26473|0x1f298d9|12|473810130
26473|0x9f298d9|13|907711209
26473|0x19f298d9|14|2070705128
26473|0x19f298d9|15|3690242732
26473|0x59f298d9|16|6906451119
26473|0xd9f298d9|17|13406242283
26473|0xd9f298d9|18|27718715743
26473|0x2d9f298d9|19|55921551136
26473|0x6d9f298d9|20|115446621716
26473|0x6d9f298d9|21|219183404135
26473|0x6d9f298d9|22|435417740760
26473|0x6d9f298d9|23|870076637238
26473|0x6d9f298d9|24|1735016475739
26593|0x1c21|1|207721
26593|0x1c21|2|448725
26593|0x21c21|3|965921
26593|0x61c21|4|2046111
26593|0x61c21|5|3943395
26593|0x161c21|6|8196441
26593|0x161c21|7|16332350
26593|0x561c21|8|32555296
26593|0x561c21|9|68670720
26593|0x1561c21|10|130644976
26593|0x3561c21|11|260974862
26593|0x7561c21|12|521388848
26593|0xf561c21|13|1043572554
26593|0xf561c21|14|1816058622
26593|0x2f561c21|15|3373606109
26593|0x6f561c21|16|6690737606
26593|0xef561c21|17|13605439501
26593|0xef561c21|18|27830963220
26593|0x2ef561c21|19|56618589722
26593|0x2ef561c21|20|112207271026
26593|0x2ef561c21|21|223395826555
26593|0x2ef561c21|22|433420913296
26593|0x22ef561c21|23|873634327990
26593|0x22ef561c21|24|1739061163193
27055|0x8d4f|1|208751
27055|0x8d4f|2|795582
27055|0x28d4f|3|965262
27055|0x68d4f|4|1822820
27055|0x68d4f|5|4175524
27055|0x168d4f|6|8066644
27055|0x368d4f|7|16197943
27055|0x768d4f|8|32576966
27055|0x768d4f|9|65345776
27055|0x1768d4f|10|130237517
27055|0x1768d4f|11|287677064
27055|0x1768d4f|12|485010715
27055|0x1768d4f|13|1044505723
27055|0x1768d4f|14|1677640368
27055|0x21768d4f|15|3814427972
27055|0x21768d4f|16|7236557154
27055|0xa1768d4f|17|14126773747
27055|0xa1768d4f|18|27848922006
27055|0xa1768d4f|19|54111362574
27055|0xa1768d4f|20|108567403109
27055|0x8a1768d4f|21|218719499517
27055|0x8a1768d4f|22|434049367271
27055|0x28a1768d4f|23|872052025459
27055|0x28a1768d4f|24|1734309331744
27167|0x91df|1|183887
27167|0x91df|2|399442
27167|0x91df|3|884988
27167|0x91df|4|2054162
27167|0x891df|5|4018632
27167|0x1891df|6|8073877
27167|0x3891df|7|16363747
27167|0x7891df|8|32575530
27167|0x7891df|9|65123472
27167|0x17891df|10|130542146
27167|0x37891df|11|211704577
27167|0x37891df|12|521985794
27167|0xb7891df|13|1042473213
27167|0x1b7891df|14|2086457876
27167|0x1b7891df|15|3513645427
27167|0x5b7891df|16|8357345133
27167|0x5b7891df|17|13473160794
27167|0x15b7891df|18|26950998319
27167|0x35b7891df|19|60902026875
27167|0x35b7891df|20|113456858524
27167|0xb5b7891df|21|217636262328
27167|0xb5b7891df|22|432704652057
27167|0xb5b7891df|23|870127425942
27167|0x4b5b7891df|24|1733778693614
27271|0x3b37|1|208695
27271|0x3b37|2|454727
27271|0x3b37|3|975444
27271|0x43b37|4|1993924
27271|0x43b37|5|4008598
27271|0x43b37|6|8154277
27271|0x43b37|7|16059868
27271|0x443b37|8|32557313
27271|0xc43b37|9|64989922
27271|0xc43b37|10|130029616
27271|0xc43b37|11|260414402
27271|0xc43b37|12|522682047
27271|0x8c43b37|13|1045372191
27271|0x8c43b37|14|2091562386
27271|0x28c43b37|15|4182464157
27271|0x68c43b37|16|7497425527
27271|0xe8c43b37|17|16753984512
27271|0xe8c43b37|18|27551283778
27271|0xe8c43b37|19|54736122938
27271|0x4e8c43b37|20|114855043179
27271|0xce8c43b37|21|220628924085
27271|0x1ce8c43b37|22|436292598988
27271|0x3ce8c43b37|23|872746459965
27271|0x3ce8c43b37|24|1735181432352
27389|0x8255|1|184397
27389|0x8255|2|400536
27389|0x8255|3|976980
27389|0x8255|4|2043754
27389|0x88255|5|3935864
27389|0x88255|6|8163643
27389|0x288255|7|16342419
27389|0x288255|8|32521836
27389|0x288255|9|65089329
27389|0x288255|10|130132246
27389|0x2288255|11|260583455
27389|0x2288255|12|521511790
27389|0xa288255|13|954000881
27389|0x1a288255|14|2106709203
27389|0x3a288255|15|3814325633
27389|0x7a288255|16|8273615174
27389|0xfa288255|17|13719622388
27389|0xfa288255|18|29721682098
27389|0xfa288255|19|54687490303
27389|0x4fa288255|20|113237367156
27389|0x4fa288255|21|226984988213
27389|0x4fa288255|22|442588919722
27389|0x4fa288255|23|869823496021
27389|0x4fa288255|24|1733611263749
27507|0xb1bb|1|210332
27507|0x1b1bb|2|455897
27507|0x1b1bb|3|978520
27507|0x5b1bb|4|1930319
27507|0xdb1bb|5|4167082
27507|0x1db1bb|6|8225654
27507|0x3db1bb|7|16314195
27507|0x3db1bb|8|32956446
27507|0x3db1bb|9|65638960
27507|0x13db1bb|10|131518064
27507|0x13db1bb|11|263435690
27507|0x13db1bb|12|527001650
27507|0x93db1bb|13|1048671030
27507|0x193db1bb|14|2101511551
27507|0x393db1bb|15|3580601423
27507|0x393db1bb|16|7376878492
27507|0xb93db1bb|17|16290435714
27507|0xb93db1bb|18|27723699517
27507|0xb93db1bb|19|58892403236
27507|0xb93db1bb|20|110369082092
27507|0xb93db1bb|21|217747135691
27507|0xb93db1bb|22|433065822193
27507|0xb93db1bb|23|869232215200
27507|0x40b93db1bb|24|1733922868313
27615|0x101f|1|209875
27615|0x1101f|2|456502
27615|0x3101f|3|980163
27615|0x3101f|4|1919934
27615|0xb101f|5|4115505
27615|0xb101f|6|8146324
27615|0x2b101f|7|16184129
27615|0x6b101f|8|32838327
27615|0x6b101f|9|65380481
27615|0x16b101f|10|131009735
27615|0x16b101f|11|262613591
27615|0x56b101f|12|524716957
27615|0xd6b101f|13|1049691833
27615|0x1d6b101f|14|1832755068
27615|0x3d6b101f|15|3375939576
27615|0x7d6b101f|16|6651356976
27615|0x7d6b101f|17|14802876504
27615|0x17d6b101f|18|27162056714
27615|0x17d6b101f|19|54392688881
27615|0x17d6b101f|20|108995082127
27615|0x97d6b101f|21|223060793067
27615|0x197d6b101f|22|435897577835
27615|0x397d6b101f|23|870074824744
27615|0x397d6b101f|24|1734525955646
28111|0x792f|1|208338
28111|0x1792f|2|433735
28111|0x3792f|3|879619
28111|0x3792f|4|1974647
28111|0xb792f|5|4133826
28111|0xb792f|6|8052279
28111|0x2b792f|7|16340661
28111|0x6b792f|8|32654597
28111|0xeb792f|9|65494604
28111|0x1eb792f|10|130631834
28111|0x1eb792f|11|262329942
28111|0x1eb792f|12|484459998
28111|0x1eb792f|13|1053034119
28111|0x11eb792f|14|2105868728
28111|0x11eb792f|15|4212179660
28111|0x51eb792f|16|7415518267
28111|0xd1eb792f|17|14128078024
28111|0x1d1eb792f|18|27409809313
28111|0x3d1eb792f|19|64065189139
28111|0x3d1eb792f|20|110764781104
28111|0xbd1eb792f|21|218786654273
28111|0x1bd1eb792f|22|434469478552
28111|0x3bd1eb792f|23|868379758028
28111|0x7bd1eb792f|24|1732644876645
28219|0x3af3|1|210935
28219|0x3af3|2|459651
28219|0x23af3|3|1020648
28219|0x23af3|4|2071755
28219|0xa3af3|5|3972567
28219|0x1a3af3|6|8249278
28219|0x3a3af3|7|16435105
28219|0x7a3af3|8|32817280
28219|0xfa3af3|9|65825921
28219|0x1fa3af3|10|131819174
28219|0x3fa3af3|11|263192863
28219|0x3fa3af3|12|527054826
28219|0x3fa3af3|13|1054086384
28219|0x13fa3af3|14|1757365606
28219|0x33fa3af3|15|4215488833
28219|0x33fa3af3|16|8418834296
28219|0xb3fa3af3|17|14291319353
28219|0x1b3fa3af3|18|31134696512
28219|0x3b3fa3af3|19|54695440346
28219|0x3b3fa3af3|20|109153691958
28219|0x3b3fa3af3|21|218480040657
28219|0x13b3fa3af3|22|432752708776
28219|0x33b3fa3af3|23|868577417086
28219|0x73b3fa3af3|24|1737357618060
28329|0x1599|1|208743
28329|0x1599|2|460351
28329|0x21599|3|989785
28329|0x21599|4|2087927
28329|0xa1599|5|3952282
28329|0x1a1599|6|8249898
28329|0x1a1599|7|16440444
28329|0x1a1599|8|32768595
28329|0x9a1599|9|65490069
28329|0x19a1599|10|131871423
28329|0x19a1599|11|263740989
28329|0x59a1599|12|527136269
28329|0xd9a1599|13|1054230451
28329|0x1d9a1599|14|1968648883
28329|0x1d9a1599|15|4199015153
28329|0x5d9a1599|16|8428643293
28329|0x5d9a1599|17|15551090674
28329|0x5d9a1599|18|27980382596
28329|0x25d9a1599|19|58470655744
28329|0x25d9a1599|20|110018125866
28329|0xa5d9a1599|21|218861729173
28329|0x1a5d9a1599|22|436084703140
28329|0x3a5d9a1599|23|867758033635
28329|0x7a5d9a1599|24|1732250227611
28443|0x5313|1|211250
28443|0x5313|2|482226
28443|0x25313|3|811995
28443|0x65313|4|2011872
28443|0x65313|5|4056747
28443|0x165313|6|8178604
28443|0x365313|7|16341895
28443|0x765313|8|32964996
28443|0xf65313|9|65550238
28443|0xf65313|10|131617262
28443|0xf65313|11|263224828
28443|0xf65313|12|525602147
28443|0x8f65313|13|1053864111
28443|0x8f65313|14|2038979204
28443|0x8f65313|15|4210373192
28443|0x48f65313|16|7604105474
28443|0xc8f65313|17|14255443816
28443|0xc8f65313|18|28111600681
28443|0xc8f65313|19|54263255321
28443|0xc8f65313|20|111654078921
28443|0x8c8f65313|21|219065071256
28443|0x18c8f65313|22|432606015662
28443|0x18c8f65313|23|870931521772
28443|0x58c8f65313|24|1742649126681
28549|0x314d|1|185894
28549|0x314d|2|405297
28549|0x2314d|3|924700
28549|0x6314d|4|2081729
28549|0xe314d|5|4018893
28549|0xe314d|6|8133263
28549|0xe314d|7|16468411
28549|0x4e314d|8|32721817
28549|0x4e314d|9|65461542
28549|0x4e314d|10|131276761
28549|0x4e314d|11|263260651
28549|0x4e314d|12|525792870
28549|0x4e314d|13|1051744377
28549|0x104e314d|14|1698906429
28549|0x304e314d|15|3901217547
28549|0x304e314d|16|7114081667
28549|0x304e314d|17|15958311631
28549|0x1304e314d|18|27446082854
28549|0x1304e314d|19|56906208243
28549|0x1304e314d|20|118173590065
28549|0x1304e314d|21|217658204174
28549|0x11304e314d|22|451252018943
28549|0x31304e314d|23|869957257515
28549|0x31304e314d|24|1732223311526
28667|0x4333|1|186272
28667|0x14333|2|406724
28667|0x14333|3|1015699
28667|0x14333|4|2085168
28667|0x14333|5|4001677
28667|0x14333|6|8223584
28667|0x214333|7|16522727
28667|0x614333|8|32837340
28667|0xe14333|9|65889769
28667|0x1e14333|10|131557545
28667|0x1e14333|11|263676210
28667|0x5e14333|12|529463053
28667|0x5e14333|13|1059371002
28667|0x15e14333|14|1766891335
28667|0x35e14333|15|4235912933
28667|0x35e14333|16|7673147343
28667|0xb5e14333|17|14924108963
28667|0x1b5e14333|18|28783451433
28667|0x3b5e14333|19|63641506888
28667|0x3b5e14333|20|114329873419
28667|0x3b5e14333|21|220385836097
28667|0x3b5e14333|22|435661586064
28667|0x3b5e14333|23|876903477594
28667|0x3b5e14333|24|1731254797596
29145|0xfe69|1|182434
29145|0xfe69|2|406983
29145|0xfe69|3|954126
29145|0x4fe69|4|2020644
29145|0xcfe69|5|4048673
29145|0x1cfe69|6|8142812
29145|0x3cfe69|7|16520410
29145|0x3cfe69|8|33017070
29145|0x3cfe69|9|66040361
29145|0x3cfe69|10|132037847
29145|0x3cfe69|11|263735350
29145|0x3cfe69|12|526238974
29145|0x3cfe69|13|1058473008
29145|0x3cfe69|14|2122126929
29145|0x203cfe69|15|3873354332
29145|0x603cfe69|16|7148310300
29145|0xe03cfe69|17|17001507691
29145|0x1e03cfe69|18|28480437469
29145|0x3e03cfe69|19|53486792170
29145|0x7e03cfe69|20|116995486615
29145|0xfe03cfe69|21|218313991069
29145|0x1fe03cfe69|22|435805016712
29145|0x1fe03cfe69|23|867749067129
29145|0x1fe03cfe69|24|1737675499158
29255|0x9777|1|210314
29255|0x19777|2|841493
29255|0x19777|3|1021291
29255|0x59777|4|1948587
29255|0x59777|5|4067550
29255|0x59777|6|8282455
29255|0x59777|7|16562894
29255|0x59777|8|33178601
29255|0x59777|9|66399217
29255|0x1059777|10|132703859
29255|0x3059777|11|264220900
29255|0x7059777|12|530043989
29255|0x7059777|13|1061407582
29255|0x17059777|14|2248624689
29255|0x37059777|15|4001664312
29255|0x77059777|16|8516413735
29255|0xf7059777|17|15566178685
29255|0x1f7059777|18|29515252582
29255|0x1f7059777|19|54409461523
29255|0x5f7059777|20|108673397589
29255|0xdf7059777|21|220216028892
29255|0xdf7059777|22|432806030205
29255|0x2df7059777|23|869177125822
29255|0x6df7059777|24|1734062647350
29373|0x9895|1|212946
29373|0x19895|2|465593
29373|0x19895|3|1004117
29373|0x19895|4|2026616
29373|0x19895|5|4177085
29373|0x19895|6|8270396
29373|0x219895|7|16614495
29373|0x619895|8|33266168
29373|0x619895|9|60881322
29373|0x619895|10|133282233
29373|0x2619895|11|266469811
29373|0x2619895|12|532507898
29373|0xa619895|13|954485474
29373|0xa619895|14|2130595962
29373|0x2a619895|15|4240443624
29373|0x6a619895|16|8355340007
29373|0x6a619895|17|14659077322
29373|0x6a619895|18|26571983563
29373|0x26a619895|19|54116052737
29373|0x26a619895|20|108532994967
29373|0xa6a619895|21|221969768887
29373|0x1a6a619895|22|434224449091
29373|0x3a6a619895|23|876343043701
29373|0x3a6a619895|24|1731749457271
29481|0xd919|1|187819
29481|0x1d919|2|865889
29481|0x3d919|3|1005069
29481|0x7d919|4|2030091
29481|0xfd919|5|3950621
29481|0x1fd919|6|8223750
29481|0x3fd919|7|16556539
29481|0x7fd919|8|32930864
29481|0x7fd919|9|65670257
29481|0x17fd919|10|131892957
29481|0x17fd919|11|263823149
29481|0x57fd919|12|527714240
29481|0x57fd919|13|1054007529
29481|0x157fd919|14|1913651188
29481|0x357fd919|15|3883492586
29481|0x357fd919|16|6978379083
29481|0x357fd919|17|16841939340
29481|0x1357fd919|18|27990196398
29481|0x3357fd919|19|59557224134
29481|0x7357fd919|20|109698661018
29481|0x7357fd919|21|222070500142
29481|0x17357fd919|22|435587240237
29481|0x17357fd919|23|866036863360
29481|0x57357fd919|24|1732872380791
29593|0x30a9|1|213383
29593|0x130a9|2|467393
29593|0x330a9|3|1022782
29593|0x730a9|4|1814535
29593|0xf30a9|5|4177980
29593|0x1f30a9|6|8191619
29593|0x1f30a9|7|16336384
29593|0x1f30a9|8|32983198
29593|0x9f30a9|9|66106296
29593|0x9f30a9|10|132246593
29593|0x29f30a9|11|264378174
29593|0x69f30a9|12|528984780
29593|0xe9f30a9|13|974143911
29593|0xe9f30a9|14|2115725315
29593|0xe9f30a9|15|4220121991
29593|0x4e9f30a9|16|7353513688
29593|0xce9f30a9|17|13432117226
29593|0x1ce9f30a9|18|33483537394
29593|0x3ce9f30a9|19|54126104759
29593|0x3ce9f30a9|20|115236950752
29593|0xbce9f30a9|21|219379917498
29593|0xbce9f30a9|22|437609927421
29593|0x2bce9f30a9|23|867707485718
29593|0x2bce9f30a9|24|1733880574179
30065|0xab91|1|214203
30065|0x1ab91|2|852404
30065|0x3ab91|3|1013274
30065|0x3ab91|4|1863636
30065|0xbab91|5|4178946
30065|0x1bab91|6|8206517
30065|0x3bab91|7|16342812
30065|0x7bab91|8|33062615
30065|0x7bab91|9|66185602
30065|0x7bab91|10|132302012
30065|0x7bab91|11|264659532
30065|0x47bab91|12|528613111
30065|0x47bab91|13|1061251621
30065|0x47bab91|14|1906276612
30065|0x47bab91|15|4237040956
30065|0x47bab91|16|8433170963
30065|0x847bab91|17|14738568345
30065|0x1847bab91|18|27159370844
30065|0x1847bab91|19|57615251884
30065|0x1847bab91|20|108944179688
30065|0x9847bab91|21|220794523572
30065|0x9847bab91|22|432061950186
30065|0x9847bab91|23|865065106320
30065|0x49847bab91|24|1729674336919
30171|0x7e53|1|214436
30171|0x7e53|2|448972
30171|0x7e53|3|892937
30171|0x7e53|4|1980078
30171|0x87e53|5|4189997
30171|0x87e53|6|8074023
30171|0x87e53|7|16548126
30171|0x87e53|8|33016622
30171|0x87e53|9|66021414
30171|0x1087e53|10|115567310
30171|0x1087e53|11|263998552
30171|0x5087e53|12|527790329
30171|0x5087e53|13|1057328613
30171|0x15087e53|14|2112029020
30171|0x35087e53|15|4215208990
30171|0x75087e53|16|7537962867
30171|0x75087e53|17|13557877568
30171|0x175087e53|18|27962626150
30171|0x175087e53|19|61966905493
30171|0x575087e53|20|108273543698
30171|0xd75087e53|21|219254653720
30171|0xd75087e53|22|433894608829
30171|0xd75087e53|23|867969171790
30171|0xd75087e53|24|1748554593251
30291|0x3ddb|1|214655
30291|0x13ddb|2|470987
30291|0x33ddb|3|1016799
30291|0x33ddb|4|2065559
30291|0x33ddb|5|4013243
30291|0x133ddb|6|8253765
30291|0x133ddb|7|16514003
30291|0x533ddb|8|33102453
30291|0xd33ddb|9|66088385
30291|0x1d33ddb|10|132467656
30291|0x3d33ddb|11|265028127
30291|0x7d33ddb|12|501998957
30291|0xfd33ddb|13|932243387
30291|0xfd33ddb|14|1984776094
30291|0xfd33ddb|15|3805379864
30291|0xfd33ddb|16|7958401463
30291|0x8fd33ddb|17|14432207815
30291|0x8fd33ddb|18|29171298426
30291|0x28fd33ddb|19|59662494374
30291|0x28fd33ddb|20|108460789645
30291|0x28fd33ddb|21|218831533476
30291|0x28fd33ddb|22|436770760931
30291|0x228fd33ddb|23|867857386453
30291|0x228fd33ddb|24|1727163084151
30405|0x980d|1|215000
30405|0x1980d|2|471696
30405|0x1980d|3|1029425
30405|0x1980d|4|1893446
30405|0x1980d|5|4230536
30405|0x11980d|6|8336288
30405|0x31980d|7|16577341
30405|0x71980d|8|33377395
30405|0xf1980d|9|66865211
30405|0xf1980d|10|133590485
30405|0x2f1980d|11|267813557
30405|0x2f1980d|12|535480293
30405|0x2f1980d|13|1070604116
30405|0x2f1980d|14|2139396460
30405|0x22f1980d|15|4262714404
30405|0x62f1980d|16|8520919937
30405|0xe2f1980d|17|14755175364
30405|0xe2f1980d|18|27001624130
30405|0x2e2f1980d|19|54128890395
30405|0x6e2f1980d|20|112547418739
30405|0xee2f1980d|21|221663204397
30405|0x1ee2f1980d|22|433405923444
30405|0x3ee2f1980d|23|865389625042
30405|0x3ee2f1980d|24|1727821236599
30519|0xee87|1|212759
30519|0xee87|2|772514
30519|0xee87|3|1019403
30519|0x4ee87|4|2059055
30519|0x4ee87|5|4060036
30519|0x14ee87|6|8296458
30519|0x34ee87|7|16620490
30519|0x74ee87|8|33126462
30519|0x74ee87|9|66522674
30519|0x74ee87|10|133180089
30519|0x74ee87|11|266256082
30519|0x474ee87|12|532651827
30519|0x474ee87|13|1066205232
30519|0x1474ee87|14|2131764575
30519|0x1474ee87|15|3444559203
30519|0x5474ee87|16|6837705291
30519|0xd474ee87|17|16955103843
30519|0xd474ee87|18|34108921307
30519|0xd474ee87|19|59902115641
30519|0xd474ee87|20|116944110845
30519|0xd474ee87|21|216922485725
30519|0x10d474ee87|22|433181065287
30519|0x30d474ee87|23|866999189023
30519|0x70d474ee87|24|1729433037517
30637|0x425|1|212946
30637|0x425|2|862895
30637|0x425|3|1032280
30637|0x425|4|2060399
30637|0x425|5|4034436
30637|0x100425|6|8301872
30637|0x100425|7|16603361
30637|0x500425|8|33124118
30637|0x500425|9|66498481
30637|0x500425|10|133079530
30637|0x500425|11|266273165
30637|0x500425|12|530815896
30637|0x8500425|13|1064865306
30637|0x18500425|14|1690585510
30637|0x38500425|15|4265228942
30637|0x78500425|16|7213620939
30637|0xf8500425|17|14621171388
30637|0x1f8500425|18|27237002646
30637|0x3f8500425|19|54174568082
30637|0x7f8500425|20|109088368140
30637|0x7f8500425|21|217192704485
30637|0x17f8500425|22|434733214567
30637|0x37f8500425|23|865560544602
30637|0x77f8500425|24|1727080787469
31095|0x3047|1|216104
31095|0x3047|2|418697
31095|0x3047|3|936320
31095|0x3047|4|2092306
31095|0x83047|5|4180266
31095|0x83047|6|8327544
31095|0x283047|7|16723239
31095|0x283047|8|33661767
31095|0xa83047|9|66960427
31095|0x1a83047|10|133961996
31095|0x1a83047|11|267856972
31095|0x5a83047|12|536364941
31095|0x5a83047|13|1073655155
31095|0x5a83047|14|1917224109
31095|0x25a83047|15|3376390807
31095|0x25a83047|16|6924076619
31095|0x25a83047|17|14110238931
31095|0x25a83047|18|27543071199
31095|0x225a83047|19|68270851978
31095|0x625a83047|20|113408974278
31095|0xe25a83047|21|216482763265
31095|0xe25a83047|22|435688881454
31095|0x2e25a83047|23|864023048724
31095|0x6e25a83047|24|1727982747956
31209|0xee59|1|213735
31209|0x1ee59|2|473207
31209|0x3ee59|3|1026659
31209|0x7ee59|4|2092352
31209|0x7ee59|5|4049992
31209|0x7ee59|6|8340898
31209|0x27ee59|7|16758320
31209|0x27ee59|8|33512977
31209|0x27ee59|9|66926660
31209|0x27ee59|10|134171054
31209|0x27ee59|11|268304007
31209|0x427ee59|12|536068483
31209|0xc27ee59|13|1073013693
31209|0x1c27ee59|14|2147170069
31209|0x1c27ee59|15|3974276963
31209|0x1c27ee59|16|7639526870
31209|0x9c27ee59|17|14721129459
31209|0x19c27ee59|18|27128342033
31209|0x39c27ee59|19|56137483670
31209|0x39c27ee59|20|108768680310
31209|0xb9c27ee59|21|216495967382
31209|0xb9c27ee59|22|433581345859
31209|0x2b9c27ee59|23|866678018244
31209|0x2b9c27ee59|24|1728552254401
31319|0x1167|1|216430
31319|0x11167|2|491145
31319|0x11167|3|1030714
31319|0x11167|4|2081413
31319|0x91167|5|4044547
31319|0x91167|6|8350898
31319|0x291167|7|16710108
31319|0x691167|8|33380869
31319|0x691167|9|66884869
31319|0x691167|10|133993681
31319|0x2691167|11|268217980
31319|0x6691167|12|537090974
31319|0x6691167|13|1073367223
31319|0x6691167|14|2146300920
31319|0x6691167|15|4292508289
31319|0x46691167|16|7271693128
31319|0x46691167|17|13571202963
31319|0x46691167|18|27020624677
31319|0x246691167|19|56316699886
31319|0x646691167|20|112825887067
31319|0x646691167|21|216595164281
31319|0x1646691167|22|433072895543
31319|0x3646691167|23|862805226862
31319|0x3646691167|24|1729805561013
31431|0x26f7|1|216925
31431|0x26f7|2|474931
31431|0x26f7|3|1012230
31431|0x26f7|4|1961296
31431|0x26f7|5|4201397
31431|0x1026f7|6|8360700
31431|0x3026f7|7|16547153
31431|0x3026f7|8|33546810
31431|0x3026f7|9|71972638
31431|0x3026f7|10|133612242
31431|0x3026f7|11|266780725
31431|0x3026f7|12|533917743
31431|0x83026f7|13|840328639
31431|0x183026f7|14|2092969851
31431|0x183026f7|15|4269770042
31431|0x583026f7|16|6914192539
31431|0xd83026f7|17|14855205590
31431|0x1d83026f7|18|27093980096
31431|0x3d83026f7|19|56219624090
31431|0x7d83026f7|20|108399678803
31431|0x7d83026f7|21|218499582012
31431|0x7d83026f7|22|433900483800
31431|0x27d83026f7|23|863406191764
31431|0x27d83026f7|24|1728142575355
31543|0x2a87|1|214407
31543|0x2a87|2|475654
31543|0x2a87|3|1033608
31543|0x2a87|4|2103854
31543|0x82a87|5|4048636
31543|0x182a87|6|8355806
31543|0x382a87|7|16846659
31543|0x382a87|8|33563850
31543|0xb82a87|9|67281316
31543|0xb82a87|10|134223233
31543|0xb82a87|11|269088066
31543|0x4b82a87|12|536777383
31543|0x4b82a87|13|1072446819
31543|0x4b82a87|14|2148549260
31543|0x4b82a87|15|4292680579
31543|0x4b82a87|16|6768835548
31543|0x84b82a87|17|13520788614
31543|0x184b82a87|18|27309811993
31543|0x184b82a87|19|54049700279
31543|0x184b82a87|20|109249263706
31543|0x984b82a87|21|216350840044
31543|0x1984b82a87|22|431735609336
31543|0x1984b82a87|23|865529483618
31543|0x5984b82a87|24|1726647089744
31655|0x7c17|1|217067
31655|0x7c17|2|476350
31655|0x7c17|3|1034883
31655|0x7c17|4|2110546
31655|0x7c17|5|4109296
31655|0x107c17|6|8474273
31655|0x307c17|7|16767767
31655|0x707c17|8|33583584
31655|0x707c17|9|67342470
31655|0x1707c17|10|134238859
31655|0x1707c17|11|268716101
31655|0x5707c17|12|450251590
31655|0xd707c17|13|1073788948
31655|0x1d707c17|14|2150622543
31655|0x1d707c17|15|3686546964
31655|0x5d707c17|16|6972246792
31655|0x5d707c17|17|14302187715
31655|0x5d707c17|18|27187769903
31655|0x25d707c17|19|54079666605
31655|0x25d707c17|20|108806105299
31655|0x25d707c17|21|216235941737
31655|0x125d707c17|22|432111170503
31655|0x325d707c17|23|866370129578
31655|0x725d707c17|24|1727525591531
32109|0x1465|1|217985
32109|0x1465|2|493005
32109|0x21465|3|1039005
32109|0x21465|4|1945379
32109|0xa1465|5|4244410
32109|0xa1465|6|8349272
32109|0xa1465|7|16703633
32109|0x4a1465|8|33579136
32109|0xca1465|9|67304857
32109|0xca1465|10|134126985
32109|0x2ca1465|11|268762993
32109|0x6ca1465|12|538178920
32109|0x6ca1465|13|1076149376
32109|0x16ca1465|14|2152526002
32109|0x36ca1465|15|3545299884
32109|0x36ca1465|16|6811955120
32109|0x36ca1465|17|13495000900
32109|0x36ca1465|18|28162650060
32109|0x36ca1465|19|54113467492
32109|0x36ca1465|20|108621543067
32109|0x836ca1465|21|217673692255
32109|0x836ca1465|22|431617704141
32109|0x836ca1465|23|868484610089
32109|0x4836ca1465|24|1730409184434
32223|0x7e1f|1|218143
32223|0x17e1f|2|481401
32223|0x37e1f|3|1060416
32223|0x37e1f|4|1997927
32223|0x37e1f|5|4209835
32223|0x37e1f|6|8382121
32223|0x237e1f|7|16784731
32223|0x237e1f|8|33581734
32223|0xa37e1f|9|66994261
32223|0x1a37e1f|10|134422515
32223|0x3a37e1f|11|223708338
32223|0x3a37e1f|12|538207845
32223|0x3a37e1f|13|1075385245
32223|0x3a37e1f|14|1947820541
32223|0x3a37e1f|15|3777958455
32223|0x3a37e1f|16|8612196789
32223|0x3a37e1f|17|14311386145
32223|0x3a37e1f|18|27287002538
32223|0x203a37e1f|19|55556479373
32223|0x203a37e1f|20|108123142040
32223|0xa03a37e1f|21|216273025071
32223|0xa03a37e1f|22|433186167901
32223|0xa03a37e1f|23|863081085862
32223|0xa03a37e1f|24|1725496416906
32329|0xd3f9|1|218578
32329|0x1d3f9|2|481881
32329|0x3d3f9|3|1043864
32329|0x7d3f9|4|2049004
32329|0x7d3f9|5|4177906
32329|0x17d3f9|6|8376918
32329|0x37d3f9|7|16719757
32329|0x77d3f9|8|33508794
32329|0xf7d3f9|9|67146047
32329|0x1f7d3f9|10|134221860
32329|0x3f7d3f9|11|268550055
32329|0x7f7d3f9|12|538304383
32329|0x7f7d3f9|13|1077291397
32329|0x7f7d3f9|14|2145030231
32329|0x7f7d3f9|15|4083679853
32329|0x47f7d3f9|16|7093922744
32329|0xc7f7d3f9|17|13797317833
32329|0x1c7f7d3f9|18|27987486246
32329|0x3c7f7d3f9|19|53976972723
32329|0x3c7f7d3f9|20|109549118111
32329|0x3c7f7d3f9|21|218718675400
32329|0x3c7f7d3f9|22|431041625090
32329|0x3c7f7d3f9|23|863510477063
32329|0x3c7f7d3f9|24|1725362759152
32445|0xec95|1|216060
32445|0xec95|2|480673
32445|0xec95|3|1045846
32445|0xec95|4|2133051
32445|0xec95|5|4088121
32445|0xec95|6|8409420
32445|0x20ec95|7|16827420
32445|0x60ec95|8|33643054
32445|0x60ec95|9|67473664
32445|0x60ec95|10|134729615
32445|0x60ec95|11|269729504
32445|0x460ec95|12|538878363
32445|0x460ec95|13|1076663138
32445|0x1460ec95|14|1892644511
32445|0x1460ec95|15|4247461209
32445|0x5460ec95|16|7376833870
32445|0x5460ec95|17|14319899794
32445|0x5460ec95|18|29884463785
32445|0x25460ec95|19|58912222616
32445|0x25460ec95|20|108817579704
32445|0x25460ec95|21|216353825536
32445|0x25460ec95|22|433698148740
32445|0x25460ec95|23|864910772868
32445|0x425460ec95|24|1724547251970
32555|0x4783|1|218575
32555|0x4783|2|481069
32555|0x24783|3|1016815
32555|0x64783|4|1973964
32555|0xe4783|5|4284085
32555|0xe4783|6|8398427
32555|0x2e4783|7|16852852
32555|0x6e4783|8|33623704
32555|0x6e4783|9|67374080
32555|0x6e4783|10|134621396
32555|0x6e4783|11|269473324
32555|0x6e4783|12|539531438
32555|0x86e4783|13|1030514794
32555|0x86e4783|14|2155497742
32555|0x286e4783|15|3615270817
32555|0x286e4783|16|7550665014
32555|0xa86e4783|17|14277338350
32555|0x1a86e4783|18|27072830270
32555|0x3a86e4783|19|57276628546
32555|0x7a86e4783|20|108848780722
32555|0xfa86e4783|21|216502790469
32555|0x1fa86e4783|22|431201337260
32555|0x3fa86e4783|23|862081460557
32555|0x7fa86e4783|24|1721765464684
32665|0x64a9|1|216353
32665|0x64a9|2|482213
32665|0x64a9|3|922805
32665|0x464a9|4|2099949
32665|0x464a9|5|4275199
32665|0x1464a9|6|8355610
32665|0x3464a9|7|16786577
32665|0x7464a9|8|33695058
32665|0xf464a9|9|67156346
32665|0xf464a9|10|134076700
32665|0xf464a9|11|268674079
32665|0xf464a9|12|537153788
32665|0xf464a9|13|949432686
32665|0x10f464a9|14|1973299118
32665|0x30f464a9|15|3853948314
32665|0x30f464a9|16|7046301899
32665|0xb0f464a9|17|13960037223
32665|0x1b0f464a9|18|26860290037
32665|0x1b0f464a9|19|54007301108
32665|0x5b0f464a9|20|107545420423
32665|0x5b0f464a9|21|217112227385
32665|0x15b0f464a9|22|431050526063
32665|0x15b0f464a9|23|863066848905
32665|0x55b0f464a9|24|1723975327159
32977|0x1d831|1|368201
32977|0x3d831|2|873420
32977|0x7d831|3|1834588
32977|0x7d831|4|3905971
32977|0x7d831|5|7865599
32977|0x7d831|6|15843754
32977|0x7d831|7|31580636
32977|0x87d831|8|61337907
32977|0x187d831|9|126771031
32977|0x187d831|10|254092130
32977|0x587d831|11|507559792
32977|0x587d831|12|1015644054
32977|0x1587d831|13|1871532175
32977|0x1587d831|14|4042735997
32977|0x1587d831|15|7587510204
32977|0x9587d831|16|13568380112
32977|0x9587d831|17|27425536427
32977|0x29587d831|18|55950886826
32977|0x29587d831|19|110848678390
32977|0x29587d831|20|223189121815
32977|0x29587d831|21|445053842005
32977|0x229587d831|22|883724530006
32977|0x229587d831|23|1765328869752
32977|0x229587d831|24|3522708541064
33107|0x16adb|1|324818
33107|0x36adb|2|769554
33107|0x76adb|3|1916743
33107|0x76adb|4|3744937
33107|0x76adb|5|7823717
33107|0x76adb|6|15499435
33107|0x476adb|7|31017412
33107|0x476adb|8|62092449
33107|0x476adb|9|124389830
33107|0x476adb|10|248633873
33107|0x4476adb|11|445903465
33107|0x4476adb|12|994774802
33107|0x4476adb|13|1989528483
33107|0x24476adb|14|3914902669
33107|0x64476adb|15|7117703599
33107|0xe4476adb|16|16028186459
33107|0xe4476adb|17|32813406228
33107|0x2e4476adb|18|65796827676
33107|0x2e4476adb|19|109417882840
33107|0xae4476adb|20|216055189960
33107|0x1ae4476adb|21|435210824461
33107|0x1ae4476adb|22|881238322834
33107|0x5ae4476adb|23|1754018450563
33107|0xdae4476adb|24|3522668216186
33217|0x8e41|1|373930
33217|0x28e41|2|893046
33217|0x68e41|3|1924086
33217|0x68e41|4|3760994
33217|0x68e41|5|7687457
33217|0x268e41|6|15513753
33217|0x668e41|7|30994861
33217|0x668e41|8|61761981
33217|0x1668e41|9|124424692
33217|0x1668e41|10|248655585
33217|0x5668e41|11|497493140
33217|0x5668e41|12|996543118
33217|0x5668e41|13|1998556438
33217|0x5668e41|14|3410956850
33217|0x45668e41|15|7993267471
33217|0x45668e41|16|16030462064
33217|0x145668e41|17|28054798541
33217|0x345668e41|18|56190712257
33217|0x345668e41|19|113349458273
33217|0x345668e41|20|216792204546
33217|0x1345668e41|21|435477302964
33217|0x1345668e41|22|878897285795
33217|0x1345668e41|23|1753308006873
33217|0x9345668e41|24|3522537622534
33325|0x11da5|1|365519
33325|0x11da5|2|876421
33325|0x11da5|3|1811905
33325|0x11da5|4|3904242
33325|0x11da5|5|7632812
33325|0x11da5|6|15516599
33325|0x411da5|7|31048337
33325|0xc11da5|8|62236146
33325|0x1c11da5|9|124275858
33325|0x1c11da5|10|248752041
33325|0x1c11da5|11|497600421
33325|0x1c11da5|12|995193285
33325|0x1c11da5|13|1990719818
33325|0x21c11da5|14|3980978638
33325|0x21c11da5|15|7981413570
33325|0x21c11da5|16|16033602505
33325|0x21c11da5|17|26673567104
33325|0x221c11da5|18|60843938297
33325|0x621c11da5|19|109968823956
33325|0xe21c11da5|20|215735851141
33325|0xe21c11da5|21|437860270270
33325|0x2e21c11da5|22|875981390591
33325|0x6e21c11da5|23|1753410065123
33325|0xee21c11da5|24|3522969122965
33453|0x3125|1|325189
33453|0x23125|2|772134
33453|0x23125|3|1890902
33453|0x23125|4|3747267
33453|0x123125|5|7864265
33453|0x123125|6|15456641
33453|0x523125|7|31072626
33453|0xd23125|8|62062762
33453|0x1d23125|9|124511899
33453|0x1d23125|10|248819427
33453|0x1d23125|11|497793072
33453|0x9d23125|12|995290745
33453|0x9d23125|13|1887630675
33453|0x29d23125|14|3982828091
33453|0x29d23125|15|7985628221
33453|0x29d23125|16|14402587378
33453|0x129d23125|17|32273813386
33453|0x329d23125|18|54782217768
33453|0x329d23125|19|109202644788
33453|0x329d23125|20|215880623597
33453|0x329d23125|21|433468662545
33453|0x2329d23125|22|876007700218
33453|0x2329d23125|23|1752843651993
33453|0x2329d23125|24|3521665547411
33547|0x1b0a3|1|369589
33547|0x3b0a3|2|821012
33547|0x7b0a3|3|1749149
33547|0xfb0a3|4|3990540
33547|0x1fb0a3|5|7781422
33547|0x1fb0a3|6|15547647
33547|0x5fb0a3|7|31358137
33547|0xdfb0a3|8|62814036
33547|0x1dfb0a3|9|125373722
33547|0x1dfb0a3|10|250791882
33547|0x5dfb0a3|11|501819865
33547|0xddfb0a3|12|1003449729
33547|0x1ddfb0a3|13|2007310613
33547|0x1ddfb0a3|14|3419953680
33547|0x5ddfb0a3|15|6938527779
33547|0xdddfb0a3|16|13157753814
33547|0x1dddfb0a3|17|27251050849
33547|0x3dddfb0a3|18|55966876187
33547|0x7dddfb0a3|19|108649037690
33547|0x7dddfb0a3|20|224500052740
33547|0x7dddfb0a3|21|431138937339
33547|0x27dddfb0a3|22|909902029566
33547|0x67dddfb0a3|23|1753772765147
33547|0x67dddfb0a3|24|3521182254682
33665|0x1bc81|1|369826
33665|0x3bc81|2|898052
33665|0x3bc81|3|1921401
33665|0xbbc81|4|3793918
33665|0xbbc81|5|7678567
33665|0x2bbc81|6|15461047
33665|0x2bbc81|7|31056186
33665|0xabbc81|8|62140929
33665|0xabbc81|9|124141245
33665|0xabbc81|10|248455109
33665|0xabbc81|11|497144746
33665|0x8abbc81|12|993940940
33665|0x8abbc81|13|1988325264
33665|0x8abbc81|14|3977170779
33665|0x48abbc81|15|7968049171
33665|0xc8abbc81|16|15307500443
33665|0x1c8abbc81|17|29385652725
33665|0x3c8abbc81|18|55509587252
33665|0x3c8abbc81|19|110073128068
33665|0xbc8abbc81|20|215621398685
33665|0xbc8abbc81|21|432012093699
33665|0x2bc8abbc81|22|877312973441
33665|0x6bc8abbc81|23|1753273198987
33665|0x6bc8abbc81|24|3513084613828
33783|0x12dc7|1|338275
33783|0x12dc7|2|774443
33783|0x12dc7|3|1851029
33783|0x12dc7|4|3793944
33783|0x112dc7|5|7911281
33783|0x112dc7|6|15582330
33783|0x112dc7|7|30963916
33783|0x112dc7|8|62018065
33783|0x1112dc7|9|124372071
33783|0x3112dc7|10|248481620
33783|0x3112dc7|11|497302097
33783|0x3112dc7|12|997139651
33783|0x3112dc7|13|1988956842
33783|0x3112dc7|14|3726064456
33783|0x43112dc7|15|6722469655
33783|0xc3112dc7|16|13491710647
33783|0xc3112dc7|17|27646911539
33783|0x2c3112dc7|18|55067505306
33783|0x6c3112dc7|19|110758228515
33783|0xec3112dc7|20|216891992830
33783|0x1ec3112dc7|21|436837042048
33783|0x1ec3112dc7|22|872172490127
33783|0x1ec3112dc7|23|1759709865231
33783|0x9ec3112dc7|24|3512477348581
34089|0x1e719|1|370685
34089|0x3e719|2|882582
34089|0x3e719|3|1724448
34089|0x3e719|4|3916000
34089|0x13e719|5|7626307
34089|0x13e719|6|15509656
34089|0x53e719|7|31062035
34089|0xd3e719|8|62126218
34089|0x1d3e719|9|124143295
34089|0x3d3e719|10|248353371
34089|0x7d3e719|11|496497416
34089|0xfd3e719|12|993493348
34089|0xfd3e719|13|1749969345
34089|0x2fd3e719|14|3974476478
34089|0x6fd3e719|15|6550268217
34089|0x6fd3e719|16|13275758328
34089|0x16fd3e719|17|27067685206
34089|0x16fd3e719|18|54953301003
34089|0x56fd3e719|19|108458231214
34089|0xd6fd3e719|20|216673974144
34089|0xd6fd3e719|21|436921364571
34089|0xd6fd3e719|22|872396911748
34089|0x4d6fd3e719|23|1758498765019
34089|0xcd6fd3e719|24|3512268171979
34207|0x1565f|1|370751
34207|0x1565f|2|883913
34207|0x5565f|3|1745491
34207|0x5565f|4|3960474
34207|0x15565f|5|7680512
34207|0x35565f|6|15565798
34207|0x35565f|7|31117927
34207|0x35565f|8|62205792
34207|0x135565f|9|124561935
34207|0x335565f|10|248921897
34207|0x735565f|11|498254672
34207|0x735565f|12|975700140
34207|0x1735565f|13|1732072993
34207|0x3735565f|14|3394243896
34207|0x3735565f|15|6755608310
34207|0x3735565f|16|15228315400
34207|0x13735565f|17|28687470457
34207|0x13735565f|18|57066593193
34207|0x13735565f|19|109348367060
34207|0x13735565f|20|216537608379
34207|0x113735565f|21|436331117350
34207|0x313735565f|22|872580277223
34207|0x713735565f|23|1758214158399
34207|0x713735565f|24|3514805113090
34317|0x38c5|1|371035
34317|0x238c5|2|884476
34317|0x638c5|3|1963120
34317|0xe38c5|4|3833715
34317|0x1e38c5|5|7887038
34317|0x1e38c5|6|15869823
34317|0x5e38c5|7|31571941
34317|0xde38c5|8|63264749
34317|0x1de38c5|9|126243888
34317|0x3de38c5|10|253120195
34317|0x7de38c5|11|505749315
34317|0xfde38c5|12|1012150370
34317|0xfde38c5|13|2023766791
34317|0x2fde38c5|14|3781334286
34317|0x6fde38c5|15|7441201576
34317|0x6fde38c5|16|15957017187
34317|0x6fde38c5|17|26439459551
34317|0x6fde38c5|18|63092310589
34317|0x46fde38c5|19|108560588907
34317|0xc6fde38c5|20|214670805871
34317|0x1c6fde38c5|21|433503719546
34317|0x1c6fde38c5|22|872775910553
34317|0x1c6fde38c5|23|1758132822166
34317|0x1c6fde38c5|24|3518157794629
34429|0x1a2d5|1|368584
34429|0x1a2d5|2|833788
34429|0x1a2d5|3|1805170
34429|0x9a2d5|4|4038039
34429|0x19a2d5|5|7826929
34429|0x19a2d5|6|15568439
34429|0x59a2d5|7|31648333
34429|0x59a2d5|8|63195364
34429|0x159a2d5|9|126151825
34429|0x159a2d5|10|252617393
34429|0x559a2d5|11|505928690
34429|0xd59a2d5|12|836947079
34429|0x1d59a2d5|13|1803595230
34429|0x1d59a2d5|14|3330567305
34429|0x5d59a2d5|15|7891641764
34429|0xdd59a2d5|16|13297066892
34429|0x1dd59a2d5|17|27214501264
34429|0x3dd59a2d5|18|57298190493
34429|0x3dd59a2d5|19|108729178736
34429|0x3dd59a2d5|20|215344518426
34429|0x3dd59a2d5|21|433556970207
34429|0x3dd59a2d5|22|872341808463
34429|0x43dd59a2d5|23|1757967751714
34429|0x43dd59a2d5|24|3506309829776
34539|0xf1c3|1|371555
34539|0x2f1c3|2|886553
34539|0x2f1c3|3|1838778
34539|0x2f1c3|4|3954604
34539|0x2f1c3|5|7907700
34539|0x2f1c3|6|15732232
34539|0x42f1c3|7|31516964
34539|0x42f1c3|8|63036651
34539|0x42f1c3|9|126549116
34539|0x42f1c3|10|253078191
34539|0x42f1c3|11|444389820
34539|0x842f1c3|12|1012087028
34539|0x842f1c3|13|2024372137
34539|0x2842f1c3|14|3496632887
34539|0x2842f1c3|15|6972756617
34539|0x2842f1c3|16|14088834971
34539|0x2842f1c3|17|26993348025
34539|0x2842f1c3|18|54166646986
34539|0x2842f1c3|19|109052388822
34539|0x82842f1c3|20|217217993423
34539|0x182842f1c3|21|436806804972
34539|0x182842f1c3|22|875285309777
34539|0x582842f1c3|23|1760663698081
34539|0x582842f1c3|24|3516999359721
34645|0x13dfd|1|373284
34645|0x33dfd|2|878330
34645|0x73dfd|3|1748243
34645|0xf3dfd|4|4056074
34645|0xf3dfd|5|7894773
34645|0xf3dfd|6|15591691
34645|0x4f3dfd|7|31734418
34645|0x4f3dfd|8|63238290
34645|0x4f3dfd|9|126471709
34645|0x4f3dfd|10|253091914
34645|0x44f3dfd|11|506701494
34645|0xc4f3dfd|12|1012450077
34645|0xc4f3dfd|13|1925795451
34645|0x2c4f3dfd|14|4049294119
34645|0x2c4f3dfd|15|7488954592
34645|0xac4f3dfd|16|14764563454
34645|0x1ac4f3dfd|17|28150475015
34645|0x1ac4f3dfd|18|57644928391
34645|0x5ac4f3dfd|19|113175381860
34645|0x5ac4f3dfd|20|216850934284
34645|0x5ac4f3dfd|21|436020256938
34645|0x5ac4f3dfd|22|881520491308
34645|0x45ac4f3dfd|23|1767755762886
34645|0x45ac4f3dfd|24|3509534063826
34763|0x1e5e3|1|327645
34763|0x1e5e3|2|836149
34763|0x5e5e3|3|1978880
34763|0xde5e3|4|3960062
34763|0xde5e3|5|7845909
34763|0xde5e3|6|15836528
34763|0x4de5e3|7|31711251
34763|0x4de5e3|8|63268465
34763|0x4de5e3|9|126410487
34763|0x24de5e3|10|253074324
34763|0x24de5e3|11|499286910
34763|0xa4de5e3|12|1012752126
34763|0xa4de5e3|13|2025318807
34763|0xa4de5e3|14|3380565253
34763|0x4a4de5e3|15|7032297861
34763|0x4a4de5e3|16|13664459707
34763|0x4a4de5e3|17|27078285964
34763|0x24a4de5e3|18|54957478690
34763|0x24a4de5e3|19|110572990569
34763|0x24a4de5e3|20|216274096679
34763|0x24a4de5e3|21|435298053140
34763|0x24a4de5e3|22|880363294941
34763|0x24a4de5e3|23|1759876219805
34763|0x24a4de5e3|24|3510210426753
35083|0xfaa3|1|369961
35083|0xfaa3|2|890712
35083|0x4faa3|3|1756233
35083|0xcfaa3|4|3986057
35083|0x1cfaa3|5|7846518
35083|0x3cfaa3|6|15622938
35083|0x7cfaa3|7|31736215
35083|0xfcfaa3|8|64002522
35083|0x1fcfaa3|9|126290781
35083|0x1fcfaa3|10|253317223
35083|0x1fcfaa3|11|505835194
35083|0x9fcfaa3|12|871187132
35083|0x19fcfaa3|13|2024330503
35083|0x19fcfaa3|14|4047985257
35083|0x19fcfaa3|15|7421636728
35083|0x99fcfaa3|16|13775556293
35083|0x199fcfaa3|17|28243328791
35083|0x399fcfaa3|18|55708042356
35083|0x399fcfaa3|19|115003186580
35083|0x399fcfaa3|20|220617995224
35083|0x1399fcfaa3|21|438173363261
35083|0x1399fcfaa3|22|874908393638
35083|0x5399fcfaa3|23|1758581743788
35083|0x5399fcfaa3|24|3510198006637
35195|0x1edb3|1|341089
35195|0x3edb3|2|799783
35195|0x3edb3|3|1888663
35195|0xbedb3|4|3970892
35195|0x1bedb3|5|7738485
35195|0x3bedb3|6|15715929
35195|0x3bedb3|7|31789370
35195|0x3bedb3|8|63176606
35195|0x13bedb3|9|126836429
35195|0x33bedb3|10|253152591
35195|0x33bedb3|11|506270647
35195|0x33bedb3|12|1013192986
35195|0x33bedb3|13|2028003769
35195|0x233bedb3|14|4054127830
35195|0x233bedb3|15|7141907985
35195|0x233bedb3|16|14701255789
35195|0x233bedb3|17|30057002824
35195|0x233bedb3|18|56644679938
35195|0x4233bedb3|19|110624441779
35195|0xc233bedb3|20|223950979616
35195|0x1c233bedb3|21|436955751626
35195|0x3c233bedb3|22|879288757654
35195|0x7c233bedb3|23|1756255988075
35195|0xfc233bedb3|24|3518371116083
35305|0xde59|1|372856
35305|0xde59|2|892708
35305|0xde59|3|1987200
35305|0x8de59|4|3816789
35305|0x18de59|5|7919647
35305|0x38de59|6|15944771
35305|0x78de59|7|31983661
35305|0x78de59|8|63712137
35305|0x178de59|9|126649151
35305|0x378de59|10|253449929
35305|0x378de59|11|506714811
35305|0xb78de59|12|1014174846
35305|0xb78de59|13|2039141643
35305|0x2b78de59|14|3476922685
35305|0x6b78de59|15|7081123444
35305|0xeb78de59|16|14348602089
35305|0xeb78de59|17|29459724867
35305|0x2eb78de59|18|54940295320
35305|0x6eb78de59|19|109728384594
35305|0x6eb78de59|20|215340643109
35305|0x16eb78de59|21|435475307438
35305|0x36eb78de59|22|877022962851
35305|0x36eb78de59|23|1762470311849
35305|0x36eb78de59|24|3516448485842
35421|0x99f5|1|328060
35421|0x299f5|2|786504
35421|0x299f5|3|1991297
35421|0x299f5|4|3920458
35421|0x1299f5|5|7795187
35421|0x1299f5|6|15846341
35421|0x5299f5|7|31724004
35421|0x5299f5|8|63210585
35421|0x15299f5|9|126497927
35421|0x35299f5|10|254032318
35421|0x75299f5|11|507177024
35421|0x75299f5|12|1021617282
35421|0x175299f5|13|1873172307
35421|0x175299f5|14|4090870809
35421|0x175299f5|15|6825718171
35421|0x175299f5|16|13472846244
35421|0x1175299f5|17|31560664832
35421|0x1175299f5|18|55483841900
35421|0x1175299f5|19|110215116985
35421|0x9175299f5|20|215642883103
35421|0x9175299f5|21|435355668756
35421|0x29175299f5|22|876378044417
35421|0x29175299f5|23|1761680670211
35421|0xa9175299f5|24|3524258208984
35531|0x10ae3|1|374034
35531|0x30ae3|2|885508
35531|0x30ae3|3|1798011
35531|0xb0ae3|4|3990373
35531|0xb0ae3|5|7916222
35531|0x2b0ae3|6|15690863
35531|0x2b0ae3|7|31922698
35531|0x2b0ae3|8|63556367
35531|0x2b0ae3|9|127158694
35531|0x22b0ae3|10|254714207
35531|0x62b0ae3|11|511033453
35531|0xe2b0ae3|12|1021988375
35531|0x1e2b0ae3|13|2040019607
35531|0x3e2b0ae3|14|4077985814
35531|0x3e2b0ae3|15|7922402786
35531|0xbe2b0ae3|16|14514937311
35531|0xbe2b0ae3|17|29554084360
35531|0x2be2b0ae3|18|56264695807
35531|0x2be2b0ae3|19|111253218413
35531|0x2be2b0ae3|20|217994448980
35531|0x12be2b0ae3|21|439445494357
35531|0x32be2b0ae3|22|876704152786
35531|0x72be2b0ae3|23|1753784184807
35531|0xf2be2b0ae3|24|3510723421906
35647|0xe4bf|1|343794
35647|0xe4bf|2|860948
35647|0x4e4bf|3|1978567
35647|0xce4bf|4|3877179
35647|0xce4bf|5|7842976
35647|0x2ce4bf|6|15822479
35647|0x6ce4bf|7|31593004
35647|0x6ce4bf|8|63242278
35647|0x16ce4bf|9|126916021
35647|0x36ce4bf|10|253512777
35647|0x36ce4bf|11|507242756
35647|0xb6ce4bf|12|1014328198
35647|0x1b6ce4bf|13|1730642518
35647|0x3b6ce4bf|14|4051370451
35647|0x7b6ce4bf|15|7009752813
35647|0xfb6ce4bf|16|13689771744
35647|0xfb6ce4bf|17|32399762189
35647|0x2fb6ce4bf|18|55228380914
35647|0x2fb6ce4bf|19|111546202284
35647|0x2fb6ce4bf|20|218327594178
35647|0x2fb6ce4bf|21|439455226834
35647|0x2fb6ce4bf|22|874775522405
35647|0x42fb6ce4bf|23|1761017012429
35647|0x42fb6ce4bf|24|3509730715706
35753|0x14899|1|374592
35753|0x14899|2|799893
35753|0x54899|3|1885848
35753|0xd4899|4|4001643
35753|0x1d4899|5|7803944
35753|0x1d4899|6|15702719
35753|0x5d4899|7|31737400
35753|0x5d4899|8|63101492
35753|0x5d4899|9|125918508
35753|0x5d4899|10|248200455
35753|0x45d4899|11|502970680
35753|0xc5d4899|12|1007553162
35753|0x1c5d4899|13|2020886120
35753|0x3c5d4899|14|4040147758
35753|0x3c5d4899|15|8147374316
35753|0xbc5d4899|16|14794211250
35753|0x1bc5d4899|17|27235620002
35753|0x1bc5d4899|18|55404617978
35753|0x5bc5d4899|19|111023961609
35753|0x5bc5d4899|20|218694512304
35753|0x15bc5d4899|21|441106963363
35753|0x35bc5d4899|22|876998061391
35753|0x75bc5d4899|23|1753849532100
35753|0x75bc5d4899|24|3513248008187
