13|0x5|1|14248
13|0x5|2|8281
13|0x45|3|7720
13|0xc5|4|7704
13|0xc5|5|9212
13|0x2c5|6|11343
13|0x6c5|7|16669
13|0xec5|8|25722
13|0xec5|9|47868
13|0xec5|10|91005
13|0x4ec5|11|181864
13|0x4ec5|12|359411
13|0x4ec5|13|746669
13|0x4ec5|14|1383871
13|0x44ec5|15|2766451
13|0xc4ec5|16|5662189
13|0xc4ec5|17|12924723
13|0x2c4ec5|18|25921540
13|0x6c4ec5|19|51881030
13|0xec4ec5|20|103580218
13|0xec4ec5|21|206361255
13|0xec4ec5|22|423039388
13|0x4ec4ec5|23|812295144
13|0x4ec4ec5|24|1647548092
9013|0x571d|1|65260
9013|0x571d|2|169537
9013|0x1571d|3|304387
9013|0x1571d|4|587381
9013|0x1571d|5|1188963
9013|0x1571d|6|2695661
9013|0x11571d|7|5079674
9013|0x11571d|8|10497404
9013|0x11571d|9|23758613
9013|0x91571d|10|56750407
9013|0x191571d|11|124827337
9013|0x391571d|12|248563617
9013|0x791571d|13|719477215
9013|0x791571d|14|1252960206
9013|0x1791571d|15|1660649946
9013|0x1791571d|16|3622294909
9013|0x5791571d|17|6635697061
9013|0x5791571d|18|13359081138
9013|0x15791571d|19|28184086342
9013|0x15791571d|20|59651087907
9013|0x15791571d|21|111257893588
9013|0x15791571d|22|218629776583
9013|0x15791571d|23|437707244967
9013|0x15791571d|24|882684559262
9157|0x630d|1|103415
9157|0x630d|2|233405
9157|0x1630d|3|452612
9157|0x1630d|4|889704
9157|0x5630d|5|1984418
9157|0x5630d|6|3844272
9157|0x15630d|7|7925947
9157|0x15630d|8|15625576
9157|0x15630d|9|31187074
9157|0x15630d|10|62367905
9157|0x115630d|11|123715847
9157|0x315630d|12|247686973
9157|0x715630d|13|496499366
9157|0x715630d|14|998215250
9157|0x715630d|15|1789286714
9157|0x2715630d|16|3342769425
9157|0x2715630d|17|8084653895
9157|0x2715630d|18|14462133479
9157|0x2715630d|19|32266052116
9157|0x22715630d|20|56021117722
9157|0x22715630d|21|109600860382
9157|0x22715630d|22|218822097719
9157|0x22715630d|23|438095960811
9157|0x22715630d|24|875726685848
10007|0xa7|1|88363
10007|0x80a7|2|210159
10007|0x180a7|3|451227
10007|0x180a7|4|1026785
10007|0x580a7|5|2021005
10007|0xd80a7|6|3836675
10007|0x1d80a7|7|7713824
10007|0x1d80a7|8|15526127
10007|0x5d80a7|9|31072315
10007|0x5d80a7|10|64781432
10007|0x15d80a7|11|125391519
10007|0x35d80a7|12|249580168
10007|0x75d80a7|13|498924777
10007|0xf5d80a7|14|1000479757
10007|0xf5d80a7|15|1659503627
10007|0x2f5d80a7|16|3637189213
10007|0x2f5d80a7|17|6856707420
10007|0xaf5d80a7|18|15541577107
10007|0x1af5d80a7|19|28133405681
10007|0x3af5d80a7|20|55762840575
10007|0x7af5d80a7|21|109585036747
10007|0xfaf5d80a7|22|218950046571
10007|0xfaf5d80a7|23|438310009537
10007|0x2faf5d80a7|24|874842830235
10095|0x178f|1|89303
10095|0x178f|2|208847
10095|0x1178f|3|438146
10095|0x1178f|4|878046
10095|0x1178f|5|1918551
10095|0x1178f|6|3771481
10095|0x11178f|7|6373433
10095|0x11178f|8|15409411
10095|0x11178f|9|30678951
10095|0x11178f|10|61250859
10095|0x11178f|11|122473659
10095|0x211178f|12|245139376
10095|0x211178f|13|488006384
10095|0x211178f|14|981726736
10095|0x211178f|15|1973681202
10095|0x211178f|16|3561110316
10095|0x211178f|17|7222522999
10095|0x8211178f|18|14543829486
10095|0x18211178f|19|27257370410
10095|0x18211178f|20|54585936338
10095|0x18211178f|21|112484454757
10095|0x98211178f|22|218558338798
10095|0x198211178f|23|437163774512
10095|0x398211178f|24|881796477698
10223|0x670f|1|88977
10223|0xe70f|2|211553
10223|0x1e70f|3|459394
10223|0x3e70f|4|1002423
10223|0x3e70f|5|1963882
10223|0xbe70f|6|3825326
10223|0x1be70f|7|7670045
10223|0x1be70f|8|15423526
10223|0x5be70f|9|30547742
10223|0x5be70f|10|61738665
10223|0x5be70f|11|123283741
10223|0x25be70f|12|247811454
10223|0x65be70f|13|496179477
10223|0x65be70f|14|996982290
10223|0x165be70f|15|1759252432
10223|0x365be70f|16|4004890094
10223|0x765be70f|17|8096477894
10223|0xf65be70f|18|16269665678
10223|0xf65be70f|19|31103060676
10223|0x2f65be70f|20|56032508507
10223|0x6f65be70f|21|109530747245
10223|0xef65be70f|22|218752950576
10223|0xef65be70f|23|442112822073
10223|0xef65be70f|24|876635033326
11093|0x79fd|1|92286
11093|0x79fd|2|191036
11093|0x79fd|3|428276
11093|0x279fd|4|972167
11093|0x279fd|5|2046144
11093|0x279fd|6|3909092
11093|0x1279fd|7|8011521
11093|0x3279fd|8|16060555
11093|0x7279fd|9|31939780
11093|0xf279fd|10|63891670
11093|0x1f279fd|11|127261666
11093|0x1f279fd|12|254049751
11093|0x1f279fd|13|511059461
11093|0x1f279fd|14|899248189
11093|0x1f279fd|15|1830717666
11093|0x21f279fd|16|4080211864
11093|0x21f279fd|17|8208134310
11093|0x21f279fd|18|15055612296
11093|0x121f279fd|19|29184247507
11093|0x121f279fd|20|54737831712
11093|0x521f279fd|21|113347243708
11093|0xd21f279fd|22|223584906515
11093|0x1d21f279fd|23|436278292698
11093|0x3d21f279fd|24|872424749280
11187|0x7b7b|1|100711
11187|0x7b7b|2|217901
11187|0x7b7b|3|488642
11187|0x7b7b|4|965436
11187|0x47b7b|5|1885396
11187|0x47b7b|6|3960791
11187|0x47b7b|7|7995154
11187|0x247b7b|8|15901251
11187|0x647b7b|9|31625307
11187|0x647b7b|10|63527014
11187|0x1647b7b|11|126965551
11187|0x3647b7b|12|255336483
11187|0x3647b7b|13|511601155
11187|0x3647b7b|14|1021458049
11187|0x3647b7b|15|2042324340
11187|0x3647b7b|16|4061801397
11187|0x43647b7b|17|8096418326
11187|0x43647b7b|18|16539545534
11187|0x143647b7b|19|27376020280
11187|0x143647b7b|20|53959960178
11187|0x543647b7b|21|109748534618
11187|0x543647b7b|22|220005905167
11187|0x543647b7b|23|436214868092
11187|0x543647b7b|24|873384837599
12077|0x78a5|1|107193
12077|0xf8a5|2|222231
12077|0xf8a5|3|502758
12077|0x2f8a5|4|980887
12077|0x6f8a5|5|1888136
12077|0x6f8a5|6|4010378
12077|0x6f8a5|7|8058244
12077|0x26f8a5|8|16083920
12077|0x26f8a5|9|31952483
12077|0xa6f8a5|10|64199064
12077|0x1a6f8a5|11|128266484
12077|0x3a6f8a5|12|257120839
12077|0x7a6f8a5|13|511899639
12077|0x7a6f8a5|14|1011192468
12077|0x7a6f8a5|15|1912719476
12077|0x7a6f8a5|16|4133086701
12077|0x7a6f8a5|17|7344228899
12077|0x7a6f8a5|18|14473295165
12077|0x107a6f8a5|19|27611964015
12077|0x307a6f8a5|20|55130155041
12077|0x307a6f8a5|21|109962577272
12077|0x307a6f8a5|22|217923450628
12077|0x1307a6f8a5|23|435556688363
12077|0x1307a6f8a5|24|870353817386
12169|0x76b9|1|104714
12169|0xf6b9|2|223035
12169|0xf6b9|3|505573
12169|0xf6b9|4|890976
12169|0xf6b9|5|1979726
12169|0xf6b9|6|3947862
12169|0x10f6b9|7|8161337
12169|0x30f6b9|8|15979846
12169|0x30f6b9|9|31961966
12169|0xb0f6b9|10|64264230
12169|0xb0f6b9|11|128177492
12169|0xb0f6b9|12|254399787
12169|0x4b0f6b9|13|508313677
12169|0x4b0f6b9|14|1023325463
12169|0x4b0f6b9|15|2045541972
12169|0x4b0f6b9|16|4077481489
12169|0x4b0f6b9|17|7033684343
12169|0x4b0f6b9|18|16513264388
12169|0x104b0f6b9|19|32053453888
12169|0x104b0f6b9|20|56602105688
12169|0x104b0f6b9|21|110758949810
12169|0x904b0f6b9|22|218172851724
12169|0x1904b0f6b9|23|436162239379
12169|0x1904b0f6b9|24|871612352288
13021|0x3575|1|127871
13021|0x3575|2|227788
13021|0x13575|3|518266
13021|0x13575|4|1040993
13021|0x53575|5|2018406
13021|0x53575|6|4051581
13021|0x153575|7|7973188
13021|0x153575|8|16170752
13021|0x553575|9|26751946
13021|0x553575|10|64656655
13021|0x553575|11|129390474
13021|0x2553575|12|258375834
13021|0x2553575|13|514371909
13021|0xa553575|14|1036441625
13021|0x1a553575|15|2074294866
13021|0x3a553575|16|4149418117
13021|0x3a553575|17|7047505466
13021|0x3a553575|18|14819744656
13021|0x13a553575|19|32551178234
13021|0x13a553575|20|54599446074
13021|0x53a553575|21|110038546889
13021|0xd3a553575|22|218664349169
13021|0x1d3a553575|23|433920810711
13021|0x3d3a553575|24|870029599019
13137|0x75b1|1|93489
13137|0xf5b1|2|199027
13137|0xf5b1|3|424541
13137|0xf5b1|4|983789
13137|0xf5b1|5|2080345
13137|0xf5b1|6|3999111
13137|0xf5b1|7|8169946
13137|0xf5b1|8|16402830
13137|0x40f5b1|9|32609847
13137|0xc0f5b1|10|65434213
13137|0xc0f5b1|11|130652039
13137|0x2c0f5b1|12|261035595
13137|0x2c0f5b1|13|523085294
13137|0x2c0f5b1|14|1041130880
13137|0x12c0f5b1|15|2094136623
13137|0x32c0f5b1|16|4009229841
13137|0x32c0f5b1|17|6843234424
13137|0xb2c0f5b1|18|13307900934
13137|0x1b2c0f5b1|19|27885571418
13137|0x3b2c0f5b1|20|57041270231
13137|0x3b2c0f5b1|21|109542167515
13137|0xbb2c0f5b1|22|218017992710
13137|0x1bb2c0f5b1|23|435966215071
13137|0x3bb2c0f5b1|24|868745428981
13229|0x2825|1|109431
13229|0xa825|2|229061
13229|0x1a825|3|485723
13229|0x3a825|4|1011916
13229|0x3a825|5|2080356
13229|0xba825|6|3934429
13229|0xba825|7|8174208
13229|0x2ba825|8|16126266
13229|0x2ba825|9|32411939
13229|0x2ba825|10|64865535
13229|0x2ba825|11|129710255
13229|0x2ba825|12|257860154
13229|0x2ba825|13|514764198
13229|0x2ba825|14|1034654356
13229|0x102ba825|15|2058880549
13229|0x302ba825|16|4153882154
13229|0x702ba825|17|6675775545
13229|0xf02ba825|18|13739504377
13229|0x1f02ba825|19|30101661359
13229|0x1f02ba825|20|54215497184
13229|0x1f02ba825|21|112762103366
13229|0x9f02ba825|22|217837893707
13229|0x19f02ba825|23|435249498955
13229|0x39f02ba825|24|870152953457
14059|0x41c3|1|97345
14059|0xc1c3|2|205530
14059|0x1c1c3|3|459391
14059|0x1c1c3|4|1030140
14059|0x5c1c3|5|2080920
14059|0xdc1c3|6|3969332
14059|0xdc1c3|7|8202687
14059|0xdc1c3|8|16294616
14059|0xdc1c3|9|32652721
14059|0x8dc1c3|10|65257145
14059|0x18dc1c3|11|130456048
14059|0x18dc1c3|12|259221832
14059|0x58dc1c3|13|520605930
14059|0x58dc1c3|14|1042584534
14059|0x58dc1c3|15|2082134107
14059|0x58dc1c3|16|3976412728
14059|0x58dc1c3|17|8123019348
14059|0x58dc1c3|18|15917765554
14059|0x1058dc1c3|19|30304695564
14059|0x1058dc1c3|20|54301365194
14059|0x5058dc1c3|21|112218768869
14059|0xd058dc1c3|22|217896346930
14059|0xd058dc1c3|23|434853924425
14059|0x2d058dc1c3|24|869259312098
14185|0x48d9|1|97647
14185|0xc8d9|2|207645
14185|0x1c8d9|3|488936
14185|0x3c8d9|4|1041339
14185|0x7c8d9|5|2110635
14185|0xfc8d9|6|3990670
14185|0xfc8d9|7|8034559
14185|0x2fc8d9|8|16334035
14185|0x6fc8d9|9|32619889
14185|0x6fc8d9|10|65143179
14185|0x6fc8d9|11|130247873
14185|0x26fc8d9|12|260681655
14185|0x66fc8d9|13|521292602
14185|0xe6fc8d9|14|871332606
14185|0x1e6fc8d9|15|2060579375
14185|0x1e6fc8d9|16|4198195955
14185|0x1e6fc8d9|17|8447832055
14185|0x9e6fc8d9|18|16885710731
14185|0x19e6fc8d9|19|30469739470
14185|0x19e6fc8d9|20|59718469953
14185|0x59e6fc8d9|21|110468392366
14185|0xd9e6fc8d9|22|219930320348
14185|0xd9e6fc8d9|23|434723536405
14185|0x2d9e6fc8d9|24|866946110780
14289|0x131|1|108785
14289|0x8131|2|236801
14289|0x18131|3|454826
14289|0x18131|4|919658
14289|0x58131|5|2077401
14289|0x58131|6|4013549
14289|0x58131|7|8235246
14289|0x58131|8|16206938
14289|0x458131|9|32646591
14289|0xc58131|10|65109366
14289|0xc58131|11|130572376
14289|0xc58131|12|262198725
14289|0xc58131|13|565784469
14289|0xc58131|14|940868991
14289|0x10c58131|15|1761954617
14289|0x30c58131|16|4180058470
14289|0x70c58131|17|7343162520
14289|0xf0c58131|18|13916202013
14289|0x1f0c58131|19|27466022386
14289|0x1f0c58131|20|54355276287
14289|0x1f0c58131|21|109408312064
14289|0x1f0c58131|22|216482110150
14289|0x11f0c58131|23|431687642145
14289|0x31f0c58131|24|867408685813
15067|0x3153|1|112739
15067|0x3153|2|238977
15067|0x13153|3|510832
15067|0x33153|4|1026310
15067|0x33153|5|1916047
15067|0xb3153|6|4092750
15067|0xb3153|7|8224835
15067|0xb3153|8|16400508
15067|0x4b3153|9|32618535
15067|0xcb3153|10|63351041
15067|0x1cb3153|11|131240789
15067|0x3cb3153|12|261890956
15067|0x3cb3153|13|523855220
15067|0xbcb3153|14|1048814907
15067|0xbcb3153|15|2103469908
15067|0x2bcb3153|16|3426241760
15067|0x2bcb3153|17|8464135945
15067|0xabcb3153|18|15236713197
15067|0x1abcb3153|19|28597828102
15067|0x3abcb3153|20|54472571622
15067|0x3abcb3153|21|110294994197
15067|0x3abcb3153|22|216362719392
15067|0x13abcb3153|23|432671334873
15067|0x13abcb3153|24|865656208061
15161|0x4309|1|107769
15161|0x4309|2|239311
15161|0x4309|3|529085
15161|0x24309|4|1030380
15161|0x64309|5|1942775
15161|0xe4309|6|4133540
15161|0xe4309|7|8103400
15161|0x2e4309|8|16378712
15161|0x6e4309|9|32533177
15161|0x6e4309|10|65222595
15161|0x6e4309|11|130333610
15161|0x26e4309|12|260667189
15161|0x66e4309|13|521429749
15161|0xe6e4309|14|1042786049
15161|0xe6e4309|15|2097998457
15161|0x2e6e4309|16|3572568888
15161|0x6e6e4309|17|6681810274
15161|0x6e6e4309|18|13469898469
15161|0x6e6e4309|19|27439700365
15161|0x6e6e4309|20|54192545675
15161|0x46e6e4309|21|111813447419
15161|0x46e6e4309|22|223021724845
15161|0x146e6e4309|23|433990602987
15161|0x146e6e4309|24|865540442873
15285|0x1a9d|1|113098
15285|0x1a9d|2|241156
15285|0x11a9d|3|462427
15285|0x31a9d|4|909656
15285|0x71a9d|5|2055139
15285|0xf1a9d|6|4017883
15285|0x1f1a9d|7|8209685
15285|0x3f1a9d|8|16229764
15285|0x7f1a9d|9|32716480
15285|0x7f1a9d|10|65241309
15285|0x17f1a9d|11|130282536
15285|0x37f1a9d|12|261716945
15285|0x77f1a9d|13|527077655
15285|0xf7f1a9d|14|886281522
15285|0xf7f1a9d|15|1803488206
15285|0xf7f1a9d|16|4254759855
15285|0x4f7f1a9d|17|7578052511
15285|0xcf7f1a9d|18|14109932244
15285|0x1cf7f1a9d|19|26989521524
15285|0x3cf7f1a9d|20|56650541938
15285|0x7cf7f1a9d|21|111282499816
15285|0xfcf7f1a9d|22|221846583115
15285|0xfcf7f1a9d|23|441436525344
15285|0xfcf7f1a9d|24|884095199651
16057|0x6789|1|98380
16057|0x6789|2|210191
16057|0x6789|3|445163
16057|0x26789|4|929339
16057|0x26789|5|2035000
16057|0x26789|6|3805225
16057|0x126789|7|7514711
16057|0x326789|8|15033107
16057|0x326789|9|30144049
16057|0xb26789|10|59995128
16057|0xb26789|11|120520341
16057|0x2b26789|12|240606957
16057|0x2b26789|13|481849283
16057|0xab26789|14|949306980
16057|0x1ab26789|15|1937264188
16057|0x1ab26789|16|4255918069
16057|0x1ab26789|17|7801514996
16057|0x9ab26789|18|14483307141
16057|0x19ab26789|19|30218323663
16057|0x19ab26789|20|60087478518
16057|0x19ab26789|21|111169509857
16057|0x19ab26789|22|216219330691
16057|0x19ab26789|23|430847426253
16057|0x219ab26789|24|863546051878
16155|0x313|1|99183
16155|0x313|2|223906
16155|0x313|3|541337
16155|0x20313|4|1058306
16155|0x20313|5|2124000
16155|0xa0313|6|4078840
16155|0x1a0313|7|8354852
16155|0x1a0313|8|16767658
16155|0x1a0313|9|33373275
16155|0x9a0313|10|66978634
16155|0x19a0313|11|133917977
16155|0x39a0313|12|267614502
16155|0x39a0313|13|535611541
16155|0xb9a0313|14|887813546
16155|0xb9a0313|15|2024824876
16155|0x2b9a0313|16|3570708391
16155|0x2b9a0313|17|8547737506
16155|0xab9a0313|18|14361439310
16155|0x1ab9a0313|19|28541500729
16155|0x1ab9a0313|20|56420847601
16155|0x1ab9a0313|21|108213694159
16155|0x9ab9a0313|22|216377725088
16155|0x9ab9a0313|23|442941833046
16155|0x9ab9a0313|24|863701065382
16279|0x3027|1|101151
16279|0x3027|2|214167
16279|0x3027|3|480996
16279|0x23027|4|978711
16279|0x63027|5|2131270
16279|0x63027|6|4162744
16279|0x63027|7|8319744
16279|0x63027|8|16777881
16279|0x63027|9|33431483
16279|0x863027|10|67058874
16279|0x1863027|11|134044005
16279|0x1863027|12|218084355
16279|0x5863027|13|537484348
16279|0xd863027|14|1075615200
16279|0xd863027|15|2145601959
16279|0xd863027|16|4295552999
16279|0xd863027|17|6821736731
16279|0xd863027|18|13860122784
16279|0xd863027|19|27186519339
16279|0xd863027|20|53749561686
16279|0x40d863027|21|108682261415
16279|0xc0d863027|22|224136146956
16279|0x1c0d863027|23|431551362242
16279|0x3c0d863027|24|863146322869
16769|0xfe81|1|165363
16769|0x1fe81|2|387831
16769|0x1fe81|3|878949
16769|0x1fe81|4|2013977
16769|0x1fe81|5|4036561
16769|0x1fe81|6|7876997
16769|0x21fe81|7|15854461
16769|0x61fe81|8|31889875
16769|0x61fe81|9|63621271
16769|0x161fe81|10|127327004
16769|0x161fe81|11|254669735
16769|0x561fe81|12|509497171
16769|0xd61fe81|13|862445423
16769|0xd61fe81|14|2025144188
16769|0x2d61fe81|15|4044845822
16769|0x6d61fe81|16|6809095649
16769|0x6d61fe81|17|14639088046
16769|0x16d61fe81|18|28380136318
16769|0x36d61fe81|19|56271717475
16769|0x36d61fe81|20|116236681744
16769|0x36d61fe81|21|223998726629
16769|0x36d61fe81|22|446154531991
16769|0x36d61fe81|23|891745852212
16769|0x36d61fe81|24|1756429484435
16895|0xbdff|1|192807
16895|0x1bdff|2|428017
16895|0x3bdff|3|855250
16895|0x3bdff|4|1987579
16895|0xbbdff|5|4065253
16895|0x1bbdff|6|7978163
16895|0x3bbdff|7|15821600
16895|0x7bbdff|8|31929104
16895|0xfbbdff|9|63894320
16895|0xfbbdff|10|127242406
16895|0x2fbbdff|11|255418503
16895|0x6fbbdff|12|509817509
16895|0x6fbbdff|13|1019871106
16895|0x6fbbdff|14|2039972960
16895|0x26fbbdff|15|4074550913
16895|0x66fbbdff|16|7338887770
16895|0xe6fbbdff|17|13454490693
16895|0xe6fbbdff|18|28346477790
16895|0xe6fbbdff|19|54915085624
16895|0x4e6fbbdff|20|110961124478
16895|0xce6fbbdff|21|222543123977
16895|0xce6fbbdff|22|450352443815
16895|0xce6fbbdff|23|864331853372
16895|0xce6fbbdff|24|1756631923942
16995|0x4f4b|1|190419
16995|0x4f4b|2|457439
16995|0x4f4b|3|974339
16995|0x4f4b|4|1977391
16995|0x4f4b|5|3894933
16995|0x104f4b|6|7945660
16995|0x104f4b|7|15943340
16995|0x504f4b|8|31733206
16995|0xd04f4b|9|63712503
16995|0x1d04f4b|10|127424129
16995|0x1d04f4b|11|255144328
16995|0x1d04f4b|12|509948416
16995|0x9d04f4b|13|1019142862
16995|0x9d04f4b|14|2010544248
16995|0x9d04f4b|15|4080466176
16995|0x9d04f4b|16|7082831892
16995|0x89d04f4b|17|13503156636
16995|0x189d04f4b|18|27440228352
16995|0x189d04f4b|19|56314985662
16995|0x189d04f4b|20|112363132175
16995|0x189d04f4b|21|222197317557
16995|0x189d04f4b|22|443063430261
16995|0x2189d04f4b|23|870640225727
16995|0x2189d04f4b|24|1759221697616
17109|0xe67d|1|190568
17109|0xe67d|2|445787
17109|0xe67d|3|976661
17109|0x4e67d|4|2020106
17109|0x4e67d|5|3886924
17109|0x4e67d|6|7972913
17109|0x4e67d|7|15948978
17109|0x4e67d|8|31873568
17109|0x84e67d|9|63677409
17109|0x84e67d|10|127555965
17109|0x284e67d|11|255230506
17109|0x684e67d|12|510624734
17109|0x684e67d|13|1020799951
17109|0x1684e67d|14|2041132048
17109|0x1684e67d|15|4082619527
17109|0x1684e67d|16|6936966684
17109|0x1684e67d|17|14544189864
17109|0x11684e67d|18|29067221344
17109|0x31684e67d|19|56023574431
17109|0x31684e67d|20|111965063613
17109|0x31684e67d|21|219931837128
17109|0x31684e67d|22|446975511680
17109|0x231684e67d|23|868778148567
17109|0x231684e67d|24|1755736998543
17237|0xa1fd|1|190928
17237|0x1a1fd|2|446780
17237|0x1a1fd|3|979356
17237|0x1a1fd|4|2031363
17237|0x1a1fd|5|3886409
17237|0x11a1fd|6|7971103
17237|0x11a1fd|7|15936855
17237|0x51a1fd|8|31938009
17237|0xd1a1fd|9|63924572
17237|0x1d1a1fd|10|108044832
17237|0x1d1a1fd|11|255138732
17237|0x1d1a1fd|12|510303891
17237|0x9d1a1fd|13|1020416936
17237|0x9d1a1fd|14|2040267261
17237|0x29d1a1fd|15|3602666647
17237|0x69d1a1fd|16|6986613209
17237|0x69d1a1fd|17|16338168279
17237|0x169d1a1fd|18|28788892255
17237|0x369d1a1fd|19|55886080093
17237|0x769d1a1fd|20|111429523583
17237|0xf69d1a1fd|21|219418587204
17237|0x1f69d1a1fd|22|444071217477
17237|0x3f69d1a1fd|23|867808070332
17237|0x7f69d1a1fd|24|1754237527330
17327|0xf34f|1|188743
17327|0xf34f|2|447704
17327|0xf34f|3|998896
17327|0x4f34f|4|2018404
17327|0x4f34f|5|3896473
17327|0x14f34f|6|8053420
17327|0x14f34f|7|16026175
17327|0x14f34f|8|31938292
17327|0x14f34f|9|63694663
17327|0x14f34f|10|127590996
17327|0x214f34f|11|254909400
17327|0x214f34f|12|510935827
17327|0xa14f34f|13|1021153156
17327|0xa14f34f|14|2040613686
17327|0x2a14f34f|15|3941147030
17327|0x6a14f34f|16|8141914874
17327|0x6a14f34f|17|16331903036
17327|0x6a14f34f|18|28036978686
17327|0x6a14f34f|19|56607717143
17327|0x46a14f34f|20|110548880308
17327|0xc6a14f34f|21|220350442874
17327|0xc6a14f34f|22|444724295972
17327|0xc6a14f34f|23|837444068611
17327|0x4c6a14f34f|24|1673378252069
17831|0x1217|1|169325
17831|0x1217|2|397455
17831|0x1217|3|887554
17831|0x41217|4|1753873
17831|0xc1217|5|3883681
17831|0xc1217|6|7471550
17831|0xc1217|7|15287896
17831|0x4c1217|8|30309180
17831|0xcc1217|9|60576974
17831|0xcc1217|10|121544879
17831|0x2cc1217|11|242813819
17831|0x6cc1217|12|482324659
17831|0x6cc1217|13|967957114
17831|0x16cc1217|14|1939416849
17831|0x36cc1217|15|3277264120
17831|0x76cc1217|16|6871993403
17831|0xf6cc1217|17|13343634617
17831|0xf6cc1217|18|27040307338
17831|0x2f6cc1217|19|52223140952
17831|0x6f6cc1217|20|104476736861
17831|0x6f6cc1217|21|210253536293
17831|0x16f6cc1217|22|627873767077
17831|0x16f6cc1217|23|979288912080
17831|0x16f6cc1217|24|1759471971393
17953|0xbde1|1|237534
17953|0xbde1|2|452605
17953|0xbde1|3|1015490
17953|0x4bde1|4|1998531
17953|0xcbde1|5|4076577
17953|0x1cbde1|6|8003857
17953|0x3cbde1|7|16024717
17953|0x7cbde1|8|32192676
17953|0x7cbde1|9|64265957
17953|0x7cbde1|10|128566555
17953|0x7cbde1|11|256689444
17953|0x47cbde1|12|514129420
17953|0x47cbde1|13|929851302
17953|0x147cbde1|14|2056536802
17953|0x147cbde1|15|4112543790
17953|0x547cbde1|16|6993827271
17953|0x547cbde1|17|13571079567
17953|0x1547cbde1|18|27501842394
17953|0x3547cbde1|19|56491858114
17953|0x3547cbde1|20|111277085174
17953|0xb547cbde1|21|219874044840
17953|0x1b547cbde1|22|438151503931
17953|0x3b547cbde1|23|872693417652
17953|0x7b547cbde1|24|1688395631592
18061|0xec45|1|169923
18061|0x1ec45|2|398966
18061|0x3ec45|3|877523
18061|0x7ec45|4|1895613
18061|0xfec45|5|3739087
18061|0xfec45|6|7472956
18061|0x2fec45|7|14984685
18061|0x2fec45|8|29889727
18061|0x2fec45|9|60082832
18061|0x12fec45|10|119405950
18061|0x32fec45|11|238830638
18061|0x72fec45|12|478194225
18061|0x72fec45|13|955968350
18061|0x172fec45|14|1915577777
18061|0x372fec45|15|3827932194
18061|0x372fec45|16|7559648701
18061|0xb72fec45|17|13464777679
18061|0xb72fec45|18|30445874310
18061|0xb72fec45|19|52064799558
18061|0x4b72fec45|20|104652210496
18061|0x4b72fec45|21|209537367071
18061|0x14b72fec45|22|422429625943
18061|0x14b72fec45|23|833359677165
18061|0x14b72fec45|24|1670446000540
18171|0xd433|1|192646
18171|0xd433|2|454605
18171|0x2d433|3|985579
18171|0x6d433|4|1767298
18171|0xed433|5|3761991
18171|0x1ed433|6|7542244
18171|0x1ed433|7|14977786
18171|0x5ed433|8|30259503
18171|0x5ed433|9|60209588
18171|0x15ed433|10|120745300
18171|0x35ed433|11|241564788
18171|0x75ed433|12|482471293
18171|0xf5ed433|13|963694724
18171|0xf5ed433|14|1930629743
18171|0xf5ed433|15|3859575030
18171|0xf5ed433|16|6515900228
18171|0xf5ed433|17|13162031944
18171|0x10f5ed433|18|27729530640
18171|0x30f5ed433|19|53877913798
18171|0x70f5ed433|20|110057584861
18171|0x70f5ed433|21|214177168814
18171|0x70f5ed433|22|420700294150
18171|0x270f5ed433|23|835073064489
18171|0x270f5ed433|24|1667864712687
18269|0x44f5|1|178566
18269|0x144f5|2|455349
18269|0x344f5|3|1001997
18269|0x344f5|4|1875958
18269|0x344f5|5|3577993
18269|0x1344f5|6|7470159
18269|0x3344f5|7|14909744
18269|0x7344f5|8|29878289
18269|0x7344f5|9|59768435
18269|0x7344f5|10|119513107
18269|0x27344f5|11|238716143
18269|0x67344f5|12|477249789
18269|0x67344f5|13|953982683
18269|0x167344f5|14|1908610525
18269|0x367344f5|15|3815418594
18269|0x767344f5|16|6648919439
18269|0x767344f5|17|12688313228
18269|0x1767344f5|18|26710536235
18269|0x3767344f5|19|54485441658
18269|0x7767344f5|20|103279364431
18269|0x7767344f5|21|208641425079
18269|0x17767344f5|22|427988393408
18269|0x37767344f5|23|838188849175
18269|0x37767344f5|24|1661668908024
18387|0xa85b|1|170038
18387|0xa85b|2|401510
18387|0xa85b|3|893961
18387|0x4a85b|4|1933869
18387|0xca85b|5|3510175
18387|0xca85b|6|7661154
18387|0x2ca85b|7|14968794
18387|0x2ca85b|8|29944905
18387|0xaca85b|9|60144160
18387|0x1aca85b|10|120016202
18387|0x1aca85b|11|239843465
18387|0x5aca85b|12|479993238
18387|0x5aca85b|13|959374877
18387|0x15aca85b|14|1918699548
18387|0x15aca85b|15|3395207412
18387|0x55aca85b|16|6871677522
18387|0xd5aca85b|17|14832622784
18387|0x1d5aca85b|18|28012755068
18387|0x3d5aca85b|19|53438451673
18387|0x7d5aca85b|20|104595655807
18387|0xfd5aca85b|21|211402905946
18387|0x1fd5aca85b|22|433791329507
18387|0x1fd5aca85b|23|833049389073
18387|0x1fd5aca85b|24|1672620779272
18859|0x6903|1|194031
18859|0x6903|2|482576
18859|0x6903|3|845982
18859|0x6903|4|1933382
18859|0x86903|5|4060945
18859|0x186903|6|8029593
18859|0x186903|7|16829459
18859|0x586903|8|32158078
18859|0x586903|9|64330242
18859|0x1586903|10|128421450
18859|0x1586903|11|256719859
18859|0x5586903|12|513235403
18859|0xd586903|13|854076018
18859|0xd586903|14|1694363637
18859|0x2d586903|15|4108537735
18859|0x2d586903|16|8224094272
18859|0xad586903|17|13935608640
18859|0xad586903|18|27895927577
18859|0x2ad586903|19|55269138220
18859|0x2ad586903|20|110825040876
18859|0xaad586903|21|218036784269
18859|0x1aad586903|22|437879326715
18859|0x1aad586903|23|880130457429
18859|0x5aad586903|24|1746264552672
18979|0xb58b|1|194432
18979|0x1b58b|2|461139
18979|0x3b58b|3|965522
18979|0x7b58b|4|1977256
18979|0xfb58b|5|3937734
18979|0xfb58b|6|8031174
18979|0x2fb58b|7|16071505
18979|0x2fb58b|8|31984061
18979|0x2fb58b|9|64160398
18979|0x12fb58b|10|128160833
18979|0x12fb58b|11|256669970
18979|0x52fb58b|12|513645728
18979|0x52fb58b|13|1027620179
18979|0x52fb58b|14|1952037916
18979|0x52fb58b|15|3375701722
18979|0x52fb58b|16|6735917963
18979|0x852fb58b|17|13514844913
18979|0x852fb58b|18|27820747694
18979|0x2852fb58b|19|55821645211
18979|0x2852fb58b|20|112404596101
18979|0xa852fb58b|21|216407546892
18979|0x1a852fb58b|22|438315382970
18979|0x3a852fb58b|23|903249424099
18979|0x3a852fb58b|24|1749888889173
19095|0xd527|1|197556
19095|0x1d527|2|406570
19095|0x3d527|3|862872
19095|0x3d527|4|2016843
19095|0x3d527|5|4085142
19095|0x3d527|6|7988751
19095|0x23d527|7|16056465
19095|0x63d527|8|32096162
19095|0xe3d527|9|64105119
19095|0xe3d527|10|128555040
19095|0x2e3d527|11|256813373
19095|0x2e3d527|12|513516501
19095|0x2e3d527|13|1027531444
19095|0x12e3d527|14|2043412777
19095|0x12e3d527|15|3875024953
19095|0x12e3d527|16|6793040836
19095|0x12e3d527|17|13605373932
19095|0x112e3d527|18|29790675755
19095|0x112e3d527|19|56290032168
19095|0x112e3d527|20|111214169681
19095|0x912e3d527|21|215499780566
19095|0x1912e3d527|22|437732525231
19095|0x1912e3d527|23|883599570225
19095|0x5912e3d527|24|1746344749884
19195|0x3033|1|195023
19195|0x3033|2|462978
19195|0x23033|3|970025
19195|0x63033|4|1842997
19195|0x63033|5|4060341
19195|0x63033|6|7985222
19195|0x63033|7|15864706
19195|0x63033|8|32000461
19195|0x63033|9|63878226
19195|0x63033|10|128504140
19195|0x63033|11|257080966
19195|0x63033|12|514176836
19195|0x63033|13|1028365402
19195|0x10063033|14|1867691892
19195|0x10063033|15|4112715361
19195|0x10063033|16|7885585475
19195|0x90063033|17|16421154014
19195|0x190063033|18|29524922345
19195|0x390063033|19|55628636668
19195|0x390063033|20|112211862723
19195|0x390063033|21|215557239099
19195|0x390063033|22|438834348157
19195|0x2390063033|23|879740753771
19195|0x2390063033|24|1748229673707
19317|0xecdd|1|195258
19317|0x1ecdd|2|464018
19317|0x3ecdd|3|990721
19317|0x3ecdd|4|2004838
19317|0x3ecdd|5|3993718
19317|0x13ecdd|6|7986791
19317|0x13ecdd|7|16083358
19317|0x13ecdd|8|32197581
19317|0x93ecdd|9|64154669
19317|0x93ecdd|10|128450187
19317|0x293ecdd|11|257332461
19317|0x693ecdd|12|514567103
19317|0xe93ecdd|13|878923073
19317|0xe93ecdd|14|2023861125
19317|0xe93ecdd|15|3427549220
19317|0xe93ecdd|16|6931455084
19317|0xe93ecdd|17|14620446535
19317|0xe93ecdd|18|29032316759
19317|0xe93ecdd|19|55092290452
19317|0x40e93ecdd|20|112591476152
19317|0x40e93ecdd|21|216290354277
19317|0x40e93ecdd|22|437372621214
19317|0x240e93ecdd|23|889552201859
19317|0x640e93ecdd|24|1745977237507
19413|0x957d|1|172071
19413|0x957d|2|426967
19413|0x957d|3|986819
19413|0x957d|4|2008905
19413|0x8957d|5|3960547
19413|0x18957d|6|8016671
19413|0x18957d|7|16071251
19413|0x58957d|8|32169344
19413|0xd8957d|9|64239898
19413|0xd8957d|10|128841990
19413|0xd8957d|11|257511575
19413|0xd8957d|12|514042001
19413|0x8d8957d|13|1029747689
19413|0x18d8957d|14|2058142885
19413|0x38d8957d|15|4115621120
19413|0x78d8957d|16|7002839602
19413|0x78d8957d|17|13586911245
19413|0x78d8957d|18|30720426657
19413|0x78d8957d|19|57019253733
19413|0x478d8957d|20|110890576442
19413|0x478d8957d|21|224621909319
19413|0x478d8957d|22|439716200502
19413|0x2478d8957d|23|879264846318
19413|0x6478d8957d|24|1746292812785
19921|0x2b31|1|196365
19921|0x12b31|2|468920
19921|0x32b31|3|1004699
19921|0x72b31|4|2031903
19921|0xf2b31|5|3936456
19921|0xf2b31|6|8022492
19921|0x2f2b31|7|16090943
19921|0x2f2b31|8|32163480
19921|0xaf2b31|9|64338282
19921|0x1af2b31|10|128944532
19921|0x1af2b31|11|257853409
19921|0x1af2b31|12|515055993
19921|0x1af2b31|13|1030173665
19921|0x11af2b31|14|2062035869
19921|0x31af2b31|15|3373240532
19921|0x71af2b31|16|8246528441
19921|0xf1af2b31|17|16494578761
19921|0x1f1af2b31|18|31385433514
19921|0x1f1af2b31|19|55739488798
19921|0x1f1af2b31|20|110945869037
19921|0x9f1af2b31|21|215938333291
19921|0x19f1af2b31|22|438589788692
19921|0x39f1af2b31|23|879910202347
19921|0x39f1af2b31|24|1743743166703
20039|0xfb77|1|172545
20039|0xfb77|2|413519
20039|0xfb77|3|976719
20039|0x4fb77|4|2037098
20039|0x4fb77|5|4031104
20039|0x4fb77|6|8008020
20039|0x4fb77|7|16202278
20039|0x4fb77|8|32250164
20039|0x4fb77|9|64433390
20039|0x4fb77|10|128877170
20039|0x204fb77|11|257708104
20039|0x604fb77|12|516040669
20039|0x604fb77|13|1031987300
20039|0x1604fb77|14|1753474130
20039|0x3604fb77|15|3501778528
20039|0x3604fb77|16|6753608324
20039|0xb604fb77|17|13428678246
20039|0xb604fb77|18|28154399409
20039|0xb604fb77|19|55321788167
20039|0xb604fb77|20|110942729521
20039|0x8b604fb77|21|218440150851
20039|0x8b604fb77|22|437832437317
20039|0x28b604fb77|23|877659560801
20039|0x68b604fb77|24|1744977520652
20141|0x4525|1|196788
20141|0x4525|2|470636
20141|0x4525|3|985795
20141|0x4525|4|1922490
20141|0x4525|5|3941431
20141|0x4525|6|7506139
20141|0x4525|7|15298386
20141|0x404525|8|32161807
20141|0xc04525|9|64421752
20141|0x1c04525|10|128684314
20141|0x1c04525|11|257899176
20141|0x5c04525|12|516037822
20141|0xdc04525|13|945301875
20141|0xdc04525|14|1741884162
20141|0x2dc04525|15|3478274256
20141|0x2dc04525|16|7422096597
20141|0xadc04525|17|15139521351
20141|0xadc04525|18|28719894800
20141|0x2adc04525|19|57917452985
20141|0x2adc04525|20|120562992408
20141|0x2adc04525|21|218276934294
20141|0x2adc04525|22|434948557355
20141|0x2adc04525|23|884651153576
20141|0x42adc04525|24|1744993634528
20265|0xbd19|1|197447
20265|0x1bd19|2|471831
20265|0x3bd19|3|990390
20265|0x7bd19|4|1840646
20265|0xfbd19|5|4064069
20265|0xfbd19|6|8035011
20265|0x2fbd19|7|16140120
20265|0x2fbd19|8|32063316
20265|0x2fbd19|9|64283276
20265|0x12fbd19|10|129200098
20265|0x12fbd19|11|258072763
20265|0x52fbd19|12|516125144
20265|0x52fbd19|13|1032031651
20265|0x152fbd19|14|2064368366
20265|0x352fbd19|15|4128738464
20265|0x752fbd19|16|8219909353
20265|0xf52fbd19|17|13787911470
20265|0x1f52fbd19|18|29218195817
20265|0x3f52fbd19|19|55532336211
20265|0x7f52fbd19|20|112714223873
20265|0x7f52fbd19|21|217303167855
20265|0x17f52fbd19|22|434847160221
20265|0x17f52fbd19|23|884808152076
20265|0x17f52fbd19|24|1744003088837
20373|0x83bd|1|197507
20373|0x83bd|2|472499
20373|0x83bd|3|978049
20373|0x483bd|4|1854237
20373|0xc83bd|5|4078047
20373|0x1c83bd|6|8089095
20373|0x1c83bd|7|16132308
20373|0x5c83bd|8|32265955
20373|0xdc83bd|9|64513451
20373|0x1dc83bd|10|128779832
20373|0x3dc83bd|11|258015677
20373|0x7dc83bd|12|516649482
20373|0x7dc83bd|13|1032294872
20373|0x7dc83bd|14|2064796970
20373|0x27dc83bd|15|3757816556
20373|0x67dc83bd|16|6729973959
20373|0xe7dc83bd|17|14174116458
20373|0xe7dc83bd|18|28658569373
20373|0xe7dc83bd|19|55111716221
20373|0x4e7dc83bd|20|110483568083
20373|0xce7dc83bd|21|219589604921
20373|0x1ce7dc83bd|22|439168363228
20373|0x3ce7dc83bd|23|909064254488
20373|0x3ce7dc83bd|24|2690562550125
20891|0xac93|1|242107
20891|0x1ac93|2|476663
20891|0x3ac93|3|989002
20891|0x7ac93|4|1773647
20891|0x7ac93|5|3936849
20891|0x7ac93|6|7560085
20891|0x7ac93|7|15157042
20891|0x47ac93|8|30543311
20891|0x47ac93|9|61377920
20891|0x147ac93|10|122674696
20891|0x147ac93|11|244846709
20891|0x547ac93|12|490388607
20891|0x547ac93|13|980575343
20891|0x547ac93|14|1958456580
20891|0x2547ac93|15|3917512167
20891|0x6547ac93|16|6446488431
20891|0x6547ac93|17|15712819703
20891|0x16547ac93|18|25937316176
20891|0x16547ac93|19|57807400648
20891|0x56547ac93|20|105403043888
20891|0x56547ac93|21|207837150114
20891|0x156547ac93|22|416496779163
20891|0x156547ac93|23|831691103257
20891|0x156547ac93|24|1664285232067
21003|0x29a3|1|171920
21003|0x29a3|2|459705
21003|0x29a3|3|1004186
21003|0x29a3|4|1910418
21003|0x829a3|5|3565283
21003|0x1829a3|6|7501097
21003|0x3829a3|7|15073838
21003|0x7829a3|8|30239793
21003|0xf829a3|9|60523206
21003|0xf829a3|10|120715909
21003|0xf829a3|11|241893233
21003|0xf829a3|12|484425783
21003|0x8f829a3|13|968945459
21003|0x8f829a3|14|1940763289
21003|0x28f829a3|15|3266019459
21003|0x68f829a3|16|6861153017
21003|0x68f829a3|17|12879154867
21003|0x68f829a3|18|25296284781
21003|0x68f829a3|19|52929386446
21003|0x468f829a3|20|104291400120
21003|0x468f829a3|21|209866012651
21003|0x1468f829a3|22|417097682097
21003|0x1468f829a3|23|828339625416
21003|0x1468f829a3|24|2106102817705
21127|0xd337|1|311139
21127|0x1d337|2|768669
21127|0x3d337|3|1583878
21127|0x7d337|4|3219734
21127|0xfd337|5|6417642
21127|0xfd337|6|12955730
21127|0xfd337|7|25953204
21127|0xfd337|8|51940897
21127|0xfd337|9|103963978
21127|0xfd337|10|207929827
21127|0x20fd337|11|415923667
21127|0x20fd337|12|686989730
21127|0xa0fd337|13|1663767480
21127|0xa0fd337|14|3064257832
21127|0x2a0fd337|15|6519276577
21127|0x6a0fd337|16|11181934970
21127|0x6a0fd337|17|21876132553
21127|0x16a0fd337|18|46751396709
21127|0x16a0fd337|19|88448930401
21127|0x16a0fd337|20|176846508463
21127|0x96a0fd337|21|354651509598
21127|0x196a0fd337|22|634302488940
21127|0x396a0fd337|23|864014908084
21127|0x796a0fd337|24|1665422036380
21243|0xe833|1|175884
21243|0xe833|2|421981
21243|0xe833|3|887879
21243|0x4e833|4|1819575
21243|0x4e833|5|3883330
21243|0x14e833|6|7556855
21243|0x34e833|7|15382881
21243|0x74e833|8|30622336
21243|0x74e833|9|61061833
21243|0x174e833|10|122499098
21243|0x174e833|11|245377893
21243|0x174e833|12|465117475
21243|0x174e833|13|980695757
21243|0x174e833|14|1961141758
21243|0x2174e833|15|3901933145
21243|0x6174e833|16|6825352857
21243|0x6174e833|17|15690729228
21243|0x16174e833|18|25801153203
21243|0x36174e833|19|52334572180
21243|0x36174e833|20|104598079576
21243|0xb6174e833|21|207802173211
21243|0xb6174e833|22|415169895134
21243|0x2b6174e833|23|833299848035
21243|0x6b6174e833|24|1665000168657
21355|0x4143|1|177122
21355|0x4143|2|422943
21355|0x4143|3|962768
21355|0x44143|4|2016027
21355|0x44143|5|3598890
21355|0x144143|6|7641001
21355|0x344143|7|15340277
21355|0x344143|8|30252867
21355|0x344143|9|60776909
21355|0x1344143|10|121954701
21355|0x3344143|11|243628522
21355|0x3344143|12|486623547
21355|0xb344143|13|973976167
21355|0xb344143|14|1777849967
21355|0x2b344143|15|3790839814
21355|0x2b344143|16|6885989843
21355|0x2b344143|17|13667463099
21355|0x2b344143|18|28850698238
21355|0x2b344143|19|51565568885
21355|0x42b344143|20|103570420449
21355|0x42b344143|21|205226284310
21355|0x42b344143|22|414273994659
21355|0x42b344143|23|834334474973
21355|0x442b344143|24|1660861072099
21459|0x7c5b|1|175109
21459|0x7c5b|2|423924
21459|0x7c5b|3|933146
21459|0x7c5b|4|2029345
21459|0x87c5b|5|3681890
21459|0x187c5b|6|7506916
21459|0x187c5b|7|15200911
21459|0x187c5b|8|30425154
21459|0x987c5b|9|52416692
21459|0x987c5b|10|121162177
21459|0x2987c5b|11|242547034
21459|0x6987c5b|12|484673486
21459|0x6987c5b|13|970799178
21459|0x6987c5b|14|1940031343
21459|0x26987c5b|15|3881499675
21459|0x66987c5b|16|6308159577
21459|0x66987c5b|17|12685161423
21459|0x66987c5b|18|26867668072
21459|0x66987c5b|19|52870091782
21459|0x66987c5b|20|102896393819
21459|0x866987c5b|21|206997922787
21459|0x1866987c5b|22|415802610418
21459|0x3866987c5b|23|833120022654
21459|0x7866987c5b|24|1665781564433
21929|0x1e99|1|201603
21929|0x11e99|2|434003
21929|0x31e99|3|866831
21929|0x31e99|4|1756830
21929|0xb1e99|5|3919336
21929|0xb1e99|6|7585027
21929|0xb1e99|7|15524284
21929|0xb1e99|8|30798790
21929|0x8b1e99|9|61776987
21929|0x18b1e99|10|123526437
21929|0x38b1e99|11|247881461
21929|0x38b1e99|12|494860159
21929|0xb8b1e99|13|988117180
21929|0x1b8b1e99|14|1951309122
21929|0x3b8b1e99|15|3625505303
21929|0x3b8b1e99|16|6784753247
21929|0xbb8b1e99|17|13123313881
21929|0x1bb8b1e99|18|25930191611
21929|0x3bb8b1e99|19|51683463645
21929|0x7bb8b1e99|20|103692485225
21929|0x7bb8b1e99|21|207825697133
21929|0x7bb8b1e99|22|415416409522
21929|0x27bb8b1e99|23|833985426089
21929|0x27bb8b1e99|24|1661684462638
22037|0xc93d|1|177654
22037|0x1c93d|2|372351
22037|0x1c93d|3|870219
22037|0x1c93d|4|1966634
22037|0x1c93d|5|3708017
22037|0x1c93d|6|7634723
22037|0x1c93d|7|15385477
22037|0x41c93d|8|30685217
22037|0x41c93d|9|61315862
22037|0x141c93d|10|122779267
22037|0x141c93d|11|245950021
22037|0x541c93d|12|414645384
22037|0xd41c93d|13|983568074
22037|0x1d41c93d|14|1966521381
22037|0x1d41c93d|15|3930305976
22037|0x1d41c93d|16|7810219602
22037|0x9d41c93d|17|14798802180
22037|0x19d41c93d|18|28258686833
22037|0x39d41c93d|19|51989085096
22037|0x39d41c93d|20|143174526510
22037|0x39d41c93d|21|353429854918
22037|0x39d41c93d|22|706128138604
22037|0x239d41c93d|23|1307930814637
22037|0x639d41c93d|24|1662250966393
22171|0x9f93|1|176898
22171|0x9f93|2|375695
22171|0x9f93|3|850368
22171|0x49f93|4|1888241
22171|0xc9f93|5|3804689
22171|0xc9f93|6|7582364
22171|0xc9f93|7|15481545
22171|0x4c9f93|8|30651244
22171|0x4c9f93|9|61018435
22171|0x4c9f93|10|121951905
22171|0x4c9f93|11|244195437
22171|0x44c9f93|12|490094256
22171|0xc4c9f93|13|979079689
22171|0x1c4c9f93|14|1956227143
22171|0x3c4c9f93|15|3363259568
22171|0x7c4c9f93|16|7833825405
22171|0x7c4c9f93|17|13168683390
22171|0x17c4c9f93|18|25962261033
22171|0x17c4c9f93|19|52335560382
22171|0x17c4c9f93|20|103822979794
22171|0x97c4c9f93|21|268212292975
22171|0x97c4c9f93|22|707274623846
22171|0x97c4c9f93|23|1412412015191
22171|0x97c4c9f93|24|2842224923778
22347|0xfa63|1|313467
22347|0x1fa63|2|671749
22347|0x1fa63|3|1523259
22347|0x5fa63|4|3214937
22347|0xdfa63|5|6540617
22347|0x1dfa63|6|13043365
22347|0x3dfa63|7|26058837
22347|0x7dfa63|8|52183408
22347|0x7dfa63|9|104353696
22347|0x17dfa63|10|208760410
22347|0x17dfa63|11|417579768
22347|0x17dfa63|12|835339262
22347|0x17dfa63|13|1413443210
22347|0x17dfa63|14|3257207340
22347|0x17dfa63|15|5588083254
22347|0x417dfa63|16|10831622514
22347|0x417dfa63|17|21599023872
22347|0x1417dfa63|18|43873416809
22347|0x1417dfa63|19|88208232974
22347|0x1417dfa63|20|178579146533
22347|0x1417dfa63|21|356269202119
22347|0x1417dfa63|22|709979498857
22347|0x21417dfa63|23|1412337387256
22347|0x21417dfa63|24|2823272312573
22521|0xba49|1|314751
22521|0xba49|2|702101
22521|0xba49|3|1529214
22521|0x4ba49|4|3196556
22521|0xcba49|5|6490660
22521|0x1cba49|6|13014985
22521|0x1cba49|7|26120646
22521|0x5cba49|8|52248204
22521|0xdcba49|9|106866521
22521|0xdcba49|10|174850649
22521|0x2dcba49|11|444037574
22521|0x6dcba49|12|695387771
22521|0x6dcba49|13|1394183920
22521|0x16dcba49|14|3001907442
22521|0x16dcba49|15|5838102732
22521|0x56dcba49|16|11106263533
22521|0xd6dcba49|17|22376449543
22521|0xd6dcba49|18|45424887244
22521|0x2d6dcba49|19|88932298887
22521|0x2d6dcba49|20|176461526946
22521|0xad6dcba49|21|356285432960
22521|0x1ad6dcba49|22|709415828771
22521|0x3ad6dcba49|23|1417351087815
22521|0x7ad6dcba49|24|2833864057214
23067|0xf013|1|316797
23067|0xf013|2|1106700
23067|0xf013|3|1542173
23067|0xf013|4|3222491
23067|0xf013|5|6465861
23067|0xf013|6|13031535
23067|0xf013|7|26114956
23067|0xf013|8|46584580
23067|0x80f013|9|97955454
23067|0x80f013|10|200403645
23067|0x280f013|11|418699736
23067|0x280f013|12|763126476
23067|0xa80f013|13|1669736367
23067|0x1a80f013|14|3071271912
23067|0x3a80f013|15|5730927283
23067|0x3a80f013|16|11357152114
23067|0xba80f013|17|21992245349
23067|0x1ba80f013|18|44857202752
23067|0x1ba80f013|19|88044888563
23067|0x1ba80f013|20|177753010975
23067|0x1ba80f013|21|352745766489
23067|0x1ba80f013|22|705484766329
23067|0x1ba80f013|23|1410204447409
23067|0x41ba80f013|24|2819309288560
23259|0x1153|1|313227
23259|0x1153|2|680010
23259|0x21153|3|1546230
23259|0x61153|4|3240222
23259|0xe1153|5|6506645
23259|0xe1153|6|13078226
23259|0x2e1153|7|26165862
23259|0x2e1153|8|52369508
23259|0xae1153|9|104642343
23259|0x1ae1153|10|177738525
23259|0x3ae1153|11|390703635
23259|0x3ae1153|12|781426763
23259|0xbae1153|13|1561138796
23259|0x1bae1153|14|3053765262
23259|0x3bae1153|15|6185437517
23259|0x7bae1153|16|11190174425
23259|0x7bae1153|17|21749331696
23259|0x17bae1153|18|44936815424
23259|0x17bae1153|19|88666417217
23259|0x17bae1153|20|176302170160
23259|0x17bae1153|21|352844118086
23259|0x17bae1153|22|705971391521
23259|0x17bae1153|23|1412068064704
23259|0x417bae1153|24|2817987867870
23427|0xb2b|1|359917
23427|0xb2b|2|681296
23427|0x20b2b|3|1552524
23427|0x60b2b|4|3248433
23427|0x60b2b|5|6569754
23427|0x160b2b|6|13065125
23427|0x160b2b|7|26242159
23427|0x560b2b|8|52460610
23427|0x560b2b|9|104764181
23427|0x560b2b|10|209565859
23427|0x2560b2b|11|419216655
23427|0x2560b2b|12|838357407
23427|0xa560b2b|13|1436094622
23427|0xa560b2b|14|2998183317
23427|0x2a560b2b|15|5706636153
23427|0x6a560b2b|16|11106622533
23427|0x6a560b2b|17|21664494919
23427|0x16a560b2b|18|44370722769
23427|0x36a560b2b|19|88479086486
23427|0x76a560b2b|20|177134648676
23427|0xf6a560b2b|21|352748305822
23427|0x1f6a560b2b|22|705125718488
23427|0x3f6a560b2b|23|1408107601963
23427|0x7f6a560b2b|24|2815713812611
23995|0xdf73|1|315604
23995|0xdf73|2|686942
23995|0xdf73|3|1566077
23995|0xdf73|4|3183364
23995|0xdf73|5|6529635
23995|0x10df73|6|13126443
23995|0x10df73|7|26236307
23995|0x10df73|8|52434124
23995|0x90df73|9|104925690
23995|0x190df73|10|210013342
23995|0x390df73|11|355600139
23995|0x790df73|12|763018083
23995|0xf90df73|13|1526328889
23995|0xf90df73|14|3058573812
23995|0xf90df73|15|6104423263
23995|0xf90df73|16|11144835063
23995|0xf90df73|17|21798864174
23995|0x10f90df73|18|44413362787
23995|0x30f90df73|19|92910130382
23995|0x70f90df73|20|177818303876
23995|0x70f90df73|21|352709475896
23995|0x170f90df73|22|703750749409
23995|0x170f90df73|23|1410557824920
23995|0x170f90df73|24|2813762147101
24183|0xdb47|1|320269
24183|0xdb47|2|688034
24183|0x2db47|3|1569592
24183|0x2db47|4|3185279
24183|0xadb47|5|6510732
24183|0x1adb47|6|13107316
24183|0x1adb47|7|26199208
24183|0x1adb47|8|52524699
24183|0x1adb47|9|105006797
24183|0x11adb47|10|210160762
24183|0x11adb47|11|420246832
24183|0x11adb47|12|717159254
24183|0x11adb47|13|1681143737
24183|0x11adb47|14|3067931644
24183|0x211adb47|15|6127136789
24183|0x611adb47|16|10879717718
24183|0x611adb47|17|21616841669
24183|0x1611adb47|18|44582725716
24183|0x1611adb47|19|88229028447
24183|0x5611adb47|20|177506834850
24183|0xd611adb47|21|353012037827
24183|0xd611adb47|22|704059123718
24183|0x2d611adb47|23|1409241148617
24183|0x6d611adb47|24|2821008896550
24351|0x5cdf|1|320526
24351|0x5cdf|2|690220
24351|0x25cdf|3|1621781
24351|0x25cdf|4|3220734
24351|0x25cdf|5|6523838
24351|0x25cdf|6|13212403
24351|0x25cdf|7|26352645
24351|0x425cdf|8|52586473
24351|0xc25cdf|9|105076068
24351|0xc25cdf|10|210181975
24351|0xc25cdf|11|420599177
24351|0xc25cdf|12|841147170
24351|0x8c25cdf|13|1583011989
24351|0x18c25cdf|14|3365363060
24351|0x38c25cdf|15|5626614844
24351|0x38c25cdf|16|10874530969
24351|0x38c25cdf|17|22192074878
24351|0x138c25cdf|18|43581858826
24351|0x338c25cdf|19|89923601387
24351|0x738c25cdf|20|177594361072
24351|0x738c25cdf|21|352077693409
24351|0x1738c25cdf|22|703780200954
24351|0x3738c25cdf|23|1406353116560
24351|0x7738c25cdf|24|2810370633634
24545|0x2421|1|335444
24545|0x2421|2|690800
24545|0x2421|3|1579243
24545|0x2421|4|3208303
24545|0x82421|5|6549775
24545|0x182421|6|13063992
24545|0x382421|7|26263582
24545|0x782421|8|52539601
24545|0x782421|9|105111964
24545|0x1782421|10|210391550
24545|0x1782421|11|420928808
24545|0x1782421|12|849713746
24545|0x1782421|13|1459780859
24545|0x1782421|14|2851882456
24545|0x21782421|15|6735725061
24545|0x21782421|16|11427279801
24545|0x21782421|17|21579292150
24545|0x121782421|18|44880076626
24545|0x321782421|19|90877668453
24545|0x721782421|20|176211991056
24545|0x721782421|21|351720177756
24545|0x1721782421|22|703428557432
24545|0x1721782421|23|1406686052028
24545|0x5721782421|24|2812154502590
25093|0x1acd|1|345196
25093|0x11acd|2|695921
25093|0x11acd|3|1594294
25093|0x11acd|4|3237423
25093|0x91acd|5|6479831
25093|0x191acd|6|13101333
25093|0x191acd|7|26276775
25093|0x591acd|8|52679169
25093|0x591acd|9|105347476
25093|0x591acd|10|210692742
25093|0x2591acd|11|421558169
25093|0x2591acd|12|868398314
25093|0xa591acd|13|1512037760
25093|0x1a591acd|14|3372745291
25093|0x3a591acd|15|6108049870
25093|0x7a591acd|16|11389496768
25093|0xfa591acd|17|22088447695
25093|0x1fa591acd|18|44540106760
25093|0x1fa591acd|19|88158998781
25093|0x1fa591acd|20|175426463577
25093|0x1fa591acd|21|351357405908
25093|0x1fa591acd|22|701850946174
25093|0x21fa591acd|23|1404281476459
25093|0x21fa591acd|24|2808028914440
25263|0x344f|1|323399
25263|0x344f|2|697214
25263|0x2344f|3|1627922
25263|0x2344f|4|3219658
25263|0xa344f|5|6510169
25263|0xa344f|6|13116369
25263|0xa344f|7|26376314
25263|0xa344f|8|47737781
25263|0xa344f|9|105399022
25263|0x10a344f|10|210870701
25263|0x30a344f|11|422310575
25263|0x70a344f|12|845543488
25263|0xf0a344f|13|1505599654
25263|0x1f0a344f|14|2704621729
25263|0x3f0a344f|15|6104037926
25263|0x3f0a344f|16|11043124425
25263|0x3f0a344f|17|21714568182
25263|0x13f0a344f|18|43360741558
25263|0x13f0a344f|19|87408901368
25263|0x53f0a344f|20|175733524487
25263|0xd3f0a344f|21|352158698450
25263|0x1d3f0a344f|22|702849570273
25263|0x3d3f0a344f|23|1405308942733
25263|0x3d3f0a344f|24|2805018130113
25459|0x79bb|1|324006
25459|0x79bb|2|699867
25459|0x279bb|3|1603241
25459|0x279bb|4|3247191
25459|0x279bb|5|6525974
25459|0x1279bb|6|13154357
25459|0x3279bb|7|26342607
25459|0x7279bb|8|52681104
25459|0xf279bb|9|105475829
25459|0xf279bb|10|210933433
25459|0x2f279bb|11|421989883
25459|0x2f279bb|12|844149978
25459|0xaf279bb|13|1384833352
25459|0x1af279bb|14|3376629646
25459|0x3af279bb|15|6351036653
25459|0x7af279bb|16|10818310170
25459|0x7af279bb|17|22121736903
25459|0x17af279bb|18|43711026723
25459|0x37af279bb|19|89741990569
25459|0x77af279bb|20|175531857608
25459|0xf7af279bb|21|350914425069
25459|0xf7af279bb|22|701872993168
25459|0xf7af279bb|23|1402285542131
25459|0xf7af279bb|24|2804277970192
25987|0xd12b|1|324977
25987|0x1d12b|2|703114
25987|0x1d12b|3|1617890
25987|0x5d12b|4|3278238
25987|0x5d12b|5|6588146
25987|0x5d12b|6|13164158
25987|0x5d12b|7|26373601
25987|0x5d12b|8|52839381
25987|0x85d12b|9|105593771
25987|0x85d12b|10|177593389
25987|0x85d12b|11|422795858
25987|0x85d12b|12|845695673
25987|0x85d12b|13|1376438687
25987|0x1085d12b|14|2792280901
25987|0x1085d12b|15|5393149601
25987|0x5085d12b|16|10807984817
25987|0x5085d12b|17|22094176360
25987|0x5085d12b|18|43150835299
25987|0x25085d12b|19|87413082817
25987|0x65085d12b|20|175098049357
25987|0x65085d12b|21|350482866293
25987|0x65085d12b|22|701279897080
25987|0x65085d12b|23|1401263114810
25987|0x65085d12b|24|2803325324479
26175|0x89bf|1|325543
26175|0x89bf|2|704679
26175|0x89bf|3|1664019
26175|0x489bf|4|3312807
26175|0x489bf|5|6605131
26175|0x489bf|6|13272332
26175|0x489bf|7|26527541
26175|0x489bf|8|52903768
26175|0x489bf|9|105720757
26175|0x489bf|10|211431736
26175|0x489bf|11|422973741
26175|0x489bf|12|846062596
26175|0x489bf|13|1537261720
26175|0x100489bf|14|2703022197
26175|0x100489bf|15|6770185111
26175|0x500489bf|16|11856651210
26175|0xd00489bf|17|22538234363
26175|0x1d00489bf|18|44208178919
26175|0x1d00489bf|19|87460697152
26175|0x5d00489bf|20|175517387018
26175|0x5d00489bf|21|350743464657
26175|0x15d00489bf|22|699947239083
26175|0x15d00489bf|23|1399997636925
26175|0x55d00489bf|24|2798561361292
26347|0x11c3|1|326137
26347|0x11c3|2|740452
26347|0x11c3|3|1512683
26347|0x411c3|4|3184963
26347|0x411c3|5|6484615
26347|0x1411c3|6|13135988
26347|0x1411c3|7|26377023
26347|0x1411c3|8|52936107
26347|0x9411c3|9|105758464
26347|0x19411c3|10|211549971
26347|0x39411c3|11|423229649
26347|0x39411c3|12|846578613
26347|0xb9411c3|13|1693419223
26347|0xb9411c3|14|3056148021
26347|0x2b9411c3|15|6082110377
26347|0x2b9411c3|16|11318530375
26347|0x2b9411c3|17|25594939283
26347|0x12b9411c3|18|43461030997
26347|0x12b9411c3|19|87233153445
26347|0x12b9411c3|20|174630600443
26347|0x12b9411c3|21|351256379868
26347|0x112b9411c3|22|701001341312
26347|0x312b9411c3|23|1399007135649
26347|0x312b9411c3|24|2782011203458
26527|0xf45f|1|323318
26527|0xf45f|2|708086
26527|0x2f45f|3|1550547
26527|0x2f45f|4|3176386
26527|0xaf45f|5|7442065
26527|0xaf45f|6|13717589
26527|0x2af45f|7|26453787
26527|0x2af45f|8|52979150
26527|0x2af45f|9|105846867
26527|0x12af45f|10|211702646
26527|0x32af45f|11|373073337
26527|0x32af45f|12|750389126
26527|0x32af45f|13|1371248173
26527|0x32af45f|14|3389054913
26527|0x32af45f|15|6783701181
26527|0x432af45f|16|10959531133
26527|0x432af45f|17|22088505650
26527|0x432af45f|18|43200479072
26527|0x432af45f|19|87832541033
26527|0x432af45f|20|177500640158
26527|0x432af45f|21|359646741447
26527|0x10432af45f|22|699375263631
26527|0x30432af45f|23|1399010664356
26527|0x30432af45f|24|2803858096158
27063|0xc407|1|328780
27063|0x1c407|2|712708
27063|0x3c407|3|1551338
27063|0x3c407|4|3218723
27063|0xbc407|5|6557480
27063|0x1bc407|6|13188313
27063|0x1bc407|7|26479729
27063|0x5bc407|8|52976787
27063|0x5bc407|9|105948892
27063|0x15bc407|10|212324052
27063|0x15bc407|11|380207851
27063|0x55bc407|12|819650218
27063|0xd5bc407|13|1377560142
27063|0x1d5bc407|14|2747228629
27063|0x3d5bc407|15|5865630538
27063|0x3d5bc407|16|10849848804
27063|0xbd5bc407|17|21667342373
27063|0xbd5bc407|18|44617820769
27063|0x2bd5bc407|19|88957483465
27063|0x2bd5bc407|20|174815811864
27063|0x2bd5bc407|21|349520557787
27063|0x2bd5bc407|22|701202582380
27063|0x22bd5bc407|23|1397278451734
27063|0x22bd5bc407|24|2799485708730
27239|0x1157|1|328475
27239|0x11157|2|713912
27239|0x11157|3|1533407
27239|0x51157|4|3231359
27239|0xd1157|5|6599995
27239|0x1d1157|6|13220186
27239|0x3d1157|7|26434825
27239|0x7d1157|8|53028891
27239|0xfd1157|9|106107547
27239|0x1fd1157|10|212400172
27239|0x3fd1157|11|424617619
27239|0x7fd1157|12|849288977
27239|0x7fd1157|13|1512510245
27239|0x7fd1157|14|2948853259
27239|0x7fd1157|15|5516431486
27239|0x7fd1157|16|10821190167
27239|0x7fd1157|17|22100211173
27239|0x7fd1157|18|43295570908
27239|0x207fd1157|19|95834234446
27239|0x207fd1157|20|174938704734
27239|0x207fd1157|21|357903298222
27239|0x207fd1157|22|698120217938
27239|0x2207fd1157|23|1396881772650
27239|0x2207fd1157|24|2809723972571
27417|0xc129|1|329121
27417|0x1c129|2|732745
27417|0x1c129|3|1537074
27417|0x1c129|4|3242724
27417|0x9c129|5|6603215
27417|0x19c129|6|13243724
27417|0x19c129|7|26472903
27417|0x59c129|8|53065503
27417|0xd9c129|9|106148505
27417|0x1d9c129|10|212450709
27417|0x3d9c129|11|425043999
27417|0x7d9c129|12|850287999
27417|0xfd9c129|13|1374566418
27417|0x1fd9c129|14|2792192095
27417|0x3fd9c129|15|5584599449
27417|0x7fd9c129|16|12420117178
27417|0xffd9c129|17|22221580613
27417|0x1ffd9c129|18|44957523440
27417|0x3ffd9c129|19|88617056201
27417|0x7ffd9c129|20|175694681501
27417|0xfffd9c129|21|349996610442
27417|0xfffd9c129|22|700152936273
27417|0xfffd9c129|23|1399961459086
27417|0xfffd9c129|24|2804340706045
27601|0xcd31|1|325424
27601|0x1cd31|2|716550
27601|0x1cd31|3|1541392
27601|0x5cd31|4|3249713
27601|0x5cd31|5|6522457
27601|0x5cd31|6|13157972
27601|0x5cd31|7|26493225
27601|0x5cd31|8|53104344
27601|0x85cd31|9|106246545
27601|0x85cd31|10|212628515
27601|0x285cd31|11|425342615
27601|0x685cd31|12|850925997
27601|0x685cd31|13|1513074040
27601|0x685cd31|14|2820179653
27601|0x685cd31|15|5692139107
27601|0x4685cd31|16|10842764994
27601|0xc685cd31|17|21891032279
27601|0xc685cd31|18|44183545958
27601|0xc685cd31|19|86801262319
27601|0x4c685cd31|20|175030782524
27601|0x4c685cd31|21|349729854417
27601|0x4c685cd31|22|699511333787
27601|0x24c685cd31|23|1395863454099
27601|0x24c685cd31|24|2799564732511
28159|0x91ff|1|330755
28159|0x191ff|2|722012
28159|0x391ff|3|1578819
28159|0x391ff|4|3255028
28159|0xb91ff|5|6599757
28159|0x1b91ff|6|13262913
28159|0x3b91ff|7|26575278
28159|0x3b91ff|8|53163432
28159|0xbb91ff|9|106432022
28159|0xbb91ff|10|212997436
28159|0xbb91ff|11|426149442
28159|0xbb91ff|12|852491903
28159|0x8bb91ff|13|1453129846
28159|0x18bb91ff|14|3090583535
28159|0x18bb91ff|15|6077231903
28159|0x18bb91ff|16|10833061816
28159|0x98bb91ff|17|21582555821
28159|0x98bb91ff|18|44826199687
28159|0x98bb91ff|19|86361486761
28159|0x98bb91ff|20|175663577123
28159|0x98bb91ff|21|349586734482
28159|0x98bb91ff|22|699566240354
28159|0x2098bb91ff|23|1407697421685
28159|0x2098bb91ff|24|2811187477713
28339|0xf07b|1|328869
28339|0x1f07b|2|749491
28339|0x1f07b|3|1552279
28339|0x1f07b|4|3284033
28339|0x1f07b|5|6597179
28339|0x11f07b|6|13305736
28339|0x31f07b|7|26686036
28339|0x71f07b|8|53283149
28339|0x71f07b|9|106601177
28339|0x171f07b|10|191393172
28339|0x171f07b|11|426425620
28339|0x171f07b|12|715180254
28339|0x971f07b|13|1706209113
28339|0x1971f07b|14|3074051324
28339|0x1971f07b|15|6835764702
28339|0x5971f07b|16|11382717822
28339|0xd971f07b|17|21581594514
28339|0x1d971f07b|18|43984333096
28339|0x3d971f07b|19|87545143502
28339|0x3d971f07b|20|174437985324
28339|0x3d971f07b|21|353438090566
28339|0x3d971f07b|22|696919214209
28339|0x23d971f07b|23|1393725474447
28339|0x23d971f07b|24|2801072213769
28529|0x7191|1|332533
28529|0x7191|2|724927
28529|0x7191|3|1556978
28529|0x7191|4|3306505
28529|0x7191|5|6623511
28529|0x107191|6|13226088
28529|0x107191|7|26612335
28529|0x107191|8|53349414
28529|0x907191|9|106654898
28529|0x1907191|10|213330067
28529|0x3907191|11|426724069
28529|0x7907191|12|845289726
28529|0xf907191|13|1445248398
28529|0xf907191|14|2718449990
28529|0xf907191|15|5689279156
28529|0xf907191|16|11022416039
28529|0x8f907191|17|26494302725
28529|0x18f907191|18|45602811662
28529|0x18f907191|19|87759607251
28529|0x18f907191|20|178396900897
28529|0x18f907191|21|347668129473
28529|0x118f907191|22|697078774123
28529|0x118f907191|23|1392980811812
28529|0x118f907191|24|2788065134694
29067|0xae23|1|334317
29067|0xae23|2|730039
29067|0xae23|3|1571618
29067|0x4ae23|4|3319973
29067|0xcae23|5|6659769
29067|0xcae23|6|13344424
29067|0xcae23|7|26717370
29067|0x4cae23|8|53406642
29067|0xccae23|9|106778346
29067|0xccae23|10|213759806
29067|0xccae23|11|427596330
29067|0xccae23|12|716868262
29067|0x8ccae23|13|1710058672
29067|0x8ccae23|14|2922186551
29067|0x28ccae23|15|5559725348
29067|0x28ccae23|16|10863309180
29067|0xa8ccae23|17|21792953431
29067|0xa8ccae23|18|43989695514
29067|0x2a8ccae23|19|88413499954
29067|0x6a8ccae23|20|174338668167
29067|0x6a8ccae23|21|350153664112
29067|0x6a8ccae23|22|697525957694
29067|0x26a8ccae23|23|1394091719146
29067|0x26a8ccae23|24|2791925639935
29247|0x7dbf|1|334367
29247|0x7dbf|2|727750
29247|0x27dbf|3|1606894
29247|0x67dbf|4|3234455
29247|0xe7dbf|5|6534263
29247|0x1e7dbf|6|13246253
29247|0x1e7dbf|7|26624350
29247|0x1e7dbf|8|53446054
29247|0x9e7dbf|9|106813856
29247|0x19e7dbf|10|171459401
29247|0x39e7dbf|11|427732429
29247|0x39e7dbf|12|855678189
29247|0xb9e7dbf|13|1671428740
29247|0x1b9e7dbf|14|2748072944
29247|0x3b9e7dbf|15|5557714160
29247|0x7b9e7dbf|16|10928467615
29247|0x7b9e7dbf|17|21777353764
29247|0x17b9e7dbf|18|43753614634
29247|0x37b9e7dbf|19|87260732064
29247|0x37b9e7dbf|20|175503260704
29247|0xb7b9e7dbf|21|348123162256
29247|0xb7b9e7dbf|22|695733144579
29247|0x2b7b9e7dbf|23|1391795160609
29247|0x6b7b9e7dbf|24|2790713234624
29433|0xaf49|1|335290
29433|0x1af49|2|732923
29433|0x3af49|3|1580779
29433|0x7af49|4|3219886
29433|0xfaf49|5|6631417
29433|0x1faf49|6|13320934
29433|0x3faf49|7|26698163
29433|0x3faf49|8|53438363
29433|0x3faf49|9|106989266
29433|0x3faf49|10|213996163
29433|0x23faf49|11|338985159
29433|0x63faf49|12|878753844
29433|0x63faf49|13|1712353192
29433|0x163faf49|14|2855054733
29433|0x163faf49|15|5403454428
29433|0x163faf49|16|10942614410
29433|0x163faf49|17|21633816443
29433|0x163faf49|18|43285206547
29433|0x2163faf49|19|88524818200
29433|0x2163faf49|20|175607844095
29433|0x2163faf49|21|347167412856
29433|0x12163faf49|22|697305919783
29433|0x12163faf49|23|1391771430034
29433|0x12163faf49|24|2791726962296
29603|0x580b|1|331838
29603|0x1580b|2|734782
29603|0x1580b|3|1603304
29603|0x1580b|4|3214227
29603|0x9580b|5|6568342
29603|0x9580b|6|13317098
29603|0x9580b|7|26676551
29603|0x9580b|8|53459815
29603|0x89580b|9|106977272
29603|0x89580b|10|214062326
29603|0x289580b|11|428272423
29603|0x289580b|12|744027354
29603|0x289580b|13|1713180062
29603|0x1289580b|14|2712780077
29603|0x1289580b|15|5574660440
29603|0x1289580b|16|10981611972
29603|0x9289580b|17|21560411308
29603|0x19289580b|18|43453295734
29603|0x19289580b|19|88505464466
29603|0x59289580b|20|173711595189
29603|0x59289580b|21|347467394114
29603|0x59289580b|22|696302287563
29603|0x259289580b|23|1390978507401
29603|0x659289580b|24|2786396237312
30149|0x410d|1|336650
30149|0x1410d|2|760109
30149|0x3410d|3|1595110
30149|0x7410d|4|3237240
30149|0x7410d|5|6635727
30149|0x17410d|6|13303145
30149|0x37410d|7|26767370
30149|0x77410d|8|53612507
30149|0xf7410d|9|107209779
30149|0x1f7410d|10|180073091
30149|0x1f7410d|11|350317717
30149|0x5f7410d|12|858054858
30149|0xdf7410d|13|1600860856
30149|0xdf7410d|14|2847544255
30149|0xdf7410d|15|5504843386
30149|0x4df7410d|16|11325158118
30149|0x4df7410d|17|22907755012
30149|0x4df7410d|18|43497596940
30149|0x24df7410d|19|87291954465
30149|0x24df7410d|20|174494793975
30149|0xa4df7410d|21|347217753329
30149|0x1a4df7410d|22|694659526791
30149|0x3a4df7410d|23|1388089015129
30149|0x3a4df7410d|24|2779823209683
30327|0x4347|1|337805
30327|0x4347|2|741241
30327|0x24347|3|1623945
30327|0x24347|4|3227840
30327|0x24347|5|6658543
30327|0x124347|6|13327241
30327|0x124347|7|26806151
30327|0x124347|8|53624504
30327|0x924347|9|107201712
30327|0x1924347|10|214640054
30327|0x3924347|11|429311454
30327|0x7924347|12|858608131
30327|0x7924347|13|1717632880
30327|0x17924347|14|2847960310
30327|0x37924347|15|6080314775
30327|0x77924347|16|11295851170
30327|0x77924347|17|21600290946
30327|0x177924347|18|43947521525
30327|0x177924347|19|87626512411
30327|0x577924347|20|173486188791
30327|0xd77924347|21|347837995061
30327|0xd77924347|22|694513563524
30327|0x2d77924347|23|1389398255213
30327|0x6d77924347|24|2788481492498
30509|0xf0a5|1|338131
30509|0x1f0a5|2|743535
30509|0x1f0a5|3|1602064
30509|0x5f0a5|4|3268387
30509|0xdf0a5|5|6674140
30509|0x1df0a5|6|13341840
30509|0x3df0a5|7|26740974
30509|0x7df0a5|8|53628067
30509|0x7df0a5|9|107236390
30509|0x17df0a5|10|214773231
30509|0x37df0a5|11|429363570
30509|0x37df0a5|12|858873185
30509|0xb7df0a5|13|1718000337
30509|0x1b7df0a5|14|2987132927
30509|0x3b7df0a5|15|5473193835
30509|0x3b7df0a5|16|13744246788
30509|0x3b7df0a5|17|27490847737
30509|0x3b7df0a5|18|48840569985
30509|0x23b7df0a5|19|87274353334
30509|0x63b7df0a5|20|173407993815
30509|0x63b7df0a5|21|347908225087
30509|0x63b7df0a5|22|697609928788
30509|0x63b7df0a5|23|1388468963282
30509|0x463b7df0a5|24|2780820899529
30683|0xac53|1|338479
30683|0xac53|2|743954
30683|0x2ac53|3|1633246
30683|0x6ac53|4|3240241
30683|0x6ac53|5|6697416
30683|0x16ac53|6|13382792
30683|0x16ac53|7|26832630
30683|0x16ac53|8|53601695
30683|0x96ac53|9|107333475
30683|0x196ac53|10|214768264
30683|0x396ac53|11|429650809
30683|0x796ac53|12|859509404
30683|0xf96ac53|13|1719044415
30683|0xf96ac53|14|2966902352
30683|0x2f96ac53|15|5954913938
30683|0x6f96ac53|16|11009366482
30683|0xef96ac53|17|24715084192
30683|0xef96ac53|18|43485777744
30683|0xef96ac53|19|87515738807
30683|0x4ef96ac53|20|173622776970
30683|0xcef96ac53|21|348442530470
30683|0x1cef96ac53|22|693052581701
30683|0x3cef96ac53|23|1391078150744
30683|0x3cef96ac53|24|2782031818469
31221|0xaa5d|1|336976
31221|0x1aa5d|2|745702
31221|0x3aa5d|3|1643988
31221|0x3aa5d|4|3316352
31221|0xbaa5d|5|6614327
31221|0x1baa5d|6|13448943
31221|0x1baa5d|7|26947832
31221|0x1baa5d|8|53773606
31221|0x1baa5d|9|107537107
31221|0x1baa5d|10|173136379
31221|0x21baa5d|11|430550808
31221|0x21baa5d|12|849703272
31221|0xa1baa5d|13|1362493742
31221|0xa1baa5d|14|2920285365
31221|0xa1baa5d|15|5431418393
31221|0x4a1baa5d|16|10832755005
31221|0x4a1baa5d|17|21624473080
31221|0x4a1baa5d|18|43337717574
31221|0x24a1baa5d|19|86473159371
31221|0x24a1baa5d|20|173291673349
31221|0xa4a1baa5d|21|347119534513
31221|0xa4a1baa5d|22|693031778895
31221|0x2a4a1baa5d|23|1385801014360
31221|0x2a4a1baa5d|24|2775098382104
31403|0xb003|1|339944
31403|0x1b003|2|775302
31403|0x3b003|3|1620738
31403|0x3b003|4|3301303
31403|0xbb003|5|6606926
31403|0x1bb003|6|13407638
31403|0x3bb003|7|26808797
31403|0x7bb003|8|53789280
31403|0xfbb003|9|107686199
31403|0xfbb003|10|215406305
31403|0x2fbb003|11|430848313
31403|0x2fbb003|12|861780394
31403|0x2fbb003|13|1602765207
31403|0x12fbb003|14|2741002820
31403|0x32fbb003|15|6903696112
31403|0x32fbb003|16|11006933028
31403|0x32fbb003|17|23104850060
31403|0x32fbb003|18|43170263611
31403|0x232fbb003|19|86298485742
31403|0x632fbb003|20|173205774307
31403|0x632fbb003|21|347205716330
31403|0x1632fbb003|22|692555940236
31403|0x3632fbb003|23|1388480427014
31403|0x3632fbb003|24|2773789842923
31585|0x68a1|1|364367
31585|0x168a1|2|751229
31585|0x368a1|3|1626812
31585|0x368a1|4|3310759
31585|0x368a1|5|6642886
31585|0x1368a1|6|13418560
31585|0x3368a1|7|26914648
31585|0x7368a1|8|53748871
31585|0x7368a1|9|107666889
31585|0x17368a1|10|231736048
31585|0x17368a1|11|399967701
31585|0x17368a1|12|862171311
31585|0x17368a1|13|1714796729
31585|0x17368a1|14|2704867866
31585|0x17368a1|15|5613745191
31585|0x17368a1|16|12365734297
31585|0x17368a1|17|22164733868
31585|0x1017368a1|18|44035910175
31585|0x1017368a1|19|86997077323
31585|0x5017368a1|20|173909429257
31585|0xd017368a1|21|346484476968
31585|0xd017368a1|22|693078307464
31585|0x2d017368a1|23|1388704765186
31585|0x6d017368a1|24|2775569302903
32103|0x4e57|1|342373
32103|0x4e57|2|783910
32103|0x4e57|3|1632724
32103|0x4e57|4|3322488
32103|0x4e57|5|6676799
32103|0x4e57|6|13375843
32103|0x204e57|7|26972384
32103|0x604e57|8|53876621
32103|0x604e57|9|107878842
32103|0x1604e57|10|215814625
32103|0x1604e57|11|433077546
32103|0x5604e57|12|863739221
32103|0x5604e57|13|1488120010
32103|0x15604e57|14|2734482676
32103|0x35604e57|15|6911451471
32103|0x35604e57|16|10786695166
32103|0xb5604e57|17|21876499307
32103|0x1b5604e57|18|43515921476
32103|0x1b5604e57|19|89595600247
32103|0x1b5604e57|20|173403409849
32103|0x1b5604e57|21|346188154676
32103|0x1b5604e57|22|690885576403
32103|0x1b5604e57|23|1387032116979
32103|0x41b5604e57|24|2777377623766
32285|0x3435|1|343450
32285|0x3435|2|782342
32285|0x3435|3|1639946
32285|0x3435|4|3336663
32285|0x83435|5|6709622
32285|0x83435|6|13404424
32285|0x283435|7|26887709
32285|0x683435|8|53885566
32285|0xe83435|9|107898738
32285|0xe83435|10|215989248
32285|0xe83435|11|432152031
32285|0x4e83435|12|864224088
32285|0xce83435|13|1556200197
32285|0xce83435|14|2737105659
32285|0xce83435|15|5755945388
32285|0x4ce83435|16|11265299027
32285|0x4ce83435|17|22187320943
32285|0x14ce83435|18|43955621710
32285|0x14ce83435|19|86749163485
32285|0x14ce83435|20|175588737178
32285|0x14ce83435|21|346586115584
32285|0x14ce83435|22|696008099874
32285|0x14ce83435|23|1391909248782
32285|0x14ce83435|24|2765590208543
32469|0xca7d|1|339847
32469|0xca7d|2|758587
32469|0x2ca7d|3|1645942
32469|0x6ca7d|4|3345466
32469|0x6ca7d|5|6714422
32469|0x16ca7d|6|13450485
32469|0x36ca7d|7|26935038
32469|0x76ca7d|8|54025797
32469|0xf6ca7d|9|115755421
32469|0x1f6ca7d|10|216082297
32469|0x3f6ca7d|11|339829410
32469|0x7f6ca7d|12|864616721
32469|0xff6ca7d|13|1347929881
32469|0xff6ca7d|14|2787331934
32469|0xff6ca7d|15|5509711921
32469|0x4ff6ca7d|16|10862483507
32469|0x4ff6ca7d|17|21647613933
32469|0x4ff6ca7d|18|44151690439
32469|0x24ff6ca7d|19|86312935374
32469|0x24ff6ca7d|20|172569195949
32469|0xa4ff6ca7d|21|345028354946
32469|0x1a4ff6ca7d|22|690635405866
32469|0x1a4ff6ca7d|23|1383029059505
32469|0x5a4ff6ca7d|24|2763973598182
32639|0x407f|1|340732
32639|0x1407f|2|783078
32639|0x3407f|3|1649821
32639|0x7407f|4|3359546
32639|0xf407f|5|6726751
32639|0x1f407f|6|13462932
32639|0x1f407f|7|26959727
32639|0x1f407f|8|53991608
32639|0x9f407f|9|108155848
32639|0x9f407f|10|216279326
32639|0x9f407f|11|432609306
32639|0x9f407f|12|785994768
32639|0x9f407f|13|1359440861
32639|0x109f407f|14|2813861153
32639|0x109f407f|15|5461804413
32639|0x509f407f|16|10868670193
32639|0x509f407f|17|22475293029
32639|0x1509f407f|18|43314044932
32639|0x3509f407f|19|86369892043
32639|0x7509f407f|20|173284939267
32639|0x7509f407f|21|345408857156
32639|0x7509f407f|22|690816781859
32639|0x27509f407f|23|1383582087455
32639|0x27509f407f|24|2764645434530
33027|0xf1ab|1|575183
33027|0x2f1ab|2|1392624
33027|0x2f1ab|3|3032981
33027|0x2f1ab|4|6233299
33027|0x12f1ab|5|12654825
33027|0x12f1ab|6|25502893
33027|0x12f1ab|7|51021883
33027|0x12f1ab|8|102087509
33027|0x12f1ab|9|208223267
33027|0x12f1ab|10|407032326
33027|0x412f1ab|11|759762868
33027|0xc12f1ab|12|1435925582
33027|0x1c12f1ab|13|2695992803
33027|0x3c12f1ab|14|5471777975
33027|0x7c12f1ab|15|10999802173
33027|0x7c12f1ab|16|21554916666
33027|0x17c12f1ab|17|44457521961
33027|0x37c12f1ab|18|90148734021
33027|0x37c12f1ab|19|178834373479
33027|0x37c12f1ab|20|357912752260
33027|0x137c12f1ab|21|714607537450
33027|0x137c12f1ab|22|1429020310173
33027|0x537c12f1ab|23|2951247723763
33027|0xd37c12f1ab|24|5797588000363
33193|0x1b299|1|580132
33193|0x3b299|2|1377569
33193|0x3b299|3|3045743
33193|0x3b299|4|6281607
33193|0x13b299|5|12681070
33193|0x13b299|6|25518869
33193|0x13b299|7|51066506
33193|0x13b299|8|102095857
33193|0x13b299|9|204406711
33193|0x213b299|10|408916653
33193|0x613b299|11|773817531
33193|0x613b299|12|1636189345
33193|0x1613b299|13|3272092824
33193|0x1613b299|14|5460475419
33193|0x1613b299|15|13086703024
33193|0x9613b299|16|21705450924
33193|0x19613b299|17|44256246751
33193|0x19613b299|18|92328499097
33193|0x59613b299|19|178510872129
33193|0x59613b299|20|358341928528
33193|0x159613b299|21|713688288320
33193|0x359613b299|22|1429340054826
33193|0x359613b299|23|2856692844780
33193|0x359613b299|24|5712219939551
33403|0x10cb3|1|580530
33403|0x10cb3|2|1403474
33403|0x50cb3|3|3030858
33403|0x50cb3|4|6309338
33403|0x50cb3|5|12688623
33403|0x250cb3|6|25431457
33403|0x650cb3|7|51066212
33403|0x650cb3|8|102207805
33403|0x1650cb3|9|204493333
33403|0x1650cb3|10|409290373
33403|0x5650cb3|11|687336886
33403|0xd650cb3|12|1423658461
33403|0xd650cb3|13|2780159741
33403|0xd650cb3|14|5446072464
33403|0x4d650cb3|15|13092760487
33403|0xcd650cb3|16|21543879328
33403|0xcd650cb3|17|45770460789
33403|0xcd650cb3|18|88690483790
33403|0xcd650cb3|19|180344702541
33403|0xcd650cb3|20|363417641885
33403|0x10cd650cb3|21|713901785652
33403|0x30cd650cb3|22|1430240295635
33403|0x70cd650cb3|23|2856697172841
33403|0xf0cd650cb3|24|5708953383209
33559|0xe4a7|1|586326
33559|0x2e4a7|2|1380419
33559|0x6e4a7|3|3054692
33559|0x6e4a7|4|6288439
33559|0x6e4a7|5|12744310
33559|0x26e4a7|6|25491393
33559|0x26e4a7|7|51004940
33559|0xa6e4a7|8|102143171
33559|0xa6e4a7|9|204464575
33559|0x2a6e4a7|10|409070249
33559|0x6a6e4a7|11|764521980
33559|0x6a6e4a7|12|1441991833
33559|0x6a6e4a7|13|2975153867
33559|0x6a6e4a7|14|5534076444
33559|0x6a6e4a7|15|10947279761
33559|0x6a6e4a7|16|26190160237
33559|0x6a6e4a7|17|43157046197
33559|0x6a6e4a7|18|86478696117
33559|0x6a6e4a7|19|172567582500
33559|0x806a6e4a7|20|356769437634
33559|0x806a6e4a7|21|714023430167
33559|0x2806a6e4a7|22|1428147460468
33559|0x2806a6e4a7|23|2857812114321
33559|0x2806a6e4a7|24|5696356826567
33749|0x9d7d|1|586444
33749|0x29d7d|2|1383704
33749|0x69d7d|3|3066002
33749|0xe9d7d|4|6280358
33749|0xe9d7d|5|12801760
33749|0xe9d7d|6|25556717
33749|0x4e9d7d|7|51133944
33749|0x4e9d7d|8|102255708
33749|0x4e9d7d|9|204782214
33749|0x4e9d7d|10|409564175
33749|0x44e9d7d|11|819208565
33749|0x44e9d7d|12|1638674905
33749|0x144e9d7d|13|3276921633
33749|0x344e9d7d|14|6554797394
33749|0x744e9d7d|15|11954030584
33749|0x744e9d7d|16|22924624575
33749|0x1744e9d7d|17|44313745888
33749|0x3744e9d7d|18|89830093518
33749|0x7744e9d7d|19|179636164232
33749|0xf744e9d7d|20|358860427633
33749|0xf744e9d7d|21|729038619310
33749|0x2f744e9d7d|22|1428529025859
33749|0x2f744e9d7d|23|2855849485199
33749|0x2f744e9d7d|24|5711095583976
34141|0x1f6f5|1|599576
34141|0x1f6f5|2|1387552
34141|0x5f6f5|3|3077462
34141|0xdf6f5|4|6316408
34141|0xdf6f5|5|12685533
34141|0x2df6f5|6|25552948
34141|0x2df6f5|7|51105575
34141|0x2df6f5|8|102301983
34141|0x2df6f5|9|204810030
34141|0x22df6f5|10|409780979
34141|0x62df6f5|11|680074341
34141|0x62df6f5|12|1639620950
34141|0x62df6f5|13|2730778534
34141|0x262df6f5|14|5555641375
34141|0x662df6f5|15|13116894277
34141|0x662df6f5|16|21880213731
34141|0x1662df6f5|17|44724344249
34141|0x1662df6f5|18|89768104164
34141|0x1662df6f5|19|178359983514
34141|0x9662df6f5|20|356699607014
34141|0x9662df6f5|21|717805643550
34141|0x9662df6f5|22|1426920258595
34141|0x9662df6f5|23|2853629181106
34141|0x89662df6f5|24|5706715990271
34309|0x156cd|1|610360
34309|0x356cd|2|1391339
34309|0x356cd|3|3082465
34309|0x356cd|4|6340416
34309|0x356cd|5|12735428
34309|0x356cd|6|25572504
34309|0x356cd|7|51209627
34309|0x8356cd|8|102430490
34309|0x8356cd|9|205022353
34309|0x28356cd|10|343737474
34309|0x68356cd|11|820171815
34309|0x68356cd|12|1640919229
34309|0x68356cd|13|3280108934
34309|0x268356cd|14|5975965093
34309|0x268356cd|15|11831764261
34309|0xa68356cd|16|22753593685
34309|0xa68356cd|17|45901087712
34309|0xa68356cd|18|89796577656
34309|0x4a68356cd|19|179975168474
34309|0x4a68356cd|20|356781874202
34309|0x4a68356cd|21|715247145709
34309|0x4a68356cd|22|1426757063714
34309|0x44a68356cd|23|2853079634651
34309|0xc4a68356cd|24|5708427991918
34501|0x1080d|1|585347
34501|0x3080d|2|1392654
34501|0x7080d|3|3100106
34501|0x7080d|4|6361984
34501|0x7080d|5|12738999
34501|0x27080d|6|25494424
34501|0x67080d|7|51193261
34501|0xe7080d|8|102482886
34501|0xe7080d|9|204995397
34501|0xe7080d|10|410026471
34501|0xe7080d|11|820109376
34501|0xe7080d|12|1640541408
34501|0xe7080d|13|3280939734
34501|0x20e7080d|14|5472863295
34501|0x60e7080d|15|13124418071
34501|0xe0e7080d|16|26248448814
34501|0xe0e7080d|17|51835072145
34501|0x2e0e7080d|18|89109693998
34501|0x2e0e7080d|19|178527849214
34501|0x2e0e7080d|20|357909786523
34501|0x12e0e7080d|21|715092530281
34501|0x12e0e7080d|22|1429132261525
34501|0x52e0e7080d|23|2854916410610
34501|0xd2e0e7080d|24|5705433336839
34681|0x32c9|1|583540
34681|0x32c9|2|1396262
34681|0x32c9|3|3100371
34681|0x32c9|4|6375331
34681|0x32c9|5|12747945
34681|0x2032c9|6|25558283
34681|0x2032c9|7|51124131
34681|0x2032c9|8|102424497
34681|0x2032c9|9|205028305
34681|0x22032c9|10|410031285
34681|0x62032c9|11|820384362
34681|0x62032c9|12|1640413875
34681|0x62032c9|13|3281252601
34681|0x262032c9|14|5747613400
34681|0x262032c9|15|11895632313
34681|0x262032c9|16|22100564417
34681|0x1262032c9|17|45366819600
34681|0x3262032c9|18|89686831506
34681|0x3262032c9|19|178960323479
34681|0xb262032c9|20|361374285293
34681|0xb262032c9|21|714165824722
34681|0x2b262032c9|22|1427416407479
34681|0x2b262032c9|23|2851700750591
34681|0xab262032c9|24|5701822799178
35069|0x1d455|1|585437
35069|0x1d455|2|1417221
35069|0x5d455|3|3108945
35069|0x5d455|4|6241663
35069|0x15d455|5|12681538
35069|0x35d455|6|25544044
35069|0x35d455|7|51180518
35069|0x35d455|8|102524674
35069|0x35d455|9|205118482
35069|0x235d455|10|378550873
35069|0x235d455|11|820697358
35069|0xa35d455|12|1479615067
35069|0x1a35d455|13|3283357953
35069|0x1a35d455|14|6567654006
35069|0x1a35d455|15|11035548640
35069|0x9a35d455|16|22363351944
35069|0x19a35d455|17|44974084467
35069|0x39a35d455|18|89001360342
35069|0x79a35d455|19|178746140594
35069|0x79a35d455|20|357094794433
35069|0x179a35d455|21|717790186901
35069|0x179a35d455|22|1429622450344
35069|0x579a35d455|23|2852135781005
35069|0xd79a35d455|24|5697688881414
35259|0x1d373|1|585890
35259|0x3d373|2|1424360
35259|0x7d373|3|3095500
35259|0x7d373|4|6255484
35259|0x7d373|5|12686449
35259|0x27d373|6|25582755
35259|0x67d373|7|51205066
35259|0x67d373|8|102512035
35259|0x67d373|9|205103276
35259|0x67d373|10|410329235
35259|0x467d373|11|820930079
35259|0xc67d373|12|1642156309
35259|0xc67d373|13|3067286161
35259|0x2c67d373|14|6545040630
35259|0x2c67d373|15|11172087765
35259|0x2c67d373|16|22739092354
35259|0x2c67d373|17|43406647316
35259|0x2c67d373|18|87030144624
35259|0x42c67d373|19|178427638727
35259|0x42c67d373|20|357399091187
35259|0x142c67d373|21|715414370279
35259|0x142c67d373|22|1424327194972
35259|0x142c67d373|23|2848960542015
35259|0x942c67d373|24|5696765760877
35427|0x474b|1|610782
35427|0x2474b|2|1405779
35427|0x2474b|3|3127193
35427|0x2474b|4|6256231
35427|0x12474b|5|12740487
35427|0x12474b|6|25616692
35427|0x12474b|7|51218052
35427|0x92474b|8|102479587
35427|0x192474b|9|205246080
35427|0x392474b|10|360355962
35427|0x792474b|11|821283549
35427|0xf92474b|12|1527354331
35427|0xf92474b|13|2947006235
35427|0x2f92474b|14|6569509254
35427|0x6f92474b|15|11443806846
35427|0x6f92474b|16|22044764126
35427|0x6f92474b|17|43400969254
35427|0x6f92474b|18|91709786476
35427|0x6f92474b|19|176596919045
35427|0x6f92474b|20|360992619072
35427|0x106f92474b|21|711911468200
35427|0x106f92474b|22|1425090110708
35427|0x106f92474b|23|2477674985601
35427|0x906f92474b|24|3337220402744
35573|0x515d|1|410897
35573|0x2515d|2|894876
35573|0x6515d|3|1889705
35573|0xe515d|4|3550337
35573|0x1e515d|5|7581939
35573|0x3e515d|6|15001370
35573|0x3e515d|7|30189461
35573|0xbe515d|8|60441411
35573|0xbe515d|9|121106060
35573|0x2be515d|10|241814952
35573|0x2be515d|11|424124596
35573|0xabe515d|12|968110697
35573|0xabe515d|13|1936742538
35573|0x2abe515d|14|3874609554
35573|0x2abe515d|15|7071685223
35573|0xaabe515d|16|15492732824
35573|0xaabe515d|17|29262321156
35573|0x2aabe515d|18|61361346447
35573|0x2aabe515d|19|119454383948
35573|0xaaabe515d|20|212151452027
35573|0xaaabe515d|21|420709838370
35573|0xaaabe515d|22|834767778948
35573|0x4aaabe515d|23|1679160869782
35573|0xcaaabe515d|24|3346489837167
35677|0x120f5|1|370044
35677|0x320f5|2|895400
35677|0x320f5|3|1905109
35677|0xb20f5|4|3581390
35677|0x1b20f5|5|7604096
35677|0x1b20f5|6|14976986
35677|0x5b20f5|7|30241620
35677|0x5b20f5|8|60518916
35677|0x5b20f5|9|121036313
35677|0x5b20f5|10|241801404
35677|0x45b20f5|11|484355050
35677|0x45b20f5|12|968463419
35677|0x145b20f5|13|1937365086
35677|0x345b20f5|14|3476755044
35677|0x345b20f5|15|6638745171
35677|0xb45b20f5|16|12958231031
35677|0x1b45b20f5|17|26240977578
35677|0x1b45b20f5|18|53736130097
35677|0x5b45b20f5|19|108903407879
35677|0x5b45b20f5|20|208170089119
35677|0x5b45b20f5|21|414065537081
35677|0x5b45b20f5|22|831121835953
35677|0x5b45b20f5|23|1679023791096
35677|0x5b45b20f5|24|3352300431777
35777|0x18441|1|371184
35777|0x18441|2|916085
35777|0x58441|3|1827622
35777|0xd8441|4|3748490
35777|0xd8441|5|6299643
35777|0xd8441|6|14948549
35777|0xd8441|7|30517851
35777|0xd8441|8|60809318
35777|0x10d8441|9|121735999
35777|0x30d8441|10|243595955
35777|0x70d8441|11|487053535
35777|0xf0d8441|12|974326311
35777|0x1f0d8441|13|1949235208
35777|0x1f0d8441|14|3402170350
35777|0x5f0d8441|15|6907283038
35777|0x5f0d8441|16|15590288599
35777|0x5f0d8441|17|28599528437
35777|0x5f0d8441|18|53465292751
35777|0x45f0d8441|19|109315607976
35777|0xc5f0d8441|20|208952901563
35777|0x1c5f0d8441|21|418579345372
35777|0x1c5f0d8441|22|837430286333
35777|0x1c5f0d8441|23|1668778416587
35777|0x1c5f0d8441|24|3344533715081
