133|0x4d|1|12324
133|0x4d|2|27246304
133|0x4d|3|10971
133|0x84d|4|12923
133|0x184d|5|21454
133|0x384d|6|38652
133|0x784d|7|74558
133|0xf84d|8|145150
133|0x1f84d|9|287075
133|0x3f84d|10|569995
133|0x3f84d|11|1138085
133|0x3f84d|12|2559180
133|0x13f84d|13|4647278
133|0x33f84d|14|9658090
133|0x33f84d|15|19141395
133|0x33f84d|16|40116877
133|0x133f84d|17|92735661
133|0x133f84d|18|184891766
133|0x133f84d|19|369189415
133|0x133f84d|20|739313996
133|0x133f84d|21|1476113032
133|0x2133f84d|22|2957790151
133|0x6133f84d|23|5887767466
133|0xe133f84d|24|11784038610
9007|0x3cf|1|118906
9007|0x3cf|2|305475
9007|0x3cf|3|647967
9007|0x203cf|4|1302856
9007|0x603cf|5|2681433
9007|0x603cf|6|5311941
9007|0x603cf|7|10653131
9007|0x2603cf|8|21234922
9007|0x2603cf|9|28843781
9007|0xa603cf|10|52145692
9007|0x1a603cf|11|111897944
9007|0x1a603cf|12|224432049
9007|0x1a603cf|13|379891773
9007|0x1a603cf|14|735855116
9007|0x1a603cf|15|2192778294
9007|0x1a603cf|16|4079986220
9007|0x1a603cf|17|7833869539
9007|0x1a603cf|18|21242932458
9007|0x1a603cf|19|44746072508
9007|0x201a603cf|20|91679982406
9007|0x201a603cf|21|180517476577
9007|0xa01a603cf|22|357562587857
9007|0x1a01a603cf|23|713592793257
9007|0x1a01a603cf|24|1205258595354
9187|0x39cb|1|89969
9187|0x39cb|2|202083
9187|0x39cb|3|465238
9187|0x239cb|4|933583
9187|0x239cb|5|2007178
9187|0x239cb|6|3596650
9187|0x239cb|7|7470707
9187|0x2239cb|8|14943021
9187|0x6239cb|9|29862661
9187|0x6239cb|10|59624230
9187|0x16239cb|11|118933879
9187|0x16239cb|12|238083940
9187|0x16239cb|13|476657425
9187|0x96239cb|14|954353899
9187|0x96239cb|15|1782357850
9187|0x96239cb|16|3814964014
9187|0x496239cb|17|6274905499
9187|0xc96239cb|18|12667513895
9187|0x1c96239cb|19|25665550239
9187|0x3c96239cb|20|51458903769
9187|0x7c96239cb|21|104600078642
9187|0x7c96239cb|22|210357935569
9187|0x17c96239cb|23|416806751487
9187|0x37c96239cb|24|831658928921
10049|0x68c1|1|103094
10049|0x68c1|2|239150
10049|0x68c1|3|495322
10049|0x68c1|4|1010997
10049|0x68c1|5|1803194
10049|0x68c1|6|3960565
10049|0x1068c1|7|7622583
10049|0x3068c1|8|15417371
10049|0x7068c1|9|30749320
10049|0xf068c1|10|61273681
10049|0x1f068c1|11|122419199
10049|0x3f068c1|12|244197498
10049|0x3f068c1|13|490271861
10049|0x3f068c1|14|977099507
10049|0x3f068c1|15|1772619218
10049|0x23f068c1|16|3393972679
10049|0x63f068c1|17|7807093386
10049|0x63f068c1|18|12767091125
10049|0x163f068c1|19|26348956736
10049|0x163f068c1|20|52615431568
10049|0x563f068c1|21|104548861580
10049|0xd63f068c1|22|213469166542
10049|0xd63f068c1|23|416300457707
10049|0x2d63f068c1|24|828143068344
10173|0x4b95|1|103272
10173|0xcb95|2|240050
10173|0xcb95|3|499806
10173|0x2cb95|4|960770
10173|0x6cb95|5|1787986
10173|0xecb95|6|3969767
10173|0x1ecb95|7|7650442
10173|0x1ecb95|8|15576244
10173|0x5ecb95|9|30719043
10173|0x5ecb95|10|61540152
10173|0x15ecb95|11|122825023
10173|0x15ecb95|12|246155707
10173|0x55ecb95|13|446832812
10173|0xd5ecb95|14|984731863
10173|0x1d5ecb95|15|1966557698
10173|0x3d5ecb95|16|3933343911
10173|0x7d5ecb95|17|7869459016
10173|0x7d5ecb95|18|13043431325
10173|0x7d5ecb95|19|29212020874
10173|0x27d5ecb95|20|52637422731
10173|0x27d5ecb95|21|105004149377
10173|0x27d5ecb95|22|210120737750
10173|0x127d5ecb95|23|414824046448
10173|0x127d5ecb95|24|838878346698
10995|0x7e3b|1|90355
10995|0xfe3b|2|188804
10995|0x1fe3b|3|477339
10995|0x3fe3b|4|1000984
10995|0x3fe3b|5|1953519
10995|0x3fe3b|6|3793748
10995|0x3fe3b|7|7774483
10995|0x3fe3b|8|15468463
10995|0x3fe3b|9|30924764
10995|0x83fe3b|10|61957645
10995|0x183fe3b|11|123537138
10995|0x183fe3b|12|247173977
10995|0x183fe3b|13|494412291
10995|0x983fe3b|14|989218284
10995|0x1983fe3b|15|1978329084
10995|0x3983fe3b|16|3954418326
10995|0x7983fe3b|17|7914138006
10995|0x7983fe3b|18|14098924876
10995|0x17983fe3b|19|25818592901
10995|0x37983fe3b|20|52736752815
10995|0x77983fe3b|21|105986950838
10995|0xf7983fe3b|22|210359771675
10995|0xf7983fe3b|23|413351517213
10995|0x2f7983fe3b|24|833212402326
11117|0x1665|1|92640
11117|0x9665|2|191372
11117|0x19665|3|429287
11117|0x19665|4|886682
11117|0x19665|5|1938630
11117|0x19665|6|3815849
11117|0x119665|7|7673952
11117|0x119665|8|15452641
11117|0x519665|9|30777810
11117|0x519665|10|61673933
11117|0x1519665|11|123084681
11117|0x1519665|12|245844538
11117|0x5519665|13|492276432
11117|0xd519665|14|884260953
11117|0xd519665|15|1970183320
11117|0x2d519665|16|3936388954
11117|0x2d519665|17|7879575860
11117|0x2d519665|18|12945350698
11117|0x2d519665|19|31455470742
11117|0x2d519665|20|51140190494
11117|0x2d519665|21|106546579709
11117|0x2d519665|22|207393384880
11117|0x102d519665|23|416001245097
11117|0x102d519665|24|833394286801
11209|0x5e79|1|105110
11209|0xde79|2|218126
11209|0x1de79|3|488962
11209|0x3de79|4|977362
11209|0x3de79|5|1819394
11209|0xbde79|6|3949595
11209|0x1bde79|7|7601991
11209|0x1bde79|8|15571616
11209|0x5bde79|9|30841789
11209|0xdbde79|10|62007683
11209|0x1dbde79|11|123584417
11209|0x1dbde79|12|247213062
11209|0x5dbde79|13|496758828
11209|0xddbde79|14|866144413
11209|0x1ddbde79|15|1979373297
11209|0x3ddbde79|16|3628467044
11209|0x3ddbde79|17|6860501075
11209|0xbddbde79|18|13725425811
11209|0x1bddbde79|19|26962557182
11209|0x3bddbde79|20|53383403325
11209|0x7bddbde79|21|103407666723
11209|0xfbddbde79|22|207540644703
11209|0xfbddbde79|23|416351423342
11209|0xfbddbde79|24|833633438377
12103|0x4a77|1|101399
12103|0xca77|2|222905
12103|0xca77|3|503592
12103|0xca77|4|1010363
12103|0x4ca77|5|1819973
12103|0x4ca77|6|3882387
12103|0x4ca77|7|7720758
12103|0x4ca77|8|15274415
12103|0x4ca77|9|30880293
12103|0x84ca77|10|61505890
12103|0x84ca77|11|122986829
12103|0x284ca77|12|246652222
12103|0x684ca77|13|493076237
12103|0x684ca77|14|986611508
12103|0x1684ca77|15|1951519391
12103|0x3684ca77|16|3512603952
12103|0x3684ca77|17|6794085674
12103|0xb684ca77|18|13156033188
12103|0x1b684ca77|19|26498597129
12103|0x1b684ca77|20|51326497205
12103|0x5b684ca77|21|105063483232
12103|0xdb684ca77|22|208076852728
12103|0x1db684ca77|23|414538520474
12103|0x1db684ca77|24|825985598674
12219|0x3d73|1|90294
12219|0x3d73|2|194888
12219|0x13d73|3|445026
12219|0x13d73|4|892495
12219|0x13d73|5|1885970
12219|0x13d73|6|3845421
12219|0x113d73|7|7594367
12219|0x313d73|8|15212952
12219|0x713d73|9|30209181
12219|0x713d73|10|60966718
12219|0x1713d73|11|121687075
12219|0x1713d73|12|243810657
12219|0x1713d73|13|485805946
12219|0x9713d73|14|976414333
12219|0x19713d73|15|1958736588
12219|0x39713d73|16|3935620587
12219|0x79713d73|17|6790329442
12219|0xf9713d73|18|15802823688
12219|0xf9713d73|19|27335437900
12219|0x2f9713d73|20|52280481870
12219|0x2f9713d73|21|104675470840
12219|0xaf9713d73|22|208339406531
12219|0x1af9713d73|23|413669420210
12219|0x1af9713d73|24|834392613947
13041|0x7e11|1|107183
13041|0x7e11|2|207999
13041|0x7e11|3|454776
13041|0x27e11|4|917330
13041|0x27e11|5|1850014
13041|0xa7e11|6|4000853
13041|0xa7e11|7|7692675
13041|0xa7e11|8|15713493
13041|0xa7e11|9|31144944
13041|0x8a7e11|10|62254208
13041|0x18a7e11|11|124681030
13041|0x18a7e11|12|249131118
13041|0x18a7e11|13|499187661
13041|0x18a7e11|14|997412445
13041|0x18a7e11|15|1905985414
13041|0x18a7e11|16|3380908790
13041|0x18a7e11|17|6890466555
13041|0x818a7e11|18|13164582690
13041|0x1818a7e11|19|26524943539
13041|0x1818a7e11|20|52979632447
13041|0x1818a7e11|21|104604769203
13041|0x9818a7e11|22|208357821523
13041|0x9818a7e11|23|413865760286
13041|0x9818a7e11|24|824840442924
13161|0xcd9|1|93470
13161|0x8cd9|2|200950
13161|0x18cd9|3|426496
13161|0x38cd9|4|888495
13161|0x78cd9|5|1813155
13161|0xf8cd9|6|3967853
13161|0x1f8cd9|7|7670106
13161|0x1f8cd9|8|15485143
13161|0x1f8cd9|9|30948424
13161|0x1f8cd9|10|62175322
13161|0x1f8cd9|11|124169586
13161|0x21f8cd9|12|248825233
13161|0x21f8cd9|13|468019286
13161|0xa1f8cd9|14|821113978
13161|0x1a1f8cd9|15|1987820573
13161|0x1a1f8cd9|16|3431641266
13161|0x1a1f8cd9|17|7052210028
13161|0x1a1f8cd9|18|13376544629
13161|0x11a1f8cd9|19|26120098881
13161|0x11a1f8cd9|20|53905483317
13161|0x11a1f8cd9|21|103967387187
13161|0x91a1f8cd9|22|207583025238
13161|0x191a1f8cd9|23|412045819410
13161|0x191a1f8cd9|24|829618334684
13221|0x7c2d|1|93875
13221|0x7c2d|2|199657
13221|0x17c2d|3|427698
13221|0x37c2d|4|961532
13221|0x77c2d|5|2064780
13221|0x77c2d|6|3757690
13221|0x177c2d|7|8029071
13221|0x377c2d|8|15576913
13221|0x377c2d|9|31322604
13221|0xb77c2d|10|62205460
13221|0xb77c2d|11|125226535
13221|0xb77c2d|12|249607764
13221|0x4b77c2d|13|498273150
13221|0xcb77c2d|14|903345911
13221|0xcb77c2d|15|1799255484
13221|0xcb77c2d|16|3447189951
13221|0x4cb77c2d|17|6514211845
13221|0x4cb77c2d|18|12808042617
13221|0x4cb77c2d|19|25924270116
13221|0x24cb77c2d|20|56574467732
13221|0x64cb77c2d|21|105255180045
13221|0xe4cb77c2d|22|211075368060
13221|0xe4cb77c2d|23|413101253825
13221|0xe4cb77c2d|24|831163715746
13313|0x4c01|1|109026
13313|0xcc01|2|229128
13313|0x1cc01|3|471520
13313|0x3cc01|4|905548
13313|0x7cc01|5|1822353
13313|0xfcc01|6|3569448
13313|0xfcc01|7|7703777
13313|0xfcc01|8|15382412
13313|0xfcc01|9|31153882
13313|0x8fcc01|10|62288000
13313|0x8fcc01|11|124295944
13313|0x28fcc01|12|248727969
13313|0x28fcc01|13|497417101
13313|0xa8fcc01|14|999998599
13313|0xa8fcc01|15|1999967913
13313|0xa8fcc01|16|3413582616
13313|0x4a8fcc01|17|6557703867
13313|0xca8fcc01|18|16081577002
13313|0xca8fcc01|19|26302695980
13313|0x2ca8fcc01|20|51907515118
13313|0x2ca8fcc01|21|105491586061
13313|0xaca8fcc01|22|207111946984
13313|0x1aca8fcc01|23|416972625508
13313|0x1aca8fcc01|24|828541832269
14133|0x231d|1|97800
14133|0xa31d|2|205810
14133|0x1a31d|3|463471
14133|0x3a31d|4|1085426
14133|0x7a31d|5|1939592
14133|0x7a31d|6|3752298
14133|0x7a31d|7|7781236
14133|0x27a31d|8|15538041
14133|0x67a31d|9|30787407
14133|0xe7a31d|10|61647326
14133|0xe7a31d|11|122936242
14133|0xe7a31d|12|245830748
14133|0x4e7a31d|13|494729962
14133|0xce7a31d|14|988336622
14133|0x1ce7a31d|15|1980501823
14133|0x1ce7a31d|16|3967182099
14133|0x5ce7a31d|17|7256452678
14133|0x5ce7a31d|18|14143585378
14133|0x15ce7a31d|19|26006757275
14133|0x35ce7a31d|20|51210922820
14133|0x35ce7a31d|21|105209427999
14133|0xb5ce7a31d|22|207548636879
14133|0x1b5ce7a31d|23|420972034082
14133|0x3b5ce7a31d|24|826662101044
14243|0x340b|1|97755
14243|0xb40b|2|206385
14243|0x1b40b|3|490322
14243|0x1b40b|4|1043415
14243|0x5b40b|5|2003656
14243|0x5b40b|6|3866992
14243|0x15b40b|7|7909402
14243|0x15b40b|8|15756835
14243|0x15b40b|9|31526995
14243|0x95b40b|10|63089954
14243|0x195b40b|11|126254074
14243|0x195b40b|12|252875462
14243|0x595b40b|13|505659920
14243|0xd95b40b|14|1013795142
14243|0x1d95b40b|15|1598281216
14243|0x1d95b40b|16|4003783749
14243|0x1d95b40b|17|6687555547
14243|0x1d95b40b|18|13588883498
14243|0x1d95b40b|19|31324056486
14243|0x21d95b40b|20|51475981060
14243|0x61d95b40b|21|103779519661
14243|0x61d95b40b|22|207078908352
14243|0x61d95b40b|23|412249798599
14243|0x61d95b40b|24|825192767066
15027|0x47b|1|112215
15027|0x47b|2|244019
15027|0x1047b|3|463399
15027|0x3047b|4|901929
15027|0x3047b|5|1848629
15027|0x3047b|6|3995078
15027|0x3047b|7|7758302
15027|0x23047b|8|15530175
15027|0x23047b|9|31261510
15027|0xa3047b|10|62752001
15027|0x1a3047b|11|125293483
15027|0x1a3047b|12|251446126
15027|0x5a3047b|13|504203270
15027|0x5a3047b|14|1006308281
15027|0x5a3047b|15|2023712496
15027|0x25a3047b|16|3568072833
15027|0x65a3047b|17|7088572220
15027|0x65a3047b|18|13010643653
15027|0x65a3047b|19|25897877840
15027|0x265a3047b|20|51819938597
15027|0x665a3047b|21|102844620663
15027|0x665a3047b|22|206286519889
15027|0x665a3047b|23|411346400555
15027|0x665a3047b|24|825480040492
15123|0x471b|1|107964
15123|0xc71b|2|237020
15123|0xc71b|3|511689
15123|0x2c71b|4|968074
15123|0x2c71b|5|1853807
15123|0xac71b|6|4055671
15123|0x1ac71b|7|7826076
15123|0x3ac71b|8|15967344
15123|0x7ac71b|9|31901262
15123|0x7ac71b|10|63551088
15123|0x17ac71b|11|126838464
15123|0x17ac71b|12|216394552
15123|0x17ac71b|13|508275640
15123|0x97ac71b|14|1018653256
15123|0x97ac71b|15|2019539047
15123|0x97ac71b|16|3256849861
15123|0x97ac71b|17|7934730971
15123|0x97ac71b|18|12739073262
15123|0x97ac71b|19|32537807582
15123|0x97ac71b|20|51714758038
15123|0x97ac71b|21|103048007936
15123|0x97ac71b|22|205397840173
15123|0x10097ac71b|23|412048084223
15123|0x30097ac71b|24|823366459353
15235|0x2b2b|1|112760
15235|0x2b2b|2|239711
15235|0x12b2b|3|513533
15235|0x12b2b|4|1001603
15235|0x52b2b|5|1860189
15235|0xd2b2b|6|4079382
15235|0x1d2b2b|7|7861598
15235|0x3d2b2b|8|16011860
15235|0x7d2b2b|9|31667071
15235|0x7d2b2b|10|63116150
15235|0x17d2b2b|11|126235921
15235|0x17d2b2b|12|213059033
15235|0x57d2b2b|13|504270238
15235|0xd7d2b2b|14|1008368963
15235|0xd7d2b2b|15|1712913596
15235|0xd7d2b2b|16|3384503822
15235|0x4d7d2b2b|17|8073648247
15235|0xcd7d2b2b|18|13198240543
15235|0x1cd7d2b2b|19|28004316068
15235|0x1cd7d2b2b|20|51711000337
15235|0x1cd7d2b2b|21|103218233244
15235|0x9cd7d2b2b|22|205668354481
15235|0x9cd7d2b2b|23|412212842654
15235|0x29cd7d2b2b|24|830447585805
15333|0x9ed|1|99566
15333|0x89ed|2|211628
15333|0x189ed|3|453013
15333|0x389ed|4|910869
15333|0x789ed|5|1999779
15333|0xf89ed|6|4007715
15333|0x1f89ed|7|7938224
15333|0x1f89ed|8|15974070
15333|0x1f89ed|9|31652969
15333|0x1f89ed|10|63405435
15333|0x11f89ed|11|127035502
15333|0x31f89ed|12|210951570
15333|0x31f89ed|13|507406626
15333|0x31f89ed|14|1014004210
15333|0x131f89ed|15|1863489307
15333|0x331f89ed|16|4068501755
15333|0x331f89ed|17|6383951441
15333|0x331f89ed|18|12928714295
15333|0x331f89ed|19|25688135386
15333|0x2331f89ed|20|53085701635
15333|0x2331f89ed|21|104391759500
15333|0x2331f89ed|22|205429571447
15333|0x2331f89ed|23|410833709465
15333|0x2331f89ed|24|823190642653
16093|0x975|1|124576
16093|0x8975|2|215290
16093|0x18975|3|461842
16093|0x38975|4|930138
16093|0x38975|5|1898457
16093|0xb8975|6|4032789
16093|0xb8975|7|7917457
16093|0xb8975|8|15995151
16093|0x4b8975|9|32040788
16093|0xcb8975|10|64014250
16093|0x1cb8975|11|127712578
16093|0x1cb8975|12|255735054
16093|0x1cb8975|13|510058891
16093|0x9cb8975|14|1020008913
16093|0x9cb8975|15|2042364917
16093|0x9cb8975|16|3201970884
16093|0x49cb8975|17|6816563727
16093|0x49cb8975|18|13312205127
16093|0x149cb8975|19|25763791220
16093|0x149cb8975|20|51272450252
16093|0x549cb8975|21|102721663140
16093|0x549cb8975|22|205815147877
16093|0x1549cb8975|23|411768901461
16093|0x1549cb8975|24|820265965272
16211|0x5cdb|1|98772
16211|0x5cdb|2|216031
16211|0x5cdb|3|463349
16211|0x5cdb|4|981476
16211|0x5cdb|5|1957256
16211|0x85cdb|6|4046376
16211|0x185cdb|7|8039078
16211|0x185cdb|8|16023644
16211|0x585cdb|9|33377460
16211|0xd85cdb|10|60890499
16211|0x1d85cdb|11|115196889
16211|0x1d85cdb|12|252116810
16211|0x1d85cdb|13|511601795
16211|0x9d85cdb|14|1022723486
16211|0x19d85cdb|15|1762607571
16211|0x39d85cdb|16|3331000772
16211|0x39d85cdb|17|6807874041
16211|0x39d85cdb|18|13502105821
16211|0x139d85cdb|19|25873687146
16211|0x339d85cdb|20|53336884073
16211|0x339d85cdb|21|102397798865
16211|0xb39d85cdb|22|207720518468
16211|0xb39d85cdb|23|409513663124
16211|0x2b39d85cdb|24|820703706755
16307|0x77b|1|109084
16307|0x877b|2|243651
16307|0x877b|3|527893
16307|0x2877b|4|1063004
16307|0x6877b|5|2019712
16307|0xe877b|6|4070446
16307|0xe877b|7|8002044
16307|0xe877b|8|16200342
16307|0xe877b|9|32238226
16307|0x8e877b|10|64232292
16307|0x18e877b|11|128186410
16307|0x38e877b|12|256146838
16307|0x38e877b|13|512206045
16307|0x38e877b|14|1026533633
16307|0x138e877b|15|1697301975
16307|0x138e877b|16|3610134321
16307|0x538e877b|17|6911443327
16307|0xd38e877b|18|13917247211
16307|0xd38e877b|19|25685368372
16307|0xd38e877b|20|51663704476
16307|0x4d38e877b|21|105021158622
16307|0x4d38e877b|22|205329110025
16307|0x14d38e877b|23|411856723697
16307|0x34d38e877b|24|920783162644
16795|0x3c93|1|327127
16795|0x3c93|2|696476
16795|0x23c93|3|1525159
16795|0x63c93|4|3158949
16795|0xe3c93|5|6374953
16795|0xe3c93|6|12796118
16795|0xe3c93|7|25547224
16795|0xe3c93|8|51213213
16795|0xe3c93|9|102319007
16795|0xe3c93|10|204724216
16795|0x20e3c93|11|371958860
16795|0x60e3c93|12|818994833
16795|0xe0e3c93|13|1371265992
16795|0xe0e3c93|14|2794996873
16795|0x2e0e3c93|15|6553507259
16795|0x2e0e3c93|16|10924912153
16795|0xae0e3c93|17|21697165121
16795|0x1ae0e3c93|18|44480700786
16795|0x3ae0e3c93|19|89704204620
16795|0x7ae0e3c93|20|178508428824
16795|0xfae0e3c93|21|358516124655
16795|0x1fae0e3c93|22|714741623624
16795|0x3fae0e3c93|23|1430225461624
16795|0x7fae0e3c93|24|2856237892785
16973|0xc685|1|296330
16973|0xc685|2|699159
16973|0x2c685|3|1531232
16973|0x6c685|4|3172836
16973|0xec685|5|6376521
16973|0xec685|6|12805578
16973|0x2ec685|7|25687382
16973|0x6ec685|8|46477429
16973|0xeec685|9|102370386
16973|0x1eec685|10|204845386
16973|0x1eec685|11|409695903
16973|0x5eec685|12|819639887
16973|0xdeec685|13|1412505586
16973|0xdeec685|14|2911548828
16973|0xdeec685|15|5461620107
16973|0x4deec685|16|10894267124
16973|0x4deec685|17|21598492917
16973|0x14deec685|18|44990722489
16973|0x14deec685|19|89195268783
16973|0x54deec685|20|178474274459
16973|0x54deec685|21|357591267281
16973|0x154deec685|22|714387735017
16973|0x154deec685|23|1429552440577
16973|0x154deec685|24|2854648607110
17175|0x24a7|1|295980
17175|0x124a7|2|701143
17175|0x324a7|3|1537731
17175|0x324a7|4|3187108
17175|0x324a7|5|6384370
17175|0x324a7|6|12818687
17175|0x2324a7|7|25628213
17175|0x6324a7|8|42263200
17175|0xe324a7|9|102490806
17175|0x1e324a7|10|204986332
17175|0x3e324a7|11|410080034
17175|0x7e324a7|12|816130050
17175|0xfe324a7|13|1564487575
17175|0xfe324a7|14|2817770683
17175|0x2fe324a7|15|5616054119
17175|0x6fe324a7|16|10837050064
17175|0xefe324a7|17|21708644305
17175|0xefe324a7|18|45984029131
17175|0x2efe324a7|19|89575072929
17175|0x6efe324a7|20|178802230566
17175|0xeefe324a7|21|357196172290
17175|0xeefe324a7|22|714058999876
17175|0x2eefe324a7|23|1432120402566
17175|0x2eefe324a7|24|2853502225000
17343|0xac3f|1|300175
17343|0x1ac3f|2|726245
17343|0x1ac3f|3|1545035
17343|0x5ac3f|4|3196070
17343|0x5ac3f|5|6376064
17343|0x15ac3f|6|12809347
17343|0x15ac3f|7|25600485
17343|0x55ac3f|8|51241425
17343|0x55ac3f|9|102488460
17343|0x55ac3f|10|205119946
17343|0x55ac3f|11|410250922
17343|0x455ac3f|12|820657603
17343|0xc55ac3f|13|1422885353
17343|0xc55ac3f|14|2890853009
17343|0x2c55ac3f|15|6089441202
17343|0x2c55ac3f|16|10833154108
17343|0xac55ac3f|17|21800494062
17343|0x1ac55ac3f|18|44260019358
17343|0x3ac55ac3f|19|90343579831
17343|0x3ac55ac3f|20|178344465344
17343|0xbac55ac3f|21|357076337624
17343|0x1bac55ac3f|22|713161260492
17343|0x1bac55ac3f|23|1427686301549
17343|0x5bac55ac3f|24|2852920310536
17919|0xb9ff|1|302884
17919|0x1b9ff|2|710707
17919|0x3b9ff|3|1563189
17919|0x3b9ff|4|3162909
17919|0xbb9ff|5|6411238
17919|0x1bb9ff|6|12806145
17919|0x1bb9ff|7|25680701
17919|0x5bb9ff|8|51416923
17919|0xdbb9ff|9|102756079
17919|0xdbb9ff|10|205487683
17919|0xdbb9ff|11|410976767
17919|0x4dbb9ff|12|677696235
17919|0x4dbb9ff|13|1405590406
17919|0x14dbb9ff|14|2837944261
17919|0x14dbb9ff|15|5746947865
17919|0x14dbb9ff|16|11875514095
17919|0x14dbb9ff|17|21792865574
17919|0x14dbb9ff|18|44599934086
17919|0x14dbb9ff|19|86987500977
17919|0x414dbb9ff|20|177967938080
17919|0x414dbb9ff|21|355926524370
17919|0x1414dbb9ff|22|712325548051
17919|0x3414dbb9ff|23|1424705099880
17919|0x3414dbb9ff|24|2871375806593
18093|0xd25|1|304777
18093|0x10d25|2|712581
18093|0x30d25|3|1570224
18093|0x30d25|4|3177347
18093|0xb0d25|5|6375717
18093|0x1b0d25|6|12780074
18093|0x3b0d25|7|25631912
18093|0x3b0d25|8|51424031
18093|0xbb0d25|9|102522287
18093|0xbb0d25|10|168497608
18093|0xbb0d25|11|411244398
18093|0x4bb0d25|12|822682165
18093|0xcbb0d25|13|1363053585
18093|0xcbb0d25|14|2882237297
18093|0xcbb0d25|15|5469116580
18093|0x4cbb0d25|16|10777389765
18093|0x4cbb0d25|17|21549946096
18093|0x14cbb0d25|18|44440804984
18093|0x14cbb0d25|19|89046280651
18093|0x54cbb0d25|20|180906988628
18093|0x54cbb0d25|21|360531241812
18093|0x154cbb0d25|22|725862614061
18093|0x354cbb0d25|23|1351286171895
18093|0x354cbb0d25|24|1749659424404
18247|0x3277|1|167788
18247|0x13277|2|400190
18247|0x13277|3|1021701
18247|0x53277|4|2012216
18247|0x53277|5|3844624
18247|0x153277|6|7843774
18247|0x353277|7|15746380
18247|0x753277|8|31424103
18247|0xf53277|9|62850643
18247|0x1f53277|10|112852453
18247|0x1f53277|11|252286203
18247|0x5f53277|12|503982454
18247|0xdf53277|13|1008181858
18247|0xdf53277|14|2016766182
18247|0x2df53277|15|4033587581
18247|0x6df53277|16|7418690688
18247|0xedf53277|17|13339920581
18247|0x1edf53277|18|27439113100
18247|0x1edf53277|19|54946901132
18247|0x1edf53277|20|110567829342
18247|0x9edf53277|21|220917647058
18247|0x9edf53277|22|444242355628
18247|0x9edf53277|23|872029633065
18247|0x49edf53277|24|1748388425965
18367|0xa83f|1|194326
18367|0x1a83f|2|455933
18367|0x3a83f|3|1019816
18367|0x7a83f|4|1846784
18367|0x7a83f|5|4005064
18367|0x7a83f|6|7930423
18367|0x27a83f|7|15620564
18367|0x67a83f|8|31622427
18367|0x67a83f|9|63189937
18367|0x167a83f|10|125961647
18367|0x167a83f|11|251975558
18367|0x567a83f|12|504235694
18367|0xd67a83f|13|1008219644
18367|0xd67a83f|14|2019155433
18367|0xd67a83f|15|4034105721
18367|0x4d67a83f|16|8071801902
18367|0xcd67a83f|17|16143866841
18367|0x1cd67a83f|18|28260658021
18367|0x1cd67a83f|19|59492382680
18367|0x1cd67a83f|20|120585108216
18367|0x1cd67a83f|21|221906126631
18367|0x11cd67a83f|22|444531803583
18367|0x11cd67a83f|23|871072163459
18367|0x51cd67a83f|24|1750845145412
18839|0xc627|1|186243
18839|0xc627|2|460036
18839|0x2c627|3|963009
18839|0x6c627|4|2002804
18839|0x6c627|5|3854190
18839|0x6c627|6|7915073
18839|0x6c627|7|15736507
18839|0x6c627|8|31495982
18839|0x86c627|9|62956011
18839|0x86c627|10|126049727
18839|0x286c627|11|252465352
18839|0x686c627|12|505234446
18839|0xe86c627|13|1010297232
18839|0xe86c627|14|2019934920
18839|0xe86c627|15|4039906848
18839|0xe86c627|16|8080402177
18839|0xe86c627|17|14971775045
18839|0x10e86c627|18|33352515421
18839|0x10e86c627|19|60179905598
18839|0x50e86c627|20|110311388206
18839|0x50e86c627|21|219650290919
18839|0x50e86c627|22|447695085566
18839|0x250e86c627|23|876242328919
18839|0x250e86c627|24|1751173508587
18965|0x353d|1|170881
18965|0x353d|2|405908
18965|0x353d|3|954707
18965|0x353d|4|1992210
18965|0x8353d|5|3971103
18965|0x18353d|6|7907353
18965|0x38353d|7|16014436
18965|0x38353d|8|32111908
18965|0x38353d|9|63793871
18965|0x38353d|10|127742248
18965|0x38353d|11|255899501
18965|0x438353d|12|511434964
18965|0xc38353d|13|1025782381
18965|0xc38353d|14|2054829806
18965|0xc38353d|15|4110535794
18965|0x4c38353d|16|7110590427
18965|0xcc38353d|17|15385214359
18965|0x1cc38353d|18|27485952465
18965|0x3cc38353d|19|55710358584
18965|0x3cc38353d|20|112198347134
18965|0xbcc38353d|21|229042499980
18965|0xbcc38353d|22|438709800302
18965|0xbcc38353d|23|876623737998
18965|0xbcc38353d|24|1747387994919
19071|0x757f|1|194478
19071|0x1757f|2|478798
19071|0x1757f|3|967788
19071|0x1757f|4|1907937
19071|0x1757f|5|3960040
19071|0x11757f|6|7953588
19071|0x31757f|7|15847616
19071|0x31757f|8|31792901
19071|0xb1757f|9|63699695
19071|0xb1757f|10|127596311
19071|0xb1757f|11|254816532
19071|0x4b1757f|12|509808314
19071|0x4b1757f|13|1018825637
19071|0x4b1757f|14|1772077459
19071|0x24b1757f|15|3472351444
19071|0x24b1757f|16|6892057951
19071|0xa4b1757f|17|15689067013
19071|0x1a4b1757f|18|27101898515
19071|0x1a4b1757f|19|56295510905
19071|0x5a4b1757f|20|112597311602
19071|0xda4b1757f|21|219769282720
19071|0xda4b1757f|22|440185351891
19071|0x2da4b1757f|23|875072400006
19071|0x6da4b1757f|24|1747906165538
19185|0x6611|1|194392
19185|0x16611|2|462550
19185|0x36611|3|996022
19185|0x76611|4|1982480
19185|0xf6611|5|3983272
19185|0xf6611|6|8016120
19185|0xf6611|7|16087433
19185|0xf6611|8|32069311
19185|0xf6611|9|64396517
19185|0xf6611|10|128687044
19185|0x20f6611|11|256605219
19185|0x60f6611|12|513956399
19185|0xe0f6611|13|916513955
19185|0x1e0f6611|14|2038247270
19185|0x1e0f6611|15|4089324380
19185|0x5e0f6611|16|6833654707
19185|0x5e0f6611|17|13507282536
19185|0x15e0f6611|18|33340643042
19185|0x35e0f6611|19|56159432848
19185|0x75e0f6611|20|112798961998
19185|0x75e0f6611|21|218587092762
19185|0x75e0f6611|22|439135558746
19185|0x275e0f6611|23|880124682578
19185|0x675e0f6611|24|1749896321656
19299|0x8e4b|1|194792
19299|0x18e4b|2|463775
19299|0x38e4b|3|995111
19299|0x38e4b|4|1842665
19299|0x38e4b|5|4076543
19299|0x138e4b|6|8030346
19299|0x138e4b|7|16013688
19299|0x538e4b|8|31996046
19299|0x538e4b|9|64259938
19299|0x1538e4b|10|128399536
19299|0x3538e4b|11|257378624
19299|0x7538e4b|12|513507424
19299|0x7538e4b|13|1028253876
19299|0x17538e4b|14|1688476805
19299|0x17538e4b|15|3505300568
19299|0x17538e4b|16|6706145074
19299|0x97538e4b|17|13977091614
19299|0x97538e4b|18|27508579291
19299|0x97538e4b|19|55354872736
19299|0x97538e4b|20|110785404079
19299|0x97538e4b|21|218760223306
19299|0x1097538e4b|22|437300827875
19299|0x1097538e4b|23|876913202717
19299|0x5097538e4b|24|1749418438108
19401|0xbe79|1|188285
19401|0x1be79|2|408856
19401|0x1be79|3|873967
19401|0x5be79|4|2020982
19401|0x5be79|5|4107202
19401|0x15be79|6|8003733
19401|0x35be79|7|15991270
19401|0x35be79|8|32189233
19401|0x35be79|9|64184614
19401|0x135be79|10|128557386
19401|0x335be79|11|256954314
19401|0x735be79|12|513996628
19401|0xf35be79|13|1028662141
19401|0x1f35be79|14|1925986354
19401|0x1f35be79|15|4116534606
19401|0x5f35be79|16|8231729802
19401|0xdf35be79|17|15215187339
19401|0xdf35be79|18|32787287862
19401|0xdf35be79|19|65778900476
19401|0x4df35be79|20|114792633202
19401|0xcdf35be79|21|226531369861
19401|0xcdf35be79|22|435662101007
19401|0xcdf35be79|23|875875512571
19401|0xcdf35be79|24|1751770387163
19915|0x6fe3|1|196024
19915|0x6fe3|2|468962
19915|0x6fe3|3|953381
19915|0x6fe3|4|1885949
19915|0x6fe3|5|4097669
19915|0x6fe3|6|7968763
19915|0x6fe3|7|15857266
19915|0x6fe3|8|32079451
19915|0x6fe3|9|63978909
19915|0x6fe3|10|127382254
19915|0x2006fe3|11|255462375
19915|0x2006fe3|12|510859949
19915|0xa006fe3|13|1022597507
19915|0x1a006fe3|14|2044701862
19915|0x1a006fe3|15|4089081819
19915|0x5a006fe3|16|8216084526
19915|0xda006fe3|17|15328185388
19915|0x1da006fe3|18|27725869367
19915|0x3da006fe3|19|59256796227
19915|0x3da006fe3|20|112618950912
19915|0x3da006fe3|21|221008232896
19915|0x3da006fe3|22|433853395516
19915|0x23da006fe3|23|877922015225
19915|0x23da006fe3|24|1748465137984
20029|0x3915|1|196093
20029|0x3915|2|469594
20029|0x23915|3|985733
20029|0x63915|4|2047694
20029|0x63915|5|3942059
20029|0x63915|6|8133493
20029|0x263915|7|15946379
20029|0x263915|8|32173497
20029|0xa63915|9|64023365
20029|0x1a63915|10|128771237
20029|0x3a63915|11|237487149
20029|0x7a63915|12|512779233
20029|0xfa63915|13|954041914
20029|0xfa63915|14|2043728131
20029|0x2fa63915|15|3425773883
20029|0x2fa63915|16|8234553937
20029|0x2fa63915|17|13583928492
20029|0x2fa63915|18|26907386142
20029|0x2fa63915|19|57568898770
20029|0x2fa63915|20|113823690988
20029|0x2fa63915|21|213535519814
20029|0x102fa63915|22|433614975029
20029|0x302fa63915|23|881032705815
20029|0x302fa63915|24|1749863165605
20133|0xe92d|1|196474
20133|0xe92d|2|470400
20133|0x2e92d|3|988477
20133|0x6e92d|4|1895012
20133|0x6e92d|5|4110657
20133|0x6e92d|6|8076889
20133|0x6e92d|7|16103735
20133|0x6e92d|8|32298411
20133|0x86e92d|9|64572030
20133|0x86e92d|10|128971824
20133|0x286e92d|11|258068975
20133|0x686e92d|12|516632559
20133|0x686e92d|13|1029105427
20133|0x1686e92d|14|2061489140
20133|0x3686e92d|15|3786896947
20133|0x7686e92d|16|6923783467
20133|0xf686e92d|17|13873558699
20133|0xf686e92d|18|30672665177
20133|0xf686e92d|19|54975456102
20133|0x4f686e92d|20|114114197711
20133|0x4f686e92d|21|219977590361
20133|0x14f686e92d|22|433775973899
20133|0x34f686e92d|23|877907018957
20133|0x74f686e92d|24|1754823641967
20251|0x7313|1|196870
20251|0x17313|2|488470
20251|0x37313|3|968340
20251|0x37313|4|1812221
20251|0x37313|5|4073309
20251|0x37313|6|8024512
20251|0x237313|7|15907081
20251|0x637313|8|32243786
20251|0x637313|9|64304511
20251|0x1637313|10|128494966
20251|0x3637313|11|257549178
20251|0x7637313|12|515746534
20251|0xf637313|13|1023081275
20251|0x1f637313|14|1833540192
20251|0x1f637313|15|4096342323
20251|0x1f637313|16|8207036957
20251|0x1f637313|17|14155313092
20251|0x11f637313|18|30757956323
20251|0x31f637313|19|59033062477
20251|0x71f637313|20|113964030518
20251|0x71f637313|21|222768406357
20251|0x171f637313|22|434785426608
20251|0x371f637313|23|874763973711
20251|0x371f637313|24|1756673671108
20353|0xf081|1|196711
20353|0x1f081|2|515299
20353|0x3f081|3|989920
20353|0x7f081|4|1992449
20353|0xff081|5|3893904
20353|0xff081|6|8074748
20353|0xff081|7|16125532
20353|0x4ff081|8|32061359
20353|0xcff081|9|64445139
20353|0xcff081|10|128708558
20353|0xcff081|11|256676280
20353|0x4cff081|12|468283321
20353|0xccff081|13|1032762479
20353|0xccff081|14|1707139244
20353|0x2ccff081|15|3538166971
20353|0x6ccff081|16|6788705363
20353|0x6ccff081|17|16397731462
20353|0x16ccff081|18|32964070791
20353|0x16ccff081|19|58806545875
20353|0x56ccff081|20|113584137557
20353|0x56ccff081|21|219764459458
20353|0x156ccff081|22|432544181728
20353|0x356ccff081|23|874730960414
20353|0x356ccff081|24|1749267497225
20473|0x4249|1|211836
20473|0x14249|2|473382
20473|0x34249|3|994342
20473|0x34249|4|1999632
20473|0x34249|5|3927873
20473|0x34249|6|8082971
20473|0x234249|7|16168756
20473|0x634249|8|32297906
20473|0x634249|9|64489666
20473|0x634249|10|129373514
20473|0x2634249|11|258782964
20473|0x6634249|12|517272789
20473|0xe634249|13|1033863529
20473|0xe634249|14|2045015568
20473|0x2e634249|15|3486383227
20473|0x6e634249|16|8265126780
20473|0x6e634249|17|13587397728
20473|0x6e634249|18|28384282529
20473|0x6e634249|19|56022375093
20473|0x46e634249|20|110083467144
20473|0x46e634249|21|219933125657
20473|0x46e634249|22|432528337893
20473|0x246e634249|23|910070634457
20473|0x246e634249|24|1750455957043
20971|0x4ec3|1|196625
20971|0x4ec3|2|427721
20971|0x4ec3|3|881268
20971|0x44ec3|4|2029066
20971|0x44ec3|5|4119534
20971|0x44ec3|6|8009045
20971|0x244ec3|7|16100113
20971|0x644ec3|8|32414439
20971|0x644ec3|9|64561223
20971|0x1644ec3|10|129489140
20971|0x1644ec3|11|258900959
20971|0x5644ec3|12|517997147
20971|0x5644ec3|13|973858830
20971|0x15644ec3|14|1687147852
20971|0x35644ec3|15|4142520172
20971|0x75644ec3|16|8285846143
20971|0xf5644ec3|17|14849535099
20971|0xf5644ec3|18|28574252337
20971|0x2f5644ec3|19|55480357546
20971|0x6f5644ec3|20|112396808186
20971|0xef5644ec3|21|220402447847
20971|0xef5644ec3|22|433569470370
20971|0x2ef5644ec3|23|877163335029
20971|0x6ef5644ec3|24|1754651262044
21075|0xc1db|1|202385
21075|0x1c1db|2|421083
21075|0x3c1db|3|907257
21075|0x3c1db|4|1979052
21075|0x3c1db|5|4051413
21075|0x13c1db|6|7869687
21075|0x13c1db|7|16011033
21075|0x13c1db|8|32169330
21075|0x93c1db|9|64077592
21075|0x93c1db|10|128304916
21075|0x93c1db|11|257057743
21075|0x493c1db|12|513434748
21075|0x493c1db|13|1020401786
21075|0x1493c1db|14|2052383449
21075|0x1493c1db|15|3515172499
21075|0x1493c1db|16|6690735588
21075|0x1493c1db|17|14225457051
21075|0x1493c1db|18|26734588099
21075|0x21493c1db|19|55708049205
21075|0x61493c1db|20|109465876134
21075|0x61493c1db|21|225848529725
21075|0x161493c1db|22|432303452712
21075|0x161493c1db|23|875194932469
21075|0x561493c1db|24|1749878406801
21189|0x5c0d|1|174626
21189|0x15c0d|2|421700
21189|0x15c0d|3|955456
21189|0x15c0d|4|2027674
21189|0x95c0d|5|3955212
21189|0x195c0d|6|7953341
21189|0x195c0d|7|16065822
21189|0x195c0d|8|31914248
21189|0x195c0d|9|63977058
21189|0x1195c0d|10|128190223
21189|0x1195c0d|11|256122067
21189|0x1195c0d|12|491270869
21189|0x9195c0d|13|1024960972
21189|0x9195c0d|14|1762318121
21189|0x29195c0d|15|4104252511
21189|0x69195c0d|16|7837298658
21189|0x69195c0d|17|16409704567
21189|0x169195c0d|18|26906325959
21189|0x169195c0d|19|54232241127
21189|0x169195c0d|20|108748826028
21189|0x169195c0d|21|222243843147
21189|0x169195c0d|22|432530661454
21189|0x169195c0d|23|877244607973
21189|0x4169195c0d|24|1748934069038
21299|0xdffb|1|196231
21299|0x1dffb|2|477896
21299|0x3dffb|3|1007983
21299|0x7dffb|4|2050222
21299|0x7dffb|5|3861108
21299|0x17dffb|6|8046998
21299|0x37dffb|7|16078845
21299|0x77dffb|8|31958450
21299|0xf7dffb|9|64128261
21299|0x1f7dffb|10|128111090
21299|0x3f7dffb|11|256907360
21299|0x3f7dffb|12|514242424
21299|0xbf7dffb|13|1027414118
21299|0xbf7dffb|14|1944133627
21299|0xbf7dffb|15|4110134134
21299|0x4bf7dffb|16|6913016711
21299|0xcbf7dffb|17|16446155933
21299|0xcbf7dffb|18|28937806065
21299|0x2cbf7dffb|19|54751415237
21299|0x2cbf7dffb|20|111932473003
21299|0x2cbf7dffb|21|220671352586
21299|0x12cbf7dffb|22|434262278896
21299|0x32cbf7dffb|23|874646052975
21299|0x72cbf7dffb|24|1750120044485
21407|0x85f|1|174712
21407|0x85f|2|471455
21407|0x85f|3|1023070
21407|0x4085f|4|2035960
21407|0xc085f|5|3878762
21407|0x1c085f|6|8000052
21407|0x3c085f|7|16057968
21407|0x3c085f|8|31967637
21407|0x3c085f|9|64119392
21407|0x3c085f|10|128172679
21407|0x3c085f|11|256965369
21407|0x43c085f|12|513970698
21407|0xc3c085f|13|1026832681
21407|0x1c3c085f|14|2057542487
21407|0x1c3c085f|15|4110515608
21407|0x1c3c085f|16|6813378064
21407|0x1c3c085f|17|14371834048
21407|0x11c3c085f|18|28247643242
21407|0x11c3c085f|19|55515227966
21407|0x11c3c085f|20|116637253964
21407|0x91c3c085f|21|219744182759
21407|0x191c3c085f|22|435541612268
21407|0x191c3c085f|23|873332234872
21407|0x591c3c085f|24|1752484156883
21883|0x41b3|1|199700
21883|0x41b3|2|426606
21883|0x41b3|3|862162
21883|0x41b3|4|1904976
21883|0x41b3|5|4073778
21883|0x1041b3|6|7951639
21883|0x3041b3|7|16006712
21883|0x3041b3|8|32258711
21883|0x3041b3|9|64194036
21883|0x13041b3|10|128680760
21883|0x13041b3|11|257101628
21883|0x13041b3|12|515652184
21883|0x93041b3|13|1030452350
21883|0x193041b3|14|2058640810
21883|0x393041b3|15|4118828749
21883|0x393041b3|16|7829146138
21883|0xb93041b3|17|13993343187
21883|0xb93041b3|18|27839466297
21883|0x2b93041b3|19|60037825545
21883|0x6b93041b3|20|108232863020
21883|0xeb93041b3|21|220701445186
21883|0x1eb93041b3|22|432831781114
21883|0x1eb93041b3|23|875834689624
21883|0x5eb93041b3|24|1748353589182
21993|0xd259|1|199594
21993|0x1d259|2|425924
21993|0x1d259|3|963359
21993|0x1d259|4|1975210
21993|0x1d259|5|3906707
21993|0x1d259|6|8049921
21993|0x1d259|7|16097203
21993|0x1d259|8|32163484
21993|0x81d259|9|64569744
21993|0x181d259|10|128588001
21993|0x381d259|11|256983393
21993|0x781d259|12|514729920
21993|0x781d259|13|906374926
21993|0x1781d259|14|2057971069
21993|0x1781d259|15|4118934238
21993|0x1781d259|16|6703953420
21993|0x9781d259|17|13712166830
21993|0x9781d259|18|27255226395
21993|0x9781d259|19|55980927982
21993|0x9781d259|20|110941517159
21993|0x89781d259|21|222519851200
21993|0x89781d259|22|433087778554
21993|0x289781d259|23|872401588636
21993|0x689781d259|24|1747771087854
22109|0x2df5|1|199901
22109|0x12df5|2|426430
22109|0x32df5|3|981559
22109|0x32df5|4|2004491
22109|0xb2df5|5|3900478
22109|0xb2df5|6|8056816
22109|0xb2df5|7|16161186
22109|0xb2df5|8|32200660
22109|0x8b2df5|9|64471130
22109|0x8b2df5|10|128815633
22109|0x8b2df5|11|235452124
22109|0x48b2df5|12|515433492
22109|0xc8b2df5|13|1029890963
22109|0x1c8b2df5|14|1878699194
22109|0x3c8b2df5|15|4036602665
22109|0x7c8b2df5|16|8242012546
22109|0x7c8b2df5|17|16474744955
22109|0x7c8b2df5|18|30068001857
22109|0x7c8b2df5|19|55809401674
22109|0x47c8b2df5|20|113105861026
22109|0xc7c8b2df5|21|220085185402
22109|0xc7c8b2df5|22|432793816244
22109|0x2c7c8b2df5|23|873030572043
22109|0x2c7c8b2df5|24|1750601010181
22225|0xc231|1|175912
22225|0x1c231|2|375843
22225|0x1c231|3|960091
22225|0x5c231|4|2007461
22225|0x5c231|5|3948192
22225|0x15c231|6|8029317
22225|0x15c231|7|16183522
22225|0x15c231|8|32152114
22225|0x15c231|9|64511239
22225|0x115c231|10|128895361
22225|0x315c231|11|257500093
22225|0x715c231|12|515788061
22225|0xf15c231|13|1031147582
22225|0xf15c231|14|2060118852
22225|0x2f15c231|15|4122600835
22225|0x6f15c231|16|8251625015
22225|0x6f15c231|17|13722068483
22225|0x6f15c231|18|26878528224
22225|0x6f15c231|19|58557690259
22225|0x46f15c231|20|113184551307
22225|0x46f15c231|21|228228751721
22225|0x146f15c231|22|432050220532
22225|0x146f15c231|23|874119027531
22225|0x146f15c231|24|2794616288656
22363|0xd3|1|311312
22363|0xd3|2|668576
22363|0xd3|3|1522282
22363|0xd3|4|3177694
22363|0x800d3|5|6501803
22363|0x800d3|6|13030969
22363|0x2800d3|7|26064219
22363|0x2800d3|8|52151328
22363|0xa800d3|9|104351950
22363|0xa800d3|10|208658568
22363|0xa800d3|11|417402057
22363|0x4a800d3|12|699435163
22363|0x4a800d3|13|1570977915
22363|0x4a800d3|14|2855816595
22363|0x4a800d3|15|5714569315
22363|0x44a800d3|16|11458639485
22363|0xc4a800d3|17|21573698378
22363|0x1c4a800d3|18|44139228651
22363|0x3c4a800d3|19|87842485579
22363|0x7c4a800d3|20|176744837299
22363|0xfc4a800d3|21|352527256956
22363|0x1fc4a800d3|22|705012957930
22363|0x3fc4a800d3|23|1409960676713
22363|0x3fc4a800d3|24|2819378717454
22911|0x667f|1|312677
22911|0x1667f|2|677554
22911|0x1667f|3|1567696
22911|0x5667f|4|3231605
22911|0x5667f|5|6424178
22911|0x15667f|6|12998005
22911|0x15667f|7|26101255
22911|0x55667f|8|52257360
22911|0x55667f|9|104493444
22911|0x155667f|10|209048953
22911|0x355667f|11|418082817
22911|0x355667f|12|836228274
22911|0xb55667f|13|1448342293
22911|0x1b55667f|14|3006524409
22911|0x1b55667f|15|5394182233
22911|0x5b55667f|16|11829288493
22911|0x5b55667f|17|21583578096
22911|0x5b55667f|18|43211886725
22911|0x25b55667f|19|88125929603
22911|0x65b55667f|20|176376222107
22911|0xe5b55667f|21|352033511223
22911|0xe5b55667f|22|704104406381
22911|0x2e5b55667f|23|1408079964200
22911|0x6e5b55667f|24|2816190386458
23087|0x2ccf|1|316864
23087|0x12ccf|2|678348
23087|0x12ccf|3|1561100
23087|0x12ccf|4|3223820
23087|0x92ccf|5|5904801
23087|0x192ccf|6|12096648
23087|0x392ccf|7|24484561
23087|0x792ccf|8|49333196
23087|0x792ccf|9|97542825
23087|0x792ccf|10|195463716
23087|0x792ccf|11|389693394
23087|0x792ccf|12|851117636
23087|0x792ccf|13|1454102778
23087|0x10792ccf|14|2892222578
23087|0x30792ccf|15|5473994731
23087|0x30792ccf|16|10961961133
23087|0xb0792ccf|17|21757270144
23087|0x1b0792ccf|18|43801894150
23087|0x3b0792ccf|19|88232723312
23087|0x3b0792ccf|20|176113042473
23087|0xbb0792ccf|21|352393601021
23087|0x1bb0792ccf|22|704122273687
23087|0x3bb0792ccf|23|1407620061388
23087|0x3bb0792ccf|24|2814949733440
23271|0x18d7|1|317154
23271|0x18d7|2|699071
23271|0x218d7|3|1547930
23271|0x218d7|4|3238571
23271|0x218d7|5|6472035
23271|0x218d7|6|13095909
23271|0x2218d7|7|26201022
23271|0x2218d7|8|52394173
23271|0xa218d7|9|104634525
23271|0x1a218d7|10|209335880
23271|0x3a218d7|11|418850946
23271|0x7a218d7|12|702243687
23271|0x7a218d7|13|1675820763
23271|0x7a218d7|14|3349694549
23271|0x27a218d7|15|5950323236
23271|0x67a218d7|16|10798006442
23271|0xe7a218d7|17|21886625002
23271|0xe7a218d7|18|44976979621
23271|0xe7a218d7|19|88241154622
23271|0xe7a218d7|20|176851558679
23271|0xe7a218d7|21|353429992715
23271|0xe7a218d7|22|704610533972
23271|0xe7a218d7|23|1409627780233
23271|0x40e7a218d7|24|2818746113050
23441|0xc571|1|317859
23441|0x1c571|2|699466
23441|0x1c571|3|1552408
23441|0x1c571|4|3246169
23441|0x1c571|5|6507574
23441|0x11c571|6|13026269
23441|0x11c571|7|26139128
23441|0x51c571|8|52302201
23441|0xd1c571|9|104630799
23441|0xd1c571|10|209328521
23441|0xd1c571|11|418758755
23441|0xd1c571|12|837497514
23441|0x8d1c571|13|1562558048
23441|0x18d1c571|14|2770045447
23441|0x38d1c571|15|5482976237
23441|0x78d1c571|16|11279909718
23441|0x78d1c571|17|21639853179
23441|0x178d1c571|18|43197975411
23441|0x178d1c571|19|87988152429
23441|0x178d1c571|20|176130385750
23441|0x978d1c571|21|351558514480
23441|0x1978d1c571|22|703096793697
23441|0x3978d1c571|23|1406435087368
23441|0x3978d1c571|24|2812691297985
24005|0x190d|1|319215
24005|0x1190d|2|702150
24005|0x3190d|3|1565994
24005|0x7190d|4|3169854
24005|0x7190d|5|6455419
24005|0x17190d|6|13068386
24005|0x37190d|7|26207085
24005|0x37190d|8|52403467
24005|0xb7190d|9|104868753
24005|0x1b7190d|10|209719264
24005|0x3b7190d|11|419572028
24005|0x3b7190d|12|839216410
24005|0x3b7190d|13|1681719273
24005|0x3b7190d|14|3026791286
24005|0x23b7190d|15|5476678271
24005|0x23b7190d|16|10829050447
24005|0x23b7190d|17|21912254696
24005|0x123b7190d|18|44926378290
24005|0x323b7190d|19|88080232146
24005|0x723b7190d|20|176042835907
24005|0xf23b7190d|21|352161190017
24005|0xf23b7190d|22|702887290681
24005|0x2f23b7190d|23|1404660239078
24005|0x6f23b7190d|24|2513036749213
24185|0xabc9|1|179684
24185|0x1abc9|2|386659
24185|0x3abc9|3|879300
24185|0x3abc9|4|1946005
24185|0x3abc9|5|3818627
24185|0x13abc9|6|7678989
24185|0x33abc9|7|15359706
24185|0x33abc9|8|30895650
24185|0xb3abc9|9|61313696
24185|0xb3abc9|10|123104165
24185|0x2b3abc9|11|245908213
24185|0x2b3abc9|12|492046729
24185|0x2b3abc9|13|985884240
24185|0x2b3abc9|14|1971699642
24185|0x2b3abc9|15|3514898087
24185|0x42b3abc9|16|7879242657
24185|0xc2b3abc9|17|12624467850
24185|0xc2b3abc9|18|26779102335
24185|0x2c2b3abc9|19|51607135205
24185|0x6c2b3abc9|20|105073019086
24185|0x6c2b3abc9|21|208060768163
24185|0x16c2b3abc9|22|416726106707
24185|0x16c2b3abc9|23|830224387388
24185|0x56c2b3abc9|24|1657530859346
24285|0x6975|1|179740
24285|0x6975|2|431996
24285|0x6975|3|880686
24285|0x46975|4|1948670
24285|0xc6975|5|3812963
24285|0x1c6975|6|7913616
24285|0x1c6975|7|15566542
24285|0x5c6975|8|31247318
24285|0xdc6975|9|62445742
24285|0x1dc6975|10|124811223
24285|0x3dc6975|11|249580176
24285|0x7dc6975|12|499380657
24285|0xfdc6975|13|898743735
24285|0xfdc6975|14|1992665749
24285|0x2fdc6975|15|3987995113
24285|0x6fdc6975|16|7007739853
24285|0xefdc6975|17|14405132377
24285|0xefdc6975|18|26248692284
24285|0x2efdc6975|19|52200753055
24285|0x6efdc6975|20|104760847182
24285|0x6efdc6975|21|207901513569
24285|0x16efdc6975|22|415943604390
24285|0x36efdc6975|23|827964493986
24285|0x36efdc6975|24|1660751308601
24393|0xc2f9|1|179815
24393|0xc2f9|2|386265
24393|0x2c2f9|3|882249
24393|0x6c2f9|4|1824251
24393|0xec2f9|5|4000670
24393|0x1ec2f9|6|7666404
24393|0x3ec2f9|7|15710855
24393|0x7ec2f9|8|31032109
24393|0xfec2f9|9|62353995
24393|0x1fec2f9|10|124938454
24393|0x1fec2f9|11|209358495
24393|0x5fec2f9|12|499026220
24393|0x5fec2f9|13|974187663
24393|0x5fec2f9|14|1996408786
24393|0x5fec2f9|15|3315465823
24393|0x45fec2f9|16|7980504445
24393|0xc5fec2f9|17|13054814982
24393|0xc5fec2f9|18|27038877043
24393|0x2c5fec2f9|19|51990970796
24393|0x6c5fec2f9|20|104158894930
24393|0xec5fec2f9|21|208508310283
24393|0x1ec5fec2f9|22|413919199177
24393|0x1ec5fec2f9|23|829034394803
24393|0x5ec5fec2f9|24|1975032897092
24501|0xd69d|1|320673
24501|0xd69d|2|690663
24501|0xd69d|3|1580706
24501|0x4d69d|4|3202122
24501|0x4d69d|5|6530960
24501|0x14d69d|6|13056316
24501|0x34d69d|7|26242414
24501|0x34d69d|8|52599829
24501|0x34d69d|9|105162837
24501|0x134d69d|10|174943386
24501|0x334d69d|11|420726739
24501|0x334d69d|12|841733889
24501|0x334d69d|13|1663234466
24501|0x334d69d|14|2805741765
24501|0x2334d69d|15|5659391013
24501|0x2334d69d|16|11093404226
24501|0xa334d69d|17|21701943411
24501|0xa334d69d|18|45542085233
24501|0xa334d69d|19|87194425900
24501|0x4a334d69d|20|176105120753
24501|0xca334d69d|21|270557812543
24501|0xca334d69d|22|414091782177
24501|0xca334d69d|23|854916854085
24501|0xca334d69d|24|1735238184525
25001|0xd299|1|209092
25001|0x1d299|2|442283
25001|0x1d299|3|951926
25001|0x1d299|4|1807966
25001|0x1d299|5|3858240
25001|0x1d299|6|7665000
25001|0x1d299|7|15273469
25001|0x1d299|8|30852519
25001|0x1d299|9|61576987
25001|0x1d299|10|123857794
25001|0x201d299|11|246555548
25001|0x601d299|12|493409910
25001|0xe01d299|13|987301593
25001|0x1e01d299|14|1974191909
25001|0x1e01d299|15|3948867856
25001|0x1e01d299|16|7656213128
25001|0x9e01d299|17|12899821484
25001|0x19e01d299|18|25551628217
25001|0x19e01d299|19|52118654985
25001|0x19e01d299|20|102490440766
25001|0x19e01d299|21|235063173400
25001|0x119e01d299|22|701902327198
25001|0x119e01d299|23|1113499035299
25001|0x119e01d299|24|2231378283353
25139|0x68fb|1|181071
25139|0x168fb|2|389836
25139|0x168fb|3|893012
25139|0x168fb|4|1876241
25139|0x968fb|5|3846264
25139|0x1968fb|6|7624975
25139|0x1968fb|7|15417828
25139|0x5968fb|8|30909894
25139|0x5968fb|9|62119844
25139|0x5968fb|10|123695138
25139|0x5968fb|11|247275745
25139|0x45968fb|12|494774836
25139|0xc5968fb|13|989848075
25139|0x1c5968fb|14|1979718825
25139|0x3c5968fb|15|3377910242
25139|0x7c5968fb|16|6544090824
25139|0x7c5968fb|17|13544150197
25139|0x17c5968fb|18|25528107449
25139|0x37c5968fb|19|52038808577
25139|0x77c5968fb|20|103407863178
25139|0xf7c5968fb|21|205990283723
25139|0x1f7c5968fb|22|414439614079
25139|0x3f7c5968fb|23|857040423162
25139|0x7f7c5968fb|24|2657903378088
25277|0x2895|1|345207
25277|0x12895|2|697351
25277|0x12895|3|1599736
25277|0x52895|4|3244979
25277|0xd2895|5|6512373
25277|0xd2895|6|13111112
25277|0xd2895|7|26260821
25277|0x4d2895|8|52695167
25277|0xcd2895|9|105406414
25277|0x1cd2895|10|213832377
25277|0x3cd2895|11|421936709
25277|0x3cd2895|12|844449344
25277|0xbcd2895|13|1357495697
25277|0xbcd2895|14|2805566867
25277|0xbcd2895|15|5543709163
25277|0x4bcd2895|16|11505719723
25277|0xcbcd2895|17|21570562351
25277|0x1cbcd2895|18|44126973366
25277|0x1cbcd2895|19|88035357641
25277|0x1cbcd2895|20|175990865967
25277|0x9cbcd2895|21|351211363508
25277|0x9cbcd2895|22|581919098115
25277|0x9cbcd2895|23|829784963760
25277|0x49cbcd2895|24|1654225324279
25395|0x4ffb|1|207878
25395|0x4ffb|2|436057
25395|0x24ffb|3|896865
25395|0x64ffb|4|1807063
25395|0x64ffb|5|3986968
25395|0x164ffb|6|7808180
25395|0x364ffb|7|15794911
25395|0x764ffb|8|31238051
25395|0xf64ffb|9|62617956
25395|0xf64ffb|10|125138336
25395|0x2f64ffb|11|250818394
25395|0x2f64ffb|12|500785588
25395|0xaf64ffb|13|1000735738
25395|0x1af64ffb|14|1949547435
25395|0x3af64ffb|15|3725565780
25395|0x3af64ffb|16|8011942899
25395|0x3af64ffb|17|12902992329
25395|0x13af64ffb|18|25736590979
25395|0x13af64ffb|19|51498563564
25395|0x53af64ffb|20|104832816414
25395|0xd3af64ffb|21|207460127737
25395|0x1d3af64ffb|22|414085341762
25395|0x3d3af64ffb|23|827235354626
25395|0x3d3af64ffb|24|2124957198509
25521|0x551|1|181969
25521|0x551|2|389707
25521|0x20551|3|898507
25521|0x60551|4|1901766
25521|0xe0551|5|3934090
25521|0xe0551|6|7722275
25521|0xe0551|7|15638643
25521|0x4e0551|8|31174770
25521|0x4e0551|9|61854616
25521|0x4e0551|10|123329483
25521|0x24e0551|11|246242571
25521|0x64e0551|12|494067457
25521|0xe4e0551|13|965715919
25521|0x1e4e0551|14|1937919988
25521|0x3e4e0551|15|3958039482
25521|0x7e4e0551|16|7290199239
25521|0xfe4e0551|17|13388388372
25521|0xfe4e0551|18|26178604122
25521|0xfe4e0551|19|52955329479
25521|0xfe4e0551|20|103986358872
25521|0x8fe4e0551|21|242757377486
25521|0x18fe4e0551|22|700910999484
25521|0x38fe4e0551|23|1284178234174
25521|0x78fe4e0551|24|1870707436123
26021|0xfa2d|1|324475
26021|0x1fa2d|2|701161
26021|0x3fa2d|3|1614316
26021|0x7fa2d|4|3303119
26021|0xffa2d|5|6585463
26021|0xffa2d|6|13165437
26021|0xffa2d|7|26366097
26021|0xffa2d|8|52863103
26021|0xffa2d|9|105687806
26021|0xffa2d|10|211423877
26021|0xffa2d|11|422965718
26021|0xffa2d|12|734164302
26021|0x80ffa2d|13|1375172030
26021|0x80ffa2d|14|2936255115
26021|0x80ffa2d|15|5507296492
26021|0x80ffa2d|16|10955151502
26021|0x880ffa2d|17|23223253215
26021|0x880ffa2d|18|43659990543
26021|0x2880ffa2d|19|89208861058
26021|0x2880ffa2d|20|175027135047
26021|0x2880ffa2d|21|315664232523
26021|0x12880ffa2d|22|425470745505
26021|0x32880ffa2d|23|877622489393
26021|0x72880ffa2d|24|1739882845435
26137|0x9629|1|207383
26137|0x19629|2|448060
26137|0x19629|3|1031132
26137|0x59629|4|2104826
26137|0x59629|5|4076026
26137|0x59629|6|8300742
26137|0x259629|7|16537291
26137|0x259629|8|33048828
26137|0xa59629|9|65933028
26137|0xa59629|10|131649802
26137|0x2a59629|11|263973866
26137|0x6a59629|12|527835247
26137|0x6a59629|13|1055845110
26137|0x6a59629|14|2110985104
26137|0x26a59629|15|3471139840
26137|0x66a59629|16|7337165296
26137|0x66a59629|17|13642166915
26137|0x66a59629|18|26924862884
26137|0x66a59629|19|57155748742
26137|0x66a59629|20|110628718639
26137|0x66a59629|21|215715610935
26137|0x1066a59629|22|439261257286
26137|0x1066a59629|23|872403377475
26137|0x1066a59629|24|1741278945668
26255|0xf86f|1|205676
26255|0x1f86f|2|447664
26255|0x3f86f|3|886858
26255|0x7f86f|4|1940300
26255|0x7f86f|5|4138593
26255|0x17f86f|6|8140470
26255|0x37f86f|7|16317628
26255|0x77f86f|8|32961894
26255|0x77f86f|9|65826576
26255|0x77f86f|10|131829712
26255|0x77f86f|11|264453761
26255|0x77f86f|12|527247526
26255|0x77f86f|13|1055512504
26255|0x1077f86f|14|1696565038
26255|0x1077f86f|15|4245972209
26255|0x1077f86f|16|7137067553
26255|0x1077f86f|17|14996534845
26255|0x11077f86f|18|28341405957
26255|0x11077f86f|19|55136494934
26255|0x11077f86f|20|109393748175
26255|0x91077f86f|21|214526050930
26255|0x91077f86f|22|440112345476
26255|0x291077f86f|23|869043925727
26255|0x291077f86f|24|1744648081341
26369|0x9901|1|207698
26369|0x9901|2|472920
26369|0x9901|3|962923
26369|0x9901|4|1859364
26369|0x9901|5|3889092
26369|0x109901|6|7552312
26369|0x309901|7|15137374
26369|0x709901|8|30282343
26369|0x709901|9|60501728
26369|0x709901|10|121728995
26369|0x2709901|11|241374757
26369|0x2709901|12|486878100
26369|0x2709901|13|976754824
26369|0x12709901|14|1916211935
26369|0x32709901|15|3896056322
26369|0x32709901|16|8455677317
26369|0xb2709901|17|13843588517
26369|0xb2709901|18|28284488603
26369|0xb2709901|19|54074752196
26369|0x4b2709901|20|114884149255
26369|0x4b2709901|21|225666297719
26369|0x14b2709901|22|438795102505
26369|0x34b2709901|23|887496144828
26369|0x34b2709901|24|1741314512296
26481|0x7991|1|207981
26481|0x17991|2|450033
26481|0x17991|3|964738
26481|0x17991|4|2040668
26481|0x17991|5|3989734
26481|0x117991|6|8233097
26481|0x317991|7|16476052
26481|0x717991|8|33040020
26481|0x717991|9|66025436
26481|0x717991|10|132033142
26481|0x2717991|11|264086560
26481|0x6717991|12|528502850
26481|0x6717991|13|1056213752
26481|0x6717991|14|2113689575
26481|0x6717991|15|4227119671
26481|0x6717991|16|7081338617
26481|0x86717991|17|14322009501
26481|0x186717991|18|28215873389
26481|0x186717991|19|55191618438
26481|0x586717991|20|110410552086
26481|0xd86717991|21|216447016527
26481|0x1d86717991|22|439570795086
26481|0x3d86717991|23|995874550548
26481|0x7d86717991|24|2797239548125
26619|0x8b33|1|326524
26619|0x8b33|2|708281
26619|0x28b33|3|1520846
26619|0x28b33|4|3212833
26619|0x28b33|5|6532445
26619|0x28b33|6|13198616
26619|0x28b33|7|26417494
26619|0x28b33|8|42070908
26619|0x828b33|9|105915652
26619|0x828b33|10|211914736
26619|0x2828b33|11|423891826
26619|0x6828b33|12|847928989
26619|0xe828b33|13|1696066905
26619|0xe828b33|14|3391736169
26619|0xe828b33|15|5540534764
26619|0x4e828b33|16|10797560668
26619|0xce828b33|17|21774731030
26619|0x1ce828b33|18|44229095307
26619|0x1ce828b33|19|86836681721
26619|0x5ce828b33|20|174918682620
26619|0xdce828b33|21|350942150544
26619|0xdce828b33|22|702324120697
26619|0x2dce828b33|23|1398258783716
26619|0x2dce828b33|24|2796255748207
27155|0xf01b|1|328176
27155|0x1f01b|2|713215
27155|0x1f01b|3|1530065
27155|0x1f01b|4|3223104
27155|0x1f01b|5|6573354
27155|0x11f01b|6|13217818
27155|0x11f01b|7|26486012
27155|0x51f01b|8|53025279
27155|0xd1f01b|9|106012479
27155|0x1d1f01b|10|212199643
27155|0x1d1f01b|11|424560976
27155|0x1d1f01b|12|853918663
27155|0x1d1f01b|13|1439848818
27155|0x11d1f01b|14|2740874435
27155|0x11d1f01b|15|5647755483
27155|0x51d1f01b|16|10992444292
27155|0x51d1f01b|17|21633627994
27155|0x151d1f01b|18|43108972728
27155|0x351d1f01b|19|87428938009
27155|0x351d1f01b|20|174698899269
27155|0x351d1f01b|21|349010970506
27155|0x351d1f01b|22|699575140967
27155|0x2351d1f01b|23|1397356551553
27155|0x2351d1f01b|24|2792885961922
27335|0x36f7|1|328415
27335|0x136f7|2|714868
27335|0x136f7|3|1534226
27335|0x536f7|4|3236856
27335|0x536f7|5|6625906
27335|0x1536f7|6|13242886
27335|0x1536f7|7|26480646
27335|0x5536f7|8|53072931
27335|0x5536f7|9|106122061
27335|0x15536f7|10|212361973
27335|0x35536f7|11|424883925
27335|0x35536f7|12|757228984
27335|0x35536f7|13|1406346181
27335|0x35536f7|14|2722681553
27335|0x235536f7|15|5444124990
27335|0x635536f7|16|10941513162
27335|0xe35536f7|17|21677565472
27335|0xe35536f7|18|44126046943
27335|0x2e35536f7|19|87264942042
27335|0x2e35536f7|20|176867847492
27335|0x2e35536f7|21|350487040646
27335|0x2e35536f7|22|698702355459
27335|0x22e35536f7|23|1395945944314
27335|0x62e35536f7|24|2792104775908
27517|0xa5d5|1|332968
27517|0x1a5d5|2|716389
27517|0x3a5d5|3|1560704
27517|0x3a5d5|4|3237063
27517|0xba5d5|5|6608488
27517|0xba5d5|6|13271253
27517|0xba5d5|7|26563478
27517|0xba5d5|8|53106986
27517|0xba5d5|9|106163776
27517|0xba5d5|10|212490634
27517|0xba5d5|11|351954678
27517|0x40ba5d5|12|696874544
27517|0xc0ba5d5|13|1389676059
27517|0xc0ba5d5|14|2871914074
27517|0xc0ba5d5|15|5556428782
27517|0x4c0ba5d5|16|10936618992
27517|0x4c0ba5d5|17|21710494965
27517|0x4c0ba5d5|18|43320741048
27517|0x24c0ba5d5|19|86954261799
27517|0x24c0ba5d5|20|176116522461
27517|0xa4c0ba5d5|21|348809167376
27517|0x1a4c0ba5d5|22|698478982353
27517|0x3a4c0ba5d5|23|1395331175140
27517|0x7a4c0ba5d5|24|2791515873565
28075|0x2503|1|348990
28075|0x12503|2|722743
28075|0x32503|3|1549831
28075|0x72503|4|3265771
28075|0xf2503|5|6560900
28075|0xf2503|6|13247528
28075|0x2f2503|7|26564652
28075|0x6f2503|8|53220833
28075|0x6f2503|9|106336870
28075|0x16f2503|10|212886850
28075|0x16f2503|11|425864963
28075|0x16f2503|12|851833203
28075|0x96f2503|13|1465349429
28075|0x96f2503|14|2738463992
28075|0x296f2503|15|5680517153
28075|0x296f2503|16|11791889626
28075|0x296f2503|17|21845276479
28075|0x296f2503|18|43608083471
28075|0x296f2503|19|86254240622
28075|0x296f2503|20|175930161204
28075|0x296f2503|21|346001456356
28075|0x296f2503|22|693607299669
28075|0x296f2503|23|1398834562633
28075|0x40296f2503|24|2786902133635
28249|0xf9e9|1|327655
28249|0x1f9e9|2|722358
28249|0x3f9e9|3|1578295
28249|0x7f9e9|4|3257523
28249|0xff9e9|5|6576763
28249|0x1ff9e9|6|13309589
28249|0x1ff9e9|7|26630600
28249|0x1ff9e9|8|53231715
28249|0x9ff9e9|9|106409353
28249|0x19ff9e9|10|212980806
28249|0x39ff9e9|11|406113818
28249|0x39ff9e9|12|853259952
28249|0x39ff9e9|13|1712419471
28249|0x39ff9e9|14|2707148563
28249|0x39ff9e9|15|6392277462
28249|0x39ff9e9|16|10790400309
28249|0x39ff9e9|17|22120225041
28249|0x39ff9e9|18|43487326568
28249|0x39ff9e9|19|86216028316
28249|0x39ff9e9|20|172460881349
28249|0x39ff9e9|21|344920986643
28249|0x10039ff9e9|22|699915294319
28249|0x30039ff9e9|23|1397048691445
28249|0x70039ff9e9|24|2786636178363
28433|0x61f1|1|328359
28433|0x61f1|2|724972
28433|0x261f1|3|1581474
28433|0x261f1|4|3319022
28433|0x261f1|5|6609947
28433|0x261f1|6|13288499
28433|0x2261f1|7|26554688
28433|0x6261f1|8|44232834
28433|0x6261f1|9|106580979
28433|0x16261f1|10|190833570
28433|0x16261f1|11|426440614
28433|0x16261f1|12|855232133
28433|0x16261f1|13|1382046249
28433|0x16261f1|14|3104609363
28433|0x16261f1|15|5699899744
28433|0x416261f1|16|11602264862
28433|0x416261f1|17|21624717534
28433|0x416261f1|18|43268770928
28433|0x2416261f1|19|86727925119
28433|0x2416261f1|20|175829575173
28433|0x2416261f1|21|349254985110
28433|0x2416261f1|22|699827364124
28433|0x2416261f1|23|1395439562659
28433|0x2416261f1|24|2785576514743
28617|0xda79|1|328759
28617|0xda79|2|725959
28617|0x2da79|3|1561413
28617|0x2da79|4|3297298
28617|0xada79|5|6614165
28617|0xada79|6|13247048
28617|0xada79|7|26662338
28617|0x4ada79|8|54636057
28617|0xcada79|9|106659638
28617|0xcada79|10|197915664
28617|0xcada79|11|426553576
28617|0x4cada79|12|722392373
28617|0xccada79|13|1703134459
28617|0xccada79|14|2760810920
28617|0xccada79|15|5479812990
28617|0xccada79|16|11064437418
28617|0xccada79|17|21747727104
28617|0xccada79|18|43109296861
28617|0x20ccada79|19|87532878141
28617|0x20ccada79|20|174014791632
28617|0xa0ccada79|21|348589294034
28617|0x1a0ccada79|22|697479442130
28617|0x1a0ccada79|23|1391977432676
28617|0x1a0ccada79|24|2783774634185
29159|0x11d7|1|330952
29159|0x11d7|2|727606
29159|0x11d7|3|1570998
29159|0x11d7|4|3190246
29159|0x11d7|5|6562839
29159|0x1011d7|6|13216410
29159|0x3011d7|7|26618248
29159|0x7011d7|8|53420541
29159|0x7011d7|9|106805750
29159|0x17011d7|10|213693972
29159|0x17011d7|11|427428184
29159|0x57011d7|12|732835578
29159|0x57011d7|13|1436107571
29159|0x57011d7|14|2772143066
29159|0x257011d7|15|5524383901
29159|0x657011d7|16|10939412420
29159|0x657011d7|17|21567970097
29159|0x657011d7|18|43105952314
29159|0x2657011d7|19|86974197381
29159|0x2657011d7|20|174630644257
29159|0x2657011d7|21|347390279020
29159|0x12657011d7|22|697632495101
29159|0x32657011d7|23|1391098916584
29159|0x72657011d7|24|2780884882784
29345|0xf161|1|333821
29345|0x1f161|2|728439
29345|0x3f161|3|1573780
29345|0x3f161|4|3204416
29345|0xbf161|5|6576942
29345|0xbf161|6|13257410
29345|0xbf161|7|26701623
29345|0xbf161|8|49436490
29345|0xbf161|9|110763449
29345|0x10bf161|10|213764701
29345|0x30bf161|11|389075966
29345|0x70bf161|12|843328849
29345|0x70bf161|13|1516925364
29345|0x70bf161|14|2821622459
29345|0x70bf161|15|5535079244
29345|0x470bf161|16|10959510569
29345|0x470bf161|17|21589958190
29345|0x470bf161|18|43258835563
29345|0x470bf161|19|87599120532
29345|0x470bf161|20|172643048851
29345|0x470bf161|21|345552125807
29345|0x10470bf161|22|700733254022
29345|0x30470bf161|23|1390542465565
29345|0x30470bf161|24|2779377568414
29523|0x48db|1|334758
29523|0x48db|2|733598
29523|0x248db|3|1580520
29523|0x248db|4|3217817
29523|0xa48db|5|6587386
29523|0x1a48db|6|13290733
29523|0x1a48db|7|26781483
29523|0x5a48db|8|53500309
29523|0x5a48db|9|118159882
29523|0x5a48db|10|221907272
29523|0x5a48db|11|427948425
29523|0x45a48db|12|856153271
29523|0xc5a48db|13|1712248342
29523|0x1c5a48db|14|2927900332
29523|0x1c5a48db|15|5507262554
29523|0x5c5a48db|16|11559866507
29523|0xdc5a48db|17|21690542856
29523|0xdc5a48db|18|43710046810
29523|0xdc5a48db|19|87412763820
29523|0x4dc5a48db|20|174040254899
29523|0x4dc5a48db|21|347160054516
29523|0x14dc5a48db|22|700854067922
29523|0x14dc5a48db|23|1389542863649
29523|0x54dc5a48db|24|2778059172838
29695|0x8bff|1|335549
29695|0x18bff|2|735033
29695|0x38bff|3|1585122
29695|0x78bff|4|3195312
29695|0xf8bff|5|6606968
29695|0xf8bff|6|13327884
29695|0x2f8bff|7|26695593
29695|0x6f8bff|8|53578354
29695|0x6f8bff|9|107001743
29695|0x16f8bff|10|214064574
29695|0x36f8bff|11|428222826
29695|0x36f8bff|12|769707055
29695|0xb6f8bff|13|1716349389
29695|0xb6f8bff|14|3025208207
29695|0xb6f8bff|15|5607265412
29695|0xb6f8bff|16|11008994156
29695|0x8b6f8bff|17|21586568380
29695|0x8b6f8bff|18|43747090917
29695|0x28b6f8bff|19|87189357477
29695|0x68b6f8bff|20|175230042594
29695|0xe8b6f8bff|21|347267624303
29695|0xe8b6f8bff|22|697625326402
29695|0x2e8b6f8bff|23|1389471554555
29695|0x2e8b6f8bff|24|2777091697514
30235|0x7413|1|333129
30235|0x17413|2|740074
30235|0x17413|3|1622935
30235|0x17413|4|3224954
30235|0x97413|5|6671951
30235|0x97413|6|13298884
30235|0x97413|7|26768269
30235|0x97413|8|53545591
30235|0x897413|9|107217215
30235|0x897413|10|214515088
30235|0x2897413|11|428989754
30235|0x2897413|12|857346957
30235|0x2897413|13|1716532882
30235|0x2897413|14|2738985949
30235|0x22897413|15|5708960828
30235|0x22897413|16|10829962535
30235|0x22897413|17|22164987182
30235|0x122897413|18|43452405178
30235|0x322897413|19|86623702300
30235|0x322897413|20|173369189745
30235|0x322897413|21|346826308475
30235|0x322897413|22|700980707033
30235|0x322897413|23|1389100220502
30235|0x4322897413|24|2773292714914
30417|0xa231|1|337624
30417|0x1a231|2|741046
30417|0x1a231|3|1603702
30417|0x1a231|4|3250307
30417|0x9a231|5|6677071
30417|0x9a231|6|13329240
30417|0x29a231|7|26716491
30417|0x69a231|8|53557162
30417|0x69a231|9|107189489
30417|0x169a231|10|214581615
30417|0x169a231|11|429318519
30417|0x169a231|12|767687284
30417|0x969a231|13|1371049382
30417|0x969a231|14|2704124776
30417|0x2969a231|15|5527376226
30417|0x2969a231|16|10844012310
30417|0xa969a231|17|21648231674
30417|0x1a969a231|18|44142555920
30417|0x3a969a231|19|86673885184
30417|0x7a969a231|20|175075260421
30417|0xfa969a231|21|346615513277
30417|0xfa969a231|22|705809384847
30417|0x2fa969a231|23|1403921194771
30417|0x2fa969a231|24|2772723259364
30597|0xe94d|1|337985
30597|0xe94d|2|742324
30597|0xe94d|3|1626095
30597|0x4e94d|4|3262221
30597|0x4e94d|5|6665804
30597|0x4e94d|6|13386497
30597|0x4e94d|7|26745484
30597|0x4e94d|8|53675914
30597|0x4e94d|9|107338848
30597|0x104e94d|10|214724977
30597|0x104e94d|11|429521433
30597|0x104e94d|12|859078978
30597|0x104e94d|13|1709062902
30597|0x1104e94d|14|3044929481
30597|0x3104e94d|15|5628699211
30597|0x7104e94d|16|11121558629
30597|0x7104e94d|17|24362746338
30597|0x7104e94d|18|43352821972
30597|0x7104e94d|19|86998944564
30597|0x47104e94d|20|173459223447
30597|0xc7104e94d|21|346813431645
30597|0xc7104e94d|22|695842639508
30597|0xc7104e94d|23|1386913035872
30597|0xc7104e94d|24|2668408106881
31129|0xcaa9|1|219041
31129|0x1caa9|2|475675
31129|0x1caa9|3|1055535
31129|0x5caa9|4|2076176
31129|0x5caa9|5|4044963
31129|0x5caa9|6|8332582
31129|0x5caa9|7|16748885
31129|0x45caa9|8|33368878
31129|0xc5caa9|9|66963756
31129|0x1c5caa9|10|134239922
31129|0x1c5caa9|11|268079573
31129|0x5c5caa9|12|535840260
31129|0x5c5caa9|13|1072331945
31129|0x15c5caa9|14|2144343298
31129|0x15c5caa9|15|3656520081
31129|0x15c5caa9|16|8471023523
31129|0x95c5caa9|17|14694746976
31129|0x95c5caa9|18|27068976073
31129|0x95c5caa9|19|58551044969
31129|0x495c5caa9|20|108677953478
31129|0xc95c5caa9|21|223725774426
31129|0x1c95c5caa9|22|437448316811
31129|0x3c95c5caa9|23|870103324121
31129|0x3c95c5caa9|24|1729144105484
31243|0xc1a3|1|216125
31243|0xc1a3|2|476330
31243|0xc1a3|3|1029936
31243|0xc1a3|4|2105672
31243|0xc1a3|5|4144843
31243|0x10c1a3|6|8389666
31243|0x10c1a3|7|16782167
31243|0x10c1a3|8|33589032
31243|0x10c1a3|9|67383972
31243|0x110c1a3|10|134712284
31243|0x110c1a3|11|269424978
31243|0x110c1a3|12|539357394
31243|0x910c1a3|13|941368168
31243|0x910c1a3|14|2159296579
31243|0x2910c1a3|15|3682956171
31243|0x6910c1a3|16|7453240177
31243|0xe910c1a3|17|13479257412
31243|0xe910c1a3|18|28270160287
31243|0xe910c1a3|19|54235941053
31243|0x4e910c1a3|20|108269771961
31243|0xce910c1a3|21|217965834181
31243|0xce910c1a3|22|434645437372
31243|0x2ce910c1a3|23|868848514420
31243|0x2ce910c1a3|24|1729524058990
31353|0xcfc9|1|216347
31353|0xcfc9|2|476949
31353|0xcfc9|3|1053334
31353|0xcfc9|4|1964948
31353|0x8cfc9|5|4170307
31353|0x18cfc9|6|8370174
31353|0x18cfc9|7|16826510
31353|0x58cfc9|8|33745854
31353|0x58cfc9|9|67317302
31353|0x158cfc9|10|135038898
31353|0x358cfc9|11|269512091
31353|0x358cfc9|12|539179863
31353|0xb58cfc9|13|1078999699
31353|0x1b58cfc9|14|2156928657
31353|0x1b58cfc9|15|3768621166
31353|0x5b58cfc9|16|6945208714
31353|0xdb58cfc9|17|14286786677
31353|0xdb58cfc9|18|27131336096
31353|0xdb58cfc9|19|55826841038
31353|0xdb58cfc9|20|107798330102
31353|0xdb58cfc9|21|217357697847
31353|0x10db58cfc9|22|440568323024
31353|0x10db58cfc9|23|865317478534
31353|0x10db58cfc9|24|1730208900281
31465|0xfd59|1|214693
31465|0x1fd59|2|474623
31465|0x1fd59|3|1055854
31465|0x5fd59|4|2086140
31465|0x5fd59|5|4040097
31465|0x15fd59|6|8373475
31465|0x15fd59|7|16745559
31465|0x55fd59|8|33452639
31465|0x55fd59|9|66922751
31465|0x155fd59|10|134204051
31465|0x355fd59|11|271801311
31465|0x755fd59|12|537261724
31465|0xf55fd59|13|1075064166
31465|0x1f55fd59|14|2000591283
31465|0x1f55fd59|15|4296374980
31465|0x1f55fd59|16|6869575875
31465|0x9f55fd59|17|17144945981
31465|0x9f55fd59|18|27129842683
31465|0x9f55fd59|19|54307155201
31465|0x9f55fd59|20|118244555938
31465|0x9f55fd59|21|216512097693
31465|0x9f55fd59|22|438931160215
31465|0x9f55fd59|23|873100086299
31465|0x9f55fd59|24|1733282590431
31581|0xb0f5|1|190985
31581|0xb0f5|2|470810
31581|0x2b0f5|3|1033663
31581|0x2b0f5|4|2121412
31581|0x2b0f5|5|4062061
31581|0x2b0f5|6|8390884
31581|0x2b0f5|7|16791754
31581|0x2b0f5|8|33630848
31581|0x2b0f5|9|67403740
31581|0x2b0f5|10|134366983
31581|0x2b0f5|11|269106547
31581|0x402b0f5|12|538767025
31581|0x402b0f5|13|1075358555
31581|0x402b0f5|14|1773525890
31581|0x402b0f5|15|3560322275
31581|0x4402b0f5|16|7647894901
31581|0x4402b0f5|17|13620812030
31581|0x4402b0f5|18|27267026890
31581|0x24402b0f5|19|54007193066
31581|0x24402b0f5|20|109462369760
31581|0x24402b0f5|21|218345087764
31581|0x24402b0f5|22|433311982622
31581|0x24402b0f5|23|866485035354
31581|0x24402b0f5|24|1729650446733
31693|0xe905|1|214396
31693|0xe905|2|478517
31693|0xe905|3|1035756
31693|0xe905|4|1975770
31693|0xe905|5|4245604
31693|0x10e905|6|8463236
31693|0x10e905|7|16567819
31693|0x10e905|8|30729069
31693|0x90e905|9|61380490
31693|0x90e905|10|130627921
31693|0x90e905|11|269965992
31693|0x490e905|12|539470463
31693|0xc90e905|13|1080444264
31693|0x1c90e905|14|2156297079
31693|0x1c90e905|15|3527864218
31693|0x1c90e905|16|8310320037
31693|0x9c90e905|17|13756962341
31693|0x19c90e905|18|27027327829
31693|0x19c90e905|19|54243106363
31693|0x59c90e905|20|109459206547
31693|0xd9c90e905|21|217077500995
31693|0xd9c90e905|22|435413212699
31693|0x2d9c90e905|23|869560522253
31693|0x6d9c90e905|24|1728470410944
32149|0xe5bd|1|217898
32149|0x1e5bd|2|478820
32149|0x1e5bd|3|1039770
32149|0x1e5bd|4|2135016
32149|0x9e5bd|5|4223763
32149|0x19e5bd|6|8395983
32149|0x19e5bd|7|16832394
32149|0x59e5bd|8|33742705
32149|0xd9e5bd|9|67460667
32149|0xd9e5bd|10|135104108
32149|0xd9e5bd|11|270631605
32149|0x4d9e5bd|12|538999268
32149|0xcd9e5bd|13|1081252474
32149|0xcd9e5bd|14|2164720750
32149|0x2cd9e5bd|15|3784109061
32149|0x2cd9e5bd|16|6888915200
32149|0xacd9e5bd|17|13776725334
32149|0x1acd9e5bd|18|29021075398
32149|0x1acd9e5bd|19|56440476916
32149|0x1acd9e5bd|20|108454753856
32149|0x1acd9e5bd|21|216904105611
32149|0x1acd9e5bd|22|435637531507
32149|0x21acd9e5bd|23|864787801380
32149|0x21acd9e5bd|24|1729198835790
32263|0x8fb7|1|215875
32263|0x8fb7|2|481775
32263|0x8fb7|3|1041329
32263|0x8fb7|4|1989636
32263|0x8fb7|5|4241834
32263|0x8fb7|6|8379007
32263|0x8fb7|7|16870600
32263|0x408fb7|8|33975462
32263|0xc08fb7|9|67621955
32263|0xc08fb7|10|135122955
32263|0xc08fb7|11|270491678
32263|0x4c08fb7|12|540018892
32263|0xcc08fb7|13|1032578733
32263|0xcc08fb7|14|2165897253
32263|0x2cc08fb7|15|3842873432
32263|0x2cc08fb7|16|6762741118
32263|0x2cc08fb7|17|15293282441
32263|0x2cc08fb7|18|27215187177
32263|0x2cc08fb7|19|53982401841
32263|0x2cc08fb7|20|108031948063
32263|0x82cc08fb7|21|216239123732
32263|0x82cc08fb7|22|432058061318
32263|0x82cc08fb7|23|865955042706
32263|0x482cc08fb7|24|1729020644720
32375|0xbb47|1|218678
32375|0xbb47|2|482380
32375|0xbb47|3|1044880
32375|0x4bb47|4|1994146
32375|0x4bb47|5|4245179
32375|0x4bb47|6|8402782
32375|0x24bb47|7|16817548
32375|0x64bb47|8|33939817
32375|0x64bb47|9|67611607
32375|0x164bb47|10|135265126
32375|0x364bb47|11|270791716
32375|0x364bb47|12|504293645
32375|0xb64bb47|13|1086897524
32375|0xb64bb47|14|2167152786
32375|0x2b64bb47|15|3609549737
32375|0x6b64bb47|16|7125105256
32375|0xeb64bb47|17|13851236726
32375|0x1eb64bb47|18|29368966983
32375|0x1eb64bb47|19|54388778858
32375|0x1eb64bb47|20|108003432823
32375|0x1eb64bb47|21|218147864542
32375|0x1eb64bb47|22|432673954494
32375|0x1eb64bb47|23|865215863124
32375|0x41eb64bb47|24|1727468408377
32489|0x3959|1|216328
32489|0x3959|2|482009
32489|0x23959|3|953288
32489|0x23959|4|2072083
32489|0x23959|5|4283814
32489|0x23959|6|8404654
32489|0x23959|7|16829121
32489|0x423959|8|33890738
32489|0xc23959|9|67469278
32489|0x1c23959|10|108002208
32489|0x3c23959|11|270315196
32489|0x7c23959|12|453434319
32489|0xfc23959|13|1068492012
32489|0x1fc23959|14|2172073585
32489|0x1fc23959|15|3532901377
32489|0x1fc23959|16|6763503144
32489|0x9fc23959|17|13865893224
32489|0x19fc23959|18|33688390522
32489|0x19fc23959|19|53961718853
32489|0x59fc23959|20|108584395803
32489|0x59fc23959|21|216035178669
32489|0x59fc23959|22|431959734698
32489|0x59fc23959|23|864435367014
32489|0x459fc23959|24|1727141566920
32601|0xd8e9|1|218913
32601|0x1d8e9|2|481381
32601|0x1d8e9|3|1064673
32601|0x1d8e9|4|2115889
32601|0x1d8e9|5|4274273
32601|0x1d8e9|6|8420836
32601|0x1d8e9|7|17027733
32601|0x41d8e9|8|33967109
32601|0xc1d8e9|9|67724796
32601|0xc1d8e9|10|135655739
32601|0x2c1d8e9|11|271311666
32601|0x2c1d8e9|12|542100095
32601|0x2c1d8e9|13|1083666887
32601|0x2c1d8e9|14|2172983277
32601|0x22c1d8e9|15|4285926896
32601|0x62c1d8e9|16|7154596103
32601|0xe2c1d8e9|17|13686108301
32601|0x1e2c1d8e9|18|26997533941
32601|0x3e2c1d8e9|19|55673265912
32601|0x3e2c1d8e9|20|107956065192
32601|0xbe2c1d8e9|21|215970704104
32601|0xbe2c1d8e9|22|431932346009
32601|0x2be2c1d8e9|23|863076478558
32601|0x6be2c1d8e9|24|1728960502950
32709|0xa70d|1|217083
32709|0xa70d|2|481970
32709|0xa70d|3|1047268
32709|0xa70d|4|2155254
32709|0xa70d|5|4120014
32709|0xa70d|6|8532573
32709|0x20a70d|7|16951977
32709|0x20a70d|8|33753149
32709|0x20a70d|9|71713741
32709|0x20a70d|10|105386005
32709|0x20a70d|11|270971814
32709|0x420a70d|12|542107880
32709|0x420a70d|13|1085170749
32709|0x420a70d|14|2167979653
32709|0x2420a70d|15|3527475209
32709|0x2420a70d|16|8283872573
32709|0x2420a70d|17|16373316971
32709|0x2420a70d|18|27117094682
32709|0x2420a70d|19|58522060128
32709|0x2420a70d|20|109934094619
32709|0x82420a70d|21|216391934945
32709|0x182420a70d|22|432121949489
32709|0x182420a70d|23|863848967568
32709|0x182420a70d|24|1721053108273
33023|0x7eff|1|368368
33023|0x27eff|2|873794
33023|0x67eff|3|1943311
33023|0xe7eff|4|3824636
33023|0x1e7eff|5|7900015
33023|0x3e7eff|6|16086663
33023|0x7e7eff|7|31937026
33023|0xfe7eff|8|64067138
33023|0x1fe7eff|9|128023574
33023|0x1fe7eff|10|256573019
33023|0x5fe7eff|11|512147036
33023|0xdfe7eff|12|1025180591
33023|0x1dfe7eff|13|2047547941
33023|0x3dfe7eff|14|3786736391
33023|0x3dfe7eff|15|8212385648
33023|0x3dfe7eff|16|13440375027
33023|0x13dfe7eff|17|30898062929
33023|0x13dfe7eff|18|57442506250
33023|0x53dfe7eff|19|110112056384
33023|0xd3dfe7eff|20|220502660362
33023|0x1d3dfe7eff|21|447690565760
33023|0x3d3dfe7eff|22|884591129497
33023|0x3d3dfe7eff|23|1760198425630
33023|0x3d3dfe7eff|24|3512778251875
33135|0x1fd8f|1|394817
33135|0x3fd8f|2|781749
33135|0x3fd8f|3|1783695
33135|0x3fd8f|4|3976776
33135|0x3fd8f|5|7779419
33135|0x3fd8f|6|15634570
33135|0x3fd8f|7|31651317
33135|0x83fd8f|8|62816591
33135|0x83fd8f|9|125755510
33135|0x83fd8f|10|251483295
33135|0x483fd8f|11|504248312
33135|0xc83fd8f|12|1009660959
33135|0x1c83fd8f|13|2021362678
33135|0x3c83fd8f|14|4045527061
33135|0x7c83fd8f|15|7134330246
33135|0xfc83fd8f|16|13560755974
33135|0xfc83fd8f|17|28726966906
33135|0xfc83fd8f|18|56221179946
33135|0x4fc83fd8f|19|110103851414
33135|0xcfc83fd8f|20|220372135123
33135|0xcfc83fd8f|21|439094179204
33135|0x2cfc83fd8f|22|879731114639
33135|0x6cfc83fd8f|23|1764203204987
33135|0xecfc83fd8f|24|3518785644863
33257|0x6659|1|349876
33257|0x6659|2|873663
33257|0x6659|3|1923013
33257|0x6659|4|3825504
33257|0x106659|5|7904032
33257|0x106659|6|15971620
33257|0x106659|7|31808593
33257|0x906659|8|63355657
33257|0x1906659|9|126600648
33257|0x1906659|10|252013679
33257|0x1906659|11|505928901
33257|0x1906659|12|910488181
33257|0x11906659|13|2017304293
33257|0x11906659|14|3351405295
33257|0x51906659|15|7371981698
33257|0x51906659|16|16316129316
33257|0x51906659|17|26974836664
33257|0x51906659|18|55638069987
33257|0x451906659|19|110401442882
33257|0xc51906659|20|221751207924
33257|0x1c51906659|21|442833756237
33257|0x3c51906659|22|877401576336
33257|0x3c51906659|23|1759504331540
33257|0x3c51906659|24|3513260595123
33355|0xb763|1|369267
33355|0x2b763|2|876774
33355|0x6b763|3|1927037
33355|0xeb763|4|3902672
33355|0x1eb763|5|8039034
33355|0x3eb763|6|15898541
33355|0x3eb763|7|32077004
33355|0xbeb763|8|63954832
33355|0x1beb763|9|127990004
33355|0x1beb763|10|256323933
33355|0x5beb763|11|512281100
33355|0xdbeb763|12|1027058257
33355|0xdbeb763|13|1951142634
33355|0x2dbeb763|14|4087184229
33355|0x6dbeb763|15|7637187031
33355|0x6dbeb763|16|13754741062
33355|0x16dbeb763|17|27733706737
33355|0x36dbeb763|18|55624923270
33355|0x76dbeb763|19|110140598136
33355|0xf6dbeb763|20|224061356330
33355|0xf6dbeb763|21|440309640323
33355|0xf6dbeb763|22|881732938606
33355|0x4f6dbeb763|23|1758483995970
33355|0x4f6dbeb763|24|3513991667102
33481|0x13779|1|369520
33481|0x13779|2|877648
33481|0x13779|3|1759221
33481|0x13779|4|3997324
33481|0x13779|5|7931364
33481|0x213779|6|15900287
33481|0x613779|7|31685568
33481|0xe13779|8|63568556
33481|0x1e13779|9|127379134
33481|0x1e13779|10|254353150
33481|0x1e13779|11|508453332
33481|0x9e13779|12|1017825654
33481|0x9e13779|13|1782917575
33481|0x29e13779|14|3458273680
33481|0x69e13779|15|6860277372
33481|0xe9e13779|16|13691897762
33481|0xe9e13779|17|28471359215
33481|0xe9e13779|18|55159754677
33481|0x4e9e13779|19|112077114930
33481|0x4e9e13779|20|218004892739
33481|0x4e9e13779|21|439994563461
33481|0x24e9e13779|22|879679090003
33481|0x64e9e13779|23|1761138679394
33481|0x64e9e13779|24|3511044108112
33585|0x1f5d1|1|371514
33585|0x3f5d1|2|878299
33585|0x7f5d1|3|1939414
33585|0x7f5d1|4|3864628
33585|0x17f5d1|5|8110830
33585|0x37f5d1|6|15949671
33585|0x37f5d1|7|32100305
33585|0xb7f5d1|8|64152248
33585|0xb7f5d1|9|128193409
33585|0x2b7f5d1|10|256962503
33585|0x2b7f5d1|11|513533752
33585|0xab7f5d1|12|1026638770
33585|0x1ab7f5d1|13|2051806690
33585|0x1ab7f5d1|14|4090210889
33585|0x5ab7f5d1|15|8132521552
33585|0xdab7f5d1|16|13448258271
33585|0xdab7f5d1|17|28347595703
33585|0x2dab7f5d1|18|56415214657
33585|0x2dab7f5d1|19|111235292314
33585|0xadab7f5d1|20|218603075898
33585|0xadab7f5d1|21|445710733705
33585|0xadab7f5d1|22|880780400398
33585|0xadab7f5d1|23|1758473398595
33585|0xadab7f5d1|24|3512086724419
33697|0x2061|1|325355
33697|0x22061|2|773901
33697|0x22061|3|1954723
33697|0xa2061|4|3931655
33697|0x1a2061|5|7800333
33697|0x1a2061|6|15812912
33697|0x1a2061|7|31748000
33697|0x1a2061|8|63202387
33697|0x11a2061|9|126679380
33697|0x11a2061|10|253171778
33697|0x11a2061|11|505828381
33697|0x11a2061|12|1012591090
33697|0x111a2061|13|2028581144
33697|0x311a2061|14|3622313962
33697|0x711a2061|15|6871600610
33697|0xf11a2061|16|13500987578
33697|0xf11a2061|17|30280725798
33697|0xf11a2061|18|55473219293
33697|0xf11a2061|19|109872058426
33697|0x8f11a2061|20|220233807040
33697|0x8f11a2061|21|438922470583
33697|0x8f11a2061|22|879526816975
33697|0x8f11a2061|23|1677037276291
33697|0x8f11a2061|24|3342250214866
33999|0x22f|1|375386
33999|0x2022f|2|776159
33999|0x2022f|3|1725155
33999|0x2022f|4|3800732
33999|0x2022f|5|7317062
33999|0x2022f|6|14667538
33999|0x42022f|7|29591157
33999|0xc2022f|8|59392936
33999|0xc2022f|9|118607724
33999|0x2c2022f|10|237193631
33999|0x6c2022f|11|474212479
33999|0x6c2022f|12|899397117
33999|0x6c2022f|13|1898890572
33999|0x6c2022f|14|3341481407
33999|0x6c2022f|15|7403190779
33999|0x86c2022f|16|12829630150
33999|0x186c2022f|17|31029233332
33999|0x186c2022f|18|52406246649
33999|0x186c2022f|19|106340612373
33999|0x986c2022f|20|210493409228
33999|0x1986c2022f|21|419059633081
33999|0x3986c2022f|22|840531954453
33999|0x3986c2022f|23|1680196054097
33999|0x3986c2022f|24|3342379270930
34101|0x1651d|1|326741
34101|0x3651d|2|797115
34101|0x7651d|3|1737895
34101|0x7651d|4|3795910
34101|0x17651d|5|7379110
34101|0x37651d|6|14860698
34101|0x37651d|7|29802121
34101|0x37651d|8|59673922
34101|0x137651d|9|119425669
34101|0x137651d|10|238702232
34101|0x137651d|11|458622796
34101|0x937651d|12|955587611
34101|0x1937651d|13|1911396625
34101|0x1937651d|14|3822101406
34101|0x1937651d|15|6418309067
34101|0x1937651d|16|13243041859
34101|0x11937651d|17|26679687904
34101|0x11937651d|18|54604715588
34101|0x51937651d|19|105682387035
34101|0xd1937651d|20|208527627871
34101|0x1d1937651d|21|423689491364
34101|0x3d1937651d|22|834016185879
34101|0x7d1937651d|23|1683475687092
34101|0x7d1937651d|24|3324220253652
34217|0x1ee99|1|372395
34217|0x1ee99|2|879744
34217|0x5ee99|3|1733647
34217|0x5ee99|4|3606456
34217|0x5ee99|5|7414124
34217|0x25ee99|6|14937756
34217|0x25ee99|7|29844936
34217|0x25ee99|8|59549719
34217|0x25ee99|9|119756744
34217|0x225ee99|10|239403109
34217|0x225ee99|11|477862349
34217|0x225ee99|12|955750050
34217|0x225ee99|13|1911051912
34217|0x2225ee99|14|3823765580
34217|0x6225ee99|15|7643830393
34217|0xe225ee99|16|15292325739
34217|0x1e225ee99|17|26914575140
34217|0x1e225ee99|18|54604047987
34217|0x5e225ee99|19|107714103088
34217|0x5e225ee99|20|209040562527
34217|0x5e225ee99|21|421288488711
34217|0x25e225ee99|22|844887198876
34217|0x25e225ee99|23|1673015255857
34217|0xa5e225ee99|24|3342467703798
34315|0x155a3|1|347718
34315|0x355a3|2|806130
34315|0x355a3|3|1947891
34315|0xb55a3|4|3587073
34315|0x1b55a3|5|7394040
34315|0x1b55a3|6|14953133
34315|0x1b55a3|7|30039263
34315|0x1b55a3|8|49500104
34315|0x1b55a3|9|120134297
34315|0x1b55a3|10|240248042
34315|0x1b55a3|11|480385842
34315|0x1b55a3|12|961248754
34315|0x101b55a3|13|1916794470
34315|0x101b55a3|14|3382859805
34315|0x101b55a3|15|6691795533
34315|0x101b55a3|16|14111779557
34315|0x1101b55a3|17|28677524201
34315|0x3101b55a3|18|53344629339
34315|0x3101b55a3|19|106077352500
34315|0x3101b55a3|20|214206730399
34315|0x13101b55a3|21|421466752202
34315|0x13101b55a3|22|835659458356
34315|0x53101b55a3|23|1675621664626
34315|0x53101b55a3|24|3330247424462
34421|0x99dd|1|371241
34421|0x99dd|2|907614
34421|0x99dd|3|1808241
34421|0x99dd|4|3562433
34421|0x1099dd|5|7490048
34421|0x3099dd|6|14975485
34421|0x7099dd|7|29833238
34421|0x7099dd|8|59552771
34421|0x7099dd|9|119718757
34421|0x7099dd|10|238664763
34421|0x47099dd|11|457019610
34421|0xc7099dd|12|956295229
34421|0xc7099dd|13|1913716377
34421|0x2c7099dd|14|3375959451
34421|0x6c7099dd|15|7078602844
34421|0xec7099dd|16|15232914734
34421|0x1ec7099dd|17|28778727109
34421|0x1ec7099dd|18|61636177487
34421|0x5ec7099dd|19|104767302198
34421|0xdec7099dd|20|212193416192
34421|0xdec7099dd|21|420717840657
34421|0x2dec7099dd|22|840323687069
34421|0x6dec7099dd|23|1672615382695
34421|0x6dec7099dd|24|3343126206737
34531|0xeecb|1|327366
34531|0x2eecb|2|779842
34531|0x2eecb|3|1929627
34531|0xaeecb|4|3645612
34531|0x1aeecb|5|7420619
34531|0x3aeecb|6|14877944
34531|0x7aeecb|7|29938293
34531|0x7aeecb|8|59635699
34531|0x7aeecb|9|127595672
34531|0x27aeecb|10|238803789
34531|0x67aeecb|11|477729928
34531|0xe7aeecb|12|955845305
34531|0x1e7aeecb|13|1659277677
34531|0x3e7aeecb|14|3829440043
34531|0x7e7aeecb|15|6324027791
34531|0xfe7aeecb|16|12919119575
34531|0xfe7aeecb|17|28997992382
34531|0x2fe7aeecb|18|63310826073
34531|0x6fe7aeecb|19|105891536236
34531|0xefe7aeecb|20|212436761916
34531|0xefe7aeecb|21|421132483933
34531|0xefe7aeecb|22|832702513004
34531|0xefe7aeecb|23|1669453899082
34531|0x8efe7aeecb|24|3342921447016
34637|0x985|1|372023
34637|0x985|2|887101
34637|0x985|3|1824924
34637|0x80985|4|3573549
34637|0x180985|5|7520753
34637|0x180985|6|15060297
34637|0x580985|7|29839194
34637|0xd80985|8|60089612
34637|0xd80985|9|120349672
34637|0x2d80985|10|240790581
34637|0x2d80985|11|481381144
34637|0xad80985|12|833396332
34637|0x1ad80985|13|1925105771
34637|0x1ad80985|14|3850576666
34637|0x1ad80985|15|7116459560
34637|0x1ad80985|16|13477681024
34637|0x1ad80985|17|30941109790
34637|0x1ad80985|18|55851847851
34637|0x1ad80985|19|103604000513
34637|0x1ad80985|20|215018553896
34637|0x101ad80985|21|420394059788
34637|0x101ad80985|22|835871336033
34637|0x101ad80985|23|1672136911842
34637|0x101ad80985|24|3339225253894
34745|0x14e89|1|327657
34745|0x14e89|2|863649
34745|0x54e89|3|1926423
34745|0x54e89|4|3569591
34745|0x54e89|5|7440553
34745|0x54e89|6|14881341
34745|0x454e89|7|29767069
34745|0xc54e89|8|59551555
34745|0x1c54e89|9|119744264
34745|0x1c54e89|10|238673135
34745|0x5c54e89|11|477692405
34745|0xdc54e89|12|954972374
34745|0xdc54e89|13|1674500924
34745|0xdc54e89|14|3457041255
34745|0xdc54e89|15|6385449459
34745|0xdc54e89|16|13882501004
34745|0x10dc54e89|17|28533530402
34745|0x30dc54e89|18|53452220049
34745|0x30dc54e89|19|107708286590
34745|0xb0dc54e89|20|212921593496
34745|0xb0dc54e89|21|419013657446
34745|0xb0dc54e89|22|830510831131
34745|0x4b0dc54e89|23|1666920533358
34745|0xcb0dc54e89|24|3335018910461
35061|0x1e35d|1|329290
35061|0x1e35d|2|783742
35061|0x1e35d|3|1754605
35061|0x9e35d|4|3779408
35061|0x9e35d|5|7354549
35061|0x9e35d|6|14847329
35061|0x49e35d|7|29790937
35061|0xc9e35d|8|59865358
35061|0xc9e35d|9|119283724
35061|0x2c9e35d|10|239661421
35061|0x6c9e35d|11|478537551
35061|0x6c9e35d|12|957941670
35061|0x6c9e35d|13|1913901860
35061|0x6c9e35d|14|3275974766
35061|0x46c9e35d|15|7051372819
35061|0x46c9e35d|16|15317257854
35061|0x146c9e35d|17|26145649156
35061|0x146c9e35d|18|55355564072
35061|0x546c9e35d|19|108774744396
35061|0xd46c9e35d|20|220250114246
35061|0x1d46c9e35d|21|427056943628
35061|0x3d46c9e35d|22|838804905706
35061|0x7d46c9e35d|23|1672550463289
35061|0xfd46c9e35d|24|3349324026821
35169|0x1daa1|1|327418
35169|0x1daa1|2|781998
35169|0x5daa1|3|1730522
35169|0xddaa1|4|3783817
35169|0xddaa1|5|7385329
35169|0xddaa1|6|14845415
35169|0x4ddaa1|7|29789907
35169|0xcddaa1|8|59732174
35169|0xcddaa1|9|112963080
35169|0xcddaa1|10|238858031
35169|0xcddaa1|11|479667416
35169|0x8cddaa1|12|957999309
35169|0x8cddaa1|13|1913791005
35169|0x8cddaa1|14|3830688483
35169|0x8cddaa1|15|7658140037
35169|0x88cddaa1|16|15319452633
35169|0x88cddaa1|17|26633560486
35169|0x288cddaa1|18|58242319499
35169|0x688cddaa1|19|111370432002
35169|0x688cddaa1|20|210467661508
35169|0x1688cddaa1|21|420481443001
35169|0x1688cddaa1|22|831937973849
35169|0x5688cddaa1|23|1679156494783
35169|0x5688cddaa1|24|3351138697230
35275|0x153e3|1|327286
35275|0x353e3|2|803955
35275|0x353e3|3|1836343
35275|0xb53e3|4|3680688
35275|0xb53e3|5|7407855
35275|0x2b53e3|6|14880675
35275|0x6b53e3|7|29932261
35275|0x6b53e3|8|59703332
35275|0x16b53e3|9|119282492
35275|0x16b53e3|10|239315466
35275|0x16b53e3|11|478564321
35275|0x16b53e3|12|957316818
35275|0x116b53e3|13|1908977885
35275|0x116b53e3|14|3825017388
35275|0x516b53e3|15|7652871011
35275|0x516b53e3|16|15316397531
35275|0x1516b53e3|17|25936739629
35275|0x3516b53e3|18|53062195482
35275|0x7516b53e3|19|105526648622
35275|0x7516b53e3|20|209128667196
35275|0x7516b53e3|21|425761419594
35275|0x27516b53e3|22|836723300029
35275|0x67516b53e3|23|1671822811051
35275|0xe7516b53e3|24|3328274850420
35385|0x4409|1|373958
35385|0x4409|2|890225
35385|0x44409|3|1829917
35385|0x44409|4|3593940
35385|0x44409|5|7555070
35385|0x244409|6|14982481
35385|0x644409|7|29952953
35385|0x644409|8|60205799
35385|0x1644409|9|120171647
35385|0x1644409|10|241211235
35385|0x5644409|11|481379768
35385|0x5644409|12|963927184
35385|0x5644409|13|1927564772
35385|0x5644409|14|3748857302
35385|0x45644409|15|7709849623
35385|0xc5644409|16|15420477995
35385|0xc5644409|17|32108871004
35385|0xc5644409|18|51872361052
35385|0x4c5644409|19|111287779844
35385|0xcc5644409|20|217033717172
35385|0xcc5644409|21|421383541153
35385|0xcc5644409|22|831398524858
35385|0x4cc5644409|23|1670749931034
35385|0xccc5644409|24|3347133799261
35493|0x4d2d|1|326522
35493|0x4d2d|2|786940
35493|0x44d2d|3|1766788
35493|0x44d2d|4|3786646
35493|0x44d2d|5|7421483
35493|0x244d2d|6|14883436
35493|0x244d2d|7|29844898
35493|0x244d2d|8|59726473
35493|0x1244d2d|9|119313261
35493|0x3244d2d|10|239026460
35493|0x3244d2d|11|477658309
35493|0xb244d2d|12|956473232
35493|0xb244d2d|13|1911927480
35493|0xb244d2d|14|3340075371
35493|0x4b244d2d|15|7648955892
35493|0x4b244d2d|16|15298489860
35493|0x4b244d2d|17|27218035610
35493|0x24b244d2d|18|55086481706
35493|0x64b244d2d|19|109711904853
35493|0x64b244d2d|20|208789492735
35493|0x164b244d2d|21|427457921776
35493|0x364b244d2d|22|1192241029166
35493|0x364b244d2d|23|2851684599417
35493|0xb64b244d2d|24|3910912908680
35627|0x1db83|1|328649
35627|0x1db83|2|787850
35627|0x1db83|3|1739490
35627|0x1db83|4|3449007
35627|0x1db83|5|7416576
35627|0x1db83|6|14887264
35627|0x1db83|7|31589561
35627|0x81db83|8|60118758
35627|0x81db83|9|114342906
35627|0x81db83|10|240905697
35627|0x81db83|11|482360138
35627|0x881db83|12|885097459
35627|0x1881db83|13|1929281508
35627|0x3881db83|14|3231067877
35627|0x3881db83|15|6538846666
35627|0x3881db83|16|15436589420
35627|0x3881db83|17|30382960451
35627|0x3881db83|18|50925312248
35627|0x3881db83|19|107904826472
35627|0x83881db83|20|208786391637
35627|0x183881db83|21|411502381439
35627|0x183881db83|22|906604848915
35627|0x583881db83|23|2401522340898
35627|0xd83881db83|24|3993919490031
35747|0xb|1|603058
35747|0x2000b|2|1404163
35747|0x6000b|3|3139875
35747|0xe000b|4|6306819
35747|0x1e000b|5|12788073
35747|0x3e000b|6|25563281
35747|0x3e000b|7|51334516
35747|0xbe000b|8|102674809
35747|0x1be000b|9|205494808
35747|0x3be000b|10|410926345
35747|0x7be000b|11|822059316
35747|0xfbe000b|12|1644229652
35747|0x1fbe000b|13|3288570405
35747|0x3fbe000b|14|5638293511
35747|0x7fbe000b|15|13132610085
35747|0xffbe000b|16|21606334252
35747|0x1ffbe000b|17|45111405809
35747|0x3ffbe000b|18|89331249666
35747|0x3ffbe000b|19|178325557507
35747|0xbffbe000b|20|356318495503
35747|0xbffbe000b|21|712500248770
35747|0xbffbe000b|22|1424963178679
35747|0xbffbe000b|23|2058061081565
35747|0x8bffbe000b|24|3340992277464
