32771|0x2aab|1|348311
32771|0x22aab|2|766902
32771|0x62aab|3|1645811
32771|0xe2aab|4|3571454
32771|0xe2aab|5|6765499
32771|0xe2aab|6|21856825
32771|0xe2aab|7|23975109
32771|0x8e2aab|8|54781524
32771|0x18e2aab|9|175612843
32771|0x38e2aab|10|286058856
32771|0x38e2aab|11|444919917
32771|0x38e2aab|12|943516220
32771|0x38e2aab|13|1750382296
32771|0x238e2aab|14|3503654627
32771|0x238e2aab|15|7004474117
32771|0xa38e2aab|16|13987130546
32771|0x1a38e2aab|17|27644430244
32771|0x1a38e2aab|18|54209734866
32771|0x5a38e2aab|19|109379883805
32771|0xda38e2aab|20|220694856328
32771|0x1da38e2aab|21|484674086335
32771|0x3da38e2aab|22|1494722751220
32771|0x3da38e2aab|23|3078623539440
32771|0xbda38e2aab|24|6147718444455
32773|0x4ccd|1|922505
32773|0x4ccd|2|1389970
32773|0x4ccd|3|2865624
32773|0x84ccd|4|5900500
32773|0x184ccd|5|11904806
32773|0x384ccd|6|23938122
32773|0x384ccd|7|48029443
32773|0xb84ccd|8|96093897
32773|0xb84ccd|9|192249422
32773|0x2b84ccd|10|384710999
32773|0x6b84ccd|11|769618709
32773|0xeb84ccd|12|1539369585
32773|0x1eb84ccd|13|3079010457
32773|0x1eb84ccd|14|6157748895
32773|0x5eb84ccd|15|12315124739
32773|0x5eb84ccd|16|24630268813
32773|0x5eb84ccd|17|49247329612
32773|0x25eb84ccd|18|95986904366
32773|0x25eb84ccd|19|192545579245
32773|0xa5eb84ccd|20|384399625116
32773|0x1a5eb84ccd|21|769348022499
32773|0x3a5eb84ccd|22|1538442705383
32773|0x3a5eb84ccd|23|3075554469879
32773|0xba5eb84ccd|24|6149243319692
32775|0xedb7|1|585425
32775|0x2edb7|2|1322790
32775|0x2edb7|3|2900292
32775|0x2edb7|4|5855118
32775|0x12edb7|5|11918424
32775|0x32edb7|6|23943944
32775|0x72edb7|7|48005101
32775|0x72edb7|8|95992628
32775|0x72edb7|9|192173181
32775|0x272edb7|10|389841589
32775|0x272edb7|11|791703501
32775|0xa72edb7|12|1559581059
32775|0xa72edb7|13|3077083043
32775|0xa72edb7|14|6159505549
32775|0x4a72edb7|15|12387848313
32775|0xca72edb7|16|24835028600
32775|0x1ca72edb7|17|47889090902
32775|0x3ca72edb7|18|96523871271
32775|0x7ca72edb7|19|192148943150
32775|0x7ca72edb7|20|384642624088
32775|0x17ca72edb7|21|516072708185
32775|0x37ca72edb7|22|884272363576
32775|0x77ca72edb7|23|1759805961125
32775|0xf7ca72edb7|24|3512338684736
32777|0x10e39|1|339209
32777|0x30e39|2|805160
32777|0x30e39|3|1647215
32777|0xb0e39|4|3367590
32777|0xb0e39|5|7016866
32777|0xb0e39|6|13828529
32777|0xb0e39|7|27716623
32777|0x8b0e39|8|134359021
32777|0x8b0e39|9|110468269
32777|0x8b0e39|10|222880151
32777|0x48b0e39|11|776691833
32777|0x48b0e39|12|883630326
32777|0x148b0e39|13|2369153775
32777|0x148b0e39|14|3528129153
32777|0x548b0e39|15|7072380233
32777|0xd48b0e39|16|14146838014
32777|0x1d48b0e39|17|27399112975
32777|0x3d48b0e39|18|55087653141
32777|0x3d48b0e39|19|111467321657
32777|0xbd48b0e39|20|221483603690
32777|0x1bd48b0e39|21|440067728725
32777|0x1bd48b0e39|22|883113849959
32777|0x5bd48b0e39|23|1755334286006
32777|0xdbd48b0e39|24|5161966411452
32779|0xba3|1|953852
32779|0x20ba3|2|1418381
32779|0x20ba3|3|2961612
32779|0xa0ba3|4|5997325
32779|0xa0ba3|5|12103465
32779|0xa0ba3|6|24310101
32779|0x4a0ba3|7|48724185
32779|0x4a0ba3|8|97489394
32779|0x14a0ba3|9|195032100
32779|0x14a0ba3|10|390283970
32779|0x54a0ba3|11|760325316
32779|0x54a0ba3|12|1538939249
32779|0x54a0ba3|13|3120674286
32779|0x54a0ba3|14|6193187123
32779|0x454a0ba3|15|12455515586
32779|0x454a0ba3|16|24749406060
32779|0x454a0ba3|17|49629051570
32779|0x454a0ba3|18|98255976079
32779|0x454a0ba3|19|187991977980
32779|0x8454a0ba3|20|386361674886
32779|0x8454a0ba3|21|769121714943
32779|0x8454a0ba3|22|1545089416723
32779|0x8454a0ba3|23|2274985649242
32779|0x8454a0ba3|24|5075847861269
32781|0x1cec5|1|621865
32781|0x3cec5|2|1367535
32781|0x7cec5|3|2898076
32781|0xfcec5|4|5886262
32781|0x1fcec5|5|11947600
32781|0x1fcec5|6|23993416
32781|0x1fcec5|7|48055715
32781|0x1fcec5|8|96643921
32781|0x11fcec5|9|195465811
32781|0x31fcec5|10|390925979
32781|0x31fcec5|11|782106388
32781|0x31fcec5|12|1551729713
32781|0x131fcec5|13|3110803234
32781|0x331fcec5|14|6974571259
32781|0x331fcec5|15|12372634641
32781|0xb31fcec5|16|24835358401
32781|0x1b31fcec5|17|48407991106
32781|0x3b31fcec5|18|97913184496
32781|0x3b31fcec5|19|194575085743
32781|0x3b31fcec5|20|390859439531
32781|0x3b31fcec5|21|774257347560
32781|0x3b31fcec5|22|1549973618017
32781|0x43b31fcec5|23|3094541454783
32781|0x43b31fcec5|24|3786497757435
32783|0x6eef|1|330062
32783|0x26eef|2|766751
32783|0x66eef|3|1728210
32783|0xe6eef|4|3527347
32783|0x1e6eef|5|7217850
32783|0x1e6eef|6|14370283
32783|0x5e6eef|7|28878823
32783|0x5e6eef|8|138032696
32783|0x15e6eef|9|117273332
32783|0x15e6eef|10|234587708
32783|0x55e6eef|11|466777739
32783|0xd5e6eef|12|937400314
32783|0xd5e6eef|13|1851002795
32783|0xd5e6eef|14|3720064119
32783|0xd5e6eef|15|7456404787
32783|0xd5e6eef|16|14849730229
32783|0xd5e6eef|17|29807667476
32783|0xd5e6eef|18|59791295735
32783|0xd5e6eef|19|119590541481
32783|0xd5e6eef|20|238473110259
32783|0x100d5e6eef|21|473741887359
32783|0x300d5e6eef|22|937421548505
32783|0x300d5e6eef|23|1866195397158
32783|0xb00d5e6eef|24|3708900390432
32785|0x70f1|1|372036
32785|0x70f1|2|869354
32785|0x70f1|3|1706547
32785|0x70f1|4|3635733
32785|0x70f1|5|7039086
32785|0x70f1|6|14473039
32785|0x70f1|7|28894208
32785|0x8070f1|8|57706095
32785|0x18070f1|9|115694373
32785|0x38070f1|10|231306472
32785|0x78070f1|11|462634061
32785|0xf8070f1|12|937387071
32785|0xf8070f1|13|1877215657
32785|0xf8070f1|14|3702545323
32785|0x4f8070f1|15|7392580530
32785|0xcf8070f1|16|15024062431
32785|0xcf8070f1|17|28504057742
32785|0x2cf8070f1|18|59474520543
32785|0x2cf8070f1|19|115513297262
32785|0x2cf8070f1|20|238018224827
32785|0x12cf8070f1|21|471095645872
32785|0x12cf8070f1|22|947110194460
32785|0x12cf8070f1|23|1884016479331
32785|0x12cf8070f1|24|3771829111490
32787|0x14a1b|1|374774
32787|0x34a1b|2|880809
32787|0x74a1b|3|1724495
32787|0xf4a1b|4|3663338
32787|0x1f4a1b|5|7150392
32787|0x3f4a1b|6|14585003
32787|0x7f4a1b|7|29329774
32787|0xff4a1b|8|58442596
32787|0xff4a1b|9|117260979
32787|0xff4a1b|10|234533137
32787|0xff4a1b|11|462312863
32787|0x8ff4a1b|12|954596984
32787|0x18ff4a1b|13|1850017301
32787|0x18ff4a1b|14|3740744573
32787|0x18ff4a1b|15|7446726497
32787|0x98ff4a1b|16|14924692976
32787|0x198ff4a1b|17|29081922870
32787|0x398ff4a1b|18|57677260627
32787|0x798ff4a1b|19|115807317498
32787|0x798ff4a1b|20|232764374006
32787|0x1798ff4a1b|21|466258928118
32787|0x1798ff4a1b|22|930946690272
32787|0x5798ff4a1b|23|1872786087480
32787|0x5798ff4a1b|24|3736879913007
32789|0x14f3d|1|338678
32789|0x34f3d|2|863083
32789|0x74f3d|3|1871255
32789|0xf4f3d|4|3548177
32789|0xf4f3d|5|7410630
32789|0x2f4f3d|6|14700721
32789|0x2f4f3d|7|28942984
32789|0xaf4f3d|8|57919430
32789|0xaf4f3d|9|117575926
32789|0x2af4f3d|10|235554496
32789|0x2af4f3d|11|470168882
32789|0x2af4f3d|12|935229939
32789|0x2af4f3d|13|1871190708
32789|0x22af4f3d|14|3741231316
32789|0x22af4f3d|15|7482833551
32789|0xa2af4f3d|16|15031979451
32789|0x1a2af4f3d|17|29266305755
32789|0x3a2af4f3d|18|57910300078
32789|0x7a2af4f3d|19|116218685373
32789|0xfa2af4f3d|20|233600279759
32789|0xfa2af4f3d|21|466103182314
32789|0x2fa2af4f3d|22|928921383670
32789|0x6fa2af4f3d|23|1861927996457
32789|0xefa2af4f3d|24|3724482486112
32791|0xb7a7|1|368108
32791|0xb7a7|2|789692
32791|0x4b7a7|3|1630697
32791|0x4b7a7|4|3641707
32791|0x4b7a7|5|7275183
32791|0x4b7a7|6|14679955
32791|0x44b7a7|7|29382734
32791|0x44b7a7|8|58666585
32791|0x44b7a7|9|117752238
32791|0x244b7a7|10|300834340
32791|0x244b7a7|11|467631354
32791|0x244b7a7|12|939106499
32791|0x1244b7a7|13|1934139426
32791|0x1244b7a7|14|3742661328
32791|0x1244b7a7|15|7481403399
32791|0x1244b7a7|16|14941083538
32791|0x1244b7a7|17|29989957153
32791|0x1244b7a7|18|59855236327
32791|0x41244b7a7|19|115103387530
32791|0x41244b7a7|20|231586274147
32791|0x41244b7a7|21|463977427173
32791|0x41244b7a7|22|929320305198
32791|0x41244b7a7|23|1856998971008
32791|0x841244b7a7|24|3764440156474
32793|0xdc29|1|921722
32793|0x2dc29|2|1369662
32793|0x6dc29|3|2896590
32793|0x6dc29|4|5899970
32793|0x6dc29|5|11939357
32793|0x6dc29|6|23999295
32793|0x46dc29|7|48077328
32793|0x46dc29|8|96321750
32793|0x146dc29|9|192669003
32793|0x346dc29|10|385533788
32793|0x346dc29|11|771026329
32793|0x346dc29|12|1542688705
32793|0x346dc29|13|3114924916
32793|0x346dc29|14|6225170991
32793|0x4346dc29|15|12434424355
32793|0x4346dc29|16|24858359884
32793|0x4346dc29|17|39685327160
32793|0x24346dc29|18|58122282264
32793|0x64346dc29|19|116117871978
32793|0x64346dc29|20|231531034036
32793|0x64346dc29|21|463365278908
32793|0x64346dc29|22|926779573610
32793|0x464346dc29|23|1852028781580
32793|0xc64346dc29|24|4718123741962
32795|0x15a13|1|595063
32795|0x35a13|2|1369618
32795|0x75a13|3|2893827
32795|0x75a13|4|5895065
32795|0x175a13|5|11954723
32795|0x175a13|6|24046316
32795|0x175a13|7|48093689
32795|0x975a13|8|96341005
32795|0x1975a13|9|192750393
32795|0x1975a13|10|385602751
32795|0x1975a13|11|782076317
32795|0x9975a13|12|1544309198
32795|0x19975a13|13|3128842673
32795|0x39975a13|14|6197939447
32795|0x79975a13|15|12509505366
32795|0xf9975a13|16|24852651038
32795|0xf9975a13|17|46784561192
32795|0x2f9975a13|18|100083354573
32795|0x6f9975a13|19|195816844344
32795|0xef9975a13|20|389965962696
32795|0xef9975a13|21|774809314344
32795|0x2ef9975a13|22|1548042165361
32795|0x6ef9975a13|23|2276728769405
32795|0xeef9975a13|24|3711008433588
32797|0x4235|1|350420
32797|0x24235|2|767109
32797|0x64235|3|1709639
32797|0x64235|4|3549042
32797|0x164235|5|7215696
32797|0x364235|6|14383043
32797|0x764235|7|28912905
32797|0xf64235|8|57829940
32797|0x1f64235|9|115716310
32797|0x3f64235|10|234971996
32797|0x7f64235|11|501167865
32797|0xff64235|12|1240710942
32797|0x1ff64235|13|1855801871
32797|0x1ff64235|14|3750112810
32797|0x5ff64235|15|7427874554
32797|0x5ff64235|16|14912488872
32797|0x5ff64235|17|30109251977
32797|0x25ff64235|18|58351050112
32797|0x25ff64235|19|117177357142
32797|0x25ff64235|20|232299497052
32797|0x25ff64235|21|465227714423
32797|0x25ff64235|22|932356499104
32797|0x425ff64235|23|1857318645134
32797|0xc25ff64235|24|3945736702943
32799|0xfbdf|1|342432
32799|0x2fbdf|2|796560
32799|0x6fbdf|3|1739973
32799|0xefbdf|4|2943316
32799|0xefbdf|5|4838748
32799|0xefbdf|6|11279368
32799|0x4efbdf|7|27131731
32799|0xcefbdf|8|54553125
32799|0x1cefbdf|9|96657932
32799|0x3cefbdf|10|202348255
32799|0x7cefbdf|11|395658037
32799|0x7cefbdf|12|803478749
32799|0x17cefbdf|13|1591736683
32799|0x37cefbdf|14|3076917808
32799|0x77cefbdf|15|6169044953
32799|0x77cefbdf|16|12283353706
32799|0x77cefbdf|17|24490448026
32799|0x277cefbdf|18|48025642510
32799|0x677cefbdf|19|97835503164
32799|0x677cefbdf|20|196325344425
32799|0x1677cefbdf|21|506716714661
32799|0x3677cefbdf|22|1143182244383
32799|0x3677cefbdf|23|2280316701919
32799|0xb677cefbdf|24|4544145642320
32801|0x103e1|1|643271
32801|0x303e1|2|1418321
32801|0x703e1|3|2980016
32801|0xf03e1|4|6021457
32801|0xf03e1|5|12135748
32801|0x2f03e1|6|23415572
32801|0x2f03e1|7|43681303
32801|0x2f03e1|8|87630280
32801|0x2f03e1|9|169449924
32801|0x2f03e1|10|329692213
32801|0x2f03e1|11|693575545
32801|0x82f03e1|12|1271731603
32801|0x182f03e1|13|2307514844
32801|0x382f03e1|14|3779043665
32801|0x782f03e1|15|7048260934
32801|0x782f03e1|16|14083792396
32801|0x1782f03e1|17|28416126626
32801|0x1782f03e1|18|54111109462
32801|0x1782f03e1|19|126228204039
32801|0x9782f03e1|20|358902256640
32801|0x19782f03e1|21|747479473192
32801|0x39782f03e1|22|875238655956
32801|0x39782f03e1|23|2446964777749
32801|0xb9782f03e1|24|3644004446896
32803|0x2f8b|1|372912
32803|0x2f8b|2|794635
32803|0x42f8b|3|1646853
32803|0xc2f8b|4|3372779
32803|0x1c2f8b|5|6996143
32803|0x3c2f8b|6|13655320
32803|0x3c2f8b|7|32665771
32803|0x3c2f8b|8|88435294
32803|0x3c2f8b|9|128735443
32803|0x3c2f8b|10|320288354
32803|0x3c2f8b|11|590025492
32803|0x3c2f8b|12|1409298314
32803|0x3c2f8b|13|2625774676
32803|0x203c2f8b|14|5266142645
32803|0x203c2f8b|15|10400686920
32803|0xa03c2f8b|16|20695953087
32803|0xa03c2f8b|17|40990467136
32803|0xa03c2f8b|18|81253625508
32803|0x4a03c2f8b|19|179576408863
32803|0x4a03c2f8b|20|281864377382
32803|0x4a03c2f8b|21|596895283882
32803|0x4a03c2f8b|22|899470515078
32803|0x44a03c2f8b|23|2596942586129
32803|0xc4a03c2f8b|24|3938437906644
32805|0x19bad|1|593382
32805|0x39bad|2|904583
32805|0x79bad|3|1819137
32805|0x79bad|4|3608801
32805|0x179bad|5|7231299
32805|0x179bad|6|14668230
32805|0x579bad|7|29229756
32805|0xd79bad|8|58506577
32805|0x1d79bad|9|115857140
32805|0x3d79bad|10|231571086
32805|0x7d79bad|11|463039689
32805|0x7d79bad|12|898334712
32805|0x17d79bad|13|1862638191
32805|0x17d79bad|14|3740806953
32805|0x57d79bad|15|7512670129
32805|0xd7d79bad|16|14911865756
32805|0x1d7d79bad|17|29295756716
32805|0x1d7d79bad|18|58195746522
32805|0x1d7d79bad|19|116228275322
32805|0x1d7d79bad|20|233561989098
32805|0x11d7d79bad|21|464198149164
32805|0x11d7d79bad|22|930015416086
32805|0x11d7d79bad|23|1860434777372
32805|0x91d7d79bad|24|3705821950094
32807|0xef97|1|484963
32807|0xef97|2|856730
32807|0xef97|3|1832177
32807|0xef97|4|3526767
32807|0x10ef97|5|7408068
32807|0x30ef97|6|14604103
32807|0x70ef97|7|29256655
32807|0x70ef97|8|58629946
32807|0x170ef97|9|117328525
32807|0x170ef97|10|231628104
32807|0x170ef97|11|618098342
32807|0x170ef97|12|938810472
32807|0x1170ef97|13|1868710401
32807|0x3170ef97|14|3726886341
32807|0x3170ef97|15|7466197418
32807|0x3170ef97|16|14918264325
32807|0x3170ef97|17|30244834878
32807|0x3170ef97|18|59653946797
32807|0x3170ef97|19|114167407183
32807|0x3170ef97|20|233440306725
32807|0x3170ef97|21|460080479572
32807|0x3170ef97|22|926802087768
32807|0x403170ef97|23|1912245480975
32807|0xc03170ef97|24|3711873763457
32809|0x11c19|1|233421
32809|0x31c19|2|517115
32809|0x71c19|3|1237988
32809|0x71c19|4|3673524
32809|0x171c19|5|7134382
32809|0x171c19|6|14646236
32809|0x571c19|7|29097489
32809|0x571c19|8|54509825
32809|0x571c19|9|106602077
32809|0x571c19|10|212585303
32809|0x4571c19|11|399140409
32809|0x4571c19|12|790772504
32809|0x4571c19|13|1617458253
32809|0x4571c19|14|3155983403
32809|0x44571c19|15|6241001430
32809|0xc4571c19|16|12600209337
32809|0x1c4571c19|17|26560896796
32809|0x1c4571c19|18|50000306083
32809|0x5c4571c19|19|113058736407
32809|0xdc4571c19|20|262551916620
32809|0xdc4571c19|21|581341178368
32809|0x2dc4571c19|22|914971392097
32809|0x2dc4571c19|23|1811121664556
32809|0xadc4571c19|24|3746526517908
32811|0x3e83|1|391358
32811|0x3e83|2|867647
32811|0x43e83|3|1842609
32811|0xc3e83|4|3492992
32811|0x1c3e83|5|7259820
32811|0x1c3e83|6|14688214
32811|0x1c3e83|7|29359626
32811|0x1c3e83|8|57991961
32811|0x1c3e83|9|117767954
32811|0x1c3e83|10|234826689
32811|0x41c3e83|11|469594727
32811|0x41c3e83|12|932871913
32811|0x141c3e83|13|1848249043
32811|0x141c3e83|14|3719822286
32811|0x141c3e83|15|7477037372
32811|0x941c3e83|16|14906310892
32811|0x1941c3e83|17|29601676852
32811|0x3941c3e83|18|58000488061
32811|0x3941c3e83|19|116292410929
32811|0xb941c3e83|20|232225737840
32811|0xb941c3e83|21|465735193358
32811|0xb941c3e83|22|929594336806
32811|0xb941c3e83|23|1879784169148
32811|0xb941c3e83|24|4023738654286
32813|0x1cfa5|1|381912
32813|0x1cfa5|2|1775765
32813|0x5cfa5|3|1666551
32813|0xdcfa5|4|3603834
32813|0xdcfa5|5|6769639
32813|0xdcfa5|6|13850802
32813|0x4dcfa5|7|27743633
32813|0xcdcfa5|8|55431843
32813|0xcdcfa5|9|110939931
32813|0xcdcfa5|10|224145718
32813|0x4cdcfa5|11|437570579
32813|0x4cdcfa5|12|887562088
32813|0x4cdcfa5|13|1758935159
32813|0x4cdcfa5|14|3503370082
32813|0x44cdcfa5|15|6191425238
32813|0x44cdcfa5|16|12350665073
32813|0x144cdcfa5|17|24211240586
32813|0x144cdcfa5|18|48829562438
32813|0x144cdcfa5|19|164867995258
32813|0x144cdcfa5|20|231191823190
32813|0x144cdcfa5|21|464538491272
32813|0x2144cdcfa5|22|929533499151
32813|0x6144cdcfa5|23|1856897133781
32813|0xe144cdcfa5|24|3741266141328
32815|0xc6cf|1|372622
32815|0xc6cf|2|904933
32815|0x4c6cf|3|1850508
32815|0xcc6cf|4|3591127
32815|0xcc6cf|5|7159513
32815|0xcc6cf|6|14475296
32815|0x4cc6cf|7|29253716
32815|0xccc6cf|8|57817597
32815|0x1ccc6cf|9|115784491
32815|0x1ccc6cf|10|234569750
32815|0x1ccc6cf|11|468072385
32815|0x9ccc6cf|12|909367623
32815|0x19ccc6cf|13|2051952029
32815|0x39ccc6cf|14|3729109166
32815|0x39ccc6cf|15|7461716122
32815|0x39ccc6cf|16|15992950964
32815|0x139ccc6cf|17|28773597915
32815|0x139ccc6cf|18|94362998411
32815|0x139ccc6cf|19|176496655827
32815|0x139ccc6cf|20|297035705311
32815|0x139ccc6cf|21|471560950073
32815|0x2139ccc6cf|22|1074517279363
32815|0x2139ccc6cf|23|2338412778653
32815|0x2139ccc6cf|24|3902453878676
32817|0xd8d1|1|369247
32817|0x2d8d1|2|892860
32817|0x6d8d1|3|1644718
32817|0xed8d1|4|3307476
32817|0xed8d1|5|6658904
32817|0xed8d1|6|9886029
32817|0x4ed8d1|7|25059603
32817|0xced8d1|8|48459649
32817|0xced8d1|9|104045678
32817|0xced8d1|10|201043767
32817|0x4ced8d1|11|408292145
32817|0xcced8d1|12|779208793
32817|0xcced8d1|13|1523450841
32817|0x2cced8d1|14|4506522646
32817|0x2cced8d1|15|9050142837
32817|0x2cced8d1|16|17989731935
32817|0x2cced8d1|17|36057126798
32817|0x2cced8d1|18|47848364795
32817|0x2cced8d1|19|94155725017
32817|0x2cced8d1|20|199803231731
32817|0x102cced8d1|21|399823634538
32817|0x102cced8d1|22|1115004889542
32817|0x102cced8d1|23|1956469724728
32817|0x902cced8d1|24|3923006855092
32819|0x7afb|1|587627
32819|0x27afb|2|1422991
32819|0x67afb|3|2969420
32819|0xe7afb|4|6004423
32819|0xe7afb|5|12136932
32819|0x2e7afb|6|20950414
32819|0x6e7afb|7|45427025
32819|0xee7afb|8|86222592
32819|0x1ee7afb|9|171061520
32819|0x1ee7afb|10|359736437
32819|0x1ee7afb|11|682830587
32819|0x1ee7afb|12|1406094165
32819|0x1ee7afb|13|2700739097
32819|0x21ee7afb|14|3704384943
32819|0x21ee7afb|15|7588357217
32819|0x21ee7afb|16|14965738852
32819|0x21ee7afb|17|29660037629
32819|0x221ee7afb|18|67389313180
32819|0x621ee7afb|19|138612915699
32819|0x621ee7afb|20|234581398970
32819|0x1621ee7afb|21|496393614039
32819|0x3621ee7afb|22|890649879298
32819|0x7621ee7afb|23|2094942125742
32819|0xf621ee7afb|24|3707575605733
32821|0xd21d|1|366682
32821|0x2d21d|2|830836
32821|0x6d21d|3|1845607
32821|0xed21d|4|3430438
32821|0xed21d|5|7299593
32821|0x2ed21d|6|14356462
32821|0x6ed21d|7|28815821
32821|0x6ed21d|8|60577319
32821|0x6ed21d|9|115770948
32821|0x6ed21d|10|234621356
32821|0x6ed21d|11|469358310
32821|0x6ed21d|12|926269627
32821|0x6ed21d|13|1862991607
32821|0x6ed21d|14|3747815728
32821|0x6ed21d|15|7458087924
32821|0x806ed21d|16|14927119303
32821|0x806ed21d|17|29826392841
32821|0x2806ed21d|18|57511968031
32821|0x6806ed21d|19|115744406948
32821|0x6806ed21d|20|231511438994
32821|0x16806ed21d|21|464094884918
32821|0x36806ed21d|22|936257197425
32821|0x36806ed21d|23|1874500481923
32821|0xb6806ed21d|24|3741805367210
32823|0x13587|1|387868
32823|0x33587|2|904796
32823|0x73587|3|1739779
32823|0x73587|4|3665966
32823|0x173587|5|7177492
32823|0x173587|6|14680081
32823|0x573587|7|29252504
32823|0xd73587|8|57680446
32823|0x1d73587|9|115800755
32823|0x1d73587|10|234627285
32823|0x1d73587|11|467533613
32823|0x1d73587|12|932117627
32823|0x1d73587|13|1864498453
32823|0x1d73587|14|3734283544
32823|0x1d73587|15|7462891168
32823|0x1d73587|16|14929837623
32823|0x1d73587|17|29835493879
32823|0x1d73587|18|59702805008
32823|0x401d73587|19|115765112618
32823|0xc01d73587|20|231478060773
32823|0xc01d73587|21|467182637065
32823|0xc01d73587|22|972095338686
32823|0xc01d73587|23|2327068791791
32823|0x8c01d73587|24|4508480138971
32825|0x16e09|1|354248
32825|0x36e09|2|794404
32825|0x36e09|3|1645038
32825|0xb6e09|4|3375158
32825|0x1b6e09|5|6811316
32825|0x3b6e09|6|13842812
32825|0x7b6e09|7|27330765
32825|0xfb6e09|8|54742854
32825|0x1fb6e09|9|110586380
32825|0x1fb6e09|10|219564312
32825|0x1fb6e09|11|440724241
32825|0x9fb6e09|12|888007187
32825|0x19fb6e09|13|1763703787
32825|0x19fb6e09|14|3527499176
32825|0x19fb6e09|15|7051793387
32825|0x99fb6e09|16|14113228274
32825|0x99fb6e09|17|27648447403
32825|0x99fb6e09|18|54206644500
32825|0x99fb6e09|19|107802308589
32825|0x99fb6e09|20|213306926866
32825|0x99fb6e09|21|528007993265
32825|0x2099fb6e09|22|1014586650304
32825|0x6099fb6e09|23|1644577621605
32825|0xe099fb6e09|24|3730594000492
32827|0x58f3|1|589550
32827|0x258f3|2|900749
32827|0x658f3|3|1647000
32827|0x658f3|4|3706213
32827|0x1658f3|5|7070404
32827|0x3658f3|6|14413636
32827|0x3658f3|7|29370819
32827|0x3658f3|8|58147018
32827|0x13658f3|9|192053111
32827|0x13658f3|10|232806939
32827|0x53658f3|11|469781842
32827|0x53658f3|12|934069726
32827|0x53658f3|13|1865816291
32827|0x253658f3|14|4854549686
32827|0x653658f3|15|7457132179
32827|0xe53658f3|16|14948792505
32827|0xe53658f3|17|28239688309
32827|0xe53658f3|18|57806496297
32827|0xe53658f3|19|116119091553
32827|0xe53658f3|20|300438162461
32827|0x10e53658f3|21|576216592635
32827|0x10e53658f3|22|995650269678
32827|0x10e53658f3|23|1868110890054
32827|0x90e53658f3|24|3725931705039
32829|0x1715|1|515092
32829|0x1715|2|786185
32829|0x1715|3|1782759
32829|0x1715|4|3497791
32829|0x101715|5|7305970
32829|0x301715|6|14395412
32829|0x301715|7|28902879
32829|0x301715|8|58066005
32829|0x1301715|9|115941467
32829|0x1301715|10|232002578
32829|0x5301715|11|463973953
32829|0xd301715|12|926865748
32829|0x1d301715|13|1855342725
32829|0x1d301715|14|3712215666
32829|0x1d301715|15|7419395031
32829|0x1d301715|16|14933124055
32829|0x11d301715|17|28373641782
32829|0x11d301715|18|58143128630
32829|0x51d301715|19|117060031134
32829|0x51d301715|20|233866743242
32829|0x151d301715|21|465155745030
32829|0x351d301715|22|925926020201
32829|0x751d301715|23|1853315800781
32829|0xf51d301715|24|3704513284227
32831|0x16fbf|1|451764
32831|0x36fbf|2|869799
32831|0x36fbf|3|1664209
32831|0xb6fbf|4|3705036
32831|0x1b6fbf|5|7166449
32831|0x3b6fbf|6|14661221
32831|0x3b6fbf|7|29359451
32831|0xbb6fbf|8|57666465
32831|0xbb6fbf|9|117343959
32831|0x2bb6fbf|10|233259304
32831|0x6bb6fbf|11|467635111
32831|0x6bb6fbf|12|933634349
32831|0x6bb6fbf|13|1864139217
32831|0x26bb6fbf|14|3728374037
32831|0x66bb6fbf|15|7416520383
32831|0x66bb6fbf|16|14912836678
32831|0x166bb6fbf|17|29421183822
32831|0x366bb6fbf|18|57445603887
32831|0x766bb6fbf|19|117063379251
32831|0x766bb6fbf|20|236560137842
32831|0x1766bb6fbf|21|464914107154
32831|0x3766bb6fbf|22|930164205078
32831|0x3766bb6fbf|23|1864482603386
32831|0x3766bb6fbf|24|3727758583758
32833|0x18fc1|1|401795
32833|0x38fc1|2|811678
32833|0x38fc1|3|1695876
32833|0xb8fc1|4|3654181
32833|0x1b8fc1|5|7227033
32833|0x3b8fc1|6|14558777
32833|0x3b8fc1|7|29302388
32833|0x3b8fc1|8|100786369
32833|0x13b8fc1|9|117266680
32833|0x13b8fc1|10|233457921
32833|0x13b8fc1|11|463317385
32833|0x93b8fc1|12|936319496
32833|0x93b8fc1|13|1865133624
32833|0x293b8fc1|14|3731002355
32833|0x693b8fc1|15|7460879939
32833|0xe93b8fc1|16|14904991454
32833|0x1e93b8fc1|17|29063735353
32833|0x3e93b8fc1|18|57531097330
32833|0x7e93b8fc1|19|116350939659
32833|0x7e93b8fc1|20|231480681378
32833|0x7e93b8fc1|21|467145508131
32833|0x27e93b8fc1|22|932499092869
32833|0x67e93b8fc1|23|1857001302373
32833|0x67e93b8fc1|24|3751317183392
32835|0x1cc6b|1|323975
32835|0x3cc6b|2|869646
32835|0x7cc6b|3|1825747
32835|0x7cc6b|4|3454397
32835|0x7cc6b|5|7250380
32835|0x7cc6b|6|14568917
32835|0x47cc6b|7|29202578
32835|0x47cc6b|8|57923635
32835|0x147cc6b|9|115981009
32835|0x147cc6b|10|234616720
32835|0x547cc6b|11|464625725
32835|0xd47cc6b|12|933757715
32835|0xd47cc6b|13|1905110916
32835|0x2d47cc6b|14|3739486754
32835|0x6d47cc6b|15|7462917828
32835|0xed47cc6b|16|14926539221
32835|0xed47cc6b|17|28151712786
32835|0x2ed47cc6b|18|58000627005
32835|0x2ed47cc6b|19|115892638357
32835|0xaed47cc6b|20|231642225164
32835|0xaed47cc6b|21|463578545175
32835|0xaed47cc6b|22|927088536578
32835|0xaed47cc6b|23|1852889057588
32835|0x8aed47cc6b|24|3696635879861
32837|0x928d|1|797041
32837|0x2928d|2|891140
32837|0x2928d|3|1628795
32837|0xa928d|4|3661336
32837|0xa928d|5|7053194
32837|0x2a928d|6|14472626
32837|0x6a928d|7|29014870
32837|0x6a928d|8|57881162
32837|0x6a928d|9|116168138
32837|0x26a928d|10|235148055
32837|0x26a928d|11|470790195
32837|0x26a928d|12|1035614006
32837|0x126a928d|13|2114701256
32837|0x126a928d|14|3760040976
32837|0x526a928d|15|7475294819
32837|0xd26a928d|16|14953288212
32837|0xd26a928d|17|28299071802
32837|0x2d26a928d|18|58514161216
32837|0x2d26a928d|19|116365132581
32837|0xad26a928d|20|307465988139
32837|0xad26a928d|21|555974798115
32837|0x2ad26a928d|22|943864991638
32837|0x6ad26a928d|23|1959826491977
32837|0x6ad26a928d|24|4134956883187
32839|0x12977|1|606426
32839|0x32977|2|1455543
32839|0x72977|3|2969463
32839|0xf2977|4|5483246
32839|0x1f2977|5|8619434
32839|0x3f2977|6|23277048
32839|0x7f2977|7|41330246
32839|0x7f2977|8|89282408
32839|0x7f2977|9|173787672
32839|0x7f2977|10|346414512
32839|0x7f2977|11|696923265
32839|0x87f2977|12|1432419902
32839|0x187f2977|13|2747175460
32839|0x387f2977|14|5630025011
32839|0x787f2977|15|9065121814
32839|0x787f2977|16|18161086517
32839|0x1787f2977|17|32847450681
32839|0x1787f2977|18|57368617137
32839|0x1787f2977|19|112787432256
32839|0x9787f2977|20|210824514384
32839|0x9787f2977|21|474567904700
32839|0x29787f2977|22|943745830286
32839|0x69787f2977|23|1779803999157
32839|0xe9787f2977|24|3856720839160
32841|0x171f9|1|579724
32841|0x371f9|2|1369823
32841|0x371f9|3|2898886
32841|0xb71f9|4|5896215
32841|0xb71f9|5|11945428
32841|0xb71f9|6|23984315
32841|0x4b71f9|7|44593865
32841|0xcb71f9|8|92430663
32841|0x1cb71f9|9|173276548
32841|0x1cb71f9|10|361484277
32841|0x5cb71f9|11|718983696
32841|0x5cb71f9|12|1371725227
32841|0x5cb71f9|13|2657523940
32841|0x25cb71f9|14|5199762690
32841|0x25cb71f9|15|10491945173
32841|0xa5cb71f9|16|21386735700
32841|0x1a5cb71f9|17|41981291640
32841|0x3a5cb71f9|18|84050347729
32841|0x3a5cb71f9|19|144263515525
32841|0x3a5cb71f9|20|315967411796
32841|0x13a5cb71f9|21|458471183473
32841|0x13a5cb71f9|22|865130336154
32841|0x13a5cb71f9|23|2017405989026
32841|0x93a5cb71f9|24|4225805829286
32843|0x14963|1|233120
32843|0x34963|2|504044
32843|0x34963|3|1210016
32843|0xb4963|4|2391874
32843|0xb4963|5|6326221
32843|0xb4963|6|13517904
32843|0xb4963|7|27320878
32843|0xb4963|8|46201015
32843|0xb4963|9|99001529
32843|0xb4963|10|201142755
32843|0xb4963|11|383896784
32843|0x80b4963|12|792915332
32843|0x80b4963|13|1584554420
32843|0x80b4963|14|3276995351
32843|0x80b4963|15|7557912060
32843|0x80b4963|16|14869388746
32843|0x80b4963|17|38364772018
32843|0x80b4963|18|53567515200
32843|0x80b4963|19|148822245614
32843|0x8080b4963|20|206413238217
32843|0x8080b4963|21|527466321728
32843|0x28080b4963|22|979882090621
32843|0x68080b4963|23|1980259571170
32843|0xe8080b4963|24|3729111676514
32845|0xb885|1|392166
32845|0x2b885|2|767091
32845|0x6b885|3|1703186
32845|0xeb885|4|3586810
32845|0x1eb885|5|7160138
32845|0x1eb885|6|14406817
32845|0x1eb885|7|28995428
32845|0x9eb885|8|58768727
32845|0x9eb885|9|115758311
32845|0x9eb885|10|237052970
32845|0x49eb885|11|463417153
32845|0x49eb885|12|935632390
32845|0x49eb885|13|1869066636
32845|0x49eb885|14|3732838473
32845|0x449eb885|15|7463326700
32845|0x449eb885|16|14936117019
32845|0x449eb885|17|29665156209
32845|0x449eb885|18|58980862235
32845|0x4449eb885|19|115926218881
32845|0xc449eb885|20|231169174803
32845|0xc449eb885|21|461691750033
32845|0xc449eb885|22|1012296054464
32845|0xc449eb885|23|1793598763299
32845|0xc449eb885|24|3857739439923
32847|0x96af|1|412694
32847|0x296af|2|898255
32847|0x696af|3|1606319
32847|0x696af|4|3636049
32847|0x696af|5|7016369
32847|0x2696af|6|14398482
32847|0x6696af|7|21011973
32847|0x6696af|8|53520783
32847|0x16696af|9|98539693
32847|0x36696af|10|197372876
32847|0x36696af|11|420261596
32847|0xb6696af|12|797679234
32847|0x1b6696af|13|1847624443
32847|0x1b6696af|14|3427818370
32847|0x5b6696af|15|7224951749
32847|0xdb6696af|16|14535285353
32847|0x1db6696af|17|26191764895
32847|0x3db6696af|18|62567695936
32847|0x7db6696af|19|132842626978
32847|0x7db6696af|20|247226200622
32847|0x7db6696af|21|423731684258
32847|0x27db6696af|22|945516136926
32847|0x27db6696af|23|1921642649211
32847|0x27db6696af|24|4067806231814
32849|0xc8b1|1|580628
32849|0xc8b1|2|2996589
32849|0xc8b1|3|1583247
32849|0x8c8b1|4|3573320
32849|0x8c8b1|5|6705637
32849|0x28c8b1|6|13445585
32849|0x68c8b1|7|36807339
32849|0xe8c8b1|8|97892228
32849|0xe8c8b1|9|120855496
32849|0x2e8c8b1|10|277103126
32849|0x2e8c8b1|11|457481520
32849|0x2e8c8b1|12|839028524
32849|0x12e8c8b1|13|1864385382
32849|0x32e8c8b1|14|2903289287
32849|0x32e8c8b1|15|6285450900
32849|0xb2e8c8b1|16|11861482586
32849|0x1b2e8c8b1|17|26730671308
32849|0x3b2e8c8b1|18|59460932404
32849|0x3b2e8c8b1|19|111497125089
32849|0x3b2e8c8b1|20|266268251694
32849|0x3b2e8c8b1|21|505404951656
32849|0x23b2e8c8b1|22|937352855112
32849|0x63b2e8c8b1|23|2103649459890
32849|0x63b2e8c8b1|24|4182521497070
32851|0x1c3db|1|693809
32851|0x1c3db|2|1421800
32851|0x1c3db|3|2986736
32851|0x1c3db|4|6018234
32851|0x1c3db|5|12153957
32851|0x1c3db|6|18929762
32851|0x1c3db|7|48831750
32851|0x81c3db|8|97759685
32851|0x81c3db|9|170336803
32851|0x81c3db|10|348678532
32851|0x481c3db|11|692819974
32851|0xc81c3db|12|1265342409
32851|0x1c81c3db|13|1474872119
32851|0x3c81c3db|14|3092835088
32851|0x3c81c3db|15|7905050303
32851|0xbc81c3db|16|15672077739
32851|0xbc81c3db|17|34825380039
32851|0x2bc81c3db|18|85977592881
32851|0x6bc81c3db|19|115665340790
32851|0x6bc81c3db|20|292619743593
32851|0x16bc81c3db|21|518197805149
32851|0x36bc81c3db|22|966332142708
32851|0x36bc81c3db|23|1997493211765
32851|0x36bc81c3db|24|5273426822311
32853|0x7cfd|1|324828
32853|0x7cfd|2|765549
32853|0x7cfd|3|1845735
32853|0x87cfd|4|3440455
32853|0x187cfd|5|7375199
32853|0x387cfd|6|14398824
32853|0x787cfd|7|29129441
32853|0xf87cfd|8|58130950
32853|0x1f87cfd|9|116355018
32853|0x3f87cfd|10|232498053
32853|0x3f87cfd|11|465486285
32853|0x3f87cfd|12|918124155
32853|0x13f87cfd|13|1855538721
32853|0x33f87cfd|14|3723379983
32853|0x33f87cfd|15|7446947140
32853|0xb3f87cfd|16|14793450274
32853|0xb3f87cfd|17|28325057339
32853|0xb3f87cfd|18|58038852173
32853|0xb3f87cfd|19|114893044358
32853|0x8b3f87cfd|20|224816627590
32853|0x8b3f87cfd|21|481982035642
32853|0x28b3f87cfd|22|1024178850623
32853|0x28b3f87cfd|23|1978871826722
32853|0xa8b3f87cfd|24|4548452455917
32855|0x6b67|1|678397
32855|0x6b67|2|1422214
32855|0x6b67|3|2961538
32855|0x86b67|4|6000042
32855|0x186b67|5|12143043
32855|0x186b67|6|24370677
32855|0x186b67|7|48843305
32855|0x186b67|8|97724998
32855|0x186b67|9|195542905
32855|0x2186b67|10|390936878
32855|0x6186b67|11|773931993
32855|0xe186b67|12|1543916228
32855|0xe186b67|13|3130345953
32855|0xe186b67|14|6237407306
32855|0xe186b67|15|12361046519
32855|0xe186b67|16|24915736741
32855|0x10e186b67|17|47037699267
32855|0x10e186b67|18|92950617585
32855|0x10e186b67|19|116172403888
32855|0x90e186b67|20|233776209481
32855|0x90e186b67|21|467000378525
32855|0x290e186b67|22|1137773272568
32855|0x290e186b67|23|2377665649850
32855|0x290e186b67|24|4226875487953
32857|0xc7e9|1|325877
32857|0x2c7e9|2|873550
32857|0x6c7e9|3|1825727
32857|0x6c7e9|4|3458955
32857|0x16c7e9|5|7300792
32857|0x36c7e9|6|14430530
32857|0x36c7e9|7|28860063
32857|0x36c7e9|8|57971551
32857|0x136c7e9|9|116431273
32857|0x136c7e9|10|288820483
32857|0x136c7e9|11|678673104
32857|0x136c7e9|12|1318493583
32857|0x1136c7e9|13|2624552986
32857|0x3136c7e9|14|5817627738
32857|0x3136c7e9|15|9741309973
32857|0xb136c7e9|16|19307948975
32857|0x1b136c7e9|17|33745661351
32857|0x3b136c7e9|18|64836917864
32857|0x7b136c7e9|19|106665486645
32857|0xfb136c7e9|20|241813603959
32857|0x1fb136c7e9|21|472503690046
32857|0x3fb136c7e9|22|1515591282838
32857|0x7fb136c7e9|23|2068893807580
32857|0x7fb136c7e9|24|3874979515635
32859|0xafd3|1|337454
32859|0xafd3|2|1124690
32859|0xafd3|3|1871917
32859|0x8afd3|4|3425257
32859|0x8afd3|5|7296596
32859|0x8afd3|6|14258796
32859|0x8afd3|7|28638527
32859|0x8afd3|8|57401385
32859|0x108afd3|9|115608634
32859|0x308afd3|10|229656451
32859|0x708afd3|11|461745801
32859|0xf08afd3|12|928912972
32859|0x1f08afd3|13|1846031073
32859|0x3f08afd3|14|3684364406
32859|0x7f08afd3|15|6543208850
32859|0xff08afd3|16|13229387604
32859|0x1ff08afd3|17|26550212549
32859|0x3ff08afd3|18|55929404009
32859|0x3ff08afd3|19|176085721382
32859|0x3ff08afd3|20|272759303232
32859|0x13ff08afd3|21|483985052623
32859|0x33ff08afd3|22|938798768769
32859|0x33ff08afd3|23|1900960006176
32859|0x33ff08afd3|24|5220654695757
32861|0x153f5|1|927220
32861|0x353f5|2|1422804
32861|0x353f5|3|2969200
32861|0x353f5|4|6010870
32861|0x1353f5|5|12140839
32861|0x1353f5|6|24414273
32861|0x1353f5|7|48835646
32861|0x1353f5|8|93413377
32861|0x11353f5|9|195638263
32861|0x31353f5|10|391378937
32861|0x31353f5|11|782781978
32861|0xb1353f5|12|1565933756
32861|0x1b1353f5|13|3130947669
32861|0x1b1353f5|14|6261570288
32861|0x1b1353f5|15|12356531445
32861|0x9b1353f5|16|24709429125
32861|0x9b1353f5|17|48699870979
32861|0x29b1353f5|18|95897714131
32861|0x69b1353f5|19|193325741756
32861|0x69b1353f5|20|375718167028
32861|0x169b1353f5|21|772242374889
32861|0x169b1353f5|22|1544556707953
32861|0x569b1353f5|23|2646026598386
32861|0x569b1353f5|24|4036440282898
32863|0x1db9f|1|382875
32863|0x1db9f|2|906485
32863|0x1db9f|3|1660395
32863|0x1db9f|4|3710898
32863|0x1db9f|5|7144982
32863|0x1db9f|6|14635061
32863|0x1db9f|7|27747292
32863|0x81db9f|8|49829157
32863|0x81db9f|9|110776834
32863|0x281db9f|10|213615890
32863|0x681db9f|11|420744015
32863|0xe81db9f|12|828241720
32863|0x1e81db9f|13|1554729478
32863|0x1e81db9f|14|3105106972
32863|0x5e81db9f|15|6584803250
32863|0x5e81db9f|16|12788668567
32863|0x5e81db9f|17|26687561310
32863|0x5e81db9f|18|62711597067
32863|0x45e81db9f|19|114931577606
32863|0x45e81db9f|20|385791799828
32863|0x45e81db9f|21|643266736163
32863|0x245e81db9f|22|1180995141657
32863|0x645e81db9f|23|1839197021522
32863|0xe45e81db9f|24|4487200388126
32865|0x23a1|1|606048
32865|0x223a1|2|1370689
32865|0x223a1|3|2894571
32865|0x223a1|4|5901620
32865|0x223a1|5|11948235
32865|0x2223a1|6|24012998
32865|0x6223a1|7|48146471
32865|0x6223a1|8|96439297
32865|0x16223a1|9|192984829
32865|0x16223a1|10|386037396
32865|0x16223a1|11|772091104
32865|0x96223a1|12|1544463628
32865|0x96223a1|13|3089431319
32865|0x296223a1|14|6177919096
32865|0x696223a1|15|12357836095
32865|0x696223a1|16|24715002569
32865|0x1696223a1|17|48511164736
32865|0x3696223a1|18|96282283148
32865|0x7696223a1|19|193087192552
32865|0x7696223a1|20|386019134071
32865|0x7696223a1|21|770392111651
32865|0x7696223a1|22|1544038272965
32865|0x7696223a1|23|3087708062190
32865|0x87696223a1|24|5735949327462
32867|0x14b|1|600727
32867|0x2014b|2|1457078
32867|0x6014b|3|2941948
32867|0xe014b|4|6048998
32867|0x1e014b|5|12146616
32867|0x1e014b|6|24391959
32867|0x5e014b|7|48871097
32867|0x5e014b|8|97312958
32867|0x15e014b|9|195716176
32867|0x15e014b|10|386216955
32867|0x15e014b|11|772447865
32867|0x95e014b|12|1566275605
32867|0x95e014b|13|3089782587
32867|0x295e014b|14|6246535283
32867|0x295e014b|15|12392954439
32867|0x295e014b|16|24982153628
32867|0x1295e014b|17|47634528450
32867|0x3295e014b|18|96683400725
32867|0x3295e014b|19|122104890284
32867|0xb295e014b|20|231353444267
32867|0xb295e014b|21|461651738108
32867|0xb295e014b|22|914469609028
32867|0xb295e014b|23|1840781703668
32867|0xb295e014b|24|3933119388672
32869|0x316d|1|356997
32869|0x2316d|2|807543
32869|0x6316d|3|1825839
32869|0xe316d|4|3385156
32869|0x1e316d|5|7227083
32869|0x3e316d|6|14134696
32869|0x7e316d|7|29137861
32869|0xfe316d|8|58140838
32869|0x1fe316d|9|113634451
32869|0x3fe316d|10|231841671
32869|0x7fe316d|11|458767954
32869|0x7fe316d|12|920328174
32869|0x7fe316d|13|1846149651
32869|0x7fe316d|14|3692249255
32869|0x47fe316d|15|7398997688
32869|0xc7fe316d|16|14788832714
32869|0xc7fe316d|17|28258462166
32869|0x2c7fe316d|18|57487543434
32869|0x2c7fe316d|19|114796163273
32869|0xac7fe316d|20|227898489008
32869|0xac7fe316d|21|459490635928
32869|0xac7fe316d|22|918798556447
32869|0x4ac7fe316d|23|1839436061653
32869|0xcac7fe316d|24|4172097368083
32871|0x9b57|1|386155
32871|0x29b57|2|785054
32871|0x29b57|3|1636922
32871|0xa9b57|4|3642577
32871|0x1a9b57|5|7232091
32871|0x3a9b57|6|14631025
32871|0x7a9b57|7|29378282
32871|0x7a9b57|8|58708004
32871|0x17a9b57|9|117364562
32871|0x37a9b57|10|234758534
32871|0x77a9b57|11|469664139
32871|0x77a9b57|12|929124353
32871|0x177a9b57|13|1879488122
32871|0x177a9b57|14|3748454450
32871|0x577a9b57|15|7499133952
32871|0xd77a9b57|16|14951433255
32871|0xd77a9b57|17|28144146834
32871|0xd77a9b57|18|57687858890
32871|0x4d77a9b57|19|114818510874
32871|0x4d77a9b57|20|229850934537
32871|0x14d77a9b57|21|460276064157
32871|0x34d77a9b57|22|913882085326
32871|0x34d77a9b57|23|1841187002732
32871|0x34d77a9b57|24|4085069748405
32873|0x10fd9|1|381437
32873|0x10fd9|2|872163
32873|0x50fd9|3|1761690
32873|0x50fd9|4|3534072
32873|0x50fd9|5|7158678
32873|0x50fd9|6|14490792
32873|0x50fd9|7|29259524
32873|0x50fd9|8|58595365
32873|0x50fd9|9|116161933
32873|0x2050fd9|10|234897119
32873|0x6050fd9|11|465254117
32873|0x6050fd9|12|935106282
32873|0x6050fd9|13|1865235064
32873|0x6050fd9|14|3993101131
32873|0x6050fd9|15|7377313431
32873|0x6050fd9|16|14760919168
32873|0x106050fd9|17|27765346466
32873|0x306050fd9|18|57381599571
32873|0x306050fd9|19|138965035183
32873|0x306050fd9|20|386357459354
32873|0x306050fd9|21|675225930893
32873|0x306050fd9|22|1135151238315
32873|0x4306050fd9|23|1988043051997
32873|0xc306050fd9|24|3744157183798
32875|0x2c43|1|424957
32875|0x2c43|2|928504
32875|0x42c43|3|1647219
32875|0x42c43|4|3736894
32875|0x42c43|5|7230209
32875|0x242c43|6|14702638
32875|0x642c43|7|29465985
32875|0x642c43|8|58866728
32875|0x642c43|9|116081131
32875|0x642c43|10|231988158
32875|0x642c43|11|470814149
32875|0x642c43|12|929192982
32875|0x642c43|13|1869133091
32875|0x642c43|14|3747254533
32875|0x40642c43|15|7510576063
32875|0x40642c43|16|14977954122
32875|0x140642c43|17|28871504157
32875|0x140642c43|18|58407627370
32875|0x140642c43|19|115168668086
32875|0x940642c43|20|231387250604
32875|0x1940642c43|21|459849610134
32875|0x1940642c43|22|927310594582
32875|0x5940642c43|23|1865929288604
32875|0xd940642c43|24|3934199741783
32877|0x18965|1|324220
32877|0x38965|2|767620
32877|0x78965|3|1798710
32877|0xf8965|4|3386357
32877|0x1f8965|5|6660242
32877|0x3f8965|6|13684654
32877|0x7f8965|7|27414542
32877|0x7f8965|8|55084898
32877|0x17f8965|9|109922933
32877|0x17f8965|10|219738157
32877|0x17f8965|11|439943718
32877|0x97f8965|12|879267618
32877|0x197f8965|13|1758411835
32877|0x397f8965|14|3516855004
32877|0x797f8965|15|7028129713
32877|0xf97f8965|16|14110583326
32877|0xf97f8965|17|25983906288
32877|0x2f97f8965|18|53519428615
32877|0x6f97f8965|19|106606025188
32877|0xef97f8965|20|242882088542
32877|0xef97f8965|21|458566787749
32877|0x2ef97f8965|22|1004296016989
32877|0x6ef97f8965|23|2185288521810
32877|0x6ef97f8965|24|5112775680114
32879|0xde8f|1|560302
32879|0xde8f|2|796515
32879|0xde8f|3|1671757
32879|0x8de8f|4|3597582
32879|0x8de8f|5|6793848
32879|0x28de8f|6|13864795
32879|0x28de8f|7|27101744
32879|0x28de8f|8|55550161
32879|0x128de8f|9|111175389
32879|0x128de8f|10|219134259
32879|0x128de8f|11|439391518
32879|0x128de8f|12|879556974
32879|0x1128de8f|13|1779285904
32879|0x3128de8f|14|3555180998
32879|0x7128de8f|15|7065702725
32879|0xf128de8f|16|14164783446
32879|0x1f128de8f|17|27425120949
32879|0x1f128de8f|18|76989593101
32879|0x5f128de8f|19|193095410975
32879|0xdf128de8f|20|283917777480
32879|0xdf128de8f|21|493489594927
32879|0x2df128de8f|22|997191908124
32879|0x2df128de8f|23|2465251141081
32879|0xadf128de8f|24|4056625233128
32881|0x14091|1|331180
32881|0x34091|2|852424
32881|0x34091|3|1871966
32881|0xb4091|4|3465122
32881|0xb4091|5|7324310
32881|0xb4091|6|14391348
32881|0x4b4091|7|28879639
32881|0xcb4091|8|58058371
32881|0xcb4091|9|115826236
32881|0x2cb4091|10|231674563
32881|0x6cb4091|11|472316009
32881|0x6cb4091|12|926824595
32881|0x6cb4091|13|1861584446
32881|0x26cb4091|14|3259408170
32881|0x66cb4091|15|7408893331
32881|0x66cb4091|16|14863982854
32881|0x166cb4091|17|29119429805
32881|0x166cb4091|18|57266538726
32881|0x566cb4091|19|112957466064
32881|0xd66cb4091|20|235784874849
32881|0x1d66cb4091|21|647456752936
32881|0x3d66cb4091|22|1130172152176
32881|0x3d66cb4091|23|1826415909612
32881|0xbd66cb4091|24|4745767605458
32883|0x24bb|1|390549
32883|0x224bb|2|767832
32883|0x624bb|3|1704489
32883|0x624bb|4|3556801
32883|0x624bb|5|7181693
32883|0x2624bb|6|14409379
32883|0x2624bb|7|28951249
32883|0xa624bb|8|57867217
32883|0x1a624bb|9|117507543
32883|0x1a624bb|10|220815184
32883|0x1a624bb|11|466127797
32883|0x1a624bb|12|942504279
32883|0x11a624bb|13|1816364193
32883|0x11a624bb|14|3414901296
32883|0x11a624bb|15|7276225083
32883|0x11a624bb|16|12563436100
32883|0x111a624bb|17|24566925656
32883|0x311a624bb|18|96540506785
32883|0x711a624bb|19|111107640199
32883|0x711a624bb|20|224231992915
32883|0x711a624bb|21|467875647588
32883|0x711a624bb|22|1004286727960
32883|0x711a624bb|23|1883571113306
32883|0x711a624bb|24|3840750631865
32885|0x14fdd|1|333135
32885|0x14fdd|2|870286
32885|0x14fdd|3|1853865
32885|0x94fdd|4|3404734
32885|0x194fdd|5|7204758
32885|0x194fdd|6|14559931
32885|0x194fdd|7|28737063
32885|0x994fdd|8|57601172
32885|0x994fdd|9|116746003
32885|0x2994fdd|10|241685818
32885|0x2994fdd|11|467374129
32885|0xa994fdd|12|927321275
32885|0xa994fdd|13|1850244230
32885|0xa994fdd|14|3678443687
32885|0xa994fdd|15|6565253235
32885|0x8a994fdd|16|12752225562
32885|0x8a994fdd|17|26676268534
32885|0x8a994fdd|18|50619494241
32885|0x48a994fdd|19|132485232166
32885|0x48a994fdd|20|250204373368
32885|0x48a994fdd|21|447444010781
32885|0x248a994fdd|22|982841475711
32885|0x248a994fdd|23|2078758311842
32885|0x248a994fdd|24|4029659325478
32887|0x15947|1|335690
32887|0x15947|2|1909498
32887|0x55947|3|1789955
32887|0x55947|4|3398058
32887|0x55947|5|6766066
32887|0x255947|6|13898521
32887|0x255947|7|27223176
32887|0x255947|8|78831872
32887|0x255947|9|125597185
32887|0x2255947|10|310693624
32887|0x6255947|11|568057754
32887|0xe255947|12|1229055688
32887|0xe255947|13|2647959711
32887|0xe255947|14|4192781651
32887|0x4e255947|15|9089216488
32887|0x4e255947|16|19244734726
32887|0x14e255947|17|25679392925
32887|0x34e255947|18|55715884966
32887|0x74e255947|19|133329258813
32887|0xf4e255947|20|302236079011
32887|0x1f4e255947|21|549151886551
32887|0x3f4e255947|22|1026742291579
32887|0x3f4e255947|23|2061721051553
32887|0xbf4e255947|24|3825191837776
32889|0x1e9c9|1|366182
32889|0x1e9c9|2|818900
32889|0x5e9c9|3|1581464
32889|0x5e9c9|4|3621746
32889|0x15e9c9|5|6995674
32889|0x15e9c9|6|10279978
32889|0x55e9c9|7|25786715
32889|0xd5e9c9|8|54492991
32889|0xd5e9c9|9|106709677
32889|0x2d5e9c9|10|213411745
32889|0x6d5e9c9|11|416711861
32889|0x6d5e9c9|12|861014769
32889|0x16d5e9c9|13|1676240079
32889|0x16d5e9c9|14|3338098359
32889|0x56d5e9c9|15|7069234338
32889|0x56d5e9c9|16|14600961345
32889|0x56d5e9c9|17|25936984111
32889|0x56d5e9c9|18|51596464097
32889|0x456d5e9c9|19|109556416073
32889|0xc56d5e9c9|20|223130729786
32889|0xc56d5e9c9|21|427225581888
32889|0xc56d5e9c9|22|1000937798389
32889|0x4c56d5e9c9|23|2040324972767
32889|0xcc56d5e9c9|24|3788519373790
32891|0x15eb3|1|385342
32891|0x35eb3|2|924324
32891|0x35eb3|3|1677735
32891|0xb5eb3|4|3744785
32891|0x1b5eb3|5|7215875
32891|0x1b5eb3|6|14668626
32891|0x1b5eb3|7|29498698
32891|0x9b5eb3|8|59014886
32891|0x9b5eb3|9|116244128
32891|0x29b5eb3|10|232735624
32891|0x29b5eb3|11|471665462
32891|0x29b5eb3|12|936379583
32891|0x129b5eb3|13|1871694349
32891|0x329b5eb3|14|3747674211
32891|0x329b5eb3|15|7493534266
32891|0x329b5eb3|16|14959744646
32891|0x329b5eb3|17|29884868842
32891|0x2329b5eb3|18|58018002791
32891|0x6329b5eb3|19|120682764541
32891|0xe329b5eb3|20|266920182859
32891|0xe329b5eb3|21|456934441817
32891|0x2e329b5eb3|22|898766661957
32891|0x2e329b5eb3|23|1847638185409
32891|0xae329b5eb3|24|3840011790052
32893|0xf8d5|1|330181
32893|0xf8d5|2|796657
32893|0x4f8d5|3|1821561
32893|0xcf8d5|4|3469168
32893|0xcf8d5|5|7249715
32893|0xcf8d5|6|14316617
32893|0x4cf8d5|7|28961803
32893|0x4cf8d5|8|58196859
32893|0x4cf8d5|9|116569025
32893|0x24cf8d5|10|230036835
32893|0x64cf8d5|11|459999160
32893|0x64cf8d5|12|931851362
32893|0x164cf8d5|13|1837334141
32893|0x364cf8d5|14|3731771906
32893|0x364cf8d5|15|7352536565
32893|0x364cf8d5|16|14828116539
32893|0x1364cf8d5|17|28449984558
32893|0x3364cf8d5|18|52979472571
32893|0x3364cf8d5|19|153034871774
32893|0xb364cf8d5|20|326866763064
32893|0xb364cf8d5|21|459628341708
32893|0x2b364cf8d5|22|919316294308
32893|0x6b364cf8d5|23|2188441516684
32893|0xeb364cf8d5|24|5096403088075
32895|0x13f7f|1|332757
32895|0x33f7f|2|832953
32895|0x73f7f|3|1872211
32895|0xf3f7f|4|3543164
32895|0x1f3f7f|5|7456243
32895|0x1f3f7f|6|14666649
32895|0x5f3f7f|7|29303935
32895|0x5f3f7f|8|58699867
32895|0x15f3f7f|9|117369847
32895|0x35f3f7f|10|235147220
32895|0x75f3f7f|11|463520611
32895|0xf5f3f7f|12|931658465
32895|0xf5f3f7f|13|1867735572
32895|0xf5f3f7f|14|3680763683
32895|0x4f5f3f7f|15|6452670055
32895|0x4f5f3f7f|16|14205165860
32895|0x14f5f3f7f|17|26134283335
32895|0x34f5f3f7f|18|53281985986
32895|0x74f5f3f7f|19|108652773789
32895|0x74f5f3f7f|20|253635377947
32895|0x174f5f3f7f|21|465012793480
32895|0x174f5f3f7f|22|1188275180883
32895|0x574f5f3f7f|23|2449274226014
32895|0x574f5f3f7f|24|4336856785413
32897|0x1bf81|1|582740
32897|0x3bf81|2|1400002
32897|0x7bf81|3|2869383
32897|0xfbf81|4|6006011
32897|0x1fbf81|5|11984481
32897|0x1fbf81|6|24049566
32897|0x5fbf81|7|48189220
32897|0x5fbf81|8|96355564
32897|0x5fbf81|9|192894710
32897|0x5fbf81|10|391586824
32897|0x5fbf81|11|782702441
32897|0x5fbf81|12|1564652538
32897|0x105fbf81|13|3088009236
32897|0x305fbf81|14|6175675356
32897|0x705fbf81|15|12350776556
32897|0xf05fbf81|16|24803762604
32897|0x1f05fbf81|17|48295742096
32897|0x3f05fbf81|18|93788986126
32897|0x7f05fbf81|19|183713063973
32897|0x7f05fbf81|20|322633232080
32897|0x17f05fbf81|21|501143130576
32897|0x17f05fbf81|22|1134460732752
32897|0x57f05fbf81|23|2355682838693
32897|0xd7f05fbf81|24|4011323356210
32899|0x1ce2b|1|326487
32899|0x3ce2b|2|1784240
32899|0x3ce2b|3|1607249
32899|0xbce2b|4|4180879
32899|0xbce2b|5|12113044
32899|0x2bce2b|6|24395157
32899|0x2bce2b|7|48910925
32899|0xabce2b|8|65266144
32899|0x1abce2b|9|145966279
32899|0x3abce2b|10|266917890
32899|0x3abce2b|11|556531566
32899|0xbabce2b|12|1145045929
32899|0xbabce2b|13|2235446499
32899|0x2babce2b|14|4241210790
32899|0x6babce2b|15|6160575196
32899|0x6babce2b|16|13675675943
32899|0x16babce2b|17|24390988605
32899|0x16babce2b|18|74987014661
32899|0x16babce2b|19|140509636395
32899|0x16babce2b|20|228714551282
32899|0x116babce2b|21|491285442910
32899|0x116babce2b|22|1024089431616
32899|0x516babce2b|23|2080267553479
32899|0xd16babce2b|24|3953830162567
32901|0x1784d|1|326122
32901|0x3784d|2|916414
32901|0x7784d|3|1775743
32901|0xf784d|4|3457544
32901|0x1f784d|5|7218140
32901|0x1f784d|6|14318745
32901|0x1f784d|7|28492380
32901|0x9f784d|8|44454274
32901|0x19f784d|9|129479835
32901|0x19f784d|10|191214818
32901|0x59f784d|11|368478014
32901|0xd9f784d|12|766627586
32901|0x1d9f784d|13|1626207510
32901|0x3d9f784d|14|2787126215
32901|0x7d9f784d|15|6621536018
32901|0x7d9f784d|16|10996709205
32901|0x17d9f784d|17|22960114897
32901|0x37d9f784d|18|52190494805
32901|0x37d9f784d|19|114413177766
32901|0x37d9f784d|20|215019881373
32901|0x37d9f784d|21|461746181371
32901|0x237d9f784d|22|989118820312
32901|0x637d9f784d|23|2115864659773
32901|0xe37d9f784d|24|4255397128993
32903|0x4537|1|330333
32903|0x4537|2|1361374
32903|0x4537|3|1647298
32903|0x4537|4|3387376
32903|0x4537|5|7022753
32903|0x4537|6|13864991
32903|0x404537|7|26178899
32903|0xc04537|8|54833839
32903|0xc04537|9|109474089
32903|0xc04537|10|221896270
32903|0xc04537|11|543919784
32903|0x8c04537|12|1136932453
32903|0x8c04537|13|2285766800
32903|0x8c04537|14|3734011795
32903|0x48c04537|15|5913390870
32903|0xc8c04537|16|17168703119
32903|0xc8c04537|17|27187472621
32903|0x2c8c04537|18|58708574420
32903|0x2c8c04537|19|106470769191
32903|0xac8c04537|20|220043129053
32903|0x1ac8c04537|21|572519131259
32903|0x1ac8c04537|22|1082405159310
32903|0x1ac8c04537|23|1994302572711
32903|0x9ac8c04537|24|4128589019172
32905|0xf5b9|1|342627
32905|0xf5b9|2|773894
32905|0xf5b9|3|1625045
32905|0xf5b9|4|3366407
32905|0xf5b9|5|7038165
32905|0x20f5b9|6|13884439
32905|0x20f5b9|7|30005997
32905|0xa0f5b9|8|63374336
32905|0x1a0f5b9|9|163368833
32905|0x3a0f5b9|10|285727976
32905|0x7a0f5b9|11|636957250
32905|0x7a0f5b9|12|1180211388
32905|0x17a0f5b9|13|2301702021
32905|0x37a0f5b9|14|4566024781
32905|0x77a0f5b9|15|8215194185
32905|0xf7a0f5b9|16|18992103844
32905|0x1f7a0f5b9|17|32450493022
32905|0x3f7a0f5b9|18|60520803977
32905|0x3f7a0f5b9|19|128706750247
32905|0x3f7a0f5b9|20|252302968591
32905|0x13f7a0f5b9|21|496470747515
32905|0x13f7a0f5b9|22|1043400158668
32905|0x13f7a0f5b9|23|2086810308064
32905|0x93f7a0f5b9|24|4532052659828
32907|0x1e723|1|365339
32907|0x3e723|2|817137
32907|0x3e723|3|1871113
32907|0x3e723|4|3558438
32907|0x13e723|5|7453583
32907|0x33e723|6|14653946
32907|0x73e723|7|29376865
32907|0xf3e723|8|58737484
32907|0xf3e723|9|116081866
32907|0xf3e723|10|235835336
32907|0xf3e723|11|466431671
32907|0x8f3e723|12|935617262
32907|0x18f3e723|13|1865518190
32907|0x18f3e723|14|3741440470
32907|0x18f3e723|15|7481587758
32907|0x98f3e723|16|17142143086
32907|0x198f3e723|17|27696318669
32907|0x198f3e723|18|57853634836
32907|0x198f3e723|19|119203436307
32907|0x998f3e723|20|253209876163
32907|0x1998f3e723|21|563522689205
32907|0x3998f3e723|22|1107266997477
32907|0x7998f3e723|23|2081336585666
32907|0xf998f3e723|24|4161049690821
32909|0x14245|1|574929
32909|0x14245|2|3185149
32909|0x54245|3|2873055
32909|0xd4245|4|5958218
32909|0x1d4245|5|11972436
32909|0x1d4245|6|15661913
32909|0x5d4245|7|28943925
32909|0xdd4245|8|62829060
32909|0x1dd4245|9|147896818
32909|0x1dd4245|10|309977451
32909|0x1dd4245|11|535067350
32909|0x9dd4245|12|1185312284
32909|0x19dd4245|13|2132106378
32909|0x39dd4245|14|3215346299
32909|0x39dd4245|15|7368478274
32909|0xb9dd4245|16|16980556728
32909|0x1b9dd4245|17|36778060914
32909|0x3b9dd4245|18|80830054260
32909|0x7b9dd4245|19|109897978313
32909|0x7b9dd4245|20|251933700362
32909|0x17b9dd4245|21|467016118250
32909|0x17b9dd4245|22|1031721217986
32909|0x17b9dd4245|23|2196563537217
32909|0x17b9dd4245|24|4134475790159
32911|0x9e6f|1|424456
32911|0x9e6f|2|858148
32911|0x9e6f|3|1647474
32911|0x9e6f|4|3729646
32911|0x109e6f|5|7258786
32911|0x109e6f|6|14698278
32911|0x109e6f|7|29427591
32911|0x909e6f|8|58950052
32911|0x909e6f|9|117458042
32911|0x909e6f|10|235660451
32911|0x909e6f|11|464380163
32911|0x909e6f|12|943551946
32911|0x909e6f|13|1882683898
32911|0x20909e6f|14|3761932645
32911|0x20909e6f|15|7466640249
32911|0xa0909e6f|16|14968570157
32911|0xa0909e6f|17|29181824763
32911|0x2a0909e6f|18|57841543390
32911|0x2a0909e6f|19|136956303575
32911|0x2a0909e6f|20|283515742945
32911|0x2a0909e6f|21|591546613549
32911|0x2a0909e6f|22|924390996260
32911|0x42a0909e6f|23|1971701129242
32911|0xc2a0909e6f|24|3706275655093
32913|0x14071|1|334316
32913|0x34071|2|871497
32913|0x34071|3|1826367
32913|0x34071|4|3459496
32913|0x134071|5|7257430
32913|0x334071|6|14409006
32913|0x734071|7|34370112
32913|0xf34071|8|57921459
32913|0xf34071|9|115700371
32913|0x2f34071|10|233729600
32913|0x6f34071|11|468741212
32913|0x6f34071|12|955558223
32913|0x16f34071|13|1851930684
32913|0x36f34071|14|3727714256
32913|0x76f34071|15|7475585246
32913|0x76f34071|16|14937369314
32913|0x176f34071|17|29166557321
32913|0x376f34071|18|57299791644
32913|0x376f34071|19|115012165995
32913|0x376f34071|20|236729877967
32913|0x1376f34071|21|526083552292
32913|0x1376f34071|22|1368411626518
32913|0x1376f34071|23|2332589675745
32913|0x9376f34071|24|4711003961221
32915|0x9d9b|1|577778
32915|0x9d9b|2|2631732
32915|0x9d9b|3|2868858
32915|0x89d9b|4|5934601
32915|0x89d9b|5|11940445
32915|0x89d9b|6|23999889
32915|0x489d9b|7|46002498
32915|0xc89d9b|8|62763474
32915|0xc89d9b|9|165525234
32915|0x2c89d9b|10|356178687
32915|0x2c89d9b|11|669332076
32915|0xac89d9b|12|1328918155
32915|0xac89d9b|13|2761474960
32915|0xac89d9b|14|4853287182
32915|0xac89d9b|15|10917340489
32915|0x8ac89d9b|16|15071696506
32915|0x8ac89d9b|17|23809260956
32915|0x8ac89d9b|18|49600026293
32915|0x48ac89d9b|19|119285811494
32915|0x48ac89d9b|20|263844460822
32915|0x48ac89d9b|21|677636121529
32915|0x48ac89d9b|22|1273951950673
32915|0x48ac89d9b|23|2290200861156
32915|0x48ac89d9b|24|4442308520205
32917|0x4abd|1|341502
32917|0x24abd|2|796866
32917|0x64abd|3|1824086
32917|0xe4abd|4|2900905
32917|0x1e4abd|5|5154213
32917|0x1e4abd|6|12005382
32917|0x1e4abd|7|28745547
32917|0x1e4abd|8|57344906
32917|0x11e4abd|9|109210256
32917|0x11e4abd|10|204027600
32917|0x51e4abd|11|410090426
32917|0x51e4abd|12|807157357
32917|0x51e4abd|13|1651304542
32917|0x251e4abd|14|4404040616
32917|0x651e4abd|15|9810925747
32917|0x651e4abd|16|21806426235
32917|0x651e4abd|17|31880203060
32917|0x2651e4abd|18|54884361936
32917|0x6651e4abd|19|106024786960
32917|0xe651e4abd|20|245029486490
32917|0x1e651e4abd|21|568108688535
32917|0x1e651e4abd|22|1151414956892
32917|0x5e651e4abd|23|1829644339932
32917|0xde651e4abd|24|4213892341110
32919|0xff27|1|663469
32919|0x2ff27|2|776367
32919|0x2ff27|3|1683130
32919|0xaff27|4|3614923
32919|0x1aff27|5|7213661
32919|0x1aff27|6|14499634
32919|0x1aff27|7|28037363
32919|0x9aff27|8|54178574
32919|0x19aff27|9|103455982
32919|0x39aff27|10|214881663
32919|0x39aff27|11|422045651
32919|0x39aff27|12|832402807
32919|0x39aff27|13|1698611963
32919|0x239aff27|14|3554413710
32919|0x239aff27|15|7189115913
32919|0xa39aff27|16|14765913739
32919|0xa39aff27|17|24783672514
32919|0x2a39aff27|18|59935451272
32919|0x6a39aff27|19|112457017032
32919|0xea39aff27|20|288515358266
32919|0x1ea39aff27|21|534887056371
32919|0x3ea39aff27|22|1097160245463
32919|0x7ea39aff27|23|1929123355843
32919|0xfea39aff27|24|3415198786770
32921|0x1d3a9|1|368358
32921|0x1d3a9|2|872351
32921|0x5d3a9|3|1686451
32921|0x5d3a9|4|2452737
32921|0x15d3a9|5|5057146
32921|0x35d3a9|6|12360447
32921|0x35d3a9|7|25319337
32921|0x35d3a9|8|49191546
32921|0x35d3a9|9|94275962
32921|0x235d3a9|10|231737633
32921|0x635d3a9|11|440213881
32921|0x635d3a9|12|845499246
32921|0x635d3a9|13|1824762890
32921|0x2635d3a9|14|3633586013
32921|0x6635d3a9|15|6833182519
32921|0x6635d3a9|16|15158976945
32921|0x6635d3a9|17|37654818168
32921|0x6635d3a9|18|52190193563
32921|0x6635d3a9|19|106466433793
32921|0x86635d3a9|20|206065385848
32921|0x86635d3a9|21|501650840294
32921|0x286635d3a9|22|909679984222
32921|0x686635d3a9|23|1858410135351
32921|0xe86635d3a9|24|3640871305841
32923|0x16593|1|386191
32923|0x36593|2|1644426
32923|0x36593|3|1707103
32923|0xb6593|4|3697719
32923|0x1b6593|5|7033862
32923|0x3b6593|6|14393490
32923|0x7b6593|7|28588593
32923|0xfb6593|8|57587723
32923|0x1fb6593|9|115113937
32923|0x3fb6593|10|233163952
32923|0x7fb6593|11|463892746
32923|0xffb6593|12|929269490
32923|0xffb6593|13|1855056331
32923|0x2ffb6593|14|3652548103
32923|0x6ffb6593|15|6474351118
32923|0xeffb6593|16|14896625368
32923|0x1effb6593|17|27558955590
32923|0x3effb6593|18|82379191646
32923|0x3effb6593|19|140548970834
32923|0x3effb6593|20|306057665359
32923|0x3effb6593|21|435995575137
32923|0x23effb6593|22|854023678880
32923|0x63effb6593|23|1797559928644
32923|0xe3effb6593|24|3559501048717
32925|0x5b5|1|328138
32925|0x205b5|2|818359
32925|0x205b5|3|1743253
32925|0xa05b5|4|3598732
32925|0xa05b5|5|7248558
32925|0xa05b5|6|14455269
32925|0xa05b5|7|29185867
32925|0xa05b5|8|57884311
32925|0x10a05b5|9|116694760
32925|0x30a05b5|10|232867369
32925|0x30a05b5|11|460520080
32925|0x30a05b5|12|872678059
32925|0x30a05b5|13|1672527533
32925|0x230a05b5|14|3494254447
32925|0x230a05b5|15|6342849125
32925|0xa30a05b5|16|12665627783
32925|0x1a30a05b5|17|27555397528
32925|0x3a30a05b5|18|65233034799
32925|0x3a30a05b5|19|120546299297
32925|0x3a30a05b5|20|277729200070
32925|0x3a30a05b5|21|478271467290
32925|0x3a30a05b5|22|1015343682108
32925|0x43a30a05b5|23|1797060182775
32925|0x43a30a05b5|24|3778893150375
32927|0x9b5f|1|339273
32927|0x9b5f|2|796663
32927|0x9b5f|3|1782176
32927|0x9b5f|4|3627113
32927|0x109b5f|5|7375113
32927|0x109b5f|6|14664439
32927|0x109b5f|7|28621083
32927|0x109b5f|8|51660172
32927|0x109b5f|9|108907107
32927|0x109b5f|10|212633763
32927|0x109b5f|11|421686799
32927|0x8109b5f|12|1059158081
32927|0x18109b5f|13|1611781018
32927|0x18109b5f|14|3381294100
32927|0x58109b5f|15|6428582281
32927|0x58109b5f|16|12992412239
32927|0x158109b5f|17|25179481232
32927|0x358109b5f|18|52225640592
32927|0x758109b5f|19|148503699576
32927|0xf58109b5f|20|300744722571
32927|0x1f58109b5f|21|417611466792
32927|0x1f58109b5f|22|1037571533878
32927|0x1f58109b5f|23|1965574287373
32927|0x9f58109b5f|24|4200833348678
32929|0x16361|1|386469
32929|0x16361|2|872454
32929|0x16361|3|1751239
32929|0x16361|4|3545799
32929|0x116361|5|7158922
32929|0x316361|6|14495048
32929|0x716361|7|28894549
32929|0x716361|8|57739616
32929|0x1716361|9|115696955
32929|0x3716361|10|231415363
32929|0x7716361|11|469234022
32929|0x7716361|12|934742871
32929|0x7716361|13|1886736506
32929|0x27716361|14|3758038860
32929|0x27716361|15|7507551293
32929|0xa7716361|16|14931103258
32929|0xa7716361|17|28979885922
32929|0x2a7716361|18|57875041064
32929|0x6a7716361|19|113846041128
32929|0xea7716361|20|227251614539
32929|0x1ea7716361|21|458025894924
32929|0x1ea7716361|22|1009243065008
32929|0x1ea7716361|23|1978602900418
32929|0x1ea7716361|24|4079645280361
32931|0x330b|1|203746
32931|0x2330b|2|504567
32931|0x6330b|3|1186163
32931|0xe330b|4|2429703
32931|0x1e330b|5|4849987
32931|0x1e330b|6|12356468
32931|0x5e330b|7|29814829
32931|0xde330b|8|49156831
32931|0x1de330b|9|93722859
32931|0x3de330b|10|204960983
32931|0x3de330b|11|398068911
32931|0x3de330b|12|834650296
32931|0x13de330b|13|2040085912
32931|0x13de330b|14|5619758774
32931|0x53de330b|15|7432984041
32931|0xd3de330b|16|13709113913
32931|0xd3de330b|17|31554261915
32931|0x2d3de330b|18|59686605284
32931|0x6d3de330b|19|131744161983
32931|0xed3de330b|20|255847675084
32931|0xed3de330b|21|439158596717
32931|0x2ed3de330b|22|942783694741
32931|0x6ed3de330b|23|1742983783636
32931|0xeed3de330b|24|3542487596661
32933|0x1672d|1|385838
32933|0x3672d|2|905425
32933|0x3672d|3|1800180
32933|0xb672d|4|3502190
32933|0x1b672d|5|7141750
32933|0x1b672d|6|14384098
32933|0x5b672d|7|28605400
32933|0xdb672d|8|57521566
32933|0x1db672d|9|116645104
32933|0x3db672d|10|218229025
32933|0x3db672d|11|422753471
32933|0x3db672d|12|796119017
32933|0x13db672d|13|1788307316
32933|0x13db672d|14|3507194623
32933|0x13db672d|15|6956721993
32933|0x93db672d|16|13291348297
32933|0x193db672d|17|24825166154
32933|0x393db672d|18|57320751839
32933|0x793db672d|19|140122430414
32933|0x793db672d|20|243388787672
32933|0x1793db672d|21|532160317670
32933|0x3793db672d|22|961336039356
32933|0x7793db672d|23|1948456698820
32933|0x7793db672d|24|3905886215192
32935|0x12717|1|234011
32935|0x12717|2|504009
32935|0x52717|3|1200790
32935|0xd2717|4|2626823
32935|0xd2717|5|4885801
32935|0x2d2717|6|14228411
32935|0x2d2717|7|20961562
32935|0x2d2717|8|47391491
32935|0x12d2717|9|93769039
32935|0x12d2717|10|160431252
32935|0x12d2717|11|381696275
32935|0x92d2717|12|690050150
32935|0x192d2717|13|1465811065
32935|0x192d2717|14|2742663030
32935|0x192d2717|15|5306815283
32935|0x192d2717|16|12501321207
32935|0x1192d2717|17|26542109368
32935|0x3192d2717|18|56406839103
32935|0x7192d2717|19|121117563582
32935|0xf192d2717|20|225924360342
32935|0x1f192d2717|21|413506644663
32935|0x3f192d2717|22|1049346173913
32935|0x7f192d2717|23|1821447092579
32935|0xff192d2717|24|3855710636567
32937|0x2399|1|410438
32937|0x2399|2|928277
32937|0x42399|3|2118884
32937|0xc2399|4|4302187
32937|0x1c2399|5|9774472
32937|0x3c2399|6|19524269
32937|0x3c2399|7|40748894
32937|0xbc2399|8|88868340
32937|0xbc2399|9|180759741
32937|0x2bc2399|10|360707914
32937|0x2bc2399|11|714461125
32937|0x2bc2399|12|1429466704
32937|0x2bc2399|13|2663205258
32937|0x22bc2399|14|5259809951
32937|0x22bc2399|15|9664050666
32937|0x22bc2399|16|14665514421
32937|0x122bc2399|17|38208065121
32937|0x322bc2399|18|71097512467
32937|0x322bc2399|19|111469753871
32937|0x322bc2399|20|242644015280
32937|0x1322bc2399|21|482698329274
32937|0x1322bc2399|22|920913383267
32937|0x1322bc2399|23|1767804666950
32937|0x1322bc2399|24|4233083658655
32939|0x17a03|1|579581
32939|0x37a03|2|1370744
32939|0x77a03|3|2930118
32939|0x77a03|4|5904745
32939|0x77a03|5|8981548
32939|0x77a03|6|18901583
32939|0x77a03|7|46452357
32939|0x77a03|8|84830480
32939|0x77a03|9|160797994
32939|0x2077a03|10|336738550
32939|0x2077a03|11|659906463
32939|0xa077a03|12|1197805652
32939|0x1a077a03|13|1719019261
32939|0x3a077a03|14|4518520538
32939|0x3a077a03|15|9844822390
32939|0xba077a03|16|14869672497
32939|0xba077a03|17|37941379409
32939|0xba077a03|18|77982005855
32939|0xba077a03|19|105271163075
32939|0xba077a03|20|262216172645
32939|0xba077a03|21|517712614881
32939|0xba077a03|22|1137458875194
32939|0xba077a03|23|2218967098830
32939|0x80ba077a03|24|4801875299318
32941|0xe325|1|579824
32941|0xe325|2|1395953
32941|0x4e325|3|2872203
32941|0x4e325|4|5911664
32941|0x4e325|5|11953800
32941|0x24e325|6|24034974
32941|0x24e325|7|48167858
32941|0xa4e325|8|96486366
32941|0x1a4e325|9|193113248
32941|0x3a4e325|10|386172114
32941|0x3a4e325|11|772771576
32941|0xba4e325|12|1545347499
32941|0x1ba4e325|13|3090284511
32941|0x3ba4e325|14|6180150776
32941|0x7ba4e325|15|12361216266
32941|0x7ba4e325|16|24720029977
32941|0x7ba4e325|17|42593238025
32941|0x27ba4e325|18|75359722411
32941|0x27ba4e325|19|189362000230
32941|0x27ba4e325|20|313049247780
32941|0x27ba4e325|21|470474085936
32941|0x27ba4e325|22|948957824597
32941|0x27ba4e325|23|1918581039066
32941|0x827ba4e325|24|3979873389593
32943|0xd64f|1|327780
32943|0x2d64f|2|767861
32943|0x2d64f|3|1831911
32943|0xad64f|4|3503305
32943|0x1ad64f|5|7181792
32943|0x1ad64f|6|14278653
32943|0x1ad64f|7|28463412
32943|0x9ad64f|8|56959528
32943|0x19ad64f|9|114558856
32943|0x19ad64f|10|228026410
32943|0x59ad64f|11|455349706
32943|0x59ad64f|12|765337561
32943|0x59ad64f|13|1519628251
32943|0x59ad64f|14|3187301199
32943|0x459ad64f|15|5889795650
32943|0x459ad64f|16|12288871429
32943|0x1459ad64f|17|23257219677
32943|0x1459ad64f|18|46830391786
32943|0x5459ad64f|19|119726006286
32943|0xd459ad64f|20|223003844067
32943|0xd459ad64f|21|466572328151
32943|0x2d459ad64f|22|887821308977
32943|0x6d459ad64f|23|1794281714522
32943|0xed459ad64f|24|3991488558437
32945|0x1c851|1|373700
32945|0x1c851|2|859702
32945|0x5c851|3|1815440
32945|0xdc851|4|3400995
32945|0x1dc851|5|6783756
32945|0x1dc851|6|13431245
32945|0x5dc851|7|27167185
32945|0x5dc851|8|54329762
32945|0x15dc851|9|151789280
32945|0x35dc851|10|274593700
32945|0x35dc851|11|609874523
32945|0xb5dc851|12|1051507583
32945|0xb5dc851|13|2352355795
32945|0xb5dc851|14|3946784882
32945|0x4b5dc851|15|6800664015
32945|0x4b5dc851|16|18891214096
32945|0x14b5dc851|17|40438078229
32945|0x14b5dc851|18|64536448891
32945|0x54b5dc851|19|132196076798
32945|0xd4b5dc851|20|285805374777
32945|0xd4b5dc851|21|469753658912
32945|0x2d4b5dc851|22|1023004759536
32945|0x2d4b5dc851|23|1920908553572
32945|0x2d4b5dc851|24|3837575065892
32947|0x2e7b|1|376178
32947|0x22e7b|2|794769
32947|0x62e7b|3|1746918
32947|0x62e7b|4|3581662
32947|0x162e7b|5|7229319
32947|0x162e7b|6|14386632
32947|0x562e7b|7|24146840
32947|0xd62e7b|8|57361164
32947|0x1d62e7b|9|114947565
32947|0x1d62e7b|10|230164368
32947|0x1d62e7b|11|461252724
32947|0x1d62e7b|12|880685055
32947|0x1d62e7b|13|1687176942
32947|0x21d62e7b|14|3232550725
32947|0x61d62e7b|15|6750644028
32947|0xe1d62e7b|16|14057099812
32947|0x1e1d62e7b|17|26577598371
32947|0x1e1d62e7b|18|73623716490
32947|0x5e1d62e7b|19|144693436954
32947|0xde1d62e7b|20|256017230718
32947|0xde1d62e7b|21|473619325629
32947|0x2de1d62e7b|22|1071721799446
32947|0x2de1d62e7b|23|2043705380131
32947|0x2de1d62e7b|24|4342989204131
32949|0x6d9d|1|534524
32949|0x6d9d|2|796619
32949|0x46d9d|3|1666829
32949|0x46d9d|4|3601854
32949|0x146d9d|5|6788881
32949|0x146d9d|6|14014824
32949|0x546d9d|7|27039153
32949|0xd46d9d|8|55294818
32949|0x1d46d9d|9|109710460
32949|0x3d46d9d|10|220457558
32949|0x7d46d9d|11|446330576
32949|0x7d46d9d|12|883266354
32949|0x7d46d9d|13|1782917394
32949|0x7d46d9d|14|3556188818
32949|0x47d46d9d|15|7083415465
32949|0x47d46d9d|16|14167783549
32949|0x147d46d9d|17|30490322908
32949|0x347d46d9d|18|71541493214
32949|0x747d46d9d|19|110228607016
32949|0x747d46d9d|20|298702259665
32949|0x1747d46d9d|21|591788348475
32949|0x3747d46d9d|22|1025787573463
32949|0x3747d46d9d|23|2159017454404
32949|0x3747d46d9d|24|4294575078528
32951|0x5d07|1|345112
32951|0x25d07|2|856963
32951|0x65d07|3|1811220
32951|0x65d07|4|3453563
32951|0x165d07|5|5275807
32951|0x165d07|6|10237927
32951|0x165d07|7|22763586
32951|0x965d07|8|48189506
32951|0x965d07|9|93991201
32951|0x2965d07|10|185481505
32951|0x2965d07|11|372787036
32951|0xa965d07|12|872399375
32951|0xa965d07|13|1776164479
32951|0xa965d07|14|3043415500
32951|0x4a965d07|15|5995915483
32951|0xca965d07|16|12993795220
32951|0xca965d07|17|34048954545
32951|0xca965d07|18|64087203953
32951|0x4ca965d07|19|168794782844
32951|0xcca965d07|20|223292890333
32951|0x1cca965d07|21|431492863496
32951|0x3cca965d07|22|883273618351
32951|0x7cca965d07|23|1928056603749
32951|0xfcca965d07|24|3619223473570
32953|0x18589|1|266447
32953|0x38589|2|572595
32953|0x38589|3|1297667
32953|0x38589|4|2393127
32953|0x138589|5|5135025
32953|0x338589|6|12258027
32953|0x338589|7|22582585
32953|0x338589|8|43647412
32953|0x338589|9|84336443
32953|0x338589|10|184621996
32953|0x338589|11|337153374
32953|0x8338589|12|853810003
32953|0x18338589|13|1702327801
32953|0x18338589|14|2832578907
32953|0x58338589|15|6070124459
32953|0xd8338589|16|12514823537
32953|0xd8338589|17|22675090585
32953|0x2d8338589|18|51493659839
32953|0x2d8338589|19|130946821473
32953|0xad8338589|20|225236679721
32953|0x1ad8338589|21|462382620135
32953|0x1ad8338589|22|918109140799
32953|0x1ad8338589|23|1847559761828
32953|0x9ad8338589|24|3800722956690
32955|0x1c473|1|435503
32955|0x1c473|2|905343
32955|0x5c473|3|1893827
32955|0x5c473|4|3584314
32955|0x15c473|5|7343202
32955|0x35c473|6|14594183
32955|0x35c473|7|29152054
32955|0xb5c473|8|57963123
32955|0x1b5c473|9|118298109
32955|0x3b5c473|10|233026135
32955|0x3b5c473|11|465749125
32955|0xbb5c473|12|937725532
32955|0x1bb5c473|13|1883893802
32955|0x3bb5c473|14|3748163330
32955|0x3bb5c473|15|7496112321
32955|0xbbb5c473|16|14960953857
32955|0xbbb5c473|17|29347933389
32955|0xbbb5c473|18|53293744807
32955|0x4bbb5c473|19|112638635491
32955|0x4bbb5c473|20|229705490270
32955|0x14bbb5c473|21|461471254459
32955|0x14bbb5c473|22|1224591987751
32955|0x14bbb5c473|23|2049576771689
32955|0x14bbb5c473|24|3805434435192
32957|0x17a95|1|728189
32957|0x37a95|2|1268042
32957|0x77a95|3|1800282
32957|0x77a95|4|3491351
32957|0x177a95|5|7301114
32957|0x377a95|6|14527307
32957|0x777a95|7|29024499
32957|0xf77a95|8|69441370
32957|0xf77a95|9|116637614
32957|0xf77a95|10|230516391
32957|0x4f77a95|11|460727901
32957|0xcf77a95|12|940159772
32957|0x1cf77a95|13|1821231587
32957|0x3cf77a95|14|3569021241
32957|0x7cf77a95|15|7141908759
32957|0x7cf77a95|16|13801674724
32957|0x7cf77a95|17|26471974270
32957|0x7cf77a95|18|51645532167
32957|0x7cf77a95|19|105298956106
32957|0x87cf77a95|20|229367437211
32957|0x87cf77a95|21|436048502766
32957|0x87cf77a95|22|1052569386651
32957|0x487cf77a95|23|1766118622454
32957|0x487cf77a95|24|4129417961404
32959|0xef3f|1|365771
32959|0x2ef3f|2|955407
32959|0x2ef3f|3|5200138
32959|0x2ef3f|4|5906427
32959|0x12ef3f|5|11955680
32959|0x12ef3f|6|24397737
32959|0x52ef3f|7|41335833
32959|0xd2ef3f|8|83104828
32959|0x1d2ef3f|9|142491241
32959|0x1d2ef3f|10|253286773
32959|0x5d2ef3f|11|363641854
32959|0x5d2ef3f|12|1012060504
32959|0x15d2ef3f|13|2189673625
32959|0x15d2ef3f|14|4215270861
32959|0x55d2ef3f|15|5685733209
32959|0xd5d2ef3f|16|14710069742
32959|0x1d5d2ef3f|17|37986861028
32959|0x1d5d2ef3f|18|54354147765
32959|0x1d5d2ef3f|19|113415661488
32959|0x9d5d2ef3f|20|213973903939
32959|0x9d5d2ef3f|21|618305225749
32959|0x9d5d2ef3f|22|1156133455131
32959|0x49d5d2ef3f|23|2146187013110
32959|0x49d5d2ef3f|24|3672776198876
32961|0xf41|1|207379
32961|0xf41|2|502351
32961|0x40f41|3|1185990
32961|0x40f41|4|3277653
32961|0x140f41|5|6671421
32961|0x140f41|6|11590651
32961|0x540f41|7|20144965
32961|0x540f41|8|46310241
32961|0x1540f41|9|92118833
32961|0x1540f41|10|182895623
32961|0x1540f41|11|345152695
32961|0x9540f41|12|1095254748
32961|0x19540f41|13|2291350869
32961|0x39540f41|14|4512749838
32961|0x79540f41|15|8770663717
32961|0xf9540f41|16|13593062599
32961|0xf9540f41|17|25492193857
32961|0x2f9540f41|18|60203759402
32961|0x2f9540f41|19|114193383872
32961|0xaf9540f41|20|240426630340
32961|0x1af9540f41|21|501958132231
32961|0x1af9540f41|22|1015776328518
32961|0x1af9540f41|23|2043253922611
32961|0x1af9540f41|24|3863579869040
32963|0x2feb|1|770825
32963|0x22feb|2|1818853
32963|0x22feb|3|1639274
32963|0x22feb|4|3602751
32963|0x22feb|5|6956246
32963|0x222feb|6|14417659
32963|0x222feb|7|27389913
32963|0x222feb|8|44856175
32963|0x222feb|9|77941089
32963|0x2222feb|10|187831174
32963|0x2222feb|11|402661725
32963|0xa222feb|12|727015325
32963|0x1a222feb|13|1589335692
32963|0x1a222feb|14|3088418873
32963|0x1a222feb|15|6115359558
32963|0x1a222feb|16|12249594156
32963|0x11a222feb|17|22663380663
32963|0x11a222feb|18|49940362336
32963|0x11a222feb|19|193611450890
32963|0x91a222feb|20|384976621105
32963|0x91a222feb|21|513852109062
32963|0x91a222feb|22|1120801406807
32963|0x91a222feb|23|2416215353136
32963|0x91a222feb|24|4263196923888
32965|0xfe0d|1|425444
32965|0x2fe0d|2|767755
32965|0x6fe0d|3|1634652
32965|0xefe0d|4|3305246
32965|0x1efe0d|5|6664442
32965|0x3efe0d|6|13425318
32965|0x3efe0d|7|27130680
32965|0xbefe0d|8|46543857
32965|0xbefe0d|9|103046060
32965|0x2befe0d|10|195020616
32965|0x6befe0d|11|381435180
32965|0x6befe0d|12|1164288665
32965|0x16befe0d|13|2492344816
32965|0x16befe0d|14|4659550867
32965|0x16befe0d|15|9939576329
32965|0x16befe0d|16|19966534507
32965|0x116befe0d|17|28507199858
32965|0x316befe0d|18|68843235290
32965|0x316befe0d|19|122748337007
32965|0x316befe0d|20|237847644262
32965|0x316befe0d|21|475848928447
32965|0x316befe0d|22|988562729425
32965|0x4316befe0d|23|2092050979740
32965|0x4316befe0d|24|3975590610447
32967|0x40f7|1|367746
32967|0x240f7|2|900076
32967|0x640f7|3|2118422
32967|0xe40f7|4|5885591
32967|0x1e40f7|5|11963325
32967|0x1e40f7|6|20943338
32967|0x1e40f7|7|34611622
32967|0x1e40f7|8|77089869
32967|0x1e40f7|9|146992351
32967|0x1e40f7|10|213915646
32967|0x1e40f7|11|347755963
32967|0x81e40f7|12|928909678
32967|0x181e40f7|13|2283266744
32967|0x381e40f7|14|4133895753
32967|0x781e40f7|15|5458115642
32967|0xf81e40f7|16|19059431776
32967|0xf81e40f7|17|32308074343
32967|0xf81e40f7|18|62271896489
32967|0xf81e40f7|19|115788655640
32967|0xf81e40f7|20|232912663783
32967|0x10f81e40f7|21|480272825211
32967|0x10f81e40f7|22|991613754690
32967|0x50f81e40f7|23|1959535045826
32967|0x50f81e40f7|24|3902019248679
