33795|0x146ab|1|653552
33795|0x146ab|2|1426140
33795|0x546ab|3|2952737
33795|0x546ab|4|5956793
33795|0x546ab|5|12243835
33795|0x546ab|6|24233036
33795|0x546ab|7|49262241
33795|0x8546ab|8|98409260
33795|0x8546ab|9|195951779
33795|0x28546ab|10|387953952
33795|0x28546ab|11|774968646
33795|0x28546ab|12|1547530030
33795|0x28546ab|13|3096254022
33795|0x28546ab|14|6184723004
33795|0x428546ab|15|12382514641
33795|0xc28546ab|16|24761877140
33795|0x1c28546ab|17|48312936511
33795|0x3c28546ab|18|97376193131
33795|0x3c28546ab|19|194146526944
33795|0xbc28546ab|20|388695982530
33795|0x1bc28546ab|21|773878819494
33795|0x3bc28546ab|22|1549242446653
33795|0x3bc28546ab|23|3101669599767
33795|0x3bc28546ab|24|6116863787638
33797|0x1a8cd|1|580815
33797|0x3a8cd|2|1400285
33797|0x7a8cd|3|2887604
33797|0x7a8cd|4|5946280
33797|0x17a8cd|5|12001712
33797|0x17a8cd|6|24104494
33797|0x17a8cd|7|48448376
33797|0x97a8cd|8|97829590
33797|0x97a8cd|9|193629286
33797|0x297a8cd|10|391497666
33797|0x297a8cd|11|774483243
33797|0x297a8cd|12|1559084646
33797|0x297a8cd|13|3118304301
33797|0x297a8cd|14|6580153047
33797|0x4297a8cd|15|12548790965
33797|0xc297a8cd|16|24870780731
33797|0xc297a8cd|17|47767102583
33797|0x2c297a8cd|18|100875613165
33797|0x6c297a8cd|19|193794265390
33797|0xec297a8cd|20|395490946185
33797|0xec297a8cd|21|778572000785
33797|0x2ec297a8cd|22|1554522431351
33797|0x6ec297a8cd|23|3099772058664
33797|0xeec297a8cd|24|6193102063322
33799|0x1a9b7|1|666959
33799|0x3a9b7|2|1426644
33799|0x7a9b7|3|2983647
33799|0xfa9b7|4|6054857
33799|0x1fa9b7|5|12175063
33799|0x3fa9b7|6|24416212
33799|0x7fa9b7|7|48885054
33799|0x7fa9b7|8|97822798
33799|0x17fa9b7|9|193067630
33799|0x37fa9b7|10|386221678
33799|0x77fa9b7|11|808648516
33799|0xf7fa9b7|12|1566532622
33799|0xf7fa9b7|13|3115339244
33799|0xf7fa9b7|14|6205395633
33799|0x4f7fa9b7|15|12461189956
33799|0x4f7fa9b7|16|25117270123
33799|0x4f7fa9b7|17|49890499246
33799|0x4f7fa9b7|18|97504053668
33799|0x4f7fa9b7|19|192185184999
33799|0x4f7fa9b7|20|388413542523
33799|0x4f7fa9b7|21|769478196896
33799|0x4f7fa9b7|22|1547471087783
33799|0x4f7fa9b7|23|2849392722175
33799|0x4f7fa9b7|24|3726127313067
33801|0x4a39|1|588979
33801|0x4a39|2|876361
33801|0x4a39|3|1775684
33801|0x84a39|4|3551895
33801|0x184a39|5|7199503
33801|0x384a39|6|14537213
33801|0x784a39|7|28946506
33801|0xf84a39|8|58038122
33801|0x1f84a39|9|116105634
33801|0x1f84a39|10|232205149
33801|0x1f84a39|11|464608965
33801|0x9f84a39|12|1090061780
33801|0x9f84a39|13|2037085477
33801|0x29f84a39|14|3717991315
33801|0x29f84a39|15|7448320870
33801|0xa9f84a39|16|15270305954
33801|0xa9f84a39|17|28861149829
33801|0x2a9f84a39|18|58494514679
33801|0x6a9f84a39|19|116733661210
33801|0x6a9f84a39|20|235453554417
33801|0x6a9f84a39|21|471943431335
33801|0x26a9f84a39|22|1108476467255
33801|0x26a9f84a39|23|3102321953531
33801|0x26a9f84a39|24|5757539679929
33803|0xe7a3|1|371414
33803|0x2e7a3|2|818687
33803|0x2e7a3|3|1648392
33803|0x2e7a3|4|3305702
33803|0x12e7a3|5|6934717
33803|0x12e7a3|6|13814683
33803|0x52e7a3|7|27466654
33803|0x52e7a3|8|43986175
33803|0x152e7a3|9|104016561
33803|0x352e7a3|10|216315539
33803|0x752e7a3|11|400348627
33803|0x752e7a3|12|765495848
33803|0x1752e7a3|13|1556748127
33803|0x1752e7a3|14|3370203493
33803|0x5752e7a3|15|7065044335
33803|0xd752e7a3|16|13336103207
33803|0xd752e7a3|17|27012721757
33803|0xd752e7a3|18|56991878069
33803|0xd752e7a3|19|116758756319
33803|0xd752e7a3|20|232706316579
33803|0x10d752e7a3|21|465370518070
33803|0x10d752e7a3|22|1094255554871
33803|0x50d752e7a3|23|1786849141118
33803|0xd0d752e7a3|24|3503510449594
33805|0x16ac5|1|609484
33805|0x16ac5|2|3373812
33805|0x16ac5|3|2958912
33805|0x16ac5|4|5921404
33805|0x16ac5|5|12019579
33805|0x216ac5|6|24109792
33805|0x616ac5|7|40133802
33805|0x616ac5|8|55805404
33805|0x616ac5|9|146419245
33805|0x616ac5|10|263176643
33805|0x616ac5|11|562751427
33805|0x616ac5|12|1200971240
33805|0x616ac5|13|2266262318
33805|0x616ac5|14|4704224821
33805|0x40616ac5|15|9235099345
33805|0xc0616ac5|16|18572522522
33805|0xc0616ac5|17|35188729374
33805|0xc0616ac5|18|71939728467
33805|0x4c0616ac5|19|141497959080
33805|0x4c0616ac5|20|284883976971
33805|0x14c0616ac5|21|567010648561
33805|0x14c0616ac5|22|1051993066389
33805|0x54c0616ac5|23|1993669022473
33805|0xd4c0616ac5|24|4131404821276
33807|0x1eaef|1|341982
33807|0x1eaef|2|1899415
33807|0x1eaef|3|1623507
33807|0x1eaef|4|3386699
33807|0x1eaef|5|8405202
33807|0x1eaef|6|24145737
33807|0x41eaef|7|49018220
33807|0x41eaef|8|66254895
33807|0x141eaef|9|149821853
33807|0x141eaef|10|265409048
33807|0x141eaef|11|607128519
33807|0x141eaef|12|1137392141
33807|0x1141eaef|13|2259171553
33807|0x1141eaef|14|4649816376
33807|0x1141eaef|15|9136549616
33807|0x1141eaef|16|18307017155
33807|0x11141eaef|17|34296026248
33807|0x31141eaef|18|70994042344
33807|0x71141eaef|19|142962894601
33807|0x71141eaef|20|230649324003
33807|0x171141eaef|21|449395629694
33807|0x171141eaef|22|1347358685848
33807|0x571141eaef|23|2165817713711
33807|0x571141eaef|24|4091338714552
33809|0xecf1|1|327660
33809|0xecf1|2|771166
33809|0x4ecf1|3|1616600
33809|0x4ecf1|4|3321643
33809|0x4ecf1|5|6965612
33809|0x4ecf1|6|13745396
33809|0x4ecf1|7|27378381
33809|0x84ecf1|8|54945084
33809|0x184ecf1|9|109860800
33809|0x184ecf1|10|223083884
33809|0x584ecf1|11|412828166
33809|0xd84ecf1|12|879821731
33809|0x1d84ecf1|13|1782867055
33809|0x1d84ecf1|14|3536582919
33809|0x1d84ecf1|15|7175084526
33809|0x9d84ecf1|16|14399281379
33809|0x19d84ecf1|17|27790174426
33809|0x19d84ecf1|18|55058491494
33809|0x59d84ecf1|19|113637054121
33809|0xd9d84ecf1|20|222585953200
33809|0xd9d84ecf1|21|589740273288
33809|0x2d9d84ecf1|22|1438368919081
33809|0x6d9d84ecf1|23|2593468980262
33809|0xed9d84ecf1|24|5125948651507
33811|0x1e61b|1|581123
33811|0x3e61b|2|1376742
33811|0x3e61b|3|2910082
33811|0x3e61b|4|5926661
33811|0x13e61b|5|12028482
33811|0x33e61b|6|24143221
33811|0x33e61b|7|48970542
33811|0xb3e61b|8|96742780
33811|0xb3e61b|9|193570102
33811|0xb3e61b|10|451763906
33811|0xb3e61b|11|779374595
33811|0xb3e61b|12|1561577059
33811|0x10b3e61b|13|3120054044
33811|0x10b3e61b|14|6240958377
33811|0x10b3e61b|15|12484756338
33811|0x10b3e61b|16|24963001531
33811|0x10b3e61b|17|49893650109
33811|0x210b3e61b|18|96543404856
33811|0x610b3e61b|19|152241775825
33811|0x610b3e61b|20|202899252077
33811|0x1610b3e61b|21|442892872080
33811|0x1610b3e61b|22|872776661711
33811|0x5610b3e61b|23|1752465097863
33811|0x5610b3e61b|24|3753160675139
33813|0x12b3d|1|327938
33813|0x12b3d|2|771505
33813|0x52b3d|3|2097367
33813|0xd2b3d|4|6009794
33813|0xd2b3d|5|12185354
33813|0x2d2b3d|6|24162898
33813|0x2d2b3d|7|46915314
33813|0x2d2b3d|8|55687888
33813|0x2d2b3d|9|148658926
33813|0x22d2b3d|10|268026792
33813|0x22d2b3d|11|553912782
33813|0xa2d2b3d|12|1153505135
33813|0xa2d2b3d|13|2260141989
33813|0x2a2d2b3d|14|4545469020
33813|0x6a2d2b3d|15|9580242072
33813|0x6a2d2b3d|16|23286837464
33813|0x6a2d2b3d|17|36238482379
33813|0x6a2d2b3d|18|68857909898
33813|0x6a2d2b3d|19|119792530087
33813|0x86a2d2b3d|20|336521252333
33813|0x186a2d2b3d|21|582532728177
33813|0x186a2d2b3d|22|1221924372865
33813|0x586a2d2b3d|23|2754078223621
33813|0x586a2d2b3d|24|5410913245464
33815|0xf3a7|1|626290
33815|0xf3a7|2|3272509
33815|0xf3a7|3|2934479
33815|0x8f3a7|4|5928807
33815|0x18f3a7|5|12026855
33815|0x38f3a7|6|24127247
33815|0x78f3a7|7|48260426
33815|0xf8f3a7|8|96655192
33815|0xf8f3a7|9|193491956
33815|0xf8f3a7|10|363342318
33815|0x4f8f3a7|11|441079194
33815|0x4f8f3a7|12|882278137
33815|0x14f8f3a7|13|2237607632
33815|0x14f8f3a7|14|4278869915
33815|0x54f8f3a7|15|7081035655
33815|0x54f8f3a7|16|14229920484
33815|0x54f8f3a7|17|43340668688
33815|0x54f8f3a7|18|85654124949
33815|0x54f8f3a7|19|110070512906
33815|0x854f8f3a7|20|228659099449
33815|0x1854f8f3a7|21|641142073806
33815|0x1854f8f3a7|22|898670221855
33815|0x1854f8f3a7|23|1773703225838
33815|0x1854f8f3a7|24|3740775755924
33817|0x9829|1|341230
33817|0x9829|2|799161
33817|0x49829|3|1654328
33817|0xc9829|4|3397464
33817|0x1c9829|5|6860434
33817|0x1c9829|6|13897112
33817|0x5c9829|7|27875283
33817|0xdc9829|8|55012600
33817|0xdc9829|9|110898277
33817|0xdc9829|10|220692400
33817|0x4dc9829|11|440108767
33817|0xcdc9829|12|884895812
33817|0xcdc9829|13|1771057968
33817|0xcdc9829|14|3549356117
33817|0xcdc9829|15|7085967344
33817|0xcdc9829|16|14160681656
33817|0x10cdc9829|17|26855974233
33817|0x10cdc9829|18|55025542808
33817|0x50cdc9829|19|110928811647
33817|0x50cdc9829|20|223928889668
33817|0x50cdc9829|21|448071073468
33817|0x250cdc9829|22|894882010518
33817|0x650cdc9829|23|1784100070265
33817|0xe50cdc9829|24|4272669026657
33819|0x1b613|1|368302
33819|0x1b613|2|922096
33819|0x1b613|3|1616658
33819|0x1b613|4|3698778
33819|0x11b613|5|7143312
33819|0x11b613|6|14747837
33819|0x51b613|7|29459450
33819|0xd1b613|8|58892992
33819|0xd1b613|9|118038124
33819|0xd1b613|10|236490658
33819|0xd1b613|11|459314314
33819|0x8d1b613|12|893272120
33819|0x18d1b613|13|1777829553
33819|0x18d1b613|14|3551732229
33819|0x58d1b613|15|7104796255
33819|0xd8d1b613|16|14248870607
33819|0x1d8d1b613|17|27763063237
33819|0x3d8d1b613|18|61375006765
33819|0x7d8d1b613|19|128940719119
33819|0x7d8d1b613|20|366632098495
33819|0x7d8d1b613|21|594127908150
33819|0x27d8d1b613|22|1062552025669
33819|0x27d8d1b613|23|3106175178698
33819|0x27d8d1b613|24|5370460906359
33821|0x5e35|1|583419
33821|0x25e35|2|3282878
33821|0x25e35|3|2934873
33821|0xa5e35|4|5934503
33821|0xa5e35|5|12178623
33821|0xa5e35|6|24485920
33821|0x4a5e35|7|48925041
33821|0x4a5e35|8|97902666
33821|0x14a5e35|9|194591721
33821|0x34a5e35|10|392186863
33821|0x34a5e35|11|581158773
33821|0xb4a5e35|12|1142067465
33821|0xb4a5e35|13|2302728433
33821|0x2b4a5e35|14|4583301160
33821|0x6b4a5e35|15|9228300334
33821|0xeb4a5e35|16|17587380264
33821|0x1eb4a5e35|17|27530624128
33821|0x3eb4a5e35|18|55046877749
33821|0x7eb4a5e35|19|110108508315
33821|0xfeb4a5e35|20|219996804557
33821|0xfeb4a5e35|21|447930945178
33821|0x2feb4a5e35|22|1431619752090
33821|0x6feb4a5e35|23|1868369442210
33821|0x6feb4a5e35|24|3857517870273
33823|0x1f7df|1|325300
33823|0x1f7df|2|769637
33823|0x5f7df|3|1616642
33823|0xdf7df|4|3322886
33823|0xdf7df|5|6953972
33823|0xdf7df|6|13714118
33823|0xdf7df|7|27523446
33823|0x8df7df|8|55031100
33823|0x18df7df|9|110317088
33823|0x18df7df|10|220396727
33823|0x58df7df|11|440931046
33823|0x58df7df|12|881594913
33823|0x58df7df|13|1763714534
33823|0x258df7df|14|3549721380
33823|0x658df7df|15|7095246317
33823|0xe58df7df|16|20169203020
33823|0x1e58df7df|17|35606579745
33823|0x1e58df7df|18|71285519755
33823|0x1e58df7df|19|186222119908
33823|0x9e58df7df|20|295046433958
33823|0x19e58df7df|21|497587526473
33823|0x19e58df7df|22|1374183928641
33823|0x19e58df7df|23|1676742871125
33823|0x99e58df7df|24|4022368649895
33825|0x1ffe1|1|429679
33825|0x3ffe1|2|905425
33825|0x7ffe1|3|1685959
33825|0xfffe1|4|3375968
33825|0xfffe1|5|9888392
33825|0xfffe1|6|13897168
33825|0xfffe1|7|27848693
33825|0xfffe1|8|48817782
33825|0xfffe1|9|101409488
33825|0x20fffe1|10|200510539
33825|0x60fffe1|11|386611487
33825|0xe0fffe1|12|761797834
33825|0x1e0fffe1|13|1499430572
33825|0x3e0fffe1|14|2964643396
33825|0x7e0fffe1|15|5926331016
33825|0xfe0fffe1|16|11813221082
33825|0x1fe0fffe1|17|23292240273
33825|0x3fe0fffe1|18|46934606667
33825|0x7fe0fffe1|19|94727211401
33825|0xffe0fffe1|20|192717177372
33825|0x1ffe0fffe1|21|406625744751
33825|0x3ffe0fffe1|22|920521055015
33825|0x7ffe0fffe1|23|2227638432477
33825|0xfffe0fffe1|24|3557121976419
33827|0x4b8b|1|232300
33827|0x24b8b|2|503226
33827|0x64b8b|3|1189508
33827|0x64b8b|4|2418006
33827|0x164b8b|5|4849924
33827|0x164b8b|6|11242005
33827|0x164b8b|7|30329680
33827|0x164b8b|8|48073469
33827|0x164b8b|9|94755158
33827|0x2164b8b|10|182269115
33827|0x2164b8b|11|412681862
33827|0xa164b8b|12|784612290
33827|0xa164b8b|13|1505535937
33827|0x2a164b8b|14|2982863835
33827|0x6a164b8b|15|5951593871
33827|0x6a164b8b|16|11891381285
33827|0x6a164b8b|17|23774229963
33827|0x26a164b8b|18|46615534746
33827|0x26a164b8b|19|97020434424
33827|0xa6a164b8b|20|223980583074
33827|0xa6a164b8b|21|446310524274
33827|0x2a6a164b8b|22|898727525757
33827|0x2a6a164b8b|23|1757662587187
33827|0xaa6a164b8b|24|3916158871671
33829|0x1f7ad|1|393042
33829|0x3f7ad|2|769384
33829|0x3f7ad|3|1614773
33829|0xbf7ad|4|3320575
33829|0x1bf7ad|5|6962760
33829|0x1bf7ad|6|13716336
33829|0x5bf7ad|7|27490254
33829|0x5bf7ad|8|55094897
33829|0x15bf7ad|9|111978396
33829|0x35bf7ad|10|221604838
33829|0x35bf7ad|11|447376489
33829|0xb5bf7ad|12|884791139
33829|0x1b5bf7ad|13|1784719978
33829|0x3b5bf7ad|14|3550415313
33829|0x3b5bf7ad|15|7097484034
33829|0x3b5bf7ad|16|14210521176
33829|0x3b5bf7ad|17|28428094149
33829|0x3b5bf7ad|18|56849137622
33829|0x43b5bf7ad|19|110511208252
33829|0xc3b5bf7ad|20|220264318250
33829|0xc3b5bf7ad|21|440735524671
33829|0x2c3b5bf7ad|22|882109241646
33829|0x2c3b5bf7ad|23|2092255485892
33829|0x2c3b5bf7ad|24|4412939785942
33831|0xab97|1|351281
33831|0xab97|2|858986
33831|0x4ab97|3|1757658
33831|0x4ab97|4|3321586
33831|0x14ab97|5|6680001
33831|0x34ab97|6|9930173
33831|0x34ab97|7|26750083
33831|0xb4ab97|8|51384146
33831|0xb4ab97|9|91485477
33831|0xb4ab97|10|182325394
33831|0x4b4ab97|11|397757069
33831|0x4b4ab97|12|769141244
33831|0x4b4ab97|13|1546536727
33831|0x24b4ab97|14|3079817580
33831|0x64b4ab97|15|6044893693
33831|0xe4b4ab97|16|12023155254
33831|0xe4b4ab97|17|23007675943
33831|0xe4b4ab97|18|47281315579
33831|0xe4b4ab97|19|94992359005
33831|0xe4b4ab97|20|218238695283
33831|0x10e4b4ab97|21|547811282132
33831|0x10e4b4ab97|22|1391175275490
33831|0x10e4b4ab97|23|2247813372412
33831|0x90e4b4ab97|24|4396562388379
33833|0x15819|1|584219
33833|0x15819|2|1387665
33833|0x55819|3|2883887
33833|0xd5819|4|5918743
33833|0x1d5819|5|9425140
33833|0x3d5819|6|22221256
33833|0x7d5819|7|48953214
33833|0xfd5819|8|89743227
33833|0xfd5819|9|177639777
33833|0x2fd5819|10|354392300
33833|0x6fd5819|11|703041881
33833|0x6fd5819|12|1382519816
33833|0x6fd5819|13|2814342064
33833|0x6fd5819|14|5422384784
33833|0x46fd5819|15|10559718330
33833|0x46fd5819|16|20208186344
33833|0x46fd5819|17|36770195595
33833|0x246fd5819|18|71157618949
33833|0x246fd5819|19|125761149797
33833|0xa46fd5819|20|233503331129
33833|0xa46fd5819|21|473746741042
33833|0xa46fd5819|22|1211862314205
33833|0x4a46fd5819|23|2043610710267
33833|0xca46fd5819|24|4858143087176
33835|0x1a83|1|583752
33835|0x1a83|2|1376857
33835|0x1a83|3|2915261
33835|0x1a83|4|5954354
33835|0x101a83|5|12004796
33835|0x301a83|6|18320528
33835|0x701a83|7|47885039
33835|0xf01a83|8|86529164
33835|0xf01a83|9|167648830
33835|0x2f01a83|10|353904892
33835|0x6f01a83|11|703791155
33835|0xef01a83|12|1415852981
33835|0x1ef01a83|13|2659447784
33835|0x1ef01a83|14|5270815516
33835|0x1ef01a83|15|10490693806
33835|0x1ef01a83|16|21303626973
33835|0x11ef01a83|17|40899546602
33835|0x11ef01a83|18|82528064445
33835|0x51ef01a83|19|168899675005
33835|0x51ef01a83|20|261564336772
33835|0x151ef01a83|21|444686724931
33835|0x151ef01a83|22|889052062107
33835|0x151ef01a83|23|1772666386688
33835|0x951ef01a83|24|3630815921937
33837|0x6ba5|1|342033
33837|0x6ba5|2|1811042
33837|0x46ba5|3|1680369
33837|0xc6ba5|4|3365198
33837|0x1c6ba5|5|7083708
33837|0x1c6ba5|6|13933531
33837|0x1c6ba5|7|39334662
33837|0x9c6ba5|8|98520131
33837|0x19c6ba5|9|146340926
33837|0x19c6ba5|10|259791502
33837|0x19c6ba5|11|575216652
33837|0x19c6ba5|12|1165658354
33837|0x119c6ba5|13|2243877127
33837|0x119c6ba5|14|4534200780
33837|0x519c6ba5|15|7520790508
33837|0x519c6ba5|16|15109858985
33837|0x1519c6ba5|17|28968636071
33837|0x1519c6ba5|18|64658449300
33837|0x1519c6ba5|19|119372178790
33837|0x1519c6ba5|20|279831720194
33837|0x11519c6ba5|21|725088473137
33837|0x31519c6ba5|22|1252970751330
33837|0x71519c6ba5|23|2223009256724
33837|0x71519c6ba5|24|4222018103951
33839|0x142cf|1|370824
33839|0x342cf|2|1866958
33839|0x742cf|3|1750660
33839|0xf42cf|4|3581430
33839|0xf42cf|5|7216498
33839|0xf42cf|6|14414992
33839|0x4f42cf|7|29018693
33839|0x4f42cf|8|58178284
33839|0x14f42cf|9|116364788
33839|0x14f42cf|10|301043322
33839|0x54f42cf|11|563145097
33839|0xd4f42cf|12|1123090041
33839|0x1d4f42cf|13|2320793809
33839|0x1d4f42cf|14|5138957324
33839|0x5d4f42cf|15|10858662471
33839|0x5d4f42cf|16|20974014899
33839|0x5d4f42cf|17|38349434987
33839|0x25d4f42cf|18|69693119976
33839|0x65d4f42cf|19|135655642489
33839|0xe5d4f42cf|20|314944403112
33839|0xe5d4f42cf|21|583901330216
33839|0xe5d4f42cf|22|1086011392195
33839|0x4e5d4f42cf|23|2164925723968
33839|0xce5d4f42cf|24|4075289379164
33841|0x54d1|1|327909
33841|0x54d1|2|771575
33841|0x454d1|3|1676671
33841|0x454d1|4|3601201
33841|0x1454d1|5|7072718
33841|0x3454d1|6|14390999
33841|0x7454d1|7|29233991
33841|0x7454d1|8|58323646
33841|0x7454d1|9|115299173
33841|0x27454d1|10|232318897
33841|0x67454d1|11|467156524
33841|0xe7454d1|12|934026454
33841|0xe7454d1|13|1850112908
33841|0xe7454d1|14|3741523021
33841|0x4e7454d1|15|7480557575
33841|0x4e7454d1|16|15433838102
33841|0x14e7454d1|17|46893559757
33841|0x14e7454d1|18|72640899744
33841|0x54e7454d1|19|118822694915
33841|0xd4e7454d1|20|233068020723
33841|0xd4e7454d1|21|626636322072
33841|0xd4e7454d1|22|1100650412573
33841|0xd4e7454d1|23|1946760459964
33841|0xd4e7454d1|24|4846103859133
33843|0x16fb|1|605464
33843|0x216fb|2|1453141
33843|0x616fb|3|2988516
33843|0x616fb|4|6064548
33843|0x1616fb|5|9080648
33843|0x1616fb|6|22227550
33843|0x5616fb|7|48180652
33843|0x5616fb|8|82625291
33843|0x15616fb|9|171096533
33843|0x15616fb|10|360940545
33843|0x15616fb|11|688433166
33843|0x95616fb|12|1367553327
33843|0x95616fb|13|2753578894
33843|0x95616fb|14|5216199519
33843|0x495616fb|15|10822982952
33843|0x495616fb|16|20915119277
33843|0x1495616fb|17|40724135171
33843|0x3495616fb|18|82285576879
33843|0x3495616fb|19|164479129637
33843|0xb495616fb|20|293639847944
33843|0x1b495616fb|21|651232003521
33843|0x1b495616fb|22|1319435347094
33843|0x5b495616fb|23|2485903472700
33843|0x5b495616fb|24|4341943388148
33845|0x1ae1d|1|340480
33845|0x1ae1d|2|799255
33845|0x1ae1d|3|1623490
33845|0x1ae1d|4|3365401
33845|0x1ae1d|5|6913855
33845|0x21ae1d|6|13697376
33845|0x61ae1d|7|27830473
33845|0x61ae1d|8|55458070
33845|0x61ae1d|9|110499412
33845|0x261ae1d|10|222119243
33845|0x661ae1d|11|451237926
33845|0x661ae1d|12|884635485
33845|0x1661ae1d|13|1768725999
33845|0x1661ae1d|14|3388924295
33845|0x1661ae1d|15|6043507138
33845|0x1661ae1d|16|14092750031
33845|0x11661ae1d|17|26397013487
33845|0x11661ae1d|18|55192829802
33845|0x51661ae1d|19|113002957024
33845|0xd1661ae1d|20|225480049825
33845|0xd1661ae1d|21|474037943701
33845|0xd1661ae1d|22|1056313592069
33845|0x4d1661ae1d|23|1847988176993
33845|0xcd1661ae1d|24|4386244712465
33847|0x7187|1|583426
33847|0x27187|2|3204463
33847|0x27187|3|2921742
33847|0x27187|4|5938026
33847|0x127187|5|11994853
33847|0x127187|6|24116582
33847|0x127187|7|48232162
33847|0x927187|8|97985584
33847|0x927187|9|196126662
33847|0x2927187|10|390755516
33847|0x2927187|11|784574864
33847|0x2927187|12|1568306995
33847|0x12927187|13|3112505736
33847|0x12927187|14|6207173633
33847|0x12927187|15|12212190037
33847|0x92927187|16|24765615483
33847|0x192927187|17|48518616450
33847|0x392927187|18|79182915760
33847|0x392927187|19|112211406734
33847|0xb92927187|20|204513908258
33847|0x1b92927187|21|456011402726
33847|0x1b92927187|22|1062958386786
33847|0x1b92927187|23|2110453059738
33847|0x9b92927187|24|3638161829398
33849|0x2a09|1|333137
33849|0x22a09|2|799597
33849|0x22a09|3|1676317
33849|0xa2a09|4|3391493
33849|0x1a2a09|5|6803830
33849|0x1a2a09|6|13772774
33849|0x1a2a09|7|27815717
33849|0x9a2a09|8|94638568
33849|0x9a2a09|9|121815881
33849|0x9a2a09|10|295969746
33849|0x9a2a09|11|558539729
33849|0x9a2a09|12|1123080110
33849|0x9a2a09|13|2197897967
33849|0x209a2a09|14|4567527102
33849|0x609a2a09|15|9118684771
33849|0x609a2a09|16|21448784937
33849|0x1609a2a09|17|41533843744
33849|0x3609a2a09|18|84199210128
33849|0x3609a2a09|19|182665463814
33849|0x3609a2a09|20|254077271595
33849|0x13609a2a09|21|446399771322
33849|0x33609a2a09|22|1064366744902
33849|0x73609a2a09|23|1847537961455
33849|0xf3609a2a09|24|4192822466372
33851|0x1b4f3|1|441474
33851|0x3b4f3|2|898939
33851|0x3b4f3|3|2125050
33851|0xbb4f3|4|4309201
33851|0xbb4f3|5|8664938
33851|0xbb4f3|6|24064805
33851|0xbb4f3|7|42925055
33851|0xbb4f3|8|87045921
33851|0xbb4f3|9|178637214
33851|0xbb4f3|10|359889760
33851|0x40bb4f3|11|701194375
33851|0xc0bb4f3|12|1404845313
33851|0x1c0bb4f3|13|2710308816
33851|0x1c0bb4f3|14|5504707809
33851|0x1c0bb4f3|15|10492096377
33851|0x9c0bb4f3|16|20492734410
33851|0x9c0bb4f3|17|35461452984
33851|0x29c0bb4f3|18|64063042132
33851|0x29c0bb4f3|19|117844809594
33851|0x29c0bb4f3|20|335587239754
33851|0x129c0bb4f3|21|400605936400
33851|0x129c0bb4f3|22|1037874490831
33851|0x529c0bb4f3|23|2345216362972
33851|0xd29c0bb4f3|24|4032631638631
33853|0x13315|1|608499
33853|0x13315|2|1427119
33853|0x13315|3|3016978
33853|0x13315|4|6069016
33853|0x13315|5|8749443
33853|0x213315|6|13671412
33853|0x613315|7|41452914
33853|0xe13315|8|88119601
33853|0xe13315|9|133142540
33853|0xe13315|10|291413624
33853|0x4e13315|11|553569398
33853|0xce13315|12|1125602898
33853|0x1ce13315|13|2256882587
33853|0x1ce13315|14|4600442415
33853|0x1ce13315|15|7952201298
33853|0x1ce13315|16|15134387547
33853|0x11ce13315|17|28530076570
33853|0x11ce13315|18|58400113464
33853|0x11ce13315|19|105319174629
33853|0x91ce13315|20|224545605842
33853|0x191ce13315|21|402835035252
33853|0x391ce13315|22|990905947107
33853|0x391ce13315|23|2281786513111
33853|0xb91ce13315|24|4129407225827
33855|0x16bbf|1|609705
33855|0x16bbf|2|2694857
33855|0x16bbf|3|2954863
33855|0x96bbf|4|6069324
33855|0x96bbf|5|12183805
33855|0x296bbf|6|24473763
33855|0x696bbf|7|42399211
33855|0xe96bbf|8|54915655
33855|0x1e96bbf|9|151317002
33855|0x1e96bbf|10|281649097
33855|0x5e96bbf|11|575503287
33855|0x5e96bbf|12|1159926427
33855|0x15e96bbf|13|2242756436
33855|0x15e96bbf|14|4555585401
33855|0x55e96bbf|15|9029356170
33855|0xd5e96bbf|16|18131413392
33855|0x1d5e96bbf|17|35197561401
33855|0x1d5e96bbf|18|54381309692
33855|0x1d5e96bbf|19|118748483854
33855|0x1d5e96bbf|20|225374799385
33855|0x1d5e96bbf|21|461376424134
33855|0x1d5e96bbf|22|889284783433
33855|0x41d5e96bbf|23|1724353398065
33855|0xc1d5e96bbf|24|4330844054667
33857|0x18bc1|1|342533
33857|0x18bc1|2|1845221
33857|0x58bc1|3|1905988
33857|0xd8bc1|4|3477605
33857|0xd8bc1|5|7348923
33857|0xd8bc1|6|14211502
33857|0xd8bc1|7|28849556
33857|0x8d8bc1|8|58132778
33857|0x8d8bc1|9|111128321
33857|0x8d8bc1|10|230220633
33857|0x8d8bc1|11|461183060
33857|0x8d8bc1|12|971624845
33857|0x8d8bc1|13|1875533861
33857|0x208d8bc1|14|3731340142
33857|0x608d8bc1|15|7609529354
33857|0xe08d8bc1|16|15073358271
33857|0xe08d8bc1|17|31275763438
33857|0x2e08d8bc1|18|65449542007
33857|0x6e08d8bc1|19|98195129037
33857|0xee08d8bc1|20|240471456571
33857|0x1ee08d8bc1|21|502120946543
33857|0x3ee08d8bc1|22|1288906450508
33857|0x7ee08d8bc1|23|2031511251284
33857|0x7ee08d8bc1|24|3753682414888
33859|0xe86b|1|907351
33859|0xe86b|2|1682556
33859|0x4e86b|3|2991778
33859|0x4e86b|4|6042804
33859|0x4e86b|5|12032154
33859|0x24e86b|6|24421567
33859|0x24e86b|7|33311625
33859|0xa4e86b|8|54906467
33859|0x1a4e86b|9|151350790
33859|0x3a4e86b|10|315864756
33859|0x7a4e86b|11|567221483
33859|0xfa4e86b|12|919714440
33859|0xfa4e86b|13|1504724080
33859|0x2fa4e86b|14|2988472369
33859|0x2fa4e86b|15|6120734815
33859|0xafa4e86b|16|14798142928
33859|0x1afa4e86b|17|35601899228
33859|0x3afa4e86b|18|59393609244
33859|0x3afa4e86b|19|118207771645
33859|0xbafa4e86b|20|304082020941
33859|0xbafa4e86b|21|561847040922
33859|0x2bafa4e86b|22|1035499053600
33859|0x2bafa4e86b|23|1942998368766
33859|0x2bafa4e86b|24|4083925469172
33861|0x1ee8d|1|660975
33861|0x3ee8d|2|1427330
33861|0x3ee8d|3|2359209
33861|0x3ee8d|4|4311644
33861|0x13ee8d|5|8654466
33861|0x33ee8d|6|22170587
33861|0x33ee8d|7|45603904
33861|0x33ee8d|8|88178813
33861|0x133ee8d|9|170336253
33861|0x333ee8d|10|333450187
33861|0x733ee8d|11|721036879
33861|0xf33ee8d|12|1551256700
33861|0xf33ee8d|13|3113171716
33861|0x2f33ee8d|14|5502181056
33861|0x2f33ee8d|15|10793670562
33861|0xaf33ee8d|16|21099784980
33861|0xaf33ee8d|17|41459115571
33861|0x2af33ee8d|18|82512397318
33861|0x2af33ee8d|19|158094479352
33861|0x2af33ee8d|20|337667240112
33861|0x12af33ee8d|21|661178603572
33861|0x32af33ee8d|22|1128052858132
33861|0x32af33ee8d|23|2227228578500
33861|0x32af33ee8d|24|4183323286081
33863|0x1e577|1|342140
33863|0x1e577|2|799426
33863|0x1e577|3|1654488
33863|0x9e577|4|3383865
33863|0x19e577|5|6837952
33863|0x19e577|6|11595438
33863|0x19e577|7|24114581
33863|0x99e577|8|48559233
33863|0x199e577|9|99170910
33863|0x199e577|10|200378878
33863|0x599e577|11|407478192
33863|0xd99e577|12|790993796
33863|0xd99e577|13|1465414357
33863|0x2d99e577|14|3191016090
33863|0x2d99e577|15|6052356411
33863|0x2d99e577|16|13505950233
33863|0x2d99e577|17|31903864215
33863|0x2d99e577|18|72412303386
33863|0x2d99e577|19|127752712195
33863|0x2d99e577|20|249439327952
33863|0x102d99e577|21|527085299379
33863|0x102d99e577|22|1009426183613
33863|0x102d99e577|23|2072225793386
33863|0x102d99e577|24|4127632356319
33865|0xadf9|1|334330
33865|0x2adf9|2|780018
33865|0x2adf9|3|1836926
33865|0xaadf9|4|3495070
33865|0xaadf9|5|7314564
33865|0xaadf9|6|14475021
33865|0x4aadf9|7|29391127
33865|0x4aadf9|8|58215023
33865|0x14aadf9|9|115534535
33865|0x14aadf9|10|234035430
33865|0x14aadf9|11|432456186
33865|0x14aadf9|12|855978955
33865|0x14aadf9|13|1626765001
33865|0x214aadf9|14|3445763613
33865|0x214aadf9|15|6557111480
33865|0x214aadf9|16|13224605656
33865|0x214aadf9|17|26867991312
33865|0x214aadf9|18|66654574558
33865|0x4214aadf9|19|117428425366
33865|0xc214aadf9|20|259118408856
33865|0xc214aadf9|21|511622442832
33865|0x2c214aadf9|22|1071585763795
33865|0x6c214aadf9|23|2081955209144
33865|0x6c214aadf9|24|4113892962635
33867|0x2563|1|398481
33867|0x22563|2|864892
33867|0x22563|3|1654471
33867|0xa2563|4|3724368
33867|0xa2563|5|7171690
33867|0xa2563|6|14655497
33867|0x4a2563|7|29297032
33867|0x4a2563|8|58587159
33867|0x14a2563|9|115580154
33867|0x14a2563|10|232417502
33867|0x54a2563|11|465546567
33867|0xd4a2563|12|956345685
33867|0xd4a2563|13|1794427295
33867|0x2d4a2563|14|3692204878
33867|0x2d4a2563|15|7069355015
33867|0xad4a2563|16|13274435927
33867|0x1ad4a2563|17|36694552296
33867|0x1ad4a2563|18|65999230881
33867|0x1ad4a2563|19|124717001392
33867|0x9ad4a2563|20|255823040807
33867|0x19ad4a2563|21|516517450498
33867|0x39ad4a2563|22|1053076729066
33867|0x79ad4a2563|23|2090122230945
33867|0x79ad4a2563|24|4189261597436
33869|0x5485|1|594430
33869|0x25485|2|1427684
33869|0x25485|3|2124986
33869|0xa5485|4|3612603
33869|0x1a5485|5|7137907
33869|0x1a5485|6|14521582
33869|0x1a5485|7|29016991
33869|0x9a5485|8|81903949
33869|0x9a5485|9|103312622
33869|0x29a5485|10|308106647
33869|0x69a5485|11|574768472
33869|0x69a5485|12|1160665196
33869|0x169a5485|13|2528036286
33869|0x369a5485|14|5633203859
33869|0x369a5485|15|10910689723
33869|0x369a5485|16|20853868369
33869|0x369a5485|17|36368794048
33869|0x369a5485|18|67156008260
33869|0x369a5485|19|116011606220
33869|0x8369a5485|20|269864049814
33869|0x8369a5485|21|441958158335
33869|0x28369a5485|22|1042224148374
33869|0x68369a5485|23|2196149404589
33869|0xe8369a5485|24|4254404271363
33871|0x12af|1|333317
33871|0x12af|2|832718
33871|0x12af|3|1654594
33871|0x812af|4|3407033
33871|0x812af|5|6811773
33871|0x2812af|6|13654314
33871|0x2812af|7|37289418
33871|0x2812af|8|82821619
33871|0x2812af|9|133587477
33871|0x22812af|10|271493947
33871|0x62812af|11|568988400
33871|0x62812af|12|1075641074
33871|0x162812af|13|1704849032
33871|0x162812af|14|3211434698
33871|0x162812af|15|7402502300
33871|0x962812af|16|12532422636
33871|0x1962812af|17|27350423855
33871|0x3962812af|18|68381809771
33871|0x3962812af|19|112649471838
33871|0xb962812af|20|230630620867
33871|0xb962812af|21|475224516081
33871|0xb962812af|22|983303055078
33871|0xb962812af|23|1981406734818
33871|0xb962812af|24|3942398632957
33873|0x144b1|1|341288
33873|0x344b1|2|799366
33873|0x744b1|3|1786051
33873|0xf44b1|4|3570331
33873|0xf44b1|5|7295293
33873|0xf44b1|6|10655270
33873|0x4f44b1|7|24500994
33873|0xcf44b1|8|50506330
33873|0x1cf44b1|9|108877824
33873|0x3cf44b1|10|194733338
33873|0x7cf44b1|11|408833387
33873|0xfcf44b1|12|794871815
33873|0xfcf44b1|13|1559760767
33873|0x2fcf44b1|14|3236719810
33873|0x2fcf44b1|15|7093869092
33873|0x2fcf44b1|16|12301985463
33873|0x2fcf44b1|17|25141221723
33873|0x22fcf44b1|18|51506512559
33873|0x22fcf44b1|19|133159231654
33873|0xa2fcf44b1|20|212750138201
33873|0xa2fcf44b1|21|471243181228
33873|0x2a2fcf44b1|22|1069934584683
33873|0x2a2fcf44b1|23|2080259965310
33873|0x2a2fcf44b1|24|3887333558197
33875|0x5fdb|1|333743
33875|0x5fdb|2|799373
33875|0x45fdb|3|1792092
33875|0xc5fdb|4|3546763
33875|0x1c5fdb|5|7255812
33875|0x3c5fdb|6|14356465
33875|0x3c5fdb|7|22067841
33875|0x3c5fdb|8|58304622
33875|0x13c5fdb|9|109689647
33875|0x13c5fdb|10|209317053
33875|0x13c5fdb|11|408076442
33875|0x93c5fdb|12|786951142
33875|0x93c5fdb|13|1862845612
33875|0x293c5fdb|14|3793434596
33875|0x293c5fdb|15|7130698978
33875|0xa93c5fdb|16|13379600375
33875|0xa93c5fdb|17|25775772354
33875|0x2a93c5fdb|18|54022815728
33875|0x2a93c5fdb|19|119034997875
33875|0x2a93c5fdb|20|211183858885
33875|0x2a93c5fdb|21|423844930238
33875|0x22a93c5fdb|22|897714241690
33875|0x22a93c5fdb|23|1796668837833
33875|0xa2a93c5fdb|24|3532024337278
33877|0x58fd|1|593580
33877|0x58fd|2|1393388
33877|0x58fd|3|2959159
33877|0x58fd|4|6027745
33877|0x58fd|5|10593502
33877|0x58fd|6|14433539
33877|0x58fd|7|29065238
33877|0x58fd|8|61354668
33877|0x58fd|9|150304995
33877|0x20058fd|10|298665767
33877|0x20058fd|11|665037945
33877|0xa0058fd|12|1174438590
33877|0xa0058fd|13|2249292477
33877|0xa0058fd|14|5053135671
33877|0xa0058fd|15|8293297878
33877|0x8a0058fd|16|17048994865
33877|0x8a0058fd|17|29532289847
33877|0x28a0058fd|18|52551289394
33877|0x28a0058fd|19|105875623839
33877|0x28a0058fd|20|207243974335
33877|0x28a0058fd|21|425831476906
33877|0x28a0058fd|22|885519499512
33877|0x28a0058fd|23|1973602078619
33877|0x28a0058fd|24|3520027990833
33879|0xa767|1|582425
33879|0x2a767|2|1378657
33879|0x2a767|3|2969141
33879|0xaa767|4|6024014
33879|0x1aa767|5|12029911
33879|0x3aa767|6|22473794
33879|0x7aa767|7|29251146
33879|0x7aa767|8|60046092
33879|0x7aa767|9|180575673
33879|0x7aa767|10|286590945
33879|0x7aa767|11|581493878
33879|0x87aa767|12|1280785568
33879|0x87aa767|13|2477389407
33879|0x287aa767|14|4595964464
33879|0x287aa767|15|7644556649
33879|0x287aa767|16|16011788263
33879|0x1287aa767|17|30108903050
33879|0x1287aa767|18|56343496611
33879|0x5287aa767|19|107295273816
33879|0x5287aa767|20|214034147834
33879|0x5287aa767|21|461504380056
33879|0x25287aa767|22|959423867086
33879|0x25287aa767|23|2021750559805
33879|0xa5287aa767|24|3645830473504
33881|0x83e9|1|646814
33881|0x283e9|2|1448261
33881|0x683e9|3|2983185
33881|0xe83e9|4|6051134
33881|0x1e83e9|5|12213697
33881|0x3e83e9|6|18982479
33881|0x7e83e9|7|48365977
33881|0x7e83e9|8|89970984
33881|0x7e83e9|9|177785079
33881|0x7e83e9|10|346493129
33881|0x7e83e9|11|685401826
33881|0x87e83e9|12|1360270821
33881|0x187e83e9|13|2681660791
33881|0x187e83e9|14|4911114523
33881|0x587e83e9|15|8705627587
33881|0x587e83e9|16|16353020506
33881|0x587e83e9|17|30676607760
33881|0x587e83e9|18|70077383609
33881|0x587e83e9|19|112948387790
33881|0x587e83e9|20|219815290145
33881|0x587e83e9|21|471433458150
33881|0x587e83e9|22|942766126507
33881|0x40587e83e9|23|1826231990774
33881|0x40587e83e9|24|3591484806691
33883|0x10bd3|1|371537
33883|0x10bd3|2|843183
33883|0x10bd3|3|1617405
33883|0x90bd3|4|3656906
33883|0x190bd3|5|7049411
33883|0x190bd3|6|14654909
33883|0x190bd3|7|29133177
33883|0x190bd3|8|58573558
33883|0x1190bd3|9|115186382
33883|0x3190bd3|10|233027821
33883|0x7190bd3|11|412379462
33883|0x7190bd3|12|920532192
33883|0x17190bd3|13|1794666858
33883|0x37190bd3|14|3146293630
33883|0x37190bd3|15|6348985239
33883|0xb7190bd3|16|13513480507
33883|0xb7190bd3|17|25477954580
33883|0x2b7190bd3|18|52989469333
33883|0x2b7190bd3|19|104977990470
33883|0x2b7190bd3|20|241792753024
33883|0x2b7190bd3|21|519431354761
33883|0x22b7190bd3|22|907465613783
33883|0x62b7190bd3|23|2071392419484
33883|0xe2b7190bd3|24|4184781158975
33885|0x16ff5|1|582275
33885|0x16ff5|2|1431406
33885|0x16ff5|3|2888337
33885|0x16ff5|4|5953880
33885|0x16ff5|5|12016870
33885|0x16ff5|6|24459513
33885|0x416ff5|7|45402371
33885|0xc16ff5|8|80432491
33885|0xc16ff5|9|171072335
33885|0xc16ff5|10|358371735
33885|0x4c16ff5|11|565706057
33885|0xcc16ff5|12|1117453262
33885|0xcc16ff5|13|2723847841
33885|0x2cc16ff5|14|4180641386
33885|0x2cc16ff5|15|5905437161
33885|0x2cc16ff5|16|13546119699
33885|0x2cc16ff5|17|28959119732
33885|0x2cc16ff5|18|68166385089
33885|0x42cc16ff5|19|132907226076
33885|0xc2cc16ff5|20|269760405896
33885|0xc2cc16ff5|21|513258535687
33885|0xc2cc16ff5|22|979104287690
33885|0xc2cc16ff5|23|2062337894467
33885|0x8c2cc16ff5|24|4141435410182
33887|0xd79f|1|328131
33887|0x2d79f|2|771887
33887|0x6d79f|3|1701090
33887|0xed79f|4|3617213
33887|0x1ed79f|5|7088671
33887|0x3ed79f|6|14346472
33887|0x3ed79f|7|22590243
33887|0xbed79f|8|54988186
33887|0xbed79f|9|104238757
33887|0x2bed79f|10|198529886
33887|0x6bed79f|11|394123632
33887|0xebed79f|12|844385257
33887|0xebed79f|13|1980175459
33887|0x2ebed79f|14|3108074603
33887|0x6ebed79f|15|6257642736
33887|0xeebed79f|16|13899142379
33887|0x1eebed79f|17|25900746598
33887|0x3eebed79f|18|54675684475
33887|0x3eebed79f|19|144933160139
33887|0x3eebed79f|20|261509923379
33887|0x13eebed79f|21|523248148764
33887|0x13eebed79f|22|1004412486973
33887|0x13eebed79f|23|2063731580240
33887|0x93eebed79f|24|4215099141396
33889|0x11fa1|1|327830
33889|0x11fa1|2|771812
33889|0x51fa1|3|1617361
33889|0x51fa1|4|3616271
33889|0x51fa1|5|6770641
33889|0x51fa1|6|13798120
33889|0x451fa1|7|27503486
33889|0xc51fa1|8|93584104
33889|0x1c51fa1|9|175494032
33889|0x1c51fa1|10|237125609
33889|0x1c51fa1|11|617325285
33889|0x1c51fa1|12|1334254138
33889|0x11c51fa1|13|2644743820
33889|0x31c51fa1|14|4833580586
33889|0x31c51fa1|15|8997412822
33889|0xb1c51fa1|16|18973790472
33889|0x1b1c51fa1|17|30963088975
33889|0x3b1c51fa1|18|70059593827
33889|0x3b1c51fa1|19|134025313042
33889|0x3b1c51fa1|20|254439694220
33889|0x13b1c51fa1|21|488808102050
33889|0x33b1c51fa1|22|888886148073
33889|0x73b1c51fa1|23|1866308327969
33889|0xf3b1c51fa1|24|3643246215206
33891|0x1d4b|1|360314
33891|0x21d4b|2|1783808
33891|0x61d4b|3|1776872
33891|0xe1d4b|4|8531536
33891|0x1e1d4b|5|7139649
33891|0x1e1d4b|6|14301765
33891|0x5e1d4b|7|28839752
33891|0xde1d4b|8|80347616
33891|0x1de1d4b|9|112100629
33891|0x1de1d4b|10|231341950
33891|0x1de1d4b|11|475634718
33891|0x1de1d4b|12|1045468811
33891|0x1de1d4b|13|1743268315
33891|0x1de1d4b|14|5107715108
33891|0x41de1d4b|15|8423889948
33891|0x41de1d4b|16|14599271479
33891|0x41de1d4b|17|30303785732
33891|0x41de1d4b|18|76971425956
33891|0x41de1d4b|19|120692501337
33891|0x41de1d4b|20|208971895623
33891|0x1041de1d4b|21|425818519338
33891|0x1041de1d4b|22|874104522706
33891|0x5041de1d4b|23|1847881420562
33891|0x5041de1d4b|24|3582405477443
33893|0x8d6d|1|370458
33893|0x8d6d|2|899563
33893|0x48d6d|3|2124593
33893|0xc8d6d|4|5915981
33893|0xc8d6d|5|11926843
33893|0x2c8d6d|6|17336446
33893|0x2c8d6d|7|48393466
33893|0xac8d6d|8|96927553
33893|0x1ac8d6d|9|180157347
33893|0x3ac8d6d|10|273634987
33893|0x7ac8d6d|11|640250667
33893|0x7ac8d6d|12|1172255506
33893|0x7ac8d6d|13|2161691798
33893|0x7ac8d6d|14|3520915146
33893|0x7ac8d6d|15|7239433617
33893|0x7ac8d6d|16|14274117034
33893|0x7ac8d6d|17|28678215875
33893|0x7ac8d6d|18|60107327185
33893|0x7ac8d6d|19|115375751881
33893|0x807ac8d6d|20|213218701636
33893|0x807ac8d6d|21|473435279046
33893|0x2807ac8d6d|22|944400714342
33893|0x6807ac8d6d|23|1857368830480
33893|0x6807ac8d6d|24|3699822750828
33895|0x5757|1|367944
33895|0x5757|2|803089
33895|0x45757|3|1667115
33895|0xc5757|4|3615104
33895|0xc5757|5|7214319
33895|0xc5757|6|14549229
33895|0xc5757|7|28312926
33895|0xc5757|8|51445887
33895|0xc5757|9|105158688
33895|0x20c5757|10|207018003
33895|0x20c5757|11|415457804
33895|0x20c5757|12|845327956
33895|0x120c5757|13|1708962589
33895|0x320c5757|14|3586456140
33895|0x320c5757|15|6944572913
33895|0xb20c5757|16|13971627797
33895|0xb20c5757|17|26525967238
33895|0x2b20c5757|18|53206823597
33895|0x6b20c5757|19|105166856748
33895|0x6b20c5757|20|354026905533
33895|0x6b20c5757|21|766792208689
33895|0x6b20c5757|22|1292820875669
33895|0x6b20c5757|23|2304717208326
33895|0x86b20c5757|24|4072309390460
33897|0x14bd9|1|583397
33897|0x14bd9|2|3180921
33897|0x54bd9|3|2917375
33897|0xd4bd9|4|5947094
33897|0x1d4bd9|5|11986975
33897|0x3d4bd9|6|24139278
33897|0x7d4bd9|7|43218411
33897|0xfd4bd9|8|55043115
33897|0x1fd4bd9|9|137297177
33897|0x1fd4bd9|10|307835981
33897|0x5fd4bd9|11|649593818
33897|0x5fd4bd9|12|1092862625
33897|0x15fd4bd9|13|2347763627
33897|0x35fd4bd9|14|3923039759
33897|0x75fd4bd9|15|6819125958
33897|0x75fd4bd9|16|13271758041
33897|0x175fd4bd9|17|28396270126
33897|0x175fd4bd9|18|52015701971
33897|0x175fd4bd9|19|106247004324
33897|0x175fd4bd9|20|213505506449
33897|0x1175fd4bd9|21|463755368036
33897|0x1175fd4bd9|22|916965055215
33897|0x1175fd4bd9|23|2358570461519
33897|0x1175fd4bd9|24|3751402666286
33899|0x843|1|338535
33899|0x20843|2|1811604
33899|0x60843|3|1848371
33899|0xe0843|4|3471203
33899|0xe0843|5|7222952
33899|0x2e0843|6|14233316
33899|0x2e0843|7|29274161
33899|0xae0843|8|58378227
33899|0x1ae0843|9|116970949
33899|0x1ae0843|10|230798206
33899|0x1ae0843|11|425138306
33899|0x1ae0843|12|859516318
33899|0x11ae0843|13|1692555883
33899|0x31ae0843|14|3352807222
33899|0x31ae0843|15|7244667060
33899|0xb1ae0843|16|13458560727
33899|0xb1ae0843|17|25256750705
33899|0xb1ae0843|18|52689404501
33899|0xb1ae0843|19|105465391180
33899|0x8b1ae0843|20|214186987870
33899|0x8b1ae0843|21|427253550171
33899|0x8b1ae0843|22|898806417599
33899|0x48b1ae0843|23|1807409349619
33899|0x48b1ae0843|24|4003307932911
33901|0x2565|1|385592
33901|0x2565|2|908777
33901|0x2565|3|1870712
33901|0x82565|4|3559127
33901|0x82565|5|7352511
33901|0x82565|6|14765800
33901|0x482565|7|29334693
33901|0x482565|8|58023377
33901|0x482565|9|123302714
33901|0x2482565|10|272138760
33901|0x6482565|11|591673269
33901|0x6482565|12|1177063320
33901|0x6482565|13|2352702219
33901|0x26482565|14|3249622709
33901|0x26482565|15|8787205423
33901|0xa6482565|16|17889632237
33901|0xa6482565|17|33676034757
33901|0xa6482565|18|52034493069
33901|0x4a6482565|19|107224986964
33901|0xca6482565|20|215519403669
33901|0xca6482565|21|512293792333
33901|0x2ca6482565|22|888987572220
33901|0x6ca6482565|23|1951386646995
33901|0x6ca6482565|24|3919972266848
33903|0x15a8f|1|326958
33903|0x15a8f|2|876812
33903|0x15a8f|3|1837982
33903|0x95a8f|4|3460296
33903|0x95a8f|5|7289424
33903|0x95a8f|6|14298146
33903|0x495a8f|7|23582136
33903|0xc95a8f|8|53015324
33903|0xc95a8f|9|108688381
33903|0x2c95a8f|10|195175763
33903|0x2c95a8f|11|418576265
33903|0xac95a8f|12|855192446
33903|0xac95a8f|13|1989930889
33903|0xac95a8f|14|3727545932
33903|0xac95a8f|15|6440359090
33903|0x8ac95a8f|16|12947396582
33903|0x8ac95a8f|17|27806105555
33903|0x8ac95a8f|18|52296950246
33903|0x48ac95a8f|19|108311253501
33903|0xc8ac95a8f|20|230277969256
33903|0xc8ac95a8f|21|506987872397
33903|0xc8ac95a8f|22|916181274058
33903|0xc8ac95a8f|23|1781369025671
33903|0xc8ac95a8f|24|3783951015347
33905|0xbc91|1|377681
33905|0x2bc91|2|886729
33905|0x2bc91|3|1796451
33905|0x2bc91|4|3533237
33905|0x12bc91|5|7293408
33905|0x12bc91|6|14503417
33905|0x12bc91|7|29134726
33905|0x92bc91|8|58336911
33905|0x92bc91|9|115198249
33905|0x292bc91|10|232987395
33905|0x692bc91|11|466420806
33905|0x692bc91|12|936401824
33905|0x1692bc91|13|1841766884
33905|0x3692bc91|14|3714391862
33905|0x7692bc91|15|7413955786
33905|0x7692bc91|16|14857467776
33905|0x7692bc91|17|29666951398
33905|0x7692bc91|18|56267713072
33905|0x7692bc91|19|115811469096
33905|0x87692bc91|20|230816477998
33905|0x87692bc91|21|462742078744
33905|0x287692bc91|22|924110169778
33905|0x287692bc91|23|1844379715838
33905|0x287692bc91|24|3788516859267
33907|0x1c0bb|1|423047
33907|0x3c0bb|2|871466
33907|0x3c0bb|3|1617494
33907|0x3c0bb|4|3652417
33907|0x13c0bb|5|7039011
33907|0x13c0bb|6|13996497
33907|0x53c0bb|7|22691966
33907|0x53c0bb|8|71140420
33907|0x153c0bb|9|106622338
33907|0x153c0bb|10|229481718
33907|0x153c0bb|11|416361012
33907|0x953c0bb|12|782616394
33907|0x953c0bb|13|1773689701
33907|0x2953c0bb|14|3268789355
33907|0x6953c0bb|15|6707478733
33907|0xe953c0bb|16|14112512384
33907|0xe953c0bb|17|25592543810
33907|0xe953c0bb|18|54204099741
33907|0xe953c0bb|19|107802352753
33907|0x8e953c0bb|20|228943341120
33907|0x18e953c0bb|21|512204211757
33907|0x18e953c0bb|22|996120053113
33907|0x18e953c0bb|23|1868891793877
33907|0x98e953c0bb|24|3731202606194
33909|0x2bdd|1|373304
33909|0x22bdd|2|842286
33909|0x62bdd|3|1838581
33909|0x62bdd|4|3482477
33909|0x162bdd|5|7323949
33909|0x162bdd|6|14373717
33909|0x562bdd|7|28950174
33909|0x562bdd|8|58100023
33909|0x562bdd|9|116041974
33909|0x2562bdd|10|232271364
33909|0x2562bdd|11|470730665
33909|0x2562bdd|12|929762637
33909|0x2562bdd|13|2315972234
33909|0x2562bdd|14|4139501351
33909|0x2562bdd|15|8444328630
33909|0x82562bdd|16|15266833844
33909|0x82562bdd|17|29932670365
33909|0x82562bdd|18|56216676864
33909|0x82562bdd|19|116135010868
33909|0x82562bdd|20|232436323224
33909|0x1082562bdd|21|466859033941
33909|0x1082562bdd|22|932070118728
33909|0x5082562bdd|23|1867821631399
33909|0x5082562bdd|24|3778964490397
33911|0x9547|1|372408
33911|0x29547|2|771782
33911|0x69547|3|1639518
33911|0xe9547|4|3697618
33911|0xe9547|5|7162140
33911|0xe9547|6|14583663
33911|0x4e9547|7|29163303
33911|0xce9547|8|58181169
33911|0x1ce9547|9|115489039
33911|0x1ce9547|10|294911177
33911|0x5ce9547|11|466518899
33911|0xdce9547|12|928190846
33911|0x1dce9547|13|1856145977
33911|0x3dce9547|14|3701979384
33911|0x7dce9547|15|7421058657
33911|0x7dce9547|16|14837337575
33911|0x17dce9547|17|29206706668
33911|0x17dce9547|18|57345993343
33911|0x17dce9547|19|115939990815
33911|0x17dce9547|20|233377534766
33911|0x117dce9547|21|468073918913
33911|0x117dce9547|22|935159266395
33911|0x117dce9547|23|1946420796582
33911|0x117dce9547|24|4058487871439
33913|0xa5c9|1|626819
33913|0x2a5c9|2|1378146
33913|0x6a5c9|3|2911049
33913|0x6a5c9|4|5953660
33913|0x6a5c9|5|11978010
33913|0x26a5c9|6|24125117
33913|0x66a5c9|7|48320913
33913|0x66a5c9|8|96831537
33913|0x66a5c9|9|196346459
33913|0x266a5c9|10|391358060
33913|0x266a5c9|11|775011038
33913|0x266a5c9|12|1562179548
33913|0x1266a5c9|13|3142720002
33913|0x3266a5c9|14|6240201274
33913|0x7266a5c9|15|12562892961
33913|0x7266a5c9|16|24920856994
33913|0x17266a5c9|17|48733428317
33913|0x17266a5c9|18|61931251367
33913|0x57266a5c9|19|107684004211
33913|0x57266a5c9|20|315266975206
33913|0x157266a5c9|21|433995312419
33913|0x357266a5c9|22|928158303613
33913|0x757266a5c9|23|2214882324228
33913|0xf57266a5c9|24|4037856830543
33915|0xbab3|1|582148
33915|0x2bab3|2|1379217
33915|0x6bab3|3|2926623
33915|0x6bab3|4|5974299
33915|0x6bab3|5|11998976
33915|0x6bab3|6|24157867
33915|0x6bab3|7|48327226
33915|0x86bab3|8|96753889
33915|0x186bab3|9|193644919
33915|0x186bab3|10|387457870
33915|0x586bab3|11|784580885
33915|0x586bab3|12|1550050654
33915|0x586bab3|13|3100021389
33915|0x2586bab3|14|6191081543
33915|0x2586bab3|15|12460191572
33915|0xa586bab3|16|14896158383
33915|0x1a586bab3|17|28049125157
33915|0x1a586bab3|18|55293599865
33915|0x5a586bab3|19|111625507921
33915|0x5a586bab3|20|219900365543
33915|0x15a586bab3|21|442431351220
33915|0x15a586bab3|22|943915072168
33915|0x55a586bab3|23|1903736920723
33915|0xd5a586bab3|24|4250134012446
33917|0x14d5|1|665956
33917|0x14d5|2|1393547
33917|0x14d5|3|2971350
33917|0x814d5|4|6030654
33917|0x1814d5|5|12164379
33917|0x1814d5|6|24444288
33917|0x1814d5|7|43930596
33917|0x9814d5|8|91204590
33917|0x19814d5|9|174701249
33917|0x39814d5|10|381424760
33917|0x79814d5|11|648137894
33917|0x79814d5|12|879024641
33917|0x79814d5|13|1732887645
33917|0x279814d5|14|4549293903
33917|0x679814d5|15|10566051587
33917|0x679814d5|16|24142087605
33917|0x1679814d5|17|38992285043
33917|0x3679814d5|18|71150906433
33917|0x7679814d5|19|127174965269
33917|0xf679814d5|20|295858376407
33917|0x1f679814d5|21|643595872864
33917|0x1f679814d5|22|1317464874592
33917|0x5f679814d5|23|2448466452881
33917|0x5f679814d5|24|4699775883734
33919|0x13b7f|1|588131
33919|0x33b7f|2|1966010
33919|0x33b7f|3|1658307
33919|0xb3b7f|4|3666968
33919|0xb3b7f|5|6220089
33919|0xb3b7f|6|10387373
33919|0x4b3b7f|7|28972284
33919|0x4b3b7f|8|52903530
33919|0x4b3b7f|9|105009661
33919|0x4b3b7f|10|214965056
33919|0x4b3b7f|11|430120073
33919|0x4b3b7f|12|855633294
33919|0x104b3b7f|13|1817152527
33919|0x304b3b7f|14|4484780060
33919|0x704b3b7f|15|10914772713
33919|0xf04b3b7f|16|21216254963
33919|0xf04b3b7f|17|40885456767
33919|0x2f04b3b7f|18|51588282025
33919|0x6f04b3b7f|19|163109203782
33919|0xef04b3b7f|20|316620856285
33919|0x1ef04b3b7f|21|601244511251
33919|0x1ef04b3b7f|22|1331005704463
33919|0x5ef04b3b7f|23|2370677568984
33919|0x5ef04b3b7f|24|4971968468252
33921|0x1bb81|1|627021
33921|0x3bb81|2|1405563
33921|0x3bb81|3|2888482
33921|0x3bb81|4|5965490
33921|0x13bb81|5|10752898
33921|0x33bb81|6|18609883
33921|0x73bb81|7|48033294
33921|0x73bb81|8|86745025
33921|0x173bb81|9|165135037
33921|0x173bb81|10|344349658
33921|0x173bb81|11|691911531
33921|0x973bb81|12|1348091370
33921|0x1973bb81|13|2602956459
33921|0x1973bb81|14|5445773974
33921|0x1973bb81|15|10430693848
33921|0x9973bb81|16|15938424821
33921|0x19973bb81|17|42214395246
33921|0x39973bb81|18|62901610239
33921|0x39973bb81|19|105981761705
33921|0x39973bb81|20|349262876622
33921|0x139973bb81|21|723304408274
33921|0x139973bb81|22|1268214814636
33921|0x139973bb81|23|1764468902381
33921|0x139973bb81|24|3387472592316
33923|0xea2b|1|247563
33923|0x2ea2b|2|503290
33923|0x6ea2b|3|1400502
33923|0xeea2b|4|3574067
33923|0xeea2b|5|7010800
33923|0x2eea2b|6|10436270
33923|0x6eea2b|7|24181148
33923|0xeeea2b|8|45004880
33923|0x1eeea2b|9|94212236
33923|0x3eeea2b|10|221103116
33923|0x7eeea2b|11|343902264
33923|0x7eeea2b|12|683922291
33923|0x7eeea2b|13|1370141478
33923|0x7eeea2b|14|3305260945
33923|0x47eeea2b|15|6135605375
33923|0x47eeea2b|16|17942872808
33923|0x47eeea2b|17|42933622776
33923|0x47eeea2b|18|82006437246
33923|0x447eeea2b|19|152172817370
33923|0xc47eeea2b|20|299882186915
33923|0xc47eeea2b|21|717605223496
33923|0x2c47eeea2b|22|1329585254099
33923|0x6c47eeea2b|23|2531480611646
33923|0xec47eeea2b|24|4837852419375
33925|0xd44d|1|387190
33925|0x2d44d|2|1870954
33925|0x2d44d|3|1710692
33925|0x2d44d|4|3639183
33925|0x12d44d|5|7239390
33925|0x12d44d|6|14574213
33925|0x52d44d|7|43568521
33925|0xd2d44d|8|97309425
33925|0x1d2d44d|9|162220951
33925|0x1d2d44d|10|328036551
33925|0x1d2d44d|11|649787552
33925|0x9d2d44d|12|1308924519
33925|0x19d2d44d|13|2691060605
33925|0x39d2d44d|14|5401111013
33925|0x79d2d44d|15|11623933330
33925|0x79d2d44d|16|24973963507
33925|0x79d2d44d|17|49953468556
33925|0x79d2d44d|18|94032966540
33925|0x79d2d44d|19|177586208389
33925|0x79d2d44d|20|303074955193
33925|0x1079d2d44d|21|634307666130
33925|0x3079d2d44d|22|1237406997066
33925|0x3079d2d44d|23|2472938562615
33925|0x3079d2d44d|24|4134866244211
33927|0x10137|1|353737
33927|0x10137|2|780408
33927|0x10137|3|1638976
33927|0x90137|4|3376322
33927|0x90137|5|7018118
33927|0x290137|6|13856985
33927|0x690137|7|27262526
33927|0x690137|8|53635423
33927|0x690137|9|111508468
33927|0x690137|10|220713276
33927|0x4690137|11|454020845
33927|0xc690137|12|886250271
33927|0x1c690137|13|1771698306
33927|0x3c690137|14|3540229272
33927|0x3c690137|15|7080349280
33927|0x3c690137|16|14199808920
33927|0x3c690137|17|28309804698
33927|0x23c690137|18|55066142501
33927|0x63c690137|19|110030803918
33927|0x63c690137|20|222209385348
33927|0x163c690137|21|543738954680
33927|0x363c690137|22|1048879893211
33927|0x763c690137|23|2104545990617
33927|0xf63c690137|24|4656262513241
33929|0x31b9|1|609752
33929|0x231b9|2|3249412
33929|0x231b9|3|2957563
33929|0x231b9|4|6076346
33929|0x1231b9|5|12200036
33929|0x3231b9|6|16995396
33929|0x3231b9|7|28917351
33929|0xb231b9|8|73580426
33929|0x1b231b9|9|128318534
33929|0x3b231b9|10|271598441
33929|0x7b231b9|11|572703632
33929|0x7b231b9|12|949510927
33929|0x7b231b9|13|2253577506
33929|0x7b231b9|14|5102244337
33929|0x7b231b9|15|7693771527
33929|0x7b231b9|16|19568184194
33929|0x7b231b9|17|30688557606
33929|0x7b231b9|18|66631026117
33929|0x407b231b9|19|110077366370
33929|0x407b231b9|20|272382614446
33929|0x407b231b9|21|523097548449
33929|0x2407b231b9|22|908332296236
33929|0x6407b231b9|23|2022653807348
33929|0xe407b231b9|24|3559095960432
33931|0xc323|1|347356
33931|0xc323|2|2063128
33931|0xc323|3|1693883
33931|0x8c323|4|3604369
33931|0x8c323|5|7126697
33931|0x28c323|6|14578752
33931|0x68c323|7|29044070
33931|0xe8c323|8|49818201
33931|0x1e8c323|9|110836259
33931|0x3e8c323|10|233491795
33931|0x7e8c323|11|463651330
33931|0x7e8c323|12|927985861
33931|0x17e8c323|13|1860840723
33931|0x17e8c323|14|3355587457
33931|0x17e8c323|15|7139720581
33931|0x17e8c323|16|14180726196
33931|0x117e8c323|17|26047818096
33931|0x117e8c323|18|53973836521
33931|0x517e8c323|19|106450690730
33931|0xd17e8c323|20|219724327054
33931|0x1d17e8c323|21|434426563488
33931|0x3d17e8c323|22|892416395264
33931|0x3d17e8c323|23|1825749146639
33931|0xbd17e8c323|24|3570701586971
33933|0xde45|1|257151
33933|0x2de45|2|538367
33933|0x2de45|3|1352495
33933|0x2de45|4|2525887
33933|0x12de45|5|6305241
33933|0x12de45|6|14599987
33933|0x12de45|7|23295676
33933|0x12de45|8|57600863
33933|0x112de45|9|110311732
33933|0x312de45|10|211026018
33933|0x712de45|11|428015188
33933|0x712de45|12|818223901
33933|0x712de45|13|1663518363
33933|0x2712de45|14|3511607906
33933|0x6712de45|15|8918641217
33933|0xe712de45|16|20041696621
33933|0x1e712de45|17|35100141348
33933|0x3e712de45|18|65225635308
33933|0x7e712de45|19|108199904053
33933|0x7e712de45|20|217632364481
33933|0x7e712de45|21|449396295398
33933|0x7e712de45|22|1058818545543
33933|0x7e712de45|23|2164916448827
33933|0x87e712de45|24|3829196715543
33935|0x1a6f|1|327937
33935|0x1a6f|2|772075
33935|0x1a6f|3|1649832
33935|0x1a6f|4|3308759
33935|0x101a6f|5|6974385
33935|0x301a6f|6|13817883
33935|0x301a6f|7|27910137
33935|0xb01a6f|8|44259251
33935|0xb01a6f|9|109270563
33935|0xb01a6f|10|308543299
33935|0xb01a6f|11|627411650
33935|0xb01a6f|12|1165246696
33935|0x10b01a6f|13|2204265054
33935|0x30b01a6f|14|4444698646
33935|0x30b01a6f|15|10601539909
33935|0x30b01a6f|16|17294572206
33935|0x30b01a6f|17|34056154205
33935|0x230b01a6f|18|66722782568
33935|0x630b01a6f|19|126315439313
33935|0x630b01a6f|20|256232154924
33935|0x1630b01a6f|21|543470699146
33935|0x1630b01a6f|22|1120788692185
33935|0x1630b01a6f|23|2043412643122
33935|0x9630b01a6f|24|4143100206599
33937|0x1bc71|1|327051
33937|0x3bc71|2|840927
33937|0x3bc71|3|1838602
33937|0xbbc71|4|3442868
33937|0x1bbc71|5|7236526
33937|0x3bbc71|6|14272076
33937|0x3bbc71|7|21961821
33937|0x3bbc71|8|52404601
33937|0x13bbc71|9|129748976
33937|0x13bbc71|10|206648320
33937|0x13bbc71|11|431387830
33937|0x13bbc71|12|890867320
33937|0x13bbc71|13|1698333731
33937|0x13bbc71|14|3142846202
33937|0x13bbc71|15|6458477203
33937|0x813bbc71|16|13589731131
33937|0x813bbc71|17|25091398576
33937|0x813bbc71|18|46937979514
33937|0x4813bbc71|19|116763923865
33937|0x4813bbc71|20|219542001299
33937|0x14813bbc71|21|431330286924
33937|0x14813bbc71|22|938780524965
33937|0x54813bbc71|23|1984563160482
33937|0xd4813bbc71|24|3885313944607
33939|0x1399b|1|380804
33939|0x1399b|2|919949
33939|0x1399b|3|1868175
33939|0x9399b|4|3483418
33939|0x9399b|5|7353171
33939|0x9399b|6|12290007
33939|0x9399b|7|26253174
33939|0x9399b|8|53607886
33939|0x109399b|9|88499189
33939|0x309399b|10|221139322
33939|0x309399b|11|456120176
33939|0x309399b|12|888513119
33939|0x309399b|13|1701416962
33939|0x309399b|14|3748214386
33939|0x309399b|15|6669800063
33939|0x8309399b|16|13813314940
33939|0x8309399b|17|27533750575
33939|0x8309399b|18|51570711725
33939|0x48309399b|19|115409730196
33939|0xc8309399b|20|250466989283
33939|0xc8309399b|21|430353663207
33939|0xc8309399b|22|860779045671
33939|0x4c8309399b|23|1727618648860
33939|0xcc8309399b|24|3440804436709
33941|0x26bd|1|207548
33941|0x26bd|2|503298
33941|0x26bd|3|1190171
33941|0x26bd|4|2554390
33941|0x1026bd|5|5038040
33941|0x3026bd|6|11402992
33941|0x3026bd|7|23054056
33941|0x3026bd|8|49794662
33941|0x3026bd|9|85690292
33941|0x3026bd|10|171719378
33941|0x3026bd|11|427195738
33941|0x3026bd|12|786056278
33941|0x103026bd|13|1350579399
33941|0x103026bd|14|2725790669
33941|0x503026bd|15|6607855151
33941|0xd03026bd|16|11776416735
33941|0xd03026bd|17|23920340639
33941|0x2d03026bd|18|47667255431
33941|0x6d03026bd|19|124218326298
33941|0x6d03026bd|20|215900772354
33941|0x16d03026bd|21|443625436630
33941|0x36d03026bd|22|899220580015
33941|0x76d03026bd|23|1964845894343
33941|0xf6d03026bd|24|4207987617882
33943|0x13b27|1|419222
33943|0x33b27|2|887147
33943|0x33b27|3|1685957
33943|0xb3b27|4|3745070
33943|0xb3b27|5|7210695
33943|0x2b3b27|6|16437900
33943|0x2b3b27|7|48432802
33943|0x2b3b27|8|96891464
33943|0x2b3b27|9|130376521
33943|0x2b3b27|10|343341004
33943|0x42b3b27|11|554244308
33943|0x42b3b27|12|1172816710
33943|0x42b3b27|13|2619722070
33943|0x42b3b27|14|5241559760
33943|0x442b3b27|15|6179326801
33943|0xc42b3b27|16|14182523664
33943|0xc42b3b27|17|40785522114
33943|0x2c42b3b27|18|53468323873
33943|0x2c42b3b27|19|140813992777
33943|0xac42b3b27|20|257945718745
33943|0xac42b3b27|21|550482051991
33943|0xac42b3b27|22|929457637437
33943|0xac42b3b27|23|1885403988536
33943|0x8ac42b3b27|24|3366946811877
33945|0x18fa9|1|338492
33945|0x38fa9|2|799502
33945|0x78fa9|3|1833946
33945|0xf8fa9|4|3537746
33945|0xf8fa9|5|7099103
33945|0x2f8fa9|6|14317575
33945|0x2f8fa9|7|28871008
33945|0xaf8fa9|8|57734097
33945|0x1af8fa9|9|114249459
33945|0x1af8fa9|10|229364644
33945|0x1af8fa9|11|460339957
33945|0x9af8fa9|12|887454794
33945|0x19af8fa9|13|1647582492
33945|0x39af8fa9|14|3044327166
33945|0x39af8fa9|15|5767443925
33945|0x39af8fa9|16|13341299436
33945|0x139af8fa9|17|23444545010
33945|0x339af8fa9|18|47994683585
33945|0x739af8fa9|19|105411122337
33945|0x739af8fa9|20|209869026835
33945|0x1739af8fa9|21|418115048377
33945|0x3739af8fa9|22|880027633564
33945|0x7739af8fa9|23|1775288344092
33945|0x7739af8fa9|24|3534531012470
33947|0x1c193|1|372956
33947|0x1c193|2|1830015
33947|0x1c193|3|1618014
33947|0x1c193|4|3654529
33947|0x1c193|5|6995620
33947|0x21c193|6|14403588
33947|0x61c193|7|21349037
33947|0x61c193|8|50918906
33947|0x161c193|9|109457477
33947|0x361c193|10|182045756
33947|0x761c193|11|427032495
33947|0x761c193|12|808367084
33947|0x761c193|13|1540227653
33947|0x2761c193|14|3466119012
33947|0x6761c193|15|5807410531
33947|0x6761c193|16|12033294208
33947|0x16761c193|17|24418068087
33947|0x16761c193|18|47362085255
33947|0x16761c193|19|102104432895
33947|0x96761c193|20|225350688200
33947|0x96761c193|21|421537653473
33947|0x96761c193|22|850782518672
33947|0x96761c193|23|1789567659133
33947|0x96761c193|24|3488967809271
33949|0x21b5|1|368553
33949|0x221b5|2|1870648
33949|0x221b5|3|1701211
33949|0x221b5|4|3583358
33949|0x1221b5|5|7123675
33949|0x1221b5|6|14405296
33949|0x1221b5|7|28909521
33949|0x9221b5|8|54877032
33949|0x19221b5|9|103477092
33949|0x19221b5|10|206777838
33949|0x19221b5|11|414849025
33949|0x19221b5|12|779732628
33949|0x119221b5|13|1644992588
33949|0x319221b5|14|3219190577
33949|0x719221b5|15|7083611465
33949|0x719221b5|16|13575334832
33949|0x1719221b5|17|36547954031
33949|0x3719221b5|18|60060936406
33949|0x7719221b5|19|136710383442
33949|0x7719221b5|20|228684395896
33949|0x7719221b5|21|414213221113
33949|0x27719221b5|22|827849726503
33949|0x67719221b5|23|1652034877583
33949|0x67719221b5|24|3480632977564
33951|0x1975f|1|327775
33951|0x3975f|2|1914491
33951|0x3975f|3|1717641
33951|0xb975f|4|3594374
33951|0xb975f|5|7110807
33951|0xb975f|6|14495417
33951|0x4b975f|7|28780455
33951|0x4b975f|8|57939765
33951|0x14b975f|9|117188690
33951|0x14b975f|10|232043430
33951|0x14b975f|11|468721374
33951|0x94b975f|12|929460998
33951|0x94b975f|13|1904582208
33951|0x94b975f|14|3723055633
33951|0x494b975f|15|7423334750
33951|0xc94b975f|16|13373610115
33951|0xc94b975f|17|25121954511
33951|0xc94b975f|18|52630376962
33951|0xc94b975f|19|103210372811
33951|0x8c94b975f|20|221549160665
33951|0x8c94b975f|21|425638166208
33951|0x8c94b975f|22|864066942089
33951|0x48c94b975f|23|1771558570172
33951|0x48c94b975f|24|3596283049935
33953|0x5f61|1|264121
33953|0x25f61|2|571790
33953|0x65f61|3|1289210
33953|0x65f61|4|2428324
33953|0x165f61|5|5127551
33953|0x165f61|6|12414184
33953|0x565f61|7|29176926
33953|0xd65f61|8|48827477
33953|0xd65f61|9|103251089
33953|0xd65f61|10|215074005
33953|0xd65f61|11|411082563
33953|0xd65f61|12|784995597
33953|0x10d65f61|13|1668771950
33953|0x30d65f61|14|3479347226
33953|0x70d65f61|15|6487722137
33953|0xf0d65f61|16|13512814322
33953|0xf0d65f61|17|26759300929
33953|0x2f0d65f61|18|53548680538
33953|0x2f0d65f61|19|125099961753
33953|0xaf0d65f61|20|217393949926
33953|0x1af0d65f61|21|438582344600
33953|0x3af0d65f61|22|871401697124
33953|0x7af0d65f61|23|1740848682344
33953|0xfaf0d65f61|24|3776396659487
33955|0x4f0b|1|380669
33955|0x4f0b|2|1858722
33955|0x44f0b|3|1678791
33955|0x44f0b|4|3614214
33955|0x44f0b|5|6844071
33955|0x44f0b|6|13929140
33955|0x44f0b|7|22399223
33955|0x844f0b|8|52184649
33955|0x1844f0b|9|124901691
33955|0x1844f0b|10|205810029
33955|0x1844f0b|11|394860721
33955|0x1844f0b|12|754510927
33955|0x11844f0b|13|1515681348
33955|0x31844f0b|14|2977867486
33955|0x71844f0b|15|7641585067
33955|0xf1844f0b|16|12154989690
33955|0xf1844f0b|17|23691378587
33955|0x2f1844f0b|18|54482996522
33955|0x2f1844f0b|19|118028079274
33955|0xaf1844f0b|20|246899930006
33955|0xaf1844f0b|21|477950158843
33955|0xaf1844f0b|22|963609368043
33955|0xaf1844f0b|23|1993926451774
33955|0x8af1844f0b|24|3605482487764
33957|0x1c32d|1|327254
33957|0x3c32d|2|771764
33957|0x3c32d|3|1618145
33957|0x3c32d|4|3613809
33957|0x13c32d|5|5404252
33957|0x33c32d|6|10658235
33957|0x33c32d|7|28867290
33957|0x33c32d|8|44831874
33957|0x33c32d|9|104213464
33957|0x233c32d|10|197658864
33957|0x633c32d|11|457041739
33957|0x633c32d|12|783864013
33957|0x1633c32d|13|1509466792
33957|0x1633c32d|14|2810170481
33957|0x1633c32d|15|5588845601
33957|0x1633c32d|16|12604767986
33957|0x11633c32d|17|29174808568
33957|0x31633c32d|18|68469011020
33957|0x31633c32d|19|121378112157
33957|0x31633c32d|20|272955820858
33957|0x131633c32d|21|454571368351
33957|0x131633c32d|22|997945255909
33957|0x531633c32d|23|2125923353142
33957|0x531633c32d|24|3998923113165
33959|0xe317|1|328990
33959|0xe317|2|772035
33959|0x4e317|3|1836098
33959|0xce317|4|3280617
33959|0xce317|5|5111245
33959|0xce317|6|10242789
33959|0xce317|7|20275444
33959|0x8ce317|8|45472925
33959|0x18ce317|9|117438363
33959|0x18ce317|10|229089990
33959|0x18ce317|11|344606226
33959|0x98ce317|12|705113931
33959|0x98ce317|13|1403799669
33959|0x298ce317|14|3007055737
33959|0x698ce317|15|6107652613
33959|0xe98ce317|16|11533832296
33959|0x1e98ce317|17|22894356743
33959|0x1e98ce317|18|68307186773
33959|0x5e98ce317|19|145057613164
33959|0xde98ce317|20|256471389953
33959|0xde98ce317|21|482737847597
33959|0xde98ce317|22|1059364802467
33959|0xde98ce317|23|1997511346458
33959|0x8de98ce317|24|4270454756492
33961|0x5f99|1|911081
33961|0x25f99|2|1459955
33961|0x65f99|3|2956117
33961|0x65f99|4|6112752
33961|0x65f99|5|12153865
33961|0x65f99|6|24453804
33961|0x65f99|7|28302013
33961|0x865f99|8|55641368
33961|0x865f99|9|148501247
33961|0x2865f99|10|288720709
33961|0x6865f99|11|576738471
33961|0xe865f99|12|1235941738
33961|0xe865f99|13|2439834508
33961|0x2e865f99|14|4721000854
33961|0x2e865f99|15|7200153039
33961|0x2e865f99|16|15626116117
33961|0x2e865f99|17|37926551638
33961|0x2e865f99|18|58865778970
33961|0x42e865f99|19|123103110044
33961|0x42e865f99|20|269982261465
33961|0x42e865f99|21|524887158514
33961|0x42e865f99|22|925360825809
33961|0x442e865f99|23|1984638358263
33961|0x442e865f99|24|4108920735748
33963|0x15603|1|372255
33963|0x35603|2|877146
33963|0x75603|3|1735630
33963|0x75603|4|3581313
33963|0x75603|5|7239780
33963|0x75603|6|14658313
33963|0x475603|7|39194629
33963|0x475603|8|83643812
33963|0x475603|9|143274082
33963|0x475603|10|284511663
33963|0x475603|11|542382808
33963|0x8475603|12|867450127
33963|0x18475603|13|1361513396
33963|0x18475603|14|2777241250
33963|0x18475603|15|9937585164
33963|0x18475603|16|14676623725
33963|0x118475603|17|25966486482
33963|0x118475603|18|60409668557
33963|0x118475603|19|107655274780
33963|0x118475603|20|258011450423
33963|0x118475603|21|489297367766
33963|0x118475603|22|937721053853
33963|0x4118475603|23|1983735597769
33963|0x4118475603|24|4198188812007
33965|0x17f25|1|371542
33965|0x37f25|2|899445
33965|0x77f25|3|2153594
33965|0x77f25|4|4316781
33965|0x77f25|5|8650486
33965|0x277f25|6|17335129
33965|0x677f25|7|39275182
33965|0xe77f25|8|81770438
33965|0xe77f25|9|166230905
33965|0x2e77f25|10|212928351
33965|0x6e77f25|11|448423557
33965|0xee77f25|12|1227392387
33965|0x1ee77f25|13|2200154177
33965|0x1ee77f25|14|3815603320
33965|0x5ee77f25|15|8922483244
33965|0xdee77f25|16|16182734838
33965|0xdee77f25|17|32401017824
33965|0x2dee77f25|18|57798701319
33965|0x2dee77f25|19|111297978489
33965|0x2dee77f25|20|248016897590
33965|0x2dee77f25|21|476055547409
33965|0x22dee77f25|22|1015785029499
33965|0x22dee77f25|23|1867698027061
33965|0xa2dee77f25|24|3975411628447
33967|0x1524f|1|593977
33967|0x1524f|2|1472584
33967|0x1524f|3|2960171
33967|0x9524f|4|4566587
33967|0x19524f|5|8670617
33967|0x19524f|6|21219120
33967|0x59524f|7|35896235
33967|0xd9524f|8|88956342
33967|0x1d9524f|9|168579237
33967|0x3d9524f|10|311504150
33967|0x3d9524f|11|685954781
33967|0x3d9524f|12|1273649744
33967|0x13d9524f|13|2353266086
33967|0x33d9524f|14|3759905164
33967|0x33d9524f|15|8419044176
33967|0xb3d9524f|16|16437463897
33967|0x1b3d9524f|17|31641314368
33967|0x3b3d9524f|18|71896827823
33967|0x7b3d9524f|19|119036320701
33967|0x7b3d9524f|20|224755851824
33967|0x7b3d9524f|21|480163566485
33967|0x7b3d9524f|22|960578869476
33967|0x7b3d9524f|23|1712445701516
33967|0x7b3d9524f|24|3427793076045
33969|0x14451|1|261430
33969|0x34451|2|571750
33969|0x74451|3|1292342
33969|0x74451|4|2550787
33969|0x74451|5|7186746
33969|0x74451|6|14183790
33969|0x474451|7|22258105
33969|0xc74451|8|41052386
33969|0x1c74451|9|86324517
33969|0x3c74451|10|192545957
33969|0x7c74451|11|390007688
33969|0x7c74451|12|775705316
33969|0x7c74451|13|1442675303
33969|0x27c74451|14|2682839727
33969|0x67c74451|15|5897289591
33969|0xe7c74451|16|16225327984
33969|0x1e7c74451|17|33839017547
33969|0x1e7c74451|18|65539519602
33969|0x5e7c74451|19|139562112672
33969|0xde7c74451|20|277232990468
33969|0xde7c74451|21|498879488906
33969|0x2de7c74451|22|1015909817163
33969|0x6de7c74451|23|1936668688544
33969|0xede7c74451|24|3996961965038
33971|0x1ca7b|1|586822
33971|0x1ca7b|2|1379236
33971|0x1ca7b|3|2924441
33971|0x9ca7b|4|5942587
33971|0x9ca7b|5|12006589
33971|0x9ca7b|6|24150694
33971|0x49ca7b|7|46123030
33971|0x49ca7b|8|81414176
33971|0x49ca7b|9|160765675
33971|0x49ca7b|10|324556958
33971|0x49ca7b|11|677809445
33971|0x49ca7b|12|1288669214
33971|0x49ca7b|13|2722591663
33971|0x49ca7b|14|5324519153
33971|0x4049ca7b|15|10197322259
33971|0x4049ca7b|16|21655312216
33971|0x14049ca7b|17|38997829246
33971|0x34049ca7b|18|75730939870
33971|0x74049ca7b|19|147499156594
33971|0xf4049ca7b|20|276593525250
33971|0x1f4049ca7b|21|530303590178
33971|0x1f4049ca7b|22|1058890446365
33971|0x1f4049ca7b|23|1703796699568
33971|0x1f4049ca7b|24|3392787409789
33973|0x1499d|1|372077
33973|0x3499d|2|860859
33973|0x3499d|3|1618314
33973|0xb499d|4|3672365
33973|0x1b499d|5|7036141
33973|0x1b499d|6|11125755
33973|0x5b499d|7|20652827
33973|0xdb499d|8|61794098
33973|0x1db499d|9|88249117
33973|0x3db499d|10|193478711
33973|0x7db499d|11|402274588
33973|0x7db499d|12|753154747
33973|0x7db499d|13|1497178762
33973|0x27db499d|14|4681866731
33973|0x67db499d|15|8720058096
33973|0xe7db499d|16|16773426325
33973|0x1e7db499d|17|44144470543
33973|0x3e7db499d|18|71515051490
33973|0x3e7db499d|19|108148617943
33973|0x3e7db499d|20|257218093649
33973|0x13e7db499d|21|548602376358
33973|0x33e7db499d|22|1051471389856
33973|0x73e7db499d|23|1896707723720
33973|0xf3e7db499d|24|3440034606532
33975|0x19907|1|377305
33975|0x19907|2|966296
33975|0x59907|3|1634123
33975|0xd9907|4|3533556
33975|0xd9907|5|7094656
33975|0x2d9907|6|14093955
33975|0x2d9907|7|21884406
33975|0xad9907|8|50537031
33975|0x1ad9907|9|89278880
33975|0x3ad9907|10|231955734
33975|0x7ad9907|11|458568184
33975|0x7ad9907|12|898817478
33975|0x7ad9907|13|1397285882
33975|0x7ad9907|14|3114778346
33975|0x7ad9907|15|5666058508
33975|0x7ad9907|16|12292014850
33975|0x107ad9907|17|23651123746
33975|0x307ad9907|18|51902741939
33975|0x307ad9907|19|119978076136
33975|0x307ad9907|20|257078220834
33975|0x307ad9907|21|524159104470
33975|0x2307ad9907|22|1104591756051
33975|0x2307ad9907|23|2054855183852
33975|0x2307ad9907|24|3640083651144
33977|0x4189|1|341451
33977|0x24189|2|799604
33977|0x64189|3|1737587
33977|0x64189|4|3615794
33977|0x164189|5|7215705
33977|0x364189|6|13153647
33977|0x364189|7|23826776
33977|0x364189|8|50679386
33977|0x1364189|9|115525020
33977|0x3364189|10|245714678
33977|0x7364189|11|462073284
33977|0x7364189|12|798852113
33977|0x17364189|13|1649160079
33977|0x17364189|14|3491903435
33977|0x57364189|15|7123983417
33977|0x57364189|16|13291937157
33977|0x157364189|17|26366407397
33977|0x157364189|18|53465684970
33977|0x157364189|19|106960880296
33977|0x157364189|20|203024748599
33977|0x1157364189|21|425640711275
33977|0x1157364189|22|830388478082
33977|0x1157364189|23|1880576418986
33977|0x9157364189|24|4093989585322
33979|0x12073|1|370409
33979|0x32073|2|1062492
33979|0x72073|3|1704574
33979|0x72073|4|3540111
33979|0x172073|5|7137118
33979|0x372073|6|14327172
33979|0x372073|7|24325406
33979|0x372073|8|46710990
33979|0x1372073|9|92835282
33979|0x1372073|10|210573190
33979|0x1372073|11|388611023
33979|0x1372073|12|818406786
33979|0x11372073|13|1646833590
33979|0x11372073|14|3500537436
33979|0x11372073|15|10061263403
33979|0x11372073|16|18488286381
33979|0x111372073|17|33608089213
33979|0x111372073|18|52137392961
33979|0x111372073|19|131105685161
33979|0x911372073|20|301762223532
33979|0x911372073|21|569038289546
33979|0x911372073|22|1360196255933
33979|0x911372073|23|2301254580657
33979|0x8911372073|24|4111949195751
33981|0x9695|1|579458
33981|0x9695|2|2089318
33981|0x49695|3|2889463
33981|0xc9695|4|5609960
33981|0x1c9695|5|8594319
33981|0x1c9695|6|20202560
33981|0x5c9695|7|38101342
33981|0x5c9695|8|84969572
33981|0x5c9695|9|161855659
33981|0x25c9695|10|313115836
33981|0x65c9695|11|600269384
33981|0x65c9695|12|1220127118
33981|0x165c9695|13|2386860277
33981|0x165c9695|14|4340395378
33981|0x565c9695|15|7997540044
33981|0xd65c9695|16|11775331067
33981|0xd65c9695|17|29785743654
33981|0x2d65c9695|18|70134880653
33981|0x2d65c9695|19|117576238754
33981|0x2d65c9695|20|239297435028
33981|0x2d65c9695|21|461352671178
33981|0x22d65c9695|22|1144945513211
33981|0x62d65c9695|23|2053781859372
33981|0xe2d65c9695|24|4242125186251
33983|0xeb3f|1|336952
33983|0xeb3f|2|877156
33983|0x4eb3f|3|1877630
33983|0xceb3f|4|3444099
33983|0x1ceb3f|5|7239234
33983|0x3ceb3f|6|14320390
33983|0x7ceb3f|7|57495981
33983|0xfceb3f|8|57814089
33983|0xfceb3f|9|115521733
33983|0x2fceb3f|10|225052557
33983|0x6fceb3f|11|457664109
33983|0x6fceb3f|12|824935876
33983|0x6fceb3f|13|1836514992
33983|0x26fceb3f|14|3283111064
33983|0x26fceb3f|15|6846159451
33983|0xa6fceb3f|16|13989238476
33983|0x1a6fceb3f|17|27741326922
33983|0x3a6fceb3f|18|96633850144
33983|0x7a6fceb3f|19|191826692237
33983|0x7a6fceb3f|20|371563655995
33983|0x17a6fceb3f|21|614704544955
33983|0x17a6fceb3f|22|986419606471
33983|0x57a6fceb3f|23|1672927619259
33983|0xd7a6fceb3f|24|3944591762624
33985|0xb41|1|326111
33985|0x20b41|2|1890775
33985|0x20b41|3|1844591
33985|0xa0b41|4|3437367
33985|0xa0b41|5|9367702
33985|0x2a0b41|6|24504415
33985|0x2a0b41|7|49167466
33985|0xaa0b41|8|79122401
33985|0xaa0b41|9|145341301
33985|0x2aa0b41|10|265867256
33985|0x2aa0b41|11|542095947
33985|0x2aa0b41|12|934630154
33985|0x12aa0b41|13|2152174947
33985|0x12aa0b41|14|4637191428
33985|0x52aa0b41|15|11505063473
33985|0x52aa0b41|16|14766650243
33985|0x52aa0b41|17|28486727496
33985|0x252aa0b41|18|54479367461
33985|0x252aa0b41|19|101268895340
33985|0x252aa0b41|20|213701799784
33985|0x252aa0b41|21|449678389209
33985|0x2252aa0b41|22|866064948246
33985|0x2252aa0b41|23|1694856195892
33985|0xa252aa0b41|24|3338831910545
33987|0x14beb|1|338543
33987|0x34beb|2|771948
33987|0x34beb|3|1618531
33987|0xb4beb|4|3618197
33987|0xb4beb|5|6676930
33987|0xb4beb|6|10251403
33987|0x4b4beb|7|23796824
33987|0xcb4beb|8|44672459
33987|0xcb4beb|9|96418234
33987|0x2cb4beb|10|187686649
33987|0x6cb4beb|11|389038154
33987|0x6cb4beb|12|698397902
33987|0x6cb4beb|13|1542344472
33987|0x6cb4beb|14|3033459064
33987|0x6cb4beb|15|5771526313
33987|0x6cb4beb|16|12227158976
33987|0x6cb4beb|17|23834481621
33987|0x206cb4beb|18|57230783822
33987|0x606cb4beb|19|131145486393
33987|0xe06cb4beb|20|208766394568
33987|0x1e06cb4beb|21|403948830276
33987|0x3e06cb4beb|22|873054787531
33987|0x7e06cb4beb|23|1645571412971
33987|0xfe06cb4beb|24|3326112565836
33989|0x5a0d|1|371555
33989|0x5a0d|2|907769
33989|0x45a0d|3|1720912
33989|0xc5a0d|4|3478339
33989|0x1c5a0d|5|5664843
33989|0x1c5a0d|6|10239876
33989|0x5c5a0d|7|23547018
33989|0xdc5a0d|8|48946115
33989|0xdc5a0d|9|96460917
33989|0xdc5a0d|10|190708908
33989|0xdc5a0d|11|381814249
33989|0x8dc5a0d|12|863328612
33989|0x18dc5a0d|13|1766575618
33989|0x18dc5a0d|14|2995062634
33989|0x58dc5a0d|15|5916492414
33989|0x58dc5a0d|16|13253495659
33989|0x58dc5a0d|17|25675175613
33989|0x258dc5a0d|18|53886268365
33989|0x258dc5a0d|19|106329550368
33989|0x258dc5a0d|20|221281893780
33989|0x258dc5a0d|21|417302086037
33989|0x2258dc5a0d|22|865140460379
33989|0x6258dc5a0d|23|1723736236101
33989|0xe258dc5a0d|24|3446352640070
33991|0xfcf7|1|341994
33991|0xfcf7|2|790182
33991|0x4fcf7|3|1618520
33991|0x4fcf7|4|3496761
33991|0x14fcf7|5|7152096
33991|0x14fcf7|6|10097501
33991|0x54fcf7|7|26613416
33991|0xd4fcf7|8|46804552
33991|0xd4fcf7|9|101859605
33991|0xd4fcf7|10|195193428
33991|0xd4fcf7|11|374719166
33991|0x8d4fcf7|12|863687544
33991|0x18d4fcf7|13|1861566424
33991|0x38d4fcf7|14|3654454023
33991|0x38d4fcf7|15|6859574411
33991|0x38d4fcf7|16|14365031224
33991|0x38d4fcf7|17|28488185925
33991|0x238d4fcf7|18|54074018502
33991|0x238d4fcf7|19|125616234809
33991|0xa38d4fcf7|20|209706226199
33991|0xa38d4fcf7|21|454863731966
33991|0xa38d4fcf7|22|961878004420
33991|0x4a38d4fcf7|23|2254772347959
33991|0x4a38d4fcf7|24|4483802969406
