52227|0x13eab|1|436090
52227|0x13eab|2|958849
52227|0x53eab|3|1933908
52227|0x53eab|4|3773486
52227|0x53eab|5|7747137
52227|0x53eab|6|15570341
52227|0x53eab|7|31241937
52227|0x53eab|8|62218355
52227|0x53eab|9|152580658
52227|0x2053eab|10|249431154
52227|0x6053eab|11|499177686
52227|0x6053eab|12|994181268
52227|0x6053eab|13|1989126360
52227|0x6053eab|14|3978441161
52227|0x46053eab|15|7946696247
52227|0x46053eab|16|15900012799
52227|0x146053eab|17|31884802007
52227|0x146053eab|18|63531806909
52227|0x146053eab|19|126037704372
52227|0x146053eab|20|252299588284
52227|0x1146053eab|21|507357672212
52227|0x1146053eab|22|1020714256501
52227|0x1146053eab|23|2043549473165
52227|0x1146053eab|24|4077463305022
52229|0x20cd|1|462414
52229|0x20cd|2|838736
52229|0x420cd|3|1782412
52229|0xc20cd|4|3876642
52229|0xc20cd|5|7771478
52229|0x2c20cd|6|15457211
52229|0x2c20cd|7|30994969
52229|0x2c20cd|8|61965363
52229|0x12c20cd|9|123974585
52229|0x12c20cd|10|248405373
52229|0x12c20cd|11|467660417
52229|0x12c20cd|12|992415384
52229|0x112c20cd|13|1996729229
52229|0x112c20cd|14|4022041606
52229|0x112c20cd|15|7955281872
52229|0x912c20cd|16|15923465488
52229|0x912c20cd|17|31910453884
52229|0x2912c20cd|18|63184842528
52229|0x6912c20cd|19|127369833670
52229|0x6912c20cd|20|254227847845
52229|0x16912c20cd|21|512733630749
52229|0x36912c20cd|22|1018675871631
52229|0x76912c20cd|23|2034240276912
52229|0x76912c20cd|24|4064514060296
52231|0xe1b7|1|409465
52231|0xe1b7|2|845164
52231|0x4e1b7|3|1816870
52231|0x4e1b7|4|3844317
52231|0x4e1b7|5|7816324
52231|0x4e1b7|6|15572715
52231|0x4e1b7|7|31163165
52231|0x4e1b7|8|62221206
52231|0x4e1b7|9|124716988
52231|0x4e1b7|10|249506622
52231|0x404e1b7|11|498803472
52231|0x404e1b7|12|997861065
52231|0x404e1b7|13|1993812667
52231|0x404e1b7|14|3971696431
52231|0x404e1b7|15|7997038374
52231|0x404e1b7|16|15973675238
52231|0x404e1b7|17|31765012518
52231|0x404e1b7|18|63673499435
52231|0x40404e1b7|19|128322830357
52231|0x40404e1b7|20|255058465713
52231|0x140404e1b7|21|511109279238
52231|0x140404e1b7|22|1020351856615
52231|0x540404e1b7|23|2031105765389
52231|0xd40404e1b7|24|4046847065798
52233|0x8239|1|472534
52233|0x28239|2|912601
52233|0x68239|3|1749514
52233|0x68239|4|3899306
52233|0x68239|5|7627790
52233|0x68239|6|15487936
52233|0x68239|7|31054131
52233|0x68239|8|62144195
52233|0x68239|9|124158921
52233|0x68239|10|312078160
52233|0x68239|11|500123638
52233|0x68239|12|994566575
52233|0x10068239|13|1987216271
52233|0x10068239|14|3988739098
52233|0x50068239|15|8057634574
52233|0x50068239|16|16060676607
52233|0x50068239|17|31907555821
52233|0x50068239|18|62249745579
52233|0x50068239|19|127291575649
52233|0x850068239|20|253266081689
52233|0x1850068239|21|506293298308
52233|0x3850068239|22|1064688169642
52233|0x7850068239|23|3356708469440
52233|0x7850068239|24|6720861127629
52235|0x5fa3|1|657892
52235|0x25fa3|2|1495947
52235|0x25fa3|3|3126530
52235|0x25fa3|4|6373676
52235|0x125fa3|5|12862309
52235|0x125fa3|6|25745890
52235|0x125fa3|7|51580140
52235|0x125fa3|8|103251935
52235|0x1125fa3|9|207769437
52235|0x1125fa3|10|413354683
52235|0x1125fa3|11|824606400
52235|0x1125fa3|12|1663650841
52235|0x11125fa3|13|3308180417
52235|0x31125fa3|14|6624628839
52235|0x71125fa3|15|13260953929
52235|0xf1125fa3|16|26659815054
52235|0x1f1125fa3|17|51934957970
52235|0x1f1125fa3|18|106123480337
52235|0x1f1125fa3|19|210282263839
52235|0x1f1125fa3|20|420764769003
52235|0x11f1125fa3|21|841169879875
52235|0x31f1125fa3|22|1681314255132
52235|0x71f1125fa3|23|3358871680088
52235|0x71f1125fa3|24|5487968938895
52237|0x62c5|1|657562
52237|0x262c5|2|1505455
52237|0x662c5|3|3115424
52237|0xe62c5|4|6410092
52237|0x1e62c5|5|12910055
52237|0x1e62c5|6|25948050
52237|0x5e62c5|7|51645464
52237|0xde62c5|8|104032629
52237|0xde62c5|9|207044269
52237|0x2de62c5|10|414310363
52237|0x6de62c5|11|823383781
52237|0x6de62c5|12|1659273837
52237|0x16de62c5|13|3321336528
52237|0x36de62c5|14|6580851482
52237|0x36de62c5|15|13296933125
52237|0x36de62c5|16|25829067694
52237|0x36de62c5|17|31926570613
52237|0x36de62c5|18|63945064529
52237|0x436de62c5|19|126871569573
52237|0x436de62c5|20|351750350263
52237|0x1436de62c5|21|844249134663
52237|0x1436de62c5|22|1274516201347
52237|0x5436de62c5|23|2046545359030
52237|0x5436de62c5|24|4791483397137
52239|0xa2ef|1|354997
52239|0xa2ef|2|801430
52239|0xa2ef|3|1724882
52239|0xa2ef|4|3549427
52239|0xa2ef|5|7450118
52239|0x20a2ef|6|14718342
52239|0x60a2ef|7|29548980
52239|0xe0a2ef|8|58526506
52239|0x1e0a2ef|9|117925675
52239|0x3e0a2ef|10|236274788
52239|0x7e0a2ef|11|856472574
52239|0xfe0a2ef|12|921334712
52239|0x1fe0a2ef|13|1981613278
52239|0x3fe0a2ef|14|4051587615
52239|0x7fe0a2ef|15|8004335442
52239|0xffe0a2ef|16|16024042105
52239|0xffe0a2ef|17|31146369274
52239|0x2ffe0a2ef|18|63110832770
52239|0x6ffe0a2ef|19|126299027180
52239|0x6ffe0a2ef|20|241373598471
52239|0x16ffe0a2ef|21|431908965858
52239|0x16ffe0a2ef|22|970491431721
52239|0x56ffe0a2ef|23|2651659772894
52239|0x56ffe0a2ef|24|5086735401771
52241|0x1a4f1|1|364756
52241|0x1a4f1|2|809590
52241|0x5a4f1|3|1917139
52241|0x5a4f1|4|3839373
52241|0x15a4f1|5|7931938
52241|0x35a4f1|6|15592566
52241|0x35a4f1|7|31145946
52241|0x35a4f1|8|62000110
52241|0x135a4f1|9|126353907
52241|0x135a4f1|10|249073486
52241|0x535a4f1|11|499594710
52241|0xd35a4f1|12|1001599473
52241|0xd35a4f1|13|2137524822
52241|0x2d35a4f1|14|3987393181
52241|0x6d35a4f1|15|7991206481
52241|0x6d35a4f1|16|14118605788
52241|0x6d35a4f1|17|32689401747
52241|0x26d35a4f1|18|63717959970
52241|0x26d35a4f1|19|182578071535
52241|0x26d35a4f1|20|420914868974
52241|0x126d35a4f1|21|661282391298
52241|0x126d35a4f1|22|1167260478494
52241|0x526d35a4f1|23|2456870516386
52241|0xd26d35a4f1|24|4467995837665
52243|0xde1b|1|653367
52243|0x2de1b|2|3316887
52243|0x6de1b|3|3172897
52243|0x6de1b|4|6378175
52243|0x6de1b|5|12893494
52243|0x6de1b|6|25799754
52243|0x6de1b|7|51912545
52243|0x86de1b|8|103416357
52243|0x186de1b|9|207009656
52243|0x386de1b|10|416365928
52243|0x786de1b|11|832896271
52243|0xf86de1b|12|1664127887
52243|0xf86de1b|13|3326311335
52243|0x2f86de1b|14|6647539802
52243|0x2f86de1b|15|13300311869
52243|0x2f86de1b|16|26596418856
52243|0x12f86de1b|17|52920449636
52243|0x32f86de1b|18|101530754847
52243|0x72f86de1b|19|168368874333
52243|0xf2f86de1b|20|312638606396
52243|0xf2f86de1b|21|542636976537
52243|0xf2f86de1b|22|1095860979710
52243|0xf2f86de1b|23|2279861864442
52243|0xf2f86de1b|24|4417559983584
52245|0xa33d|1|389957
52245|0x2a33d|2|834308
52245|0x6a33d|3|1836493
52245|0x6a33d|4|3837239
52245|0x6a33d|5|6819614
52245|0x26a33d|6|15540420
52245|0x66a33d|7|31088061
52245|0xe6a33d|8|62294356
52245|0x1e6a33d|9|124584264
52245|0x3e6a33d|10|249637351
52245|0x7e6a33d|11|499235502
52245|0x7e6a33d|12|994119883
52245|0x17e6a33d|13|2010546082
52245|0x17e6a33d|14|3999798756
52245|0x57e6a33d|15|7954419446
52245|0x57e6a33d|16|15997190879
52245|0x157e6a33d|17|31923242706
52245|0x157e6a33d|18|63312910497
52245|0x157e6a33d|19|126523691249
52245|0x957e6a33d|20|340772677619
52245|0x1957e6a33d|21|502649134039
52245|0x3957e6a33d|22|990544297806
52245|0x7957e6a33d|23|2412529841883
52245|0x7957e6a33d|24|4454153519233
52247|0x12ba7|1|408784
52247|0x12ba7|2|809375
52247|0x52ba7|3|1772822
52247|0x52ba7|4|3587411
52247|0x52ba7|5|7476647
52247|0x52ba7|6|14704220
52247|0x452ba7|7|29145368
52247|0x452ba7|8|94909411
52247|0x1452ba7|9|137041318
52247|0x1452ba7|10|302820903
52247|0x5452ba7|11|586619077
52247|0xd452ba7|12|1194499062
52247|0x1d452ba7|13|2408303824
52247|0x1d452ba7|14|4797508970
52247|0x5d452ba7|15|9531837970
52247|0xdd452ba7|16|19216435761
52247|0x1dd452ba7|17|37417871933
52247|0x3dd452ba7|18|73005765903
52247|0x7dd452ba7|19|151927870315
52247|0xfdd452ba7|20|420796997732
52247|0xfdd452ba7|21|576602076052
52247|0xfdd452ba7|22|1058435179776
52247|0x4fdd452ba7|23|1904593230377
52247|0xcfdd452ba7|24|5032746942396
52249|0x1d029|1|363453
52249|0x3d029|2|1855517
52249|0x3d029|3|1794586
52249|0x3d029|4|3608028
52249|0x3d029|5|7460657
52249|0x3d029|6|14757985
52249|0x43d029|7|29103045
52249|0xc3d029|8|58521900
52249|0x1c3d029|9|116785106
52249|0x3c3d029|10|235114831
52249|0x3c3d029|11|469815674
52249|0xbc3d029|12|937732838
52249|0x1bc3d029|13|2228879517
52249|0x1bc3d029|14|4615772454
52249|0x5bc3d029|15|9736839744
52249|0x5bc3d029|16|24759109622
52249|0x15bc3d029|17|53229880139
52249|0x35bc3d029|18|94249180216
52249|0x75bc3d029|19|125067939010
52249|0xf5bc3d029|20|239250582232
52249|0xf5bc3d029|21|803928726021
52249|0x2f5bc3d029|22|1682848947587
52249|0x6f5bc3d029|23|2479461898214
52249|0x6f5bc3d029|24|4780280505479
52251|0x2e13|1|448105
52251|0x2e13|2|824782
52251|0x42e13|3|1744054
52251|0xc2e13|4|3577892
52251|0xc2e13|5|7419741
52251|0xc2e13|6|14665536
52251|0xc2e13|7|29317145
52251|0xc2e13|8|58704529
52251|0xc2e13|9|118264480
52251|0x20c2e13|10|236001252
52251|0x60c2e13|11|470710333
52251|0xe0c2e13|12|941587668
52251|0x1e0c2e13|13|1883368012
52251|0x3e0c2e13|14|3781043502
52251|0x7e0c2e13|15|7553641072
52251|0x7e0c2e13|16|15110841080
52251|0x17e0c2e13|17|30200482737
52251|0x37e0c2e13|18|59377071742
52251|0x37e0c2e13|19|119666362595
52251|0x37e0c2e13|20|239016017389
52251|0x137e0c2e13|21|477408557767
52251|0x137e0c2e13|22|953323960025
52251|0x137e0c2e13|23|1913296228175
52251|0x937e0c2e13|24|4492038822765
52253|0x5635|1|355891
52253|0x5635|2|801342
52253|0x45635|3|1724966
52253|0x45635|4|3629976
52253|0x145635|5|7343715
52253|0x145635|6|14643961
52253|0x145635|7|29333379
52253|0x145635|8|50088536
52253|0x1145635|9|110273406
52253|0x1145635|10|206023260
52253|0x5145635|11|404005753
52253|0xd145635|12|808802198
52253|0x1d145635|13|1600549465
52253|0x1d145635|14|3187218157
52253|0x1d145635|15|6285222555
52253|0x9d145635|16|13038680250
52253|0x9d145635|17|24799952466
52253|0x29d145635|18|50087531183
52253|0x29d145635|19|102203205609
52253|0xa9d145635|20|224645833917
52253|0xa9d145635|21|477425874658
52253|0x2a9d145635|22|943341978001
52253|0x2a9d145635|23|2291564867719
52253|0x2a9d145635|24|6004276592418
52255|0x1afdf|1|774969
52255|0x3afdf|2|1476291
52255|0x3afdf|3|3140123
52255|0xbafdf|4|6382571
52255|0x1bafdf|5|12901128
52255|0x1bafdf|6|25916171
52255|0x1bafdf|7|51942962
52255|0x9bafdf|8|104009156
52255|0x19bafdf|9|207140986
52255|0x39bafdf|10|416498820
52255|0x39bafdf|11|828859285
52255|0x39bafdf|12|1674654019
52255|0x39bafdf|13|3339169480
52255|0x39bafdf|14|6639071257
52255|0x39bafdf|15|13303972918
52255|0x839bafdf|16|26620168888
52255|0x839bafdf|17|53022801822
52255|0x839bafdf|18|104227703919
52255|0x839bafdf|19|208496385501
52255|0x839bafdf|20|419626751784
52255|0x10839bafdf|21|841496527335
52255|0x30839bafdf|22|1682768939255
52255|0x70839bafdf|23|3365713019672
52255|0xf0839bafdf|24|6709813686303
52257|0x1b7e1|1|659991
52257|0x1b7e1|2|1503205
52257|0x1b7e1|3|3117983
52257|0x1b7e1|4|6408465
52257|0x1b7e1|5|12909497
52257|0x1b7e1|6|25778290
52257|0x41b7e1|7|51600377
52257|0x41b7e1|8|103932782
52257|0x141b7e1|9|207114270
52257|0x141b7e1|10|414380636
52257|0x141b7e1|11|841650239
52257|0x941b7e1|12|1666645006
52257|0x1941b7e1|13|3332773027
52257|0x3941b7e1|14|6650196138
52257|0x7941b7e1|15|13301250939
52257|0x7941b7e1|16|26601880662
52257|0x7941b7e1|17|53202336292
52257|0x7941b7e1|18|103917451869
52257|0x7941b7e1|19|207747613251
52257|0x7941b7e1|20|421758096963
52257|0x107941b7e1|21|841511909273
52257|0x107941b7e1|22|1682854473408
52257|0x507941b7e1|23|3356828417052
52257|0x507941b7e1|24|6549466456980
52259|0x438b|1|744377
52259|0x438b|2|1472867
52259|0x4438b|3|3142660
52259|0xc438b|4|6332521
52259|0xc438b|5|12809326
52259|0xc438b|6|25731555
52259|0xc438b|7|51893735
52259|0x8c438b|8|103851977
52259|0x18c438b|9|207739464
52259|0x18c438b|10|424912546
52259|0x58c438b|11|827702716
52259|0xd8c438b|12|1655965382
52259|0xd8c438b|13|3322969714
52259|0x2d8c438b|14|6651559725
52259|0x2d8c438b|15|13284679018
52259|0x2d8c438b|16|25668630202
52259|0x2d8c438b|17|53143155324
52259|0x22d8c438b|18|104910937080
52259|0x22d8c438b|19|210476677159
52259|0xa2d8c438b|20|379922290817
52259|0x1a2d8c438b|21|583619140220
52259|0x3a2d8c438b|22|1005949456472
52259|0x7a2d8c438b|23|2112903916824
52259|0x7a2d8c438b|24|3980333803211
52261|0x6fad|1|366216
52261|0x26fad|2|809720
52261|0x26fad|3|1765052
52261|0xa6fad|4|3579572
52261|0xa6fad|5|7249001
52261|0xa6fad|6|19326727
52261|0xa6fad|7|51717853
52261|0x8a6fad|8|71454595
52261|0x18a6fad|9|157470157
52261|0x38a6fad|10|294933224
52261|0x78a6fad|11|611774020
52261|0xf8a6fad|12|1226147818
52261|0x1f8a6fad|13|2423899725
52261|0x3f8a6fad|14|4781825531
52261|0x3f8a6fad|15|8388874578
52261|0xbf8a6fad|16|19395512066
52261|0xbf8a6fad|17|37670699057
52261|0x2bf8a6fad|18|64353528082
52261|0x2bf8a6fad|19|126168153834
52261|0xabf8a6fad|20|255786640184
52261|0x1abf8a6fad|21|741930997634
52261|0x1abf8a6fad|22|1051780596382
52261|0x1abf8a6fad|23|2154427845272
52261|0x9abf8a6fad|24|4243292202886
52263|0x1e397|1|353396
52263|0x3e397|2|829020
52263|0x7e397|3|1982622
52263|0x7e397|4|3735185
52263|0x17e397|5|7766786
52263|0x17e397|6|15457904
52263|0x17e397|7|31135331
52263|0x17e397|8|62411813
52263|0x117e397|9|124838644
52263|0x117e397|10|248467100
52263|0x517e397|11|479371149
52263|0x517e397|12|940242401
52263|0x1517e397|13|1901469898
52263|0x1517e397|14|3765907748
52263|0x5517e397|15|7541324678
52263|0x5517e397|16|18507638887
52263|0x5517e397|17|38702930485
52263|0x5517e397|18|81488617091
52263|0x45517e397|19|154213943823
52263|0xc5517e397|20|221739917401
52263|0x1c5517e397|21|480189088072
52263|0x3c5517e397|22|899551160827
52263|0x3c5517e397|23|2075875229198
52263|0x3c5517e397|24|4331623251339
52265|0x19019|1|230792
52265|0x19019|2|552505
52265|0x59019|3|1743396
52265|0xd9019|4|3626559
52265|0xd9019|5|7447078
52265|0xd9019|6|14636763
52265|0xd9019|7|26485470
52265|0xd9019|8|58131369
52265|0x10d9019|9|108779325
52265|0x30d9019|10|215233047
52265|0x70d9019|11|434782859
52265|0x70d9019|12|802401643
52265|0x170d9019|13|1586566123
52265|0x170d9019|14|3301626230
52265|0x170d9019|15|6347157419
52265|0x970d9019|16|12646783007
52265|0x1970d9019|17|24941291859
52265|0x1970d9019|18|56632590597
52265|0x1970d9019|19|124845871283
52265|0x1970d9019|20|253233159044
52265|0x1970d9019|21|626100361033
52265|0x21970d9019|22|1043704625060
52265|0x61970d9019|23|2265007793222
52265|0x61970d9019|24|4087097449852
52267|0x19283|1|406207
52267|0x19283|2|933504
52267|0x59283|3|1832906
52267|0x59283|4|3802426
52267|0x159283|5|7538995
52267|0x359283|6|15326469
52267|0x759283|7|29770210
52267|0xf59283|8|56181524
52267|0xf59283|9|107012010
52267|0x2f59283|10|215444797
52267|0x2f59283|11|442109254
52267|0x2f59283|12|823525806
52267|0x12f59283|13|1655219858
52267|0x32f59283|14|3279167217
52267|0x72f59283|15|6577518961
52267|0x72f59283|16|12962685315
52267|0x172f59283|17|26237080343
52267|0x372f59283|18|52452061269
52267|0x372f59283|19|105219818598
52267|0x372f59283|20|214971910645
52267|0x1372f59283|21|517074337662
52267|0x3372f59283|22|1052255456496
52267|0x7372f59283|23|2228319684241
52267|0x7372f59283|24|5186042150559
52269|0x163a5|1|682651
52269|0x363a5|2|1515912
52269|0x363a5|3|3161267
52269|0x363a5|4|6377768
52269|0x363a5|5|12905706
52269|0x363a5|6|23511836
52269|0x363a5|7|29637453
52269|0x363a5|8|59035270
52269|0x363a5|9|167303655
52269|0x363a5|10|311175841
52269|0x40363a5|11|595312248
52269|0xc0363a5|12|1186536851
52269|0x1c0363a5|13|2410237846
52269|0x3c0363a5|14|4814349252
52269|0x7c0363a5|15|9650754611
52269|0xfc0363a5|16|19408921691
52269|0x1fc0363a5|17|37660859563
52269|0x1fc0363a5|18|75980324444
52269|0x5fc0363a5|19|114936139835
52269|0x5fc0363a5|20|232007276500
52269|0x5fc0363a5|21|528103701171
52269|0x25fc0363a5|22|900715737983
52269|0x25fc0363a5|23|2004843068345
52269|0xa5fc0363a5|24|4213987389355
52271|0x1facf|1|424020
52271|0x3facf|2|824309
52271|0x3facf|3|1741890
52271|0xbfacf|4|5366224
52271|0x1bfacf|5|12906752
52271|0x1bfacf|6|25879586
52271|0x1bfacf|7|51937980
52271|0x1bfacf|8|74781415
52271|0x11bfacf|9|156463370
52271|0x11bfacf|10|280879812
52271|0x11bfacf|11|616019484
52271|0x11bfacf|12|1186560066
52271|0x11bfacf|13|2438672722
52271|0x11bfacf|14|4806372587
52271|0x11bfacf|15|9583440082
52271|0x811bfacf|16|16125659215
52271|0x811bfacf|17|31832324635
52271|0x2811bfacf|18|63097368039
52271|0x2811bfacf|19|126224598812
52271|0xa811bfacf|20|254066587187
52271|0x1a811bfacf|21|536152419112
52271|0x1a811bfacf|22|1304046230147
52271|0x5a811bfacf|23|2265437623340
52271|0xda811bfacf|24|3796192109060
52273|0x10cd1|1|240280
52273|0x30cd1|2|509101
52273|0x70cd1|3|1222073
52273|0x70cd1|4|2489085
52273|0x170cd1|5|5196038
52273|0x370cd1|6|14300021
52273|0x770cd1|7|23377320
52273|0x770cd1|8|50804891
52273|0x1770cd1|9|101986341
52273|0x3770cd1|10|211446584
52273|0x3770cd1|11|408592747
52273|0xb770cd1|12|842687710
52273|0x1b770cd1|13|1636457032
52273|0x3b770cd1|14|3425078493
52273|0x7b770cd1|15|6264096446
52273|0xfb770cd1|16|12496126615
52273|0x1fb770cd1|17|24901987056
52273|0x1fb770cd1|18|50037001716
52273|0x5fb770cd1|19|103167090217
52273|0xdfb770cd1|20|207550745203
52273|0x1dfb770cd1|21|422142930520
52273|0x3dfb770cd1|22|1045798207104
52273|0x7dfb770cd1|23|2205052972104
52273|0xfdfb770cd1|24|5013653184635
52275|0x10efb|1|652927
52275|0x30efb|2|1502466
52275|0x70efb|3|3139278
52275|0xf0efb|4|6370816
52275|0x1f0efb|5|12907002
52275|0x3f0efb|6|25812458
52275|0x3f0efb|7|54189297
52275|0xbf0efb|8|57971618
52275|0xbf0efb|9|156717189
52275|0x2bf0efb|10|293717526
52275|0x6bf0efb|11|604245101
52275|0xebf0efb|12|1170491496
52275|0x1ebf0efb|13|2390232274
52275|0x3ebf0efb|14|4769222551
52275|0x7ebf0efb|15|9597168284
52275|0xfebf0efb|16|18909047651
52275|0x1febf0efb|17|35832310925
52275|0x3febf0efb|18|62894060374
52275|0x7febf0efb|19|126059900265
52275|0xffebf0efb|20|285853992610
52275|0x1ffebf0efb|21|688748805628
52275|0x3ffebf0efb|22|991297340757
52275|0x7ffebf0efb|23|2085154758100
52275|0xfffebf0efb|24|4972147997718
52277|0x1261d|1|371158
52277|0x1261d|2|1868337
52277|0x5261d|3|1724997
52277|0x5261d|4|3783507
52277|0x15261d|5|7166874
52277|0x15261d|6|14634072
52277|0x55261d|7|30515578
52277|0x55261d|8|97588210
52277|0x55261d|9|141181407
52277|0x55261d|10|288597992
52277|0x455261d|11|613169968
52277|0x455261d|12|1188408037
52277|0x455261d|13|2403769726
52277|0x455261d|14|4672796246
52277|0x4455261d|15|8962550436
52277|0x4455261d|16|15902442396
52277|0x4455261d|17|31929637729
52277|0x24455261d|18|63235336019
52277|0x64455261d|19|176824742825
52277|0x64455261d|20|411861045261
52277|0x64455261d|21|557744738069
52277|0x64455261d|22|1189828121560
52277|0x464455261d|23|2567596113796
52277|0x464455261d|24|4393493134571
52279|0xa987|1|368307
52279|0xa987|2|824894
52279|0x4a987|3|1766241
52279|0xca987|4|3577913
52279|0x1ca987|5|7456450
52279|0x1ca987|6|14778017
52279|0x5ca987|7|25102097
52279|0x5ca987|8|53137270
52279|0x15ca987|9|106703568
52279|0x35ca987|10|212493846
52279|0x35ca987|11|420801224
52279|0x35ca987|12|779947487
52279|0x135ca987|13|1670215049
52279|0x135ca987|14|3169634362
52279|0x135ca987|15|6393381832
52279|0x135ca987|16|12656047397
52279|0x135ca987|17|25443929512
52279|0x2135ca987|18|60708068480
52279|0x2135ca987|19|125208937970
52279|0x2135ca987|20|246257114587
52279|0x2135ca987|21|433473861050
52279|0x22135ca987|22|1143201888660
52279|0x62135ca987|23|2020670781278
52279|0xe2135ca987|24|4409101393273
52281|0x16209|1|404599
52281|0x36209|2|2001540
52281|0x36209|3|1751415
52281|0x36209|4|3872284
52281|0x36209|5|7540243
52281|0x236209|6|15317806
52281|0x236209|7|30847488
52281|0x236209|8|61591905
52281|0x236209|9|134597188
52281|0x2236209|10|253326719
52281|0x6236209|11|492473120
52281|0x6236209|12|1014151245
52281|0x16236209|13|1996349969
52281|0x36236209|14|4044013527
52281|0x76236209|15|8023131659
52281|0xf6236209|16|15873953464
52281|0x1f6236209|17|31105593376
52281|0x1f6236209|18|67531603875
52281|0x5f6236209|19|160252701790
52281|0xdf6236209|20|230892294986
52281|0xdf6236209|21|615651000330
52281|0xdf6236209|22|967135421376
52281|0x4df6236209|23|2244392335974
52281|0xcdf6236209|24|4332520815182
52283|0x2cf3|1|357466
52283|0x2cf3|2|803289
52283|0x42cf3|3|1855829
52283|0xc2cf3|4|3750253
52283|0xc2cf3|5|7751970
52283|0x2c2cf3|6|15338593
52283|0x2c2cf3|7|30830396
52283|0x2c2cf3|8|61571915
52283|0x2c2cf3|9|123143255
52283|0x22c2cf3|10|246373569
52283|0x62c2cf3|11|493423659
52283|0x62c2cf3|12|984360312
52283|0x62c2cf3|13|1995106535
52283|0x262c2cf3|14|3963105227
52283|0x262c2cf3|15|7932921029
52283|0x262c2cf3|16|15925108280
52283|0x262c2cf3|17|31953446366
52283|0x262c2cf3|18|63632240820
52283|0x4262c2cf3|19|131166267907
52283|0x4262c2cf3|20|304705643790
52283|0x4262c2cf3|21|499322147960
52283|0x24262c2cf3|22|1204238375978
52283|0x64262c2cf3|23|2236411519382
52283|0xe4262c2cf3|24|4521379720880
52285|0x12b15|1|635350
52285|0x12b15|2|1460011
52285|0x52b15|3|3080887
52285|0x52b15|4|6348930
52285|0x152b15|5|12804552
52285|0x352b15|6|25869610
52285|0x352b15|7|45369179
52285|0x352b15|8|91360652
52285|0x1352b15|9|186449985
52285|0x1352b15|10|370587121
52285|0x1352b15|11|741941401
52285|0x9352b15|12|1443616388
52285|0x19352b15|13|2959865534
52285|0x39352b15|14|5682521753
52285|0x39352b15|15|11077342753
52285|0x39352b15|16|22889948367
52285|0x39352b15|17|44542366562
52285|0x39352b15|18|89120286090
52285|0x439352b15|19|181499047391
52285|0xc39352b15|20|344236043694
52285|0xc39352b15|21|509663340368
52285|0xc39352b15|22|1100953137772
52285|0xc39352b15|23|2787781894981
52285|0x8c39352b15|24|4395992017351
52287|0x123bf|1|416021
52287|0x123bf|2|912841
52287|0x523bf|3|1759235
52287|0x523bf|4|3540094
52287|0x523bf|5|7211915
52287|0x523bf|6|14701446
52287|0x4523bf|7|24199112
52287|0xc523bf|8|58829334
52287|0x1c523bf|9|103554810
52287|0x1c523bf|10|208412312
52287|0x1c523bf|11|400255491
52287|0x9c523bf|12|798907480
52287|0x9c523bf|13|1622377580
52287|0x9c523bf|14|3243203779
52287|0x9c523bf|15|6337402957
52287|0x89c523bf|16|12734396376
52287|0x189c523bf|17|27578530706
52287|0x389c523bf|18|78627179172
52287|0x389c523bf|19|158046268211
52287|0xb89c523bf|20|298837281737
52287|0xb89c523bf|21|582293607286
52287|0x2b89c523bf|22|1302936221194
52287|0x2b89c523bf|23|2344983521087
52287|0xab89c523bf|24|4113157095035
52289|0x143c1|1|369777
52289|0x143c1|2|1312414
52289|0x143c1|3|1741904
52289|0x143c1|4|3587895
52289|0x1143c1|5|8444700
52289|0x3143c1|6|26018259
52289|0x3143c1|7|49857956
52289|0xb143c1|8|58808138
52289|0x1b143c1|9|154322217
52289|0x1b143c1|10|304212216
52289|0x1b143c1|11|604433899
52289|0x1b143c1|12|1210472322
52289|0x11b143c1|13|2429927966
52289|0x11b143c1|14|4792935881
52289|0x51b143c1|15|9620332598
52289|0x51b143c1|16|19360635247
52289|0x51b143c1|17|25155275684
52289|0x251b143c1|18|52391908540
52289|0x251b143c1|19|101608155873
52289|0x251b143c1|20|204371451840
52289|0x1251b143c1|21|541421107304
52289|0x1251b143c1|22|1275827984249
52289|0x5251b143c1|23|2126430537099
52289|0x5251b143c1|24|4396667920755
52291|0xe06b|1|598847
52291|0xe06b|2|935587
52291|0xe06b|3|1778336
52291|0xe06b|4|3592160
52291|0x10e06b|5|7281134
52291|0x10e06b|6|10257551
52291|0x50e06b|7|25161622
52291|0x50e06b|8|49106544
52291|0x50e06b|9|103665604
52291|0x50e06b|10|193139946
52291|0x50e06b|11|382319320
52291|0x850e06b|12|827380391
52291|0x850e06b|13|1567839381
52291|0x2850e06b|14|3205538804
52291|0x2850e06b|15|10531852525
52291|0x2850e06b|16|20244522799
52291|0x12850e06b|17|41019015062
52291|0x32850e06b|18|54570532530
52291|0x72850e06b|19|153669059458
52291|0x72850e06b|20|258904786859
52291|0x72850e06b|21|547857268371
52291|0x72850e06b|22|1126648178514
52291|0x72850e06b|23|2244332244338
52291|0x72850e06b|24|4504111052070
52293|0x668d|1|412703
52293|0x668d|2|861463
52293|0x4668d|3|1783003
52293|0xc668d|4|3554642
52293|0x1c668d|5|7260698
52293|0x3c668d|6|14719864
52293|0x3c668d|7|44110398
52293|0x3c668d|8|101217283
52293|0x3c668d|9|185236670
52293|0x23c668d|10|278471170
52293|0x63c668d|11|663107766
52293|0x63c668d|12|1223593715
52293|0x163c668d|13|2306653604
52293|0x363c668d|14|5715256647
52293|0x763c668d|15|7063599184
52293|0x763c668d|16|16222132847
52293|0x763c668d|17|31789981067
52293|0x763c668d|18|56112683973
52293|0x763c668d|19|131882357630
52293|0x8763c668d|20|283511022258
52293|0x8763c668d|21|519323947819
52293|0x8763c668d|22|1078623610657
52293|0x8763c668d|23|2173056004842
52293|0x88763c668d|24|4500669093734
52295|0x11d77|1|659927
52295|0x31d77|2|2095701
52295|0x31d77|3|3125953
52295|0xb1d77|4|4413975
52295|0x1b1d77|5|9312536
52295|0x1b1d77|6|25927879
52295|0x1b1d77|7|45727194
52295|0x1b1d77|8|96183686
52295|0x11b1d77|9|180408200
52295|0x31b1d77|10|361488886
52295|0x31b1d77|11|659686054
52295|0xb1b1d77|12|1242034722
52295|0x1b1b1d77|13|2519786307
52295|0x3b1b1d77|14|5013927794
52295|0x3b1b1d77|15|8855335041
52295|0x3b1b1d77|16|22255446242
52295|0x3b1b1d77|17|28953124380
52295|0x23b1b1d77|18|56269059131
52295|0x23b1b1d77|19|114085658264
52295|0xa3b1b1d77|20|265510283340
52295|0x1a3b1b1d77|21|533097744504
52295|0x3a3b1b1d77|22|1097436243704
52295|0x7a3b1b1d77|23|2217141998490
52295|0x7a3b1b1d77|24|4430242179109
52297|0xe5f9|1|421332
52297|0xe5f9|2|1905593
52297|0x4e5f9|3|1744300
52297|0xce5f9|4|3587798
52297|0x1ce5f9|5|7364230
52297|0x1ce5f9|6|14669692
52297|0x1ce5f9|7|29529761
52297|0x9ce5f9|8|99376662
52297|0x9ce5f9|9|152484979
52297|0x9ce5f9|10|294661368
52297|0x49ce5f9|11|601274183
52297|0xc9ce5f9|12|1021633249
52297|0xc9ce5f9|13|1711969100
52297|0x2c9ce5f9|14|3390780264
52297|0x6c9ce5f9|15|10229515732
52297|0x6c9ce5f9|16|26612291444
52297|0x6c9ce5f9|17|49602869398
52297|0x6c9ce5f9|18|63320428230
52297|0x46c9ce5f9|19|135463966534
52297|0x46c9ce5f9|20|285328788142
52297|0x146c9ce5f9|21|506466576590
52297|0x346c9ce5f9|22|1109350878762
52297|0x346c9ce5f9|23|2258962780997
52297|0xb46c9ce5f9|24|4521632720123
52299|0x19d63|1|770650
52299|0x19d63|2|3351065
52299|0x59d63|3|3134769
52299|0x59d63|4|6379950
52299|0x159d63|5|12955006
52299|0x159d63|6|25931686
52299|0x559d63|7|51993928
52299|0xd59d63|8|103519342
52299|0xd59d63|9|162259474
52299|0xd59d63|10|318212766
52299|0xd59d63|11|560277904
52299|0x8d59d63|12|1080894716
52299|0x18d59d63|13|1977187410
52299|0x18d59d63|14|3929100925
52299|0x18d59d63|15|7727959613
52299|0x98d59d63|16|14316916046
52299|0x198d59d63|17|29498784567
52299|0x398d59d63|18|66228102181
52299|0x398d59d63|19|136129868658
52299|0xb98d59d63|20|287322683149
52299|0x1b98d59d63|21|606976210445
52299|0x3b98d59d63|22|1137043340642
52299|0x7b98d59d63|23|2196042062970
52299|0x7b98d59d63|24|4547970759828
52301|0x14c85|1|354677
52301|0x34c85|2|822391
52301|0x34c85|3|1826960
52301|0xb4c85|4|3724422
52301|0xb4c85|5|5644925
52301|0x2b4c85|6|10592928
52301|0x2b4c85|7|24273264
52301|0x2b4c85|8|49073774
52301|0x2b4c85|9|100683581
52301|0x22b4c85|10|198883343
52301|0x22b4c85|11|376018616
52301|0xa2b4c85|12|742176483
52301|0x1a2b4c85|13|1566088832
52301|0x3a2b4c85|14|3897996974
52301|0x3a2b4c85|15|7495426813
52301|0x3a2b4c85|16|16850131283
52301|0x3a2b4c85|17|34406624313
52301|0x3a2b4c85|18|71259559334
52301|0x43a2b4c85|19|156367500701
52301|0x43a2b4c85|20|269067522913
52301|0x43a2b4c85|21|541541298985
52301|0x243a2b4c85|22|1119648629942
52301|0x643a2b4c85|23|2281573719568
52301|0xe43a2b4c85|24|4479532083104
52303|0xcaaf|1|369853
52303|0x2caaf|2|826672
52303|0x2caaf|3|1744114
52303|0x2caaf|4|3577078
52303|0x2caaf|5|7484628
52303|0x22caaf|6|10631871
52303|0x62caaf|7|26138268
52303|0x62caaf|8|53541474
52303|0x62caaf|9|89458841
52303|0x62caaf|10|201606663
52303|0x62caaf|11|411061674
52303|0x862caaf|12|826134080
52303|0x1862caaf|13|1501138123
52303|0x1862caaf|14|3781401698
52303|0x5862caaf|15|6896084316
52303|0x5862caaf|16|17006929296
52303|0x5862caaf|17|31566542792
52303|0x25862caaf|18|66047846241
52303|0x25862caaf|19|130023683276
52303|0xa5862caaf|20|279930586209
52303|0xa5862caaf|21|534542784188
52303|0x2a5862caaf|22|1168071214325
52303|0x2a5862caaf|23|2320233478442
52303|0xaa5862caaf|24|4481085201325
52305|0x1fcb1|1|404347
52305|0x3fcb1|2|910168
52305|0x3fcb1|3|1746848
52305|0x3fcb1|4|3904203
52305|0x3fcb1|5|7603200
52305|0x23fcb1|6|15482238
52305|0x63fcb1|7|28027031
52305|0x63fcb1|8|62690069
52305|0x163fcb1|9|110945955
52305|0x363fcb1|10|220028018
52305|0x363fcb1|11|427119520
52305|0x363fcb1|12|859184065
52305|0x363fcb1|13|2204161100
52305|0x363fcb1|14|5032594086
52305|0x4363fcb1|15|11372193893
52305|0x4363fcb1|16|21819245647
52305|0x14363fcb1|17|30040452535
52305|0x34363fcb1|18|57017258682
52305|0x74363fcb1|19|152553097020
52305|0x74363fcb1|20|295802818679
52305|0x74363fcb1|21|558411376512
52305|0x74363fcb1|22|1131205714793
52305|0x74363fcb1|23|2253168365459
52305|0x74363fcb1|24|4396900675474
52307|0x157db|1|366279
52307|0x357db|2|836950
52307|0x357db|3|1744308
52307|0xb57db|4|3822803
52307|0x1b57db|5|7187269
52307|0x3b57db|6|11037663
52307|0x7b57db|7|25149873
52307|0x7b57db|8|50572099
52307|0x7b57db|9|101141580
52307|0x27b57db|10|189139118
52307|0x27b57db|11|389869855
52307|0xa7b57db|12|761960760
52307|0x1a7b57db|13|1734980038
52307|0x3a7b57db|14|3132892681
52307|0x7a7b57db|15|6681368773
52307|0x7a7b57db|16|23846459921
52307|0x7a7b57db|17|40915107438
52307|0x27a7b57db|18|62436864628
52307|0x27a7b57db|19|146004364464
52307|0xa7a7b57db|20|291937162694
52307|0xa7a7b57db|21|565837686481
52307|0xa7a7b57db|22|1144261418850
52307|0xa7a7b57db|23|2297325784765
52307|0xa7a7b57db|24|4435156108983
52309|0x1d0fd|1|404369
52309|0x1d0fd|2|873533
52309|0x5d0fd|3|1744789
52309|0xdd0fd|4|3900647
52309|0xdd0fd|5|7710210
52309|0x2dd0fd|6|10847042
52309|0x6dd0fd|7|30452064
52309|0x6dd0fd|8|51798304
52309|0x16dd0fd|9|121719101
52309|0x16dd0fd|10|219025337
52309|0x56dd0fd|11|464946792
52309|0x56dd0fd|12|904007599
52309|0x156dd0fd|13|1890686538
52309|0x356dd0fd|14|4075638996
52309|0x756dd0fd|15|7583787657
52309|0xf56dd0fd|16|20236840870
52309|0x1f56dd0fd|17|32816072826
52309|0x3f56dd0fd|18|72928760945
52309|0x7f56dd0fd|19|148916624719
52309|0xff56dd0fd|20|277166815318
52309|0xff56dd0fd|21|601769407416
52309|0x2ff56dd0fd|22|1164243577296
52309|0x2ff56dd0fd|23|2286673549302
52309|0xaff56dd0fd|24|4719366673353
52311|0xdf67|1|663857
52311|0x2df67|2|1434112
52311|0x2df67|3|3111151
52311|0x2df67|4|6329044
52311|0x2df67|5|12839651
52311|0x2df67|6|20205265
52311|0x2df67|7|50340201
52311|0x2df67|8|85211017
52311|0x102df67|9|180545862
52311|0x302df67|10|374535625
52311|0x302df67|11|751808978
52311|0x302df67|12|1471645316
52311|0x1302df67|13|2983753115
52311|0x1302df67|14|5276992868
52311|0x5302df67|15|10203284581
52311|0xd302df67|16|15761739772
52311|0xd302df67|17|28612641919
52311|0x2d302df67|18|77301303781
52311|0x6d302df67|19|142703466063
52311|0xed302df67|20|287904201972
52311|0x1ed302df67|21|563162729327
52311|0x3ed302df67|22|1124424436318
52311|0x3ed302df67|23|2137137225101
52311|0xbed302df67|24|4610249558025
52313|0x1bbe9|1|652362
52313|0x1bbe9|2|1446153
52313|0x1bbe9|3|3148425
52313|0x9bbe9|4|6379915
52313|0x9bbe9|5|12897967
52313|0x29bbe9|6|25811794
52313|0x69bbe9|7|38266552
52313|0xe9bbe9|8|62263569
52313|0x1e9bbe9|9|161517215
52313|0x1e9bbe9|10|322711044
52313|0x5e9bbe9|11|612735123
52313|0x5e9bbe9|12|1228619704
52313|0x15e9bbe9|13|2539237184
52313|0x35e9bbe9|14|5457683934
52313|0x35e9bbe9|15|8593644194
52313|0x35e9bbe9|16|13499789482
52313|0x135e9bbe9|17|39074176340
52313|0x335e9bbe9|18|69151665772
52313|0x735e9bbe9|19|125556824621
52313|0xf35e9bbe9|20|250723211591
52313|0xf35e9bbe9|21|582030015119
52313|0xf35e9bbe9|22|1191933955515
52313|0x4f35e9bbe9|23|2328580722600
52313|0xcf35e9bbe9|24|4439332299320
52315|0x183d3|1|691155
52315|0x383d3|2|1532871
52315|0x783d3|3|3147491
52315|0xf83d3|4|6387908
52315|0x1f83d3|5|12909343
52315|0x1f83d3|6|25992075
52315|0x5f83d3|7|51784206
52315|0x5f83d3|8|83120681
52315|0x15f83d3|9|206228698
52315|0x35f83d3|10|275990638
52315|0x35f83d3|11|604801662
52315|0x35f83d3|12|872305635
52315|0x135f83d3|13|1547760144
52315|0x135f83d3|14|3707625217
52315|0x135f83d3|15|8843215745
52315|0x135f83d3|16|17692160735
52315|0x1135f83d3|17|40962124825
52315|0x3135f83d3|18|73127855618
52315|0x3135f83d3|19|154637133197
52315|0xb135f83d3|20|281714963319
52315|0xb135f83d3|21|555217586500
52315|0x2b135f83d3|22|1160480485387
52315|0x6b135f83d3|23|2314531423210
52315|0xeb135f83d3|24|4656288510732
52317|0x167f5|1|377210
52317|0x367f5|2|819958
52317|0x767f5|3|1816558
52317|0xf67f5|4|3833891
52317|0x1f67f5|5|7815965
52317|0x1f67f5|6|11259249
52317|0x5f67f5|7|25799861
52317|0xdf67f5|8|58836881
52317|0xdf67f5|9|109868443
52317|0xdf67f5|10|223743934
52317|0xdf67f5|11|412986037
52317|0x8df67f5|12|905297027
52317|0x8df67f5|13|1686628981
52317|0x8df67f5|14|3284864567
52317|0x48df67f5|15|6755374333
52317|0xc8df67f5|16|17931984516
52317|0x1c8df67f5|17|43275425857
52317|0x1c8df67f5|18|70634551931
52317|0x1c8df67f5|19|128747156736
52317|0x9c8df67f5|20|261341689361
52317|0x9c8df67f5|21|500279863706
52317|0x29c8df67f5|22|1126315933372
52317|0x69c8df67f5|23|2287521521727
52317|0xe9c8df67f5|24|4521158953069
52319|0x8f9f|1|793138
52319|0x8f9f|2|1442695
52319|0x8f9f|3|3145743
52319|0x88f9f|4|6410479
52319|0x88f9f|5|12817469
52319|0x288f9f|6|25786183
52319|0x288f9f|7|51680788
52319|0xa88f9f|8|103520972
52319|0x1a88f9f|9|207119436
52319|0x1a88f9f|10|414415737
52319|0x1a88f9f|11|828970330
52319|0x1a88f9f|12|1663068833
52319|0x11a88f9f|13|3334189607
52319|0x31a88f9f|14|5045535893
52319|0x71a88f9f|15|9665470585
52319|0xf1a88f9f|16|18062752545
52319|0xf1a88f9f|17|32542764524
52319|0xf1a88f9f|18|73303081262
52319|0x4f1a88f9f|19|142526416907
52319|0xcf1a88f9f|20|276262480602
52319|0xcf1a88f9f|21|557405959916
52319|0x2cf1a88f9f|22|1157305425495
52319|0x6cf1a88f9f|23|2302995339766
52319|0x6cf1a88f9f|24|4682829130777
52321|0xd7a1|1|634956
52321|0x2d7a1|2|1463230
52321|0x2d7a1|3|3126234
52321|0xad7a1|4|6323416
52321|0x1ad7a1|5|9249407
52321|0x1ad7a1|6|22390814
52321|0x1ad7a1|7|44395363
52321|0x1ad7a1|8|95873101
52321|0x1ad7a1|9|182243893
52321|0x21ad7a1|10|306695996
52321|0x21ad7a1|11|443493233
52321|0x21ad7a1|12|819913674
52321|0x121ad7a1|13|1576227256
52321|0x121ad7a1|14|3338255350
52321|0x521ad7a1|15|8708865173
52321|0xd21ad7a1|16|20630476993
52321|0x1d21ad7a1|17|26821580172
52321|0x3d21ad7a1|18|56760157902
52321|0x3d21ad7a1|19|117563841391
52321|0x3d21ad7a1|20|249486499093
52321|0x3d21ad7a1|21|508305645522
52321|0x23d21ad7a1|22|1010070164722
52321|0x23d21ad7a1|23|2249328151571
52321|0x23d21ad7a1|24|4427021199912
52323|0x154b|1|367634
52323|0x154b|2|1425623
52323|0x154b|3|1959623
52323|0x154b|4|3727586
52323|0x154b|5|7702239
52323|0x154b|6|15483930
52323|0x154b|7|31207433
52323|0x154b|8|90957364
52323|0x100154b|9|151608719
52323|0x100154b|10|301942867
52323|0x500154b|11|641923490
52323|0x500154b|12|1191299073
52323|0x500154b|13|1602382298
52323|0x500154b|14|3427707122
52323|0x500154b|15|7516997230
52323|0x500154b|16|19314391154
52323|0x500154b|17|34554242246
52323|0x20500154b|18|68676038064
52323|0x60500154b|19|128943245211
52323|0x60500154b|20|282253409950
52323|0x160500154b|21|584191567861
52323|0x160500154b|22|1159172790971
52323|0x160500154b|23|2262547719582
52323|0x960500154b|24|4399153096004
52325|0x1056d|1|434324
52325|0x3056d|2|889821
52325|0x7056d|3|1743786
52325|0xf056d|4|3567142
52325|0xf056d|5|7259533
52325|0xf056d|6|14768113
52325|0x4f056d|7|24025330
52325|0xcf056d|8|52355579
52325|0xcf056d|9|107063968
52325|0x2cf056d|10|190190665
52325|0x6cf056d|11|390671677
52325|0xecf056d|12|1039805091
52325|0x1ecf056d|13|2574822569
52325|0x3ecf056d|14|3070110536
52325|0x7ecf056d|15|6160841972
52325|0x7ecf056d|16|18640861175
52325|0x17ecf056d|17|33293659568
52325|0x17ecf056d|18|56963385519
52325|0x57ecf056d|19|120231039091
52325|0xd7ecf056d|20|281232089808
52325|0xd7ecf056d|21|551353509043
52325|0x2d7ecf056d|22|1071922265301
52325|0x2d7ecf056d|23|2270827730730
52325|0x2d7ecf056d|24|4570757420679
52327|0x18f57|1|365749
52327|0x38f57|2|908664
52327|0x38f57|3|2018758
52327|0xb8f57|4|3793236
52327|0xb8f57|5|7688943
52327|0x2b8f57|6|15485185
52327|0x6b8f57|7|31204110
52327|0xeb8f57|8|62374477
52327|0x1eb8f57|9|124377097
52327|0x1eb8f57|10|248775648
52327|0x5eb8f57|11|474650019
52327|0xdeb8f57|12|961253958
52327|0x1deb8f57|13|1758671422
52327|0x1deb8f57|14|3725635312
52327|0x5deb8f57|15|6802151920
52327|0xddeb8f57|16|14258881547
52327|0x1ddeb8f57|17|28111881861
52327|0x1ddeb8f57|18|66224385181
52327|0x1ddeb8f57|19|129829681009
52327|0x9ddeb8f57|20|230064427205
52327|0x19ddeb8f57|21|510701498399
52327|0x19ddeb8f57|22|977805547611
52327|0x59ddeb8f57|23|2204405859123
52327|0x59ddeb8f57|24|4644345394240
52329|0x183d9|1|652553
52329|0x183d9|2|3401775
52329|0x183d9|3|3184285
52329|0x183d9|4|6406132
52329|0x1183d9|5|12968598
52329|0x1183d9|6|25929463
52329|0x5183d9|7|40894309
52329|0xd183d9|8|75917880
52329|0x1d183d9|9|155520508
52329|0x1d183d9|10|296374552
52329|0x5d183d9|11|486384037
52329|0xdd183d9|12|901048698
52329|0xdd183d9|13|2074098491
52329|0x2dd183d9|14|5664309445
52329|0x6dd183d9|15|13303956741
52329|0x6dd183d9|16|25759945515
52329|0x6dd183d9|17|39784994571
52329|0x6dd183d9|18|71759485215
52329|0x6dd183d9|19|167161709034
52329|0x6dd183d9|20|255055328123
52329|0x106dd183d9|21|581012936050
52329|0x106dd183d9|22|1137677195970
52329|0x506dd183d9|23|2105886539289
52329|0xd06dd183d9|24|3916598557316
52331|0x18043|1|407214
52331|0x38043|2|824668
52331|0x78043|3|1978239
52331|0xf8043|4|3757291
52331|0x1f8043|5|7857215
52331|0x3f8043|6|15564351
52331|0x7f8043|7|30959795
52331|0xff8043|8|62438257
52331|0x1ff8043|9|124405482
52331|0x1ff8043|10|248722558
52331|0x1ff8043|11|498222267
52331|0x1ff8043|12|998485962
52331|0x11ff8043|13|1994905763
52331|0x31ff8043|14|3990815903
52331|0x31ff8043|15|7983462620
52331|0xb1ff8043|16|15505380371
52331|0xb1ff8043|17|28155471059
52331|0x2b1ff8043|18|61286467694
52331|0x2b1ff8043|19|114395318633
52331|0xab1ff8043|20|234188090566
52331|0x1ab1ff8043|21|498912148077
52331|0x1ab1ff8043|22|950194412420
52331|0x1ab1ff8043|23|2210920208439
52331|0x1ab1ff8043|24|4504802483868
52333|0x11d65|1|688835
52333|0x31d65|2|1434439
52333|0x31d65|3|3120614
52333|0x31d65|4|6381804
52333|0x31d65|5|12825678
52333|0x31d65|6|25812184
52333|0x431d65|7|33028348
52333|0x431d65|8|67824833
52333|0x431d65|9|162985783
52333|0x431d65|10|359994382
52333|0x431d65|11|715975283
52333|0x8431d65|12|1173284860
52333|0x8431d65|13|2319197465
52333|0x8431d65|14|4735336636
52333|0x8431d65|15|10171620257
52333|0x8431d65|16|19720796293
52333|0x108431d65|17|27594741788
52333|0x308431d65|18|55898854046
52333|0x308431d65|19|112443573875
52333|0x308431d65|20|233130543736
52333|0x308431d65|21|621187207990
52333|0x2308431d65|22|986779207217
52333|0x2308431d65|23|2226941873720
52333|0xa308431d65|24|4484454072664
52335|0x128f|1|379017
52335|0x2128f|2|2104132
52335|0x2128f|3|1907142
52335|0x2128f|4|3841764
52335|0x12128f|5|7646484
52335|0x32128f|6|15596169
52335|0x32128f|7|31375263
52335|0xb2128f|8|62754632
52335|0xb2128f|9|124697750
52335|0xb2128f|10|250506162
52335|0x4b2128f|11|498875645
52335|0x4b2128f|12|997229040
52335|0x14b2128f|13|1999699768
52335|0x34b2128f|14|4651418155
52335|0x74b2128f|15|13331140968
52335|0xf4b2128f|16|26686175339
52335|0xf4b2128f|17|37388158076
52335|0xf4b2128f|18|56334608240
52335|0xf4b2128f|19|108939134652
52335|0x8f4b2128f|20|249222877732
52335|0x8f4b2128f|21|485642256337
52335|0x28f4b2128f|22|986628133138
52335|0x68f4b2128f|23|2131145837628
52335|0xe8f4b2128f|24|4588228724192
52337|0x17491|1|402018
52337|0x17491|2|2081137
52337|0x17491|3|1723714
52337|0x97491|4|3872491
52337|0x197491|5|7553259
52337|0x397491|6|15332298
52337|0x797491|7|31023015
52337|0xf97491|8|77973630
52337|0x1f97491|9|192773263
52337|0x1f97491|10|311894163
52337|0x1f97491|11|617611740
52337|0x9f97491|12|1262233208
52337|0x19f97491|13|2535331463
52337|0x19f97491|14|5084305778
52337|0x59f97491|15|10984775985
52337|0xd9f97491|16|17534784960
52337|0x1d9f97491|17|26952495333
52337|0x1d9f97491|18|63350620651
52337|0x5d9f97491|19|118366100989
52337|0xdd9f97491|20|284339914689
52337|0x1dd9f97491|21|449828771049
52337|0x3dd9f97491|22|1017936275714
52337|0x3dd9f97491|23|2061556272246
52337|0x3dd9f97491|24|4502886298325
52339|0xb8bb|1|989739
52339|0xb8bb|2|1476672
52339|0xb8bb|3|3145806
52339|0x8b8bb|4|5169710
52339|0x8b8bb|5|10620970
52339|0x28b8bb|6|25144508
52339|0x28b8bb|7|40056143
52339|0xa8b8bb|8|92423345
52339|0x1a8b8bb|9|185006209
52339|0x3a8b8bb|10|381433496
52339|0x3a8b8bb|11|712360498
52339|0xba8b8bb|12|1462057052
52339|0x1ba8b8bb|13|2832212486
52339|0x3ba8b8bb|14|5863205357
52339|0x7ba8b8bb|15|10791102092
52339|0x7ba8b8bb|16|20285834622
52339|0x7ba8b8bb|17|40324632507
52339|0x27ba8b8bb|18|55025790231
52339|0x27ba8b8bb|19|141257161376
52339|0xa7ba8b8bb|20|286943482185
52339|0xa7ba8b8bb|21|515936079832
52339|0xa7ba8b8bb|22|957041741025
52339|0x4a7ba8b8bb|23|1981305316963
52339|0x4a7ba8b8bb|24|4356639074886
52341|0x1a3dd|1|356984
52341|0x1a3dd|2|1914999
52341|0x5a3dd|3|1725636
52341|0xda3dd|4|3696442
52341|0x1da3dd|5|7276094
52341|0x3da3dd|6|20405597
52341|0x7da3dd|7|51829077
52341|0x7da3dd|8|70193564
52341|0x7da3dd|9|156057687
52341|0x7da3dd|10|297106906
52341|0x7da3dd|11|600606005
52341|0x87da3dd|12|1212428297
52341|0x87da3dd|13|2437278995
52341|0x87da3dd|14|4826116119
52341|0x87da3dd|15|9330931360
52341|0x87da3dd|16|16647799810
52341|0x87da3dd|17|42137955563
52341|0x87da3dd|18|83061708395
52341|0x87da3dd|19|145960146810
52341|0x8087da3dd|20|259104823894
52341|0x18087da3dd|21|562712021237
52341|0x18087da3dd|22|1135789046845
52341|0x58087da3dd|23|2289469417691
52341|0x58087da3dd|24|4372505705586
52343|0xcd47|1|230280
52343|0xcd47|2|507777
52343|0x4cd47|3|1220271
52343|0x4cd47|4|2509233
52343|0x14cd47|5|5224028
52343|0x14cd47|6|14234059
52343|0x54cd47|7|29532307
52343|0x54cd47|8|52497798
52343|0x154cd47|9|94860080
52343|0x354cd47|10|219275601
52343|0x354cd47|11|430390943
52343|0x354cd47|12|779855219
52343|0x354cd47|13|1604398769
52343|0x2354cd47|14|3237340632
52343|0x2354cd47|15|6296580643
52343|0x2354cd47|16|13865324826
52343|0x2354cd47|17|29775840277
52343|0x2354cd47|18|61616301541
52343|0x2354cd47|19|114417891214
52343|0x82354cd47|20|231763837831
52343|0x182354cd47|21|557608289609
52343|0x382354cd47|22|1105508037002
52343|0x782354cd47|23|2127216273960
52343|0x782354cd47|24|3677488114536
52345|0x1ddc9|1|430784
52345|0x3ddc9|2|1966575
52345|0x3ddc9|3|1888035
52345|0x3ddc9|4|3784772
52345|0x13ddc9|5|7932602
52345|0x33ddc9|6|15575678
52345|0x73ddc9|7|31217704
52345|0xf3ddc9|8|62667119
52345|0xf3ddc9|9|127547625
52345|0xf3ddc9|10|260594291
52345|0xf3ddc9|11|501395296
52345|0x8f3ddc9|12|997679504
52345|0x18f3ddc9|13|2004353007
52345|0x38f3ddc9|14|3991757220
52345|0x78f3ddc9|15|8007816344
52345|0xf8f3ddc9|16|16026451567
52345|0xf8f3ddc9|17|35207507378
52345|0xf8f3ddc9|18|79171306180
52345|0xf8f3ddc9|19|114325249208
52345|0x8f8f3ddc9|20|334110848547
52345|0x8f8f3ddc9|21|483074828402
52345|0x28f8f3ddc9|22|1271442618560
52345|0x68f8f3ddc9|23|2043934863323
52345|0x68f8f3ddc9|24|3885635247640
52347|0x132b3|1|356827
52347|0x332b3|2|801534
52347|0x332b3|3|1814312
52347|0x332b3|4|3731923
52347|0x1332b3|5|5451563
52347|0x3332b3|6|11852444
52347|0x3332b3|7|26713524
52347|0x3332b3|8|53647648
52347|0x13332b3|9|99305985
52347|0x13332b3|10|196374513
52347|0x13332b3|11|382061887
52347|0x13332b3|12|779101303
52347|0x13332b3|13|1591481876
52347|0x213332b3|14|3404788271
52347|0x613332b3|15|6093049707
52347|0xe13332b3|16|12853863450
52347|0x1e13332b3|17|27682166497
52347|0x1e13332b3|18|59284760914
52347|0x5e13332b3|19|116230899367
52347|0xde13332b3|20|239867652703
52347|0xde13332b3|21|473432797295
52347|0x2de13332b3|22|978310168402
52347|0x2de13332b3|23|1953163988566
52347|0xade13332b3|24|4379379962037
52349|0xcd5|1|354044
52349|0xcd5|2|833524
52349|0xcd5|3|1993233
52349|0xcd5|4|3671428
52349|0xcd5|5|7755374
52349|0xcd5|6|15348311
52349|0x400cd5|7|30971375
52349|0xc00cd5|8|61562241
52349|0xc00cd5|9|122573707
52349|0xc00cd5|10|247936750
52349|0xc00cd5|11|477021527
52349|0x8c00cd5|12|972303978
52349|0x18c00cd5|13|1937923448
52349|0x38c00cd5|14|5131253838
52349|0x78c00cd5|15|13300998006
52349|0x78c00cd5|16|26633994562
52349|0x78c00cd5|17|53246759959
52349|0x78c00cd5|18|65880680214
52349|0x478c00cd5|19|124968173748
52349|0xc78c00cd5|20|320194560872
52349|0x1c78c00cd5|21|604165998969
52349|0x3c78c00cd5|22|1215035997913
52349|0x7c78c00cd5|23|2658708129667
52349|0x7c78c00cd5|24|4659447806857
52351|0xf37f|1|413953
52351|0x2f37f|2|826948
52351|0x2f37f|3|1763281
52351|0x2f37f|4|3882706
52351|0x2f37f|5|7615538
52351|0x2f37f|6|15406751
52351|0x2f37f|7|30953922
52351|0x82f37f|8|61965487
52351|0x182f37f|9|123540523
52351|0x382f37f|10|245700860
52351|0x382f37f|11|503204306
52351|0xb82f37f|12|990129076
52351|0x1b82f37f|13|1982937628
52351|0x1b82f37f|14|3939960593
52351|0x1b82f37f|15|7899752076
52351|0x1b82f37f|16|15765454922
52351|0x1b82f37f|17|31572312470
52351|0x21b82f37f|18|62361335814
52351|0x21b82f37f|19|125202023286
52351|0xa1b82f37f|20|250061234285
52351|0x1a1b82f37f|21|542621003685
52351|0x3a1b82f37f|22|1030007555136
52351|0x7a1b82f37f|23|2559597942309
52351|0xfa1b82f37f|24|4890671804940
52353|0x17381|1|413573
52353|0x37381|2|910925
52353|0x37381|3|1813637
52353|0xb7381|4|3894439
52353|0x1b7381|5|7597307
52353|0x3b7381|6|15532443
52353|0x3b7381|7|24775514
52353|0x3b7381|8|56894495
52353|0x3b7381|9|114781296
52353|0x23b7381|10|217376661
52353|0x23b7381|11|436682536
52353|0x23b7381|12|909693079
52353|0x23b7381|13|1970312503
52353|0x23b7381|14|4206136957
52353|0x23b7381|15|13308965136
52353|0x823b7381|16|26613635521
52353|0x1823b7381|17|53195235330
52353|0x3823b7381|18|104909467831
52353|0x7823b7381|19|210496860188
52353|0x7823b7381|20|257840593414
52353|0x17823b7381|21|508961896676
52353|0x37823b7381|22|1041606703279
52353|0x77823b7381|23|2028808964515
52353|0x77823b7381|24|4545355464854
52355|0xe22b|1|390123
52355|0x2e22b|2|803818
52355|0x6e22b|3|1861000
52355|0x6e22b|4|3748290
52355|0x6e22b|5|7857627
52355|0x6e22b|6|15262715
52355|0x46e22b|7|30825521
52355|0xc6e22b|8|48158205
52355|0xc6e22b|9|117995108
52355|0x2c6e22b|10|227011334
52355|0x2c6e22b|11|479311594
52355|0xac6e22b|12|888720388
52355|0xac6e22b|13|1663820601
52355|0xac6e22b|14|3512534598
52355|0xac6e22b|15|7772828946
52355|0xac6e22b|16|14725356325
52355|0xac6e22b|17|29546803338
52355|0xac6e22b|18|70958907669
52355|0x40ac6e22b|19|108799940074
52355|0xc0ac6e22b|20|249745093924
52355|0xc0ac6e22b|21|567742299124
52355|0xc0ac6e22b|22|1183042539048
52355|0x4c0ac6e22b|23|2006686746454
52355|0xcc0ac6e22b|24|4218698696487
52357|0x14c4d|1|514240
52357|0x34c4d|2|939121
52357|0x74c4d|3|1865592
52357|0xf4c4d|4|3894934
52357|0xf4c4d|5|7579584
52357|0xf4c4d|6|14222493
52357|0x4f4c4d|7|26915548
52357|0x4f4c4d|8|56125005
52357|0x4f4c4d|9|109069506
52357|0x24f4c4d|10|210252456
52357|0x64f4c4d|11|430444967
52357|0xe4f4c4d|12|973197893
52357|0xe4f4c4d|13|1870642277
52357|0x2e4f4c4d|14|3616637480
52357|0x6e4f4c4d|15|7034614579
52357|0xee4f4c4d|16|14566020527
52357|0x1ee4f4c4d|17|27465333077
52357|0x1ee4f4c4d|18|56660918582
52357|0x1ee4f4c4d|19|114380018245
52357|0x9ee4f4c4d|20|232417371881
52357|0x19ee4f4c4d|21|482391530946
52357|0x39ee4f4c4d|22|1110441059444
52357|0x39ee4f4c4d|23|2301005879333
52357|0x39ee4f4c4d|24|4986898352699
52359|0x3937|1|375936
52359|0x23937|2|891906
52359|0x63937|3|1985661
52359|0x63937|4|3481584
52359|0x63937|5|5268660
52359|0x263937|6|12870519
52359|0x663937|7|33401755
52359|0xe63937|8|55083664
52359|0x1e63937|9|116562518
52359|0x3e63937|10|219335885
52359|0x7e63937|11|443266887
52359|0x7e63937|12|878327294
52359|0x7e63937|13|1682862367
52359|0x27e63937|14|3412207708
52359|0x27e63937|15|7838078751
52359|0xa7e63937|16|15577959611
52359|0xa7e63937|17|28757672232
52359|0xa7e63937|18|57991922595
52359|0x4a7e63937|19|118385122574
52359|0x4a7e63937|20|253320337750
52359|0x4a7e63937|21|607295292481
52359|0x4a7e63937|22|1270366044897
52359|0x44a7e63937|23|2176271460020
52359|0x44a7e63937|24|3936663525293
52361|0x69b9|1|458960
52361|0x69b9|2|825115
52361|0x69b9|3|1839535
52361|0x869b9|4|3844999
52361|0x869b9|5|7836599
52361|0x869b9|6|15555103
52361|0x4869b9|7|31195831
52361|0x4869b9|8|62079296
52361|0x14869b9|9|124433384
52361|0x14869b9|10|249384218
52361|0x54869b9|11|501311176
52361|0xd4869b9|12|1001864715
52361|0x1d4869b9|13|1999835928
52361|0x3d4869b9|14|3509541456
52361|0x3d4869b9|15|6783480784
52361|0xbd4869b9|16|14937387244
52361|0x1bd4869b9|17|28313122226
52361|0x1bd4869b9|18|57797544252
52361|0x5bd4869b9|19|119387686353
52361|0xdbd4869b9|20|230457440944
52361|0x1dbd4869b9|21|490571562031
52361|0x1dbd4869b9|22|1300747709038
52361|0x5dbd4869b9|23|2011246005924
52361|0x5dbd4869b9|24|4428822852196
52363|0x3b23|1|682357
52363|0x3b23|2|916477
52363|0x3b23|3|2185646
52363|0x3b23|4|4413136
52363|0x3b23|5|8860868
52363|0x3b23|6|25774815
52363|0x403b23|7|43841622
52363|0x403b23|8|96701143
52363|0x403b23|9|185795928
52363|0x2403b23|10|371888851
52363|0x2403b23|11|743989053
52363|0xa403b23|12|1479315298
52363|0xa403b23|13|2951748527
52363|0xa403b23|14|6607903081
52363|0x4a403b23|15|13339159290
52363|0xca403b23|16|21119623089
52363|0x1ca403b23|17|34842194483
52363|0x1ca403b23|18|60408780939
52363|0x5ca403b23|19|166137123273
52363|0x5ca403b23|20|280867888362
52363|0x15ca403b23|21|687111317749
52363|0x15ca403b23|22|1136034869597
52363|0x15ca403b23|23|2199593096565
52363|0x15ca403b23|24|4265158271791
52365|0x1d645|1|408748
52365|0x3d645|2|907505
52365|0x7d645|3|2211817
52365|0x7d645|4|6358275
52365|0x17d645|5|12920086
52365|0x37d645|6|25955516
52365|0x37d645|7|44876089
52365|0xb7d645|8|85929504
52365|0xb7d645|9|187706300
52365|0xb7d645|10|355128831
52365|0x4b7d645|11|691818031
52365|0xcb7d645|12|1389994535
52365|0xcb7d645|13|2794585119
52365|0xcb7d645|14|4924679592
52365|0xcb7d645|15|9595265175
52365|0x8cb7d645|16|20850119963
52365|0x8cb7d645|17|43909150144
52365|0x8cb7d645|18|78504196360
52365|0x8cb7d645|19|189203747481
52365|0x8cb7d645|20|370092511712
52365|0x108cb7d645|21|659341019863
52365|0x108cb7d645|22|1353849748057
52365|0x508cb7d645|23|2341154569684
52365|0xd08cb7d645|24|4437167796429
52367|0xd26f|1|366235
52367|0x2d26f|2|1919636
52367|0x6d26f|3|1989533
52367|0x6d26f|4|3723017
52367|0x6d26f|5|7715729
52367|0x6d26f|6|15401322
52367|0x6d26f|7|30861781
52367|0x86d26f|8|62020040
52367|0x186d26f|9|123865222
52367|0x386d26f|10|248453008
52367|0x386d26f|11|495185695
52367|0xb86d26f|12|992896656
52367|0xb86d26f|13|1926791703
52367|0x2b86d26f|14|3597314974
52367|0x6b86d26f|15|7891217657
52367|0xeb86d26f|16|14277052282
52367|0x1eb86d26f|17|29456601787
52367|0x3eb86d26f|18|62774534192
52367|0x3eb86d26f|19|154741720720
52367|0x3eb86d26f|20|221151846919
52367|0x3eb86d26f|21|527522787533
52367|0x23eb86d26f|22|980491212914
52367|0x63eb86d26f|23|1874529722688
52367|0xe3eb86d26f|24|3788272104651
52369|0x7471|1|415267
52369|0x7471|2|2011020
52369|0x47471|3|1849864
52369|0x47471|4|3824082
52369|0x147471|5|7846876
52369|0x347471|6|15486760
52369|0x347471|7|30807202
52369|0xb47471|8|61774679
52369|0x1b47471|9|123904618
52369|0x1b47471|10|248621108
52369|0x5b47471|11|495957077
52369|0xdb47471|12|996189060
52369|0x1db47471|13|1986862657
52369|0x3db47471|14|5086881425
52369|0x7db47471|15|11041171019
52369|0x7db47471|16|21353973627
52369|0x17db47471|17|43513893857
52369|0x17db47471|18|61651569676
52369|0x57db47471|19|117373577291
52369|0xd7db47471|20|244458005328
52369|0x1d7db47471|21|485800708458
52369|0x3d7db47471|22|934907698132
52369|0x3d7db47471|23|1858824822013
52369|0x3d7db47471|24|3570863785116
52371|0x319b|1|355653
52371|0x319b|2|826936
52371|0x4319b|3|1726175
52371|0x4319b|4|3556744
52371|0x14319b|5|7462324
52371|0x34319b|6|15172624
52371|0x34319b|7|29386597
52371|0xb4319b|8|59158002
52371|0x1b4319b|9|118103251
52371|0x3b4319b|10|237498977
52371|0x3b4319b|11|495917347
52371|0xbb4319b|12|985481733
52371|0x1bb4319b|13|1679096225
52371|0x1bb4319b|14|3266575039
52371|0x1bb4319b|15|6684666397
52371|0x9bb4319b|16|15419088062
52371|0x19bb4319b|17|36661133643
52371|0x19bb4319b|18|76835327170
52371|0x19bb4319b|19|120521534811
52371|0x19bb4319b|20|238421344152
52371|0x19bb4319b|21|453464469349
52371|0x19bb4319b|22|970422874380
52371|0x19bb4319b|23|1899155817350
52371|0x19bb4319b|24|4876659041518
52373|0x19ebd|1|354060
52373|0x19ebd|2|803522
52373|0x19ebd|3|1738006
52373|0x19ebd|4|3831228
52373|0x119ebd|5|6397145
52373|0x119ebd|6|10534402
52373|0x519ebd|7|29081276
52373|0x519ebd|8|55050433
52373|0x519ebd|9|123508182
52373|0x2519ebd|10|232943430
52373|0x6519ebd|11|645076883
52373|0xe519ebd|12|1372312075
52373|0xe519ebd|13|2920188971
52373|0x2e519ebd|14|5570233907
52373|0x2e519ebd|15|10733114206
52373|0x2e519ebd|16|18637318650
52373|0x2e519ebd|17|43596649663
52373|0x2e519ebd|18|93070635172
52373|0x42e519ebd|19|123345371201
52373|0xc2e519ebd|20|275923344587
52373|0xc2e519ebd|21|491425560712
52373|0xc2e519ebd|22|1161240124220
52373|0xc2e519ebd|23|2098410103244
52373|0xc2e519ebd|24|4530071172933
52375|0x17327|1|405679
52375|0x37327|2|1137698
52375|0x77327|3|1758767
52375|0xf7327|4|3921610
52375|0xf7327|5|14991380
52375|0x2f7327|6|15473997
52375|0x6f7327|7|30952587
52375|0xef7327|8|82902213
52375|0x1ef7327|9|124691135
52375|0x1ef7327|10|242481811
52375|0x5ef7327|11|672905247
52375|0x5ef7327|12|1210546822
52375|0x15ef7327|13|1779583661
52375|0x15ef7327|14|3487979593
52375|0x55ef7327|15|7576120156
52375|0xd5ef7327|16|14557185602
52375|0x1d5ef7327|17|27767823710
52375|0x1d5ef7327|18|57608047794
52375|0x1d5ef7327|19|125148119433
52375|0x1d5ef7327|20|248689667402
52375|0x11d5ef7327|21|527717795040
52375|0x11d5ef7327|22|1097033897050
52375|0x11d5ef7327|23|1805884745098
52375|0x11d5ef7327|24|3568030196727
52377|0xc7a9|1|260550
52377|0x2c7a9|2|608159
52377|0x6c7a9|3|1358405
52377|0xec7a9|4|2492168
52377|0x1ec7a9|5|5233349
52377|0x1ec7a9|6|10512101
52377|0x1ec7a9|7|25273823
52377|0x9ec7a9|8|46262919
52377|0x9ec7a9|9|111512284
52377|0x29ec7a9|10|191956529
52377|0x29ec7a9|11|392414781
52377|0xa9ec7a9|12|810772820
52377|0xa9ec7a9|13|1465901726
52377|0x2a9ec7a9|14|2886639905
52377|0x2a9ec7a9|15|6635005291
52377|0x2a9ec7a9|16|12457273298
52377|0x2a9ec7a9|17|27652669620
52377|0x2a9ec7a9|18|60227184444
52377|0x2a9ec7a9|19|114024460934
52377|0x2a9ec7a9|20|206967660860
52377|0x102a9ec7a9|21|513893915435
52377|0x302a9ec7a9|22|1113420289397
52377|0x702a9ec7a9|23|2020006361183
52377|0x702a9ec7a9|24|3758078629226
52379|0x3993|1|406614
52379|0x3993|2|937667
52379|0x43993|3|1930705
52379|0x43993|4|3777321
52379|0x143993|5|7307477
52379|0x343993|6|10540935
52379|0x343993|7|30760785
52379|0xb43993|8|52023275
52379|0x1b43993|9|115141633
52379|0x3b43993|10|218825153
52379|0x7b43993|11|437354497
52379|0xfb43993|12|901197443
52379|0xfb43993|13|1811013497
52379|0x2fb43993|14|3766823335
52379|0x2fb43993|15|6956988726
52379|0xafb43993|16|14853479846
52379|0xafb43993|17|27971071737
52379|0x2afb43993|18|57144888051
52379|0x6afb43993|19|116113195881
52379|0x6afb43993|20|229630769008
52379|0x16afb43993|21|546141426753
52379|0x16afb43993|22|1057320779391
52379|0x56afb43993|23|2003019319300
52379|0xd6afb43993|24|3696238081948
52381|0x19b5|1|414275
52381|0x19b5|2|696655
52381|0x419b5|3|1265545
52381|0x419b5|4|2572864
52381|0x419b5|5|5262168
52381|0x419b5|6|12704572
52381|0x419b5|7|30857150
52381|0x419b5|8|102197342
52381|0x10419b5|9|167502882
52381|0x10419b5|10|367144891
52381|0x50419b5|11|587281914
52381|0xd0419b5|12|1301816941
52381|0xd0419b5|13|2578723452
52381|0xd0419b5|14|3098869476
52381|0x4d0419b5|15|6498965096
52381|0xcd0419b5|16|16347603673
52381|0x1cd0419b5|17|42901597929
52381|0x3cd0419b5|18|69447834610
52381|0x7cd0419b5|19|107090322531
52381|0xfcd0419b5|20|228739422952
52381|0x1fcd0419b5|21|532231620665
52381|0x3fcd0419b5|22|1017261314660
52381|0x3fcd0419b5|23|2062950621782
52381|0xbfcd0419b5|24|4358685482988
52383|0x14f5f|1|355782
52383|0x14f5f|2|1893273
52383|0x14f5f|3|1993790
52383|0x14f5f|4|3768937
52383|0x114f5f|5|7753033
52383|0x114f5f|6|15546132
52383|0x114f5f|7|31194479
52383|0x114f5f|8|62795096
52383|0x114f5f|9|124504680
52383|0x2114f5f|10|249383784
52383|0x6114f5f|11|498190896
52383|0x6114f5f|12|997652480
52383|0x16114f5f|13|2011992931
52383|0x16114f5f|14|3971747919
52383|0x16114f5f|15|6797814557
52383|0x96114f5f|16|13549580864
52383|0x196114f5f|17|28579687730
52383|0x396114f5f|18|71299906733
52383|0x396114f5f|19|130038919792
52383|0x396114f5f|20|264274487239
52383|0x1396114f5f|21|551287124451
52383|0x1396114f5f|22|1069762363969
52383|0x5396114f5f|23|2026954114180
52383|0xd396114f5f|24|3940078840687
52385|0x1761|1|368074
52385|0x1761|2|1901650
52385|0x1761|3|1742886
52385|0x1761|4|3578618
52385|0x101761|5|7461262
52385|0x101761|6|15069461
52385|0x501761|7|36234628
52385|0x501761|8|80793312
52385|0x1501761|9|149671821
52385|0x3501761|10|307252267
52385|0x3501761|11|627223416
52385|0xb501761|12|907919733
52385|0x1b501761|13|1551870668
52385|0x1b501761|14|3755088725
52385|0x1b501761|15|6016506985
52385|0x1b501761|16|13774898455
52385|0x11b501761|17|31144230917
52385|0x31b501761|18|62748507860
52385|0x31b501761|19|126633115787
52385|0xb1b501761|20|242592766895
52385|0xb1b501761|21|542212334057
52385|0xb1b501761|22|1094244613466
52385|0x4b1b501761|23|2192937402246
52385|0x4b1b501761|24|3611446343766
52387|0x470b|1|358223
52387|0x2470b|2|803446
52387|0x2470b|3|1724164
52387|0x2470b|4|3586217
52387|0x12470b|5|7752587
52387|0x12470b|6|15181973
52387|0x52470b|7|22988811
52387|0x52470b|8|47756929
52387|0x152470b|9|100202521
52387|0x152470b|10|210877839
52387|0x152470b|11|455728680
52387|0x952470b|12|740862295
52387|0x952470b|13|1472238769
52387|0x952470b|14|4930458571
52387|0x952470b|15|6418820115
52387|0x8952470b|16|16209428629
52387|0x18952470b|17|25848466642
52387|0x18952470b|18|64033321326
52387|0x18952470b|19|140904446783
52387|0x98952470b|20|281726543002
52387|0x98952470b|21|567465159060
52387|0x98952470b|22|950572929225
52387|0x98952470b|23|2196469405107
52387|0x898952470b|24|4147504984373
52389|0x3b2d|1|434549
52389|0x23b2d|2|898741
52389|0x23b2d|3|1980227
52389|0xa3b2d|4|3717344
52389|0xa3b2d|5|7669944
52389|0xa3b2d|6|15418482
52389|0x4a3b2d|7|25033411
52389|0x4a3b2d|8|60382006
52389|0x14a3b2d|9|124547205
52389|0x14a3b2d|10|247658961
52389|0x54a3b2d|11|478471635
52389|0x54a3b2d|12|837112824
52389|0x154a3b2d|13|1973589909
52389|0x354a3b2d|14|3705006036
52389|0x354a3b2d|15|7228519057
52389|0xb54a3b2d|16|15077647516
52389|0xb54a3b2d|17|28305046642
52389|0xb54a3b2d|18|54033191967
52389|0x4b54a3b2d|19|102622663126
52389|0x4b54a3b2d|20|239067555511
52389|0x4b54a3b2d|21|427128360185
52389|0x4b54a3b2d|22|914377086198
52389|0x4b54a3b2d|23|2072225652076
52389|0x84b54a3b2d|24|3975297944587
52391|0x1b17|1|367283
52391|0x1b17|2|965304
52391|0x1b17|3|1832410
52391|0x81b17|4|3579123
52391|0x81b17|5|7218334
52391|0x281b17|6|14709661
52391|0x681b17|7|29404964
52391|0xe81b17|8|62570544
52391|0x1e81b17|9|208524764
52391|0x1e81b17|10|357778957
52391|0x5e81b17|11|645794575
52391|0x5e81b17|12|1354253608
52391|0x15e81b17|13|2983225374
52391|0x15e81b17|14|5012557026
52391|0x55e81b17|15|6658581095
52391|0x55e81b17|16|19836705947
52391|0x155e81b17|17|29841044430
52391|0x155e81b17|18|56156094164
52391|0x555e81b17|19|115673721031
52391|0x555e81b17|20|275262252633
52391|0x1555e81b17|21|484270947328
52391|0x3555e81b17|22|977138430020
52391|0x7555e81b17|23|1998935812461
52391|0x7555e81b17|24|4150284657141
52393|0x9799|1|369920
52393|0x29799|2|827103
52393|0x69799|3|1799046
52393|0xe9799|4|3888897
52393|0x1e9799|5|7517209
52393|0x1e9799|6|15396986
52393|0x1e9799|7|30484852
52393|0x1e9799|8|59133951
52393|0x11e9799|9|110249608
52393|0x31e9799|10|186787672
52393|0x31e9799|11|367406630
52393|0x31e9799|12|769916137
52393|0x131e9799|13|1682078352
52393|0x131e9799|14|2997466590
52393|0x131e9799|15|7589241330
52393|0x131e9799|16|17346964440
52393|0x1131e9799|17|37015488530
52393|0x3131e9799|18|64702357180
52393|0x7131e9799|19|125459290381
52393|0xf131e9799|20|379307909592
52393|0x1f131e9799|21|642949897839
52393|0x1f131e9799|22|1083427720310
52393|0x5f131e9799|23|1934094598869
52393|0x5f131e9799|24|4219954214391
52395|0xce03|1|241911
52395|0xce03|2|507658
52395|0x4ce03|3|1236532
52395|0x4ce03|4|2457431
52395|0x4ce03|5|5178436
52395|0x24ce03|6|9919981
52395|0x64ce03|7|26838296
52395|0xe4ce03|8|44223614
52395|0x1e4ce03|9|102189141
52395|0x1e4ce03|10|179735531
52395|0x1e4ce03|11|398907072
52395|0x9e4ce03|12|1447151147
52395|0x19e4ce03|13|3315820515
52395|0x39e4ce03|14|6662848696
52395|0x39e4ce03|15|8295678592
52395|0x39e4ce03|16|15806279824
52395|0x139e4ce03|17|31563901597
52395|0x139e4ce03|18|63119038645
52395|0x539e4ce03|19|125028520059
52395|0x539e4ce03|20|249867218105
52395|0x539e4ce03|21|672284959837
52395|0x2539e4ce03|22|1089843687513
52395|0x2539e4ce03|23|2521307742149
52395|0x2539e4ce03|24|3915575995825
52397|0x7725|1|479022
52397|0x27725|2|890241
52397|0x67725|3|2058177
52397|0x67725|4|3743741
52397|0x167725|5|7760618
52397|0x367725|6|15509435
52397|0x767725|7|30782110
52397|0x767725|8|61610862
52397|0x1767725|9|123940264
52397|0x1767725|10|229769508
52397|0x5767725|11|489698489
52397|0xd767725|12|964767500
52397|0xd767725|13|1978047599
52397|0xd767725|14|3984121242
52397|0xd767725|15|7980496997
52397|0x8d767725|16|15953304004
52397|0x8d767725|17|31522836859
52397|0x28d767725|18|63121477461
52397|0x68d767725|19|115433955315
52397|0xe8d767725|20|240843267643
52397|0x1e8d767725|21|495478433040
52397|0x3e8d767725|22|984044423153
52397|0x3e8d767725|23|2029870682452
52397|0x3e8d767725|24|4219085354826
52399|0xa4f|1|655124
52399|0x20a4f|2|3349211
52399|0x60a4f|3|3164348
52399|0xe0a4f|4|4985358
52399|0x1e0a4f|5|7630439
52399|0x1e0a4f|6|21418693
52399|0x5e0a4f|7|40354993
52399|0xde0a4f|8|78943778
52399|0xde0a4f|9|164436733
52399|0xde0a4f|10|304069731
52399|0xde0a4f|11|659474943
52399|0x8de0a4f|12|1177472695
52399|0x8de0a4f|13|2534470952
52399|0x8de0a4f|14|4739359511
52399|0x8de0a4f|15|9214538005
52399|0x8de0a4f|16|17030105814
52399|0x108de0a4f|17|29969599571
52399|0x308de0a4f|18|68546679275
52399|0x708de0a4f|19|136761568019
52399|0x708de0a4f|20|278016009870
52399|0x708de0a4f|21|540539775239
52399|0x2708de0a4f|22|1115018712117
52399|0x6708de0a4f|23|2178899878103
52399|0xe708de0a4f|24|4344984095461
52401|0x1fc51|1|632821
52401|0x1fc51|2|1432075
52401|0x1fc51|3|3115703
52401|0x1fc51|4|6377543
52401|0x11fc51|5|12870224
52401|0x11fc51|6|19888112
52401|0x11fc51|7|29847766
52401|0x91fc51|8|49608351
52401|0x91fc51|9|95324254
52401|0x291fc51|10|186257382
52401|0x691fc51|11|386984847
52401|0x691fc51|12|701793246
52401|0x691fc51|13|1757297418
52401|0x2691fc51|14|3885779163
52401|0x2691fc51|15|9674506929
52401|0x2691fc51|16|20615389192
52401|0x12691fc51|17|34520406806
52401|0x12691fc51|18|71385904852
52401|0x12691fc51|19|133572061634
52401|0x92691fc51|20|255793262083
52401|0x192691fc51|21|539394668189
52401|0x392691fc51|22|1124759362290
52401|0x792691fc51|23|2194847441820
52401|0xf92691fc51|24|4037483072630
52403|0xc27b|1|369226
52403|0x2c27b|2|2075238
52403|0x2c27b|3|1838154
52403|0xac27b|4|3864171
52403|0xac27b|5|7533937
52403|0xac27b|6|15353655
52403|0xac27b|7|30824487
52403|0x8ac27b|8|61745683
52403|0x8ac27b|9|112149601
52403|0x8ac27b|10|227749161
52403|0x48ac27b|11|441330603
52403|0x48ac27b|12|848083815
52403|0x48ac27b|13|1653444691
52403|0x48ac27b|14|3877042512
52403|0x448ac27b|15|7786660389
52403|0xc48ac27b|16|14882748144
52403|0xc48ac27b|17|29345043489
52403|0xc48ac27b|18|57783816572
52403|0xc48ac27b|19|115102388947
52403|0x8c48ac27b|20|252992410228
52403|0x8c48ac27b|21|503290551829
52403|0x8c48ac27b|22|1026730529831
52403|0x48c48ac27b|23|2004255765363
52403|0xc8c48ac27b|24|3649724184997
52405|0xc19d|1|365047
52405|0x2c19d|2|809820
52405|0x6c19d|3|2000707
52405|0x6c19d|4|3684768
52405|0x16c19d|5|7819220
52405|0x36c19d|6|15419927
52405|0x36c19d|7|30901459
52405|0x36c19d|8|61945981
52405|0x136c19d|9|123569597
52405|0x336c19d|10|247694122
52405|0x336c19d|11|475090467
52405|0xb36c19d|12|979346924
52405|0x1b36c19d|13|1895919147
52405|0x3b36c19d|14|3692307178
52405|0x3b36c19d|15|9455839301
52405|0xbb36c19d|16|20509389058
52405|0xbb36c19d|17|40883834045
52405|0xbb36c19d|18|60114148825
52405|0x4bb36c19d|19|119812272453
52405|0xcbb36c19d|20|244700632944
52405|0x1cbb36c19d|21|477279558434
52405|0x1cbb36c19d|22|967571682038
52405|0x1cbb36c19d|23|1968011358593
52405|0x9cbb36c19d|24|4060049748532
52407|0x1d107|1|636340
52407|0x3d107|2|1434020
52407|0x7d107|3|3119897
52407|0xfd107|4|6375693
52407|0xfd107|5|12849808
52407|0x2fd107|6|23081523
52407|0x6fd107|7|30908664
52407|0xefd107|8|65015698
52407|0xefd107|9|156396267
52407|0x2efd107|10|326308446
52407|0x6efd107|11|632629595
52407|0x6efd107|12|906945846
52407|0x16efd107|13|1743337139
52407|0x16efd107|14|4320360401
52407|0x16efd107|15|9764335093
52407|0x96efd107|16|19821875415
52407|0x196efd107|17|36702541837
52407|0x396efd107|18|63955017954
52407|0x396efd107|19|125183293995
52407|0xb96efd107|20|309419421228
52407|0x1b96efd107|21|565332415634
52407|0x1b96efd107|22|912735616025
52407|0x1b96efd107|23|2111993792502
52407|0x1b96efd107|24|3911797792627
