43011|0x142ab|1|359024
43011|0x142ab|2|807751
43011|0x542ab|3|1700231
43011|0x542ab|4|3483924
43011|0x1542ab|5|7268485
43011|0x1542ab|6|21361123
43011|0x1542ab|7|19634459
43011|0x1542ab|8|48681930
43011|0x1542ab|9|67484346
43011|0x1542ab|10|160992927
43011|0x41542ab|11|421082365
43011|0x41542ab|12|945269355
43011|0x41542ab|13|1863795076
43011|0x41542ab|14|3294425356
43011|0x41542ab|15|6831304641
43011|0x41542ab|16|12733967388
43011|0x41542ab|17|28580373525
43011|0x2041542ab|18|54918194958
43011|0x6041542ab|19|107723166008
43011|0x6041542ab|20|232179102221
43011|0x6041542ab|21|471073976858
43011|0x6041542ab|22|953879710332
43011|0x46041542ab|23|1838063602350
43011|0xc6041542ab|24|3676479418918
43013|0x1e4cd|1|371928
43013|0x1e4cd|2|808742
43013|0x1e4cd|3|1677820
43013|0x1e4cd|4|3465305
43013|0x11e4cd|5|7157574
43013|0x11e4cd|6|14144051
43013|0x11e4cd|7|28665346
43013|0x91e4cd|8|57309524
43013|0x191e4cd|9|114708813
43013|0x391e4cd|10|229043550
43013|0x391e4cd|11|831643126
43013|0x391e4cd|12|912908381
43013|0x1391e4cd|13|1827696409
43013|0x3391e4cd|14|3652711200
43013|0x7391e4cd|15|7295572002
43013|0x7391e4cd|16|15124822994
43013|0x7391e4cd|17|29409460988
43013|0x27391e4cd|18|57304720173
43013|0x67391e4cd|19|116675615681
43013|0xe7391e4cd|20|232239996063
43013|0xe7391e4cd|21|461950867412
43013|0x2e7391e4cd|22|920793622254
43013|0x6e7391e4cd|23|2560086805527
43013|0x6e7391e4cd|24|6461404767418
43015|0x45b7|1|651045
43015|0x245b7|2|1472651
43015|0x245b7|3|3066700
43015|0x245b7|4|6149985
43015|0x1245b7|5|12390218
43015|0x1245b7|6|24852870
43015|0x5245b7|7|50368911
43015|0x5245b7|8|99855418
43015|0x5245b7|9|201691681
43015|0x5245b7|10|403434429
43015|0x5245b7|11|806072428
43015|0x5245b7|12|1607505680
43015|0x5245b7|13|3215490747
43015|0x5245b7|14|6463569443
43015|0x5245b7|15|12930789902
43015|0x5245b7|16|25716338802
43015|0x5245b7|17|51470046745
43015|0x2005245b7|18|100153400531
43015|0x6005245b7|19|201523234166
43015|0x6005245b7|20|405956852730
43015|0x6005245b7|21|808948989731
43015|0x26005245b7|22|1614591012874
43015|0x66005245b7|23|3228228706697
43015|0x66005245b7|24|6435359550223
43017|0x16639|1|856253
43017|0x36639|2|1471802
43017|0x76639|3|3062437
43017|0xf6639|4|6205657
43017|0xf6639|5|12509268
43017|0x2f6639|6|25096247
43017|0x6f6639|7|50309239
43017|0x6f6639|8|100716216
43017|0x16f6639|9|201493201
43017|0x16f6639|10|398979753
43017|0x16f6639|11|806337369
43017|0x96f6639|12|1612980947
43017|0x196f6639|13|3225804175
43017|0x196f6639|14|6394943236
43017|0x196f6639|15|12814973993
43017|0x196f6639|16|25805047138
43017|0x196f6639|17|51141337576
43017|0x2196f6639|18|100648128763
43017|0x6196f6639|19|201550893881
43017|0xe196f6639|20|401454209525
43017|0x1e196f6639|21|805932228419
43017|0x1e196f6639|22|1615030351984
43017|0x5e196f6639|23|3094047791511
43017|0x5e196f6639|24|6454247388957
43019|0xa3a3|1|709644
43019|0x2a3a3|2|1472508
43019|0x2a3a3|3|3020623
43019|0x2a3a3|4|6130011
43019|0x2a3a3|5|12369248
43019|0x2a3a3|6|24866889
43019|0x2a3a3|7|49902043
43019|0x82a3a3|8|99803173
43019|0x182a3a3|9|201675331
43019|0x182a3a3|10|403506771
43019|0x582a3a3|11|812828995
43019|0xd82a3a3|12|1603592026
43019|0x1d82a3a3|13|3219946500
43019|0x1d82a3a3|14|6538487159
43019|0x1d82a3a3|15|12858934885
43019|0x1d82a3a3|16|20360196131
43019|0x11d82a3a3|17|37814385164
43019|0x31d82a3a3|18|76577489783
43019|0x31d82a3a3|19|152636629332
43019|0x31d82a3a3|20|263236077487
43019|0x31d82a3a3|21|510028211424
43019|0x31d82a3a3|22|1023330918511
43019|0x31d82a3a3|23|1962743947354
43019|0x831d82a3a3|24|4136007834663
43021|0x1e6c5|1|452790
43021|0x3e6c5|2|900154
43021|0x7e6c5|3|1677749
43021|0xfe6c5|4|3796175
43021|0xfe6c5|5|7374630
43021|0xfe6c5|6|14926233
43021|0x4fe6c5|7|29973250
43021|0xcfe6c5|8|60116972
43021|0xcfe6c5|9|120256586
43021|0x2cfe6c5|10|240427624
43021|0x6cfe6c5|11|481186653
43021|0xecfe6c5|12|962655491
43021|0x1ecfe6c5|13|1924885499
43021|0x1ecfe6c5|14|3849065750
43021|0x1ecfe6c5|15|7700682838
43021|0x1ecfe6c5|16|15399885956
43021|0x1ecfe6c5|17|30795913661
43021|0x21ecfe6c5|18|60434663219
43021|0x61ecfe6c5|19|120957650021
43021|0xe1ecfe6c5|20|244035298043
43021|0x1e1ecfe6c5|21|490916865607
43021|0x1e1ecfe6c5|22|979826007678
43021|0x5e1ecfe6c5|23|1950279205620
43021|0x5e1ecfe6c5|24|3982957515149
43023|0x146ef|1|352184
43023|0x146ef|2|815963
43023|0x146ef|3|1891289
43023|0x146ef|4|3613228
43023|0x146ef|5|7578708
43023|0x2146ef|6|14935858
43023|0x2146ef|7|30011233
43023|0xa146ef|8|59983717
43023|0xa146ef|9|120342004
43023|0xa146ef|10|240484744
43023|0xa146ef|11|481331457
43023|0xa146ef|12|963073313
43023|0xa146ef|13|1925054217
43023|0x20a146ef|14|3850838572
43023|0x60a146ef|15|7766140002
43023|0xe0a146ef|16|15414745710
43023|0x1e0a146ef|17|30393141875
43023|0x3e0a146ef|18|60466722631
43023|0x7e0a146ef|19|121197238755
43023|0x7e0a146ef|20|265273501860
43023|0x7e0a146ef|21|808644716633
43023|0x27e0a146ef|22|1620489204732
43023|0x67e0a146ef|23|3232949544929
43023|0xe7e0a146ef|24|4549750957648
43025|0x148f1|1|354264
43025|0x148f1|2|918407
43025|0x548f1|3|1929241
43025|0xd48f1|4|3602267
43025|0xd48f1|5|7477538
43025|0xd48f1|6|15046725
43025|0x4d48f1|7|30137132
43025|0x4d48f1|8|60280774
43025|0x14d48f1|9|121332438
43025|0x34d48f1|10|242221737
43025|0x34d48f1|11|484856187
43025|0x34d48f1|12|969374446
43025|0x134d48f1|13|1934532274
43025|0x134d48f1|14|3862835932
43025|0x134d48f1|15|7742261134
43025|0x134d48f1|16|15531191561
43025|0x134d48f1|17|31053768342
43025|0x134d48f1|18|61800978991
43025|0x4134d48f1|19|120826870165
43025|0x4134d48f1|20|241653875033
43025|0x14134d48f1|21|485546678575
43025|0x14134d48f1|22|982131121012
43025|0x14134d48f1|23|2848916466775
43025|0x14134d48f1|24|5342081181257
43027|0x1621b|1|1277057
43027|0x1621b|2|1472108
43027|0x5621b|3|3069031
43027|0xd621b|4|6228408
43027|0xd621b|5|9641946
43027|0x2d621b|6|21504908
43027|0x6d621b|7|39279487
43027|0xed621b|8|88223207
43027|0xed621b|9|178568705
43027|0x2ed621b|10|333842272
43027|0x2ed621b|11|689026099
43027|0x2ed621b|12|1335787189
43027|0x2ed621b|13|2712266629
43027|0x2ed621b|14|5342997710
43027|0x2ed621b|15|10707227536
43027|0x2ed621b|16|24874321303
43027|0x2ed621b|17|51494549613
43027|0x2ed621b|18|103082658799
43027|0x402ed621b|19|201649963377
43027|0xc02ed621b|20|403135319082
43027|0x1c02ed621b|21|813903533232
43027|0x1c02ed621b|22|1469630233991
43027|0x1c02ed621b|23|2868972212566
43027|0x1c02ed621b|24|4315756222884
43029|0x1e73d|1|236105
43029|0x1e73d|2|496026
43029|0x1e73d|3|1237175
43029|0x9e73d|4|2430165
43029|0x19e73d|5|4929969
43029|0x39e73d|6|12837514
43029|0x39e73d|7|24396490
43029|0xb9e73d|8|47848644
43029|0x1b9e73d|9|103002612
43029|0x1b9e73d|10|207418947
43029|0x5b9e73d|11|374903782
43029|0xdb9e73d|12|788408835
43029|0xdb9e73d|13|1602421061
43029|0x2db9e73d|14|3081717098
43029|0x6db9e73d|15|6178617456
43029|0x6db9e73d|16|12241889989
43029|0x16db9e73d|17|24412526831
43029|0x16db9e73d|18|48387045885
43029|0x16db9e73d|19|96475517899
43029|0x16db9e73d|20|193232682740
43029|0x16db9e73d|21|412420040142
43029|0x216db9e73d|22|1424719865667
43029|0x616db9e73d|23|2436143766526
43029|0x616db9e73d|24|3927068904316
43031|0x10fa7|1|375264
43031|0x30fa7|2|901128
43031|0x70fa7|3|1906708
43031|0xf0fa7|4|3647509
43031|0xf0fa7|5|7530704
43031|0x2f0fa7|6|15060723
43031|0x2f0fa7|7|30254028
43031|0xaf0fa7|8|60500243
43031|0xaf0fa7|9|121086566
43031|0x2af0fa7|10|244376893
43031|0x2af0fa7|11|488360150
43031|0x2af0fa7|12|976634424
43031|0x2af0fa7|13|1939238333
43031|0x22af0fa7|14|3865932295
43031|0x22af0fa7|15|7769683289
43031|0x22af0fa7|16|15483957211
43031|0x22af0fa7|17|30987789155
43031|0x222af0fa7|18|60882950096
43031|0x622af0fa7|19|121674347910
43031|0x622af0fa7|20|242973569261
43031|0x1622af0fa7|21|485367402395
43031|0x1622af0fa7|22|970509664868
43031|0x5622af0fa7|23|2142877263110
43031|0xd622af0fa7|24|3866207794882
43033|0x3429|1|467032
43033|0x3429|2|896185
43033|0x3429|3|1907027
43033|0x3429|4|3615306
43033|0x3429|5|7510850
43033|0x3429|6|15002873
43033|0x403429|7|30272509
43033|0xc03429|8|60182148
43033|0x1c03429|9|121434031
43033|0x3c03429|10|242823414
43033|0x3c03429|11|483121465
43033|0x3c03429|12|980386975
43033|0x3c03429|13|1941226629
43033|0x3c03429|14|3882414689
43033|0x3c03429|15|7769308170
43033|0x83c03429|16|15530190931
43033|0x183c03429|17|30968635185
43033|0x183c03429|18|60650199250
43033|0x583c03429|19|121273877831
43033|0x583c03429|20|240931123860
43033|0x583c03429|21|498590066879
43033|0x583c03429|22|970793168716
43033|0x583c03429|23|2165380176229
43033|0x583c03429|24|4466335210915
43035|0xf213|1|397555
43035|0x2f213|2|824488
43035|0x6f213|3|1703305
43035|0xef213|4|3483289
43035|0x1ef213|5|7272471
43035|0x3ef213|6|14294521
43035|0x3ef213|7|28643103
43035|0xbef213|8|57301608
43035|0x1bef213|9|112860700
43035|0x3bef213|10|229239713
43035|0x7bef213|11|459007750
43035|0x7bef213|12|913937922
43035|0x7bef213|13|1835581819
43035|0x27bef213|14|3651909944
43035|0x27bef213|15|7314704512
43035|0xa7bef213|16|14624769247
43035|0x1a7bef213|17|28951253544
43035|0x3a7bef213|18|57497174764
43035|0x3a7bef213|19|114654509043
43035|0xba7bef213|20|229200644449
43035|0x1ba7bef213|21|459668164126
43035|0x1ba7bef213|22|919163422607
43035|0x1ba7bef213|23|1837405995706
43035|0x1ba7bef213|24|4535041743857
43037|0x15a35|1|639523
43037|0x35a35|2|1442453
43037|0x75a35|3|3059971
43037|0xf5a35|4|6165242
43037|0x1f5a35|5|12621378
43037|0x1f5a35|6|24908169
43037|0x5f5a35|7|45205699
43037|0x5f5a35|8|57369811
43037|0x5f5a35|9|153046595
43037|0x25f5a35|10|283500150
43037|0x25f5a35|11|582397236
43037|0xa5f5a35|12|1179462642
43037|0xa5f5a35|13|2346955882
43037|0xa5f5a35|14|4600743337
43037|0x4a5f5a35|15|9344960623
43037|0x4a5f5a35|16|17658643967
43037|0x14a5f5a35|17|36181271194
43037|0x14a5f5a35|18|81244346970
43037|0x54a5f5a35|19|154145806709
43037|0xd4a5f5a35|20|295221011420
43037|0x1d4a5f5a35|21|671190702444
43037|0x3d4a5f5a35|22|1316960869969
43037|0x7d4a5f5a35|23|1911100274670
43037|0x7d4a5f5a35|24|4857674111267
43039|0xd3df|1|610309
43039|0xd3df|2|1439618
43039|0x4d3df|3|3027261
43039|0x4d3df|4|6141017
43039|0x4d3df|5|12418175
43039|0x24d3df|6|32368607
43039|0x24d3df|7|49884427
43039|0xa4d3df|8|99959224
43039|0x1a4d3df|9|200070009
43039|0x3a4d3df|10|400548467
43039|0x7a4d3df|11|806548523
43039|0xfa4d3df|12|1602153050
43039|0x1fa4d3df|13|3204632922
43039|0x1fa4d3df|14|6410917182
43039|0x1fa4d3df|15|12936069238
43039|0x1fa4d3df|16|25639856460
43039|0x1fa4d3df|17|51413722379
43039|0x1fa4d3df|18|102401635492
43039|0x1fa4d3df|19|166601185775
43039|0x81fa4d3df|20|403830554780
43039|0x81fa4d3df|21|807996150295
43039|0x81fa4d3df|22|1615987320424
43039|0x481fa4d3df|23|3229888770455
43039|0xc81fa4d3df|24|4908867179630
43041|0xdbe1|1|386056
43041|0xdbe1|2|898597
43041|0xdbe1|3|1694667
43041|0x8dbe1|4|3751573
43041|0x18dbe1|5|7259650
43041|0x18dbe1|6|15053818
43041|0x18dbe1|7|29610933
43041|0x98dbe1|8|60041512
43041|0x98dbe1|9|120293895
43041|0x98dbe1|10|238351087
43041|0x498dbe1|11|481032283
43041|0xc98dbe1|12|955787086
43041|0x1c98dbe1|13|1917783736
43041|0x1c98dbe1|14|3832737138
43041|0x1c98dbe1|15|7671644774
43041|0x1c98dbe1|16|15340119074
43041|0x1c98dbe1|17|27945419772
43041|0x1c98dbe1|18|101894969305
43041|0x1c98dbe1|19|150555462136
43041|0x81c98dbe1|20|239306768178
43041|0x181c98dbe1|21|480641536513
43041|0x381c98dbe1|22|962668964175
43041|0x381c98dbe1|23|1929382248933
43041|0x381c98dbe1|24|3819677182103
43043|0x1478b|1|540832
43043|0x1478b|2|841796
43043|0x1478b|3|1678191
43043|0x1478b|4|3748740
43043|0x1478b|5|7248974
43043|0x21478b|6|14848102
43043|0x21478b|7|29730982
43043|0xa1478b|8|59477123
43043|0x1a1478b|9|118914107
43043|0x1a1478b|10|237883140
43043|0x1a1478b|11|476129617
43043|0x1a1478b|12|960795546
43043|0x11a1478b|13|1905189826
43043|0x11a1478b|14|3838307149
43043|0x51a1478b|15|7689613009
43043|0x51a1478b|16|15376317610
43043|0x151a1478b|17|30232993907
43043|0x151a1478b|18|60534409358
43043|0x151a1478b|19|120016830657
43043|0x151a1478b|20|239547728655
43043|0x151a1478b|21|700435324638
43043|0x151a1478b|22|1615673167580
43043|0x4151a1478b|23|3231064822718
43043|0xc151a1478b|24|5954061735456
43045|0x133ad|1|396854
43045|0x333ad|2|806207
43045|0x333ad|3|1678235
43045|0x333ad|4|3433568
43045|0x333ad|5|6917760
43045|0x2333ad|6|14151916
43045|0x2333ad|7|28377478
43045|0x2333ad|8|57221383
43045|0x12333ad|9|114626428
43045|0x12333ad|10|227322790
43045|0x52333ad|11|458336394
43045|0xd2333ad|12|915305609
43045|0xd2333ad|13|1835623897
43045|0xd2333ad|14|3641985386
43045|0xd2333ad|15|7315443756
43045|0xd2333ad|16|14612794785
43045|0x10d2333ad|17|28286204490
43045|0x30d2333ad|18|57385911231
43045|0x30d2333ad|19|114682695247
43045|0x30d2333ad|20|229510540910
43045|0x130d2333ad|21|458608447675
43045|0x330d2333ad|22|918415746427
43045|0x330d2333ad|23|1834537120536
43045|0x330d2333ad|24|3670974016106
43047|0x4797|1|470781
43047|0x24797|2|807793
43047|0x64797|3|1678273
43047|0x64797|4|3522199
43047|0x164797|5|7088533
43047|0x364797|6|14144197
43047|0x764797|7|28391486
43047|0x764797|8|57074815
43047|0x1764797|9|113743433
43047|0x1764797|10|228112498
43047|0x1764797|11|456270560
43047|0x9764797|12|912125225
43047|0x19764797|13|1823352684
43047|0x19764797|14|3649987627
43047|0x19764797|15|7298824095
43047|0x99764797|16|14653796640
43047|0x199764797|17|29038255675
43047|0x199764797|18|57393983897
43047|0x599764797|19|114863142421
43047|0x599764797|20|229432707109
43047|0x1599764797|21|456773615984
43047|0x1599764797|22|932441065861
43047|0x1599764797|23|1836450478182
43047|0x1599764797|24|5800197109642
43049|0x17419|1|857028
43049|0x17419|2|1472452
43049|0x57419|3|3064294
43049|0x57419|4|6203546
43049|0x157419|5|12566823
43049|0x357419|6|25126868
43049|0x757419|7|50388564
43049|0x757419|8|100963004
43049|0x1757419|9|202043535
43049|0x1757419|10|402790360
43049|0x1757419|11|808322088
43049|0x1757419|12|1616967392
43049|0x11757419|13|3233879822
43049|0x31757419|14|6404867704
43049|0x31757419|15|12927019201
43049|0x31757419|16|25782578900
43049|0x131757419|17|50327439300
43049|0x331757419|18|101129218643
43049|0x331757419|19|201640933018
43049|0xb31757419|20|403461567272
43049|0xb31757419|21|807020436307
43049|0xb31757419|22|1614244190541
43049|0x4b31757419|23|3230107213426
43049|0xcb31757419|24|4492999977815
43051|0xd683|1|387447
43051|0x2d683|2|939421
43051|0x2d683|3|1701839
43051|0x2d683|4|3794219
43051|0x2d683|5|7315411
43051|0x2d683|6|14988778
43051|0x42d683|7|30008478
43051|0x42d683|8|60602932
43051|0x42d683|9|121281073
43051|0x42d683|10|242521050
43051|0x42d683|11|485679950
43051|0x842d683|12|962675998
43051|0x842d683|13|1933996758
43051|0x842d683|14|3867304703
43051|0x4842d683|15|7741810447
43051|0x4842d683|16|15493093124
43051|0x4842d683|17|31003872584
43051|0x4842d683|18|61063231129
43051|0x4842d683|19|120530172261
43051|0x84842d683|20|242906016942
43051|0x184842d683|21|485517554600
43051|0x184842d683|22|971228033361
43051|0x184842d683|23|2441183512532
43051|0x984842d683|24|6071546730702
43053|0x1e7a5|1|612825
43053|0x3e7a5|2|1477927
43053|0x7e7a5|3|2998672
43053|0xfe7a5|4|6144856
43053|0x1fe7a5|5|12406059
43053|0x3fe7a5|6|24888803
43053|0x7fe7a5|7|49947354
43053|0xffe7a5|8|100949956
43053|0x1ffe7a5|9|202108870
43053|0x3ffe7a5|10|404013863
43053|0x7ffe7a5|11|806179318
43053|0xfffe7a5|12|1613122107
43053|0xfffe7a5|13|3228237200
43053|0xfffe7a5|14|6439026001
43053|0x4fffe7a5|15|12885360895
43053|0x4fffe7a5|16|25924196358
43053|0x4fffe7a5|17|51515872735
43053|0x24fffe7a5|18|101362038577
43053|0x24fffe7a5|19|199891818925
43053|0xa4fffe7a5|20|246779955998
43053|0x1a4fffe7a5|21|477273602553
43053|0x3a4fffe7a5|22|962872987462
43053|0x7a4fffe7a5|23|2214396261132
43053|0x7a4fffe7a5|24|3779122801765
43055|0x19ecf|1|480319
43055|0x19ecf|2|824466
43055|0x59ecf|3|1703398
43055|0x59ecf|4|3479777
43055|0x59ecf|5|6923683
43055|0x59ecf|6|14150738
43055|0x459ecf|7|28368112
43055|0x459ecf|8|56593566
43055|0x1459ecf|9|113690017
43055|0x1459ecf|10|229471437
43055|0x5459ecf|11|458770910
43055|0xd459ecf|12|913749717
43055|0xd459ecf|13|1825502016
43055|0x2d459ecf|14|3647533261
43055|0x2d459ecf|15|7298892005
43055|0x2d459ecf|16|14651599151
43055|0x2d459ecf|17|29238791909
43055|0x22d459ecf|18|57553914906
43055|0x62d459ecf|19|114512741035
43055|0xe2d459ecf|20|229453895749
43055|0x1e2d459ecf|21|459125173441
43055|0x1e2d459ecf|22|917721045810
43055|0x5e2d459ecf|23|1834327716277
43055|0x5e2d459ecf|24|3663894959215
43057|0x1b0d1|1|394711
43057|0x1b0d1|2|824577
43057|0x5b0d1|3|1703142
43057|0x5b0d1|4|3473799
43057|0x5b0d1|5|7237444
43057|0x25b0d1|6|14073930
43057|0x65b0d1|7|28352006
43057|0xe5b0d1|8|56551071
43057|0xe5b0d1|9|114482845
43057|0xe5b0d1|10|228627469
43057|0xe5b0d1|11|454543849
43057|0x8e5b0d1|12|911165849
43057|0x18e5b0d1|13|1824061538
43057|0x18e5b0d1|14|3645725453
43057|0x18e5b0d1|15|7313904980
43057|0x98e5b0d1|16|14623031543
43057|0x98e5b0d1|17|28786226861
43057|0x98e5b0d1|18|57192265056
43057|0x498e5b0d1|19|114245872407
43057|0xc98e5b0d1|20|229102861700
43057|0xc98e5b0d1|21|458556973025
43057|0xc98e5b0d1|22|916504817358
43057|0x4c98e5b0d1|23|2416503449285
43057|0x4c98e5b0d1|24|5604061216410
43059|0x92fb|1|607947
43059|0x292fb|2|1475049
43059|0x292fb|3|3038150
43059|0xa92fb|4|6128725
43059|0x1a92fb|5|12388180
43059|0x1a92fb|6|24901254
43059|0x5a92fb|7|49922951
43059|0xda92fb|8|99975079
43059|0xda92fb|9|201964114
43059|0xda92fb|10|404048897
43059|0x4da92fb|11|808162720
43059|0xcda92fb|12|1612814974
43059|0xcda92fb|13|3207492224
43059|0xcda92fb|14|6432648717
43059|0xcda92fb|15|12910305730
43059|0xcda92fb|16|25767763924
43059|0xcda92fb|17|51523478018
43059|0x20cda92fb|18|60436538909
43059|0x20cda92fb|19|121154292133
43059|0xa0cda92fb|20|244084009345
43059|0x1a0cda92fb|21|747712600455
43059|0x3a0cda92fb|22|1486023560876
43059|0x3a0cda92fb|23|2394130698900
43059|0x3a0cda92fb|24|3665102873785
43061|0x16a1d|1|340376
43061|0x36a1d|2|819780
43061|0x36a1d|3|1678459
43061|0xb6a1d|4|3577613
43061|0xb6a1d|5|7034573
43061|0xb6a1d|6|14194823
43061|0xb6a1d|7|28428628
43061|0xb6a1d|8|57179562
43061|0xb6a1d|9|114872857
43061|0xb6a1d|10|227512726
43061|0xb6a1d|11|458393688
43061|0xb6a1d|12|918500903
43061|0xb6a1d|13|1827501077
43061|0xb6a1d|14|3661598131
43061|0xb6a1d|15|7319398023
43061|0x800b6a1d|16|14623457883
43061|0x800b6a1d|17|29247301384
43061|0x2800b6a1d|18|56903968063
43061|0x6800b6a1d|19|115111398833
43061|0x6800b6a1d|20|229213403236
43061|0x6800b6a1d|21|459646866300
43061|0x26800b6a1d|22|917164699236
43061|0x26800b6a1d|23|2725541308079
43061|0x26800b6a1d|24|4883484158819
43063|0x18d87|1|634091
43063|0x38d87|2|1472279
43063|0x78d87|3|3067298
43063|0x78d87|4|6236457
43063|0x78d87|5|12542342
43063|0x78d87|6|25156808
43063|0x78d87|7|50411891
43063|0x878d87|8|100892023
43063|0x878d87|9|202035661
43063|0x2878d87|10|404192471
43063|0x2878d87|11|856199382
43063|0x2878d87|12|1602736789
43063|0x2878d87|13|3233410376
43063|0x2878d87|14|6409562275
43063|0x2878d87|15|12819054078
43063|0x82878d87|16|25872101700
43063|0x182878d87|17|51445898175
43063|0x182878d87|18|100961951324
43063|0x582878d87|19|201668784665
43063|0xd82878d87|20|403850478393
43063|0x1d82878d87|21|556771865630
43063|0x1d82878d87|22|917097657532
43063|0x1d82878d87|23|1834983689339
43063|0x1d82878d87|24|3662711561013
43065|0xc609|1|479648
43065|0x2c609|2|824363
43065|0x6c609|3|1715024
43065|0xec609|4|3480891
43065|0xec609|5|7223637
43065|0xec609|6|14196964
43065|0x4ec609|7|28509128
43065|0xcec609|8|57374723
43065|0xcec609|9|114384418
43065|0xcec609|10|229008001
43065|0xcec609|11|456991092
43065|0xcec609|12|914686957
43065|0xcec609|13|1816115259
43065|0x20cec609|14|3652798075
43065|0x20cec609|15|7287258527
43065|0x20cec609|16|14609897038
43065|0x120cec609|17|28359836584
43065|0x120cec609|18|56842447110
43065|0x120cec609|19|115353641739
43065|0x920cec609|20|229182798734
43065|0x1920cec609|21|458484480793
43065|0x3920cec609|22|917293166388
43065|0x7920cec609|23|1839564091171
43065|0xf920cec609|24|6088609105357
43067|0x1f0f3|1|705874
43067|0x3f0f3|2|1465748
43067|0x3f0f3|3|2999730
43067|0xbf0f3|4|6157734
43067|0xbf0f3|5|12514956
43067|0x2bf0f3|6|25155456
43067|0x6bf0f3|7|50475297
43067|0x6bf0f3|8|100977739
43067|0x16bf0f3|9|200401970
43067|0x36bf0f3|10|402869926
43067|0x36bf0f3|11|810838807
43067|0x36bf0f3|12|1620380065
43067|0x36bf0f3|13|3217745986
43067|0x236bf0f3|14|6435664186
43067|0x236bf0f3|15|12939097354
43067|0x236bf0f3|16|25762792826
43067|0x1236bf0f3|17|50167689086
43067|0x3236bf0f3|18|101085901853
43067|0x3236bf0f3|19|202072155031
43067|0xb236bf0f3|20|403923109022
43067|0x1b236bf0f3|21|807761395392
43067|0x1b236bf0f3|22|1604717256725
43067|0x1b236bf0f3|23|3179579824016
43067|0x9b236bf0f3|24|6327415873290
43069|0x12f15|1|607627
43069|0x32f15|2|1444750
43069|0x32f15|3|3014883
43069|0xb2f15|4|6153678
43069|0x1b2f15|5|12405159
43069|0x3b2f15|6|25131959
43069|0x3b2f15|7|50370840
43069|0x3b2f15|8|100914593
43069|0x13b2f15|9|200142087
43069|0x33b2f15|10|400376400
43069|0x73b2f15|11|800861788
43069|0x73b2f15|12|1608458904
43069|0x173b2f15|13|3227297241
43069|0x373b2f15|14|6445740719
43069|0x373b2f15|15|12609337049
43069|0x373b2f15|16|21379743946
43069|0x373b2f15|17|48997682791
43069|0x373b2f15|18|102524423465
43069|0x4373b2f15|19|201050580756
43069|0x4373b2f15|20|382058625181
43069|0x4373b2f15|21|757081247019
43069|0x4373b2f15|22|1550322277978
43069|0x44373b2f15|23|1997928370391
43069|0xc4373b2f15|24|5423053139340
43071|0x147bf|1|422043
43071|0x347bf|2|885642
43071|0x747bf|3|2183656
43071|0x747bf|4|4369528
43071|0x747bf|5|9574589
43071|0x2747bf|6|25154691
43071|0x6747bf|7|39724116
43071|0xe747bf|8|90422166
43071|0xe747bf|9|178822982
43071|0xe747bf|10|352251897
43071|0xe747bf|11|696637355
43071|0xe747bf|12|1443051113
43071|0xe747bf|13|2769056166
43071|0xe747bf|14|5381972626
43071|0xe747bf|15|10727449164
43071|0xe747bf|16|21381077814
43071|0xe747bf|17|48007030407
43071|0xe747bf|18|83337187970
43071|0xe747bf|19|174836888680
43071|0x800e747bf|20|264110347431
43071|0x1800e747bf|21|434296832772
43071|0x1800e747bf|22|936182977608
43071|0x1800e747bf|23|2644464595081
43071|0x9800e747bf|24|4862629871032
43073|0x167c1|1|358796
43073|0x367c1|2|829135
43073|0x767c1|3|1678492
43073|0xf67c1|4|3594155
43073|0xf67c1|5|7006870
43073|0xf67c1|6|14131736
43073|0xf67c1|7|28403372
43073|0xf67c1|8|57119227
43073|0xf67c1|9|114802764
43073|0xf67c1|10|229452809
43073|0xf67c1|11|458797134
43073|0xf67c1|12|911174853
43073|0xf67c1|13|1833180158
43073|0x200f67c1|14|3650556564
43073|0x600f67c1|15|7308499275
43073|0xe00f67c1|16|14606612205
43073|0x1e00f67c1|17|28970539852
43073|0x1e00f67c1|18|55072889366
43073|0x5e00f67c1|19|130569978663
43073|0xde00f67c1|20|278921149812
43073|0x1de00f67c1|21|588057901120
43073|0x3de00f67c1|22|1104497410949
43073|0x7de00f67c1|23|2097281584330
43073|0x7de00f67c1|24|4562505622069
43075|0xe46b|1|656941
43075|0x2e46b|2|1478067
43075|0x2e46b|3|3023159
43075|0xae46b|4|6139069
43075|0xae46b|5|12406714
43075|0xae46b|6|20236898
43075|0x4ae46b|7|43492014
43075|0xcae46b|8|92653946
43075|0x1cae46b|9|181258744
43075|0x3cae46b|10|327697370
43075|0x7cae46b|11|734134374
43075|0x7cae46b|12|1605974602
43075|0x17cae46b|13|3212197434
43075|0x37cae46b|14|6447767193
43075|0x77cae46b|15|12857124541
43075|0xf7cae46b|16|18520905053
43075|0xf7cae46b|17|28006965567
43075|0x2f7cae46b|18|70017593104
43075|0x6f7cae46b|19|191056857185
43075|0x6f7cae46b|20|234077037090
43075|0x16f7cae46b|21|612281403315
43075|0x36f7cae46b|22|1044108584165
43075|0x36f7cae46b|23|2071953869914
43075|0x36f7cae46b|24|4124585244581
43077|0x2a8d|1|440482
43077|0x2a8d|2|856295
43077|0x2a8d|3|1738170
43077|0x82a8d|4|3817311
43077|0x82a8d|5|7514194
43077|0x282a8d|6|15091033
43077|0x682a8d|7|30248040
43077|0x682a8d|8|60512360
43077|0x682a8d|9|121246397
43077|0x682a8d|10|242815620
43077|0x682a8d|11|480727563
43077|0x8682a8d|12|966067118
43077|0x8682a8d|13|1919595616
43077|0x28682a8d|14|3846555169
43077|0x68682a8d|15|7763754715
43077|0xe8682a8d|16|15511799900
43077|0x1e8682a8d|17|30070154544
43077|0x1e8682a8d|18|55821361768
43077|0x1e8682a8d|19|121055077298
43077|0x9e8682a8d|20|275516782437
43077|0x19e8682a8d|21|485505893515
43077|0x19e8682a8d|22|970404278862
43077|0x19e8682a8d|23|2031137801642
43077|0x99e8682a8d|24|4639905416534
43079|0x8177|1|405374
43079|0x28177|2|919111
43079|0x28177|3|1695620
43079|0xa8177|4|3792071
43079|0xa8177|5|7319107
43079|0x2a8177|6|15096153
43079|0x6a8177|7|30289615
43079|0xea8177|8|60118439
43079|0xea8177|9|120331163
43079|0x2ea8177|10|242715675
43079|0x6ea8177|11|484387774
43079|0x6ea8177|12|967180989
43079|0x16ea8177|13|1930100724
43079|0x16ea8177|14|3867033731
43079|0x56ea8177|15|7730012969
43079|0x56ea8177|16|15461786752
43079|0x56ea8177|17|30926600664
43079|0x256ea8177|18|60819258615
43079|0x256ea8177|19|121468154592
43079|0x256ea8177|20|242812694429
43079|0x1256ea8177|21|480512894397
43079|0x3256ea8177|22|968694110836
43079|0x3256ea8177|23|1969667826135
43079|0x3256ea8177|24|3919608331697
43081|0x1c9f9|1|407267
43081|0x3c9f9|2|918166
43081|0x3c9f9|3|1748466
43081|0x3c9f9|4|3802335
43081|0x3c9f9|5|7356665
43081|0x23c9f9|6|14999427
43081|0x63c9f9|7|30132578
43081|0x63c9f9|8|60300501
43081|0x163c9f9|9|120750937
43081|0x363c9f9|10|257271192
43081|0x763c9f9|11|486252987
43081|0xf63c9f9|12|974137155
43081|0xf63c9f9|13|1929455292
43081|0x2f63c9f9|14|3889756607
43081|0x2f63c9f9|15|7717329005
43081|0x2f63c9f9|16|15445954819
43081|0x12f63c9f9|17|30453284955
43081|0x12f63c9f9|18|60687525086
43081|0x12f63c9f9|19|121640749795
43081|0x12f63c9f9|20|240546906630
43081|0x112f63c9f9|21|485138881736
43081|0x112f63c9f9|22|970347415622
43081|0x112f63c9f9|23|1976712765551
43081|0x112f63c9f9|24|5545990945942
43083|0x1e163|1|419555
43083|0x3e163|2|824250
43083|0x7e163|3|1860551
43083|0xfe163|4|3644554
43083|0x1fe163|5|7548253
43083|0x1fe163|6|14887342
43083|0x5fe163|7|38457864
43083|0x5fe163|8|59990025
43083|0x5fe163|9|120035642
43083|0x5fe163|10|240378395
43083|0x5fe163|11|476376648
43083|0x85fe163|12|960572123
43083|0x85fe163|13|1924977308
43083|0x285fe163|14|3820028214
43083|0x685fe163|15|7689612448
43083|0xe85fe163|16|15322760192
43083|0x1e85fe163|17|32305762974
43083|0x3e85fe163|18|71679797698
43083|0x7e85fe163|19|137883916506
43083|0x7e85fe163|20|238571328846
43083|0x17e85fe163|21|599715536885
43083|0x17e85fe163|22|1511281162182
43083|0x17e85fe163|23|2482738389328
43083|0x97e85fe163|24|5130467135797
43085|0xd085|1|340594
43085|0x2d085|2|857891
43085|0x2d085|3|1907538
43085|0x2d085|4|3555784
43085|0x12d085|5|7524213
43085|0x12d085|6|14826653
43085|0x12d085|7|29582327
43085|0x92d085|8|60168336
43085|0x192d085|9|120168792
43085|0x392d085|10|240747792
43085|0x792d085|11|480625997
43085|0x792d085|12|962386875
43085|0x792d085|13|1912810948
43085|0x2792d085|14|3833843420
43085|0x6792d085|15|7669193174
43085|0xe792d085|16|15336673953
43085|0xe792d085|17|29406144483
43085|0x2e792d085|18|60341914845
43085|0x2e792d085|19|141702724296
43085|0xae792d085|20|403229923536
43085|0xae792d085|21|622669209545
43085|0xae792d085|22|1365537473417
43085|0x4ae792d085|23|2629808761527
43085|0xcae792d085|24|4939065504210
43087|0x16eaf|1|611091
43087|0x16eaf|2|1443827
43087|0x56eaf|3|3019731
43087|0x56eaf|4|6127038
43087|0x156eaf|5|12412371
43087|0x156eaf|6|24890269
43087|0x556eaf|7|50034159
43087|0x556eaf|8|100111571
43087|0x1556eaf|9|200306399
43087|0x3556eaf|10|400867039
43087|0x3556eaf|11|801814462
43087|0xb556eaf|12|1604465801
43087|0x1b556eaf|13|3208244940
43087|0x1b556eaf|14|6456971388
43087|0x1b556eaf|15|12896362450
43087|0x9b556eaf|16|23835769179
43087|0x9b556eaf|17|49880818480
43087|0x9b556eaf|18|100629318183
43087|0x9b556eaf|19|202133762740
43087|0x9b556eaf|20|393390405279
43087|0x9b556eaf|21|796181286715
43087|0x209b556eaf|22|1146132451890
43087|0x209b556eaf|23|2545701375949
43087|0x209b556eaf|24|4352671693113
43089|0x1a0b1|1|640327
43089|0x1a0b1|2|1475753
43089|0x1a0b1|3|2997292
43089|0x9a0b1|4|6162043
43089|0x9a0b1|5|12392621
43089|0x9a0b1|6|24950792
43089|0x9a0b1|7|50021722
43089|0x89a0b1|8|101007019
43089|0x189a0b1|9|202240938
43089|0x389a0b1|10|404537324
43089|0x389a0b1|11|802021300
43089|0x389a0b1|12|1606291032
43089|0x1389a0b1|13|3238170922
43089|0x1389a0b1|14|6476298695
43089|0x1389a0b1|15|12898195958
43089|0x9389a0b1|16|25778577948
43089|0x19389a0b1|17|51278424558
43089|0x39389a0b1|18|100941338132
43089|0x79389a0b1|19|202223428155
43089|0xf9389a0b1|20|404327901002
43089|0xf9389a0b1|21|806670190813
43089|0xf9389a0b1|22|1572163565391
43089|0x4f9389a0b1|23|1887688316679
43089|0x4f9389a0b1|24|4270792187651
43091|0x1dbdb|1|384882
43091|0x3dbdb|2|883374
43091|0x3dbdb|3|2200927
43091|0xbdbdb|4|5158001
43091|0xbdbdb|5|12519247
43091|0x2bdbdb|6|19181360
43091|0x2bdbdb|7|50118468
43091|0xabdbdb|8|75982949
43091|0xabdbdb|9|152049761
43091|0xabdbdb|10|312733968
43091|0xabdbdb|11|621072218
43091|0xabdbdb|12|1234588050
43091|0xabdbdb|13|2459875848
43091|0xabdbdb|14|4033803783
43091|0xabdbdb|15|6465104412
43091|0xabdbdb|16|15614110733
43091|0x100abdbdb|17|29297483845
43091|0x100abdbdb|18|77835732838
43091|0x500abdbdb|19|181396518801
43091|0x500abdbdb|20|379348264487
43091|0x1500abdbdb|21|806667474538
43091|0x1500abdbdb|22|1180521349498
43091|0x5500abdbdb|23|2796422794202
43091|0x5500abdbdb|24|5411319146725
43093|0x114fd|1|354697
43093|0x314fd|2|850754
43093|0x714fd|3|1904262
43093|0x714fd|4|3545644
43093|0x714fd|5|7518172
43093|0x2714fd|6|14716536
43093|0x6714fd|7|29943662
43093|0x6714fd|8|59458581
43093|0x6714fd|9|120366088
43093|0x6714fd|10|238429021
43093|0x6714fd|11|477719744
43093|0x86714fd|12|958981113
43093|0x186714fd|13|1919829124
43093|0x186714fd|14|3832462459
43093|0x586714fd|15|7673997214
43093|0x586714fd|16|15351927134
43093|0x1586714fd|17|30458831590
43093|0x3586714fd|18|60108018880
43093|0x3586714fd|19|120348017308
43093|0x3586714fd|20|240319685570
43093|0x3586714fd|21|508587078145
43093|0x23586714fd|22|1580678741849
43093|0x63586714fd|23|2591079234497
43093|0x63586714fd|24|4884417789816
43095|0xc367|1|632961
43095|0x2c367|2|1472049
43095|0x6c367|3|3076931
43095|0xec367|4|6232466
43095|0xec367|5|12489571
43095|0xec367|6|24884652
43095|0x4ec367|7|49981773
43095|0x4ec367|8|101119733
43095|0x14ec367|9|201328465
43095|0x34ec367|10|400809537
43095|0x34ec367|11|802378297
43095|0x34ec367|12|1613132140
43095|0x134ec367|13|3224099069
43095|0x134ec367|14|6466776180
43095|0x534ec367|15|12896972351
43095|0x534ec367|16|25794741714
43095|0x534ec367|17|51580849991
43095|0x534ec367|18|92610366685
43095|0x534ec367|19|136863559837
43095|0x8534ec367|20|240959069046
43095|0x8534ec367|21|524505042210
43095|0x8534ec367|22|1505220194012
43095|0x8534ec367|23|2518629458388
43095|0x88534ec367|24|6213907150992
43097|0x1fe9|1|628378
43097|0x1fe9|2|1439941
43097|0x41fe9|3|3036232
43097|0x41fe9|4|6162366
43097|0x41fe9|5|12408827
43097|0x241fe9|6|24905651
43097|0x241fe9|7|49990574
43097|0xa41fe9|8|100090801
43097|0xa41fe9|9|200397949
43097|0x2a41fe9|10|400957174
43097|0x2a41fe9|11|802421813
43097|0x2a41fe9|12|1604321508
43097|0x2a41fe9|13|3255090200
43097|0x22a41fe9|14|6418426217
43097|0x62a41fe9|15|12853174312
43097|0x62a41fe9|16|25901742289
43097|0x62a41fe9|17|51801093166
43097|0x262a41fe9|18|101269097588
43097|0x262a41fe9|19|193061524584
43097|0x262a41fe9|20|375222228686
43097|0x1262a41fe9|21|546025104981
43097|0x3262a41fe9|22|1021341088033
43097|0x7262a41fe9|23|3096533004527
43097|0xf262a41fe9|24|5078438818865
43099|0x47d3|1|622026
43099|0x47d3|2|1467252
43099|0x447d3|3|3074579
43099|0xc47d3|4|6232124
43099|0xc47d3|5|12546472
43099|0xc47d3|6|25136701
43099|0xc47d3|7|50484763
43099|0x8c47d3|8|101050002
43099|0x18c47d3|9|202283992
43099|0x18c47d3|10|400966343
43099|0x58c47d3|11|802123681
43099|0xd8c47d3|12|1604472107
43099|0xd8c47d3|13|3238786925
43099|0x2d8c47d3|14|6475091775
43099|0x6d8c47d3|15|12888783065
43099|0x6d8c47d3|16|25794534735
43099|0x16d8c47d3|17|51332406857
43099|0x36d8c47d3|18|100745810318
43099|0x76d8c47d3|19|202051281631
43099|0xf6d8c47d3|20|404370466616
43099|0xf6d8c47d3|21|807090121770
43099|0x2f6d8c47d3|22|1565656753392
43099|0x6f6d8c47d3|23|1857025343637
43099|0xef6d8c47d3|24|3755034289491
43101|0x6bf5|1|341017
43101|0x6bf5|2|806658
43101|0x6bf5|3|1676852
43101|0x6bf5|4|3432555
43101|0x6bf5|5|7178670
43101|0x6bf5|6|14167680
43101|0x6bf5|7|28422096
43101|0x6bf5|8|57131623
43101|0x1006bf5|9|114210155
43101|0x1006bf5|10|229260345
43101|0x5006bf5|11|458608337
43101|0xd006bf5|12|917539759
43101|0xd006bf5|13|1835089609
43101|0xd006bf5|14|3651640461
43101|0xd006bf5|15|7296125678
43101|0xd006bf5|16|14593208804
43101|0x10d006bf5|17|28178589182
43101|0x30d006bf5|18|57173113285
43101|0x70d006bf5|19|114352902189
43101|0xf0d006bf5|20|229346642638
43101|0xf0d006bf5|21|496452377734
43101|0xf0d006bf5|22|1560744458082
43101|0xf0d006bf5|23|1940802539112
43101|0xf0d006bf5|24|3860312260816
43103|0x1b39f|1|338284
43103|0x3b39f|2|808190
43103|0x3b39f|3|1678619
43103|0x3b39f|4|3442999
43103|0x3b39f|5|7203195
43103|0x3b39f|6|14067610
43103|0x43b39f|7|28699069
43103|0x43b39f|8|57201926
43103|0x143b39f|9|113889805
43103|0x343b39f|10|227611696
43103|0x743b39f|11|453628489
43103|0x743b39f|12|913388298
43103|0x743b39f|13|1829051304
43103|0x2743b39f|14|3659672642
43103|0x2743b39f|15|7315606861
43103|0x2743b39f|16|14650131430
43103|0x12743b39f|17|28528097139
43103|0x32743b39f|18|57609716913
43103|0x32743b39f|19|114864307196
43103|0x32743b39f|20|228442639512
43103|0x132743b39f|21|460068152830
43103|0x332743b39f|22|917883848636
43103|0x732743b39f|23|2530160600401
43103|0xf32743b39f|24|4330021607353
43105|0x1fba1|1|375957
43105|0x3fba1|2|822648
43105|0x7fba1|3|1701682
43105|0xffba1|4|3486178
43105|0x1ffba1|5|7247743
43105|0x1ffba1|6|14067420
43105|0x5ffba1|7|28377567
43105|0xdffba1|8|57108962
43105|0xdffba1|9|113609310
43105|0x2dffba1|10|228163198
43105|0x6dffba1|11|458257403
43105|0xedffba1|12|917967368
43105|0xedffba1|13|1828657172
43105|0x2edffba1|14|3656894811
43105|0x6edffba1|15|7307492477
43105|0x6edffba1|16|14621138852
43105|0x16edffba1|17|31686830708
43105|0x36edffba1|18|77184127108
43105|0x36edffba1|19|142150574609
43105|0x36edffba1|20|242336145548
43105|0x136edffba1|21|507374257844
43105|0x336edffba1|22|1061176567667
43105|0x736edffba1|23|2142276952956
43105|0xf36edffba1|24|4308398992473
43107|0x1194b|1|439149
43107|0x3194b|2|824610
43107|0x7194b|3|1717680
43107|0xf194b|4|3485063
43107|0x1f194b|5|7114493
43107|0x3f194b|6|14232951
43107|0x3f194b|7|28414738
43107|0x3f194b|8|57428428
43107|0x13f194b|9|114657474
43107|0x13f194b|10|227687884
43107|0x53f194b|11|460168456
43107|0x53f194b|12|914426448
43107|0x153f194b|13|1816794107
43107|0x353f194b|14|3662628846
43107|0x353f194b|15|7336187619
43107|0x353f194b|16|14692867781
43107|0x353f194b|17|43973899094
43107|0x2353f194b|18|101467396768
43107|0x6353f194b|19|202014786384
43107|0xe353f194b|20|300835644241
43107|0x1e353f194b|21|468446684085
43107|0x3e353f194b|22|1079290104254
43107|0x3e353f194b|23|2349215736831
43107|0x3e353f194b|24|5201390114037
43109|0x1c96d|1|604316
43109|0x1c96d|2|1445580
43109|0x5c96d|3|3023317
43109|0xdc96d|4|6159550
43109|0xdc96d|5|12421889
43109|0x2dc96d|6|24939637
43109|0x6dc96d|7|49975416
43109|0xedc96d|8|100133552
43109|0xedc96d|9|200406117
43109|0x2edc96d|10|401186771
43109|0x6edc96d|11|802152941
43109|0xeedc96d|12|1618876076
43109|0x1eedc96d|13|3237617046
43109|0x1eedc96d|14|6416708768
43109|0x5eedc96d|15|12836513333
43109|0xdeedc96d|16|25778171666
43109|0xdeedc96d|17|31089346799
43109|0xdeedc96d|18|56965500137
43109|0x4deedc96d|19|198193200161
43109|0xcdeedc96d|20|263556330918
43109|0xcdeedc96d|21|554879713794
43109|0x2cdeedc96d|22|1462680864337
43109|0x2cdeedc96d|23|2572044487512
43109|0x2cdeedc96d|24|5270869746364
43111|0x1f357|1|218386
43111|0x3f357|2|495629
43111|0x3f357|3|1219693
43111|0xbf357|4|2693090
43111|0xbf357|5|5241458
43111|0xbf357|6|14879869
43111|0xbf357|7|29905127
43111|0x8bf357|8|53826560
43111|0x8bf357|9|103955519
43111|0x8bf357|10|212420141
43111|0x8bf357|11|448843184
43111|0x8bf357|12|835371235
43111|0x108bf357|13|1700784604
43111|0x108bf357|14|3279255144
43111|0x108bf357|15|6566382371
43111|0x908bf357|16|14146920364
43111|0x908bf357|17|27219765178
43111|0x2908bf357|18|56255605772
43111|0x6908bf357|19|137818491740
43111|0x6908bf357|20|314727437042
43111|0x6908bf357|21|562313936307
43111|0x6908bf357|22|1031932846793
43111|0x6908bf357|23|2128739917047
43111|0x86908bf357|24|4878835990955
43113|0x167d9|1|396229
43113|0x367d9|2|918878
43113|0x767d9|3|1847250
43113|0x767d9|4|3613580
43113|0x1767d9|5|7361972
43113|0x1767d9|6|14836728
43113|0x5767d9|7|29599320
43113|0x5767d9|8|59618637
43113|0x5767d9|9|119884042
43113|0x5767d9|10|240295718
43113|0x5767d9|11|480626641
43113|0x5767d9|12|960602931
43113|0x5767d9|13|1915200834
43113|0x5767d9|14|3832525680
43113|0x5767d9|15|7651302035
43113|0x805767d9|16|15330345865
43113|0x805767d9|17|30643250277
43113|0x2805767d9|18|59973828939
43113|0x2805767d9|19|132818096272
43113|0x2805767d9|20|372166447339
43113|0x2805767d9|21|771312118999
43113|0x2805767d9|22|1024068114759
43113|0x42805767d9|23|2740089021504
43113|0xc2805767d9|24|5106999002546
43115|0xc443|1|359252
43115|0x2c443|2|808171
43115|0x6c443|3|1865276
43115|0x6c443|4|3607629
43115|0x6c443|5|7594726
43115|0x26c443|6|14951056
43115|0x26c443|7|30007218
43115|0x26c443|8|60055180
43115|0x126c443|9|120317027
43115|0x126c443|10|242711924
43115|0x526c443|11|485347179
43115|0xd26c443|12|965547663
43115|0x1d26c443|13|1933903556
43115|0x3d26c443|14|3869225883
43115|0x3d26c443|15|7742372470
43115|0x3d26c443|16|15373024289
43115|0x13d26c443|17|28692575285
43115|0x33d26c443|18|58585826419
43115|0x73d26c443|19|107602522268
43115|0xf3d26c443|20|221018869814
43115|0xf3d26c443|21|453595987338
43115|0xf3d26c443|22|893043561120
43115|0xf3d26c443|23|1835553607464
43115|0x8f3d26c443|24|4792913753432
43117|0x1a165|1|341603
43117|0x1a165|2|808320
43117|0x5a165|3|1678822
43117|0x5a165|4|3737638
43117|0x15a165|5|7250908
43117|0x35a165|6|14882152
43117|0x75a165|7|29648984
43117|0x75a165|8|59553070
43117|0x75a165|9|118968194
43117|0x75a165|10|238499465
43117|0x475a165|11|477546247
43117|0xc75a165|12|955595806
43117|0xc75a165|13|1912663091
43117|0xc75a165|14|3860693841
43117|0xc75a165|15|7648377404
43117|0x8c75a165|16|15305109199
43117|0x18c75a165|17|38628542052
43117|0x38c75a165|18|66533967438
43117|0x38c75a165|19|105217123384
43117|0x38c75a165|20|242388077345
43117|0x138c75a165|21|480385787622
43117|0x138c75a165|22|1441686073765
43117|0x138c75a165|23|2668605611626
43117|0x938c75a165|24|4904241217957
43119|0x1b68f|1|628558
43119|0x1b68f|2|1509852
43119|0x5b68f|3|3041904
43119|0xdb68f|4|6235249
43119|0xdb68f|5|12522291
43119|0xdb68f|6|25169452
43119|0x4db68f|7|50458709
43119|0xcdb68f|8|101031926
43119|0x1cdb68f|9|202206760
43119|0x1cdb68f|10|404548285
43119|0x1cdb68f|11|801721528
43119|0x9cdb68f|12|1618394661
43119|0x9cdb68f|13|3210869021
43119|0x9cdb68f|14|6446050022
43119|0x49cdb68f|15|12832150028
43119|0x49cdb68f|16|25786595859
43119|0x149cdb68f|17|50878577476
43119|0x349cdb68f|18|101187388517
43119|0x749cdb68f|19|202143164239
43119|0xf49cdb68f|20|336368571860
43119|0x1f49cdb68f|21|549707439657
43119|0x1f49cdb68f|22|1105029102225
43119|0x1f49cdb68f|23|2472968060092
43119|0x1f49cdb68f|24|4978182615305
43121|0x1891|1|706161
43121|0x21891|2|1469945
43121|0x61891|3|3063113
43121|0x61891|4|6202759
43121|0x161891|5|12543258
43121|0x361891|6|25179160
43121|0x361891|7|50003497
43121|0x361891|8|100980759
43121|0x361891|9|200341785
43121|0x361891|10|404472003
43121|0x361891|11|801623746
43121|0x8361891|12|1614763077
43121|0x8361891|13|3221764740
43121|0x28361891|14|6443936136
43121|0x68361891|15|12889576701
43121|0xe8361891|16|25784675804
43121|0xe8361891|17|47070311319
43121|0x2e8361891|18|77076046728
43121|0x6e8361891|19|156353265242
43121|0x6e8361891|20|275076375980
43121|0x16e8361891|21|545751267800
43121|0x16e8361891|22|1331957269098
43121|0x16e8361891|23|2612240900040
43121|0x96e8361891|24|5203456278937
43123|0x3cbb|1|417764
43123|0x23cbb|2|899805
43123|0x63cbb|3|2160629
43123|0xe3cbb|4|4379560
43123|0xe3cbb|5|10219985
43123|0xe3cbb|6|27722379
43123|0x4e3cbb|7|42729992
43123|0x4e3cbb|8|93347416
43123|0x14e3cbb|9|188307880
43123|0x34e3cbb|10|354908897
43123|0x74e3cbb|11|724529226
43123|0x74e3cbb|12|1343841865
43123|0x74e3cbb|13|2708047767
43123|0x274e3cbb|14|5358006009
43123|0x274e3cbb|15|8097738626
43123|0x274e3cbb|16|13840390963
43123|0x1274e3cbb|17|42792838721
43123|0x1274e3cbb|18|91447337955
43123|0x1274e3cbb|19|179706748759
43123|0x1274e3cbb|20|404539381731
43123|0x11274e3cbb|21|619414081990
43123|0x11274e3cbb|22|1153722100924
43123|0x11274e3cbb|23|2619663509250
43123|0x91274e3cbb|24|4996646627033
43125|0x1e7dd|1|668939
43125|0x1e7dd|2|934681
43125|0x1e7dd|3|1725679
43125|0x9e7dd|4|3788602
43125|0x19e7dd|5|7343422
43125|0x19e7dd|6|12777217
43125|0x19e7dd|7|22880938
43125|0x19e7dd|8|54020504
43125|0x19e7dd|9|111219382
43125|0x19e7dd|10|220894324
43125|0x419e7dd|11|440301166
43125|0x419e7dd|12|896038069
43125|0x419e7dd|13|1752658779
43125|0x2419e7dd|14|3344601819
43125|0x2419e7dd|15|7882422426
43125|0xa419e7dd|16|22093098746
43125|0xa419e7dd|17|34173329664
43125|0xa419e7dd|18|61047828303
43125|0x4a419e7dd|19|158104480783
43125|0x4a419e7dd|20|316511756369
43125|0x14a419e7dd|21|684828780875
43125|0x34a419e7dd|22|1348741404009
43125|0x74a419e7dd|23|2535647169173
43125|0x74a419e7dd|24|4343126294934
43127|0x1b147|1|407424
43127|0x1b147|2|918573
43127|0x1b147|3|1786204
43127|0x1b147|4|3701120
43127|0x1b147|5|7355058
43127|0x21b147|6|14949893
43127|0x21b147|7|29766794
43127|0x21b147|8|60128514
43127|0x21b147|9|120359051
43127|0x21b147|10|240795831
43127|0x421b147|11|478598551
43127|0xc21b147|12|822123661
43127|0xc21b147|13|1863324550
43127|0xc21b147|14|3666172081
43127|0x4c21b147|15|7365407699
43127|0xcc21b147|16|15300507691
43127|0x1cc21b147|17|30821154915
43127|0x1cc21b147|18|85083060172
43127|0x5cc21b147|19|121020172125
43127|0xdcc21b147|20|241309587702
43127|0xdcc21b147|21|482275065626
43127|0x2dcc21b147|22|978821163612
43127|0x6dcc21b147|23|2422014228095
43127|0x6dcc21b147|24|3888889488230
43129|0x141c9|1|405335
43129|0x141c9|2|824758
43129|0x541c9|3|1813801
43129|0xd41c9|4|3716614
43129|0x1d41c9|5|7631327
43129|0x1d41c9|6|15048428
43129|0x1d41c9|7|30209684
43129|0x1d41c9|8|60598710
43129|0x11d41c9|9|121171017
43129|0x31d41c9|10|242787348
43129|0x71d41c9|11|485173130
43129|0x71d41c9|12|962093565
43129|0x171d41c9|13|1941717598
43129|0x371d41c9|14|3883851532
43129|0x771d41c9|15|7762667565
43129|0xf71d41c9|16|14893600974
43129|0xf71d41c9|17|27615079849
43129|0xf71d41c9|18|60215838238
43129|0xf71d41c9|19|138804212129
43129|0xf71d41c9|20|241071250320
43129|0xf71d41c9|21|491624206673
43129|0x20f71d41c9|22|1008408949129
43129|0x60f71d41c9|23|2301395320863
43129|0x60f71d41c9|24|3937497359379
43131|0xf6b3|1|269049
43131|0xf6b3|2|568365
43131|0x4f6b3|3|1240053
43131|0xcf6b3|4|2544539
43131|0xcf6b3|5|5206684
43131|0x2cf6b3|6|14821825
43131|0x2cf6b3|7|24969124
43131|0xacf6b3|8|59749845
43131|0x1acf6b3|9|102838565
43131|0x1acf6b3|10|221532150
43131|0x1acf6b3|11|427031004
43131|0x1acf6b3|12|954493162
43131|0x11acf6b3|13|1788421892
43131|0x11acf6b3|14|3626127459
43131|0x11acf6b3|15|6780827035
43131|0x11acf6b3|16|13465359400
43131|0x11acf6b3|17|43632083067
43131|0x211acf6b3|18|61653772029
43131|0x211acf6b3|19|121108556992
43131|0xa11acf6b3|20|243226817847
43131|0x1a11acf6b3|21|485680063438
43131|0x3a11acf6b3|22|992701665493
43131|0x3a11acf6b3|23|1941687792167
43131|0xba11acf6b3|24|4220202888329
43133|0x10d5|1|355462
43133|0x10d5|2|2134077
43133|0x410d5|3|1719152
43133|0xc10d5|4|3488396
43133|0x1c10d5|5|7018256
43133|0x1c10d5|6|14070878
43133|0x5c10d5|7|45123696
43133|0x5c10d5|8|101080011
43133|0x5c10d5|9|106361209
43133|0x5c10d5|10|356225457
43133|0x5c10d5|11|761617368
43133|0x85c10d5|12|893088256
43133|0x85c10d5|13|1506970662
43133|0x85c10d5|14|4619646872
43133|0x85c10d5|15|7599597316
43133|0x885c10d5|16|16618792680
43133|0x1885c10d5|17|33312758920
43133|0x1885c10d5|18|64112292073
43133|0x5885c10d5|19|147460445975
43133|0x5885c10d5|20|286303944257
43133|0x15885c10d5|21|635219821938
43133|0x15885c10d5|22|1260442284445
43133|0x15885c10d5|23|2232740260093
43133|0x15885c10d5|24|5025330803732
43135|0x1177f|1|618744
43135|0x3177f|2|1472050
43135|0x7177f|3|3092606
43135|0x7177f|4|6251160
43135|0x17177f|5|12606558
43135|0x37177f|6|29551976
43135|0x77177f|7|50054298
43135|0xf7177f|8|100158157
43135|0xf7177f|9|200398972
43135|0x2f7177f|10|404871861
43135|0x2f7177f|11|712093521
43135|0x2f7177f|12|917591214
43135|0x2f7177f|13|1834732831
43135|0x22f7177f|14|3636890804
43135|0x22f7177f|15|7316929905
43135|0xa2f7177f|16|14595200738
43135|0x1a2f7177f|17|29046108592
43135|0x3a2f7177f|18|64903455101
43135|0x3a2f7177f|19|126669286370
43135|0x3a2f7177f|20|270762439156
43135|0x3a2f7177f|21|570397970964
43135|0x3a2f7177f|22|1067568791404
43135|0x43a2f7177f|23|2185729091631
43135|0xc3a2f7177f|24|4260449600976
43137|0x19781|1|882584
43137|0x39781|2|1474650
43137|0x79781|3|3080999
43137|0x79781|4|6216856
43137|0x79781|5|12562587
43137|0x79781|6|25248732
43137|0x479781|7|50473907
43137|0xc79781|8|101139331
43137|0xc79781|9|172411422
43137|0xc79781|10|310841123
43137|0xc79781|11|562543153
43137|0xc79781|12|1392195591
43137|0xc79781|13|2654049497
43137|0x20c79781|14|5244504940
43137|0x20c79781|15|7880188768
43137|0xa0c79781|16|13373432293
43137|0xa0c79781|17|34824061336
43137|0xa0c79781|18|57656497625
43137|0x4a0c79781|19|119776830899
43137|0xca0c79781|20|233430520620
43137|0xca0c79781|21|451168370104
43137|0x2ca0c79781|22|963570241315
43137|0x2ca0c79781|23|1924277742861
43137|0x2ca0c79781|24|3722442836504
43139|0xe62b|1|400771
43139|0x2e62b|2|920824
43139|0x2e62b|3|1703884
43139|0xae62b|4|3783794
43139|0xae62b|5|7157320
43139|0x2ae62b|6|10432881
43139|0x2ae62b|7|27646431
43139|0x2ae62b|8|51197151
43139|0x12ae62b|9|110410012
43139|0x12ae62b|10|199311602
43139|0x12ae62b|11|435378937
43139|0x12ae62b|12|848186225
43139|0x12ae62b|13|2078646581
43139|0x12ae62b|14|5025453016
43139|0x412ae62b|15|9359700121
43139|0xc12ae62b|16|12972502166
43139|0x1c12ae62b|17|30166416905
43139|0x3c12ae62b|18|59866018319
43139|0x3c12ae62b|19|138663523977
43139|0x3c12ae62b|20|222077024125
43139|0x13c12ae62b|21|459441768245
43139|0x33c12ae62b|22|922988090262
43139|0x73c12ae62b|23|1766429000588
43139|0x73c12ae62b|24|3768360806702
43141|0x1104d|1|372073
43141|0x1104d|2|824491
43141|0x1104d|3|1703573
43141|0x1104d|4|3485007
43141|0x1104d|5|7045699
43141|0x1104d|6|14083351
43141|0x41104d|7|28264362
43141|0xc1104d|8|66410502
43141|0x1c1104d|9|142164617
43141|0x1c1104d|10|308216309
43141|0x5c1104d|11|570369614
43141|0x5c1104d|12|1311354443
43141|0x15c1104d|13|2571174648
43141|0x15c1104d|14|5377963477
43141|0x15c1104d|15|7136222835
43141|0x15c1104d|16|13613938199
43141|0x15c1104d|17|26940197328
43141|0x215c1104d|18|52438972687
43141|0x615c1104d|19|113153879085
43141|0x615c1104d|20|242144118011
43141|0x1615c1104d|21|474432499280
43141|0x1615c1104d|22|874052772320
43141|0x5615c1104d|23|1787523079038
43141|0x5615c1104d|24|3413278834794
43143|0x19d37|1|218526
43143|0x39d37|2|495939
43143|0x79d37|3|1325653
43143|0x79d37|4|2638769
43143|0x179d37|5|5195421
43143|0x379d37|6|13788313
43143|0x379d37|7|25472415
43143|0xb79d37|8|51295949
43143|0xb79d37|9|99091877
43143|0xb79d37|10|196448713
43143|0xb79d37|11|429827804
43143|0xb79d37|12|767459516
43143|0xb79d37|13|1368354685
43143|0x20b79d37|14|2863332921
43143|0x60b79d37|15|6178608247
43143|0xe0b79d37|16|13403593552
43143|0x1e0b79d37|17|24591284115
43143|0x3e0b79d37|18|50201465756
43143|0x7e0b79d37|19|101104668228
43143|0x7e0b79d37|20|221536377707
43143|0x7e0b79d37|21|457315299105
43143|0x27e0b79d37|22|888504044506
43143|0x27e0b79d37|23|1877608327384
43143|0xa7e0b79d37|24|4237060213357
43145|0x14db9|1|236298
43145|0x14db9|2|495721
43145|0x54db9|3|1209564
43145|0xd4db9|4|3173430
43145|0xd4db9|5|6923392
43145|0x2d4db9|6|14038735
43145|0x6d4db9|7|28492835
43145|0xed4db9|8|43258629
43145|0xed4db9|9|96719611
43145|0x2ed4db9|10|200188620
43145|0x6ed4db9|11|392177090
43145|0x6ed4db9|12|772363408
43145|0x16ed4db9|13|1545572090
43145|0x16ed4db9|14|3054410019
43145|0x16ed4db9|15|6172524387
43145|0x16ed4db9|16|23981568733
43145|0x16ed4db9|17|44181007738
43145|0x16ed4db9|18|67426687767
43145|0x16ed4db9|19|118519330078
43145|0x816ed4db9|20|275420171707
43145|0x816ed4db9|21|466169676428
43145|0x2816ed4db9|22|1014569849007
43145|0x2816ed4db9|23|1956115200846
43145|0xa816ed4db9|24|4053571585599
43147|0x7f23|1|352980
43147|0x7f23|2|822911
43147|0x47f23|3|1803410
43147|0x47f23|4|3713386
43147|0x47f23|5|6387066
43147|0x247f23|6|14979329
43147|0x647f23|7|22786772
43147|0x647f23|8|54571394
43147|0x647f23|9|106887513
43147|0x2647f23|10|199309766
43147|0x2647f23|11|390946113
43147|0x2647f23|12|823882196
43147|0x2647f23|13|1633141843
43147|0x2647f23|14|3238354654
43147|0x42647f23|15|6907683162
43147|0x42647f23|16|13299912491
43147|0x42647f23|17|26634695904
43147|0x242647f23|18|60658332539
43147|0x642647f23|19|143359456143
43147|0xe42647f23|20|270578596437
43147|0x1e42647f23|21|467091666283
43147|0x1e42647f23|22|912919244444
43147|0x1e42647f23|23|1857068036038
43147|0x1e42647f23|24|3705353727694
43149|0x15a45|1|231507
43149|0x15a45|2|592756
43149|0x55a45|3|1374841
43149|0x55a45|4|2467040
43149|0x155a45|5|5214403
43149|0x155a45|6|13332829
43149|0x155a45|7|21168942
43149|0x155a45|8|46069295
43149|0x1155a45|9|90751113
43149|0x1155a45|10|194754685
43149|0x5155a45|11|384151644
43149|0x5155a45|12|704493895
43149|0x15155a45|13|1522935694
43149|0x35155a45|14|3003176958
43149|0x75155a45|15|5756776120
43149|0xf5155a45|16|12846074840
43149|0x1f5155a45|17|24432310988
43149|0x3f5155a45|18|55473957583
43149|0x7f5155a45|19|140081104338
43149|0xff5155a45|20|247166556778
43149|0xff5155a45|21|575043324253
43149|0x2ff5155a45|22|1104525583657
43149|0x6ff5155a45|23|2153576764418
43149|0xeff5155a45|24|4300850898358
43151|0x1766f|1|389757
43151|0x3766f|2|827414
43151|0x3766f|3|1679195
43151|0xb766f|4|2931432
43151|0xb766f|5|5017250
43151|0x2b766f|6|12895379
43151|0x2b766f|7|28221049
43151|0x2b766f|8|45590681
43151|0x2b766f|9|98389568
43151|0x22b766f|10|201375456
43151|0x62b766f|11|395526645
43151|0xe2b766f|12|804737227
43151|0x1e2b766f|13|1429863320
43151|0x3e2b766f|14|2780381569
43151|0x7e2b766f|15|6673260201
43151|0x7e2b766f|16|11585772697
43151|0x17e2b766f|17|24377636956
43151|0x37e2b766f|18|49751823989
43151|0x37e2b766f|19|99018998328
43151|0x37e2b766f|20|262899645179
43151|0x37e2b766f|21|574182418977
43151|0x37e2b766f|22|1001818208624
43151|0x437e2b766f|23|1831442609349
43151|0xc37e2b766f|24|4179350947558
43153|0x1871|1|354059
43153|0x1871|2|2381842
43153|0x1871|3|1786518
43153|0x81871|4|3741075
43153|0x81871|5|7399216
43153|0x281871|6|15080936
43153|0x681871|7|30001186
43153|0x681871|8|60145747
43153|0x1681871|9|120407411
43153|0x1681871|10|240648957
43153|0x5681871|11|486334674
43153|0x5681871|12|959092602
43153|0x5681871|13|1901416069
43153|0x25681871|14|3850199240
43153|0x25681871|15|7644432592
43153|0xa5681871|16|13698857627
43153|0xa5681871|17|27959263925
43153|0x2a5681871|18|57543046834
43153|0x6a5681871|19|110225932848
43153|0x6a5681871|20|262390841118
43153|0x16a5681871|21|540559397897
43153|0x36a5681871|22|903106802789
43153|0x36a5681871|23|1919007548994
43153|0xb6a5681871|24|3664239956050
43155|0xb59b|1|342146
43155|0x2b59b|2|808346
43155|0x6b59b|3|1700953
43155|0xeb59b|4|3758794
43155|0xeb59b|5|7354909
43155|0x2eb59b|6|15103323
43155|0x2eb59b|7|22633575
43155|0x2eb59b|8|51890188
43155|0x2eb59b|9|112361412
43155|0x22eb59b|10|211267128
43155|0x22eb59b|11|424668387
43155|0xa2eb59b|12|855666255
43155|0xa2eb59b|13|1723200289
43155|0xa2eb59b|14|3247887423
43155|0xa2eb59b|15|6703807524
43155|0x8a2eb59b|16|14103039423
43155|0x8a2eb59b|17|27778995945
43155|0x28a2eb59b|18|54434179226
43155|0x68a2eb59b|19|139403874733
43155|0x68a2eb59b|20|267038753764
43155|0x168a2eb59b|21|439934064955
43155|0x368a2eb59b|22|888561060026
43155|0x368a2eb59b|23|1811046648725
43155|0x368a2eb59b|24|3522537543452
43157|0xe2bd|1|341674
43157|0xe2bd|2|831478
43157|0xe2bd|3|1700744
43157|0xe2bd|4|3745555
43157|0x10e2bd|5|7361788
43157|0x30e2bd|6|14822274
43157|0x70e2bd|7|30190383
43157|0xf0e2bd|8|60072780
43157|0x1f0e2bd|9|119522424
43157|0x3f0e2bd|10|212723900
43157|0x3f0e2bd|11|440153350
43157|0x3f0e2bd|12|949795620
43157|0x3f0e2bd|13|1816663845
43157|0x23f0e2bd|14|3579966400
43157|0x23f0e2bd|15|6647971426
43157|0x23f0e2bd|16|13914832519
43157|0x123f0e2bd|17|28443623732
43157|0x123f0e2bd|18|52740335081
43157|0x123f0e2bd|19|106436939665
43157|0x123f0e2bd|20|249375126451
43157|0x123f0e2bd|21|448798352056
43157|0x123f0e2bd|22|834189197872
43157|0x4123f0e2bd|23|1719179683942
43157|0xc123f0e2bd|24|3544971209805
43159|0x15727|1|340440
43159|0x15727|2|864149
43159|0x55727|3|1860289
43159|0xd5727|4|3718652
43159|0x1d5727|5|7607599
43159|0x1d5727|6|15031371
43159|0x1d5727|7|32067828
43159|0x9d5727|8|100419198
43159|0x9d5727|9|181720420
43159|0x29d5727|10|283952384
43159|0x69d5727|11|668294398
43159|0xe9d5727|12|1028552336
43159|0xe9d5727|13|1665140971
43159|0x2e9d5727|14|4841173169
43159|0x6e9d5727|15|7558833968
43159|0xee9d5727|16|17546493623
43159|0xee9d5727|17|31451624094
43159|0xee9d5727|18|85318399373
43159|0x4ee9d5727|19|137954251908
43159|0x4ee9d5727|20|269426528087
43159|0x4ee9d5727|21|549512281789
43159|0x4ee9d5727|22|972410695984
43159|0x4ee9d5727|23|1861113014573
43159|0x84ee9d5727|24|3442346645018
43161|0x12ba9|1|428965
43161|0x32ba9|2|2362765
43161|0x72ba9|3|1704300
43161|0x72ba9|4|3795066
43161|0x172ba9|5|7315957
43161|0x172ba9|6|14760780
43161|0x172ba9|7|29611313
43161|0x972ba9|8|76006744
43161|0x1972ba9|9|118107620
43161|0x1972ba9|10|228934522
43161|0x1972ba9|11|387146344
43161|0x9972ba9|12|787288838
43161|0x19972ba9|13|1869343728
43161|0x19972ba9|14|3027640258
43161|0x19972ba9|15|6777856459
43161|0x99972ba9|16|15204107920
43161|0x199972ba9|17|30441331154
43161|0x199972ba9|18|59810552455
43161|0x199972ba9|19|149739452674
43161|0x199972ba9|20|221443163731
43161|0x199972ba9|21|415990911053
43161|0x199972ba9|22|831942238034
43161|0x4199972ba9|23|2453210899305
43161|0x4199972ba9|24|4856337512160
43163|0xfd93|1|336492
43163|0x2fd93|2|2241014
43163|0x2fd93|3|1878799
43163|0xafd93|4|3580310
43163|0x1afd93|5|7459569
43163|0x1afd93|6|14804428
43163|0x5afd93|7|29921874
43163|0xdafd93|8|100719102
43163|0x1dafd93|9|169828816
43163|0x3dafd93|10|355224862
43163|0x7dafd93|11|689368713
43163|0xfdafd93|12|1344604788
43163|0x1fdafd93|13|2602638085
43163|0x1fdafd93|14|4870413545
43163|0x1fdafd93|15|6761191429
43163|0x1fdafd93|16|13731823596
43163|0x11fdafd93|17|27472725850
43163|0x31fdafd93|18|56585838126
43163|0x71fdafd93|19|166768151850
43163|0xf1fdafd93|20|300948701505
43163|0x1f1fdafd93|21|545980766381
43163|0x1f1fdafd93|22|1141120027632
43163|0x5f1fdafd93|23|2364577616248
43163|0xdf1fdafd93|24|4277403354696
43165|0x11db5|1|391642
43165|0x31db5|2|918852
43165|0x31db5|3|1806764
43165|0xb1db5|4|3759325
43165|0x1b1db5|5|7328473
43165|0x3b1db5|6|14969574
43165|0x7b1db5|7|30063600
43165|0x7b1db5|8|60107422
43165|0x17b1db5|9|120288425
43165|0x17b1db5|10|240535148
43165|0x57b1db5|11|485308027
43165|0xd7b1db5|12|968582720
43165|0x1d7b1db5|13|1922937487
43165|0x3d7b1db5|14|3883250398
43165|0x3d7b1db5|15|7753421288
43165|0xbd7b1db5|16|15537758351
43165|0x1bd7b1db5|17|30392120027
43165|0x3bd7b1db5|18|60546380077
43165|0x7bd7b1db5|19|121102020432
43165|0xfbd7b1db5|20|242599192548
43165|0xfbd7b1db5|21|452574803809
43165|0xfbd7b1db5|22|967624238468
43165|0xfbd7b1db5|23|1837538039566
43165|0xfbd7b1db5|24|3809058294031
43167|0x735f|1|430025
43167|0x2735f|2|887356
43167|0x6735f|3|1746272
43167|0xe735f|4|3802879
43167|0x1e735f|5|7269075
43167|0x3e735f|6|14849754
43167|0x3e735f|7|25028135
43167|0xbe735f|8|53709618
43167|0xbe735f|9|112359586
43167|0x2be735f|10|216519623
43167|0x2be735f|11|399611626
43167|0x2be735f|12|796623889
43167|0x12be735f|13|1720102949
43167|0x32be735f|14|3802529057
43167|0x32be735f|15|7337422375
43167|0xb2be735f|16|13501289393
43167|0xb2be735f|17|26745987903
43167|0xb2be735f|18|59935150153
43167|0x4b2be735f|19|119198207532
43167|0xcb2be735f|20|228856313363
43167|0x1cb2be735f|21|464666497610
43167|0x3cb2be735f|22|995560817014
43167|0x3cb2be735f|23|2414257424424
43167|0x3cb2be735f|24|4522961122335
43169|0x13b61|1|354514
43169|0x33b61|2|2153908
43169|0x33b61|3|1937824
43169|0x33b61|4|4918577
43169|0x33b61|5|12584911
43169|0x33b61|6|21653431
43169|0x33b61|7|29707277
43169|0x33b61|8|80687314
43169|0x1033b61|9|145346841
43169|0x3033b61|10|235438376
43169|0x7033b61|11|428038718
43169|0xf033b61|12|860065831
43169|0x1f033b61|13|1868316182
43169|0x3f033b61|14|3272508185
43169|0x7f033b61|15|7511052189
43169|0x7f033b61|16|17983561813
43169|0x7f033b61|17|31754199069
43169|0x27f033b61|18|89068480797
43169|0x67f033b61|19|169048333146
43169|0x67f033b61|20|294662027328
43169|0x167f033b61|21|540249543551
43169|0x167f033b61|22|1184768501323
43169|0x167f033b61|23|1972996628032
43169|0x967f033b61|24|4559251153398
43171|0x14b0b|1|640631
43171|0x34b0b|2|3789548
43171|0x34b0b|3|1916572
43171|0xb4b0b|4|3623647
43171|0x1b4b0b|5|7420209
43171|0x3b4b0b|6|14943221
43171|0x3b4b0b|7|30132827
43171|0x3b4b0b|8|69304279
43171|0x13b4b0b|9|121316340
43171|0x33b4b0b|10|367891029
43171|0x33b4b0b|11|724207724
43171|0xb3b4b0b|12|1391187502
43171|0x1b3b4b0b|13|2186166859
43171|0x1b3b4b0b|14|3787747337
43171|0x5b3b4b0b|15|7199030812
43171|0x5b3b4b0b|16|14348688219
43171|0x15b3b4b0b|17|30009440924
43171|0x15b3b4b0b|18|59652596455
43171|0x55b3b4b0b|19|120623333064
43171|0xd5b3b4b0b|20|315268571663
43171|0xd5b3b4b0b|21|532237242811
43171|0x2d5b3b4b0b|22|918290521570
43171|0x6d5b3b4b0b|23|2253445438537
43171|0xed5b3b4b0b|24|4940871396923
43173|0xff2d|1|396649
43173|0x2ff2d|2|808570
43173|0x6ff2d|3|1704933
43173|0xeff2d|4|3743368
43173|0xeff2d|5|7204069
43173|0x2eff2d|6|16192944
43173|0x6eff2d|7|50176516
43173|0x6eff2d|8|78030509
43173|0x16eff2d|9|149687994
43173|0x16eff2d|10|341774519
43173|0x56eff2d|11|672188099
43173|0xd6eff2d|12|1506204742
43173|0xd6eff2d|13|2837231231
43173|0xd6eff2d|14|5474123729
43173|0xd6eff2d|15|10857768994
43173|0x8d6eff2d|16|22323932274
43173|0x8d6eff2d|17|39300778450
43173|0x8d6eff2d|18|51650633947
43173|0x48d6eff2d|19|124380579994
43173|0x48d6eff2d|20|285403884507
43173|0x48d6eff2d|21|599971126019
43173|0x48d6eff2d|22|1059405523985
43173|0x448d6eff2d|23|2495332748838
43173|0x448d6eff2d|24|5118385459241
43175|0x7f17|1|427788
43175|0x27f17|2|859239
43175|0x27f17|3|1724854
43175|0xa7f17|4|3691253
43175|0xa7f17|5|7346226
43175|0xa7f17|6|14598289
43175|0x4a7f17|7|24739521
43175|0x4a7f17|8|56159700
43175|0x4a7f17|9|107110229
43175|0x4a7f17|10|203086769
43175|0x44a7f17|11|420166492
43175|0x44a7f17|12|972754323
43175|0x144a7f17|13|2756553653
43175|0x344a7f17|14|5510904498
43175|0x344a7f17|15|10891091600
43175|0x344a7f17|16|20559418544
43175|0x1344a7f17|17|40884989399
43175|0x3344a7f17|18|76612716425
43175|0x3344a7f17|19|137645993698
43175|0xb344a7f17|20|307791732414
43175|0xb344a7f17|21|580751410331
43175|0x2b344a7f17|22|1283020821589
43175|0x2b344a7f17|23|2765684906710
43175|0xab344a7f17|24|5033517076989
43177|0x7b99|1|636400
43177|0x27b99|2|1473990
43177|0x27b99|3|2997245
43177|0x27b99|4|6148573
43177|0x27b99|5|12418747
43177|0x27b99|6|24916497
43177|0x427b99|7|50035019
43177|0x427b99|8|100141194
43177|0x1427b99|9|200390064
43177|0x3427b99|10|401373210
43177|0x3427b99|11|802505542
43177|0xb427b99|12|1604798721
43177|0x1b427b99|13|3210493899
43177|0x3b427b99|14|6479597024
43177|0x7b427b99|15|12970407651
43177|0x7b427b99|16|25922427358
43177|0x17b427b99|17|51750276686
43177|0x37b427b99|18|85222048268
43177|0x37b427b99|19|146266397753
43177|0x37b427b99|20|278051433675
43177|0x137b427b99|21|684487113064
43177|0x137b427b99|22|1339556387764
43177|0x537b427b99|23|2559443915738
43177|0x537b427b99|24|4012686110647
43179|0x1203|1|667967
43179|0x21203|2|1504834
43179|0x61203|3|3043316
43179|0x61203|4|6238563
43179|0x61203|5|12570353
43179|0x261203|6|25192111
43179|0x661203|7|50083884
43179|0x661203|8|101139155
43179|0x661203|9|200525107
43179|0x661203|10|404058215
43179|0x661203|11|804604775
43179|0x661203|12|1611674463
43179|0x661203|13|3227333551
43179|0x661203|14|6456354992
43179|0x40661203|15|12905983329
43179|0x40661203|16|25815412487
43179|0x40661203|17|51630752167
43179|0x240661203|18|101751619788
43179|0x640661203|19|202049685719
43179|0x640661203|20|370271488736
43179|0x1640661203|21|511316419359
43179|0x3640661203|22|1009614393668
43179|0x3640661203|23|1890055862277
43179|0xb640661203|24|3768846565007
43181|0xfb25|1|352594
43181|0x2fb25|2|933429
43181|0x6fb25|3|1961685
43181|0xefb25|4|3654590
43181|0x1efb25|5|7527602
43181|0x1efb25|6|15057669
43181|0x5efb25|7|30100237
43181|0x5efb25|8|53013893
43181|0x15efb25|9|112346578
43181|0x35efb25|10|218070812
43181|0x75efb25|11|413194844
43181|0x75efb25|12|868317669
43181|0x175efb25|13|1725521537
43181|0x375efb25|14|3458381291
43181|0x775efb25|15|7248149079
43181|0x775efb25|16|15493310363
43181|0x1775efb25|17|28711750188
43181|0x1775efb25|18|58319504535
43181|0x5775efb25|19|121314692191
43181|0xd775efb25|20|243129125581
43181|0x1d775efb25|21|503819072457
43181|0x1d775efb25|22|955480086978
43181|0x5d775efb25|23|1952305199551
43181|0xdd775efb25|24|3785232032556
43183|0x1ae4f|1|387157
43183|0x3ae4f|2|808872
43183|0x3ae4f|3|1679349
43183|0xbae4f|4|3444738
43183|0xbae4f|5|7185768
43183|0x2bae4f|6|13973670
43183|0x6bae4f|7|36877290
43183|0x6bae4f|8|72281969
43183|0x6bae4f|9|156407340
43183|0x6bae4f|10|343269925
43183|0x46bae4f|11|675430408
43183|0x46bae4f|12|1243741704
43183|0x146bae4f|13|1635393611
43183|0x346bae4f|14|3893572479
43183|0x346bae4f|15|7753374766
43183|0xb46bae4f|16|15488321110
43183|0xb46bae4f|17|29860897395
43183|0x2b46bae4f|18|60638198419
43183|0x2b46bae4f|19|112362753436
43183|0x2b46bae4f|20|235998870993
43183|0x2b46bae4f|21|505392816964
43183|0x2b46bae4f|22|976440193924
43183|0x42b46bae4f|23|1936957602812
43183|0x42b46bae4f|24|4092859627710
43185|0xa051|1|606892
43185|0xa051|2|1445094
43185|0x4a051|3|3094418
43185|0xca051|4|6225879
43185|0x1ca051|5|12629440
43185|0x1ca051|6|25236605
43185|0x1ca051|7|42149643
43185|0x1ca051|8|51027717
43185|0x11ca051|9|159330557
43185|0x31ca051|10|321116232
43185|0x31ca051|11|516938752
43185|0x31ca051|12|1039577450
43185|0x131ca051|13|1567431354
43185|0x131ca051|14|3638361030
43185|0x131ca051|15|9003115118
43185|0x131ca051|16|15678257830
43185|0x131ca051|17|35765167109
43185|0x131ca051|18|74600876578
43185|0x131ca051|19|111344189310
43185|0x8131ca051|20|244019047121
43185|0x8131ca051|21|531195748411
43185|0x28131ca051|22|912052329514
43185|0x68131ca051|23|1910971627809
43185|0xe8131ca051|24|3885160174890
43187|0x467b|1|355586
43187|0x2467b|2|890716
43187|0x2467b|3|3255273
43187|0xa467b|4|3778781
43187|0x1a467b|5|7428415
43187|0x3a467b|6|15136756
43187|0x3a467b|7|30127422
43187|0x3a467b|8|60120998
43187|0x13a467b|9|121179198
43187|0x33a467b|10|240522450
43187|0x33a467b|11|493936334
43187|0x33a467b|12|976902084
43187|0x33a467b|13|1933578770
43187|0x33a467b|14|3865703380
43187|0x33a467b|15|7739982940
43187|0x833a467b|16|15495301722
43187|0x833a467b|17|30874644664
43187|0x2833a467b|18|60712056340
43187|0x2833a467b|19|116173428571
43187|0x2833a467b|20|227067347985
43187|0x2833a467b|21|480146055921
43187|0x22833a467b|22|961763231387
43187|0x62833a467b|23|1949660164274
43187|0x62833a467b|24|3871872512117
