35843|0x17eab|1|337682
35843|0x37eab|2|818550
35843|0x37eab|3|1664996
35843|0x37eab|4|7652909
35843|0x137eab|5|7160500
35843|0x137eab|6|14956811
35843|0x137eab|7|29556741
35843|0x937eab|8|59699854
35843|0x1937eab|9|150328267
35843|0x3937eab|10|273522381
35843|0x7937eab|11|472506974
35843|0x7937eab|12|1168495884
35843|0x7937eab|13|2153392089
35843|0x7937eab|14|3763416740
35843|0x47937eab|15|8171300512
35843|0xc7937eab|16|15161365740
35843|0x1c7937eab|17|32385043194
35843|0x3c7937eab|18|68079111536
35843|0x3c7937eab|19|131591595790
35843|0x3c7937eab|20|235230240587
35843|0x13c7937eab|21|475637418178
35843|0x33c7937eab|22|940587527436
35843|0x73c7937eab|23|1879554294785
35843|0xf3c7937eab|24|3749228707408
35845|0x60cd|1|343164
35845|0x260cd|2|779418
35845|0x660cd|3|1763268
35845|0x660cd|4|3609648
35845|0x1660cd|5|7355038
35845|0x3660cd|6|14655020
35845|0x3660cd|7|29371408
35845|0x3660cd|8|58875344
35845|0x3660cd|9|117626710
35845|0x23660cd|10|235423724
35845|0x23660cd|11|470563188
35845|0xa3660cd|12|941311239
35845|0x1a3660cd|13|1880194014
35845|0x1a3660cd|14|3750774447
35845|0x5a3660cd|15|7508179036
35845|0xda3660cd|16|15005451305
35845|0xda3660cd|17|28488623741
35845|0x2da3660cd|18|58913308859
35845|0x6da3660cd|19|117954273722
35845|0xeda3660cd|20|237789071956
35845|0xeda3660cd|21|472469744547
35845|0x2eda3660cd|22|943547292213
35845|0x6eda3660cd|23|1881865609074
35845|0xeeda3660cd|24|3749163304874
35847|0x121b7|1|328951
35847|0x121b7|2|779379
35847|0x121b7|3|1766225
35847|0x921b7|4|3567464
35847|0x1921b7|5|7334276
35847|0x3921b7|6|14568543
35847|0x3921b7|7|29186782
35847|0x3921b7|8|58638717
35847|0x3921b7|9|116987174
35847|0x3921b7|10|234233646
35847|0x3921b7|11|468620911
35847|0x3921b7|12|937008516
35847|0x3921b7|13|1874018337
35847|0x3921b7|14|3749917775
35847|0x403921b7|15|7504001337
35847|0x403921b7|16|15032081294
35847|0x1403921b7|17|29073000016
35847|0x1403921b7|18|58554632812
35847|0x1403921b7|19|116364591016
35847|0x9403921b7|20|238294212168
35847|0x9403921b7|21|474639726240
35847|0x29403921b7|22|944228536256
35847|0x69403921b7|23|1886031071513
35847|0x69403921b7|24|3773177951140
35849|0xc239|1|329371
35849|0x2c239|2|779166
35849|0x2c239|3|1787992
35849|0x2c239|4|3565146
35849|0x12c239|5|7336604
35849|0x32c239|6|14541319
35849|0x32c239|7|29172396
35849|0x32c239|8|58640931
35849|0x32c239|9|117075858
35849|0x32c239|10|234273008
35849|0x432c239|11|468322248
35849|0xc32c239|12|937953014
35849|0x1c32c239|13|1877472912
35849|0x1c32c239|14|3759436770
35849|0x5c32c239|15|7506019115
35849|0x5c32c239|16|14994898188
35849|0x15c32c239|17|29298907212
35849|0x15c32c239|18|58080255892
35849|0x15c32c239|19|117411622748
35849|0x95c32c239|20|235859552505
35849|0x95c32c239|21|475342069679
35849|0x95c32c239|22|948023861674
35849|0x495c32c239|23|1887603515523
35849|0x495c32c239|24|3773141093841
35851|0x9fa3|1|343595
35851|0x9fa3|2|804908
35851|0x49fa3|3|1875035
35851|0x49fa3|4|3587273
35851|0x49fa3|5|7500859
35851|0x49fa3|6|14779814
35851|0x49fa3|7|29667875
35851|0x849fa3|8|59316112
35851|0x1849fa3|9|118803207
35851|0x1849fa3|10|237535482
35851|0x1849fa3|11|469416338
35851|0x9849fa3|12|950143215
35851|0x19849fa3|13|1926002205
35851|0x39849fa3|14|3796750692
35851|0x39849fa3|15|7378775626
35851|0x39849fa3|16|15146769080
35851|0x139849fa3|17|29091774489
35851|0x339849fa3|18|59402298561
35851|0x339849fa3|19|118147969617
35851|0xb39849fa3|20|237928153203
35851|0x1b39849fa3|21|474396236287
35851|0x3b39849fa3|22|941404587124
35851|0x3b39849fa3|23|1891696448798
35851|0x3b39849fa3|24|3854369773662
35853|0xa2c5|1|404846
35853|0xa2c5|2|779517
35853|0x4a2c5|3|1846797
35853|0x4a2c5|4|3506464
35853|0x4a2c5|5|7384294
35853|0x4a2c5|6|14482583
35853|0x44a2c5|7|29073059
35853|0xc4a2c5|8|59230755
35853|0x1c4a2c5|9|118234926
35853|0x1c4a2c5|10|236886956
35853|0x1c4a2c5|11|473602293
35853|0x1c4a2c5|12|915348472
35853|0x1c4a2c5|13|1873513538
35853|0x21c4a2c5|14|3906189858
35853|0x61c4a2c5|15|8245592173
35853|0xe1c4a2c5|16|15117458052
35853|0x1e1c4a2c5|17|29852141107
35853|0x1e1c4a2c5|18|59321641092
35853|0x1e1c4a2c5|19|118423403528
35853|0x1e1c4a2c5|20|236193786192
35853|0x11e1c4a2c5|21|481027482503
35853|0x31e1c4a2c5|22|959146504304
35853|0x31e1c4a2c5|23|1907950420806
35853|0x31e1c4a2c5|24|3946542089415
35855|0xe2ef|1|614996
35855|0xe2ef|2|1394027
35855|0xe2ef|3|2958558
35855|0x8e2ef|4|5960604
35855|0x8e2ef|5|12227565
35855|0x28e2ef|6|24578969
35855|0x28e2ef|7|49296876
35855|0xa8e2ef|8|97444289
35855|0xa8e2ef|9|197333477
35855|0x2a8e2ef|10|390077172
35855|0x6a8e2ef|11|780283874
35855|0x6a8e2ef|12|1570293751
35855|0x6a8e2ef|13|3138668563
35855|0x6a8e2ef|14|6286050638
35855|0x46a8e2ef|15|12567650954
35855|0xc6a8e2ef|16|25129667337
35855|0xc6a8e2ef|17|41266457348
35855|0xc6a8e2ef|18|58519796659
35855|0xc6a8e2ef|19|116878145927
35855|0xc6a8e2ef|20|234005492997
35855|0x10c6a8e2ef|21|468350323497
35855|0x30c6a8e2ef|22|1227119476787
35855|0x30c6a8e2ef|23|2985302463420
35855|0xb0c6a8e2ef|24|6260015414373
35857|0x1e4f1|1|612914
35857|0x1e4f1|2|1436979
35857|0x5e4f1|3|3004857
35857|0xde4f1|4|6105875
35857|0xde4f1|5|12279093
35857|0x2de4f1|6|24580427
35857|0x6de4f1|7|49216388
35857|0xede4f1|8|97556947
35857|0x1ede4f1|9|194903654
35857|0x3ede4f1|10|394901074
35857|0x7ede4f1|11|780194719
35857|0x7ede4f1|12|1567890379
35857|0x7ede4f1|13|3130999287
35857|0x27ede4f1|14|6275395036
35857|0x67ede4f1|15|12570364949
35857|0x67ede4f1|16|25128097767
35857|0x167ede4f1|17|49259437114
35857|0x367ede4f1|18|97899208227
35857|0x367ede4f1|19|139226793113
35857|0x367ede4f1|20|237021310923
35857|0x1367ede4f1|21|475632415033
35857|0x3367ede4f1|22|946558864039
35857|0x7367ede4f1|23|1880969738932
35857|0xf367ede4f1|24|3758696497867
35859|0x11e1b|1|504749
35859|0x11e1b|2|861114
35859|0x51e1b|3|1861334
35859|0xd1e1b|4|3549182
35859|0x1d1e1b|5|7399532
35859|0x3d1e1b|6|14585539
35859|0x3d1e1b|7|29314558
35859|0x3d1e1b|8|58600926
35859|0x13d1e1b|9|117632441
35859|0x13d1e1b|10|235149252
35859|0x53d1e1b|11|469075722
35859|0x53d1e1b|12|938918095
35859|0x153d1e1b|13|1876791435
35859|0x153d1e1b|14|3753433080
35859|0x153d1e1b|15|7507922648
35859|0x153d1e1b|16|15018196419
35859|0x1153d1e1b|17|28646465743
35859|0x3153d1e1b|18|58544477031
35859|0x3153d1e1b|19|117743602371
35859|0xb153d1e1b|20|238795052942
35859|0x1b153d1e1b|21|472424241073
35859|0x3b153d1e1b|22|946276501967
35859|0x3b153d1e1b|23|1891185666708
35859|0x3b153d1e1b|24|4345537682888
35861|0xe33d|1|582822
35861|0xe33d|2|1411283
35861|0xe33d|3|2927034
35861|0x8e33d|4|6005888
35861|0x8e33d|5|12086504
35861|0x8e33d|6|24595381
35861|0x8e33d|7|49217427
35861|0x8e33d|8|96697334
35861|0x108e33d|9|195954457
35861|0x308e33d|10|394872902
35861|0x708e33d|11|783839441
35861|0x708e33d|12|1714522763
35861|0x1708e33d|13|3124059164
35861|0x1708e33d|14|6325943050
35861|0x5708e33d|15|12926787084
35861|0x5708e33d|16|25109260619
35861|0x5708e33d|17|50272809315
35861|0x5708e33d|18|97179975775
35861|0x5708e33d|19|196369969841
35861|0x5708e33d|20|388989016872
35861|0x5708e33d|21|785451978633
35861|0x205708e33d|22|1568024812379
35861|0x605708e33d|23|3127094509199
35861|0xe05708e33d|24|6250876814778
35863|0x16ba7|1|587609
35863|0x16ba7|2|1392863
35863|0x16ba7|3|2955274
35863|0x16ba7|4|5989484
35863|0x16ba7|5|12084316
35863|0x16ba7|6|24570563
35863|0x16ba7|7|49251326
35863|0x16ba7|8|98589128
35863|0x1016ba7|9|197353470
35863|0x3016ba7|10|392601137
35863|0x7016ba7|11|788890551
35863|0xf016ba7|12|1580939125
35863|0xf016ba7|13|3153060886
35863|0x2f016ba7|14|6283825642
35863|0x2f016ba7|15|12620965538
35863|0x2f016ba7|16|25222474530
35863|0x12f016ba7|17|48697846422
35863|0x12f016ba7|18|69910449559
35863|0x12f016ba7|19|117837002851
35863|0x12f016ba7|20|236987734239
35863|0x112f016ba7|21|780183263226
35863|0x112f016ba7|22|1562516751431
35863|0x512f016ba7|23|2221989603909
35863|0x512f016ba7|24|3762544686540
35865|0x1029|1|416824
35865|0x1029|2|886968
35865|0x1029|3|1637844
35865|0x81029|4|3703090
35865|0x81029|5|7152981
35865|0x281029|6|14592466
35865|0x681029|7|29644946
35865|0x681029|8|59396579
35865|0x1681029|9|117291807
35865|0x1681029|10|234563270
35865|0x5681029|11|473519260
35865|0x5681029|12|948857151
35865|0x15681029|13|1887429530
35865|0x15681029|14|3776483449
35865|0x15681029|15|7942507159
35865|0x15681029|16|15158357286
35865|0x115681029|17|28607857144
35865|0x115681029|18|58204701100
35865|0x115681029|19|116583486760
35865|0x115681029|20|234879121058
35865|0x1115681029|21|472408982896
35865|0x3115681029|22|1073722469769
35865|0x3115681029|23|3140095376231
35865|0xb115681029|24|6260239663323
35867|0x6e13|1|606734
35867|0x26e13|2|1447531
35867|0x66e13|3|2925831
35867|0x66e13|4|5985036
35867|0x66e13|5|12091837
35867|0x266e13|6|24282307
35867|0x666e13|7|48637924
35867|0x666e13|8|97413699
35867|0x1666e13|9|194978392
35867|0x3666e13|10|397612398
35867|0x3666e13|11|789981303
35867|0x3666e13|12|1829397160
35867|0x3666e13|13|3137858911
35867|0x23666e13|14|6646764838
35867|0x63666e13|15|12547517365
35867|0xe3666e13|16|25140117918
35867|0xe3666e13|17|47563769235
35867|0xe3666e13|18|99068846090
35867|0x4e3666e13|19|198250887191
35867|0x4e3666e13|20|396505128550
35867|0x4e3666e13|21|785232695632
35867|0x24e3666e13|22|1570226452382
35867|0x64e3666e13|23|2796181487288
35867|0x64e3666e13|24|6265073931810
35869|0x9635|1|650348
35869|0x29635|2|1436569
35869|0x29635|3|3006207
35869|0x29635|4|6065455
35869|0x129635|5|12289636
35869|0x129635|6|24584013
35869|0x529635|7|49216329
35869|0xd29635|8|98604411
35869|0xd29635|9|197390715
35869|0x2d29635|10|394866165
35869|0x6d29635|11|789700294
35869|0x6d29635|12|1560288175
35869|0x16d29635|13|3143948001
35869|0x16d29635|14|6240969319
35869|0x56d29635|15|12486035398
35869|0x56d29635|16|25124539883
35869|0x156d29635|17|48811163488
35869|0x356d29635|18|98131334020
35869|0x756d29635|19|196326476609
35869|0x756d29635|20|394329698538
35869|0x1756d29635|21|783733023495
35869|0x3756d29635|22|1566305307817
35869|0x7756d29635|23|2445734583080
35869|0x7756d29635|24|6175654252607
35871|0x1efdf|1|900770
35871|0x3efdf|2|1388506
35871|0x3efdf|3|2958158
35871|0xbefdf|4|5974098
35871|0xbefdf|5|12107402
35871|0x2befdf|6|24284261
35871|0x2befdf|7|48599348
35871|0xabefdf|8|97340344
35871|0xabefdf|9|194871845
35871|0xabefdf|10|389940055
35871|0x4abefdf|11|779967265
35871|0xcabefdf|12|1560049341
35871|0x1cabefdf|13|3120455829
35871|0x1cabefdf|14|6240491275
35871|0x1cabefdf|15|12479465647
35871|0x9cabefdf|16|24959125040
35871|0x19cabefdf|17|49041457495
35871|0x19cabefdf|18|98271086003
35871|0x19cabefdf|19|195716275530
35871|0x19cabefdf|20|390912198117
35871|0x19cabefdf|21|637213247728
35871|0x219cabefdf|22|949085860891
35871|0x619cabefdf|23|1884038149598
35871|0xe19cabefdf|24|6013044328932
35873|0x1f7e1|1|400139
35873|0x1f7e1|2|883675
35873|0x1f7e1|3|1787942
35873|0x1f7e1|4|3599824
35873|0x11f7e1|5|7236947
35873|0x31f7e1|6|14682195
35873|0x31f7e1|7|29327471
35873|0x31f7e1|8|58599018
35873|0x31f7e1|9|117450078
35873|0x231f7e1|10|234859568
35873|0x631f7e1|11|469736013
35873|0x631f7e1|12|951457796
35873|0x631f7e1|13|1878818425
35873|0x2631f7e1|14|3757932437
35873|0x6631f7e1|15|7610453656
35873|0xe631f7e1|16|15082846058
35873|0x1e631f7e1|17|29800786241
35873|0x3e631f7e1|18|59700746162
35873|0x7e631f7e1|19|153010565563
35873|0xfe631f7e1|20|395297136420
35873|0x1fe631f7e1|21|513179145781
35873|0x1fe631f7e1|22|939730271713
35873|0x1fe631f7e1|23|2671906012155
35873|0x1fe631f7e1|24|6057526859795
35875|0x838b|1|630069
35875|0x2838b|2|1392587
35875|0x2838b|3|2993145
35875|0xa838b|4|6042968
35875|0xa838b|5|12139017
35875|0x2a838b|6|24356170
35875|0x6a838b|7|48631704
35875|0xea838b|8|98953695
35875|0xea838b|9|197091338
35875|0xea838b|10|394994068
35875|0xea838b|11|760783288
35875|0xea838b|12|1578436836
35875|0xea838b|13|3146295787
35875|0x20ea838b|14|6277999948
35875|0x60ea838b|15|12575432612
35875|0xe0ea838b|16|25144219020
35875|0x1e0ea838b|17|48989930138
35875|0x3e0ea838b|18|97871453037
35875|0x3e0ea838b|19|196100242820
35875|0xbe0ea838b|20|391138103841
35875|0xbe0ea838b|21|778496097757
35875|0x2be0ea838b|22|1229257324992
35875|0x2be0ea838b|23|2694159766871
35875|0x2be0ea838b|24|6245130366713
35877|0xafad|1|754930
35877|0xafad|2|1438816
35877|0x4afad|3|2999675
35877|0x4afad|4|6065239
35877|0x4afad|5|12259518
35877|0x4afad|6|24571959
35877|0x44afad|7|68309712
35877|0x44afad|8|97316795
35877|0x44afad|9|194808807
35877|0x244afad|10|367453794
35877|0x644afad|11|779842384
35877|0xe44afad|12|1563653360
35877|0xe44afad|13|3225832815
35877|0x2e44afad|14|6302228271
35877|0x6e44afad|15|12559305776
35877|0xee44afad|16|25233008378
35877|0xee44afad|17|47425982434
35877|0xee44afad|18|97928015439
35877|0xee44afad|19|196384013353
35877|0xee44afad|20|391855439484
35877|0x10ee44afad|21|783361504767
35877|0x10ee44afad|22|1566692586532
35877|0x50ee44afad|23|3115570616098
35877|0x50ee44afad|24|6240810215388
35879|0x2397|1|389983
35879|0x2397|2|2122017
35879|0x42397|3|1765097
35879|0xc2397|4|3674659
35879|0x1c2397|5|7131210
35879|0x1c2397|6|14665315
35879|0x5c2397|7|29618281
35879|0xdc2397|8|58333684
35879|0x1dc2397|9|118542376
35879|0x1dc2397|10|234816725
35879|0x5dc2397|11|533384796
35879|0xddc2397|12|941585660
35879|0xddc2397|13|1861157538
35879|0xddc2397|14|3779803398
35879|0xddc2397|15|7541333461
35879|0x8ddc2397|16|15166641985
35879|0x8ddc2397|17|29780429031
35879|0x28ddc2397|18|72306533338
35879|0x28ddc2397|19|126907243611
35879|0xa8ddc2397|20|379538970227
35879|0x1a8ddc2397|21|777462683677
35879|0x3a8ddc2397|22|1564286593161
35879|0x3a8ddc2397|23|3130699213718
35879|0xba8ddc2397|24|6250958548742
35881|0x1d019|1|599395
35881|0x1d019|2|1393737
35881|0x1d019|3|2952228
35881|0x9d019|4|5985096
35881|0x9d019|5|12082359
35881|0x29d019|6|24280220
35881|0x29d019|7|48615152
35881|0xa9d019|8|97297184
35881|0x1a9d019|9|197262486
35881|0x3a9d019|10|389676031
35881|0x7a9d019|11|779538200
35881|0xfa9d019|12|1574856880
35881|0xfa9d019|13|3136297993
35881|0x2fa9d019|14|6282083424
35881|0x2fa9d019|15|12570502273
35881|0xafa9d019|16|25150104288
35881|0x1afa9d019|17|49280464488
35881|0x3afa9d019|18|97977557643
35881|0x3afa9d019|19|195528601823
35881|0xbafa9d019|20|391911557305
35881|0x1bafa9d019|21|777183512990
35881|0x1bafa9d019|22|1556476744263
35881|0x1bafa9d019|23|3108073094789
35881|0x9bafa9d019|24|5139841907457
35883|0x1d283|1|415778
35883|0x3d283|2|779539
35883|0x7d283|3|1829439
35883|0x7d283|4|3503015
35883|0x17d283|5|7399725
35883|0x37d283|6|14572265
35883|0x37d283|7|29163848
35883|0xb7d283|8|58809973
35883|0xb7d283|9|118649024
35883|0x2b7d283|10|237706477
35883|0x6b7d283|11|475611962
35883|0xeb7d283|12|951365425
35883|0xeb7d283|13|1879130165
35883|0xeb7d283|14|3751289913
35883|0xeb7d283|15|7962773571
35883|0xeb7d283|16|15070534891
35883|0x10eb7d283|17|28816159685
35883|0x30eb7d283|18|59093325599
35883|0x30eb7d283|19|122928464579
35883|0x30eb7d283|20|239110991054
35883|0x130eb7d283|21|478593839083
35883|0x130eb7d283|22|954162824774
35883|0x530eb7d283|23|1877155066096
35883|0x530eb7d283|24|5384511252046
35885|0x1a3a5|1|627983
35885|0x1a3a5|2|1410363
35885|0x1a3a5|3|2995955
35885|0x9a3a5|4|6044259
35885|0x19a3a5|5|12245674
35885|0x19a3a5|6|24565035
35885|0x19a3a5|7|49216076
35885|0x19a3a5|8|98540979
35885|0x19a3a5|9|197256132
35885|0x219a3a5|10|394681296
35885|0x619a3a5|11|789416827
35885|0xe19a3a5|12|1580095560
35885|0xe19a3a5|13|3120519809
35885|0xe19a3a5|14|6239827898
35885|0xe19a3a5|15|12996834262
35885|0x8e19a3a5|16|25530861069
35885|0x18e19a3a5|17|49113314590
35885|0x18e19a3a5|18|97543604016
35885|0x58e19a3a5|19|195481233084
35885|0x58e19a3a5|20|394968616859
35885|0x158e19a3a5|21|782322287761
35885|0x158e19a3a5|22|1183332227971
35885|0x158e19a3a5|23|1867211455420
35885|0x958e19a3a5|24|3736837934174
35887|0x3acf|1|448714
35887|0x3acf|2|873321
35887|0x43acf|3|1669629
35887|0x43acf|4|3743985
35887|0x143acf|5|7306310
35887|0x343acf|6|14762867
35887|0x743acf|7|29050900
35887|0xf43acf|8|59322124
35887|0x1f43acf|9|117301901
35887|0x1f43acf|10|237238290
35887|0x5f43acf|11|469397417
35887|0xdf43acf|12|950102956
35887|0xdf43acf|13|1889723099
35887|0x2df43acf|14|3807674213
35887|0x2df43acf|15|7529436498
35887|0x2df43acf|16|15075055531
35887|0x2df43acf|17|30132365788
35887|0x22df43acf|18|58648986119
35887|0x22df43acf|19|117350836875
35887|0xa2df43acf|20|235535865198
35887|0xa2df43acf|21|473666005953
35887|0xa2df43acf|22|937825858273
35887|0xa2df43acf|23|1876611709942
35887|0xa2df43acf|24|4745920170363
35889|0x14cd1|1|374790
35889|0x34cd1|2|869711
35889|0x74cd1|3|1658920
35889|0xf4cd1|4|3695015
35889|0x1f4cd1|5|7190045
35889|0x1f4cd1|6|14633196
35889|0x1f4cd1|7|29423563
35889|0x1f4cd1|8|59379759
35889|0x1f4cd1|9|118655814
35889|0x1f4cd1|10|237546626
35889|0x41f4cd1|11|547870663
35889|0xc1f4cd1|12|913019155
35889|0x1c1f4cd1|13|1885243103
35889|0x1c1f4cd1|14|3978867477
35889|0x1c1f4cd1|15|7483706321
35889|0x9c1f4cd1|16|15355309379
35889|0x19c1f4cd1|17|29654733628
35889|0x19c1f4cd1|18|95215857798
35889|0x19c1f4cd1|19|188331118696
35889|0x19c1f4cd1|20|236557263104
35889|0x119c1f4cd1|21|471566864628
35889|0x119c1f4cd1|22|1160048789031
35889|0x519c1f4cd1|23|2199752826646
35889|0x519c1f4cd1|24|3695390816686
35891|0x14efb|1|344064
35891|0x14efb|2|914502
35891|0x54efb|3|1921868
35891|0x54efb|4|3602083
35891|0x54efb|5|7415449
35891|0x54efb|6|14697826
35891|0x454efb|7|29339925
35891|0x454efb|8|58597651
35891|0x1454efb|9|119042637
35891|0x1454efb|10|237327163
35891|0x1454efb|11|475160157
35891|0x9454efb|12|943761225
35891|0x9454efb|13|2018210226
35891|0x9454efb|14|3761999048
35891|0x49454efb|15|7631758501
35891|0xc9454efb|16|15086122260
35891|0xc9454efb|17|37624733333
35891|0x2c9454efb|18|88477471842
35891|0x2c9454efb|19|193679884083
35891|0x2c9454efb|20|364327028194
35891|0x2c9454efb|21|725933204471
35891|0x22c9454efb|22|1556938132945
35891|0x22c9454efb|23|3117843241871
35891|0x22c9454efb|24|5908897475432
35893|0x1661d|1|601570
35893|0x3661d|2|1410380
35893|0x7661d|3|2992586
35893|0x7661d|4|6066366
35893|0x7661d|5|12258794
35893|0x27661d|6|24568986
35893|0x27661d|7|49224647
35893|0x27661d|8|98643874
35893|0x27661d|9|197224992
35893|0x27661d|10|394483266
35893|0x427661d|11|789672362
35893|0xc27661d|12|1578609463
35893|0x1c27661d|13|3118906572
35893|0x3c27661d|14|6319695595
35893|0x3c27661d|15|12488528061
35893|0x3c27661d|16|25307700802
35893|0x3c27661d|17|50428403923
35893|0x23c27661d|18|97760300346
35893|0x63c27661d|19|191501461937
35893|0x63c27661d|20|355331562368
35893|0x163c27661d|21|761950965826
35893|0x163c27661d|22|1564505146277
35893|0x163c27661d|23|3055983337927
35893|0x963c27661d|24|6145128884071
35895|0xe987|1|331310
35895|0xe987|2|911463
35895|0xe987|3|2914170
35895|0x8e987|4|6098977
35895|0x8e987|5|12274791
35895|0x28e987|6|24441195
35895|0x28e987|7|42412534
35895|0xa8e987|8|55164264
35895|0xa8e987|9|150789282
35895|0xa8e987|10|275526361
35895|0x4a8e987|11|575483921
35895|0x4a8e987|12|1148311005
35895|0x4a8e987|13|2338114779
35895|0x24a8e987|14|4619449579
35895|0x64a8e987|15|9138100449
35895|0x64a8e987|16|18344438392
35895|0x64a8e987|17|36525535939
35895|0x264a8e987|18|54600232151
35895|0x264a8e987|19|97045330504
35895|0x264a8e987|20|385317186209
35895|0x1264a8e987|21|780586943138
35895|0x1264a8e987|22|1569073083840
35895|0x1264a8e987|23|2878867384635
35895|0x1264a8e987|24|6213595790553
35897|0x1a209|1|372735
35897|0x3a209|2|804680
35897|0x7a209|3|1905737
35897|0x7a209|4|3510778
35897|0x17a209|5|7405436
35897|0x37a209|6|14514534
35897|0x37a209|7|29307582
35897|0x37a209|8|78761332
35897|0x137a209|9|117218979
35897|0x337a209|10|234489333
35897|0x737a209|11|463541678
35897|0xf37a209|12|938340657
35897|0x1f37a209|13|1846619486
35897|0x3f37a209|14|3689668582
35897|0x3f37a209|15|7584067326
35897|0xbf37a209|16|14844722719
35897|0x1bf37a209|17|29172671286
35897|0x3bf37a209|18|58032751211
35897|0x3bf37a209|19|116147575284
35897|0xbbf37a209|20|232060620035
35897|0x1bbf37a209|21|460198700825
35897|0x1bbf37a209|22|1083907285578
35897|0x5bbf37a209|23|2157524369917
35897|0x5bbf37a209|24|6135191424209
35899|0x6cf3|1|588553
35899|0x26cf3|2|1392253
35899|0x66cf3|3|2947547
35899|0x66cf3|4|5993965
35899|0x166cf3|5|12087755
35899|0x166cf3|6|24607517
35899|0x566cf3|7|49261832
35899|0xd66cf3|8|97395626
35899|0x1d66cf3|9|197428183
35899|0x1d66cf3|10|394347419
35899|0x1d66cf3|11|789909879
35899|0x1d66cf3|12|1567189603
35899|0x11d66cf3|13|3138691826
35899|0x31d66cf3|14|6271339836
35899|0x71d66cf3|15|12553938080
35899|0xf1d66cf3|16|21894665751
35899|0x1f1d66cf3|17|41188444457
35899|0x1f1d66cf3|18|89858886614
35899|0x5f1d66cf3|19|190456690948
35899|0x5f1d66cf3|20|375675476143
35899|0x5f1d66cf3|21|770220143545
35899|0x25f1d66cf3|22|1538839513474
35899|0x25f1d66cf3|23|3001113497885
35899|0x25f1d66cf3|24|3976239463090
35901|0x16b15|1|609899
35901|0x36b15|2|1391124
35901|0x36b15|3|2951371
35901|0x36b15|4|5969472
35901|0x36b15|5|12088333
35901|0x236b15|6|24289027
35901|0x236b15|7|48613573
35901|0x236b15|8|98651851
35901|0x1236b15|9|197547503
35901|0x1236b15|10|395039064
35901|0x5236b15|11|780333854
35901|0xd236b15|12|1576904228
35901|0xd236b15|13|3159343152
35901|0xd236b15|14|6316627641
35901|0xd236b15|15|12545444436
35901|0x8d236b15|16|25084367299
35901|0x18d236b15|17|49443198897
35901|0x38d236b15|18|97685011288
35901|0x38d236b15|19|190351466911
35901|0xb8d236b15|20|308253103267
35901|0x1b8d236b15|21|675401006125
35901|0x1b8d236b15|22|1563807298218
35901|0x5b8d236b15|23|1994203810397
35901|0x5b8d236b15|24|4902852088951
35903|0x163bf|1|621714
35903|0x163bf|2|1392217
35903|0x563bf|3|2974040
35903|0x563bf|4|5969028
35903|0x563bf|5|12111229
35903|0x2563bf|6|24295030
35903|0x6563bf|7|48724309
35903|0xe563bf|8|98714714
35903|0x1e563bf|9|196211918
35903|0x3e563bf|10|395331551
35903|0x3e563bf|11|788467777
35903|0xbe563bf|12|1571098922
35903|0xbe563bf|13|3143664279
35903|0x2be563bf|14|6294648000
35903|0x6be563bf|15|12580497621
35903|0x6be563bf|16|25174333884
35903|0x6be563bf|17|25067943332
35903|0x6be563bf|18|56146652127
35903|0x46be563bf|19|131788616280
35903|0xc6be563bf|20|241093872562
35903|0x1c6be563bf|21|527268208179
35903|0x1c6be563bf|22|1101438940416
35903|0x1c6be563bf|23|2100780909261
35903|0x1c6be563bf|24|4109790688253
35905|0x183c1|1|415805
35905|0x183c1|2|888237
35905|0x183c1|3|1669812
35905|0x183c1|4|3751410
35905|0x1183c1|5|7309475
35905|0x1183c1|6|14739185
35905|0x1183c1|7|29608634
35905|0x9183c1|8|59354946
35905|0x19183c1|9|117066078
35905|0x39183c1|10|234101343
35905|0x79183c1|11|482037546
35905|0x79183c1|12|941707031
35905|0x79183c1|13|1874117664
35905|0x79183c1|14|3756502619
35905|0x79183c1|15|7105292325
35905|0x879183c1|16|12679905294
35905|0x879183c1|17|29900706752
35905|0x2879183c1|18|58651666825
35905|0x2879183c1|19|117306713003
35905|0xa879183c1|20|235348780765
35905|0x1a879183c1|21|545330828851
35905|0x3a879183c1|22|1031043199404
35905|0x3a879183c1|23|2071804030411
35905|0x3a879183c1|24|4395556739914
35907|0x1206b|1|367470
35907|0x3206b|2|779797
35907|0x7206b|3|1682362
35907|0xf206b|4|3675872
35907|0x1f206b|5|6023496
35907|0x3f206b|6|10328810
35907|0x7f206b|7|27769801
35907|0x7f206b|8|51265773
35907|0x17f206b|9|105999024
35907|0x37f206b|10|198329491
35907|0x37f206b|11|417227518
35907|0x37f206b|12|943299376
35907|0x137f206b|13|1791517074
35907|0x337f206b|14|3221007821
35907|0x337f206b|15|6369937259
35907|0x337f206b|16|14087516005
35907|0x1337f206b|17|26866084134
35907|0x3337f206b|18|54920590217
35907|0x3337f206b|19|129402354468
35907|0x3337f206b|20|227609974334
35907|0x3337f206b|21|512832862407
35907|0x3337f206b|22|953610872278
35907|0x3337f206b|23|2085200394980
35907|0x3337f206b|24|3960228366367
35909|0xa68d|1|388468
35909|0x2a68d|2|912289
35909|0x6a68d|3|1632512
35909|0x6a68d|4|3674741
35909|0x6a68d|5|7214090
35909|0x26a68d|6|14526556
35909|0x26a68d|7|28830265
35909|0xa6a68d|8|58729494
35909|0xa6a68d|9|117452528
35909|0xa6a68d|10|221315895
35909|0xa6a68d|11|580377834
35909|0xa6a68d|12|904120364
35909|0x10a6a68d|13|1837809392
35909|0x30a6a68d|14|3727466176
35909|0x70a6a68d|15|7495464805
35909|0xf0a6a68d|16|13792717655
35909|0xf0a6a68d|17|25226200976
35909|0xf0a6a68d|18|53739658383
35909|0x4f0a6a68d|19|108670708241
35909|0x4f0a6a68d|20|217132375742
35909|0x14f0a6a68d|21|438886109381
35909|0x14f0a6a68d|22|942546996731
35909|0x54f0a6a68d|23|2217403526666
35909|0xd4f0a6a68d|24|4265029756112
35911|0x15d77|1|684853
35911|0x35d77|2|1438594
35911|0x75d77|3|3039333
35911|0xf5d77|4|4862238
35911|0xf5d77|5|7351117
35911|0x2f5d77|6|14617539
35911|0x6f5d77|7|29651857
35911|0x6f5d77|8|70463547
35911|0x6f5d77|9|117381282
35911|0x26f5d77|10|343358352
35911|0x66f5d77|11|609583167
35911|0x66f5d77|12|1243662721
35911|0x166f5d77|13|2652756664
35911|0x366f5d77|14|5401940085
35911|0x366f5d77|15|6319964650
35911|0x366f5d77|16|12507082550
35911|0x366f5d77|17|28578805437
35911|0x366f5d77|18|64547459553
35911|0x4366f5d77|19|117585590340
35911|0x4366f5d77|20|238682628218
35911|0x14366f5d77|21|555185631665
35911|0x34366f5d77|22|1069289769571
35911|0x74366f5d77|23|2105930843979
35911|0x74366f5d77|24|4314238037873
35913|0x125f9|1|394036
35913|0x125f9|2|931375
35913|0x125f9|3|1871477
35913|0x925f9|4|3654833
35913|0x925f9|5|7386715
35913|0x2925f9|6|14902486
35913|0x2925f9|7|29762784
35913|0xa925f9|8|58178086
35913|0x1a925f9|9|118267744
35913|0x3a925f9|10|232696814
35913|0x7a925f9|11|464768536
35913|0x7a925f9|12|933725165
35913|0x17a925f9|13|1861065646
35913|0x17a925f9|14|3724530796
35913|0x57a925f9|15|6988570897
35913|0xd7a925f9|16|12515244415
35913|0xd7a925f9|17|27955507000
35913|0x2d7a925f9|18|55671931556
35913|0x2d7a925f9|19|124256106932
35913|0x2d7a925f9|20|254120922754
35913|0x2d7a925f9|21|481188695666
35913|0x2d7a925f9|22|1066272010987
35913|0x42d7a925f9|23|2053586999230
35913|0x42d7a925f9|24|4125887110341
35915|0x1dd63|1|374587
35915|0x3dd63|2|1871077
35915|0x7dd63|3|1732575
35915|0x7dd63|4|3582305
35915|0x7dd63|5|7236635
35915|0x27dd63|6|14432486
35915|0x67dd63|7|26608344
35915|0xe7dd63|8|55725505
35915|0x1e7dd63|9|108443605
35915|0x1e7dd63|10|210068800
35915|0x5e7dd63|11|425673443
35915|0xde7dd63|12|836539591
35915|0xde7dd63|13|1832976036
35915|0x2de7dd63|14|3743538852
35915|0x6de7dd63|15|6824004404
35915|0x6de7dd63|16|12643052899
35915|0x16de7dd63|17|28266545949
35915|0x36de7dd63|18|57665446683
35915|0x76de7dd63|19|108046331603
35915|0xf6de7dd63|20|246280415257
35915|0xf6de7dd63|21|511387834230
35915|0x2f6de7dd63|22|918321185101
35915|0x2f6de7dd63|23|1888515436511
35915|0x2f6de7dd63|24|3841420223035
35917|0x18c85|1|353271
35917|0x18c85|2|803882
35917|0x18c85|3|1638286
35917|0x18c85|4|3352529
35917|0x118c85|5|6997807
35917|0x318c85|6|13655405
35917|0x718c85|7|27969816
35917|0x718c85|8|56121397
35917|0x1718c85|9|112047978
35917|0x1718c85|10|224019559
35917|0x1718c85|11|445448515
35917|0x9718c85|12|894175778
35917|0x19718c85|13|1785046591
35917|0x19718c85|14|3559850692
35917|0x59718c85|15|6740629203
35917|0x59718c85|16|14062374531
35917|0x159718c85|17|32194113428
35917|0x359718c85|18|63348299367
35917|0x759718c85|19|107046894982
35917|0x759718c85|20|249601003602
35917|0x759718c85|21|440425037292
35917|0x2759718c85|22|896691322658
35917|0x6759718c85|23|1822488587839
35917|0x6759718c85|24|3702299131263
35919|0x10aaf|1|507367
35919|0x30aaf|2|779764
35919|0x30aaf|3|1852253
35919|0xb0aaf|4|3503119
35919|0xb0aaf|5|5402843
35919|0xb0aaf|6|10312532
35919|0x4b0aaf|7|28683376
35919|0x4b0aaf|8|51733938
35919|0x14b0aaf|9|105518473
35919|0x14b0aaf|10|209487914
35919|0x14b0aaf|11|382479654
35919|0x14b0aaf|12|831215350
35919|0x114b0aaf|13|1610315530
35919|0x314b0aaf|14|3248363626
35919|0x714b0aaf|15|6588345879
35919|0x714b0aaf|16|13064539106
35919|0x714b0aaf|17|27652892669
35919|0x714b0aaf|18|51503153390
35919|0x714b0aaf|19|108269776493
35919|0x8714b0aaf|20|220644018988
35919|0x18714b0aaf|21|450957385853
35919|0x18714b0aaf|22|934388097455
35919|0x18714b0aaf|23|1885213006551
35919|0x98714b0aaf|24|4019089444875
35921|0x3cb1|1|392635
35921|0x3cb1|2|1984877
35921|0x43cb1|3|1684307
35921|0xc3cb1|4|3707125
35921|0x1c3cb1|5|7207592
35921|0x3c3cb1|6|14493608
35921|0x7c3cb1|7|29118388
35921|0xfc3cb1|8|70033710
35921|0x1fc3cb1|9|114963925
35921|0x3fc3cb1|10|206385667
35921|0x7fc3cb1|11|427246397
35921|0xffc3cb1|12|796282756
35921|0xffc3cb1|13|1589630182
35921|0xffc3cb1|14|3162544462
35921|0xffc3cb1|15|6477384117
35921|0xffc3cb1|16|12860041082
35921|0x10ffc3cb1|17|25708614610
35921|0x10ffc3cb1|18|66223613722
35921|0x50ffc3cb1|19|131102133107
35921|0xd0ffc3cb1|20|218367190503
35921|0xd0ffc3cb1|21|561922373783
35921|0x2d0ffc3cb1|22|979914125221
35921|0x2d0ffc3cb1|23|2034909319369
35921|0x2d0ffc3cb1|24|4314710096017
35923|0x197db|1|344307
35923|0x197db|2|829015
35923|0x197db|3|1669897
35923|0x197db|4|3398070
35923|0x1197db|5|7116233
35923|0x1197db|6|13910544
35923|0x5197db|7|27869932
35923|0xd197db|8|56063980
35923|0x1d197db|9|110667264
35923|0x3d197db|10|221380970
35923|0x7d197db|11|447526719
35923|0xfd197db|12|885286301
35923|0xfd197db|13|1779687727
35923|0xfd197db|14|3553014521
35923|0x4fd197db|15|7127431320
35923|0xcfd197db|16|14239257887
35923|0xcfd197db|17|27169073847
35923|0x2cfd197db|18|55634938696
35923|0x2cfd197db|19|195682465311
35923|0x2cfd197db|20|385139963666
35923|0x12cfd197db|21|695486852308
35923|0x12cfd197db|22|1406358644300
35923|0x52cfd197db|23|2478826992970
35923|0xd2cfd197db|24|4763021812966
35925|0x10fd|1|641549
35925|0x10fd|2|1410408
35925|0x10fd|3|3004760
35925|0x10fd|4|6043951
35925|0x1010fd|5|12248778
35925|0x3010fd|6|24630698
35925|0x7010fd|7|49280828
35925|0xf010fd|8|97560333
35925|0x1f010fd|9|195223728
35925|0x3f010fd|10|390572595
35925|0x3f010fd|11|780995154
35925|0xbf010fd|12|1584201950
35925|0xbf010fd|13|3124106284
35925|0xbf010fd|14|6325083504
35925|0x4bf010fd|15|12497205689
35925|0xcbf010fd|16|25154339222
35925|0x1cbf010fd|17|32743561211
35925|0x1cbf010fd|18|58495505033
35925|0x1cbf010fd|19|116500665701
35925|0x1cbf010fd|20|368502805478
35925|0x1cbf010fd|21|724481609091
35925|0x21cbf010fd|22|1102764667559
35925|0x61cbf010fd|23|2379788107659
35925|0x61cbf010fd|24|4987990265730
35927|0x11f67|1|354741
35927|0x31f67|2|779879
35927|0x71f67|3|1811599
35927|0xf1f67|4|3572962
35927|0x1f1f67|5|7372822
35927|0x1f1f67|6|14565251
35927|0x5f1f67|7|29164379
35927|0xdf1f67|8|58646170
35927|0x1df1f67|9|117082166
35927|0x1df1f67|10|237051297
35927|0x1df1f67|11|479552741
35927|0x9df1f67|12|945430360
35927|0x9df1f67|13|1894176629
35927|0x29df1f67|14|3783888158
35927|0x69df1f67|15|7558229559
35927|0x69df1f67|16|15088466089
35927|0x69df1f67|17|41577874547
35927|0x269df1f67|18|97590793511
35927|0x269df1f67|19|195825955516
35927|0xa69df1f67|20|391550065148
35927|0x1a69df1f67|21|778368876947
35927|0x3a69df1f67|22|1565122921086
35927|0x7a69df1f67|23|3086717026787
35927|0xfa69df1f67|24|6257476225068
35929|0x1fbe9|1|908954
35929|0x1fbe9|2|1439412
35929|0x5fbe9|3|3010173
35929|0xdfbe9|4|6093449
35929|0xdfbe9|5|12272533
35929|0x2dfbe9|6|24621225
35929|0x6dfbe9|7|49363500
35929|0x6dfbe9|8|97596790
35929|0x6dfbe9|9|197650762
35929|0x6dfbe9|10|390840215
35929|0x46dfbe9|11|781528356
35929|0x46dfbe9|12|1577920885
35929|0x146dfbe9|13|3147378139
35929|0x146dfbe9|14|6298936419
35929|0x546dfbe9|15|12590888585
35929|0xd46dfbe9|16|25164251840
35929|0xd46dfbe9|17|47889975405
35929|0x2d46dfbe9|18|98153761264
35929|0x2d46dfbe9|19|195940013202
35929|0xad46dfbe9|20|391581807657
35929|0x1ad46dfbe9|21|621745104571
35929|0x1ad46dfbe9|22|1139541665229
35929|0x1ad46dfbe9|23|2021471516278
35929|0x9ad46dfbe9|24|3709017015355
35931|0x1c3d3|1|509485
35931|0x1c3d3|2|817851
35931|0x1c3d3|3|1669996
35931|0x9c3d3|4|3411782
35931|0x19c3d3|5|7089055
35931|0x19c3d3|6|13971965
35931|0x59c3d3|7|28028451
35931|0x59c3d3|8|55144184
35931|0x159c3d3|9|112119027
35931|0x359c3d3|10|224128076
35931|0x359c3d3|11|444436163
35931|0xb59c3d3|12|893475570
35931|0xb59c3d3|13|1782565070
35931|0x2b59c3d3|14|3566882044
35931|0x2b59c3d3|15|7146756307
35931|0xab59c3d3|16|14256653025
35931|0xab59c3d3|17|27628161751
35931|0x2ab59c3d3|18|55624819981
35931|0x2ab59c3d3|19|176978653167
35931|0xaab59c3d3|20|309563009174
35931|0xaab59c3d3|21|521858580715
35931|0xaab59c3d3|22|896735940623
35931|0xaab59c3d3|23|1774699325525
35931|0x8aab59c3d3|24|3873567034111
35933|0x1a7f5|1|345643
35933|0x1a7f5|2|805062
35933|0x5a7f5|3|1882245
35933|0xda7f5|4|3535503
35933|0x1da7f5|5|7501884
35933|0x3da7f5|6|13069052
35933|0x7da7f5|7|25860036
35933|0xfda7f5|8|58362667
35933|0xfda7f5|9|102562689
35933|0xfda7f5|10|194756518
35933|0x4fda7f5|11|412251933
35933|0xcfda7f5|12|824614929
35933|0x1cfda7f5|13|1566108759
35933|0x1cfda7f5|14|3128673319
35933|0x5cfda7f5|15|6993493270
35933|0xdcfda7f5|16|13085873507
35933|0x1dcfda7f5|17|27789807904
35933|0x1dcfda7f5|18|58170201276
35933|0x1dcfda7f5|19|164038983003
35933|0x9dcfda7f5|20|272400688495
35933|0x19dcfda7f5|21|454378514710
35933|0x19dcfda7f5|22|906505636760
35933|0x59dcfda7f5|23|2429337934270
35933|0xd9dcfda7f5|24|5318212781190
35935|0xcf9f|1|781225
35935|0xcf9f|2|1439564
35935|0xcf9f|3|3016584
35935|0x8cf9f|4|6078256
35935|0x18cf9f|5|12287975
35935|0x18cf9f|6|24654729
35935|0x58cf9f|7|49326180
35935|0xd8cf9f|8|97461293
35935|0xd8cf9f|9|197576013
35935|0x2d8cf9f|10|392446988
35935|0x2d8cf9f|11|780977772
35935|0x2d8cf9f|12|1579999679
35935|0x2d8cf9f|13|3143811094
35935|0x22d8cf9f|14|6293843038
35935|0x22d8cf9f|15|12567392839
35935|0xa2d8cf9f|16|17331913237
35935|0x1a2d8cf9f|17|30159614261
35935|0x3a2d8cf9f|18|68193755177
35935|0x3a2d8cf9f|19|123797887340
35935|0xba2d8cf9f|20|295282363629
35935|0xba2d8cf9f|21|739255854054
35935|0x2ba2d8cf9f|22|1372833897374
35935|0x6ba2d8cf9f|23|2794182890447
35935|0x6ba2d8cf9f|24|3864363413855
35937|0x117a1|1|381184
35937|0x317a1|2|779682
35937|0x317a1|3|1741944
35937|0xb17a1|4|3591581
35937|0xb17a1|5|7321014
35937|0x2b17a1|6|14572274
35937|0x6b17a1|7|29179389
35937|0xeb17a1|8|58573113
35937|0xeb17a1|9|117046417
35937|0x2eb17a1|10|237043276
35937|0x6eb17a1|11|474252512
35937|0x6eb17a1|12|948400104
35937|0x16eb17a1|13|1882881945
35937|0x16eb17a1|14|3790065578
35937|0x56eb17a1|15|7540117535
35937|0xd6eb17a1|16|15091232641
35937|0xd6eb17a1|17|28671467836
35937|0x2d6eb17a1|18|58876077082
35937|0x6d6eb17a1|19|117522164911
35937|0x6d6eb17a1|20|234876116901
35937|0x6d6eb17a1|21|469100441979
35937|0x26d6eb17a1|22|942968033151
35937|0x66d6eb17a1|23|1876331091202
35937|0xe6d6eb17a1|24|3804894594127
35939|0x554b|1|327553
35939|0x2554b|2|780210
35939|0x6554b|3|1662673
35939|0xe554b|4|3342759
35939|0x1e554b|5|6990647
35939|0x3e554b|6|13619244
35939|0x7e554b|7|27972925
35939|0xfe554b|8|55389410
35939|0x1fe554b|9|117469891
35939|0x1fe554b|10|223512576
35939|0x5fe554b|11|443445927
35939|0xdfe554b|12|891547250
35939|0xdfe554b|13|1782032200
35939|0xdfe554b|14|3565071468
35939|0xdfe554b|15|7130180591
35939|0x8dfe554b|16|14267947029
35939|0x8dfe554b|17|28162738726
35939|0x28dfe554b|18|56617196609
35939|0x68dfe554b|19|113350743329
35939|0x68dfe554b|20|233468228765
35939|0x168dfe554b|21|538897989753
35939|0x368dfe554b|22|954547247058
35939|0x768dfe554b|23|2217256986838
35939|0xf68dfe554b|24|5753928932255
35941|0x1456d|1|847905
35941|0x1456d|2|1437453
35941|0x1456d|3|3017042
35941|0x9456d|4|6115902
35941|0x9456d|5|12286128
35941|0x29456d|6|24649605
35941|0x69456d|7|49334328
35941|0xe9456d|8|97537156
35941|0xe9456d|9|197631361
35941|0x2e9456d|10|390565517
35941|0x2e9456d|11|790478181
35941|0xae9456d|12|1565498216
35941|0xae9456d|13|3151012247
35941|0x2ae9456d|14|6291831645
35941|0x2ae9456d|15|12588776956
35941|0xaae9456d|16|25175369697
35941|0x1aae9456d|17|49394666747
35941|0x1aae9456d|18|98213624978
35941|0x1aae9456d|19|195771497725
35941|0x1aae9456d|20|391629726090
35941|0x1aae9456d|21|783084082328
35941|0x21aae9456d|22|1550261431405
35941|0x61aae9456d|23|2445068409691
35941|0x61aae9456d|24|4430290564178
35943|0x1cf57|1|210760
35943|0x3cf57|2|501424
35943|0x7cf57|3|1332708
35943|0xfcf57|4|3409367
35943|0xfcf57|5|7346861
35943|0xfcf57|6|14485194
35943|0x4fcf57|7|29182453
35943|0xcfcf57|8|59022105
35943|0x1cfcf57|9|122273992
35943|0x1cfcf57|10|236202409
35943|0x1cfcf57|11|417997491
35943|0x1cfcf57|12|836796943
35943|0x1cfcf57|13|1640703428
35943|0x21cfcf57|14|3521193702
35943|0x61cfcf57|15|6546043259
35943|0x61cfcf57|16|14805374839
35943|0x161cfcf57|17|29610580748
35943|0x161cfcf57|18|53249085960
35943|0x561cfcf57|19|123756438317
35943|0xd61cfcf57|20|216932614552
35943|0xd61cfcf57|21|436912366967
35943|0x2d61cfcf57|22|910200724021
35943|0x6d61cfcf57|23|1831990771580
35943|0xed61cfcf57|24|3683451575224
35945|0x1c3d9|1|596402
35945|0x1c3d9|2|3416853
35945|0x5c3d9|3|2985118
35945|0xdc3d9|4|6132080
35945|0xdc3d9|5|10616266
35945|0xdc3d9|6|20988842
35945|0x4dc3d9|7|48703394
35945|0x4dc3d9|8|89373343
35945|0x14dc3d9|9|175112275
35945|0x14dc3d9|10|361782649
35945|0x14dc3d9|11|687502514
35945|0x14dc3d9|12|1374703679
35945|0x114dc3d9|13|2654395942
35945|0x314dc3d9|14|6252184176
35945|0x714dc3d9|15|12503050543
35945|0x714dc3d9|16|17926056749
35945|0x1714dc3d9|17|31030219750
35945|0x3714dc3d9|18|59583606141
35945|0x3714dc3d9|19|127074193130
35945|0x3714dc3d9|20|254564574562
35945|0x3714dc3d9|21|555850975295
35945|0x23714dc3d9|22|981635477324
35945|0x23714dc3d9|23|1798272889552
35945|0xa3714dc3d9|24|3712856382251
35947|0x1c043|1|587412
35947|0x1c043|2|1426811
35947|0x1c043|3|2961429
35947|0x1c043|4|5984993
35947|0x1c043|5|12121853
35947|0x21c043|6|23380121
35947|0x61c043|7|28049555
35947|0x61c043|8|55288144
35947|0x61c043|9|97793756
35947|0x261c043|10|195452876
35947|0x661c043|11|386649898
35947|0x661c043|12|786606708
35947|0x661c043|13|1491781396
35947|0x2661c043|14|3282186709
35947|0x2661c043|15|11009978158
35947|0xa661c043|16|17067692754
35947|0x1a661c043|17|33867877795
35947|0x3a661c043|18|71861698679
35947|0x7a661c043|19|132905200382
35947|0x7a661c043|20|258848825279
35947|0x17a661c043|21|549724306261
35947|0x37a661c043|22|962917407862
35947|0x77a661c043|23|1817161703281
35947|0x77a661c043|24|3590957421966
35949|0x15d65|1|406814
35949|0x15d65|2|875524
35949|0x15d65|3|1663129
35949|0x95d65|4|3717678
35949|0x195d65|5|7207610
35949|0x395d65|6|14761334
35949|0x395d65|7|29156827
35949|0xb95d65|8|58208913
35949|0xb95d65|9|117689584
35949|0x2b95d65|10|235595997
35949|0x2b95d65|11|467191557
35949|0xab95d65|12|831556656
35949|0x1ab95d65|13|1762183121
35949|0x1ab95d65|14|3757151059
35949|0x5ab95d65|15|7400693743
35949|0x5ab95d65|16|13838649877
35949|0x5ab95d65|17|27393860237
35949|0x5ab95d65|18|57039211296
35949|0x45ab95d65|19|112042074417
35949|0xc5ab95d65|20|221855820560
35949|0xc5ab95d65|21|453791873047
35949|0x2c5ab95d65|22|984924683812
35949|0x2c5ab95d65|23|1837082750038
35949|0xac5ab95d65|24|3632388353235
35951|0x528f|1|344693
35951|0x2528f|2|814313
35951|0x2528f|3|1710786
35951|0xa528f|4|3710840
35951|0xa528f|5|7243759
35951|0x2a528f|6|14648547
35951|0x2a528f|7|29362652
35951|0xaa528f|8|50983322
35951|0x1aa528f|9|104085914
35951|0x3aa528f|10|210382026
35951|0x7aa528f|11|421676140
35951|0xfaa528f|12|871965809
35951|0x1faa528f|13|1754707977
35951|0x3faa528f|14|3202778760
35951|0x7faa528f|15|6237872896
35951|0xffaa528f|16|12387582137
35951|0xffaa528f|17|25220228537
35951|0xffaa528f|18|62034340825
35951|0xffaa528f|19|105643999310
35951|0xffaa528f|20|241278223870
35951|0xffaa528f|21|527307443474
35951|0xffaa528f|22|991287028122
35951|0x40ffaa528f|23|1892080232377
35951|0x40ffaa528f|24|3970694466650
35953|0x1b491|1|403670
35953|0x1b491|2|821803
35953|0x1b491|3|1661886
35953|0x1b491|4|3643289
35953|0x1b491|5|7101136
35953|0x1b491|6|13136422
35953|0x1b491|7|24042884
35953|0x81b491|8|52541362
35953|0x81b491|9|105393830
35953|0x81b491|10|208713504
35953|0x81b491|11|413234573
35953|0x881b491|12|799832003
35953|0x1881b491|13|1705472223
35953|0x1881b491|14|3241184834
35953|0x5881b491|15|6341333255
35953|0x5881b491|16|12690809824
35953|0x5881b491|17|28392273288
35953|0x25881b491|18|48153372518
35953|0x25881b491|19|129723158126
35953|0x25881b491|20|219360901137
35953|0x125881b491|21|466652671608
35953|0x125881b491|22|1017779686072
35953|0x125881b491|23|1887236995730
35953|0x925881b491|24|4172755570664
35955|0xf8bb|1|329584
35955|0x2f8bb|2|1912119
35955|0x6f8bb|3|1639080
35955|0xef8bb|4|3342308
35955|0xef8bb|5|7030810
35955|0xef8bb|6|13816492
35955|0x4ef8bb|7|28046656
35955|0xcef8bb|8|56425309
35955|0x1cef8bb|9|111164715
35955|0x1cef8bb|10|251956615
35955|0x1cef8bb|11|580474257
35955|0x1cef8bb|12|1246716058
35955|0x1cef8bb|13|2159166501
35955|0x1cef8bb|14|4057051622
35955|0x1cef8bb|15|5718813188
35955|0x1cef8bb|16|16114183485
35955|0x1cef8bb|17|47454691675
35955|0x201cef8bb|18|97300170148
35955|0x601cef8bb|19|120893979127
35955|0x601cef8bb|20|265052047096
35955|0x1601cef8bb|21|554056903078
35955|0x3601cef8bb|22|990748865593
35955|0x7601cef8bb|23|2038428357667
35955|0x7601cef8bb|24|4537598428870
35957|0x1e3dd|1|630321
35957|0x3e3dd|2|1392349
35957|0x7e3dd|3|2967641
35957|0xfe3dd|4|5993805
35957|0xfe3dd|5|12071715
35957|0x2fe3dd|6|24600880
35957|0x2fe3dd|7|49268195
35957|0xafe3dd|8|98645553
35957|0x1afe3dd|9|195371547
35957|0x3afe3dd|10|395055541
35957|0x3afe3dd|11|780696329
35957|0x3afe3dd|12|1591605498
35957|0x3afe3dd|13|3123106994
35957|0x23afe3dd|14|5182654921
35957|0x23afe3dd|15|10267336031
35957|0xa3afe3dd|16|25135559065
35957|0x1a3afe3dd|17|49399986368
35957|0x1a3afe3dd|18|97961037933
35957|0x5a3afe3dd|19|195670431206
35957|0xda3afe3dd|20|360038077336
35957|0xda3afe3dd|21|782293416119
35957|0xda3afe3dd|22|1255703126903
35957|0x4da3afe3dd|23|1890417615645
35957|0x4da3afe3dd|24|4246166691155
35959|0x10d47|1|614570
35959|0x10d47|2|3368536
35959|0x10d47|3|2984386
35959|0x10d47|4|5995382
35959|0x10d47|5|12147549
35959|0x10d47|6|24385582
35959|0x410d47|7|29672013
35959|0xc10d47|8|69502017
35959|0x1c10d47|9|144285633
35959|0x1c10d47|10|320702427
35959|0x5c10d47|11|606760158
35959|0x5c10d47|12|1004075757
35959|0x5c10d47|13|1616733951
35959|0x5c10d47|14|3545175055
35959|0x45c10d47|15|9504031000
35959|0x45c10d47|16|18640132878
35959|0x45c10d47|17|39305282815
35959|0x245c10d47|18|73767360866
35959|0x645c10d47|19|195615492102
35959|0x645c10d47|20|391237379262
35959|0x1645c10d47|21|639219051820
35959|0x1645c10d47|22|1107249825240
35959|0x1645c10d47|23|2205150099411
35959|0x9645c10d47|24|3804368780991
35961|0x1dc9|1|375026
35961|0x1dc9|2|1338610
35961|0x1dc9|3|1897893
35961|0x81dc9|4|3498044
35961|0x81dc9|5|7414737
35961|0x281dc9|6|13452182
35961|0x681dc9|7|25161248
35961|0xe81dc9|8|51293980
35961|0xe81dc9|9|115154189
35961|0x2e81dc9|10|217350925
35961|0x2e81dc9|11|414511904
35961|0x2e81dc9|12|819621113
35961|0x12e81dc9|13|1671952869
35961|0x32e81dc9|14|3265958766
35961|0x32e81dc9|15|7509366948
35961|0x32e81dc9|16|14962879260
35961|0x132e81dc9|17|25058049719
35961|0x132e81dc9|18|52846928738
35961|0x132e81dc9|19|129833515516
35961|0x932e81dc9|20|222549308742
35961|0x1932e81dc9|21|443648762398
35961|0x1932e81dc9|22|928165412579
35961|0x5932e81dc9|23|1841410519452
35961|0x5932e81dc9|24|4594363396485
35963|0x172b3|1|509192
35963|0x172b3|2|891283
35963|0x572b3|3|1863984
35963|0xd72b3|4|3501322
35963|0x1d72b3|5|7346236
35963|0x3d72b3|6|14623153
35963|0x7d72b3|7|29126045
35963|0x7d72b3|8|58576282
35963|0x17d72b3|9|117169491
35963|0x37d72b3|10|242977542
35963|0x37d72b3|11|474550251
35963|0xb7d72b3|12|943237757
35963|0xb7d72b3|13|1897554245
35963|0x2b7d72b3|14|3773772021
35963|0x2b7d72b3|15|7500351870
35963|0xab7d72b3|16|15019931099
35963|0x1ab7d72b3|17|29633674942
35963|0x3ab7d72b3|18|58767540995
35963|0x7ab7d72b3|19|113289564662
35963|0xfab7d72b3|20|237655150153
35963|0x1fab7d72b3|21|453833215943
35963|0x1fab7d72b3|22|890892481983
35963|0x1fab7d72b3|23|2149682375795
35963|0x1fab7d72b3|24|4134981200592
35965|0x4cd5|1|626056
35965|0x24cd5|2|1425988
35965|0x64cd5|3|2940385
35965|0xe4cd5|4|6011175
35965|0xe4cd5|5|12144152
35965|0xe4cd5|6|24315166
35965|0xe4cd5|7|42146214
35965|0xe4cd5|8|44908508
35965|0x10e4cd5|9|137898502
35965|0x30e4cd5|10|295112717
35965|0x30e4cd5|11|526778188
35965|0x30e4cd5|12|1235392248
35965|0x130e4cd5|13|2673983440
35965|0x330e4cd5|14|5609751191
35965|0x730e4cd5|15|12499869695
35965|0x730e4cd5|16|19556443233
35965|0x730e4cd5|17|28093785178
35965|0x730e4cd5|18|55791932336
35965|0x4730e4cd5|19|129925605620
35965|0xc730e4cd5|20|223866851049
35965|0xc730e4cd5|21|476020587315
35965|0xc730e4cd5|22|925581062456
35965|0xc730e4cd5|23|2029791836597
35965|0xc730e4cd5|24|4086328477712
35967|0x1337f|1|338249
35967|0x3337f|2|788164
35967|0x3337f|3|1842317
35967|0x3337f|4|3516987
35967|0x3337f|5|7353501
35967|0x3337f|6|14560006
35967|0x43337f|7|29074004
35967|0xc3337f|8|58678444
35967|0x1c3337f|9|115141931
35967|0x1c3337f|10|233131040
35967|0x1c3337f|11|390343295
35967|0x1c3337f|12|758572309
35967|0x1c3337f|13|1534254857
35967|0x21c3337f|14|3071275103
35967|0x21c3337f|15|6711535666
35967|0xa1c3337f|16|11487487241
35967|0x1a1c3337f|17|25011849684
35967|0x3a1c3337f|18|53197610466
35967|0x7a1c3337f|19|107481043166
35967|0x7a1c3337f|20|228198684155
35967|0x7a1c3337f|21|451873985759
35967|0x7a1c3337f|22|912165743916
35967|0x47a1c3337f|23|1748968483895
35967|0x47a1c3337f|24|3594491383580
35969|0x1b381|1|235070
35969|0x3b381|2|545034
35969|0x3b381|3|1361786
35969|0xbb381|4|3012726
35969|0x1bb381|5|7345596
35969|0x3bb381|6|13282945
35969|0x7bb381|7|26560760
35969|0xfbb381|8|56391318
35969|0x1fbb381|9|110002438
35969|0x3fbb381|10|216569463
35969|0x3fbb381|11|440418421
35969|0xbfbb381|12|820595387
35969|0x1bfbb381|13|1846432481
35969|0x1bfbb381|14|3336993240
35969|0x5bfbb381|15|6885390791
35969|0x5bfbb381|16|13966845768
35969|0x5bfbb381|17|27847022241
35969|0x5bfbb381|18|51648975209
35969|0x45bfbb381|19|121359526351
35969|0x45bfbb381|20|212368405855
35969|0x45bfbb381|21|426276784571
35969|0x45bfbb381|22|844974218289
35969|0x45bfbb381|23|1756762647120
35969|0x845bfbb381|24|3744714282836
35971|0x1222b|1|337141
35971|0x1222b|2|805042
35971|0x5222b|3|1775136
35971|0x5222b|4|3670709
35971|0x15222b|5|7421798
35971|0x15222b|6|14773768
35971|0x15222b|7|29227867
35971|0x95222b|8|58727261
35971|0x195222b|9|116804813
35971|0x395222b|10|259289210
35971|0x795222b|11|572496863
35971|0x795222b|12|1184754216
35971|0x1795222b|13|1950932477
35971|0x3795222b|14|3114537539
35971|0x3795222b|15|6079343928
35971|0x3795222b|16|17895114411
35971|0x3795222b|17|28126352575
35971|0x23795222b|18|49627176146
35971|0x23795222b|19|103451646247
35971|0xa3795222b|20|198572975818
35971|0xa3795222b|21|419306959463
35971|0x2a3795222b|22|918958985591
35971|0x2a3795222b|23|1736496861396
35971|0x2a3795222b|24|3438185142880
35973|0x18c4d|1|375641
35973|0x18c4d|2|887717
35973|0x18c4d|3|1666928
35973|0x98c4d|4|3527584
35973|0x198c4d|5|5045470
35973|0x198c4d|6|10122873
35973|0x198c4d|7|22829763
35973|0x198c4d|8|48060432
35973|0x198c4d|9|88790365
35973|0x2198c4d|10|165346501
35973|0x2198c4d|11|384505310
35973|0x2198c4d|12|739187279
35973|0x12198c4d|13|1516218656
35973|0x32198c4d|14|2977675394
35973|0x32198c4d|15|5992719649
35973|0x32198c4d|16|11689876447
35973|0x32198c4d|17|24896102678
35973|0x32198c4d|18|55188012520
35973|0x32198c4d|19|131235925835
35973|0x32198c4d|20|238468193424
35973|0x32198c4d|21|382579530447
35973|0x32198c4d|22|842117080413
35973|0x32198c4d|23|1743510587182
35973|0x8032198c4d|24|3664734760871
35975|0x7937|1|284638
35975|0x27937|2|501854
35975|0x27937|3|1219295
35975|0xa7937|4|2815149
35975|0x1a7937|5|7072897
35975|0x1a7937|6|14571961
35975|0x5a7937|7|28980337
35975|0x5a7937|8|51167819
35975|0x5a7937|9|103388915
35975|0x25a7937|10|220404735
35975|0x25a7937|11|412531178
35975|0xa5a7937|12|910870644
35975|0x1a5a7937|13|1897263375
35975|0x3a5a7937|14|3796171632
35975|0x7a5a7937|15|7588593992
35975|0x7a5a7937|16|15007231424
35975|0x7a5a7937|17|30359764078
35975|0x27a5a7937|18|57017436817
35975|0x27a5a7937|19|119587217714
35975|0xa7a5a7937|20|222669687545
35975|0x1a7a5a7937|21|499024581197
35975|0x3a7a5a7937|22|936993891650
35975|0x7a7a5a7937|23|1842284283214
35975|0xfa7a5a7937|24|4488794012579
35977|0xa9b9|1|613935
35977|0xa9b9|2|1462967
35977|0x4a9b9|3|2984626
35977|0x4a9b9|4|6138846
35977|0x14a9b9|5|10600884
35977|0x34a9b9|6|21358582
35977|0x34a9b9|7|34606482
35977|0x34a9b9|8|78555106
35977|0x134a9b9|9|186946736
35977|0x334a9b9|10|320946707
35977|0x734a9b9|11|677943155
35977|0xf34a9b9|12|1337228567
35977|0x1f34a9b9|13|2522051548
35977|0x1f34a9b9|14|5204674693
35977|0x1f34a9b9|15|10769795572
35977|0x9f34a9b9|16|19864783285
35977|0x9f34a9b9|17|27010868294
35977|0x29f34a9b9|18|54640908586
35977|0x29f34a9b9|19|112662297553
35977|0xa9f34a9b9|20|335310068161
35977|0xa9f34a9b9|21|543475154687
35977|0xa9f34a9b9|22|1111498006286
35977|0x4a9f34a9b9|23|2535006246657
35977|0x4a9f34a9b9|24|4943990578382
35979|0x7b23|1|443661
35979|0x27b23|2|872727
35979|0x27b23|3|5741681
35979|0x27b23|4|5972469
35979|0x127b23|5|12122885
35979|0x327b23|6|24342653
35979|0x727b23|7|48834182
35979|0xf27b23|8|76104520
35979|0x1f27b23|9|169904067
35979|0x3f27b23|10|288552433
35979|0x3f27b23|11|687850993
35979|0x3f27b23|12|1280456083
35979|0x3f27b23|13|2669329957
35979|0x3f27b23|14|5339255316
35979|0x43f27b23|15|10495929052
35979|0xc3f27b23|16|20276711542
35979|0x1c3f27b23|17|40393704172
35979|0x3c3f27b23|18|58366859873
35979|0x7c3f27b23|19|166768010284
35979|0x7c3f27b23|20|327599156475
35979|0x7c3f27b23|21|641796386022
35979|0x27c3f27b23|22|1278499679020
35979|0x67c3f27b23|23|2297916412905
35979|0xe7c3f27b23|24|4810688426701
35981|0x1645|1|353140
35981|0x21645|2|886013
35981|0x61645|3|1862121
35981|0xe1645|4|3475024
35981|0x1e1645|5|7284181
35981|0x1e1645|6|14521869
35981|0x5e1645|7|34127046
35981|0x5e1645|8|93646336
35981|0x5e1645|9|156879562
35981|0x5e1645|10|313958311
35981|0x5e1645|11|622871321
35981|0x85e1645|12|1350881047
35981|0x185e1645|13|1807491758
35981|0x385e1645|14|3294060368
35981|0x385e1645|15|10146198416
35981|0xb85e1645|16|21221502252
35981|0x1b85e1645|17|42481093687
35981|0x3b85e1645|18|94151046828
35981|0x3b85e1645|19|162774427950
35981|0x3b85e1645|20|283299690768
35981|0x3b85e1645|21|651326015989
35981|0x23b85e1645|22|1099969269377
35981|0x23b85e1645|23|2203286318936
35981|0xa3b85e1645|24|4407976707875
35983|0x1126f|1|401256
35983|0x3126f|2|2080203
35983|0x7126f|3|1710843
35983|0xf126f|4|3706753
35983|0xf126f|5|7127978
35983|0xf126f|6|14614480
35983|0xf126f|7|29671398
35983|0x8f126f|8|59315300
35983|0x8f126f|9|117255233
35983|0x28f126f|10|234922530
35983|0x68f126f|11|471603725
35983|0xe8f126f|12|949036802
35983|0xe8f126f|13|1891031259
35983|0x2e8f126f|14|3781771535
35983|0x6e8f126f|15|7564932355
35983|0x6e8f126f|16|14834874284
35983|0x6e8f126f|17|27764863716
35983|0x6e8f126f|18|56548918300
35983|0x46e8f126f|19|141863111143
35983|0x46e8f126f|20|276248492453
35983|0x146e8f126f|21|552073196132
35983|0x346e8f126f|22|1074771290389
35983|0x746e8f126f|23|2039862454194
35983|0xf46e8f126f|24|4192122870250
35985|0xb471|1|513443
35985|0xb471|2|805214
35985|0x4b471|3|1689194
35985|0xcb471|4|3385082
35985|0xcb471|5|6855786
35985|0x2cb471|6|13614139
35985|0x2cb471|7|27510466
35985|0x2cb471|8|69276751
35985|0x2cb471|9|158373017
35985|0x2cb471|10|266841249
35985|0x42cb471|11|574337732
35985|0x42cb471|12|1111509359
35985|0x142cb471|13|2280329568
35985|0x342cb471|14|4736973018
35985|0x342cb471|15|9026921533
35985|0x342cb471|16|20100442414
35985|0x342cb471|17|27739973731
35985|0x2342cb471|18|52218010808
35985|0x2342cb471|19|134979092390
35985|0xa342cb471|20|273964233418
35985|0x1a342cb471|21|544898574343
35985|0x3a342cb471|22|926811043817
35985|0x3a342cb471|23|1773549071630
35985|0xba342cb471|24|4058731177658
35987|0x719b|1|370546
35987|0x2719b|2|780010
35987|0x2719b|3|1639064
35987|0xa719b|4|3688468
35987|0xa719b|5|7233196
35987|0x2a719b|6|14700153
35987|0x2a719b|7|29430544
35987|0xaa719b|8|58801619
35987|0xaa719b|9|116859020
35987|0xaa719b|10|232347559
35987|0xaa719b|11|463736353
35987|0x8aa719b|12|930627189
35987|0x18aa719b|13|1858387281
35987|0x38aa719b|14|3653803103
35987|0x78aa719b|15|6068457256
35987|0xf8aa719b|16|12119455485
35987|0xf8aa719b|17|23132101088
35987|0xf8aa719b|18|44926459966
35987|0x4f8aa719b|19|104582810220
35987|0xcf8aa719b|20|271177062003
35987|0x1cf8aa719b|21|588067245917
35987|0x3cf8aa719b|22|1056546540912
35987|0x3cf8aa719b|23|1840487533328
35987|0x3cf8aa719b|24|4351236693973
35989|0x1debd|1|375928
35989|0x3debd|2|886197
35989|0x3debd|3|1764616
35989|0x3debd|4|3493694
35989|0x13debd|5|5130317
35989|0x33debd|6|10306305
35989|0x33debd|7|29012343
35989|0x33debd|8|56173868
35989|0x33debd|9|107551613
35989|0x33debd|10|213233259
35989|0x433debd|11|416110807
35989|0x433debd|12|765979444
35989|0x1433debd|13|1650664514
35989|0x3433debd|14|3306006630
35989|0x7433debd|15|7385565144
35989|0x7433debd|16|12745726192
35989|0x7433debd|17|26681623840
35989|0x7433debd|18|55392290218
35989|0x7433debd|19|124571104355
35989|0x7433debd|20|271197700225
35989|0x107433debd|21|503562278393
35989|0x307433debd|22|1093500445350
35989|0x707433debd|23|1767729101536
35989|0x707433debd|24|3995184428652
35991|0x1b327|1|365521
35991|0x3b327|2|804941
35991|0x3b327|3|1841425
35991|0xbb327|4|3584460
35991|0xbb327|5|7497111
35991|0x2bb327|6|14832960
35991|0x6bb327|7|29530548
35991|0xebb327|8|80615420
35991|0x1ebb327|9|174149217
35991|0x1ebb327|10|343990026
35991|0x1ebb327|11|612288165
35991|0x9ebb327|12|1377258083
35991|0x9ebb327|13|2311975551
35991|0x9ebb327|14|5495797646
35991|0x49ebb327|15|10716794039
35991|0xc9ebb327|16|16077108736
35991|0xc9ebb327|17|30360839798
35991|0xc9ebb327|18|73778824903
35991|0x4c9ebb327|19|131171270937
35991|0x4c9ebb327|20|257098093448
35991|0x4c9ebb327|21|502010628976
35991|0x4c9ebb327|22|823058956313
35991|0x44c9ebb327|23|1629888441748
35991|0x44c9ebb327|24|3252005159882
35993|0x107a9|1|266490
35993|0x307a9|2|569936
35993|0x307a9|3|1328304
35993|0x307a9|4|2421323
35993|0x307a9|5|5733701
35993|0x307a9|6|12711964
35993|0x307a9|7|23811831
35993|0x307a9|8|45972838
35993|0x307a9|9|93251559
35993|0x20307a9|10|185004776
35993|0x60307a9|11|376414163
35993|0x60307a9|12|751852369
35993|0x60307a9|13|1565751735
35993|0x60307a9|14|4408310164
35993|0x460307a9|15|5929833234
35993|0xc60307a9|16|16891484456
35993|0xc60307a9|17|33537500300
35993|0xc60307a9|18|68142624862
35993|0xc60307a9|19|133568464716
35993|0xc60307a9|20|287615090031
35993|0xc60307a9|21|531098452611
35993|0xc60307a9|22|1057636096321
35993|0x40c60307a9|23|2173541695994
35993|0x40c60307a9|24|3796702799978
35995|0x7993|1|330947
35995|0x27993|2|2060378
35995|0x67993|3|1792172
35995|0xe7993|4|3561370
35995|0xe7993|5|7358385
35995|0xe7993|6|14778660
35995|0x4e7993|7|29242797
35995|0x4e7993|8|58246298
35995|0x4e7993|9|118017453
35995|0x24e7993|10|235668572
35995|0x24e7993|11|451369630
35995|0x24e7993|12|851278866
35995|0x124e7993|13|1691881250
35995|0x124e7993|14|3616065149
35995|0x124e7993|15|6753021438
35995|0x124e7993|16|12561294141
35995|0x124e7993|17|25021447434
35995|0x2124e7993|18|47058060510
35995|0x6124e7993|19|106670561611
35995|0x6124e7993|20|214855716104
35995|0x16124e7993|21|432282493720
35995|0x36124e7993|22|845995088149
35995|0x76124e7993|23|1942322386753
35995|0xf6124e7993|24|4088576151074
35997|0x59b5|1|332587
35997|0x259b5|2|1887391
35997|0x259b5|3|1862905
35997|0x259b5|4|3445385
35997|0x259b5|5|7346692
35997|0x259b5|6|14408243
35997|0x259b5|7|29073065
35997|0x8259b5|8|58050066
35997|0x18259b5|9|116985084
35997|0x38259b5|10|235640822
35997|0x38259b5|11|467422437
35997|0x38259b5|12|824977923
35997|0x138259b5|13|1561606444
35997|0x138259b5|14|4628230256
35997|0x538259b5|15|6709511854
35997|0xd38259b5|16|14054284215
35997|0x1d38259b5|17|26438670533
35997|0x3d38259b5|18|53916314808
35997|0x7d38259b5|19|110157953393
35997|0xfd38259b5|20|218321879314
35997|0xfd38259b5|21|428341181486
35997|0x2fd38259b5|22|878572101712
35997|0x2fd38259b5|23|1705865728780
35997|0x2fd38259b5|24|3622911064234
35999|0x18f5f|1|415697
35999|0x18f5f|2|895923
35999|0x18f5f|3|2167406
35999|0x18f5f|4|4318039
35999|0x18f5f|5|8681726
35999|0x218f5f|6|22208779
35999|0x618f5f|7|43555122
35999|0x618f5f|8|79990077
35999|0x1618f5f|9|170359524
35999|0x3618f5f|10|278265797
35999|0x7618f5f|11|545815787
35999|0x7618f5f|12|748050553
35999|0x17618f5f|13|2013239133
35999|0x37618f5f|14|4732896676
35999|0x77618f5f|15|8957790344
35999|0xf7618f5f|16|10862309361
35999|0x1f7618f5f|17|27813931562
35999|0x3f7618f5f|18|61135325178
35999|0x3f7618f5f|19|110070691065
35999|0x3f7618f5f|20|238704183562
35999|0x3f7618f5f|21|485742208211
35999|0x3f7618f5f|22|977556938103
35999|0x43f7618f5f|23|2035929024969
35999|0xc3f7618f5f|24|3917012668667
36001|0x5761|1|331195
36001|0x5761|2|797288
36001|0x5761|3|1688069
36001|0x5761|4|3623334
36001|0x5761|5|7184946
36001|0x5761|6|14480127
36001|0x5761|7|29090935
36001|0x5761|8|58567388
36001|0x5761|9|96241817
36001|0x5761|10|209488079
36001|0x5761|11|443470026
36001|0x5761|12|936091585
36001|0x10005761|13|1853198723
36001|0x10005761|14|3621780531
36001|0x50005761|15|6796883430
36001|0xd0005761|16|13344470316
36001|0x1d0005761|17|27069989209
36001|0x1d0005761|18|58027748860
36001|0x5d0005761|19|125655518894
36001|0xdd0005761|20|279880644868
36001|0x1dd0005761|21|566144082682
36001|0x1dd0005761|22|1047671663944
36001|0x1dd0005761|23|2179168649840
36001|0x9dd0005761|24|4663660615163
36003|0x870b|1|353133
36003|0x870b|2|779984
36003|0x870b|3|1639145
36003|0x870b|4|3349170
36003|0x10870b|5|6788746
36003|0x30870b|6|13575837
36003|0x70870b|7|27590366
36003|0xf0870b|8|67610856
36003|0x1f0870b|9|154901761
36003|0x3f0870b|10|260709289
36003|0x7f0870b|11|621235552
36003|0xff0870b|12|1164064487
36003|0x1ff0870b|13|1466107890
36003|0x3ff0870b|14|3010240745
36003|0x7ff0870b|15|9543908421
36003|0x7ff0870b|16|15434345684
36003|0x17ff0870b|17|27720744703
36003|0x17ff0870b|18|69580838620
36003|0x57ff0870b|19|164876881560
36003|0xd7ff0870b|20|260743587979
36003|0x1d7ff0870b|21|524137065284
36003|0x1d7ff0870b|22|967252743104
36003|0x5d7ff0870b|23|1639397279550
36003|0xdd7ff0870b|24|3295785045241
36005|0x7b2d|1|332058
36005|0x7b2d|2|1971795
36005|0x47b2d|3|1871920
36005|0x47b2d|4|3430693
36005|0x47b2d|5|7188406
36005|0x47b2d|6|14493983
36005|0x447b2d|7|28747383
36005|0xc47b2d|8|57122420
36005|0xc47b2d|9|114960229
36005|0x2c47b2d|10|231839483
36005|0x6c47b2d|11|331129158
36005|0x6c47b2d|12|765212824
36005|0x16c47b2d|13|1652096768
36005|0x36c47b2d|14|3084960402
36005|0x76c47b2d|15|5780626313
36005|0x76c47b2d|16|11973350461
36005|0x76c47b2d|17|25130042586
36005|0x76c47b2d|18|60970634495
36005|0x76c47b2d|19|124199251201
36005|0x76c47b2d|20|194141498015
36005|0x76c47b2d|21|419180592624
36005|0x76c47b2d|22|1022151201612
36005|0x4076c47b2d|23|2115048633000
36005|0xc076c47b2d|24|3782839342311
36007|0x5b17|1|354915
36007|0x5b17|2|790311
36007|0x45b17|3|1811339
36007|0xc5b17|4|3598466
36007|0xc5b17|5|7511747
36007|0x2c5b17|6|14600792
36007|0x6c5b17|7|29446236
36007|0xec5b17|8|58524439
36007|0xec5b17|9|117981580
36007|0xec5b17|10|236426223
36007|0x4ec5b17|11|465719958
36007|0xcec5b17|12|933696376
36007|0x1cec5b17|13|1707533706
36007|0x3cec5b17|14|3172777718
36007|0x3cec5b17|15|6538564156
36007|0x3cec5b17|16|13528205507
36007|0x13cec5b17|17|27133571301
36007|0x13cec5b17|18|51591445395
36007|0x13cec5b17|19|106788693240
36007|0x13cec5b17|20|234398491348
36007|0x13cec5b17|21|469718967307
36007|0x213cec5b17|22|1223206314027
36007|0x213cec5b17|23|2023025427027
36007|0x213cec5b17|24|3551343763554
36009|0xd799|1|372051
36009|0x2d799|2|886657
36009|0x2d799|3|1876190
36009|0xad799|4|3440129
36009|0x1ad799|5|7325405
36009|0x3ad799|6|14442809
36009|0x7ad799|7|28965415
36009|0x7ad799|8|57957317
36009|0x17ad799|9|165167186
36009|0x17ad799|10|278627600
36009|0x17ad799|11|585287334
36009|0x97ad799|12|1175933694
36009|0x197ad799|13|2407758013
36009|0x197ad799|14|3861427942
36009|0x197ad799|15|8361598610
36009|0x197ad799|16|19478860922
36009|0x197ad799|17|35856867804
36009|0x197ad799|18|69532296626
36009|0x197ad799|19|125333634430
36009|0x197ad799|20|252803678509
36009|0x197ad799|21|498915725975
36009|0x197ad799|22|907874950825
36009|0x197ad799|23|1611876509906
36009|0x197ad799|24|3494392548444
36011|0x10e03|1|231298
36011|0x30e03|2|525395
36011|0x70e03|3|1361775
36011|0x70e03|4|2549466
36011|0x70e03|5|5175861
36011|0x270e03|6|10735475
36011|0x670e03|7|28947267
36011|0xe70e03|8|45108265
36011|0xe70e03|9|91379445
36011|0x2e70e03|10|192758523
36011|0x6e70e03|11|364243204
36011|0xee70e03|12|954880728
36011|0x1ee70e03|13|1561312646
36011|0x1ee70e03|14|2822038884
36011|0x1ee70e03|15|6271341328
36011|0x1ee70e03|16|12422426560
36011|0x11ee70e03|17|23482181630
36011|0x31ee70e03|18|56496617751
36011|0x71ee70e03|19|109107914618
36011|0xf1ee70e03|20|209549502818
36011|0xf1ee70e03|21|418075653911
36011|0xf1ee70e03|22|967976086620
36011|0xf1ee70e03|23|1621926419992
36011|0xf1ee70e03|24|3436691920667
36013|0xb725|1|220985
36013|0xb725|2|501654
36013|0x4b725|3|1346626
36013|0xcb725|4|2556277
36013|0xcb725|5|5475610
36013|0xcb725|6|14248682
36013|0x4cb725|7|26602355
36013|0x4cb725|8|48089785
36013|0x4cb725|9|100056619
36013|0x4cb725|10|170565558
36013|0x4cb725|11|393823161
36013|0x84cb725|12|713967927
36013|0x184cb725|13|1421727911
36013|0x384cb725|14|3018510288
36013|0x384cb725|15|5974236203
36013|0x384cb725|16|11985025996
36013|0x384cb725|17|24005424277
36013|0x384cb725|18|47757867059
36013|0x384cb725|19|95466267520
36013|0x384cb725|20|264338717022
36013|0x10384cb725|21|448213321559
36013|0x10384cb725|22|913018603990
36013|0x50384cb725|23|1831792188647
36013|0x50384cb725|24|4263238632475
36015|0x4a4f|1|666849
36015|0x24a4f|2|1983739
36015|0x64a4f|3|1891787
36015|0x64a4f|4|3577754
36015|0x164a4f|5|7348230
36015|0x364a4f|6|14712671
36015|0x764a4f|7|28942835
36015|0xf64a4f|8|57996608
36015|0x1f64a4f|9|117687571
36015|0x1f64a4f|10|235558082
36015|0x1f64a4f|11|469828152
36015|0x9f64a4f|12|936932075
36015|0x9f64a4f|13|1871255860
36015|0x9f64a4f|14|3747472975
36015|0x9f64a4f|15|7492557504
36015|0x89f64a4f|16|14976131219
36015|0x189f64a4f|17|29508460902
36015|0x189f64a4f|18|58017015349
36015|0x189f64a4f|19|118100486617
36015|0x189f64a4f|20|264771747433
36015|0x189f64a4f|21|465158494267
36015|0x189f64a4f|22|1081167115839
36015|0x189f64a4f|23|2387127372472
36015|0x8189f64a4f|24|4743096890761
36017|0x3c51|1|329601
36017|0x23c51|2|810081
36017|0x23c51|3|1885878
36017|0xa3c51|4|3462475
36017|0x1a3c51|5|7422741
36017|0x3a3c51|6|14542662
36017|0x7a3c51|7|29339187
36017|0xfa3c51|8|54230515
36017|0xfa3c51|9|117238549
36017|0x2fa3c51|10|243180241
36017|0x2fa3c51|11|466805901
36017|0xafa3c51|12|937357725
36017|0x1afa3c51|13|1868893933
36017|0x1afa3c51|14|3740814952
36017|0x1afa3c51|15|7472489385
36017|0x9afa3c51|16|14942143544
36017|0x9afa3c51|17|30180531105
36017|0x9afa3c51|18|66625855033
36017|0x49afa3c51|19|108577088196
36017|0x49afa3c51|20|216246575848
36017|0x149afa3c51|21|427463593772
36017|0x149afa3c51|22|872476823505
36017|0x149afa3c51|23|1724830500739
36017|0x149afa3c51|24|3425633781815
36019|0x1027b|1|457651
36019|0x1027b|2|1983920
36019|0x1027b|3|1712442
36019|0x1027b|4|3713777
36019|0x11027b|5|7255560
36019|0x11027b|6|14531784
36019|0x51027b|7|29034387
36019|0x51027b|8|58099739
36019|0x51027b|9|116985028
36019|0x251027b|10|235526150
36019|0x651027b|11|469273424
36019|0xe51027b|12|929848733
36019|0x1e51027b|13|1851480854
36019|0x1e51027b|14|3677040148
36019|0x1e51027b|15|7214247470
36019|0x9e51027b|16|13967955250
36019|0x19e51027b|17|25456636832
36019|0x39e51027b|18|55884145790
36019|0x79e51027b|19|104692582263
36019|0xf9e51027b|20|212817065026
36019|0xf9e51027b|21|429681000123
36019|0xf9e51027b|22|853169974589
36019|0xf9e51027b|23|1696717987183
36019|0x8f9e51027b|24|3528330508408
36021|0x1019d|1|635774
36021|0x1019d|2|1461399
36021|0x1019d|3|2916229
36021|0x9019d|4|6060292
36021|0x9019d|5|12172884
36021|0x9019d|6|24339972
36021|0x49019d|7|33539549
36021|0xc9019d|8|55625190
36021|0x1c9019d|9|167207127
36021|0x1c9019d|10|269404741
36021|0x1c9019d|11|688690252
36021|0x1c9019d|12|1436750441
36021|0x11c9019d|13|2383133016
36021|0x11c9019d|14|4988164651
36021|0x11c9019d|15|6472560873
36021|0x91c9019d|16|13566221113
36021|0x191c9019d|17|26459902415
36021|0x391c9019d|18|53703610581
36021|0x391c9019d|19|106408720554
36021|0x391c9019d|20|213616797588
36021|0x391c9019d|21|461101063115
36021|0x391c9019d|22|857886217092
36021|0x4391c9019d|23|1738948689989
36021|0xc391c9019d|24|3488013298918
36023|0x1107|1|656076
36023|0x1107|2|1465811
36023|0x41107|3|3031256
36023|0xc1107|4|6082162
36023|0x1c1107|5|12168441
36023|0x3c1107|6|24353851
36023|0x7c1107|7|48775797
36023|0x7c1107|8|98789342
36023|0x7c1107|9|195205607
36023|0x27c1107|10|341684311
36023|0x27c1107|11|573116793
36023|0x27c1107|12|1447627877
36023|0x27c1107|13|1565242752
36023|0x227c1107|14|3020021340
36023|0x227c1107|15|5596120386
36023|0xa27c1107|16|11867751534
36023|0xa27c1107|17|26793309840
36023|0xa27c1107|18|52759443004
36023|0xa27c1107|19|106758250777
36023|0xa27c1107|20|373989615307
36023|0x10a27c1107|21|580770849386
36023|0x10a27c1107|22|931317474687
36023|0x50a27c1107|23|2395923908954
36023|0xd0a27c1107|24|3744131932589
36025|0x1b989|1|671316
36025|0x3b989|2|3469088
36025|0x3b989|3|3032664
36025|0xbb989|4|6073421
36025|0x1bb989|5|12316015
36025|0x1bb989|6|24654574
36025|0x1bb989|7|43454533
36025|0x9bb989|8|89348008
36025|0x9bb989|9|133525947
36025|0x29bb989|10|313554392
36025|0x69bb989|11|620144898
36025|0x69bb989|12|1253743309
36025|0x169bb989|13|1535570521
36025|0x169bb989|14|3176185743
36025|0x169bb989|15|10125808424
36025|0x969bb989|16|19465849815
36025|0x969bb989|17|29135884858
36025|0x2969bb989|18|58145035589
36025|0x6969bb989|19|116262586114
36025|0x6969bb989|20|319241912209
36025|0x6969bb989|21|657506548681
36025|0x26969bb989|22|1075708325402
36025|0x66969bb989|23|1719243897247
36025|0xe6969bb989|24|3414973110263
36027|0x1d873|1|377578
36027|0x1d873|2|790406
36027|0x1d873|3|1676430
36027|0x9d873|4|2904968
36027|0x19d873|5|5131870
36027|0x19d873|6|12414438
36027|0x59d873|7|29152403
36027|0x59d873|8|58011144
36027|0x59d873|9|115485993
36027|0x59d873|10|233461324
36027|0x459d873|11|434326637
36027|0x459d873|12|729333616
36027|0x1459d873|13|1659613501
36027|0x1459d873|14|3000437163
36027|0x1459d873|15|6860158334
36027|0x1459d873|16|11928992227
36027|0x1459d873|17|24365944166
36027|0x1459d873|18|60906680692
36027|0x1459d873|19|118182356233
36027|0x1459d873|20|214563952038
36027|0x101459d873|21|392170791270
36027|0x301459d873|22|873696016010
36027|0x701459d873|23|1667586392825
36027|0x701459d873|24|3555149381234
