47107|0x1b2ab|1|404039
47107|0x1b2ab|2|914035
47107|0x1b2ab|3|2199891
47107|0x1b2ab|4|5891449
47107|0x11b2ab|5|12716656
47107|0x31b2ab|6|25444920
47107|0x31b2ab|7|50906038
47107|0x31b2ab|8|101908724
47107|0x131b2ab|9|203288997
47107|0x131b2ab|10|407176099
47107|0x531b2ab|11|802928379
47107|0xd31b2ab|12|1625588311
47107|0xd31b2ab|13|3264249055
47107|0x2d31b2ab|14|6532243722
47107|0x6d31b2ab|15|13055911365
47107|0x6d31b2ab|16|26116875973
47107|0x16d31b2ab|17|52198961439
47107|0x16d31b2ab|18|102786908537
47107|0x16d31b2ab|19|205691143381
47107|0x16d31b2ab|20|410507132985
47107|0x16d31b2ab|21|819473771689
47107|0x16d31b2ab|22|1640542792202
47107|0x16d31b2ab|23|3281450796986
47107|0x816d31b2ab|24|6388394252534
47109|0x154cd|1|671372
47109|0x354cd|2|1404897
47109|0x754cd|3|3031726
47109|0xf54cd|4|6208789
47109|0xf54cd|5|12556246
47109|0xf54cd|6|25221530
47109|0x4f54cd|7|50639937
47109|0xcf54cd|8|101366782
47109|0x1cf54cd|9|202837345
47109|0x3cf54cd|10|405790256
47109|0x3cf54cd|11|817960989
47109|0xbcf54cd|12|1635430771
47109|0xbcf54cd|13|3264799646
47109|0xbcf54cd|14|6542134695
47109|0x4bcf54cd|15|12884494029
47109|0xcbcf54cd|16|27984469827
47109|0x1cbcf54cd|17|51261904640
47109|0x3cbcf54cd|18|102369591659
47109|0x3cbcf54cd|19|206177942589
47109|0x3cbcf54cd|20|412786703185
47109|0x13cbcf54cd|21|823783077013
47109|0x33cbcf54cd|22|1641380206619
47109|0x33cbcf54cd|23|3291466222252
47109|0xb3cbcf54cd|24|6547455441616
47111|0x135b7|1|642109
47111|0x135b7|2|1413352
47111|0x535b7|3|3056095
47111|0x535b7|4|6274697
47111|0x535b7|5|12670604
47111|0x535b7|6|25420853
47111|0x4535b7|7|51021154
47111|0xc535b7|8|101344410
47111|0xc535b7|9|202804723
47111|0xc535b7|10|408377469
47111|0x4c535b7|11|817659438
47111|0x4c535b7|12|1623434511
47111|0x4c535b7|13|3268163347
47111|0x24c535b7|14|6488244422
47111|0x64c535b7|15|13041337401
47111|0xe4c535b7|16|26054953199
47111|0xe4c535b7|17|50410814165
47111|0xe4c535b7|18|102291293813
47111|0x4e4c535b7|19|149283472878
47111|0x4e4c535b7|20|234650769753
47111|0x14e4c535b7|21|475658947049
47111|0x14e4c535b7|22|951140493701
47111|0x14e4c535b7|23|1896456633285
47111|0x14e4c535b7|24|4858199578603
47113|0x5639|1|666435
47113|0x5639|2|1407178
47113|0x45639|3|3024694
47113|0x45639|4|6212521
47113|0x45639|5|12557157
47113|0x245639|6|25251587
47113|0x645639|7|50612604
47113|0xe45639|8|101353246
47113|0xe45639|9|204321120
47113|0x2e45639|10|408789196
47113|0x2e45639|11|820545829
47113|0xae45639|12|1623619088
47113|0xae45639|13|3271649542
47113|0xae45639|14|6494697535
47113|0xae45639|15|12998390507
47113|0x8ae45639|16|26530735915
47113|0x18ae45639|17|51885369247
47113|0x38ae45639|18|102839150029
47113|0x78ae45639|19|204869411901
47113|0xf8ae45639|20|280252544016
47113|0xf8ae45639|21|813066410213
47113|0x2f8ae45639|22|1642651782380
47113|0x2f8ae45639|23|3291349463723
47113|0xaf8ae45639|24|5056344903180
47115|0x13a3|1|347482
47115|0x213a3|2|786970
47115|0x613a3|3|1770987
47115|0x613a3|4|3745776
47115|0x613a3|5|7597417
47115|0x2613a3|6|15166866
47115|0x6613a3|7|30401554
47115|0xe613a3|8|60857323
47115|0xe613a3|9|121880143
47115|0xe613a3|10|245866872
47115|0xe613a3|11|488230027
47115|0x8e613a3|12|981962712
47115|0x8e613a3|13|1948073760
47115|0x8e613a3|14|3911379882
47115|0x48e613a3|15|7796276593
47115|0xc8e613a3|16|15670001019
47115|0xc8e613a3|17|49936657702
47115|0x2c8e613a3|18|103454561433
47115|0x6c8e613a3|19|205266381582
47115|0x6c8e613a3|20|247805073525
47115|0x16c8e613a3|21|504500566038
47115|0x36c8e613a3|22|967675087395
47115|0x76c8e613a3|23|1983714675875
47115|0xf6c8e613a3|24|3916928813019
47117|0x56c5|1|419335
47117|0x256c5|2|838293
47117|0x656c5|3|1679576
47117|0x656c5|4|3795557
47117|0x1656c5|5|7340436
47117|0x1656c5|6|15078931
47117|0x1656c5|7|26764990
47117|0x9656c5|8|55545987
47117|0x9656c5|9|102527242
47117|0x29656c5|10|200744000
47117|0x29656c5|11|416438762
47117|0x29656c5|12|819716091
47117|0x129656c5|13|1609834306
47117|0x129656c5|14|3261458002
47117|0x129656c5|15|6492291523
47117|0x129656c5|16|12889492880
47117|0x1129656c5|17|25595244949
47117|0x3129656c5|18|55543236334
47117|0x7129656c5|19|113948747465
47117|0xf129656c5|20|396192786489
47117|0xf129656c5|21|541315934861
47117|0x2f129656c5|22|992455974974
47117|0x6f129656c5|23|2142741050429
47117|0x6f129656c5|24|4226873125275
47119|0x136ef|1|442095
47119|0x336ef|2|881253
47119|0x736ef|3|1701266
47119|0xf36ef|4|3482928
47119|0xf36ef|5|7064031
47119|0x2f36ef|6|14413294
47119|0x6f36ef|7|28994733
47119|0x6f36ef|8|58166312
47119|0x6f36ef|9|116427403
47119|0x26f36ef|10|233443149
47119|0x66f36ef|11|455029136
47119|0x66f36ef|12|930208619
47119|0x166f36ef|13|2644439834
47119|0x166f36ef|14|4806004707
47119|0x566f36ef|15|9612995800
47119|0x566f36ef|16|18223257795
47119|0x1566f36ef|17|31255055479
47119|0x1566f36ef|18|62158722425
47119|0x5566f36ef|19|147527355417
47119|0x5566f36ef|20|361392966920
47119|0x15566f36ef|21|794802004980
47119|0x35566f36ef|22|953595860970
47119|0x75566f36ef|23|1886404189572
47119|0x75566f36ef|24|4147124953118
47121|0x138f1|1|620038
47121|0x338f1|2|1407224
47121|0x738f1|3|3027847
47121|0xf38f1|4|6234788
47121|0x1f38f1|5|12586641
47121|0x1f38f1|6|25281217
47121|0x1f38f1|7|50707474
47121|0x1f38f1|8|101603435
47121|0x11f38f1|9|203381452
47121|0x11f38f1|10|406800386
47121|0x51f38f1|11|813523435
47121|0xd1f38f1|12|1631099287
47121|0x1d1f38f1|13|2112702489
47121|0x3d1f38f1|14|3917583568
47121|0x3d1f38f1|15|7871590916
47121|0xbd1f38f1|16|15699010715
47121|0x1bd1f38f1|17|30818912600
47121|0x1bd1f38f1|18|58415666819
47121|0x5bd1f38f1|19|119498487340
47121|0x5bd1f38f1|20|233628338868
47121|0x15bd1f38f1|21|558658384746
47121|0x35bd1f38f1|22|1199792569062
47121|0x35bd1f38f1|23|2186254679847
47121|0xb5bd1f38f1|24|4573584049202
47123|0x1d21b|1|362046
47123|0x3d21b|2|786784
47123|0x7d21b|3|1701913
47123|0xfd21b|4|3732019
47123|0x1fd21b|5|7013467
47123|0x3fd21b|6|14498370
47123|0x7fd21b|7|29041083
47123|0xffd21b|8|57911878
47123|0xffd21b|9|115519539
47123|0x2ffd21b|10|232262378
47123|0x2ffd21b|11|465272553
47123|0xaffd21b|12|900632012
47123|0x1affd21b|13|1858047423
47123|0x3affd21b|14|3709285184
47123|0x7affd21b|15|7537396004
47123|0x7affd21b|16|15040720865
47123|0x17affd21b|17|29672521693
47123|0x17affd21b|18|58322908624
47123|0x57affd21b|19|123373597119
47123|0x57affd21b|20|384783022189
47123|0x157affd21b|21|564963167415
47123|0x157affd21b|22|1134001618690
47123|0x157affd21b|23|2089419245903
47123|0x157affd21b|24|3976205405459
47125|0x1573d|1|359682
47125|0x1573d|2|887607
47125|0x1573d|3|1919953
47125|0x1573d|4|3701643
47125|0x11573d|5|7597638
47125|0x31573d|6|15216617
47125|0x71573d|7|30533413
47125|0x71573d|8|61404513
47125|0x71573d|9|123298681
47125|0x71573d|10|235825235
47125|0x71573d|11|492482446
47125|0x71573d|12|988924483
47125|0x71573d|13|1936316036
47125|0x71573d|14|3942807107
47125|0x71573d|15|7865317566
47125|0x8071573d|16|15896776502
47125|0x8071573d|17|31404862842
47125|0x8071573d|18|60752694507
47125|0x48071573d|19|123751809191
47125|0x48071573d|20|370800607665
47125|0x148071573d|21|586701372062
47125|0x148071573d|22|993487212698
47125|0x148071573d|23|1944975007134
47125|0x148071573d|24|4538264997868
47127|0x1ffa7|1|621021
47127|0x3ffa7|2|1403657
47127|0x7ffa7|3|3032223
47127|0xfffa7|4|6234721
47127|0x1fffa7|5|12572984
47127|0x3fffa7|6|25466381
47127|0x3fffa7|7|51150068
47127|0xbfffa7|8|101566117
47127|0x1bfffa7|9|203697745
47127|0x1bfffa7|10|409866882
47127|0x1bfffa7|11|813781837
47127|0x9bfffa7|12|1629080685
47127|0x9bfffa7|13|3267813538
47127|0x29bfffa7|14|6535563889
47127|0x69bfffa7|15|13056290037
47127|0xe9bfffa7|16|26140252442
47127|0x1e9bfffa7|17|50882037690
47127|0x3e9bfffa7|18|83873427027
47127|0x7e9bfffa7|19|139116946122
47127|0xfe9bfffa7|20|290293255732
47127|0x1fe9bfffa7|21|643441607421
47127|0x3fe9bfffa7|22|965567697795
47127|0x7fe9bfffa7|23|1977094286267
47127|0xffe9bfffa7|24|3990010693185
47129|0x12429|1|376580
47129|0x32429|2|814890
47129|0x72429|3|1841609
47129|0x72429|4|3760616
47129|0x172429|5|7767052
47129|0x172429|6|15362376
47129|0x572429|7|33204545
47129|0xd72429|8|61634419
47129|0x1d72429|9|122059874
47129|0x1d72429|10|246456888
47129|0x1d72429|11|491609564
47129|0x1d72429|12|983676392
47129|0x11d72429|13|1960489886
47129|0x31d72429|14|3931562364
47129|0x31d72429|15|7860406272
47129|0xb1d72429|16|15707757196
47129|0xb1d72429|17|30347116698
47129|0xb1d72429|18|63069675125
47129|0x4b1d72429|19|123688547082
47129|0xcb1d72429|20|249009987231
47129|0x1cb1d72429|21|500172989092
47129|0x3cb1d72429|22|996193972449
47129|0x7cb1d72429|23|1986749280169
47129|0x7cb1d72429|24|3940056744769
47131|0x6213|1|394867
47131|0x6213|2|894266
47131|0x6213|3|1825052
47131|0x86213|4|3780143
47131|0x86213|5|7426181
47131|0x286213|6|15177388
47131|0x686213|7|30405080
47131|0xe86213|8|60867236
47131|0x1e86213|9|122856783
47131|0x3e86213|10|242037863
47131|0x3e86213|11|491813973
47131|0x3e86213|12|1015662431
47131|0x13e86213|13|2144378958
47131|0x33e86213|14|3911499833
47131|0x33e86213|15|7853942013
47131|0xb3e86213|16|15835417048
47131|0xb3e86213|17|30459729698
47131|0x2b3e86213|18|62532129669
47131|0x2b3e86213|19|124038020773
47131|0xab3e86213|20|249999377346
47131|0x1ab3e86213|21|477873576111
47131|0x3ab3e86213|22|984906677835
47131|0x3ab3e86213|23|2038908731275
47131|0xbab3e86213|24|4360968683335
47133|0x1ca35|1|395809
47133|0x3ca35|2|842341
47133|0x7ca35|3|1677979
47133|0xfca35|4|3841721
47133|0xfca35|5|7510568
47133|0x2fca35|6|12596937
47133|0x6fca35|7|28031431
47133|0x6fca35|8|54517263
47133|0x6fca35|9|111871111
47133|0x26fca35|10|226708402
47133|0x26fca35|11|450471615
47133|0x26fca35|12|900789447
47133|0x26fca35|13|1697158753
47133|0x226fca35|14|3429217655
47133|0x626fca35|15|6751527383
47133|0xe26fca35|16|14094590160
47133|0xe26fca35|17|26678590504
47133|0x2e26fca35|18|54554538729
47133|0x6e26fca35|19|121715843795
47133|0xee26fca35|20|271306486224
47133|0x1ee26fca35|21|500565013101
47133|0x1ee26fca35|22|1008172790491
47133|0x5ee26fca35|23|1991293920355
47133|0xdee26fca35|24|3972408961582
47135|0xc3df|1|361741
47135|0xc3df|2|801113
47135|0xc3df|3|1865737
47135|0xc3df|4|3671540
47135|0xc3df|5|7701201
47135|0x20c3df|6|15187046
47135|0x60c3df|7|30355395
47135|0xe0c3df|8|61325197
47135|0xe0c3df|9|122011664
47135|0xe0c3df|10|245529852
47135|0xe0c3df|11|490780737
47135|0x8e0c3df|12|1166526740
47135|0x8e0c3df|13|2180441586
47135|0x28e0c3df|14|4023555792
47135|0x28e0c3df|15|7877299912
47135|0xa8e0c3df|16|15696855169
47135|0xa8e0c3df|17|30374831646
47135|0x2a8e0c3df|18|62333216053
47135|0x6a8e0c3df|19|126059401976
47135|0x6a8e0c3df|20|251164939921
47135|0x16a8e0c3df|21|522112259962
47135|0x36a8e0c3df|22|997119188453
47135|0x36a8e0c3df|23|1988083591257
47135|0x36a8e0c3df|24|3977048994595
47137|0xcbe1|1|396632
47137|0xcbe1|2|894295
47137|0x4cbe1|3|1874292
47137|0xccbe1|4|3691628
47137|0x1ccbe1|5|7512015
47137|0x1ccbe1|6|15153911
47137|0x5ccbe1|7|30385009
47137|0xdccbe1|8|60959157
47137|0x1dccbe1|9|122851371
47137|0x1dccbe1|10|249306698
47137|0x1dccbe1|11|487527653
47137|0x1dccbe1|12|976137543
47137|0x11dccbe1|13|1952735109
47137|0x11dccbe1|14|3912034291
47137|0x11dccbe1|15|7723810799
47137|0x11dccbe1|16|15686190350
47137|0x111dccbe1|17|30438412062
47137|0x311dccbe1|18|61590043779
47137|0x711dccbe1|19|123839033171
47137|0x711dccbe1|20|249765390550
47137|0x711dccbe1|21|502784030136
47137|0x711dccbe1|22|1000614605163
47137|0x4711dccbe1|23|2036608449556
47137|0x4711dccbe1|24|3951840966019
47139|0x1b78b|1|403548
47139|0x1b78b|2|814880
47139|0x1b78b|3|1804132
47139|0x9b78b|4|3803371
47139|0x9b78b|5|7691306
47139|0x9b78b|6|15381941
47139|0x49b78b|7|30860463
47139|0x49b78b|8|61158603
47139|0x49b78b|9|122297128
47139|0x249b78b|10|245268071
47139|0x649b78b|11|491659784
47139|0xe49b78b|12|1121709680
47139|0x1e49b78b|13|1980422795
47139|0x3e49b78b|14|3946553844
47139|0x3e49b78b|15|7760170021
47139|0xbe49b78b|16|15649362340
47139|0x1be49b78b|17|30901320566
47139|0x3be49b78b|18|61993744140
47139|0x3be49b78b|19|124668729837
47139|0xbbe49b78b|20|248573394174
47139|0xbbe49b78b|21|499176044225
47139|0x2bbe49b78b|22|998625321944
47139|0x6bbe49b78b|23|1984593778825
47139|0xebbe49b78b|24|3954397521052
47141|0xa3ad|1|445156
47141|0xa3ad|2|845247
47141|0x4a3ad|3|1942104
47141|0x4a3ad|4|3691478
47141|0x14a3ad|5|7735948
47141|0x34a3ad|6|15331302
47141|0x74a3ad|7|30670026
47141|0xf4a3ad|8|61383658
47141|0x1f4a3ad|9|122837845
47141|0x3f4a3ad|10|244030156
47141|0x3f4a3ad|11|710786534
47141|0xbf4a3ad|12|982815082
47141|0x1bf4a3ad|13|2567175143
47141|0x3bf4a3ad|14|3905277010
47141|0x3bf4a3ad|15|7821654737
47141|0xbbf4a3ad|16|15882620884
47141|0x1bbf4a3ad|17|31530994375
47141|0x1bbf4a3ad|18|58817147316
47141|0x1bbf4a3ad|19|117236164205
47141|0x9bbf4a3ad|20|235241979328
47141|0x9bbf4a3ad|21|501002208077
47141|0x9bbf4a3ad|22|1002012353316
47141|0x9bbf4a3ad|23|1988764764812
47141|0x89bbf4a3ad|24|4553687445726
47143|0x13797|1|414559
47143|0x13797|2|823659
47143|0x53797|3|1679568
47143|0x53797|4|3777785
47143|0x53797|5|7321430
47143|0x53797|6|15062609
47143|0x453797|7|29957676
47143|0xc53797|8|60951437
47143|0xc53797|9|121205289
47143|0x2c53797|10|243824179
47143|0x6c53797|11|488510922
47143|0xec53797|12|977336233
47143|0xec53797|13|2069479574
47143|0xec53797|14|3972703786
47143|0xec53797|15|7962195506
47143|0xec53797|16|15766448598
47143|0xec53797|17|31875163491
47143|0xec53797|18|63795393836
47143|0xec53797|19|154688053839
47143|0xec53797|20|213136491043
47143|0xec53797|21|404258107396
47143|0x200ec53797|22|860700022928
47143|0x200ec53797|23|1933960488008
47143|0xa00ec53797|24|3851716017302
47145|0x6419|1|364455
47145|0x26419|2|786974
47145|0x66419|3|1892882
47145|0xe6419|4|3624181
47145|0xe6419|5|5685130
47145|0xe6419|6|13477126
47145|0x4e6419|7|21651029
47145|0xce6419|8|56653929
47145|0x1ce6419|9|103346107
47145|0x3ce6419|10|227616460
47145|0x7ce6419|11|408311964
47145|0xfce6419|12|856118380
47145|0xfce6419|13|1662466202
47145|0x2fce6419|14|3264818230
47145|0x2fce6419|15|6477417259
47145|0x2fce6419|16|12856427272
47145|0x2fce6419|17|25796224489
47145|0x2fce6419|18|51232067656
47145|0x42fce6419|19|105121260908
47145|0xc2fce6419|20|257931001182
47145|0x1c2fce6419|21|471557380604
47145|0x3c2fce6419|22|1024068940729
47145|0x3c2fce6419|23|2276305949359
47145|0x3c2fce6419|24|3794787397954
47147|0x4683|1|256820
47147|0x24683|2|583613
47147|0x24683|3|1213477
47147|0x24683|4|3459779
47147|0x124683|5|7512278
47147|0x124683|6|15207565
47147|0x524683|7|30149477
47147|0xd24683|8|46852626
47147|0xd24683|9|113351691
47147|0x2d24683|10|212326937
47147|0x6d24683|11|423327614
47147|0xed24683|12|846241400
47147|0xed24683|13|1691804686
47147|0x2ed24683|14|3244653022
47147|0x2ed24683|15|6494655291
47147|0x2ed24683|16|12875266493
47147|0x12ed24683|17|25468157957
47147|0x32ed24683|18|51521555650
47147|0x32ed24683|19|102801239294
47147|0x32ed24683|20|210628500256
47147|0x132ed24683|21|482974322520
47147|0x332ed24683|22|1201941076727
47147|0x732ed24683|23|2250802946734
47147|0x732ed24683|24|3683311408346
47149|0x57a5|1|225991
47149|0x257a5|2|511532
47149|0x257a5|3|1316984
47149|0xa57a5|4|2662353
47149|0x1a57a5|5|5276078
47149|0x3a57a5|6|12737543
47149|0x7a57a5|7|27166389
47149|0xfa57a5|8|52904607
47149|0x1fa57a5|9|118556769
47149|0x1fa57a5|10|207795129
47149|0x1fa57a5|11|430910357
47149|0x9fa57a5|12|820833084
47149|0x19fa57a5|13|1624285547
47149|0x19fa57a5|14|3215652261
47149|0x19fa57a5|15|6463700965
47149|0x99fa57a5|16|12903875000
47149|0x199fa57a5|17|25675763315
47149|0x199fa57a5|18|51158480079
47149|0x599fa57a5|19|103947407290
47149|0xd99fa57a5|20|214040118317
47149|0x1d99fa57a5|21|465519948557
47149|0x3d99fa57a5|22|1067834714630
47149|0x3d99fa57a5|23|1809257410423
47149|0xbd99fa57a5|24|3574316865630
47151|0x18ecf|1|411672
47151|0x38ecf|2|871437
47151|0x78ecf|3|1740415
47151|0xf8ecf|4|3879424
47151|0xf8ecf|5|7511927
47151|0xf8ecf|6|14253440
47151|0xf8ecf|7|24452308
47151|0x8f8ecf|8|53263415
47151|0x18f8ecf|9|113937161
47151|0x18f8ecf|10|227950669
47151|0x18f8ecf|11|420072294
47151|0x98f8ecf|12|860760655
47151|0x198f8ecf|13|1682096320
47151|0x398f8ecf|14|3294916535
47151|0x798f8ecf|15|6485497923
47151|0xf98f8ecf|16|12911016255
47151|0x1f98f8ecf|17|25496736909
47151|0x1f98f8ecf|18|75141442502
47151|0x5f98f8ecf|19|184375949468
47151|0xdf98f8ecf|20|329858295258
47151|0x1df98f8ecf|21|445045119831
47151|0x3df98f8ecf|22|974247248643
47151|0x7df98f8ecf|23|2191078628190
47151|0xfdf98f8ecf|24|4592925366351
47153|0x1a0d1|1|396794
47153|0x3a0d1|2|878119
47153|0x3a0d1|3|1479685
47153|0xba0d1|4|2652641
47153|0x1ba0d1|5|5249358
47153|0x3ba0d1|6|11695359
47153|0x3ba0d1|7|27043871
47153|0x3ba0d1|8|49982961
47153|0x13ba0d1|9|106965807
47153|0x13ba0d1|10|216992891
47153|0x13ba0d1|11|412410376
47153|0x93ba0d1|12|914487154
47153|0x93ba0d1|13|1961835685
47153|0x293ba0d1|14|3921151967
47153|0x693ba0d1|15|7841737881
47153|0x693ba0d1|16|15696962316
47153|0x1693ba0d1|17|29690088056
47153|0x1693ba0d1|18|52962112679
47153|0x1693ba0d1|19|103713159496
47153|0x9693ba0d1|20|221117166392
47153|0x19693ba0d1|21|496941066576
47153|0x19693ba0d1|22|1170506121426
47153|0x19693ba0d1|23|2230937901829
47153|0x99693ba0d1|24|3881287068857
47155|0x102fb|1|272003
47155|0x102fb|2|581399
47155|0x102fb|3|1300838
47155|0x902fb|4|3267627
47155|0x1902fb|5|7617613
47155|0x3902fb|6|13483011
47155|0x3902fb|7|25111396
47155|0xb902fb|8|57159259
47155|0x1b902fb|9|105962816
47155|0x3b902fb|10|217487376
47155|0x3b902fb|11|429168941
47155|0xbb902fb|12|806850806
47155|0x1bb902fb|13|1645816774
47155|0x1bb902fb|14|3358573026
47155|0x1bb902fb|15|6464717757
47155|0x9bb902fb|16|13018823783
47155|0x9bb902fb|17|25910860214
47155|0x9bb902fb|18|51079626999
47155|0x49bb902fb|19|103795216546
47155|0xc9bb902fb|20|246987834094
47155|0x1c9bb902fb|21|477677171662
47155|0x3c9bb902fb|22|1018430641472
47155|0x3c9bb902fb|23|2108775135242
47155|0x3c9bb902fb|24|4497057932632
47157|0xda1d|1|617144
47157|0x2da1d|2|1407650
47157|0x6da1d|3|3028052
47157|0x6da1d|4|6217278
47157|0x16da1d|5|12699208
47157|0x16da1d|6|25517452
47157|0x16da1d|7|36260667
47157|0x96da1d|8|60779581
47157|0x96da1d|9|162143114
47157|0x96da1d|10|324046447
47157|0x496da1d|11|624271516
47157|0x496da1d|12|1240616087
47157|0x496da1d|13|2475293354
47157|0x2496da1d|14|5002919753
47157|0x2496da1d|15|9984563908
47157|0x2496da1d|16|19776439079
47157|0x2496da1d|17|33187044948
47157|0x2496da1d|18|78857450388
47157|0x42496da1d|19|156462150347
47157|0xc2496da1d|20|263850437511
47157|0x1c2496da1d|21|488459735043
47157|0x3c2496da1d|22|1025503741196
47157|0x7c2496da1d|23|2117717424806
47157|0x7c2496da1d|24|4211906356174
47159|0x7d87|1|356885
47159|0x7d87|2|1793032
47159|0x47d87|3|1851786
47159|0x47d87|4|3621820
47159|0x147d87|5|7642122
47159|0x347d87|6|15050541
47159|0x347d87|7|30084958
47159|0xb47d87|8|60547345
47159|0x1b47d87|9|122131565
47159|0x1b47d87|10|242743866
47159|0x1b47d87|11|485415743
47159|0x9b47d87|12|966609390
47159|0x19b47d87|13|1955416246
47159|0x19b47d87|14|4057900482
47159|0x59b47d87|15|8031535567
47159|0x59b47d87|16|16005811904
47159|0x159b47d87|17|32128956748
47159|0x159b47d87|18|60314408874
47159|0x559b47d87|19|182932971465
47159|0x559b47d87|20|225229204498
47159|0x559b47d87|21|472363158116
47159|0x2559b47d87|22|1127945686415
47159|0x2559b47d87|23|2222218173093
47159|0xa559b47d87|24|3854424078675
47161|0x1b609|1|449900
47161|0x1b609|2|1890800
47161|0x1b609|3|1789887
47161|0x9b609|4|3830506
47161|0x9b609|5|7675093
47161|0x9b609|6|15291751
47161|0x9b609|7|50461975
47161|0x9b609|8|81745512
47161|0x109b609|9|157985533
47161|0x309b609|10|292147252
47161|0x309b609|11|652133410
47161|0xb09b609|12|1260946002
47161|0x1b09b609|13|2457618956
47161|0x1b09b609|14|4925721524
47161|0x1b09b609|15|10218517436
47161|0x1b09b609|16|20286832720
47161|0x11b09b609|17|34043673909
47161|0x31b09b609|18|62996967729
47161|0x31b09b609|19|144428323497
47161|0x31b09b609|20|276187377507
47161|0x31b09b609|21|488296174634
47161|0x231b09b609|22|1030849367346
47161|0x631b09b609|23|1942484711468
47161|0xe31b09b609|24|3978800126814
47163|0x160f3|1|623409
47163|0x160f3|2|3097343
47163|0x160f3|3|3034728
47163|0x160f3|4|6217608
47163|0x160f3|5|12612244
47163|0x160f3|6|25255666
47163|0x160f3|7|50633560
47163|0x160f3|8|101436063
47163|0x160f3|9|204597576
47163|0x20160f3|10|403704625
47163|0x60160f3|11|813754801
47163|0x60160f3|12|1638572998
47163|0x60160f3|13|3179665436
47163|0x260160f3|14|4855064012
47163|0x660160f3|15|9909252492
47163|0xe60160f3|16|18770400918
47163|0xe60160f3|17|30482579926
47163|0x2e60160f3|18|66231288109
47163|0x6e60160f3|19|205929699620
47163|0xee60160f3|20|372562477261
47163|0xee60160f3|21|495646294088
47163|0xee60160f3|22|1150868661951
47163|0x4ee60160f3|23|2517990312673
47163|0xcee60160f3|24|4171320574220
47165|0x19f15|1|395502
47165|0x39f15|2|894436
47165|0x79f15|3|1823091
47165|0xf9f15|4|3747095
47165|0x1f9f15|5|7464120
47165|0x3f9f15|6|15095556
47165|0x3f9f15|7|30287793
47165|0xbf9f15|8|60688597
47165|0xbf9f15|9|120206083
47165|0xbf9f15|10|241840238
47165|0xbf9f15|11|485788415
47165|0x8bf9f15|12|998257335
47165|0x18bf9f15|13|1982743522
47165|0x38bf9f15|14|3889418669
47165|0x78bf9f15|15|7791252572
47165|0xf8bf9f15|16|15657195937
47165|0x1f8bf9f15|17|30775921791
47165|0x3f8bf9f15|18|74880793348
47165|0x7f8bf9f15|19|179726113993
47165|0x7f8bf9f15|20|410797144452
47165|0x17f8bf9f15|21|618221339274
47165|0x17f8bf9f15|22|1414621174360
47165|0x17f8bf9f15|23|2446202629101
47165|0x97f8bf9f15|24|4933748878098
47167|0x137bf|1|411453
47167|0x337bf|2|911416
47167|0x737bf|3|1790724
47167|0xf37bf|4|3801140
47167|0x1f37bf|5|7541116
47167|0x1f37bf|6|15379631
47167|0x5f37bf|7|30496893
47167|0xdf37bf|8|61100117
47167|0x1df37bf|9|119578081
47167|0x3df37bf|10|245417303
47167|0x7df37bf|11|490750908
47167|0x7df37bf|12|982194768
47167|0x7df37bf|13|1965189627
47167|0x27df37bf|14|3930359550
47167|0x67df37bf|15|8021543869
47167|0x67df37bf|16|15867748825
47167|0x67df37bf|17|31355447352
47167|0x267df37bf|18|62315319657
47167|0x267df37bf|19|126088395360
47167|0x267df37bf|20|249864770777
47167|0x267df37bf|21|502307103440
47167|0x267df37bf|22|1084095448492
47167|0x4267df37bf|23|3304367686903
47167|0x4267df37bf|24|4537773346381
47169|0x157c1|1|379145
47169|0x357c1|2|818915
47169|0x757c1|3|1205537
47169|0x757c1|4|2782784
47169|0x1757c1|5|5280236
47169|0x1757c1|6|12084789
47169|0x1757c1|7|30401031
47169|0x1757c1|8|56195471
47169|0x11757c1|9|109619123
47169|0x31757c1|10|210124757
47169|0x31757c1|11|440876318
47169|0x31757c1|12|844013747
47169|0x131757c1|13|1748991525
47169|0x331757c1|14|3334123674
47169|0x731757c1|15|7030867065
47169|0x731757c1|16|13325017801
47169|0x731757c1|17|26519363180
47169|0x2731757c1|18|52636289343
47169|0x2731757c1|19|137451037484
47169|0xa731757c1|20|275067233084
47169|0xa731757c1|21|612454641511
47169|0x2a731757c1|22|1110870824759
47169|0x2a731757c1|23|1990532076635
47169|0xaa731757c1|24|4041971366396
47171|0x1546b|1|620683
47171|0x3546b|2|1434457
47171|0x7546b|3|3040756
47171|0xf546b|4|6230075
47171|0x1f546b|5|9772629
47171|0x3f546b|6|15224734
47171|0x7f546b|7|30752624
47171|0x7f546b|8|61091983
47171|0x7f546b|9|157296198
47171|0x27f546b|10|316955899
47171|0x67f546b|11|633921156
47171|0xe7f546b|12|1208104031
47171|0x1e7f546b|13|2443509102
47171|0x1e7f546b|14|4974170831
47171|0x1e7f546b|15|9796023770
47171|0x9e7f546b|16|19681414997
47171|0x19e7f546b|17|40273912615
47171|0x19e7f546b|18|84072798667
47171|0x19e7f546b|19|119409189147
47171|0x99e7f546b|20|295899351648
47171|0x199e7f546b|21|516206640859
47171|0x399e7f546b|22|1061495559428
47171|0x399e7f546b|23|2256774634752
47171|0x399e7f546b|24|4168301622633
47173|0x19a8d|1|269281
47173|0x19a8d|2|581107
47173|0x59a8d|3|1369509
47173|0xd9a8d|4|3284996
47173|0xd9a8d|5|7664871
47173|0xd9a8d|6|15182070
47173|0x4d9a8d|7|26739207
47173|0x4d9a8d|8|54087159
47173|0x4d9a8d|9|112229088
47173|0x4d9a8d|10|213557307
47173|0x44d9a8d|11|433748915
47173|0x44d9a8d|12|822445605
47173|0x144d9a8d|13|1736253240
47173|0x144d9a8d|14|3288419066
47173|0x544d9a8d|15|6684684485
47173|0xd44d9a8d|16|13465806990
47173|0x1d44d9a8d|17|26281769709
47173|0x3d44d9a8d|18|53360999523
47173|0x3d44d9a8d|19|106894092386
47173|0x3d44d9a8d|20|307744549021
47173|0x3d44d9a8d|21|618010077517
47173|0x23d44d9a8d|22|1005752839112
47173|0x63d44d9a8d|23|2163107661386
47173|0xe3d44d9a8d|24|4193753020942
47175|0x17177|1|687837
47175|0x17177|2|1407845
47175|0x57177|3|3051927
47175|0x57177|4|6269170
47175|0x157177|5|12612043
47175|0x157177|6|25327300
47175|0x157177|7|51139877
47175|0x957177|8|102369271
47175|0x1957177|9|204894062
47175|0x3957177|10|406948034
47175|0x3957177|11|803583744
47175|0xb957177|12|1638913214
47175|0xb957177|13|3280379640
47175|0x2b957177|14|6541455721
47175|0x2b957177|15|13983120969
47175|0xab957177|16|26159091770
47175|0x1ab957177|17|51656575653
47175|0x3ab957177|18|83324551021
47175|0x3ab957177|19|134416978526
47175|0xbab957177|20|322642672259
47175|0x1bab957177|21|525561391952
47175|0x1bab957177|22|987102089576
47175|0x1bab957177|23|2072188891003
47175|0x1bab957177|24|4086206062586
47177|0xb9f9|1|426552
47177|0xb9f9|2|926014
47177|0xb9f9|3|1774456
47177|0xb9f9|4|3865175
47177|0xb9f9|5|7553242
47177|0x20b9f9|6|15401726
47177|0x20b9f9|7|30738912
47177|0x20b9f9|8|61187614
47177|0x120b9f9|9|123228694
47177|0x120b9f9|10|245140100
47177|0x120b9f9|11|490118996
47177|0x920b9f9|12|980655345
47177|0x920b9f9|13|1964714193
47177|0x2920b9f9|14|3991020560
47177|0x6920b9f9|15|9761247555
47177|0xe920b9f9|16|16390486226
47177|0xe920b9f9|17|35100548163
47177|0x2e920b9f9|18|56786762441
47177|0x6e920b9f9|19|115574171264
47177|0xee920b9f9|20|275267347005
47177|0x1ee920b9f9|21|465310081538
47177|0x3ee920b9f9|22|993691742102
47177|0x3ee920b9f9|23|1919722098849
47177|0xbee920b9f9|24|3913163261986
47179|0x15163|1|395587
47179|0x35163|2|883887
47179|0x35163|3|1680318
47179|0xb5163|4|3821173
47179|0x1b5163|5|7475707
47179|0x1b5163|6|15112614
47179|0x1b5163|7|30451589
47179|0x9b5163|8|60866254
47179|0x9b5163|9|124439147
47179|0x9b5163|10|242615485
47179|0x9b5163|11|479653187
47179|0x9b5163|12|975853975
47179|0x109b5163|13|1902460496
47179|0x109b5163|14|4247731155
47179|0x109b5163|15|8549036803
47179|0x909b5163|16|16144953969
47179|0x909b5163|17|28284807896
47179|0x2909b5163|18|74445736757
47179|0x2909b5163|19|148850552721
47179|0x2909b5163|20|247355065989
47179|0x12909b5163|21|457359891516
47179|0x32909b5163|22|939305089480
47179|0x72909b5163|23|1936834082100
47179|0xf2909b5163|24|3786443562703
47181|0x14085|1|348692
47181|0x14085|2|787023
47181|0x14085|3|1838740
47181|0x14085|4|3676444
47181|0x14085|5|7643905
47181|0x14085|6|14999044
47181|0x414085|7|30379963
47181|0x414085|8|56199069
47181|0x414085|9|120856789
47181|0x2414085|10|240790837
47181|0x6414085|11|484369342
47181|0xe414085|12|983294391
47181|0x1e414085|13|1934505091
47181|0x1e414085|14|3767794521
47181|0x1e414085|15|6589005012
47181|0x1e414085|16|13290611103
47181|0x1e414085|17|27538563566
47181|0x1e414085|18|57441988865
47181|0x1e414085|19|117667170946
47181|0x81e414085|20|273052743631
47181|0x181e414085|21|481170687360
47181|0x181e414085|22|1053668548412
47181|0x181e414085|23|2078699049072
47181|0x181e414085|24|3798655652169
47183|0x15eaf|1|375397
47183|0x35eaf|2|891348
47183|0x35eaf|3|1943997
47183|0xb5eaf|4|3725918
47183|0x1b5eaf|5|7669114
47183|0x1b5eaf|6|15334554
47183|0x1b5eaf|7|30480612
47183|0x9b5eaf|8|60949595
47183|0x9b5eaf|9|122074791
47183|0x9b5eaf|10|245727042
47183|0x49b5eaf|11|490656535
47183|0xc9b5eaf|12|939947622
47183|0x1c9b5eaf|13|1717682283
47183|0x1c9b5eaf|14|3296342794
47183|0x1c9b5eaf|15|7325072280
47183|0x9c9b5eaf|16|15774495388
47183|0x9c9b5eaf|17|30591747554
47183|0x9c9b5eaf|18|57997415285
47183|0x9c9b5eaf|19|123555909322
47183|0x9c9b5eaf|20|244305440055
47183|0x9c9b5eaf|21|442594982051
47183|0x9c9b5eaf|22|1018961892214
47183|0x409c9b5eaf|23|1888419961519
47183|0xc09c9b5eaf|24|3749344075921
47185|0x190b1|1|406217
47185|0x390b1|2|847161
47185|0x390b1|3|1739642
47185|0x390b1|4|3841746
47185|0x390b1|5|7426144
47185|0x2390b1|6|15175677
47185|0x6390b1|7|30263068
47185|0xe390b1|8|60873601
47185|0xe390b1|9|120989049
47185|0xe390b1|10|238314662
47185|0xe390b1|11|462044965
47185|0x8e390b1|12|1023197110
47185|0x8e390b1|13|2388020063
47185|0x28e390b1|14|3530381625
47185|0x28e390b1|15|8811341735
47185|0xa8e390b1|16|15096552253
47185|0x1a8e390b1|17|29569248657
47185|0x3a8e390b1|18|74513461241
47185|0x7a8e390b1|19|113763289709
47185|0x7a8e390b1|20|257947732016
47185|0x17a8e390b1|21|481576877531
47185|0x37a8e390b1|22|919310706525
47185|0x37a8e390b1|23|1892246977058
47185|0x37a8e390b1|24|3840779004720
47187|0x4bdb|1|657585
47187|0x24bdb|2|1415019
47187|0x64bdb|3|3075740
47187|0x64bdb|4|6333755
47187|0x164bdb|5|12715193
47187|0x164bdb|6|19408550
47187|0x564bdb|7|30764794
47187|0xd64bdb|8|67477194
47187|0xd64bdb|9|151603637
47187|0xd64bdb|10|317398536
47187|0x4d64bdb|11|596247265
47187|0xcd64bdb|12|1232057819
47187|0x1cd64bdb|13|2209857878
47187|0x3cd64bdb|14|3700882369
47187|0x7cd64bdb|15|7002693519
47187|0xfcd64bdb|16|15320309997
47187|0xfcd64bdb|17|27321627189
47187|0xfcd64bdb|18|56205306650
47187|0x4fcd64bdb|19|118277199523
47187|0xcfcd64bdb|20|233612093602
47187|0x1cfcd64bdb|21|466023899206
47187|0x3cfcd64bdb|22|973357010369
47187|0x3cfcd64bdb|23|1891823635875
47187|0xbcfcd64bdb|24|3786382679676
47189|0x84fd|1|348762
47189|0x284fd|2|787160
47189|0x684fd|3|1788209
47189|0x684fd|4|3742723
47189|0x684fd|5|7527098
47189|0x684fd|6|14969180
47189|0x4684fd|7|30335232
47189|0x4684fd|8|60565146
47189|0x14684fd|9|122178509
47189|0x14684fd|10|241304595
47189|0x54684fd|11|476186986
47189|0x54684fd|12|988103566
47189|0x154684fd|13|1878692313
47189|0x154684fd|14|3700150792
47189|0x554684fd|15|7228551325
47189|0x554684fd|16|19354275287
47189|0x1554684fd|17|38730807400
47189|0x1554684fd|18|70620039868
47189|0x5554684fd|19|146149051787
47189|0x5554684fd|20|307380755045
47189|0x15554684fd|21|534878510230
47189|0x35554684fd|22|1151966584149
47189|0x35554684fd|23|2249058989418
47189|0x35554684fd|24|4375035021008
47191|0x1b367|1|402344
47191|0x3b367|2|819586
47191|0x7b367|3|1704022
47191|0x7b367|4|3859782
47191|0x17b367|5|7610692
47191|0x17b367|6|15328692
47191|0x17b367|7|30466457
47191|0x17b367|8|60964519
47191|0x117b367|9|122017499
47191|0x117b367|10|245965298
47191|0x117b367|11|488600207
47191|0x917b367|12|984017714
47191|0x917b367|13|1968967850
47191|0x2917b367|14|3977357473
47191|0x2917b367|15|7995206854
47191|0x2917b367|16|14989617170
47191|0x12917b367|17|26984423625
47191|0x32917b367|18|58295085150
47191|0x72917b367|19|116221065431
47191|0xf2917b367|20|240089863742
47191|0x1f2917b367|21|460058356681
47191|0x3f2917b367|22|948797397299
47191|0x3f2917b367|23|1967022322147
47191|0x3f2917b367|24|3776574236156
47193|0x10fe9|1|349825
47193|0x30fe9|2|787100
47193|0x30fe9|3|1914348
47193|0x30fe9|4|3701950
47193|0x30fe9|5|7710485
47193|0x30fe9|6|15251351
47193|0x30fe9|7|30769915
47193|0x830fe9|8|61516224
47193|0x1830fe9|9|122271833
47193|0x3830fe9|10|244531116
47193|0x7830fe9|11|489793650
47193|0x7830fe9|12|991791257
47193|0x17830fe9|13|1967199293
47193|0x37830fe9|14|3934893931
47193|0x37830fe9|15|7864281311
47193|0xb7830fe9|16|15723490455
47193|0xb7830fe9|17|30338169742
47193|0x2b7830fe9|18|62060965792
47193|0x2b7830fe9|19|123041007837
47193|0xab7830fe9|20|270154973626
47193|0xab7830fe9|21|525097040475
47193|0x2ab7830fe9|22|988132617743
47193|0x6ab7830fe9|23|1885793578954
47193|0x6ab7830fe9|24|3751469567600
47195|0x1b7d3|1|411302
47195|0x1b7d3|2|814995
47195|0x5b7d3|3|1831879
47195|0xdb7d3|4|3831172
47195|0xdb7d3|5|7723139
47195|0xdb7d3|6|15444659
47195|0xdb7d3|7|30797231
47195|0xdb7d3|8|61058174
47195|0x10db7d3|9|126229847
47195|0x10db7d3|10|205297293
47195|0x50db7d3|11|466477447
47195|0xd0db7d3|12|951673410
47195|0xd0db7d3|13|1746251590
47195|0xd0db7d3|14|3385993834
47195|0xd0db7d3|15|6585221661
47195|0x8d0db7d3|16|14682026488
47195|0x8d0db7d3|17|26675252125
47195|0x8d0db7d3|18|55218536815
47195|0x48d0db7d3|19|115877141070
47195|0x48d0db7d3|20|227124055148
47195|0x48d0db7d3|21|455728174630
47195|0x48d0db7d3|22|975824725931
47195|0x48d0db7d3|23|1903657002517
47195|0x48d0db7d3|24|4126575893307
47197|0xdbf5|1|359063
47197|0xdbf5|2|886540
47197|0xdbf5|3|1940780
47197|0x8dbf5|4|3702049
47197|0x18dbf5|5|7606443
47197|0x38dbf5|6|15345778
47197|0x78dbf5|7|29368141
47197|0x78dbf5|8|61317689
47197|0x78dbf5|9|123096789
47197|0x278dbf5|10|244580026
47197|0x678dbf5|11|490502727
47197|0xe78dbf5|12|986019517
47197|0xe78dbf5|13|1967969574
47197|0x2e78dbf5|14|3941675104
47197|0x6e78dbf5|15|7875707817
47197|0x6e78dbf5|16|15718392242
47197|0x16e78dbf5|17|31199548707
47197|0x16e78dbf5|18|61200904883
47197|0x56e78dbf5|19|121939202041
47197|0x56e78dbf5|20|245371859208
47197|0x56e78dbf5|21|492533299214
47197|0x256e78dbf5|22|1006537303122
47197|0x256e78dbf5|23|1930767706155
47197|0x256e78dbf5|24|4085308935364
47199|0x1a39f|1|410737
47199|0x3a39f|2|1631516
47199|0x7a39f|3|1740226
47199|0x7a39f|4|3858170
47199|0x17a39f|5|7614455
47199|0x37a39f|6|15383526
47199|0x77a39f|7|31070899
47199|0x77a39f|8|97479252
47199|0x77a39f|9|141613825
47199|0x277a39f|10|301371729
47199|0x277a39f|11|452100061
47199|0xa77a39f|12|881867816
47199|0xa77a39f|13|1620624928
47199|0x2a77a39f|14|4009427926
47199|0x6a77a39f|15|10741389013
47199|0xea77a39f|16|18956010530
47199|0x1ea77a39f|17|31929026094
47199|0x1ea77a39f|18|66010111139
47199|0x5ea77a39f|19|134698979571
47199|0xdea77a39f|20|250739112432
47199|0x1dea77a39f|21|507835626789
47199|0x3dea77a39f|22|1165712484724
47199|0x3dea77a39f|23|2307349400427
47199|0xbdea77a39f|24|4055156864667
47201|0x1eba1|1|391661
47201|0x3eba1|2|1648521
47201|0x3eba1|3|1854198
47201|0xbeba1|4|3731563
47201|0xbeba1|5|7630677
47201|0x2beba1|6|14961051
47201|0x2beba1|7|23221566
47201|0x2beba1|8|53938407
47201|0x2beba1|9|121299628
47201|0x22beba1|10|242580723
47201|0x62beba1|11|484386684
47201|0xe2beba1|12|967540856
47201|0x1e2beba1|13|1948437586
47201|0x1e2beba1|14|3871007505
47201|0x1e2beba1|15|6849712298
47201|0x1e2beba1|16|14422144011
47201|0x11e2beba1|17|29027649793
47201|0x11e2beba1|18|61472824293
47201|0x51e2beba1|19|116528235434
47201|0x51e2beba1|20|292946420152
47201|0x51e2beba1|21|590198098507
47201|0x251e2beba1|22|923911818921
47201|0x651e2beba1|23|1887534662078
47201|0x651e2beba1|24|4209246087165
47203|0x1894b|1|356143
47203|0x3894b|2|847949
47203|0x7894b|3|1919824
47203|0xf894b|4|3631290
47203|0x1f894b|5|7740588
47203|0x3f894b|6|11161059
47203|0x7f894b|7|27253713
47203|0x7f894b|8|52486929
47203|0x7f894b|9|112961534
47203|0x7f894b|10|214510951
47203|0x47f894b|11|435730480
47203|0xc7f894b|12|890585993
47203|0xc7f894b|13|1749087711
47203|0xc7f894b|14|3504486165
47203|0xc7f894b|15|6729758447
47203|0x8c7f894b|16|13899333590
47203|0x8c7f894b|17|28294388612
47203|0x28c7f894b|18|56865975604
47203|0x28c7f894b|19|110002495110
47203|0xa8c7f894b|20|225964427889
47203|0x1a8c7f894b|21|477846088555
47203|0x1a8c7f894b|22|1002958724024
47203|0x5a8c7f894b|23|2078635703924
47203|0x5a8c7f894b|24|4500461493003
47205|0x1396d|1|387308
47205|0x3396d|2|1301871
47205|0x7396d|3|1777619
47205|0x7396d|4|3533774
47205|0x7396d|5|7325211
47205|0x27396d|6|14558130
47205|0x67396d|7|29177648
47205|0x67396d|8|90516283
47205|0x67396d|9|127351484
47205|0x267396d|10|313475193
47205|0x667396d|11|585588954
47205|0xe67396d|12|1634552324
47205|0xe67396d|13|2853558985
47205|0x2e67396d|14|4776047323
47205|0x2e67396d|15|9800858485
47205|0xae67396d|16|18060982122
47205|0x1ae67396d|17|36630596741
47205|0x1ae67396d|18|63714691775
47205|0x5ae67396d|19|134495295323
47205|0xdae67396d|20|229789727883
47205|0xdae67396d|21|469098404697
47205|0xdae67396d|22|938915826140
47205|0x4dae67396d|23|1922591986859
47205|0x4dae67396d|24|3880939734721
47207|0xe357|1|633526
47207|0x2e357|2|3119357
47207|0x2e357|3|3000824
47207|0x2e357|4|6235049
47207|0x12e357|5|12651358
47207|0x12e357|6|25298332
47207|0x12e357|7|50723378
47207|0x12e357|8|102447424
47207|0x112e357|9|205029254
47207|0x312e357|10|545305193
47207|0x312e357|11|820226625
47207|0x312e357|12|1640592504
47207|0x1312e357|13|3281416407
47207|0x1312e357|14|6558028566
47207|0x5312e357|15|13085285388
47207|0x5312e357|16|26387212849
47207|0x15312e357|17|41198965673
47207|0x35312e357|18|79446200149
47207|0x75312e357|19|140008976050
47207|0xf5312e357|20|236517502997
47207|0xf5312e357|21|544169718742
47207|0x2f5312e357|22|942616346959
47207|0x6f5312e357|23|1893608766678
47207|0xef5312e357|24|4347912069118
47209|0x57d9|1|844868
47209|0x57d9|2|1405693
47209|0x57d9|3|3044432
47209|0x857d9|4|6235738
47209|0x1857d9|5|12602643
47209|0x3857d9|6|15590517
47209|0x7857d9|7|30466645
47209|0xf857d9|8|67823578
47209|0x1f857d9|9|154885420
47209|0x3f857d9|10|315165011
47209|0x3f857d9|11|593012326
47209|0x3f857d9|12|1253047432
47209|0x3f857d9|13|2484015094
47209|0x23f857d9|14|4427337939
47209|0x63f857d9|15|9735405597
47209|0xe3f857d9|16|19029675928
47209|0xe3f857d9|17|32313457340
47209|0xe3f857d9|18|55659940937
47209|0xe3f857d9|19|130035814440
47209|0x8e3f857d9|20|237494785688
47209|0x8e3f857d9|21|496882869678
47209|0x8e3f857d9|22|929143529148
47209|0x8e3f857d9|23|2234679867306
47209|0x88e3f857d9|24|3853320610404
47211|0x3443|1|348510
47211|0x23443|2|1975056
47211|0x63443|3|1774628
47211|0xe3443|4|3464269
47211|0xe3443|5|5244755
47211|0xe3443|6|10524274
47211|0xe3443|7|23335744
47211|0x8e3443|8|61258606
47211|0x18e3443|9|121134824
47211|0x18e3443|10|242922963
47211|0x58e3443|11|487488455
47211|0xd8e3443|12|972024093
47211|0xd8e3443|13|1791221840
47211|0x2d8e3443|14|3429875115
47211|0x6d8e3443|15|7159055466
47211|0x6d8e3443|16|14021466459
47211|0x6d8e3443|17|30674960653
47211|0x6d8e3443|18|63346254674
47211|0x46d8e3443|19|122400587499
47211|0xc6d8e3443|20|243747566554
47211|0x1c6d8e3443|21|471191727138
47211|0x3c6d8e3443|22|1129718717824
47211|0x3c6d8e3443|23|2200543614555
47211|0x3c6d8e3443|24|4491149057566
47213|0x1165|1|286099
47213|0x1165|2|593900
47213|0x1165|3|1228892
47213|0x81165|4|2631689
47213|0x181165|5|5294678
47213|0x181165|6|14250767
47213|0x581165|7|23329928
47213|0x581165|8|53451606
47213|0x581165|9|113847518
47213|0x2581165|10|222416456
47213|0x6581165|11|443880237
47213|0x6581165|12|863947159
47213|0x6581165|13|2490770788
47213|0x6581165|14|3652895852
47213|0x6581165|15|8325643551
47213|0x6581165|16|17094094257
47213|0x6581165|17|35643581676
47213|0x206581165|18|67569235114
47213|0x606581165|19|130089676094
47213|0x606581165|20|290248897429
47213|0x606581165|21|539663622950
47213|0x2606581165|22|1099021411571
47213|0x6606581165|23|2225348478970
47213|0x6606581165|24|4284895628200
47215|0x1a68f|1|454954
47215|0x3a68f|2|1944577
47215|0x7a68f|3|1730627
47215|0xfa68f|4|3812606
47215|0xfa68f|5|7437434
47215|0xfa68f|6|15228395
47215|0xfa68f|7|30252904
47215|0x8fa68f|8|60385816
47215|0x8fa68f|9|152442952
47215|0x28fa68f|10|244338995
47215|0x68fa68f|11|488664826
47215|0xe8fa68f|12|977126044
47215|0x1e8fa68f|13|1961157309
47215|0x1e8fa68f|14|3923359031
47215|0x1e8fa68f|15|7506745950
47215|0x9e8fa68f|16|13195579499
47215|0x9e8fa68f|17|27784853179
47215|0x9e8fa68f|18|58625190252
47215|0x49e8fa68f|19|120409574573
47215|0xc9e8fa68f|20|224917470227
47215|0x1c9e8fa68f|21|464204673417
47215|0x3c9e8fa68f|22|941818559399
47215|0x7c9e8fa68f|23|1906088584924
47215|0x7c9e8fa68f|24|3691851169306
47217|0x891|1|529905
47217|0x891|2|918552
47217|0x40891|3|1711086
47217|0x40891|4|3814475
47217|0x140891|5|7354497
47217|0x140891|6|15086901
47217|0x140891|7|30325699
47217|0x140891|8|55189388
47217|0x1140891|9|114205942
47217|0x1140891|10|205169380
47217|0x1140891|11|460260352
47217|0x1140891|12|967917809
47217|0x1140891|13|1930378659
47217|0x21140891|14|3916071318
47217|0x21140891|15|7851845526
47217|0x21140891|16|14759091813
47217|0x121140891|17|26682027620
47217|0x321140891|18|53102638943
47217|0x321140891|19|116357264219
47217|0xb21140891|20|230947519955
47217|0x1b21140891|21|479731318468
47217|0x1b21140891|22|990480321827
47217|0x5b21140891|23|1986495115520
47217|0x5b21140891|24|3799889602841
47219|0xacbb|1|380159
47219|0xacbb|2|844045
47219|0x4acbb|3|1822854
47219|0x4acbb|4|3742047
47219|0x4acbb|5|7692918
47219|0x4acbb|6|11382493
47219|0x44acbb|7|26900257
47219|0x44acbb|8|53929068
47219|0x144acbb|9|115998747
47219|0x344acbb|10|210659912
47219|0x744acbb|11|412114078
47219|0x744acbb|12|862372742
47219|0x744acbb|13|1823669688
47219|0x2744acbb|14|3369693117
47219|0x2744acbb|15|6588454654
47219|0x2744acbb|16|15714554671
47219|0x12744acbb|17|29457830125
47219|0x32744acbb|18|57886016940
47219|0x72744acbb|19|141176617421
47219|0x72744acbb|20|233399450839
47219|0x172744acbb|21|553170468112
47219|0x372744acbb|22|1046014486106
47219|0x372744acbb|23|2195674066016
47219|0x372744acbb|24|4485404788970
47221|0x157dd|1|405289
47221|0x157dd|2|908778
47221|0x557dd|3|1777848
47221|0xd57dd|4|3837828
47221|0xd57dd|5|7447172
47221|0xd57dd|6|15255433
47221|0x4d57dd|7|28181545
47221|0xcd57dd|8|61600321
47221|0x1cd57dd|9|123359047
47221|0x3cd57dd|10|245057676
47221|0x7cd57dd|11|492670284
47221|0xfcd57dd|12|986636250
47221|0x1fcd57dd|13|2084505292
47221|0x3fcd57dd|14|3915062280
47221|0x7fcd57dd|15|7864844351
47221|0x7fcd57dd|16|15771796646
47221|0x7fcd57dd|17|39720718171
47221|0x27fcd57dd|18|96371477372
47221|0x27fcd57dd|19|175834902405
47221|0x27fcd57dd|20|279391262051
47221|0x27fcd57dd|21|500328570220
47221|0x27fcd57dd|22|1139653834509
47221|0x27fcd57dd|23|1911572793298
47221|0x27fcd57dd|24|3699733509989
47223|0xa147|1|391625
47223|0x2a147|2|787500
47223|0x6a147|3|1694902
47223|0x6a147|4|3567316
47223|0x6a147|5|5256888
47223|0x6a147|6|12459721
47223|0x6a147|7|33288394
47223|0x6a147|8|55264360
47223|0x106a147|9|121523789
47223|0x306a147|10|222654001
47223|0x706a147|11|442944783
47223|0xf06a147|12|871270733
47223|0xf06a147|13|1745558131
47223|0xf06a147|14|3746176878
47223|0x4f06a147|15|6854914165
47223|0xcf06a147|16|13517544042
47223|0x1cf06a147|17|29824437521
47223|0x1cf06a147|18|56684272788
47223|0x5cf06a147|19|114386029409
47223|0x5cf06a147|20|226511449890
47223|0x5cf06a147|21|461688697227
47223|0x5cf06a147|22|938498406179
47223|0x5cf06a147|23|1864794634355
47223|0x85cf06a147|24|3744864427953
47225|0x31c9|1|361673
47225|0x31c9|2|906452
47225|0x31c9|3|1461766
47225|0x31c9|4|2486852
47225|0x31c9|5|5269582
47225|0x2031c9|6|13959053
47225|0x2031c9|7|31593164
47225|0x2031c9|8|55051893
47225|0x12031c9|9|99820665
47225|0x12031c9|10|220267008
47225|0x52031c9|11|446981973
47225|0x52031c9|12|906714122
47225|0x152031c9|13|1936274918
47225|0x352031c9|14|3784266766
47225|0x752031c9|15|6733229822
47225|0xf52031c9|16|14560314346
47225|0x1f52031c9|17|27565242159
47225|0x1f52031c9|18|57378229209
47225|0x5f52031c9|19|114779721398
47225|0x5f52031c9|20|241088523855
47225|0x5f52031c9|21|480415556400
47225|0x5f52031c9|22|967753105123
47225|0x5f52031c9|23|1902465581023
47225|0x5f52031c9|24|3710682558339
47227|0x66b3|1|377612
47227|0x266b3|2|2010959
47227|0x266b3|3|1803669
47227|0xa66b3|4|3805498
47227|0x1a66b3|5|7477076
47227|0x1a66b3|6|15225108
47227|0x1a66b3|7|30433439
47227|0x9a66b3|8|60895376
47227|0x9a66b3|9|121641495
47227|0x9a66b3|10|222803349
47227|0x49a66b3|11|488006205
47227|0x49a66b3|12|972577976
47227|0x149a66b3|13|1952891070
47227|0x349a66b3|14|3723601851
47227|0x749a66b3|15|7275449919
47227|0x749a66b3|16|15168488238
47227|0x1749a66b3|17|27205560334
47227|0x3749a66b3|18|71186141367
47227|0x3749a66b3|19|142763137177
47227|0xb749a66b3|20|230660481398
47227|0x1b749a66b3|21|550960653304
47227|0x1b749a66b3|22|1188550478619
47227|0x1b749a66b3|23|2271551879018
47227|0x1b749a66b3|24|4584139345446
47229|0x80d5|1|253077
47229|0x80d5|2|551494
47229|0x80d5|3|1369735
47229|0x880d5|4|2612415
47229|0x880d5|5|5262400
47229|0x880d5|6|12917843
47229|0x4880d5|7|30501499
47229|0x4880d5|8|55818486
47229|0x4880d5|9|109322589
47229|0x4880d5|10|217730224
47229|0x4880d5|11|431434636
47229|0x4880d5|12|832232260
47229|0x4880d5|13|1875831718
47229|0x4880d5|14|5132159236
47229|0x404880d5|15|10169006870
47229|0xc04880d5|16|20358098581
47229|0xc04880d5|17|37581378842
47229|0x2c04880d5|18|82890897332
47229|0x6c04880d5|19|163041234606
47229|0x6c04880d5|20|279410615200
47229|0x6c04880d5|21|564530944996
47229|0x6c04880d5|22|1158236061363
47229|0x6c04880d5|23|2156927142361
47229|0x86c04880d5|24|4070900277825
47231|0x1077f|1|239212
47231|0x3077f|2|560787
47231|0x7077f|3|1395969
47231|0x7077f|4|2581585
47231|0x7077f|5|5317492
47231|0x27077f|6|15203909
47231|0x67077f|7|23384061
47231|0xe7077f|8|53431156
47231|0xe7077f|9|114357514
47231|0xe7077f|10|215962798
47231|0xe7077f|11|425033996
47231|0xe7077f|12|938416156
47231|0xe7077f|13|1817245542
47231|0xe7077f|14|3434386149
47231|0xe7077f|15|6678862564
47231|0x80e7077f|16|14536420769
47231|0x80e7077f|17|42361328117
47231|0x280e7077f|18|65358715726
47231|0x680e7077f|19|113392881991
47231|0x680e7077f|20|227521808711
47231|0x680e7077f|21|450909323644
47231|0x2680e7077f|22|972198220202
47231|0x6680e7077f|23|1809339602923
47231|0xe680e7077f|24|3608801124615
47233|0x18781|1|389858
47233|0x38781|2|786987
47233|0x78781|3|1792926
47233|0x78781|4|3724780
47233|0x178781|5|7617847
47233|0x178781|6|15183122
47233|0x578781|7|30393229
47233|0xd78781|8|60829183
47233|0xd78781|9|108476206
47233|0x2d78781|10|243534851
47233|0x2d78781|11|518981022
47233|0xad78781|12|973465023
47233|0xad78781|13|1919080886
47233|0x2ad78781|14|3984451284
47233|0x2ad78781|15|7098236429
47233|0xaad78781|16|13833536081
47233|0x1aad78781|17|27426139509
47233|0x3aad78781|18|59548397085
47233|0x7aad78781|19|102769852474
47233|0xfaad78781|20|227309632413
47233|0x1faad78781|21|463224576798
47233|0x1faad78781|22|940631917569
47233|0x5faad78781|23|1887063533397
47233|0x5faad78781|24|3667367594783
47235|0x1562b|1|441774
47235|0x3562b|2|894486
47235|0x7562b|3|1822163
47235|0x7562b|4|3720906
47235|0x17562b|5|7484397
47235|0x37562b|6|15035820
47235|0x77562b|7|25386250
47235|0x77562b|8|51161194
47235|0x177562b|9|146570787
47235|0x377562b|10|224504977
47235|0x777562b|11|471483012
47235|0xf77562b|12|851308146
47235|0x1f77562b|13|1638823685
47235|0x3f77562b|14|3359494331
47235|0x7f77562b|15|6749597662
47235|0x7f77562b|16|14017384054
47235|0x17f77562b|17|27579731699
47235|0x37f77562b|18|56664632227
47235|0x37f77562b|19|114438421138
47235|0xb7f77562b|20|229346782606
47235|0xb7f77562b|21|514074563149
47235|0xb7f77562b|22|953994010614
47235|0xb7f77562b|23|2244704377782
47235|0x8b7f77562b|24|3661483482120
47237|0x804d|1|417731
47237|0x2804d|2|815180
47237|0x6804d|3|1776051
47237|0xe804d|4|3804344
47237|0xe804d|5|7445654
47237|0xe804d|6|15290005
47237|0x4e804d|7|30351922
47237|0x4e804d|8|60475012
47237|0x14e804d|9|122425176
47237|0x34e804d|10|243784567
47237|0x74e804d|11|486523258
47237|0xf4e804d|12|971140982
47237|0xf4e804d|13|1930594445
47237|0x2f4e804d|14|4811813306
47237|0x2f4e804d|15|6927686540
47237|0x2f4e804d|16|16738523081
47237|0x12f4e804d|17|34788207267
47237|0x32f4e804d|18|54494657416
47237|0x32f4e804d|19|125427781014
47237|0xb2f4e804d|20|285678512493
47237|0x1b2f4e804d|21|448772858346
47237|0x3b2f4e804d|22|963599013648
47237|0x7b2f4e804d|23|1888894165077
47237|0x7b2f4e804d|24|4326407368712
47239|0x8d37|1|401052
47239|0x28d37|2|885828
47239|0x28d37|3|1944647
47239|0xa8d37|4|3647694
47239|0x1a8d37|5|7651542
47239|0x1a8d37|6|11004932
47239|0x1a8d37|7|27153015
47239|0x9a8d37|8|49830358
47239|0x19a8d37|9|114441064
47239|0x39a8d37|10|205165950
47239|0x79a8d37|11|469244381
47239|0xf9a8d37|12|974461793
47239|0x1f9a8d37|13|1894915253
47239|0x1f9a8d37|14|3331167878
47239|0x5f9a8d37|15|6834127714
47239|0xdf9a8d37|16|14057626335
47239|0x1df9a8d37|17|30403239705
47239|0x1df9a8d37|18|61734131036
47239|0x5df9a8d37|19|120766525191
47239|0x5df9a8d37|20|242297561132
47239|0x15df9a8d37|21|484581113112
47239|0x15df9a8d37|22|929538428904
47239|0x55df9a8d37|23|1934020079235
47239|0x55df9a8d37|24|4067139604679
47241|0x3db9|1|381396
47241|0x23db9|2|787341
47241|0x23db9|3|1680489
47241|0x23db9|4|3827605
47241|0x123db9|5|7457792
47241|0x323db9|6|15211636
47241|0x723db9|7|30532671
47241|0xf23db9|8|60567893
47241|0xf23db9|9|121966782
47241|0x2f23db9|10|244290154
47241|0x2f23db9|11|467143244
47241|0x2f23db9|12|865837576
47241|0x12f23db9|13|1904444285
47241|0x12f23db9|14|3637107256
47241|0x52f23db9|15|7067842498
47241|0xd2f23db9|16|14010542824
47241|0x1d2f23db9|17|28147735429
47241|0x1d2f23db9|18|57977419627
47241|0x1d2f23db9|19|130598460524
47241|0x9d2f23db9|20|240299625873
47241|0x9d2f23db9|21|530429364769
47241|0x29d2f23db9|22|1099553139933
47241|0x29d2f23db9|23|2115740834880
47241|0x29d2f23db9|24|3806510935705
47243|0x1ef23|1|361649
47243|0x3ef23|2|848612
47243|0x7ef23|3|1946433
47243|0x7ef23|4|3653337
47243|0x17ef23|5|7665642
47243|0x37ef23|6|13894901
47243|0x77ef23|7|24434688
47243|0x77ef23|8|51881576
47243|0x177ef23|9|106946101
47243|0x177ef23|10|225384322
47243|0x177ef23|11|435727514
47243|0x177ef23|12|858801323
47243|0x177ef23|13|1917284260
47243|0x177ef23|14|3836870644
47243|0x177ef23|15|6792551545
47243|0x177ef23|16|14159164962
47243|0x10177ef23|17|27720392685
47243|0x30177ef23|18|55380739643
47243|0x30177ef23|19|122105982334
47243|0x30177ef23|20|294897167013
47243|0x130177ef23|21|479144487301
47243|0x330177ef23|22|913947294164
47243|0x730177ef23|23|1927537335538
47243|0xf30177ef23|24|3970517820755
47245|0x1ca45|1|362040
47245|0x3ca45|2|831921
47245|0x3ca45|3|1781787
47245|0xbca45|4|3779980
47245|0xbca45|5|7595085
47245|0x2bca45|6|15134229
47245|0x2bca45|7|30369895
47245|0xabca45|8|53521542
47245|0xabca45|9|179545375
47245|0xabca45|10|216460557
47245|0xabca45|11|396735086
47245|0x8abca45|12|874393211
47245|0x8abca45|13|1894353954
47245|0x8abca45|14|3913363042
47245|0x48abca45|15|9013879180
47245|0xc8abca45|16|13536076153
47245|0xc8abca45|17|28034294960
47245|0x2c8abca45|18|65264855467
47245|0x6c8abca45|19|134718032728
47245|0xec8abca45|20|242940916851
47245|0xec8abca45|21|500235463334
47245|0x2ec8abca45|22|922874824353
47245|0x2ec8abca45|23|1884588176444
47245|0x2ec8abca45|24|3732285199448
47247|0x1666f|1|427315
47247|0x1666f|2|926376
47247|0x1666f|3|1923448
47247|0x9666f|4|3741011
47247|0x9666f|5|7621007
47247|0x29666f|6|15360401
47247|0x69666f|7|30709384
47247|0xe9666f|8|61037556
47247|0xe9666f|9|123035665
47247|0xe9666f|10|244188423
47247|0x4e9666f|11|654583446
47247|0x4e9666f|12|1197511227
47247|0x4e9666f|13|2012816646
47247|0x4e9666f|14|3936607527
47247|0x4e9666f|15|7841550388
47247|0x84e9666f|16|13875026450
47247|0x84e9666f|17|26935155037
47247|0x284e9666f|18|56447337237
47247|0x284e9666f|19|143051116699
47247|0x284e9666f|20|284884393447
47247|0x1284e9666f|21|551253458714
47247|0x3284e9666f|22|1145216502902
47247|0x7284e9666f|23|2090144856036
47247|0xf284e9666f|24|3646208338761
47249|0x871|1|358447
47249|0x20871|2|791678
47249|0x20871|3|1803305
47249|0xa0871|4|3761833
47249|0xa0871|5|7601072
47249|0xa0871|6|15002639
47249|0x4a0871|7|30143803
47249|0x4a0871|8|51103657
47249|0x4a0871|9|91910712
47249|0x4a0871|10|162232694
47249|0x4a0871|11|345910590
47249|0x4a0871|12|783229453
47249|0x4a0871|13|1424817367
47249|0x204a0871|14|2968566365
47249|0x204a0871|15|6484026107
47249|0xa04a0871|16|13236419366
47249|0xa04a0871|17|28405340144
47249|0xa04a0871|18|57112860840
47249|0xa04a0871|19|119165668182
47249|0xa04a0871|20|260770738295
47249|0x10a04a0871|21|544928304489
47249|0x30a04a0871|22|1100084889128
47249|0x70a04a0871|23|2263165303596
47249|0x70a04a0871|24|4568595456467
47251|0x1259b|1|361968
47251|0x1259b|2|2036094
47251|0x1259b|3|1837429
47251|0x1259b|4|3841249
47251|0x11259b|5|8943858
47251|0x31259b|6|25530184
47251|0x71259b|7|50813243
47251|0x71259b|8|78945573
47251|0x71259b|9|160427924
47251|0x71259b|10|301236948
47251|0x471259b|11|621431142
47251|0x471259b|12|1231983282
47251|0x471259b|13|2218591692
47251|0x2471259b|14|3723141676
47251|0x6471259b|15|6977817582
47251|0x6471259b|16|15727380599
47251|0x16471259b|17|29118050757
47251|0x36471259b|18|57034551853
47251|0x76471259b|19|116412473776
47251|0x76471259b|20|237659901269
47251|0x176471259b|21|546908199202
47251|0x376471259b|22|1053103557498
47251|0x376471259b|23|1995402074572
47251|0x376471259b|24|4526430673588
47253|0x52bd|1|401037
47253|0x52bd|2|945245
47253|0x52bd|3|2150925
47253|0x852bd|4|4402906
47253|0x1852bd|5|12065068
47253|0x3852bd|6|25323704
47253|0x7852bd|7|45984519
47253|0xf852bd|8|94789563
47253|0xf852bd|9|186052809
47253|0xf852bd|10|364291721
47253|0x4f852bd|11|745564752
47253|0x4f852bd|12|1531473241
47253|0x4f852bd|13|2521649417
47253|0x24f852bd|14|5055763336
47253|0x24f852bd|15|10087240190
47253|0x24f852bd|16|19063895100
47253|0x24f852bd|17|31708818102
47253|0x24f852bd|18|63361308461
47253|0x24f852bd|19|136037586617
47253|0x824f852bd|20|283154804198
47253|0x1824f852bd|21|538304935649
47253|0x3824f852bd|22|1186469930518
47253|0x7824f852bd|23|1879048809219
47253|0xf824f852bd|24|3464712716610
47255|0x4727|1|394667
47255|0x24727|2|787313
47255|0x64727|3|1738284
47255|0xe4727|4|2822403
47255|0x1e4727|5|5196128
47255|0x1e4727|6|12929549
47255|0x1e4727|7|22426526
47255|0x1e4727|8|41214710
47255|0x11e4727|9|94639150
47255|0x11e4727|10|201071738
47255|0x51e4727|11|397204455
47255|0xd1e4727|12|764904961
47255|0xd1e4727|13|1543145691
47255|0xd1e4727|14|3056668362
47255|0xd1e4727|15|5899877063
47255|0x8d1e4727|16|14599723389
47255|0x18d1e4727|17|24538814270
47255|0x18d1e4727|18|49151027939
47255|0x18d1e4727|19|108504227380
47255|0x98d1e4727|20|249389550324
47255|0x198d1e4727|21|432146387702
47255|0x198d1e4727|22|978317023769
47255|0x198d1e4727|23|2201931128088
47255|0x998d1e4727|24|4344797567378
47257|0x1ba9|1|410456
47257|0x21ba9|2|894652
47257|0x61ba9|3|1893244
47257|0xe1ba9|4|3655322
47257|0x1e1ba9|5|7516380
47257|0x3e1ba9|6|14294515
47257|0x3e1ba9|7|24244504
47257|0x3e1ba9|8|51957707
47257|0x13e1ba9|9|112356928
47257|0x33e1ba9|10|213198495
47257|0x73e1ba9|11|463764219
47257|0xf3e1ba9|12|1236640419
47257|0xf3e1ba9|13|2479098928
47257|0xf3e1ba9|14|4884727280
47257|0x4f3e1ba9|15|9770377002
47257|0x4f3e1ba9|16|18666472471
47257|0x4f3e1ba9|17|29232199923
47257|0x4f3e1ba9|18|60941738383
47257|0x44f3e1ba9|19|114761451377
47257|0xc4f3e1ba9|20|244321725014
47257|0x1c4f3e1ba9|21|506793843153
47257|0x3c4f3e1ba9|22|975793788024
47257|0x3c4f3e1ba9|23|1841267621806
47257|0x3c4f3e1ba9|24|3598764591791
47259|0x6d93|1|358003
47259|0x6d93|2|892148
47259|0x46d93|3|1687413
47259|0x46d93|4|3563741
47259|0x146d93|5|7138449
47259|0x346d93|6|14291990
47259|0x346d93|7|53103657
47259|0xb46d93|8|108112961
47259|0xb46d93|9|126551555
47259|0xb46d93|10|284357462
47259|0x4b46d93|11|599477196
47259|0xcb46d93|12|1198829529
47259|0xcb46d93|13|2354584166
47259|0x2cb46d93|14|4719863050
47259|0x6cb46d93|15|8406153810
47259|0xecb46d93|16|14604571797
47259|0x1ecb46d93|17|34143240796
47259|0x1ecb46d93|18|75386725387
47259|0x5ecb46d93|19|155793728700
47259|0xdecb46d93|20|282350554075
47259|0x1decb46d93|21|569103501084
47259|0x1decb46d93|22|1031212634628
47259|0x5decb46d93|23|2356682786198
47259|0x5decb46d93|24|3930283595703
47261|0x18db5|1|274456
47261|0x38db5|2|556027
47261|0x38db5|3|1205519
47261|0xb8db5|4|2582539
47261|0x1b8db5|5|5193345
47261|0x1b8db5|6|10427915
47261|0x5b8db5|7|20015715
47261|0x5b8db5|8|51203810
47261|0x5b8db5|9|101513131
47261|0x25b8db5|10|197384063
47261|0x25b8db5|11|397242443
47261|0x25b8db5|12|786002735
47261|0x25b8db5|13|1554766455
47261|0x25b8db5|14|3010439861
47261|0x425b8db5|15|5881132273
47261|0xc25b8db5|16|12216405941
47261|0x1c25b8db5|17|24912906500
47261|0x3c25b8db5|18|63722202642
47261|0x3c25b8db5|19|123800382438
47261|0x3c25b8db5|20|217607568965
47261|0x3c25b8db5|21|451037127607
47261|0x3c25b8db5|22|902341359897
47261|0x3c25b8db5|23|1716793217789
47261|0x3c25b8db5|24|4107939395026
47263|0x635f|1|222436
47263|0x2635f|2|542268
47263|0x2635f|3|1694526
47263|0xa635f|4|3514661
47263|0xa635f|5|7111907
47263|0x2a635f|6|14368645
47263|0x6a635f|7|20054886
47263|0xea635f|8|48806481
47263|0x1ea635f|9|93894956
47263|0x1ea635f|10|251145162
47263|0x1ea635f|11|602794437
47263|0x9ea635f|12|1199594631
47263|0x9ea635f|13|2325631077
47263|0x29ea635f|14|4748599769
47263|0x29ea635f|15|7392844564
47263|0xa9ea635f|16|20959554385
47263|0xa9ea635f|17|28485298136
47263|0x2a9ea635f|18|59729026142
47263|0x2a9ea635f|19|112825540613
47263|0xaa9ea635f|20|239717743742
47263|0xaa9ea635f|21|596980603036
47263|0xaa9ea635f|22|1071384599686
47263|0x4aa9ea635f|23|2129683342087
47263|0xcaa9ea635f|24|3765014501046
47265|0x12b61|1|356763
47265|0x32b61|2|825366
47265|0x72b61|3|1846062
47265|0x72b61|4|3637360
47265|0x172b61|5|5923417
47265|0x172b61|6|11237920
47265|0x572b61|7|30253052
47265|0x572b61|8|51918695
47265|0x572b61|9|110162610
47265|0x2572b61|10|211362243
47265|0x2572b61|11|434289311
47265|0x2572b61|12|1627842004
47265|0x2572b61|13|2366162709
47265|0x22572b61|14|3965584061
47265|0x62572b61|15|7895164446
47265|0xe2572b61|16|15697709111
47265|0x1e2572b61|17|30673925403
47265|0x3e2572b61|18|59656973924
47265|0x3e2572b61|19|108384289955
47265|0x3e2572b61|20|273772821594
47265|0x3e2572b61|21|498672630649
47265|0x23e2572b61|22|1017828841563
47265|0x63e2572b61|23|1934331237679
47265|0xe3e2572b61|24|3975517833201
47267|0x1bb0b|1|636952
47267|0x3bb0b|2|2996119
47267|0x3bb0b|3|1662639
47267|0x3bb0b|4|3509586
47267|0x13bb0b|5|7083237
47267|0x13bb0b|6|14164235
47267|0x13bb0b|7|28404470
47267|0x13bb0b|8|57064156
47267|0x113bb0b|9|170819574
47267|0x313bb0b|10|362784988
47267|0x713bb0b|11|537287086
47267|0x713bb0b|12|774779041
47267|0x1713bb0b|13|1530044993
47267|0x3713bb0b|14|3701393355
47267|0x7713bb0b|15|7604792820
47267|0x7713bb0b|16|14566027335
47267|0x7713bb0b|17|28219562306
47267|0x27713bb0b|18|53920993899
47267|0x27713bb0b|19|156612177721
47267|0xa7713bb0b|20|276271762375
47267|0xa7713bb0b|21|537604361794
47267|0xa7713bb0b|22|1045977780964
47267|0x4a7713bb0b|23|2054520326817
47267|0x4a7713bb0b|24|3952045514504
47269|0x6f2d|1|361718
47269|0x6f2d|2|1784592
47269|0x6f2d|3|1975274
47269|0x6f2d|4|3632267
47269|0x106f2d|5|7365710
47269|0x106f2d|6|13818449
47269|0x106f2d|7|20616201
47269|0x906f2d|8|58172391
47269|0x1906f2d|9|120696352
47269|0x3906f2d|10|212007194
47269|0x7906f2d|11|481689428
47269|0x7906f2d|12|793948477
47269|0x17906f2d|13|1508474970
47269|0x17906f2d|14|3315809877
47269|0x17906f2d|15|6003260433
47269|0x17906f2d|16|16286010198
47269|0x117906f2d|17|25956423141
47269|0x117906f2d|18|48951328645
47269|0x517906f2d|19|116939326907
47269|0xd17906f2d|20|273319657837
47269|0xd17906f2d|21|431651599121
47269|0x2d17906f2d|22|910000742085
47269|0x2d17906f2d|23|1906402674631
47269|0x2d17906f2d|24|3590927271864
47271|0x16f17|1|362246
47271|0x16f17|2|815365
47271|0x16f17|3|1933057
47271|0x96f17|4|3625660
47271|0x96f17|5|7692687
47271|0x96f17|6|11879938
47271|0x96f17|7|26443199
47271|0x96f17|8|60814833
47271|0x96f17|9|122168770
47271|0x2096f17|10|248276175
47271|0x6096f17|11|483703870
47271|0xe096f17|12|929914115
47271|0x1e096f17|13|1728764247
47271|0x3e096f17|14|3810105792
47271|0x7e096f17|15|7572975945
47271|0x7e096f17|16|18396220910
47271|0x17e096f17|17|31033972792
47271|0x17e096f17|18|90056705980
47271|0x17e096f17|19|109788271096
47271|0x17e096f17|20|216036477757
47271|0x117e096f17|21|461149335760
47271|0x117e096f17|22|888698323713
47271|0x117e096f17|23|1760105660008
47271|0x117e096f17|24|3476974664656
47273|0x16b99|1|621121
47273|0x36b99|2|1441619
47273|0x36b99|3|2999844
47273|0xb6b99|4|6285216
47273|0xb6b99|5|12623816
47273|0x2b6b99|6|25350982
47273|0x2b6b99|7|50782119
47273|0x2b6b99|8|101688715
47273|0x2b6b99|9|203583370
47273|0x22b6b99|10|410169045
47273|0x62b6b99|11|814546271
47273|0xe2b6b99|12|2000299426
47273|0x1e2b6b99|13|3264304009
47273|0x3e2b6b99|14|6615480021
47273|0x7e2b6b99|15|10322560156
47273|0xfe2b6b99|16|11898556095
47273|0x1fe2b6b99|17|27805478835
47273|0x1fe2b6b99|18|56890111660
47273|0x1fe2b6b99|19|112842065272
47273|0x1fe2b6b99|20|211262687639
47273|0x1fe2b6b99|21|447116299818
47273|0x1fe2b6b99|22|890805670807
47273|0x1fe2b6b99|23|1893172126212
47273|0x1fe2b6b99|24|3551594900336
47275|0x18203|1|372162
47275|0x18203|2|815248
47275|0x58203|3|1826878
47275|0x58203|4|3702948
47275|0x58203|5|7492450
47275|0x258203|6|15023237
47275|0x258203|7|29925536
47275|0xa58203|8|60552433
47275|0xa58203|9|120896682
47275|0xa58203|10|224006491
47275|0x4a58203|11|424151166
47275|0x4a58203|12|942857166
47275|0x14a58203|13|1570143041
47275|0x14a58203|14|3504413504
47275|0x54a58203|15|6426225529
47275|0xd4a58203|16|11995943604
47275|0x1d4a58203|17|28136715238
47275|0x1d4a58203|18|57572945133
47275|0x1d4a58203|19|109083981388
47275|0x1d4a58203|20|222619186634
47275|0x11d4a58203|21|447040170897
47275|0x11d4a58203|22|928526531844
47275|0x51d4a58203|23|1830937030098
47275|0xd1d4a58203|24|3666410308578
47277|0x16b25|1|396308
47277|0x16b25|2|2043991
47277|0x16b25|3|1791434
47277|0x96b25|4|3789335
47277|0x96b25|5|7448049
47277|0x296b25|6|15257276
47277|0x296b25|7|30536867
47277|0x296b25|8|60806604
47277|0x1296b25|9|103488357
47277|0x3296b25|10|240521602
47277|0x3296b25|11|423711679
47277|0xb296b25|12|953357446
47277|0x1b296b25|13|1903474248
47277|0x3b296b25|14|3341398903
47277|0x7b296b25|15|6929652748
47277|0x7b296b25|16|14684493322
47277|0x17b296b25|17|28672202600
47277|0x37b296b25|18|66107910221
47277|0x37b296b25|19|135080370287
47277|0x37b296b25|20|245767616240
47277|0x37b296b25|21|480317158673
47277|0x237b296b25|22|1136207698418
47277|0x237b296b25|23|2159704242446
47277|0xa37b296b25|24|4385969252736
47279|0x19e4f|1|348352
47279|0x19e4f|2|787306
47279|0x59e4f|3|1681082
47279|0x59e4f|4|3486383
47279|0x59e4f|5|7088191
47279|0x259e4f|6|14321619
47279|0x259e4f|7|28791465
47279|0xa59e4f|8|57735479
47279|0x1a59e4f|9|115277728
47279|0x3a59e4f|10|230630394
47279|0x3a59e4f|11|464952849
47279|0xba59e4f|12|929850406
47279|0xba59e4f|13|1848082190
47279|0xba59e4f|14|3723474147
47279|0xba59e4f|15|7410365166
47279|0xba59e4f|16|14822969041
47279|0x10ba59e4f|17|28853422316
47279|0x30ba59e4f|18|58381396301
47279|0x70ba59e4f|19|121619722963
47279|0x70ba59e4f|20|263303656650
47279|0x170ba59e4f|21|588088782884
47279|0x370ba59e4f|22|1180702264140
47279|0x370ba59e4f|23|2502394028188
47279|0x370ba59e4f|24|5033626083018
47281|0x9051|1|694595
47281|0x29051|2|1486694
47281|0x29051|3|3088939
47281|0x29051|4|6294528
47281|0x29051|5|12738192
47281|0x29051|6|19125395
47281|0x29051|7|60225706
47281|0x829051|8|94139371
47281|0x829051|9|184322322
47281|0x2829051|10|363694716
47281|0x6829051|11|729769836
47281|0xe829051|12|1403055289
47281|0xe829051|13|2813882505
47281|0x2e829051|14|5672882498
47281|0x2e829051|15|8927287314
47281|0x2e829051|16|18763422608
47281|0x2e829051|17|41847282328
47281|0x22e829051|18|60998463036
47281|0x22e829051|19|118721355233
47281|0x22e829051|20|243408013768
47281|0x122e829051|21|586536174021
47281|0x122e829051|22|1171756517162
47281|0x122e829051|23|2293669442050
47281|0x122e829051|24|4372343431859
47283|0xb67b|1|345874
47283|0xb67b|2|787447
47283|0xb67b|3|1694117
47283|0x8b67b|4|3794592
47283|0x8b67b|5|5531853
47283|0x8b67b|6|10486439
47283|0x48b67b|7|29811973
47283|0x48b67b|8|51262022
47283|0x48b67b|9|106889090
47283|0x248b67b|10|201359516
47283|0x648b67b|11|436018411
47283|0xe48b67b|12|876163520
47283|0xe48b67b|13|1811929150
47283|0xe48b67b|14|3506735212
47283|0x4e48b67b|15|6655653279
47283|0x4e48b67b|16|13139754150
47283|0x14e48b67b|17|27472210968
47283|0x34e48b67b|18|52962720994
47283|0x74e48b67b|19|135912444655
47283|0x74e48b67b|20|220253175300
47283|0x74e48b67b|21|480559433695
47283|0x274e48b67b|22|948580558052
47283|0x674e48b67b|23|2135303949286
47283|0xe74e48b67b|24|4107409317760
47285|0x759d|1|276172
47285|0x759d|2|511411
47285|0x4759d|3|1205637
47285|0x4759d|4|2464511
47285|0x14759d|5|4911189
47285|0x14759d|6|12017921
47285|0x14759d|7|28549009
47285|0x14759d|8|56639834
47285|0x114759d|9|102169850
47285|0x114759d|10|205601648
47285|0x114759d|11|374804203
47285|0x914759d|12|793079853
47285|0x914759d|13|2335192744
47285|0x2914759d|14|5966941728
47285|0x6914759d|15|13078891170
47285|0x6914759d|16|26162308425
47285|0x16914759d|17|32462157987
47285|0x36914759d|18|58125525148
47285|0x36914759d|19|134823027402
47285|0x36914759d|20|294823133142
47285|0x136914759d|21|555604462173
47285|0x136914759d|22|1281417112847
47285|0x536914759d|23|2407734300683
47285|0xd36914759d|24|5234659820955
47287|0x1a507|1|682373
47287|0x3a507|2|1455774
47287|0x3a507|3|3085473
47287|0xba507|4|6314220
47287|0x1ba507|5|12693008
47287|0x3ba507|6|25552203
47287|0x7ba507|7|51197007
47287|0x7ba507|8|102492770
47287|0x17ba507|9|204988396
47287|0x37ba507|10|407005643
47287|0x77ba507|11|814545065
47287|0xf7ba507|12|1629446795
47287|0x1f7ba507|13|3258746555
47287|0x3f7ba507|14|6568197713
47287|0x7f7ba507|15|13100227765
47287|0x7f7ba507|16|26119043251
47287|0x7f7ba507|17|52307971847
47287|0x7f7ba507|18|101031575077
47287|0x47f7ba507|19|206023657824
47287|0xc7f7ba507|20|411994376473
47287|0x1c7f7ba507|21|708852832767
47287|0x1c7f7ba507|22|1060831794654
47287|0x1c7f7ba507|23|2175631751449
47287|0x1c7f7ba507|24|4175225191325
47289|0x1cd89|1|435607
47289|0x1cd89|2|927182
47289|0x1cd89|3|1826308
47289|0x9cd89|4|3713160
47289|0x19cd89|5|5986356
47289|0x39cd89|6|10467746
47289|0x39cd89|7|29229371
47289|0xb9cd89|8|60730552
47289|0xb9cd89|9|121155018
47289|0x2b9cd89|10|231999502
47289|0x6b9cd89|11|481193599
47289|0xeb9cd89|12|915713299
47289|0x1eb9cd89|13|1836969499
47289|0x1eb9cd89|14|3757300233
47289|0x5eb9cd89|15|6753688726
47289|0x5eb9cd89|16|14583179517
47289|0x5eb9cd89|17|27915654653
47289|0x25eb9cd89|18|53925460284
47289|0x65eb9cd89|19|111202521130
47289|0x65eb9cd89|20|213989675276
47289|0x165eb9cd89|21|453755950418
47289|0x165eb9cd89|22|918829021456
47289|0x565eb9cd89|23|1810484802430
47289|0xd65eb9cd89|24|3659666247524
47291|0xcc73|1|358042
47291|0xcc73|2|875632
47291|0xcc73|3|1840311
47291|0x8cc73|4|3689722
47291|0x8cc73|5|7344861
47291|0x28cc73|6|15177694
47291|0x68cc73|7|29846675
47291|0xe8cc73|8|59486685
47291|0x1e8cc73|9|119731233
47291|0x1e8cc73|10|216268662
47291|0x1e8cc73|11|430637278
47291|0x9e8cc73|12|925162459
47291|0x19e8cc73|13|1504098079
47291|0x19e8cc73|14|3469239913
47291|0x59e8cc73|15|6227523342
47291|0x59e8cc73|16|14073131245
47291|0x159e8cc73|17|28257110970
47291|0x159e8cc73|18|54252387010
47291|0x559e8cc73|19|113288309094
47291|0xd59e8cc73|20|212210829619
47291|0xd59e8cc73|21|460338229305
47291|0x2d59e8cc73|22|933413083858
47291|0x6d59e8cc73|23|2150967326381
47291|0xed59e8cc73|24|4564539526789
47293|0x10295|1|386069
47293|0x30295|2|1110982
47293|0x70295|3|1681080
47293|0xf0295|4|3487335
47293|0x1f0295|5|7078262
47293|0x1f0295|6|14116993
47293|0x5f0295|7|23620961
47293|0x5f0295|8|48495294
47293|0x5f0295|9|98516290
47293|0x5f0295|10|190386915
47293|0x5f0295|11|389317124
47293|0x5f0295|12|806409519
47293|0x105f0295|13|2337567133
47293|0x305f0295|14|4569400767
47293|0x305f0295|15|10550336784
47293|0x305f0295|16|15967806956
47293|0x305f0295|17|34974193249
47293|0x305f0295|18|72682600083
47293|0x305f0295|19|145106591228
47293|0x8305f0295|20|287538718347
47293|0x18305f0295|21|575002844017
47293|0x38305f0295|22|1085801764066
47293|0x78305f0295|23|1815767155680
47293|0xf8305f0295|24|3629097910411
47295|0xb73f|1|637318
47295|0x2b73f|2|3172251
47295|0x6b73f|3|3099126
47295|0xeb73f|4|6291336
47295|0x1eb73f|5|12755171
47295|0x3eb73f|6|20338458
47295|0x3eb73f|7|35053142
47295|0xbeb73f|8|79269509
47295|0xbeb73f|9|154750385
47295|0x2beb73f|10|358141471
47295|0x2beb73f|11|746599447
47295|0x2beb73f|12|909913293
47295|0x2beb73f|13|2434265892
47295|0x22beb73f|14|5566744935
47295|0x22beb73f|15|11339736797
47295|0x22beb73f|16|17453357656
47295|0x122beb73f|17|24159449304
47295|0x322beb73f|18|52369983923
47295|0x322beb73f|19|114449567563
47295|0x322beb73f|20|251421065834
47295|0x1322beb73f|21|562744546231
47295|0x1322beb73f|22|1037029844248
47295|0x5322beb73f|23|2256961972908
47295|0x5322beb73f|24|4624024024803
47297|0x1d741|1|347256
47297|0x3d741|2|787344
47297|0x7d741|3|1695911
47297|0x7d741|4|3481571
47297|0x7d741|5|7295379
47297|0x27d741|6|14366419
47297|0x67d741|7|28813538
47297|0x67d741|8|57974374
47297|0x167d741|9|115811274
47297|0x367d741|10|231742680
47297|0x767d741|11|463706485
47297|0xf67d741|12|927737074
47297|0xf67d741|13|1856990853
47297|0xf67d741|14|3731423420
47297|0x4f67d741|15|13073745190
47297|0xcf67d741|16|26161937831
47297|0x1cf67d741|17|51331193844
47297|0x1cf67d741|18|85299427230
47297|0x1cf67d741|19|195196816589
47297|0x1cf67d741|20|310962676929
47297|0x11cf67d741|21|521497059714
47297|0x11cf67d741|22|1079144541237
47297|0x11cf67d741|23|2146813555328
47297|0x91cf67d741|24|4334093530870
47299|0x1b7eb|1|350285
47299|0x1b7eb|2|911216
47299|0x1b7eb|3|1881478
47299|0x1b7eb|4|3637466
47299|0x1b7eb|5|7534062
47299|0x1b7eb|6|15104177
47299|0x1b7eb|7|30302394
47299|0x81b7eb|8|55681340
47299|0x181b7eb|9|107783032
47299|0x381b7eb|10|221157854
47299|0x381b7eb|11|411916528
47299|0xb81b7eb|12|868387371
47299|0xb81b7eb|13|1726432774
47299|0xb81b7eb|14|3829054236
47299|0xb81b7eb|15|5904633402
47299|0xb81b7eb|16|14914797669
47299|0xb81b7eb|17|29828817897
47299|0x20b81b7eb|18|55993132800
47299|0x60b81b7eb|19|143881197762
47299|0x60b81b7eb|20|318249121680
47299|0x60b81b7eb|21|486080959944
47299|0x260b81b7eb|22|1083118804937
47299|0x660b81b7eb|23|2097009763154
47299|0x660b81b7eb|24|4086243662966
47301|0x60d|1|253896
47301|0x2060d|2|581316
47301|0x2060d|3|1370030
47301|0xa060d|4|3563108
47301|0x1a060d|5|7570742
47301|0x3a060d|6|14985747
47301|0x3a060d|7|30119953
47301|0x3a060d|8|52340902
47301|0x13a060d|9|110251907
47301|0x33a060d|10|224458249
47301|0x33a060d|11|485431342
47301|0x33a060d|12|832628762
47301|0x133a060d|13|1770642818
47301|0x133a060d|14|3472458214
47301|0x133a060d|15|7078155905
47301|0x933a060d|16|14545953154
47301|0x1933a060d|17|27489196208
47301|0x1933a060d|18|55735684284
47301|0x1933a060d|19|113149593770
47301|0x9933a060d|20|230556782074
47301|0x19933a060d|21|555435507089
47301|0x19933a060d|22|1165383748749
47301|0x19933a060d|23|2311806897479
47301|0x99933a060d|24|4550315853583
