40963|0x10aab|1|672491
40963|0x30aab|2|1462038
40963|0x70aab|3|3059616
40963|0x70aab|4|6166602
40963|0x70aab|5|24536032
40963|0x70aab|6|25139854
40963|0x470aab|7|102868948
40963|0xc70aab|8|99798073
40963|0x1c70aab|9|200685311
40963|0x1c70aab|10|401305384
40963|0x5c70aab|11|803821818
40963|0xdc70aab|12|1808992741
40963|0x1dc70aab|13|3211881697
40963|0x1dc70aab|14|6477401363
40963|0x5dc70aab|15|12751419485
40963|0xddc70aab|16|25432912326
40963|0x1ddc70aab|17|49853835249
40963|0x3ddc70aab|18|100149285622
40963|0x3ddc70aab|19|199305462060
40963|0xbddc70aab|20|398564376454
40963|0xbddc70aab|21|801440103949
40963|0xbddc70aab|22|1608269387614
40963|0x4bddc70aab|23|3196675167413
40963|0xcbddc70aab|24|5499552227650
40965|0x12ccd|1|352490
40965|0x32ccd|2|829105
40965|0x32ccd|3|1688957
40965|0x32ccd|4|3455024
40965|0x132ccd|5|7197073
40965|0x332ccd|6|14206294
40965|0x332ccd|7|28467700
40965|0x332ccd|8|57244999
40965|0x1332ccd|9|113158217
40965|0x3332ccd|10|260351241
40965|0x7332ccd|11|447210181
40965|0x7332ccd|12|911908383
40965|0x7332ccd|13|1819222961
40965|0x27332ccd|14|3657143401
40965|0x67332ccd|15|8086383378
40965|0x67332ccd|16|14602190527
40965|0x67332ccd|17|29481790625
40965|0x267332ccd|18|56940572554
40965|0x667332ccd|19|117042452515
40965|0x667332ccd|20|229219379170
40965|0x667332ccd|21|462454734003
40965|0x2667332ccd|22|926899681654
40965|0x6667332ccd|23|1831147181849
40965|0xe667332ccd|24|3643703070164
40967|0xcdb7|1|406009
40967|0xcdb7|2|864740
40967|0xcdb7|3|1688782
40967|0x8cdb7|4|3447837
40967|0x18cdb7|5|7200669
40967|0x18cdb7|6|14180668
40967|0x58cdb7|7|28339293
40967|0x58cdb7|8|56321382
40967|0x158cdb7|9|113151922
40967|0x358cdb7|10|228055477
40967|0x358cdb7|11|432638853
40967|0xb58cdb7|12|904039837
40967|0x1b58cdb7|13|2350420433
40967|0x1b58cdb7|14|3651894502
40967|0x5b58cdb7|15|7283187895
40967|0x5b58cdb7|16|14563099497
40967|0x5b58cdb7|17|29063533343
40967|0x25b58cdb7|18|58092125442
40967|0x25b58cdb7|19|115565381062
40967|0xa5b58cdb7|20|233773430267
40967|0xa5b58cdb7|21|464857393339
40967|0x2a5b58cdb7|22|918668987981
40967|0x6a5b58cdb7|23|1826175193225
40967|0x6a5b58cdb7|24|4717734537579
40969|0xee39|1|601991
40969|0xee39|2|1428647
40969|0x4ee39|3|2988172
40969|0x4ee39|4|6080579
40969|0x14ee39|5|12264652
40969|0x34ee39|6|24702687
40969|0x74ee39|7|49502691
40969|0x74ee39|8|100104072
40969|0x174ee39|9|199652411
40969|0x374ee39|10|399934895
40969|0x774ee39|11|801862555
40969|0xf74ee39|12|1587334117
40969|0xf74ee39|13|3176384594
40969|0x2f74ee39|14|6383716702
40969|0x6f74ee39|15|12768463218
40969|0x6f74ee39|16|25533709808
40969|0x16f74ee39|17|50734650217
40969|0x36f74ee39|18|99992420850
40969|0x36f74ee39|19|199639596664
40969|0xb6f74ee39|20|401348324935
40969|0x1b6f74ee39|21|802295064256
40969|0x3b6f74ee39|22|1601126786027
40969|0x7b6f74ee39|23|2549801059856
40969|0x7b6f74ee39|24|4117784863296
40971|0xeba3|1|375544
40971|0xeba3|2|813551
40971|0xeba3|3|1697281
40971|0xeba3|4|3702843
40971|0x10eba3|5|7359768
40971|0x10eba3|6|14783540
40971|0x10eba3|7|29691715
40971|0x10eba3|8|59494668
40971|0x10eba3|9|118880890
40971|0x10eba3|10|238007955
40971|0x410eba3|11|582294935
40971|0x410eba3|12|1009454028
40971|0x410eba3|13|1911875926
40971|0x410eba3|14|3937658425
40971|0x4410eba3|15|7666758185
40971|0xc410eba3|16|15386895196
40971|0x1c410eba3|17|29974268692
40971|0x3c410eba3|18|60479329441
40971|0x7c410eba3|19|121791829296
40971|0x7c410eba3|20|245536256906
40971|0x7c410eba3|21|486195646592
40971|0x27c410eba3|22|967989131822
40971|0x67c410eba3|23|1929520031607
40971|0x67c410eba3|24|3857465392866
40973|0xaec5|1|336188
40973|0xaec5|2|810828
40973|0x4aec5|3|1851637
40973|0xcaec5|4|3565728
40973|0xcaec5|5|7517707
40973|0x2caec5|6|14813132
40973|0x2caec5|7|29703680
40973|0xacaec5|8|59512683
40973|0xacaec5|9|119142555
40973|0x2acaec5|10|238459470
40973|0x2acaec5|11|476830352
40973|0x2acaec5|12|954228598
40973|0x12acaec5|13|1926689024
40973|0x32acaec5|14|3815928207
40973|0x32acaec5|15|7707804083
40973|0xb2acaec5|16|15376811630
40973|0x1b2acaec5|17|30225312809
40973|0x3b2acaec5|18|60185239755
40973|0x7b2acaec5|19|121496236323
40973|0x7b2acaec5|20|242386094302
40973|0x17b2acaec5|21|485812628777
40973|0x37b2acaec5|22|979293074989
40973|0x37b2acaec5|23|1941244720529
40973|0xb7b2acaec5|24|4091149946126
40975|0x4eef|1|389418
40975|0x24eef|2|964885
40975|0x24eef|3|1689077
40975|0xa4eef|4|3811839
40975|0x1a4eef|5|7382302
40975|0x3a4eef|6|14985633
40975|0x7a4eef|7|30091025
40975|0xfa4eef|8|60200437
40975|0xfa4eef|9|119230124
40975|0xfa4eef|10|238653537
40975|0xfa4eef|11|482097283
40975|0xfa4eef|12|933114296
40975|0xfa4eef|13|1912300981
40975|0xfa4eef|14|3826045556
40975|0xfa4eef|15|7685382393
40975|0x80fa4eef|16|15277223512
40975|0x80fa4eef|17|30648507175
40975|0x80fa4eef|18|58630124766
40975|0x480fa4eef|19|120378711123
40975|0x480fa4eef|20|242822393589
40975|0x480fa4eef|21|484843984630
40975|0x2480fa4eef|22|1098656414551
40975|0x6480fa4eef|23|1912325254938
40975|0xe480fa4eef|24|3719078687977
40977|0x50f1|1|398936
40977|0x50f1|2|930957
40977|0x450f1|3|1858282
40977|0x450f1|4|3681467
40977|0x450f1|5|7438387
40977|0x2450f1|6|15061274
40977|0x2450f1|7|32748377
40977|0x2450f1|8|59570224
40977|0x12450f1|9|120551381
40977|0x32450f1|10|238645792
40977|0x32450f1|11|482125207
40977|0xb2450f1|12|964213105
40977|0x1b2450f1|13|1915896430
40977|0x1b2450f1|14|4014904147
40977|0x1b2450f1|15|7675064357
40977|0x9b2450f1|16|15450965580
40977|0x19b2450f1|17|30434050875
40977|0x39b2450f1|18|60460385394
40977|0x79b2450f1|19|120764385273
40977|0xf9b2450f1|20|227308141470
40977|0xf9b2450f1|21|423062279729
40977|0xf9b2450f1|22|904873198817
40977|0xf9b2450f1|23|1930298248445
40977|0xf9b2450f1|24|3650988738232
40979|0x2a1b|1|350053
40979|0x2a1b|2|862117
40979|0x42a1b|3|1919674
40979|0x42a1b|4|3548928
40979|0x42a1b|5|7389305
40979|0x242a1b|6|10376322
40979|0x242a1b|7|27734636
40979|0x242a1b|8|48989624
40979|0x1242a1b|9|94684355
40979|0x1242a1b|10|213569709
40979|0x1242a1b|11|422048904
40979|0x1242a1b|12|829517391
40979|0x11242a1b|13|1612010032
40979|0x31242a1b|14|3226657905
40979|0x71242a1b|15|6365310417
40979|0x71242a1b|16|12963220837
40979|0x171242a1b|17|31147083358
40979|0x371242a1b|18|52779170636
40979|0x371242a1b|19|102591646178
40979|0xb71242a1b|20|237383665290
40979|0x1b71242a1b|21|584161823420
40979|0x1b71242a1b|22|930086043260
40979|0x5b71242a1b|23|2012537718617
40979|0xdb71242a1b|24|3857886263077
40981|0x2f3d|1|332969
40981|0x22f3d|2|800333
40981|0x62f3d|3|1901611
40981|0xe2f3d|4|3586711
40981|0x1e2f3d|5|7567023
40981|0x1e2f3d|6|14985816
40981|0x1e2f3d|7|30035278
40981|0x1e2f3d|8|60043831
40981|0x1e2f3d|9|119920773
40981|0x1e2f3d|10|239925330
40981|0x1e2f3d|11|480606085
40981|0x1e2f3d|12|963294246
40981|0x1e2f3d|13|1924310488
40981|0x201e2f3d|14|3845345898
40981|0x201e2f3d|15|7691655970
40981|0xa01e2f3d|16|15396129957
40981|0xa01e2f3d|17|30052634281
40981|0xa01e2f3d|18|60084268634
40981|0xa01e2f3d|19|120574680755
40981|0xa01e2f3d|20|241415185590
40981|0xa01e2f3d|21|474240219634
40981|0x20a01e2f3d|22|965170289266
40981|0x60a01e2f3d|23|1943662941623
40981|0x60a01e2f3d|24|4084714541910
40983|0x97a7|1|379677
40983|0x297a7|2|930592
40983|0x697a7|3|1909320
40983|0x697a7|4|3622272
40983|0x697a7|5|7477866
40983|0x2697a7|6|15033703
40983|0x6697a7|7|30124953
40983|0x6697a7|8|60170783
40983|0x6697a7|9|119228335
40983|0x6697a7|10|241464515
40983|0x6697a7|11|510584825
40983|0x86697a7|12|1006935571
40983|0x86697a7|13|1928552112
40983|0x286697a7|14|3851069566
40983|0x686697a7|15|7688249515
40983|0xe86697a7|16|15447883292
40983|0x1e86697a7|17|29875246687
40983|0x1e86697a7|18|59958390626
40983|0x5e86697a7|19|121339851602
40983|0xde86697a7|20|240478797775
40983|0xde86697a7|21|480190516560
40983|0xde86697a7|22|1111023036912
40983|0xde86697a7|23|2921770612436
40983|0x8de86697a7|24|4961242779419
40985|0xbc29|1|363199
40985|0xbc29|2|1812592
40985|0x4bc29|3|1658578
40985|0x4bc29|4|3457533
40985|0x14bc29|5|7052772
40985|0x34bc29|6|14084890
40985|0x74bc29|7|28186004
40985|0x74bc29|8|56255060
40985|0x174bc29|9|112705862
40985|0x374bc29|10|228007539
40985|0x774bc29|11|522828388
40985|0x774bc29|12|902727553
40985|0x1774bc29|13|1865603007
40985|0x1774bc29|14|3639323547
40985|0x5774bc29|15|7263221466
40985|0xd774bc29|16|15039856445
40985|0xd774bc29|17|37085935350
40985|0x2d774bc29|18|75061324590
40985|0x2d774bc29|19|187468886042
40985|0x2d774bc29|20|338576474866
40985|0x12d774bc29|21|559324019973
40985|0x12d774bc29|22|966178785618
40985|0x12d774bc29|23|1908318340350
40985|0x92d774bc29|24|3851929495554
40987|0x3a13|1|695996
40987|0x23a13|2|890761
40987|0x23a13|3|1804829
40987|0xa3a13|4|3609990
40987|0xa3a13|5|7342579
40987|0x2a3a13|6|12968368
40987|0x6a3a13|7|26542706
40987|0xea3a13|8|68674295
40987|0x1ea3a13|9|109737881
40987|0x1ea3a13|10|208501723
40987|0x1ea3a13|11|424862659
40987|0x9ea3a13|12|822616977
40987|0x19ea3a13|13|1580098457
40987|0x39ea3a13|14|3341203001
40987|0x39ea3a13|15|7644809660
40987|0xb9ea3a13|16|15307773871
40987|0xb9ea3a13|17|29420099083
40987|0x2b9ea3a13|18|59949589819
40987|0x6b9ea3a13|19|120333278134
40987|0xeb9ea3a13|20|242155397398
40987|0xeb9ea3a13|21|492497871022
40987|0xeb9ea3a13|22|1078071800413
40987|0x4eb9ea3a13|23|1920503721071
40987|0xceb9ea3a13|24|3852791697977
40989|0x12235|1|392380
40989|0x32235|2|946514
40989|0x72235|3|1731911
40989|0x72235|4|3787886
40989|0x172235|5|7313236
40989|0x172235|6|15020237
40989|0x172235|7|30076352
40989|0x172235|8|57923702
40989|0x172235|9|120330749
40989|0x172235|10|238546058
40989|0x172235|11|477278359
40989|0x8172235|12|964356756
40989|0x8172235|13|1925280053
40989|0x28172235|14|3822475085
40989|0x28172235|15|7671464892
40989|0x28172235|16|15316399276
40989|0x128172235|17|29828344810
40989|0x128172235|18|59878187092
40989|0x128172235|19|121321149932
40989|0x128172235|20|240867895969
40989|0x1128172235|21|493096931289
40989|0x1128172235|22|973370293625
40989|0x1128172235|23|1938327218229
40989|0x1128172235|24|3794916945041
40991|0xdbdf|1|361929
40991|0x2dbdf|2|925055
40991|0x6dbdf|3|1905823
40991|0x6dbdf|4|3611407
40991|0x6dbdf|5|7467270
40991|0x6dbdf|6|15037789
40991|0x46dbdf|7|30123481
40991|0x46dbdf|8|86893732
40991|0x46dbdf|9|140024200
40991|0x246dbdf|10|321013721
40991|0x246dbdf|11|586161998
40991|0x246dbdf|12|1290736496
40991|0x1246dbdf|13|2499199658
40991|0x1246dbdf|14|4830446528
40991|0x1246dbdf|15|9685021482
40991|0x9246dbdf|16|19313570499
40991|0x9246dbdf|17|37935722661
40991|0x29246dbdf|18|74559942877
40991|0x69246dbdf|19|150951386791
40991|0xe9246dbdf|20|302337019592
40991|0x1e9246dbdf|21|603852376609
40991|0x3e9246dbdf|22|1319652879314
40991|0x3e9246dbdf|23|2083371930862
40991|0x3e9246dbdf|24|3897435408156
40993|0xe3e1|1|449713
40993|0x2e3e1|2|909926
40993|0x6e3e1|3|1690866
40993|0x6e3e1|4|3751019
40993|0x16e3e1|5|7249689
40993|0x36e3e1|6|14860924
40993|0x36e3e1|7|29823980
40993|0xb6e3e1|8|59628601
40993|0xb6e3e1|9|119154963
40993|0x2b6e3e1|10|238562009
40993|0x2b6e3e1|11|482011383
40993|0xab6e3e1|12|963978320
40993|0x1ab6e3e1|13|1927898879
40993|0x1ab6e3e1|14|3817734058
40993|0x5ab6e3e1|15|7646586480
40993|0x5ab6e3e1|16|15311244657
40993|0x5ab6e3e1|17|30704523947
40993|0x25ab6e3e1|18|60230748650
40993|0x25ab6e3e1|19|120510918092
40993|0x25ab6e3e1|20|240676304502
40993|0x25ab6e3e1|21|481275880991
40993|0x25ab6e3e1|22|962172219955
40993|0x25ab6e3e1|23|2024973159961
40993|0x25ab6e3e1|24|3847589013998
40995|0x10f8b|1|550469
40995|0x10f8b|2|889260
40995|0x50f8b|3|1658741
40995|0xd0f8b|4|3741791
40995|0xd0f8b|5|7308537
40995|0xd0f8b|6|14849447
40995|0xd0f8b|7|29821032
40995|0x8d0f8b|8|59671388
40995|0x18d0f8b|9|119097470
40995|0x18d0f8b|10|241072530
40995|0x18d0f8b|11|481883794
40995|0x18d0f8b|12|958808528
40995|0x18d0f8b|13|1914566804
40995|0x218d0f8b|14|3852974399
40995|0x618d0f8b|15|7631805234
40995|0xe18d0f8b|16|15363698294
40995|0x1e18d0f8b|17|29949143672
40995|0x3e18d0f8b|18|60153010849
40995|0x3e18d0f8b|19|120272800868
40995|0x3e18d0f8b|20|240007729769
40995|0x3e18d0f8b|21|481974211188
40995|0x3e18d0f8b|22|961516863541
40995|0x3e18d0f8b|23|1923330349721
40995|0x83e18d0f8b|24|3884814732804
40997|0x7bad|1|399344
40997|0x27bad|2|928926
40997|0x27bad|3|1708028
40997|0xa7bad|4|3802645
40997|0x1a7bad|5|7372440
40997|0x3a7bad|6|14999696
40997|0x7a7bad|7|43770385
40997|0x7a7bad|8|60191780
40997|0x17a7bad|9|120290981
40997|0x17a7bad|10|240977298
40997|0x57a7bad|11|481767595
40997|0xd7a7bad|12|954202547
40997|0xd7a7bad|13|1927544296
40997|0xd7a7bad|14|3817135902
40997|0xd7a7bad|15|7668876055
40997|0x8d7a7bad|16|15315039700
40997|0x18d7a7bad|17|30432876187
40997|0x38d7a7bad|18|59936412124
40997|0x38d7a7bad|19|120103907885
40997|0x38d7a7bad|20|360326837119
40997|0x138d7a7bad|21|800783324572
40997|0x138d7a7bad|22|1601733450198
40997|0x538d7a7bad|23|3203174482963
40997|0xd38d7a7bad|24|6399713314942
40999|0xcf97|1|856745
40999|0x2cf97|2|3685499
40999|0x6cf97|3|3007972
40999|0xecf97|4|6081003
40999|0xecf97|5|12319715
40999|0xecf97|6|24781900
40999|0xecf97|7|50094174
40999|0xecf97|8|100395374
40999|0xecf97|9|199205341
40999|0xecf97|10|401989867
40999|0x40ecf97|11|804001448
40999|0x40ecf97|12|1596080355
40999|0x40ecf97|13|3198753448
40999|0x240ecf97|14|6401077664
40999|0x640ecf97|15|12795353871
40999|0xe40ecf97|16|25608362682
40999|0xe40ecf97|17|48898406155
40999|0xe40ecf97|18|100476330220
40999|0x4e40ecf97|19|200364893220
40999|0xce40ecf97|20|262113054691
40999|0xce40ecf97|21|481607946560
40999|0xce40ecf97|22|963420369987
40999|0xce40ecf97|23|1915877028962
40999|0x8ce40ecf97|24|3971123085165
41001|0xfc19|1|337042
41001|0xfc19|2|800328
41001|0xfc19|3|1734109
41001|0x8fc19|4|3510466
41001|0x8fc19|5|5200457
41001|0x8fc19|6|10511524
41001|0x8fc19|7|29791949
41001|0x8fc19|8|52800715
41001|0x108fc19|9|104956927
41001|0x108fc19|10|215379926
41001|0x108fc19|11|418907242
41001|0x908fc19|12|798751809
41001|0x1908fc19|13|1634082142
41001|0x3908fc19|14|3194360225
41001|0x7908fc19|15|6248377686
41001|0x7908fc19|16|12607592994
41001|0x17908fc19|17|25169047957
41001|0x37908fc19|18|50248759019
41001|0x77908fc19|19|124518410387
41001|0xf7908fc19|20|240233992092
41001|0xf7908fc19|21|482046620481
41001|0x2f7908fc19|22|964388572092
41001|0x6f7908fc19|23|1933923188779
41001|0xef7908fc19|24|3784125531536
41003|0x11e83|1|636968
41003|0x31e83|2|3659740
41003|0x31e83|3|2963606
41003|0xb1e83|4|6092341
41003|0x1b1e83|5|12470608
41003|0x3b1e83|6|25060109
41003|0x3b1e83|7|32128186
41003|0x3b1e83|8|60155840
41003|0x13b1e83|9|155862014
41003|0x13b1e83|10|314827539
41003|0x13b1e83|11|594522526
41003|0x93b1e83|12|1184512508
41003|0x93b1e83|13|2358657679
41003|0x93b1e83|14|4798291198
41003|0x93b1e83|15|9618982305
41003|0x893b1e83|16|20428034576
41003|0x893b1e83|17|38104869646
41003|0x893b1e83|18|70627620570
41003|0x4893b1e83|19|120174711229
41003|0xc893b1e83|20|266852957970
41003|0xc893b1e83|21|717615926235
41003|0x2c893b1e83|22|1329672481667
41003|0x6c893b1e83|23|1947306210951
41003|0x6c893b1e83|24|4213661924809
41005|0xafa5|1|355606
41005|0x2afa5|2|909149
41005|0x2afa5|3|3122003
41005|0x2afa5|4|3752164
41005|0x2afa5|5|7285862
41005|0x2afa5|6|14918411
41005|0x42afa5|7|29994344
41005|0xc2afa5|8|60091299
41005|0xc2afa5|9|120099478
41005|0xc2afa5|10|241848306
41005|0xc2afa5|11|480587649
41005|0xc2afa5|12|968672024
41005|0x10c2afa5|13|1918569751
41005|0x30c2afa5|14|3902300136
41005|0x70c2afa5|15|7676651335
41005|0xf0c2afa5|16|15437792516
41005|0xf0c2afa5|17|29443369881
41005|0xf0c2afa5|18|60031303686
41005|0x4f0c2afa5|19|120149239134
41005|0xcf0c2afa5|20|235591334892
41005|0xcf0c2afa5|21|480371425271
41005|0xcf0c2afa5|22|954165570482
41005|0x4cf0c2afa5|23|1911754639342
41005|0x4cf0c2afa5|24|3776406714258
41007|0xa6cf|1|337940
41007|0xa6cf|2|812771
41007|0xa6cf|3|1869633
41007|0xa6cf|4|3562788
41007|0xa6cf|5|7522274
41007|0x20a6cf|6|14885243
41007|0x60a6cf|7|29794333
41007|0x60a6cf|8|59637374
41007|0x60a6cf|9|119492310
41007|0x260a6cf|10|239055233
41007|0x260a6cf|11|480993696
41007|0xa60a6cf|12|960425164
41007|0x1a60a6cf|13|1935941660
41007|0x1a60a6cf|14|3866142433
41007|0x5a60a6cf|15|7732539003
41007|0x5a60a6cf|16|15345092814
41007|0x15a60a6cf|17|30421733870
41007|0x15a60a6cf|18|60059503566
41007|0x55a60a6cf|19|118314182040
41007|0xd5a60a6cf|20|234646672344
41007|0x1d5a60a6cf|21|476371348099
41007|0x3d5a60a6cf|22|959478262927
41007|0x7d5a60a6cf|23|1884528932565
41007|0xfd5a60a6cf|24|3845291095053
41009|0xb8d1|1|550121
41009|0x2b8d1|2|909359
41009|0x2b8d1|3|1703567
41009|0xab8d1|4|3756863
41009|0x1ab8d1|5|7225654
41009|0x3ab8d1|6|14878480
41009|0x7ab8d1|7|29828889
41009|0x7ab8d1|8|62892521
41009|0x17ab8d1|9|120410718
41009|0x17ab8d1|10|241043696
41009|0x57ab8d1|11|479942152
41009|0x57ab8d1|12|964145177
41009|0x57ab8d1|13|1911850942
41009|0x57ab8d1|14|3836865571
41009|0x457ab8d1|15|7675313684
41009|0x457ab8d1|16|15352376228
41009|0x457ab8d1|17|30789778947
41009|0x2457ab8d1|18|59586660682
41009|0x6457ab8d1|19|119538447173
41009|0x6457ab8d1|20|240383440897
41009|0x6457ab8d1|21|481461022327
41009|0x26457ab8d1|22|947884307413
41009|0x66457ab8d1|23|2011820632934
41009|0x66457ab8d1|24|3890149053461
41011|0x15afb|1|349586
41011|0x35afb|2|819269
41011|0x35afb|3|1836880
41011|0xb5afb|4|3676224
41011|0xb5afb|5|7526102
41011|0x2b5afb|6|14743584
41011|0x2b5afb|7|32444246
41011|0xab5afb|8|50176412
41011|0x1ab5afb|9|97429393
41011|0x3ab5afb|10|204782807
41011|0x7ab5afb|11|422183649
41011|0x7ab5afb|12|802140871
41011|0x7ab5afb|13|1575518800
41011|0x27ab5afb|14|3244997833
41011|0x27ab5afb|15|6358666281
41011|0x27ab5afb|16|12714336749
41011|0x127ab5afb|17|25216530167
41011|0x327ab5afb|18|50513841807
41011|0x727ab5afb|19|107444241706
41011|0xf27ab5afb|20|326355597013
41011|0x1f27ab5afb|21|476355278119
41011|0x1f27ab5afb|22|966933752463
41011|0x1f27ab5afb|23|2058649130869
41011|0x1f27ab5afb|24|4023030730956
41013|0x1b21d|1|693675
41013|0x1b21d|2|931071
41013|0x5b21d|3|1839617
41013|0x5b21d|4|3728135
41013|0x5b21d|5|7310636
41013|0x5b21d|6|14865621
41013|0x5b21d|7|46778881
41013|0x85b21d|8|60233991
41013|0x185b21d|9|120028766
41013|0x185b21d|10|240752083
41013|0x185b21d|11|480307363
41013|0x185b21d|12|963503084
41013|0x185b21d|13|1917693285
41013|0x2185b21d|14|3835795805
41013|0x2185b21d|15|7678537725
41013|0xa185b21d|16|15343004112
41013|0x1a185b21d|17|30448782338
41013|0x3a185b21d|18|54735420419
41013|0x7a185b21d|19|107663401833
41013|0xfa185b21d|20|234800649980
41013|0x1fa185b21d|21|479899614916
41013|0x1fa185b21d|22|967768851763
41013|0x1fa185b21d|23|2099938156498
41013|0x9fa185b21d|24|3796897412785
41015|0x11587|1|450837
41015|0x11587|2|920682
41015|0x11587|3|1854666
41015|0x11587|4|3589359
41015|0x111587|5|7379615
41015|0x311587|6|14905687
41015|0x311587|7|29822824
41015|0x311587|8|59543730
41015|0x311587|9|141740120
41015|0x311587|10|238769192
41015|0x311587|11|482217315
41015|0x8311587|12|963545257
41015|0x18311587|13|1927459834
41015|0x38311587|14|3819647119
41015|0x78311587|15|7631297343
41015|0xf8311587|16|15308577037
41015|0xf8311587|17|29181993629
41015|0xf8311587|18|59667242526
41015|0x4f8311587|19|120092584066
41015|0x4f8311587|20|240278326197
41015|0x14f8311587|21|480405483149
41015|0x34f8311587|22|1024600440969
41015|0x34f8311587|23|2535738799689
41015|0xb4f8311587|24|3924845222799
41017|0x14e09|1|872390
41017|0x14e09|2|1462474
41017|0x14e09|3|3044345
41017|0x14e09|4|6181694
41017|0x114e09|5|12455282
41017|0x314e09|6|25044774
41017|0x714e09|7|50150455
41017|0x714e09|8|100341308
41017|0x714e09|9|200819640
41017|0x2714e09|10|401971654
41017|0x6714e09|11|806878346
41017|0x6714e09|12|1590360583
41017|0x6714e09|13|3190594327
41017|0x6714e09|14|6360885696
41017|0x46714e09|15|11792845763
41017|0xc6714e09|16|20059989933
41017|0x1c6714e09|17|36483878627
41017|0x1c6714e09|18|87818707693
41017|0x5c6714e09|19|163847132594
41017|0x5c6714e09|20|242238357789
41017|0x15c6714e09|21|475956818260
41017|0x35c6714e09|22|922515315784
41017|0x35c6714e09|23|1896221741853
41017|0x35c6714e09|24|4260367725825
41019|0x138f3|1|442946
41019|0x138f3|2|912169
41019|0x138f3|3|1718026
41019|0x138f3|4|3680943
41019|0x138f3|5|7357198
41019|0x2138f3|6|14837181
41019|0x6138f3|7|29684584
41019|0x6138f3|8|59829242
41019|0x6138f3|9|119327128
41019|0x26138f3|10|237964333
41019|0x26138f3|11|477068845
41019|0x26138f3|12|985605130
41019|0x126138f3|13|1936172642
41019|0x126138f3|14|4815348149
41019|0x126138f3|15|9650964663
41019|0x126138f3|16|20167870538
41019|0x1126138f3|17|37297850732
41019|0x1126138f3|18|75148036915
41019|0x5126138f3|19|133841423490
41019|0xd126138f3|20|274119614071
41019|0xd126138f3|21|553733781070
41019|0xd126138f3|22|1099613137323
41019|0xd126138f3|23|2409882148560
41019|0x8d126138f3|24|5026732307207
41021|0xf715|1|399270
41021|0xf715|2|839978
41021|0xf715|3|1740068
41021|0x8f715|4|3769417
41021|0x18f715|5|7445341
41021|0x38f715|6|15026199
41021|0x38f715|7|30033861
41021|0x38f715|8|60183118
41021|0x38f715|9|119280438
41021|0x38f715|10|238435587
41021|0x38f715|11|477065337
41021|0x838f715|12|963488588
41021|0x1838f715|13|1927494266
41021|0x3838f715|14|3816213632
41021|0x3838f715|15|7630740948
41021|0x3838f715|16|15285670875
41021|0x13838f715|17|30062480235
41021|0x33838f715|18|59995587472
41021|0x33838f715|19|127235533822
41021|0xb3838f715|20|240753254872
41021|0x1b3838f715|21|569192695629
41021|0x3b3838f715|22|886178183401
41021|0x7b3838f715|23|1877261040462
41021|0xfb3838f715|24|4100602299922
41023|0x14fbf|1|277310
41023|0x34fbf|2|497537
41023|0x34fbf|3|1202047
41023|0xb4fbf|4|2612328
41023|0xb4fbf|5|5173906
41023|0x2b4fbf|6|14157265
41023|0x2b4fbf|7|29841412
41023|0xab4fbf|8|50881790
41023|0xab4fbf|9|103138620
41023|0xab4fbf|10|213139945
41023|0x4ab4fbf|11|421877380
41023|0xcab4fbf|12|844184680
41023|0x1cab4fbf|13|1642263919
41023|0x3cab4fbf|14|3224318396
41023|0x3cab4fbf|15|6381814403
41023|0x3cab4fbf|16|12968188092
41023|0x3cab4fbf|17|25676957789
41023|0x23cab4fbf|18|50432817309
41023|0x23cab4fbf|19|100868294028
41023|0xa3cab4fbf|20|239482897151
41023|0x1a3cab4fbf|21|454280937613
41023|0x3a3cab4fbf|22|896735931844
41023|0x7a3cab4fbf|23|1959979549828
41023|0x7a3cab4fbf|24|3777034627073
41025|0x16fc1|1|245522
41025|0x36fc1|2|565484
41025|0x36fc1|3|1246217
41025|0xb6fc1|4|2556485
41025|0xb6fc1|5|5201636
41025|0xb6fc1|6|14329311
41025|0x4b6fc1|7|29853550
41025|0x4b6fc1|8|54049465
41025|0x14b6fc1|9|105926462
41025|0x34b6fc1|10|215257147
41025|0x74b6fc1|11|436253216
41025|0x74b6fc1|12|838013076
41025|0x74b6fc1|13|1665752230
41025|0x74b6fc1|14|3298008503
41025|0x74b6fc1|15|6597684424
41025|0x74b6fc1|16|13211589308
41025|0x1074b6fc1|17|25748342651
41025|0x3074b6fc1|18|52217782627
41025|0x7074b6fc1|19|109780922085
41025|0xf074b6fc1|20|232851035999
41025|0xf074b6fc1|21|470318917180
41025|0x2f074b6fc1|22|952202089633
41025|0x2f074b6fc1|23|1724799922375
41025|0xaf074b6fc1|24|3386174569018
41027|0xac6b|1|385222
41027|0xac6b|2|865062
41027|0xac6b|3|1658797
41027|0xac6b|4|3736037
41027|0x10ac6b|5|7271479
41027|0x30ac6b|6|14933003
41027|0x30ac6b|7|29868025
41027|0xb0ac6b|8|58903676
41027|0xb0ac6b|9|123763114
41027|0x2b0ac6b|10|239203074
41027|0x2b0ac6b|11|472580802
41027|0x2b0ac6b|12|955497571
41027|0x2b0ac6b|13|1950383789
41027|0x22b0ac6b|14|3881446835
41027|0x22b0ac6b|15|7682385508
41027|0xa2b0ac6b|16|15354236651
41027|0x1a2b0ac6b|17|30475637460
41027|0x1a2b0ac6b|18|60191266510
41027|0x5a2b0ac6b|19|151921659739
41027|0xda2b0ac6b|20|310663381122
41027|0xda2b0ac6b|21|452844665982
41027|0xda2b0ac6b|22|942945577478
41027|0x4da2b0ac6b|23|1775584275591
41027|0x4da2b0ac6b|24|4086098032933
41029|0x1728d|1|383467
41029|0x1728d|2|900260
41029|0x5728d|3|1683749
41029|0x5728d|4|3722209
41029|0x15728d|5|6207150
41029|0x35728d|6|10530705
41029|0x35728d|7|29807170
41029|0x35728d|8|48262110
41029|0x35728d|9|110547098
41029|0x235728d|10|214446926
41029|0x235728d|11|392568991
41029|0x235728d|12|887673082
41029|0x235728d|13|1627212986
41029|0x235728d|14|3192098810
41029|0x235728d|15|6548734957
41029|0x235728d|16|12901579354
41029|0x235728d|17|25850563061
41029|0x20235728d|18|51045898872
41029|0x60235728d|19|154056010564
41029|0x60235728d|20|229598917216
41029|0x60235728d|21|462943051594
41029|0x60235728d|22|1026804301160
41029|0x60235728d|23|1766297443229
41029|0x60235728d|24|3531304510654
41031|0x10977|1|335624
41031|0x10977|2|934049
41031|0x50977|3|1856407
41031|0x50977|4|3581162
41031|0x150977|5|7478224
41031|0x150977|6|14944178
41031|0x550977|7|29649367
41031|0xd50977|8|52285910
41031|0x1d50977|9|104291386
41031|0x1d50977|10|198508365
41031|0x1d50977|11|423099840
41031|0x9d50977|12|857370168
41031|0x9d50977|13|1668874087
41031|0x29d50977|14|3301588795
41031|0x69d50977|15|6368042882
41031|0xe9d50977|16|12663662367
41031|0xe9d50977|17|24750945061
41031|0x2e9d50977|18|60057797102
41031|0x6e9d50977|19|119847441530
41031|0x6e9d50977|20|239379502280
41031|0x16e9d50977|21|478517627017
41031|0x16e9d50977|22|932241213513
41031|0x16e9d50977|23|1814013676258
41031|0x96e9d50977|24|3744839811843
41033|0x151f9|1|338713
41033|0x151f9|2|800162
41033|0x551f9|3|1681331
41033|0x551f9|4|3681971
41033|0x551f9|5|5414750
41033|0x551f9|6|13359186
41033|0x4551f9|7|21468189
41033|0x4551f9|8|55828233
41033|0x14551f9|9|103682217
41033|0x14551f9|10|212195927
41033|0x14551f9|11|424228720
41033|0x14551f9|12|825588666
41033|0x114551f9|13|1627353868
41033|0x114551f9|14|3360094309
41033|0x514551f9|15|6550217813
41033|0xd14551f9|16|12796845240
41033|0x1d14551f9|17|25357764186
41033|0x1d14551f9|18|50938254880
41033|0x1d14551f9|19|101860552218
41033|0x1d14551f9|20|200576158165
41033|0x11d14551f9|21|440708609215
41033|0x31d14551f9|22|899710196279
41033|0x31d14551f9|23|1800421083339
41033|0x31d14551f9|24|3705466829080
41035|0x2963|1|400751
41035|0x22963|2|613315
41035|0x22963|3|1202272
41035|0x22963|4|2561278
41035|0x22963|5|5721128
41035|0x22963|6|13431228
41035|0x22963|7|20864298
41035|0x822963|8|58964877
41035|0x822963|9|111135244
41035|0x822963|10|214075288
41035|0x822963|11|438373911
41035|0x822963|12|844804497
41035|0x822963|13|1663475259
41035|0x822963|14|3311764936
41035|0x822963|15|6491759052
41035|0x80822963|16|15240376977
41035|0x180822963|17|29912230576
41035|0x380822963|18|62903608325
41035|0x380822963|19|108693046577
41035|0xb80822963|20|241983642466
41035|0x1b80822963|21|451937187088
41035|0x3b80822963|22|898741224475
41035|0x7b80822963|23|1845980477892
41035|0xfb80822963|24|3743709403078
41037|0x19885|1|384306
41037|0x39885|2|894805
41037|0x39885|3|1874773
41037|0xb9885|4|3644869
41037|0x1b9885|5|7622239
41037|0x3b9885|6|15042306
41037|0x7b9885|7|30215919
41037|0xfb9885|8|60480644
41037|0x1fb9885|9|120851260
41037|0x1fb9885|10|239090715
41037|0x1fb9885|11|478640058
41037|0x9fb9885|12|957639342
41037|0x9fb9885|13|1931598871
41037|0x9fb9885|14|3829390093
41037|0x49fb9885|15|7729607529
41037|0xc9fb9885|16|15466742794
41037|0xc9fb9885|17|29338611026
41037|0x2c9fb9885|18|59907246616
41037|0x6c9fb9885|19|120136876230
41037|0xec9fb9885|20|233966037736
41037|0x1ec9fb9885|21|499286403782
41037|0x1ec9fb9885|22|1034800163850
41037|0x1ec9fb9885|23|1819911912440
41037|0x9ec9fb9885|24|3651579693459
41039|0x76af|1|389020
41039|0x276af|2|878145
41039|0x276af|3|1717536
41039|0x276af|4|3695372
41039|0x1276af|5|5181141
41039|0x3276af|6|10412061
41039|0x7276af|7|29420975
41039|0xf276af|8|53125603
41039|0x1f276af|9|102806814
41039|0x1f276af|10|223549778
41039|0x5f276af|11|424061115
41039|0x5f276af|12|957166866
41039|0x5f276af|13|1802251525
41039|0x25f276af|14|3207972601
41039|0x65f276af|15|6604383107
41039|0x65f276af|16|15130230683
41039|0x165f276af|17|26446888008
41039|0x365f276af|18|52587564426
41039|0x765f276af|19|115156773275
41039|0x765f276af|20|234943983199
41039|0x765f276af|21|452899932609
41039|0x765f276af|22|1004315891913
41039|0x765f276af|23|1831379364872
41039|0x765f276af|24|3619300120344
41041|0xa8b1|1|666275
41041|0xa8b1|2|1469326
41041|0x4a8b1|3|2965270
41041|0xca8b1|4|6102586
41041|0x1ca8b1|5|12297631
41041|0x1ca8b1|6|24809686
41041|0x1ca8b1|7|43904167
41041|0x9ca8b1|8|101545676
41041|0x19ca8b1|9|191273336
41041|0x19ca8b1|10|378715115
41041|0x59ca8b1|11|712586294
41041|0x59ca8b1|12|1243751446
41041|0x159ca8b1|13|2368092013
41041|0x159ca8b1|14|4688928232
41041|0x559ca8b1|15|10625713693
41041|0x559ca8b1|16|19479720532
41041|0x1559ca8b1|17|33608069120
41041|0x3559ca8b1|18|56607929095
41041|0x3559ca8b1|19|116469676081
41041|0x3559ca8b1|20|272245049910
41041|0x13559ca8b1|21|497851319963
41041|0x33559ca8b1|22|979528906246
41041|0x73559ca8b1|23|1940229106487
41041|0x73559ca8b1|24|4133380316890
41043|0xa3db|1|265654
41043|0x2a3db|2|523497
41043|0x6a3db|3|1202155
41043|0x6a3db|4|2706944
41043|0x16a3db|5|5276428
41043|0x16a3db|6|15023111
41043|0x56a3db|7|26370088
41043|0xd6a3db|8|64454497
41043|0xd6a3db|9|105242600
41043|0xd6a3db|10|200526518
41043|0x4d6a3db|11|433546083
41043|0xcd6a3db|12|827921833
41043|0x1cd6a3db|13|2396766636
41043|0x1cd6a3db|14|5268182009
41043|0x1cd6a3db|15|8468073983
41043|0x9cd6a3db|16|15333815349
41043|0x19cd6a3db|17|30683966423
41043|0x19cd6a3db|18|60255726699
41043|0x59cd6a3db|19|119342818857
41043|0xd9cd6a3db|20|232902557929
41043|0x1d9cd6a3db|21|472203013680
41043|0x3d9cd6a3db|22|980792919657
41043|0x3d9cd6a3db|23|1841009890363
41043|0x3d9cd6a3db|24|3630987072018
41045|0x15cfd|1|337520
41045|0x35cfd|2|2047611
41045|0x75cfd|3|1659281
41045|0x75cfd|4|3408273
41045|0x175cfd|5|7071201
41045|0x375cfd|6|10514305
41045|0x375cfd|7|19911657
41045|0xb75cfd|8|53759680
41045|0x1b75cfd|9|141743874
41045|0x1b75cfd|10|301354816
41045|0x5b75cfd|11|719133195
41045|0x5b75cfd|12|1483871271
41045|0x5b75cfd|13|2704901278
41045|0x5b75cfd|14|5438379651
41045|0x5b75cfd|15|10773918720
41045|0x85b75cfd|16|24821069862
41045|0x185b75cfd|17|32505502975
41045|0x185b75cfd|18|56980433225
41045|0x585b75cfd|19|122016408418
41045|0xd85b75cfd|20|277484161394
41045|0x1d85b75cfd|21|525263982054
41045|0x3d85b75cfd|22|1089975389194
41045|0x3d85b75cfd|23|1944480039512
41045|0x3d85b75cfd|24|4123695453945
41047|0x4b67|1|399546
41047|0x24b67|2|915987
41047|0x24b67|3|1689171
41047|0xa4b67|4|3806032
41047|0xa4b67|5|7402558
41047|0x2a4b67|6|14342842
41047|0x2a4b67|7|37181752
41047|0xaa4b67|8|86136745
41047|0x1aa4b67|9|123786719
41047|0x1aa4b67|10|307903821
41047|0x1aa4b67|11|623371605
41047|0x1aa4b67|12|1175718304
41047|0x1aa4b67|13|2503842828
41047|0x1aa4b67|14|4378847193
41047|0x1aa4b67|15|7597566354
41047|0x1aa4b67|16|15254975481
41047|0x101aa4b67|17|29114728142
41047|0x301aa4b67|18|55678849834
41047|0x301aa4b67|19|144193748847
41047|0x301aa4b67|20|222236972666
41047|0x1301aa4b67|21|533363137512
41047|0x1301aa4b67|22|1101274699460
41047|0x1301aa4b67|23|2241353848670
41047|0x9301aa4b67|24|4117592734655
41049|0xa7e9|1|394141
41049|0xa7e9|2|909420
41049|0x4a7e9|3|1739600
41049|0x4a7e9|4|3602590
41049|0x14a7e9|5|6969807
41049|0x34a7e9|6|10412004
41049|0x74a7e9|7|29545503
41049|0xf4a7e9|8|53723423
41049|0xf4a7e9|9|112494144
41049|0x2f4a7e9|10|211685027
41049|0x2f4a7e9|11|416875807
41049|0x2f4a7e9|12|813392703
41049|0x12f4a7e9|13|1817425497
41049|0x12f4a7e9|14|3636446715
41049|0x12f4a7e9|15|7636075727
41049|0x92f4a7e9|16|14556996952
41049|0x92f4a7e9|17|26513356458
41049|0x92f4a7e9|18|52847220521
41049|0x492f4a7e9|19|121270122557
41049|0x492f4a7e9|20|300558221938
41049|0x1492f4a7e9|21|566461139079
41049|0x1492f4a7e9|22|958729656607
41049|0x1492f4a7e9|23|2236429031866
41049|0x1492f4a7e9|24|3830132132432
41051|0x18fd3|1|382385
41051|0x38fd3|2|909385
41051|0x38fd3|3|1828519
41051|0xb8fd3|4|3640780
41051|0xb8fd3|5|7306194
41051|0xb8fd3|6|14812021
41051|0xb8fd3|7|29523601
41051|0xb8fd3|8|54362807
41051|0xb8fd3|9|107143235
41051|0x20b8fd3|10|227501800
41051|0x60b8fd3|11|427936139
41051|0x60b8fd3|12|837676590
41051|0x60b8fd3|13|1673544506
41051|0x260b8fd3|14|3304180465
41051|0x660b8fd3|15|6778887667
41051|0xe60b8fd3|16|13343357155
41051|0x1e60b8fd3|17|27015622431
41051|0x1e60b8fd3|18|60240588642
41051|0x5e60b8fd3|19|110688978152
41051|0x5e60b8fd3|20|216407283506
41051|0x5e60b8fd3|21|472417401783
41051|0x25e60b8fd3|22|931255037785
41051|0x65e60b8fd3|23|2183314008426
41051|0x65e60b8fd3|24|3616576763087
41053|0x33f5|1|356959
41053|0x33f5|2|2210624
41053|0x433f5|3|1817019
41053|0x433f5|4|3611704
41053|0x433f5|5|7355851
41053|0x433f5|6|14890068
41053|0x433f5|7|29393892
41053|0x433f5|8|59873647
41053|0x433f5|9|118269727
41053|0x20433f5|10|239276007
41053|0x60433f5|11|474054512
41053|0x60433f5|12|948717478
41053|0x160433f5|13|1815675235
41053|0x360433f5|14|3269376254
41053|0x760433f5|15|6581861484
41053|0xf60433f5|16|13315636109
41053|0xf60433f5|17|27439699159
41053|0xf60433f5|18|52984838211
41053|0x4f60433f5|19|108056803582
41053|0x4f60433f5|20|224341557743
41053|0x14f60433f5|21|453338604312
41053|0x34f60433f5|22|929080716730
41053|0x34f60433f5|23|1916196420360
41053|0x34f60433f5|24|3589196667110
41055|0x1bb9f|1|350299
41055|0x1bb9f|2|819110
41055|0x1bb9f|3|1735378
41055|0x9bb9f|4|3743690
41055|0x9bb9f|5|7336326
41055|0x29bb9f|6|14882994
41055|0x69bb9f|7|26137043
41055|0xe9bb9f|8|52460334
41055|0xe9bb9f|9|103357418
41055|0xe9bb9f|10|206090093
41055|0x4e9bb9f|11|394973817
41055|0xce9bb9f|12|820358080
41055|0xce9bb9f|13|1628437203
41055|0x2ce9bb9f|14|3215691043
41055|0x6ce9bb9f|15|7512883677
41055|0xece9bb9f|16|14063886952
41055|0xece9bb9f|17|35988531186
41055|0x2ece9bb9f|18|62448230377
41055|0x2ece9bb9f|19|129898331425
41055|0xaece9bb9f|20|221745193409
41055|0xaece9bb9f|21|436199133474
41055|0x2aece9bb9f|22|917773140578
41055|0x2aece9bb9f|23|1786188316680
41055|0x2aece9bb9f|24|3582697657188
41057|0x3a1|1|426490
41057|0x203a1|2|878996
41057|0x203a1|3|1683025
41057|0xa03a1|4|3405513
41057|0x1a03a1|5|6869078
41057|0x3a03a1|6|14114949
41057|0x7a03a1|7|21300506
41057|0xfa03a1|8|45385679
41057|0x1fa03a1|9|102047956
41057|0x3fa03a1|10|213283587
41057|0x7fa03a1|11|400027747
41057|0xffa03a1|12|743026665
41057|0x1ffa03a1|13|2053776835
41057|0x3ffa03a1|14|5734835836
41057|0x3ffa03a1|15|9107349920
41057|0xbffa03a1|16|18835795924
41057|0x1bffa03a1|17|37653947257
41057|0x3bffa03a1|18|63175348200
41057|0x3bffa03a1|19|110304927404
41057|0xbbffa03a1|20|220384886422
41057|0x1bbffa03a1|21|456567407450
41057|0x1bbffa03a1|22|890236564004
41057|0x1bbffa03a1|23|1800586834854
41057|0x9bbffa03a1|24|3641620596445
41059|0xe14b|1|414873
41059|0x2e14b|2|2001610
41059|0x6e14b|3|1942571
41059|0xee14b|4|3625488
41059|0x1ee14b|5|7626118
41059|0x1ee14b|6|15070704
41059|0x5ee14b|7|29764714
41059|0xdee14b|8|59565954
41059|0x1dee14b|9|120456631
41059|0x3dee14b|10|238800774
41059|0x7dee14b|11|447882004
41059|0xfdee14b|12|1087915922
41059|0x1fdee14b|13|1860265292
41059|0x3fdee14b|14|3263274755
41059|0x3fdee14b|15|6379049003
41059|0x3fdee14b|16|13052478035
41059|0x3fdee14b|17|26772687731
41059|0x3fdee14b|18|67279538463
41059|0x43fdee14b|19|130318690182
41059|0x43fdee14b|20|239064968256
41059|0x143fdee14b|21|488914164125
41059|0x143fdee14b|22|892624473958
41059|0x543fdee14b|23|1946787008051
41059|0xd43fdee14b|24|4019060762754
41061|0x1116d|1|361137
41061|0x1116d|2|814197
41061|0x1116d|3|1785799
41061|0x1116d|4|3714028
41061|0x11116d|5|7528752
41061|0x31116d|6|15067272
41061|0x71116d|7|30911214
41061|0xf1116d|8|94021205
41061|0xf1116d|9|143616647
41061|0x2f1116d|10|285707451
41061|0x6f1116d|11|613704940
41061|0xef1116d|12|1153834007
41061|0x1ef1116d|13|2136598790
41061|0x3ef1116d|14|5378041282
41061|0x3ef1116d|15|11292484063
41061|0xbef1116d|16|17633043164
41061|0xbef1116d|17|31399042599
41061|0x2bef1116d|18|77775531393
41061|0x6bef1116d|19|116822323918
41061|0x6bef1116d|20|222873263990
41061|0x6bef1116d|21|439285383060
41061|0x6bef1116d|22|874730340102
41061|0x6bef1116d|23|1987045359018
41061|0x6bef1116d|24|4088552410228
41063|0x7b57|1|354640
41063|0x7b57|2|800485
41063|0x7b57|3|1676984
41063|0x87b57|4|3417132
41063|0x87b57|5|6882399
41063|0x87b57|6|18203271
41063|0x87b57|7|34587800
41063|0x887b57|8|72227293
41063|0x887b57|9|184244173
41063|0x887b57|10|360900319
41063|0x4887b57|11|734533869
41063|0x4887b57|12|1470739215
41063|0x4887b57|13|2928340772
41063|0x24887b57|14|5019218039
41063|0x24887b57|15|10980562883
41063|0x24887b57|16|19716077002
41063|0x24887b57|17|30183138585
41063|0x24887b57|18|53711298948
41063|0x424887b57|19|132655447134
41063|0x424887b57|20|248708806803
41063|0x424887b57|21|544845666614
41063|0x424887b57|22|1116726399953
41063|0x424887b57|23|2112590045546
41063|0x8424887b57|24|4459389577196
41065|0xefd9|1|604062
41065|0x2efd9|2|3649106
41065|0x6efd9|3|3001339
41065|0x6efd9|4|6064775
41065|0x6efd9|5|12341212
41065|0x6efd9|6|23245410
41065|0x46efd9|7|30155676
41065|0x46efd9|8|59822331
41065|0x146efd9|9|183646244
41065|0x146efd9|10|297166614
41065|0x546efd9|11|634879688
41065|0x546efd9|12|1128794603
41065|0x546efd9|13|1921970935
41065|0x546efd9|14|3922299594
41065|0x546efd9|15|9810832788
41065|0x8546efd9|16|15153646921
41065|0x18546efd9|17|32530500370
41065|0x18546efd9|18|68592523540
41065|0x58546efd9|19|141636413938
41065|0x58546efd9|20|264844044047
41065|0x158546efd9|21|574684568055
41065|0x358546efd9|22|1080945757716
41065|0x758546efd9|23|2261459831103
41065|0xf58546efd9|24|3672024696707
41067|0x10c43|1|398742
41067|0x30c43|2|2030444
41067|0x30c43|3|1955268
41067|0x30c43|4|3530614
41067|0x130c43|5|7551395
41067|0x330c43|6|14669890
41067|0x330c43|7|29531724
41067|0x330c43|8|59820448
41067|0x1330c43|9|118451968
41067|0x1330c43|10|211422991
41067|0x1330c43|11|475729493
41067|0x9330c43|12|950876956
41067|0x9330c43|13|1898052726
41067|0x9330c43|14|3734273038
41067|0x49330c43|15|6875393652
41067|0xc9330c43|16|13439566922
41067|0xc9330c43|17|26329710846
41067|0xc9330c43|18|54994938931
41067|0x4c9330c43|19|125376321047
41067|0x4c9330c43|20|228687335803
41067|0x4c9330c43|21|435393255171
41067|0x4c9330c43|22|884220535895
41067|0x44c9330c43|23|1843116887328
41067|0xc4c9330c43|24|3683381915279
41069|0x6965|1|353251
41069|0x6965|2|819308
41069|0x46965|3|1981413
41069|0x46965|4|3590134
41069|0x46965|5|7598715
41069|0x46965|6|14862948
41069|0x446965|7|29841591
41069|0x446965|8|58727190
41069|0x1446965|9|118406480
41069|0x1446965|10|238018717
41069|0x5446965|11|473927305
41069|0x5446965|12|958220442
41069|0x5446965|13|1886549127
41069|0x5446965|14|3733595839
41069|0x5446965|15|6770653736
41069|0x5446965|16|13678584186
41069|0x105446965|17|26505285034
41069|0x305446965|18|57190988982
41069|0x705446965|19|131727523071
41069|0xf05446965|20|272434066671
41069|0x1f05446965|21|567530815049
41069|0x1f05446965|22|1099590950747
41069|0x1f05446965|23|2040434676526
41069|0x9f05446965|24|3902238906875
41071|0xbe8f|1|395455
41071|0xbe8f|2|2228622
41071|0x4be8f|3|1734161
41071|0xcbe8f|4|6094925
41071|0xcbe8f|5|12442193
41071|0x2cbe8f|6|20045193
41071|0x2cbe8f|7|28401148
41071|0xacbe8f|8|57277594
41071|0xacbe8f|9|130088252
41071|0x2acbe8f|10|275808557
41071|0x2acbe8f|11|623401045
41071|0x2acbe8f|12|1208131181
41071|0x2acbe8f|13|2420647999
41071|0x22acbe8f|14|4767261402
41071|0x22acbe8f|15|6591163819
41071|0x22acbe8f|16|15831062341
41071|0x122acbe8f|17|36291305267
41071|0x322acbe8f|18|59536520936
41071|0x322acbe8f|19|117004539780
41071|0xb22acbe8f|20|242583569685
41071|0xb22acbe8f|21|538886639861
41071|0xb22acbe8f|22|1092121679407
41071|0xb22acbe8f|23|2092823615127
41071|0x8b22acbe8f|24|3977514222120
41073|0x12091|1|383672
41073|0x32091|2|931140
41073|0x72091|3|1821552
41073|0x72091|4|3476635
41073|0x72091|5|6980071
41073|0x72091|6|14236543
41073|0x72091|7|28541848
41073|0x872091|8|55898362
41073|0x872091|9|113606710
41073|0x872091|10|285656800
41073|0x872091|11|433267212
41073|0x872091|12|761209621
41073|0x10872091|13|1429396397
41073|0x10872091|14|3175270841
41073|0x50872091|15|7120339572
41073|0x50872091|16|14926550264
41073|0x50872091|17|40025674335
41073|0x50872091|18|74174294496
41073|0x50872091|19|125212779763
41073|0x850872091|20|250924944489
41073|0x850872091|21|545495357376
41073|0x850872091|22|994010330207
41073|0x850872091|23|1943064105988
41073|0x850872091|24|4084121207763
41075|0x104bb|1|309812
41075|0x304bb|2|558489
41075|0x304bb|3|1202305
41075|0x304bb|4|2650279
41075|0x1304bb|5|5266621
41075|0x1304bb|6|11020775
41075|0x1304bb|7|29922181
41075|0x9304bb|8|53507560
41075|0x19304bb|9|107252877
41075|0x19304bb|10|215038456
41075|0x19304bb|11|438492200
41075|0x99304bb|12|806398792
41075|0x199304bb|13|2024679539
41075|0x399304bb|14|5115264004
41075|0x799304bb|15|7411579998
41075|0xf99304bb|16|12827894289
41075|0xf99304bb|17|29326625634
41075|0xf99304bb|18|78911245788
41075|0x4f99304bb|19|121298895085
41075|0xcf99304bb|20|269090028660
41075|0x1cf99304bb|21|534899464834
41075|0x1cf99304bb|22|914179886232
41075|0x1cf99304bb|23|2164441752437
41075|0x1cf99304bb|24|4334495734065
41077|0x2fdd|1|604673
41077|0x2fdd|2|3652897
41077|0x2fdd|3|2994420
41077|0x2fdd|4|6069417
41077|0x2fdd|5|12329532
41077|0x2fdd|6|24807085
41077|0x2fdd|7|30492277
41077|0x2fdd|8|99143085
41077|0x2fdd|9|169323180
41077|0x2002fdd|10|267192748
41077|0x2002fdd|11|712068643
41077|0xa002fdd|12|1495150580
41077|0x1a002fdd|13|1601049478
41077|0x1a002fdd|14|2896535810
41077|0x1a002fdd|15|7089562872
41077|0x1a002fdd|16|19126126185
41077|0x1a002fdd|17|27822569063
41077|0x1a002fdd|18|57568340065
41077|0x41a002fdd|19|127358426218
41077|0x41a002fdd|20|293819148884
41077|0x41a002fdd|21|545715376928
41077|0x241a002fdd|22|1080098520824
41077|0x641a002fdd|23|2181471727198
41077|0x641a002fdd|24|4279587138664
41079|0x13947|1|339663
41079|0x33947|2|800557
41079|0x73947|3|1659253
41079|0xf3947|4|3424188
41079|0xf3947|5|7117801
41079|0x2f3947|6|14102476
41079|0x6f3947|7|21165510
41079|0xef3947|8|51274704
41079|0x1ef3947|9|106346258
41079|0x3ef3947|10|177585162
41079|0x3ef3947|11|471619659
41079|0xbef3947|12|1186984680
41079|0x1bef3947|13|2619972363
41079|0x1bef3947|14|4596521420
41079|0x1bef3947|15|10097008673
41079|0x9bef3947|16|20942317320
41079|0x9bef3947|17|26864849534
41079|0x29bef3947|18|59431811825
41079|0x69bef3947|19|108680688226
41079|0xe9bef3947|20|216838591598
41079|0xe9bef3947|21|450824707297
41079|0xe9bef3947|22|900243993757
41079|0x4e9bef3947|23|1799179600383
41079|0x4e9bef3947|24|3626963458180
41081|0x1c9c9|1|234737
41081|0x3c9c9|2|559280
41081|0x3c9c9|3|1918322
41081|0xbc9c9|4|3565718
41081|0x1bc9c9|5|7535588
41081|0x1bc9c9|6|14873730
41081|0x5bc9c9|7|29677101
41081|0xdbc9c9|8|52323182
41081|0xdbc9c9|9|97525903
41081|0x2dbc9c9|10|214540427
41081|0x2dbc9c9|11|412881115
41081|0xadbc9c9|12|862537639
41081|0xadbc9c9|13|1844127600
41081|0xadbc9c9|14|3804870006
41081|0xadbc9c9|15|6192725619
41081|0x8adbc9c9|16|13437255465
41081|0x18adbc9c9|17|29013397915
41081|0x18adbc9c9|18|56107861499
41081|0x58adbc9c9|19|138282986220
41081|0xd8adbc9c9|20|266064628006
41081|0x1d8adbc9c9|21|490325461141
41081|0x1d8adbc9c9|22|985664289569
41081|0x5d8adbc9c9|23|2145558022237
41081|0x5d8adbc9c9|24|4303797654591
41083|0x3eb3|1|382545
41083|0x23eb3|2|933991
41083|0x63eb3|3|1727659
41083|0x63eb3|4|3723633
41083|0x163eb3|5|7347914
41083|0x363eb3|6|14991804
41083|0x763eb3|7|24118122
41083|0x763eb3|8|53151830
41083|0x763eb3|9|108718528
41083|0x763eb3|10|216782737
41083|0x763eb3|11|441385837
41083|0x763eb3|12|882453598
41083|0x763eb3|13|1671011834
41083|0x20763eb3|14|3421004667
41083|0x20763eb3|15|6333500490
41083|0xa0763eb3|16|13631315499
41083|0x1a0763eb3|17|32022424626
41083|0x3a0763eb3|18|56205802263
41083|0x3a0763eb3|19|108510646524
41083|0xba0763eb3|20|221052142542
41083|0xba0763eb3|21|445547512031
41083|0x2ba0763eb3|22|888549444674
41083|0x6ba0763eb3|23|2004990635012
41083|0x6ba0763eb3|24|4345827536219
41085|0x1d8d5|1|379865
41085|0x1d8d5|2|813838
41085|0x5d8d5|3|1659513
41085|0x5d8d5|4|3405589
41085|0x5d8d5|5|7152439
41085|0x25d8d5|6|13713365
41085|0x25d8d5|7|24380589
41085|0x25d8d5|8|49749018
41085|0x25d8d5|9|108533520
41085|0x225d8d5|10|196155280
41085|0x625d8d5|11|405009419
41085|0xe25d8d5|12|774991096
41085|0x1e25d8d5|13|2309511445
41085|0x3e25d8d5|14|3843452688
41085|0x3e25d8d5|15|8461238055
41085|0x3e25d8d5|16|20683222568
41085|0x3e25d8d5|17|30805159482
41085|0x23e25d8d5|18|58750279033
41085|0x23e25d8d5|19|155205353725
41085|0x23e25d8d5|20|238979111940
41085|0x123e25d8d5|21|473202067525
41085|0x123e25d8d5|22|1134562490943
41085|0x523e25d8d5|23|2082502878454
41085|0x523e25d8d5|24|4272609610271
41087|0x11f7f|1|637726
41087|0x31f7f|2|3662921
41087|0x71f7f|3|3019163
41087|0xf1f7f|4|6066371
41087|0x1f1f7f|5|12325992
41087|0x3f1f7f|6|24828370
41087|0x3f1f7f|7|50254815
41087|0x3f1f7f|8|103273689
41087|0x13f1f7f|9|156960299
41087|0x33f1f7f|10|266720947
41087|0x33f1f7f|11|557668533
41087|0x33f1f7f|12|804826583
41087|0x133f1f7f|13|1533604931
41087|0x133f1f7f|14|3814417618
41087|0x133f1f7f|15|9499085029
41087|0x133f1f7f|16|12707194867
41087|0x1133f1f7f|17|25969254728
41087|0x1133f1f7f|18|57324946533
41087|0x1133f1f7f|19|108999676054
41087|0x1133f1f7f|20|239620746924
41087|0x11133f1f7f|21|455599364386
41087|0x11133f1f7f|22|876423379320
41087|0x11133f1f7f|23|1881777566895
41087|0x91133f1f7f|24|3716030652192
41089|0x19f81|1|401554
41089|0x39f81|2|877809
41089|0x79f81|3|1689531
41089|0xf9f81|4|3782416
41089|0x1f9f81|5|7310882
41089|0x3f9f81|6|14894536
41089|0x7f9f81|7|29585341
41089|0x7f9f81|8|59848133
41089|0x7f9f81|9|119489548
41089|0x7f9f81|10|236505957
41089|0x47f9f81|11|476730842
41089|0xc7f9f81|12|949862900
41089|0x1c7f9f81|13|1688375866
41089|0x3c7f9f81|14|3323134829
41089|0x7c7f9f81|15|6754998434
41089|0xfc7f9f81|16|13044788760
41089|0x1fc7f9f81|17|28067789041
41089|0x1fc7f9f81|18|54624900700
41089|0x1fc7f9f81|19|108883773611
41089|0x1fc7f9f81|20|226243569334
41089|0x11fc7f9f81|21|451966175933
41089|0x31fc7f9f81|22|933333330231
41089|0x31fc7f9f81|23|1812031726342
41089|0x31fc7f9f81|24|3765192807939
41091|0xae2b|1|369203
41091|0xae2b|2|909582
41091|0x4ae2b|3|1923036
41091|0x4ae2b|4|3573065
41091|0x4ae2b|5|10205045
41091|0x4ae2b|6|25113908
41091|0x44ae2b|7|49002164
41091|0x44ae2b|8|59843945
41091|0x44ae2b|9|119478414
41091|0x44ae2b|10|267902680
41091|0x44ae2b|11|597974956
41091|0x44ae2b|12|1217256017
41091|0x1044ae2b|13|2381441856
41091|0x1044ae2b|14|5147050418
41091|0x5044ae2b|15|10393543349
41091|0x5044ae2b|16|20306914312
41091|0x5044ae2b|17|41175591423
41091|0x5044ae2b|18|56515582279
41091|0x45044ae2b|19|133699913830
41091|0x45044ae2b|20|227417519452
41091|0x45044ae2b|21|478743120867
41091|0x245044ae2b|22|1141794472642
41091|0x645044ae2b|23|2263394993619
41091|0xe45044ae2b|24|4317784842256
41093|0x584d|1|342624
41093|0x2584d|2|846661
41093|0x2584d|3|1789831
41093|0xa584d|4|3584892
41093|0x1a584d|5|7428045
41093|0x3a584d|6|14708274
41093|0x3a584d|7|39257373
41093|0xba584d|8|87014842
41093|0xba584d|9|152932641
41093|0xba584d|10|281406553
41093|0xba584d|11|618704874
41093|0x8ba584d|12|1197581781
41093|0x8ba584d|13|2403348197
41093|0x8ba584d|14|4082982354
41093|0x8ba584d|15|8132821896
41093|0x8ba584d|16|19652301626
41093|0x108ba584d|17|26865462034
41093|0x308ba584d|18|56470457101
41093|0x308ba584d|19|110731226018
41093|0xb08ba584d|20|267162053069
41093|0x1b08ba584d|21|527587565288
41093|0x1b08ba584d|22|954585251083
41093|0x1b08ba584d|23|2188189743306
41093|0x9b08ba584d|24|3586372772947
41095|0x2537|1|603366
41095|0x22537|2|3619510
41095|0x62537|3|3027774
41095|0x62537|4|6065224
41095|0x62537|5|12345171
41095|0x62537|6|24883947
41095|0x62537|7|44165051
41095|0x862537|8|60352383
41095|0x862537|9|156184348
41095|0x2862537|10|316744285
41095|0x6862537|11|591767015
41095|0xe862537|12|1228049530
41095|0xe862537|13|2401113534
41095|0xe862537|14|4698101349
41095|0xe862537|15|9774092341
41095|0x8e862537|16|19766283696
41095|0x18e862537|17|34198339117
41095|0x38e862537|18|52479114573
41095|0x78e862537|19|110169429674
41095|0x78e862537|20|285635220980
41095|0x178e862537|21|556672290556
41095|0x178e862537|22|1067376251442
41095|0x178e862537|23|2216382321648
41095|0x978e862537|24|4349593789342
41097|0xd5b9|1|361108
41097|0x2d5b9|2|909830
41097|0x2d5b9|3|1769655
41097|0xad5b9|4|3379641
41097|0xad5b9|5|6891631
41097|0x2ad5b9|6|14091701
41097|0x2ad5b9|7|27733225
41097|0xaad5b9|8|51002090
41097|0x1aad5b9|9|99585422
41097|0x3aad5b9|10|206213308
41097|0x7aad5b9|11|402509421
41097|0x7aad5b9|12|803679952
41097|0x7aad5b9|13|1981379741
41097|0x27aad5b9|14|5298852164
41097|0x27aad5b9|15|7412341308
41097|0x27aad5b9|16|20877287129
41097|0x27aad5b9|17|32431759875
41097|0x27aad5b9|18|74746280780
41097|0x27aad5b9|19|117340542179
41097|0x27aad5b9|20|226090501526
41097|0x27aad5b9|21|480117713274
41097|0x2027aad5b9|22|1082308824870
41097|0x2027aad5b9|23|2063387811935
41097|0x2027aad5b9|24|3710400598265
41099|0xc723|1|236992
41099|0x2c723|2|528512
41099|0x2c723|3|1366095
41099|0xac723|4|2543556
41099|0x1ac723|5|5179446
41099|0x1ac723|6|12600230
41099|0x1ac723|7|22102681
41099|0x1ac723|8|51778792
41099|0x11ac723|9|101699389
41099|0x31ac723|10|217525682
41099|0x71ac723|11|401843979
41099|0xf1ac723|12|849036174
41099|0x1f1ac723|13|1855357716
41099|0x3f1ac723|14|3281298892
41099|0x3f1ac723|15|6585457320
41099|0x3f1ac723|16|13374749470
41099|0x13f1ac723|17|27403553308
41099|0x33f1ac723|18|57265903408
41099|0x73f1ac723|19|121634957683
41099|0x73f1ac723|20|272327670241
41099|0x73f1ac723|21|560918403173
41099|0x273f1ac723|22|932339722996
41099|0x673f1ac723|23|1829677365202
41099|0xe73f1ac723|24|3872164731040
41101|0x2245|1|236447
41101|0x22245|2|497637
41101|0x22245|3|1217508
41101|0xa2245|4|2706226
41101|0xa2245|5|5070241
41101|0xa2245|6|14440353
41101|0xa2245|7|23912740
41101|0xa2245|8|48519069
41101|0x10a2245|9|91717546
41101|0x10a2245|10|193839354
41101|0x10a2245|11|371263247
41101|0x90a2245|12|728682880
41101|0x190a2245|13|1558949231
41101|0x390a2245|14|3233320204
41101|0x790a2245|15|7260372856
41101|0x790a2245|16|14139429352
41101|0x1790a2245|17|26930950707
41101|0x3790a2245|18|55542314184
41101|0x3790a2245|19|118776604167
41101|0x3790a2245|20|218224500858
41101|0x13790a2245|21|487046622379
41101|0x33790a2245|22|940279648180
41101|0x33790a2245|23|1949811076758
41101|0x33790a2245|24|3718120698828
41103|0x7e6f|1|855334
41103|0x7e6f|2|1431471
41103|0x47e6f|3|2984412
41103|0xc7e6f|4|6075918
41103|0xc7e6f|5|12293711
41103|0xc7e6f|6|24814834
41103|0xc7e6f|7|49619796
41103|0xc7e6f|8|99370105
41103|0xc7e6f|9|198891253
41103|0x20c7e6f|10|397868393
41103|0x60c7e6f|11|796037621
41103|0x60c7e6f|12|1606376262
41103|0x160c7e6f|13|3216059665
41103|0x360c7e6f|14|6366749247
41103|0x360c7e6f|15|12851332650
41103|0x360c7e6f|16|25551142321
41103|0x360c7e6f|17|51284225477
41103|0x2360c7e6f|18|100366047668
41103|0x6360c7e6f|19|199529027209
41103|0x6360c7e6f|20|396592797448
41103|0x6360c7e6f|21|718028892746
41103|0x6360c7e6f|22|1357546394163
41103|0x46360c7e6f|23|2606665672908
41103|0x46360c7e6f|24|4787936688810
41105|0x12071|1|640853
41105|0x32071|2|1433685
41105|0x72071|3|3004494
41105|0x72071|4|6074411
41105|0x172071|5|12333327
41105|0x372071|6|24820336
41105|0x372071|7|49684362
41105|0xb72071|8|99486647
41105|0xb72071|9|200963467
41105|0xb72071|10|398167356
41105|0x4b72071|11|803583004
41105|0x4b72071|12|1607424388
41105|0x4b72071|13|3216304618
41105|0x24b72071|14|6402050549
41105|0x64b72071|15|12812804317
41105|0xe4b72071|16|25607439932
41105|0xe4b72071|17|37950477975
41105|0xe4b72071|18|58648557807
41105|0x4e4b72071|19|173502089623
41105|0xce4b72071|20|344071454643
41105|0xce4b72071|21|672533556604
41105|0xce4b72071|22|1199009322207
41105|0x4ce4b72071|23|2586063334548
41105|0xcce4b72071|24|4138369626538
41107|0x17d9b|1|511905
41107|0x17d9b|2|933667
41107|0x57d9b|3|1782258
41107|0xd7d9b|4|3669183
41107|0xd7d9b|5|7316880
41107|0xd7d9b|6|14906411
41107|0x4d7d9b|7|30142582
41107|0x4d7d9b|8|59831001
41107|0x14d7d9b|9|120027615
41107|0x34d7d9b|10|241085595
41107|0x74d7d9b|11|478590467
41107|0x74d7d9b|12|960210154
41107|0x74d7d9b|13|1931335838
41107|0x274d7d9b|14|3854073271
41107|0x274d7d9b|15|7699088163
41107|0x274d7d9b|16|15399068926
41107|0x1274d7d9b|17|29672707327
41107|0x3274d7d9b|18|58236150233
41107|0x3274d7d9b|19|156763939453
41107|0x3274d7d9b|20|292635478280
41107|0x3274d7d9b|21|608776220364
41107|0x23274d7d9b|22|1481678355400
41107|0x63274d7d9b|23|1917025984654
41107|0xe3274d7d9b|24|4161125499403
41109|0x12abd|1|429079
41109|0x12abd|2|2215903
41109|0x52abd|3|1801740
41109|0xd2abd|4|3732930
41109|0xd2abd|5|7562847
41109|0x2d2abd|6|15104768
41109|0x2d2abd|7|24737608
41109|0x2d2abd|8|55740550
41109|0x12d2abd|9|133609632
41109|0x32d2abd|10|324235898
41109|0x72d2abd|11|706127846
41109|0xf2d2abd|12|1362754325
41109|0x1f2d2abd|13|2416763802
41109|0x3f2d2abd|14|4449121028
41109|0x3f2d2abd|15|7202817803
41109|0x3f2d2abd|16|19775716442
41109|0x13f2d2abd|17|36092167672
41109|0x33f2d2abd|18|70908619820
41109|0x33f2d2abd|19|130350957404
41109|0x33f2d2abd|20|243164760205
41109|0x33f2d2abd|21|526066174029
41109|0x233f2d2abd|22|1070225593250
41109|0x233f2d2abd|23|2103361434622
41109|0x233f2d2abd|24|3884074732862
41111|0xdf27|1|427192
41111|0xdf27|2|858166
41111|0x4df27|3|1659682
41111|0xcdf27|4|3745223
41111|0x1cdf27|5|7312287
41111|0x1cdf27|6|14977544
41111|0x1cdf27|7|30129371
41111|0x9cdf27|8|59717583
41111|0x9cdf27|9|128729299
41111|0x9cdf27|10|243311149
41111|0x9cdf27|11|485246451
41111|0x89cdf27|12|960903432
41111|0x89cdf27|13|1936211543
41111|0x289cdf27|14|3851705173
41111|0x289cdf27|15|7710735244
41111|0x289cdf27|16|15349972668
41111|0x289cdf27|17|33823740817
41111|0x2289cdf27|18|63351629504
41111|0x2289cdf27|19|105584610977
41111|0xa289cdf27|20|237566558580
41111|0xa289cdf27|21|448390488460
41111|0x2a289cdf27|22|1107685832727
41111|0x6a289cdf27|23|2251566016243
41111|0x6a289cdf27|24|3630610086721
41113|0x1b3a9|1|392417
41113|0x3b3a9|2|838385
41113|0x3b3a9|3|1703377
41113|0x3b3a9|4|3770750
41113|0x3b3a9|5|7281031
41113|0x3b3a9|6|14822048
41113|0x3b3a9|7|23636683
41113|0x83b3a9|8|61154349
41113|0x183b3a9|9|105961366
41113|0x183b3a9|10|211126191
41113|0x183b3a9|11|427057936
41113|0x983b3a9|12|841132834
41113|0x983b3a9|13|1865055532
41113|0x983b3a9|14|3742631408
41113|0x983b3a9|15|6902904427
41113|0x983b3a9|16|14634900086
41113|0x983b3a9|17|28764505987
41113|0x983b3a9|18|56237605793
41113|0x983b3a9|19|111210177753
41113|0x80983b3a9|20|220136944141
41113|0x80983b3a9|21|437633071129
41113|0x80983b3a9|22|904118674168
41113|0x480983b3a9|23|2140776887718
41113|0x480983b3a9|24|4439666410171
41115|0x4593|1|255825
41115|0x24593|2|497310
41115|0x64593|3|1487742
41115|0xe4593|4|3392652
41115|0xe4593|5|6869217
41115|0x2e4593|6|13977870
41115|0x2e4593|7|25446641
41115|0xae4593|8|50124158
41115|0x1ae4593|9|99178115
41115|0x1ae4593|10|199522718
41115|0x1ae4593|11|398842637
41115|0x1ae4593|12|764365014
41115|0x11ae4593|13|1544312819
41115|0x31ae4593|14|3081403495
41115|0x31ae4593|15|6043159277
41115|0x31ae4593|16|11830510488
41115|0x131ae4593|17|23536576779
41115|0x331ae4593|18|68196630076
41115|0x731ae4593|19|125674379943
41115|0xf31ae4593|20|300724119552
41115|0xf31ae4593|21|645727925057
41115|0xf31ae4593|22|1235690803788
41115|0x4f31ae4593|23|2102122708568
41115|0x4f31ae4593|24|4082624914865
41117|0xe5b5|1|246540
41117|0x2e5b5|2|565450
41117|0x2e5b5|3|1356288
41117|0xae5b5|4|2460397
41117|0xae5b5|5|6442745
41117|0xae5b5|6|14773279
41117|0x4ae5b5|7|29886063
41117|0xcae5b5|8|54444743
41117|0xcae5b5|9|107405665
41117|0xcae5b5|10|210204661
41117|0x4cae5b5|11|428192352
41117|0x4cae5b5|12|809417768
41117|0x4cae5b5|13|1704711914
41117|0x4cae5b5|14|3221510967
41117|0x44cae5b5|15|6435054806
41117|0x44cae5b5|16|14958437114
41117|0x144cae5b5|17|27117063398
41117|0x344cae5b5|18|54155391604
41117|0x344cae5b5|19|140047067760
41117|0x344cae5b5|20|259371945843
41117|0x344cae5b5|21|550936504570
41117|0x344cae5b5|22|1012475085416
41117|0x344cae5b5|23|2068455529792
41117|0x344cae5b5|24|4054406877322
41119|0x7b5f|1|387894
41119|0x7b5f|2|818966
41119|0x7b5f|3|1689688
41119|0x87b5f|4|3447552
41119|0x87b5f|5|7210195
41119|0x287b5f|6|14227681
41119|0x687b5f|7|28523443
41119|0x687b5f|8|56517911
41119|0x687b5f|9|110042353
41119|0x2687b5f|10|226316105
41119|0x6687b5f|11|456256273
41119|0xe687b5f|12|908407630
41119|0xe687b5f|13|1824262225
41119|0xe687b5f|14|3647135853
41119|0x4e687b5f|15|7254620243
41119|0x4e687b5f|16|16059869039
41119|0x4e687b5f|17|39555738934
41119|0x24e687b5f|18|80788432227
41119|0x24e687b5f|19|129529538106
41119|0x24e687b5f|20|239432830488
41119|0x124e687b5f|21|532168931047
41119|0x324e687b5f|22|1023318653445
41119|0x724e687b5f|23|2210664424185
41119|0x724e687b5f|24|4933784474093
41121|0x14361|1|385096
41121|0x14361|2|918970
41121|0x14361|3|1673182
41121|0x94361|4|3773860
41121|0x194361|5|7307025
41121|0x194361|6|14948863
41121|0x194361|7|29700037
41121|0x194361|8|59227677
41121|0x194361|9|118351500
41121|0x2194361|10|238767393
41121|0x6194361|11|474949301
41121|0x6194361|12|1269631668
41121|0x6194361|13|2999223227
41121|0x26194361|14|6431589056
41121|0x66194361|15|12007630790
41121|0x66194361|16|18884327171
41121|0x66194361|17|37240720569
41121|0x66194361|18|73484215176
41121|0x66194361|19|128660308466
41121|0x66194361|20|261361535111
41121|0x1066194361|21|580451169452
41121|0x3066194361|22|1175129262830
41121|0x7066194361|23|2491622511816
41121|0xf066194361|24|4861192501027
41123|0x1130b|1|405833
41123|0x3130b|2|860822
41123|0x7130b|3|1659649
41123|0xf130b|4|3695401
41123|0xf130b|5|6577723
41123|0xf130b|6|11484792
41123|0xf130b|7|20436270
41123|0x8f130b|8|48076205
41123|0x18f130b|9|95027806
41123|0x38f130b|10|195281246
41123|0x38f130b|11|379006593
41123|0x38f130b|12|781754301
41123|0x138f130b|13|1380431709
41123|0x338f130b|14|2726961553
41123|0x738f130b|15|6260139716
41123|0x738f130b|16|11043543098
41123|0x1738f130b|17|24732482886
41123|0x3738f130b|18|58777216965
41123|0x7738f130b|19|150737500787
41123|0xf738f130b|20|329358724885
41123|0x1f738f130b|21|633027268577
41123|0x1f738f130b|22|863868740973
41123|0x5f738f130b|23|1770461387428
41123|0x5f738f130b|24|4747210008208
41125|0x472d|1|656304
41125|0x2472d|2|1843114
41125|0x6472d|3|1673358
41125|0xe472d|4|3472653
41125|0x1e472d|5|7513565
41125|0x1e472d|6|15071401
41125|0x1e472d|7|37471557
41125|0x1e472d|8|53794266
41125|0x1e472d|9|115759402
41125|0x1e472d|10|197577073
41125|0x1e472d|11|516012411
41125|0x1e472d|12|1164835682
41125|0x1e472d|13|2279419314
41125|0x1e472d|14|5069765184
41125|0x1e472d|15|7077658614
41125|0x1e472d|16|14903916065
41125|0x1001e472d|17|28676761861
41125|0x1001e472d|18|63312017361
41125|0x1001e472d|19|123345437411
41125|0x9001e472d|20|253965967528
41125|0x9001e472d|21|448856431338
41125|0x29001e472d|22|1082851811362
41125|0x29001e472d|23|1972110699996
41125|0xa9001e472d|24|4202554626187
41127|0x10717|1|351506
41127|0x30717|2|845220
41127|0x30717|3|1689944
41127|0xb0717|4|3443836
41127|0xb0717|5|6955787
41127|0x2b0717|6|14207121
41127|0x2b0717|7|28489247
41127|0xab0717|8|56449826
41127|0xab0717|9|112755545
41127|0xab0717|10|225862017
41127|0x4ab0717|11|451690249
41127|0x4ab0717|12|912247930
41127|0x14ab0717|13|1824334225
41127|0x34ab0717|14|3612319886
41127|0x74ab0717|15|7258506680
41127|0x74ab0717|16|19528711538
41127|0x174ab0717|17|31373785133
41127|0x374ab0717|18|69500267471
41127|0x774ab0717|19|132482980883
41127|0xf74ab0717|20|269385425626
41127|0xf74ab0717|21|539419652254
41127|0xf74ab0717|22|948708174711
41127|0xf74ab0717|23|1899038660106
41127|0xf74ab0717|24|3436951389246
41129|0x399|1|390680
41129|0x20399|2|838513
41129|0x60399|3|1689570
41129|0xe0399|4|3459365
41129|0xe0399|5|6996465
41129|0xe0399|6|13980298
41129|0xe0399|7|29130075
41129|0x8e0399|8|58500162
41129|0x8e0399|9|118298238
41129|0x8e0399|10|228594457
41129|0x8e0399|11|360275994
41129|0x8e0399|12|764978715
41129|0x8e0399|13|1440917756
41129|0x208e0399|14|3097053008
41129|0x608e0399|15|5904414440
41129|0xe08e0399|16|12190743699
41129|0x1e08e0399|17|23472464761
41129|0x3e08e0399|18|48714292081
41129|0x3e08e0399|19|116354107445
41129|0xbe08e0399|20|204007692079
41129|0x1be08e0399|21|404304141591
41129|0x1be08e0399|22|850392095154
41129|0x5be08e0399|23|1707802750425
41129|0x5be08e0399|24|3996635007085
41131|0x5a03|1|637117
41131|0x25a03|2|1477774
41131|0x65a03|3|2963863
41131|0x65a03|4|6106959
41131|0x65a03|5|12322810
41131|0x65a03|6|24811082
41131|0x65a03|7|55472654
41131|0x865a03|8|62195134
41131|0x865a03|9|112597076
41131|0x2865a03|10|312107511
41131|0x2865a03|11|624565051
41131|0xa865a03|12|1458929139
41131|0xa865a03|13|2754497663
41131|0xa865a03|14|5030447810
41131|0xa865a03|15|9852889302
41131|0xa865a03|16|13309683237
41131|0x10a865a03|17|29196115967
41131|0x30a865a03|18|59407943740
41131|0x70a865a03|19|118835095210
41131|0xf0a865a03|20|237463797583
41131|0xf0a865a03|21|476071541665
41131|0x2f0a865a03|22|949158648616
41131|0x2f0a865a03|23|2195221960158
41131|0x2f0a865a03|24|5078143592572
41133|0x1c325|1|391309
41133|0x1c325|2|2054381
41133|0x1c325|3|1808350
41133|0x9c325|4|3615350
41133|0x19c325|5|7287624
41133|0x39c325|6|21443365
41133|0x39c325|7|49704294
41133|0x39c325|8|100532220
41133|0x139c325|9|157897904
41133|0x339c325|10|362168802
41133|0x339c325|11|720570647
41133|0xb39c325|12|1367608100
41133|0x1b39c325|13|2725202910
41133|0x1b39c325|14|5517646838
41133|0x1b39c325|15|8541036834
41133|0x9b39c325|16|18036216451
41133|0x19b39c325|17|38977507120
41133|0x39b39c325|18|76737739703
41133|0x79b39c325|19|113472678671
41133|0xf9b39c325|20|276938132765
41133|0x1f9b39c325|21|497725152949
41133|0x3f9b39c325|22|1217166086799
41133|0x3f9b39c325|23|2448014038985
41133|0x3f9b39c325|24|4880509569149
41135|0xb64f|1|664142
41135|0x2b64f|2|1429906
41135|0x6b64f|3|2999893
41135|0xeb64f|4|6067620
41135|0xeb64f|5|12368421
41135|0xeb64f|6|24746900
41135|0xeb64f|7|49620398
41135|0xeb64f|8|99409373
41135|0xeb64f|9|198976668
41135|0xeb64f|10|401524973
41135|0x40eb64f|11|796545210
41135|0xc0eb64f|12|1592995390
41135|0x1c0eb64f|13|3202883810
41135|0x3c0eb64f|14|6427987226
41135|0x7c0eb64f|15|12837681710
41135|0x7c0eb64f|16|25664595626
41135|0x7c0eb64f|17|41180731720
41135|0x27c0eb64f|18|86669637437
41135|0x67c0eb64f|19|200099021771
41135|0xe7c0eb64f|20|325423950336
41135|0x1e7c0eb64f|21|628709669549
41135|0x3e7c0eb64f|22|1373963017871
41135|0x7e7c0eb64f|23|1934906456762
41135|0x7e7c0eb64f|24|3394055540320
41137|0x1a851|1|379097
41137|0x1a851|2|800818
41137|0x1a851|3|1881266
41137|0x9a851|4|3486369
41137|0x9a851|5|7347018
41137|0x29a851|6|14150126
41137|0x29a851|7|25019835
41137|0x29a851|8|43773306
41137|0x29a851|9|111891934
41137|0x229a851|10|228147254
41137|0x229a851|11|352198559
41137|0xa29a851|12|878125902
41137|0x1a29a851|13|1739126607
41137|0x3a29a851|14|3438806061
41137|0x7a29a851|15|7006607214
41137|0xfa29a851|16|12155541010
41137|0x1fa29a851|17|24112328633
41137|0x1fa29a851|18|55187610540
41137|0x1fa29a851|19|104441055180
41137|0x9fa29a851|20|242728729988
41137|0x9fa29a851|21|441259225935
41137|0x9fa29a851|22|1038252821004
41137|0x49fa29a851|23|2056819362276
41137|0xc9fa29a851|24|3944998105700
41139|0x10e7b|1|634507
41139|0x30e7b|2|1430538
41139|0x30e7b|3|2997123
41139|0x30e7b|4|6141581
41139|0x130e7b|5|12349466
41139|0x330e7b|6|24741485
41139|0x730e7b|7|50146859
41139|0xf30e7b|8|100515072
41139|0x1f30e7b|9|196346298
41139|0x3f30e7b|10|227199986
41139|0x7f30e7b|11|453554419
41139|0xff30e7b|12|908132596
41139|0x1ff30e7b|13|1827285602
41139|0x1ff30e7b|14|3642569955
41139|0x5ff30e7b|15|7241059797
41139|0x5ff30e7b|16|15107268130
41139|0x15ff30e7b|17|33468477053
41139|0x35ff30e7b|18|96818958565
41139|0x75ff30e7b|19|149447133123
41139|0x75ff30e7b|20|260825974625
41139|0x75ff30e7b|21|665360848597
41139|0x275ff30e7b|22|1027282556188
41139|0x275ff30e7b|23|2173501116739
41139|0xa75ff30e7b|24|3956132205165
41141|0x14d9d|1|400784
41141|0x34d9d|2|931245
41141|0x34d9d|3|1852153
41141|0xb4d9d|4|3725551
41141|0xb4d9d|5|7415133
41141|0xb4d9d|6|15006886
41141|0xb4d9d|7|29928758
41141|0x8b4d9d|8|59769850
41141|0x18b4d9d|9|118767930
41141|0x18b4d9d|10|240185414
41141|0x18b4d9d|11|480615895
41141|0x98b4d9d|12|911216083
41141|0x198b4d9d|13|1711281420
41141|0x398b4d9d|14|3433734971
41141|0x798b4d9d|15|6827144359
41141|0x798b4d9d|16|13873733887
41141|0x1798b4d9d|17|28692306495
41141|0x3798b4d9d|18|92186428583
41141|0x7798b4d9d|19|149188776362
41141|0x7798b4d9d|20|305997839570
41141|0x7798b4d9d|21|627208778254
41141|0x7798b4d9d|22|1194070187570
41141|0x47798b4d9d|23|2180957409407
41141|0xc7798b4d9d|24|4663015363396
41143|0x3d07|1|338326
41143|0x3d07|2|864434
41143|0x3d07|3|1886208
41143|0x3d07|4|3504648
41143|0x103d07|5|7466596
41143|0x103d07|6|14528961
41143|0x503d07|7|29433128
41143|0xd03d07|8|58963192
41143|0x1d03d07|9|118148390
41143|0x3d03d07|10|238669265
41143|0x3d03d07|11|476308672
41143|0x3d03d07|12|950547195
41143|0x3d03d07|13|1903226702
41143|0x23d03d07|14|3812826107
41143|0x63d03d07|15|7617011992
41143|0xe3d03d07|16|15205455333
41143|0x1e3d03d07|17|29584106959
41143|0x1e3d03d07|18|60279941354
41143|0x5e3d03d07|19|119175554096
41143|0xde3d03d07|20|239145871209
41143|0x1de3d03d07|21|429668210247
41143|0x1de3d03d07|22|890146695794
41143|0x5de3d03d07|23|2224992259654
41143|0xdde3d03d07|24|4089033566515
41145|0x16589|1|338589
41145|0x16589|2|800832
41145|0x16589|3|1764982
41145|0x96589|4|2621185
41145|0x96589|5|5209819
41145|0x96589|6|10953720
41145|0x496589|7|32363723
41145|0xc96589|8|52463522
41145|0x1c96589|9|106005904
41145|0x3c96589|10|210335633
41145|0x7c96589|11|429914304
41145|0x7c96589|12|818147051
41145|0x7c96589|13|1714005409
41145|0x7c96589|14|3793745767
41145|0x7c96589|15|7342169425
41145|0x87c96589|16|14094468932
41145|0x87c96589|17|27728886114
41145|0x87c96589|18|52910623195
41145|0x87c96589|19|109648153946
41145|0x87c96589|20|224759999901
41145|0x87c96589|21|516390103854
41145|0x87c96589|22|839626200835
41145|0x4087c96589|23|1782667726619
41145|0xc087c96589|24|4136835478175
41147|0xa473|1|652620
41147|0xa473|2|3667824
41147|0xa473|3|2964411
41147|0xa473|4|6104711
41147|0xa473|5|12344837
41147|0xa473|6|17983036
41147|0x40a473|7|35045479
41147|0x40a473|8|81698296
41147|0x40a473|9|145375224
41147|0x240a473|10|301530106
41147|0x640a473|11|628277281
41147|0xe40a473|12|1294849950
41147|0x1e40a473|13|2473650902
41147|0x1e40a473|14|2826840459
41147|0x1e40a473|15|5687431314
41147|0x9e40a473|16|12569977168
41147|0x9e40a473|17|27921196998
41147|0x9e40a473|18|68443262884
41147|0x49e40a473|19|139567188387
41147|0xc9e40a473|20|274585730673
41147|0xc9e40a473|21|563341086704
41147|0x2c9e40a473|22|1073753155682
41147|0x2c9e40a473|23|2040431070295
41147|0xac9e40a473|24|4144196920419
41149|0x5a95|1|352157
41149|0x5a95|2|819289
41149|0x5a95|3|1703218
41149|0x5a95|4|3691674
41149|0x5a95|5|7261068
41149|0x205a95|6|10626379
41149|0x205a95|7|23367456
41149|0xa05a95|8|42761933
41149|0x1a05a95|9|99227585
41149|0x1a05a95|10|208093713
41149|0x5a05a95|11|366566150
41149|0x5a05a95|12|753714552
41149|0x5a05a95|13|1332563268
41149|0x25a05a95|14|3079986716
41149|0x25a05a95|15|6133426494
41149|0x25a05a95|16|13925093521
41149|0x25a05a95|17|27168548935
41149|0x25a05a95|18|57383886757
41149|0x25a05a95|19|118364989274
41149|0x25a05a95|20|231555111879
41149|0x25a05a95|21|467859732995
41149|0x2025a05a95|22|926997647835
41149|0x6025a05a95|23|2032939642366
41149|0xe025a05a95|24|4181002049940
41151|0xcf3f|1|388449
41151|0x2cf3f|2|955821
41151|0x2cf3f|3|1882558
41151|0x2cf3f|4|4586156
41151|0x2cf3f|5|6732919
41151|0x22cf3f|6|10487442
41151|0x22cf3f|7|21070533
41151|0xa2cf3f|8|43645009
41151|0x1a2cf3f|9|92156250
41151|0x3a2cf3f|10|201589687
41151|0x3a2cf3f|11|371275415
41151|0xba2cf3f|12|1087183001
41151|0x1ba2cf3f|13|2004518037
41151|0x3ba2cf3f|14|4746165133
41151|0x7ba2cf3f|15|9363863993
41151|0x7ba2cf3f|16|15893653069
41151|0x7ba2cf3f|17|28265878484
41151|0x27ba2cf3f|18|61688850021
41151|0x27ba2cf3f|19|122747178079
41151|0x27ba2cf3f|20|256442772426
41151|0x27ba2cf3f|21|515994318478
41151|0x227ba2cf3f|22|1048890545144
41151|0x227ba2cf3f|23|2119659995614
41151|0x227ba2cf3f|24|3437810402148
41153|0x1ef41|1|392074
41153|0x3ef41|2|931950
41153|0x3ef41|3|1739681
41153|0x3ef41|4|3813320
41153|0x3ef41|5|7323760
41153|0x3ef41|6|14924902
41153|0x3ef41|7|29614928
41153|0x83ef41|8|59259201
41153|0x183ef41|9|119200568
41153|0x383ef41|10|243731411
41153|0x783ef41|11|478816788
41153|0x783ef41|12|941652975
41153|0x783ef41|13|1859177356
41153|0x2783ef41|14|3385049877
41153|0x6783ef41|15|7230327105
41153|0xe783ef41|16|13798688176
41153|0x1e783ef41|17|23738800668
41153|0x3e783ef41|18|54579663196
41153|0x7e783ef41|19|160077985636
41153|0xfe783ef41|20|246233012909
41153|0x1fe783ef41|21|489614549783
41153|0x1fe783ef41|22|1022614762474
41153|0x5fe783ef41|23|1924320202784
41153|0x5fe783ef41|24|4007845747222
41155|0x10feb|1|216427
41155|0x30feb|2|497605
41155|0x30feb|3|1374360
41155|0xb0feb|4|3577309
41155|0xb0feb|5|5305547
41155|0x2b0feb|6|10372095
41155|0x6b0feb|7|26001098
41155|0xeb0feb|8|48699379
41155|0x1eb0feb|9|95304862
41155|0x1eb0feb|10|191548021
41155|0x1eb0feb|11|382272224
41155|0x1eb0feb|12|731879948
41155|0x1eb0feb|13|1541189440
41155|0x21eb0feb|14|3809617235
41155|0x61eb0feb|15|8761379462
41155|0xe1eb0feb|16|16953586562
41155|0x1e1eb0feb|17|29982773316
41155|0x3e1eb0feb|18|68602254233
41155|0x3e1eb0feb|19|139466387136
41155|0xbe1eb0feb|20|243545232802
41155|0xbe1eb0feb|21|495773287038
41155|0xbe1eb0feb|22|1051740550233
41155|0x4be1eb0feb|23|2350693612634
41155|0x4be1eb0feb|24|4418551862774
41157|0x1de0d|1|450540
41157|0x1de0d|2|909927
41157|0x1de0d|3|1832021
41157|0x9de0d|4|3663582
41157|0x9de0d|5|7292376
41157|0x29de0d|6|15041105
41157|0x29de0d|7|30163411
41157|0x29de0d|8|59616304
41157|0x129de0d|9|120443632
41157|0x129de0d|10|241271519
41157|0x129de0d|11|479441632
41157|0x129de0d|12|962968254
41157|0x1129de0d|13|1922860431
41157|0x3129de0d|14|3841595631
41157|0x3129de0d|15|7681048497
41157|0x3129de0d|16|15357916024
41157|0x3129de0d|17|30714663765
41157|0x3129de0d|18|60872545659
41157|0x3129de0d|19|116573091883
41157|0x3129de0d|20|235316402483
41157|0x3129de0d|21|576383582602
41157|0x203129de0d|22|1008411218066
41157|0x203129de0d|23|1885932649027
41157|0xa03129de0d|24|4103555338264
41159|0x20f7|1|352358
41159|0x20f7|2|819223
41159|0x420f7|3|1690199
41159|0x420f7|4|3459865
41159|0x1420f7|5|6969249
41159|0x1420f7|6|13989017
41159|0x5420f7|7|22735496
41159|0x5420f7|8|46044934
41159|0x5420f7|9|89765568
41159|0x25420f7|10|213425494
41159|0x65420f7|11|416751156
41159|0x65420f7|12|1384112866
41159|0x65420f7|13|2535480759
41159|0x65420f7|14|5005678984
41159|0x65420f7|15|9563134423
41159|0x865420f7|16|20270016129
41159|0x1865420f7|17|37782401343
41159|0x1865420f7|18|72352492924
41159|0x5865420f7|19|137893924265
41159|0x5865420f7|20|305327872996
41159|0x5865420f7|21|593778226144
41159|0x5865420f7|22|1151085441984
41159|0x45865420f7|23|2159195765892
41159|0x45865420f7|24|4231760945437
