59395|0x102ab|1|652297
59395|0x302ab|2|1473886
59395|0x702ab|3|3220269
59395|0x702ab|4|22501198
59395|0x702ab|5|13134879
59395|0x702ab|6|26599472
59395|0x702ab|7|53024948
59395|0x8702ab|8|106591643
59395|0x8702ab|9|314870344
59395|0x8702ab|10|424818942
59395|0x48702ab|11|849643463
59395|0xc8702ab|12|1689181360
59395|0xc8702ab|13|3401249601
59395|0xc8702ab|14|6799501696
59395|0xc8702ab|15|13601463676
59395|0x8c8702ab|16|27245455885
59395|0x8c8702ab|17|53725476434
59395|0x8c8702ab|18|110105922735
59395|0x48c8702ab|19|215882759805
59395|0xc8c8702ab|20|425731797478
59395|0xc8c8702ab|21|588875260387
59395|0xc8c8702ab|22|996726442053
59395|0xc8c8702ab|23|1990114644522
59395|0x8c8c8702ab|24|3951573967540
59397|0x1a4cd|1|403808
59397|0x3a4cd|2|826269
59397|0x7a4cd|3|1752508
59397|0x7a4cd|4|3732807
59397|0x7a4cd|5|7411314
59397|0x7a4cd|6|14949807
59397|0x7a4cd|7|30026667
59397|0x87a4cd|8|60306798
59397|0x87a4cd|9|120630661
59397|0x87a4cd|10|552016053
59397|0x87a4cd|11|481545754
59397|0x87a4cd|12|964795952
59397|0x1087a4cd|13|1916471025
59397|0x1087a4cd|14|3863013030
59397|0x5087a4cd|15|7712168344
59397|0xd087a4cd|16|15479929454
59397|0x1d087a4cd|17|30897796955
59397|0x1d087a4cd|18|61409192247
59397|0x5d087a4cd|19|124311593047
59397|0xdd087a4cd|20|250773399907
59397|0xdd087a4cd|21|501177100598
59397|0xdd087a4cd|22|1197237205332
59397|0x4dd087a4cd|23|3467896561022
59397|0xcdd087a4cd|24|6922821105056
59399|0x5b7|1|721570
59399|0x205b7|2|1475283
59399|0x605b7|3|3131172
59399|0xe05b7|4|6415853
59399|0x1e05b7|5|13046158
59399|0x1e05b7|6|26424695
59399|0x1e05b7|7|52998726
59399|0x1e05b7|8|106171451
59399|0x1e05b7|9|220474898
59399|0x21e05b7|10|424714084
59399|0x61e05b7|11|849626658
59399|0x61e05b7|12|1663376057
59399|0x61e05b7|13|3394167860
59399|0x261e05b7|14|6797277655
59399|0x661e05b7|15|13563027416
59399|0x661e05b7|16|27172414031
59399|0x661e05b7|17|54327515372
59399|0x2661e05b7|18|108020724085
59399|0x6661e05b7|19|215935279756
59399|0xe661e05b7|20|432875883913
59399|0x1e661e05b7|21|866801025710
59399|0x3e661e05b7|22|1649629684419
59399|0x7e661e05b7|23|3084291158785
59399|0x7e661e05b7|24|4551896778672
59401|0x12639|1|416089
59401|0x32639|2|859173
59401|0x32639|3|1764056
59401|0x32639|4|3631172
59401|0x32639|5|7574801
59401|0x32639|6|15009799
59401|0x432639|7|30111785
59401|0x432639|8|60134115
59401|0x1432639|9|120350540
59401|0x3432639|10|241166840
59401|0x3432639|11|485661710
59401|0xb432639|12|963702276
59401|0xb432639|13|1931298025
59401|0xb432639|14|3858969136
59401|0x4b432639|15|7915064237
59401|0xcb432639|16|15394074023
59401|0xcb432639|17|31380642569
59401|0xcb432639|18|61427593268
59401|0x4cb432639|19|123815464397
59401|0x4cb432639|20|331882802470
59401|0x4cb432639|21|866172405418
59401|0x24cb432639|22|1732794291819
59401|0x24cb432639|23|3468019318458
59401|0xa4cb432639|24|6775092094285
59403|0x63a3|1|404678
59403|0x63a3|2|2029022
59403|0x63a3|3|1757245
59403|0x63a3|4|3636858
59403|0x1063a3|5|7609787
59403|0x1063a3|6|15055151
59403|0x1063a3|7|30143883
59403|0x1063a3|8|87461850
59403|0x11063a3|9|153037269
59403|0x31063a3|10|266368285
59403|0x71063a3|11|507340775
59403|0xf1063a3|12|965223633
59403|0xf1063a3|13|1933409495
59403|0xf1063a3|14|3946064890
59403|0xf1063a3|15|7703951446
59403|0x8f1063a3|16|15857488756
59403|0x18f1063a3|17|31203907584
59403|0x18f1063a3|18|61603605243
59403|0x18f1063a3|19|125842145501
59403|0x98f1063a3|20|251652118222
59403|0x198f1063a3|21|495165714754
59403|0x198f1063a3|22|1294702151344
59403|0x598f1063a3|23|2537194189683
59403|0xd98f1063a3|24|4931807666771
59405|0x1a6c5|1|410625
59405|0x1a6c5|2|826780
59405|0x1a6c5|3|1812748
59405|0x9a6c5|4|3821607
59405|0x9a6c5|5|8398809
59405|0x29a6c5|6|19067181
59405|0x69a6c5|7|30142875
59405|0xe9a6c5|8|60387153
59405|0x1e9a6c5|9|188576963
59405|0x1e9a6c5|10|318489201
59405|0x1e9a6c5|11|605843211
59405|0x9e9a6c5|12|1232281001
59405|0x9e9a6c5|13|2481760627
59405|0x9e9a6c5|14|5117649338
59405|0x49e9a6c5|15|9771536633
59405|0xc9e9a6c5|16|19900256464
59405|0xc9e9a6c5|17|38859844711
59405|0x2c9e9a6c5|18|79137323815
59405|0x2c9e9a6c5|19|156925308711
59405|0x2c9e9a6c5|20|319092768588
59405|0x2c9e9a6c5|21|688610213962
59405|0x22c9e9a6c5|22|1206359681264
59405|0x62c9e9a6c5|23|3070630865714
59405|0x62c9e9a6c5|24|3995906964833
59407|0x106ef|1|368857
59407|0x106ef|2|826258
59407|0x106ef|3|1740565
59407|0x906ef|4|3588384
59407|0x1906ef|5|7564992
59407|0x1906ef|6|15004005
59407|0x5906ef|7|30049567
59407|0xd906ef|8|60387430
59407|0x1d906ef|9|132177624
59407|0x3d906ef|10|242103902
59407|0x3d906ef|11|482956155
59407|0xbd906ef|12|934013234
59407|0xbd906ef|13|1956279814
59407|0x2bd906ef|14|3872258752
59407|0x6bd906ef|15|7731446525
59407|0x6bd906ef|16|15464126090
59407|0x16bd906ef|17|30938127512
59407|0x36bd906ef|18|62078563820
59407|0x36bd906ef|19|123576227933
59407|0x36bd906ef|20|413564031340
59407|0x136bd906ef|21|870465299381
59407|0x336bd906ef|22|1449924097225
59407|0x736bd906ef|23|3096443109228
59407|0xf36bd906ef|24|3935313074989
59409|0x108f1|1|655809
59409|0x108f1|2|1503389
59409|0x508f1|3|3107968
59409|0x508f1|4|6429973
59409|0x1508f1|5|13106963
59409|0x1508f1|6|26464005
59409|0x1508f1|7|52945325
59409|0x9508f1|8|106318481
59409|0x9508f1|9|212771584
59409|0x29508f1|10|425680580
59409|0x69508f1|11|849712191
59409|0x69508f1|12|1702779985
59409|0x69508f1|13|3404906851
59409|0x69508f1|14|6808395558
59409|0x69508f1|15|13616374978
59409|0x869508f1|16|27228978692
59409|0x869508f1|17|54155959740
59409|0x869508f1|18|108368265769
59409|0x869508f1|19|216861705341
59409|0x869508f1|20|420132155663
59409|0x869508f1|21|688003031361
59409|0x869508f1|22|982888864748
59409|0x869508f1|23|2032140813967
59409|0x869508f1|24|4199456311634
59411|0x1221b|1|401379
59411|0x3221b|2|835052
59411|0x7221b|3|1994256
59411|0x7221b|4|3775880
59411|0x17221b|5|7926547
59411|0x37221b|6|15834018
59411|0x37221b|7|31764165
59411|0x37221b|8|63891991
59411|0x137221b|9|127427081
59411|0x337221b|10|255009313
59411|0x737221b|11|511208409
59411|0x737221b|12|1022776354
59411|0x737221b|13|2043388829
59411|0x737221b|14|4089636379
59411|0x737221b|15|8167338408
59411|0x8737221b|16|16343171894
59411|0x8737221b|17|32480143435
59411|0x8737221b|18|65106168446
59411|0x48737221b|19|130325499569
59411|0x48737221b|20|260252379721
59411|0x48737221b|21|520661125145
59411|0x248737221b|22|1041976550232
59411|0x648737221b|23|2083860372366
59411|0x648737221b|24|4180321795117
59413|0x1a73d|1|379649
59413|0x3a73d|2|843561
59413|0x7a73d|3|1778789
59413|0x7a73d|4|3605436
59413|0x17a73d|5|7593152
59413|0x17a73d|6|15123482
59413|0x17a73d|7|29936568
59413|0x97a73d|8|69804450
59413|0x97a73d|9|199337519
59413|0x97a73d|10|316428278
59413|0x497a73d|11|618730307
59413|0x497a73d|12|1194808525
59413|0x1497a73d|13|2441115210
59413|0x3497a73d|14|4913758641
59413|0x7497a73d|15|9856213405
59413|0x7497a73d|16|19687668419
59413|0x17497a73d|17|39778852063
59413|0x17497a73d|18|78789101649
59413|0x17497a73d|19|141175708047
59413|0x97497a73d|20|264792218951
59413|0x197497a73d|21|611484655529
59413|0x197497a73d|22|1118709512570
59413|0x597497a73d|23|2041975559307
59413|0x597497a73d|24|4383804497465
59415|0xcfa7|1|377780
59415|0x2cfa7|2|843324
59415|0x2cfa7|3|1763811
59415|0x2cfa7|4|3627375
59415|0x12cfa7|5|5375374
59415|0x32cfa7|6|10002517
59415|0x72cfa7|7|24253369
59415|0xf2cfa7|8|51204081
59415|0xf2cfa7|9|104218946
59415|0x2f2cfa7|10|217545363
59415|0x2f2cfa7|11|428851007
59415|0x2f2cfa7|12|837996112
59415|0x12f2cfa7|13|1622505604
59415|0x12f2cfa7|14|3288147880
59415|0x52f2cfa7|15|6428557161
59415|0xd2f2cfa7|16|12820202876
59415|0x1d2f2cfa7|17|25754290775
59415|0x3d2f2cfa7|18|51651692909
59415|0x7d2f2cfa7|19|103730914967
59415|0x7d2f2cfa7|20|207776253984
59415|0x7d2f2cfa7|21|512860704977
59415|0x27d2f2cfa7|22|1133084685991
59415|0x67d2f2cfa7|23|2438640605044
59415|0xe7d2f2cfa7|24|3953683059117
59417|0x1f429|1|421624
59417|0x3f429|2|825973
59417|0x3f429|3|1771242
59417|0xbf429|4|3569255
59417|0x1bf429|5|7571536
59417|0x1bf429|6|15025978
59417|0x1bf429|7|30378705
59417|0x1bf429|8|60928298
59417|0x1bf429|9|122032185
59417|0x1bf429|10|243841827
59417|0x1bf429|11|486782401
59417|0x81bf429|12|976194769
59417|0x81bf429|13|1954741943
59417|0x281bf429|14|3896083864
59417|0x681bf429|15|7766904385
59417|0xe81bf429|16|15574377127
59417|0xe81bf429|17|30823738153
59417|0xe81bf429|18|61817652027
59417|0xe81bf429|19|123968006745
59417|0xe81bf429|20|248710100151
59417|0x10e81bf429|21|502064757137
59417|0x10e81bf429|22|1367947813528
59417|0x10e81bf429|23|2691431311650
59417|0x10e81bf429|24|5403627276945
59419|0xb213|1|675328
59419|0xb213|2|3637242
59419|0x4b213|3|3190396
59419|0x4b213|4|6463344
59419|0x4b213|5|13143263
59419|0x24b213|6|26465199
59419|0x64b213|7|52944630
59419|0x64b213|8|106048124
59419|0x64b213|9|210020265
59419|0x64b213|10|425777146
59419|0x464b213|11|736469026
59419|0xc64b213|12|1314835007
59419|0x1c64b213|13|2591123069
59419|0x1c64b213|14|5216913000
59419|0x5c64b213|15|10460504751
59419|0x5c64b213|16|20580273982
59419|0x15c64b213|17|45436880523
59419|0x15c64b213|18|107658921863
59419|0x15c64b213|19|201023881249
59419|0x15c64b213|20|311065512531
59419|0x15c64b213|21|672121961136
59419|0x215c64b213|22|1305719135428
59419|0x615c64b213|23|2103329432620
59419|0x615c64b213|24|5881015143656
59421|0x11a35|1|658326
59421|0x11a35|2|1513075
59421|0x11a35|3|3107947
59421|0x11a35|4|6435666
59421|0x11a35|5|13072590
59421|0x211a35|6|26384857
59421|0x211a35|7|52819881
59421|0xa11a35|8|106224814
59421|0xa11a35|9|212689461
59421|0x2a11a35|10|424491748
59421|0x6a11a35|11|851294195
59421|0x6a11a35|12|1702784690
59421|0x6a11a35|13|3396849104
59421|0x6a11a35|14|5106908545
59421|0x46a11a35|15|9916321876
59421|0x46a11a35|16|19733661523
59421|0x46a11a35|17|39541474728
59421|0x246a11a35|18|83427890779
59421|0x646a11a35|19|193692181629
59421|0xe46a11a35|20|345064335479
59421|0xe46a11a35|21|610988493529
59421|0x2e46a11a35|22|1456671205981
59421|0x6e46a11a35|23|3267385641651
59421|0xee46a11a35|24|4811244446561
59423|0x93df|1|424265
59423|0x93df|2|843274
59423|0x493df|3|1850607
59423|0x493df|4|3912611
59423|0x1493df|5|7967130
59423|0x1493df|6|15946101
59423|0x1493df|7|31662895
59423|0x9493df|8|63585987
59423|0x9493df|9|127653615
59423|0x9493df|10|255136164
59423|0x9493df|11|485244714
59423|0x89493df|12|1297356873
59423|0x189493df|13|2544831781
59423|0x389493df|14|4784622502
59423|0x389493df|15|6725667874
59423|0xb89493df|16|13460596275
59423|0x1b89493df|17|27287507586
59423|0x1b89493df|18|61753695616
59423|0x5b89493df|19|135576218611
59423|0xdb89493df|20|368463397509
59423|0x1db89493df|21|547966397397
59423|0x3db89493df|22|908696270037
59423|0x7db89493df|23|2569911844751
59423|0xfdb89493df|24|5154153240613
59425|0x9be1|1|366073
59425|0x9be1|2|826513
59425|0x9be1|3|1764724
59425|0x89be1|4|3839310
59425|0x89be1|5|7304564
59425|0x289be1|6|15248401
59425|0x289be1|7|30059452
59425|0xa89be1|8|60852689
59425|0x1a89be1|9|121159570
59425|0x1a89be1|10|243125385
59425|0x5a89be1|11|484516279
59425|0xda89be1|12|968046125
59425|0x1da89be1|13|1936380454
59425|0x3da89be1|14|3869260955
59425|0x7da89be1|15|7746532461
59425|0x7da89be1|16|15493392135
59425|0x17da89be1|17|30960359671
59425|0x37da89be1|18|61513693322
59425|0x77da89be1|19|123796755311
59425|0xf7da89be1|20|254613793650
59425|0xf7da89be1|21|479092119172
59425|0x2f7da89be1|22|997154403369
59425|0x2f7da89be1|23|2019275615553
59425|0x2f7da89be1|24|4100015756317
59427|0x1078b|1|404894
59427|0x3078b|2|843263
59427|0x3078b|3|1766443
59427|0x3078b|4|3637354
59427|0x3078b|5|7612320
59427|0x3078b|6|15056945
59427|0x43078b|7|22550030
59427|0x43078b|8|68738221
59427|0x43078b|9|110333616
59427|0x43078b|10|207418736
59427|0x43078b|11|426736009
59427|0x843078b|12|827014684
59427|0x843078b|13|1618190538
59427|0x2843078b|14|3352072464
59427|0x6843078b|15|6459761135
59427|0x6843078b|16|13056877907
59427|0x16843078b|17|25792603728
59427|0x36843078b|18|51302098870
59427|0x76843078b|19|104682702146
59427|0x76843078b|20|231133402055
59427|0x76843078b|21|591180224128
59427|0x76843078b|22|1201666180516
59427|0x76843078b|23|2628461741502
59427|0x876843078b|24|4788735481263
59429|0xf3ad|1|368907
59429|0xf3ad|2|826440
59429|0xf3ad|3|1853971
59429|0x8f3ad|4|3769954
59429|0x8f3ad|5|7295561
59429|0x28f3ad|6|23628566
59429|0x68f3ad|7|53060561
59429|0x68f3ad|8|66873316
59429|0x68f3ad|9|155487329
59429|0x68f3ad|10|309997388
59429|0x468f3ad|11|604878178
59429|0x468f3ad|12|1238222780
59429|0x468f3ad|13|2490223095
59429|0x468f3ad|14|4436867021
59429|0x4468f3ad|15|9881333402
59429|0x4468f3ad|16|18821153631
59429|0x14468f3ad|17|26103888711
59429|0x34468f3ad|18|53595504720
59429|0x34468f3ad|19|105837294784
59429|0xb4468f3ad|20|218062435051
59429|0xb4468f3ad|21|688139696597
59429|0x2b4468f3ad|22|1164966583025
59429|0x6b4468f3ad|23|2297169409404
59429|0xeb4468f3ad|24|4852977802035
59431|0x797|1|377624
59431|0x20797|2|854622
59431|0x20797|3|1918770
59431|0x20797|4|3793799
59431|0x120797|5|8004157
59431|0x320797|6|15824733
59431|0x320797|7|31669886
59431|0xb20797|8|63957783
59431|0xb20797|9|127544630
59431|0x2b20797|10|254675377
59431|0x2b20797|11|553110844
59431|0x2b20797|12|1444570365
59431|0x2b20797|13|3460690186
59431|0x2b20797|14|6798697111
59431|0x42b20797|15|13649569280
59431|0xc2b20797|16|27203688391
59431|0x1c2b20797|17|47980857907
59431|0x3c2b20797|18|62325991526
59431|0x7c2b20797|19|121432720289
59431|0x7c2b20797|20|242986298149
59431|0x7c2b20797|21|464396688730
59431|0x27c2b20797|22|1358770374957
59431|0x27c2b20797|23|2507211049748
59431|0xa7c2b20797|24|4796469688017
59433|0x13419|1|655820
59433|0x13419|2|1475442
59433|0x13419|3|3135437
59433|0x93419|4|6410682
59433|0x193419|5|13077754
59433|0x193419|6|26372076
59433|0x593419|7|45877403
59433|0xd93419|8|96837244
59433|0xd93419|9|186460180
59433|0x2d93419|10|356228370
59433|0x6d93419|11|751050124
59433|0x6d93419|12|1490920404
59433|0x16d93419|13|3093084160
59433|0x16d93419|14|5902406118
59433|0x16d93419|15|11252877718
59433|0x96d93419|16|22800505140
59433|0x196d93419|17|45529883783
59433|0x396d93419|18|93409175634
59433|0x396d93419|19|179237237041
59433|0xb96d93419|20|279704280825
59433|0x1b96d93419|21|515354606515
59433|0x3b96d93419|22|1092283034118
59433|0x7b96d93419|23|1950740026538
59433|0xfb96d93419|24|4480627014139
59435|0x9683|1|670189
59435|0x9683|2|1506579
59435|0x9683|3|3179373
59435|0x9683|4|6488261
59435|0x9683|5|13146260
59435|0x9683|6|26408324
59435|0x9683|7|53009836
59435|0x809683|8|106247441
59435|0x809683|9|212274706
59435|0x2809683|10|206971749
59435|0x6809683|11|454577094
59435|0x6809683|12|981799491
59435|0x6809683|13|2980212949
59435|0x26809683|14|5624650529
59435|0x26809683|15|13600411417
59435|0x26809683|16|27210284078
59435|0x126809683|17|50849374269
59435|0x326809683|18|80492530291
59435|0x726809683|19|128897764605
59435|0xf26809683|20|281924214570
59435|0x1f26809683|21|472495508837
59435|0x3f26809683|22|1079917022263
59435|0x3f26809683|23|2434870078473
59435|0xbf26809683|24|4654393789612
59437|0x1a7a5|1|727837
59437|0x1a7a5|2|1506188
59437|0x1a7a5|3|3175368
59437|0x9a7a5|4|6487010
59437|0x9a7a5|5|9919167
59437|0x29a7a5|6|20108840
59437|0x69a7a5|7|52877678
59437|0xe9a7a5|8|94004629
59437|0x1e9a7a5|9|194906617
59437|0x3e9a7a5|10|390135615
59437|0x3e9a7a5|11|736615111
59437|0x3e9a7a5|12|1539937604
59437|0x13e9a7a5|13|3096736404
59437|0x13e9a7a5|14|5675053949
59437|0x53e9a7a5|15|11162952204
59437|0xd3e9a7a5|16|19825766605
59437|0x1d3e9a7a5|17|38203407441
59437|0x3d3e9a7a5|18|51605322326
59437|0x3d3e9a7a5|19|103143812765
59437|0xbd3e9a7a5|20|211117475487
59437|0xbd3e9a7a5|21|616133586208
59437|0x2bd3e9a7a5|22|1378784152255
59437|0x6bd3e9a7a5|23|2517365124700
59437|0x6bd3e9a7a5|24|4646136313836
59439|0x15ecf|1|737903
59439|0x15ecf|2|1493744
59439|0x55ecf|3|3148836
59439|0xd5ecf|4|6452020
59439|0xd5ecf|5|13087131
59439|0x2d5ecf|6|26445294
59439|0x6d5ecf|7|53011985
59439|0x6d5ecf|8|106194730
59439|0x6d5ecf|9|212594648
59439|0x26d5ecf|10|425299577
59439|0x26d5ecf|11|850402356
59439|0x26d5ecf|12|1700909787
59439|0x126d5ecf|13|3393814459
59439|0x126d5ecf|14|6788273633
59439|0x126d5ecf|15|13579827900
59439|0x926d5ecf|16|27210975157
59439|0x926d5ecf|17|53784041131
59439|0x2926d5ecf|18|91346007397
59439|0x6926d5ecf|19|159901432232
59439|0xe926d5ecf|20|332470434148
59439|0xe926d5ecf|21|582088888481
59439|0x2e926d5ecf|22|1056009380523
59439|0x6e926d5ecf|23|2087816765624
59439|0x6e926d5ecf|24|4173331247791
59441|0x170d1|1|430335
59441|0x170d1|2|895019
59441|0x570d1|3|1794026
59441|0xd70d1|4|3939947
59441|0x1d70d1|5|7931290
59441|0x3d70d1|6|15922995
59441|0x3d70d1|7|28849593
59441|0x3d70d1|8|63778959
59441|0x3d70d1|9|127576708
59441|0x23d70d1|10|254675805
59441|0x63d70d1|11|510701962
59441|0x63d70d1|12|1047341249
59441|0x63d70d1|13|2039522368
59441|0x263d70d1|14|3962019511
59441|0x263d70d1|15|8907137424
59441|0x263d70d1|16|16479196720
59441|0x1263d70d1|17|32953498473
59441|0x1263d70d1|18|65785243659
59441|0x1263d70d1|19|130276507401
59441|0x1263d70d1|20|259790102524
59441|0x1263d70d1|21|519989689085
59441|0x21263d70d1|22|1042041408793
59441|0x21263d70d1|23|2086118950948
59441|0x21263d70d1|24|4190282535034
59443|0x52fb|1|403348
59443|0x52fb|2|826177
59443|0x452fb|3|1925990
59443|0x452fb|4|3780877
59443|0x1452fb|5|7998703
59443|0x1452fb|6|15767098
59443|0x5452fb|7|31652817
59443|0x5452fb|8|63851456
59443|0x5452fb|9|127323481
59443|0x5452fb|10|255440967
59443|0x45452fb|11|479777627
59443|0xc5452fb|12|1021735024
59443|0xc5452fb|13|2039899387
59443|0x2c5452fb|14|4085930861
59443|0x6c5452fb|15|8452666650
59443|0x6c5452fb|16|16423339457
59443|0x6c5452fb|17|32594711993
59443|0x26c5452fb|18|64921243993
59443|0x26c5452fb|19|131015924524
59443|0xa6c5452fb|20|262422208050
59443|0xa6c5452fb|21|526237085459
59443|0xa6c5452fb|22|1079875679833
59443|0x4a6c5452fb|23|2105789340078
59443|0x4a6c5452fb|24|4169745722296
59445|0x12a1d|1|443591
59445|0x12a1d|2|939224
59445|0x12a1d|3|1857474
59445|0x92a1d|4|3921703
59445|0x192a1d|5|7732227
59445|0x392a1d|6|15926564
59445|0x392a1d|7|32022276
59445|0x392a1d|8|63949137
59445|0x392a1d|9|128176091
59445|0x2392a1d|10|256315166
59445|0x6392a1d|11|512140508
59445|0xe392a1d|12|1021948185
59445|0xe392a1d|13|2049269366
59445|0xe392a1d|14|4812519610
59445|0x4e392a1d|15|8178470166
59445|0x4e392a1d|16|16422744827
59445|0x4e392a1d|17|32814805633
59445|0x4e392a1d|18|64768260171
59445|0x44e392a1d|19|134969967359
59445|0xc4e392a1d|20|372680250110
59445|0x1c4e392a1d|21|538579931352
59445|0x1c4e392a1d|22|1323044339325
59445|0x5c4e392a1d|23|2172348722233
59445|0x5c4e392a1d|24|5048479987356
59447|0x14d87|1|428590
59447|0x34d87|2|1187952
59447|0x34d87|3|1827955
59447|0xb4d87|4|3884008
59447|0x1b4d87|5|7910692
59447|0x3b4d87|6|15834273
59447|0x3b4d87|7|31792916
59447|0x3b4d87|8|63142968
59447|0x13b4d87|9|126250845
59447|0x33b4d87|10|252433516
59447|0x33b4d87|11|535101199
59447|0x33b4d87|12|1049718802
59447|0x133b4d87|13|2066820212
59447|0x333b4d87|14|4071066487
59447|0x733b4d87|15|8230872849
59447|0xf33b4d87|16|16338153741
59447|0xf33b4d87|17|32645463088
59447|0x2f33b4d87|18|96291006316
59447|0x2f33b4d87|19|215180361861
59447|0x2f33b4d87|20|291889437372
59447|0x12f33b4d87|21|437410130378
59447|0x12f33b4d87|22|1017182696215
59447|0x12f33b4d87|23|2205362650706
59447|0x92f33b4d87|24|4685163691242
59449|0x8609|1|419620
59449|0x28609|2|828223
59449|0x28609|3|1883593
59449|0xa8609|4|3860890
59449|0x1a8609|5|7871007
59449|0x3a8609|6|15678137
59449|0x3a8609|7|31597840
59449|0xba8609|8|63192909
59449|0x1ba8609|9|126564249
59449|0x1ba8609|10|252807012
59449|0x5ba8609|11|505755754
59449|0x5ba8609|12|1012712694
59449|0x15ba8609|13|2088711247
59449|0x35ba8609|14|4157340970
59449|0x35ba8609|15|8098486544
59449|0x35ba8609|16|16187525921
59449|0x135ba8609|17|32852931516
59449|0x335ba8609|18|64821588863
59449|0x335ba8609|19|128879161247
59449|0xb35ba8609|20|282760936980
59449|0x1b35ba8609|21|472482263861
59449|0x1b35ba8609|22|1053548270090
59449|0x5b35ba8609|23|2527280042220
59449|0x5b35ba8609|24|4530797214511
59451|0x1b0f3|1|389600
59451|0x1b0f3|2|2088343
59451|0x1b0f3|3|2009301
59451|0x1b0f3|4|3728709
59451|0x1b0f3|5|7796836
59451|0x1b0f3|6|15801608
59451|0x41b0f3|7|31547843
59451|0xc1b0f3|8|63345698
59451|0x1c1b0f3|9|127040237
59451|0x1c1b0f3|10|253314135
59451|0x1c1b0f3|11|507939614
59451|0x1c1b0f3|12|1020488351
59451|0x11c1b0f3|13|2077264390
59451|0x31c1b0f3|14|4067208227
59451|0x31c1b0f3|15|8274213022
59451|0x31c1b0f3|16|16434724964
59451|0x131c1b0f3|17|32978505518
59451|0x331c1b0f3|18|68248860269
59451|0x731c1b0f3|19|168602172785
59451|0x731c1b0f3|20|365196911662
59451|0x731c1b0f3|21|636195764354
59451|0x731c1b0f3|22|994196392916
59451|0x4731c1b0f3|23|2194279839907
59451|0xc731c1b0f3|24|4142446187428
59453|0xef15|1|405025
59453|0xef15|2|1075823
59453|0x4ef15|3|1915328
59453|0xcef15|4|3584152
59453|0xcef15|5|5948921
59453|0xcef15|6|10671861
59453|0x4cef15|7|27610305
59453|0x4cef15|8|51739554
59453|0x14cef15|9|99919482
59453|0x14cef15|10|215815700
59453|0x14cef15|11|426578307
59453|0x94cef15|12|839934604
59453|0x194cef15|13|1707222118
59453|0x194cef15|14|3256646945
59453|0x594cef15|15|8151104971
59453|0x594cef15|16|16327814273
59453|0x1594cef15|17|32673348685
59453|0x1594cef15|18|64840822071
59453|0x1594cef15|19|130641412839
59453|0x1594cef15|20|255706136394
59453|0x1594cef15|21|515261701569
59453|0x1594cef15|22|1129194007715
59453|0x41594cef15|23|2225532474118
59453|0xc1594cef15|24|4291082685127
59455|0x107bf|1|367899
59455|0x307bf|2|837671
59455|0x707bf|3|1740175
59455|0x707bf|4|3839882
59455|0x707bf|5|7350092
59455|0x707bf|6|15005363
59455|0x4707bf|7|23931313
59455|0xc707bf|8|55967444
59455|0xc707bf|9|113894336
59455|0xc707bf|10|212502150
59455|0xc707bf|11|451665717
59455|0xc707bf|12|869145331
59455|0x10c707bf|13|1720872129
59455|0x10c707bf|14|3437569939
59455|0x10c707bf|15|6919794272
59455|0x90c707bf|16|19658770999
59455|0x90c707bf|17|38982998705
59455|0x90c707bf|18|66245092627
59455|0x90c707bf|19|130970408379
59455|0x890c707bf|20|249760623140
59455|0x1890c707bf|21|613190044183
59455|0x1890c707bf|22|1044941113893
59455|0x5890c707bf|23|2226802192686
59455|0x5890c707bf|24|4390992845556
59457|0x127c1|1|664351
59457|0x327c1|2|1510043
59457|0x727c1|3|3108835
59457|0xf27c1|4|6435612
59457|0xf27c1|5|13096275
59457|0x2f27c1|6|26442946
59457|0x2f27c1|7|53030599
59457|0x2f27c1|8|106288886
59457|0x2f27c1|9|212704465
59457|0x2f27c1|10|424476588
59457|0x2f27c1|11|851019335
59457|0x82f27c1|12|1698341981
59457|0x182f27c1|13|3403827285
59457|0x382f27c1|14|6423679389
59457|0x382f27c1|15|8203931876
59457|0x382f27c1|16|27191661649
59457|0x1382f27c1|17|53292074236
59457|0x3382f27c1|18|98414366074
59457|0x7382f27c1|19|131004039132
59457|0x7382f27c1|20|296663081338
59457|0x7382f27c1|21|558451338558
59457|0x7382f27c1|22|1036977972978
59457|0x47382f27c1|23|2315943072327
59457|0x47382f27c1|24|4888218210174
59459|0xa46b|1|436548
59459|0xa46b|2|964410
59459|0x4a46b|3|1764349
59459|0xca46b|4|4002151
59459|0x1ca46b|5|7910007
59459|0x1ca46b|6|15996285
59459|0x1ca46b|7|31827564
59459|0x9ca46b|8|64012780
59459|0x9ca46b|9|127394134
59459|0x29ca46b|10|255661355
59459|0x69ca46b|11|511404132
59459|0x69ca46b|12|948115953
59459|0x169ca46b|13|1820751494
59459|0x369ca46b|14|3447159040
59459|0x769ca46b|15|7961887681
59459|0x769ca46b|16|16104123492
59459|0x1769ca46b|17|44222449279
59459|0x1769ca46b|18|94022381249
59459|0x1769ca46b|19|154513108987
59459|0x1769ca46b|20|349860419172
59459|0x1769ca46b|21|561038820364
59459|0x21769ca46b|22|1206151143242
59459|0x61769ca46b|23|2257294713954
59459|0x61769ca46b|24|4687271631852
59461|0x1ea8d|1|458316
59461|0x1ea8d|2|892784
59461|0x5ea8d|3|1754233
59461|0xdea8d|4|3920214
59461|0x1dea8d|5|7706471
59461|0x3dea8d|6|15802255
59461|0x7dea8d|7|31538044
59461|0xfdea8d|8|63424964
59461|0x1fdea8d|9|126879934
59461|0x3fdea8d|10|253369965
59461|0x3fdea8d|11|507469112
59461|0x3fdea8d|12|1012759776
59461|0x13fdea8d|13|2029485812
59461|0x13fdea8d|14|4049059408
59461|0x13fdea8d|15|8094595797
59461|0x93fdea8d|16|16197504334
59461|0x93fdea8d|17|33827645006
59461|0x293fdea8d|18|95884633632
59461|0x293fdea8d|19|126776319139
59461|0x293fdea8d|20|273290324149
59461|0x1293fdea8d|21|602867852653
59461|0x3293fdea8d|22|1036670244905
59461|0x7293fdea8d|23|2137698057446
59461|0x7293fdea8d|24|4763001746897
59463|0x4177|1|378794
59463|0x24177|2|826242
59463|0x64177|3|1740842
59463|0x64177|4|3579397
59463|0x164177|5|7553147
59463|0x164177|6|14973017
59463|0x164177|7|30123702
59463|0x964177|8|60650669
59463|0x1964177|9|121070808
59463|0x1964177|10|241856234
59463|0x5964177|11|484896532
59463|0xd964177|12|969897124
59463|0x1d964177|13|1940523383
59463|0x3d964177|14|3879277894
59463|0x7d964177|15|7744392850
59463|0x7d964177|16|15506588534
59463|0x17d964177|17|31062118698
59463|0x37d964177|18|62264381624
59463|0x37d964177|19|128807875734
59463|0xb7d964177|20|258014844119
59463|0xb7d964177|21|518341213145
59463|0xb7d964177|22|1032742590883
59463|0xb7d964177|23|2429600585767
59463|0xb7d964177|24|4885433459649
59465|0x189f9|1|243580
59465|0x389f9|2|506488
59465|0x789f9|3|1220745
59465|0x789f9|4|2473049
59465|0x1789f9|5|4974631
59465|0x1789f9|6|11892649
59465|0x5789f9|7|28865146
59465|0x5789f9|8|56904864
59465|0x5789f9|9|155772037
59465|0x25789f9|10|321634717
59465|0x25789f9|11|606106916
59465|0x25789f9|12|1454309965
59465|0x25789f9|13|2597587883
59465|0x25789f9|14|5694220652
59465|0x25789f9|15|13610065292
59465|0x25789f9|16|26728143066
59465|0x25789f9|17|39986679132
59465|0x25789f9|18|70424122830
59465|0x25789f9|19|124889550730
59465|0x25789f9|20|282439580635
59465|0x25789f9|21|526821114491
59465|0x20025789f9|22|1255609042052
59465|0x60025789f9|23|2340817110641
59465|0xe0025789f9|24|5098850491510
59467|0x1a163|1|672896
59467|0x1a163|2|1506451
59467|0x5a163|3|3176051
59467|0xda163|4|6492955
59467|0xda163|5|13134587
59467|0xda163|6|26490799
59467|0x4da163|7|53061298
59467|0x4da163|8|106374384
59467|0x14da163|9|212820833
59467|0x14da163|10|426091067
59467|0x54da163|11|852222555
59467|0xd4da163|12|1703308084
59467|0xd4da163|13|3401043620
59467|0xd4da163|14|6801838901
59467|0x4d4da163|15|13617800751
59467|0x4d4da163|16|27207575419
59467|0x14d4da163|17|36326223713
59467|0x14d4da163|18|74163330439
59467|0x14d4da163|19|143196833695
59467|0x14d4da163|20|282178935880
59467|0x114d4da163|21|697231884906
59467|0x314d4da163|22|1433414967635
59467|0x314d4da163|23|2927882050662
59467|0xb14d4da163|24|4957883834117
59469|0x9085|1|419187
59469|0x9085|2|958256
59469|0x49085|3|1987925
59469|0xc9085|4|3887148
59469|0xc9085|5|7843350
59469|0xc9085|6|15984270
59469|0x4c9085|7|31999587
59469|0x4c9085|8|63868383
59469|0x4c9085|9|128288086
59469|0x24c9085|10|255322984
59469|0x64c9085|11|515373893
59469|0xe4c9085|12|1021814169
59469|0x1e4c9085|13|2053068331
59469|0x1e4c9085|14|4116197335
59469|0x1e4c9085|15|8220691767
59469|0x9e4c9085|16|16421698566
59469|0x19e4c9085|17|32539725249
59469|0x39e4c9085|18|65068548265
59469|0x79e4c9085|19|130166052825
59469|0x79e4c9085|20|260079671372
59469|0x79e4c9085|21|796283990456
59469|0x79e4c9085|22|1152905512785
59469|0x479e4c9085|23|2627546814301
59469|0x479e4c9085|24|5427633888522
59471|0x12eaf|1|676114
59471|0x12eaf|2|1530326
59471|0x52eaf|3|3122599
59471|0xd2eaf|4|6444810
59471|0xd2eaf|5|13114347
59471|0x2d2eaf|6|26439255
59471|0x6d2eaf|7|53052973
59471|0x6d2eaf|8|106418517
59471|0x6d2eaf|9|212452940
59471|0x6d2eaf|10|424909664
59471|0x46d2eaf|11|863246223
59471|0x46d2eaf|12|1704461871
59471|0x146d2eaf|13|3400598711
59471|0x146d2eaf|14|6816829836
59471|0x546d2eaf|15|13638638661
59471|0x546d2eaf|16|27254999038
59471|0x1546d2eaf|17|54459715268
59471|0x1546d2eaf|18|108244913015
59471|0x5546d2eaf|19|205983067321
59471|0xd546d2eaf|20|418745823605
59471|0xd546d2eaf|21|833260255212
59471|0x2d546d2eaf|22|1119380913041
59471|0x2d546d2eaf|23|2094456860926
59471|0xad546d2eaf|24|4498625507690
59473|0x160b1|1|367830
59473|0x160b1|2|931039
59473|0x160b1|3|1904665
59473|0x160b1|4|3624078
59473|0x1160b1|5|6974011
59473|0x3160b1|6|10240977
59473|0x7160b1|7|27952727
59473|0xf160b1|8|51434480
59473|0xf160b1|9|107837283
59473|0xf160b1|10|188023646
59473|0x4f160b1|11|433739889
59473|0x4f160b1|12|779073197
59473|0x14f160b1|13|2157084797
59473|0x34f160b1|14|4956840557
59473|0x34f160b1|15|11044107308
59473|0xb4f160b1|16|23147811424
59473|0xb4f160b1|17|40924085882
59473|0xb4f160b1|18|70505070304
59473|0x4b4f160b1|19|135716826736
59473|0xcb4f160b1|20|297492889132
59473|0xcb4f160b1|21|530346622538
59473|0xcb4f160b1|22|1071584464277
59473|0xcb4f160b1|23|2017481842029
59473|0xcb4f160b1|24|4054926183577
59475|0x19bdb|1|333876
59475|0x19bdb|2|506714
59475|0x59bdb|3|1221025
59475|0x59bdb|4|2710864
59475|0x159bdb|5|4973465
59475|0x159bdb|6|13995185
59475|0x559bdb|7|24271167
59475|0x559bdb|8|53113256
59475|0x1559bdb|9|97293512
59475|0x1559bdb|10|206801498
59475|0x5559bdb|11|404593767
59475|0x5559bdb|12|860904021
59475|0x15559bdb|13|1554620147
59475|0x15559bdb|14|3338215643
59475|0x15559bdb|15|7238713762
59475|0x95559bdb|16|12453947329
59475|0x95559bdb|17|29069030930
59475|0x295559bdb|18|58278326305
59475|0x695559bdb|19|125924852040
59475|0xe95559bdb|20|323920518362
59475|0x1e95559bdb|21|568730090813
59475|0x1e95559bdb|22|1082791282036
59475|0x5e95559bdb|23|2249314906551
59475|0x5e95559bdb|24|5721213291186
59477|0xd4fd|1|678227
59477|0xd4fd|2|1533382
59477|0x4d4fd|3|3197682
59477|0x4d4fd|4|6463803
59477|0x4d4fd|5|13178426
59477|0x24d4fd|6|26466237
59477|0x64d4fd|7|52945758
59477|0xe4d4fd|8|106107666
59477|0x1e4d4fd|9|212886340
59477|0x3e4d4fd|10|425929744
59477|0x7e4d4fd|11|850389716
59477|0x7e4d4fd|12|1700163956
59477|0x7e4d4fd|13|3407559435
59477|0x7e4d4fd|14|6816988921
59477|0x7e4d4fd|15|13624428522
59477|0x7e4d4fd|16|27246985779
59477|0x7e4d4fd|17|54487059040
59477|0x207e4d4fd|18|108089573757
59477|0x607e4d4fd|19|216915321810
59477|0xe07e4d4fd|20|429554080352
59477|0x1e07e4d4fd|21|550775648607
59477|0x3e07e4d4fd|22|1529982025974
59477|0x7e07e4d4fd|23|3332852009508
59477|0x7e07e4d4fd|24|6029406658824
59479|0x8367|1|651043
59479|0x28367|2|1504297
59479|0x28367|3|3109618
59479|0x28367|4|6454058
59479|0x128367|5|13087775
59479|0x328367|6|26454853
59479|0x728367|7|52966157
59479|0x728367|8|106187273
59479|0x728367|9|212450145
59479|0x2728367|10|426061091
59479|0x6728367|11|850118163
59479|0xe728367|12|1708576489
59479|0x1e728367|13|3247629635
59479|0x3e728367|14|5774106042
59479|0x3e728367|15|10329417506
59479|0x3e728367|16|24179917700
59479|0x13e728367|17|50959527937
59479|0x13e728367|18|56186787299
59479|0x53e728367|19|155572619700
59479|0x53e728367|20|311165171732
59479|0x53e728367|21|684628163912
59479|0x253e728367|22|1505913450215
59479|0x653e728367|23|2874185347300
59479|0x653e728367|24|5687964929595
59481|0x1dfe9|1|687296
59481|0x3dfe9|2|1507423
59481|0x7dfe9|3|3200644
59481|0xfdfe9|4|6507338
59481|0x1fdfe9|5|13141149
59481|0x1fdfe9|6|26519674
59481|0x1fdfe9|7|52996741
59481|0x1fdfe9|8|106193322
59481|0x1fdfe9|9|212870262
59481|0x21fdfe9|10|425089331
59481|0x21fdfe9|11|850625069
59481|0x21fdfe9|12|1721728774
59481|0x21fdfe9|13|3408057842
59481|0x221fdfe9|14|6812418054
59481|0x621fdfe9|15|13625743515
59481|0x621fdfe9|16|27240653099
59481|0x1621fdfe9|17|54488764328
59481|0x1621fdfe9|18|107851313004
59481|0x1621fdfe9|19|133792787614
59481|0x9621fdfe9|20|272662851354
59481|0x19621fdfe9|21|630017866404
59481|0x19621fdfe9|22|1304065582156
59481|0x59621fdfe9|23|2761814696460
59481|0x59621fdfe9|24|5614352843478
59483|0x7d3|1|740793
59483|0x207d3|2|1505951
59483|0x207d3|3|3182583
59483|0x207d3|4|6493836
59483|0x1207d3|5|13140430
59483|0x1207d3|6|26497838
59483|0x1207d3|7|53097214
59483|0x9207d3|8|106385196
59483|0x19207d3|9|212556304
59483|0x39207d3|10|252574819
59483|0x79207d3|11|506257975
59483|0xf9207d3|12|1029432767
59483|0xf9207d3|13|2033430375
59483|0x2f9207d3|14|4049140676
59483|0x6f9207d3|15|8110380820
59483|0x6f9207d3|16|16275362119
59483|0x6f9207d3|17|32550896159
59483|0x6f9207d3|18|91401072283
59483|0x46f9207d3|19|216931171039
59483|0x46f9207d3|20|371823048208
59483|0x146f9207d3|21|631621080866
59483|0x346f9207d3|22|1206196222635
59483|0x746f9207d3|23|2716686725200
59483|0xf46f9207d3|24|5136916648836
59485|0x2bf5|1|430916
59485|0x22bf5|2|896229
59485|0x22bf5|3|1764478
59485|0x22bf5|4|3933998
59485|0x22bf5|5|7749167
59485|0x222bf5|6|15747228
59485|0x622bf5|7|31530750
59485|0xe22bf5|8|63529270
59485|0xe22bf5|9|127096361
59485|0x2e22bf5|10|254017033
59485|0x6e22bf5|11|506681952
59485|0xee22bf5|12|1016395795
59485|0xee22bf5|13|2031809644
59485|0x2ee22bf5|14|4053077630
59485|0x2ee22bf5|15|8136773935
59485|0x2ee22bf5|16|16257192575
59485|0x2ee22bf5|17|54419262984
59485|0x22ee22bf5|18|108862173375
59485|0x22ee22bf5|19|217060104403
59485|0xa2ee22bf5|20|338221654757
59485|0x1a2ee22bf5|21|724955252847
59485|0x1a2ee22bf5|22|1201166579510
59485|0x1a2ee22bf5|23|2433956827590
59485|0x1a2ee22bf5|24|5290242500355
59487|0x1739f|1|385823
59487|0x3739f|2|843295
59487|0x3739f|3|1779955
59487|0x3739f|4|3622657
59487|0x13739f|5|7504871
59487|0x13739f|6|14992712
59487|0x13739f|7|29908920
59487|0x13739f|8|60361902
59487|0x13739f|9|120507348
59487|0x13739f|10|241383826
59487|0x13739f|11|482252649
59487|0x813739f|12|964291003
59487|0x813739f|13|1932887291
59487|0x2813739f|14|3879067542
59487|0x2813739f|15|7715203959
59487|0xa813739f|16|15455921534
59487|0xa813739f|17|30567102087
59487|0xa813739f|18|60632021159
59487|0xa813739f|19|116525820579
59487|0xa813739f|20|258334488975
59487|0x10a813739f|21|702088261540
59487|0x10a813739f|22|1194447133702
59487|0x10a813739f|23|2974114886090
59487|0x90a813739f|24|4925765085291
59489|0x1bba1|1|656368
59489|0x3bba1|2|1477209
59489|0x7bba1|3|3156368
59489|0xfbba1|4|6360158
59489|0xfbba1|5|7794199
59489|0xfbba1|6|15980991
59489|0xfbba1|7|31888059
59489|0xfbba1|8|82511266
59489|0xfbba1|9|195640078
59489|0xfbba1|10|406090114
59489|0xfbba1|11|822626148
59489|0x80fbba1|12|1475609583
59489|0x180fbba1|13|2881133486
59489|0x380fbba1|14|5362832729
59489|0x380fbba1|15|10450947783
59489|0xb80fbba1|16|20896234162
59489|0xb80fbba1|17|36894430408
59489|0xb80fbba1|18|70641980743
59489|0x4b80fbba1|19|137720539912
59489|0xcb80fbba1|20|258235629760
59489|0xcb80fbba1|21|667909023133
59489|0x2cb80fbba1|22|1363731889293
59489|0x6cb80fbba1|23|2107353134600
59489|0x6cb80fbba1|24|4810911396462
59491|0xd94b|1|671915
59491|0xd94b|2|1478027
59491|0xd94b|3|3136232
59491|0xd94b|4|6421800
59491|0xd94b|5|13075320
59491|0xd94b|6|26367544
59491|0x40d94b|7|53062779
59491|0x40d94b|8|106428532
59491|0x40d94b|9|212923239
59491|0x240d94b|10|426222423
59491|0x640d94b|11|850511784
59491|0x640d94b|12|1701051645
59491|0x1640d94b|13|3410276795
59491|0x3640d94b|14|6809548702
59491|0x7640d94b|15|13609306705
59491|0xf640d94b|16|27212090935
59491|0xf640d94b|17|53965064136
59491|0x2f640d94b|18|108148450405
59491|0x2f640d94b|19|216817980238
59491|0x2f640d94b|20|433628485657
59491|0x12f640d94b|21|732497502330
59491|0x12f640d94b|22|1088286238134
59491|0x12f640d94b|23|2410106025636
59491|0x92f640d94b|24|4715221177934
59493|0x1896d|1|413241
59493|0x3896d|2|843546
59493|0x3896d|3|1932473
59493|0x3896d|4|3787190
59493|0x13896d|5|7920606
59493|0x13896d|6|15716848
59493|0x53896d|7|30672028
59493|0xd3896d|8|62997256
59493|0xd3896d|9|126242351
59493|0xd3896d|10|252373103
59493|0xd3896d|11|505852327
59493|0x8d3896d|12|1011950819
59493|0x18d3896d|13|2036308789
59493|0x18d3896d|14|4039000362
59493|0x18d3896d|15|8083805365
59493|0x98d3896d|16|16202090335
59493|0x98d3896d|17|32192365771
59493|0x98d3896d|18|105850223362
59493|0x498d3896d|19|131807663173
59493|0x498d3896d|20|373708153505
59493|0x1498d3896d|21|725522431995
59493|0x3498d3896d|22|1519088304087
59493|0x7498d3896d|23|2739386761838
59493|0xf498d3896d|24|5991760614350
59495|0x1b357|1|736877
59495|0x3b357|2|1507573
59495|0x7b357|3|3201338
59495|0x7b357|4|6515450
59495|0x7b357|5|13140120
59495|0x27b357|6|26501962
59495|0x27b357|7|53167558
59495|0xa7b357|8|106309513
59495|0xa7b357|9|213002884
59495|0x2a7b357|10|425119597
59495|0x6a7b357|11|850685588
59495|0xea7b357|12|1705467544
59495|0xea7b357|13|3403080138
59495|0x2ea7b357|14|6821831621
59495|0x6ea7b357|15|13630565498
59495|0xeea7b357|16|27295963001
59495|0xeea7b357|17|54020299615
59495|0xeea7b357|18|83714108738
59495|0xeea7b357|19|127864064612
59495|0x8eea7b357|20|259951859501
59495|0x8eea7b357|21|496054418833
59495|0x28eea7b357|22|1015713887401
59495|0x68eea7b357|23|1963753281499
59495|0xe8eea7b357|24|4533107555182
59497|0x127d9|1|371495
59497|0x327d9|2|2050966
59497|0x327d9|3|1741074
59497|0xb27d9|4|3585494
59497|0x1b27d9|5|7505655
59497|0x1b27d9|6|14794475
59497|0x5b27d9|7|30163282
59497|0xdb27d9|8|60189235
59497|0xdb27d9|9|120430360
59497|0x2db27d9|10|241435226
59497|0x2db27d9|11|482125964
59497|0xadb27d9|12|966216923
59497|0x1adb27d9|13|1931324348
59497|0x3adb27d9|14|3863042244
59497|0x7adb27d9|15|7722381806
59497|0x7adb27d9|16|15435104443
59497|0x17adb27d9|17|30712844179
59497|0x37adb27d9|18|60180197297
59497|0x77adb27d9|19|215480930774
59497|0xf7adb27d9|20|258251424815
59497|0x1f7adb27d9|21|496412938815
59497|0x1f7adb27d9|22|1507800852249
59497|0x5f7adb27d9|23|2421002163829
59497|0xdf7adb27d9|24|4826324201885
59499|0x8443|1|379519
59499|0x8443|2|933774
59499|0x48443|3|2003215
59499|0x48443|4|3735932
59499|0x48443|5|7799634
59499|0x48443|6|15689141
59499|0x448443|7|31465756
59499|0xc48443|8|63111147
59499|0xc48443|9|125964134
59499|0x2c48443|10|252285275
59499|0x2c48443|11|505746289
59499|0x2c48443|12|1009021290
59499|0x2c48443|13|2018694990
59499|0x2c48443|14|4033480127
59499|0x42c48443|15|8076662062
59499|0x42c48443|16|16162735801
59499|0x42c48443|17|38398481371
59499|0x242c48443|18|82920372759
59499|0x642c48443|19|122760086252
59499|0x642c48443|20|253935375967
59499|0x642c48443|21|735268121231
59499|0x2642c48443|22|1735158719108
59499|0x2642c48443|23|2295816697035
59499|0xa642c48443|24|4143540778706
59501|0x16165|1|470671
59501|0x36165|2|968495
59501|0x76165|3|1764320
59501|0xf6165|4|3936724
59501|0x1f6165|5|7686469
59501|0x3f6165|6|15694542
59501|0x7f6165|7|31549012
59501|0xff6165|8|63204397
59501|0x1ff6165|9|126512107
59501|0x3ff6165|10|252955927
59501|0x7ff6165|11|506038258
59501|0xfff6165|12|1017552531
59501|0xfff6165|13|2024584588
59501|0xfff6165|14|4049946883
59501|0x4fff6165|15|8086141826
59501|0xcfff6165|16|16200418530
59501|0xcfff6165|17|32003611779
59501|0xcfff6165|18|64399202882
59501|0xcfff6165|19|129457251389
59501|0x8cfff6165|20|347650223497
59501|0x8cfff6165|21|867362988068
59501|0x8cfff6165|22|1526660099786
59501|0x48cfff6165|23|2236922131877
59501|0xc8cfff6165|24|4182791287795
59503|0x1768f|1|415445
59503|0x1768f|2|2025172
59503|0x5768f|3|1764602
59503|0x5768f|4|3647066
59503|0x15768f|5|7599228
59503|0x15768f|6|15049752
59503|0x55768f|7|30137299
59503|0xd5768f|8|88209428
59503|0xd5768f|9|143016053
59503|0xd5768f|10|304534681
59503|0xd5768f|11|630728979
59503|0xd5768f|12|1215842436
59503|0x10d5768f|13|2740715695
59503|0x10d5768f|14|5096593726
59503|0x50d5768f|15|11561403228
59503|0xd0d5768f|16|15314249205
59503|0xd0d5768f|17|29449238045
59503|0xd0d5768f|18|57632321443
59503|0x4d0d5768f|19|117366877736
59503|0xcd0d5768f|20|255622699832
59503|0x1cd0d5768f|21|531317497612
59503|0x1cd0d5768f|22|1190031658198
59503|0x5cd0d5768f|23|2359798327636
59503|0xdcd0d5768f|24|4563548182310
59505|0x1d891|1|459527
59505|0x1d891|2|2232008
59505|0x5d891|3|1741089
59505|0xdd891|4|3917508
59505|0xdd891|5|7605424
59505|0x2dd891|6|15696057
59505|0x2dd891|7|31200515
59505|0xadd891|8|62798157
59505|0x1add891|9|125466398
59505|0x3add891|10|249864963
59505|0x7add891|11|500362706
59505|0x7add891|12|1002070935
59505|0x17add891|13|2006690058
59505|0x17add891|14|3348833148
59505|0x17add891|15|6760395105
59505|0x17add891|16|13662509680
59505|0x17add891|17|27409515473
59505|0x17add891|18|56551602678
59505|0x17add891|19|117153940591
59505|0x17add891|20|270646116727
59505|0x17add891|21|508486950138
59505|0x17add891|22|1019785010986
59505|0x17add891|23|2207905868417
59505|0x8017add891|24|4584909652173
59507|0x1fcbb|1|371343
59507|0x3fcbb|2|824721
59507|0x7fcbb|3|1758295
59507|0x7fcbb|4|3605851
59507|0x7fcbb|5|7410156
59507|0x27fcbb|6|14901277
59507|0x27fcbb|7|30110873
59507|0x27fcbb|8|60248727
59507|0x127fcbb|9|120446313
59507|0x327fcbb|10|241548728
59507|0x327fcbb|11|482178471
59507|0xb27fcbb|12|966992877
59507|0xb27fcbb|13|1934348196
59507|0xb27fcbb|14|3859302518
59507|0x4b27fcbb|15|7732554490
59507|0x4b27fcbb|16|15459727182
59507|0x4b27fcbb|17|30880266307
59507|0x24b27fcbb|18|61690694954
59507|0x64b27fcbb|19|209416351008
59507|0x64b27fcbb|20|321679666779
59507|0x164b27fcbb|21|570723212469
59507|0x364b27fcbb|22|1695846051307
59507|0x364b27fcbb|23|2345573985604
59507|0xb64b27fcbb|24|4358075608270
59509|0x1a7dd|1|379506
59509|0x3a7dd|2|843609
59509|0x7a7dd|3|1972045
59509|0x7a7dd|4|3817048
59509|0x7a7dd|5|13458053
59509|0x27a7dd|6|15823014
59509|0x67a7dd|7|31749162
59509|0xe7a7dd|8|63858574
59509|0xe7a7dd|9|127262621
59509|0x2e7a7dd|10|255142658
59509|0x6e7a7dd|11|507091646
59509|0xee7a7dd|12|1021107477
59509|0xee7a7dd|13|2043533891
59509|0xee7a7dd|14|4079888980
59509|0x4ee7a7dd|15|8166253691
59509|0x4ee7a7dd|16|16340910153
59509|0x4ee7a7dd|17|32708411668
59509|0x24ee7a7dd|18|65211042154
59509|0x24ee7a7dd|19|127262960203
59509|0x24ee7a7dd|20|253926723933
59509|0x124ee7a7dd|21|513980963322
59509|0x324ee7a7dd|22|1189427554626
59509|0x324ee7a7dd|23|2040732761501
59509|0xb24ee7a7dd|24|4773295704619
59511|0x17147|1|679183
59511|0x17147|2|1508156
59511|0x57147|3|3187206
59511|0x57147|4|6447660
59511|0x157147|5|8937101
59511|0x357147|6|23550364
59511|0x357147|7|44063371
59511|0xb57147|8|93127145
59511|0x1b57147|9|185625642
59511|0x3b57147|10|380449862
59511|0x3b57147|11|717757787
59511|0xbb57147|12|1449305431
59511|0xbb57147|13|2820059285
59511|0x2bb57147|14|5492537748
59511|0x6bb57147|15|10791815922
59511|0xebb57147|16|22520477348
59511|0xebb57147|17|29909549718
59511|0x2ebb57147|18|64282910867
59511|0x2ebb57147|19|126567856395
59511|0xaebb57147|20|240449266668
59511|0x1aebb57147|21|486868703207
59511|0x3aebb57147|22|1115079357477
59511|0x3aebb57147|23|2568826033796
59511|0x3aebb57147|24|4704646227886
59513|0x101c9|1|365688
59513|0x101c9|2|844728
59513|0x101c9|3|1741113
59513|0x901c9|4|3590263
59513|0x901c9|5|7319543
59513|0x2901c9|6|14797773
59513|0x2901c9|7|29652089
59513|0x2901c9|8|59286401
59513|0x12901c9|9|149875314
59513|0x32901c9|10|304671842
59513|0x32901c9|11|589980524
59513|0xb2901c9|12|1609378845
59513|0x1b2901c9|13|3400291750
59513|0x1b2901c9|14|5208640294
59513|0x1b2901c9|15|8194723964
59513|0x1b2901c9|16|16394149513
59513|0x1b2901c9|17|32661214568
59513|0x21b2901c9|18|65040468707
59513|0x61b2901c9|19|124584355525
59513|0x61b2901c9|20|259081508362
59513|0x61b2901c9|21|526789281585
59513|0x61b2901c9|22|1269239821713
59513|0x61b2901c9|23|2411808396526
59513|0x861b2901c9|24|4684135254519
59515|0xb6b3|1|655040
59515|0x2b6b3|2|1509465
59515|0x2b6b3|3|3111280
59515|0x2b6b3|4|6450481
59515|0x2b6b3|5|13103765
59515|0x22b6b3|6|26571814
59515|0x62b6b3|7|53081695
59515|0x62b6b3|8|83617684
59515|0x162b6b3|9|180323912
59515|0x162b6b3|10|411551154
59515|0x162b6b3|11|850366649
59515|0x162b6b3|12|1700732656
59515|0x162b6b3|13|3406397667
59515|0x2162b6b3|14|6813731922
59515|0x2162b6b3|15|12670099495
59515|0xa162b6b3|16|20045892115
59515|0x1a162b6b3|17|53973168848
59515|0x3a162b6b3|18|108240739605
59515|0x3a162b6b3|19|176233418514
59515|0x3a162b6b3|20|258195002098
59515|0x3a162b6b3|21|503986554230
59515|0x3a162b6b3|22|1223523046434
59515|0x3a162b6b3|23|2444936352616
59515|0x3a162b6b3|24|5331056158500
59517|0x1d0d5|1|313335
59517|0x1d0d5|2|526875
59517|0x5d0d5|3|1256707
59517|0xdd0d5|4|2650425
59517|0xdd0d5|5|7441789
59517|0xdd0d5|6|15765769
59517|0xdd0d5|7|29744255
59517|0xdd0d5|8|58857731
59517|0xdd0d5|9|116732156
59517|0xdd0d5|10|219884632
59517|0x40dd0d5|11|461504036
59517|0x40dd0d5|12|896869147
59517|0x40dd0d5|13|1842192993
59517|0x40dd0d5|14|3841245355
59517|0x40dd0d5|15|7981763764
59517|0x840dd0d5|16|14281859381
59517|0x1840dd0d5|17|36694551572
59517|0x3840dd0d5|18|73555576902
59517|0x7840dd0d5|19|127551896334
59517|0xf840dd0d5|20|382985812660
59517|0xf840dd0d5|21|800098364485
59517|0xf840dd0d5|22|1217039676477
59517|0x4f840dd0d5|23|2473868936902
59517|0xcf840dd0d5|24|4207136717325
59519|0xd77f|1|367348
59519|0x2d77f|2|826767
59519|0x6d77f|3|1872667
59519|0x6d77f|4|3772999
59519|0x16d77f|5|7914078
59519|0x36d77f|6|15839161
59519|0x36d77f|7|31617408
59519|0xb6d77f|8|63339729
59519|0xb6d77f|9|126699608
59519|0x2b6d77f|10|253288039
59519|0x6b6d77f|11|518098307
59519|0xeb6d77f|12|985243309
59519|0xeb6d77f|13|2028984151
59519|0xeb6d77f|14|4017399151
59519|0xeb6d77f|15|7216618302
59519|0xeb6d77f|16|15342213102
59519|0x10eb6d77f|17|29738066287
59519|0x10eb6d77f|18|58534950379
59519|0x50eb6d77f|19|154917601451
59519|0xd0eb6d77f|20|295949633562
59519|0x1d0eb6d77f|21|597456083655
59519|0x1d0eb6d77f|22|1137384336632
59519|0x5d0eb6d77f|23|2596273323793
59519|0xdd0eb6d77f|24|4638339641074
59521|0x15781|1|369587
59521|0x35781|2|1986036
59521|0x75781|3|2028060
59521|0x75781|4|3650786
59521|0x75781|5|7885450
59521|0x75781|6|14030702
59521|0x75781|7|31407926
59521|0x75781|8|62645445
59521|0x1075781|9|125465000
59521|0x1075781|10|250855636
59521|0x5075781|11|459562678
59521|0x5075781|12|791385818
59521|0x15075781|13|1574443214
59521|0x15075781|14|3276705127
59521|0x55075781|15|6540490602
59521|0xd5075781|16|12654111724
59521|0xd5075781|17|25249307964
59521|0x2d5075781|18|52721106314
59521|0x6d5075781|19|162828498254
59521|0x6d5075781|20|299241142361
59521|0x6d5075781|21|634741587903
59521|0x6d5075781|22|1199270677905
59521|0x6d5075781|23|2504888995895
59521|0x86d5075781|24|4750746203278
59523|0xa62b|1|242773
59523|0xa62b|2|506680
59523|0x4a62b|3|1233707
59523|0xca62b|4|2460996
59523|0x1ca62b|5|5231963
59523|0x1ca62b|6|9988399
59523|0x5ca62b|7|20500208
59523|0x5ca62b|8|48091834
59523|0x5ca62b|9|99274826
59523|0x25ca62b|10|243197420
59523|0x65ca62b|11|471360185
59523|0xe5ca62b|12|1234937805
59523|0x1e5ca62b|13|2530325568
59523|0x1e5ca62b|14|4031317376
59523|0x1e5ca62b|15|6081529193
59523|0x9e5ca62b|16|17259418917
59523|0x19e5ca62b|17|32058584842
59523|0x19e5ca62b|18|64554059237
59523|0x19e5ca62b|19|132094174410
59523|0x99e5ca62b|20|257673695991
59523|0x199e5ca62b|21|513102145360
59523|0x399e5ca62b|22|1063761310021
59523|0x399e5ca62b|23|2225653135541
59523|0x399e5ca62b|24|4289893659394
59525|0xd04d|1|676372
59525|0x2d04d|2|1507532
59525|0x6d04d|3|3182554
59525|0x6d04d|4|5844574
59525|0x16d04d|5|7278813
59525|0x36d04d|6|17164634
59525|0x76d04d|7|41371722
59525|0xf6d04d|8|80000887
59525|0x1f6d04d|9|150090684
59525|0x3f6d04d|10|298027153
59525|0x7f6d04d|11|378563340
59525|0x7f6d04d|12|762515509
59525|0x17f6d04d|13|1625019740
59525|0x37f6d04d|14|3507306130
59525|0x77f6d04d|15|5677341532
59525|0x77f6d04d|16|17308622475
59525|0x77f6d04d|17|39787969930
59525|0x277f6d04d|18|56614174056
59525|0x277f6d04d|19|123069183004
59525|0x277f6d04d|20|251789004310
59525|0x277f6d04d|21|601234051720
59525|0x277f6d04d|22|1127848174814
59525|0x277f6d04d|23|2117646139403
59525|0x277f6d04d|24|4280505273628
59527|0x15d37|1|429737
59527|0x35d37|2|949847
59527|0x35d37|3|1785814
59527|0x35d37|4|3947345
59527|0x35d37|5|7806477
59527|0x35d37|6|15915295
59527|0x435d37|7|31918535
59527|0x435d37|8|63708100
59527|0x435d37|9|127678238
59527|0x435d37|10|255340493
59527|0x435d37|11|511473827
59527|0x435d37|12|1037736755
59527|0x10435d37|13|2052316144
59527|0x30435d37|14|4091930371
59527|0x30435d37|15|8175500753
59527|0xb0435d37|16|16182202148
59527|0xb0435d37|17|30541183125
59527|0x2b0435d37|18|66079222881
59527|0x2b0435d37|19|127466565656
59527|0xab0435d37|20|258369983677
59527|0xab0435d37|21|525454586276
59527|0x2ab0435d37|22|1025586319431
59527|0x6ab0435d37|23|2291578730070
59527|0x6ab0435d37|24|4585309722608
59529|0x10db9|1|368324
59529|0x10db9|2|2103979
59529|0x10db9|3|2036422
59529|0x10db9|4|3731377
59529|0x10db9|5|7840026
59529|0x10db9|6|15759341
59529|0x10db9|7|31462951
59529|0x10db9|8|63225314
59529|0x1010db9|9|126831154
59529|0x3010db9|10|252090476
59529|0x3010db9|11|506623633
59529|0x3010db9|12|1036935523
59529|0x13010db9|13|2054014525
59529|0x33010db9|14|4022783981
59529|0x73010db9|15|6772256537
59529|0xf3010db9|16|13819312515
59529|0x1f3010db9|17|31158799478
59529|0x1f3010db9|18|72873501862
59529|0x5f3010db9|19|127551387983
59529|0xdf3010db9|20|237684722690
59529|0x1df3010db9|21|440998780726
59529|0x1df3010db9|22|1001301805104
59529|0x5df3010db9|23|2001027401638
59529|0xddf3010db9|24|3985965539277
59531|0x3f23|1|430868
59531|0x23f23|2|943803
59531|0x23f23|3|1789695
59531|0x23f23|4|3961385
59531|0x123f23|5|7682478
59531|0x323f23|6|15691779
59531|0x323f23|7|31467974
59531|0xb23f23|8|63359676
59531|0xb23f23|9|126670231
59531|0x2b23f23|10|252860674
59531|0x2b23f23|11|506296744
59531|0x2b23f23|12|993301896
59531|0x2b23f23|13|1730641337
59531|0x2b23f23|14|3497994355
59531|0x2b23f23|15|7083522181
59531|0x2b23f23|16|15068154874
59531|0x102b23f23|17|29986200427
59531|0x302b23f23|18|54921254906
59531|0x702b23f23|19|113865412074
59531|0x702b23f23|20|241429424898
59531|0x702b23f23|21|554534259088
59531|0x702b23f23|22|1099290641719
59531|0x4702b23f23|23|2104250924479
59531|0x4702b23f23|24|4149237967627
59533|0x11a45|1|411293
59533|0x31a45|2|927589
59533|0x71a45|3|1969606
59533|0xf1a45|4|3754785
59533|0xf1a45|5|7802145
59533|0x2f1a45|6|15778578
59533|0x6f1a45|7|31569805
59533|0x6f1a45|8|63079514
59533|0x16f1a45|9|126453344
59533|0x36f1a45|10|252806475
59533|0x76f1a45|11|483912663
59533|0xf6f1a45|12|863960198
59533|0x1f6f1a45|13|1899150604
59533|0x1f6f1a45|14|4053266793
59533|0x1f6f1a45|15|7671581228
59533|0x1f6f1a45|16|14680376665
59533|0x1f6f1a45|17|31725567925
59533|0x21f6f1a45|18|65249780732
59533|0x21f6f1a45|19|124060318138
59533|0xa1f6f1a45|20|255939099887
59533|0x1a1f6f1a45|21|500478914033
59533|0x3a1f6f1a45|22|1045328902198
59533|0x3a1f6f1a45|23|2018259608234
59533|0xba1f6f1a45|24|4277200644103
59535|0x1366f|1|681312
59535|0x3366f|2|1523837
59535|0x3366f|3|3123422
59535|0x3366f|4|6472398
59535|0x3366f|5|13109155
59535|0x23366f|6|26518082
59535|0x23366f|7|53134046
59535|0x23366f|8|106381315
59535|0x123366f|9|212432530
59535|0x123366f|10|425146671
59535|0x523366f|11|852751401
59535|0xd23366f|12|1701141725
59535|0xd23366f|13|3410549634
59535|0xd23366f|14|6822313764
59535|0x4d23366f|15|13642559655
59535|0x4d23366f|16|27285935203
59535|0x14d23366f|17|48263352861
59535|0x34d23366f|18|65273285034
59535|0x34d23366f|19|130348494869
59535|0x34d23366f|20|248739010317
59535|0x34d23366f|21|552676981967
59535|0x34d23366f|22|1161633906287
59535|0x434d23366f|23|2104946946705
59535|0xc34d23366f|24|4639097988610
59537|0x1d871|1|284177
59537|0x3d871|2|548778
59537|0x7d871|3|1404104
59537|0xfd871|4|2568824
59537|0xfd871|5|5745308
59537|0x2fd871|6|15855590
59537|0x6fd871|7|31720664
59537|0xefd871|8|52995343
59537|0xefd871|9|117110741
59537|0xefd871|10|222407397
59537|0x4efd871|11|438463394
59537|0xcefd871|12|894381154
59537|0x1cefd871|13|1675241625
59537|0x1cefd871|14|4038718278
59537|0x5cefd871|15|11887464158
59537|0x5cefd871|16|27262634841
59537|0x5cefd871|17|54500634832
59537|0x25cefd871|18|108391994372
59537|0x25cefd871|19|143193784731
59537|0x25cefd871|20|313644680345
59537|0x125cefd871|21|574383214161
59537|0x325cefd871|22|1267980500355
59537|0x725cefd871|23|2602698191664
59537|0x725cefd871|24|5150044439975
59539|0x759b|1|663500
59539|0x759b|2|1699962
59539|0x759b|3|3151515
59539|0x8759b|4|6483498
59539|0x18759b|5|13122586
59539|0x38759b|6|26457916
59539|0x38759b|7|53005951
59539|0x38759b|8|90358755
59539|0x138759b|9|174889614
59539|0x338759b|10|243346299
59539|0x738759b|11|598784988
59539|0x738759b|12|1415415721
59539|0x1738759b|13|2982747287
59539|0x1738759b|14|5999527006
59539|0x1738759b|15|10346596811
59539|0x9738759b|16|20455931587
59539|0x9738759b|17|50806406076
59539|0x29738759b|18|71905515211
59539|0x29738759b|19|141577705942
59539|0xa9738759b|20|329309161607
59539|0xa9738759b|21|648215784303
59539|0x2a9738759b|22|1176628384353
59539|0x2a9738759b|23|2293657358051
59539|0xaa9738759b|24|4110154684261
59541|0xa2bd|1|386339
59541|0x2a2bd|2|843569
59541|0x6a2bd|3|1765097
59541|0xea2bd|4|3630873
59541|0xea2bd|5|7618944
59541|0xea2bd|6|14234844
59541|0xea2bd|7|30108076
59541|0xea2bd|8|60060313
59541|0xea2bd|9|120459223
59541|0xea2bd|10|241419268
59541|0x40ea2bd|11|482765579
59541|0x40ea2bd|12|968522183
59541|0x40ea2bd|13|1931053148
59541|0x240ea2bd|14|4529138745
59541|0x640ea2bd|15|10070322223
59541|0xe40ea2bd|16|16723159587
59541|0xe40ea2bd|17|26734563403
59541|0x2e40ea2bd|18|55975022348
59541|0x6e40ea2bd|19|171538478884
59541|0x6e40ea2bd|20|331929069354
59541|0x16e40ea2bd|21|597227016395
59541|0x16e40ea2bd|22|1145619778711
59541|0x16e40ea2bd|23|2158012144189
59541|0x16e40ea2bd|24|4539792305734
59543|0x11727|1|380696
59543|0x11727|2|843630
59543|0x11727|3|3133910
59543|0x11727|4|6449925
59543|0x11727|5|13112547
59543|0x211727|6|26585520
59543|0x211727|7|34694203
59543|0xa11727|8|71740361
59543|0xa11727|9|118987963
59543|0xa11727|10|318103112
59543|0x4a11727|11|574258361
59543|0xca11727|12|756110519
59543|0x1ca11727|13|2439678341
59543|0x3ca11727|14|4044143807
59543|0x7ca11727|15|8019791650
59543|0xfca11727|16|14890334583
59543|0x1fca11727|17|26372528962
59543|0x3fca11727|18|58264935454
59543|0x7fca11727|19|126086959475
59543|0xffca11727|20|286867780616
59543|0xffca11727|21|611296354429
59543|0x2ffca11727|22|1113733907914
59543|0x6ffca11727|23|2418123541254
59543|0x6ffca11727|24|5137592428217
59545|0xeba9|1|429712
59545|0x2eba9|2|843676
59545|0x2eba9|3|1764552
59545|0x2eba9|4|3915086
59545|0x12eba9|5|7608176
59545|0x32eba9|6|15620606
59545|0x32eba9|7|31119996
59545|0x32eba9|8|62555748
59545|0x32eba9|9|123565413
59545|0x32eba9|10|249822444
59545|0x432eba9|11|500410185
59545|0xc32eba9|12|999598017
59545|0x1c32eba9|13|2001350047
59545|0x1c32eba9|14|3997094563
59545|0x1c32eba9|15|7990705983
59545|0x1c32eba9|16|15766623955
59545|0x11c32eba9|17|32074798500
59545|0x11c32eba9|18|64684056617
59545|0x11c32eba9|19|136390663364
59545|0x91c32eba9|20|369245090209
59545|0x91c32eba9|21|541278630399
59545|0x91c32eba9|22|1186899712616
59545|0x91c32eba9|23|2605932196314
59545|0x91c32eba9|24|4630501834398
59547|0xbd93|1|411391
59547|0xbd93|2|917893
59547|0xbd93|3|2005628
59547|0xbd93|4|3833140
59547|0xbd93|5|7861046
59547|0xbd93|6|15898659
59547|0x40bd93|7|31957108
59547|0x40bd93|8|64023861
59547|0x140bd93|9|127851547
59547|0x340bd93|10|256218660
59547|0x740bd93|11|512734779
59547|0x740bd93|12|1024859345
59547|0x1740bd93|13|2043405956
59547|0x1740bd93|14|5484891503
59547|0x5740bd93|15|10200004374
59547|0xd740bd93|16|23366593472
59547|0x1d740bd93|17|49707297217
59547|0x1d740bd93|18|80016461381
59547|0x1d740bd93|19|132838033277
59547|0x1d740bd93|20|258582209182
59547|0x11d740bd93|21|519903653883
59547|0x31d740bd93|22|1021934669620
59547|0x71d740bd93|23|2123881886752
59547|0x71d740bd93|24|4927801817768
59549|0xddb5|1|378566
59549|0xddb5|2|874297
59549|0x4ddb5|3|1796836
59549|0xcddb5|4|3869682
59549|0x1cddb5|5|7761160
59549|0x3cddb5|6|15621217
59549|0x7cddb5|7|31262585
59549|0xfcddb5|8|48798460
59549|0xfcddb5|9|99283093
59549|0xfcddb5|10|202684025
59549|0x4fcddb5|11|410078735
59549|0xcfcddb5|12|888266387
59549|0xcfcddb5|13|1411586273
59549|0x2cfcddb5|14|3635114286
59549|0x6cfcddb5|15|6821942982
59549|0x6cfcddb5|16|12441325480
59549|0x6cfcddb5|17|31904941310
59549|0x6cfcddb5|18|82648119237
59549|0x6cfcddb5|19|133067056002
59549|0x86cfcddb5|20|259661837901
59549|0x186cfcddb5|21|643938486083
59549|0x186cfcddb5|22|1133242285694
59549|0x586cfcddb5|23|2232765612787
59549|0x586cfcddb5|24|4099641982325
59551|0x335f|1|367243
59551|0x2335f|2|850580
59551|0x6335f|3|1885707
59551|0xe335f|4|3737577
59551|0xe335f|5|7787268
59551|0x2e335f|6|11397503
59551|0x6e335f|7|25089138
59551|0x6e335f|8|61853525
59551|0x16e335f|9|105723638
59551|0x36e335f|10|240528947
59551|0x36e335f|11|443654692
59551|0x36e335f|12|856365163
59551|0x36e335f|13|1725256481
59551|0x36e335f|14|3694175423
59551|0x36e335f|15|7056089752
59551|0x36e335f|16|14143026166
59551|0x36e335f|17|30702913210
59551|0x2036e335f|18|88395655919
59551|0x6036e335f|19|122349592672
59551|0xe036e335f|20|247381137272
59551|0x1e036e335f|21|493864926777
59551|0x1e036e335f|22|1030383893387
59551|0x5e036e335f|23|2265101940424
59551|0xde036e335f|24|4241597231020
59553|0xfb61|1|365786
59553|0x2fb61|2|826729
59553|0x2fb61|3|1762110
59553|0x2fb61|4|3884795
59553|0x12fb61|5|7602357
59553|0x12fb61|6|15647239
59553|0x52fb61|7|31224108
59553|0x52fb61|8|47046057
59553|0x52fb61|9|100598274
59553|0x52fb61|10|200580795
59553|0x52fb61|11|403404287
59553|0x852fb61|12|805353384
59553|0x1852fb61|13|1675698012
59553|0x1852fb61|14|3117071299
59553|0x1852fb61|15|6405596900
59553|0x9852fb61|16|13362196587
59553|0x19852fb61|17|28463220988
59553|0x19852fb61|18|61745682003
59553|0x59852fb61|19|121914638747
59553|0x59852fb61|20|230483393316
59553|0x159852fb61|21|522310814315
59553|0x359852fb61|22|937253531128
59553|0x759852fb61|23|2008261766848
59553|0x759852fb61|24|3952914905603
59555|0x10b0b|1|379561
59555|0x10b0b|2|843562
59555|0x50b0b|3|1787759
59555|0xd0b0b|4|3934717
59555|0x1d0b0b|5|7648669
59555|0x1d0b0b|6|12741401
59555|0x1d0b0b|7|21031050
59555|0x9d0b0b|8|46960682
59555|0x9d0b0b|9|104486872
59555|0x29d0b0b|10|199250741
59555|0x69d0b0b|11|346745129
59555|0xe9d0b0b|12|776073988
59555|0xe9d0b0b|13|1480816169
59555|0x2e9d0b0b|14|3604921396
59555|0x2e9d0b0b|15|6823288131
59555|0x2e9d0b0b|16|13596850504
59555|0x2e9d0b0b|17|27272656663
59555|0x2e9d0b0b|18|59439930253
59555|0x42e9d0b0b|19|119556408806
59555|0xc2e9d0b0b|20|250213824183
59555|0xc2e9d0b0b|21|446489893075
59555|0xc2e9d0b0b|22|927760355330
59555|0xc2e9d0b0b|23|2023692487554
59555|0xc2e9d0b0b|24|3933225105540
59557|0xbf2d|1|378188
59557|0xbf2d|2|2010899
59557|0x4bf2d|3|2831655
59557|0x4bf2d|4|6393427
59557|0x14bf2d|5|11057438
59557|0x34bf2d|6|21093729
59557|0x74bf2d|7|38312744
59557|0xf4bf2d|8|89932839
59557|0x1f4bf2d|9|125701950
59557|0x1f4bf2d|10|312511489
59557|0x1f4bf2d|11|640140899
59557|0x1f4bf2d|12|1260462003
59557|0x11f4bf2d|13|2681899757
59557|0x31f4bf2d|14|2918064574
59557|0x31f4bf2d|15|6559944612
59557|0x31f4bf2d|16|16785874459
59557|0x31f4bf2d|17|34841951723
59557|0x231f4bf2d|18|59104269846
59557|0x231f4bf2d|19|119011272877
59557|0x231f4bf2d|20|267991635280
59557|0x1231f4bf2d|21|558527617188
59557|0x1231f4bf2d|22|1135350448047
59557|0x1231f4bf2d|23|2101401074772
59557|0x1231f4bf2d|24|4118791792066
59559|0x3f17|1|263346
59559|0x23f17|2|506665
59559|0x63f17|3|1267171
59559|0x63f17|4|2575906
59559|0x63f17|5|5391112
59559|0x63f17|6|12824949
59559|0x463f17|7|26781627
59559|0x463f17|8|48341939
59559|0x1463f17|9|105967088
59559|0x3463f17|10|201859943
59559|0x7463f17|11|403648102
59559|0xf463f17|12|841597675
59559|0xf463f17|13|1872039879
59559|0x2f463f17|14|3348797630
59559|0x2f463f17|15|7205304027
59559|0xaf463f17|16|14866919456
59559|0xaf463f17|17|27044160436
59559|0x2af463f17|18|58376224806
59559|0x2af463f17|19|132427764349
59559|0xaaf463f17|20|253637733519
59559|0x1aaf463f17|21|463202615089
59559|0x1aaf463f17|22|1008291354183
59559|0x5aaf463f17|23|1926380532715
59559|0x5aaf463f17|24|3823672108850
59561|0x3b99|1|436975
59561|0x23b99|2|939249
59561|0x63b99|3|1760209
59561|0x63b99|4|3851621
59561|0x63b99|5|7676132
59561|0x263b99|6|15685737
59561|0x663b99|7|31050731
59561|0xe63b99|8|62579441
59561|0xe63b99|9|89815748
59561|0x2e63b99|10|234321791
59561|0x2e63b99|11|501355091
59561|0x2e63b99|12|896242660
59561|0x12e63b99|13|1730256130
59561|0x32e63b99|14|3271354071
59561|0x72e63b99|15|6213748530
59561|0xf2e63b99|16|12214108305
59561|0x1f2e63b99|17|25750929698
59561|0x3f2e63b99|18|52131711732
59561|0x7f2e63b99|19|113238127824
59561|0x7f2e63b99|20|228282075832
59561|0x7f2e63b99|21|460282587366
59561|0x27f2e63b99|22|896809561501
59561|0x27f2e63b99|23|1850306206626
59561|0xa7f2e63b99|24|3802814487725
59563|0x1d203|1|721834
59563|0x3d203|2|1505845
59563|0x3d203|3|3194062
59563|0x3d203|4|6481920
59563|0x3d203|5|13185855
59563|0x23d203|6|25113374
59563|0x63d203|7|31684484
59563|0x63d203|8|96679709
59563|0x163d203|9|166681995
59563|0x163d203|10|376581214
59563|0x563d203|11|731571393
59563|0x563d203|12|1493531150
59563|0x1563d203|13|2794719664
59563|0x1563d203|14|3844185785
59563|0x5563d203|15|7450378044
59563|0xd563d203|16|14199486962
59563|0x1d563d203|17|29817165319
59563|0x1d563d203|18|59741140255
59563|0x5d563d203|19|156738943439
59563|0xdd563d203|20|249528675762
59563|0xdd563d203|21|696208412715
59563|0x2dd563d203|22|1700811308526
59563|0x2dd563d203|23|2580091343443
59563|0x2dd563d203|24|5073540066994
59565|0xbb25|1|674538
59565|0xbb25|2|1492461
59565|0xbb25|3|3177396
59565|0x8bb25|4|6462238
59565|0x8bb25|5|13158791
59565|0x8bb25|6|26570941
59565|0x8bb25|7|53120215
59565|0x88bb25|8|106418255
59565|0x88bb25|9|213010869
59565|0x288bb25|10|269272715
59565|0x288bb25|11|509887384
59565|0x288bb25|12|1020163222
59565|0x288bb25|13|2040390418
59565|0x2288bb25|14|4087678926
59565|0x6288bb25|15|8167800772
59565|0xe288bb25|16|16350068244
59565|0x1e288bb25|17|32328896999
59565|0x3e288bb25|18|65165561627
59565|0x7e288bb25|19|139249437376
59565|0x7e288bb25|20|245380787783
59565|0x7e288bb25|21|514214910360
59565|0x27e288bb25|22|1045688146094
59565|0x67e288bb25|23|2317833986128
59565|0xe7e288bb25|24|4685521783533
