85|0xfd|1|4219
85|0xfd|2|4829
85|0xfd|3|6239
85|0x4fd|4|11808
85|0xcfd|5|14947
85|0x1cfd|6|26314
85|0x3cfd|7|47578
85|0x7cfd|8|90279
85|0xfcfd|9|175711
85|0xfcfd|10|348817
85|0xfcfd|11|694697
85|0x4fcfd|12|1387365
85|0xcfcfd|13|2795907
85|0x1cfcfd|14|5581262
85|0x3cfcfd|15|12183866
85|0x7cfcfd|16|24681245
85|0xfcfcfd|17|49399102
85|0xfcfcfd|18|98751614
85|0xfcfcfd|19|195591264
85|0x4fcfcfd|20|403982988
85|0xcfcfcfd|21|809829157
85|0x1cfcfcfd|22|1882554278
85|0x3cfcfcfd|23|3439497168
85|0x7cfcfcfd|24|7126572926
9061|0x566d|1|88583
9061|0x566d|2|203077
9061|0x1566d|3|442225
9061|0x1566d|4|884484
9061|0x1566d|5|1771122
9061|0x9566d|6|3636476
9061|0x9566d|7|15233530
9061|0x9566d|8|19227544
9061|0x9566d|9|56450596
9061|0x89566d|10|103482349
9061|0x189566d|11|206253832
9061|0x389566d|12|402508511
9061|0x789566d|13|825236594
9061|0x789566d|14|1573227194
9061|0x789566d|15|2827628989
9061|0x789566d|16|5548945430
9061|0x4789566d|17|10950926786
9061|0x4789566d|18|21600155296
9061|0x4789566d|19|43218869936
9061|0x4789566d|20|87567849568
9061|0x44789566d|21|179396996665
9061|0xc4789566d|22|356582090129
9061|0xc4789566d|23|713536447202
9061|0x2c4789566d|24|1168259699723
9183|0x581f|1|90396
9183|0x581f|2|203871
9183|0x1581f|3|444927
9183|0x1581f|4|920964
9183|0x1581f|5|1782546
9183|0x9581f|6|3854852
9183|0x19581f|7|7306447
9183|0x39581f|8|14818484
9183|0x39581f|9|29562358
9183|0x39581f|10|59206635
9183|0x139581f|11|118731104
9183|0x139581f|12|237123194
9183|0x139581f|13|474817617
9183|0x939581f|14|937114094
9183|0x939581f|15|1740181127
9183|0x2939581f|16|3244152879
9183|0x6939581f|17|7586831865
9183|0xe939581f|18|13000765764
9183|0xe939581f|19|26503199868
9183|0x2e939581f|20|54130461065
9183|0x6e939581f|21|103234760479
9183|0xee939581f|22|210316735809
9183|0xee939581f|23|416934737930
9183|0x2ee939581f|24|831691534966
10047|0x48bf|1|104132
10047|0x48bf|2|238929
10047|0x148bf|3|497424
10047|0x348bf|4|926399
10047|0x748bf|5|1813645
10047|0x748bf|6|3829709
10047|0x748bf|7|7544191
10047|0x2748bf|8|15066460
10047|0x6748bf|9|30090764
10047|0xe748bf|10|60484720
10047|0x1e748bf|11|120681957
10047|0x1e748bf|12|241303075
10047|0x5e748bf|13|482259041
10047|0x5e748bf|14|801940705
10047|0x15e748bf|15|1647260125
10047|0x35e748bf|16|3541799674
10047|0x35e748bf|17|7717417044
10047|0xb5e748bf|18|13948608164
10047|0x1b5e748bf|19|25837172821
10047|0x3b5e748bf|20|55695202639
10047|0x3b5e748bf|21|108676586391
10047|0x3b5e748bf|22|210203267646
10047|0x3b5e748bf|23|416718012420
10047|0x23b5e748bf|24|827774272589
10171|0x573|1|200694
10171|0x8573|2|382736
10171|0x8573|3|499611
10171|0x28573|4|1001078
10171|0x68573|5|1858252
10171|0xe8573|6|3536659
10171|0x1e8573|7|7207106
10171|0x3e8573|8|14219256
10171|0x3e8573|9|28244297
10171|0x3e8573|10|56819068
10171|0x3e8573|11|121561980
10171|0x3e8573|12|243617242
10171|0x43e8573|13|483984108
10171|0x43e8573|14|967716624
10171|0x43e8573|15|1933701166
10171|0x243e8573|16|3547321793
10171|0x243e8573|17|7738366352
10171|0x243e8573|18|13562131552
10171|0x243e8573|19|27253216509
10171|0x243e8573|20|51308996041
10171|0x243e8573|21|103508908924
10171|0x243e8573|22|212980918542
10171|0x243e8573|23|432581132677
10171|0x20243e8573|24|832296017577
10993|0x611|1|88251
10993|0x8611|2|188769
10993|0x18611|3|425176
10993|0x38611|4|973149
10993|0x38611|5|2013410
10993|0x38611|6|3630516
10993|0x138611|7|7700804
10993|0x338611|8|15313918
10993|0x338611|9|30508477
10993|0xb38611|10|61127250
10993|0x1b38611|11|121878855
10993|0x3b38611|12|244137204
10993|0x3b38611|13|488400616
10993|0x3b38611|14|978921611
10993|0x13b38611|15|1874795230
10993|0x13b38611|16|3389009715
10993|0x13b38611|17|6926004408
10993|0x13b38611|18|15822526713
10993|0x13b38611|19|26443967497
10993|0x213b38611|20|58041083806
10993|0x213b38611|21|107637004403
10993|0x213b38611|22|216093036774
10993|0x1213b38611|23|410124495228
10993|0x1213b38611|24|833844443974
11115|0x2943|1|105150
11115|0xa943|2|217510
11115|0x1a943|3|487325
11115|0x1a943|4|1007438
11115|0x1a943|5|1849071
11115|0x1a943|6|3873092
11115|0x1a943|7|7683644
11115|0x21a943|8|15206878
11115|0x21a943|9|30751920
11115|0xa1a943|10|61362307
11115|0x1a1a943|11|122859347
11115|0x3a1a943|12|246243234
11115|0x7a1a943|13|492524712
11115|0xfa1a943|14|984286495
11115|0x1fa1a943|15|1770588622
11115|0x3fa1a943|16|3938076522
11115|0x7fa1a943|17|7874784283
11115|0xffa1a943|18|14602271137
11115|0x1ffa1a943|19|26309106460
11115|0x3ffa1a943|20|53994850805
11115|0x7ffa1a943|21|104598034774
11115|0xfffa1a943|22|209060445090
11115|0xfffa1a943|23|414572189612
11115|0x2fffa1a943|24|833027983699
11207|0x25f7|1|90534
11207|0x25f7|2|191852
11207|0x25f7|3|430380
11207|0x225f7|4|959487
11207|0x625f7|5|2055445
11207|0xe25f7|6|3725771
11207|0xe25f7|7|7879857
11207|0x2e25f7|8|15385415
11207|0x6e25f7|9|31063135
11207|0x6e25f7|10|61610358
11207|0x6e25f7|11|123728511
11207|0x26e25f7|12|247468422
11207|0x66e25f7|13|496162712
11207|0x66e25f7|14|991621496
11207|0x66e25f7|15|1725562309
11207|0x66e25f7|16|3956010039
11207|0x66e25f7|17|7551679837
11207|0x866e25f7|18|15839308648
11207|0x1866e25f7|19|26198896719
11207|0x1866e25f7|20|55871812806
11207|0x5866e25f7|21|103465973277
11207|0x5866e25f7|22|207312198646
11207|0x5866e25f7|23|416988732548
11207|0x25866e25f7|24|830342194763
12101|0xb8d|1|107417
12101|0xb8d|2|220537
12101|0xb8d|3|500144
12101|0x20b8d|4|889156
12101|0x60b8d|5|1836712
12101|0x60b8d|6|3896572
12101|0x60b8d|7|7190082
12101|0x60b8d|8|14160573
12101|0x460b8d|9|28186057
12101|0x460b8d|10|56816344
12101|0x1460b8d|11|112297960
12101|0x1460b8d|12|217747862
12101|0x5460b8d|13|491573799
12101|0xd460b8d|14|982167896
12101|0x1d460b8d|15|1801637791
12101|0x1d460b8d|16|3250797586
12101|0x5d460b8d|17|7870453938
12101|0x5d460b8d|18|15749277648
12101|0x15d460b8d|19|25838709478
12101|0x35d460b8d|20|51338249077
12101|0x35d460b8d|21|103767592625
12101|0xb5d460b8d|22|213639547112
12101|0x1b5d460b8d|23|421001149033
12101|0x1b5d460b8d|24|825075683573
12221|0x395|1|107340
12221|0x395|2|221362
12221|0x10395|3|505543
12221|0x10395|4|1014242
12221|0x10395|5|1867769
12221|0x90395|6|3638760
12221|0x190395|7|7609653
12221|0x390395|8|15247912
12221|0x790395|9|30516255
12221|0x790395|10|60997644
12221|0x1790395|11|121919707
12221|0x3790395|12|244564823
12221|0x3790395|13|433862698
12221|0xb790395|14|911950101
12221|0x1b790395|15|1724380395
12221|0x1b790395|16|3942299982
12221|0x1b790395|17|6929251340
12221|0x9b790395|18|14164616905
12221|0x9b790395|19|26087033066
12221|0x29b790395|20|52978158640
12221|0x29b790395|21|104404099921
12221|0xa9b790395|22|209239782836
12221|0xa9b790395|23|414093650932
12221|0x2a9b790395|24|828764951348
13039|0x3c0f|1|96515
13039|0x3c0f|2|198516
13039|0x13c0f|3|456735
13039|0x33c0f|4|937647
13039|0x33c0f|5|2056800
13039|0x33c0f|6|3784510
13039|0x33c0f|7|7840899
13039|0x33c0f|8|15552989
13039|0x433c0f|9|31110360
13039|0xc33c0f|10|62194405
13039|0xc33c0f|11|124892993
13039|0xc33c0f|12|249400757
13039|0xc33c0f|13|498752194
13039|0x8c33c0f|14|998854504
13039|0x18c33c0f|15|1663372487
13039|0x18c33c0f|16|3992834081
13039|0x58c33c0f|17|6408281229
13039|0x58c33c0f|18|14316711098
13039|0x158c33c0f|19|28240195575
13039|0x158c33c0f|20|54059079085
13039|0x158c33c0f|21|104001367399
13039|0x958c33c0f|22|208518926898
13039|0x1958c33c0f|23|413283877685
13039|0x1958c33c0f|24|823926344298
13159|0x3857|1|109075
13159|0x3857|2|228891
13159|0x3857|3|432556
13159|0x3857|4|888762
13159|0x3857|5|1813164
13159|0x3857|6|3853439
13159|0x103857|7|7649310
13159|0x103857|8|15386536
13159|0x503857|9|30681394
13159|0xd03857|10|61286935
13159|0x1d03857|11|123043167
13159|0x3d03857|12|247073247
13159|0x7d03857|13|496852288
13159|0x7d03857|14|992951002
13159|0x7d03857|15|1986339424
13159|0x27d03857|16|3972525265
13159|0x27d03857|17|6486549322
13159|0xa7d03857|18|13262942029
13159|0xa7d03857|19|26175923598
13159|0x2a7d03857|20|52947304508
13159|0x2a7d03857|21|105304795812
13159|0x2a7d03857|22|207314418017
13159|0x2a7d03857|23|412176397044
13159|0x2a7d03857|24|829466961184
13213|0x6ab5|1|91807
13213|0xeab5|2|199512
13213|0xeab5|3|427338
13213|0x2eab5|4|907230
13213|0x6eab5|5|1861428
13213|0x6eab5|6|3942215
13213|0x6eab5|7|7703410
13213|0x6eab5|8|15582451
13213|0x6eab5|9|30926870
13213|0x6eab5|10|62195044
13213|0x106eab5|11|124499111
13213|0x306eab5|12|248664888
13213|0x706eab5|13|498213921
13213|0x706eab5|14|970708548
13213|0x1706eab5|15|1879423159
13213|0x1706eab5|16|3238923153
13213|0x1706eab5|17|8032454868
13213|0x9706eab5|18|14363738402
13213|0x19706eab5|19|25861204880
13213|0x19706eab5|20|52478012747
13213|0x19706eab5|21|104168352539
13213|0x19706eab5|22|207447882702
13213|0x119706eab5|23|412192908996
13213|0x319706eab5|24|832546342581
13309|0x4155|1|95740
13309|0xc155|2|201732
13309|0x1c155|3|428510
13309|0x1c155|4|906423
13309|0x1c155|5|1932226
13309|0x1c155|6|3885575
13309|0x1c155|7|7690458
13309|0x1c155|8|15642339
13309|0x41c155|9|30923268
13309|0xc1c155|10|58724961
13309|0x1c1c155|11|124409940
13309|0x3c1c155|12|249260139
13309|0x3c1c155|13|497140520
13309|0x3c1c155|14|994022630
13309|0x13c1c155|15|1834465511
13309|0x33c1c155|16|3223106386
13309|0x73c1c155|17|7997625501
13309|0x73c1c155|18|14010073230
13309|0x73c1c155|19|26606248951
13309|0x273c1c155|20|55188923410
13309|0x673c1c155|21|103383190022
13309|0x673c1c155|22|207149310099
13309|0x1673c1c155|23|413813018481
13309|0x1673c1c155|24|833731247133
14131|0x1bfb|1|97657
14131|0x9bfb|2|205969
14131|0x9bfb|3|497626
14131|0x29bfb|4|1040011
14131|0x29bfb|5|1931034
14131|0xa9bfb|6|3716461
14131|0xa9bfb|7|7722697
14131|0x2a9bfb|8|15423488
14131|0x2a9bfb|9|30712027
14131|0x2a9bfb|10|61389246
14131|0x2a9bfb|11|123253765
14131|0x2a9bfb|12|246214915
14131|0x2a9bfb|13|492562414
14131|0x2a9bfb|14|983751604
14131|0x102a9bfb|15|1897747261
14131|0x302a9bfb|16|3936727335
14131|0x702a9bfb|17|7925155590
14131|0xf02a9bfb|18|14183845724
14131|0x1f02a9bfb|19|26712405656
14131|0x1f02a9bfb|20|52054379134
14131|0x5f02a9bfb|21|103083769210
14131|0xdf02a9bfb|22|207240009976
14131|0xdf02a9bfb|23|413545339427
14131|0x2df02a9bfb|24|825871569786
14241|0x6c61|1|110949
14241|0x6c61|2|234395
14241|0x16c61|3|499859
14241|0x36c61|4|1043449
14241|0x36c61|5|1877157
14241|0x36c61|6|3930142
14241|0x136c61|7|7822700
14241|0x136c61|8|15578830
14241|0x136c61|9|31323959
14241|0x936c61|10|62618864
14241|0x1936c61|11|125245438
14241|0x3936c61|12|244671779
14241|0x7936c61|13|501177796
14241|0x7936c61|14|800095931
14241|0x17936c61|15|2000005698
14241|0x17936c61|16|4001560284
14241|0x17936c61|17|7823573045
14241|0x97936c61|18|13257140238
14241|0x97936c61|19|26039855185
14241|0x97936c61|20|57126981297
14241|0x97936c61|21|108159224526
14241|0x97936c61|22|206165522492
14241|0x1097936c61|23|414885721455
14241|0x1097936c61|24|826752406951
15025|0x4e51|1|97006
15025|0xce51|2|210088
15025|0x1ce51|3|449299
15025|0x3ce51|4|956017
15025|0x3ce51|5|2112245
15025|0x3ce51|6|3712072
15025|0x3ce51|7|7954101
15025|0x23ce51|8|15701725
15025|0x23ce51|9|31480584
15025|0xa3ce51|10|62709108
15025|0xa3ce51|11|125892203
15025|0x2a3ce51|12|251968086
15025|0x2a3ce51|13|431269786
15025|0x2a3ce51|14|1003099718
15025|0x12a3ce51|15|1678692229
15025|0x12a3ce51|16|4015767554
15025|0x12a3ce51|17|7803015740
15025|0x12a3ce51|18|13139123891
15025|0x12a3ce51|19|27722094069
15025|0x212a3ce51|20|64008898221
15025|0x212a3ce51|21|104456649707
15025|0xa12a3ce51|22|206328762390
15025|0x1a12a3ce51|23|411926632161
15025|0x1a12a3ce51|24|824146390732
15125|0x3c3d|1|96954
15125|0x3c3d|2|208459
15125|0x13c3d|3|450652
15125|0x13c3d|4|1002066
15125|0x53c3d|5|2037226
15125|0x53c3d|6|3720598
15125|0x153c3d|7|7786810
15125|0x353c3d|8|15525536
15125|0x753c3d|9|31117572
15125|0xf53c3d|10|62388395
15125|0x1f53c3d|11|124584617
15125|0x3f53c3d|12|248884238
15125|0x3f53c3d|13|499181030
15125|0xbf53c3d|14|999863602
15125|0xbf53c3d|15|1756986262
15125|0xbf53c3d|16|3158729210
15125|0xbf53c3d|17|6813262403
15125|0x8bf53c3d|18|12940519031
15125|0x18bf53c3d|19|28001461808
15125|0x38bf53c3d|20|51802467987
15125|0x78bf53c3d|21|103159934744
15125|0x78bf53c3d|22|210177277101
15125|0x78bf53c3d|23|415954283787
15125|0x278bf53c3d|24|827806363390
15237|0x54d|1|99352
15237|0x854d|2|242653
15237|0x854d|3|513240
15237|0x2854d|4|1032444
15237|0x2854d|5|1970490
15237|0xa854d|6|3953735
15237|0x1a854d|7|7876095
15237|0x1a854d|8|15764187
15237|0x1a854d|9|31719041
15237|0x9a854d|10|63148081
15237|0x19a854d|11|126608812
15237|0x39a854d|12|253804346
15237|0x79a854d|13|506953525
15237|0x79a854d|14|1014292011
15237|0x179a854d|15|2028105329
15237|0x379a854d|16|3335919051
15237|0x379a854d|17|6381839942
15237|0xb79a854d|18|13455647285
15237|0xb79a854d|19|31513639585
15237|0xb79a854d|20|57421759169
15237|0xb79a854d|21|114747021026
15237|0xb79a854d|22|206833011362
15237|0x10b79a854d|23|411410490503
15237|0x10b79a854d|24|823063206471
15335|0x27d7|1|99430
15335|0xa7d7|2|211628
15335|0xa7d7|3|452831
15335|0x2a7d7|4|911032
15335|0x6a7d7|5|1886365
15335|0x6a7d7|6|4050588
15335|0x16a7d7|7|7790112
15335|0x36a7d7|8|15901613
15335|0x36a7d7|9|31570097
15335|0x36a7d7|10|62813632
15335|0x36a7d7|11|126084678
15335|0x236a7d7|12|252743779
15335|0x236a7d7|13|505009450
15335|0xa36a7d7|14|1009304239
15335|0x1a36a7d7|15|2017930701
15335|0x1a36a7d7|16|3602634609
15335|0x5a36a7d7|17|6523747245
15335|0x5a36a7d7|18|13304166137
15335|0x5a36a7d7|19|27137246618
15335|0x5a36a7d7|20|51644268389
15335|0x45a36a7d7|21|105982719878
15335|0xc5a36a7d7|22|215236662698
15335|0x1c5a36a7d7|23|413722304204
15335|0x3c5a36a7d7|24|826430683003
16095|0x7d1f|1|98790
16095|0xfd1f|2|213161
16095|0xfd1f|3|503234
16095|0x2fd1f|4|1056377
16095|0x2fd1f|5|2043187
16095|0xafd1f|6|3958767
16095|0xafd1f|7|8002586
16095|0x2afd1f|8|16083193
16095|0x6afd1f|9|31981004
16095|0xeafd1f|10|64099372
16095|0xeafd1f|11|127667241
16095|0x2eafd1f|12|256533457
16095|0x6eafd1f|13|523242126
16095|0x6eafd1f|14|1020213318
16095|0x16eafd1f|15|1865791245
16095|0x36eafd1f|16|3647665147
16095|0x76eafd1f|17|6719588273
16095|0xf6eafd1f|18|15690850342
16095|0xf6eafd1f|19|25977529656
16095|0xf6eafd1f|20|51277677434
16095|0x4f6eafd1f|21|104349842098
16095|0x4f6eafd1f|22|207474248151
16095|0x4f6eafd1f|23|410357298597
16095|0x24f6eafd1f|24|824049759039
16213|0x45fd|1|114514
16213|0xc5fd|2|245286
16213|0x1c5fd|3|526650
16213|0x1c5fd|4|998868
16213|0x1c5fd|5|1889820
16213|0x1c5fd|6|4104638
16213|0x11c5fd|7|7867603
16213|0x31c5fd|8|16084552
16213|0x71c5fd|9|31972428
16213|0xf1c5fd|10|64208836
16213|0xf1c5fd|11|128213517
16213|0xf1c5fd|12|256324896
16213|0xf1c5fd|13|512969495
16213|0xf1c5fd|14|1025750460
16213|0x10f1c5fd|15|2051722683
16213|0x30f1c5fd|16|4103249098
16213|0x70f1c5fd|17|8159065079
16213|0x70f1c5fd|18|16365883593
16213|0x170f1c5fd|19|26180119113
16213|0x370f1c5fd|20|55170394490
16213|0x370f1c5fd|21|104806960799
16213|0x370f1c5fd|22|206074032258
16213|0x1370f1c5fd|23|410267644128
16213|0x1370f1c5fd|24|822697050577
16311|0x4e07|1|139167
16311|0xce07|2|243561
16311|0x1ce07|3|480154
16311|0x3ce07|4|933345
16311|0x7ce07|5|1889752
16311|0xfce07|6|4084987
16311|0xfce07|7|7952706
16311|0xfce07|8|16000587
16311|0xfce07|9|32103560
16311|0xfce07|10|63748194
16311|0x10fce07|11|127892507
16311|0x30fce07|12|255520959
16311|0x70fce07|13|511862121
16311|0x70fce07|14|889518905
16311|0x170fce07|15|2051253289
16311|0x370fce07|16|4101998488
16311|0x770fce07|17|7152719056
16311|0x770fce07|18|13113751971
16311|0x770fce07|19|32823210658
16311|0x2770fce07|20|54990823074
16311|0x2770fce07|21|108128547262
16311|0x2770fce07|22|206838683394
16311|0x12770fce07|23|412379674996
16311|0x12770fce07|24|818239061361
16791|0x4e27|1|167699
16791|0x4e27|2|389921
16791|0x24e27|3|853585
16791|0x64e27|4|1787828
16791|0x64e27|5|3882720
16791|0x164e27|6|7531452
16791|0x164e27|7|15341863
16791|0x164e27|8|30292449
16791|0x164e27|9|60529728
16791|0x1164e27|10|120950605
16791|0x3164e27|11|241155854
16791|0x7164e27|12|482658091
16791|0xf164e27|13|964587730
16791|0x1f164e27|14|1928169481
16791|0x1f164e27|15|3859978489
16791|0x1f164e27|16|7715258122
16791|0x1f164e27|17|12770451583
16791|0x11f164e27|18|27136651246
16791|0x31f164e27|19|57399514791
16791|0x71f164e27|20|106530357259
16791|0xf1f164e27|21|212698579646
16791|0x1f1f164e27|22|421743641299
16791|0x1f1f164e27|23|842282480092
16791|0x5f1f164e27|24|1686013233063
16911|0x6cef|1|167422
16911|0x6cef|2|390868
16911|0x6cef|3|853845
16911|0x46cef|4|1845869
16911|0xc6cef|5|3900780
16911|0x1c6cef|6|7560327
16911|0x1c6cef|7|15376276
16911|0x5c6cef|8|30478235
16911|0xdc6cef|9|54677161
16911|0x1dc6cef|10|121650280
16911|0x1dc6cef|11|242701805
16911|0x1dc6cef|12|485375627
16911|0x1dc6cef|13|837163428
16911|0x11dc6cef|14|1942683662
16911|0x31dc6cef|15|3332097242
16911|0x71dc6cef|16|7229504460
16911|0xf1dc6cef|17|13184587772
16911|0x1f1dc6cef|18|26393972218
16911|0x1f1dc6cef|19|52780230754
16911|0x1f1dc6cef|20|105805364768
16911|0x9f1dc6cef|21|210071710171
16911|0x19f1dc6cef|22|420072334403
16911|0x39f1dc6cef|23|836406249651
16911|0x79f1dc6cef|24|1679042440681
17011|0x32bb|1|167769
17011|0x132bb|2|391369
17011|0x332bb|3|857327
17011|0x732bb|4|1762653
17011|0x732bb|5|3840128
17011|0x1732bb|6|7435615
17011|0x1732bb|7|14887347
17011|0x1732bb|8|30072796
17011|0x9732bb|9|59981393
17011|0x19732bb|10|120343001
17011|0x39732bb|11|241189167
17011|0x39732bb|12|407012485
17011|0xb9732bb|13|966446937
17011|0x1b9732bb|14|1802552951
17011|0x3b9732bb|15|3392283127
17011|0x7b9732bb|16|6508919994
17011|0xfb9732bb|17|12806987751
17011|0xfb9732bb|18|27418555016
17011|0x2fb9732bb|19|53543909769
17011|0x6fb9732bb|20|106397007269
17011|0x6fb9732bb|21|209111349972
17011|0x6fb9732bb|22|418585584088
17011|0x6fb9732bb|23|838200862528
17011|0x6fb9732bb|24|1771605645420
17125|0xaaed|1|295988
17125|0xaaed|2|700670
17125|0x2aaed|3|1532176
17125|0x6aaed|4|3179233
17125|0xeaaed|5|6357174
17125|0x1eaaed|6|12805418
17125|0x1eaaed|7|25604687
17125|0x1eaaed|8|51245571
17125|0x9eaaed|9|102465573
17125|0x9eaaed|10|196968411
17125|0x29eaaed|11|394284813
17125|0x29eaaed|12|800261712
17125|0x29eaaed|13|1494616967
17125|0x29eaaed|14|3279755018
17125|0x29eaaed|15|5468253334
17125|0x429eaaed|16|11089084294
17125|0xc29eaaed|17|21553951079
17125|0x1c29eaaed|18|44297552329
17125|0x1c29eaaed|19|90012881379
17125|0x1c29eaaed|20|180678464128
17125|0x1c29eaaed|21|357277893594
17125|0x1c29eaaed|22|717969053319
17125|0x1c29eaaed|23|1428559160749
17125|0x41c29eaaed|24|2854852162131
17305|0x60a9|1|300780
17305|0x60a9|2|703296
17305|0x260a9|3|1566031
17305|0x260a9|4|3170089
17305|0xa60a9|5|6406687
17305|0xa60a9|6|12798711
17305|0xa60a9|7|25674512
17305|0xa60a9|8|51247978
17305|0x8a60a9|9|102467262
17305|0x8a60a9|10|205027214
17305|0x28a60a9|11|410199760
17305|0x68a60a9|12|820335888
17305|0x68a60a9|13|1567872392
17305|0x68a60a9|14|2751414828
17305|0x268a60a9|15|5516960110
17305|0x668a60a9|16|10833862771
17305|0xe68a60a9|17|21640136000
17305|0xe68a60a9|18|45838867432
17305|0xe68a60a9|19|88636884749
17305|0xe68a60a9|20|177256275971
17305|0xe68a60a9|21|356615476353
17305|0xe68a60a9|22|716493600543
17305|0x20e68a60a9|23|1426755231087
17305|0x20e68a60a9|24|2853907277967
17873|0x3331|1|294431
17873|0x3331|2|708433
17873|0x23331|3|1560826
17873|0x23331|4|3174987
17873|0xa3331|5|6414971
17873|0xa3331|6|12800859
17873|0x2a3331|7|25676089
17873|0x6a3331|8|51367205
17873|0xea3331|9|102759326
17873|0x1ea3331|10|205577698
17873|0x1ea3331|11|411095467
17873|0x1ea3331|12|822200871
17873|0x1ea3331|13|1556622819
17873|0x11ea3331|14|2969175843
17873|0x11ea3331|15|5446397233
17873|0x51ea3331|16|11360477058
17873|0x51ea3331|17|21599820534
17873|0x151ea3331|18|44497188838
17873|0x151ea3331|19|89218544963
17873|0x151ea3331|20|177888007114
17873|0x951ea3331|21|356882694880
17873|0x1951ea3331|22|712962030374
17873|0x1951ea3331|23|1424950629342
17873|0x5951ea3331|24|2367351053957
18041|0x43c9|1|170058
18041|0x143c9|2|399190
18041|0x343c9|3|895526
18041|0x743c9|4|1762109
18041|0xf43c9|5|3894571
18041|0xf43c9|6|7531409
18041|0xf43c9|7|15251224
18041|0x4f43c9|8|30335346
18041|0x4f43c9|9|60642569
18041|0x4f43c9|10|120773362
18041|0x24f43c9|11|242486176
18041|0x64f43c9|12|483931118
18041|0xe4f43c9|13|963245260
18041|0x1e4f43c9|14|1662954082
18041|0x1e4f43c9|15|3851061166
18041|0x1e4f43c9|16|6566145057
18041|0x1e4f43c9|17|13097150239
18041|0x1e4f43c9|18|25504256441
18041|0x1e4f43c9|19|56949555961
18041|0x1e4f43c9|20|102722168819
18041|0x81e4f43c9|21|207367346980
18041|0x81e4f43c9|22|414665958657
18041|0x281e4f43c9|23|836331236057
18041|0x681e4f43c9|24|1671124867008
18145|0x7d21|1|170111
18145|0x17d21|2|399689
18145|0x37d21|3|879441
18145|0x37d21|4|1816704
18145|0xb7d21|5|3813137
18145|0x1b7d21|6|7451928
18145|0x3b7d21|7|14941072
18145|0x3b7d21|8|30237454
18145|0xbb7d21|9|60165648
18145|0x1bb7d21|10|120274265
18145|0x3bb7d21|11|241009388
18145|0x7bb7d21|12|481509825
18145|0x7bb7d21|13|964596137
18145|0x17bb7d21|14|1706562052
18145|0x37bb7d21|15|3855833033
18145|0x77bb7d21|16|6888565939
18145|0xf7bb7d21|17|12914335594
18145|0x1f7bb7d21|18|26252645423
18145|0x1f7bb7d21|19|52652199125
18145|0x1f7bb7d21|20|106252560303
18145|0x9f7bb7d21|21|208251297829
18145|0x9f7bb7d21|22|416688971770
18145|0x9f7bb7d21|23|830433446163
18145|0x9f7bb7d21|24|1672438192076
18257|0x61b1|1|215995
18257|0x161b1|2|409741
18257|0x161b1|3|881591
18257|0x161b1|4|1770877
18257|0x961b1|5|3883306
18257|0x1961b1|6|7494885
18257|0x3961b1|7|15236657
18257|0x7961b1|8|30319342
18257|0xf961b1|9|60665139
18257|0x1f961b1|10|121336064
18257|0x3f961b1|11|242469045
18257|0x7f961b1|12|485441633
18257|0x7f961b1|13|969774807
18257|0x17f961b1|14|1888527369
18257|0x17f961b1|15|3881503936
18257|0x57f961b1|16|7772667244
18257|0x57f961b1|17|15520504678
18257|0x57f961b1|18|26852066215
18257|0x257f961b1|19|53950799827
18257|0x657f961b1|20|107650809167
18257|0xe57f961b1|21|208572931330
18257|0x1e57f961b1|22|412917913153
18257|0x1e57f961b1|23|833708048969
18257|0x1e57f961b1|24|1681090486461
18373|0x9f0d|1|170510
18373|0x19f0d|2|401428
18373|0x19f0d|3|883761
18373|0x59f0d|4|1791514
18373|0x59f0d|5|3848893
18373|0x159f0d|6|7492340
18373|0x159f0d|7|14940610
18373|0x559f0d|8|29910894
18373|0x559f0d|9|59910786
18373|0x1559f0d|10|120137914
18373|0x3559f0d|11|240090401
18373|0x3559f0d|12|470210524
18373|0x3559f0d|13|892411530
18373|0x13559f0d|14|1782313792
18373|0x33559f0d|15|3836403750
18373|0x73559f0d|16|7716340837
18373|0xf3559f0d|17|13253689093
18373|0xf3559f0d|18|27908526428
18373|0xf3559f0d|19|51837754535
18373|0xf3559f0d|20|107295377463
18373|0x8f3559f0d|21|204922674959
18373|0x8f3559f0d|22|414268424857
18373|0x28f3559f0d|23|835844027071
18373|0x28f3559f0d|24|1669499573083
18843|0xf493|1|193856
18843|0xf493|2|460110
18843|0x2f493|3|898271
18843|0x2f493|4|1759721
18843|0xaf493|5|3573738
18843|0xaf493|6|7434671
18843|0x2af493|7|14697093
18843|0x6af493|8|29595661
18843|0xeaf493|9|59185986
18843|0xeaf493|10|118235743
18843|0x2eaf493|11|236763765
18843|0x6eaf493|12|472640369
18843|0x6eaf493|13|946495055
18843|0x16eaf493|14|1601598199
18843|0x36eaf493|15|3192768049
18843|0x76eaf493|16|6550107814
18843|0x76eaf493|17|15176671660
18843|0x176eaf493|18|25353104876
18843|0x176eaf493|19|54580790325
18843|0x576eaf493|20|105832296974
18843|0xd76eaf493|21|205947678010
18843|0x1d76eaf493|22|418776188957
18843|0x1d76eaf493|23|836349563651
18843|0x5d76eaf493|24|1667306255229
18955|0x71a3|1|194558
18955|0x71a3|2|460834
18955|0x271a3|3|965123
18955|0x671a3|4|1815485
18955|0x671a3|5|3697621
18955|0x671a3|6|7612149
18955|0x2671a3|7|15041383
18955|0x2671a3|8|30360384
18955|0xa671a3|9|60404571
18955|0xa671a3|10|120845902
18955|0xa671a3|11|242013050
18955|0x4a671a3|12|488891409
18955|0x4a671a3|13|966789185
18955|0x14a671a3|14|1701428456
18955|0x14a671a3|15|3859710787
18955|0x14a671a3|16|7710719908
18955|0x14a671a3|17|13677923874
18955|0x114a671a3|18|27244383642
18955|0x114a671a3|19|55139299061
18955|0x514a671a3|20|108232732566
18955|0x514a671a3|21|206678179535
18955|0x1514a671a3|22|414793154825
18955|0x3514a671a3|23|834817368452
18955|0x7514a671a3|24|1666539989454
19057|0x3691|1|172583
19057|0x3691|2|425386
19057|0x23691|3|851166
19057|0x23691|4|1926665
19057|0x23691|5|3714064
19057|0x23691|6|7557815
19057|0x23691|7|15307121
19057|0x423691|8|30419173
19057|0x423691|9|60834851
19057|0x1423691|10|121670733
19057|0x3423691|11|243197858
19057|0x7423691|12|486587930
19057|0xf423691|13|972624892
19057|0xf423691|14|1944876760
19057|0x2f423691|15|3296054254
19057|0x2f423691|16|6872147067
19057|0x2f423691|17|15518054134
19057|0x2f423691|18|25833529316
19057|0x22f423691|19|56598142461
19057|0x22f423691|20|117347401359
19057|0x22f423691|21|206699152273
19057|0x22f423691|22|415047138515
19057|0x222f423691|23|834590941916
19057|0x622f423691|24|1667139769994
19171|0x4acb|1|171007
19171|0x14acb|2|407202
19171|0x14acb|3|852944
19171|0x54acb|4|1760460
19171|0x54acb|5|3837730
19171|0x154acb|6|7415633
19171|0x154acb|7|14801113
19171|0x154acb|8|29773369
19171|0x954acb|9|48536772
19171|0x954acb|10|118952290
19171|0x954acb|11|238059009
19171|0x4954acb|12|476415585
19171|0xc954acb|13|951485519
19171|0x1c954acb|14|1869128328
19171|0x1c954acb|15|3465081168
19171|0x1c954acb|16|6289542855
19171|0x9c954acb|17|12566124373
19171|0x9c954acb|18|25937869691
19171|0x29c954acb|19|52300512803
19171|0x69c954acb|20|104653289855
19171|0x69c954acb|21|210896151088
19171|0x69c954acb|22|417234292635
19171|0x269c954acb|23|832463762365
19171|0x269c954acb|24|1747491105645
19281|0xddb1|1|241197
19281|0x1ddb1|2|463395
19281|0x3ddb1|3|971673
19281|0x7ddb1|4|1818735
19281|0x7ddb1|5|4032261
19281|0x17ddb1|6|7814116
19281|0x17ddb1|7|15738860
19281|0x17ddb1|8|31561156
19281|0x97ddb1|9|63166115
19281|0x97ddb1|10|125963112
19281|0x297ddb1|11|252123270
19281|0x297ddb1|12|504294086
19281|0x297ddb1|13|1009871748
19281|0x1297ddb1|14|2014889315
19281|0x3297ddb1|15|3653446048
19281|0x3297ddb1|16|6644782438
19281|0xb297ddb1|17|14264768983
19281|0x1b297ddb1|18|27927611586
19281|0x1b297ddb1|19|58232556702
19281|0x5b297ddb1|20|109816293012
19281|0x5b297ddb1|21|220302460448
19281|0x5b297ddb1|22|437903274058
19281|0x25b297ddb1|23|876090424551
19281|0x65b297ddb1|24|1746866641992
19383|0x8207|1|171900
19383|0x18207|2|677534
19383|0x18207|3|973608
19383|0x58207|4|2009598
19383|0xd8207|5|3840904
19383|0xd8207|6|7964342
19383|0xd8207|7|15884680
19383|0x4d8207|8|31704942
19383|0xcd8207|9|63243373
19383|0xcd8207|10|116192360
19383|0xcd8207|11|254652732
19383|0xcd8207|12|446978715
19383|0x8cd8207|13|1016853803
19383|0x8cd8207|14|2029678818
19383|0x8cd8207|15|3621198779
19383|0x8cd8207|16|7117656140
19383|0x88cd8207|17|13228270413
19383|0x88cd8207|18|27364929080
19383|0x288cd8207|19|58174370098
19383|0x688cd8207|20|109763471393
19383|0x688cd8207|21|223026324042
19383|0x688cd8207|22|438873913353
19383|0x688cd8207|23|876801854176
19383|0x4688cd8207|24|1747597365478
19893|0xf89d|1|223100
19893|0x1f89d|2|468307
19893|0x1f89d|3|984546
19893|0x5f89d|4|1822385
19893|0x5f89d|5|4093806
19893|0x5f89d|6|7990154
19893|0x5f89d|7|15803606
19893|0x5f89d|8|32052486
19893|0x5f89d|9|63803916
19893|0x5f89d|10|127589952
19893|0x5f89d|11|226614646
19893|0x5f89d|12|511402217
19893|0x5f89d|13|1021649159
19893|0x1005f89d|14|2041303263
19893|0x3005f89d|15|4054094365
19893|0x7005f89d|16|8147943539
19893|0x7005f89d|17|13987780359
19893|0x17005f89d|18|27197016196
19893|0x37005f89d|19|55747351571
19893|0x37005f89d|20|109430155527
19893|0x37005f89d|21|220310076486
19893|0x37005f89d|22|437736176864
19893|0x237005f89d|23|876134000648
19893|0x637005f89d|24|1745327641929
19991|0xc9a7|1|172735
19991|0x1c9a7|2|412947
19991|0x3c9a7|3|903390
19991|0x3c9a7|4|2035065
19991|0xbc9a7|5|3885807
19991|0xbc9a7|6|7941672
19991|0xbc9a7|7|15727173
19991|0xbc9a7|8|31593781
19991|0x8bc9a7|9|52850285
19991|0x8bc9a7|10|126630595
19991|0x8bc9a7|11|253148599
19991|0x48bc9a7|12|505838641
19991|0x48bc9a7|13|1012141639
19991|0x48bc9a7|14|1816384580
19991|0x48bc9a7|15|4001611044
19991|0x48bc9a7|16|6806942139
19991|0x48bc9a7|17|16268855274
19991|0x1048bc9a7|18|28387483255
19991|0x3048bc9a7|19|59106136699
19991|0x3048bc9a7|20|111767950691
19991|0xb048bc9a7|21|220474534114
19991|0xb048bc9a7|22|437473064427
19991|0x2b048bc9a7|23|875224175810
19991|0x6b048bc9a7|24|1743998543244
20111|0x106f|1|172796
20111|0x1106f|2|413830
20111|0x3106f|3|963408
20111|0x3106f|4|2040129
20111|0xb106f|5|3910162
20111|0x1b106f|6|7945371
20111|0x3b106f|7|15850486
20111|0x3b106f|8|31594971
20111|0x3b106f|9|63260014
20111|0x3b106f|10|126672237
20111|0x3b106f|11|252589158
20111|0x3b106f|12|504062159
20111|0x3b106f|13|1010661265
20111|0x3b106f|14|2026234044
20111|0x203b106f|15|4049664937
20111|0x203b106f|16|7509977550
20111|0x203b106f|17|14356943337
20111|0x203b106f|18|30823091473
20111|0x203b106f|19|53387026491
20111|0x4203b106f|20|111211200171
20111|0x4203b106f|21|221910544370
20111|0x4203b106f|22|439190692753
20111|0x24203b106f|23|875396787361
20111|0x24203b106f|24|1745605907005
20227|0x13ab|1|212272
20227|0x13ab|2|469111
20227|0x213ab|3|989354
20227|0x213ab|4|1886356
20227|0xa13ab|5|3957872
20227|0x1a13ab|6|7780123
20227|0x3a13ab|7|15792988
20227|0x7a13ab|8|31669944
20227|0xfa13ab|9|63358694
20227|0x1fa13ab|10|126741063
20227|0x3fa13ab|11|253129160
20227|0x3fa13ab|12|504758020
20227|0xbfa13ab|13|1011599248
20227|0x1bfa13ab|14|2026639947
20227|0x1bfa13ab|15|4013820782
20227|0x1bfa13ab|16|6647644912
20227|0x9bfa13ab|17|13257913782
20227|0x9bfa13ab|18|27207770471
20227|0x9bfa13ab|19|55562616574
20227|0x49bfa13ab|20|109547668129
20227|0x49bfa13ab|21|221795455055
20227|0x149bfa13ab|22|437594658355
20227|0x349bfa13ab|23|876861564737
20227|0x749bfa13ab|24|1745212460247
20329|0x30d9|1|173086
20329|0x130d9|2|642906
20329|0x130d9|3|904414
20329|0x130d9|4|1993921
20329|0x130d9|5|3877424
20329|0x1130d9|6|7986770
20329|0x3130d9|7|15814795
20329|0x7130d9|8|31581095
20329|0xf130d9|9|63449130
20329|0x1f130d9|10|126612115
20329|0x3f130d9|11|253705941
20329|0x7f130d9|12|445649946
20329|0x7f130d9|13|1012545283
20329|0x17f130d9|14|1731377329
20329|0x17f130d9|15|3742271252
20329|0x57f130d9|16|7209683075
20329|0xd7f130d9|17|13309633250
20329|0xd7f130d9|18|28859849028
20329|0xd7f130d9|19|54392821458
20329|0x4d7f130d9|20|109976785842
20329|0x4d7f130d9|21|222858163836
20329|0x4d7f130d9|22|437342640236
20329|0x24d7f130d9|23|875881917848
20329|0x64d7f130d9|24|1743379777972
20447|0x2c1f|1|191926
20447|0x2c1f|2|473265
20447|0x2c1f|3|993878
20447|0x42c1f|4|1986807
20447|0x42c1f|5|3883150
20447|0x42c1f|6|7749507
20447|0x42c1f|7|15726995
20447|0x442c1f|8|31609335
20447|0x442c1f|9|63138080
20447|0x1442c1f|10|126044956
20447|0x1442c1f|11|252212395
20447|0x5442c1f|12|504110949
20447|0x5442c1f|13|1010443773
20447|0x5442c1f|14|1989258246
20447|0x25442c1f|15|3317968950
20447|0x25442c1f|16|7970823652
20447|0xa5442c1f|17|14684849734
20447|0xa5442c1f|18|27283102417
20447|0xa5442c1f|19|54941410263
20447|0xa5442c1f|20|109986366559
20447|0xa5442c1f|21|227080574561
20447|0x10a5442c1f|22|446296008507
20447|0x10a5442c1f|23|891818435959
20447|0x10a5442c1f|24|1744047642721
20941|0x305|1|197667
20941|0x10305|2|476834
20941|0x10305|3|1003251
20941|0x50305|4|1960276
20941|0xd0305|5|3967855
20941|0xd0305|6|7821028
20941|0x2d0305|7|15875558
20941|0x2d0305|8|31669889
20941|0x2d0305|9|63495090
20941|0x2d0305|10|126798590
20941|0x22d0305|11|254120803
20941|0x62d0305|12|507699150
20941|0x62d0305|13|1015771154
20941|0x162d0305|14|2031240249
20941|0x162d0305|15|4063547193
20941|0x162d0305|16|8149406784
20941|0x162d0305|17|14153830201
20941|0x162d0305|18|27281586602
20941|0x2162d0305|19|56058096624
20941|0x2162d0305|20|110282279613
20941|0x2162d0305|21|218805045173
20941|0x12162d0305|22|437320955542
20941|0x12162d0305|23|881137613767
20941|0x12162d0305|24|1742803914619
21043|0xf8fb|1|197549
21043|0xf8fb|2|451000
21043|0x2f8fb|3|899264
21043|0x2f8fb|4|1956415
21043|0xaf8fb|5|3866103
21043|0x1af8fb|6|7998030
21043|0x3af8fb|7|15840063
21043|0x3af8fb|8|31646289
21043|0xbaf8fb|9|63577642
21043|0x1baf8fb|10|127061742
21043|0x1baf8fb|11|254069750
21043|0x5baf8fb|12|508331433
21043|0xdbaf8fb|13|1017296387
21043|0xdbaf8fb|14|2023269982
21043|0x2dbaf8fb|15|3455636888
21043|0x2dbaf8fb|16|8118907101
21043|0x2dbaf8fb|17|16252568707
21043|0x12dbaf8fb|18|33028473823
21043|0x32dbaf8fb|19|57979336721
21043|0x32dbaf8fb|20|110078426902
21043|0xb2dbaf8fb|21|218814943378
21043|0xb2dbaf8fb|22|436628745060
21043|0x2b2dbaf8fb|23|879843056762
21043|0x6b2dbaf8fb|24|1740463219202
21161|0x7199|1|198278
21161|0x7199|2|478798
21161|0x27199|3|1023158
21161|0x27199|4|1960570
21161|0x27199|5|3958574
21161|0x27199|6|7983035
21161|0x27199|7|15877664
21161|0x27199|8|29198476
21161|0x27199|9|51831122
21161|0x27199|10|127289626
21161|0x2027199|11|237970877
21161|0x6027199|12|475312527
21161|0x6027199|13|974300117
21161|0x6027199|14|1687533253
21161|0x6027199|15|4062711943
21161|0x46027199|16|6692829751
21161|0x46027199|17|13348665547
21161|0x146027199|18|27630891839
21161|0x146027199|19|54318218938
21161|0x546027199|20|109738101694
21161|0xd46027199|21|220298512141
21161|0x1d46027199|22|438587078459
21161|0x1d46027199|23|879498824482
21161|0x5d46027199|24|1740947808510
21265|0xfdf1|1|186270
21265|0xfdf1|2|477644
21265|0x2fdf1|3|1009178
21265|0x2fdf1|4|2048452
21265|0xafdf1|5|3849180
21265|0x1afdf1|6|8003351
21265|0x3afdf1|7|15889709
21265|0x7afdf1|8|30297930
21265|0xfafdf1|9|63673323
21265|0x1fafdf1|10|127552861
21265|0x3fafdf1|11|255150242
21265|0x7fafdf1|12|510209340
21265|0xffafdf1|13|952979884
21265|0x1ffafdf1|14|1905799505
21265|0x1ffafdf1|15|3609434374
21265|0x1ffafdf1|16|6942722141
21265|0x9ffafdf1|17|16297684582
21265|0x19ffafdf1|18|27031914263
21265|0x39ffafdf1|19|55761655702
21265|0x79ffafdf1|20|109810334737
21265|0x79ffafdf1|21|222282948845
21265|0x79ffafdf1|22|437888229640
21265|0x279ffafdf1|23|882759605635
21265|0x279ffafdf1|24|1740530619636
21383|0x237|1|172830
21383|0x10237|2|422896
21383|0x10237|3|890047
21383|0x10237|4|2061199
21383|0x10237|5|3798587
21383|0x10237|6|7428054
21383|0x10237|7|15003357
21383|0x410237|8|30237977
21383|0x410237|9|62938443
21383|0x410237|10|126431300
21383|0x2410237|11|253199668
21383|0x6410237|12|507284222
21383|0x6410237|13|1017525332
21383|0x6410237|14|1680363094
21383|0x26410237|15|4069789495
21383|0x66410237|16|7583249458
21383|0x66410237|17|14466699798
21383|0x166410237|18|32813031414
21383|0x166410237|19|56632994760
21383|0x566410237|20|111088878862
21383|0x566410237|21|219370112113
21383|0x566410237|22|436419840668
21383|0x566410237|23|879339459360
21383|0x566410237|24|1740716208860
21497|0xfe49|1|173080
21497|0x1fe49|2|421944
21497|0x3fe49|3|938176
21497|0x7fe49|4|2059807
21497|0xffe49|5|3896368
21497|0xffe49|6|7943810
21497|0xffe49|7|16013367
21497|0xffe49|8|31804464
21497|0xffe49|9|63576185
21497|0x10ffe49|10|126411773
21497|0x10ffe49|11|254116155
21497|0x10ffe49|12|508768868
21497|0x90ffe49|13|974821953
21497|0x90ffe49|14|1741567284
21497|0x90ffe49|15|3998671600
21497|0x90ffe49|16|7088441014
21497|0x90ffe49|17|13932835203
21497|0x1090ffe49|18|29761262845
21497|0x3090ffe49|19|57125873450
21497|0x7090ffe49|20|113030774774
21497|0xf090ffe49|21|225710485366
21497|0x1f090ffe49|22|440010591615
21497|0x3f090ffe49|23|879689328299
21497|0x7f090ffe49|24|1741445387898
21971|0xca5b|1|188793
21971|0x1ca5b|2|435482
21971|0x3ca5b|3|962424
21971|0x3ca5b|4|1989929
21971|0x3ca5b|5|3868257
21971|0x13ca5b|6|7789828
21971|0x13ca5b|7|15787718
21971|0x13ca5b|8|31696849
21971|0x93ca5b|9|63347799
21971|0x93ca5b|10|127199291
21971|0x93ca5b|11|223973112
21971|0x493ca5b|12|511416149
21971|0xc93ca5b|13|1023126779
21971|0x1c93ca5b|14|2038004746
21971|0x3c93ca5b|15|4078796356
21971|0x3c93ca5b|16|6697653365
21971|0x3c93ca5b|17|16216874990
21971|0x13c93ca5b|18|33120456832
21971|0x33c93ca5b|19|58598642983
21971|0x33c93ca5b|20|110574866653
21971|0xb3c93ca5b|21|218958723546
21971|0xb3c93ca5b|22|437632226047
21971|0x2b3c93ca5b|23|879201612010
21971|0x6b3c93ca5b|24|1740234184357
22083|0x266b|1|197309
22083|0x266b|2|424160
22083|0x2266b|3|966033
22083|0x2266b|4|1796193
22083|0xa266b|5|3988070
22083|0x1a266b|6|7910245
22083|0x1a266b|7|15837586
22083|0x5a266b|8|31630884
22083|0xda266b|9|63158092
22083|0xda266b|10|126683466
22083|0x2da266b|11|253852349
22083|0x2da266b|12|507400141
22083|0xada266b|13|912377513
22083|0xada266b|14|1661487633
22083|0x2ada266b|15|3363032140
22083|0x2ada266b|16|6644324128
22083|0xaada266b|17|13249123028
22083|0xaada266b|18|27430468097
22083|0x2aada266b|19|56028836729
22083|0x2aada266b|20|110353502145
22083|0xaaada266b|21|218598552414
22083|0x1aaada266b|22|439223826778
22083|0x3aaada266b|23|879124384395
22083|0x7aaada266b|24|1740329893453
22199|0x6707|1|197794
22199|0x6707|2|424877
22199|0x26707|3|988290
22199|0x66707|4|1881655
22199|0x66707|5|4020138
22199|0x166707|6|7856002
22199|0x366707|7|15906158
22199|0x366707|8|30779031
22199|0xb66707|9|63342244
22199|0x1b66707|10|126983363
22199|0x1b66707|11|215747171
22199|0x1b66707|12|507870930
22199|0x1b66707|13|1015854190
22199|0x1b66707|14|2039616581
22199|0x1b66707|15|3396834767
22199|0x1b66707|16|6688744496
22199|0x81b66707|17|15270873032
22199|0x81b66707|18|26858166180
22199|0x81b66707|19|56891518779
22199|0x81b66707|20|115214400916
22199|0x81b66707|21|225732072576
22199|0x1081b66707|22|436716488403
22199|0x3081b66707|23|879743176093
22199|0x7081b66707|24|1739772505523
22303|0x64df|1|200492
22303|0x64df|2|425381
22303|0x64df|3|986511
22303|0x464df|4|1914815
22303|0x464df|5|4006016
22303|0x1464df|6|7868310
22303|0x1464df|7|15947563
22303|0x5464df|8|31920772
22303|0xd464df|9|63615802
22303|0xd464df|10|127518530
22303|0xd464df|11|255220026
22303|0xd464df|12|509605517
22303|0x8d464df|13|966626415
22303|0x8d464df|14|2005959194
22303|0x8d464df|15|4082233364
22303|0x48d464df|16|8156337593
22303|0x48d464df|17|13592407514
22303|0x148d464df|18|28382871160
22303|0x148d464df|19|61711819315
22303|0x148d464df|20|112472394020
22303|0x948d464df|21|221270802506
22303|0x948d464df|22|435990769206
22303|0x2948d464df|23|884845709661
22303|0x6948d464df|24|1738966394690
22419|0x5e9b|1|200069
22419|0x15e9b|2|427852
22419|0x15e9b|3|986934
22419|0x15e9b|4|1819100
22419|0x15e9b|5|4058288
22419|0x115e9b|6|7903496
22419|0x315e9b|7|15880637
22419|0x315e9b|8|32057301
22419|0xb15e9b|9|63713287
22419|0x1b15e9b|10|127641247
22419|0x1b15e9b|11|254538549
22419|0x1b15e9b|12|421254590
22419|0x1b15e9b|13|1017851370
22419|0x1b15e9b|14|2042200862
22419|0x1b15e9b|15|3725888873
22419|0x41b15e9b|16|6673383007
22419|0x41b15e9b|17|15615549463
22419|0x141b15e9b|18|29960903570
22419|0x141b15e9b|19|55953235355
22419|0x541b15e9b|20|116373649417
22419|0xd41b15e9b|21|220152720891
22419|0x1d41b15e9b|22|436955254666
22419|0x3d41b15e9b|23|879732913270
22419|0x3d41b15e9b|24|1744503460267
22893|0x9865|1|175074
22893|0x9865|2|379144
22893|0x9865|3|899399
22893|0x49865|4|2054080
22893|0x49865|5|3904086
22893|0x149865|6|7952576
22893|0x149865|7|16123297
22893|0x549865|8|32005365
22893|0x549865|9|64241239
22893|0x1549865|10|128222255
22893|0x3549865|11|256392562
22893|0x7549865|12|513074604
22893|0xf549865|13|1025939777
22893|0x1f549865|14|1665435385
22893|0x1f549865|15|4090201338
22893|0x5f549865|16|6949280776
22893|0x5f549865|17|14358342260
22893|0x15f549865|18|27014716246
22893|0x35f549865|19|55212482620
22893|0x75f549865|20|113754896517
22893|0xf5f549865|21|217969595176
22893|0x1f5f549865|22|437143905253
22893|0x1f5f549865|23|878031327599
22893|0x1f5f549865|24|1738175289206
23001|0x9669|1|199235
23001|0x9669|2|431220
23001|0x29669|3|979821
23001|0x69669|4|2053821
23001|0x69669|5|3844893
23001|0x69669|6|8024431
23001|0x269669|7|15936517
23001|0x269669|8|32021312
23001|0x269669|9|64000184
23001|0x1269669|10|127747674
23001|0x1269669|11|255671139
23001|0x5269669|12|512579459
23001|0xd269669|13|1021465694
23001|0x1d269669|14|1994168356
23001|0x3d269669|15|3653557134
23001|0x7d269669|16|8191873616
23001|0xfd269669|17|13380538049
23001|0x1fd269669|18|28218426953
23001|0x3fd269669|19|55276100347
23001|0x7fd269669|20|110089986368
23001|0xffd269669|21|220075909804
23001|0x1ffd269669|22|435828719553
23001|0x3ffd269669|23|877464021153
23001|0x7ffd269669|24|1746516593245
23119|0x7caf|1|199145
23119|0x7caf|2|431799
23119|0x7caf|3|982483
23119|0x47caf|4|1842206
23119|0xc7caf|5|4014801
23119|0x1c7caf|6|7970831
23119|0x3c7caf|7|15966942
23119|0x3c7caf|8|31848873
23119|0xbc7caf|9|63763826
23119|0xbc7caf|10|127615637
23119|0x2bc7caf|11|254522960
23119|0x6bc7caf|12|466576994
23119|0xebc7caf|13|1019141532
23119|0x1ebc7caf|14|2030205531
23119|0x1ebc7caf|15|4059612109
23119|0x5ebc7caf|16|8122432842
23119|0xdebc7caf|17|13920026906
23119|0x1debc7caf|18|32846784332
23119|0x3debc7caf|19|55266033019
23119|0x3debc7caf|20|109413671713
23119|0x3debc7caf|21|232504009627
23119|0x3debc7caf|22|437455857430
23119|0x3debc7caf|23|874731707339
23119|0x3debc7caf|24|1739036385782
23223|0xa307|1|199672
23223|0x1a307|2|700708
23223|0x1a307|3|881239
23223|0x5a307|4|1986966
23223|0xda307|5|4010385
23223|0x1da307|6|7946832
23223|0x1da307|7|15969941
23223|0x1da307|8|32036882
23223|0x9da307|9|63962979
23223|0x9da307|10|128305244
23223|0x9da307|11|256369709
23223|0x49da307|12|511912871
23223|0xc9da307|13|1024239982
23223|0x1c9da307|14|2047232018
23223|0x3c9da307|15|3713202913
23223|0x7c9da307|16|8248448077
23223|0xfc9da307|17|16439325013
23223|0xfc9da307|18|29830080797
23223|0xfc9da307|19|58085465570
23223|0x4fc9da307|20|109585292524
23223|0x4fc9da307|21|218868161895
23223|0x4fc9da307|22|435434575521
23223|0x24fc9da307|23|874412228118
23223|0x64fc9da307|24|1738445038420
23341|0xaca5|1|202215
23341|0x1aca5|2|433172
23341|0x3aca5|3|928266
23341|0x7aca5|4|1888397
23341|0xfaca5|5|3934218
23341|0xfaca5|6|7967643
23341|0x2faca5|7|15947848
23341|0x6faca5|8|31769568
23341|0x6faca5|9|63931046
23341|0x6faca5|10|127701473
23341|0x26faca5|11|255470728
23341|0x26faca5|12|510416405
23341|0x26faca5|13|1020604505
23341|0x26faca5|14|1899476710
23341|0x226faca5|15|3897769159
23341|0x626faca5|16|6856605975
23341|0x626faca5|17|15106520902
23341|0x1626faca5|18|29749304703
23341|0x1626faca5|19|54691517267
23341|0x5626faca5|20|109923685640
23341|0x5626faca5|21|219818099047
23341|0x15626faca5|22|435458166786
23341|0x15626faca5|23|875801809869
23341|0x55626faca5|24|1740013905562
23459|0xb00b|1|178234
23459|0xb00b|2|427244
23459|0xb00b|3|1006718
23459|0x4b00b|4|2059393
23459|0x4b00b|5|3904662
23459|0x14b00b|6|7868029
23459|0x14b00b|7|15954803
23459|0x54b00b|8|31954416
23459|0xd4b00b|9|63725620
23459|0xd4b00b|10|127804789
23459|0x2d4b00b|11|255633514
23459|0x2d4b00b|12|436541043
23459|0xad4b00b|13|949436532
23459|0xad4b00b|14|1897557379
23459|0xad4b00b|15|4080129689
23459|0xad4b00b|16|7228252850
23459|0x8ad4b00b|17|15592439698
23459|0x8ad4b00b|18|28348525594
23459|0x28ad4b00b|19|55192255953
23459|0x28ad4b00b|20|110950884183
23459|0xa8ad4b00b|21|220127330076
23459|0x1a8ad4b00b|22|435631794728
23459|0x1a8ad4b00b|23|873778223248
23459|0x5a8ad4b00b|24|1739119070980
23941|0x134d|1|179125
23941|0x1134d|2|382104
23941|0x3134d|3|875626
23941|0x7134d|4|1965777
23941|0x7134d|5|3871594
23941|0x17134d|6|8062047
23941|0x17134d|7|15876180
23941|0x17134d|8|31872070
23941|0x17134d|9|63894717
23941|0x17134d|10|127668613
23941|0x217134d|11|255768952
23941|0x217134d|12|510921990
23941|0xa17134d|13|948773127
23941|0xa17134d|14|1789761177
23941|0x2a17134d|15|3385874006
23941|0x6a17134d|16|6634247521
23941|0xea17134d|17|15091722844
23941|0xea17134d|18|27579750447
23941|0xea17134d|19|54958660292
23941|0x4ea17134d|20|110467442925
23941|0xcea17134d|21|217845396728
23941|0xcea17134d|22|439353176428
23941|0xcea17134d|23|876393545115
23941|0x4cea17134d|24|1736890892728
24057|0xd449|1|203657
24057|0x1d449|2|681864
24057|0x3d449|3|900660
24057|0x3d449|4|1935651
24057|0xbd449|5|3869581
24057|0xbd449|6|8048536
24057|0x2bd449|7|15832720
24057|0x6bd449|8|31735008
24057|0x6bd449|9|63804362
24057|0x16bd449|10|127353924
24057|0x36bd449|11|254889384
24057|0x36bd449|12|509022679
24057|0x36bd449|13|1023539926
24057|0x36bd449|14|2054710569
24057|0x36bd449|15|4108074752
24057|0x36bd449|16|7323525963
24057|0x836bd449|17|14688336680
24057|0x836bd449|18|26638497497
24057|0x2836bd449|19|67675396281
24057|0x2836bd449|20|110334778995
24057|0x2836bd449|21|218586965233
24057|0x12836bd449|22|435280755801
24057|0x12836bd449|23|873348620453
24057|0x52836bd449|24|1737916134853
24173|0x5b65|1|203494
24173|0x5b65|2|437848
24173|0x25b65|3|999052
24173|0x25b65|4|2019667
24173|0x25b65|5|3872634
24173|0x125b65|6|8075336
24173|0x325b65|7|15972798
24173|0x325b65|8|30396037
24173|0x325b65|9|64316848
24173|0x1325b65|10|128396899
24173|0x1325b65|11|256837049
24173|0x1325b65|12|513750138
24173|0x1325b65|13|1027503363
24173|0x1325b65|14|2054743086
24173|0x1325b65|15|4101277602
24173|0x1325b65|16|8222723931
24173|0x1325b65|17|13520335089
24173|0x101325b65|18|30098191774
24173|0x301325b65|19|55893318133
24173|0x301325b65|20|114257793820
24173|0xb01325b65|21|218627418027
24173|0xb01325b65|22|434551825477
24173|0x2b01325b65|23|883129141301
24173|0x6b01325b65|24|1741458677468
24283|0x6d53|1|203915
24283|0x6d53|2|438187
24283|0x26d53|3|1000821
24283|0x26d53|4|2044804
24283|0xa6d53|5|3860363
24283|0x1a6d53|6|8106311
24283|0x1a6d53|7|15990912
24283|0x5a6d53|8|32116586
24283|0xda6d53|9|64097880
24283|0x1da6d53|10|128306557
24283|0x3da6d53|11|256883697
24283|0x3da6d53|12|513749101
24283|0x3da6d53|13|1028647855
24283|0x3da6d53|14|2056600622
24283|0x3da6d53|15|3900695908
24283|0x3da6d53|16|7473789370
24283|0x83da6d53|17|14183237425
24283|0x183da6d53|18|29282885503
24283|0x383da6d53|19|55455569271
24283|0x783da6d53|20|114187062729
24283|0xf83da6d53|21|218694604861
24283|0x1f83da6d53|22|434466645689
24283|0x3f83da6d53|23|875568286697
24283|0x7f83da6d53|24|1736686881514
24399|0x57af|1|201747
24399|0x157af|2|438719
24399|0x157af|3|950344
24399|0x557af|4|1875273
24399|0x557af|5|4124964
24399|0x1557af|6|7873140
24399|0x3557af|7|16042647
24399|0x3557af|8|32132546
24399|0x3557af|9|64273006
24399|0x3557af|10|128413023
24399|0x3557af|11|257151187
24399|0x43557af|12|512655209
24399|0xc3557af|13|1030721901
24399|0x1c3557af|14|2061045306
24399|0x1c3557af|15|4050980678
24399|0x1c3557af|16|7054633755
24399|0x9c3557af|17|14404257203
24399|0x9c3557af|18|27251122832
24399|0x9c3557af|19|57108005005
24399|0x9c3557af|20|112257805330
24399|0x89c3557af|21|220702183047
24399|0x89c3557af|22|443555948466
24399|0x289c3557af|23|876145810325
24399|0x289c3557af|24|1740244163626
24505|0xf689|1|201830
24505|0x1f689|2|744165
24505|0x1f689|3|959794
24505|0x1f689|4|1887030
24505|0x9f689|5|3976285
24505|0x19f689|6|8066195
24505|0x19f689|7|16002035
24505|0x59f689|8|32244084
24505|0xd9f689|9|64371898
24505|0xd9f689|10|128684202
24505|0xd9f689|11|257499321
24505|0xd9f689|12|514453611
24505|0xd9f689|13|1028709477
24505|0xd9f689|14|2055290967
24505|0xd9f689|15|3507169446
24505|0xd9f689|16|8189757615
24505|0x80d9f689|17|14291187779
24505|0x80d9f689|18|28164790957
24505|0x280d9f689|19|57859230678
24505|0x280d9f689|20|110256227608
24505|0x280d9f689|21|218701979126
24505|0x280d9f689|22|438722939023
24505|0x2280d9f689|23|875169866140
24505|0x6280d9f689|24|1739891947434
24989|0x2cb5|1|181055
24989|0x2cb5|2|757710
24989|0x2cb5|3|1030783
24989|0x42cb5|4|1995518
24989|0x42cb5|5|3954546
24989|0x42cb5|6|7871578
24989|0x42cb5|7|16044214
24989|0x42cb5|8|32130078
24989|0x842cb5|9|64081524
24989|0x842cb5|10|127783813
24989|0x2842cb5|11|256684835
24989|0x2842cb5|12|512058144
24989|0x2842cb5|13|912759138
24989|0x2842cb5|14|2051705274
24989|0x22842cb5|15|3331171183
24989|0x62842cb5|16|6931642329
24989|0xe2842cb5|17|13956313955
24989|0x1e2842cb5|18|28750717058
24989|0x1e2842cb5|19|58605747127
24989|0x5e2842cb5|20|110377437371
24989|0x5e2842cb5|21|219963008569
24989|0x15e2842cb5|22|433293786982
24989|0x15e2842cb5|23|873622585635
24989|0x55e2842cb5|24|1735220193635
25105|0xcef1|1|206012
25105|0xcef1|2|442738
25105|0x2cef1|3|1014625
25105|0x2cef1|4|1842706
25105|0xacef1|5|4040438
25105|0x1acef1|6|7916998
25105|0x1acef1|7|16023665
25105|0x1acef1|8|32006764
25105|0x1acef1|9|64160834
25105|0x11acef1|10|128156665
25105|0x31acef1|11|256553785
25105|0x31acef1|12|513321343
25105|0xb1acef1|13|1026327511
25105|0xb1acef1|14|1653178224
25105|0xb1acef1|15|3638810096
25105|0xb1acef1|16|6786312387
25105|0xb1acef1|17|13750732205
25105|0x10b1acef1|18|28661966150
25105|0x30b1acef1|19|56071353766
25105|0x70b1acef1|20|111917690799
25105|0xf0b1acef1|21|220188546464
25105|0xf0b1acef1|22|433567399222
25105|0xf0b1acef1|23|875357347265
25105|0x4f0b1acef1|24|1738616913359
25213|0xa6d5|1|181130
25213|0x1a6d5|2|389777
25213|0x1a6d5|3|921552
25213|0x5a6d5|4|2047615
25213|0x5a6d5|5|3917687
25213|0x5a6d5|6|8064524
25213|0x25a6d5|7|16133881
25213|0x65a6d5|8|32110495
25213|0xe5a6d5|9|64547360
25213|0xe5a6d5|10|128822704
25213|0x2e5a6d5|11|257674725
25213|0x6e5a6d5|12|515817372
25213|0xee5a6d5|13|1031127113
25213|0x1ee5a6d5|14|2060716291
25213|0x1ee5a6d5|15|4138249026
25213|0x1ee5a6d5|16|8249486684
25213|0x1ee5a6d5|17|13384731042
25213|0x11ee5a6d5|18|27303226066
25213|0x11ee5a6d5|19|55383387737
25213|0x11ee5a6d5|20|111129461522
25213|0x11ee5a6d5|21|218127828913
25213|0x11ee5a6d5|22|435753526477
25213|0x211ee5a6d5|23|874079179123
25213|0x211ee5a6d5|24|1736296985002
25325|0x4ae5|1|206553
25325|0x14ae5|2|444241
25325|0x34ae5|3|937796
25325|0x34ae5|4|1907755
25325|0xb4ae5|5|3954865
25325|0xb4ae5|6|8093249
25325|0x2b4ae5|7|16038528
25325|0x6b4ae5|8|29630479
25325|0x6b4ae5|9|63971496
25325|0x6b4ae5|10|128392668
25325|0x26b4ae5|11|228630789
25325|0x26b4ae5|12|514307793
25325|0x26b4ae5|13|1030112692
25325|0x126b4ae5|14|1962593833
25325|0x326b4ae5|15|3834594685
25325|0x726b4ae5|16|6762937662
25325|0x726b4ae5|17|13945255887
25325|0x1726b4ae5|18|32586431820
25325|0x1726b4ae5|19|60076826498
25325|0x5726b4ae5|20|113190769461
25325|0xd726b4ae5|21|219479584250
25325|0xd726b4ae5|22|435942670520
25325|0xd726b4ae5|23|884091446100
25325|0x4d726b4ae5|24|1734667772496
25443|0x364b|1|206143
25443|0x364b|2|464152
25443|0x364b|3|1019404
25443|0x4364b|4|1858214
25443|0x4364b|5|4128523
25443|0x4364b|6|7888353
25443|0x24364b|7|16082218
25443|0x24364b|8|32142223
25443|0x24364b|9|64142533
25443|0x124364b|10|128580004
25443|0x324364b|11|256866076
25443|0x324364b|12|515728680
25443|0xb24364b|13|1032051034
25443|0x1b24364b|14|2064688666
25443|0x1b24364b|15|4125543317
25443|0x1b24364b|16|7663178763
25443|0x9b24364b|17|16639563486
25443|0x19b24364b|18|27370844509
25443|0x39b24364b|19|55885884296
25443|0x79b24364b|20|109688323242
25443|0x79b24364b|21|217888719170
25443|0x179b24364b|22|434050921416
25443|0x379b24364b|23|872507363843
25443|0x379b24364b|24|1735411614939
25557|0xbd7d|1|182890
25557|0x1bd7d|2|691568
25557|0x3bd7d|3|1021471
25557|0x7bd7d|4|2070925
25557|0xfbd7d|5|3888288
25557|0xfbd7d|6|8192383
25557|0x2fbd7d|7|16030083
25557|0x2fbd7d|8|32274502
25557|0x2fbd7d|9|64522552
25557|0x2fbd7d|10|129073859
25557|0x22fbd7d|11|258009205
25557|0x22fbd7d|12|515805903
25557|0xa2fbd7d|13|1032004857
25557|0x1a2fbd7d|14|2064385225
25557|0x1a2fbd7d|15|4129318460
25557|0x5a2fbd7d|16|8263280974
25557|0xda2fbd7d|17|14213815305
25557|0xda2fbd7d|18|27573279119
25557|0x2da2fbd7d|19|55356300165
25557|0x2da2fbd7d|20|109189782235
25557|0x2da2fbd7d|21|218765046034
25557|0x2da2fbd7d|22|433960704170
25557|0x2da2fbd7d|23|875430218875
25557|0x42da2fbd7d|24|1736271042541
26023|0xf217|1|181898
26023|0x1f217|2|413154
26023|0x1f217|3|1049773
26023|0x1f217|4|2075907
26023|0x9f217|5|3951399
26023|0x9f217|6|7915926
26023|0x9f217|7|16013919
26023|0x9f217|8|32215769
26023|0x9f217|9|64136922
26023|0x109f217|10|128578044
26023|0x309f217|11|257621794
26023|0x309f217|12|516059356
26023|0xb09f217|13|1033657008
26023|0xb09f217|14|2068590894
26023|0x2b09f217|15|3492698462
26023|0x2b09f217|16|8276982948
26023|0x2b09f217|17|13442899534
26023|0x12b09f217|18|27500796954
26023|0x32b09f217|19|54336496670
26023|0x72b09f217|20|111157584013
26023|0xf2b09f217|21|218934715906
26023|0xf2b09f217|22|435109675062
26023|0x2f2b09f217|23|871424801829
26023|0x6f2b09f217|24|1736237298091
26125|0x58c5|1|204017
26125|0x158c5|2|446071
26125|0x158c5|3|1028849
26125|0x158c5|4|2038920
26125|0x158c5|5|4018356
26125|0x1158c5|6|7907270
26125|0x1158c5|7|16081933
26125|0x5158c5|8|32203623
26125|0xd158c5|9|64280682
26125|0xd158c5|10|128569831
26125|0xd158c5|11|257689706
26125|0x4d158c5|12|491497832
26125|0xcd158c5|13|825177916
26125|0x1cd158c5|14|2069051405
26125|0x3cd158c5|15|3470525967
26125|0x3cd158c5|16|7059501955
26125|0xbcd158c5|17|13781345364
26125|0x1bcd158c5|18|28258431282
26125|0x3bcd158c5|19|54435315558
26125|0x7bcd158c5|20|110291901450
26125|0x7bcd158c5|21|218129643900
26125|0x7bcd158c5|22|435406298851
26125|0x27bcd158c5|23|872523995230
26125|0x67bcd158c5|24|1732903595109
26245|0xa24d|1|182590
26245|0x1a24d|2|394674
26245|0x1a24d|3|861850
26245|0x5a24d|4|2016105
26245|0xda24d|5|3918394
26245|0xda24d|6|8121943
26245|0xda24d|7|16066068
26245|0x4da24d|8|32389585
26245|0x4da24d|9|64586461
26245|0x14da24d|10|129319901
26245|0x14da24d|11|258509518
26245|0x54da24d|12|517543574
26245|0x54da24d|13|1034426859
26245|0x154da24d|14|2069099554
26245|0x154da24d|15|3608759514
26245|0x154da24d|16|8277954734
26245|0x154da24d|17|14343519942
26245|0x154da24d|18|29325286537
26245|0x154da24d|19|56287918041
26245|0x154da24d|20|107596459465
26245|0x8154da24d|21|228757281137
26245|0x18154da24d|22|437024496058
26245|0x18154da24d|23|875582980352
26245|0x18154da24d|24|1739003205825
26357|0x955d|1|182106
26357|0x955d|2|395562
26357|0x2955d|3|861778
26357|0x6955d|4|2013429
26357|0x6955d|5|3913875
26357|0x16955d|6|8061423
26357|0x36955d|7|16040419
26357|0x76955d|8|32260801
26357|0x76955d|9|64177431
26357|0x176955d|10|128776390
26357|0x376955d|11|257850851
26357|0x376955d|12|470427461
26357|0x376955d|13|1030909275
26357|0x1376955d|14|2064642615
26357|0x3376955d|15|4140741722
26357|0x3376955d|16|6979263055
26357|0xb376955d|17|13974335113
26357|0x1b376955d|18|28421605616
26357|0x3b376955d|19|54725331878
26357|0x7b376955d|20|109713094742
26357|0x7b376955d|21|221243403582
26357|0x7b376955d|22|435636858111
26357|0x27b376955d|23|874719733620
26357|0x27b376955d|24|1737113052222
26465|0x7ca1|1|205584
26465|0x7ca1|2|448021
26465|0x7ca1|3|963322
26465|0x47ca1|4|1775249
26465|0xc7ca1|5|4063953
26465|0xc7ca1|6|8009974
26465|0x2c7ca1|7|16146350
26465|0x2c7ca1|8|32142045
26465|0x2c7ca1|9|64560604
26465|0x12c7ca1|10|129126386
26465|0x12c7ca1|11|259084920
26465|0x12c7ca1|12|518088074
26465|0x92c7ca1|13|1036334239
26465|0x92c7ca1|14|2072549164
26465|0x292c7ca1|15|3738622171
26465|0x292c7ca1|16|8358401232
26465|0xa92c7ca1|17|13894087154
26465|0x1a92c7ca1|18|30089361897
26465|0x3a92c7ca1|19|54988975931
26465|0x7a92c7ca1|20|109812247676
26465|0xfa92c7ca1|21|228161002611
26465|0xfa92c7ca1|22|437558925738
26465|0xfa92c7ca1|23|882005334280
26465|0xfa92c7ca1|24|1737223438998
26587|0x3c53|1|208015
26587|0x13c53|2|450985
26587|0x13c53|3|981114
26587|0x53c53|4|1923816
26587|0x53c53|5|4037498
26587|0x53c53|6|7990733
26587|0x53c53|7|16173397
26587|0x453c53|8|32258698
26587|0xc53c53|9|64675825
26587|0xc53c53|10|129574064
26587|0xc53c53|11|259203131
26587|0x4c53c53|12|518013420
26587|0x4c53c53|13|1036949961
26587|0x14c53c53|14|2078188931
26587|0x34c53c53|15|3633671359
26587|0x34c53c53|16|6868727240
26587|0xb4c53c53|17|13350913363
26587|0xb4c53c53|18|27560577301
26587|0x2b4c53c53|19|54407157824
26587|0x6b4c53c53|20|109310757746
26587|0xeb4c53c53|21|216845418086
26587|0x1eb4c53c53|22|434651561062
26587|0x1eb4c53c53|23|871800081989
26587|0x1eb4c53c53|24|1736546171934
27047|0xae17|1|206264
27047|0x1ae17|2|452949
27047|0x1ae17|3|972230
27047|0x1ae17|4|2060641
27047|0x1ae17|5|3924704
27047|0x1ae17|6|7340112
27047|0x1ae17|7|16108202
27047|0x1ae17|8|32447243
27047|0x81ae17|9|64562442
27047|0x181ae17|10|128963442
27047|0x181ae17|11|259088353
27047|0x581ae17|12|519173869
27047|0xd81ae17|13|1041035520
27047|0xd81ae17|14|2081924532
27047|0xd81ae17|15|3568597828
27047|0xd81ae17|16|6762171300
27047|0xd81ae17|17|13333421948
27047|0x10d81ae17|18|27240538912
27047|0x30d81ae17|19|56858743090
27047|0x30d81ae17|20|110593061886
27047|0xb0d81ae17|21|218629333747
27047|0xb0d81ae17|22|433779052436
27047|0xb0d81ae17|23|872315248136
27047|0x4b0d81ae17|24|1734324211796
27161|0x5229|1|208959
27161|0x15229|2|484890
27161|0x35229|3|975286
27161|0x35229|4|1841764
27161|0xb5229|5|4194313
27161|0xb5229|6|7951049
27161|0x2b5229|7|16208707
27161|0x6b5229|8|32537101
27161|0xeb5229|9|64854088
27161|0x1eb5229|10|129563240
27161|0x1eb5229|11|259174857
27161|0x1eb5229|12|519621408
27161|0x1eb5229|13|1041085054
27161|0x1eb5229|14|1952466835
27161|0x21eb5229|15|4025457358
27161|0x61eb5229|16|7507403540
27161|0x61eb5229|17|13692017448
27161|0x161eb5229|18|26909550943
27161|0x361eb5229|19|54341573861
27161|0x361eb5229|20|108791038445
27161|0x361eb5229|21|218027417236
27161|0x361eb5229|22|434005379951
27161|0x2361eb5229|23|870631614096
27161|0x2361eb5229|24|1742955185259
27269|0xfe4d|1|208729
27269|0xfe4d|2|454490
27269|0xfe4d|3|975275
27269|0xfe4d|4|2063941
27269|0xfe4d|5|3957194
27269|0x10fe4d|6|8145746
27269|0x30fe4d|7|16107004
27269|0x70fe4d|8|32445075
27269|0x70fe4d|9|65027429
27269|0x70fe4d|10|130346774
27269|0x70fe4d|11|260390324
27269|0x470fe4d|12|522262602
27269|0xc70fe4d|13|1044147650
27269|0xc70fe4d|14|1753286580
27269|0xc70fe4d|15|3863864390
27269|0x4c70fe4d|16|7513121180
27269|0xcc70fe4d|17|15026434517
27269|0x1cc70fe4d|18|27766198053
27269|0x3cc70fe4d|19|56747111915
27269|0x3cc70fe4d|20|111062737225
27269|0x3cc70fe4d|21|219526119731
27269|0x3cc70fe4d|22|440385811135
27269|0x23cc70fe4d|23|880367791693
27269|0x63cc70fe4d|24|1745645713433
27387|0x1033|1|209169
27387|0x11033|2|455203
27387|0x11033|3|992756
27387|0x11033|4|2045353
27387|0x11033|5|4037411
27387|0x11033|6|8238165
27387|0x11033|7|16511986
27387|0x411033|8|32891280
27387|0xc11033|9|65847047
27387|0xc11033|10|131802167
27387|0x2c11033|11|263736286
27387|0x6c11033|12|527199718
27387|0x6c11033|13|1054567733
27387|0x16c11033|14|2111230929
27387|0x16c11033|15|4213389640
27387|0x56c11033|16|8168990955
27387|0x56c11033|17|13717503079
27387|0x156c11033|18|28166804876
27387|0x156c11033|19|54906020803
27387|0x556c11033|20|111525090795
27387|0xd56c11033|21|218411261772
27387|0xd56c11033|22|437454349521
27387|0xd56c11033|23|868220043513
27387|0xd56c11033|24|1731045552620
27501|0x5665|1|237422
27501|0x15665|2|455987
27501|0x35665|3|933946
27501|0x35665|4|1873130
27501|0xb5665|5|4206452
27501|0x1b5665|6|8117606
27501|0x1b5665|7|16314750
27501|0x5b5665|8|32641603
27501|0x5b5665|9|65375322
27501|0x5b5665|10|130526754
27501|0x5b5665|11|261729969
27501|0x45b5665|12|500413785
27501|0xc5b5665|13|1046306830
27501|0x1c5b5665|14|2107361506
27501|0x1c5b5665|15|4037597973
27501|0x5c5b5665|16|6829025905
27501|0xdc5b5665|17|14334317404
27501|0xdc5b5665|18|27829417043
27501|0xdc5b5665|19|55730193524
27501|0xdc5b5665|20|108659953565
27501|0x8dc5b5665|21|223362630541
27501|0x8dc5b5665|22|433481277905
27501|0x28dc5b5665|23|872020931005
27501|0x28dc5b5665|24|1731785513611
27611|0x9853|1|209713
27611|0x19853|2|471758
27611|0x19853|3|979916
27611|0x19853|4|2050466
27611|0x99853|5|3932774
27611|0x99853|6|8163305
27611|0x299853|7|16401585
27611|0x699853|8|32625957
27611|0x699853|9|65243112
27611|0x1699853|10|131508914
27611|0x1699853|11|263413948
27611|0x1699853|12|526129687
27611|0x9699853|13|1055684002
27611|0x19699853|14|2120496310
27611|0x39699853|15|4235246862
27611|0x79699853|16|6996876046
27611|0x79699853|17|13700097830
27611|0x179699853|18|33769989177
27611|0x379699853|19|59759005711
27611|0x379699853|20|109764996389
27611|0xb79699853|21|216776947606
27611|0x1b79699853|22|438391501081
27611|0x1b79699853|23|870775813881
27611|0x5b79699853|24|1739037760735
28107|0x4fe3|1|208261
28107|0x14fe3|2|459291
28107|0x34fe3|3|1001562
28107|0x74fe3|4|2056496
28107|0x74fe3|5|3995161
28107|0x174fe3|6|8252070
28107|0x174fe3|7|16479359
28107|0x174fe3|8|32950072
28107|0x974fe3|9|66025669
28107|0x1974fe3|10|131857156
28107|0x1974fe3|11|264129875
28107|0x1974fe3|12|527812827
28107|0x1974fe3|13|1055379424
28107|0x11974fe3|14|1732351782
28107|0x31974fe3|15|3692259469
28107|0x71974fe3|16|6882134680
28107|0xf1974fe3|17|16913790954
28107|0x1f1974fe3|18|29407714853
28107|0x1f1974fe3|19|54641906472
28107|0x1f1974fe3|20|113066581793
28107|0x9f1974fe3|21|220976082356
28107|0x9f1974fe3|22|433774068705
28107|0x9f1974fe3|23|867234803423
28107|0x49f1974fe3|24|1732744092250
28213|0xf41d|1|225415
28213|0x1f41d|2|459715
28213|0x1f41d|3|926976
28213|0x5f41d|4|1980162
28213|0x5f41d|5|4170520
28213|0x5f41d|6|8285838
28213|0x25f41d|7|16585755
28213|0x65f41d|8|33150414
28213|0x65f41d|9|66246313
28213|0x65f41d|10|132898028
28213|0x65f41d|11|265682450
28213|0x465f41d|12|531062225
28213|0xc65f41d|13|1060562903
28213|0xc65f41d|14|2124322191
28213|0x2c65f41d|15|4247830743
28213|0x2c65f41d|16|8496392766
28213|0x2c65f41d|17|13551064336
28213|0x12c65f41d|18|30057272012
28213|0x32c65f41d|19|54674890440
28213|0x72c65f41d|20|112446841758
28213|0x72c65f41d|21|218257057881
28213|0x172c65f41d|22|433831409124
28213|0x372c65f41d|23|869576902241
28213|0x372c65f41d|24|2089533895881
28337|0x1a51|1|212331
28337|0x11a51|2|460469
28337|0x31a51|3|982052
28337|0x71a51|4|1825632
28337|0xf1a51|5|3894715
28337|0xf1a51|6|7825522
28337|0xf1a51|7|15509329
28337|0x4f1a51|8|31305283
28337|0x4f1a51|9|62592446
28337|0x4f1a51|10|125042785
28337|0x4f1a51|11|221881527
28337|0x44f1a51|12|479591560
28337|0xc4f1a51|13|893020722
28337|0xc4f1a51|14|1629276046
28337|0xc4f1a51|15|3274353655
28337|0xc4f1a51|16|6537782807
28337|0x8c4f1a51|17|13858971381
28337|0x18c4f1a51|18|27326159423
28337|0x18c4f1a51|19|55609207268
28337|0x58c4f1a51|20|108624493312
28337|0x58c4f1a51|21|217779328701
28337|0x58c4f1a51|22|441337176940
28337|0x258c4f1a51|23|866953924751
28337|0x658c4f1a51|24|2137764302843
28463|0x37cf|1|187166
28463|0x137cf|2|459196
28463|0x137cf|3|991514
28463|0x537cf|4|2010916
28463|0xd37cf|5|3863801
28463|0xd37cf|6|7880415
28463|0x2d37cf|7|15895997
28463|0x2d37cf|8|31570568
28463|0xad37cf|9|63223007
28463|0x1ad37cf|10|126384652
28463|0x3ad37cf|11|252892370
28463|0x3ad37cf|12|505191355
28463|0xbad37cf|13|896584221
28463|0xbad37cf|14|1953944250
28463|0xbad37cf|15|5891354103
28463|0x4bad37cf|16|13618517376
28463|0x4bad37cf|17|21591656668
28463|0x4bad37cf|18|44128384156
28463|0x24bad37cf|19|89689658128
28463|0x64bad37cf|20|175288932403
28463|0xe4bad37cf|21|348352680194
28463|0x1e4bad37cf|22|696569943869
28463|0x3e4bad37cf|23|1272587612947
28463|0x7e4bad37cf|24|1649661027392
28601|0xe689|1|209941
28601|0xe689|2|461895
28601|0xe689|3|993489
28601|0x4e689|4|1855201
28601|0x4e689|5|4026736
28601|0x4e689|6|7756370
28601|0x4e689|7|15881260
28601|0x4e689|8|31737527
28601|0x84e689|9|63407543
28601|0x84e689|10|126546247
28601|0x84e689|11|253449447
28601|0x84e689|12|506509697
28601|0x84e689|13|1012814107
28601|0x84e689|14|1815016079
28601|0x84e689|15|3284850988
28601|0x84e689|16|6639201457
28601|0x84e689|17|13823496806
28601|0x84e689|18|26358363922
28601|0x20084e689|19|53554499263
28601|0x60084e689|20|104454139449
28601|0x60084e689|21|216481861306
28601|0x160084e689|22|430592205306
28601|0x360084e689|23|865973548312
28601|0x760084e689|24|1734206520434
29085|0x9cb5|1|258433
29085|0x9cb5|2|464486
29085|0x9cb5|3|1021122
29085|0x49cb5|4|1927165
29085|0x49cb5|5|4171376
29085|0x49cb5|6|8254479
29085|0x49cb5|7|16297075
29085|0x49cb5|8|32876578
29085|0x49cb5|9|65753628
29085|0x49cb5|10|131422651
29085|0x49cb5|11|263493099
29085|0x4049cb5|12|528207966
29085|0x4049cb5|13|1016998087
29085|0x4049cb5|14|2136391722
29085|0x4049cb5|15|4224071237
29085|0x4049cb5|16|6981028211
29085|0x84049cb5|17|13497075571
29085|0x184049cb5|18|27061965883
29085|0x184049cb5|19|60646455944
29085|0x584049cb5|20|111043003846
29085|0xd84049cb5|21|218672191644
29085|0x1d84049cb5|22|429809232023
29085|0x3d84049cb5|23|864795876366
29085|0x3d84049cb5|24|1728243213045
29201|0xbef1|1|213126
29201|0xbef1|2|465020
29201|0xbef1|3|1001591
29201|0x4bef1|4|2039944
29201|0xcbef1|5|3933320
29201|0xcbef1|6|8205772
29201|0x2cbef1|7|16438769
29201|0x2cbef1|8|32931534
29201|0x2cbef1|9|65710128
29201|0x2cbef1|10|131756238
29201|0x2cbef1|11|263952399
29201|0x2cbef1|12|528157065
29201|0x2cbef1|13|1058121622
29201|0x102cbef1|14|2120934896
29201|0x102cbef1|15|4250878941
29201|0x102cbef1|16|7876193540
29201|0x102cbef1|17|13467479503
29201|0x1102cbef1|18|28723426659
29201|0x3102cbef1|19|57238783906
29201|0x3102cbef1|20|108583205084
29201|0xb102cbef1|21|218888959887
29201|0x1b102cbef1|22|435661224217
29201|0x1b102cbef1|23|871642273020
29201|0x1b102cbef1|24|1739105687125
29309|0x16d5|1|187712
29309|0x16d5|2|442015
29309|0x216d5|3|1003130
29309|0x216d5|4|2035754
29309|0x216d5|5|3978509
29309|0x1216d5|6|8232306
29309|0x1216d5|7|16571008
29309|0x1216d5|8|33037548
29309|0x1216d5|9|66300876
29309|0x11216d5|10|132260098
29309|0x11216d5|11|265018327
29309|0x51216d5|12|531569756
29309|0xd1216d5|13|1061790980
29309|0x1d1216d5|14|2139277784
29309|0x1d1216d5|15|4018368760
29309|0x5d1216d5|16|7338115941
29309|0xdd1216d5|17|14372574909
29309|0xdd1216d5|18|27698970028
29309|0x2dd1216d5|19|60665252749
29309|0x2dd1216d5|20|109478636075
29309|0xadd1216d5|21|217875387369
29309|0xadd1216d5|22|433907784813
29309|0xadd1216d5|23|865441305073
29309|0x4add1216d5|24|1730176773336
29421|0xbae5|1|213683
29421|0x1bae5|2|448951
29421|0x1bae5|3|884057
29421|0x5bae5|4|1965412
29421|0xdbae5|5|4195807
29421|0x1dbae5|6|8166146
29421|0x1dbae5|7|16557028
29421|0x5dbae5|8|33279802
29421|0x5dbae5|9|66523734
29421|0x5dbae5|10|133055986
29421|0x5dbae5|11|258622553
29421|0x45dbae5|12|533938870
29421|0xc5dbae5|13|1065920635
29421|0x1c5dbae5|14|1695371395
29421|0x1c5dbae5|15|4240454269
29421|0x1c5dbae5|16|8458987272
29421|0x1c5dbae5|17|15110436360
29421|0x1c5dbae5|18|27193065403
29421|0x1c5dbae5|19|56938419180
29421|0x41c5dbae5|20|107803623261
29421|0x41c5dbae5|21|216931520131
29421|0x141c5dbae5|22|432090989447
29421|0x141c5dbae5|23|865283442501
29421|0x541c5dbae5|24|1730755117724
29535|0xa89f|1|188149
29535|0xa89f|2|410708
29535|0x2a89f|3|957439
29535|0x6a89f|4|2046597
29535|0xea89f|5|3949176
29535|0x1ea89f|6|8183655
29535|0x3ea89f|7|16575160
29535|0x3ea89f|8|33073280
29535|0x3ea89f|9|66168967
29535|0x13ea89f|10|132182228
29535|0x13ea89f|11|264223694
29535|0x53ea89f|12|446492714
29535|0xd3ea89f|13|1017746890
29535|0x1d3ea89f|14|1953286180
29535|0x1d3ea89f|15|4101596506
29535|0x1d3ea89f|16|7426405813
29535|0x1d3ea89f|17|16964109368
29535|0x1d3ea89f|18|29627882542
29535|0x21d3ea89f|19|53673088534
29535|0x61d3ea89f|20|112141822404
29535|0xe1d3ea89f|21|216795462869
29535|0xe1d3ea89f|22|434514819167
29535|0x2e1d3ea89f|23|865610728365
29535|0x6e1d3ea89f|24|1729791400771
29643|0x99e3|1|213666
29643|0x199e3|2|467283
29643|0x399e3|3|1035523
29643|0x799e3|4|2034252
29643|0xf99e3|5|4045413
29643|0xf99e3|6|8296081
29643|0xf99e3|7|16626026
29643|0xf99e3|8|33162714
29643|0x8f99e3|9|66493910
29643|0x8f99e3|10|133269011
29643|0x8f99e3|11|266278731
29643|0x48f99e3|12|532779394
29643|0x48f99e3|13|1066849935
29643|0x48f99e3|14|2132154947
29643|0x248f99e3|15|4268837935
29643|0x248f99e3|16|6961211061
29643|0xa48f99e3|17|16968409422
29643|0x1a48f99e3|18|30331249474
29643|0x3a48f99e3|19|65259325046
29643|0x3a48f99e3|20|109290129971
29643|0x3a48f99e3|21|216771226606
29643|0x13a48f99e3|22|432933038058
29643|0x13a48f99e3|23|865243028934
29643|0x13a48f99e3|24|1730738905221
30111|0x665f|1|214639
30111|0x1665f|2|469793
30111|0x1665f|3|1014119
30111|0x1665f|4|2070783
30111|0x9665f|5|4053513
30111|0x9665f|6|8283926
30111|0x29665f|7|16656661
30111|0x29665f|8|33228603
30111|0xa9665f|9|66613538
30111|0x1a9665f|10|133515903
30111|0x1a9665f|11|267199787
30111|0x5a9665f|12|533761251
30111|0x5a9665f|13|1068995934
30111|0x15a9665f|14|2137163171
30111|0x35a9665f|15|3667218581
30111|0x75a9665f|16|6799469809
30111|0xf5a9665f|17|15713255844
30111|0x1f5a9665f|18|31534061795
30111|0x3f5a9665f|19|53888556784
30111|0x7f5a9665f|20|108636981803
30111|0xff5a9665f|21|216841496329
30111|0x1ff5a9665f|22|433151771823
30111|0x3ff5a9665f|23|865927740085
30111|0x3ff5a9665f|24|1707332179534
30225|0x3af1|1|186752
30225|0x13af1|2|414038
30225|0x13af1|3|1022370
30225|0x13af1|4|2050980
30225|0x13af1|5|4219941
30225|0x13af1|6|8311264
30225|0x13af1|7|16650997
30225|0x413af1|8|33415656
30225|0xc13af1|9|66744230
30225|0xc13af1|10|134040906
30225|0x2c13af1|11|268314179
30225|0x2c13af1|12|537714507
30225|0x2c13af1|13|1074867371
30225|0x2c13af1|14|1889057958
30225|0x2c13af1|15|4293080856
30225|0x42c13af1|16|7770267584
30225|0xc2c13af1|17|13558444354
30225|0xc2c13af1|18|27883375579
30225|0x2c2c13af1|19|55549739584
30225|0x6c2c13af1|20|108218386448
30225|0xec2c13af1|21|216678951983
30225|0xec2c13af1|22|592938491786
30225|0xec2c13af1|23|824137548916
30225|0x4ec2c13af1|24|1644426365405
30337|0xc981|1|189621
30337|0x1c981|2|414672
30337|0x1c981|3|911516
30337|0x1c981|4|2050063
30337|0x9c981|5|3843588
30337|0x19c981|6|8076518
30337|0x39c981|7|15823646
30337|0x39c981|8|31841445
30337|0x39c981|9|63592549
30337|0x39c981|10|127223442
30337|0x39c981|11|229975361
30337|0x39c981|12|426706714
30337|0x39c981|13|1019459590
30337|0x39c981|14|1951649913
30337|0x39c981|15|3503293206
30337|0x4039c981|16|7898299601
30337|0x4039c981|17|13190051569
30337|0x14039c981|18|25595404842
30337|0x14039c981|19|51547157225
30337|0x54039c981|20|103013791740
30337|0x54039c981|21|205677224881
30337|0x54039c981|22|411607443941
30337|0x54039c981|23|823590215508
30337|0x454039c981|24|1643479400712
30447|0x780f|1|189700
30447|0x1780f|2|449272
30447|0x3780f|3|1018776
30447|0x7780f|4|1995192
30447|0x7780f|5|3869575
30447|0x17780f|6|7978723
30447|0x17780f|7|15818043
30447|0x57780f|8|31748670
30447|0x57780f|9|63615880
30447|0x157780f|10|127390043
30447|0x357780f|11|254664741
30447|0x357780f|12|508595015
30447|0x357780f|13|1018417743
30447|0x1357780f|14|2014350691
30447|0x3357780f|15|3335087249
30447|0x7357780f|16|6600543365
30447|0x7357780f|17|12785594492
30447|0x7357780f|18|25634483022
30447|0x27357780f|19|51691215200
30447|0x67357780f|20|102739342616
30447|0x67357780f|21|205555102213
30447|0x167357780f|22|411133781963
30447|0x367357780f|23|824382653155
30447|0x367357780f|24|1644918852087
30543|0x3faf|1|187678
30543|0x3faf|2|413786
30543|0x23faf|3|945954
30543|0x63faf|4|2059590
30543|0xe3faf|5|3754281
30543|0xe3faf|6|7939741
30543|0xe3faf|7|15713811
30543|0xe3faf|8|31589640
30543|0xe3faf|9|63445860
30543|0xe3faf|10|126375280
30543|0xe3faf|11|245012781
30543|0x40e3faf|12|506938419
30543|0x40e3faf|13|813968698
30543|0x40e3faf|14|1878150535
30543|0x240e3faf|15|3399486216
30543|0x640e3faf|16|6573018882
30543|0xe40e3faf|17|13010515721
30543|0x1e40e3faf|18|25798548748
30543|0x1e40e3faf|19|51439470275
30543|0x1e40e3faf|20|101976159617
30543|0x9e40e3faf|21|206651887029
30543|0x19e40e3faf|22|411367869408
30543|0x19e40e3faf|23|822828833731
30543|0x19e40e3faf|24|1644234795619
30655|0x783f|1|190200
30655|0x1783f|2|416403
30655|0x3783f|3|898775
30655|0x7783f|4|1957574
30655|0xf783f|5|3913871
30655|0x1f783f|6|7935365
30655|0x3f783f|7|15830228
30655|0x7f783f|8|31985560
30655|0x7f783f|9|56551115
30655|0x7f783f|10|127311062
30655|0x7f783f|11|254515235
30655|0x7f783f|12|509554247
30655|0x7f783f|13|1020401907
30655|0x7f783f|14|2038389276
30655|0x207f783f|15|4083596986
30655|0x207f783f|16|6877918405
30655|0xa07f783f|17|13321247219
30655|0x1a07f783f|18|25824734486
30655|0x3a07f783f|19|51627428563
30655|0x3a07f783f|20|103676552614
30655|0x3a07f783f|21|205611624861
30655|0x13a07f783f|22|411300571900
30655|0x13a07f783f|23|823783596313
30655|0x53a07f783f|24|1644062225204
31115|0x6623|1|191094
31115|0x6623|2|437036
31115|0x26623|3|918699
31115|0x66623|4|2075806
31115|0x66623|5|3086639
31115|0x66623|6|7931052
31115|0x66623|7|15798326
31115|0x466623|8|31627309
31115|0xc66623|9|63383864
31115|0xc66623|10|127113292
31115|0x2c66623|11|253866468
31115|0x2c66623|12|507389601
31115|0xac66623|13|1028732616
31115|0xac66623|14|1856259727
31115|0x2ac66623|15|3645870327
31115|0x2ac66623|16|6796970162
31115|0x2ac66623|17|13052937355
31115|0x12ac66623|18|25683225551
31115|0x32ac66623|19|51600375993
31115|0x32ac66623|20|107807665205
31115|0x32ac66623|21|216054212522
31115|0x132ac66623|22|433359739994
31115|0x332ac66623|23|862969020872
31115|0x332ac66623|24|1729991839142
31231|0x85ff|1|213641
31231|0x185ff|2|475857
31231|0x385ff|3|1029201
31231|0x385ff|4|2101786
31231|0xb85ff|5|4040488
31231|0x1b85ff|6|8341699
31231|0x1b85ff|7|16759575
31231|0x5b85ff|8|33500471
31231|0xdb85ff|9|66894006
31231|0x1db85ff|10|133993244
31231|0x1db85ff|11|268301816
31231|0x5db85ff|12|536317929
31231|0xddb85ff|13|1072916788
31231|0x1ddb85ff|14|1718126854
31231|0x1ddb85ff|15|4291662715
31231|0x1ddb85ff|16|8583457557
31231|0x9ddb85ff|17|14333618208
31231|0x9ddb85ff|18|26903836294
31231|0x29ddb85ff|19|55282155134
31231|0x29ddb85ff|20|108771191581
31231|0xa9ddb85ff|21|218193734014
31231|0x1a9ddb85ff|22|436197847586
31231|0x3a9ddb85ff|23|863447467395
31231|0x3a9ddb85ff|24|1728326998623
31341|0x9f65|1|216442
31341|0x9f65|2|476567
31341|0x29f65|3|1030814
31341|0x69f65|4|2082203
31341|0xe9f65|5|4054164
31341|0x1e9f65|6|8358860
31341|0x1e9f65|7|16675853
31341|0x1e9f65|8|33384169
31341|0x1e9f65|9|66959403
31341|0x11e9f65|10|134004078
31341|0x31e9f65|11|268003886
31341|0x71e9f65|12|536532536
31341|0x71e9f65|13|1074276769
31341|0x71e9f65|14|1955579003
31341|0x271e9f65|15|4294605241
31341|0x671e9f65|16|7099686879
31341|0xe71e9f65|17|13748288324
31341|0x1e71e9f65|18|27975843462
31341|0x1e71e9f65|19|54273213118
31341|0x5e71e9f65|20|108173870564
31341|0xde71e9f65|21|215769230023
31341|0x1de71e9f65|22|432496644761
31341|0x3de71e9f65|23|865935168571
31341|0x3de71e9f65|24|1734236017131
31451|0xf153|1|216301
31451|0xf153|2|477421
31451|0xf153|3|1030142
31451|0xf153|4|2077003
31451|0xf153|5|4094634
31451|0x10f153|6|8386095
31451|0x10f153|7|16737749
31451|0x10f153|8|33408974
31451|0x90f153|9|66986810
31451|0x190f153|10|134192329
31451|0x390f153|11|268172825
31451|0x390f153|12|536740709
31451|0x390f153|13|890006751
31451|0x390f153|14|2146473849
31451|0x2390f153|15|4294052670
31451|0x2390f153|16|8590292054
31451|0xa390f153|17|17215421555
31451|0x1a390f153|18|32283375439
31451|0x3a390f153|19|56313897248
31451|0x3a390f153|20|108108753097
31451|0x3a390f153|21|217512783536
31451|0x13a390f153|22|433550398310
31451|0x13a390f153|23|863302635947
31451|0x53a390f153|24|1730822656932
31565|0x3585|1|217101
31565|0x13585|2|477982
31565|0x13585|3|1033923
31565|0x53585|4|2022932
31565|0xd3585|5|4193767
31565|0x1d3585|6|8367365
31565|0x1d3585|7|16768043
31565|0x1d3585|8|33500908
31565|0x9d3585|9|67155396
31565|0x9d3585|10|134080392
31565|0x9d3585|11|285942979
31565|0x9d3585|12|441053651
31565|0x89d3585|13|1073492985
31565|0x89d3585|14|2149054254
31565|0x289d3585|15|4296690960
31565|0x689d3585|16|7084670909
31565|0x689d3585|17|13959614315
31565|0x1689d3585|18|26999949656
31565|0x1689d3585|19|53991649380
31565|0x1689d3585|20|111627040430
31565|0x1689d3585|21|215642611636
31565|0x11689d3585|22|435429000580
31565|0x11689d3585|23|864674646896
31565|0x11689d3585|24|1728414848940
31677|0x1795|1|190841
31677|0x1795|2|465826
31677|0x21795|3|1060461
31677|0x21795|4|2091767
31677|0x21795|5|3654025
31677|0x21795|6|8334673
31677|0x221795|7|16781645
31677|0x221795|8|33549861
31677|0xa21795|9|67104042
31677|0x1a21795|10|134274699
31677|0x3a21795|11|221763153
31677|0x3a21795|12|465243518
31677|0x3a21795|13|1073892076
31677|0x13a21795|14|2071465030
31677|0x33a21795|15|3837628135
31677|0x33a21795|16|7473514275
31677|0x33a21795|17|13663077975
31677|0x133a21795|18|27049734942
31677|0x333a21795|19|54760065322
31677|0x733a21795|20|108271417950
31677|0x733a21795|21|217851174795
31677|0x733a21795|22|432778326768
31677|0x2733a21795|23|867351690927
31677|0x6733a21795|24|1735124450153
32131|0x792b|1|217830
32131|0x792b|2|510763
32131|0x792b|3|1041603
32131|0x792b|4|2104251
32131|0x8792b|5|4226825
32131|0x8792b|6|8286350
32131|0x8792b|7|16783417
32131|0x8792b|8|33596028
32131|0x88792b|9|67584520
32131|0x188792b|10|124594288
32131|0x188792b|11|268830172
32131|0x588792b|12|537627364
32131|0xd88792b|13|1077113776
32131|0x1d88792b|14|2150435563
32131|0x1d88792b|15|3789932146
32131|0x5d88792b|16|6834081405
32131|0xdd88792b|17|14599636979
32131|0x1dd88792b|18|29712111861
32131|0x1dd88792b|19|53980662285
32131|0x1dd88792b|20|108569468905
32131|0x1dd88792b|21|215732809862
32131|0x1dd88792b|22|432810266456
32131|0x21dd88792b|23|865435112623
32131|0x21dd88792b|24|1725625845166
32243|0x633b|1|218309
32243|0x633b|2|481448
32243|0x2633b|3|1022486
32243|0x2633b|4|1992646
32243|0xa633b|5|4286406
32243|0x1a633b|6|8372210
32243|0x1a633b|7|16688718
32243|0x1a633b|8|33097923
32243|0x9a633b|9|67213820
32243|0x19a633b|10|134674670
32243|0x19a633b|11|268973151
32243|0x19a633b|12|522429933
32243|0x99a633b|13|1075858260
32243|0x99a633b|14|1750562982
32243|0x99a633b|15|3837246805
32243|0x99a633b|16|6773931949
32243|0x899a633b|17|17227437636
32243|0x1899a633b|18|27839715731
32243|0x3899a633b|19|54924297082
32243|0x7899a633b|20|108260163215
32243|0xf899a633b|21|215687054012
32243|0x1f899a633b|22|432950540197
32243|0x3f899a633b|23|863370235659
32243|0x3f899a633b|24|1725608878867
32363|0x3e43|1|190239
32363|0x13e43|2|424426
32363|0x33e43|3|979205
32363|0x33e43|4|2128680
32363|0x33e43|5|4269116
32363|0x33e43|6|8367508
32363|0x33e43|7|16629887
32363|0x33e43|8|33666031
32363|0x33e43|9|67277874
32363|0x33e43|10|134557068
32363|0x2033e43|11|269442838
32363|0x2033e43|12|538447955
32363|0x2033e43|13|1077541779
32363|0x12033e43|14|2154888420
32363|0x32033e43|15|4084375699
32363|0x32033e43|16|6899067406
32363|0xb2033e43|17|17236931078
32363|0xb2033e43|18|26997732072
32363|0xb2033e43|19|54389893047
32363|0xb2033e43|20|107868257045
32363|0x8b2033e43|21|215391550362
32363|0x8b2033e43|22|431969112467
32363|0x8b2033e43|23|864704312111
32363|0x48b2033e43|24|1726493653176
32477|0x4975|1|216337
32477|0x14975|2|482641
32477|0x14975|3|992125
32477|0x54975|4|1999145
32477|0xd4975|5|4267475
32477|0xd4975|6|8319977
32477|0x2d4975|7|16698680
32477|0x6d4975|8|33794293
32477|0xed4975|9|67370496
32477|0x1ed4975|10|133917563
32477|0x1ed4975|11|269410817
32477|0x5ed4975|12|539321682
32477|0xded4975|13|1077211411
32477|0x1ded4975|14|1822992892
32477|0x3ded4975|15|4310265788
32477|0x7ded4975|16|7495748585
32477|0xfded4975|17|14004607861
32477|0xfded4975|18|26958773074
32477|0x2fded4975|19|54184564071
32477|0x2fded4975|20|109152331464
32477|0x2fded4975|21|216818340968
32477|0x12fded4975|22|431591451951
32477|0x32fded4975|23|864044191559
32477|0x32fded4975|24|1726216827997
32589|0xd185|1|214018
32589|0xd185|2|483442
32589|0xd185|3|1088182
32589|0xd185|4|1951138
32589|0xd185|5|4269515
32589|0x10d185|6|8414904
32589|0x10d185|7|16830110
32589|0x10d185|8|33698063
32589|0x10d185|9|67377940
32589|0x110d185|10|134795836
32589|0x310d185|11|269217018
32589|0x710d185|12|539767584
32589|0xf10d185|13|1076936087
32589|0xf10d185|14|2156185725
32589|0x2f10d185|15|4311959876
32589|0x2f10d185|16|8624744537
32589|0xaf10d185|17|14115975854
32589|0xaf10d185|18|26959718192
32589|0x2af10d185|19|54863799466
32589|0x2af10d185|20|114384188775
32589|0xaaf10d185|21|216745647022
32589|0x1aaf10d185|22|431793750026
32589|0x3aaf10d185|23|865232239968
32589|0x3aaf10d185|24|1734113451168
32697|0xd689|1|233387
32697|0x1d689|2|481976
32697|0x3d689|3|1048939
32697|0x7d689|4|2120173
32697|0xfd689|5|4776271
32697|0xfd689|6|9801041
32697|0x2fd689|7|19489300
32697|0x2fd689|8|31038276
32697|0x2fd689|9|67356872
32697|0x2fd689|10|135068709
32697|0x22fd689|11|269625456
32697|0x22fd689|12|564359999
32697|0x22fd689|13|1079242915
32697|0x122fd689|14|1998545755
32697|0x322fd689|15|4312138913
32697|0x322fd689|16|7315854281
32697|0x322fd689|17|15291979675
32697|0x322fd689|18|27302097569
32697|0x2322fd689|19|54155550844
32697|0x6322fd689|20|108524183294
32697|0x6322fd689|21|218559344703
32697|0x6322fd689|22|436990355342
32697|0x26322fd689|23|865626133862
32697|0x26322fd689|24|1722923269869
33009|0x7011|1|368606
33009|0x27011|2|873761
33009|0x67011|3|1919412
33009|0xe7011|4|3821884
33009|0xe7011|5|7892155
33009|0x2e7011|6|15857060
33009|0x6e7011|7|31863865
33009|0x6e7011|8|63590353
33009|0x6e7011|9|127149241
33009|0x6e7011|10|254561036
33009|0x6e7011|11|509615583
33009|0x6e7011|12|1021537599
33009|0x6e7011|13|1742129992
33009|0x206e7011|14|3592155465
33009|0x606e7011|15|7413681332
33009|0x606e7011|16|14748598789
33009|0x606e7011|17|32581927664
33009|0x2606e7011|18|56379655972
33009|0x6606e7011|19|110450850706
33009|0xe606e7011|20|221966644501
33009|0xe606e7011|21|444723466405
33009|0xe606e7011|22|883291281928
33009|0x4e606e7011|23|1758664242191
33009|0x4e606e7011|24|3527104070705
33129|0x1ed9|1|368542
33129|0x1ed9|2|872661
33129|0x1ed9|3|1944029
33129|0x81ed9|4|3769145
33129|0x81ed9|5|7838489
33129|0x281ed9|6|15815354
33129|0x281ed9|7|31420722
33129|0x281ed9|8|63038694
33129|0x281ed9|9|126110107
33129|0x281ed9|10|252389262
33129|0x281ed9|11|504418553
33129|0x8281ed9|12|1009457018
33129|0x18281ed9|13|1944888040
33129|0x38281ed9|14|3427944637
33129|0x78281ed9|15|6871986725
33129|0xf8281ed9|16|15177999106
33129|0xf8281ed9|17|29334376037
33129|0x2f8281ed9|18|55079589304
33129|0x6f8281ed9|19|108874224475
33129|0xef8281ed9|20|217024242410
33129|0x1ef8281ed9|21|435969738397
33129|0x1ef8281ed9|22|870463457468
33129|0x5ef8281ed9|23|1757070685566
33129|0x5ef8281ed9|24|3521543491086
33243|0x19253|1|324757
33243|0x19253|2|833387
33243|0x59253|3|1945995
33243|0x59253|4|3865125
33243|0x59253|5|7756163
33243|0x59253|6|15808359
33243|0x59253|7|31641127
33243|0x859253|8|63131998
33243|0x1859253|9|126100372
33243|0x1859253|10|252154536
33243|0x5859253|11|504570862
33243|0xd859253|12|992741906
33243|0xd859253|13|2021177380
33243|0x2d859253|14|3633820451
33243|0x6d859253|15|8079521379
33243|0x6d859253|16|14847821018
33243|0x6d859253|17|30210335634
33243|0x26d859253|18|57528551000
33243|0x66d859253|19|109328253267
33243|0x66d859253|20|217084968681
33243|0x166d859253|21|435253288471
33243|0x366d859253|22|877969667861
33243|0x766d859253|23|1756932571688
33243|0xf66d859253|24|3521509578876
33345|0x8dc1|1|369224
33345|0x8dc1|2|890091
33345|0x8dc1|3|1845230
33345|0x8dc1|4|3856084
33345|0x8dc1|5|7880595
33345|0x208dc1|6|15764181
33345|0x608dc1|7|31466398
33345|0xe08dc1|8|63037793
33345|0x1e08dc1|9|126303468
33345|0x3e08dc1|10|252412352
33345|0x7e08dc1|11|505190474
33345|0xfe08dc1|12|1010022446
33345|0x1fe08dc1|13|2020972284
33345|0x3fe08dc1|14|3611933404
33345|0x7fe08dc1|15|6932853499
33345|0xffe08dc1|16|16158420528
33345|0x1ffe08dc1|17|27686515566
33345|0x3ffe08dc1|18|58118139832
33345|0x7ffe08dc1|19|115258421686
33345|0xfffe08dc1|20|222708417708
33345|0xfffe08dc1|21|436475131765
33345|0xfffe08dc1|22|867545457329
33345|0xfffe08dc1|23|1758659660592
33345|0xfffe08dc1|24|3524643934073
33471|0x1ed3f|1|366564
33471|0x3ed3f|2|877426
33471|0x3ed3f|3|1947959
33471|0xbed3f|4|3780897
33471|0xbed3f|5|7878233
33471|0x2bed3f|6|15801684
33471|0x6bed3f|7|31453879
33471|0x6bed3f|8|63022158
33471|0x16bed3f|9|126236985
33471|0x36bed3f|10|251934028
33471|0x76bed3f|11|504223961
33471|0xf6bed3f|12|1009937027
33471|0x1f6bed3f|13|2015940967
33471|0x1f6bed3f|14|4036395197
33471|0x5f6bed3f|15|8079341519
33471|0x5f6bed3f|16|13780939050
33471|0x5f6bed3f|17|32285254629
33471|0x5f6bed3f|18|58138202852
33471|0x45f6bed3f|19|109375802443
33471|0xc5f6bed3f|20|218875252265
33471|0x1c5f6bed3f|21|435674898031
33471|0x3c5f6bed3f|22|867311734198
33471|0x3c5f6bed3f|23|1757344716938
33471|0xbc5f6bed3f|24|3521852705736
33567|0x138df|1|370595
33567|0x138df|2|890952
33567|0x138df|3|1931725
33567|0x138df|4|3767290
33567|0x138df|5|7860848
33567|0x138df|6|15825234
33567|0x4138df|7|31416066
33567|0x4138df|8|63294005
33567|0x4138df|9|126612185
33567|0x4138df|10|252758319
33567|0x4138df|11|505020360
33567|0x84138df|12|1006736042
33567|0x84138df|13|2020481682
33567|0x284138df|14|4064724744
33567|0x684138df|15|7036762135
33567|0x684138df|16|13473923677
33567|0x684138df|17|28283469120
33567|0x2684138df|18|55954250734
33567|0x6684138df|19|108696936011
33567|0x6684138df|20|218498021359
33567|0x6684138df|21|436699024014
33567|0x26684138df|22|866800287619
33567|0x26684138df|23|1757579429725
33567|0x26684138df|24|3523276354562
33685|0xafbd|1|379117
33685|0xafbd|2|879438
33685|0x4afbd|3|1935592
33685|0xcafbd|4|3805020
33685|0x1cafbd|5|7905537
33685|0x3cafbd|6|15825072
33685|0x7cafbd|7|31421009
33685|0xfcafbd|8|63116076
33685|0x1fcafbd|9|126216830
33685|0x3fcafbd|10|252481494
33685|0x3fcafbd|11|506062986
33685|0x3fcafbd|12|1010774527
33685|0x3fcafbd|13|2022061990
33685|0x23fcafbd|14|4043160014
33685|0x63fcafbd|15|8088036438
33685|0xe3fcafbd|16|13609249110
33685|0x1e3fcafbd|17|28796519967
33685|0x1e3fcafbd|18|57158696252
33685|0x5e3fcafbd|19|109359416683
33685|0xde3fcafbd|20|217689945027
33685|0xde3fcafbd|21|435657136803
33685|0xde3fcafbd|22|868044040372
33685|0x4de3fcafbd|23|1757498829914
33685|0x4de3fcafbd|24|3522578759550
33993|0xd579|1|371947
33993|0x2d579|2|905739
33993|0x6d579|3|1889729
33993|0x6d579|4|3872027
33993|0x16d579|5|7766913
33993|0x16d579|6|15517476
33993|0x16d579|7|31327274
33993|0x16d579|8|62544242
33993|0x16d579|9|125340919
33993|0x16d579|10|251112873
33993|0x16d579|11|502265953
33993|0x816d579|12|1003451304
33993|0x816d579|13|2007782100
33993|0x2816d579|14|3941961621
33993|0x6816d579|15|7119297166
33993|0xe816d579|16|16088892319
33993|0xe816d579|17|30706279858
33993|0x2e816d579|18|60326573330
33993|0x6e816d579|19|110275877033
33993|0xee816d579|20|219905839729
33993|0xee816d579|21|440908490687
33993|0x2ee816d579|22|867134137853
33993|0x2ee816d579|23|1757010252819
33993|0xaee816d579|24|3516450615826
34105|0xd909|1|371307
34105|0x2d909|2|882539
34105|0x6d909|3|1960495
34105|0xed909|4|3843290
34105|0x1ed909|5|7812632
34105|0x3ed909|6|15487530
34105|0x7ed909|7|31474889
34105|0x7ed909|8|62608574
34105|0x17ed909|9|125455548
34105|0x17ed909|10|250902294
34105|0x57ed909|11|502061268
34105|0x57ed909|12|1004460357
34105|0x57ed909|13|2008307179
34105|0x257ed909|14|4017080741
34105|0x657ed909|15|7631013842
34105|0xe57ed909|16|14173788701
34105|0xe57ed909|17|28219206047
34105|0x2e57ed909|18|55015740638
34105|0x2e57ed909|19|113458632904
34105|0x2e57ed909|20|217612058915
34105|0x2e57ed909|21|434038726098
34105|0x22e57ed909|22|890485789850
34105|0x22e57ed909|23|1758837412545
34105|0x22e57ed909|24|3517694302395
34225|0xa351|1|326910
34225|0x2a351|2|777664
34225|0x6a351|3|1897568
34225|0x6a351|4|3937595
34225|0x16a351|5|7689603
34225|0x16a351|6|15703908
34225|0x16a351|7|31231807
34225|0x96a351|8|62784481
34225|0x196a351|9|125453209
34225|0x196a351|10|250901861
34225|0x596a351|11|501927541
34225|0x596a351|12|1004066958
34225|0x596a351|13|2009677671
34225|0x2596a351|14|4017170073
34225|0x6596a351|15|8035941427
34225|0xe596a351|16|15446428452
34225|0xe596a351|17|28302588417
34225|0x2e596a351|18|55569408925
34225|0x2e596a351|19|111484343127
34225|0xae596a351|20|217080559097
34225|0x1ae596a351|21|435791502245
34225|0x3ae596a351|22|871333500685
34225|0x3ae596a351|23|1763458676307
34225|0x3ae596a351|24|3516896739624
34333|0x6c35|1|371900
34333|0x6c35|2|906013
34333|0x6c35|3|1948229
34333|0x6c35|4|3766743
34333|0x106c35|5|7832643
34333|0x106c35|6|15672728
34333|0x106c35|7|26483336
34333|0x906c35|8|62732499
34333|0x1906c35|9|125635840
34333|0x3906c35|10|251279102
34333|0x3906c35|11|502106763
34333|0x3906c35|12|1004598253
34333|0x3906c35|13|2009288853
34333|0x3906c35|14|4018494857
34333|0x3906c35|15|6864003763
34333|0x3906c35|16|13386635516
34333|0x3906c35|17|26849555546
34333|0x203906c35|18|56278213247
34333|0x203906c35|19|115747074450
34333|0xa03906c35|20|223235065072
34333|0xa03906c35|21|433746198108
34333|0xa03906c35|22|878884666218
34333|0xa03906c35|23|1755515829105
34333|0xa03906c35|24|3517093908763
34445|0x1ac45|1|373443
34445|0x1ac45|2|885740
34445|0x1ac45|3|1950712
34445|0x9ac45|4|3785815
34445|0x9ac45|5|7848597
34445|0x9ac45|6|15553333
34445|0x9ac45|7|31333150
34445|0x89ac45|8|62726313
34445|0x89ac45|9|125506343
34445|0x89ac45|10|251104531
34445|0x489ac45|11|502510181
34445|0x489ac45|12|1004780245
34445|0x1489ac45|13|2009880464
34445|0x3489ac45|14|4019418798
34445|0x3489ac45|15|7980307563
34445|0x3489ac45|16|13520646900
34445|0x13489ac45|17|29621497974
34445|0x33489ac45|18|56608178605
34445|0x73489ac45|19|113283751630
34445|0xf3489ac45|20|221434792552
34445|0xf3489ac45|21|434550224719
34445|0x2f3489ac45|22|867052219805
34445|0x2f3489ac45|23|1756031020665
34445|0xaf3489ac45|24|3518619052546
34555|0x9433|1|386356
34555|0x9433|2|886568
34555|0x49433|3|1841713
34555|0x49433|4|3952494
34555|0x149433|5|7800027
34555|0x149433|6|15603763
34555|0x549433|7|31378318
34555|0xd49433|8|62852262
34555|0xd49433|9|125563838
34555|0x2d49433|10|251336840
34555|0x6d49433|11|502417748
34555|0xed49433|12|948403463
34555|0x1ed49433|13|1994434304
34555|0x1ed49433|14|3550146252
34555|0x1ed49433|15|7139803295
34555|0x9ed49433|16|13405859066
34555|0x19ed49433|17|28456688637
34555|0x39ed49433|18|55346501567
34555|0x39ed49433|19|112144396658
34555|0x39ed49433|20|219326845314
34555|0x139ed49433|21|434887924750
34555|0x339ed49433|22|867919588255
34555|0x739ed49433|23|1757539064816
34555|0xf39ed49433|24|3515695364284
34667|0x6d43|1|327913
34667|0x6d43|2|816911
34667|0x46d43|3|1955402
34667|0xc6d43|4|3871213
34667|0x1c6d43|5|7748801
34667|0x1c6d43|6|15734573
34667|0x1c6d43|7|31314387
34667|0x9c6d43|8|62629256
34667|0x19c6d43|9|125548702
34667|0x39c6d43|10|251257423
34667|0x39c6d43|11|502423093
34667|0x39c6d43|12|1005133033
34667|0x39c6d43|13|1804057048
34667|0x39c6d43|14|4021706487
34667|0x39c6d43|15|7741100487
34667|0x39c6d43|16|13697204636
34667|0x1039c6d43|17|30937399340
34667|0x1039c6d43|18|55775992444
34667|0x5039c6d43|19|111406635825
34667|0x5039c6d43|20|216660074700
34667|0x5039c6d43|21|437254940148
34667|0x5039c6d43|22|880527377241
34667|0x5039c6d43|23|1755402006312
34667|0x5039c6d43|24|3516546621021
34777|0x18869|1|372497
34777|0x18869|2|908239
34777|0x58869|3|1957591
34777|0x58869|4|3489103
34777|0x58869|5|7871860
34777|0x258869|6|15715981
34777|0x658869|7|31234918
34777|0x658869|8|62830554
34777|0x1658869|9|125544707
34777|0x3658869|10|251432046
34777|0x7658869|11|502586292
34777|0x7658869|12|1005634943
34777|0x17658869|13|2010917052
34777|0x37658869|14|4021973098
34777|0x37658869|15|7204260324
34777|0xb7658869|16|13982589584
34777|0xb7658869|17|28510469658
34777|0x2b7658869|18|60596073039
34777|0x6b7658869|19|111499474192
34777|0xeb7658869|20|221279065382
34777|0x1eb7658869|21|434536961921
34777|0x1eb7658869|22|867356239927
34777|0x5eb7658869|23|1756303852182
34777|0x5eb7658869|24|3514788454699
35099|0x1a913|1|373257
35099|0x1a913|2|909269
35099|0x1a913|3|1964840
35099|0x9a913|4|3742027
35099|0x9a913|5|7824275
35099|0x9a913|6|15559881
35099|0x9a913|7|31356810
35099|0x89a913|8|62765488
35099|0x89a913|9|125523444
35099|0x289a913|10|251309191
35099|0x289a913|11|503115892
35099|0x289a913|12|942304465
35099|0x1289a913|13|2012940336
35099|0x3289a913|14|4027540378
35099|0x3289a913|15|8053642563
35099|0x3289a913|16|14411598115
35099|0x13289a913|17|32303881916
35099|0x13289a913|18|58051735734
35099|0x53289a913|19|111669462202
35099|0xd3289a913|20|220797024564
35099|0x1d3289a913|21|436557165258
35099|0x3d3289a913|22|866690570748
35099|0x3d3289a913|23|1755048497303
35099|0xbd3289a913|24|3513369603541
35207|0xec37|1|373031
35207|0x2ec37|2|891611
35207|0x6ec37|3|1902699
35207|0x6ec37|4|3821995
35207|0x16ec37|5|7640564
35207|0x16ec37|6|15576250
35207|0x16ec37|7|31317454
35207|0x96ec37|8|62735345
35207|0x96ec37|9|125264369
35207|0x96ec37|10|250520130
35207|0x496ec37|11|501285764
35207|0x496ec37|12|1002396842
35207|0x1496ec37|13|1953735549
35207|0x3496ec37|14|3733294728
35207|0x3496ec37|15|6845676119
35207|0xb496ec37|16|14231205436
35207|0xb496ec37|17|27663926394
35207|0xb496ec37|18|60168085605
35207|0x4b496ec37|19|113164160039
35207|0x4b496ec37|20|217479515573
35207|0x4b496ec37|21|436747217198
35207|0x24b496ec37|22|871181226668
35207|0x24b496ec37|23|1763235076411
35207|0x24b496ec37|24|3514217351973
35319|0x107c7|1|332478
35319|0x107c7|2|815910
35319|0x107c7|3|1992679
35319|0x907c7|4|3823585
35319|0x907c7|5|7722492
35319|0x2907c7|6|15765879
35319|0x6907c7|7|31332337
35319|0xe907c7|8|62848591
35319|0xe907c7|9|125662259
35319|0x2e907c7|10|251451961
35319|0x6e907c7|11|503455345
35319|0x6e907c7|12|1006373825
35319|0x6e907c7|13|2012424068
35319|0x26e907c7|14|3927788331
35319|0x66e907c7|15|7727201107
35319|0x66e907c7|16|16106612611
35319|0x66e907c7|17|29510159675
35319|0x266e907c7|18|61087663954
35319|0x666e907c7|19|112511819387
35319|0x666e907c7|20|225220346046
35319|0x666e907c7|21|439238471379
35319|0x666e907c7|22|873590789858
35319|0x4666e907c7|23|1763981099740
35319|0x4666e907c7|24|3512647478760
35433|0x1a5d9|1|328497
35433|0x1a5d9|2|786270
35433|0x5a5d9|3|1984837
35433|0xda5d9|4|3843813
35433|0xda5d9|5|7732326
35433|0xda5d9|6|15799559
35433|0xda5d9|7|31403284
35433|0xda5d9|8|62872538
35433|0x10da5d9|9|125967564
35433|0x30da5d9|10|251679010
35433|0x70da5d9|11|503499666
35433|0x70da5d9|12|1006170334
35433|0x70da5d9|13|1788641492
35433|0x70da5d9|14|3446454376
35433|0x470da5d9|15|7703327222
35433|0xc70da5d9|16|15445818769
35433|0x1c70da5d9|17|29872510593
35433|0x1c70da5d9|18|55164157634
35433|0x1c70da5d9|19|110726217875
35433|0x9c70da5d9|20|217454149512
35433|0x19c70da5d9|21|435866257613
35433|0x39c70da5d9|22|872379327438
35433|0x39c70da5d9|23|1756666263678
35433|0x39c70da5d9|24|3523033914731
35545|0x15569|1|366369
35545|0x15569|2|892743
35545|0x55569|3|1994760
35545|0x55569|4|3777250
35545|0x155569|5|7696560
35545|0x355569|6|15538746
35545|0x755569|7|31180076
35545|0xf55569|8|62453341
35545|0xf55569|9|124953494
35545|0xf55569|10|250123077
35545|0xf55569|11|442647778
35545|0xf55569|12|966346390
35545|0x10f55569|13|1998720757
35545|0x30f55569|14|3998699046
35545|0x70f55569|15|7997087082
35545|0x70f55569|16|15993843174
35545|0x70f55569|17|27090548972
35545|0x70f55569|18|56067322810
35545|0x470f55569|19|109374191143
35545|0xc70f55569|20|217342160453
35545|0x1c70f55569|21|433769376031
35545|0x1c70f55569|22|878137606297
35545|0x1c70f55569|23|1755396344008
35545|0x1c70f55569|24|3514643025936
35657|0x56f9|1|326726
35657|0x256f9|2|803395
35657|0x656f9|3|1924936
35657|0xe56f9|4|3649195
35657|0x1e56f9|5|7556594
35657|0x3e56f9|6|15003117
35657|0x3e56f9|7|31231069
35657|0x3e56f9|8|62267105
35657|0x13e56f9|9|124932963
35657|0x13e56f9|10|249941338
35657|0x53e56f9|11|427264202
35657|0xd3e56f9|12|999622918
35657|0xd3e56f9|13|1999363223
35657|0x2d3e56f9|14|3754649822
35657|0x6d3e56f9|15|6747783444
35657|0x6d3e56f9|16|13847398296
35657|0x6d3e56f9|17|31995291902
35657|0x6d3e56f9|18|57493982238
35657|0x6d3e56f9|19|107564394450
35657|0x6d3e56f9|20|216598411194
35657|0x106d3e56f9|21|431338610751
35657|0x106d3e56f9|22|876752426183
35657|0x106d3e56f9|23|1755306105540
35657|0x106d3e56f9|24|3513543790013
35761|0xdd51|1|329002
35761|0xdd51|2|788792
35761|0x4dd51|3|2000422
35761|0xcdd51|4|3784441
35761|0x1cdd51|5|7866850
35761|0x3cdd51|6|15566731
35761|0x7cdd51|7|31191737
35761|0xfcdd51|8|62488889
35761|0x1fcdd51|9|124864468
35761|0x1fcdd51|10|250308136
35761|0x5fcdd51|11|500445880
35761|0x5fcdd51|12|1000733823
35761|0x15fcdd51|13|1852534672
35761|0x15fcdd51|14|3997882818
35761|0x15fcdd51|15|8002179308
35761|0x95fcdd51|16|16002917069
35761|0x95fcdd51|17|29709568726
35761|0x95fcdd51|18|61537015037
35761|0x95fcdd51|19|108883639204
35761|0x895fcdd51|20|217015283526
35761|0x895fcdd51|21|432845784650
35761|0x2895fcdd51|22|876972559601
35761|0x2895fcdd51|23|1754789607594
35761|0xa895fcdd51|24|3514109561720
