17|0x31|1|1520332
17|0x71|2|10302
17|0xf1|3|7317
17|0xf1|4|9169
17|0xf1|5|12279
17|0xf1|6|17135
17|0xf1|7|28264
17|0x10f1|8|43394
17|0x30f1|9|81001
17|0x70f1|10|154800
17|0xf0f1|11|302017
17|0xf0f1|12|597463
17|0xf0f1|13|1195982
17|0xf0f1|14|2430231
17|0xf0f1|15|4823328
17|0x10f0f1|16|11071719
17|0x30f0f1|17|22199963
17|0x70f0f1|18|59437936
17|0xf0f0f1|19|46891124
17|0xf0f0f1|20|102064764
17|0xf0f0f1|21|218717265
17|0xf0f0f1|22|438843412
17|0xf0f0f1|23|871906777
17|0x10f0f0f1|24|1750542621
9003|0x383|1|91163
9003|0x8383|2|202573
9003|0x18383|3|441309
9003|0x18383|4|882821
9003|0x58383|5|1788603
9003|0xd8383|6|3623091
9003|0xd8383|7|7242639
9003|0xd8383|8|14457912
9003|0x4d8383|9|30002746
9003|0x4d8383|10|62161639
9003|0x4d8383|11|124432340
9003|0x24d8383|12|248296459
9003|0x64d8383|13|496583688
9003|0xe4d8383|14|993302359
9003|0xe4d8383|15|1727890715
9003|0xe4d8383|16|3457638382
9003|0xe4d8383|17|7439865477
9003|0xe4d8383|18|13611501831
9003|0x10e4d8383|19|28656423901
9003|0x30e4d8383|20|56665897549
9003|0x30e4d8383|21|111272107723
9003|0xb0e4d8383|22|219320189513
9003|0x1b0e4d8383|23|440229804521
9003|0x1b0e4d8383|24|877932613022
9137|0x4551|1|102161
9137|0x4551|2|231471
9137|0x4551|3|504563
9137|0x24551|4|987661
9137|0x64551|5|1778776
9137|0x64551|6|3895238
9137|0x164551|7|7520026
9137|0x364551|8|15389526
9137|0x364551|9|30717852
9137|0x364551|10|58254893
9137|0x1364551|11|122416113
9137|0x3364551|12|243995397
9137|0x7364551|13|484529933
9137|0xf364551|14|980634725
9137|0x1f364551|15|1993119250
9137|0x1f364551|16|3614121201
9137|0x1f364551|17|6728774957
9137|0x1f364551|18|13630981912
9137|0x1f364551|19|26595262777
9137|0x21f364551|20|55996281968
9137|0x61f364551|21|113478643351
9137|0x61f364551|22|221020272691
9137|0x61f364551|23|440162404833
9137|0x61f364551|24|880898129199
10015|0x14df|1|103155
10015|0x94df|2|238929
10015|0x94df|3|513127
10015|0x94df|4|899317
10015|0x94df|5|1848150
10015|0x94df|6|3904567
10015|0x94df|7|7744042
10015|0x94df|8|15475798
10015|0x4094df|9|30894408
10015|0xc094df|10|61814428
10015|0xc094df|11|123704081
10015|0x2c094df|12|203746854
10015|0x6c094df|13|497191844
10015|0xec094df|14|988662471
10015|0xec094df|15|1754630419
10015|0x2ec094df|16|3507952481
10015|0x2ec094df|17|8146878074
10015|0x2ec094df|18|13243789399
10015|0x12ec094df|19|29463357414
10015|0x12ec094df|20|54672978364
10015|0x52ec094df|21|113060941017
10015|0x52ec094df|22|221922935522
10015|0x52ec094df|23|447488711101
10015|0x52ec094df|24|876578060203
10121|0x7eb9|1|88868
10121|0x7eb9|2|210741
10121|0x7eb9|3|436914
10121|0x27eb9|4|879008
10121|0x67eb9|5|1907299
10121|0xe7eb9|6|3832133
10121|0x1e7eb9|7|7732252
10121|0x3e7eb9|8|15296200
10121|0x7e7eb9|9|30785404
10121|0x7e7eb9|10|61541698
10121|0x17e7eb9|11|123823203
10121|0x37e7eb9|12|248473146
10121|0x77e7eb9|13|498178207
10121|0xf7e7eb9|14|1001086360
10121|0x1f7e7eb9|15|1736293012
10121|0x3f7e7eb9|16|4047393287
10121|0x7f7e7eb9|17|6710602069
10121|0xff7e7eb9|18|13327401414
10121|0x1ff7e7eb9|19|29027058834
10121|0x3ff7e7eb9|20|55228434672
10121|0x3ff7e7eb9|21|112030295228
10121|0x3ff7e7eb9|22|220288282425
10121|0x13ff7e7eb9|23|438543292657
10121|0x33ff7e7eb9|24|878252205454
10977|0x1921|1|100201
10977|0x9921|2|216355
10977|0x9921|3|484880
10977|0x29921|4|1024760
10977|0x29921|5|1823334
10977|0xa9921|6|4029392
10977|0x1a9921|7|7954622
10977|0x1a9921|8|15963145
10977|0x1a9921|9|31784571
10977|0x9a9921|10|63400848
10977|0x19a9921|11|126820238
10977|0x39a9921|12|253654035
10977|0x39a9921|13|507144074
10977|0xb9a9921|14|1012071765
10977|0x1b9a9921|15|2014957549
10977|0x3b9a9921|16|4103099657
10977|0x7b9a9921|17|8187198571
10977|0x7b9a9921|18|13341570382
10977|0x7b9a9921|19|26898038111
10977|0x7b9a9921|20|55672708073
10977|0x47b9a9921|21|109490227642
10977|0xc7b9a9921|22|219036066072
10977|0xc7b9a9921|23|437577697055
10977|0xc7b9a9921|24|872594960387
11097|0x6ce9|1|92506
11097|0x6ce9|2|191188
11097|0x16ce9|3|445341
11097|0x36ce9|4|1006564
11097|0x76ce9|5|2027727
11097|0x76ce9|6|3886928
11097|0x76ce9|7|7778313
11097|0x276ce9|8|15752678
11097|0x276ce9|9|31551413
11097|0x276ce9|10|62861366
11097|0x1276ce9|11|125924900
11097|0x3276ce9|12|252402163
11097|0x3276ce9|13|505520675
11097|0xb276ce9|14|1006972192
11097|0xb276ce9|15|2026770269
11097|0xb276ce9|16|4101790721
11097|0xb276ce9|17|6740739702
11097|0x8b276ce9|18|14044850473
11097|0x8b276ce9|19|30481774506
11097|0x8b276ce9|20|64687965194
11097|0x8b276ce9|21|113253770887
11097|0x8b276ce9|22|220268479555
11097|0x108b276ce9|23|440946685892
11097|0x308b276ce9|24|872376106259
11195|0x6173|1|90596
11195|0xe173|2|203561
11195|0x1e173|3|513208
11195|0x3e173|4|1010091
11195|0x7e173|5|2051860
11195|0x7e173|6|3891824
11195|0x7e173|7|8059328
11195|0x27e173|8|15933950
11195|0x27e173|9|31983169
11195|0x27e173|10|63816122
11195|0x27e173|11|127775808
11195|0x27e173|12|254894637
11195|0x27e173|13|509066375
11195|0x27e173|14|1023842584
11195|0x1027e173|15|2043090931
11195|0x1027e173|16|4125840546
11195|0x1027e173|17|7061539786
11195|0x9027e173|18|14401704825
11195|0x9027e173|19|29297410872
11195|0x9027e173|20|58332970534
11195|0x9027e173|21|114807927251
11195|0x9027e173|22|217982500557
11195|0x9027e173|23|437680645702
11195|0x209027e173|24|874583512601
12087|0x3687|1|107734
12087|0xb687|2|222711
12087|0xb687|3|503251
12087|0x2b687|4|992946
12087|0x2b687|5|1857380
12087|0xab687|6|4162130
12087|0x1ab687|7|8039195
12087|0x1ab687|8|16096632
12087|0x5ab687|9|32419459
12087|0x5ab687|10|64702255
12087|0x15ab687|11|129422851
12087|0x35ab687|12|259305994
12087|0x35ab687|13|518038657
12087|0x35ab687|14|1033831612
12087|0x35ab687|15|1701663711
12087|0x235ab687|16|3496502718
12087|0x635ab687|17|6862722188
12087|0x635ab687|18|16125870275
12087|0x1635ab687|19|27262395166
12087|0x3635ab687|20|55617516842
12087|0x3635ab687|21|109695384917
12087|0xb635ab687|22|219283697622
12087|0x1b635ab687|23|436247266556
12087|0x3b635ab687|24|869589745807
12183|0x4027|1|107020
12183|0x4027|2|223057
12183|0x14027|3|504451
12183|0x14027|4|1010870
12183|0x54027|5|1871422
12183|0x54027|6|4150495
12183|0x54027|7|8098239
12183|0x254027|8|16042655
12183|0x654027|9|32396153
12183|0xe54027|10|64707377
12183|0xe54027|11|129411253
12183|0x2e54027|12|257224830
12183|0x6e54027|13|492005319
12183|0xee54027|14|1028543119
12183|0xee54027|15|2051163654
12183|0x2ee54027|16|4158436659
12183|0x6ee54027|17|6690225403
12183|0xeee54027|18|14727503312
12183|0x1eee54027|19|32858978887
12183|0x1eee54027|20|54902231251
12183|0x1eee54027|21|108751539453
12183|0x1eee54027|22|219713632879
12183|0x1eee54027|23|437138166299
12183|0x1eee54027|24|876886841541
13031|0x40d7|1|106361
13031|0xc0d7|2|225517
13031|0xc0d7|3|520261
13031|0xc0d7|4|928397
13031|0xc0d7|5|1997730
13031|0x8c0d7|6|4216142
13031|0x18c0d7|7|8049750
13031|0x18c0d7|8|16321591
13031|0x18c0d7|9|32612712
13031|0x18c0d7|10|65375581
13031|0x18c0d7|11|130621511
13031|0x18c0d7|12|261494486
13031|0x418c0d7|13|522810437
13031|0xc18c0d7|14|1040629674
13031|0xc18c0d7|15|2073596519
13031|0xc18c0d7|16|4180541614
13031|0x4c18c0d7|17|8445640627
13031|0xcc18c0d7|18|16786485697
13031|0x1cc18c0d7|19|28619225934
13031|0x1cc18c0d7|20|53987706064
13031|0x5cc18c0d7|21|111133770495
13031|0xdcc18c0d7|22|223805632323
13031|0x1dcc18c0d7|23|433776002377
13031|0x1dcc18c0d7|24|866719922981
13153|0x30a1|1|108968
13153|0xb0a1|2|227307
13153|0x1b0a1|3|484934
13153|0x1b0a1|4|1029979
13153|0x5b0a1|5|1934585
13153|0xdb0a1|6|4083069
13153|0xdb0a1|7|8179275
13153|0x2db0a1|8|16145975
13153|0x2db0a1|9|32701920
13153|0xadb0a1|10|65143028
13153|0xadb0a1|11|130376143
13153|0xadb0a1|12|260839053
13153|0x4adb0a1|13|519813413
13153|0x4adb0a1|14|1039672218
13153|0x4adb0a1|15|2084662806
13153|0x24adb0a1|16|4183901840
13153|0x24adb0a1|17|8441907598
13153|0xa4adb0a1|18|16789357964
13153|0x1a4adb0a1|19|30387915962
13153|0x3a4adb0a1|20|59199831359
13153|0x3a4adb0a1|21|109126526888
13153|0x3a4adb0a1|22|223154031518
13153|0x13a4adb0a1|23|437837611109
13153|0x13a4adb0a1|24|868825936104
13255|0x1df7|1|108975
13255|0x9df7|2|228417
13255|0x19df7|3|507701
13255|0x39df7|4|996657
13255|0x39df7|5|1877731
13255|0xb9df7|6|4198675
13255|0xb9df7|7|8159032
13255|0xb9df7|8|16284548
13255|0xb9df7|9|32771740
13255|0x8b9df7|10|65332205
13255|0x18b9df7|11|131001881
13255|0x18b9df7|12|262608236
13255|0x58b9df7|13|524830887
13255|0x58b9df7|14|897858341
13255|0x58b9df7|15|1701081591
13255|0x258b9df7|16|4186211834
13255|0x258b9df7|17|7008378274
13255|0x258b9df7|18|13335618823
13255|0x258b9df7|19|30138409622
13255|0x258b9df7|20|54703612297
13255|0x258b9df7|21|110995072989
13255|0x8258b9df7|22|218113266122
13255|0x18258b9df7|23|434021861152
13255|0x18258b9df7|24|867786137825
14085|0x7dcd|1|108000
14085|0xfdcd|2|233223
14085|0xfdcd|3|497463
14085|0xfdcd|4|1038463
14085|0x4fdcd|5|2010665
14085|0x4fdcd|6|4151448
14085|0x4fdcd|7|8285354
14085|0x24fdcd|8|16577523
14085|0x64fdcd|9|33359201
14085|0xe4fdcd|10|66598087
14085|0x1e4fdcd|11|132568224
14085|0x1e4fdcd|12|264653292
14085|0x5e4fdcd|13|528486205
14085|0x5e4fdcd|14|1055016517
14085|0x15e4fdcd|15|1941016699
14085|0x35e4fdcd|16|4243874568
14085|0x75e4fdcd|17|8493680494
14085|0xf5e4fdcd|18|14882099755
14085|0x1f5e4fdcd|19|29602695490
14085|0x3f5e4fdcd|20|57621008292
14085|0x3f5e4fdcd|21|110304888411
14085|0xbf5e4fdcd|22|221571571271
14085|0x1bf5e4fdcd|23|437044713789
14085|0x3bf5e4fdcd|24|876149008715
14209|0x881|1|108570
14209|0x881|2|408745
14209|0x881|3|496930
14209|0x881|4|1039957
14209|0x881|5|2028599
14209|0x80881|6|4033392
14209|0x80881|7|8136910
14209|0x280881|8|16385205
14209|0x280881|9|32673711
14209|0x280881|10|65234786
14209|0x280881|11|130803557
14209|0x2280881|12|260920765
14209|0x2280881|13|521842990
14209|0x2280881|14|891639052
14209|0x12280881|15|2096094273
14209|0x12280881|16|4196700730
14209|0x52280881|17|8116470710
14209|0x52280881|18|14048593813
14209|0x52280881|19|27440436424
14209|0x52280881|20|54759624095
14209|0x52280881|21|114500986117
14209|0x52280881|22|215907691530
14209|0x1052280881|23|433903483877
14209|0x3052280881|24|866424050253
14301|0x5875|1|111123
14301|0xd875|2|234859
14301|0xd875|3|500469
14301|0xd875|4|1054355
14301|0x4d875|5|2096281
14301|0x4d875|6|4050494
14301|0x14d875|7|8312284
14301|0x14d875|8|16614989
14301|0x14d875|9|33110218
14301|0x94d875|10|66364317
14301|0x194d875|11|132913546
14301|0x194d875|12|265991820
14301|0x194d875|13|529668432
14301|0x994d875|14|1053093118
14301|0x994d875|15|2089718307
14301|0x994d875|16|3339782597
14301|0x4994d875|17|8505379184
14301|0xc994d875|18|13883975579
14301|0x1c994d875|19|28087764441
14301|0x3c994d875|20|58175430722
14301|0x7c994d875|21|109139509037
14301|0xfc994d875|22|216444283368
14301|0x1fc994d875|23|434309220270
14301|0x1fc994d875|24|867292578464
15083|0x1dc3|1|109960
15083|0x9dc3|2|239120
15083|0x19dc3|3|511337
15083|0x39dc3|4|1028094
15083|0x39dc3|5|2046507
15083|0x39dc3|6|4177107
15083|0x139dc3|7|8336875
15083|0x139dc3|8|16660171
15083|0x539dc3|9|33387910
15083|0xd39dc3|10|66811438
15083|0xd39dc3|11|133517689
15083|0xd39dc3|12|266621698
15083|0x4d39dc3|13|471648445
15083|0x4d39dc3|14|912220886
15083|0x4d39dc3|15|1714632115
15083|0x24d39dc3|16|4227396530
15083|0x64d39dc3|17|8468104769
15083|0xe4d39dc3|18|15900868404
15083|0xe4d39dc3|19|27095120723
15083|0x2e4d39dc3|20|54821982574
15083|0x2e4d39dc3|21|111177428867
15083|0x2e4d39dc3|22|229466669312
15083|0x2e4d39dc3|23|457391534411
15083|0x2e4d39dc3|24|890796498768
15187|0x40db|1|112246
15187|0xc0db|2|239186
15187|0x1c0db|3|512469
15187|0x1c0db|4|1056280
15187|0x5c0db|5|1983898
15187|0x5c0db|6|4185431
15187|0x15c0db|7|8365511
15187|0x15c0db|8|16536575
15187|0x15c0db|9|33390252
15187|0x95c0db|10|66626494
15187|0x95c0db|11|108499523
15187|0x95c0db|12|265691076
15187|0x495c0db|13|484591897
15187|0x495c0db|14|963990718
15187|0x495c0db|15|1916044210
15187|0x495c0db|16|4169655142
15187|0x495c0db|17|6778253306
15187|0x495c0db|18|13824591447
15187|0x495c0db|19|28046790375
15187|0x495c0db|20|53813878526
15187|0x495c0db|21|108171570658
15187|0x495c0db|22|215556108697
15187|0x100495c0db|23|435120583900
15187|0x100495c0db|24|863814843098
15309|0x2905|1|97390
15309|0x2905|2|211397
15309|0x12905|3|453856
15309|0x32905|4|1045709
15309|0x72905|5|2117279
15309|0x72905|6|4257687
15309|0x172905|7|8353504
15309|0x172905|8|16688219
15309|0x172905|9|33437636
15309|0x172905|10|67042882
15309|0x1172905|11|134220974
15309|0x3172905|12|267928236
15309|0x3172905|13|534271160
15309|0x3172905|14|1070363143
15309|0x13172905|15|2143307801
15309|0x33172905|16|4281343722
15309|0x73172905|17|7122493333
15309|0xf3172905|18|15210331116
15309|0x1f3172905|19|28373367410
15309|0x3f3172905|20|60801870311
15309|0x3f3172905|21|111264173965
15309|0x3f3172905|22|220423190705
15309|0x13f3172905|23|433499066646
15309|0x13f3172905|24|879031685953
16065|0x5141|1|114197
16065|0x5141|2|244359
16065|0x15141|3|544960
16065|0x15141|4|1055924
16065|0x55141|5|2119024
16065|0x55141|6|4063159
16065|0x155141|7|8376068
16065|0x155141|8|16762662
16065|0x555141|9|33368295
16065|0x555141|10|57628877
16065|0x555141|11|134216661
16065|0x2555141|12|268472850
16065|0x6555141|13|536858498
16065|0x6555141|14|908623560
16065|0x16555141|15|1803538215
16065|0x16555141|16|3862328730
16065|0x16555141|17|7628379978
16065|0x96555141|18|14142547037
16065|0x96555141|19|27395935173
16065|0x296555141|20|55940680403
16065|0x696555141|21|109145466179
16065|0x696555141|22|216287147360
16065|0x696555141|23|433776042575
16065|0x2696555141|24|862794380421
16165|0x44ad|1|314576
16165|0xc4ad|2|443064
16165|0x1c4ad|3|525795
16165|0x1c4ad|4|1058620
16165|0x1c4ad|5|2151406
16165|0x9c4ad|6|4105192
16165|0x19c4ad|7|8507236
16165|0x39c4ad|8|16851991
16165|0x79c4ad|9|33681322
16165|0x79c4ad|10|67524202
16165|0x179c4ad|11|134644430
16165|0x379c4ad|12|269643519
16165|0x379c4ad|13|538678397
16165|0xb79c4ad|14|1070778300
16165|0xb79c4ad|15|2157135080
16165|0x2b79c4ad|16|4287469811
16165|0x6b79c4ad|17|7061964160
16165|0xeb79c4ad|18|13872540267
16165|0x1eb79c4ad|19|28175116081
16165|0x3eb79c4ad|20|54749304919
16165|0x7eb79c4ad|21|111729012156
16165|0xfeb79c4ad|22|216753111652
16165|0xfeb79c4ad|23|440284189594
16165|0xfeb79c4ad|24|862719502149
16289|0x6461|1|100981
16289|0x6461|2|215956
16289|0x16461|3|463861
16289|0x16461|4|1063467
16289|0x56461|5|2131687
16289|0xd6461|6|4064631
16289|0xd6461|7|8353328
16289|0x2d6461|8|16699484
16289|0x6d6461|9|33259399
16289|0xed6461|10|66488838
16289|0x1ed6461|11|133326631
16289|0x3ed6461|12|268055353
16289|0x7ed6461|13|538766907
16289|0xfed6461|14|1080474375
16289|0x1fed6461|15|2155696841
16289|0x1fed6461|16|4313284838
16289|0x1fed6461|17|7619220496
16289|0x9fed6461|18|13605997309
16289|0x9fed6461|19|26962720802
16289|0x9fed6461|20|54049057339
16289|0x9fed6461|21|108278946455
16289|0x9fed6461|22|215664980151
16289|0x9fed6461|23|432512944957
16289|0x9fed6461|24|861627493470
16775|0xb437|1|187474
16775|0x1b437|2|442846
16775|0x1b437|3|984331
16775|0x1b437|4|1993432
16775|0x9b437|5|3857019
16775|0x9b437|6|7892146
16775|0x29b437|7|15774463
16775|0x69b437|8|31338170
16775|0xe9b437|9|62832194
16775|0xe9b437|10|125501514
16775|0x2e9b437|11|251426247
16775|0x2e9b437|12|503580101
16775|0x2e9b437|13|950991130
16775|0x2e9b437|14|1829942115
16775|0x22e9b437|15|4049046807
16775|0x62e9b437|16|6682549959
16775|0xe2e9b437|17|13520958835
16775|0x1e2e9b437|18|27777166815
16775|0x1e2e9b437|19|55938487997
16775|0x5e2e9b437|20|111957923353
16775|0xde2e9b437|21|222391931603
16775|0x1de2e9b437|22|444192892058
16775|0x3de2e9b437|23|885034725752
16775|0x7de2e9b437|24|1766098928840
16899|0xf8ab|1|190028
16899|0x1f8ab|2|443549
16899|0x3f8ab|3|988283
16899|0x3f8ab|4|1995973
16899|0xbf8ab|5|3921150
16899|0xbf8ab|6|8041136
16899|0xbf8ab|7|16067737
16899|0x4bf8ab|8|31979720
16899|0x4bf8ab|9|64094642
16899|0x14bf8ab|10|128037252
16899|0x34bf8ab|11|256192474
16899|0x34bf8ab|12|513083232
16899|0x34bf8ab|13|1025861256
16899|0x34bf8ab|14|1944526388
16899|0x234bf8ab|15|3657268308
16899|0x234bf8ab|16|8086616289
16899|0x234bf8ab|17|16322501809
16899|0x234bf8ab|18|27767002837
16899|0x2234bf8ab|19|55893562873
16899|0x2234bf8ab|20|118887101635
16899|0x2234bf8ab|21|224623481277
16899|0x2234bf8ab|22|446563725859
16899|0x22234bf8ab|23|864509071063
16899|0x22234bf8ab|24|1760708779490
16999|0xb957|1|167485
16999|0x1b957|2|409983
16999|0x3b957|3|973924
16999|0x3b957|4|2020905
16999|0xbb957|5|3869277
16999|0xbb957|6|7913727
16999|0xbb957|7|15885636
16999|0xbb957|8|31849960
16999|0x8bb957|9|63509076
16999|0x8bb957|10|126948726
16999|0x28bb957|11|254348624
16999|0x68bb957|12|508118673
16999|0xe8bb957|13|1014253438
16999|0xe8bb957|14|2019100961
16999|0x2e8bb957|15|4060614465
16999|0x6e8bb957|16|8172527360
16999|0xee8bb957|17|14276582495
16999|0xee8bb957|18|29203213969
16999|0xee8bb957|19|58886079398
16999|0xee8bb957|20|113597462676
16999|0xee8bb957|21|220839990577
16999|0xee8bb957|22|447373441159
16999|0x20ee8bb957|23|864488827162
16999|0x60ee8bb957|24|1761785007402
17115|0xe953|1|168048
17115|0x1e953|2|409033
17115|0x3e953|3|1000336
17115|0x3e953|4|2008217
17115|0x3e953|5|3842116
17115|0x3e953|6|7929760
17115|0x3e953|7|15876883
17115|0x3e953|8|31780161
17115|0x83e953|9|63582681
17115|0x183e953|10|126829888
17115|0x383e953|11|253655037
17115|0x783e953|12|508050032
17115|0x783e953|13|1017161692
17115|0x1783e953|14|1743090799
17115|0x3783e953|15|3600710543
17115|0x3783e953|16|7511922716
17115|0xb783e953|17|15270491564
17115|0x1b783e953|18|27637105971
17115|0x1b783e953|19|61128462404
17115|0x1b783e953|20|111979755913
17115|0x9b783e953|21|223736664544
17115|0x9b783e953|22|444325513945
17115|0x29b783e953|23|865505738745
17115|0x29b783e953|24|1754748774495
17243|0x34d3|1|190778
17243|0x34d3|2|467058
17243|0x234d3|3|873594
17243|0x634d3|4|1907983
17243|0xe34d3|5|4064998
17243|0xe34d3|6|7817220
17243|0x2e34d3|7|15716958
17243|0x6e34d3|8|31781102
17243|0x6e34d3|9|55305063
17243|0x16e34d3|10|126477827
17243|0x36e34d3|11|252966430
17243|0x36e34d3|12|505540842
17243|0x36e34d3|13|1016671943
17243|0x136e34d3|14|2041232843
17243|0x136e34d3|15|4103845647
17243|0x536e34d3|16|7466364038
17243|0xd36e34d3|17|15924647214
17243|0x1d36e34d3|18|27827024061
17243|0x1d36e34d3|19|56143656234
17243|0x5d36e34d3|20|115078635973
17243|0xdd36e34d3|21|223763184084
17243|0xdd36e34d3|22|443691318422
17243|0xdd36e34d3|23|866597622161
17243|0x4dd36e34d3|24|1765371945298
17339|0x973|1|191137
17339|0x973|2|446080
17339|0x973|3|936430
17339|0x973|4|1924094
17339|0x973|5|4057231
17339|0x973|6|7965414
17339|0x973|7|15810642
17339|0x973|8|31850520
17339|0x800973|9|63607791
17339|0x800973|10|127415464
17339|0x800973|11|255220178
17339|0x800973|12|513852473
17339|0x800973|13|1026454901
17339|0x800973|14|2054091948
17339|0x20800973|15|3446062370
17339|0x60800973|16|8205905384
17339|0x60800973|17|14517383565
17339|0x60800973|18|27379851677
17339|0x60800973|19|56813438484
17339|0x60800973|20|110778592947
17339|0x860800973|21|223232825774
17339|0x860800973|22|444583466681
17339|0x2860800973|23|865717238799
17339|0x6860800973|24|1754340038576
17847|0xa807|1|168773
17847|0xa807|2|397503
17847|0x2a807|3|928805
17847|0x2a807|4|1993801
17847|0x2a807|5|3986910
17847|0x12a807|6|7897119
17847|0x32a807|7|15943466
17847|0x32a807|8|31946161
17847|0xb2a807|9|63682195
17847|0x1b2a807|10|127606478
17847|0x3b2a807|11|255707434
17847|0x7b2a807|12|510174492
17847|0xfb2a807|13|1022742912
17847|0xfb2a807|14|2049592008
17847|0x2fb2a807|15|4106376947
17847|0x6fb2a807|16|8191942207
17847|0x6fb2a807|17|16458903885
17847|0x16fb2a807|18|29498743708
17847|0x36fb2a807|19|56395380767
17847|0x36fb2a807|20|111400403779
17847|0x36fb2a807|21|221739282523
17847|0x136fb2a807|22|443615797852
17847|0x136fb2a807|23|865786158322
17847|0x136fb2a807|24|1755513272080
17949|0xac35|1|192036
17949|0xac35|2|469853
17949|0x2ac35|3|994944
17949|0x6ac35|4|1895624
17949|0xeac35|5|3524686
17949|0xeac35|6|7932529
17949|0xeac35|7|15862309
17949|0x4eac35|8|31604107
17949|0x4eac35|9|63345225
17949|0x4eac35|10|126978284
17949|0x4eac35|11|253643920
17949|0x44eac35|12|507413991
17949|0x44eac35|13|1010686007
17949|0x44eac35|14|2021920405
17949|0x44eac35|15|4062963286
17949|0x44eac35|16|8160857165
17949|0x44eac35|17|14659839858
17949|0x44eac35|18|27652010512
17949|0x2044eac35|19|56446812290
17949|0x2044eac35|20|111516462697
17949|0xa044eac35|21|222131888196
17949|0x1a044eac35|22|444808086925
17949|0x3a044eac35|23|867157891830
17949|0x7a044eac35|24|1758651792688
18065|0x3a71|1|193361
18065|0x3a71|2|452192
18065|0x3a71|3|1021179
18065|0x43a71|4|2003560
18065|0x43a71|5|3897949
18065|0x43a71|6|7987803
18065|0x243a71|7|16010422
18065|0x243a71|8|31985742
18065|0xa43a71|9|63678544
18065|0x1a43a71|10|127251290
18065|0x3a43a71|11|254788716
18065|0x3a43a71|12|510148963
18065|0xba43a71|13|1022693350
18065|0xba43a71|14|2050380682
18065|0xba43a71|15|4098935915
18065|0xba43a71|16|7315152766
18065|0x8ba43a71|17|15243269206
18065|0x8ba43a71|18|27968796760
18065|0x28ba43a71|19|56475934957
18065|0x28ba43a71|20|109905235671
18065|0x28ba43a71|21|219881957044
18065|0x28ba43a71|22|442985045176
18065|0x228ba43a71|23|867337063534
18065|0x628ba43a71|24|1755986883735
18187|0xcca3|1|192960
18187|0xcca3|2|452985
18187|0x2cca3|3|946383
18187|0x2cca3|4|1924113
18187|0x2cca3|5|4049660
18187|0x2cca3|6|7975270
18187|0x22cca3|7|15929580
18187|0x62cca3|8|32001138
18187|0x62cca3|9|64124689
18187|0x162cca3|10|127973682
18187|0x362cca3|11|256042505
18187|0x762cca3|12|512158120
18187|0xf62cca3|13|1026447431
18187|0x1f62cca3|14|2034992801
18187|0x1f62cca3|15|4089310285
18187|0x5f62cca3|16|6783885050
18187|0xdf62cca3|17|13468193359
18187|0xdf62cca3|18|30117491565
18187|0x2df62cca3|19|55985466598
18187|0x6df62cca3|20|110167809464
18187|0x6df62cca3|21|223164087060
18187|0x6df62cca3|22|445344825367
18187|0x6df62cca3|23|874781579800
18187|0x46df62cca3|24|1755256670473
18285|0xda65|1|192704
18285|0x1da65|2|455250
18285|0x1da65|3|1020046
18285|0x5da65|4|2013812
18285|0x5da65|5|3871142
18285|0x15da65|6|7982666
18285|0x35da65|7|15985413
18285|0x35da65|8|32218886
18285|0xb5da65|9|64326794
18285|0x1b5da65|10|128826446
18285|0x3b5da65|11|257777963
18285|0x7b5da65|12|515055863
18285|0xfb5da65|13|1030591703
18285|0xfb5da65|14|1892615484
18285|0x2fb5da65|15|3378009563
18285|0x6fb5da65|16|8198953936
18285|0x6fb5da65|17|13562080606
18285|0x16fb5da65|18|28561467330
18285|0x16fb5da65|19|55602202105
18285|0x16fb5da65|20|113085237122
18285|0x96fb5da65|21|223370197101
18285|0x96fb5da65|22|445369970072
18285|0x96fb5da65|23|870425189846
18285|0x96fb5da65|24|1755177771578
18405|0x9ded|1|171532
18405|0x9ded|2|457150
18405|0x29ded|3|1025628
18405|0x69ded|4|2018851
18405|0xe9ded|5|3889670
18405|0xe9ded|6|7966948
18405|0x2e9ded|7|15933101
18405|0x2e9ded|8|31904059
18405|0xae9ded|9|63842495
18405|0xae9ded|10|127733918
18405|0x2ae9ded|11|255306383
18405|0x6ae9ded|12|419364138
18405|0xeae9ded|13|1021592453
18405|0x1eae9ded|14|2043555954
18405|0x3eae9ded|15|4097198333
18405|0x3eae9ded|16|8199288209
18405|0xbeae9ded|17|13761204769
18405|0x1beae9ded|18|28032863386
18405|0x3beae9ded|19|57788631206
18405|0x7beae9ded|20|114132888050
18405|0x7beae9ded|21|217416359132
18405|0x17beae9ded|22|441957019137
18405|0x37beae9ded|23|871019028317
18405|0x77beae9ded|24|1753045306944
18883|0xeeeb|1|210278
18883|0x1eeeb|2|458140
18883|0x3eeeb|3|963444
18883|0x3eeeb|4|1988674
18883|0x3eeeb|5|3882210
18883|0x3eeeb|6|6618152
18883|0x23eeeb|7|16008248
18883|0x23eeeb|8|31999442
18883|0xa3eeeb|9|63878965
18883|0xa3eeeb|10|127840780
18883|0xa3eeeb|11|255745097
18883|0x4a3eeeb|12|511496551
18883|0xca3eeeb|13|1023688517
18883|0xca3eeeb|14|2046791217
18883|0x2ca3eeeb|15|3724764020
18883|0x6ca3eeeb|16|7209820253
18883|0xeca3eeeb|17|14121467699
18883|0x1eca3eeeb|18|31120122524
18883|0x3eca3eeeb|19|56150757597
18883|0x3eca3eeeb|20|111673007302
18883|0xbeca3eeeb|21|228018613703
18883|0x1beca3eeeb|22|446594770243
18883|0x1beca3eeeb|23|869504184988
18883|0x5beca3eeeb|24|1754168116337
18997|0x381d|1|170886
18997|0x381d|2|450939
18997|0x381d|3|963944
18997|0x4381d|4|2023712
18997|0xc381d|5|3890326
18997|0xc381d|6|8018983
18997|0xc381d|7|15991526
18997|0x4c381d|8|31979290
18997|0x4c381d|9|64108292
18997|0x4c381d|10|127861103
18997|0x4c381d|11|256047884
18997|0x4c381d|12|512000270
18997|0x84c381d|13|975109423
18997|0x84c381d|14|1883662401
18997|0x84c381d|15|3786872132
18997|0x484c381d|16|8190786814
18997|0x484c381d|17|13516352422
18997|0x1484c381d|18|29921941885
18997|0x3484c381d|19|55849128647
18997|0x7484c381d|20|110572121219
18997|0xf484c381d|21|219314813422
18997|0x1f484c381d|22|442212361122
18997|0x3f484c381d|23|869173390611
18997|0x3f484c381d|24|1753030367546
19113|0xf999|1|192025
19113|0x1f999|2|459835
19113|0x1f999|3|968100
19113|0x5f999|4|1808992
19113|0xdf999|5|4083366
19113|0xdf999|6|7992475
19113|0x2df999|7|15947797
19113|0x2df999|8|32018286
19113|0xadf999|9|63929313
19113|0x1adf999|10|127997466
19113|0x3adf999|11|256031301
19113|0x3adf999|12|512149498
19113|0xbadf999|13|1023552350
19113|0xbadf999|14|1812420454
19113|0xbadf999|15|4096962512
19113|0xbadf999|16|7430070524
19113|0xbadf999|17|13580782434
19113|0xbadf999|18|28541984548
19113|0xbadf999|19|53634643401
19113|0xbadf999|20|107537809592
19113|0x80badf999|21|221642982155
19113|0x180badf999|22|442630808562
19113|0x180badf999|23|872476268937
19113|0x580badf999|24|1753140788533
19217|0x5f1|1|187698
19217|0x5f1|2|407591
19217|0x205f1|3|853920
19217|0x205f1|4|2014648
19217|0x205f1|5|4045868
19217|0x205f1|6|7895227
19217|0x2205f1|7|16003344
19217|0x2205f1|8|32065898
19217|0x2205f1|9|63920427
19217|0x2205f1|10|128131902
19217|0x22205f1|11|256360639
19217|0x62205f1|12|512362881
19217|0x62205f1|13|1018293152
19217|0x62205f1|14|2048475427
19217|0x262205f1|15|4098540668
19217|0x262205f1|16|6682275319
19217|0xa62205f1|17|13949211815
19217|0x1a62205f1|18|29615336566
19217|0x1a62205f1|19|56024469214
19217|0x1a62205f1|20|114053290145
19217|0x9a62205f1|21|226200512602
19217|0x19a62205f1|22|442119007061
19217|0x39a62205f1|23|868603731636
19217|0x39a62205f1|24|1754120319438
19339|0x8423|1|171425
19339|0x8423|2|431093
19339|0x28423|3|988807
19339|0x68423|4|2007520
19339|0x68423|5|3880999
19339|0x68423|6|7982821
19339|0x68423|7|15976701
19339|0x468423|8|31771154
19339|0x468423|9|63675958
19339|0x1468423|10|112392319
19339|0x3468423|11|239251121
19339|0x3468423|12|512484822
19339|0x3468423|13|1024863571
19339|0x13468423|14|2049520606
19339|0x33468423|15|4080998789
19339|0x33468423|16|8199752998
19339|0xb3468423|17|16289970146
19339|0x1b3468423|18|30140057827
19339|0x3b3468423|19|57163868859
19339|0x3b3468423|20|111432951802
19339|0xbb3468423|21|219290308637
19339|0xbb3468423|22|441520246256
19339|0x2bb3468423|23|871862274265
19339|0x6bb3468423|24|1753046048445
19455|0xb3ff|1|194922
19455|0x1b3ff|2|464785
19455|0x3b3ff|3|1001092
19455|0x7b3ff|4|1931865
19455|0xfb3ff|5|3945714
19455|0xfb3ff|6|7965892
19455|0x2fb3ff|7|15940063
19455|0x6fb3ff|8|31853598
19455|0x6fb3ff|9|71510038
19455|0x16fb3ff|10|128001784
19455|0x16fb3ff|11|256752781
19455|0x16fb3ff|12|513038507
19455|0x96fb3ff|13|1025490536
19455|0x96fb3ff|14|2045631394
19455|0x296fb3ff|15|4100499851
19455|0x296fb3ff|16|7168219714
19455|0x296fb3ff|17|13889757959
19455|0x1296fb3ff|18|27792822823
19455|0x1296fb3ff|19|56030104340
19455|0x5296fb3ff|20|108356210936
19455|0xd296fb3ff|21|219563012536
19455|0xd296fb3ff|22|446280198803
19455|0xd296fb3ff|23|869946845915
19455|0x4d296fb3ff|24|1751361094009
19945|0x5a59|1|193394
19945|0x15a59|2|468678
19945|0x15a59|3|984483
19945|0x15a59|4|1840577
19945|0x95a59|5|4093632
19945|0x195a59|6|8012955
19945|0x195a59|7|15961398
19945|0x595a59|8|32211264
19945|0xd95a59|9|64197779
19945|0xd95a59|10|128337947
19945|0x2d95a59|11|256747505
19945|0x2d95a59|12|513784758
19945|0xad95a59|13|1026969803
19945|0xad95a59|14|2054127479
19945|0xad95a59|15|4108526711
19945|0x4ad95a59|16|8217127278
19945|0xcad95a59|17|16141725062
19945|0xcad95a59|18|28133018851
19945|0xcad95a59|19|53794720855
19945|0x4cad95a59|20|109225381156
19945|0x4cad95a59|21|218788546315
19945|0x4cad95a59|22|441994034233
19945|0x24cad95a59|23|868348320650
19945|0x24cad95a59|24|1754550071989
20065|0xd5a1|1|195869
20065|0xd5a1|2|469798
20065|0xd5a1|3|887525
20065|0xd5a1|4|1976626
20065|0x8d5a1|5|4107498
20065|0x18d5a1|6|7964552
20065|0x18d5a1|7|15940342
20065|0x18d5a1|8|32157431
20065|0x98d5a1|9|64162642
20065|0x198d5a1|10|127974101
20065|0x198d5a1|11|256416075
20065|0x598d5a1|12|513131419
20065|0x598d5a1|13|1025717188
20065|0x1598d5a1|14|1892231280
20065|0x1598d5a1|15|3495282624
20065|0x5598d5a1|16|6801624911
20065|0x5598d5a1|17|14799113296
20065|0x15598d5a1|18|27347840696
20065|0x35598d5a1|19|54790226676
20065|0x35598d5a1|20|108833155597
20065|0xb5598d5a1|21|217501052139
20065|0xb5598d5a1|22|441233149766
20065|0x2b5598d5a1|23|869075466885
20065|0x2b5598d5a1|24|1754366324049
20167|0x12f7|1|193747
20167|0x12f7|2|468399
20167|0x212f7|3|967914
20167|0x612f7|4|2006554
20167|0x612f7|5|3888338
20167|0x612f7|6|8007243
20167|0x612f7|7|16061683
20167|0x612f7|8|32006999
20167|0x8612f7|9|64281354
20167|0x8612f7|10|128746320
20167|0x28612f7|11|256737072
20167|0x28612f7|12|514060735
20167|0x28612f7|13|1027444607
20167|0x128612f7|14|2055936489
20167|0x128612f7|15|4110998407
20167|0x528612f7|16|6733448737
20167|0x528612f7|17|16442265860
20167|0x1528612f7|18|28075362412
20167|0x1528612f7|19|55700327770
20167|0x5528612f7|20|108404343209
20167|0xd528612f7|21|218089545391
20167|0xd528612f7|22|445293087574
20167|0xd528612f7|23|868550274616
20167|0xd528612f7|24|1750587063298
20285|0x8015|1|194146
20285|0x18015|2|459785
20285|0x38015|3|889332
20285|0x78015|4|1930060
20285|0x78015|5|4071938
20285|0x178015|6|7896108
20285|0x378015|7|15969260
20285|0x778015|8|32185684
20285|0x778015|9|64392553
20285|0x1778015|10|128451530
20285|0x3778015|11|256988479
20285|0x7778015|12|429701120
20285|0xf778015|13|1028498854
20285|0x1f778015|14|2057013740
20285|0x3f778015|15|4113565265
20285|0x3f778015|16|8228035744
20285|0x3f778015|17|16130415412
20285|0x13f778015|18|28524038996
20285|0x33f778015|19|56043733432
20285|0x73f778015|20|111161299795
20285|0x73f778015|21|235522354163
20285|0x173f778015|22|443641724234
20285|0x373f778015|23|873203168408
20285|0x773f778015|24|1751323918382
20397|0xec25|1|196593
20397|0x1ec25|2|472567
20397|0x1ec25|3|992659
20397|0x5ec25|4|1996461
20397|0x5ec25|5|3923099
20397|0x5ec25|6|8062387
20397|0x25ec25|7|16093305
20397|0x25ec25|8|32085761
20397|0xa5ec25|9|64243459
20397|0xa5ec25|10|128711689
20397|0xa5ec25|11|257128062
20397|0x4a5ec25|12|514346427
20397|0xca5ec25|13|1028616775
20397|0xca5ec25|14|2059312846
20397|0xca5ec25|15|4115307902
20397|0x4ca5ec25|16|8229818909
20397|0x4ca5ec25|17|13991843097
20397|0x14ca5ec25|18|28204445533
20397|0x14ca5ec25|19|55981660700
20397|0x14ca5ec25|20|111463069970
20397|0x94ca5ec25|21|227617947538
20397|0x194ca5ec25|22|442751712618
20397|0x194ca5ec25|23|873363884159
20397|0x594ca5ec25|24|1752151241999
20877|0x5945|1|197728
20877|0x5945|2|489139
20877|0x5945|3|901864
20877|0x5945|4|1863069
20877|0x5945|5|4113751
20877|0x105945|6|7831545
20877|0x105945|7|15878035
20877|0x505945|8|31816068
20877|0xd05945|9|63802557
20877|0x1d05945|10|127499539
20877|0x1d05945|11|255510105
20877|0x5d05945|12|510308747
20877|0x5d05945|13|1021022222
20877|0x5d05945|14|2041710225
20877|0x25d05945|15|4083826864
20877|0x65d05945|16|7369859728
20877|0x65d05945|17|13736226155
20877|0x165d05945|18|26864116161
20877|0x165d05945|19|55875129155
20877|0x565d05945|20|111177862537
20877|0x565d05945|21|222750609878
20877|0x1565d05945|22|461645442149
20877|0x1565d05945|23|897324155186
20877|0x1565d05945|24|1787168079255
20999|0x7bb7|1|186233
20999|0x7bb7|2|477391
20999|0x7bb7|3|1004364
20999|0x47bb7|4|1985168
20999|0x47bb7|5|3861533
20999|0x47bb7|6|7704330
20999|0x47bb7|7|15737990
20999|0x447bb7|8|31588092
20999|0xc47bb7|9|62984720
20999|0x1c47bb7|10|125906942
20999|0x1c47bb7|11|251978588
20999|0x5c47bb7|12|503629192
20999|0xdc47bb7|13|1006997632
20999|0x1dc47bb7|14|2015219280
20999|0x1dc47bb7|15|4029923693
20999|0x5dc47bb7|16|7739578423
20999|0xddc47bb7|17|14255238305
20999|0x1ddc47bb7|18|27373586181
20999|0x3ddc47bb7|19|58231876742
20999|0x7ddc47bb7|20|112430410610
20999|0x7ddc47bb7|21|218370089957
20999|0x7ddc47bb7|22|450225651138
20999|0x7ddc47bb7|23|868871349948
20999|0x47ddc47bb7|24|1751205244786
21115|0xbcb3|1|174575
21115|0xbcb3|2|421131
21115|0xbcb3|3|932247
21115|0x4bcb3|4|2024688
21115|0xcbcb3|5|3790922
21115|0x1cbcb3|6|7847050
21115|0x1cbcb3|7|15666274
21115|0x5cbcb3|8|31514127
21115|0x5cbcb3|9|63039500
21115|0x15cbcb3|10|125631358
21115|0x15cbcb3|11|251343521
21115|0x55cbcb3|12|502729234
21115|0xd5cbcb3|13|1005457630
21115|0xd5cbcb3|14|1768449333
21115|0x2d5cbcb3|15|3324855624
21115|0x2d5cbcb3|16|6532431224
21115|0xad5cbcb3|17|13296599508
21115|0x1ad5cbcb3|18|27228979909
21115|0x3ad5cbcb3|19|54671347097
21115|0x7ad5cbcb3|20|108102453843
21115|0xfad5cbcb3|21|219509314432
21115|0x1fad5cbcb3|22|439949279444
21115|0x1fad5cbcb3|23|875904890453
21115|0x5fad5cbcb3|24|1750264122988
21223|0xa0d7|1|212630
21223|0xa0d7|2|731390
21223|0x2a0d7|3|916354
21223|0x6a0d7|4|1868347
21223|0x6a0d7|5|3887207
21223|0x6a0d7|6|7922826
21223|0x6a0d7|7|15719289
21223|0x6a0d7|8|31436820
21223|0x86a0d7|9|62998064
21223|0x186a0d7|10|125919105
21223|0x186a0d7|11|252114288
21223|0x186a0d7|12|504023924
21223|0x186a0d7|13|1008431353
21223|0x186a0d7|14|1760238519
21223|0x186a0d7|15|3630494638
21223|0x186a0d7|16|6647267178
21223|0x8186a0d7|17|13326322522
21223|0x8186a0d7|18|27230323924
21223|0x28186a0d7|19|54629415690
21223|0x28186a0d7|20|116486975864
21223|0x28186a0d7|21|218177554941
21223|0x28186a0d7|22|440572867198
21223|0x28186a0d7|23|868716405579
21223|0x428186a0d7|24|1751928323792
21337|0xc4e9|1|172647
21337|0xc4e9|2|422714
21337|0xc4e9|3|957273
21337|0x4c4e9|4|2033183
21337|0x4c4e9|5|3865678
21337|0x4c4e9|6|7914737
21337|0x4c4e9|7|15681399
21337|0x4c4e9|8|31462716
21337|0x84c4e9|9|63095315
21337|0x84c4e9|10|126026610
21337|0x284c4e9|11|252045253
21337|0x684c4e9|12|504414696
21337|0x684c4e9|13|1009127562
21337|0x1684c4e9|14|2017599111
21337|0x3684c4e9|15|3665275669
21337|0x3684c4e9|16|8053198061
21337|0x3684c4e9|17|14374691960
21337|0x3684c4e9|18|27415105015
21337|0x3684c4e9|19|52548694859
21337|0x3684c4e9|20|110526669190
21337|0x3684c4e9|21|217037145170
21337|0x3684c4e9|22|438015191620
21337|0x3684c4e9|23|871399352191
21337|0x403684c4e9|24|1753546572921
21445|0xb30d|1|198198
21445|0x1b30d|2|510001
21445|0x1b30d|3|1012949
21445|0x5b30d|4|2037193
21445|0x5b30d|5|3846005
21445|0x15b30d|6|7897547
21445|0x15b30d|7|15779840
21445|0x55b30d|8|31926278
21445|0x55b30d|9|63538214
21445|0x155b30d|10|127127425
21445|0x155b30d|11|254232492
21445|0x155b30d|12|507615624
21445|0x155b30d|13|1002830865
21445|0x1155b30d|14|2017848386
21445|0x3155b30d|15|3488142145
21445|0x7155b30d|16|7376034562
21445|0x7155b30d|17|13656798002
21445|0x7155b30d|18|26845617426
21445|0x27155b30d|19|60777587195
21445|0x27155b30d|20|109458496334
21445|0x27155b30d|21|222110222403
21445|0x27155b30d|22|441852770200
21445|0x227155b30d|23|869395625704
21445|0x627155b30d|24|1750260398028
21923|0x860b|1|173478
21923|0x1860b|2|372408
21923|0x3860b|3|923064
21923|0x3860b|4|2012081
21923|0x3860b|5|3834732
21923|0x3860b|6|7829748
21923|0x3860b|7|15693521
21923|0x43860b|8|31537198
21923|0xc3860b|9|63345393
21923|0xc3860b|10|126295924
21923|0xc3860b|11|252553272
21923|0xc3860b|12|505387788
21923|0x8c3860b|13|884368344
21923|0x8c3860b|14|2021241001
21923|0x8c3860b|15|3644840417
21923|0x8c3860b|16|6529167800
21923|0x88c3860b|17|15097142677
21923|0x88c3860b|18|29691336303
21923|0x88c3860b|19|55804799708
21923|0x88c3860b|20|120920315952
21923|0x88c3860b|21|220777418888
21923|0x88c3860b|22|444247467356
21923|0x88c3860b|23|870201328834
21923|0x4088c3860b|24|1750718226744
22039|0x41a7|1|199511
22039|0x41a7|2|425884
22039|0x41a7|3|963780
22039|0x441a7|4|1984266
22039|0x441a7|5|3927976
22039|0x1441a7|6|7957049
22039|0x3441a7|7|15956239
22039|0x7441a7|8|31799374
22039|0xf441a7|9|63667995
22039|0xf441a7|10|127399213
22039|0xf441a7|11|254933736
22039|0x4f441a7|12|509837098
22039|0x4f441a7|13|1011187844
22039|0x4f441a7|14|2022223709
22039|0x4f441a7|15|4045079919
22039|0x4f441a7|16|8089495494
22039|0x84f441a7|17|15494952560
22039|0x84f441a7|18|27020768780
22039|0x284f441a7|19|54389386931
22039|0x684f441a7|20|108193272200
22039|0x684f441a7|21|225407093316
22039|0x684f441a7|22|440624018737
22039|0x684f441a7|23|871593048989
22039|0x4684f441a7|24|1751025897389
22143|0x697f|1|199679
22143|0x1697f|2|426385
22143|0x1697f|3|965370
22143|0x5697f|4|1918096
22143|0x5697f|5|3996918
22143|0x5697f|6|7800041
22143|0x25697f|7|15762475
22143|0x25697f|8|31708606
22143|0x25697f|9|63088617
22143|0x25697f|10|126287037
22143|0x25697f|11|252645785
22143|0x425697f|12|506106149
22143|0x425697f|13|1011470594
22143|0x425697f|14|2023302963
22143|0x2425697f|15|4046308826
22143|0x2425697f|16|8092638263
22143|0xa425697f|17|14062585180
22143|0xa425697f|18|28175449343
22143|0x2a425697f|19|55120660665
22143|0x6a425697f|20|108284360328
22143|0x6a425697f|21|219194082053
22143|0x16a425697f|22|441057963598
22143|0x36a425697f|23|870156009919
22143|0x76a425697f|24|1749767353054
22259|0xb23b|1|200212
22259|0x1b23b|2|426981
22259|0x1b23b|3|900468
22259|0x5b23b|4|1844421
22259|0xdb23b|5|3935491
22259|0xdb23b|6|7969200
22259|0x2db23b|7|15868365
22259|0x6db23b|8|31542110
22259|0x6db23b|9|63121635
22259|0x6db23b|10|126425888
22259|0x26db23b|11|253045524
22259|0x26db23b|12|506179364
22259|0xa6db23b|13|1011948567
22259|0xa6db23b|14|1803739303
22259|0xa6db23b|15|4048441219
22259|0x4a6db23b|16|8095888501
22259|0xca6db23b|17|15195876801
22259|0x1ca6db23b|18|27108171099
22259|0x1ca6db23b|19|54038906703
22259|0x5ca6db23b|20|109273205742
22259|0x5ca6db23b|21|218324055577
22259|0x5ca6db23b|22|446290221610
22259|0x5ca6db23b|23|868253131119
22259|0x5ca6db23b|24|1749706094382
22375|0xd457|1|208037
22375|0x1d457|2|376313
22375|0x3d457|3|853154
22375|0x7d457|4|1979394
22375|0x7d457|5|3898886
22375|0x17d457|6|8078936
22375|0x17d457|7|15925886
22375|0x57d457|8|31910117
22375|0xd7d457|9|63652222
22375|0xd7d457|10|127520301
22375|0xd7d457|11|255542017
22375|0xd7d457|12|510536906
22375|0xd7d457|13|926150979
22375|0x10d7d457|14|1709230917
22375|0x30d7d457|15|3650384320
22375|0x30d7d457|16|8004011922
22375|0x30d7d457|17|13431839847
22375|0x130d7d457|18|27046709387
22375|0x130d7d457|19|54408348542
22375|0x530d7d457|20|107455801265
22375|0x530d7d457|21|217920228012
22375|0x1530d7d457|22|443030587545
22375|0x3530d7d457|23|872371088689
22375|0x3530d7d457|24|1749758123665
22477|0x6d05|1|200586
22477|0x6d05|2|452399
22477|0x6d05|3|971372
22477|0x46d05|4|2016136
22477|0xc6d05|5|3881980
22477|0xc6d05|6|8045584
22477|0xc6d05|7|16052612
22477|0xc6d05|8|32132801
22477|0xc6d05|9|64360003
22477|0x10c6d05|10|128492015
22477|0x10c6d05|11|256935175
22477|0x10c6d05|12|514019898
22477|0x10c6d05|13|1028467218
22477|0x110c6d05|14|2019791722
22477|0x310c6d05|15|3478770944
22477|0x310c6d05|16|6683860738
22477|0xb10c6d05|17|13612284123
22477|0x1b10c6d05|18|26623626273
22477|0x3b10c6d05|19|54282642732
22477|0x3b10c6d05|20|109763413599
22477|0x3b10c6d05|21|231567033480
22477|0x3b10c6d05|22|441027288755
22477|0x23b10c6d05|23|871500539443
22477|0x63b10c6d05|24|1753196436158
22955|0xd903|1|215364
22955|0x1d903|2|431071
22955|0x3d903|3|899543
22955|0x7d903|4|1913678
22955|0x7d903|5|3957088
22955|0x17d903|6|7986184
22955|0x37d903|7|15932268
22955|0x77d903|8|32699434
22955|0xf7d903|9|51520566
22955|0xf7d903|10|127686414
22955|0xf7d903|11|255684614
22955|0xf7d903|12|511740526
22955|0xf7d903|13|875440687
22955|0x10f7d903|14|2046224548
22955|0x10f7d903|15|4101291709
22955|0x10f7d903|16|8151443447
22955|0x90f7d903|17|16233436873
22955|0x190f7d903|18|26739471089
22955|0x390f7d903|19|53509608321
22955|0x390f7d903|20|108440489090
22955|0xb90f7d903|21|218076977064
22955|0xb90f7d903|22|443106758577
22955|0x2b90f7d903|23|870459952428
22955|0x2b90f7d903|24|1747817296452
23069|0x3835|1|175348
23069|0x13835|2|429447
23069|0x33835|3|980592
23069|0x33835|4|2059902
23069|0x33835|5|3877186
23069|0x33835|6|8059460
23069|0x233835|7|16127537
23069|0x633835|8|32085513
23069|0x633835|9|64525744
23069|0x1633835|10|128752379
23069|0x3633835|11|257316279
23069|0x7633835|12|481829061
23069|0xf633835|13|1030542840
23069|0xf633835|14|1760612146
23069|0x2f633835|15|3991816741
23069|0x6f633835|16|8217986930
23069|0xef633835|17|13685596843
23069|0xef633835|18|27732727085
23069|0xef633835|19|54224470773
23069|0x4ef633835|20|108105979141
23069|0xcef633835|21|219944591358
23069|0xcef633835|22|445110763092
23069|0x2cef633835|23|864886477676
23069|0x6cef633835|24|1745757475195
23177|0x3bb9|1|202149
23177|0x13bb9|2|432425
23177|0x13bb9|3|999495
23177|0x13bb9|4|2041852
23177|0x93bb9|5|3922309
23177|0x193bb9|6|8109669
23177|0x193bb9|7|16237919
23177|0x193bb9|8|32294023
23177|0x993bb9|9|64845887
23177|0x1993bb9|10|129652446
23177|0x3993bb9|11|259789208
23177|0x7993bb9|12|519815509
23177|0x7993bb9|13|1039757148
23177|0x17993bb9|14|1730908867
23177|0x17993bb9|15|3824583753
23177|0x17993bb9|16|8225698583
23177|0x97993bb9|17|13906046498
23177|0x197993bb9|18|26962763993
23177|0x397993bb9|19|53975057979
23177|0x397993bb9|20|108133500707
23177|0xb97993bb9|21|218155781896
23177|0xb97993bb9|22|447771850321
23177|0xb97993bb9|23|868111834582
23177|0xb97993bb9|24|1745443484243
23295|0xa4ff|1|178171
23295|0xa4ff|2|381167
23295|0x2a4ff|3|991604
23295|0x6a4ff|4|2045768
23295|0x6a4ff|5|3966856
23295|0x6a4ff|6|8092037
23295|0x26a4ff|7|16270416
23295|0x26a4ff|8|32548895
23295|0xa6a4ff|9|65207096
23295|0xa6a4ff|10|129737765
23295|0xa6a4ff|11|259719555
23295|0x4a6a4ff|12|505825361
23295|0xca6a4ff|13|1039428956
23295|0x1ca6a4ff|14|2079099700
23295|0x3ca6a4ff|15|3468141444
23295|0x3ca6a4ff|16|6949610657
23295|0x3ca6a4ff|17|13700387200
23295|0x13ca6a4ff|18|26966866544
23295|0x33ca6a4ff|19|53895927095
23295|0x73ca6a4ff|20|108344916141
23295|0xf3ca6a4ff|21|218431444035
23295|0xf3ca6a4ff|22|450422413206
23295|0xf3ca6a4ff|23|868839829837
23295|0xf3ca6a4ff|24|1747032939765
23397|0x5e6d|1|199476
23397|0x5e6d|2|433494
23397|0x25e6d|3|1004109
23397|0x25e6d|4|1931438
23397|0x25e6d|5|4052733
23397|0x25e6d|6|8097148
23397|0x25e6d|7|16191077
23397|0x25e6d|8|32469495
23397|0x825e6d|9|64812410
23397|0x1825e6d|10|130166796
23397|0x1825e6d|11|259979735
23397|0x1825e6d|12|519848942
23397|0x1825e6d|13|1020408562
23397|0x11825e6d|14|2079874612
23397|0x11825e6d|15|4175650989
23397|0x51825e6d|16|8319062723
23397|0xd1825e6d|17|14341477562
23397|0xd1825e6d|18|30178694884
23397|0xd1825e6d|19|54919602260
23397|0x4d1825e6d|20|108053714480
23397|0x4d1825e6d|21|218585229272
23397|0x4d1825e6d|22|440857842509
23397|0x24d1825e6d|23|869241396694
23397|0x24d1825e6d|24|1746561020187
23513|0x7469|1|202190
23513|0x7469|2|434028
23513|0x7469|3|988197
23513|0x47469|4|1905721
23513|0xc7469|5|4080227
23513|0x1c7469|6|8117429
23513|0x1c7469|7|16169937
23513|0x1c7469|8|30782984
23513|0x9c7469|9|64878825
23513|0x9c7469|10|122498727
23513|0x29c7469|11|259722645
23513|0x69c7469|12|520620647
23513|0xe9c7469|13|1008510600
23513|0xe9c7469|14|1909784233
23513|0xe9c7469|15|3521792034
23513|0xe9c7469|16|6714730190
23513|0xe9c7469|17|13624207986
23513|0xe9c7469|18|26940947351
23513|0x20e9c7469|19|55569583045
23513|0x20e9c7469|20|108170326962
23513|0x20e9c7469|21|217296857265
23513|0x120e9c7469|22|441903400294
23513|0x120e9c7469|23|867019451125
23513|0x120e9c7469|24|1745230729520
24011|0xdfe3|1|203139
24011|0x1dfe3|2|436713
24011|0x3dfe3|3|996052
24011|0x3dfe3|4|2020182
24011|0xbdfe3|5|3930547
24011|0xbdfe3|6|8110523
24011|0xbdfe3|7|16305317
24011|0x4bdfe3|8|32419083
24011|0xcbdfe3|9|65061207
24011|0xcbdfe3|10|130146151
24011|0x2cbdfe3|11|260511285
24011|0x2cbdfe3|12|521183045
24011|0xacbdfe3|13|881879792
24011|0xacbdfe3|14|1840654963
24011|0x2acbdfe3|15|3623990209
24011|0x2acbdfe3|16|8336006957
24011|0x2acbdfe3|17|16671084194
24011|0x2acbdfe3|18|27293333892
24011|0x22acbdfe3|19|53917638205
24011|0x62acbdfe3|20|107177874462
24011|0x62acbdfe3|21|219296855467
24011|0x162acbdfe3|22|438052390920
24011|0x362acbdfe3|23|865897864394
24011|0x362acbdfe3|24|1757311464833
24113|0x3ad1|1|203531
24113|0x3ad1|2|437424
24113|0x3ad1|3|998017
24113|0x43ad1|4|2009948
24113|0xc3ad1|5|3947849
24113|0x1c3ad1|6|8147297
24113|0x1c3ad1|7|16313284
24113|0x1c3ad1|8|32453317
24113|0x1c3ad1|9|65083271
24113|0x11c3ad1|10|130144495
24113|0x11c3ad1|11|260438510
24113|0x51c3ad1|12|521665094
24113|0xd1c3ad1|13|1006427214
24113|0xd1c3ad1|14|1847603380
24113|0x2d1c3ad1|15|4169816880
24113|0x2d1c3ad1|16|7652265078
24113|0x2d1c3ad1|17|13744894330
24113|0x12d1c3ad1|18|27237221321
24113|0x32d1c3ad1|19|54255537569
24113|0x72d1c3ad1|20|107689507842
24113|0x72d1c3ad1|21|219263678258
24113|0x172d1c3ad1|22|439685395072
24113|0x172d1c3ad1|23|867220986322
24113|0x172d1c3ad1|24|1742869760276
24229|0x592d|1|179802
24229|0x592d|2|385520
24229|0x592d|3|954759
24229|0x592d|4|2039140
24229|0x8592d|5|4011956
24229|0x8592d|6|8083318
24229|0x28592d|7|16336314
24229|0x68592d|8|32774849
24229|0x68592d|9|65122382
24229|0x68592d|10|130131687
24229|0x68592d|11|260606374
24229|0x468592d|12|521393224
24229|0xc68592d|13|1043043136
24229|0x1c68592d|14|2007137029
24229|0x3c68592d|15|4171632380
24229|0x7c68592d|16|7445459924
24229|0xfc68592d|17|16685440204
24229|0x1fc68592d|18|31972431876
24229|0x3fc68592d|19|53845869856
24229|0x3fc68592d|20|107041257880
24229|0x3fc68592d|21|216829024730
24229|0x3fc68592d|22|447904220910
24229|0x3fc68592d|23|872175382252
24229|0x43fc68592d|24|1746148304200
24345|0x8d29|1|179373
24345|0x8d29|2|418765
24345|0x8d29|3|1001749
24345|0x8d29|4|2038458
24345|0x8d29|5|3947555
24345|0x108d29|6|8191607
24345|0x108d29|7|16357332
24345|0x108d29|8|32629105
24345|0x108d29|9|61302743
24345|0x108d29|10|130328252
24345|0x2108d29|11|260562171
24345|0x2108d29|12|521386683
24345|0xa108d29|13|1007953264
24345|0xa108d29|14|1938783950
24345|0x2a108d29|15|3800346675
24345|0x6a108d29|16|8345727223
24345|0xea108d29|17|14341477748
24345|0x1ea108d29|18|28165234307
24345|0x1ea108d29|19|53341873872
24345|0x5ea108d29|20|107362997212
24345|0x5ea108d29|21|218023318988
24345|0x15ea108d29|22|443350892416
24345|0x15ea108d29|23|868766310140
24345|0x15ea108d29|24|1746509441979
24455|0x3637|1|204096
24455|0x13637|2|439229
24455|0x33637|3|1003671
24455|0x33637|4|2036303
24455|0x33637|5|3948880
24455|0x133637|6|8086354
24455|0x133637|7|16274174
24455|0x533637|8|32518569
24455|0x533637|9|65235951
24455|0x1533637|10|130343733
24455|0x1533637|11|260826582
24455|0x5533637|12|521613505
24455|0x5533637|13|1043215665
24455|0x15533637|14|2088921831
24455|0x35533637|15|4173922842
24455|0x35533637|16|7267035626
24455|0x35533637|17|15579455551
24455|0x35533637|18|30699172031
24455|0x235533637|19|55259183466
24455|0x635533637|20|108410780457
24455|0x635533637|21|217423358858
24455|0x1635533637|22|440697032134
24455|0x1635533637|23|866727140311
24455|0x1635533637|24|1745721843413
24571|0xd333|1|204299
24571|0x1d333|2|438420
24571|0x3d333|3|884836
24571|0x3d333|4|2008732
24571|0x3d333|5|4143067
24571|0x3d333|6|8065160
24571|0x23d333|7|16291801
24571|0x23d333|8|28316467
24571|0xa3d333|9|54145539
24571|0xa3d333|10|130232053
24571|0xa3d333|11|261027040
24571|0x4a3d333|12|522003029
24571|0xca3d333|13|1044212321
24571|0x1ca3d333|14|1738626921
24571|0x3ca3d333|15|4176294841
24571|0x7ca3d333|16|8352955102
24571|0x7ca3d333|17|16706225510
24571|0x17ca3d333|18|26749045501
24571|0x37ca3d333|19|57891291327
24571|0x77ca3d333|20|106548963228
24571|0xf7ca3d333|21|216755868217
24571|0x1f7ca3d333|22|439292419088
24571|0x3f7ca3d333|23|865433329586
24571|0x3f7ca3d333|24|1745857038771
25045|0xcf7d|1|206771
25045|0x1cf7d|2|442422
25045|0x1cf7d|3|1013211
25045|0x1cf7d|4|2061400
25045|0x1cf7d|5|3948166
25045|0x1cf7d|6|8147382
25045|0x21cf7d|7|16324979
25045|0x61cf7d|8|32552760
25045|0x61cf7d|9|65312875
25045|0x161cf7d|10|130736723
25045|0x361cf7d|11|261426788
25045|0x361cf7d|12|522823216
25045|0x361cf7d|13|1045787228
25045|0x361cf7d|14|1998368339
25045|0x2361cf7d|15|4187681927
25045|0x2361cf7d|16|8366067039
25045|0xa361cf7d|17|16733326002
25045|0xa361cf7d|18|29200085456
25045|0xa361cf7d|19|53225787714
25045|0xa361cf7d|20|106336841512
25045|0xa361cf7d|21|218325095874
25045|0x10a361cf7d|22|449424121851
25045|0x10a361cf7d|23|888733323849
25045|0x50a361cf7d|24|1747343248511
25163|0xd763|1|205407
25163|0x1d763|2|443256
25163|0x3d763|3|1042800
25163|0x7d763|4|1882976
25163|0x7d763|5|4141418
25163|0x7d763|6|8152291
25163|0x7d763|7|16395588
25163|0x47d763|8|33004372
25163|0xc7d763|9|65908788
25163|0x1c7d763|10|131705830
25163|0x3c7d763|11|263667485
25163|0x7c7d763|12|527763785
25163|0xfc7d763|13|940704196
25163|0xfc7d763|14|2110032896
25163|0x2fc7d763|15|3516015485
25163|0x2fc7d763|16|8325858585
25163|0xafc7d763|17|16721985616
25163|0xafc7d763|18|30523602098
25163|0x2afc7d763|19|53795517885
25163|0x6afc7d763|20|108973873328
25163|0x6afc7d763|21|217067777089
25163|0x6afc7d763|22|444015561607
25163|0x6afc7d763|23|867272919144
25163|0x46afc7d763|24|1744658082797
25281|0x2d41|1|181404
25281|0x12d41|2|403943
25281|0x32d41|3|1001960
25281|0x32d41|4|2049471
25281|0xb2d41|5|4133887
25281|0xb2d41|6|8174062
25281|0xb2d41|7|16382709
25281|0x4b2d41|8|33013467
25281|0x4b2d41|9|65830809
25281|0x4b2d41|10|131852948
25281|0x4b2d41|11|264356321
25281|0x4b2d41|12|527854578
25281|0x4b2d41|13|1055280368
25281|0x4b2d41|14|2110816100
25281|0x4b2d41|15|4198414289
25281|0x4b2d41|16|8423046074
25281|0x4b2d41|17|13889351151
25281|0x1004b2d41|18|29532698750
25281|0x3004b2d41|19|55315811960
25281|0x3004b2d41|20|111800527909
25281|0x3004b2d41|21|217665291198
25281|0x3004b2d41|22|439773739149
25281|0x23004b2d41|23|866695239343
25281|0x23004b2d41|24|1743815889289
25389|0xe4a5|1|205904
25389|0xe4a5|2|444300
25389|0xe4a5|3|1034277
25389|0x4e4a5|4|2053363
25389|0xce4a5|5|4143920
25389|0x1ce4a5|6|8213490
25389|0x1ce4a5|7|16434010
25389|0x1ce4a5|8|33074608
25389|0x9ce4a5|9|65888847
25389|0x9ce4a5|10|131836547
25389|0x9ce4a5|11|263995756
25389|0x9ce4a5|12|527962628
25389|0x89ce4a5|13|863818337
25389|0x189ce4a5|14|1992233502
25389|0x189ce4a5|15|3416486149
25389|0x189ce4a5|16|6793923638
25389|0x189ce4a5|17|13408804399
25389|0x1189ce4a5|18|27350006453
25389|0x3189ce4a5|19|55145233530
25389|0x3189ce4a5|20|107365594020
25389|0x3189ce4a5|21|217513649544
25389|0x13189ce4a5|22|452655886953
25389|0x33189ce4a5|23|881515781823
25389|0x33189ce4a5|24|1745021079705
25499|0x4a93|1|206023
25499|0x4a93|2|444628
25499|0x4a93|3|1020884
25499|0x44a93|4|1933262
25499|0x44a93|5|4143942
25499|0x144a93|6|8246604
25499|0x344a93|7|16430374
25499|0x344a93|8|30760772
25499|0xb44a93|9|66078351
25499|0xb44a93|10|131733688
25499|0x2b44a93|11|264133446
25499|0x6b44a93|12|528272995
25499|0xeb44a93|13|1055742316
25499|0xeb44a93|14|2095932487
25499|0x2eb44a93|15|4225329857
25499|0x2eb44a93|16|6848192638
25499|0x2eb44a93|17|14204200015
25499|0x2eb44a93|18|26536142852
25499|0x2eb44a93|19|53540895186
25499|0x42eb44a93|20|106998233092
25499|0xc2eb44a93|21|219155442603
25499|0x1c2eb44a93|22|439208195072
25499|0x3c2eb44a93|23|866243100046
25499|0x3c2eb44a93|24|1743149399582
25971|0x47bb|1|204319
25971|0x147bb|2|447322
25971|0x147bb|3|940300
25971|0x147bb|4|1994102
25971|0x147bb|5|4175625
25971|0x147bb|6|8235133
25971|0x2147bb|7|16462778
25971|0x6147bb|8|33127309
25971|0x6147bb|9|65909473
25971|0x16147bb|10|132192396
25971|0x16147bb|11|264532727
25971|0x16147bb|12|528833834
25971|0x16147bb|13|1057476504
25971|0x16147bb|14|2116015919
25971|0x16147bb|15|3471472645
25971|0x16147bb|16|8453605561
25971|0x16147bb|17|14102818686
25971|0x16147bb|18|27254939326
25971|0x16147bb|19|55015989770
25971|0x4016147bb|20|107422911068
25971|0xc016147bb|21|228683753398
25971|0x1c016147bb|22|436546168619
25971|0x3c016147bb|23|871782540469
25971|0x3c016147bb|24|1742050131274
26087|0xddd7|1|206622
26087|0xddd7|2|445792
26087|0x2ddd7|3|1023625
26087|0x6ddd7|4|1951370
26087|0xeddd7|5|4189958
26087|0x1eddd7|6|8244075
26087|0x3eddd7|7|14408185
26087|0x7eddd7|8|32920303
26087|0x7eddd7|9|65981012
26087|0x7eddd7|10|132181728
26087|0x7eddd7|11|264352831
26087|0x7eddd7|12|529397015
26087|0x7eddd7|13|1058813945
26087|0x7eddd7|14|1722633402
26087|0x7eddd7|15|3368674685
26087|0x7eddd7|16|8467943421
26087|0x807eddd7|17|16935875648
26087|0x807eddd7|18|28196996549
26087|0x2807eddd7|19|54764818962
26087|0x6807eddd7|20|111395935974
26087|0x6807eddd7|21|217260765375
26087|0x16807eddd7|22|439405816303
26087|0x16807eddd7|23|873620368102
26087|0x16807eddd7|24|1741076136231
26201|0x81e9|1|207684
26201|0x81e9|2|446203
26201|0x81e9|3|1029985
26201|0x81e9|4|2100879
26201|0x81e9|5|4004091
26201|0x1081e9|6|8230671
26201|0x1081e9|7|16443280
26201|0x1081e9|8|32735216
26201|0x9081e9|9|65600871
26201|0x9081e9|10|131199116
26201|0x29081e9|11|262158579
26201|0x29081e9|12|525048824
26201|0xa9081e9|13|1050065255
26201|0xa9081e9|14|1990105818
26201|0xa9081e9|15|3937140398
26201|0x4a9081e9|16|7826713702
26201|0xca9081e9|17|16085429843
26201|0xca9081e9|18|27663689527
26201|0xca9081e9|19|57092183710
26201|0x4ca9081e9|20|106835504585
26201|0x4ca9081e9|21|216761805513
26201|0x4ca9081e9|22|441893763262
26201|0x24ca9081e9|23|870858975851
26201|0x24ca9081e9|24|1740132747234
26305|0x2941|1|207867
26305|0x12941|2|471220
26305|0x12941|3|960097
26305|0x12941|4|1910574
26305|0x12941|5|4054181
26305|0x112941|6|8140536
26305|0x312941|7|16252561
26305|0x312941|8|32763313
26305|0xb12941|9|65564034
26305|0xb12941|10|131196025
26305|0xb12941|11|262675914
26305|0x4b12941|12|525961326
26305|0x4b12941|13|1049726591
26305|0x4b12941|14|2101028132
26305|0x24b12941|15|4190937010
26305|0x64b12941|16|8401225626
26305|0xe4b12941|17|15639480130
26305|0x1e4b12941|18|27743691858
26305|0x1e4b12941|19|55115178498
26305|0x5e4b12941|20|110036501654
26305|0x5e4b12941|21|216534256185
26305|0x15e4b12941|22|438681212085
26305|0x35e4b12941|23|865975201024
26305|0x75e4b12941|24|1739438727075
26425|0x5709|1|205363
26425|0x5709|2|449826
26425|0x5709|3|963696
26425|0x5709|4|2036012
26425|0x85709|5|4131173
26425|0x85709|6|8134045
26425|0x285709|7|16372823
26425|0x285709|8|30813315
26425|0x285709|9|66159188
26425|0x285709|10|132206043
26425|0x285709|11|264751452
26425|0x4285709|12|530251661
26425|0xc285709|13|1060452658
26425|0x1c285709|14|2119101399
26425|0x1c285709|15|3839727646
26425|0x1c285709|16|8475935647
26425|0x9c285709|17|14367421760
26425|0x19c285709|18|27232815052
26425|0x19c285709|19|54979052376
26425|0x19c285709|20|107738237677
26425|0x19c285709|21|216359261763
26425|0x119c285709|22|439484836637
26425|0x119c285709|23|866017844024
26425|0x519c285709|24|1739967565631
26537|0x2c99|1|208592
26537|0x12c99|2|450738
26537|0x12c99|3|965293
26537|0x12c99|4|2018984
26537|0x92c99|5|4001903
26537|0x92c99|6|8296062
26537|0x92c99|7|16537941
26537|0x92c99|8|32958005
26537|0x92c99|9|65907442
26537|0x1092c99|10|132160896
26537|0x1092c99|11|264245057
26537|0x1092c99|12|527842602
26537|0x1092c99|13|977605840
26537|0x1092c99|14|1732779747
26537|0x21092c99|15|4220393452
26537|0x21092c99|16|8445686223
26537|0xa1092c99|17|15344111167
26537|0x1a1092c99|18|28989669650
26537|0x3a1092c99|19|57431332453
26537|0x3a1092c99|20|107628634165
26537|0x3a1092c99|21|220299872724
26537|0x13a1092c99|22|439533171814
26537|0x13a1092c99|23|864534709888
26537|0x53a1092c99|24|1740448829278
27005|0x17d5|1|183823
27005|0x17d5|2|452869
27005|0x217d5|3|996109
27005|0x617d5|4|2033854
27005|0x617d5|5|4006455
27005|0x617d5|6|8209712
27005|0x617d5|7|16495133
27005|0x4617d5|8|33116423
27005|0x4617d5|9|65977565
27005|0x4617d5|10|132250025
27005|0x24617d5|11|264179619
27005|0x64617d5|12|528623443
27005|0x64617d5|13|1057122155
27005|0x164617d5|14|2114099658
27005|0x364617d5|15|3439788423
27005|0x764617d5|16|6924955024
27005|0xf64617d5|17|13816189897
27005|0x1f64617d5|18|33580598801
27005|0x1f64617d5|19|55967553951
27005|0x1f64617d5|20|109639603630
27005|0x9f64617d5|21|217121278725
27005|0x9f64617d5|22|436213940213
27005|0x29f64617d5|23|866837333678
27005|0x29f64617d5|24|1744460275844
27111|0x99d7|1|209130
27111|0x99d7|2|451551
27111|0x99d7|3|972974
27111|0x499d7|4|2021098
27111|0x499d7|5|4067362
27111|0x499d7|6|8233673
27111|0x499d7|7|16560456
27111|0x4499d7|8|32859196
27111|0x4499d7|9|66012352
27111|0x14499d7|10|132189781
27111|0x14499d7|11|264479032
27111|0x14499d7|12|494179602
27111|0x94499d7|13|1056836111
27111|0x94499d7|14|2114449618
27111|0x94499d7|15|3409685268
27111|0x94499d7|16|6703452072
27111|0x894499d7|17|13431239102
27111|0x1894499d7|18|27015649596
27111|0x1894499d7|19|58390600447
27111|0x1894499d7|20|107435599149
27111|0x1894499d7|21|217843655507
27111|0x11894499d7|22|436177716167
27111|0x31894499d7|23|866606267201
27111|0x31894499d7|24|1755140345341
27227|0xb5d3|1|209258
27227|0xb5d3|2|454613
27227|0x2b5d3|3|974723
27227|0x2b5d3|4|1965876
27227|0x2b5d3|5|4119584
27227|0x2b5d3|6|6505962
27227|0x2b5d3|7|16445355
27227|0x42b5d3|8|32795708
27227|0x42b5d3|9|65765324
27227|0x142b5d3|10|131574480
27227|0x342b5d3|11|263424102
27227|0x342b5d3|12|526493909
27227|0xb42b5d3|13|1053433755
27227|0xb42b5d3|14|2106638725
27227|0x2b42b5d3|15|4214782007
27227|0x2b42b5d3|16|8437006098
27227|0x2b42b5d3|17|15955127447
27227|0x12b42b5d3|18|30620967563
27227|0x12b42b5d3|19|55139788309
27227|0x52b42b5d3|20|110112726121
27227|0x52b42b5d3|21|219602848292
27227|0x52b42b5d3|22|436885702485
27227|0x52b42b5d3|23|868407266406
27227|0x452b42b5d3|24|1739231550626
27341|0x9205|1|209804
27341|0x19205|2|480747
27341|0x19205|3|976471
27341|0x19205|4|2044137
27341|0x99205|5|4028074
27341|0x99205|6|8219256
27341|0x299205|7|16454604
27341|0x699205|8|32880215
27341|0x699205|9|65825042
27341|0x1699205|10|131961588
27341|0x1699205|11|224919444
27341|0x1699205|12|526947271
27341|0x9699205|13|1053229497
27341|0x9699205|14|1732526269
27341|0x9699205|15|3779610312
27341|0x49699205|16|8340128618
27341|0xc9699205|17|14356043606
27341|0x1c9699205|18|27534639603
27341|0x1c9699205|19|54119433608
27341|0x5c9699205|20|111616522238
27341|0xdc9699205|21|217485054339
27341|0x1dc9699205|22|441393775406
27341|0x1dc9699205|23|866264063431
27341|0x5dc9699205|24|1739482920241
27449|0x1309|1|209928
27449|0x11309|2|455586
27449|0x31309|3|977639
27449|0x71309|4|1972029
27449|0xf1309|5|4128869
27449|0x1f1309|6|8260793
27449|0x3f1309|7|16473094
27449|0x3f1309|8|32969052
27449|0x3f1309|9|66220901
27449|0x13f1309|10|116788438
27449|0x13f1309|11|264243125
27449|0x53f1309|12|529160988
27449|0xd3f1309|13|950263408
27449|0x1d3f1309|14|2117232719
27449|0x3d3f1309|15|3519937726
27449|0x3d3f1309|16|6748508212
27449|0x3d3f1309|17|15865869157
27449|0x13d3f1309|18|28189637701
27449|0x13d3f1309|19|58019288378
27449|0x13d3f1309|20|107424691012
27449|0x13d3f1309|21|216857935472
27449|0x13d3f1309|22|435284213718
27449|0x213d3f1309|23|870131739472
27449|0x213d3f1309|24|1744138966951
27563|0x3703|1|209544
27563|0x13703|2|456212
27563|0x33703|3|1002472
27563|0x73703|4|1902998
27563|0x73703|5|4247763
27563|0x173703|6|8269190
27563|0x173703|7|16526856
27563|0x173703|8|33170049
27563|0x973703|9|66060810
27563|0x1973703|10|132490251
27563|0x1973703|11|265040566
27563|0x5973703|12|529895192
27563|0x5973703|13|1059041258
27563|0x15973703|14|1927634951
27563|0x35973703|15|4066755700
27563|0x35973703|16|7436226291
27563|0x35973703|17|13573755193
27563|0x35973703|18|26817691893
27563|0x235973703|19|54682828521
27563|0x235973703|20|107509965394
27563|0x235973703|21|216513957716
27563|0x235973703|22|434984851373
27563|0x2235973703|23|866333793757
27563|0x6235973703|24|1738881894303
28055|0xe227|1|210612
28055|0xe227|2|458984
28055|0xe227|3|921617
28055|0xe227|4|1959443
28055|0xe227|5|4159798
28055|0x10e227|6|8247171
28055|0x10e227|7|16386490
28055|0x50e227|8|33171181
28055|0x50e227|9|66210593
28055|0x50e227|10|132457574
28055|0x50e227|11|265303077
28055|0x50e227|12|530420748
28055|0x50e227|13|1059419836
28055|0x50e227|14|2112500195
28055|0x2050e227|15|4232091069
28055|0x2050e227|16|8497009121
28055|0xa050e227|17|16335650247
28055|0x1a050e227|18|27991976808
28055|0x1a050e227|19|56481943219
28055|0x1a050e227|20|107544339913
28055|0x9a050e227|21|216856379214
28055|0x19a050e227|22|435358550871
28055|0x39a050e227|23|865109802845
28055|0x79a050e227|24|1735179584257
28165|0x2ecd|1|195816
28165|0x12ecd|2|404341
28165|0x32ecd|3|882973
28165|0x72ecd|4|2030187
28165|0x72ecd|5|4101022
28165|0x72ecd|6|8088830
28165|0x72ecd|7|16455503
28165|0x472ecd|8|32715771
28165|0xc72ecd|9|65821987
28165|0xc72ecd|10|131432978
28165|0x2c72ecd|11|263038834
28165|0x6c72ecd|12|526592769
28165|0xec72ecd|13|1052713593
28165|0xec72ecd|14|2105382379
28165|0x2ec72ecd|15|3518649906
28165|0x2ec72ecd|16|8468522237
28165|0xaec72ecd|17|13981258362
28165|0x1aec72ecd|18|27724057741
28165|0x3aec72ecd|19|54560986488
28165|0x7aec72ecd|20|109937356273
28165|0x7aec72ecd|21|216134601489
28165|0x7aec72ecd|22|434456173806
28165|0x7aec72ecd|23|866862133178
28165|0x47aec72ecd|24|1733967050931
28285|0xfad5|1|210812
28285|0xfad5|2|481699
28285|0x2fad5|3|989375
28285|0x6fad5|4|2074724
28285|0x6fad5|5|4032600
28285|0x16fad5|6|8299988
28285|0x16fad5|7|16615359
28285|0x16fad5|8|33040714
28285|0x16fad5|9|66416024
28285|0x116fad5|10|132892554
28285|0x116fad5|11|241003334
28285|0x116fad5|12|530748727
28285|0x916fad5|13|1061794895
28285|0x1916fad5|14|2123975709
28285|0x3916fad5|15|3629577558
28285|0x7916fad5|16|7122427478
28285|0x7916fad5|17|13657349699
28285|0x17916fad5|18|27864662026
28285|0x17916fad5|19|54916967279
28285|0x17916fad5|20|107620691081
28285|0x17916fad5|21|216001195727
28285|0x17916fad5|22|433721408088
28285|0x17916fad5|23|881893173293
28285|0x417916fad5|24|1767040218830
28397|0x1ee5|1|208920
28397|0x11ee5|2|461053
28397|0x11ee5|3|990592
28397|0x11ee5|4|1891202
28397|0x11ee5|5|4183031
28397|0x111ee5|6|8194685
28397|0x311ee5|7|16268084
28397|0x711ee5|8|33028020
28397|0x711ee5|9|65701237
28397|0x711ee5|10|131337226
28397|0x711ee5|11|263308118
28397|0x4711ee5|12|526575090
28397|0xc711ee5|13|1053583681
28397|0xc711ee5|14|2107120633
28397|0x2c711ee5|15|4213896717
28397|0x6c711ee5|16|7541477899
28397|0x6c711ee5|17|14133986220
28397|0x16c711ee5|18|28997970448
28397|0x36c711ee5|19|55291165801
28397|0x76c711ee5|20|107419778600
28397|0xf6c711ee5|21|215976130099
28397|0xf6c711ee5|22|436631314826
28397|0x2f6c711ee5|23|867717025064
28397|0x2f6c711ee5|24|1734682725206
28511|0xac9f|1|186014
28511|0x1ac9f|2|405697
28511|0x1ac9f|3|926918
28511|0x1ac9f|4|2107389
28511|0x9ac9f|5|4133916
28511|0x19ac9f|6|8155554
28511|0x39ac9f|7|16592024
28511|0x79ac9f|8|33283172
28511|0x79ac9f|9|66476014
28511|0x179ac9f|10|132486694
28511|0x379ac9f|11|265492050
28511|0x779ac9f|12|491729286
28511|0xf79ac9f|13|1063125925
28511|0xf79ac9f|14|1992612520
28511|0xf79ac9f|15|3683083077
28511|0xf79ac9f|16|7059137880
28511|0x8f79ac9f|17|13543622224
28511|0x18f79ac9f|18|27312103672
28511|0x38f79ac9f|19|54814013264
28511|0x38f79ac9f|20|107791999262
28511|0xb8f79ac9f|21|215264862797
28511|0xb8f79ac9f|22|434069206589
28511|0xb8f79ac9f|23|869107419977
28511|0xb8f79ac9f|24|1733956384105
28621|0x1505|1|211621
28621|0x1505|2|462095
28621|0x21505|3|993630
28621|0x21505|4|2108824
28621|0xa1505|5|4041184
28621|0x1a1505|6|8251646
28621|0x1a1505|7|16606526
28621|0x1a1505|8|33075791
28621|0x1a1505|9|66414182
28621|0x1a1505|10|132715807
28621|0x1a1505|11|265266638
28621|0x41a1505|12|532033603
28621|0xc1a1505|13|1064068507
28621|0xc1a1505|14|2126014140
28621|0xc1a1505|15|4249726743
28621|0xc1a1505|16|6786820128
28621|0xc1a1505|17|14750527433
28621|0x10c1a1505|18|30972080846
28621|0x30c1a1505|19|55460507049
28621|0x30c1a1505|20|108100465230
28621|0x30c1a1505|21|215643803710
28621|0x130c1a1505|22|433577910464
28621|0x130c1a1505|23|873038824217
28621|0x130c1a1505|24|1733423118751
29095|0x2617|1|187186
29095|0x12617|2|420492
29095|0x12617|3|997929
29095|0x12617|4|2114444
29095|0x12617|5|4031529
29095|0x112617|6|8280021
29095|0x112617|7|16590608
29095|0x112617|8|32998080
29095|0x112617|9|66311573
29095|0x1112617|10|132718465
29095|0x1112617|11|265062157
29095|0x5112617|12|530150446
29095|0x5112617|13|923331883
29095|0x5112617|14|2120783671
29095|0x25112617|15|3447151867
29095|0x65112617|16|7165975540
29095|0xe5112617|17|13639389902
29095|0xe5112617|18|28233376121
29095|0x2e5112617|19|55677639669
29095|0x2e5112617|20|106953271429
29095|0x2e5112617|21|215395449525
29095|0x2e5112617|22|435152322047
29095|0x2e5112617|23|868022527424
29095|0x2e5112617|24|1732393734602
29211|0x1813|1|213032
29211|0x11813|2|426810
29211|0x31813|3|881436
29211|0x71813|4|1965254
29211|0xf1813|5|4113203
29211|0x1f1813|6|8035860
29211|0x1f1813|7|16469046
29211|0x1f1813|8|32845672
29211|0x1f1813|9|66127868
29211|0x1f1813|10|132086508
29211|0x1f1813|11|264099721
29211|0x41f1813|12|523279499
29211|0xc1f1813|13|1056132248
29211|0xc1f1813|14|2116059228
29211|0x2c1f1813|15|4245819571
29211|0x2c1f1813|16|7684351259
29211|0xac1f1813|17|16341055685
29211|0xac1f1813|18|27482520542
29211|0xac1f1813|19|53938751116
29211|0xac1f1813|20|107649811494
29211|0x8ac1f1813|21|215989664198
29211|0x18ac1f1813|22|432886273890
29211|0x18ac1f1813|23|867237204724
29211|0x58ac1f1813|24|1732146079879
29329|0x8e71|1|212746
29329|0x18e71|2|465687
29329|0x18e71|3|1018505
29329|0x18e71|4|2023485
29329|0x18e71|5|3993563
29329|0x118e71|6|8279442
29329|0x318e71|7|16619320
29329|0x318e71|8|33071584
29329|0xb18e71|9|66190168
29329|0xb18e71|10|132572718
29329|0x2b18e71|11|218000786
29329|0x2b18e71|12|533087422
29329|0xab18e71|13|1065802079
29329|0xab18e71|14|1879610320
29329|0x2ab18e71|15|3807509107
29329|0x6ab18e71|16|7495757144
29329|0xeab18e71|17|16181112357
29329|0xeab18e71|18|27515363933
29329|0xeab18e71|19|54655008009
29329|0xeab18e71|20|107392648943
29329|0x8eab18e71|21|216256172197
29329|0x18eab18e71|22|433004135435
29329|0x38eab18e71|23|872147052809
29329|0x78eab18e71|24|1732254906441
29435|0xc833|1|212915
29435|0x1c833|2|466221
29435|0x3c833|3|1004767
29435|0x7c833|4|2049993
29435|0xfc833|5|3977282
29435|0xfc833|6|8227550
29435|0x2fc833|7|16543367
29435|0x2fc833|8|32959659
29435|0x2fc833|9|65919680
29435|0x2fc833|10|132022942
29435|0x22fc833|11|262719812
29435|0x62fc833|12|528758820
29435|0xe2fc833|13|1057772202
29435|0x1e2fc833|14|1956399378
29435|0x3e2fc833|15|4217348642
29435|0x7e2fc833|16|7026086284
29435|0x7e2fc833|17|14412278259
29435|0x17e2fc833|18|27345559543
29435|0x17e2fc833|19|57435759722
29435|0x17e2fc833|20|107936428718
29435|0x97e2fc833|21|214625668013
29435|0x97e2fc833|22|437173522970
29435|0x97e2fc833|23|869602330500
29435|0x97e2fc833|24|1731231817062
29551|0x4b8f|1|213561
29551|0x4b8f|2|467228
29551|0x24b8f|3|1006475
29551|0x24b8f|4|1891841
29551|0x24b8f|5|4134105
29551|0x124b8f|6|8279625
29551|0x324b8f|7|16314944
29551|0x724b8f|8|33206702
29551|0xf24b8f|9|65970118
29551|0x1f24b8f|10|131957502
29551|0x1f24b8f|11|264511850
29551|0x1f24b8f|12|528953415
29551|0x1f24b8f|13|1057399240
29551|0x11f24b8f|14|1690456666
29551|0x31f24b8f|15|3818067881
29551|0x31f24b8f|16|8272927280
29551|0xb1f24b8f|17|15766165642
29551|0x1b1f24b8f|18|30233949211
29551|0x1b1f24b8f|19|54724904586
29551|0x5b1f24b8f|20|108111306025
29551|0xdb1f24b8f|21|216021255204
29551|0xdb1f24b8f|22|433006517492
29551|0x2db1f24b8f|23|874781177888
29551|0x6db1f24b8f|24|1731217719489
29659|0x5053|1|211229
29659|0x5053|2|467844
29659|0x25053|3|1007718
29659|0x25053|4|1870133
29659|0x25053|5|4167243
29659|0x125053|6|8276572
29659|0x125053|7|16355236
29659|0x525053|8|33229477
29659|0xd25053|9|66203445
29659|0xd25053|10|133063322
29659|0x2d25053|11|265540241
29659|0x6d25053|12|531312469
29659|0x6d25053|13|1062707117
29659|0x16d25053|14|2055694425
29659|0x16d25053|15|3382301481
29659|0x16d25053|16|7746235622
29659|0x16d25053|17|13481424970
29659|0x16d25053|18|26979299456
29659|0x16d25053|19|56235542822
29659|0x416d25053|20|107689953003
29659|0x416d25053|21|216327897045
29659|0x416d25053|22|433661005442
29659|0x416d25053|23|868076519379
29659|0x4416d25053|24|1732262432098
30127|0x14f|1|211843
30127|0x14f|2|487256
30127|0x2014f|3|1014073
30127|0x2014f|4|2045947
30127|0xa014f|5|3994793
30127|0x1a014f|6|8224806
30127|0x3a014f|7|16580754
30127|0x7a014f|8|33155837
30127|0x7a014f|9|66174815
30127|0x7a014f|10|132327845
30127|0x27a014f|11|264974665
30127|0x67a014f|12|529860913
30127|0x67a014f|13|1064750831
30127|0x167a014f|14|2128608424
30127|0x367a014f|15|4258203329
30127|0x367a014f|16|7590550255
30127|0x367a014f|17|13653104846
30127|0x1367a014f|18|27585594847
30127|0x3367a014f|19|54670694268
30127|0x3367a014f|20|108563510946
30127|0xb367a014f|21|217937425215
30127|0x1b367a014f|22|432351052211
30127|0x1b367a014f|23|874159115479
30127|0x1b367a014f|24|1729814383161
30241|0x8de1|1|188415
30241|0x8de1|2|420158
30241|0x8de1|3|924734
30241|0x8de1|4|2050920
30241|0x88de1|5|4132020
30241|0x88de1|6|8203054
30241|0x88de1|7|16673026
30241|0x88de1|8|33116402
30241|0x888de1|9|66509569
30241|0x1888de1|10|132881362
30241|0x1888de1|11|266409960
30241|0x5888de1|12|486553913
30241|0xd888de1|13|911375777
30241|0x1d888de1|14|2129187609
30241|0x1d888de1|15|4270304159
30241|0x5d888de1|16|7561019523
30241|0x5d888de1|17|13513443983
30241|0x15d888de1|18|27619127030
30241|0x35d888de1|19|54763099763
30241|0x75d888de1|20|108512480539
30241|0x75d888de1|21|214325969545
30241|0x175d888de1|22|436920615927
30241|0x375d888de1|23|867521074842
30241|0x775d888de1|24|1734279594527
30349|0x3c45|1|214485
30349|0x13c45|2|468071
30349|0x33c45|3|895087
30349|0x33c45|4|2038185
30349|0x33c45|5|4229628
30349|0x133c45|6|8262531
30349|0x333c45|7|16645632
30349|0x333c45|8|33481125
30349|0x333c45|9|66776781
30349|0x333c45|10|133610681
30349|0x2333c45|11|267060839
30349|0x6333c45|12|534417417
30349|0xe333c45|13|1068927306
30349|0x1e333c45|14|1772662194
30349|0x1e333c45|15|4278536376
30349|0x5e333c45|16|7850915093
30349|0xde333c45|17|14911137106
30349|0xde333c45|18|27636092761
30349|0x2de333c45|19|54317010440
30349|0x2de333c45|20|109512162324
30349|0x2de333c45|21|214579695855
30349|0x2de333c45|22|432125129360
30349|0x2de333c45|23|865453337323
30349|0x2de333c45|24|1728847952028
30463|0x88ff|1|189285
30463|0x88ff|2|474300
30463|0x288ff|3|1036685
30463|0x688ff|4|2057460
30463|0xe88ff|5|4067336
30463|0xe88ff|6|8322775
30463|0x2e88ff|7|16688697
30463|0x2e88ff|8|33496428
30463|0xae88ff|9|66772815
30463|0x1ae88ff|10|133752407
30463|0x1ae88ff|11|267459013
30463|0x1ae88ff|12|535150209
30463|0x1ae88ff|13|1069895263
30463|0x1ae88ff|14|2139708164
30463|0x21ae88ff|15|4281294884
30463|0x21ae88ff|16|7790761342
30463|0x21ae88ff|17|14114306878
30463|0x21ae88ff|18|26874145668
30463|0x21ae88ff|19|54292276527
30463|0x21ae88ff|20|109752312861
30463|0x821ae88ff|21|214230249645
30463|0x821ae88ff|22|432479098973
30463|0x2821ae88ff|23|869359042322
30463|0x2821ae88ff|24|1729943097464
30577|0x6991|1|215026
30577|0x16991|2|472214
30577|0x36991|3|1042963
30577|0x76991|4|2060896
30577|0xf6991|5|4081485
30577|0xf6991|6|8337890
30577|0x2f6991|7|16710153
30577|0x2f6991|8|33347185
30577|0x2f6991|9|66878087
30577|0x12f6991|10|133799293
30577|0x12f6991|11|266399534
30577|0x12f6991|12|535418253
30577|0x12f6991|13|1070904075
30577|0x112f6991|14|2128466055
30577|0x312f6991|15|4282610055
30577|0x712f6991|16|6974039311
30577|0x712f6991|17|13581356875
30577|0x1712f6991|18|27112791708
30577|0x1712f6991|19|54253763606
30577|0x1712f6991|20|109432002398
30577|0x1712f6991|21|214028588804
30577|0x1712f6991|22|432249237646
30577|0x1712f6991|23|870496562982
30577|0x41712f6991|24|1730031894466
30685|0x9875|1|189577
30685|0x9875|2|416503
30685|0x29875|3|919840
30685|0x69875|4|2071663
30685|0x69875|5|4108786
30685|0x169875|6|8253366
30685|0x369875|7|16631617
30685|0x369875|8|33129926
30685|0x369875|9|66472415
30685|0x369875|10|132711590
30685|0x369875|11|265500075
30685|0x369875|12|530652240
30685|0x369875|13|1064638607
30685|0x10369875|14|2133735712
30685|0x30369875|15|4261769476
30685|0x30369875|16|8534624905
30685|0x30369875|17|14169684362
30685|0x130369875|18|29667169074
30685|0x130369875|19|60388211672
30685|0x130369875|20|109673799044
30685|0x130369875|21|215280723880
30685|0x1130369875|22|432494413802
30685|0x1130369875|23|874416463853
30685|0x5130369875|24|1735152741768
31157|0x6c9d|1|586576
31157|0x16c9d|2|834599
31157|0x16c9d|3|905157
31157|0x16c9d|4|2029821
31157|0x96c9d|5|4184157
31157|0x96c9d|6|8202224
31157|0x96c9d|7|16657108
31157|0x96c9d|8|33458458
31157|0x96c9d|9|66781163
31157|0x1096c9d|10|133674599
31157|0x1096c9d|11|267091287
31157|0x1096c9d|12|531109280
31157|0x1096c9d|13|982372067
31157|0x11096c9d|14|1720823373
31157|0x11096c9d|15|3440010915
31157|0x11096c9d|16|8535014140
31157|0x91096c9d|17|14770091380
31157|0x91096c9d|18|29217828867
31157|0x91096c9d|19|60011880246
31157|0x491096c9d|20|109117626712
31157|0xc91096c9d|21|216240682079
31157|0x1c91096c9d|22|431546669818
31157|0x1c91096c9d|23|864756600649
31157|0x5c91096c9d|24|1730909414288
31267|0x58b|1|570005
31267|0x1058b|2|769326
31267|0x1058b|3|975083
31267|0x1058b|4|2100973
31267|0x9058b|5|4289887
31267|0x9058b|6|9645077
31267|0x29058b|7|19340365
31267|0x69058b|8|38758816
31267|0x69058b|9|59951027
31267|0x169058b|10|132662162
31267|0x369058b|11|266198312
31267|0x769058b|12|532217406
31267|0x769058b|13|973765536
31267|0x1769058b|14|2127860966
31267|0x1769058b|15|3691177650
31267|0x5769058b|16|6783622055
31267|0x5769058b|17|13749231269
31267|0x5769058b|18|27070557240
31267|0x5769058b|19|54329847101
31267|0x45769058b|20|108442627893
31267|0x45769058b|21|219070727968
31267|0x45769058b|22|433303819652
31267|0x45769058b|23|863947832386
31267|0x445769058b|24|1728586376491
31379|0xb39b|1|216757
31379|0x1b39b|2|477022
31379|0x3b39b|3|1031219
31379|0x3b39b|4|1991781
31379|0xbb39b|5|4110825
31379|0x1bb39b|6|8310502
31379|0x1bb39b|7|16412033
31379|0x1bb39b|8|33342797
31379|0x9bb39b|9|66325948
31379|0x19bb39b|10|132886175
31379|0x19bb39b|11|266341166
31379|0x19bb39b|12|532445820
31379|0x19bb39b|13|1064382726
31379|0x19bb39b|14|1851160484
31379|0x219bb39b|15|3887806105
31379|0x219bb39b|16|7012901744
31379|0xa19bb39b|17|15736451253
31379|0x1a19bb39b|18|27468286924
31379|0x1a19bb39b|19|53916447741
31379|0x5a19bb39b|20|108930869235
31379|0x5a19bb39b|21|216757631277
31379|0x5a19bb39b|22|434899416472
31379|0x5a19bb39b|23|865596161565
31379|0x45a19bb39b|24|1731718137610
31493|0x19cd|1|597702
31493|0x19cd|2|878301
31493|0x219cd|3|1042255
31493|0x219cd|4|1887132
31493|0x219cd|5|3868729
31493|0x1219cd|6|7804266
31493|0x1219cd|7|14844097
31493|0x5219cd|8|33169977
31493|0x5219cd|9|66848332
31493|0x5219cd|10|133446861
31493|0x5219cd|11|267180034
31493|0x45219cd|12|533936401
31493|0xc5219cd|13|1073464347
31493|0x1c5219cd|14|2147012060
31493|0x1c5219cd|15|4294123552
31493|0x1c5219cd|16|7706335810
31493|0x1c5219cd|17|13713685865
31493|0x1c5219cd|18|27168316220
31493|0x1c5219cd|19|61884768061
31493|0x41c5219cd|20|110666614085
31493|0x41c5219cd|21|216097970132
31493|0x141c5219cd|22|434641285119
31493|0x141c5219cd|23|865011558600
31493|0x141c5219cd|24|1730449344627
31605|0x3cdd|1|624955
31605|0x3cdd|2|863299
31605|0x23cdd|3|1059728
31605|0x63cdd|4|1909757
31605|0xe3cdd|5|4224191
31605|0xe3cdd|6|8368073
31605|0xe3cdd|7|16595817
31605|0x4e3cdd|8|33564921
31605|0x4e3cdd|9|66993587
31605|0x14e3cdd|10|133786343
31605|0x14e3cdd|11|267876770
31605|0x14e3cdd|12|536076268
31605|0x14e3cdd|13|1056267843
31605|0x114e3cdd|14|2103948460
31605|0x114e3cdd|15|4300955330
31605|0x114e3cdd|16|6999150979
31605|0x914e3cdd|17|14331042741
31605|0x1914e3cdd|18|29885071282
31605|0x1914e3cdd|19|60255653246
31605|0x1914e3cdd|20|107811918875
31605|0x9914e3cdd|21|215993717052
31605|0x19914e3cdd|22|431710196683
31605|0x19914e3cdd|23|863647477078
31605|0x19914e3cdd|24|1729755579631
31719|0x67d7|1|217251
31719|0x67d7|2|478762
31719|0x267d7|3|1035976
31719|0x267d7|4|1975098
31719|0x267d7|5|4205712
31719|0x1267d7|6|8371582
31719|0x1267d7|7|16806777
31719|0x1267d7|8|33410053
31719|0x9267d7|9|66993347
31719|0x9267d7|10|133927451
31719|0x9267d7|11|267715386
31719|0x49267d7|12|537685195
31719|0xc9267d7|13|1074393939
31719|0x1c9267d7|14|1983600197
31719|0x3c9267d7|15|4291274008
31719|0x3c9267d7|16|8525792667
31719|0x3c9267d7|17|13525444770
31719|0x13c9267d7|18|28641858476
31719|0x13c9267d7|19|54756806706
31719|0x13c9267d7|20|110343345828
31719|0x93c9267d7|21|216019037223
31719|0x193c9267d7|22|435192038354
31719|0x393c9267d7|23|863700353678
31719|0x793c9267d7|24|1729388135833
32171|0x9503|1|594221
32171|0x9503|2|783637
32171|0x29503|3|983105
32171|0x69503|4|2120411
32171|0xe9503|5|4152388
32171|0xe9503|6|8281947
32171|0xe9503|7|16788303
32171|0xe9503|8|33354093
32171|0x8e9503|9|67018518
32171|0x8e9503|10|133966124
32171|0x28e9503|11|267912734
32171|0x68e9503|12|535528484
32171|0x68e9503|13|1067005898
32171|0x68e9503|14|2127708509
32171|0x68e9503|15|4253896381
32171|0x68e9503|16|8551661360
32171|0x68e9503|17|17158626230
32171|0x68e9503|18|29291627537
32171|0x68e9503|19|54033060760
32171|0x68e9503|20|107917960860
32171|0x8068e9503|21|215569567852
32171|0x18068e9503|22|432304732788
32171|0x18068e9503|23|863774294232
32171|0x58068e9503|24|1728327329035
32287|0x7ddf|1|218303
32287|0x17ddf|2|481801
32287|0x37ddf|3|1043775
32287|0x37ddf|4|2139819
32287|0x37ddf|5|4102998
32287|0x37ddf|6|8446849
32287|0x237ddf|7|16841610
32287|0x637ddf|8|33613355
32287|0x637ddf|9|67262006
32287|0x637ddf|10|134415230
32287|0x637ddf|11|269269678
32287|0x4637ddf|12|538709099
32287|0x4637ddf|13|1031908837
32287|0x4637ddf|14|1928063565
32287|0x4637ddf|15|3370223609
32287|0x4637ddf|16|8213936135
32287|0x84637ddf|17|13438729174
32287|0x184637ddf|18|27125692650
32287|0x184637ddf|19|53841126846
32287|0x184637ddf|20|107994605671
32287|0x984637ddf|21|219195725750
32287|0x1984637ddf|22|431183189293
32287|0x1984637ddf|23|863288581214
32287|0x5984637ddf|24|1727388791677
32397|0x7445|1|218884
32397|0x7445|2|482282
32397|0x27445|3|1068092
32397|0x67445|4|2112069
32397|0xe7445|5|4109593
32397|0x1e7445|6|8391771
32397|0x1e7445|7|16812940
32397|0x1e7445|8|33657133
32397|0x1e7445|9|67315118
32397|0x1e7445|10|134884091
32397|0x21e7445|11|269301125
32397|0x21e7445|12|536269035
32397|0xa1e7445|13|1074892077
32397|0x1a1e7445|14|2014783495
32397|0x3a1e7445|15|4312057240
32397|0x3a1e7445|16|8618363101
32397|0x3a1e7445|17|15227198172
32397|0x13a1e7445|18|27602684622
32397|0x13a1e7445|19|54540880680
32397|0x13a1e7445|20|108143230688
32397|0x93a1e7445|21|216343261062
32397|0x193a1e7445|22|435412135862
32397|0x193a1e7445|23|862561173701
32397|0x193a1e7445|24|1728806978268
32505|0xe349|1|218481
32505|0x1e349|2|500868
32505|0x1e349|3|1046533
32505|0x5e349|4|2027271
32505|0xde349|5|4210398
32505|0xde349|6|8382665
32505|0x2de349|7|16802458
32505|0x2de349|8|33900809
32505|0xade349|9|67544674
32505|0x1ade349|10|134640578
32505|0x1ade349|11|269527645
32505|0x1ade349|12|490438912
32505|0x9ade349|13|984191423
32505|0x9ade349|14|2117106285
32505|0x9ade349|15|4312916425
32505|0x9ade349|16|6786940373
32505|0x9ade349|17|13984080468
32505|0x109ade349|18|28365526082
32505|0x309ade349|19|54437160381
32505|0x309ade349|20|108835431300
32505|0xb09ade349|21|219477589454
32505|0xb09ade349|22|436984711055
32505|0xb09ade349|23|866245272046
32505|0xb09ade349|24|1728365551409
32619|0xb543|1|218884
32619|0xb543|2|440541
32619|0xb543|3|922492
32619|0xb543|4|2131649
32619|0x8b543|5|4264015
32619|0x18b543|6|8301415
32619|0x18b543|7|16833481
32619|0x58b543|8|33699268
32619|0x58b543|9|67358477
32619|0x158b543|10|134766689
32619|0x358b543|11|269489868
32619|0x358b543|12|538301315
32619|0xb58b543|13|930545699
32619|0xb58b543|14|1825943633
32619|0xb58b543|15|4313717627
32619|0x4b58b543|16|7796666335
32619|0xcb58b543|17|13763057992
32619|0xcb58b543|18|29561707282
32619|0x2cb58b543|19|55507161300
32619|0x6cb58b543|20|113057911052
32619|0xecb58b543|21|215723051016
32619|0x1ecb58b543|22|432352405269
32619|0x1ecb58b543|23|862239244000
32619|0x5ecb58b543|24|1726223038553
32731|0x6453|1|219913
32731|0x16453|2|481962
32731|0x36453|3|1049814
32731|0x76453|4|2137585
32731|0xf6453|5|4274572
32731|0x1f6453|6|8435117
32731|0x3f6453|7|16831451
32731|0x3f6453|8|34521819
32731|0x3f6453|9|67549236
32731|0x13f6453|10|134916997
32731|0x13f6453|11|269858916
32731|0x53f6453|12|538909648
32731|0x53f6453|13|1079255269
32731|0x153f6453|14|2157926241
32731|0x353f6453|15|4310985722
32731|0x353f6453|16|8629877182
32731|0x353f6453|17|14365305416
32731|0x353f6453|18|27479057268
32731|0x353f6453|19|59828236579
32731|0x353f6453|20|113470515936
32731|0x8353f6453|21|219136021371
32731|0x18353f6453|22|432695408403
32731|0x38353f6453|23|867616180035
32731|0x38353f6453|24|1713655397161
33041|0x8ff1|1|365878
33041|0x28ff1|2|874018
33041|0x68ff1|3|1920654
33041|0xe8ff1|4|3723810
33041|0xe8ff1|5|7788870
33041|0xe8ff1|6|15542507
33041|0xe8ff1|7|31172766
33041|0x8e8ff1|8|62572249
33041|0x8e8ff1|9|124898085
33041|0x8e8ff1|10|250267753
33041|0x8e8ff1|11|501181849
33041|0x8e8ff1|12|844712931
33041|0x8e8ff1|13|1676154731
33041|0x208e8ff1|14|3315767966
33041|0x208e8ff1|15|8015957467
33041|0x208e8ff1|16|13634410142
33041|0x208e8ff1|17|31082256361
33041|0x2208e8ff1|18|56840813678
33041|0x6208e8ff1|19|112867870999
33041|0x6208e8ff1|20|221292483809
33041|0x16208e8ff1|21|443161227692
33041|0x36208e8ff1|22|879704454019
33041|0x36208e8ff1|23|1767617475787
33041|0x36208e8ff1|24|3498891925262
33151|0x13e7f|1|357826
33151|0x13e7f|2|769969
33151|0x53e7f|3|1764837
33151|0xd3e7f|4|3783867
33151|0x1d3e7f|5|7682889
33151|0x1d3e7f|6|15348532
33151|0x1d3e7f|7|30722513
33151|0x1d3e7f|8|61428573
33151|0x11d3e7f|9|122886291
33151|0x31d3e7f|10|245889669
33151|0x31d3e7f|11|491870623
33151|0xb1d3e7f|12|983767338
33151|0xb1d3e7f|13|1857132894
33151|0xb1d3e7f|14|3353629764
33151|0x4b1d3e7f|15|6568170491
33151|0x4b1d3e7f|16|13093176792
33151|0x14b1d3e7f|17|27207426848
33151|0x34b1d3e7f|18|54844883887
33151|0x74b1d3e7f|19|115571269315
33151|0xf4b1d3e7f|20|218438133924
33151|0x1f4b1d3e7f|21|440927998350
33151|0x3f4b1d3e7f|22|881202979243
33151|0x7f4b1d3e7f|23|1766413820386
33151|0x7f4b1d3e7f|24|3497248817227
33275|0x6133|1|323139
33275|0x26133|2|770704
33275|0x26133|3|1782141
33275|0x26133|4|3758236
33275|0x126133|5|7696357
33275|0x126133|6|15358242
33275|0x126133|7|30669406
33275|0x126133|8|61152311
33275|0x1126133|9|122548696
33275|0x1126133|10|245273631
33275|0x1126133|11|490248794
33275|0x1126133|12|981556085
33275|0x11126133|13|1962286826
33275|0x11126133|14|3579414779
33275|0x11126133|15|7850820060
33275|0x11126133|16|15705811357
33275|0x111126133|17|27907865303
33275|0x311126133|18|54987204433
33275|0x711126133|19|110707063548
33275|0xf11126133|20|218403308330
33275|0xf11126133|21|441515753910
33275|0x2f11126133|22|880280610921
33275|0x6f11126133|23|1764815910737
33275|0xef11126133|24|3497223700385
33369|0xa5e9|1|325234
33369|0x2a5e9|2|771447
33369|0x6a5e9|3|1881316
33369|0x6a5e9|4|3673017
33369|0x16a5e9|5|7765055
33369|0x36a5e9|6|15232487
33369|0x76a5e9|7|30612264
33369|0xf6a5e9|8|61326264
33369|0xf6a5e9|9|122608237
33369|0x2f6a5e9|10|245020884
33369|0x2f6a5e9|11|490453594
33369|0xaf6a5e9|12|980801400
33369|0x1af6a5e9|13|1927828913
33369|0x3af6a5e9|14|3918278095
33369|0x7af6a5e9|15|6528367186
33369|0x7af6a5e9|16|13773095032
33369|0x7af6a5e9|17|26284076618
33369|0x7af6a5e9|18|55984711474
33369|0x47af6a5e9|19|109578293127
33369|0x47af6a5e9|20|218056385178
33369|0x47af6a5e9|21|439682029043
33369|0x47af6a5e9|22|888623229546
33369|0x47af6a5e9|23|1764200323903
33369|0x47af6a5e9|24|3497772599577
33495|0x190e7|1|363435
33495|0x390e7|2|877834
33495|0x790e7|3|1775184
33495|0x790e7|4|3865470
33495|0x1790e7|5|7527444
33495|0x3790e7|6|15363743
33495|0x7790e7|7|30707893
33495|0x7790e7|8|61341390
33495|0x7790e7|9|123013239
33495|0x7790e7|10|245925825
33495|0x47790e7|11|491918177
33495|0xc7790e7|12|984946724
33495|0x1c7790e7|13|1877354293
33495|0x3c7790e7|14|3939847232
33495|0x3c7790e7|15|6731758912
33495|0xbc7790e7|16|13322607606
33495|0x1bc7790e7|17|31898633039
33495|0x3bc7790e7|18|54228027301
33495|0x3bc7790e7|19|109649369441
33495|0xbbc7790e7|20|218738033415
33495|0x1bbc7790e7|21|438404634499
33495|0x1bbc7790e7|22|879719479822
33495|0x1bbc7790e7|23|1766650103517
33495|0x1bbc7790e7|24|3498956124933
33599|0xecbf|1|346698
33599|0xecbf|2|815321
33599|0xecbf|3|1932330
33599|0xecbf|4|3688070
33599|0xecbf|5|7709501
33599|0x20ecbf|6|15334426
33599|0x60ecbf|7|29694597
33599|0x60ecbf|8|61355151
33599|0x160ecbf|9|123035936
33599|0x160ecbf|10|246015431
33599|0x160ecbf|11|492574861
33599|0x160ecbf|12|984668759
33599|0x1160ecbf|13|1969528083
33599|0x3160ecbf|14|3936269921
33599|0x7160ecbf|15|7843274259
33599|0xf160ecbf|16|15789684433
33599|0xf160ecbf|17|29628042917
33599|0xf160ecbf|18|54902359113
33599|0xf160ecbf|19|109241624190
33599|0xf160ecbf|20|222427699342
33599|0xf160ecbf|21|439342066696
33599|0xf160ecbf|22|878632960335
33599|0x40f160ecbf|23|1767041821379
33599|0xc0f160ecbf|24|3500214743371
33709|0x1d825|1|377805
33709|0x3d825|2|879588
33709|0x7d825|3|1903072
33709|0xfd825|4|3711250
33709|0x1fd825|5|7604612
33709|0x3fd825|6|15260416
33709|0x7fd825|7|30545966
33709|0x7fd825|8|60824661
33709|0x7fd825|9|121939771
33709|0x27fd825|10|243702534
33709|0x67fd825|11|488858727
33709|0x67fd825|12|976666540
33709|0x167fd825|13|1961589032
33709|0x367fd825|14|3923347382
33709|0x767fd825|15|7847409806
33709|0xf67fd825|16|15694190405
33709|0xf67fd825|17|31288240189
33709|0x2f67fd825|18|59097329611
33709|0x6f67fd825|19|109720661680
33709|0xef67fd825|20|218054145504
33709|0xef67fd825|21|438319576933
33709|0xef67fd825|22|878247383564
33709|0x4ef67fd825|23|1768178157555
33709|0xcef67fd825|24|3500120676257
34021|0x198ed|1|370927
34021|0x198ed|2|901514
34021|0x198ed|3|1730929
34021|0x998ed|4|3910276
34021|0x1998ed|5|7580749
34021|0x1998ed|6|15401457
34021|0x5998ed|7|30933287
34021|0x5998ed|8|61639761
34021|0x15998ed|9|123262655
34021|0x15998ed|10|246835255
34021|0x15998ed|11|493505382
34021|0x95998ed|12|955569692
34021|0x195998ed|13|1972165365
34021|0x395998ed|14|3929311729
34021|0x395998ed|15|7824692211
34021|0xb95998ed|16|13121946048
34021|0xb95998ed|17|28166402078
34021|0xb95998ed|18|61067236530
34021|0xb95998ed|19|111104069820
34021|0x8b95998ed|20|217544148436
34021|0x8b95998ed|21|467940216849
34021|0x28b95998ed|22|881812617994
34021|0x28b95998ed|23|1764757815985
34021|0x28b95998ed|24|3496804276449
34135|0x3667|1|326569
34135|0x23667|2|776897
34135|0x63667|3|1895687
34135|0x63667|4|3724297
34135|0x63667|5|6388495
34135|0x263667|6|15365420
34135|0x663667|7|30816600
34135|0x663667|8|61842382
34135|0x1663667|9|123523542
34135|0x1663667|10|247177952
34135|0x5663667|11|493580562
34135|0x5663667|12|822653790
34135|0x15663667|13|1960020729
34135|0x35663667|14|3402884316
34135|0x75663667|15|6992091896
34135|0x75663667|16|15734468211
34135|0x75663667|17|29630105062
34135|0x275663667|18|57232965745
34135|0x675663667|19|112136898990
34135|0x675663667|20|218602190538
34135|0x1675663667|21|440407547038
34135|0x3675663667|22|878362721202
34135|0x3675663667|23|1764783387603
34135|0xb675663667|24|3498547820654
34249|0xa479|1|326734
34249|0xa479|2|803120
34249|0x4a479|3|1811598
34249|0xca479|4|3802254
34249|0xca479|5|7673560
34249|0x2ca479|6|15270261
34249|0x2ca479|7|30637029
34249|0xaca479|8|61246109
34249|0x1aca479|9|123025871
34249|0x3aca479|10|245752810
34249|0x7aca479|11|491814552
34249|0xfaca479|12|984269504
34249|0xfaca479|13|1968807304
34249|0xfaca479|14|3938014454
34249|0xfaca479|15|7869672615
34249|0xfaca479|16|12938528401
34249|0x10faca479|17|33096889015
34249|0x30faca479|18|56486977417
34249|0x70faca479|19|109752686635
34249|0x70faca479|20|217753878748
34249|0x170faca479|21|438441807493
34249|0x170faca479|22|877405264361
34249|0x570faca479|23|1765325196552
34249|0xd70faca479|24|3496725998199
34357|0x11c1d|1|371241
34357|0x31c1d|2|884935
34357|0x71c1d|3|1909286
34357|0x71c1d|4|3782288
34357|0x171c1d|5|7548114
34357|0x171c1d|6|15348184
34357|0x171c1d|7|30710709
34357|0x971c1d|8|61461420
34357|0x971c1d|9|122916723
34357|0x971c1d|10|233168642
34357|0x971c1d|11|489842199
34357|0x8971c1d|12|983736876
34357|0x8971c1d|13|1967817824
34357|0x28971c1d|14|3940697084
34357|0x28971c1d|15|7908981543
34357|0xa8971c1d|16|13712365923
34357|0xa8971c1d|17|28265307793
34357|0x2a8971c1d|18|58579261058
34357|0x6a8971c1d|19|112059820933
34357|0x6a8971c1d|20|218468022368
34357|0x6a8971c1d|21|441272000502
34357|0x26a8971c1d|22|885298191408
34357|0x66a8971c1d|23|1765412752307
34357|0xe6a8971c1d|24|3497232531642
34463|0x1155f|1|326691
34463|0x1155f|2|807014
34463|0x5155f|3|1887459
34463|0xd155f|4|3729204
34463|0x1d155f|5|7781068
34463|0x1d155f|6|15261974
34463|0x5d155f|7|30621683
34463|0x5d155f|8|61173500
34463|0x15d155f|9|122700461
34463|0x35d155f|10|245507045
34463|0x35d155f|11|464285994
34463|0x35d155f|12|982840198
34463|0x135d155f|13|1965498482
34463|0x135d155f|14|3602970882
34463|0x535d155f|15|6726573630
34463|0xd35d155f|16|14149429737
34463|0xd35d155f|17|27955752519
34463|0x2d35d155f|18|57905183309
34463|0x6d35d155f|19|109493710146
34463|0x6d35d155f|20|218162482532
34463|0x6d35d155f|21|438365763283
34463|0x26d35d155f|22|887404804932
34463|0x66d35d155f|23|1766980238006
34463|0xe6d35d155f|24|3499834853321
34579|0x5b1b|1|388283
34579|0x25b1b|2|886831
34579|0x25b1b|3|1869312
34579|0xa5b1b|4|3846911
34579|0x1a5b1b|5|7569839
34579|0x1a5b1b|6|15417057
34579|0x1a5b1b|7|30869294
34579|0x1a5b1b|8|61854082
34579|0x1a5b1b|9|123836251
34579|0x1a5b1b|10|247394737
34579|0x1a5b1b|11|494762044
34579|0x81a5b1b|12|989266153
34579|0x81a5b1b|13|1976182355
34579|0x81a5b1b|14|3956327642
34579|0x81a5b1b|15|6617232387
34579|0x881a5b1b|16|13207637525
34579|0x881a5b1b|17|27455977251
34579|0x881a5b1b|18|59222147710
34579|0x881a5b1b|19|109587625217
34579|0x881a5b1b|20|218604762643
34579|0x10881a5b1b|21|437760367355
34579|0x10881a5b1b|22|878125355209
34579|0x10881a5b1b|23|1762631744711
34579|0x10881a5b1b|24|3497501139887
34689|0x1b881|1|327426
34689|0x3b881|2|781103
34689|0x7b881|3|1939922
34689|0x7b881|4|3711160
34689|0x17b881|5|7770188
34689|0x17b881|6|15325703
34689|0x57b881|7|30561737
34689|0xd7b881|8|53120545
34689|0x1d7b881|9|122731850
34689|0x1d7b881|10|245416043
34689|0x1d7b881|11|491149798
34689|0x1d7b881|12|983765818
34689|0x11d7b881|13|1965976084
34689|0x11d7b881|14|3934943661
34689|0x51d7b881|15|6810302852
34689|0x51d7b881|16|15804700124
34689|0x51d7b881|17|30700165701
34689|0x251d7b881|18|54562554239
34689|0x651d7b881|19|110308834798
34689|0xe51d7b881|20|217573652551
34689|0xe51d7b881|21|439495029265
34689|0x2e51d7b881|22|878933021604
34689|0x2e51d7b881|23|1766503130040
34689|0xae51d7b881|24|3502571452008
34801|0x18911|1|327404
34801|0x38911|2|781960
34801|0x78911|3|1871780
34801|0x78911|4|3782836
34801|0x78911|5|7765878
34801|0x278911|6|15397611
34801|0x278911|7|30760478
34801|0xa78911|8|61564789
34801|0x1a78911|9|123196911
34801|0x1a78911|10|245961835
34801|0x1a78911|11|492470888
34801|0x9a78911|12|985091356
34801|0x19a78911|13|1968881994
34801|0x19a78911|14|3938896176
34801|0x19a78911|15|7878396769
34801|0x99a78911|16|15757896716
34801|0x99a78911|17|27733397772
34801|0x99a78911|18|55090281443
34801|0x99a78911|19|110245010920
34801|0x899a78911|20|220116420990
34801|0x899a78911|21|446406391405
34801|0x2899a78911|22|888368989869
34801|0x6899a78911|23|1765927345909
34801|0xe899a78911|24|3498026988506
35119|0x15dcf|1|372826
35119|0x15dcf|2|858143
35119|0x55dcf|3|1742666
35119|0x55dcf|4|3821152
35119|0x155dcf|5|7419461
35119|0x355dcf|6|15280142
35119|0x355dcf|7|30681944
35119|0x355dcf|8|61369583
35119|0x1355dcf|9|122350348
35119|0x1355dcf|10|245264642
35119|0x1355dcf|11|490301592
35119|0x9355dcf|12|979888258
35119|0x9355dcf|13|1967258077
35119|0x9355dcf|14|3347550927
35119|0x49355dcf|15|7869214415
35119|0x49355dcf|16|14031995371
35119|0x149355dcf|17|28512400446
35119|0x349355dcf|18|63007898860
35119|0x349355dcf|19|128242866639
35119|0xb49355dcf|20|218034965832
35119|0xb49355dcf|21|444329441873
35119|0xb49355dcf|22|883153879241
35119|0x4b49355dcf|23|1763431179576
35119|0x4b49355dcf|24|3495983304157
35229|0x144b5|1|326061
35229|0x144b5|2|784953
35229|0x544b5|3|1892445
35229|0x544b5|4|3699537
35229|0x544b5|5|7820091
35229|0x544b5|6|15419022
35229|0x544b5|7|30940819
35229|0x544b5|8|53408524
35229|0x10544b5|9|123900781
35229|0x30544b5|10|247727854
35229|0x70544b5|11|468580908
35229|0x70544b5|12|990987438
35229|0x70544b5|13|1983956793
35229|0x270544b5|14|3335723663
35229|0x670544b5|15|7966460623
35229|0x670544b5|16|13994224817
35229|0x1670544b5|17|26769537787
35229|0x3670544b5|18|54843333874
35229|0x3670544b5|19|109581191310
35229|0xb670544b5|20|218239176465
35229|0xb670544b5|21|464542678425
35229|0x2b670544b5|22|877221569376
35229|0x6b670544b5|23|1763121016628
35229|0x6b670544b5|24|3495859594755
35347|0xd01b|1|328361
35347|0x2d01b|2|785746
35347|0x6d01b|3|1896697
35347|0x6d01b|4|3728880
35347|0x16d01b|5|7791271
35347|0x36d01b|6|15500620
35347|0x76d01b|7|30966862
35347|0x76d01b|8|61904240
35347|0x176d01b|9|124240193
35347|0x176d01b|10|248107338
35347|0x176d01b|11|479669329
35347|0x976d01b|12|993539515
35347|0x976d01b|13|1767768119
35347|0x976d01b|14|3385420005
35347|0x4976d01b|15|7682908027
35347|0xc976d01b|16|14735609442
35347|0x1c976d01b|17|27050773563
35347|0x1c976d01b|18|56046405203
35347|0x5c976d01b|19|109465129901
35347|0xdc976d01b|20|218763707901
35347|0xdc976d01b|21|440739635625
35347|0x2dc976d01b|22|877414497064
35347|0x2dc976d01b|23|1764243099465
35347|0x2dc976d01b|24|3496173226588
35457|0x1b581|1|328710
35457|0x1b581|2|786704
35457|0x5b581|3|1905005
35457|0xdb581|4|3702614
35457|0xdb581|5|7762037
35457|0xdb581|6|15391936
35457|0x4db581|7|30770358
35457|0x4db581|8|61423737
35457|0x14db581|9|123146879
35457|0x14db581|10|246285423
35457|0x54db581|11|492775615
35457|0x54db581|12|985653701
35457|0x154db581|13|1646576906
35457|0x354db581|14|3977650188
35457|0x754db581|15|6577413136
35457|0x754db581|16|15986427823
35457|0x1754db581|17|26874376294
35457|0x1754db581|18|55794189217
35457|0x1754db581|19|109741896971
35457|0x9754db581|20|220305491949
35457|0x9754db581|21|448844924875
35457|0x9754db581|22|879804411657
35457|0x9754db581|23|1762594975200
35457|0x9754db581|24|3497088973933
35569|0x12611|1|370873
35569|0x32611|2|895374
35569|0x72611|3|1774068
35569|0x72611|4|3911864
35569|0x72611|5|7685713
35569|0x72611|6|15511389
35569|0x472611|7|31144461
35569|0xc72611|8|62322951
35569|0xc72611|9|124908814
35569|0x2c72611|10|249347986
35569|0x2c72611|11|499203425
35569|0xac72611|12|997953212
35569|0xac72611|13|1820874036
35569|0xac72611|14|4008229046
35569|0xac72611|15|8018332787
35569|0x8ac72611|16|14942848560
35569|0x8ac72611|17|28464150169
35569|0x28ac72611|18|56161263085
35569|0x68ac72611|19|111027398068
35569|0xe8ac72611|20|221025180346
35569|0xe8ac72611|21|449555308455
35569|0xe8ac72611|22|877202047718
35569|0xe8ac72611|23|1759993491437
35569|0x8e8ac72611|24|3498416536960
35683|0x14e4b|1|328850
35683|0x14e4b|2|817578
35683|0x54e4b|3|1995833
35683|0x54e4b|4|3778073
35683|0x154e4b|5|7894614
35683|0x154e4b|6|15575112
35683|0x554e4b|7|31246192
35683|0xd54e4b|8|62720044
35683|0xd54e4b|9|125659595
35683|0xd54e4b|10|251187179
35683|0x4d54e4b|11|502395867
35683|0x4d54e4b|12|1004644782
35683|0x14d54e4b|13|2013775508
35683|0x34d54e4b|14|4027823048
35683|0x74d54e4b|15|6944736215
35683|0x74d54e4b|16|13614735124
35683|0x174d54e4b|17|28163754506
35683|0x174d54e4b|18|59833920180
35683|0x174d54e4b|19|110356463125
35683|0x174d54e4b|20|220871806761
35683|0x174d54e4b|21|444815058649
35683|0x174d54e4b|22|879702211452
35683|0x174d54e4b|23|1754396460405
35683|0x174d54e4b|24|3504037608064
35795|0x1045b|1|389037
35795|0x1045b|2|885607
35795|0x5045b|3|1763388
35795|0x5045b|4|3923134
35795|0x5045b|5|7752972
35795|0x5045b|6|15567216
35795|0x5045b|7|31325441
35795|0x85045b|8|62403068
35795|0x185045b|9|125053665
35795|0x385045b|10|249984391
35795|0x385045b|11|500439311
35795|0x385045b|12|1000394145
35795|0x385045b|13|1940891246
35795|0x2385045b|14|3628509366
35795|0x2385045b|15|7521874241
35795|0xa385045b|16|15304984574
35795|0xa385045b|17|28290556771
35795|0xa385045b|18|59368140205
35795|0xa385045b|19|110987967344
35795|0xa385045b|20|221579481887
35795|0x10a385045b|21|439806227560
35795|0x10a385045b|22|878206997299
35795|0x10a385045b|23|1756416135773
35795|0x90a385045b|24|3502823948804
