109|0x65|1|835298
109|0x165|2|7328
109|0x165|3|14427
109|0x165|4|9269
109|0x965|5|17772
109|0x965|6|26925
109|0x965|7|50333
109|0x965|8|91892
109|0x965|9|184668
109|0x965|10|366448
109|0x965|11|730122
109|0x40965|12|1495539
109|0xc0965|13|2912312
109|0xc0965|14|6086149
109|0x2c0965|15|12178125
109|0x6c0965|16|24429996
109|0x6c0965|17|49322619
109|0x6c0965|18|106481326
109|0x26c0965|19|206179554
109|0x26c0965|20|412680932
109|0xa6c0965|21|826862235
109|0x1a6c0965|22|1651845069
109|0x1a6c0965|23|3300326478
109|0x5a6c0965|24|6577471137
9081|0x56c9|1|92256
9081|0xd6c9|2|203386
9081|0x1d6c9|3|508598
9081|0x1d6c9|4|1007269
9081|0x5d6c9|5|1905563
9081|0x5d6c9|6|3854320
9081|0x5d6c9|7|7740642
9081|0x25d6c9|8|15671847
9081|0x65d6c9|9|31382970
9081|0xe5d6c9|10|62446614
9081|0x1e5d6c9|11|152904966
9081|0x3e5d6c9|12|293424017
9081|0x7e5d6c9|13|585314996
9081|0xfe5d6c9|14|1102095061
9081|0x1fe5d6c9|15|1837875410
9081|0x1fe5d6c9|16|4943795582
9081|0x1fe5d6c9|17|8260599655
9081|0x9fe5d6c9|18|16197192053
9081|0x9fe5d6c9|19|27921786786
9081|0x9fe5d6c9|20|55747758360
9081|0x9fe5d6c9|21|112382733713
9081|0x89fe5d6c9|22|219376668019
9081|0x189fe5d6c9|23|439054316741
9081|0x189fe5d6c9|24|875320557004
9143|0x2a07|1|104956
9143|0x2a07|2|229518
9143|0x12a07|3|505124
9143|0x12a07|4|1033286
9143|0x52a07|5|1804640
9143|0x52a07|6|3981348
9143|0x152a07|7|7721097
9143|0x352a07|8|15607649
9143|0x752a07|9|31115801
9143|0xf52a07|10|62107522
9143|0xf52a07|11|123969396
9143|0xf52a07|12|246401572
9143|0x4f52a07|13|492625511
9143|0x4f52a07|14|809104396
9143|0x14f52a07|15|1732657833
9143|0x14f52a07|16|3996711511
9143|0x14f52a07|17|7226229660
9143|0x94f52a07|18|13305873266
9143|0x94f52a07|19|27737992807
9143|0x94f52a07|20|55468041719
9143|0x94f52a07|21|115139879187
9143|0x894f52a07|22|219379862598
9143|0x894f52a07|23|438717156538
9143|0x894f52a07|24|875688140399
9995|0x6ca3|1|91039
9995|0xeca3|2|209769
9995|0x1eca3|3|454285
9995|0x3eca3|4|931403
9995|0x3eca3|5|2044926
9995|0xbeca3|6|3623163
9995|0x1beca3|7|7582056
9995|0x1beca3|8|15239277
9995|0x5beca3|9|30342392
9995|0x5beca3|10|60448865
9995|0x15beca3|11|121350767
9995|0x15beca3|12|242271225
9995|0x15beca3|13|486301594
9995|0x15beca3|14|980269315
9995|0x115beca3|15|1638642456
9995|0x115beca3|16|3293594497
9995|0x515beca3|17|8110648748
9995|0xd15beca3|18|14458734242
9995|0xd15beca3|19|32412703473
9995|0x2d15beca3|20|56294990962
9995|0x6d15beca3|21|111389845218
9995|0x6d15beca3|22|218989550910
9995|0x16d15beca3|23|437154428581
9995|0x36d15beca3|24|874018142070
10099|0x55bb|1|88993
10099|0x55bb|2|208984
10099|0x55bb|3|436732
10099|0x255bb|4|969580
10099|0x655bb|5|2022391
10099|0xe55bb|6|3751974
10099|0xe55bb|7|7728663
10099|0xe55bb|8|15466765
10099|0xe55bb|9|30777314
10099|0x8e55bb|10|61653823
10099|0x18e55bb|11|114456461
10099|0x38e55bb|12|202923415
10099|0x38e55bb|13|493170741
10099|0xb8e55bb|14|986766956
10099|0xb8e55bb|15|2001145036
10099|0x2b8e55bb|16|3342548112
10099|0x6b8e55bb|17|6652682538
10099|0x6b8e55bb|18|13544647331
10099|0x16b8e55bb|19|27911356138
10099|0x36b8e55bb|20|55345251297
10099|0x76b8e55bb|21|110267361831
10099|0xf6b8e55bb|22|218774052537
10099|0x1f6b8e55bb|23|437072453971
10099|0x1f6b8e55bb|24|878437391952
10215|0x7bd7|1|100974
10215|0xfbd7|2|240187
10215|0x1fbd7|3|498288
10215|0x1fbd7|4|997985
10215|0x1fbd7|5|1808795
10215|0x9fbd7|6|3932764
10215|0x9fbd7|7|7548435
10215|0x29fbd7|8|15443652
10215|0x69fbd7|9|30683314
10215|0x69fbd7|10|61429385
10215|0x169fbd7|11|122837995
10215|0x169fbd7|12|245986018
10215|0x569fbd7|13|492318554
10215|0xd69fbd7|14|987824069
10215|0xd69fbd7|15|1969314115
10215|0xd69fbd7|16|3593617043
10215|0x4d69fbd7|17|6748089913
10215|0x4d69fbd7|18|14374517493
10215|0x14d69fbd7|19|27707743824
10215|0x14d69fbd7|20|54535697218
10215|0x14d69fbd7|21|109916281792
10215|0x94d69fbd7|22|218840608071
10215|0x194d69fbd7|23|436779327210
10215|0x394d69fbd7|24|876177494904
11067|0x75f3|1|105370
11067|0x75f3|2|217409
11067|0x175f3|3|462543
11067|0x375f3|4|884854
11067|0x775f3|5|1798622
11067|0xf75f3|6|3945631
11067|0xf75f3|7|7578961
11067|0x2f75f3|8|15479470
11067|0x6f75f3|9|30945434
11067|0xef75f3|10|61741625
11067|0xef75f3|11|123380084
11067|0xef75f3|12|247028610
11067|0xef75f3|13|493758193
11067|0xef75f3|14|988099517
11067|0x10ef75f3|15|1962209372
11067|0x30ef75f3|16|3934624051
11067|0x30ef75f3|17|7979309592
11067|0xb0ef75f3|18|15352473664
11067|0x1b0ef75f3|19|29683467730
11067|0x1b0ef75f3|20|56987766984
11067|0x5b0ef75f3|21|110243021971
11067|0xdb0ef75f3|22|220784789198
11067|0xdb0ef75f3|23|436512793175
11067|0x2db0ef75f3|24|871890650635
11155|0x2a9b|1|88556
11155|0xaa9b|2|189606
11155|0xaa9b|3|452250
11155|0x2aa9b|4|1030285
11155|0x2aa9b|5|1975591
11155|0x2aa9b|6|3836987
11155|0x12aa9b|7|7741477
11155|0x32aa9b|8|15516794
11155|0x72aa9b|9|30960138
11155|0xf2aa9b|10|61862368
11155|0xf2aa9b|11|123815397
11155|0x2f2aa9b|12|247581995
11155|0x6f2aa9b|13|496763004
11155|0x6f2aa9b|14|881992733
11155|0x6f2aa9b|15|1991802311
11155|0x6f2aa9b|16|3491613389
11155|0x46f2aa9b|17|6606357145
11155|0xc6f2aa9b|18|16200859046
11155|0x1c6f2aa9b|19|29423369449
11155|0x1c6f2aa9b|20|55144812633
11155|0x1c6f2aa9b|21|110529548366
11155|0x1c6f2aa9b|22|223402984121
11155|0x11c6f2aa9b|23|437601945145
11155|0x31c6f2aa9b|24|873890739298
12057|0x3d29|1|94872
12057|0xbd29|2|195990
12057|0x1bd29|3|463443
12057|0x3bd29|4|1008395
12057|0x3bd29|5|2017609
12057|0xbbd29|6|3887476
12057|0xbbd29|7|7775186
12057|0x2bbd29|8|15672508
12057|0x2bbd29|9|31375468
12057|0x2bbd29|10|62752760
12057|0x2bbd29|11|125397485
12057|0x2bbd29|12|251058587
12057|0x42bbd29|13|501839935
12057|0x42bbd29|14|974505471
12057|0x142bbd29|15|1614940746
12057|0x142bbd29|16|3323156556
12057|0x142bbd29|17|6671928451
12057|0x142bbd29|18|13711723716
12057|0x142bbd29|19|27984307422
12057|0x2142bbd29|20|61260626578
12057|0x2142bbd29|21|110641133953
12057|0xa142bbd29|22|218369667375
12057|0x1a142bbd29|23|435733851116
12057|0x1a142bbd29|24|870397580099
12151|0x5a47|1|107582
12151|0x5a47|2|223400
12151|0x15a47|3|504500
12151|0x15a47|4|1012113
12151|0x55a47|5|1893318
12151|0x55a47|6|3967295
12151|0x155a47|7|7652650
12151|0x155a47|8|15638592
12151|0x155a47|9|31297619
12151|0x955a47|10|62694437
12151|0x1955a47|11|125565646
12151|0x1955a47|12|250719548
12151|0x1955a47|13|501081545
12151|0x9955a47|14|1002258422
12151|0x9955a47|15|1639758970
12151|0x29955a47|16|3275323337
12151|0x69955a47|17|8175119433
12151|0xe9955a47|18|16431171889
12151|0x1e9955a47|19|31081976174
12151|0x3e9955a47|20|54384337428
12151|0x7e9955a47|21|109634443499
12151|0x7e9955a47|22|217752369920
12151|0x17e9955a47|23|434645872908
12151|0x17e9955a47|24|870445782618
12273|0x6111|1|92186
12273|0xe111|2|196819
12273|0xe111|3|469140
12273|0x2e111|4|894089
12273|0x2e111|5|1981696
12273|0xae111|6|3821525
12273|0x1ae111|7|8029223
12273|0x3ae111|8|15695258
12273|0x7ae111|9|31443866
12273|0x7ae111|10|63104588
12273|0x17ae111|11|126350008
12273|0x17ae111|12|252609318
12273|0x57ae111|13|504875125
12273|0xd7ae111|14|1010060550
12273|0xd7ae111|15|2020085306
12273|0xd7ae111|16|4051297146
12273|0x4d7ae111|17|7480152183
12273|0xcd7ae111|18|13708743190
12273|0x1cd7ae111|19|27246841126
12273|0x1cd7ae111|20|56881588646
12273|0x5cd7ae111|21|109060980561
12273|0x5cd7ae111|22|217650455292
12273|0x15cd7ae111|23|434681583009
12273|0x15cd7ae111|24|871116164879
13115|0x2df3|1|96162
13115|0x2df3|2|199165
13115|0x2df3|3|424283
13115|0x22df3|4|885771
13115|0x22df3|5|2078891
13115|0xa2df3|6|3904577
13115|0xa2df3|7|8010477
13115|0xa2df3|8|15852911
13115|0xa2df3|9|31869312
13115|0x8a2df3|10|63751914
13115|0x18a2df3|11|127374561
13115|0x38a2df3|12|254841876
13115|0x38a2df3|13|509425122
13115|0xb8a2df3|14|1017157921
13115|0x1b8a2df3|15|2033663372
13115|0x3b8a2df3|16|4065325934
13115|0x7b8a2df3|17|7922506019
13115|0x7b8a2df3|18|13514986738
13115|0x17b8a2df3|19|26794153770
13115|0x17b8a2df3|20|55033223274
13115|0x57b8a2df3|21|109608165331
13115|0x57b8a2df3|22|217768067807
13115|0x57b8a2df3|23|433778748926
13115|0x257b8a2df3|24|868594537182
13211|0x7a93|1|96029
13211|0xfa93|2|199416
13211|0x1fa93|3|427020
13211|0x3fa93|4|905691
13211|0x7fa93|5|2004839
13211|0x7fa93|6|3851713
13211|0x7fa93|7|8039200
13211|0x7fa93|8|15784325
13211|0x47fa93|9|31688573
13211|0xc7fa93|10|63690890
13211|0xc7fa93|11|127414263
13211|0xc7fa93|12|254250629
13211|0xc7fa93|13|508828024
13211|0xc7fa93|14|1016195169
13211|0x10c7fa93|15|2033004188
13211|0x10c7fa93|16|4071886320
13211|0x10c7fa93|17|8168623968
13211|0x10c7fa93|18|13607713551
13211|0x10c7fa93|19|29240886267
13211|0x210c7fa93|20|58164963259
13211|0x210c7fa93|21|110611018788
13211|0xa10c7fa93|22|217700002649
13211|0x1a10c7fa93|23|434646347159
13211|0x3a10c7fa93|24|868526898594
14043|0x5553|1|108631
14043|0xd553|2|244090
14043|0xd553|3|495020
14043|0x2d553|4|971726
14043|0x6d553|5|1865876
14043|0xed553|6|4039960
14043|0x1ed553|7|8077571
14043|0x3ed553|8|16038849
14043|0x7ed553|9|31974076
14043|0xfed553|10|64264431
14043|0x1fed553|11|128152636
14043|0x3fed553|12|255818644
14043|0x7fed553|13|510159710
14043|0xffed553|14|1021261270
14043|0x1ffed553|15|2042556192
14043|0x3ffed553|16|3455747811
14043|0x3ffed553|17|6853266981
14043|0xbffed553|18|14468919040
14043|0xbffed553|19|27750937118
14043|0xbffed553|20|60382916817
14043|0x4bffed553|21|112991420149
14043|0x4bffed553|22|217294309735
14043|0x14bffed553|23|432919706085
14043|0x14bffed553|24|867014827750
14165|0xdfd|1|108336
14165|0xdfd|2|233929
14165|0xdfd|3|498405
14165|0x20dfd|4|984684
14165|0x20dfd|5|1853788
14165|0x20dfd|6|4067485
14165|0x120dfd|7|7996056
14165|0x120dfd|8|16056380
14165|0x120dfd|9|32009850
14165|0x120dfd|10|64254209
14165|0x1120dfd|11|128616292
14165|0x1120dfd|12|257073657
14165|0x5120dfd|13|512174295
14165|0x5120dfd|14|1025339085
14165|0x15120dfd|15|1692728123
14165|0x35120dfd|16|3445075196
14165|0x35120dfd|17|7512574243
14165|0xb5120dfd|18|16441680508
14165|0x1b5120dfd|19|28430315328
14165|0x1b5120dfd|20|55124609962
14165|0x1b5120dfd|21|108824433051
14165|0x9b5120dfd|22|217967239319
14165|0x9b5120dfd|23|433765574623
14165|0x29b5120dfd|24|866859485719
14259|0x4f7b|1|111056
14259|0x4f7b|2|234581
14259|0x14f7b|3|499530
14259|0x34f7b|4|1043849
14259|0x74f7b|5|1916335
14259|0x74f7b|6|4055634
14259|0x174f7b|7|7812092
14259|0x374f7b|8|15841601
14259|0x774f7b|9|31764320
14259|0xf74f7b|10|58115859
14259|0x1f74f7b|11|128503953
14259|0x3f74f7b|12|256957199
14259|0x3f74f7b|13|427792538
14259|0xbf74f7b|14|1027833513
14259|0xbf74f7b|15|1806462445
14259|0xbf74f7b|16|3692957689
14259|0xbf74f7b|17|6549409892
14259|0x8bf74f7b|18|14047913175
14259|0x8bf74f7b|19|26732980329
14259|0x8bf74f7b|20|54337519030
14259|0x48bf74f7b|21|109024243858
14259|0x48bf74f7b|22|219816631865
14259|0x48bf74f7b|23|438328476318
14259|0x48bf74f7b|24|877334764507
15043|0x45eb|1|96988
15043|0xc5eb|2|210253
15043|0xc5eb|3|468992
15043|0x2c5eb|4|903979
15043|0x6c5eb|5|2061136
15043|0x6c5eb|6|3933674
15043|0x6c5eb|7|8104443
15043|0x6c5eb|8|16075978
15043|0x6c5eb|9|32180792
15043|0x6c5eb|10|64633252
15043|0x6c5eb|11|129527587
15043|0x206c5eb|12|258628810
15043|0x606c5eb|13|517703168
15043|0x606c5eb|14|1035339491
15043|0x606c5eb|15|2068978816
15043|0x2606c5eb|16|4125427496
15043|0x2606c5eb|17|7648959696
15043|0xa606c5eb|18|13490355183
15043|0xa606c5eb|19|28266951629
15043|0xa606c5eb|20|55880042782
15043|0x4a606c5eb|21|108353841425
15043|0xca606c5eb|22|216552094765
15043|0xca606c5eb|23|432263858703
15043|0xca606c5eb|24|865511906648
15143|0x497|1|116846
15143|0x8497|2|257271
15143|0x18497|3|512215
15143|0x38497|4|1029986
15143|0x38497|5|1948212
15143|0xb8497|6|4058075
15143|0x1b8497|7|7872669
15143|0x1b8497|8|16037346
15143|0x5b8497|9|32116145
15143|0xdb8497|10|64142951
15143|0x1db8497|11|128363012
15143|0x1db8497|12|256269848
15143|0x1db8497|13|513000538
15143|0x1db8497|14|1026073622
15143|0x1db8497|15|2058346902
15143|0x21db8497|16|3757462540
15143|0x61db8497|17|8214037124
15143|0xe1db8497|18|13874464904
15143|0xe1db8497|19|28611543951
15143|0xe1db8497|20|55706582662
15143|0xe1db8497|21|107856453828
15143|0xe1db8497|22|224056800755
15143|0x10e1db8497|23|432326220620
15143|0x30e1db8497|24|865142608880
15267|0x500b|1|99355
15267|0xd00b|2|211246
15267|0x1d00b|3|480559
15267|0x3d00b|4|1033076
15267|0x3d00b|5|2081129
15267|0x3d00b|6|4022296
15267|0x3d00b|7|7168530
15267|0x23d00b|8|14658446
15267|0x63d00b|9|29312850
15267|0xe3d00b|10|58217482
15267|0xe3d00b|11|117120661
15267|0x2e3d00b|12|232038167
15267|0x2e3d00b|13|468606540
15267|0xae3d00b|14|975805293
15267|0x1ae3d00b|15|1846026754
15267|0x3ae3d00b|16|3472910772
15267|0x3ae3d00b|17|6893481584
15267|0x3ae3d00b|18|14280007455
15267|0x3ae3d00b|19|26831226116
15267|0x3ae3d00b|20|54556993127
15267|0x3ae3d00b|21|108379544440
15267|0x83ae3d00b|22|216889680177
15267|0x183ae3d00b|23|431646653651
15267|0x183ae3d00b|24|864811541542
16021|0x1cbd|1|112075
16021|0x9cbd|2|244389
16021|0x19cbd|3|548404
16021|0x39cbd|4|1013851
16021|0x39cbd|5|1956645
16021|0x39cbd|6|4255213
16021|0x139cbd|7|8295402
16021|0x339cbd|8|16636631
16021|0x339cbd|9|33478001
16021|0x339cbd|10|66840692
16021|0x339cbd|11|134040427
16021|0x2339cbd|12|267952539
16021|0x2339cbd|13|534906646
16021|0xa339cbd|14|1068282671
16021|0x1a339cbd|15|2123438294
16021|0x1a339cbd|16|3598774155
16021|0x5a339cbd|17|6682908341
16021|0x5a339cbd|18|16753599499
16021|0x15a339cbd|19|29517794992
16021|0x35a339cbd|20|56801275020
16021|0x75a339cbd|21|108798756527
16021|0x75a339cbd|22|220989669121
16021|0x75a339cbd|23|434832726086
16021|0x275a339cbd|24|868456592694
16123|0x1c33|1|114450
16123|0x1c33|2|242668
16123|0x1c33|3|525455
16123|0x1c33|4|1055599
16123|0x1c33|5|2133711
16123|0x1c33|6|4098893
16123|0x101c33|7|8406759
16123|0x301c33|8|16805845
16123|0x301c33|9|33464148
16123|0x301c33|10|67039439
16123|0x301c33|11|133998913
16123|0x2301c33|12|268322383
16123|0x6301c33|13|536020214
16123|0xe301c33|14|1071184732
16123|0x1e301c33|15|2020407082
16123|0x1e301c33|16|3816428861
16123|0x5e301c33|17|7684077050
16123|0x5e301c33|18|13562350510
16123|0x5e301c33|19|26646969149
16123|0x5e301c33|20|53765438625
16123|0x45e301c33|21|109369199248
16123|0xc5e301c33|22|216263355531
16123|0x1c5e301c33|23|432273130772
16123|0x3c5e301c33|24|863643768549
16239|0x7f8f|1|98558
16239|0xff8f|2|213560
16239|0x1ff8f|3|481038
16239|0x3ff8f|4|1072979
16239|0x3ff8f|5|2127208
16239|0x3ff8f|6|4076444
16239|0x3ff8f|7|8353587
16239|0x23ff8f|8|16784324
16239|0x23ff8f|9|33397225
16239|0xa3ff8f|10|66771651
16239|0x1a3ff8f|11|133145617
16239|0x3a3ff8f|12|267278369
16239|0x3a3ff8f|13|535621574
16239|0x3a3ff8f|14|1073533606
16239|0x13a3ff8f|15|2148092982
16239|0x33a3ff8f|16|4289128189
16239|0x73a3ff8f|17|8567758833
16239|0xf3a3ff8f|18|15137166773
16239|0x1f3a3ff8f|19|26721658370
16239|0x3f3a3ff8f|20|54237738702
16239|0x7f3a3ff8f|21|107819881553
16239|0xff3a3ff8f|22|217861511649
16239|0xff3a3ff8f|23|432073323836
16239|0x2ff3a3ff8f|24|863393373549
16357|0x65ed|1|313322
16357|0xe5ed|2|375201
16357|0x1e5ed|3|528428
16357|0x1e5ed|4|1062206
16357|0x1e5ed|5|2112824
16357|0x9e5ed|6|4169659
16357|0x19e5ed|7|8430393
16357|0x19e5ed|8|16841937
16357|0x59e5ed|9|33576932
16357|0x59e5ed|10|67296815
16357|0x59e5ed|11|134653485
16357|0x59e5ed|12|269217407
16357|0x59e5ed|13|537812299
16357|0x59e5ed|14|954176025
16357|0x1059e5ed|15|2157323406
16357|0x1059e5ed|16|3449114713
16357|0x5059e5ed|17|7210048337
16357|0x5059e5ed|18|14204119821
16357|0x5059e5ed|19|28349558921
16357|0x25059e5ed|20|54477748745
16357|0x25059e5ed|21|108126792784
16357|0xa5059e5ed|22|217856522850
16357|0xa5059e5ed|23|430488505863
16357|0xa5059e5ed|24|862744360989
16829|0x195|1|165490
16829|0x195|2|390258
16829|0x195|3|852194
16829|0x195|4|1999869
16829|0x80195|5|4003291
16829|0x180195|6|7793255
16829|0x380195|7|15792858
16829|0x780195|8|31726935
16829|0x780195|9|63172786
16829|0x1780195|10|126397231
16829|0x3780195|11|252896571
16829|0x3780195|12|463155820
16829|0xb780195|13|860478173
16829|0x1b780195|14|2019631627
16829|0x1b780195|15|4029536125
16829|0x5b780195|16|8087217254
16829|0x5b780195|17|13701610752
16829|0x15b780195|18|29338441655
16829|0x35b780195|19|56408076533
16829|0x75b780195|20|111446640822
16829|0xf5b780195|21|227753833340
16829|0x1f5b780195|22|441886800587
16829|0x3f5b780195|23|878941434140
16829|0x3f5b780195|24|1751533310231
16945|0xd6d1|1|167859
16945|0x1d6d1|2|406297
16945|0x1d6d1|3|856433
16945|0x5d6d1|4|1995850
16945|0x5d6d1|5|3674104
16945|0x5d6d1|6|7697811
16945|0x5d6d1|7|15047021
16945|0x5d6d1|8|30472608
16945|0x85d6d1|9|60759552
16945|0x185d6d1|10|121735265
16945|0x185d6d1|11|243137498
16945|0x585d6d1|12|486351875
16945|0x585d6d1|13|972794869
16945|0x1585d6d1|14|1945976222
16945|0x3585d6d1|15|3886645210
16945|0x7585d6d1|16|6419712047
16945|0x7585d6d1|17|15667863116
16945|0x17585d6d1|18|32118652908
16945|0x17585d6d1|19|59219631871
16945|0x57585d6d1|20|110256866862
16945|0xd7585d6d1|21|221541926583
16945|0xd7585d6d1|22|439635149789
16945|0x2d7585d6d1|23|880761743722
16945|0x2d7585d6d1|24|1755474789757
17071|0x544f|1|166375
17071|0x544f|2|392034
17071|0x2544f|3|899901
17071|0x6544f|4|2023305
17071|0x6544f|5|3700471
17071|0x16544f|6|7724695
17071|0x16544f|7|15312323
17071|0x16544f|8|30665020
17071|0x16544f|9|61018800
17071|0x116544f|10|122310997
17071|0x116544f|11|244725600
17071|0x116544f|12|489213380
17071|0x116544f|13|978711016
17071|0x116544f|14|1958003675
17071|0x116544f|15|3924930890
17071|0x116544f|16|7436151960
17071|0x8116544f|17|13397936971
17071|0x8116544f|18|26769258064
17071|0x8116544f|19|62490530003
17071|0x8116544f|20|109770035171
17071|0x8116544f|21|220856641599
17071|0x8116544f|22|438425603965
17071|0x208116544f|23|882526241866
17071|0x208116544f|24|1754613176982
17167|0x4bef|1|168129
17167|0x4bef|2|450599
17167|0x4bef|3|977735
17167|0x44bef|4|1946788
17167|0x44bef|5|3801841
17167|0x44bef|6|7610956
17167|0x244bef|7|15342659
17167|0x244bef|8|30690600
17167|0x244bef|9|61330578
17167|0x244bef|10|122421813
17167|0x2244bef|11|245423302
17167|0x2244bef|12|491938315
17167|0x2244bef|13|983719934
17167|0x2244bef|14|1864767241
17167|0x22244bef|15|3919164474
17167|0x22244bef|16|6790847223
17167|0xa2244bef|17|13449814487
17167|0x1a2244bef|18|27100177141
17167|0x1a2244bef|19|54864994107
17167|0x1a2244bef|20|113025117908
17167|0x9a2244bef|21|222077444534
17167|0x9a2244bef|22|438754648005
17167|0x9a2244bef|23|878287031768
17167|0x9a2244bef|24|1753632431794
17285|0x3d4d|1|166760
17285|0x13d4d|2|393704
17285|0x13d4d|3|986945
17285|0x13d4d|4|2020989
17285|0x13d4d|5|3768379
17285|0x113d4d|6|7696533
17285|0x113d4d|7|15439600
17285|0x113d4d|8|30890262
17285|0x113d4d|9|61792762
17285|0x113d4d|10|123657427
17285|0x113d4d|11|247299116
17285|0x4113d4d|12|494300669
17285|0x4113d4d|13|987263985
17285|0x4113d4d|14|1927719000
17285|0x24113d4d|15|3938329147
17285|0x64113d4d|16|7887759357
17285|0xe4113d4d|17|15004619356
17285|0x1e4113d4d|18|29585672180
17285|0x1e4113d4d|19|58564032093
17285|0x5e4113d4d|20|110186144384
17285|0x5e4113d4d|21|219644767271
17285|0x5e4113d4d|22|437909369202
17285|0x5e4113d4d|23|878344567161
17285|0x45e4113d4d|24|1756740454441
17387|0xccc3|1|168007
17387|0x1ccc3|2|393859
17387|0x3ccc3|3|889303
17387|0x7ccc3|4|2018705
17387|0x7ccc3|5|3830950
17387|0x7ccc3|6|7834478
17387|0x7ccc3|7|15550269
17387|0x47ccc3|8|31144285
17387|0xc7ccc3|9|62314284
17387|0xc7ccc3|10|124540863
17387|0x2c7ccc3|11|249291280
17387|0x2c7ccc3|12|498519292
17387|0xac7ccc3|13|988988475
17387|0x1ac7ccc3|14|1855881979
17387|0x3ac7ccc3|15|3957082283
17387|0x7ac7ccc3|16|8007471514
17387|0x7ac7ccc3|17|15209594344
17387|0x17ac7ccc3|18|27288130222
17387|0x37ac7ccc3|19|55417764537
17387|0x77ac7ccc3|20|110725968409
17387|0x77ac7ccc3|21|220112963053
17387|0x77ac7ccc3|22|436187589493
17387|0x77ac7ccc3|23|881337215568
17387|0x77ac7ccc3|24|1751890902097
17889|0xbe21|1|167031
17889|0xbe21|2|413878
17889|0x2be21|3|993581
17889|0x2be21|4|2007226
17889|0xabe21|5|3827629
17889|0x1abe21|6|7755454
17889|0x1abe21|7|15602653
17889|0x5abe21|8|31275009
17889|0x5abe21|9|62764949
17889|0x15abe21|10|125388569
17889|0x35abe21|11|205459887
17889|0x35abe21|12|498848817
17889|0xb5abe21|13|990922403
17889|0x1b5abe21|14|1982095967
17889|0x1b5abe21|15|3965871819
17889|0x1b5abe21|16|7343417064
17889|0x9b5abe21|17|15895230976
17889|0x9b5abe21|18|27533094367
17889|0x9b5abe21|19|55901247651
17889|0x9b5abe21|20|113465872711
17889|0x89b5abe21|21|221808996758
17889|0x189b5abe21|22|435929016304
17889|0x189b5abe21|23|880889358106
17889|0x189b5abe21|24|1752773173165
18009|0xa1e9|1|193945
18009|0xa1e9|2|453040
18009|0x2a1e9|3|996346
18009|0x2a1e9|4|1882246
18009|0x2a1e9|5|3984519
18009|0x12a1e9|6|7736676
18009|0x12a1e9|7|15651149
18009|0x52a1e9|8|31326882
18009|0x52a1e9|9|62618753
18009|0x152a1e9|10|125175184
18009|0x352a1e9|11|250102243
18009|0x352a1e9|12|501170391
18009|0x352a1e9|13|997685954
18009|0x352a1e9|14|1983073602
18009|0x352a1e9|15|3398528037
18009|0x4352a1e9|16|7684758852
18009|0x4352a1e9|17|14613819259
18009|0x4352a1e9|18|27745396249
18009|0x4352a1e9|19|53730660742
18009|0x4352a1e9|20|125159766520
18009|0x4352a1e9|21|221060962015
18009|0x4352a1e9|22|445292477519
18009|0x4352a1e9|23|877321145566
18009|0x4352a1e9|24|1747126202607
18111|0x293f|1|190317
18111|0x293f|2|454751
18111|0x2293f|3|891400
18111|0x6293f|4|1791151
18111|0x6293f|5|3879002
18111|0x6293f|6|7643737
18111|0x26293f|7|15376251
18111|0x66293f|8|29838405
18111|0xe6293f|9|61555733
18111|0x1e6293f|10|123093376
18111|0x3e6293f|11|245472529
18111|0x3e6293f|12|491122901
18111|0xbe6293f|13|982841772
18111|0x1be6293f|14|1965564474
18111|0x1be6293f|15|3936072615
18111|0x5be6293f|16|7917006188
18111|0xdbe6293f|17|15906177066
18111|0x1dbe6293f|18|28584666393
18111|0x1dbe6293f|19|56619119520
18111|0x5dbe6293f|20|114677657949
18111|0x5dbe6293f|21|226434342945
18111|0x5dbe6293f|22|437662682225
18111|0x5dbe6293f|23|879673763783
18111|0x5dbe6293f|24|1751570671555
18231|0x1e87|1|170227
18231|0x1e87|2|443277
18231|0x21e87|3|1001258
18231|0x61e87|4|1986886
18231|0xe1e87|5|3843310
18231|0xe1e87|6|7612633
18231|0xe1e87|7|15467841
18231|0xe1e87|8|26295066
18231|0x8e1e87|9|62040173
18231|0x18e1e87|10|123952724
18231|0x18e1e87|11|248155402
18231|0x18e1e87|12|496541874
18231|0x18e1e87|13|817803015
18231|0x18e1e87|14|1713515995
18231|0x18e1e87|15|3929612035
18231|0x418e1e87|16|7319127200
18231|0xc18e1e87|17|13979234378
18231|0xc18e1e87|18|27673952704
18231|0xc18e1e87|19|54298432123
18231|0xc18e1e87|20|110911443390
18231|0x8c18e1e87|21|220564378062
18231|0x18c18e1e87|22|445276091163
18231|0x18c18e1e87|23|879982478175
18231|0x18c18e1e87|24|1750655130553
18349|0xb425|1|169852
18349|0xb425|2|401086
18349|0xb425|3|930561
18349|0xb425|4|2016420
18349|0xb425|5|3875657
18349|0x10b425|6|7847356
18349|0x10b425|7|15840369
18349|0x50b425|8|31486856
18349|0xd0b425|9|63029990
18349|0x1d0b425|10|124160223
18349|0x1d0b425|11|249717420
18349|0x5d0b425|12|500636535
18349|0x5d0b425|13|1000588528
18349|0x15d0b425|14|2001082319
18349|0x35d0b425|15|3366977018
18349|0x75d0b425|16|8032034942
18349|0xf5d0b425|17|13174245491
18349|0x1f5d0b425|18|27973580966
18349|0x1f5d0b425|19|56691086798
18349|0x1f5d0b425|20|109472005593
18349|0x1f5d0b425|21|223102245842
18349|0x1f5d0b425|22|436931152919
18349|0x1f5d0b425|23|879623812490
18349|0x1f5d0b425|24|1752089095217
18821|0x474d|1|193976
18821|0x474d|2|459810
18821|0x2474d|3|962398
18821|0x6474d|4|1814605
18821|0xe474d|5|3991657
18821|0xe474d|6|7752286
18821|0xe474d|7|15733468
18821|0x4e474d|8|31416366
18821|0x4e474d|9|62624665
18821|0x14e474d|10|125605519
18821|0x14e474d|11|250773416
18821|0x14e474d|12|501718040
18821|0x14e474d|13|953542727
18821|0x14e474d|14|2007717370
18821|0x14e474d|15|3286793964
18821|0x14e474d|16|7907686996
18821|0x14e474d|17|14293916844
18821|0x14e474d|18|28428767021
18821|0x14e474d|19|53151880688
18821|0x14e474d|20|107011659066
18821|0x14e474d|21|218105978626
18821|0x14e474d|22|423040134505
18821|0x20014e474d|23|878127256497
18821|0x20014e474d|24|1747682314569
18931|0x773b|1|192024
18931|0x1773b|2|460713
18931|0x1773b|3|981222
18931|0x5773b|4|1751974
18931|0x5773b|5|3976766
18931|0x15773b|6|7779943
18931|0x35773b|7|15645208
18931|0x75773b|8|31328254
18931|0xf5773b|9|62712105
18931|0xf5773b|10|125620917
18931|0xf5773b|11|250721072
18931|0xf5773b|12|502031947
18931|0x8f5773b|13|1003815095
18931|0x8f5773b|14|1914471782
18931|0x8f5773b|15|4016084123
18931|0x8f5773b|16|8031367708
18931|0x88f5773b|17|16064272674
18931|0x88f5773b|18|30273077217
18931|0x88f5773b|19|59614608045
18931|0x88f5773b|20|110443421857
18931|0x88f5773b|21|221925606392
18931|0x1088f5773b|22|440298235002
18931|0x1088f5773b|23|877666435534
18931|0x5088f5773b|24|1757395314196
19035|0xd5d3|1|171275
19035|0x1d5d3|2|406124
19035|0x3d5d3|3|869728
19035|0x7d5d3|4|2016529
19035|0xfd5d3|5|3848681
19035|0x1fd5d3|6|7913928
19035|0x3fd5d3|7|15648864
19035|0x3fd5d3|8|31359298
19035|0xbfd5d3|9|62908432
19035|0xbfd5d3|10|125678460
19035|0xbfd5d3|11|251405064
19035|0xbfd5d3|12|502472971
19035|0x8bfd5d3|13|1004704812
19035|0x18bfd5d3|14|2008931223
19035|0x18bfd5d3|15|4016729072
19035|0x58bfd5d3|16|8014878511
19035|0x58bfd5d3|17|13426567523
19035|0x158bfd5d3|18|27798872455
19035|0x358bfd5d3|19|56567151036
19035|0x358bfd5d3|20|111906449739
19035|0xb58bfd5d3|21|221089791626
19035|0x1b58bfd5d3|22|438595204895
19035|0x3b58bfd5d3|23|876887506269
19035|0x7b58bfd5d3|24|1748546193029
19153|0x4e31|1|192274
19153|0x4e31|2|462693
19153|0x24e31|3|920187
19153|0x64e31|4|1855099
19153|0x64e31|5|3925973
19153|0x64e31|6|7902631
19153|0x64e31|7|15661980
19153|0x464e31|8|31126901
19153|0x464e31|9|62666698
19153|0x464e31|10|125344460
19153|0x464e31|11|251261388
19153|0x4464e31|12|502482524
19153|0x4464e31|13|1004763682
19153|0x14464e31|14|2009612014
19153|0x34464e31|15|3387310614
19153|0x34464e31|16|6709973348
19153|0x34464e31|17|13192449698
19153|0x134464e31|18|28698817883
19153|0x134464e31|19|54646949466
19153|0x134464e31|20|111164625494
19153|0x934464e31|21|220815484372
19153|0x934464e31|22|442619015287
19153|0x2934464e31|23|878068578838
19153|0x6934464e31|24|2737854984715
19311|0x738f|1|307601
19311|0x1738f|2|733619
19311|0x1738f|3|1554680
19311|0x5738f|4|3153841
19311|0xd738f|5|6465327
19311|0x1d738f|6|12880619
19311|0x3d738f|7|25798606
19311|0x3d738f|8|51664050
19311|0xbd738f|9|103281098
19311|0x1bd738f|10|206598852
19311|0x3bd738f|11|413194336
19311|0x3bd738f|12|744016437
19311|0x3bd738f|13|1347243738
19311|0x3bd738f|14|2807789654
19311|0x23bd738f|15|5704824526
19311|0x23bd738f|16|10835997508
19311|0x23bd738f|17|21624805034
19311|0x23bd738f|18|43242751653
19311|0x23bd738f|19|86340498048
19311|0x23bd738f|20|175408567350
19311|0x823bd738f|21|355784735921
19311|0x823bd738f|22|598295062874
19311|0x823bd738f|23|879270562317
19311|0x823bd738f|24|1743160279817
19417|0x8469|1|194778
19417|0x18469|2|434911
19417|0x18469|3|873190
19417|0x58469|4|1933234
19417|0xd8469|5|3888447
19417|0xd8469|6|7988343
19417|0xd8469|7|15726492
19417|0x4d8469|8|31382840
19417|0xcd8469|9|62914440
19417|0xcd8469|10|125455977
19417|0xcd8469|11|251121917
19417|0x4cd8469|12|502122359
19417|0xccd8469|13|893793514
19417|0x1ccd8469|14|2009555069
19417|0x3ccd8469|15|4023911595
19417|0x7ccd8469|16|8044076846
19417|0x7ccd8469|17|13308153606
19417|0x7ccd8469|18|32216256217
19417|0x27ccd8469|19|55542624342
19417|0x67ccd8469|20|110185496081
19417|0x67ccd8469|21|221102299385
19417|0x167ccd8469|22|440363823959
19417|0x367ccd8469|23|878095572946
19417|0x767ccd8469|24|1744803197668
19925|0x837d|1|172451
19925|0x837d|2|412661
19925|0x2837d|3|946279
19925|0x6837d|4|2032118
19925|0xe837d|5|3864403
19925|0xe837d|6|7847233
19925|0x2e837d|7|15678087
19925|0x6e837d|8|31484982
19925|0xee837d|9|63039172
19925|0xee837d|10|125729167
19925|0xee837d|11|251702574
19925|0x4ee837d|12|419038951
19925|0xcee837d|13|1008121192
19925|0xcee837d|14|2013940135
19925|0xcee837d|15|3757942754
19925|0xcee837d|16|8060788537
19925|0x8cee837d|17|13384724502
19925|0x18cee837d|18|32444204645
19925|0x38cee837d|19|58112209096
19925|0x38cee837d|20|117595166249
19925|0xb8cee837d|21|219448151410
19925|0xb8cee837d|22|439725045627
19925|0xb8cee837d|23|877586574226
19925|0xb8cee837d|24|1742478132938
20041|0x3f9|1|193791
20041|0x103f9|2|469200
20041|0x103f9|3|985988
20041|0x103f9|4|1962818
20041|0x103f9|5|4006084
20041|0x103f9|6|7743266
20041|0x103f9|7|15722792
20041|0x103f9|8|31539305
20041|0x8103f9|9|62701773
20041|0x8103f9|10|125848058
20041|0x8103f9|11|251842003
20041|0x48103f9|12|503898330
20041|0xc8103f9|13|1007959018
20041|0xc8103f9|14|2015584658
20041|0x2c8103f9|15|4031270460
20041|0x2c8103f9|16|8060040264
20041|0x2c8103f9|17|16117412832
20041|0x2c8103f9|18|32027617261
20041|0x2c8103f9|19|54341686420
20041|0x42c8103f9|20|108533722157
20041|0x42c8103f9|21|229624776413
20041|0x42c8103f9|22|439440478529
20041|0x42c8103f9|23|880490585218
20041|0x442c8103f9|24|1742751903098
20145|0x3a51|1|194144
20145|0x13a51|2|490215
20145|0x33a51|3|883518
20145|0x33a51|4|1908986
20145|0x33a51|5|3919325
20145|0x33a51|6|7958673
20145|0x33a51|7|15754288
20145|0x33a51|8|31450977
20145|0x33a51|9|62917296
20145|0x33a51|10|125908228
20145|0x2033a51|11|252230387
20145|0x2033a51|12|504067649
20145|0x2033a51|13|1008198831
20145|0x2033a51|14|2016670676
20145|0x22033a51|15|4032699507
20145|0x22033a51|16|8065495709
20145|0xa2033a51|17|16101134786
20145|0x1a2033a51|18|29094769468
20145|0x3a2033a51|19|54634876706
20145|0x3a2033a51|20|113907512522
20145|0x3a2033a51|21|218132970584
20145|0x3a2033a51|22|439707292287
20145|0x23a2033a51|23|880256735200
20145|0x23a2033a51|24|1741244434672
20267|0xf783|1|172743
20267|0x1f783|2|437603
20267|0x3f783|3|1005732
20267|0x7f783|4|1991067
20267|0xff783|5|3854415
20267|0x1ff783|6|7854757
20267|0x1ff783|7|15707847
20267|0x5ff783|8|25843605
20267|0xdff783|9|62952323
20267|0x1dff783|10|126116468
20267|0x3dff783|11|251929113
20267|0x7dff783|12|504179008
20267|0x7dff783|13|1008527104
20267|0x17dff783|14|2016641646
20267|0x37dff783|15|3302909161
20267|0x37dff783|16|8076718311
20267|0xb7dff783|17|16252030108
20267|0x1b7dff783|18|32607968297
20267|0x1b7dff783|19|62342338192
20267|0x1b7dff783|20|108610549633
20267|0x9b7dff783|21|218068998611
20267|0x9b7dff783|22|439689612244
20267|0x29b7dff783|23|880070760335
20267|0x69b7dff783|24|1741358811927
20377|0x94a9|1|197045
20377|0x194a9|2|472591
20377|0x394a9|3|1017179
20377|0x794a9|4|1765855
20377|0xf94a9|5|3991405
20377|0x1f94a9|6|7846285
20377|0x1f94a9|7|15741443
20377|0x5f94a9|8|31508437
20377|0x5f94a9|9|62833091
20377|0x5f94a9|10|126069502
20377|0x5f94a9|11|252139730
20377|0x5f94a9|12|505823371
20377|0x85f94a9|13|1013193847
20377|0x85f94a9|14|2025746718
20377|0x85f94a9|15|4051788023
20377|0x85f94a9|16|8109110967
20377|0x885f94a9|17|13259714776
20377|0x1885f94a9|18|31640194022
20377|0x1885f94a9|19|55800117540
20377|0x1885f94a9|20|115749905939
20377|0x1885f94a9|21|218586238023
20377|0x1885f94a9|22|439035319687
20377|0x1885f94a9|23|880200765668
20377|0x1885f94a9|24|1741091056322
20481|0xb001|1|192306
20481|0x1b001|2|493108
20481|0x3b001|3|988038
20481|0x7b001|4|1793452
20481|0xfb001|5|3983296
20481|0x1fb001|6|7917254
20481|0x3fb001|7|15843487
20481|0x7fb001|8|31656613
20481|0xffb001|9|63119440
20481|0xffb001|10|126648910
20481|0xffb001|11|253388902
20481|0xffb001|12|507903874
20481|0x8ffb001|13|1016673870
20481|0x18ffb001|14|2034552998
20481|0x18ffb001|15|3919139148
20481|0x18ffb001|16|8134433744
20481|0x18ffb001|17|16266182571
20481|0x18ffb001|18|31127708658
20481|0x18ffb001|19|57069387493
20481|0x18ffb001|20|126178794810
20481|0x18ffb001|21|222820584785
20481|0x1018ffb001|22|473756207479
20481|0x3018ffb001|23|879904800862
20481|0x3018ffb001|24|1742951081659
20979|0xaf3b|1|197749
20979|0xaf3b|2|477708
20979|0xaf3b|3|1003810
20979|0xaf3b|4|1953903
20979|0x8af3b|5|3940405
20979|0x18af3b|6|7770616
20979|0x38af3b|7|15810182
20979|0x78af3b|8|31862436
20979|0x78af3b|9|63718928
20979|0x78af3b|10|127020228
20979|0x278af3b|11|232710197
20979|0x278af3b|12|509259266
20979|0xa78af3b|13|1018515416
20979|0xa78af3b|14|2036851668
20979|0x2a78af3b|15|4072469169
20979|0x2a78af3b|16|6696146004
20979|0xaa78af3b|17|16181675199
20979|0xaa78af3b|18|28668987176
20979|0x2aa78af3b|19|56216559938
20979|0x2aa78af3b|20|108298693779
20979|0xaaa78af3b|21|217588216737
20979|0x1aaa78af3b|22|438135102545
20979|0x1aaa78af3b|23|878899617828
20979|0x5aaa78af3b|24|1742709804982
21083|0x8dd3|1|187784
21083|0x8dd3|2|421326
21083|0x8dd3|3|921813
21083|0x8dd3|4|2022889
21083|0x8dd3|5|3891354
21083|0x8dd3|6|7885422
21083|0x208dd3|7|16000932
21083|0x208dd3|8|31744197
21083|0x208dd3|9|63641016
21083|0x1208dd3|10|127365299
21083|0x1208dd3|11|254561275
21083|0x5208dd3|12|509405477
21083|0x5208dd3|13|1018841380
21083|0x5208dd3|14|1757739213
21083|0x5208dd3|15|3449894659
21083|0x45208dd3|16|7511178354
21083|0x45208dd3|17|16233162720
21083|0x145208dd3|18|32800029781
21083|0x145208dd3|19|54448564008
21083|0x145208dd3|20|108845790605
21083|0x945208dd3|21|217513445017
21083|0x1945208dd3|22|438563117834
21083|0x3945208dd3|23|877867354667
21083|0x3945208dd3|24|1741632575727
21203|0xd55b|1|213134
21203|0x1d55b|2|477034
21203|0x3d55b|3|1006049
21203|0x3d55b|4|2011873
21203|0x3d55b|5|3854549
21203|0x3d55b|6|7988831
21203|0x3d55b|7|15862226
21203|0x3d55b|8|31818178
21203|0x83d55b|9|63433568
21203|0x183d55b|10|127519846
21203|0x383d55b|11|254626192
21203|0x383d55b|12|509448568
21203|0x383d55b|13|1018856266
21203|0x383d55b|14|2039304616
21203|0x2383d55b|15|4078817915
21203|0x2383d55b|16|8160228814
21203|0xa383d55b|17|13246199260
21203|0x1a383d55b|18|28910411398
21203|0x3a383d55b|19|54714402598
21203|0x3a383d55b|20|108093539110
21203|0x3a383d55b|21|217327661449
21203|0x3a383d55b|22|438626899932
21203|0x23a383d55b|23|877858901175
21203|0x63a383d55b|24|1741865725210
21315|0x516b|1|176638
21315|0x1516b|2|468225
21315|0x3516b|3|1010347
21315|0x7516b|4|2032324
21315|0x7516b|5|3831689
21315|0x17516b|6|7995064
21315|0x17516b|7|16003365
21315|0x17516b|8|31779568
21315|0x97516b|9|63652145
21315|0x197516b|10|127306837
21315|0x397516b|11|254731829
21315|0x397516b|12|510115745
21315|0x397516b|13|1019462831
21315|0x397516b|14|1961594039
21315|0x397516b|15|3549218665
21315|0x397516b|16|7013495813
21315|0x397516b|17|13346905531
21315|0x10397516b|18|29537214301
21315|0x30397516b|19|54714545660
21315|0x70397516b|20|108765263887
21315|0x70397516b|21|217608056847
21315|0x70397516b|22|441123714311
21315|0x70397516b|23|878201386235
21315|0x70397516b|24|1740737000817
21423|0xe34f|1|195798
21423|0xe34f|2|480940
21423|0x2e34f|3|1012285
21423|0x6e34f|4|1921961
21423|0xee34f|5|3996540
21423|0xee34f|6|7975285
21423|0x2ee34f|7|15786223
21423|0x6ee34f|8|32104832
21423|0xeee34f|9|63629836
21423|0x1eee34f|10|127373072
21423|0x3eee34f|11|255289558
21423|0x7eee34f|12|475386759
21423|0x7eee34f|13|1020468829
21423|0x7eee34f|14|2038957591
21423|0x27eee34f|15|3642030716
21423|0x67eee34f|16|6696214811
21423|0xe7eee34f|17|16028097816
21423|0x1e7eee34f|18|31322685990
21423|0x1e7eee34f|19|60205525588
21423|0x1e7eee34f|20|108118836420
21423|0x1e7eee34f|21|217002807139
21423|0x1e7eee34f|22|440442856068
21423|0x1e7eee34f|23|882818139499
21423|0x1e7eee34f|24|1746226037675
21897|0xb0b9|1|198137
21897|0xb0b9|2|425359
21897|0xb0b9|3|961721
21897|0x4b0b9|4|1978668
21897|0x4b0b9|5|3862832
21897|0x14b0b9|6|7982946
21897|0x14b0b9|7|15869987
21897|0x54b0b9|8|31990073
21897|0x54b0b9|9|63653506
21897|0x54b0b9|10|123689297
21897|0x54b0b9|11|255456454
21897|0x454b0b9|12|511044582
21897|0x454b0b9|13|1021662501
21897|0x1454b0b9|14|2042245498
21897|0x1454b0b9|15|4084884299
21897|0x1454b0b9|16|8174424920
21897|0x1454b0b9|17|15137900296
21897|0x11454b0b9|18|29882181897
21897|0x11454b0b9|19|60980352535
21897|0x51454b0b9|20|112803523139
21897|0xd1454b0b9|21|219008966243
21897|0xd1454b0b9|22|438618336758
21897|0xd1454b0b9|23|876775241926
21897|0x4d1454b0b9|24|1740408299507
22015|0xa9ff|1|175681
22015|0x1a9ff|2|374869
22015|0x3a9ff|3|889859
22015|0x3a9ff|4|2022843
22015|0xba9ff|5|3875470
22015|0x1ba9ff|6|7921310
22015|0x1ba9ff|7|16051536
22015|0x1ba9ff|8|31913527
22015|0x1ba9ff|9|63864425
22015|0x11ba9ff|10|127693389
22015|0x31ba9ff|11|255476463
22015|0x31ba9ff|12|511323310
22015|0xb1ba9ff|13|1021849699
22015|0xb1ba9ff|14|2044464603
22015|0xb1ba9ff|15|4088396301
22015|0x4b1ba9ff|16|8176698959
22015|0x4b1ba9ff|17|14098714218
22015|0x14b1ba9ff|18|26733248647
22015|0x34b1ba9ff|19|66354651424
22015|0x34b1ba9ff|20|116774247124
22015|0xb4b1ba9ff|21|218883675167
22015|0x1b4b1ba9ff|22|438409476245
22015|0x3b4b1ba9ff|23|880466964937
22015|0x3b4b1ba9ff|24|1740863806531
22125|0x2365|1|199627
22125|0x12365|2|426279
22125|0x12365|3|983298
22125|0x12365|4|1960250
22125|0x12365|5|3877707
22125|0x12365|6|8016831
22125|0x212365|7|15842887
22125|0x212365|8|31891315
22125|0x212365|9|63742200
22125|0x212365|10|127940690
22125|0x212365|11|255755380
22125|0x212365|12|510809936
22125|0x212365|13|1022579981
22125|0x10212365|14|1953131528
22125|0x10212365|15|4090026161
22125|0x10212365|16|8180636942
22125|0x10212365|17|14064611075
22125|0x10212365|18|26756683781
22125|0x210212365|19|54380631701
22125|0x610212365|20|110126953160
22125|0x610212365|21|218634801478
22125|0x610212365|22|446693699728
22125|0x610212365|23|881698355606
22125|0x610212365|24|1744385451178
22241|0x6d21|1|190063
22241|0x16d21|2|375829
22241|0x36d21|3|851302
22241|0x76d21|4|1949926
22241|0x76d21|5|4034776
22241|0x176d21|6|7869116
22241|0x176d21|7|16017370
22241|0x576d21|8|31888782
22241|0xd76d21|9|63765989
22241|0xd76d21|10|127873637
22241|0xd76d21|11|255502281
22241|0x4d76d21|12|510484964
22241|0x4d76d21|13|1021760141
22241|0x4d76d21|14|2043871805
22241|0x24d76d21|15|3626892083
22241|0x64d76d21|16|7159704755
22241|0x64d76d21|17|16237620849
22241|0x164d76d21|18|32722666078
22241|0x364d76d21|19|64643613231
22241|0x764d76d21|20|108641990506
22241|0x764d76d21|21|222361349754
22241|0x764d76d21|22|451479555153
22241|0x2764d76d21|23|887049392823
22241|0x2764d76d21|24|1747678758323
22357|0xedfd|1|197902
22357|0xedfd|2|428019
22357|0xedfd|3|969328
22357|0xedfd|4|1874265
22357|0xedfd|5|4054844
22357|0x10edfd|6|8055593
22357|0x10edfd|7|16035664
22357|0x10edfd|8|32332025
22357|0x90edfd|9|64655321
22357|0x190edfd|10|129074032
22357|0x390edfd|11|257699962
22357|0x390edfd|12|515391939
22357|0x390edfd|13|1031797245
22357|0x1390edfd|14|1808622914
22357|0x1390edfd|15|3505773984
22357|0x5390edfd|16|8223208790
22357|0x5390edfd|17|16484475941
22357|0x5390edfd|18|30636528229
22357|0x25390edfd|19|56611420393
22357|0x65390edfd|20|109968590560
22357|0x65390edfd|21|221576712651
22357|0x65390edfd|22|444030311956
22357|0x65390edfd|23|877749806144
22357|0x65390edfd|24|1740546063792
22467|0xd0eb|1|197868
22467|0x1d0eb|2|427961
22467|0x3d0eb|3|970611
22467|0x3d0eb|4|1945983
22467|0xbd0eb|5|4002351
22467|0xbd0eb|6|8077003
22467|0xbd0eb|7|16077643
22467|0xbd0eb|8|32185324
22467|0xbd0eb|9|64427074
22467|0x10bd0eb|10|128603084
22467|0x10bd0eb|11|257628137
22467|0x10bd0eb|12|515596487
22467|0x10bd0eb|13|1029230953
22467|0x110bd0eb|14|1757177532
22467|0x110bd0eb|15|3836076708
22467|0x110bd0eb|16|7278292793
22467|0x110bd0eb|17|16463427066
22467|0x110bd0eb|18|27173884155
22467|0x110bd0eb|19|54116714963
22467|0x110bd0eb|20|106129848587
22467|0x8110bd0eb|21|217629963919
22467|0x18110bd0eb|22|438235381838
22467|0x38110bd0eb|23|874697420542
22467|0x38110bd0eb|24|1744771476161
22945|0xca61|1|201355
22945|0x1ca61|2|428657
22945|0x1ca61|3|978922
22945|0x5ca61|4|1913900
22945|0x5ca61|5|3995779
22945|0x5ca61|6|8015344
22945|0x5ca61|7|15854328
22945|0x5ca61|8|32240161
22945|0x5ca61|9|64023483
22945|0x105ca61|10|128590096
22945|0x105ca61|11|257666619
22945|0x105ca61|12|514664054
22945|0x905ca61|13|1029198423
22945|0x1905ca61|14|2058290637
22945|0x1905ca61|15|4106399573
22945|0x5905ca61|16|6873978481
22945|0x5905ca61|17|13674739214
22945|0x15905ca61|18|26876777003
22945|0x15905ca61|19|54577317009
22945|0x55905ca61|20|109216122041
22945|0x55905ca61|21|217871444831
22945|0x155905ca61|22|437783285311
22945|0x355905ca61|23|873942045024
22945|0x355905ca61|24|1741676144271
23049|0x5439|1|191011
23049|0x15439|2|379696
23049|0x15439|3|861084
23049|0x15439|4|2029549
23049|0x95439|5|4054633
23049|0x195439|6|7962125
23049|0x195439|7|16148581
23049|0x195439|8|32271476
23049|0x995439|9|64508423
23049|0x1995439|10|129295753
23049|0x3995439|11|258534344
23049|0x3995439|12|517335532
23049|0xb995439|13|1033372865
23049|0x1b995439|14|2066822442
23049|0x3b995439|15|4118403833
23049|0x3b995439|16|8270241055
23049|0x3b995439|17|15663388506
23049|0x3b995439|18|27453674584
23049|0x23b995439|19|54966179836
23049|0x23b995439|20|109394635548
23049|0xa3b995439|21|217669683452
23049|0x1a3b995439|22|437472719345
23049|0x3a3b995439|23|873776179923
23049|0x3a3b995439|24|1737887257980
23165|0x6ed5|1|202007
23165|0x16ed5|2|429965
23165|0x36ed5|3|999230
23165|0x76ed5|4|1957822
23165|0xf6ed5|5|3971588
23165|0xf6ed5|6|8080559
23165|0xf6ed5|7|15960058
23165|0xf6ed5|8|32339368
23165|0x8f6ed5|9|64130973
23165|0x18f6ed5|10|128446355
23165|0x18f6ed5|11|257435795
23165|0x18f6ed5|12|514250864
23165|0x18f6ed5|13|1027371012
23165|0x118f6ed5|14|2040897244
23165|0x118f6ed5|15|3588223491
23165|0x118f6ed5|16|8242154325
23165|0x118f6ed5|17|16506323821
23165|0x1118f6ed5|18|29033894994
23165|0x3118f6ed5|19|55118188716
23165|0x7118f6ed5|20|110234741718
23165|0x7118f6ed5|21|217325167372
23165|0x7118f6ed5|22|437628158181
23165|0x27118f6ed5|23|874453738671
23165|0x67118f6ed5|24|1738655931073
23279|0x140f|1|202238
23279|0x140f|2|432918
23279|0x140f|3|1001134
23279|0x140f|4|1867228
23279|0x140f|5|4062942
23279|0x140f|6|8107747
23279|0x20140f|7|15920003
23279|0x20140f|8|32397204
23279|0x20140f|9|64245356
23279|0x120140f|10|128637247
23279|0x120140f|11|256648643
23279|0x520140f|12|495647835
23279|0x520140f|13|1031228226
23279|0x1520140f|14|2061151558
23279|0x1520140f|15|4133701961
23279|0x1520140f|16|8267996581
23279|0x1520140f|17|15317478620
23279|0x11520140f|18|29676616131
23279|0x11520140f|19|55751965057
23279|0x11520140f|20|109694668686
23279|0x11520140f|21|217314488820
23279|0x111520140f|22|438037918802
23279|0x311520140f|23|874437980686
23279|0x711520140f|24|1738635888788
23379|0xa0db|1|202160
23379|0xa0db|2|433352
23379|0x2a0db|3|985810
23379|0x2a0db|4|1879363
23379|0xaa0db|5|4057750
23379|0xaa0db|6|8044038
23379|0x2aa0db|7|15835959
23379|0x2aa0db|8|32089691
23379|0x2aa0db|9|64102013
23379|0x12aa0db|10|128308857
23379|0x12aa0db|11|256776706
23379|0x12aa0db|12|513244954
23379|0x92aa0db|13|1026842330
23379|0x92aa0db|14|2054129512
23379|0x292aa0db|15|4121298295
23379|0x292aa0db|16|8243973531
23379|0xa92aa0db|17|14040317014
23379|0x1a92aa0db|18|31999394119
23379|0x1a92aa0db|19|55124021063
23379|0x5a92aa0db|20|112884119851
23379|0xda92aa0db|21|217134550038
23379|0x1da92aa0db|22|436875923304
23379|0x1da92aa0db|23|874264489286
23379|0x5da92aa0db|24|1742669150488
23497|0xae79|1|202641
23497|0xae79|2|431968
23497|0x2ae79|3|891344
23497|0x2ae79|4|1972393
23497|0x2ae79|5|3930450
23497|0x2ae79|6|8108073
23497|0x22ae79|7|15927412
23497|0x62ae79|8|31828102
23497|0xe2ae79|9|64050270
23497|0xe2ae79|10|127895522
23497|0x2e2ae79|11|256100811
23497|0x2e2ae79|12|511200534
23497|0xae2ae79|13|1023412604
23497|0xae2ae79|14|2046348164
23497|0x2ae2ae79|15|3360377054
23497|0x6ae2ae79|16|6707188285
23497|0xeae2ae79|17|13985379338
23497|0x1eae2ae79|18|28408616307
23497|0x1eae2ae79|19|57209600076
23497|0x1eae2ae79|20|109742176132
23497|0x1eae2ae79|21|217722096148
23497|0x1eae2ae79|22|433428194453
23497|0x1eae2ae79|23|872974845577
23497|0x1eae2ae79|24|1740612042255
23993|0x9889|1|189574
23993|0x9889|2|384250
23993|0x9889|3|876378
23993|0x9889|4|1968216
23993|0x89889|5|3854128
23993|0x89889|6|8073413
23993|0x289889|7|15869202
23993|0x689889|8|31857921
23993|0x689889|9|64023832
23993|0x1689889|10|127795417
23993|0x1689889|11|255427294
23993|0x5689889|12|510830270
23993|0xd689889|13|1022049569
23993|0x1d689889|14|2050074761
23993|0x1d689889|15|4116900558
23993|0x5d689889|16|7179685010
23993|0xdd689889|17|13785404892
23993|0x1dd689889|18|27631148536
23993|0x1dd689889|19|54732774423
23993|0x1dd689889|20|112890921614
23993|0x9dd689889|21|220479852825
23993|0x19dd689889|22|433651285228
23993|0x39dd689889|23|872560237847
23993|0x79dd689889|24|1738002422591
24105|0x1e19|1|205569
24105|0x1e19|2|435213
24105|0x21e19|3|995596
24105|0x61e19|4|1863971
24105|0xe1e19|5|4008045
24105|0x1e1e19|6|7811091
24105|0x3e1e19|7|15933878
24105|0x3e1e19|8|31800744
24105|0x3e1e19|9|63539400
24105|0x13e1e19|10|127244629
24105|0x33e1e19|11|254236939
24105|0x73e1e19|12|507426838
24105|0xf3e1e19|13|1015800571
24105|0xf3e1e19|14|2036601824
24105|0xf3e1e19|15|4091247398
24105|0x4f3e1e19|16|6596782317
24105|0xcf3e1e19|17|16478904346
24105|0xcf3e1e19|18|28137788908
24105|0x2cf3e1e19|19|57293296961
24105|0x6cf3e1e19|20|110739895210
24105|0x6cf3e1e19|21|219983487561
24105|0x16cf3e1e19|22|434879019157
24105|0x16cf3e1e19|23|872746874611
24105|0x56cf3e1e19|24|1742235951204
24217|0x15a9|1|179743
24217|0x115a9|2|385452
24217|0x315a9|3|997746
24217|0x715a9|4|2030570
24217|0x715a9|5|3850045
24217|0x1715a9|6|7873928
24217|0x1715a9|7|15789689
24217|0x5715a9|8|31824629
24217|0x5715a9|9|63439511
24217|0x5715a9|10|127159579
24217|0x25715a9|11|255449819
24217|0x25715a9|12|511515686
24217|0x25715a9|13|1021718653
24217|0x25715a9|14|2056331772
24217|0x225715a9|15|4120319692
24217|0x225715a9|16|7483195708
24217|0xa25715a9|17|15913072495
24217|0x1a25715a9|18|27737161576
24217|0x3a25715a9|19|55881121145
24217|0x3a25715a9|20|109406018783
24217|0xba25715a9|21|221552057748
24217|0x1ba25715a9|22|433938901646
24217|0x3ba25715a9|23|874895962182
24217|0x7ba25715a9|24|1739869212341
24325|0x95cd|1|178090
24325|0x95cd|2|443418
24325|0x295cd|3|1001492
24325|0x695cd|4|2017121
24325|0xe95cd|5|3942456
24325|0xe95cd|6|7947065
24325|0x2e95cd|7|16093947
24325|0x2e95cd|8|32068665
24325|0xae95cd|9|64281730
24325|0x1ae95cd|10|128719545
24325|0x3ae95cd|11|256889895
24325|0x7ae95cd|12|513767741
24325|0x7ae95cd|13|1027021664
24325|0x17ae95cd|14|2058964258
24325|0x17ae95cd|15|4121382835
24325|0x57ae95cd|16|7130022178
24325|0xd7ae95cd|17|13727252347
24325|0xd7ae95cd|18|27624520098
24325|0x2d7ae95cd|19|56799456524
24325|0x2d7ae95cd|20|109532524330
24325|0xad7ae95cd|21|218388482206
24325|0xad7ae95cd|22|433246869597
24325|0xad7ae95cd|23|877667059093
24325|0x4ad7ae95cd|24|1741298007388
24437|0x38dd|1|179526
24437|0x38dd|2|384475
24437|0x38dd|3|880946
24437|0x438dd|4|2000951
24437|0xc38dd|5|3897420
24437|0x1c38dd|6|8008192
24437|0x1c38dd|7|15852412
24437|0x1c38dd|8|31763565
24437|0x1c38dd|9|63839360
24437|0x1c38dd|10|127440572
24437|0x21c38dd|11|255038555
24437|0x21c38dd|12|510403678
24437|0x21c38dd|13|1021691330
24437|0x121c38dd|14|2051601750
24437|0x121c38dd|15|4132223434
24437|0x521c38dd|16|6787121430
24437|0x521c38dd|17|14481644728
24437|0x521c38dd|18|27322799258
24437|0x2521c38dd|19|60311913023
24437|0x2521c38dd|20|109156979117
24437|0xa521c38dd|21|221440218277
24437|0x1a521c38dd|22|434036190876
24437|0x1a521c38dd|23|872314279556
24437|0x1a521c38dd|24|1744789659502
24553|0x6859|1|225946
24553|0x6859|2|439823
24553|0x6859|3|1005187
24553|0x6859|4|1877325
24553|0x86859|5|4094978
24553|0x86859|6|7900451
24553|0x286859|7|16018688
24553|0x286859|8|32101733
24553|0xa86859|9|64282732
24553|0xa86859|10|128668763
24553|0xa86859|11|257242426
24553|0xa86859|12|514057103
24553|0x8a86859|13|1029091766
24553|0x8a86859|14|2057375560
24553|0x28a86859|15|4126149930
24553|0x28a86859|16|8285449214
24553|0xa8a86859|17|13958674722
24553|0xa8a86859|18|27610037921
24553|0xa8a86859|19|53883907279
24553|0xa8a86859|20|108786520570
24553|0xa8a86859|21|217312030931
24553|0x10a8a86859|22|433573501129
24553|0x10a8a86859|23|873514147992
24553|0x50a8a86859|24|1738237299580
25031|0xff7|1|205206
25031|0x10ff7|2|442162
25031|0x10ff7|3|989155
25031|0x10ff7|4|1886129
25031|0x10ff7|5|3991829
25031|0x10ff7|6|7954704
25031|0x210ff7|7|16190853
25031|0x610ff7|8|32131338
25031|0xe10ff7|9|64505385
25031|0xe10ff7|10|129142663
25031|0x2e10ff7|11|258328469
25031|0x6e10ff7|12|515209148
25031|0x6e10ff7|13|1033214029
25031|0x6e10ff7|14|1891372946
25031|0x26e10ff7|15|4142034757
25031|0x26e10ff7|16|8295215405
25031|0xa6e10ff7|17|13586364879
25031|0x1a6e10ff7|18|28120418617
25031|0x1a6e10ff7|19|55098382022
25031|0x5a6e10ff7|20|112534602182
25031|0x5a6e10ff7|21|217900672148
25031|0x5a6e10ff7|22|433172996695
25031|0x25a6e10ff7|23|871505250866
25031|0x25a6e10ff7|24|1739854501133
25143|0xf387|1|205748
25143|0xf387|2|442981
25143|0x2f387|3|980777
25143|0x6f387|4|1892380
25143|0xef387|5|4107629
25143|0x1ef387|6|7870129
25143|0x3ef387|7|16206856
25143|0x7ef387|8|32216858
25143|0xfef387|9|64545825
25143|0xfef387|10|119408125
25143|0xfef387|11|239181898
25143|0xfef387|12|513734122
25143|0xfef387|13|1033452399
25143|0x10fef387|14|1847577689
25143|0x10fef387|15|3905807422
25143|0x50fef387|16|8133466793
25143|0x50fef387|17|13723278400
25143|0x150fef387|18|27599978793
25143|0x350fef387|19|56393950123
25143|0x350fef387|20|111641792348
25143|0xb50fef387|21|221301140334
25143|0x1b50fef387|22|433715399603
25143|0x3b50fef387|23|870495702899
25143|0x7b50fef387|24|1738317597931
25259|0x8803|1|180899
25259|0x8803|2|390192
25259|0x8803|3|1027197
25259|0x48803|4|2048797
25259|0xc8803|5|3863825
25259|0x1c8803|6|8132653
25259|0x3c8803|7|16098695
25259|0x3c8803|8|32085073
25259|0xbc8803|9|51833084
25259|0xbc8803|10|129019402
25259|0x2bc8803|11|257891540
25259|0x2bc8803|12|515494310
25259|0x2bc8803|13|1030842558
25259|0x2bc8803|14|1947018719
25259|0x2bc8803|15|4124241712
25259|0x2bc8803|16|8308098695
25259|0x2bc8803|17|13693304378
25259|0x2bc8803|18|27666556948
25259|0x202bc8803|19|55537931238
25259|0x602bc8803|20|111791755395
25259|0x602bc8803|21|218162355117
25259|0x1602bc8803|22|434335999449
25259|0x1602bc8803|23|869722917072
25259|0x5602bc8803|24|1737801443971
25369|0x4929|1|208776
25369|0x4929|2|457751
25369|0x24929|3|1016272
25369|0x64929|4|2008668
25369|0xe4929|5|3950109
25369|0x1e4929|6|7905003
25369|0x1e4929|7|16058554
25369|0x5e4929|8|32165909
25369|0xde4929|9|64133925
25369|0xde4929|10|128516594
25369|0xde4929|11|256279583
25369|0x4de4929|12|513351162
25369|0x4de4929|13|1033100389
25369|0x14de4929|14|2068622059
25369|0x14de4929|15|3511579211
25369|0x14de4929|16|7271440901
25369|0x14de4929|17|13608406701
25369|0x14de4929|18|27456165612
25369|0x14de4929|19|57165609718
25369|0x414de4929|20|110195684627
25369|0xc14de4929|21|222160002231
25369|0xc14de4929|22|436254472368
25369|0xc14de4929|23|869298110563
25369|0x4c14de4929|24|1735889560563
25481|0x2b9|1|203772
25481|0x102b9|2|444619
25481|0x102b9|3|1035624
25481|0x102b9|4|2039389
25481|0x902b9|5|3911867
25481|0x902b9|6|8124664
25481|0x2902b9|7|16075480
25481|0x2902b9|8|32277123
25481|0x2902b9|9|64764958
25481|0x2902b9|10|129488374
25481|0x22902b9|11|258549686
25481|0x62902b9|12|517657015
25481|0xe2902b9|13|888270183
25481|0x1e2902b9|14|1852704674
25481|0x1e2902b9|15|3582291427
25481|0x1e2902b9|16|8332688161
25481|0x1e2902b9|17|14206126061
25481|0x1e2902b9|18|27962025063
25481|0x21e2902b9|19|55277940252
25481|0x61e2902b9|20|109149967251
25481|0x61e2902b9|21|217379733676
25481|0x161e2902b9|22|434070320446
25481|0x161e2902b9|23|869974319002
25481|0x161e2902b9|24|1735384801966
25589|0xf05d|1|206084
25589|0xf05d|2|445191
25589|0x2f05d|3|1037857
25589|0x6f05d|4|2057000
25589|0xef05d|5|3903779
25589|0xef05d|6|8008689
25589|0xef05d|7|16172601
25589|0x4ef05d|8|32228958
25589|0xcef05d|9|64550652
25589|0x1cef05d|10|129334921
25589|0x3cef05d|11|258798896
25589|0x7cef05d|12|517317597
25589|0x7cef05d|13|1034754454
25589|0x7cef05d|14|1836841938
25589|0x7cef05d|15|4129370667
25589|0x7cef05d|16|8164904901
25589|0x87cef05d|17|13971167169
25589|0x187cef05d|18|26780861777
25589|0x187cef05d|19|55300884947
25589|0x587cef05d|20|109478045001
25589|0x587cef05d|21|217671611764
25589|0x1587cef05d|22|433504842245
25589|0x3587cef05d|23|870089572306
25589|0x7587cef05d|24|1736234709230
26065|0x1331|1|207005
26065|0x1331|2|445813
26065|0x21331|3|1057864
26065|0x61331|4|1958951
26065|0xe1331|5|4080166
26065|0x1e1331|6|7923074
26065|0x3e1331|7|16058907
26065|0x7e1331|8|32047077
26065|0xfe1331|9|64074619
26065|0x1fe1331|10|128526513
26065|0x3fe1331|11|256942195
26065|0x3fe1331|12|514077607
26065|0x3fe1331|13|1036764667
26065|0x3fe1331|14|1977473051
26065|0x3fe1331|15|3434140534
26065|0x3fe1331|16|7548982533
26065|0x83fe1331|17|13419010246
26065|0x183fe1331|18|27334168425
26065|0x183fe1331|19|54898030840
26065|0x183fe1331|20|108925703171
26065|0x183fe1331|21|218643056402
26065|0x1183fe1331|22|433983610320
26065|0x3183fe1331|23|868981152327
26065|0x3183fe1331|24|1737027756832
26185|0x6bf9|1|182494
26185|0x6bf9|2|392749
26185|0x6bf9|3|906038
26185|0x46bf9|4|2077244
26185|0xc6bf9|5|3971129
26185|0x1c6bf9|6|8081749
26185|0x3c6bf9|7|16005045
26185|0x7c6bf9|8|32191176
26185|0xfc6bf9|9|64214963
26185|0x1fc6bf9|10|128850782
26185|0x1fc6bf9|11|257522218
26185|0x5fc6bf9|12|514495412
26185|0xdfc6bf9|13|1029894936
26185|0x1dfc6bf9|14|2059075928
26185|0x3dfc6bf9|15|4105651710
26185|0x7dfc6bf9|16|6754816964
26185|0xfdfc6bf9|17|13633301560
26185|0x1fdfc6bf9|18|27394596295
26185|0x1fdfc6bf9|19|58582185161
26185|0x5fdfc6bf9|20|110957650115
26185|0xdfdfc6bf9|21|221815127050
26185|0x1dfdfc6bf9|22|433149713680
26185|0x1dfdfc6bf9|23|870113933232
26185|0x5dfdfc6bf9|24|1734905170125
26289|0x2251|1|207174
26289|0x2251|2|446953
26289|0x2251|3|971650
26289|0x42251|4|1838484
26289|0xc2251|5|4042259
26289|0x1c2251|6|7922403
26289|0x3c2251|7|16086438
26289|0x7c2251|8|32097472
26289|0xfc2251|9|64247266
26289|0xfc2251|10|128149898
26289|0xfc2251|11|257418351
26289|0x4fc2251|12|513861645
26289|0xcfc2251|13|842345234
26289|0x1cfc2251|14|2056392206
26289|0x1cfc2251|15|3504044155
26289|0x1cfc2251|16|8299657593
26289|0x9cfc2251|17|13615275849
26289|0x19cfc2251|18|26896625361
26289|0x39cfc2251|19|54280166536
26289|0x79cfc2251|20|112513571178
26289|0x79cfc2251|21|218106047790
26289|0x179cfc2251|22|436307275230
26289|0x379cfc2251|23|872795117155
26289|0x379cfc2251|24|1735151192065
26403|0x8b|1|205304
26403|0x8b|2|447626
26403|0x8b|3|960984
26403|0x8b|4|1997741
26403|0x8008b|5|3962520
26403|0x18008b|6|7897577
26403|0x18008b|7|16121857
26403|0x18008b|8|32278211
26403|0x98008b|9|64141614
26403|0x198008b|10|128869011
26403|0x198008b|11|257578167
26403|0x198008b|12|514973464
26403|0x198008b|13|1030215173
26403|0x198008b|14|2060717962
26403|0x2198008b|15|3931102608
26403|0x6198008b|16|8305071461
26403|0xe198008b|17|15543217820
26403|0x1e198008b|18|27426328842
26403|0x3e198008b|19|55723634661
26403|0x7e198008b|20|111926629411
26403|0xfe198008b|21|218146573502
26403|0x1fe198008b|22|433524796457
26403|0x3fe198008b|23|869422755459
26403|0x3fe198008b|24|1741092713514
26513|0x3971|1|205347
26513|0x13971|2|419965
26513|0x33971|3|848945
26513|0x33971|4|1977585
26513|0x33971|5|3953490
26513|0x133971|6|8165528
26513|0x133971|7|16181408
26513|0x133971|8|32358904
26513|0x133971|9|64684482
26513|0x1133971|10|129386658
26513|0x1133971|11|258501515
26513|0x1133971|12|517421096
26513|0x9133971|13|946754647
26513|0x9133971|14|1877321001
26513|0x29133971|15|4129982390
26513|0x29133971|16|8141435989
26513|0x29133971|17|13710758612
26513|0x29133971|18|26940870481
26513|0x229133971|19|55297444138
26513|0x229133971|20|108236656788
26513|0x229133971|21|221924325376
26513|0x229133971|22|437516588587
26513|0x229133971|23|866843106190
26513|0x4229133971|24|1739662358834
26621|0x2d55|1|183053
26621|0x2d55|2|396798
26621|0x22d55|3|898809
26621|0x62d55|4|2022080
26621|0xe2d55|5|3368545
26621|0xe2d55|6|8418747
26621|0xe2d55|7|16047978
26621|0x4e2d55|8|32323234
26621|0xce2d55|9|64331505
26621|0xce2d55|10|129019129
26621|0xce2d55|11|258197505
26621|0xce2d55|12|516121096
26621|0xce2d55|13|1030814107
26621|0xce2d55|14|1725353793
26621|0xce2d55|15|4137964759
26621|0x40ce2d55|16|6857345483
26621|0x40ce2d55|17|13304610345
26621|0x140ce2d55|18|26916908560
26621|0x140ce2d55|19|52951236352
26621|0x140ce2d55|20|108152335574
26621|0x140ce2d55|21|217431485822
26621|0x1140ce2d55|22|435326740007
26621|0x3140ce2d55|23|868771674266
26621|0x7140ce2d55|24|1738239091731
27083|0x73e3|1|211007
27083|0x73e3|2|453676
27083|0x73e3|3|972653
27083|0x473e3|4|2059618
27083|0x473e3|5|3925432
27083|0x1473e3|6|8108923
27083|0x1473e3|7|16142172
27083|0x5473e3|8|32494259
27083|0xd473e3|9|65102756
27083|0xd473e3|10|129847484
27083|0xd473e3|11|260072744
27083|0x4d473e3|12|519674131
27083|0xcd473e3|13|1040425489
27083|0x1cd473e3|14|1766114494
27083|0x1cd473e3|15|3349743653
27083|0x1cd473e3|16|6718680439
27083|0x1cd473e3|17|13311758395
27083|0x1cd473e3|18|26723037573
27083|0x21cd473e3|19|53881363536
27083|0x21cd473e3|20|109245513995
27083|0x21cd473e3|21|216921390584
27083|0x21cd473e3|22|435864880631
27083|0x21cd473e3|23|867387302796
27083|0x21cd473e3|24|1738861647501
27199|0x85bf|1|206898
27199|0x85bf|2|474809
27199|0x285bf|3|974576
27199|0x285bf|4|1868959
27199|0x285bf|5|4170144
27199|0x285bf|6|7917486
27199|0x285bf|7|16275246
27199|0x285bf|8|32497154
27199|0x285bf|9|64952696
27199|0x285bf|10|129621342
27199|0x285bf|11|259190776
27199|0x40285bf|12|518750757
27199|0xc0285bf|13|1037246795
27199|0xc0285bf|14|1828805693
27199|0xc0285bf|15|3619270834
27199|0xc0285bf|16|6742516237
27199|0xc0285bf|17|14397199209
27199|0xc0285bf|18|27541173613
27199|0xc0285bf|19|53599300717
27199|0x40c0285bf|20|109513033695
27199|0xc0c0285bf|21|216857435952
27199|0x1c0c0285bf|22|434280271475
27199|0x3c0c0285bf|23|868524575915
27199|0x7c0c0285bf|24|1743138271061
27313|0x9e51|1|198233
27313|0x19e51|2|400002
27313|0x19e51|3|919658
27313|0x59e51|4|2043342
27313|0x59e51|5|3971115
27313|0x159e51|6|8162280
27313|0x159e51|7|16310018
27313|0x159e51|8|32426281
27313|0x959e51|9|65008368
27313|0x1959e51|10|130073008
27313|0x1959e51|11|260080720
27313|0x5959e51|12|520890650
27313|0x5959e51|13|1040645180
27313|0x15959e51|14|2081932250
27313|0x35959e51|15|4199505806
27313|0x35959e51|16|6655605961
27313|0x35959e51|17|14398773773
27313|0x135959e51|18|26712269034
27313|0x335959e51|19|53724888119
27313|0x335959e51|20|107823602643
27313|0xb35959e51|21|217070089386
27313|0x1b35959e51|22|434025795261
27313|0x1b35959e51|23|867934982408
27313|0x1b35959e51|24|1747573893249
27423|0x50df|1|184636
27423|0x150df|2|422130
27423|0x350df|3|994598
27423|0x750df|4|2046642
27423|0x750df|5|3994730
27423|0x1750df|6|8192325
27423|0x3750df|7|16399525
27423|0x3750df|8|32625407
27423|0xb750df|9|65506236
27423|0x1b750df|10|131205840
27423|0x1b750df|11|262007211
27423|0x5b750df|12|524784150
27423|0x5b750df|13|1049109603
27423|0x15b750df|14|2096947571
27423|0x15b750df|15|3352419872
27423|0x55b750df|16|7295200266
27423|0x55b750df|17|13441980609
27423|0x55b750df|18|26655017989
27423|0x255b750df|19|54156948958
27423|0x655b750df|20|109386656853
27423|0xe55b750df|21|219292401275
27423|0x1e55b750df|22|436670498355
27423|0x1e55b750df|23|871041333572
27423|0x1e55b750df|24|1739353206251
27537|0xb571|1|184609
27537|0x1b571|2|402736
27537|0x3b571|3|997977
27537|0x3b571|4|2050142
27537|0x3b571|5|3954381
27537|0x13b571|6|8196008
27537|0x13b571|7|16419955
27537|0x13b571|8|32677808
27537|0x13b571|9|65280487
27537|0x13b571|10|130979831
27537|0x13b571|11|262158222
27537|0x13b571|12|524506460
27537|0x813b571|13|1046001167
27537|0x1813b571|14|2093257798
27537|0x3813b571|15|3381454069
27537|0x3813b571|16|7834223412
27537|0x3813b571|17|16808876001
27537|0x3813b571|18|26966360286
27537|0x3813b571|19|53279346055
27537|0x3813b571|20|108724022176
27537|0x3813b571|21|218610980357
27537|0x103813b571|22|433678611113
27537|0x303813b571|23|867948312665
27537|0x703813b571|24|1738607507460
27645|0x4955|1|207292
27645|0x14955|2|456607
27645|0x14955|3|993468
27645|0x54955|4|1854918
27645|0x54955|5|4072138
27645|0x54955|6|8012222
27645|0x254955|7|16221588
27645|0x254955|8|32516155
27645|0xa54955|9|65021568
27645|0x1a54955|10|129943661
27645|0x3a54955|11|259782149
27645|0x3a54955|12|520078185
27645|0x3a54955|13|1041145206
27645|0x13a54955|14|1901415907
27645|0x13a54955|15|4028701766
27645|0x13a54955|16|6988630870
27645|0x93a54955|17|16454999887
27645|0x93a54955|18|27311177818
27645|0x93a54955|19|54719055011
27645|0x93a54955|20|107825547751
27645|0x893a54955|21|217227509683
27645|0x1893a54955|22|433783324967
27645|0x1893a54955|23|867746652734
27645|0x1893a54955|24|1735904708255
28139|0x52c3|1|210734
28139|0x152c3|2|459183
28139|0x152c3|3|999794
28139|0x552c3|4|2036507
28139|0x552c3|5|4019063
28139|0x552c3|6|8210148
28139|0x2552c3|7|16258423
28139|0x2552c3|8|32933656
28139|0xa552c3|9|65524766
28139|0xa552c3|10|131164627
28139|0xa552c3|11|262004490
28139|0x4a552c3|12|524223038
28139|0xca552c3|13|956676528
28139|0xca552c3|14|2027059296
28139|0xca552c3|15|4188402543
28139|0xca552c3|16|8390608648
28139|0xca552c3|17|13686910213
28139|0xca552c3|18|26763713811
28139|0x20ca552c3|19|54191386388
28139|0x60ca552c3|20|108129255954
28139|0x60ca552c3|21|217657898247
28139|0x160ca552c3|22|432673479857
28139|0x360ca552c3|23|868124079751
28139|0x360ca552c3|24|1734988416347
28247|0x5d67|1|210902
28247|0x5d67|2|460073
28247|0x25d67|3|988871
28247|0x25d67|4|2010528
28247|0x25d67|5|4038030
28247|0x125d67|6|8219129
28247|0x325d67|7|16230810
28247|0x725d67|8|32889149
28247|0x725d67|9|65340127
28247|0x1725d67|10|131165212
28247|0x3725d67|11|262224362
28247|0x3725d67|12|524214966
28247|0x3725d67|13|1048907916
28247|0x13725d67|14|2097664261
28247|0x13725d67|15|3547943186
28247|0x53725d67|16|7280634764
28247|0xd3725d67|17|15504055592
28247|0x1d3725d67|18|27138605441
28247|0x3d3725d67|19|53826267244
28247|0x3d3725d67|20|107636607951
28247|0xbd3725d67|21|218472650282
28247|0xbd3725d67|22|432774098426
28247|0x2bd3725d67|23|866349745104
28247|0x6bd3725d67|24|1735230860709
28357|0xe00d|1|185611
28357|0xe00d|2|405634
28357|0x2e00d|3|897201
28357|0x6e00d|4|2094276
28357|0x6e00d|5|3972901
28357|0x16e00d|6|8058979
28357|0x36e00d|7|16104267
28357|0x36e00d|8|32537640
28357|0xb6e00d|9|64693389
28357|0x1b6e00d|10|129745354
28357|0x3b6e00d|11|259268887
28357|0x3b6e00d|12|520573195
28357|0x3b6e00d|13|1043480451
28357|0x13b6e00d|14|1729259417
28357|0x13b6e00d|15|3916473953
28357|0x53b6e00d|16|8415298757
28357|0x53b6e00d|17|16476418952
28357|0x153b6e00d|18|28242404472
28357|0x353b6e00d|19|57792005342
28357|0x353b6e00d|20|109787600626
28357|0xb53b6e00d|21|217485590098
28357|0x1b53b6e00d|22|432747899366
28357|0x1b53b6e00d|23|867885990957
28357|0x1b53b6e00d|24|1735391375727
28471|0x7687|1|211194
28471|0x7687|2|462548
28471|0x27687|3|887656
28471|0x67687|4|1996915
28471|0xe7687|5|4013612
28471|0xe7687|6|8195862
28471|0xe7687|7|16223516
28471|0xe7687|8|32596321
28471|0x8e7687|9|64957044
28471|0x8e7687|10|130494242
28471|0x8e7687|11|261930855
28471|0x48e7687|12|523939807
28471|0x48e7687|13|1045697658
28471|0x48e7687|14|2088874420
28471|0x48e7687|15|4004735134
28471|0x448e7687|16|7583404795
28471|0xc48e7687|17|14418016234
28471|0xc48e7687|18|27964853844
28471|0xc48e7687|19|54504098355
28471|0x4c48e7687|20|107562886889
28471|0x4c48e7687|21|217472027596
28471|0x4c48e7687|22|434337764047
28471|0x4c48e7687|23|870686338061
28471|0x44c48e7687|24|1732780604028
28581|0xe02d|1|211466
28581|0xe02d|2|461855
28581|0xe02d|3|914889
28581|0x4e02d|4|1993874
28581|0xce02d|5|4123676
28581|0xce02d|6|7999901
28581|0xce02d|7|16424961
28581|0xce02d|8|32588715
28581|0x8ce02d|9|65206750
28581|0x8ce02d|10|130693824
28581|0x8ce02d|11|261290380
28581|0x8ce02d|12|494411695
28581|0x8ce02d|13|1051423637
28581|0x108ce02d|14|2100142818
28581|0x108ce02d|15|3529168147
28581|0x508ce02d|16|7531628979
28581|0x508ce02d|17|14109125425
28581|0x1508ce02d|18|27556938545
28581|0x3508ce02d|19|54137361775
28581|0x3508ce02d|20|108235185957
28581|0x3508ce02d|21|219780881596
28581|0x13508ce02d|22|437983111243
28581|0x33508ce02d|23|869574369264
28581|0x33508ce02d|24|1733782314910
29065|0x54b9|1|210177
29065|0x154b9|2|464247
29065|0x154b9|3|997492
29065|0x554b9|4|1959244
29065|0x554b9|5|4179458
29065|0x554b9|6|8262311
29065|0x554b9|7|16319151
29065|0x4554b9|8|33083618
29065|0xc554b9|9|65869083
29065|0xc554b9|10|131896488
29065|0xc554b9|11|263671316
29065|0x4c554b9|12|527768093
29065|0xcc554b9|13|1055491969
29065|0x1cc554b9|14|2110779580
29065|0x1cc554b9|15|3433549337
29065|0x1cc554b9|16|7033052590
29065|0x9cc554b9|17|13704630687
29065|0x19cc554b9|18|27169340668
29065|0x19cc554b9|19|53410113927
29065|0x19cc554b9|20|107376622960
29065|0x19cc554b9|21|216441044832
29065|0x119cc554b9|22|433594572293
29065|0x319cc554b9|23|866138849883
29065|0x719cc554b9|24|1735463951389
29185|0x8e01|1|212632
29185|0x18e01|2|464853
29185|0x38e01|3|999191
29185|0x38e01|4|2024983
29185|0x38e01|5|3969894
29185|0x38e01|6|8214147
29185|0x38e01|7|16533338
29185|0x438e01|8|33016116
29185|0xc38e01|9|66323671
29185|0xc38e01|10|132505976
29185|0x2c38e01|11|265416672
29185|0x2c38e01|12|439174655
29185|0xac38e01|13|1064070462
29185|0xac38e01|14|1844523637
29185|0x2ac38e01|15|3358570425
29185|0x6ac38e01|16|6799143869
29185|0xeac38e01|17|13525966960
29185|0xeac38e01|18|27069228105
29185|0xeac38e01|19|54389803152
29185|0x4eac38e01|20|107357934867
29185|0x4eac38e01|21|215438694251
29185|0x14eac38e01|22|432343408297
29185|0x34eac38e01|23|866509164000
29185|0x74eac38e01|24|1735398037802
29285|0xef6d|1|212567
29285|0x1ef6d|2|465513
29285|0x3ef6d|3|1002900
29285|0x7ef6d|4|2024002
29285|0x7ef6d|5|4007382
29285|0x7ef6d|6|8302895
29285|0x7ef6d|7|16614992
29285|0x47ef6d|8|33330019
29285|0x47ef6d|9|69731459
29285|0x147ef6d|10|133366723
29285|0x347ef6d|11|266271741
29285|0x747ef6d|12|533204220
29285|0xf47ef6d|13|853786460
29285|0x1f47ef6d|14|1697981127
29285|0x3f47ef6d|15|3532411932
29285|0x3f47ef6d|16|8498726169
29285|0x3f47ef6d|17|13550322071
29285|0x13f47ef6d|18|27102157626
29285|0x13f47ef6d|19|53623321343
29285|0x53f47ef6d|20|107373974764
29285|0x53f47ef6d|21|215507380266
29285|0x53f47ef6d|22|432432148926
29285|0x53f47ef6d|23|865881562913
29285|0x453f47ef6d|24|1735079438420
29407|0xc91f|1|208459
29407|0x1c91f|2|409219
29407|0x3c91f|3|883991
29407|0x7c91f|4|1990440
29407|0xfc91f|5|4104312
29407|0x1fc91f|6|8055781
29407|0x1fc91f|7|16504106
29407|0x5fc91f|8|32796581
29407|0x5fc91f|9|65976432
29407|0x15fc91f|10|124368584
29407|0x35fc91f|11|263335622
29407|0x35fc91f|12|526323892
29407|0xb5fc91f|13|1056928370
29407|0x1b5fc91f|14|1681311356
29407|0x1b5fc91f|15|3531047814
29407|0x1b5fc91f|16|7141387093
29407|0x9b5fc91f|17|13567909013
29407|0x9b5fc91f|18|27254185929
29407|0x9b5fc91f|19|53532543976
29407|0x9b5fc91f|20|106378513128
29407|0x89b5fc91f|21|215484880254
29407|0x189b5fc91f|22|433481413523
29407|0x389b5fc91f|23|866181288402
29407|0x389b5fc91f|24|1733324410041
29519|0xc3af|1|187699
29519|0xc3af|2|410282
29519|0xc3af|3|1023088
29519|0x4c3af|4|2031124
29519|0x4c3af|5|3966947
29519|0x4c3af|6|8222623
29519|0x24c3af|7|16536857
29519|0x64c3af|8|32838996
29519|0x64c3af|9|65414855
29519|0x164c3af|10|131698017
29519|0x364c3af|11|263334608
29519|0x364c3af|12|526417727
29519|0x364c3af|13|861939620
29519|0x1364c3af|14|1874322218
29519|0x1364c3af|15|4217977636
29519|0x5364c3af|16|6849912239
29519|0x5364c3af|17|13703140727
29519|0x5364c3af|18|31394593682
29519|0x5364c3af|19|54196941033
29519|0x5364c3af|20|109153123533
29519|0x5364c3af|21|214609806188
29519|0x105364c3af|22|432117954245
29519|0x105364c3af|23|869078013404
29519|0x105364c3af|24|1736546259565
29629|0xdf95|1|213533
29629|0x1df95|2|485785
29629|0x3df95|3|1007768
29629|0x7df95|4|2033889
29629|0x7df95|5|3962233
29629|0x7df95|6|8247524
29629|0x7df95|7|16410492
29629|0x47df95|8|32908729
29629|0xc7df95|9|65644304
29629|0x1c7df95|10|131561190
29629|0x3c7df95|11|263322016
29629|0x7c7df95|12|502256089
29629|0xfc7df95|13|1053426257
29629|0x1fc7df95|14|2108133053
29629|0x1fc7df95|15|4214756328
29629|0x5fc7df95|16|8449489157
29629|0xdfc7df95|17|13556838046
29629|0xdfc7df95|18|27175893526
29629|0xdfc7df95|19|54285143084
29629|0x4dfc7df95|20|108986229135
29629|0x4dfc7df95|21|215109615869
29629|0x4dfc7df95|22|433135407946
29629|0x24dfc7df95|23|866912803159
29629|0x64dfc7df95|24|1739139651934
30099|0xf09b|1|214024
30099|0x1f09b|2|469938
30099|0x1f09b|3|1040813
30099|0x5f09b|4|2047792
30099|0x5f09b|5|4008715
30099|0x5f09b|6|8250423
30099|0x25f09b|7|16583067
30099|0x65f09b|8|33108038
30099|0xe5f09b|9|66081021
30099|0x1e5f09b|10|132570988
30099|0x3e5f09b|11|264826701
30099|0x7e5f09b|12|529457161
30099|0x7e5f09b|13|1058391829
30099|0x7e5f09b|14|1813101607
30099|0x27e5f09b|15|4215924345
30099|0x27e5f09b|16|8445152164
30099|0x27e5f09b|17|16986163907
30099|0x127e5f09b|18|30445204405
30099|0x327e5f09b|19|58049503310
30099|0x727e5f09b|20|107989011666
30099|0xf27e5f09b|21|215023995891
30099|0x1f27e5f09b|22|432470132859
30099|0x3f27e5f09b|23|865240171685
30099|0x3f27e5f09b|24|1730911115874
30211|0x64ab|1|188895
30211|0x64ab|2|446505
30211|0x64ab|3|1015313
30211|0x64ab|4|2067326
30211|0x864ab|5|4005649
30211|0x864ab|6|8236247
30211|0x864ab|7|16588936
30211|0x864ab|8|32951953
30211|0x8864ab|9|66210838
30211|0x8864ab|10|132421306
30211|0x8864ab|11|264251894
30211|0x8864ab|12|527837037
30211|0x8864ab|13|943762082
30211|0x8864ab|14|1745705775
30211|0x208864ab|15|4225693699
30211|0x608864ab|16|8479340741
30211|0x608864ab|17|15487926335
30211|0x608864ab|18|30420509781
30211|0x608864ab|19|61598512136
30211|0x608864ab|20|106798246881
30211|0x608864ab|21|216881305233
30211|0x608864ab|22|438970296652
30211|0x608864ab|23|865719858086
30211|0x608864ab|24|1732635228149
30325|0x29dd|1|212257
30325|0x129dd|2|471301
30325|0x129dd|3|1017051
30325|0x529dd|4|1882723
30325|0xd29dd|5|3317762
30325|0x1d29dd|6|8235516
30325|0x3d29dd|7|16438534
30325|0x7d29dd|8|33189133
30325|0xfd29dd|9|66070508
30325|0x1fd29dd|10|132317393
30325|0x3fd29dd|11|264987308
30325|0x7fd29dd|12|446545797
30325|0xffd29dd|13|1056984874
30325|0xffd29dd|14|1698377017
30325|0xffd29dd|15|4228314516
30325|0xffd29dd|16|8486040501
30325|0xffd29dd|17|16986998459
30325|0xffd29dd|18|27576170509
30325|0x20ffd29dd|19|55220420788
30325|0x20ffd29dd|20|109247882864
30325|0x20ffd29dd|21|217012544723
30325|0x120ffd29dd|22|437557707104
30325|0x320ffd29dd|23|868440715959
30325|0x720ffd29dd|24|1731507429332
30435|0x7ecb|1|189105
30435|0x7ecb|2|415123
30435|0x27ecb|3|768194
30435|0x27ecb|4|2029575
30435|0xa7ecb|5|4119612
30435|0xa7ecb|6|8179973
30435|0xa7ecb|7|16591792
30435|0x4a7ecb|8|33071796
30435|0xca7ecb|9|66401314
30435|0xca7ecb|10|132420992
30435|0x2ca7ecb|11|265066760
30435|0x2ca7ecb|12|530958886
30435|0x2ca7ecb|13|1061395751
30435|0x12ca7ecb|14|1906173893
30435|0x12ca7ecb|15|4021875232
30435|0x12ca7ecb|16|7273491438
30435|0x12ca7ecb|17|14983582530
30435|0x12ca7ecb|18|28079539679
30435|0x212ca7ecb|19|54931208070
30435|0x212ca7ecb|20|108894107788
30435|0x212ca7ecb|21|216725397558
30435|0x212ca7ecb|22|432659670824
30435|0x212ca7ecb|23|865255699421
30435|0x212ca7ecb|24|1733814645337
30541|0x9985|1|214850
30541|0x19985|2|472106
30541|0x19985|3|1047226
30541|0x19985|4|2009194
30541|0x99985|5|4051456
30541|0x99985|6|8245563
30541|0x99985|7|16299475
30541|0x499985|8|33169706
30541|0xc99985|9|66062336
30541|0x1c99985|10|132140973
30541|0x1c99985|11|264073471
30541|0x1c99985|12|528448538
30541|0x1c99985|13|1056043030
30541|0x1c99985|14|2112350950
30541|0x1c99985|15|4228170448
30541|0x41c99985|16|7599795289
30541|0xc1c99985|17|14393004322
30541|0x1c1c99985|18|27849530018
30541|0x1c1c99985|19|54226018006
30541|0x5c1c99985|20|108370870652
30541|0x5c1c99985|21|215818643034
30541|0x15c1c99985|22|434208106254
30541|0x35c1c99985|23|865835765716
30541|0x75c1c99985|24|1731935072671
30661|0xef0d|1|215240
30661|0x1ef0d|2|472422
30661|0x1ef0d|3|1021600
30661|0x5ef0d|4|1964688
30661|0x5ef0d|5|4158831
30661|0x15ef0d|6|8293092
30661|0x15ef0d|7|16381303
30661|0x15ef0d|8|33203528
30661|0x15ef0d|9|66250719
30661|0x115ef0d|10|132441724
30661|0x115ef0d|11|264100252
30661|0x115ef0d|12|528515675
30661|0x915ef0d|13|1058791952
30661|0x1915ef0d|14|2036237561
30661|0x1915ef0d|15|4251577952
30661|0x1915ef0d|16|7432700698
30661|0x9915ef0d|17|16608136752
30661|0x19915ef0d|18|29433367795
30661|0x19915ef0d|19|54359149558
30661|0x59915ef0d|20|107740552791
30661|0xd9915ef0d|21|216056476398
30661|0xd9915ef0d|22|431461330544
30661|0x2d9915ef0d|23|864921978908
30661|0x6d9915ef0d|24|1740250551382
31125|0x9bd|1|216512
31125|0x9bd|2|476269
31125|0x9bd|3|1027691
31125|0x9bd|4|1960183
31125|0x9bd|5|4134076
31125|0x9bd|6|8293031
31125|0x2009bd|7|16619286
31125|0x6009bd|8|33404757
31125|0xe009bd|9|66925938
31125|0x1e009bd|10|133955127
31125|0x1e009bd|11|267676761
31125|0x5e009bd|12|535948612
31125|0x5e009bd|13|1073756104
31125|0x15e009bd|14|2135180661
31125|0x35e009bd|15|3754641692
31125|0x75e009bd|16|8578227403
31125|0xf5e009bd|17|14005614702
31125|0xf5e009bd|18|28609699109
31125|0x2f5e009bd|19|56642087831
31125|0x2f5e009bd|20|109587929275
31125|0x2f5e009bd|21|218202592819
31125|0x12f5e009bd|22|432922675190
31125|0x12f5e009bd|23|864304720535
31125|0x52f5e009bd|24|1726071102239
31241|0x3439|1|241410
31241|0x13439|2|476191
31241|0x33439|3|1029445
31241|0x33439|4|2079162
31241|0x33439|5|3992087
31241|0x33439|6|8310446
31241|0x33439|7|16644618
31241|0x33439|8|33289641
31241|0x33439|9|66396168
31241|0x1033439|10|132848392
31241|0x1033439|11|266348529
31241|0x1033439|12|521700318
31241|0x1033439|13|1068320005
31241|0x11033439|14|2128380189
31241|0x31033439|15|3519639510
31241|0x71033439|16|8574292194
31241|0xf1033439|17|14136462438
31241|0xf1033439|18|27096026354
31241|0xf1033439|19|54136100645
31241|0x4f1033439|20|108620469474
31241|0xcf1033439|21|218065874753
31241|0x1cf1033439|22|434011780082
31241|0x3cf1033439|23|864012464878
31241|0x3cf1033439|24|1726672295629
31351|0x7f47|1|214647
31351|0x17f47|2|496413
31351|0x37f47|3|1023225
31351|0x37f47|4|1940949
31351|0xb7f47|5|4196460
31351|0xb7f47|6|8346064
31351|0xb7f47|7|16716585
31351|0xb7f47|8|33688057
31351|0xb7f47|9|67197200
31351|0xb7f47|10|134194455
31351|0xb7f47|11|268656118
31351|0xb7f47|12|534254728
31351|0xb7f47|13|1064276415
31351|0xb7f47|14|2144938792
31351|0xb7f47|15|3830087095
31351|0xb7f47|16|8020321624
31351|0x800b7f47|17|14717128162
31351|0x1800b7f47|18|28600986259
31351|0x1800b7f47|19|54592855924
31351|0x1800b7f47|20|109658234308
31351|0x9800b7f47|21|217699199546
31351|0x19800b7f47|22|436925026897
31351|0x39800b7f47|23|865034138196
31351|0x79800b7f47|24|1726624011233
31461|0xb2ed|1|189474
31461|0x1b2ed|2|420137
31461|0x3b2ed|3|1034419
31461|0x7b2ed|4|2105695
31461|0xfb2ed|5|3988699
31461|0x1fb2ed|6|8317029
31461|0x3fb2ed|7|16637122
31461|0x7fb2ed|8|33115483
31461|0xffb2ed|9|66433262
31461|0xffb2ed|10|133253501
31461|0xffb2ed|11|266496323
31461|0xffb2ed|12|535103754
31461|0xffb2ed|13|924540436
31461|0xffb2ed|14|2146245613
31461|0xffb2ed|15|3640457865
31461|0x40ffb2ed|16|6898306911
31461|0x40ffb2ed|17|17144518290
31461|0x40ffb2ed|18|28589601154
31461|0x40ffb2ed|19|54808224346
31461|0x440ffb2ed|20|108286706690
31461|0xc40ffb2ed|21|217283310040
31461|0x1c40ffb2ed|22|432859558676
31461|0x1c40ffb2ed|23|865447658440
31461|0x5c40ffb2ed|24|1725972597026
31575|0xa067|1|217528
31575|0xa067|2|478186
31575|0xa067|3|1057645
31575|0xa067|4|2088828
31575|0x8a067|5|4068061
31575|0x8a067|6|8379901
31575|0x8a067|7|16804543
31575|0x8a067|8|33393550
31575|0x8a067|9|67149132
31575|0x8a067|10|134238700
31575|0x8a067|11|268409073
31575|0x8a067|12|531942822
31575|0x808a067|13|1073449818
31575|0x808a067|14|2147502062
31575|0x2808a067|15|4034292421
31575|0x6808a067|16|6800453986
31575|0xe808a067|17|13922224941
31575|0x1e808a067|18|28246253717
31575|0x3e808a067|19|54095909781
31575|0x3e808a067|20|107698917481
31575|0x3e808a067|21|218039491311
31575|0x13e808a067|22|432603664821
31575|0x13e808a067|23|866033138492
31575|0x53e808a067|24|1725860771421
31689|0x8e79|1|217666
31689|0x8e79|2|497603
31689|0x8e79|3|1035320
31689|0x48e79|4|2010691
31689|0xc8e79|5|4163750
31689|0x1c8e79|6|8417573
31689|0x3c8e79|7|16805557
31689|0x3c8e79|8|33480761
31689|0x3c8e79|9|67271575
31689|0x3c8e79|10|134179109
31689|0x3c8e79|11|268377248
31689|0x3c8e79|12|537202986
31689|0x83c8e79|13|1051946123
31689|0x183c8e79|14|2035478154
31689|0x383c8e79|15|3925890445
31689|0x783c8e79|16|7744611171
31689|0xf83c8e79|17|13481123688
31689|0xf83c8e79|18|27026368024
31689|0xf83c8e79|19|56160744761
31689|0xf83c8e79|20|107938325368
31689|0x8f83c8e79|21|222519131729
31689|0x18f83c8e79|22|438828774351
31689|0x38f83c8e79|23|864566237343
31689|0x38f83c8e79|24|1725392212840
32143|0x16f|1|220442
32143|0x16f|2|478679
32143|0x16f|3|1039458
32143|0x4016f|4|1933922
32143|0x4016f|5|4251518
32143|0x14016f|6|8329273
32143|0x34016f|7|16650995
32143|0x74016f|8|33596992
32143|0xf4016f|9|66730528
32143|0x1f4016f|10|133979595
32143|0x1f4016f|11|222842781
32143|0x5f4016f|12|535974287
32143|0xdf4016f|13|1075153629
32143|0x1df4016f|14|2151055772
32143|0x3df4016f|15|4306822928
32143|0x7df4016f|16|8608623471
32143|0xfdf4016f|17|17215703369
32143|0xfdf4016f|18|28170474190
32143|0x2fdf4016f|19|55169114734
32143|0x6fdf4016f|20|108062044740
32143|0xefdf4016f|21|220271253978
32143|0xefdf4016f|22|432455859388
32143|0x2efdf4016f|23|863757503008
32143|0x6efdf4016f|24|1725875270897
32257|0x8201|1|192295
32257|0x18201|2|423952
32257|0x38201|3|997899
32257|0x38201|4|2131561
32257|0x38201|5|4131117
32257|0x38201|6|8310661
32257|0x38201|7|16791127
32257|0x38201|8|33441397
32257|0x38201|9|67006251
32257|0x38201|10|134083042
32257|0x2038201|11|267935498
32257|0x6038201|12|535683741
32257|0x6038201|13|1072014538
32257|0x6038201|14|2144458073
32257|0x6038201|15|4294148399
32257|0x46038201|16|7090386932
32257|0x46038201|17|13851642796
32257|0x46038201|18|27344715467
32257|0x246038201|19|54364257398
32257|0x246038201|20|108530464165
32257|0xa46038201|21|217736410415
32257|0xa46038201|22|432935407823
32257|0xa46038201|23|865383704790
32257|0xa46038201|24|1724581930304
32371|0x56bb|1|218733
32371|0x156bb|2|482048
32371|0x356bb|3|1059031
32371|0x356bb|4|2006804
32371|0x356bb|5|4198951
32371|0x1356bb|6|8383751
32371|0x3356bb|7|16700238
32371|0x7356bb|8|33544307
32371|0xf356bb|9|67227870
32371|0xf356bb|10|134460530
32371|0x2f356bb|11|269622935
32371|0x2f356bb|12|538401824
32371|0xaf356bb|13|1075819287
32371|0x1af356bb|14|2155090328
32371|0x3af356bb|15|4292206994
32371|0x7af356bb|16|7504961498
32371|0x7af356bb|17|17223637073
32371|0x17af356bb|18|28157415698
32371|0x37af356bb|19|55080498217
32371|0x77af356bb|20|108414474867
32371|0x77af356bb|21|216901750350
32371|0x77af356bb|22|432407752055
32371|0x277af356bb|23|862980479211
32371|0x677af356bb|24|1724012731837
32483|0xb6cb|1|220869
32483|0xb6cb|2|480705
32483|0x2b6cb|3|1044027
32483|0x2b6cb|4|2131324
32483|0x2b6cb|5|4134404
32483|0x2b6cb|6|8410297
32483|0x22b6cb|7|16778154
32483|0x62b6cb|8|33746775
32483|0xe2b6cb|9|67361098
32483|0x1e2b6cb|10|134530534
32483|0x3e2b6cb|11|269718843
32483|0x3e2b6cb|12|463750281
32483|0xbe2b6cb|13|997939538
32483|0xbe2b6cb|14|1684308952
32483|0x2be2b6cb|15|4311516117
32483|0x2be2b6cb|16|7346458285
32483|0xabe2b6cb|17|13473841272
32483|0xabe2b6cb|18|26951428770
32483|0x2abe2b6cb|19|54033998778
32483|0x2abe2b6cb|20|107731824259
32483|0xaabe2b6cb|21|220529609745
32483|0x1aabe2b6cb|22|435441908952
32483|0x1aabe2b6cb|23|865435148793
32483|0x5aabe2b6cb|24|1724832220447
32597|0x85fd|1|216614
32597|0x185fd|2|483439
32597|0x385fd|3|1062909
32597|0x785fd|4|2117579
32597|0xf85fd|5|4115635
32597|0xf85fd|6|8407071
32597|0x2f85fd|7|16859497
32597|0x6f85fd|8|33516742
32597|0xef85fd|9|67303694
32597|0x1ef85fd|10|134670983
32597|0x1ef85fd|11|269290084
32597|0x1ef85fd|12|539102156
32597|0x9ef85fd|13|1079919307
32597|0x9ef85fd|14|2063457730
32597|0x29ef85fd|15|4006075623
32597|0x69ef85fd|16|6913600926
32597|0x69ef85fd|17|14669864362
32597|0x169ef85fd|18|27568766862
32597|0x369ef85fd|19|53943005521
32597|0x369ef85fd|20|110765980715
32597|0x369ef85fd|21|222999629278
32597|0x1369ef85fd|22|456551040218
32597|0x1369ef85fd|23|901012627330
32597|0x1369ef85fd|24|1811513345769
32713|0xca79|1|219135
32713|0x1ca79|2|499870
32713|0x3ca79|3|1047331
32713|0x7ca79|4|2023607
32713|0x7ca79|5|4221283
32713|0x17ca79|6|8459085
32713|0x37ca79|7|16818131
32713|0x77ca79|8|33624706
32713|0xf7ca79|9|67318615
32713|0xf7ca79|10|134687345
32713|0xf7ca79|11|269279471
32713|0xf7ca79|12|486172064
32713|0xf7ca79|13|1078039586
32713|0x10f7ca79|14|2154740801
32713|0x10f7ca79|15|3910161331
32713|0x50f7ca79|16|7652016947
32713|0xd0f7ca79|17|15203312283
32713|0x1d0f7ca79|18|27554035492
32713|0x1d0f7ca79|19|56007759416
32713|0x1d0f7ca79|20|108568660379
32713|0x9d0f7ca79|21|216306449006
32713|0x9d0f7ca79|22|433499210706
32713|0x29d0f7ca79|23|865495662471
32713|0x29d0f7ca79|24|1720805042199
33025|0x7f01|1|366415
33025|0x7f01|2|890319
33025|0x7f01|3|1917612
33025|0x7f01|4|3802051
33025|0x7f01|5|7880815
33025|0x7f01|6|15918136
33025|0x7f01|7|31868590
33025|0x7f01|8|63528285
33025|0x7f01|9|127162509
33025|0x7f01|10|254174415
33025|0x7f01|11|508632122
33025|0x7f01|12|962223332
33025|0x7f01|13|2034655393
33025|0x7f01|14|4069490247
33025|0x40007f01|15|8144564044
33025|0xc0007f01|16|15100386651
33025|0x1c0007f01|17|27589778703
33025|0x3c0007f01|18|55620320910
33025|0x7c0007f01|19|109609881986
33025|0xfc0007f01|20|219991124751
33025|0x1fc0007f01|21|441897426380
33025|0x3fc0007f01|22|883004795634
33025|0x3fc0007f01|23|1757243737574
33025|0x3fc0007f01|24|3507433429421
33137|0x1f91|1|366839
33137|0x21f91|2|874933
33137|0x21f91|3|1938193
33137|0xa1f91|4|3758370
33137|0xa1f91|5|7847899
33137|0x2a1f91|6|15808698
33137|0x2a1f91|7|31445313
33137|0xaa1f91|8|62990475
33137|0x1aa1f91|9|125976806
33137|0x3aa1f91|10|252195436
33137|0x3aa1f91|11|504594633
33137|0xbaa1f91|12|1009355899
33137|0xbaa1f91|13|2018626752
33137|0x2baa1f91|14|4037196723
33137|0x2baa1f91|15|6671368938
33137|0x2baa1f91|16|16158150051
33137|0x2baa1f91|17|27141044002
33137|0x2baa1f91|18|56405247265
33137|0x42baa1f91|19|109778687926
33137|0xc2baa1f91|20|217583017257
33137|0xc2baa1f91|21|438931093993
33137|0x2c2baa1f91|22|876187159498
33137|0x2c2baa1f91|23|1754849756071
33137|0xac2baa1f91|24|3509051446306
33255|0x101d7|1|367288
33255|0x301d7|2|875819
33255|0x701d7|3|1924731
33255|0x701d7|4|3779148
33255|0x701d7|5|7858412
33255|0x701d7|6|15846073
33255|0x4701d7|7|31438847
33255|0x4701d7|8|63079062
33255|0x4701d7|9|126074471
33255|0x4701d7|10|252491489
33255|0x4701d7|11|505106331
33255|0x84701d7|12|1010227912
33255|0x84701d7|13|1813028574
33255|0x84701d7|14|3443632033
33255|0x484701d7|15|6788957498
33255|0x484701d7|16|13621883683
33255|0x1484701d7|17|28126038746
33255|0x1484701d7|18|56392390086
33255|0x5484701d7|19|110006447137
33255|0x5484701d7|20|217488118545
33255|0x15484701d7|21|437929719261
33255|0x35484701d7|22|876287322257
33255|0x35484701d7|23|1755111997617
33255|0xb5484701d7|24|3508283795651
33351|0x8777|1|325502
33351|0x8777|2|878606
33351|0x8777|3|1943753
33351|0x8777|4|3802328
33351|0x108777|5|7836307
33351|0x308777|6|15712436
33351|0x708777|7|31376141
33351|0x708777|8|63032679
33351|0x708777|9|126184584
33351|0x708777|10|252916932
33351|0x4708777|11|505314507
33351|0x4708777|12|1008943249
33351|0x4708777|13|2020028424
33351|0x24708777|14|4040544281
33351|0x64708777|15|8082537780
33351|0x64708777|16|14279080119
33351|0x164708777|17|29958696976
33351|0x164708777|18|57480423528
33351|0x564708777|19|110173748224
33351|0x564708777|20|217870094659
33351|0x564708777|21|438236387270
33351|0x564708777|22|876025600878
33351|0x564708777|23|1754650927573
33351|0x8564708777|24|3508201570183
33477|0x1ac0d|1|369344
33477|0x1ac0d|2|900353
33477|0x1ac0d|3|1929791
33477|0x9ac0d|4|3770704
33477|0x19ac0d|5|7870378
33477|0x39ac0d|6|15784317
33477|0x79ac0d|7|31410530
33477|0x79ac0d|8|63003488
33477|0x179ac0d|9|117024375
33477|0x179ac0d|10|252287270
33477|0x579ac0d|11|505217752
33477|0x579ac0d|12|1010546623
33477|0x579ac0d|13|2019869300
33477|0x579ac0d|14|3943254201
33477|0x579ac0d|15|8081666394
33477|0x579ac0d|16|16163548279
33477|0x579ac0d|17|28495651689
33477|0x579ac0d|18|53989333808
33477|0x40579ac0d|19|111038792142
33477|0x40579ac0d|20|219790534425
33477|0x40579ac0d|21|437623339219
33477|0x240579ac0d|22|876740801476
33477|0x240579ac0d|23|1753589909023
33477|0xa40579ac0d|24|3506884885368
33581|0x1c4a5|1|341311
33581|0x1c4a5|2|900442
33581|0x1c4a5|3|1932058
33581|0x1c4a5|4|3767483
33581|0x11c4a5|5|7752685
33581|0x11c4a5|6|15513375
33581|0x51c4a5|7|31304589
33581|0x51c4a5|8|62271220
33581|0x51c4a5|9|125040994
33581|0x251c4a5|10|249609749
33581|0x251c4a5|11|499640892
33581|0x251c4a5|12|998980099
33581|0x251c4a5|13|1999876847
33581|0x251c4a5|14|3664880092
33581|0x4251c4a5|15|6944099776
33581|0xc251c4a5|16|13730182211
33581|0xc251c4a5|17|28025289063
33581|0x2c251c4a5|18|55301341050
33581|0x6c251c4a5|19|110627693838
33581|0x6c251c4a5|20|218133134039
33581|0x6c251c4a5|21|438387083217
33581|0x26c251c4a5|22|876152700500
33581|0x66c251c4a5|23|1754020505427
33581|0xe6c251c4a5|24|3507908088873
33693|0x11ab5|1|388100
33693|0x11ab5|2|879771
33693|0x11ab5|3|1766654
33693|0x91ab5|4|3916696
33693|0x91ab5|5|7905336
33693|0x91ab5|6|15518467
33693|0x491ab5|7|31425512
33693|0xc91ab5|8|62610094
33693|0xc91ab5|9|125197398
33693|0xc91ab5|10|250773948
33693|0x4c91ab5|11|501346978
33693|0xcc91ab5|12|889310460
33693|0xcc91ab5|13|1818095014
33693|0xcc91ab5|14|3495754599
33693|0x4cc91ab5|15|6984736600
33693|0x4cc91ab5|16|13813978104
33693|0x4cc91ab5|17|31015716505
33693|0x24cc91ab5|18|56172825167
33693|0x64cc91ab5|19|111233608328
33693|0xe4cc91ab5|20|218401980081
33693|0x1e4cc91ab5|21|437783484060
33693|0x3e4cc91ab5|22|876125865792
33693|0x3e4cc91ab5|23|1755616257267
33693|0xbe4cc91ab5|24|3503807774390
34005|0x947d|1|349150
34005|0x947d|2|881950
34005|0x4947d|3|1965006
34005|0x4947d|4|3809978
34005|0x4947d|5|7730536
34005|0x24947d|6|15562663
34005|0x24947d|7|31302763
34005|0x24947d|8|62608086
34005|0x124947d|9|125367628
34005|0x124947d|10|251085261
34005|0x124947d|11|501640083
34005|0x124947d|12|1003537742
34005|0x1124947d|13|2007695248
34005|0x3124947d|14|4015087183
34005|0x7124947d|15|7237801148
34005|0x7124947d|16|14572897312
34005|0x17124947d|17|31988129515
34005|0x37124947d|18|54947692029
34005|0x77124947d|19|117157338567
34005|0xf7124947d|20|218999668565
34005|0x1f7124947d|21|435516761212
34005|0x1f7124947d|22|884206565976
34005|0x1f7124947d|23|1752607589011
34005|0x9f7124947d|24|3503785715144
34109|0x7a15|1|326347
34109|0x27a15|2|891340
34109|0x67a15|3|1960341
34109|0xe7a15|4|3766161
34109|0xe7a15|5|7780379
34109|0x2e7a15|6|15693807
34109|0x2e7a15|7|31262071
34109|0xae7a15|8|62768688
34109|0x1ae7a15|9|125615815
34109|0x1ae7a15|10|250620381
34109|0x5ae7a15|11|501817081
34109|0x5ae7a15|12|895636911
34109|0x5ae7a15|13|2007653804
34109|0x5ae7a15|14|4015917350
34109|0x5ae7a15|15|8032431256
34109|0x5ae7a15|16|16044145043
34109|0x105ae7a15|17|30122417785
34109|0x305ae7a15|18|55765998507
34109|0x705ae7a15|19|110368628758
34109|0x705ae7a15|20|219836263955
34109|0x705ae7a15|21|438372609648
34109|0x2705ae7a15|22|883859472199
34109|0x6705ae7a15|23|1751750917869
34109|0xe705ae7a15|24|3502946847279
34231|0x6807|1|382214
34231|0x26807|2|866489
34231|0x66807|3|1726101
34231|0x66807|4|3933984
34231|0x66807|5|7712640
34231|0x266807|6|15563820
34231|0x266807|7|31113337
34231|0xa66807|8|52891117
34231|0x1a66807|9|124335868
34231|0x3a66807|10|249212138
34231|0x3a66807|11|498670428
34231|0x3a66807|12|996985608
34231|0x13a66807|13|1993147499
34231|0x13a66807|14|3990586395
34231|0x13a66807|15|7491077267
34231|0x93a66807|16|13642293196
34231|0x193a66807|17|30248067992
34231|0x393a66807|18|57935167185
34231|0x793a66807|19|111368737892
34231|0x793a66807|20|220794552190
34231|0x793a66807|21|442154974765
34231|0x2793a66807|22|882559584200
34231|0x2793a66807|23|1748381544836
34231|0x2793a66807|24|3506026776847
34339|0x1598b|1|370965
34339|0x3598b|2|885444
34339|0x7598b|3|1744761
34339|0x7598b|4|3941925
34339|0x7598b|5|7678191
34339|0x27598b|6|15577719
34339|0x67598b|7|31227139
34339|0x67598b|8|62249588
34339|0x167598b|9|124472940
34339|0x367598b|10|249419569
34339|0x367598b|11|498612442
34339|0x367598b|12|996971880
34339|0x1367598b|13|1999027087
34339|0x1367598b|14|3606271552
34339|0x5367598b|15|6871235453
34339|0xd367598b|16|14491497754
34339|0x1d367598b|17|27416629906
34339|0x1d367598b|18|55433577861
34339|0x1d367598b|19|113128381905
34339|0x9d367598b|20|220245501962
34339|0x9d367598b|21|438049457862
34339|0x9d367598b|22|882136935002
34339|0x9d367598b|23|1749075577714
34339|0x9d367598b|24|3506588043527
34447|0x1d86f|1|374612
34447|0x3d86f|2|837338
34447|0x3d86f|3|1789836
34447|0x3d86f|4|3914903
34447|0x13d86f|5|7147329
34447|0x33d86f|6|15463312
34447|0x73d86f|7|31185974
34447|0x73d86f|8|62329625
34447|0x73d86f|9|124670601
34447|0x73d86f|10|249463813
34447|0x473d86f|11|498931573
34447|0x473d86f|12|904969381
34447|0x473d86f|13|1994364264
34447|0x2473d86f|14|3988426831
34447|0x2473d86f|15|7993586709
34447|0x2473d86f|16|13639293375
34447|0x12473d86f|17|29195169051
34447|0x12473d86f|18|55597041677
34447|0x12473d86f|19|112530265866
34447|0x92473d86f|20|220318156329
34447|0x192473d86f|21|436391429920
34447|0x392473d86f|22|882625238054
34447|0x392473d86f|23|1750073144733
34447|0x392473d86f|24|3503208500290
34559|0x78ff|1|371044
34559|0x278ff|2|888114
34559|0x678ff|3|1932849
34559|0xe78ff|4|3824976
34559|0xe78ff|5|7841733
34559|0xe78ff|6|15490389
34559|0x4e78ff|7|31352825
34559|0xce78ff|8|60053730
34559|0x1ce78ff|9|125207727
34559|0x1ce78ff|10|251230223
34559|0x1ce78ff|11|502371147
34559|0x1ce78ff|12|1004713639
34559|0x1ce78ff|13|1786660705
34559|0x21ce78ff|14|3330852124
34559|0x61ce78ff|15|6812837776
34559|0xe1ce78ff|16|13782868174
34559|0x1e1ce78ff|17|32182245342
34559|0x3e1ce78ff|18|55088722175
34559|0x3e1ce78ff|19|112674026787
34559|0x3e1ce78ff|20|220425658863
34559|0x13e1ce78ff|21|436941498134
34559|0x13e1ce78ff|22|881013504788
34559|0x13e1ce78ff|23|1757282472065
34559|0x13e1ce78ff|24|3505322344660
34673|0x15991|1|324189
34673|0x15991|2|881660
34673|0x55991|3|1955635
34673|0xd5991|4|3828496
34673|0xd5991|5|7850205
34673|0x2d5991|6|15728535
34673|0x6d5991|7|31283738
34673|0xed5991|8|62954079
34673|0x1ed5991|9|125656911
34673|0x1ed5991|10|251197058
34673|0x5ed5991|11|502073378
34673|0xded5991|12|1005070709
34673|0x1ded5991|13|1984181666
34673|0x3ded5991|14|3886689660
34673|0x3ded5991|15|6893747016
34673|0xbded5991|16|16081535201
34673|0xbded5991|17|27812437411
34673|0xbded5991|18|55007701067
34673|0x4bded5991|19|113146975302
34673|0x4bded5991|20|219691955266
34673|0x4bded5991|21|437556425466
34673|0x4bded5991|22|880800770976
34673|0x44bded5991|23|1753932147581
34673|0xc4bded5991|24|3512461989150
34787|0xf5cb|1|371952
34787|0xf5cb|2|888377
34787|0xf5cb|3|1885957
34787|0x8f5cb|4|3906407
34787|0x18f5cb|5|7824673
34787|0x18f5cb|6|15632179
34787|0x58f5cb|7|31338115
34787|0xd8f5cb|8|62967565
34787|0xd8f5cb|9|125614948
34787|0x2d8f5cb|10|251353765
34787|0x2d8f5cb|11|503125207
34787|0x2d8f5cb|12|1005669645
34787|0x12d8f5cb|13|2010310483
34787|0x32d8f5cb|14|4020957917
34787|0x32d8f5cb|15|8042289292
34787|0xb2d8f5cb|16|13509349722
34787|0x1b2d8f5cb|17|31483545219
34787|0x3b2d8f5cb|18|56025054938
34787|0x3b2d8f5cb|19|110479979855
34787|0xbb2d8f5cb|20|222838680545
34787|0x1bb2d8f5cb|21|440122545279
34787|0x3bb2d8f5cb|22|883228005672
34787|0x7bb2d8f5cb|23|1754326501653
34787|0x7bb2d8f5cb|24|3505935116900
35105|0x3ae1|1|372279
35105|0x23ae1|2|890990
35105|0x63ae1|3|1893577
35105|0x63ae1|4|3815350
35105|0x163ae1|5|7798120
35105|0x363ae1|6|15515162
35105|0x363ae1|7|31434359
35105|0xb63ae1|8|62710831
35105|0x1b63ae1|9|125542367
35105|0x3b63ae1|10|251482018
35105|0x3b63ae1|11|502749983
35105|0x3b63ae1|12|908401497
35105|0x3b63ae1|13|1692714232
35105|0x3b63ae1|14|3903044032
35105|0x3b63ae1|15|8046949026
35105|0x3b63ae1|16|16094662750
35105|0x103b63ae1|17|33289826306
35105|0x303b63ae1|18|59198913594
35105|0x303b63ae1|19|112193950929
35105|0x303b63ae1|20|219346958458
35105|0x303b63ae1|21|440420009758
35105|0x2303b63ae1|22|893836854314
35105|0x2303b63ae1|23|1757949979828
35105|0xa303b63ae1|24|3505900876593
35213|0xe145|1|372586
35213|0x2e145|2|891441
35213|0x6e145|3|1812057
35213|0xee145|4|3938595
35213|0xee145|5|7662436
35213|0xee145|6|15627867
35213|0x4ee145|7|31390688
35213|0x4ee145|8|62908398
35213|0x4ee145|9|125763134
35213|0x24ee145|10|251242838
35213|0x64ee145|11|502953638
35213|0x64ee145|12|1005631153
35213|0x164ee145|13|2011898756
35213|0x164ee145|14|4023846795
35213|0x164ee145|15|8048482774
35213|0x964ee145|16|16097111775
35213|0x1964ee145|17|28044094957
35213|0x1964ee145|18|55877055720
35213|0x1964ee145|19|112141416445
35213|0x1964ee145|20|219691603023
35213|0x11964ee145|21|436152256764
35213|0x31964ee145|22|884454537480
35213|0x71964ee145|23|1752298063137
35213|0x71964ee145|24|3501637972320
35329|0x17601|1|371341
35329|0x37601|2|893087
35329|0x37601|3|1995866
35329|0x37601|4|3739806
35329|0x37601|5|7800265
35329|0x237601|6|15732694
35329|0x637601|7|31267690
35329|0x637601|8|62675779
35329|0x637601|9|125819356
35329|0x2637601|10|251374238
35329|0x2637601|11|503012583
35329|0x2637601|12|944570722
35329|0x2637601|13|2012344493
35329|0x22637601|14|3698025112
35329|0x62637601|15|6634968286
35329|0x62637601|16|13281778141
35329|0x62637601|17|26987914763
35329|0x262637601|18|56358775841
35329|0x662637601|19|111166499370
35329|0x662637601|20|219970566940
35329|0x1662637601|21|435758956827
35329|0x3662637601|22|891275840629
35329|0x7662637601|23|1752804519645
35329|0xf662637601|24|3500720717049
35441|0x1f691|1|372769
35441|0x1f691|2|915123
35441|0x1f691|3|1937631
35441|0x9f691|4|3805177
35441|0x19f691|5|7675690
35441|0x39f691|6|15643520
35441|0x39f691|7|31427009
35441|0xb9f691|8|62648920
35441|0x1b9f691|9|125573043
35441|0x3b9f691|10|250862045
35441|0x7b9f691|11|502112778
35441|0xfb9f691|12|1004306381
35441|0x1fb9f691|13|1942212163
35441|0x1fb9f691|14|4017216687
35441|0x5fb9f691|15|8041069784
35441|0xdfb9f691|16|14930321158
35441|0x1dfb9f691|17|32239712425
35441|0x3dfb9f691|18|59486288887
35441|0x3dfb9f691|19|111177347199
35441|0x3dfb9f691|20|219787940677
35441|0x13dfb9f691|21|435744429094
35441|0x33dfb9f691|22|882382504688
35441|0x33dfb9f691|23|1751689995845
35441|0xb3dfb9f691|24|3520336104402
35553|0x3921|1|328951
35553|0x23921|2|787227
35553|0x23921|3|1868717
35553|0x23921|4|3762788
35553|0x23921|5|7751766
35553|0x23921|6|15334885
35553|0x423921|7|30889247
35553|0x423921|8|61784253
35553|0x1423921|9|123677174
35553|0x3423921|10|247646715
35553|0x3423921|11|494971410
35553|0x3423921|12|990466394
35553|0x13423921|13|1967956450
35553|0x33423921|14|3961095063
35553|0x73423921|15|7923186527
35553|0x73423921|16|13064863469
35553|0x173423921|17|27191067161
35553|0x173423921|18|54750040374
35553|0x173423921|19|114890514207
35553|0x973423921|20|224821726466
35553|0x1973423921|21|435820330051
35553|0x1973423921|22|880580886952
35553|0x1973423921|23|1755921451578
35553|0x9973423921|24|3511418868616
35663|0x1abaf|1|355228
35663|0x1abaf|2|895868
35663|0x5abaf|3|1979380
35663|0xdabaf|4|3719802
35663|0x1dabaf|5|7652246
35663|0x3dabaf|6|15332839
35663|0x7dabaf|7|30780824
35663|0x7dabaf|8|61697740
35663|0x17dabaf|9|123581681
35663|0x37dabaf|10|247206528
35663|0x37dabaf|11|494279967
35663|0x37dabaf|12|988942805
35663|0x137dabaf|13|1978418207
35663|0x137dabaf|14|3955529564
35663|0x537dabaf|15|7902043371
35663|0x537dabaf|16|15223139654
35663|0x1537dabaf|17|29441969090
35663|0x3537dabaf|18|54430314479
35663|0x7537dabaf|19|112852417472
35663|0xf537dabaf|20|220168001850
35663|0x1f537dabaf|21|436822778160
35663|0x1f537dabaf|22|880181324148
35663|0x1f537dabaf|23|1753238020185
35663|0x1f537dabaf|24|3511345312732
35771|0x8173|1|376167
35771|0x8173|2|894221
35771|0x8173|3|1962942
35771|0x88173|4|3758462
35771|0x88173|5|7642059
35771|0x88173|6|15368393
35771|0x88173|7|30886955
35771|0x888173|8|61718951
35771|0x888173|9|123988056
35771|0x2888173|10|247886664
35771|0x2888173|11|495432745
35771|0xa888173|12|990634041
35771|0x1a888173|13|1981414914
35771|0x1a888173|14|3962741813
35771|0x1a888173|15|7924998358
35771|0x9a888173|16|15856725322
35771|0x19a888173|17|31278100811
35771|0x19a888173|18|55906991505
35771|0x59a888173|19|120038307723
35771|0x59a888173|20|215812777539
35771|0x59a888173|21|436932624887
35771|0x59a888173|22|892714701960
35771|0x59a888173|23|1753667588769
35771|0x59a888173|24|3511454441634
