205|0x5|1|6338
205|0x5|2|6827
205|0x405|3|11198
205|0xc05|4|18309
205|0xc05|5|29650
205|0x2c05|6|54965
205|0x6c05|7|104916
205|0xec05|8|204037
205|0x1ec05|9|405149
205|0x3ec05|10|754741
205|0x7ec05|11|1413095
205|0xfec05|12|2849660
205|0xfec05|13|5955842
205|0xfec05|14|28009344
205|0x4fec05|15|55795016
205|0x4fec05|16|47338121
205|0x4fec05|17|99998916
205|0x4fec05|18|199702276
205|0x4fec05|19|399390186
205|0x4fec05|20|799261697
205|0x4fec05|21|1597822869
205|0x4fec05|22|3190921045
205|0x404fec05|23|6380747572
205|0xc04fec05|24|12742291321
9077|0x54dd|1|95960
9077|0x54dd|2|201422
9077|0x154dd|3|443190
9077|0x354dd|4|886510
9077|0x354dd|5|1773918
9077|0x354dd|6|3648178
9077|0x354dd|7|7507671
9077|0x2354dd|8|15129127
9077|0x6354dd|9|31240265
9077|0x6354dd|10|62562136
9077|0x6354dd|11|124491446
9077|0x26354dd|12|248202802
9077|0x66354dd|13|534107183
9077|0x66354dd|14|1092102881
9077|0x66354dd|15|1733608866
9077|0x66354dd|16|3788149296
9077|0x66354dd|17|8257324217
9077|0x866354dd|18|13304178433
9077|0x1866354dd|19|27141693782
9077|0x3866354dd|20|56908077051
9077|0x7866354dd|21|112720843904
9077|0x7866354dd|22|219645211304
9077|0x17866354dd|23|438864746021
9077|0x37866354dd|24|877676078979
9135|0x134f|1|106206
9135|0x134f|2|256490
9135|0x1134f|3|510427
9135|0x1134f|4|889115
9135|0x1134f|5|1778665
9135|0x1134f|6|3911275
9135|0x1134f|7|7645279
9135|0x21134f|8|15289803
9135|0x61134f|9|30639750
9135|0x61134f|10|61409775
9135|0x61134f|11|122350274
9135|0x61134f|12|232356816
9135|0x61134f|13|492121075
9135|0x861134f|14|847589131
9135|0x861134f|15|1975941855
9135|0x861134f|16|3984800992
9135|0x861134f|17|7212984807
9135|0x861134f|18|13257693549
9135|0x10861134f|19|33592179115
9135|0x30861134f|20|55973814255
9135|0x30861134f|21|109666917537
9135|0xb0861134f|22|219995754363
9135|0x1b0861134f|23|441686299331
9135|0x3b0861134f|24|875482117814
10009|0x4529|1|90823
10009|0x4529|2|318089
10009|0x4529|3|435163
10009|0x4529|4|897333
10009|0x4529|5|2067705
10009|0x4529|6|3836535
10009|0x104529|7|7845335
10009|0x304529|8|15581392
10009|0x704529|9|31120482
10009|0xf04529|10|62182191
10009|0xf04529|11|124474028
10009|0x2f04529|12|250250169
10009|0x6f04529|13|500453324
10009|0xef04529|14|858316321
10009|0x1ef04529|15|1773576462
10009|0x3ef04529|16|4043236388
10009|0x7ef04529|17|6893053859
10009|0x7ef04529|18|13360030640
10009|0x17ef04529|19|27437920648
10009|0x17ef04529|20|54880218847
10009|0x57ef04529|21|114454167612
10009|0x57ef04529|22|219957728194
10009|0x57ef04529|23|438972672983
10009|0x257ef04529|24|874702853947
10103|0x6247|1|90995
10103|0xe247|2|210772
10103|0xe247|3|438740
10103|0x2e247|4|897909
10103|0x2e247|5|1822532
10103|0x2e247|6|3850078
10103|0x12e247|7|7571020
10103|0x12e247|8|15369119
10103|0x52e247|9|30579901
10103|0x52e247|10|61721745
10103|0x152e247|11|122679835
10103|0x352e247|12|247118253
10103|0x752e247|13|497717849
10103|0xf52e247|14|877383501
10103|0xf52e247|15|1828415758
10103|0xf52e247|16|3940671013
10103|0x4f52e247|17|6849127438
10103|0xcf52e247|18|13767359273
10103|0xcf52e247|19|28436700497
10103|0x2cf52e247|20|58234312146
10103|0x6cf52e247|21|111887012442
10103|0x6cf52e247|22|224306662445
10103|0x6cf52e247|23|437164230590
10103|0x6cf52e247|24|875374465374
10235|0x4b33|1|91253
10235|0xcb33|2|211648
10235|0xcb33|3|535230
10235|0xcb33|4|1003441
10235|0x4cb33|5|2008128
10235|0xccb33|6|3915245
10235|0xccb33|7|7777976
10235|0xccb33|8|15764032
10235|0xccb33|9|31554403
10235|0x8ccb33|10|63021186
10235|0x18ccb33|11|126098816
10235|0x18ccb33|12|251705896
10235|0x18ccb33|13|505466412
10235|0x98ccb33|14|1012992825
10235|0x198ccb33|15|2015257245
10235|0x198ccb33|16|4047878713
10235|0x198ccb33|17|7741037882
10235|0x998ccb33|18|13291184315
10235|0x1998ccb33|19|30707894435
10235|0x3998ccb33|20|57401397431
10235|0x7998ccb33|21|109844342395
10235|0xf998ccb33|22|218394670409
10235|0x1f998ccb33|23|437787413363
10235|0x3f998ccb33|24|877233241466
11095|0x7067|1|102699
11095|0xf067|2|216368
11095|0x1f067|3|448605
11095|0x3f067|4|885997
11095|0x3f067|5|2010799
11095|0xbf067|6|3928069
11095|0x1bf067|7|8066368
11095|0x3bf067|8|15885341
11095|0x7bf067|9|31792995
11095|0xfbf067|10|67921185
11095|0x1fbf067|11|128349147
11095|0x3fbf067|12|256369366
11095|0x7fbf067|13|513170578
11095|0xffbf067|14|1022202796
11095|0xffbf067|15|2036602421
11095|0xffbf067|16|4088826351
11095|0x4ffbf067|17|7533262807
11095|0xcffbf067|18|13766099392
11095|0xcffbf067|19|28252594883
11095|0x2cffbf067|20|54173603514
11095|0x6cffbf067|21|114371659716
11095|0x6cffbf067|22|219406527584
11095|0x6cffbf067|23|436044384558
11095|0x6cffbf067|24|873595254967
11181|0x7025|1|105336
11181|0x7025|2|217755
11181|0x7025|3|488336
11181|0x27025|4|929022
11181|0x67025|5|1845434
11181|0x67025|6|3938960
11181|0x167025|7|7867744
11181|0x167025|8|15677908
11181|0x167025|9|31382427
11181|0x167025|10|62608740
11181|0x167025|11|125390999
11181|0x167025|12|218199450
11181|0x4167025|13|504428236
11181|0xc167025|14|1010960017
11181|0x1c167025|15|2023375825
11181|0x1c167025|16|3636685694
11181|0x5c167025|17|8119445432
11181|0x5c167025|18|14233512466
11181|0x5c167025|19|26992323243
11181|0x25c167025|20|58971779861
11181|0x25c167025|21|109460221501
11181|0x25c167025|22|217738843310
11181|0x125c167025|23|436120616036
11181|0x325c167025|24|872401599407
12069|0x54ad|1|96350
12069|0x54ad|2|194037
12069|0x54ad|3|440697
12069|0x54ad|4|888358
12069|0x54ad|5|2073954
12069|0x854ad|6|3901971
12069|0x854ad|7|7978984
12069|0x854ad|8|15813617
12069|0x4854ad|9|31788272
12069|0x4854ad|10|63563824
12069|0x4854ad|11|127263830
12069|0x24854ad|12|253720530
12069|0x64854ad|13|515799979
12069|0x64854ad|14|1017815799
12069|0x164854ad|15|2037198147
12069|0x164854ad|16|4064604077
12069|0x164854ad|17|6633083583
12069|0x964854ad|18|13973018414
12069|0x1964854ad|19|26930916928
12069|0x3964854ad|20|59543102755
12069|0x7964854ad|21|109346967287
12069|0x7964854ad|22|217286984522
12069|0x17964854ad|23|434675696341
12069|0x17964854ad|24|870132004494
12159|0x107f|1|107178
12159|0x907f|2|223040
12159|0x1907f|3|504181
12159|0x3907f|4|1032754
12159|0x7907f|5|1874120
12159|0xf907f|6|4015389
12159|0xf907f|7|8062255
12159|0xf907f|8|15964865
12159|0x4f907f|9|31676044
12159|0x4f907f|10|63946751
12159|0x14f907f|11|127235682
12159|0x34f907f|12|254942732
12159|0x34f907f|13|507220640
12159|0x34f907f|14|1022377850
12159|0x34f907f|15|1703764753
12159|0x34f907f|16|4082629464
12159|0x434f907f|17|8153230183
12159|0x434f907f|18|16487566245
12159|0x1434f907f|19|27018363203
12159|0x1434f907f|20|54285274394
12159|0x5434f907f|21|109647409758
12159|0xd434f907f|22|217396893560
12159|0x1d434f907f|23|434638201305
12159|0x3d434f907f|24|870387861129
12271|0x5f0f|1|94654
12271|0xdf0f|2|196946
12271|0xdf0f|3|445622
12271|0xdf0f|4|938277
12271|0x4df0f|5|2069368
12271|0x4df0f|6|3831592
12271|0x4df0f|7|7927210
12271|0x4df0f|8|15701695
12271|0x4df0f|9|31427619
12271|0x84df0f|10|62846241
12271|0x184df0f|11|125723072
12271|0x184df0f|12|251876253
12271|0x184df0f|13|503465923
12271|0x184df0f|14|1009642987
12271|0x1184df0f|15|2019671802
12271|0x1184df0f|16|4049390556
12271|0x5184df0f|17|7506274091
12271|0xd184df0f|18|14026362199
12271|0x1d184df0f|19|27391392907
12271|0x3d184df0f|20|54712704063
12271|0x3d184df0f|21|109346639635
12271|0xbd184df0f|22|218151617252
12271|0xbd184df0f|23|434893192464
12271|0xbd184df0f|24|870405098382
13111|0x7287|1|106732
13111|0xf287|2|225405
13111|0x1f287|3|481485
13111|0x1f287|4|954099
13111|0x5f287|5|1828501
13111|0xdf287|6|4004740
13111|0x1df287|7|7899355
13111|0x1df287|8|15852406
13111|0x5df287|9|31697766
13111|0xddf287|10|63248134
13111|0x1ddf287|11|126369673
13111|0x3ddf287|12|253102115
13111|0x7ddf287|13|505999160
13111|0xfddf287|14|1011381985
13111|0xfddf287|15|1691553516
13111|0x2fddf287|16|4066669447
13111|0x2fddf287|17|8154918953
13111|0xafddf287|18|13691277245
13111|0x1afddf287|19|28007557884
13111|0x3afddf287|20|54949502980
13111|0x7afddf287|21|109751888470
13111|0x7afddf287|22|217984160852
13111|0x17afddf287|23|434071007683
13111|0x37afddf287|24|868546964248
13209|0x70a9|1|95560
13209|0x70a9|2|200713
13209|0x170a9|3|427359
13209|0x370a9|4|889766
13209|0x370a9|5|2056958
13209|0x370a9|6|3839187
13209|0x370a9|7|7975916
13209|0x370a9|8|15716418
13209|0x370a9|9|31378070
13209|0x8370a9|10|62857838
13209|0x8370a9|11|126017534
13209|0x28370a9|12|251828799
13209|0x28370a9|13|508495544
13209|0x28370a9|14|1016240454
13209|0x128370a9|15|2033234482
13209|0x128370a9|16|4071237214
13209|0x528370a9|17|8164730083
13209|0xd28370a9|18|13159321579
13209|0xd28370a9|19|28728238438
13209|0x2d28370a9|20|54797076031
13209|0x2d28370a9|21|110893146746
13209|0x2d28370a9|22|217219604065
13209|0x2d28370a9|23|433555424533
13209|0x22d28370a9|24|868345488298
14039|0x1ce7|1|95407
14039|0x1ce7|2|203802
14039|0x11ce7|3|503481
14039|0x11ce7|4|1037594
14039|0x11ce7|5|1992020
14039|0x91ce7|6|4006202
14039|0x91ce7|7|7791256
14039|0x91ce7|8|15892771
14039|0x491ce7|9|31821883
14039|0xc91ce7|10|63689587
14039|0x1c91ce7|11|127216674
14039|0x1c91ce7|12|254549395
14039|0x5c91ce7|13|508071266
14039|0xdc91ce7|14|1015567929
14039|0xdc91ce7|15|1745893463
14039|0xdc91ce7|16|3255360717
14039|0xdc91ce7|17|7396079888
14039|0xdc91ce7|18|13105630549
14039|0xdc91ce7|19|26775870772
14039|0xdc91ce7|20|53280498890
14039|0x40dc91ce7|21|116286513699
14039|0x40dc91ce7|22|217778845873
14039|0x140dc91ce7|23|433034143201
14039|0x140dc91ce7|24|872309046501
14163|0x24db|1|108379
14163|0x24db|2|234140
14163|0x124db|3|504140
14163|0x324db|4|915952
14163|0x324db|5|1857308
14163|0x324db|6|4040106
14163|0x1324db|7|7917607
14163|0x3324db|8|15807600
14163|0x3324db|9|31608479
14163|0xb324db|10|63383389
14163|0x1b324db|11|126819195
14163|0x3b324db|12|253318750
14163|0x3b324db|13|506909643
14163|0x3b324db|14|1013927880
14163|0x13b324db|15|2027411391
14163|0x33b324db|16|3491343289
14163|0x73b324db|17|6901525387
14163|0x73b324db|18|16374981211
14163|0x173b324db|19|29344026173
14163|0x173b324db|20|55111560517
14163|0x573b324db|21|108318711652
14163|0x573b324db|22|217035357684
14163|0x573b324db|23|433106414988
14163|0x2573b324db|24|867077495161
14257|0x3151|1|98032
14257|0xb151|2|225261
14257|0x1b151|3|499423
14257|0x1b151|4|1043731
14257|0x5b151|5|1959313
14257|0xdb151|6|3992169
14257|0x1db151|7|7811276
14257|0x3db151|8|15882258
14257|0x7db151|9|31771125
14257|0x7db151|10|63529944
14257|0x7db151|11|102438144
14257|0x7db151|12|253797897
14257|0x7db151|13|507565040
14257|0x87db151|14|1011041580
14257|0x87db151|15|1903100109
14257|0x287db151|16|4062046578
14257|0x287db151|17|6496731498
14257|0x287db151|18|13412789386
14257|0x1287db151|19|29820282881
14257|0x1287db151|20|57760080866
14257|0x1287db151|21|107890602831
14257|0x1287db151|22|217101236233
14257|0x1287db151|23|431461514296
14257|0x1287db151|24|867949724085
15041|0x5541|1|112070
15041|0x5541|2|236655
15041|0x15541|3|489558
15041|0x35541|4|902103
15041|0x75541|5|1883343
15041|0xf5541|6|4012524
15041|0xf5541|7|7970749
15041|0x2f5541|8|15916348
15041|0x2f5541|9|31781772
15041|0x2f5541|10|63694154
15041|0x12f5541|11|127568871
15041|0x32f5541|12|254947617
15041|0x32f5541|13|510175354
15041|0x32f5541|14|1020746766
15041|0x32f5541|15|2041519206
15041|0x232f5541|16|3531383674
15041|0x632f5541|17|6616086410
15041|0xe32f5541|18|13865763451
15041|0xe32f5541|19|27177244235
15041|0xe32f5541|20|53958253829
15041|0x4e32f5541|21|108576266317
15041|0xce32f5541|22|218897828921
15041|0x1ce32f5541|23|432472349017
15041|0x1ce32f5541|24|866301693533
15141|0x68ad|1|97101
15141|0x68ad|2|208668
15141|0x168ad|3|450721
15141|0x168ad|4|943150
15141|0x568ad|5|2122555
15141|0xd68ad|6|4027762
15141|0x1d68ad|7|8238985
15141|0x3d68ad|8|16534007
15141|0x3d68ad|9|32864373
15141|0x3d68ad|10|65702782
15141|0x3d68ad|11|131741739
15141|0x3d68ad|12|264447474
15141|0x3d68ad|13|527875636
15141|0x3d68ad|14|1054255186
15141|0x103d68ad|15|2055984325
15141|0x103d68ad|16|4188526382
15141|0x103d68ad|17|6789786504
15141|0x903d68ad|18|15806901777
15141|0x1903d68ad|19|28755279872
15141|0x1903d68ad|20|54046258261
15141|0x1903d68ad|21|107853226068
15141|0x9903d68ad|22|217619687082
15141|0x9903d68ad|23|433569274044
15141|0x29903d68ad|24|865456814227
15265|0x6861|1|112995
15265|0x6861|2|240221
15265|0x6861|3|484499
15265|0x6861|4|909170
15265|0x6861|5|2072407
15265|0x6861|6|4210820
15265|0x106861|7|8140468
15265|0x306861|8|16630050
15265|0x306861|9|33044856
15265|0xb06861|10|65993203
15265|0x1b06861|11|131888575
15265|0x1b06861|12|263792525
15265|0x1b06861|13|528179132
15265|0x9b06861|14|979039748
15265|0x9b06861|15|2113966565
15265|0x9b06861|16|4057484180
15265|0x49b06861|17|8461944424
15265|0x49b06861|18|13278699151
15265|0x49b06861|19|26198682163
15265|0x249b06861|20|53573424723
15265|0x649b06861|21|113818684896
15265|0x649b06861|22|216373321128
15265|0x1649b06861|23|431658388311
15265|0x1649b06861|24|864564711569
16017|0x4271|1|114127
16017|0x4271|2|244070
16017|0x14271|3|523775
16017|0x34271|4|1041229
16017|0x34271|5|1950257
16017|0x34271|6|4244090
16017|0x134271|7|8111116
16017|0x134271|8|16574994
16017|0x134271|9|33091562
16017|0x134271|10|65876659
16017|0x1134271|11|132168662
16017|0x3134271|12|263947538
16017|0x3134271|13|528520012
16017|0xb134271|14|947072587
16017|0x1b134271|15|2113866382
16017|0x1b134271|16|4249204995
16017|0x1b134271|17|7877263607
16017|0x1b134271|18|14900795937
16017|0x1b134271|19|26194875024
16017|0x21b134271|20|55023824948
16017|0x21b134271|21|107365171118
16017|0x21b134271|22|217063983880
16017|0x21b134271|23|431896334605
16017|0x21b134271|24|863098026969
16115|0xa3b|1|112244
16115|0xa3b|2|242404
16115|0xa3b|3|522906
16115|0xa3b|4|1055204
16115|0x40a3b|5|2019688
16115|0x40a3b|6|4234591
16115|0x140a3b|7|8421569
16115|0x140a3b|8|16789050
16115|0x140a3b|9|33669622
16115|0x940a3b|10|67178253
16115|0x1940a3b|11|134526318
16115|0x3940a3b|12|269123173
16115|0x3940a3b|13|538240046
16115|0x3940a3b|14|1073071682
16115|0x3940a3b|15|2131716240
16115|0x3940a3b|16|4264251093
16115|0x43940a3b|17|7124616923
16115|0x43940a3b|18|14036268108
16115|0x43940a3b|19|28254402241
16115|0x243940a3b|20|55624288426
16115|0x643940a3b|21|110327068504
16115|0x643940a3b|22|216374082622
16115|0x1643940a3b|23|433060343104
16115|0x1643940a3b|24|865884890389
16229|0x5a6d|1|111954
16229|0xda6d|2|246504
16229|0x1da6d|3|477763
16229|0x1da6d|4|933271
16229|0x5da6d|5|2137264
16229|0x5da6d|6|4240421
16229|0x15da6d|7|8272080
16229|0x35da6d|8|16854236
16229|0x35da6d|9|33728623
16229|0x35da6d|10|74627173
16229|0x35da6d|11|120336756
16229|0x235da6d|12|269419374
16229|0x235da6d|13|539321124
16229|0x235da6d|14|1078372654
16229|0x235da6d|15|2154919420
16229|0x2235da6d|16|3490818043
16229|0x6235da6d|17|7288801750
16229|0x6235da6d|18|16779840013
16229|0x6235da6d|19|31845259383
16229|0x26235da6d|20|54337251147
16229|0x66235da6d|21|107897200493
16229|0x66235da6d|22|215766968351
16229|0x166235da6d|23|434293864418
16229|0x166235da6d|24|863795935669
16353|0x4421|1|112790
16353|0x4421|2|243772
16353|0x4421|3|526354
16353|0x4421|4|1061733
16353|0x4421|5|2151184
16353|0x4421|6|4119078
16353|0x4421|7|8444385
16353|0x4421|8|16844972
16353|0x4421|9|33581736
16353|0x4421|10|67305171
16353|0x1004421|11|134832775
16353|0x3004421|12|269496082
16353|0x7004421|13|539089621
16353|0xf004421|14|1078118846
16353|0xf004421|15|1880067896
16353|0xf004421|16|3663990997
16353|0x4f004421|17|6879811497
16353|0xcf004421|18|13594189281
16353|0x1cf004421|19|26902025750
16353|0x1cf004421|20|54931950692
16353|0x1cf004421|21|108454745146
16353|0x9cf004421|22|215796786360
16353|0x19cf004421|23|431328040095
16353|0x39cf004421|24|860867905495
16823|0x6c07|1|190864
16823|0x16c07|2|443396
16823|0x36c07|3|970420
16823|0x36c07|4|2007807
16823|0x36c07|5|3850725
16823|0x36c07|6|7913424
16823|0x236c07|7|15827965
16823|0x636c07|8|31471958
16823|0xe36c07|9|63106174
16823|0x1e36c07|10|126287908
16823|0x1e36c07|11|253008950
16823|0x1e36c07|12|506236542
16823|0x9e36c07|13|961765646
16823|0x19e36c07|14|2020168017
16823|0x19e36c07|15|4044743305
16823|0x59e36c07|16|8087276367
16823|0x59e36c07|17|16173993132
16823|0x159e36c07|18|27547261391
16823|0x359e36c07|19|55477384818
16823|0x359e36c07|20|109381750843
16823|0xb59e36c07|21|221686707296
16823|0x1b59e36c07|22|439239287807
16823|0x3b59e36c07|23|878782753445
16823|0x7b59e36c07|24|1749985563024
16937|0x7a19|1|167807
16937|0x7a19|2|390998
16937|0x27a19|3|976319
16937|0x27a19|4|1940323
16937|0x27a19|5|3700270
16937|0x27a19|6|7565253
16937|0x227a19|7|14926801
16937|0x227a19|8|30379101
16937|0x227a19|9|60382041
16937|0x1227a19|10|121006714
16937|0x3227a19|11|241997425
16937|0x7227a19|12|483801781
16937|0xf227a19|13|967884249
16937|0x1f227a19|14|1936143719
16937|0x3f227a19|15|3674779111
16937|0x3f227a19|16|6694519385
16937|0x3f227a19|17|13341499574
16937|0x13f227a19|18|31924111207
16937|0x33f227a19|19|64302954230
16937|0x73f227a19|20|109978987411
16937|0x73f227a19|21|222868409784
16937|0x173f227a19|22|439294379094
16937|0x173f227a19|23|878668981551
16937|0x173f227a19|24|1753151789302
17063|0x4517|1|166106
17063|0x14517|2|392005
17063|0x14517|3|941828
17063|0x54517|4|2032999
17063|0x54517|5|3725785
17063|0x54517|6|7663463
17063|0x54517|7|15284735
17063|0x454517|8|30667261
17063|0x454517|9|61280045
17063|0x1454517|10|122191928
17063|0x1454517|11|244758586
17063|0x1454517|12|489481084
17063|0x1454517|13|921205207
17063|0x11454517|14|1958109652
17063|0x31454517|15|3478316877
17063|0x31454517|16|6918193408
17063|0x31454517|17|12954441907
17063|0x31454517|18|26641643087
17063|0x31454517|19|52524134125
17063|0x431454517|20|109967110883
17063|0x431454517|21|230302752027
17063|0x1431454517|22|439603547352
17063|0x3431454517|23|879781492613
17063|0x7431454517|24|1755146776317
17159|0xbab7|1|168593
17159|0x1bab7|2|392727
17159|0x3bab7|3|873638
17159|0x3bab7|4|2023603
17159|0xbbab7|5|3726900
17159|0x1bbab7|6|7734691
17159|0x3bbab7|7|15316393
17159|0x3bbab7|8|32119259
17159|0xbbbab7|9|61262573
17159|0x1bbbab7|10|122599746
17159|0x3bbbab7|11|271153907
17159|0x7bbbab7|12|490434986
17159|0xfbbbab7|13|979090861
17159|0x1fbbbab7|14|1959805915
17159|0x1fbbbab7|15|3695069744
17159|0x1fbbbab7|16|6834492107
17159|0x1fbbbab7|17|15672675127
17159|0x11fbbbab7|18|31430306384
17159|0x31fbbbab7|19|54988203640
17159|0x71fbbbab7|20|109664600889
17159|0x71fbbbab7|21|220126531128
17159|0x71fbbbab7|22|442403570674
17159|0x71fbbbab7|23|878578363105
17159|0x71fbbbab7|24|1752550350021
17277|0x8dd5|1|165977
17277|0x8dd5|2|393729
17277|0x8dd5|3|905399
17277|0x48dd5|4|2044303
17277|0xc8dd5|5|3720871
17277|0xc8dd5|6|7660733
17277|0xc8dd5|7|15321257
17277|0x4c8dd5|8|30694584
17277|0xcc8dd5|9|61237930
17277|0x1cc8dd5|10|122580383
17277|0x3cc8dd5|11|240727973
17277|0x7cc8dd5|12|489784753
17277|0xfcc8dd5|13|849390241
17277|0xfcc8dd5|14|1960057314
17277|0xfcc8dd5|15|3918017081
17277|0x4fcc8dd5|16|6816888390
17277|0xcfcc8dd5|17|15680242501
17277|0xcfcc8dd5|18|28808590686
17277|0xcfcc8dd5|19|54574765494
17277|0xcfcc8dd5|20|113440532835
17277|0x8cfcc8dd5|21|221534425914
17277|0x18cfcc8dd5|22|439838382279
17277|0x18cfcc8dd5|23|878416455826
17277|0x18cfcc8dd5|24|1752807981172
17379|0x19cb|1|168531
17379|0x119cb|2|394333
17379|0x319cb|3|889463
17379|0x319cb|4|2011287
17379|0x319cb|5|3802758
17379|0x319cb|6|7839989
17379|0x319cb|7|15438901
17379|0x319cb|8|30893770
17379|0x8319cb|9|61814242
17379|0x8319cb|10|123678284
17379|0x8319cb|11|247256264
17379|0x48319cb|12|494270513
17379|0x48319cb|13|989269342
17379|0x148319cb|14|1977599207
17379|0x148319cb|15|3956790372
17379|0x148319cb|16|7778272612
17379|0x948319cb|17|13403951267
17379|0x948319cb|18|26643847663
17379|0x2948319cb|19|54693059931
17379|0x2948319cb|20|111944269738
17379|0xa948319cb|21|219336315082
17379|0xa948319cb|22|437240007942
17379|0xa948319cb|23|881373226791
17379|0x4a948319cb|24|1750866277175
17885|0x3a75|1|192108
17885|0x3a75|2|449996
17885|0x3a75|3|993552
17885|0x43a75|4|1813124
17885|0xc3a75|5|3931164
17885|0x1c3a75|6|7626539
17885|0x3c3a75|7|15484380
17885|0x7c3a75|8|30996961
17885|0x7c3a75|9|61937721
17885|0x17c3a75|10|123530444
17885|0x17c3a75|11|247184647
17885|0x57c3a75|12|494684437
17885|0xd7c3a75|13|840915031
17885|0xd7c3a75|14|1978315804
17885|0x2d7c3a75|15|3771049211
17885|0x6d7c3a75|16|7197856054
17885|0x6d7c3a75|17|13373982668
17885|0x16d7c3a75|18|30032518481
17885|0x36d7c3a75|19|61310068675
17885|0x36d7c3a75|20|113153237427
17885|0xb6d7c3a75|21|219203130079
17885|0xb6d7c3a75|22|436521590619
17885|0x2b6d7c3a75|23|880317855972
17885|0x2b6d7c3a75|24|1749870463682
18005|0x86fd|1|189792
18005|0x86fd|2|453304
18005|0x286fd|3|996415
18005|0x286fd|4|1932639
18005|0x286fd|5|3879375
18005|0x286fd|6|7640041
18005|0x286fd|7|15506686
18005|0x4286fd|8|30965751
18005|0x4286fd|9|61902822
18005|0x14286fd|10|123661686
18005|0x14286fd|11|247751490
18005|0x54286fd|12|495530039
18005|0x54286fd|13|945702749
18005|0x154286fd|14|1993014549
18005|0x154286fd|15|3363259562
18005|0x554286fd|16|7246241961
18005|0xd54286fd|17|15185703632
18005|0x1d54286fd|18|30167791429
18005|0x1d54286fd|19|54091573203
18005|0x5d54286fd|20|109841492207
18005|0x5d54286fd|21|220118732813
18005|0x5d54286fd|22|443875204858
18005|0x5d54286fd|23|875254754416
18005|0x45d54286fd|24|1750762313422
18107|0xe73|1|196229
18107|0xe73|2|451881
18107|0x20e73|3|1012992
18107|0x60e73|4|2005958
18107|0x60e73|5|3776520
18107|0x60e73|6|7873195
18107|0x260e73|7|15654986
18107|0x660e73|8|31492205
18107|0xe60e73|9|62959133
18107|0xe60e73|10|125586738
18107|0xe60e73|11|251083317
18107|0xe60e73|12|499153475
18107|0xe60e73|13|1004812112
18107|0x10e60e73|14|2010000476
18107|0x10e60e73|15|4025100553
18107|0x50e60e73|16|7160066461
18107|0x50e60e73|17|13297553783
18107|0x50e60e73|18|29142275191
18107|0x250e60e73|19|56499092565
18107|0x250e60e73|20|110523459237
18107|0x250e60e73|21|217137636956
18107|0x1250e60e73|22|439645245937
18107|0x1250e60e73|23|874665884144
18107|0x1250e60e73|24|1751592876480
18225|0xb1d1|1|196658
18225|0x1b1d1|2|468759
18225|0x1b1d1|3|987116
18225|0x5b1d1|4|1968235
18225|0xdb1d1|5|3586491
18225|0x1db1d1|6|7390542
18225|0x1db1d1|7|14893870
18225|0x1db1d1|8|30105701
18225|0x1db1d1|9|59143623
18225|0x1db1d1|10|118722771
18225|0x21db1d1|11|236333576
18225|0x61db1d1|12|501056273
18225|0xe1db1d1|13|1014097499
18225|0x1e1db1d1|14|2036204223
18225|0x1e1db1d1|15|4011369411
18225|0x1e1db1d1|16|7362399509
18225|0x1e1db1d1|17|13778612803
18225|0x1e1db1d1|18|27011252655
18225|0x1e1db1d1|19|55541149829
18225|0x1e1db1d1|20|107097803095
18225|0x1e1db1d1|21|223537765883
18225|0x1e1db1d1|22|439363555757
18225|0x201e1db1d1|23|880228976983
18225|0x201e1db1d1|24|1761088949681
18335|0x145f|1|190675
18335|0x1145f|2|486724
18335|0x3145f|3|1003513
18335|0x3145f|4|2015988
18335|0x3145f|5|3793977
18335|0x13145f|6|7972459
18335|0x13145f|7|15576976
18335|0x13145f|8|31566313
18335|0x93145f|9|63204810
18335|0x93145f|10|126369376
18335|0x293145f|11|252402086
18335|0x693145f|12|504829212
18335|0x693145f|13|1009247997
18335|0x693145f|14|1691676406
18335|0x2693145f|15|4033780713
18335|0x6693145f|16|8073389177
18335|0xe693145f|17|15772137443
18335|0xe693145f|18|27966537178
18335|0x2e693145f|19|55263606687
18335|0x2e693145f|20|109494180635
18335|0x2e693145f|21|217173120347
18335|0x2e693145f|22|439591742002
18335|0x2e693145f|23|875568184130
18335|0x42e693145f|24|1751313784231
18815|0x767f|1|170702
18815|0x1767f|2|430924
18815|0x1767f|3|962649
18815|0x5767f|4|1998940
18815|0x5767f|5|3821704
18815|0x5767f|6|7726422
18815|0x5767f|7|15626236
18815|0x5767f|8|31358879
18815|0x85767f|9|62669345
18815|0x185767f|10|125585570
18815|0x185767f|11|250546144
18815|0x185767f|12|440811999
18815|0x185767f|13|1003269747
18815|0x1185767f|14|1918680305
18815|0x1185767f|15|3714678391
18815|0x5185767f|16|7629679882
18815|0xd185767f|17|14767480946
18815|0x1d185767f|18|27140260153
18815|0x3d185767f|19|56085294303
18815|0x7d185767f|20|109423212608
18815|0x7d185767f|21|217254901694
18815|0x7d185767f|22|439314104645
18815|0x27d185767f|23|849798517522
18815|0x27d185767f|24|1673622209015
18923|0x96c3|1|171517
18923|0x96c3|2|405486
18923|0x96c3|3|868581
18923|0x96c3|4|1863252
18923|0x896c3|5|3780516
18923|0x896c3|6|7488817
18923|0x2896c3|7|15095753
18923|0x6896c3|8|30165509
18923|0x6896c3|9|60674077
18923|0x16896c3|10|120915210
18923|0x36896c3|11|237733515
18923|0x76896c3|12|482843318
18923|0x76896c3|13|966022534
18923|0x76896c3|14|1934345556
18923|0x276896c3|15|3436385362
18923|0x276896c3|16|7736550040
18923|0x276896c3|17|14195468258
18923|0x1276896c3|18|28949433916
18923|0x1276896c3|19|53009460866
18923|0x5276896c3|20|104125760289
18923|0xd276896c3|21|208954843268
18923|0x1d276896c3|22|417254049321
18923|0x1d276896c3|23|827935821531
18923|0x1d276896c3|24|1669073412523
19027|0x89db|1|194113
19027|0x89db|2|461518
19027|0x289db|3|885776
19027|0x689db|4|1769472
19027|0xe89db|5|3911619
19027|0x1e89db|6|7509801
19027|0x1e89db|7|15242885
19027|0x5e89db|8|30491069
19027|0xde89db|9|60888802
19027|0xde89db|10|121564044
19027|0xde89db|11|243330911
19027|0x4de89db|12|487025028
19027|0xcde89db|13|973065958
19027|0xcde89db|14|1947961698
19027|0xcde89db|15|3885733380
19027|0xcde89db|16|7793065199
19027|0x8cde89db|17|15577099190
19027|0x8cde89db|18|26897134264
19027|0x28cde89db|19|57120283385
19027|0x68cde89db|20|107926445294
19027|0xe8cde89db|21|208693540118
19027|0x1e8cde89db|22|417671961085
19027|0x3e8cde89db|23|988277888947
19027|0x3e8cde89db|24|1668670297085
19145|0xef79|1|171037
19145|0x1ef79|2|406688
19145|0x3ef79|3|963489
19145|0x3ef79|4|1986392
19145|0x3ef79|5|3685919
19145|0x13ef79|6|7712545
19145|0x33ef79|7|15073251
19145|0x33ef79|8|30525060
19145|0x33ef79|9|60986194
19145|0x33ef79|10|121996336
19145|0x33ef79|11|243918694
19145|0x433ef79|12|487718808
19145|0x433ef79|13|975881390
19145|0x1433ef79|14|1949271048
19145|0x3433ef79|15|3901167579
19145|0x3433ef79|16|6817360395
19145|0x3433ef79|17|15590338774
19145|0x3433ef79|18|25709895357
19145|0x3433ef79|19|71923419205
19145|0x3433ef79|20|183072694912
19145|0x3433ef79|21|351592229673
19145|0x3433ef79|22|615445729412
19145|0x3433ef79|23|829101162464
19145|0x403433ef79|24|2833757972748
19313|0x1591|1|306288
19313|0x11591|2|729167
19313|0x11591|3|1551667
19313|0x51591|4|3154824
19313|0x51591|5|6449192
19313|0x151591|6|12899505
19313|0x351591|7|25839413
19313|0x751591|8|51653163
19313|0x751591|9|103265306
19313|0x1751591|10|206565957
19313|0x3751591|11|413502272
19313|0x7751591|12|826471394
19313|0xf751591|13|1439522182
19313|0xf751591|14|2712171357
19313|0x2f751591|15|5427616314
19313|0x6f751591|16|10791829597
19313|0xef751591|17|22375360237
19313|0x1ef751591|18|44498269459
19313|0x3ef751591|19|90363609641
19313|0x7ef751591|20|178666616833
19313|0xfef751591|21|359116355132
19313|0x1fef751591|22|710488856115
19313|0x1fef751591|23|1420696111449
19313|0x5fef751591|24|2841231478202
19879|0x8a17|1|304132
19879|0x18a17|2|737628
19879|0x38a17|3|1576179
19879|0x38a17|4|3229135
19879|0xb8a17|5|6447362
19879|0x1b8a17|6|12968695
19879|0x1b8a17|7|25884954
19879|0x1b8a17|8|51713271
19879|0x9b8a17|9|103431676
19879|0x9b8a17|10|206906205
19879|0x29b8a17|11|413937078
19879|0x69b8a17|12|828313786
19879|0xe9b8a17|13|1392544417
19879|0x1e9b8a17|14|2818540392
19879|0x1e9b8a17|15|5484543456
19879|0x5e9b8a17|16|10851159023
19879|0xde9b8a17|17|21630845713
19879|0xde9b8a17|18|48226797153
19879|0x2de9b8a17|19|89765228872
19879|0x6de9b8a17|20|177246167069
19879|0x6de9b8a17|21|354809335529
19879|0x16de9b8a17|22|709660870294
19879|0x36de9b8a17|23|1418717568914
19879|0x76de9b8a17|24|2837716653043
20061|0xf5f5|1|303907
20061|0xf5f5|2|738285
20061|0x2f5f5|3|1572248
20061|0x6f5f5|4|3217356
20061|0xef5f5|5|6450458
20061|0xef5f5|6|12945081
20061|0x2ef5f5|7|25854127
20061|0x2ef5f5|8|51796460
20061|0x2ef5f5|9|103593114
20061|0x2ef5f5|10|176310522
20061|0x2ef5f5|11|414448456
20061|0x2ef5f5|12|794551190
20061|0x2ef5f5|13|1674294906
20061|0x2ef5f5|14|3079696917
20061|0x202ef5f5|15|6031049681
20061|0x202ef5f5|16|11213017146
20061|0x202ef5f5|17|21636906774
20061|0x202ef5f5|18|43229611546
20061|0x2202ef5f5|19|89715446045
20061|0x6202ef5f5|20|180153576040
20061|0xe202ef5f5|21|355350613679
20061|0x1e202ef5f5|22|709245684784
20061|0x1e202ef5f5|23|1418197198394
20061|0x5e202ef5f5|24|2836329935377
20249|0x9d29|1|310692
20249|0x19d29|2|740941
20249|0x19d29|3|1556052
20249|0x19d29|4|3152365
20249|0x99d29|5|6461277
20249|0x199d29|6|12948406
20249|0x199d29|7|25944951
20249|0x199d29|8|51844407
20249|0x199d29|9|103595353
20249|0x199d29|10|207232151
20249|0x2199d29|11|414584147
20249|0x6199d29|12|834157053
20249|0x6199d29|13|1357225606
20249|0x6199d29|14|2854980305
20249|0x6199d29|15|5462509932
20249|0x6199d29|16|11137554267
20249|0x86199d29|17|21746821052
20249|0x186199d29|18|43543542285
20249|0x186199d29|19|89109372605
20249|0x186199d29|20|177809090057
20249|0x986199d29|21|354736959361
20249|0x1986199d29|22|711534669770
20249|0x3986199d29|23|1417529086926
20249|0x3986199d29|24|2834528290057
20425|0xfa79|1|309126
20425|0xfa79|2|745244
20425|0xfa79|3|1557961
20425|0xfa79|4|3139325
20425|0xfa79|5|6422088
20425|0x10fa79|6|12936487
20425|0x30fa79|7|25912905
20425|0x70fa79|8|51821286
20425|0x70fa79|9|103596823
20425|0x70fa79|10|207346652
20425|0x270fa79|11|414993580
20425|0x270fa79|12|829496697
20425|0xa70fa79|13|1404540680
20425|0x1a70fa79|14|2724848447
20425|0x3a70fa79|15|5539225782
20425|0x7a70fa79|16|11278509794
20425|0x7a70fa79|17|21691633536
20425|0x17a70fa79|18|44056312745
20425|0x37a70fa79|19|89990230763
20425|0x77a70fa79|20|177572172494
20425|0xf7a70fa79|21|354326858878
20425|0x1f7a70fa79|22|708456272477
20425|0x1f7a70fa79|23|1416716817714
20425|0x1f7a70fa79|24|1760037358987
20959|0xaa1f|1|196518
20959|0xaa1f|2|475318
20959|0xaa1f|3|947260
20959|0xaa1f|4|1774178
20959|0x8aa1f|5|3699262
20959|0x8aa1f|6|7533045
20959|0x28aa1f|7|15050127
20959|0x68aa1f|8|30341097
20959|0x68aa1f|9|60480522
20959|0x168aa1f|10|120707095
20959|0x168aa1f|11|240948256
20959|0x168aa1f|12|481818758
20959|0x968aa1f|13|963842913
20959|0x1968aa1f|14|1928795919
20959|0x1968aa1f|15|3481716979
20959|0x5968aa1f|16|6913245733
20959|0x5968aa1f|17|12744782760
20959|0x5968aa1f|18|26027723253
20959|0x5968aa1f|19|53672730848
20959|0x5968aa1f|20|104154618645
20959|0x85968aa1f|21|211080021614
20959|0x185968aa1f|22|416724753306
20959|0x185968aa1f|23|832953948221
20959|0x185968aa1f|24|1661010170488
21055|0x9dbf|1|197813
21055|0x9dbf|2|492144
21055|0x29dbf|3|973435
21055|0x69dbf|4|1779333
21055|0xe9dbf|5|3294377
21055|0xe9dbf|6|7538368
21055|0x2e9dbf|7|15198935
21055|0x2e9dbf|8|30215793
21055|0x2e9dbf|9|60700165
21055|0x2e9dbf|10|121067251
21055|0x22e9dbf|11|242305872
21055|0x22e9dbf|12|485302499
21055|0xa2e9dbf|13|967712522
21055|0x1a2e9dbf|14|1937796465
21055|0x3a2e9dbf|15|3876443437
21055|0x7a2e9dbf|16|7751353119
21055|0x7a2e9dbf|17|13250830186
21055|0x17a2e9dbf|18|26383672738
21055|0x17a2e9dbf|19|54600824793
21055|0x17a2e9dbf|20|103663321002
21055|0x17a2e9dbf|21|208847589152
21055|0x17a2e9dbf|22|417460789349
21055|0x17a2e9dbf|23|833611539781
21055|0x17a2e9dbf|24|1664730983919
21155|0xf10b|1|197746
21155|0x1f10b|2|491107
21155|0x3f10b|3|974644
21155|0x3f10b|4|1783016
21155|0xbf10b|5|3830464
21155|0x1bf10b|6|7609677
21155|0x1bf10b|7|15133660
21155|0x1bf10b|8|30604242
21155|0x1bf10b|9|61182576
21155|0x11bf10b|10|122233223
21155|0x11bf10b|11|243753518
21155|0x11bf10b|12|488000850
21155|0x91bf10b|13|975611654
21155|0x91bf10b|14|1953233229
21155|0x91bf10b|15|3898872810
21155|0x491bf10b|16|7809592512
21155|0xc91bf10b|17|13766679801
21155|0x1c91bf10b|18|31479289905
21155|0x3c91bf10b|19|55142410332
21155|0x7c91bf10b|20|104348077330
21155|0x7c91bf10b|21|209492989312
21155|0x7c91bf10b|22|417283955023
21155|0x27c91bf10b|23|835238908823
21155|0x67c91bf10b|24|1665737293320
21251|0x2fab|1|174355
21251|0x12fab|2|422127
21251|0x12fab|3|892717
21251|0x12fab|4|1786152
21251|0x92fab|5|3872320
21251|0x192fab|6|7533856
21251|0x192fab|7|15045043
21251|0x592fab|8|30148276
21251|0xd92fab|9|60372339
21251|0x1d92fab|10|121114414
21251|0x1d92fab|11|242255796
21251|0x1d92fab|12|484629998
21251|0x1d92fab|13|968147408
21251|0x11d92fab|14|1933961065
21251|0x31d92fab|15|3413035975
21251|0x31d92fab|16|7745956322
21251|0x31d92fab|17|12989811761
21251|0x31d92fab|18|25832634085
21251|0x231d92fab|19|53147960315
21251|0x231d92fab|20|107012787111
21251|0x231d92fab|21|211516211624
21251|0x1231d92fab|22|415309336381
21251|0x3231d92fab|23|840464317894
21251|0x7231d92fab|24|1659928737687
21369|0xa6c9|1|174631
21369|0xa6c9|2|420917
21369|0x2a6c9|3|890050
21369|0x6a6c9|4|1936279
21369|0xea6c9|5|3754469
21369|0xea6c9|6|7551966
21369|0xea6c9|7|15186687
21369|0xea6c9|8|30450811
21369|0xea6c9|9|60802755
21369|0x10ea6c9|10|121416772
21369|0x10ea6c9|11|242682568
21369|0x10ea6c9|12|485175203
21369|0x10ea6c9|13|970771665
21369|0x10ea6c9|14|1905299144
21369|0x10ea6c9|15|3885365048
21369|0x410ea6c9|16|7769646076
21369|0xc10ea6c9|17|15605105667
21369|0x1c10ea6c9|18|27637080039
21369|0x1c10ea6c9|19|51839076286
21369|0x5c10ea6c9|20|110039158236
21369|0x5c10ea6c9|21|210204315333
21369|0x15c10ea6c9|22|420355583209
21369|0x35c10ea6c9|23|831866861218
21369|0x35c10ea6c9|24|1659728060970
21483|0x3cc3|1|198551
21483|0x13cc3|2|481688
21483|0x33cc3|3|988080
21483|0x73cc3|4|1793834
21483|0xf3cc3|5|3843116
21483|0x1f3cc3|6|7595332
21483|0x3f3cc3|7|15117226
21483|0x7f3cc3|8|30588539
21483|0xff3cc3|9|61143988
21483|0x1ff3cc3|10|122217033
21483|0x3ff3cc3|11|243711643
21483|0x7ff3cc3|12|488896330
21483|0xfff3cc3|13|977204737
21483|0x1fff3cc3|14|1630703237
21483|0x3fff3cc3|15|3910050415
21483|0x3fff3cc3|16|6755486484
21483|0xbfff3cc3|17|13107830741
21483|0xbfff3cc3|18|27598917907
21483|0xbfff3cc3|19|52760871290
21483|0xbfff3cc3|20|104449692908
21483|0xbfff3cc3|21|209652194453
21483|0x10bfff3cc3|22|418207826403
21483|0x30bfff3cc3|23|841465811593
21483|0x30bfff3cc3|24|1664931196420
21947|0x2773|1|195447
21947|0x2773|2|372490
21947|0x22773|3|847033
21947|0x62773|4|1831542
21947|0xe2773|5|3833426
21947|0x1e2773|6|6395397
21947|0x3e2773|7|15168966
21947|0x3e2773|8|30620225
21947|0xbe2773|9|61063370
21947|0xbe2773|10|122478296
21947|0x2be2773|11|244550230
21947|0x6be2773|12|489477529
21947|0x6be2773|13|979800550
21947|0x16be2773|14|1956426296
21947|0x16be2773|15|3929519040
21947|0x56be2773|16|6488031871
21947|0xd6be2773|17|14380030616
21947|0xd6be2773|18|26472422917
21947|0x2d6be2773|19|58514854200
21947|0x2d6be2773|20|104167411066
21947|0x2d6be2773|21|210078629077
21947|0x2d6be2773|22|418872372289
21947|0x22d6be2773|23|835297129651
21947|0x62d6be2773|24|1665468422590
22059|0xb883|1|175835
22059|0x1b883|2|383503
22059|0x3b883|3|964179
22059|0x7b883|4|1950550
22059|0xfb883|5|3669306
22059|0xfb883|6|7787703
22059|0x2fb883|7|15249414
22059|0x2fb883|8|30707047
22059|0x2fb883|9|61356211
22059|0x2fb883|10|122798273
22059|0x2fb883|11|246179986
22059|0x2fb883|12|492281106
22059|0x2fb883|13|982716664
22059|0x102fb883|14|1967732966
22059|0x102fb883|15|3933301901
22059|0x502fb883|16|7009383246
22059|0xd02fb883|17|13415931944
22059|0x1d02fb883|18|26651433079
22059|0x3d02fb883|19|52795124459
22059|0x7d02fb883|20|106134766027
22059|0x7d02fb883|21|210021024898
22059|0x7d02fb883|22|417296142992
22059|0x7d02fb883|23|834953121431
22059|0x47d02fb883|24|1665768280679
22163|0x379b|1|198683
22163|0x379b|2|426600
22163|0x2379b|3|979361
22163|0x6379b|4|1860711
22163|0x6379b|5|3816865
22163|0x6379b|6|7721403
22163|0x6379b|7|15410155
22163|0x46379b|8|30918568
22163|0x46379b|9|61697063
22163|0x146379b|10|123557901
22163|0x346379b|11|247083595
22163|0x346379b|12|494891417
22163|0xb46379b|13|987347862
22163|0x1b46379b|14|1973895845
22163|0x1b46379b|15|3961193236
22163|0x5b46379b|16|7907224815
22163|0x5b46379b|17|12889702246
22163|0x5b46379b|18|26542377807
22163|0x25b46379b|19|55399667048
22163|0x65b46379b|20|105718210528
22163|0x65b46379b|21|207582850934
22163|0x165b46379b|22|421846355382
22163|0x165b46379b|23|831136893543
22163|0x165b46379b|24|1662140089866
22267|0x4433|1|175198
22267|0x4433|2|373739
22267|0x4433|3|849784
22267|0x44433|4|1889047
22267|0xc4433|5|3834995
22267|0x1c4433|6|7590761
22267|0x3c4433|7|15508427
22267|0x3c4433|8|30750612
22267|0x3c4433|9|61731089
22267|0x3c4433|10|123258476
22267|0x23c4433|11|246368263
22267|0x23c4433|12|492744629
22267|0x23c4433|13|983831279
22267|0x123c4433|14|1967717617
22267|0x323c4433|15|3460929865
22267|0x323c4433|16|6885248806
22267|0xb23c4433|17|12855571330
22267|0x1b23c4433|18|26448043064
22267|0x3b23c4433|19|54944871885
22267|0x3b23c4433|20|104620568749
22267|0x3b23c4433|21|339742780473
22267|0x3b23c4433|22|708792169928
22267|0x3b23c4433|23|1415316389981
22267|0x3b23c4433|24|2823061189275
22447|0x5f4f|1|313036
22447|0x15f4f|2|672866
22447|0x15f4f|3|1545755
22447|0x55f4f|4|3191539
22447|0x55f4f|5|6478317
22447|0x155f4f|6|13012518
22447|0x155f4f|7|26068111
22447|0x155f4f|8|52174823
22447|0x155f4f|9|104365636
22447|0x155f4f|10|208843144
22447|0x2155f4f|11|374962795
22447|0x2155f4f|12|835779093
22447|0x2155f4f|13|1415968140
22447|0x12155f4f|14|3271992266
22447|0x32155f4f|15|5505918497
22447|0x32155f4f|16|10796945328
22447|0xb2155f4f|17|21652632440
22447|0x1b2155f4f|18|45376724166
22447|0x3b2155f4f|19|88988403185
22447|0x7b2155f4f|20|176988118140
22447|0xfb2155f4f|21|352747207174
22447|0xfb2155f4f|22|706470017937
22447|0xfb2155f4f|23|1412605257441
22447|0x4fb2155f4f|24|2822079658818
22983|0x97f7|1|316710
22983|0x197f7|2|677709
22983|0x397f7|3|1540764
22983|0x397f7|4|3219722
22983|0x397f7|5|6459218
22983|0x397f7|6|11981865
22983|0x2397f7|7|26128182
22983|0x2397f7|8|52295329
22983|0xa397f7|9|104556874
22983|0x1a397f7|10|209187930
22983|0x3a397f7|11|418599413
22983|0x7a397f7|12|710453562
22983|0x7a397f7|13|1411543572
22983|0x17a397f7|14|2786942743
22983|0x17a397f7|15|5497675466
22983|0x57a397f7|16|11271308030
22983|0x57a397f7|17|21809689635
22983|0x57a397f7|18|43497035791
22983|0x57a397f7|19|90654963009
22983|0x457a397f7|20|177101797591
22983|0xc57a397f7|21|352974036744
22983|0x1c57a397f7|22|706071720055
22983|0x1c57a397f7|23|1411500377374
22983|0x1c57a397f7|24|2818958906846
23167|0x657f|1|317252
23167|0x1657f|2|713732
23167|0x1657f|3|1544678
23167|0x1657f|4|3257222
23167|0x1657f|5|6458264
23167|0x1657f|6|13139872
23167|0x21657f|7|26121709
23167|0x61657f|8|52366935
23167|0x61657f|9|104708392
23167|0x61657f|10|209448886
23167|0x261657f|11|418885254
23167|0x661657f|12|837734232
23167|0xe61657f|13|1375082302
23167|0xe61657f|14|2866318305
23167|0x2e61657f|15|5431265484
23167|0x6e61657f|16|10825613834
23167|0x6e61657f|17|21671095720
23167|0x16e61657f|18|44369580784
23167|0x16e61657f|19|88116362373
23167|0x56e61657f|20|177005306464
23167|0x56e61657f|21|352606936924
23167|0x56e61657f|22|706936500156
23167|0x56e61657f|23|1410497118630
23167|0x56e61657f|24|2821229823087
23355|0xc5f3|1|317171
23355|0x1c5f3|2|680931
23355|0x3c5f3|3|1548799
23355|0x7c5f3|4|3271993
23355|0xfc5f3|5|6541508
23355|0xfc5f3|6|13071380
23355|0xfc5f3|7|26206339
23355|0xfc5f3|8|52345011
23355|0xfc5f3|9|104738449
23355|0x10fc5f3|10|209516847
23355|0x30fc5f3|11|419088552
23355|0x30fc5f3|12|838224638
23355|0x30fc5f3|13|1527071711
23355|0x130fc5f3|14|3353157416
23355|0x130fc5f3|15|5503651569
23355|0x130fc5f3|16|11115690026
23355|0x130fc5f3|17|21742022733
23355|0x1130fc5f3|18|45993216948
23355|0x3130fc5f3|19|89107853552
23355|0x7130fc5f3|20|176881621151
23355|0xf130fc5f3|21|353725547927
23355|0xf130fc5f3|22|704171752061
23355|0xf130fc5f3|23|1408941176727
23355|0x4f130fc5f3|24|2817644929389
23523|0xc1cb|1|317901
23523|0x1c1cb|2|682321
23523|0x3c1cb|3|1552598
23523|0x3c1cb|4|3251933
23523|0xbc1cb|5|6526714
23523|0x1bc1cb|6|13049662
23523|0x1bc1cb|7|26231266
23523|0x1bc1cb|8|52428542
23523|0x9bc1cb|9|104719304
23523|0x9bc1cb|10|209639411
23523|0x9bc1cb|11|419287266
23523|0x9bc1cb|12|839043595
23523|0x89bc1cb|13|1677190912
23523|0x89bc1cb|14|2844860626
23523|0x89bc1cb|15|5440911784
23523|0x89bc1cb|16|10909902369
23523|0x89bc1cb|17|25534705377
23523|0x1089bc1cb|18|46051343511
23523|0x3089bc1cb|19|88971330047
23523|0x3089bc1cb|20|176277567588
23523|0x3089bc1cb|21|352147006447
23523|0x3089bc1cb|22|703999627733
23523|0x3089bc1cb|23|1409926910781
23523|0x43089bc1cb|24|2815257016675
24093|0x5435|1|320251
24093|0x15435|2|686843
24093|0x35435|3|1567818
24093|0x75435|4|3176502
24093|0x75435|5|6485869
24093|0x75435|6|13081401
24093|0x75435|7|26300200
24093|0x475435|8|52597897
24093|0x475435|9|105024726
24093|0x1475435|10|210040965
24093|0x3475435|11|420129779
24093|0x3475435|12|840780355
24093|0x3475435|13|1681140634
24093|0x13475435|14|3362380577
24093|0x33475435|15|5491518580
24093|0x33475435|16|11028644403
24093|0x33475435|17|21564733191
24093|0x33475435|18|43279294374
24093|0x233475435|19|89526767389
24093|0x633475435|20|176274247896
24093|0xe33475435|21|351441423751
24093|0x1e33475435|22|705761562597
24093|0x1e33475435|23|1406614136767
24093|0x5e33475435|24|2812398759772
24265|0x1b79|1|320232
24265|0x1b79|2|688368
24265|0x1b79|3|1589219
24265|0x41b79|4|3170080
24265|0x41b79|5|6520515
24265|0x141b79|6|13116939
24265|0x341b79|7|26242827
24265|0x341b79|8|52508983
24265|0x341b79|9|105019388
24265|0x1341b79|10|210208717
24265|0x1341b79|11|420743292
24265|0x5341b79|12|841030149
24265|0xd341b79|13|1681907226
24265|0xd341b79|14|3364244628
24265|0xd341b79|15|6728141024
24265|0xd341b79|16|11025755255
24265|0x8d341b79|17|22342504558
24265|0x8d341b79|18|45028286385
24265|0x8d341b79|19|88318647211
24265|0x8d341b79|20|177809014455
24265|0x88d341b79|21|352506260141
24265|0x188d341b79|22|703148137008
24265|0x388d341b79|23|1406513416934
24265|0x788d341b79|24|2812557978595
24445|0x51d5|1|347938
24445|0x51d5|2|690266
24445|0x251d5|3|1302544
24445|0x251d5|4|3170321
24445|0x251d5|5|6505994
24445|0x251d5|6|13070998
24445|0x251d5|7|26222543
24445|0x251d5|8|52533793
24445|0x8251d5|9|105153441
24445|0x8251d5|10|210378313
24445|0x8251d5|11|421063617
24445|0x48251d5|12|841649972
24445|0x48251d5|13|1401325312
24445|0x148251d5|14|2786660917
24445|0x348251d5|15|5433404915
24445|0x348251d5|16|10905505423
24445|0x348251d5|17|25399122905
24445|0x348251d5|18|45274687554
24445|0x2348251d5|19|89363192849
24445|0x2348251d5|20|176349700351
24445|0x2348251d5|21|351539755680
24445|0x12348251d5|22|703446718477
24445|0x32348251d5|23|1404933748867
24445|0x32348251d5|24|2810894919844
25009|0x4751|1|322705
25009|0x14751|2|717074
25009|0x14751|3|1592062
25009|0x14751|4|3256233
25009|0x94751|5|6466131
25009|0x194751|6|13055561
25009|0x194751|7|26229271
25009|0x194751|8|52626018
25009|0x994751|9|105339645
25009|0x994751|10|171067434
25009|0x2994751|11|343664501
25009|0x2994751|12|843008353
25009|0x2994751|13|1686181841
25009|0x2994751|14|3373110906
25009|0x22994751|15|5554480774
25009|0x22994751|16|11616528335
25009|0x22994751|17|21674543472
25009|0x22994751|18|43381909815
25009|0x22994751|19|87109134844
25009|0x422994751|20|175570623083
25009|0xc22994751|21|352839884060
25009|0xc22994751|22|702068485373
25009|0xc22994751|23|1404636799400
25009|0xc22994751|24|2806246300129
25187|0x2f4b|1|322782
25187|0x12f4b|2|697712
25187|0x12f4b|3|1596374
25187|0x12f4b|4|3234174
25187|0x12f4b|5|6502270
25187|0x112f4b|6|13110896
25187|0x112f4b|7|26334402
25187|0x512f4b|8|52699973
25187|0xd12f4b|9|105455941
25187|0x1d12f4b|10|210879683
25187|0x1d12f4b|11|369230949
25187|0x1d12f4b|12|843638337
25187|0x9d12f4b|13|1595163396
25187|0x9d12f4b|14|2710614859
25187|0x29d12f4b|15|5416939725
25187|0x69d12f4b|16|10892110438
25187|0x69d12f4b|17|22375029219
25187|0x169d12f4b|18|47598601445
25187|0x369d12f4b|19|89299582924
25187|0x769d12f4b|20|176298143978
25187|0x769d12f4b|21|352436000832
25187|0x769d12f4b|22|701545752242
25187|0x2769d12f4b|23|1402730373814
25187|0x6769d12f4b|24|2806419389759
25363|0xdf1b|1|322969
25363|0xdf1b|2|699991
25363|0xdf1b|3|1601021
25363|0xdf1b|4|3253871
25363|0x8df1b|5|5526906
25363|0x18df1b|6|13127136
25363|0x38df1b|7|26279194
25363|0x38df1b|8|52758266
25363|0xb8df1b|9|105441663
25363|0xb8df1b|10|211065337
25363|0xb8df1b|11|421909070
25363|0x4b8df1b|12|843972043
25363|0xcb8df1b|13|1466141592
25363|0x1cb8df1b|14|2882971896
25363|0x3cb8df1b|15|5442237662
25363|0x3cb8df1b|16|10785886528
25363|0x3cb8df1b|17|24232645809
25363|0x3cb8df1b|18|44064012182
25363|0x3cb8df1b|19|86425988814
25363|0x3cb8df1b|20|177997410415
25363|0x3cb8df1b|21|355400423213
25363|0x3cb8df1b|22|699085018353
25363|0x3cb8df1b|23|1398153021966
25363|0x3cb8df1b|24|2818157598565
25545|0x2679|1|320470
25545|0x12679|2|699813
25545|0x12679|3|1606703
25545|0x12679|4|3259490
25545|0x92679|5|6538529
25545|0x192679|6|13186756
25545|0x392679|7|26385732
25545|0x792679|8|52782387
25545|0x792679|9|105486949
25545|0x1792679|10|211040385
25545|0x3792679|11|422227294
25545|0x7792679|12|720299432
25545|0xf792679|13|1411794263
25545|0xf792679|14|3378856827
25545|0xf792679|15|5499949325
25545|0xf792679|16|10791332691
25545|0xf792679|17|21657229377
25545|0xf792679|18|43625600490
25545|0xf792679|19|86787044166
25545|0xf792679|20|176415406790
25545|0x80f792679|21|351616393314
25545|0x180f792679|22|701824797557
25545|0x380f792679|23|1405370221599
25545|0x380f792679|24|2805155297412
26077|0x1a75|1|325000
26077|0x11a75|2|703222
26077|0x11a75|3|1647960
26077|0x51a75|4|3319188
26077|0xd1a75|5|6569424
26077|0xd1a75|6|13195501
26077|0xd1a75|7|26352505
26077|0x4d1a75|8|52805405
26077|0x4d1a75|9|105654911
26077|0x4d1a75|10|211444429
26077|0x24d1a75|11|422868738
26077|0x24d1a75|12|845896178
26077|0xa4d1a75|13|1412428838
26077|0x1a4d1a75|14|2791951000
26077|0x3a4d1a75|15|5478715019
26077|0x7a4d1a75|16|10872535520
26077|0x7a4d1a75|17|21693020324
26077|0x7a4d1a75|18|43421430464
26077|0x27a4d1a75|19|89635177777
26077|0x67a4d1a75|20|175443774265
26077|0xe7a4d1a75|21|350313073963
26077|0xe7a4d1a75|22|700897961799
26077|0xe7a4d1a75|23|1400345083217
26077|0x4e7a4d1a75|24|2799883301127
26273|0xfd61|1|321906
26273|0xfd61|2|702280
26273|0xfd61|3|1542004
26273|0x4fd61|4|3205821
26273|0xcfd61|5|6512303
26273|0xcfd61|6|13158890
26273|0x2cfd61|7|26463659
26273|0x6cfd61|8|52890234
26273|0xecfd61|9|105912218
26273|0xecfd61|10|211724680
26273|0x2ecfd61|11|423751963
26273|0x6ecfd61|12|846672886
26273|0xeecfd61|13|1693433246
26273|0x1eecfd61|14|2939749514
26273|0x3eecfd61|15|6773897653
26273|0x3eecfd61|16|10870168815
26273|0x3eecfd61|17|21750759966
26273|0x3eecfd61|18|43867305564
26273|0x23eecfd61|19|90773265989
26273|0x63eecfd61|20|174898798617
26273|0x63eecfd61|21|351322187072
26273|0x63eecfd61|22|700258584005
26273|0x63eecfd61|23|1400018537182
26273|0x63eecfd61|24|2798160313295
26445|0x2985|1|322276
26445|0x12985|2|708042
26445|0x32985|3|1528267
26445|0x32985|4|3216951
26445|0xb2985|5|6529000
26445|0x1b2985|6|13280239
26445|0x3b2985|7|26452563
26445|0x3b2985|8|52892943
26445|0xbb2985|9|105866922
26445|0xbb2985|10|211792467
26445|0x2bb2985|11|423630714
26445|0x2bb2985|12|847139080
26445|0x2bb2985|13|1694286336
26445|0x2bb2985|14|3389271497
26445|0x22bb2985|15|6002652783
26445|0x62bb2985|16|10809735019
26445|0x62bb2985|17|21848363114
26445|0x162bb2985|18|43764255721
26445|0x162bb2985|19|87444128644
26445|0x562bb2985|20|176226828096
26445|0xd62bb2985|21|351407162769
26445|0xd62bb2985|22|700646417514
26445|0xd62bb2985|23|1399398926491
26445|0x4d62bb2985|24|2795911144834
26615|0x89c7|1|375273
26615|0x89c7|2|709406
26615|0x89c7|3|1518634
26615|0x489c7|4|3228575
26615|0x489c7|5|6598308
26615|0x1489c7|6|13259669
26615|0x1489c7|7|26422524
26615|0x5489c7|8|52888242
26615|0x5489c7|9|105881486
26615|0x15489c7|10|211876311
26615|0x15489c7|11|423560816
26615|0x55489c7|12|847238259
26615|0xd5489c7|13|1425015167
26615|0xd5489c7|14|3023734886
26615|0x2d5489c7|15|5466606352
26615|0x6d5489c7|16|11599658555
26615|0xed5489c7|17|21854647764
26615|0xed5489c7|18|44288736745
26615|0x2ed5489c7|19|87413469529
26615|0x2ed5489c7|20|174836594034
26615|0x2ed5489c7|21|348922199613
26615|0x12ed5489c7|22|698495501209
26615|0x12ed5489c7|23|1398105025342
26615|0x52ed5489c7|24|2811183793621
27153|0xc6f1|1|327951
27153|0x1c6f1|2|713587
27153|0x3c6f1|3|1529931
27153|0x3c6f1|4|3223958
27153|0x3c6f1|5|6597038
27153|0x3c6f1|6|13192222
27153|0x23c6f1|7|26517361
27153|0x63c6f1|8|42079080
27153|0x63c6f1|9|105909628
27153|0x163c6f1|10|212069158
27153|0x163c6f1|11|424285637
27153|0x163c6f1|12|848769435
27153|0x963c6f1|13|1697916299
27153|0x1963c6f1|14|3395665288
27153|0x1963c6f1|15|5547064746
27153|0x1963c6f1|16|12357214564
27153|0x1963c6f1|17|21585021754
27153|0x11963c6f1|18|44064032857
27153|0x31963c6f1|19|90071284083
27153|0x31963c6f1|20|175076540025
27153|0xb1963c6f1|21|348952079987
27153|0xb1963c6f1|22|707956162724
27153|0xb1963c6f1|23|1411302050225
27153|0x4b1963c6f1|24|2806348937394
27337|0xcf79|1|331022
27337|0x1cf79|2|715046
27337|0x1cf79|3|1534183
27337|0x5cf79|4|3248099
27337|0xdcf79|5|6610037
27337|0xdcf79|6|13232232
27337|0xdcf79|7|26449348
27337|0x4dcf79|8|53046086
27337|0x4dcf79|9|106024538
27337|0x14dcf79|10|212244141
27337|0x34dcf79|11|382513665
27337|0x34dcf79|12|804498345
27337|0x34dcf79|13|1699357344
27337|0x134dcf79|14|2975872742
27337|0x334dcf79|15|6272490002
27337|0x334dcf79|16|10897105773
27337|0xb34dcf79|17|21984896053
27337|0x1b34dcf79|18|43802517016
27337|0x1b34dcf79|19|86771761700
27337|0x5b34dcf79|20|174329291382
27337|0xdb34dcf79|21|349182724626
27337|0xdb34dcf79|22|697974341642
27337|0xdb34dcf79|23|1395538714501
27337|0xdb34dcf79|24|2796269169961
27519|0x547f|1|329354
27519|0x1547f|2|716100
27519|0x3547f|3|1566369
27519|0x3547f|4|3220973
27519|0xb547f|5|6637576
27519|0x1b547f|6|13337568
27519|0x3b547f|7|26597349
27519|0x7b547f|8|53041184
27519|0xfb547f|9|106102488
27519|0x1fb547f|10|212381898
27519|0x1fb547f|11|398847506
27519|0x1fb547f|12|711698352
27519|0x9fb547f|13|1707632448
27519|0x9fb547f|14|2897922444
27519|0x9fb547f|15|6445598614
27519|0x9fb547f|16|10963762484
27519|0x9fb547f|17|21703947371
27519|0x109fb547f|18|43956462552
27519|0x109fb547f|19|87745216807
27519|0x109fb547f|20|175344316689
27519|0x109fb547f|21|348095645724
27519|0x1109fb547f|22|697728000772
27519|0x3109fb547f|23|1395092150865
27519|0x3109fb547f|24|2790932169284
28077|0x7e25|1|327092
28077|0x17e25|2|720897
28077|0x17e25|3|1549966
28077|0x17e25|4|3270638
28077|0x97e25|5|6565556
28077|0x97e25|6|13246837
28077|0x297e25|7|26528342
28077|0x697e25|8|42100411
28077|0x697e25|9|84134111
28077|0x697e25|10|212811656
28077|0x2697e25|11|425776055
28077|0x6697e25|12|768590925
28077|0x6697e25|13|1360517476
28077|0x6697e25|14|3407210815
28077|0x6697e25|15|6125466760
28077|0x46697e25|16|11549623328
28077|0xc6697e25|17|21558425499
28077|0x1c6697e25|18|44294827881
28077|0x3c6697e25|19|87518973063
28077|0x3c6697e25|20|175381175608
28077|0xbc6697e25|21|348740430270
28077|0x1bc6697e25|22|696656609098
28077|0x1bc6697e25|23|1393151356501
28077|0x5bc6697e25|24|2787459841844
28253|0xd5f5|1|354500
28253|0x1d5f5|2|724553
28253|0x3d5f5|3|1553585
28253|0x7d5f5|4|3272404
28253|0xfd5f5|5|6576785
28253|0x1fd5f5|6|13284947
28253|0x1fd5f5|7|26616899
28253|0x1fd5f5|8|53177088
28253|0x9fd5f5|9|106351982
28253|0x9fd5f5|10|212905770
28253|0x9fd5f5|11|425899287
28253|0x9fd5f5|12|852008184
28253|0x89fd5f5|13|1377261546
28253|0x189fd5f5|14|2728090379
28253|0x389fd5f5|15|5542285375
28253|0x789fd5f5|16|11134254255
28253|0xf89fd5f5|17|21728280024
28253|0x1f89fd5f5|18|43947344198
28253|0x1f89fd5f5|19|87548823730
28253|0x5f89fd5f5|20|175107802932
28253|0x5f89fd5f5|21|348012974111
28253|0x5f89fd5f5|22|696543869226
28253|0x5f89fd5f5|23|1392272338361
28253|0x5f89fd5f5|24|2786502300569
28437|0x683d|1|331909
28437|0x1683d|2|724562
28437|0x1683d|3|1559041
28437|0x1683d|4|3291304
28437|0x1683d|5|6611812
28437|0x11683d|6|13214272
28437|0x31683d|7|26555367
28437|0x71683d|8|42065906
28437|0xf1683d|9|101815351
28437|0xf1683d|10|212948179
28437|0xf1683d|11|426199645
28437|0xf1683d|12|731996370
28437|0xf1683d|13|1516062026
28437|0xf1683d|14|3018925263
28437|0xf1683d|15|5600891563
28437|0x40f1683d|16|11023820366
28437|0x40f1683d|17|21614836708
28437|0x40f1683d|18|43231866079
28437|0x240f1683d|19|87130865974
28437|0x240f1683d|20|174496401121
28437|0xa40f1683d|21|348245888204
28437|0xa40f1683d|22|696900410420
28437|0xa40f1683d|23|1391973609954
28437|0xa40f1683d|24|2791569959841
28619|0xbde3|1|356454
28619|0xbde3|2|726114
28619|0xbde3|3|1561866
28619|0x4bde3|4|3303212
28619|0xcbde3|5|6615899
28619|0x1cbde3|6|13234340
28619|0x3cbde3|7|26630906
28619|0x3cbde3|8|53245533
28619|0xbcbde3|9|106585756
28619|0xbcbde3|10|213175168
28619|0xbcbde3|11|426405541
28619|0x4bcbde3|12|761957613
28619|0xcbcbde3|13|1706014138
28619|0x1cbcbde3|14|3102041257
28619|0x3cbcbde3|15|5383254436
28619|0x3cbcbde3|16|10887812702
28619|0x3cbcbde3|17|21692216726
28619|0x3cbcbde3|18|43135404525
28619|0x23cbcbde3|19|86461773079
28619|0x63cbcbde3|20|174284911836
28619|0xe3cbcbde3|21|348413783134
28619|0xe3cbcbde3|22|695778454337
28619|0x2e3cbcbde3|23|1390871533664
28619|0x2e3cbcbde3|24|2783993731548
29161|0x7659|1|334011
29161|0x17659|2|730884
29161|0x37659|3|1572927
29161|0x77659|4|3197946
29161|0xf7659|5|6552633
29161|0x1f7659|6|13225713
29161|0x3f7659|7|26614129
29161|0x3f7659|8|42051468
29161|0x3f7659|9|106671542
29161|0x13f7659|10|213665041
29161|0x33f7659|11|427297797
29161|0x33f7659|12|807252605
29161|0xb3f7659|13|1596411480
29161|0xb3f7659|14|3268717355
29161|0xb3f7659|15|5447756362
29161|0x4b3f7659|16|10861182417
29161|0xcb3f7659|17|22006377853
29161|0xcb3f7659|18|43899086014
29161|0xcb3f7659|19|86819079193
29161|0xcb3f7659|20|174776616858
29161|0xcb3f7659|21|347817362901
29161|0x10cb3f7659|22|696806777797
29161|0x10cb3f7659|23|1391373809634
29161|0x10cb3f7659|24|2780663663676
29347|0xd10b|1|334450
29347|0xd10b|2|743140
29347|0xd10b|3|1578687
29347|0x4d10b|4|3211367
29347|0xcd10b|5|6563560
29347|0xcd10b|6|13259143
29347|0xcd10b|7|26628058
29347|0x4cd10b|8|53363742
29347|0x4cd10b|9|106765231
29347|0x4cd10b|10|213682237
29347|0x24cd10b|11|427443061
29347|0x64cd10b|12|854993581
29347|0xe4cd10b|13|1381815633
29347|0x1e4cd10b|14|2765497819
29347|0x1e4cd10b|15|5418703878
29347|0x1e4cd10b|16|10829875255
29347|0x9e4cd10b|17|22024787444
29347|0x19e4cd10b|18|43668456569
29347|0x39e4cd10b|19|86994516330
29347|0x79e4cd10b|20|173820089934
29347|0xf9e4cd10b|21|348231834984
29347|0x1f9e4cd10b|22|694393771741
29347|0x3f9e4cd10b|23|1388998119856
29347|0x3f9e4cd10b|24|2779438184732
29525|0xf1fd|1|335072
29525|0x1f1fd|2|733597
29525|0x3f1fd|3|1612957
29525|0x7f1fd|4|2987098
29525|0xff1fd|5|6115657
29525|0xff1fd|6|12189077
29525|0xff1fd|7|26201371
29525|0xff1fd|8|53460557
29525|0xff1fd|9|106911759
29525|0x10ff1fd|10|184082959
29525|0x10ff1fd|11|427628954
29525|0x50ff1fd|12|855529997
29525|0xd0ff1fd|13|1590680393
29525|0xd0ff1fd|14|2817797206
29525|0xd0ff1fd|15|5485628540
29525|0xd0ff1fd|16|10963498579
29525|0x8d0ff1fd|17|21643500621
29525|0x18d0ff1fd|18|44249414600
29525|0x38d0ff1fd|19|87196338265
29525|0x78d0ff1fd|20|173589118344
29525|0x78d0ff1fd|21|347233884089
29525|0x78d0ff1fd|22|694438166022
29525|0x278d0ff1fd|23|1388940116816
29525|0x278d0ff1fd|24|2779379020173
29697|0x8c01|1|337038
29697|0x18c01|2|752670
29697|0x38c01|3|1584603
29697|0x78c01|4|3230833
29697|0xf8c01|5|6609171
29697|0xf8c01|6|13411724
29697|0xf8c01|7|26661618
29697|0xf8c01|8|53483336
29697|0x8f8c01|9|106937146
29697|0x8f8c01|10|184055470
29697|0x8f8c01|11|336357886
29697|0x48f8c01|12|740680359
29697|0x48f8c01|13|1364204760
29697|0x148f8c01|14|3052045139
29697|0x348f8c01|15|5540857174
29697|0x748f8c01|16|10838826817
29697|0xf48f8c01|17|22196757737
29697|0xf48f8c01|18|43639590054
29697|0x2f48f8c01|19|87275729368
29697|0x6f48f8c01|20|173875252330
29697|0xef48f8c01|21|349266118161
29697|0xef48f8c01|22|694855134709
29697|0x2ef48f8c01|23|1387532457148
29697|0x2ef48f8c01|24|2775726615794
30237|0xfc35|1|333070
30237|0x1fc35|2|736682
30237|0x3fc35|3|1592507
30237|0x7fc35|4|3239054
30237|0xffc35|5|6632269
30237|0x1ffc35|6|13301408
30237|0x3ffc35|7|26754973
30237|0x3ffc35|8|53498013
30237|0xbffc35|9|107079512
30237|0xbffc35|10|214255039
30237|0xbffc35|11|428755036
30237|0x4bffc35|12|857496908
30237|0xcbffc35|13|1424779532
30237|0x1cbffc35|14|3083445058
30237|0x1cbffc35|15|5453812570
30237|0x5cbffc35|16|10849908150
30237|0x5cbffc35|17|21642933877
30237|0x15cbffc35|18|43391187375
30237|0x15cbffc35|19|87081299105
30237|0x15cbffc35|20|172582525336
30237|0x95cbffc35|21|346806896538
30237|0x195cbffc35|22|693055505877
30237|0x395cbffc35|23|1385890262570
30237|0x795cbffc35|24|2788871150091
30419|0x515b|1|337510
30419|0x1515b|2|1332858
30419|0x3515b|3|1619252
30419|0x7515b|4|3232271
30419|0xf515b|5|6657265
30419|0xf515b|6|13333012
30419|0x2f515b|7|26715223
30419|0x2f515b|8|53495755
30419|0xaf515b|9|107126580
30419|0xaf515b|10|214432679
30419|0xaf515b|11|429157401
30419|0xaf515b|12|683181575
30419|0xaf515b|13|1716876706
30419|0xaf515b|14|3433748543
30419|0x20af515b|15|6865564690
30419|0x60af515b|16|11290909988
30419|0xe0af515b|17|22758278002
30419|0xe0af515b|18|48427601230
30419|0x2e0af515b|19|88760836965
30419|0x2e0af515b|20|175053382454
30419|0x2e0af515b|21|358931702237
30419|0x12e0af515b|22|707000593424
30419|0x32e0af515b|23|1404395842610
30419|0x32e0af515b|24|2787155144727
30599|0x9e37|1|338388
30599|0x19e37|2|742989
30599|0x39e37|3|1603989
30599|0x79e37|4|3262337
30599|0x79e37|5|6672529
30599|0x179e37|6|13365512
30599|0x179e37|7|26746478
30599|0x179e37|8|53667704
30599|0x179e37|9|107289808
30599|0x1179e37|10|214645999
30599|0x3179e37|11|429723112
30599|0x7179e37|12|858691683
30599|0xf179e37|13|1717353981
30599|0x1f179e37|14|3435069373
30599|0x3f179e37|15|5866215533
30599|0x7f179e37|16|10936367299
30599|0x7f179e37|17|21950360103
30599|0x17f179e37|18|43835088815
30599|0x37f179e37|19|87109216337
30599|0x77f179e37|20|174361769631
30599|0xf7f179e37|21|347608547761
30599|0xf7f179e37|22|695283993937
30599|0xf7f179e37|23|1384822833510
30599|0x4f7f179e37|24|2667078617579
31133|0xd4b5|1|217622
31133|0xd4b5|2|475725
31133|0xd4b5|3|1046028
31133|0x4d4b5|4|1849153
31133|0x4d4b5|5|3865033
31133|0x4d4b5|6|8920932
31133|0x4d4b5|7|18333194
31133|0x4d4b5|8|36492712
31133|0x84d4b5|9|72813874
31133|0x84d4b5|10|125883718
31133|0x284d4b5|11|252718194
31133|0x684d4b5|12|505157063
31133|0xe84d4b5|13|934354543
31133|0x1e84d4b5|14|2027572334
31133|0x1e84d4b5|15|4071983328
31133|0x1e84d4b5|16|8135110768
31133|0x9e84d4b5|17|12888775938
31133|0x9e84d4b5|18|27117601524
31133|0x29e84d4b5|19|51900251252
31133|0x29e84d4b5|20|109657407685
31133|0xa9e84d4b5|21|212749894218
31133|0x1a9e84d4b5|22|414643999882
31133|0x1a9e84d4b5|23|827667633338
31133|0x5a9e84d4b5|24|1641430969361
31237|0x42cd|1|216806
31237|0x142cd|2|476013
31237|0x142cd|3|1029429
31237|0x542cd|4|1900728
31237|0x542cd|5|4008482
31237|0x1542cd|6|7813390
31237|0x1542cd|7|16016294
31237|0x5542cd|8|31721701
31237|0xd542cd|9|57533967
31237|0xd542cd|10|127709321
31237|0x2d542cd|11|256866229
31237|0x2d542cd|12|510164302
31237|0x2d542cd|13|1019257645
31237|0x12d542cd|14|2044250578
31237|0x12d542cd|15|3240753512
31237|0x12d542cd|16|8140437580
31237|0x12d542cd|17|14019096213
31237|0x12d542cd|18|25758714577
31237|0x212d542cd|19|63113875433
31237|0x612d542cd|20|103094762879
31237|0xe12d542cd|21|205079401020
31237|0xe12d542cd|22|413577052591
31237|0xe12d542cd|23|827423247164
31237|0x4e12d542cd|24|1643076797739
31345|0x691|1|188688
31345|0x691|2|417691
31345|0x691|3|905353
31345|0x40691|4|1832786
31345|0xc0691|5|4007485
31345|0x1c0691|6|7791420
31345|0x1c0691|7|15942203
31345|0x1c0691|8|31833759
31345|0x9c0691|9|63735678
31345|0x9c0691|10|127631147
31345|0x9c0691|11|255064692
31345|0x9c0691|12|510690013
31345|0x9c0691|13|915663503
31345|0x9c0691|14|2042754986
31345|0x209c0691|15|4084687632
31345|0x609c0691|16|6718538335
31345|0x609c0691|17|13755319659
31345|0x1609c0691|18|26152524221
31345|0x3609c0691|19|51532768471
31345|0x3609c0691|20|103840717351
31345|0xb609c0691|21|206474354669
31345|0x1b609c0691|22|410542310072
31345|0x3b609c0691|23|833174620501
31345|0x7b609c0691|24|1640173928148
31449|0x6569|1|216905
31449|0x6569|2|475046
31449|0x26569|3|943023
31449|0x66569|4|1854237
31449|0x66569|5|4034565
31449|0x66569|6|7814362
31449|0x66569|7|15964702
31449|0x466569|8|31695055
31449|0x466569|9|63771490
31449|0x466569|10|127731786
31449|0x466569|11|255464357
31449|0x466569|12|511130264
31449|0x8466569|13|1022108146
31449|0x18466569|14|2044867014
31449|0x38466569|15|4087079402
31449|0x78466569|16|7625530105
31449|0xf8466569|17|13900090024
31449|0xf8466569|18|25711727749
31449|0xf8466569|19|56788849737
31449|0x4f8466569|20|108144412733
31449|0xcf8466569|21|206054189199
31449|0x1cf8466569|22|410947009337
31449|0x3cf8466569|23|823496415439
31449|0x3cf8466569|24|1640910659028
31555|0x696b|1|214708
31555|0x696b|2|442597
31555|0x2696b|3|931410
31555|0x2696b|4|1837921
31555|0xa696b|5|4031078
31555|0xa696b|6|7835677
31555|0x2a696b|7|16002629
31555|0x6a696b|8|31812734
31555|0xea696b|9|63650198
31555|0xea696b|10|127607609
31555|0x2ea696b|11|254824301
31555|0x6ea696b|12|510112451
31555|0x6ea696b|13|1019896514
31555|0x16ea696b|14|1737555770
31555|0x36ea696b|15|4091501614
31555|0x36ea696b|16|8170309510
31555|0x36ea696b|17|13032740451
31555|0x136ea696b|18|26658089015
31555|0x136ea696b|19|54836716105
31555|0x536ea696b|20|107577854937
31555|0x536ea696b|21|206865743168
31555|0x536ea696b|22|410757393194
31555|0x536ea696b|23|819921202174
31555|0x4536ea696b|24|1642560457996
31663|0xbb4f|1|204844
31663|0x1bb4f|2|420698
31663|0x3bb4f|3|911100
31663|0x7bb4f|4|1840312
31663|0xfbb4f|5|4031184
31663|0xfbb4f|6|7830022
31663|0xfbb4f|7|16000962
31663|0x4fbb4f|8|31738133
31663|0xcfbb4f|9|63703214
31663|0x1cfbb4f|10|127125324
31663|0x1cfbb4f|11|210562542
31663|0x5cfbb4f|12|403800386
31663|0xdcfbb4f|13|1018588567
31663|0xdcfbb4f|14|1659631106
31663|0xdcfbb4f|15|4074532181
31663|0x4dcfbb4f|16|8148267983
31663|0x4dcfbb4f|17|16341721984
31663|0x4dcfbb4f|18|27914547947
31663|0x4dcfbb4f|19|51320882617
31663|0x4dcfbb4f|20|102213645751
31663|0x84dcfbb4f|21|209520386737
31663|0x184dcfbb4f|22|410057471830
31663|0x184dcfbb4f|23|825598464590
31663|0x184dcfbb4f|24|1644364100000
32113|0xa391|1|189769
32113|0xa391|2|423081
32113|0x2a391|3|916591
32113|0x2a391|4|2025152
32113|0xaa391|5|3875928
32113|0x1aa391|6|7926021
32113|0x3aa391|7|15873079
32113|0x7aa391|8|31654114
32113|0x7aa391|9|63562466
32113|0x7aa391|10|127009680
32113|0x7aa391|11|253665012
32113|0x7aa391|12|509236288
32113|0x87aa391|13|1005093236
32113|0x87aa391|14|2005560644
32113|0x287aa391|15|4071209163
32113|0x687aa391|16|8168268526
32113|0x687aa391|17|14013926689
32113|0x687aa391|18|31652645913
32113|0x2687aa391|19|55848783700
32113|0x6687aa391|20|106450446532
32113|0xe687aa391|21|206374827624
32113|0xe687aa391|22|414985046948
32113|0x2e687aa391|23|822512126907
32113|0x2e687aa391|24|1638928776968
32219|0x3653|1|218175
32219|0x13653|2|481477
32219|0x13653|3|1042608
32219|0x13653|4|1946337
32219|0x13653|5|3957902
32219|0x113653|6|7904771
32219|0x113653|7|15982533
32219|0x513653|8|31854838
32219|0x513653|9|64082115
32219|0x1513653|10|128250279
32219|0x1513653|11|256188520
32219|0x1513653|12|513215507
32219|0x9513653|13|1025181823
32219|0x9513653|14|2047504578
32219|0x29513653|15|3376676467
32219|0x29513653|16|6792679776
32219|0x29513653|17|15179730296
32219|0x29513653|18|26017922717
32219|0x29513653|19|51439477215
32219|0x29513653|20|107265054411
32219|0x29513653|21|222477877638
32219|0x1029513653|22|414611166143
32219|0x1029513653|23|819637807409
32219|0x1029513653|24|1640121440091
32327|0xcb77|1|192582
32327|0x1cb77|2|423902
32327|0x1cb77|3|918875
32327|0x5cb77|4|2056710
32327|0x5cb77|5|3875891
32327|0x5cb77|6|8106119
32327|0x5cb77|7|15814439
32327|0x45cb77|8|32029895
32327|0xc5cb77|9|64011297
32327|0x1c5cb77|10|127919455
32327|0x1c5cb77|11|256444805
32327|0x1c5cb77|12|512087920
32327|0x9c5cb77|13|1025637700
32327|0x19c5cb77|14|2015054927
32327|0x19c5cb77|15|3965952101
32327|0x19c5cb77|16|6504049746
32327|0x99c5cb77|17|16359417762
32327|0x99c5cb77|18|26109605327
32327|0x299c5cb77|19|52272033033
32327|0x299c5cb77|20|103623778233
32327|0xa99c5cb77|21|207815528034
32327|0xa99c5cb77|22|410402998721
32327|0x2a99c5cb77|23|824805949632
32327|0x2a99c5cb77|24|1639391469939
32431|0x984f|1|215836
32431|0x1984f|2|495317
32431|0x3984f|3|985871
32431|0x7984f|4|1857556
32431|0xf984f|5|4066037
32431|0xf984f|6|7831705
32431|0x2f984f|7|16021574
32431|0x2f984f|8|31775892
32431|0xaf984f|9|63857866
32431|0x1af984f|10|127444986
32431|0x1af984f|11|254960394
32431|0x5af984f|12|512027990
32431|0x5af984f|13|1023651318
32431|0x15af984f|14|2038864031
32431|0x15af984f|15|4092940943
32431|0x55af984f|16|7159444893
32431|0x55af984f|17|14445761290
32431|0x155af984f|18|25675707996
32431|0x355af984f|19|54542734089
32431|0x755af984f|20|102414839250
32431|0x755af984f|21|205612622395
32431|0x1755af984f|22|411854667836
32431|0x3755af984f|23|826691511734
32431|0x3755af984f|24|1638434098235
32537|0x6d29|1|192500
32537|0x6d29|2|484922
32537|0x26d29|3|1047283
32537|0x66d29|4|2014258
32537|0xe6d29|5|3958889
32537|0x1e6d29|6|7967872
32537|0x3e6d29|7|15981851
32537|0x7e6d29|8|29619977
32537|0xfe6d29|9|63672414
32537|0x1fe6d29|10|128203859
32537|0x3fe6d29|11|256002725
32537|0x7fe6d29|12|512454125
32537|0x7fe6d29|13|1027164151
32537|0x7fe6d29|14|2050425004
32537|0x7fe6d29|15|4102478407
32537|0x7fe6d29|16|7333981515
32537|0x7fe6d29|17|16406573343
32537|0x7fe6d29|18|32811858003
32537|0x7fe6d29|19|58139300873
32537|0x7fe6d29|20|102882689409
32537|0x807fe6d29|21|205521764950
32537|0x807fe6d29|22|409999671487
32537|0x807fe6d29|23|823174579825
32537|0x4807fe6d29|24|1637797141340
32647|0x1637|1|216882
32647|0x11637|2|483482
32647|0x11637|3|976078
32647|0x11637|4|1875256
32647|0x91637|5|4093305
32647|0x191637|6|7864877
32647|0x191637|7|16079381
32647|0x591637|8|32040118
32647|0x591637|9|64184338
32647|0x1591637|10|128070316
32647|0x1591637|11|256227484
32647|0x1591637|12|512618063
32647|0x9591637|13|1025607335
32647|0x9591637|14|2051420364
32647|0x29591637|15|4105587285
32647|0x29591637|16|6549760756
32647|0x29591637|17|12788566733
32647|0x129591637|18|26223889357
32647|0x129591637|19|53018257973
32647|0x129591637|20|111018504160
32647|0x129591637|21|208062814049
32647|0x129591637|22|415515472430
32647|0x2129591637|23|819538103010
32647|0x2129591637|24|1641973751842
32755|0x313b|1|190837
32755|0x1313b|2|424331
32755|0x3313b|3|1042399
32755|0x7313b|4|2091066
32755|0x7313b|5|3862235
32755|0x7313b|6|8101631
32755|0x7313b|7|15858996
32755|0x47313b|8|32060947
32755|0x47313b|9|64069800
32755|0x147313b|10|128282887
32755|0x147313b|11|237374002
32755|0x147313b|12|513258769
32755|0x947313b|13|1026120849
32755|0x947313b|14|2052141446
32755|0x2947313b|15|4094548981
32755|0x2947313b|16|8209367651
32755|0xa947313b|17|13010947854
32755|0x1a947313b|18|28004122881
32755|0x3a947313b|19|51895336439
32755|0x7a947313b|20|109987387210
32755|0x7a947313b|21|205591594865
32755|0x7a947313b|22|416600633108
32755|0x7a947313b|23|816823483029
32755|0x47a947313b|24|1635208943088
33055|0x1badf|1|324494
33055|0x1badf|2|847783
33055|0x1badf|3|1896464
33055|0x1badf|4|3489741
33055|0x1badf|5|7358977
33055|0x21badf|6|14841054
33055|0x61badf|7|29633052
33055|0x61badf|8|59400656
33055|0x161badf|9|119113444
33055|0x361badf|10|238150172
33055|0x361badf|11|476824495
33055|0xb61badf|12|953062251
33055|0xb61badf|13|1819383295
33055|0x2b61badf|14|3386432560
33055|0x2b61badf|15|7654470284
33055|0xab61badf|16|13488127180
33055|0x1ab61badf|17|26457843677
33055|0x1ab61badf|18|54854270901
33055|0x1ab61badf|19|107696609349
33055|0x1ab61badf|20|211956445477
33055|0x11ab61badf|21|419205843585
33055|0x11ab61badf|22|840015114033
33055|0x11ab61badf|23|1683564063428
33055|0x91ab61badf|24|3337894750325
33155|0x1952b|1|369084
33155|0x3952b|2|862410
33155|0x3952b|3|1691947
33155|0x3952b|4|3689419
33155|0x3952b|5|7481927
33155|0x3952b|6|14850913
33155|0x3952b|7|29897020
33155|0x3952b|8|59662536
33155|0x3952b|9|119760335
33155|0x3952b|10|198805271
33155|0x3952b|11|436894063
33155|0x3952b|12|957868985
33155|0x1003952b|13|1916215070
33155|0x1003952b|14|3658431344
33155|0x1003952b|15|7666693890
33155|0x1003952b|16|15333341037
33155|0x1003952b|17|25813846857
33155|0x21003952b|18|63079108441
33155|0x21003952b|19|113825310836
33155|0x21003952b|20|219038494840
33155|0x21003952b|21|433632977553
33155|0x221003952b|22|846179324668
33155|0x221003952b|23|1675055761740
33155|0xa21003952b|24|3328840519350
33271|0x8fc7|1|369356
33271|0x28fc7|2|876150
33271|0x68fc7|3|1743404
33271|0xe8fc7|4|3691027
33271|0xe8fc7|5|7539451
33271|0xe8fc7|6|14931051
33271|0xe8fc7|7|30221146
33271|0x8e8fc7|8|60262102
33271|0x8e8fc7|9|120575452
33271|0x8e8fc7|10|241313714
33271|0x8e8fc7|11|482253640
33271|0x8e8fc7|12|963965045
33271|0x8e8fc7|13|1927303517
33271|0x208e8fc7|14|3857403003
33271|0x608e8fc7|15|7714902229
33271|0x608e8fc7|16|15417825127
33271|0x1608e8fc7|17|26267731919
33271|0x1608e8fc7|18|56228910793
33271|0x5608e8fc7|19|106004979593
33271|0xd608e8fc7|20|216975271245
33271|0x1d608e8fc7|21|415583790019
33271|0x1d608e8fc7|22|842986394167
33271|0x1d608e8fc7|23|1680631630998
33271|0x1d608e8fc7|24|3340867588895
33359|0x154af|1|366705
33359|0x354af|2|876172
33359|0x354af|3|1820356
33359|0xb54af|4|3618898
33359|0xb54af|5|7599919
33359|0xb54af|6|14860304
33359|0xb54af|7|30080080
33359|0x8b54af|8|60275481
33359|0x8b54af|9|120638734
33359|0x8b54af|10|241130626
33359|0x48b54af|11|481760500
33359|0xc8b54af|12|964919002
33359|0xc8b54af|13|1928095309
33359|0x2c8b54af|14|3742470483
33359|0x2c8b54af|15|7105740053
33359|0xac8b54af|16|12775765536
33359|0xac8b54af|17|26637845997
33359|0xac8b54af|18|53966407198
33359|0x4ac8b54af|19|105170342684
33359|0x4ac8b54af|20|209739233054
33359|0x14ac8b54af|21|416340577855
33359|0x14ac8b54af|22|848023816531
33359|0x14ac8b54af|23|1701785357040
33359|0x14ac8b54af|24|3329572680558
33483|0x152e3|1|325305
33483|0x152e3|2|772269
33483|0x552e3|3|1781184
33483|0x552e3|4|3711512
33483|0x1552e3|5|7399556
33483|0x1552e3|6|14830706
33483|0x1552e3|7|29850829
33483|0x1552e3|8|59561461
33483|0x11552e3|9|118903178
33483|0x11552e3|10|237795932
33483|0x11552e3|11|476696900
33483|0x11552e3|12|953184236
33483|0x111552e3|13|1903454391
33483|0x311552e3|14|3810414767
33483|0x711552e3|15|7620253396
33483|0xf11552e3|16|15238079769
33483|0xf11552e3|17|28029321883
33483|0xf11552e3|18|52938187500
33483|0x4f11552e3|19|105063911927
33483|0xcf11552e3|20|212914479427
33483|0x1cf11552e3|21|417608050908
33483|0x3cf11552e3|22|840806846278
33483|0x7cf11552e3|23|1692755555077
33483|0xfcf11552e3|24|3339677417652
33573|0x1e0ad|1|385629
33573|0x3e0ad|2|772930
33573|0x3e0ad|3|1699885
33573|0xbe0ad|4|3807980
33573|0x1be0ad|5|7410266
33573|0x1be0ad|6|14834598
33573|0x1be0ad|7|29698817
33573|0x1be0ad|8|60206199
33573|0x1be0ad|9|119451019
33573|0x1be0ad|10|239370125
33573|0x1be0ad|11|480111933
33573|0x81be0ad|12|900807346
33573|0x181be0ad|13|1613689302
33573|0x181be0ad|14|3863036009
33573|0x581be0ad|15|6367632885
33573|0x581be0ad|16|12738201079
33573|0x1581be0ad|17|27812522335
33573|0x1581be0ad|18|52708055988
33573|0x1581be0ad|19|107169290907
33573|0x9581be0ad|20|208165429458
33573|0x19581be0ad|21|415405867283
33573|0x19581be0ad|22|838866505504
33573|0x59581be0ad|23|1683715591518
33573|0x59581be0ad|24|3343525979712
33677|0x7745|1|374418
33677|0x27745|2|928637
33677|0x67745|3|1869720
33677|0xe7745|4|3690354
33677|0xe7745|5|7723396
33677|0xe7745|6|15211691
33677|0xe7745|7|30513320
33677|0xe7745|8|60572298
33677|0x10e7745|9|105107670
33677|0x10e7745|10|242808023
33677|0x50e7745|11|486080863
33677|0x50e7745|12|969722075
33677|0x150e7745|13|1945628230
33677|0x150e7745|14|3702372206
33677|0x150e7745|15|7760525341
33677|0x150e7745|16|15190258442
33677|0x150e7745|17|26259065970
33677|0x2150e7745|18|53200972818
33677|0x6150e7745|19|105931791838
33677|0x6150e7745|20|210695771608
33677|0x6150e7745|21|417190841020
33677|0x26150e7745|22|841525043162
33677|0x66150e7745|23|1686733189456
33677|0x66150e7745|24|3342725105761
33789|0x1f155|1|326270
33789|0x3f155|2|774350
33789|0x7f155|3|1768343
33789|0xff155|4|3760129
33789|0xff155|5|7451640
33789|0xff155|6|15091378
33789|0x4ff155|7|29977117
33789|0xcff155|8|60200352
33789|0xcff155|9|119903985
33789|0x2cff155|10|239791885
33789|0x2cff155|11|480932942
33789|0x2cff155|12|961986997
33789|0x12cff155|13|1873224336
33789|0x12cff155|14|3407360144
33789|0x12cff155|15|7692719102
33789|0x12cff155|16|15364938425
33789|0x112cff155|17|26497896820
33789|0x112cff155|18|51966033774
33789|0x112cff155|19|103481780030
33789|0x112cff155|20|207612077006
33789|0x1112cff155|21|414589219305
33789|0x1112cff155|22|834846351993
33789|0x1112cff155|23|1676513818165
33789|0x9112cff155|24|3349637510261
34085|0xead|1|367394
34085|0x20ead|2|776700
34085|0x60ead|3|1724949
34085|0x60ead|4|3813718
34085|0x60ead|5|7402428
34085|0x60ead|6|14883421
34085|0x60ead|7|30138906
34085|0x860ead|8|59991503
34085|0x1860ead|9|120131421
34085|0x3860ead|10|240536943
34085|0x3860ead|11|480955021
34085|0xb860ead|12|961855330
34085|0x1b860ead|13|1924154236
34085|0x3b860ead|14|3529763309
34085|0x7b860ead|15|6721340008
34085|0xfb860ead|16|12679830050
34085|0x1fb860ead|17|26116929250
34085|0x3fb860ead|18|51837157271
34085|0x3fb860ead|19|103664598105
34085|0x3fb860ead|20|208622664023
34085|0x3fb860ead|21|415090079347
34085|0x3fb860ead|22|830459919295
34085|0x43fb860ead|23|1681293664486
34085|0xc3fb860ead|24|3335385639396
34195|0x609b|1|371147
34195|0x609b|2|861609
34195|0x609b|3|1731426
34195|0x8609b|4|3546219
34195|0x8609b|5|7376041
34195|0x8609b|6|14846981
34195|0x8609b|7|29716641
34195|0x8609b|8|59185074
34195|0x108609b|9|118622716
34195|0x308609b|10|237106545
34195|0x308609b|11|474747268
34195|0xb08609b|12|951024118
34195|0x1b08609b|13|1897846262
34195|0x3b08609b|14|3434260874
34195|0x7b08609b|15|6280225981
34195|0x7b08609b|16|12488872503
34195|0x7b08609b|17|24971022196
34195|0x27b08609b|18|53902576872
34195|0x27b08609b|19|103141576667
34195|0xa7b08609b|20|207161856576
34195|0x1a7b08609b|21|415219612853
34195|0x3a7b08609b|22|835630819412
34195|0x3a7b08609b|23|1677925937465
34195|0xba7b08609b|24|3347928574717
34301|0x17f55|1|326845
34301|0x37f55|2|778153
34301|0x77f55|3|1899855
34301|0x77f55|4|3643829
34301|0x177f55|5|7387501
34301|0x377f55|6|14893190
34301|0x377f55|7|29748104
34301|0x377f55|8|59428305
34301|0x377f55|9|118795872
34301|0x377f55|10|238914265
34301|0x4377f55|11|477494638
34301|0x4377f55|12|954963749
34301|0x4377f55|13|1648134378
34301|0x4377f55|14|3290821396
34301|0x4377f55|15|6472855011
34301|0x4377f55|16|12705218209
34301|0x104377f55|17|30310167876
34301|0x304377f55|18|52940278349
34301|0x704377f55|19|106110800326
34301|0x704377f55|20|207933821329
34301|0x704377f55|21|419718715599
34301|0x2704377f55|22|839657613015
34301|0x6704377f55|23|1680861396513
34301|0x6704377f55|24|3925948598412
34419|0x8ebb|1|585985
34419|0x28ebb|2|1391559
34419|0x68ebb|3|3090003
34419|0xe8ebb|4|6337066
34419|0xe8ebb|5|12734262
34419|0xe8ebb|6|25473171
34419|0x4e8ebb|7|51094320
34419|0x4e8ebb|8|102313182
34419|0x4e8ebb|9|204904853
34419|0x24e8ebb|10|409760487
34419|0x24e8ebb|11|819746879
34419|0xa4e8ebb|12|1393854746
34419|0xa4e8ebb|13|2833104796
34419|0xa4e8ebb|14|5911532786
34419|0x4a4e8ebb|15|11181711616
34419|0xca4e8ebb|16|22518263762
34419|0xca4e8ebb|17|45359967025
34419|0xca4e8ebb|18|88158179095
34419|0xca4e8ebb|19|178943126674
34419|0xca4e8ebb|20|357725217847
34419|0xca4e8ebb|21|716637622002
34419|0xca4e8ebb|22|1431950668491
34419|0x40ca4e8ebb|23|1906136797960
34419|0x40ca4e8ebb|24|5445541344505
34599|0x7897|1|582292
34599|0x27897|2|1395811
34599|0x27897|3|3094595
34599|0xa7897|4|6368456
34599|0x1a7897|5|12754586
34599|0x3a7897|6|25520221
34599|0x3a7897|7|51227556
34599|0xba7897|8|102393042
34599|0xba7897|9|198295130
34599|0x2ba7897|10|392336879
34599|0x2ba7897|11|816577352
34599|0x2ba7897|12|1640184932
34599|0x2ba7897|13|3009676375
34599|0x2ba7897|14|5978504945
34599|0x42ba7897|15|10860951799
34599|0xc2ba7897|16|24631796268
34599|0xc2ba7897|17|45216250203
34599|0x2c2ba7897|18|89036155373
34599|0x6c2ba7897|19|179051381491
34599|0xec2ba7897|20|357657365434
34599|0x1ec2ba7897|21|713896277124
34599|0x3ec2ba7897|22|1426180532554
34599|0x7ec2ba7897|23|2801373084429
34599|0x7ec2ba7897|24|3344302056370
34733|0x7425|1|370219
34733|0x27425|2|811920
34733|0x27425|3|1735318
34733|0xa7425|4|3643561
34733|0x1a7425|5|7529546
34733|0x3a7425|6|15003074
34733|0x7a7425|7|29752646
34733|0x7a7425|8|59582554
34733|0x7a7425|9|119645924
34733|0x27a7425|10|239333928
34733|0x27a7425|11|479110064
34733|0x27a7425|12|957195187
34733|0x27a7425|13|1575404560
34733|0x27a7425|14|3220737768
34733|0x427a7425|15|7657928403
34733|0xc27a7425|16|15316454262
34733|0xc27a7425|17|27392844176
34733|0x2c27a7425|18|51736907535
34733|0x6c27a7425|19|104028231568
34733|0x6c27a7425|20|207451829010
34733|0x6c27a7425|21|414722365526
34733|0x26c27a7425|22|836916883945
34733|0x66c27a7425|23|1670167327088
34733|0x66c27a7425|24|4710399864248
35065|0x1b949|1|328137
35065|0x1b949|2|895104
35065|0x5b949|3|1916380
35065|0x5b949|4|3500433
35065|0x5b949|5|7495321
35065|0x5b949|6|15074213
35065|0x5b949|7|29887225
35065|0x5b949|8|60043605
35065|0x5b949|9|120444244
35065|0x5b949|10|240875046
35065|0x5b949|11|481528435
35065|0x5b949|12|963180190
35065|0x1005b949|13|1667310992
35065|0x3005b949|14|3299115496
35065|0x7005b949|15|7708128005
35065|0x7005b949|16|14516945429
35065|0x7005b949|17|25282544213
35065|0x7005b949|18|53788106728
35065|0x7005b949|19|104646924444
35065|0x7005b949|20|209730136723
35065|0x107005b949|21|415619545716
35065|0x107005b949|22|839606448720
35065|0x107005b949|23|1672558280021
35065|0x907005b949|24|3347035270878
35175|0x18257|1|368552
35175|0x18257|2|784734
35175|0x58257|3|1730739
35175|0xd8257|4|3543462
35175|0x1d8257|5|7327764
35175|0x3d8257|6|14842381
35175|0x3d8257|7|29767044
35175|0xbd8257|8|59612870
35175|0x1bd8257|9|119034644
35175|0x3bd8257|10|238463577
35175|0x7bd8257|11|405826670
35175|0xfbd8257|12|951916000
35175|0xfbd8257|13|1903389380
35175|0xfbd8257|14|3180735952
35175|0x4fbd8257|15|6875455905
35175|0xcfbd8257|16|13154254405
35175|0xcfbd8257|17|30071940430
35175|0xcfbd8257|18|51343928078
35175|0xcfbd8257|19|104668050371
35175|0xcfbd8257|20|210090300838
35175|0xcfbd8257|21|411593075822
35175|0xcfbd8257|22|835223669004
35175|0xcfbd8257|23|1669002425625
35175|0x80cfbd8257|24|3350909418487
35287|0x179e7|1|328368
35287|0x379e7|2|785393
35287|0x379e7|3|1753694
35287|0xb79e7|4|3783858
35287|0xb79e7|5|7388146
35287|0x2b79e7|6|14873924
35287|0x6b79e7|7|29789954
35287|0xeb79e7|8|59952678
35287|0xeb79e7|9|119714546
35287|0x2eb79e7|10|239774788
35287|0x2eb79e7|11|478815236
35287|0xaeb79e7|12|958076202
35287|0x1aeb79e7|13|1916534732
35287|0x3aeb79e7|14|3295470883
35287|0x3aeb79e7|15|7665137673
35287|0xbaeb79e7|16|13291043209
35287|0x1baeb79e7|17|26157279812
35287|0x1baeb79e7|18|51855992941
35287|0x5baeb79e7|19|105094743016
35287|0xdbaeb79e7|20|210725991741
35287|0x1dbaeb79e7|21|417950130137
35287|0x1dbaeb79e7|22|837790803533
35287|0x1dbaeb79e7|23|1670901617254
35287|0x1dbaeb79e7|24|3331054626741
35389|0xdd15|1|328591
35389|0x2dd15|2|786038
35389|0x6dd15|3|1764833
35389|0x6dd15|4|3793950
35389|0x16dd15|5|7427289
35389|0x36dd15|6|15134132
35389|0x76dd15|7|30073489
35389|0xf6dd15|8|60373408
35389|0xf6dd15|9|120237191
35389|0x2f6dd15|10|240814406
35389|0x2f6dd15|11|482145674
35389|0xaf6dd15|12|964168214
35389|0x1af6dd15|13|1599797827
35389|0x1af6dd15|14|3552215581
35389|0x1af6dd15|15|6525093145
35389|0x9af6dd15|16|12646550107
35389|0x9af6dd15|17|26038755116
35389|0x29af6dd15|18|52371581988
35389|0x29af6dd15|19|105033023568
35389|0xa9af6dd15|20|210921356371
35389|0x1a9af6dd15|21|414770126513
35389|0x3a9af6dd15|22|833159787684
35389|0x3a9af6dd15|23|1673455250708
35389|0xba9af6dd15|24|3346138730326
35495|0x7d17|1|328834
35495|0x7d17|2|786863
35495|0x7d17|3|1830884
35495|0x7d17|4|3707988
35495|0x7d17|5|7420906
35495|0x7d17|6|14938121
35495|0x407d17|7|29858728
35495|0xc07d17|8|59992951
35495|0x1c07d17|9|119745807
35495|0x1c07d17|10|239632517
35495|0x1c07d17|11|478962100
35495|0x9c07d17|12|958951065
35495|0x9c07d17|13|1882650113
35495|0x29c07d17|14|3833816147
35495|0x29c07d17|15|6856165431
35495|0x29c07d17|16|12568672134
35495|0x129c07d17|17|26278104477
35495|0x129c07d17|18|51834310581
35495|0x529c07d17|19|104216546910
35495|0x529c07d17|20|209030598083
35495|0x529c07d17|21|417407977707
35495|0x2529c07d17|22|836246434539
35495|0x6529c07d17|23|1664540534249
35495|0xe529c07d17|24|3341781554067
35597|0x13bc5|1|329460
35597|0x13bc5|2|787635
35597|0x53bc5|3|1751650
35597|0xd3bc5|4|3802631
35597|0xd3bc5|5|7420660
35597|0x2d3bc5|6|14836329
35597|0x6d3bc5|7|30113429
35597|0x6d3bc5|8|60056496
35597|0x16d3bc5|9|120079691
35597|0x36d3bc5|10|240381510
35597|0x76d3bc5|11|480841533
35597|0x76d3bc5|12|959074295
35597|0x176d3bc5|13|1707504841
35597|0x176d3bc5|14|3288975235
35597|0x176d3bc5|15|6835981275
35597|0x976d3bc5|16|15332343136
35597|0x976d3bc5|17|26425821317
35597|0x976d3bc5|18|55000267795
35597|0x976d3bc5|19|105129001399
35597|0x976d3bc5|20|223413676338
35597|0x976d3bc5|21|419037045772
35597|0x976d3bc5|22|835916016821
35597|0x40976d3bc5|23|1673177571452
35597|0xc0976d3bc5|24|3333458703211
35715|0x15b2b|1|373694
35715|0x35b2b|2|896065
35715|0x35b2b|3|1794126
35715|0xb5b2b|4|3602757
35715|0x1b5b2b|5|7523149
35715|0x1b5b2b|6|15001954
35715|0x1b5b2b|7|30004964
35715|0x9b5b2b|8|60225558
35715|0x9b5b2b|9|120275042
35715|0x29b5b2b|10|240801512
35715|0x29b5b2b|11|480946034
35715|0x29b5b2b|12|964627595
35715|0x129b5b2b|13|1927898039
35715|0x329b5b2b|14|3485039713
35715|0x729b5b2b|15|7713104076
35715|0x729b5b2b|16|13222820077
35715|0x1729b5b2b|17|30662783506
35715|0x1729b5b2b|18|58577832392
35715|0x1729b5b2b|19|108525497182
35715|0x9729b5b2b|20|215665296948
35715|0x19729b5b2b|21|415933737815
35715|0x19729b5b2b|22|832969087702
35715|0x59729b5b2b|23|1668742739707
35715|0x59729b5b2b|24|3347875846475
