149|0xbd|1|9154759
149|0x2bd|2|12961
149|0x2bd|3|17116
149|0xabd|4|25206
149|0xabd|5|44135
149|0xabd|6|81083
149|0x4abd|7|154857
149|0xcabd|8|302836
149|0xcabd|9|598452
149|0x2cabd|10|1188907
149|0x2cabd|11|10419978
149|0x2cabd|12|12790385
149|0x2cabd|13|33635742
149|0x22cabd|14|43088469
149|0x62cabd|15|75948347
149|0xe2cabd|16|46937440
149|0xe2cabd|17|94150101
149|0xe2cabd|18|187090227
149|0x4e2cabd|19|374793561
149|0xce2cabd|20|750571141
149|0xce2cabd|21|1500643455
149|0xce2cabd|22|2995662470
149|0xce2cabd|23|5986284018
149|0x8ce2cabd|24|11964245196
9067|0x7143|1|161511
9067|0xf143|2|362082
9067|0x1f143|3|789528
9067|0x1f143|4|1581783
9067|0x5f143|5|3228839
9067|0xdf143|6|6500943
9067|0x1df143|7|12985182
9067|0x1df143|8|26076170
9067|0x1df143|9|51911797
9067|0x9df143|10|103443710
9067|0x9df143|11|206282360
9067|0x29df143|12|411982911
9067|0x29df143|13|761616489
9067|0x29df143|14|1380841109
9067|0x129df143|15|2740755503
9067|0x329df143|16|5705914800
9067|0x729df143|17|10820044530
9067|0xf29df143|18|21590519071
9067|0x1f29df143|19|45364227826
9067|0x1f29df143|20|89084862278
9067|0x5f29df143|21|177977985412
9067|0xdf29df143|22|356996803504
9067|0xdf29df143|23|713311118679
9067|0xdf29df143|24|1424838053763
9193|0x6459|1|160433
9193|0xe459|2|392999
9193|0xe459|3|795415
9193|0xe459|4|1591076
9193|0xe459|5|3239690
9193|0x8e459|6|6508313
9193|0x18e459|7|12937003
9193|0x38e459|8|25865558
9193|0x38e459|9|51611008
9193|0x38e459|10|102957842
9193|0x138e459|11|206025135
9193|0x138e459|12|412487315
9193|0x538e459|13|824981468
9193|0xd38e459|14|1648625224
9193|0x1d38e459|15|2917518515
9193|0x3d38e459|16|5391065796
9193|0x3d38e459|17|10988842919
9193|0xbd38e459|18|21591832269
9193|0x1bd38e459|19|44078138776
9193|0x1bd38e459|20|90351876084
9193|0x5bd38e459|21|180373284388
9193|0xdbd38e459|22|355944498345
9193|0xdbd38e459|23|711717565387
9193|0x2dbd38e459|24|1426247832706
10137|0x3ca9|1|159072
10137|0x3ca9|2|377238
10137|0x3ca9|3|786326
10137|0x23ca9|4|1570886
10137|0x63ca9|5|3219637
10137|0xe3ca9|6|6474773
10137|0xe3ca9|7|12971268
10137|0xe3ca9|8|25933079
10137|0x4e3ca9|9|51845602
10137|0x4e3ca9|10|103663807
10137|0x4e3ca9|11|207389088
10137|0x24e3ca9|12|414801109
10137|0x64e3ca9|13|829592010
10137|0x64e3ca9|14|1665143612
10137|0x164e3ca9|15|2714553402
10137|0x164e3ca9|16|5748330754
10137|0x564e3ca9|17|10787442433
10137|0xd64e3ca9|18|21593202244
10137|0xd64e3ca9|19|46051914416
10137|0x2d64e3ca9|20|89306638313
10137|0x2d64e3ca9|21|178516781803
10137|0xad64e3ca9|22|355810486686
10137|0xad64e3ca9|23|709841142698
10137|0x2ad64e3ca9|24|1419930936339
11023|0x63ef|1|165447
11023|0x63ef|2|340822
11023|0x163ef|3|763748
11023|0x363ef|4|1600514
11023|0x763ef|5|3229780
11023|0xf63ef|6|6482977
11023|0x1f63ef|7|13062606
11023|0x3f63ef|8|26082760
11023|0x3f63ef|9|52171230
11023|0xbf63ef|10|104414379
11023|0x1bf63ef|11|208747555
11023|0x1bf63ef|12|367886771
11023|0x1bf63ef|13|834729491
11023|0x1bf63ef|14|1365906641
11023|0x1bf63ef|15|2740079258
11023|0x1bf63ef|16|5579435536
11023|0x41bf63ef|17|11172656164
11023|0x41bf63ef|18|21662049766
11023|0x141bf63ef|19|43900325750
11023|0x341bf63ef|20|88270667343
11023|0x741bf63ef|21|177441458889
11023|0xf41bf63ef|22|353620132963
11023|0x1f41bf63ef|23|706951436276
11023|0x3f41bf63ef|24|1413876544015
11221|0x357d|1|161935
11221|0xb57d|2|342869
11221|0x1b57d|3|802970
11221|0x1b57d|4|1590180
11221|0x1b57d|5|3287779
11221|0x9b57d|6|6522349
11221|0x19b57d|7|13028884
11221|0x39b57d|8|26086711
11221|0x39b57d|9|52241197
11221|0xb9b57d|10|104461901
11221|0xb9b57d|11|208967249
11221|0xb9b57d|12|418105768
11221|0x4b9b57d|13|785347286
11221|0x4b9b57d|14|1502749230
11221|0x4b9b57d|15|2725480766
11221|0x24b9b57d|16|5537858733
11221|0x64b9b57d|17|10798169384
11221|0x64b9b57d|18|21585418599
11221|0x164b9b57d|19|43428728634
11221|0x164b9b57d|20|87909779873
11221|0x564b9b57d|21|176237548802
11221|0xd64b9b57d|22|353511898891
11221|0x1d64b9b57d|23|705946766400
11221|0x3d64b9b57d|24|1413731653644
12189|0x4eb5|1|168574
12189|0xceb5|2|353035
12189|0xceb5|3|793311
12189|0x2ceb5|4|1625182
12189|0x6ceb5|5|3242106
12189|0x6ceb5|6|6584062
12189|0x6ceb5|7|13153962
12189|0x26ceb5|8|26318624
12189|0x66ceb5|9|52608924
12189|0x66ceb5|10|105182654
12189|0x166ceb5|11|210325308
12189|0x166ceb5|12|420660998
12189|0x566ceb5|13|741532851
12189|0x566ceb5|14|1431728694
12189|0x1566ceb5|15|3297733417
12189|0x1566ceb5|16|5587168472
12189|0x1566ceb5|17|11361886699
12189|0x1566ceb5|18|21922443136
12189|0x11566ceb5|19|44432427466
12189|0x11566ceb5|20|88439875729
12189|0x11566ceb5|21|175623482544
12189|0x91566ceb5|22|351804509105
12189|0x91566ceb5|23|704447333701
12189|0x91566ceb5|24|1405407336927
13061|0x21cd|1|167668
13061|0xa1cd|2|358768
13061|0x1a1cd|3|815824
13061|0x1a1cd|4|1638663
13061|0x5a1cd|5|3311941
13061|0xda1cd|6|6614323
13061|0xda1cd|7|13221652
13061|0xda1cd|8|26459002
13061|0xda1cd|9|52921736
13061|0x8da1cd|10|105759858
13061|0x8da1cd|11|211548349
13061|0x28da1cd|12|363967820
13061|0x68da1cd|13|846362415
13061|0xe8da1cd|14|1693766998
13061|0xe8da1cd|15|2701054183
13061|0xe8da1cd|16|5493922585
13061|0xe8da1cd|17|11269620925
13061|0x8e8da1cd|18|21742098325
13061|0x18e8da1cd|19|43601167614
13061|0x38e8da1cd|20|87770677563
13061|0x38e8da1cd|21|175088432749
13061|0xb8e8da1cd|22|350483544457
13061|0xb8e8da1cd|23|702201362289
13061|0x2b8e8da1cd|24|1401148914038
13261|0x7105|1|171359
13261|0xf105|2|356484
13261|0x1f105|3|764419
13261|0x3f105|4|1593891
13261|0x7f105|5|3278420
13261|0x7f105|6|6602317
13261|0x7f105|7|13240638
13261|0x27f105|8|26520386
13261|0x27f105|9|52975925
13261|0x27f105|10|105927654
13261|0x127f105|11|212101783
13261|0x327f105|12|423843342
13261|0x727f105|13|851472202
13261|0x727f105|14|1696018670
13261|0x1727f105|15|2875946628
13261|0x1727f105|16|6060607794
13261|0x1727f105|17|10856297998
13261|0x9727f105|18|21664382154
13261|0x9727f105|19|44056843251
13261|0x29727f105|20|87506608985
13261|0x29727f105|21|175338183698
13261|0x29727f105|22|350030587482
13261|0x129727f105|23|700676882293
13261|0x129727f105|24|1400018355864
14117|0xcad|1|166825
14117|0xcad|2|368230
14117|0x10cad|3|782632
14117|0x10cad|4|1633583
14117|0x10cad|5|3293555
14117|0x10cad|6|6672024
14117|0x10cad|7|13320701
14117|0x210cad|8|26640737
14117|0x210cad|9|53316140
14117|0xa10cad|10|106569693
14117|0x1a10cad|11|201698780
14117|0x3a10cad|12|426402030
14117|0x3a10cad|13|683165922
14117|0x3a10cad|14|1479470232
14117|0x3a10cad|15|2717819880
14117|0x23a10cad|16|5424245140
14117|0x63a10cad|17|10900768869
14117|0x63a10cad|18|21827749842
14117|0x63a10cad|19|43446092031
14117|0x263a10cad|20|86974199789
14117|0x263a10cad|21|174230339596
14117|0x263a10cad|22|350311735925
14117|0x263a10cad|23|699379836483
14117|0x263a10cad|24|1403086795378
14327|0x39c7|1|174491
14327|0xb9c7|2|369365
14327|0x1b9c7|3|788998
14327|0x1b9c7|4|1643554
14327|0x5b9c7|5|3323508
14327|0x5b9c7|6|6645889
14327|0x15b9c7|7|13351900
14327|0x35b9c7|8|26712377
14327|0x75b9c7|9|53342004
14327|0xf5b9c7|10|106774017
14327|0xf5b9c7|11|213505898
14327|0xf5b9c7|12|427278496
14327|0xf5b9c7|13|728565683
14327|0x8f5b9c7|14|1370923549
14327|0x18f5b9c7|15|2788633805
14327|0x38f5b9c7|16|5450527396
14327|0x78f5b9c7|17|11400028280
14327|0xf8f5b9c7|18|22918475345
14327|0x1f8f5b9c7|19|44288788092
14327|0x1f8f5b9c7|20|87739851478
14327|0x5f8f5b9c7|21|174141047562
14327|0x5f8f5b9c7|22|348191226651
14327|0x5f8f5b9c7|23|696609058948
14327|0x5f8f5b9c7|24|1393957820010
15191|0x6067|1|176834
15191|0xe067|2|376295
15191|0xe067|3|839636
15191|0xe067|4|1622512
15191|0x4e067|5|3116327
15191|0x4e067|6|6249047
15191|0x4e067|7|12471888
15191|0x24e067|8|24690691
15191|0x64e067|9|49452284
15191|0x64e067|10|107474255
15191|0x64e067|11|214675650
15191|0x264e067|12|429384029
15191|0x264e067|13|750946281
15191|0x264e067|14|1718725761
15191|0x1264e067|15|2732886655
15191|0x1264e067|16|5886163434
15191|0x1264e067|17|10827160265
15191|0x9264e067|18|21693826011
15191|0x19264e067|19|43399256782
15191|0x39264e067|20|86880600196
15191|0x79264e067|21|175447911049
15191|0x79264e067|22|346725855744
15191|0x179264e067|23|693702261005
15191|0x179264e067|24|1387897024234
15339|0x14c3|1|173568
15339|0x14c3|2|374562
15339|0x14c3|3|808749
15339|0x14c3|4|1625147
15339|0x414c3|5|3353398
15339|0xc14c3|6|6709334
15339|0xc14c3|7|13419999
15339|0x2c14c3|8|26883413
15339|0x6c14c3|9|53794781
15339|0x6c14c3|10|107386423
15339|0x6c14c3|11|214891401
15339|0x6c14c3|12|429874524
15339|0x46c14c3|13|701522132
15339|0xc6c14c3|14|1351767330
15339|0x1c6c14c3|15|2940775714
15339|0x1c6c14c3|16|5396337301
15339|0x1c6c14c3|17|10786303209
15339|0x1c6c14c3|18|21567083979
15339|0x11c6c14c3|19|43501921858
15339|0x31c6c14c3|20|86876954170
15339|0x31c6c14c3|21|173226322099
15339|0xb1c6c14c3|22|346885429400
15339|0xb1c6c14c3|23|693933946049
15339|0xb1c6c14c3|24|1387756264897
16175|0x67cf|1|179263
16175|0x67cf|2|385031
16175|0x167cf|3|826642
16175|0x367cf|4|1690224
16175|0x767cf|5|3343187
16175|0xf67cf|6|6743330
16175|0xf67cf|7|13452512
16175|0x2f67cf|8|27004201
16175|0x6f67cf|9|54032500
16175|0x6f67cf|10|108032655
16175|0x16f67cf|11|216132623
16175|0x36f67cf|12|432306328
16175|0x76f67cf|13|864589150
16175|0xf6f67cf|14|1419460345
16175|0xf6f67cf|15|2754795528
16175|0xf6f67cf|16|5903609413
16175|0x4f6f67cf|17|10955212508
16175|0x4f6f67cf|18|21600536315
16175|0x14f6f67cf|19|43139208473
16175|0x34f6f67cf|20|86566190049
16175|0x34f6f67cf|21|173892727012
16175|0xb4f6f67cf|22|345581952978
16175|0xb4f6f67cf|23|699507786937
16175|0x2b4f6f67cf|24|1384789256543
16323|0x28eb|1|176540
16323|0x28eb|2|382948
16323|0x128eb|3|829938
16323|0x128eb|4|1689592
16323|0x528eb|5|3354944
16323|0x528eb|6|6757043
16323|0x528eb|7|13507314
16323|0x528eb|8|27042305
16323|0x528eb|9|54051455
16323|0x528eb|10|85879791
16323|0x10528eb|11|216307478
16323|0x10528eb|12|432725907
16323|0x50528eb|13|865919620
16323|0xd0528eb|14|1677045687
16323|0x1d0528eb|15|3462690294
16323|0x3d0528eb|16|5567859653
16323|0x7d0528eb|17|11829243997
16323|0xfd0528eb|18|22047041766
16323|0x1fd0528eb|19|43133141432
16323|0x1fd0528eb|20|88259029870
16323|0x1fd0528eb|21|172674640078
16323|0x9fd0528eb|22|346304229219
16323|0x9fd0528eb|23|693283870730
16323|0x29fd0528eb|24|1381524195904
16865|0xc221|1|303138
16865|0x1c221|2|697659
16865|0x3c221|3|1528619
16865|0x3c221|4|3166557
16865|0xbc221|5|6396282
16865|0xbc221|6|12788585
16865|0x2bc221|7|25598848
16865|0x6bc221|8|51196769
16865|0x6bc221|9|102414828
16865|0x16bc221|10|204807586
16865|0x16bc221|11|409654135
16865|0x56bc221|12|819440857
16865|0x56bc221|13|1510758101
16865|0x56bc221|14|2944018630
16865|0x256bc221|15|5592135049
16865|0x656bc221|16|10787426437
16865|0xe56bc221|17|21581164372
16865|0xe56bc221|18|45840216440
16865|0x2e56bc221|19|89331872698
16865|0x6e56bc221|20|178531080672
16865|0x6e56bc221|21|357118664814
16865|0x16e56bc221|22|714835133326
16865|0x36e56bc221|23|1427859249996
16865|0x36e56bc221|24|2857577093104
17031|0xe337|1|301494
17031|0xe337|2|699639
17031|0xe337|3|1534310
17031|0x4e337|4|3168182
17031|0xce337|5|6380299
17031|0xce337|6|12789393
17031|0x2ce337|7|25619396
17031|0x6ce337|8|51247473
17031|0x6ce337|9|102432231
17031|0x6ce337|10|180210860
17031|0x6ce337|11|409866259
17031|0x46ce337|12|819835932
17031|0xc6ce337|13|1639712126
17031|0xc6ce337|14|3279656443
17031|0x2c6ce337|15|5625914859
17031|0x2c6ce337|16|10820309329
17031|0xac6ce337|17|21599217541
17031|0x1ac6ce337|18|44734142322
17031|0x3ac6ce337|19|90041813596
17031|0x7ac6ce337|20|180014458630
17031|0x7ac6ce337|21|356869091283
17031|0x7ac6ce337|22|714162260794
17031|0x7ac6ce337|23|1427638760118
17031|0x7ac6ce337|24|2854657909636
17209|0xbb09|1|301291
17209|0x1bb09|2|702163
17209|0x3bb09|3|1563705
17209|0x3bb09|4|3211676
17209|0xbbb09|5|6363264
17209|0x1bbb09|6|12750184
17209|0x3bbb09|7|25615890
17209|0x7bbb09|8|51260301
17209|0xfbbb09|9|102502331
17209|0xfbbb09|10|205035670
17209|0x2fbbb09|11|410168511
17209|0x6fbbb09|12|820685755
17209|0x6fbbb09|13|1640971143
17209|0x16fbbb09|14|3282293617
17209|0x16fbbb09|15|5809420631
17209|0x16fbbb09|16|11489879975
17209|0x16fbbb09|17|22019571760
17209|0x116fbbb09|18|45615744242
17209|0x316fbbb09|19|89993011194
17209|0x716fbbb09|20|182828971813
17209|0xf16fbbb09|21|357423070130
17209|0xf16fbbb09|22|714262004030
17209|0x2f16fbbb09|23|1427254008096
17209|0x2f16fbbb09|24|2853313424359
17801|0xc0b9|1|301562
17801|0x1c0b9|2|709107
17801|0x3c0b9|3|1579493
17801|0x7c0b9|4|3133897
17801|0xfc0b9|5|6387162
17801|0xfc0b9|6|12790314
17801|0x2fc0b9|7|25639667
17801|0x2fc0b9|8|51339652
17801|0xafc0b9|9|102724956
17801|0x1afc0b9|10|205425181
17801|0x3afc0b9|11|410960696
17801|0x3afc0b9|12|750926932
17801|0xbafc0b9|13|1644124729
17801|0xbafc0b9|14|3288258695
17801|0x2bafc0b9|15|5597387739
17801|0x6bafc0b9|16|10824450420
17801|0x6bafc0b9|17|26309865584
17801|0x6bafc0b9|18|45613929343
17801|0x6bafc0b9|19|91231528454
17801|0x6bafc0b9|20|181290793013
17801|0x6bafc0b9|21|356075945847
17801|0x6bafc0b9|22|713357173556
17801|0x6bafc0b9|23|1435507551904
17801|0x406bafc0b9|24|2850023283041
17975|0x4f87|1|302607
17975|0x4f87|2|711801
17975|0x4f87|3|1587046
17975|0x4f87|4|3165211
17975|0x4f87|5|6406716
17975|0x104f87|6|12839655
17975|0x104f87|7|25700082
17975|0x504f87|8|51464134
17975|0x504f87|9|102718408
17975|0x1504f87|10|205547410
17975|0x3504f87|11|411117380
17975|0x7504f87|12|822309170
17975|0xf504f87|13|1645336800
17975|0xf504f87|14|2871434392
17975|0xf504f87|15|5994347233
17975|0x4f504f87|16|10827808384
17975|0x4f504f87|17|21642931455
17975|0x14f504f87|18|45929067639
17975|0x14f504f87|19|89414980280
17975|0x14f504f87|20|179550536479
17975|0x94f504f87|21|356452688467
17975|0x194f504f87|22|715025647683
17975|0x394f504f87|23|1414967470844
17975|0x394f504f87|24|2848650157467
18151|0x6cd7|1|302727
18151|0x16cd7|2|742607
18151|0x16cd7|3|1570837
18151|0x56cd7|4|3185969
18151|0xd6cd7|5|6349127
18151|0xd6cd7|6|12815139
18151|0x2d6cd7|7|25683600
18151|0x6d6cd7|8|51461500
18151|0xed6cd7|9|102858772
18151|0xed6cd7|10|205709805
18151|0x2ed6cd7|11|411413208
18151|0x2ed6cd7|12|822859914
18151|0x2ed6cd7|13|1647288261
18151|0x12ed6cd7|14|2940172743
18151|0x12ed6cd7|15|5389796262
18151|0x12ed6cd7|16|10857731603
18151|0x12ed6cd7|17|21973060068
18151|0x12ed6cd7|18|43579309144
18151|0x212ed6cd7|19|91394932805
18151|0x612ed6cd7|20|178099977243
18151|0xe12ed6cd7|21|356040423520
18151|0xe12ed6cd7|22|713814337238
18151|0x2e12ed6cd7|23|1424194977935
18151|0x6e12ed6cd7|24|2847385202219
18333|0x76b5|1|303214
18333|0x176b5|2|718533
18333|0x376b5|3|1599365
18333|0x776b5|4|3143460
18333|0x776b5|5|6423097
18333|0x776b5|6|12933099
18333|0x776b5|7|25787342
18333|0x776b5|8|51422198
18333|0x8776b5|9|112477089
18333|0x18776b5|10|205868976
18333|0x38776b5|11|411954769
18333|0x78776b5|12|687981587
18333|0x78776b5|13|1653289243
18333|0x178776b5|14|3021164117
18333|0x178776b5|15|5826744925
18333|0x178776b5|16|10956576345
18333|0x178776b5|17|21816634727
18333|0x1178776b5|18|45485771364
18333|0x3178776b5|19|89345593606
18333|0x7178776b5|20|178195206268
18333|0x7178776b5|21|356670755616
18333|0x7178776b5|22|713684144602
18333|0x27178776b5|23|1423891148228
18333|0x27178776b5|24|2846681644726
18891|0x93e3|1|306535
18891|0x193e3|2|743789
18891|0x193e3|3|1515561
18891|0x593e3|4|3159564
18891|0xd93e3|5|6377396
18891|0x1d93e3|6|12856733
18891|0x3d93e3|7|25796377
18891|0x3d93e3|8|51604373
18891|0x3d93e3|9|103131735
18891|0x3d93e3|10|206392326
18891|0x3d93e3|11|412687505
18891|0x3d93e3|12|704346670
18891|0x3d93e3|13|1650121801
18891|0x3d93e3|14|3274972136
18891|0x3d93e3|15|5487041543
18891|0x403d93e3|16|11443850800
18891|0xc03d93e3|17|21657230708
18891|0xc03d93e3|18|45429850142
18891|0x2c03d93e3|19|88878434078
18891|0x2c03d93e3|20|178798826456
18891|0x2c03d93e3|21|355615292281
18891|0x2c03d93e3|22|713816863197
18891|0x2c03d93e3|23|1422126667876
18891|0x2c03d93e3|24|2844623907976
19075|0xd42b|1|344455
19075|0x1d42b|2|725758
19075|0x1d42b|3|1520760
19075|0x5d42b|4|3390472
19075|0x5d42b|5|6465058
19075|0x15d42b|6|12860946
19075|0x15d42b|7|25789994
19075|0x15d42b|8|51587972
19075|0x95d42b|9|103118392
19075|0x95d42b|10|206349563
19075|0x95d42b|11|372701303
19075|0x495d42b|12|673639180
19075|0xc95d42b|13|1364172579
19075|0xc95d42b|14|2768690024
19075|0xc95d42b|15|5616072393
19075|0x4c95d42b|16|11011475628
19075|0xcc95d42b|17|21771328307
19075|0xcc95d42b|18|45407652669
19075|0xcc95d42b|19|87770771352
19075|0x4cc95d42b|20|178138888392
19075|0xccc95d42b|21|355346857219
19075|0x1ccc95d42b|22|710803860978
19075|0x3ccc95d42b|23|1421710022731
19075|0x7ccc95d42b|24|2841827454262
19247|0xdbcf|1|303737
19247|0xdbcf|2|727814
19247|0x2dbcf|3|1525597
19247|0x6dbcf|4|3172407
19247|0xedbcf|5|6444386
19247|0xedbcf|6|12869154
19247|0x2edbcf|7|25755639
19247|0x2edbcf|8|51595256
19247|0x2edbcf|9|103997709
19247|0x12edbcf|10|206460332
19247|0x32edbcf|11|412997883
19247|0x32edbcf|12|782268357
19247|0x32edbcf|13|1443726429
19247|0x132edbcf|14|2799274451
19247|0x132edbcf|15|5591608456
19247|0x532edbcf|16|10872637835
19247|0x532edbcf|17|21914480391
19247|0x532edbcf|18|43555725200
19247|0x2532edbcf|19|88902831279
19247|0x6532edbcf|20|178533471171
19247|0xe532edbcf|21|355243544974
19247|0xe532edbcf|22|713686310523
19247|0xe532edbcf|23|1421410133882
19247|0xe532edbcf|24|2840989487514
19429|0xf9ed|1|328641
19429|0xf9ed|2|730517
19429|0xf9ed|3|1529025
19429|0xf9ed|4|3181955
19429|0x8f9ed|5|6385329
19429|0x8f9ed|6|12841354
19429|0x8f9ed|7|25755725
19429|0x48f9ed|8|48768097
19429|0xc8f9ed|9|103272378
19429|0x1c8f9ed|10|206670986
19429|0x3c8f9ed|11|413372610
19429|0x7c8f9ed|12|826785441
19429|0xfc8f9ed|13|1553555848
19429|0xfc8f9ed|14|2736718255
19429|0xfc8f9ed|15|5689683229
19429|0xfc8f9ed|16|11227278509
19429|0xfc8f9ed|17|22199995205
19429|0xfc8f9ed|18|43387789673
19429|0x20fc8f9ed|19|89430506141
19429|0x20fc8f9ed|20|177245632249
19429|0xa0fc8f9ed|21|355618219717
19429|0xa0fc8f9ed|22|710230039366
19429|0x2a0fc8f9ed|23|1421380825510
19429|0x6a0fc8f9ed|24|2840386914556
20013|0x31a5|1|308171
20013|0x131a5|2|740053
20013|0x331a5|3|1547980
20013|0x331a5|4|3250107
20013|0x331a5|5|6514844
20013|0x1331a5|6|12990975
20013|0x1331a5|7|25898702
20013|0x1331a5|8|51787299
20013|0x9331a5|9|103528735
20013|0x19331a5|10|207062143
20013|0x19331a5|11|422643509
20013|0x19331a5|12|828526521
20013|0x19331a5|13|1477228931
20013|0x19331a5|14|3014036828
20013|0x219331a5|15|5392782650
20013|0x619331a5|16|11296593068
20013|0x619331a5|17|21904962647
20013|0x619331a5|18|44078941588
20013|0x619331a5|19|90450118719
20013|0x4619331a5|20|177124072021
20013|0x4619331a5|21|354960591757
20013|0x4619331a5|22|709034851302
20013|0x4619331a5|23|1419626619181
20013|0x4619331a5|24|2838548002026
20185|0x5169|1|304923
20185|0x15169|2|757891
20185|0x15169|3|1551762
20185|0x55169|4|3140565
20185|0x55169|5|6364929
20185|0x155169|6|12872892
20185|0x355169|7|25818351
20185|0x355169|8|51774460
20185|0x355169|9|103545712
20185|0x355169|10|207291973
20185|0x355169|11|414337297
20185|0x4355169|12|736661579
20185|0x4355169|13|1663619392
20185|0x14355169|14|2945528143
20185|0x34355169|15|5498456903
20185|0x34355169|16|10875496647
20185|0xb4355169|17|23107152314
20185|0x1b4355169|18|44427214532
20185|0x3b4355169|19|88784332380
20185|0x7b4355169|20|177263389100
20185|0x7b4355169|21|354581200066
20185|0x17b4355169|22|711135056212
20185|0x17b4355169|23|1419826112481
20185|0x17b4355169|24|2840033540147
20363|0x6023|1|307946
20363|0x16023|2|742299
20363|0x36023|3|1584259
20363|0x36023|4|3135362
20363|0x36023|5|6419108
20363|0x36023|6|12932820
20363|0x36023|7|25846397
20363|0x36023|8|51778204
20363|0x836023|9|103574884
20363|0x836023|10|207298328
20363|0x2836023|11|414640714
20363|0x2836023|12|829373049
20363|0xa836023|13|1480382295
20363|0xa836023|14|2890890139
20363|0xa836023|15|5796534037
20363|0x4a836023|16|10796644782
20363|0x4a836023|17|21779831426
20363|0x14a836023|18|48206964922
20363|0x34a836023|19|88318136480
20363|0x34a836023|20|178442793615
20363|0xb4a836023|21|354901599724
20363|0xb4a836023|22|714304336547
20363|0x2b4a836023|23|1417594155152
20363|0x2b4a836023|24|2834313275610
20919|0x5c07|1|307470
20919|0x5c07|2|749681
20919|0x5c07|3|1577771
20919|0x5c07|4|3189297
20919|0x5c07|5|6501399
20919|0x5c07|6|12967000
20919|0x205c07|7|25966295
20919|0x605c07|8|51922896
20919|0x605c07|9|103854458
20919|0x605c07|10|207764074
20919|0x2605c07|11|415552753
20919|0x2605c07|12|713586770
20919|0x2605c07|13|1636237060
20919|0x12605c07|14|2713813661
20919|0x32605c07|15|5773179730
20919|0x32605c07|16|10808291139
20919|0xb2605c07|17|21720021888
20919|0xb2605c07|18|46964968309
20919|0xb2605c07|19|87511076679
20919|0xb2605c07|20|176899880007
20919|0xb2605c07|21|354176147265
20919|0x10b2605c07|22|708822432644
20919|0x30b2605c07|23|1416163774220
20919|0x70b2605c07|24|2829908497745
21103|0x4c8f|1|311342
21103|0x14c8f|2|752199
21103|0x34c8f|3|1581425
21103|0x74c8f|4|3205706
21103|0x74c8f|5|6419022
21103|0x174c8f|6|12936521
21103|0x374c8f|7|25951338
21103|0x374c8f|8|51925892
21103|0xb74c8f|9|103863980
21103|0xb74c8f|10|207834613
21103|0x2b74c8f|11|415679755
21103|0x6b74c8f|12|831542195
21103|0x6b74c8f|13|1568306755
21103|0x6b74c8f|14|2702085264
21103|0x26b74c8f|15|5487552533
21103|0x26b74c8f|16|11128963792
21103|0xa6b74c8f|17|21666302718
21103|0x1a6b74c8f|18|43941532959
21103|0x3a6b74c8f|19|89777329118
21103|0x7a6b74c8f|20|177029714175
21103|0xfa6b74c8f|21|354340661843
21103|0x1fa6b74c8f|22|708162978629
21103|0x3fa6b74c8f|23|1414456422315
21103|0x3fa6b74c8f|24|2843935062432
21295|0xd3cf|1|307926
21295|0x1d3cf|2|784192
21295|0x3d3cf|3|1587169
21295|0x3d3cf|4|3224941
21295|0x3d3cf|5|6447660
21295|0x3d3cf|6|13092606
21295|0x23d3cf|7|26097622
21295|0x63d3cf|8|52174265
21295|0x63d3cf|9|104406124
21295|0x63d3cf|10|207988876
21295|0x63d3cf|11|415905475
21295|0x63d3cf|12|831967298
21295|0x63d3cf|13|1595971087
21295|0x1063d3cf|14|2739448927
21295|0x3063d3cf|15|5627809640
21295|0x7063d3cf|16|11327189795
21295|0x7063d3cf|17|21944669195
21295|0x17063d3cf|18|43644809855
21295|0x17063d3cf|19|88595178494
21295|0x57063d3cf|20|177213962377
21295|0x57063d3cf|21|353251266766
21295|0x157063d3cf|22|706854775514
21295|0x357063d3cf|23|1414000675702
21295|0x757063d3cf|24|2829756426593
21473|0x3021|1|304786
21473|0x13021|2|756886
21473|0x33021|3|1594590
21473|0x33021|4|3221220
21473|0xb3021|5|6463837
21473|0x1b3021|6|12929620
21473|0x1b3021|7|25965414
21473|0x1b3021|8|52036493
21473|0x9b3021|9|103985793
21473|0x19b3021|10|208064193
21473|0x39b3021|11|416166254
21473|0x79b3021|12|832472000
21473|0x79b3021|13|1664902103
21473|0x79b3021|14|3245738464
21473|0x79b3021|15|5598761944
21473|0x79b3021|16|10796318627
21473|0x79b3021|17|21839671679
21473|0x79b3021|18|43470699508
21473|0x2079b3021|19|89635313379
21473|0x2079b3021|20|177277814167
21473|0x2079b3021|21|353851882509
21473|0x2079b3021|22|706769372264
21473|0x2079b3021|23|1413773323884
21473|0x42079b3021|24|2830243921918
22009|0x5c49|1|313855
22009|0x5c49|2|671365
22009|0x25c49|3|1514319
22009|0x25c49|4|3164929
22009|0x25c49|5|6439264
22009|0x125c49|6|12963042
22009|0x125c49|7|26021706
22009|0x125c49|8|52098165
22009|0x925c49|9|104237979
22009|0x1925c49|10|208460576
22009|0x1925c49|11|397089263
22009|0x1925c49|12|834070774
22009|0x1925c49|13|1511923047
22009|0x1925c49|14|2795543279
22009|0x21925c49|15|5678442562
22009|0x61925c49|16|10912317104
22009|0xe1925c49|17|22176841521
22009|0x1e1925c49|18|46001872207
22009|0x3e1925c49|19|88388710191
22009|0x7e1925c49|20|176562676993
22009|0x7e1925c49|21|354471428356
22009|0x17e1925c49|22|705651039324
22009|0x37e1925c49|23|1411656320939
22009|0x77e1925c49|24|2823925205927
22191|0xc04f|1|332123
22191|0xc04f|2|670901
22191|0x2c04f|3|1520116
22191|0x6c04f|4|3171455
22191|0xec04f|5|6460876
22191|0x1ec04f|6|13012173
22191|0x3ec04f|7|26014109
22191|0x3ec04f|8|52157653
22191|0xbec04f|9|104282948
22191|0x1bec04f|10|178391344
22191|0x3bec04f|11|417240936
22191|0x7bec04f|12|789998934
22191|0x7bec04f|13|1523365295
22191|0x7bec04f|14|2739583762
22191|0x27bec04f|15|5422825548
22191|0x67bec04f|16|10824546557
22191|0x67bec04f|17|21682368771
22191|0x167bec04f|18|43612551577
22191|0x167bec04f|19|87954774093
22191|0x167bec04f|20|176255018874
22191|0x167bec04f|21|353609147676
22191|0x1167bec04f|22|707110606541
22191|0x1167bec04f|23|1289536039953
22191|0x5167bec04f|24|1743109410096
22337|0x38c1|1|219083
22337|0x38c1|2|376228
22337|0x38c1|3|970985
22337|0x38c1|4|2027984
22337|0x838c1|5|3912533
22337|0x838c1|6|7859853
22337|0x2838c1|7|15802947
22337|0x2838c1|8|31782365
22337|0xa838c1|9|63682950
22337|0xa838c1|10|127446934
22337|0x2a838c1|11|254784669
22337|0x2a838c1|12|510332058
22337|0xaa838c1|13|1019724084
22337|0xaa838c1|14|1722033041
22337|0x2aa838c1|15|4082112837
22337|0x2aa838c1|16|7457752302
22337|0x2aa838c1|17|13373551941
22337|0x2aa838c1|18|26834986258
22337|0x22aa838c1|19|56895378986
22337|0x62aa838c1|20|110759601459
22337|0x62aa838c1|21|218538547514
22337|0x162aa838c1|22|433030579380
22337|0x362aa838c1|23|875719545815
22337|0x762aa838c1|24|1747408463122
22455|0x3607|1|198372
22455|0x13607|2|444772
22455|0x33607|3|970480
22455|0x33607|4|1964497
22455|0xb3607|5|3942843
22455|0xb3607|6|7763608
22455|0x2b3607|7|15863692
22455|0x6b3607|8|31734945
22455|0x6b3607|9|63431734
22455|0x6b3607|10|127006194
22455|0x6b3607|11|253999687
22455|0x46b3607|12|508018454
22455|0xc6b3607|13|1017246396
22455|0x1c6b3607|14|2032869122
22455|0x1c6b3607|15|3937493713
22455|0x5c6b3607|16|7327689271
22455|0xdc6b3607|17|13383265614
22455|0xdc6b3607|18|27697400961
22455|0x2dc6b3607|19|54685898130
22455|0x6dc6b3607|20|110052254045
22455|0x6dc6b3607|21|216624858088
22455|0x16dc6b3607|22|433448600498
22455|0x16dc6b3607|23|875570755339
22455|0x56dc6b3607|24|1744153185589
22933|0x29bd|1|199527
22933|0x129bd|2|393980
22933|0x129bd|3|875788
22933|0x129bd|4|1952346
22933|0x129bd|5|3866699
22933|0x1129bd|6|8040792
22933|0x1129bd|7|15817221
22933|0x1129bd|8|31688367
22933|0x9129bd|9|63689020
22933|0x9129bd|10|127461540
22933|0x9129bd|11|254392722
22933|0x49129bd|12|508513118
22933|0x49129bd|13|1017805226
22933|0x49129bd|14|2035679970
22933|0x249129bd|15|4043499366
22933|0x649129bd|16|8051249309
22933|0x649129bd|17|15581485791
22933|0x1649129bd|18|32284748690
22933|0x3649129bd|19|57071188542
22933|0x3649129bd|20|110992161241
22933|0x3649129bd|21|216481246335
22933|0x13649129bd|22|433399845077
22933|0x13649129bd|23|874916115668
22933|0x53649129bd|24|1742095251989
23033|0x1849|1|196638
23033|0x11849|2|379688
23033|0x31849|3|862708
23033|0x71849|4|2012136
23033|0xf1849|5|3866871
23033|0xf1849|6|8059767
23033|0x2f1849|7|15871900
23033|0x6f1849|8|31731617
23033|0xef1849|9|63780433
23033|0xef1849|10|127202903
23033|0xef1849|11|254206430
23033|0xef1849|12|509313978
23033|0x8ef1849|13|1017853134
23033|0x18ef1849|14|2035802000
23033|0x38ef1849|15|4071911544
23033|0x38ef1849|16|8132007458
23033|0xb8ef1849|17|13570585684
23033|0x1b8ef1849|18|29506161947
23033|0x1b8ef1849|19|60748660184
23033|0x1b8ef1849|20|108786548227
23033|0x9b8ef1849|21|218500115285
23033|0x9b8ef1849|22|434903956866
23033|0x9b8ef1849|23|874991804660
23033|0x49b8ef1849|24|1742487692061
23151|0x448f|1|177499
23151|0x448f|2|426488
23151|0x448f|3|981959
23151|0x448f|4|2056358
23151|0x8448f|5|3851877
23151|0x18448f|6|8036255
23151|0x38448f|7|16004789
23151|0x38448f|8|32111410
23151|0xb8448f|9|64211031
23151|0xb8448f|10|128263293
23151|0xb8448f|11|256474060
23151|0xb8448f|12|514282874
23151|0x8b8448f|13|850265486
23151|0x18b8448f|14|2052484871
23151|0x18b8448f|15|3705154838
23151|0x18b8448f|16|7579894235
23151|0x98b8448f|17|14409101327
23151|0x198b8448f|18|26594249758
23151|0x398b8448f|19|54333014936
23151|0x398b8448f|20|108663233470
23151|0x398b8448f|21|216806087081
23151|0x398b8448f|22|433525233559
23151|0x398b8448f|23|873719429347
23151|0x4398b8448f|24|1740789438322
23265|0x6921|1|209643
23265|0x6921|2|432956
23265|0x26921|3|984134
23265|0x66921|4|2045036
23265|0xe6921|5|3869516
23265|0xe6921|6|8061648
23265|0x2e6921|7|16020939
23265|0x6e6921|8|31988035
23265|0x6e6921|9|64046537
23265|0x6e6921|10|128087366
23265|0x26e6921|11|256364793
23265|0x66e6921|12|513304395
23265|0xe6e6921|13|1017711417
23265|0xe6e6921|14|2053974522
23265|0xe6e6921|15|3727959472
23265|0xe6e6921|16|7055242987
23265|0x8e6e6921|17|13660177419
23265|0x8e6e6921|18|29566739452
23265|0x8e6e6921|19|55048253463
23265|0x8e6e6921|20|110324201355
23265|0x8e6e6921|21|217257981061
23265|0x108e6e6921|22|432886068101
23265|0x308e6e6921|23|873766218890
23265|0x708e6e6921|24|1740703414355
23375|0xdbaf|1|201640
23375|0x1dbaf|2|433299
23375|0x3dbaf|3|985646
23375|0x3dbaf|4|2065943
23375|0xbdbaf|5|3882560
23375|0xbdbaf|6|8031155
23375|0xbdbaf|7|16028196
23375|0x4bdbaf|8|32061350
23375|0xcbdbaf|9|59043971
23375|0xcbdbaf|10|103336675
23375|0x2cbdbaf|11|256973435
23375|0x6cbdbaf|12|513326068
23375|0x6cbdbaf|13|942885159
23375|0x16cbdbaf|14|2054047030
23375|0x16cbdbaf|15|3868921717
23375|0x16cbdbaf|16|7739499807
23375|0x96cbdbaf|17|13572714669
23375|0x196cbdbaf|18|26596466044
23375|0x196cbdbaf|19|58293936774
23375|0x196cbdbaf|20|109697573077
23375|0x996cbdbaf|21|219766928849
23375|0x1996cbdbaf|22|441914273290
23375|0x1996cbdbaf|23|873025057301
23375|0x1996cbdbaf|24|1661224801484
23491|0xeceb|1|176241
23491|0xeceb|2|392325
23491|0xeceb|3|869258
23491|0x4eceb|4|1806788
23491|0xceceb|5|3919414
23491|0x1ceceb|6|7575649
23491|0x1ceceb|7|15184210
23491|0x5ceceb|8|30430806
23491|0x5ceceb|9|61179369
23491|0x15ceceb|10|119104630
23491|0x35ceceb|11|244436375
23491|0x35ceceb|12|487886515
23491|0xb5ceceb|13|874679498
23491|0x1b5ceceb|14|1945243488
23491|0x3b5ceceb|15|3884519358
23491|0x7b5ceceb|16|6259746392
23491|0x7b5ceceb|17|12729620007
23491|0x7b5ceceb|18|25105784292
23491|0x7b5ceceb|19|53156161654
23491|0x7b5ceceb|20|105156255837
23491|0x87b5ceceb|21|207959910540
23491|0x187b5ceceb|22|412781441354
23491|0x187b5ceceb|23|834248778105
23491|0x187b5ceceb|24|1657972715757
23969|0xc661|1|179376
23969|0xc661|2|384259
23969|0x2c661|3|991568
23969|0x2c661|4|2013941
23969|0x2c661|5|3670372
23969|0x12c661|6|7896297
23969|0x32c661|7|15389496
23969|0x32c661|8|30965351
23969|0x32c661|9|61719335
23969|0x32c661|10|123512252
23969|0x232c661|11|247086514
23969|0x632c661|12|494887015
23969|0xe32c661|13|990184721
23969|0xe32c661|14|1974146620
23969|0x2e32c661|15|3920969729
23969|0x2e32c661|16|7840738636
23969|0xae32c661|17|13295125856
23969|0xae32c661|18|26426918497
23969|0x2ae32c661|19|52010266926
23969|0x2ae32c661|20|105433302552
23969|0xaae32c661|21|208355030148
23969|0xaae32c661|22|413796804758
23969|0xaae32c661|23|832582636050
23969|0xaae32c661|24|1660708343803
24075|0xbda3|1|196356
24075|0xbda3|2|436907
24075|0x2bda3|3|997179
24075|0x2bda3|4|1883187
24075|0x2bda3|5|3800600
24075|0x2bda3|6|7848825
24075|0x2bda3|7|15401722
24075|0x42bda3|8|31041415
24075|0xc2bda3|9|61746122
24075|0xc2bda3|10|110237868
24075|0x2c2bda3|11|245970134
24075|0x2c2bda3|12|492841142
24075|0x2c2bda3|13|985771207
24075|0x2c2bda3|14|1591109572
24075|0x22c2bda3|15|3478426532
24075|0x22c2bda3|16|6761533992
24075|0x22c2bda3|17|12527957730
24075|0x122c2bda3|18|25732507518
24075|0x122c2bda3|19|51810811158
24075|0x122c2bda3|20|103088491332
24075|0x122c2bda3|21|207113017180
24075|0x1122c2bda3|22|413055455326
24075|0x1122c2bda3|23|829756923866
24075|0x1122c2bda3|24|1658581027473
24193|0xe181|1|251940
24193|0x1e181|2|437807
24193|0x1e181|3|996016
24193|0x1e181|4|1770925
24193|0x1e181|5|3937847
24193|0x1e181|6|7742110
24193|0x1e181|7|15582034
24193|0x41e181|8|31189448
24193|0x41e181|9|61887430
24193|0x41e181|10|123900703
24193|0x241e181|11|248115932
24193|0x641e181|12|495084352
24193|0xe41e181|13|863885893
24193|0xe41e181|14|1987561973
24193|0x2e41e181|15|3924654853
24193|0x2e41e181|16|6942908563
24193|0xae41e181|17|13085946361
24193|0xae41e181|18|26727388551
24193|0xae41e181|19|53430726195
24193|0x4ae41e181|20|104705464782
24193|0xcae41e181|21|208066092246
24193|0xcae41e181|22|416199376769
24193|0x2cae41e181|23|830218224128
24193|0x2cae41e181|24|1657732666303
24295|0xd4d7|1|232912
24295|0x1d4d7|2|398495
24295|0x3d4d7|3|830252
24295|0x7d4d7|4|1663855
24295|0xfd4d7|5|3876315
24295|0x1fd4d7|6|7165187
24295|0x3fd4d7|7|14547998
24295|0x7fd4d7|8|28962117
24295|0xffd4d7|9|57679856
24295|0x1ffd4d7|10|114615003
24295|0x3ffd4d7|11|225036665
24295|0x7ffd4d7|12|407028742
24295|0xfffd4d7|13|805384174
24295|0xfffd4d7|14|1581006940
24295|0x2fffd4d7|15|3274606397
24295|0x6fffd4d7|16|6591054555
24295|0x6fffd4d7|17|12920436949
24295|0x16fffd4d7|18|26129332196
24295|0x16fffd4d7|19|51936700682
24295|0x56fffd4d7|20|103941889975
24295|0xd6fffd4d7|21|208280944098
24295|0xd6fffd4d7|22|415587493479
24295|0xd6fffd4d7|23|827346660581
24295|0x4d6fffd4d7|24|1661058934979
24395|0xb263|1|204099
24395|0x1b263|2|438807
24395|0x3b263|3|986524
24395|0x3b263|4|1783961
24395|0xbb263|5|3890322
24395|0xbb263|6|7629142
24395|0x2bb263|7|15276281
24395|0x2bb263|8|30886726
24395|0x2bb263|9|52321244
24395|0x2bb263|10|123848266
24395|0x2bb263|11|247903580
24395|0x42bb263|12|489871804
24395|0x42bb263|13|990582353
24395|0x142bb263|14|1984039734
24395|0x342bb263|15|3269183808
24395|0x342bb263|16|7389605525
24395|0xb42bb263|17|12870533780
24395|0x1b42bb263|18|27768026747
24395|0x1b42bb263|19|52047666471
24395|0x5b42bb263|20|104192363160
24395|0xdb42bb263|21|208454333260
24395|0xdb42bb263|22|413062648961
24395|0x2db42bb263|23|829294353819
24395|0x6db42bb263|24|1658848502989
24493|0x5c25|1|187303
24493|0x5c25|2|420686
24493|0x5c25|3|1004069
24493|0x5c25|4|1907892
24493|0x5c25|5|3666643
24493|0x105c25|6|7585610
24493|0x105c25|7|15335989
24493|0x505c25|8|30712049
24493|0xd05c25|9|61390986
24493|0x1d05c25|10|122866611
24493|0x1d05c25|11|245225118
24493|0x5d05c25|12|490897595
24493|0x5d05c25|13|796539643
24493|0x5d05c25|14|1588277707
24493|0x5d05c25|15|3177263001
24493|0x45d05c25|16|6429254193
24493|0xc5d05c25|17|13030834318
24493|0xc5d05c25|18|26072121264
24493|0x2c5d05c25|19|53919069916
24493|0x2c5d05c25|20|105571923143
24493|0xac5d05c25|21|207458393506
24493|0x1ac5d05c25|22|415528282368
24493|0x1ac5d05c25|23|831531226544
24493|0x1ac5d05c25|24|1657806695680
24975|0x9d6f|1|180874
24975|0x19d6f|2|396915
24975|0x39d6f|3|903297
24975|0x79d6f|4|1848744
24975|0xf9d6f|5|3870452
24975|0xf9d6f|6|7622743
24975|0x2f9d6f|7|15599950
24975|0x6f9d6f|8|30943002
24975|0x6f9d6f|9|61941137
24975|0x16f9d6f|10|123918029
24975|0x16f9d6f|11|248644519
24975|0x16f9d6f|12|433499501
24975|0x96f9d6f|13|881534259
24975|0x196f9d6f|14|1786721471
24975|0x196f9d6f|15|3446451542
24975|0x196f9d6f|16|6368956631
24975|0x996f9d6f|17|12635288675
24975|0x1996f9d6f|18|25683368205
24975|0x1996f9d6f|19|52209875775
24975|0x1996f9d6f|20|105491832825
24975|0x9996f9d6f|21|208029928240
24975|0x9996f9d6f|22|413860054193
24975|0x9996f9d6f|23|833658166869
24975|0x9996f9d6f|24|1654337565555
25091|0xd8ab|1|203042
25091|0xd8ab|2|442556
25091|0xd8ab|3|1046775
25091|0x4d8ab|4|1798019
25091|0x4d8ab|5|3977044
25091|0x4d8ab|6|7704278
25091|0x4d8ab|7|15752884
25091|0x4d8ab|8|31153301
25091|0x4d8ab|9|62320951
25091|0x104d8ab|10|124499386
25091|0x304d8ab|11|250947917
25091|0x704d8ab|12|499747198
25091|0x704d8ab|13|845386685
25091|0x1704d8ab|14|1753087883
25091|0x3704d8ab|15|3353150051
25091|0x3704d8ab|16|6679249309
25091|0xb704d8ab|17|14811397743
25091|0xb704d8ab|18|26613175015
25091|0x2b704d8ab|19|53242030508
25091|0x2b704d8ab|20|103648961083
25091|0xab704d8ab|21|207561740862
25091|0x1ab704d8ab|22|416080322811
25091|0x3ab704d8ab|23|831194203692
25091|0x7ab704d8ab|24|1654567034464
25197|0xf765|1|180938
25197|0xf765|2|389824
25197|0x2f765|3|919514
25197|0x2f765|4|2097034
25197|0xaf765|5|3655675
25197|0xaf765|6|7974471
25197|0x2af765|7|15595413
25197|0x2af765|8|31484729
25197|0x2af765|9|62522382
25197|0x12af765|10|124755870
25197|0x32af765|11|249647656
25197|0x72af765|12|500027040
25197|0x72af765|13|1000783075
25197|0x72af765|14|1597020121
25197|0x72af765|15|3978630771
25197|0x72af765|16|6314611094
25197|0x872af765|17|12627832572
25197|0x872af765|18|25534318086
25197|0x872af765|19|52224630857
25197|0x872af765|20|104332051997
25197|0x8872af765|21|207134700543
25197|0x8872af765|22|418373587045
25197|0x28872af765|23|824688173141
25197|0x28872af765|24|1661692450434
25303|0xb0e7|1|205780
25303|0x1b0e7|2|443526
25303|0x1b0e7|3|1026312
25303|0x5b0e7|4|1804238
25303|0x5b0e7|5|4001734
25303|0x5b0e7|6|7738991
25303|0x5b0e7|7|15781601
25303|0x5b0e7|8|31310050
25303|0x85b0e7|9|62398277
25303|0x85b0e7|10|124744075
25303|0x285b0e7|11|250080902
25303|0x685b0e7|12|500622756
25303|0xe85b0e7|13|1000566104
25303|0xe85b0e7|14|2001491570
25303|0x2e85b0e7|15|3301487724
25303|0x6e85b0e7|16|6826035385
25303|0x6e85b0e7|17|14399208203
25303|0x6e85b0e7|18|26507879102
25303|0x6e85b0e7|19|55632895969
25303|0x46e85b0e7|20|107319087112
25303|0xc6e85b0e7|21|208116894005
25303|0xc6e85b0e7|22|416711507907
25303|0xc6e85b0e7|23|829426618717
25303|0x4c6e85b0e7|24|1654351453503
25401|0x9b09|1|207530
25401|0x19b09|2|414859
25401|0x19b09|3|894832
25401|0x19b09|4|1816677
25401|0x19b09|5|3972856
25401|0x119b09|6|7673747
25401|0x319b09|7|15712122
25401|0x319b09|8|31236626
25401|0x319b09|9|62556562
25401|0x319b09|10|125395272
25401|0x2319b09|11|250489281
25401|0x6319b09|12|500427128
25401|0x6319b09|13|1000877018
25401|0x16319b09|14|2002142168
25401|0x36319b09|15|3766253496
25401|0x76319b09|16|6469560894
25401|0xf6319b09|17|12777463525
25401|0xf6319b09|18|26484227619
25401|0xf6319b09|19|52346744463
25401|0x4f6319b09|20|103448038999
25401|0x4f6319b09|21|206870151162
25401|0x14f6319b09|22|414287721955
25401|0x34f6319b09|23|826657707549
25401|0x34f6319b09|24|1657701392943
25507|0xe80b|1|181568
25507|0xe80b|2|437291
25507|0xe80b|3|898418
25507|0xe80b|4|2015099
25507|0xe80b|5|3774819
25507|0x10e80b|6|7886161
25507|0x10e80b|7|15637286
25507|0x10e80b|8|31167424
25507|0x90e80b|9|62046259
25507|0x90e80b|10|124166300
25507|0x290e80b|11|248909396
25507|0x690e80b|12|468351594
25507|0xe90e80b|13|995513138
25507|0x1e90e80b|14|1586863080
25507|0x1e90e80b|15|3468958055
25507|0x1e90e80b|16|6414911484
25507|0x9e90e80b|17|13112187231
25507|0x19e90e80b|18|25645857942
25507|0x39e90e80b|19|51369434690
25507|0x39e90e80b|20|103108474586
25507|0x39e90e80b|21|207911223174
25507|0x39e90e80b|22|420461843440
25507|0x239e90e80b|23|828815186148
25507|0x239e90e80b|24|1752316459337
25975|0x447|1|325037
25975|0x447|2|700201
25975|0x20447|3|1615662
25975|0x20447|4|3278015
25975|0x20447|5|6585079
25975|0x20447|6|13173935
25975|0x220447|7|26370299
25975|0x220447|8|52795511
25975|0xa20447|9|105573543
25975|0x1a20447|10|211316890
25975|0x3a20447|11|422887301
25975|0x7a20447|12|728151899
25975|0xfa20447|13|1707428866
25975|0x1fa20447|14|2696044826
25975|0x3fa20447|15|6369114945
25975|0x3fa20447|16|10987768432
25975|0xbfa20447|17|21748294663
25975|0xbfa20447|18|44383750756
25975|0xbfa20447|19|86412852703
25975|0x4bfa20447|20|175192304444
25975|0x4bfa20447|21|350820498859
25975|0x14bfa20447|22|420969986011
25975|0x14bfa20447|23|1170038059452
25975|0x54bfa20447|24|2426704229948
26123|0x75a3|1|183757
26123|0x75a3|2|392573
26123|0x75a3|3|907162
26123|0x475a3|4|1931516
26123|0x475a3|5|3891943
26123|0x1475a3|6|7746947
26123|0x1475a3|7|15648108
26123|0x5475a3|8|29815726
26123|0xd475a3|9|50430940
26123|0xd475a3|10|124830908
26123|0xd475a3|11|248960123
26123|0xd475a3|12|498822469
26123|0xd475a3|13|997507249
26123|0x10d475a3|14|1991663307
26123|0x30d475a3|15|3982874566
26123|0x70d475a3|16|6767514465
26123|0xf0d475a3|17|14954033736
26123|0x1f0d475a3|18|26312409468
26123|0x3f0d475a3|19|51528710549
26123|0x3f0d475a3|20|119938422104
26123|0x3f0d475a3|21|349715585325
26123|0x3f0d475a3|22|701033204569
26123|0x23f0d475a3|23|1345478883669
26123|0x23f0d475a3|24|2166309057664
26287|0xb04f|1|182748
26287|0xb04f|2|395173
26287|0xb04f|3|846259
26287|0xb04f|4|1988257
26287|0x8b04f|5|3728405
26287|0x18b04f|6|7760859
26287|0x38b04f|7|15556633
26287|0x38b04f|8|31090350
26287|0x38b04f|9|62270544
26287|0x138b04f|10|124501562
26287|0x138b04f|11|249371486
26287|0x538b04f|12|500629111
26287|0xd38b04f|13|1000463454
26287|0xd38b04f|14|1937917880
26287|0x2d38b04f|15|3707827793
26287|0x2d38b04f|16|6957461215
26287|0xad38b04f|17|13190714260
26287|0x1ad38b04f|18|26164100776
26287|0x3ad38b04f|19|52261657192
26287|0x3ad38b04f|20|103649126395
26287|0xbad38b04f|21|207020284476
26287|0xbad38b04f|22|417442753795
26287|0xbad38b04f|23|831948287115
26287|0xbad38b04f|24|1654437507025
26399|0x54df|1|180983
26399|0x54df|2|419243
26399|0x54df|3|968403
26399|0x54df|4|1955796
26399|0x54df|5|3742584
26399|0x1054df|6|7883970
26399|0x3054df|7|15581634
26399|0x3054df|8|31360477
26399|0x3054df|9|62802870
26399|0x3054df|10|125802971
26399|0x3054df|11|251547719
26399|0x3054df|12|502857037
26399|0x83054df|13|878521948
26399|0x183054df|14|2007765711
26399|0x383054df|15|3620433794
26399|0x783054df|16|6772586512
26399|0x783054df|17|12963300038
26399|0x783054df|18|25917714170
26399|0x2783054df|19|51407112697
26399|0x2783054df|20|103349087594
26399|0xa783054df|21|207038572341
26399|0xa783054df|22|412828000477
26399|0x2a783054df|23|1254658516422
26399|0x2a783054df|24|2601828901952
26543|0x4f4f|1|331230
26543|0x14f4f|2|708313
26543|0x34f4f|3|1547978
26543|0x74f4f|4|3194744
26543|0xf4f4f|5|6508842
26543|0xf4f4f|6|13184760
26543|0x2f4f4f|7|26470198
26543|0x6f4f4f|8|53037999
26543|0x6f4f4f|9|105916549
26543|0x16f4f4f|10|211844193
26543|0x16f4f4f|11|423700989
26543|0x56f4f4f|12|847541137
26543|0x56f4f4f|13|1694927370
26543|0x56f4f4f|14|3016857808
26543|0x56f4f4f|15|5389228588
26543|0x56f4f4f|16|10807657232
26543|0x856f4f4f|17|21667126117
26543|0x1856f4f4f|18|43518364564
26543|0x3856f4f4f|19|88045781423
26543|0x3856f4f4f|20|175454573526
26543|0xb856f4f4f|21|349503089104
26543|0x1b856f4f4f|22|705594290609
26543|0x1b856f4f4f|23|1398805000412
26543|0x1b856f4f4f|24|2796815713113
27073|0xa641|1|328395
27073|0xa641|2|712597
27073|0x2a641|3|1548738
27073|0x2a641|4|3199106
27073|0x2a641|5|6580876
27073|0x12a641|6|13185660
27073|0x12a641|7|26481365
27073|0x52a641|8|52955948
27073|0xd2a641|9|106026910
27073|0x1d2a641|10|171017241
27073|0x3d2a641|11|363568797
27073|0x3d2a641|12|848948881
27073|0xbd2a641|13|1446515705
27073|0x1bd2a641|14|2947280145
27073|0x3bd2a641|15|5583228089
27073|0x3bd2a641|16|10836377354
27073|0xbbd2a641|17|21582043382
27073|0x1bbd2a641|18|43990008864
27073|0x1bbd2a641|19|86807592296
27073|0x1bbd2a641|20|174920280338
27073|0x9bbd2a641|21|349435678084
27073|0x9bbd2a641|22|705457746480
27073|0x29bbd2a641|23|1397375868535
27073|0x29bbd2a641|24|2794152202541
27249|0x1691|1|352567
27249|0x1691|2|714093
27249|0x21691|3|1532830
27249|0x61691|4|3233370
27249|0xe1691|5|6592655
27249|0x1e1691|6|13214505
27249|0x3e1691|7|26447676
27249|0x7e1691|8|52999296
27249|0x7e1691|9|106070429
27249|0x17e1691|10|204981353
27249|0x37e1691|11|367693297
27249|0x37e1691|12|853210627
27249|0x37e1691|13|1371736398
27249|0x37e1691|14|2773778504
27249|0x37e1691|15|5462358439
27249|0x437e1691|16|10795681008
27249|0x437e1691|17|21581798971
27249|0x437e1691|18|43445251205
27249|0x437e1691|19|87289285898
27249|0x437e1691|20|175559283706
27249|0x437e1691|21|351281877735
27249|0x10437e1691|22|699040775394
27249|0x30437e1691|23|1397393914597
27249|0x70437e1691|24|2793185869723
27429|0xb8ad|1|328994
27429|0x1b8ad|2|744453
27429|0x1b8ad|3|1535910
27429|0x1b8ad|4|3237868
27429|0x1b8ad|5|6610303
27429|0x11b8ad|6|13298456
27429|0x11b8ad|7|26529127
27429|0x51b8ad|8|53056542
27429|0x51b8ad|9|106118394
27429|0x51b8ad|10|212379162
27429|0x51b8ad|11|424925978
27429|0x451b8ad|12|747268428
27429|0xc51b8ad|13|1430021712
27429|0x1c51b8ad|14|2722249429
27429|0x1c51b8ad|15|5393959266
27429|0x5c51b8ad|16|10835677706
27429|0xdc51b8ad|17|21642066659
27429|0xdc51b8ad|18|44097996471
27429|0x2dc51b8ad|19|87432847408
27429|0x2dc51b8ad|20|174705375550
27429|0x2dc51b8ad|21|349011819876
27429|0x2dc51b8ad|22|698849647537
27429|0x2dc51b8ad|23|1395276622493
27429|0x2dc51b8ad|24|2792369078445
27619|0x31cb|1|329479
27619|0x31cb|2|717332
27619|0x31cb|3|1564231
27619|0x431cb|4|3245211
27619|0xc31cb|5|6493118
27619|0xc31cb|6|13180863
27619|0x2c31cb|7|26652078
27619|0x2c31cb|8|53092659
27619|0x2c31cb|9|106362656
27619|0x2c31cb|10|212561790
27619|0x2c31cb|11|425145614
27619|0x2c31cb|12|850481806
27619|0x2c31cb|13|1701142415
27619|0x2c31cb|14|2984498628
27619|0x202c31cb|15|5601497764
27619|0x202c31cb|16|10800010862
27619|0x202c31cb|17|21813884525
27619|0x1202c31cb|18|43419010334
27619|0x3202c31cb|19|87322119629
27619|0x3202c31cb|20|174389172358
27619|0xb202c31cb|21|349002122537
27619|0x1b202c31cb|22|700261964376
27619|0x1b202c31cb|23|1395788864478
27619|0x1b202c31cb|24|2791804290325
28171|0x2da3|1|349552
28171|0x2da3|2|722210
28171|0x22da3|3|1551835
28171|0x62da3|4|3273990
28171|0x62da3|5|6582822
28171|0x62da3|6|13287052
28171|0x262da3|7|26601587
28171|0x662da3|8|53182068
28171|0x662da3|9|106418364
28171|0x662da3|10|212993014
28171|0x662da3|11|426062180
28171|0x4662da3|12|852207570
28171|0xc662da3|13|1374170084
28171|0x1c662da3|14|2835534427
28171|0x3c662da3|15|5511394084
28171|0x3c662da3|16|11004389953
28171|0xbc662da3|17|21875419295
28171|0xbc662da3|18|44060966683
28171|0xbc662da3|19|86300001788
28171|0x4bc662da3|20|174616744162
28171|0xcbc662da3|21|348322825323
28171|0xcbc662da3|22|700501928051
28171|0xcbc662da3|23|1393840292898
28171|0xcbc662da3|24|2786872973142
28349|0x7c95|1|331946
28349|0x7c95|2|723693
28349|0x7c95|3|1555945
28349|0x47c95|4|3293089
28349|0xc7c95|5|6597714
28349|0xc7c95|6|13178947
28349|0xc7c95|7|26535217
28349|0x4c7c95|8|53180279
28349|0x4c7c95|9|106432745
28349|0x4c7c95|10|213067260
28349|0x24c7c95|11|426259424
28349|0x24c7c95|12|852798844
28349|0x24c7c95|13|1599905753
28349|0x124c7c95|14|2873275795
28349|0x324c7c95|15|5399216958
28349|0x324c7c95|16|10801468958
28349|0x324c7c95|17|21791290206
28349|0x324c7c95|18|43311558120
28349|0x2324c7c95|19|87726653918
28349|0x6324c7c95|20|174237197533
28349|0x6324c7c95|21|348102253925
28349|0x16324c7c95|22|703010765733
28349|0x16324c7c95|23|1398196705574
28349|0x16324c7c95|24|2788461259703
28537|0xcac9|1|332750
28537|0x1cac9|2|725399
28537|0x3cac9|3|1560568
28537|0x3cac9|4|3291845
28537|0xbcac9|5|6631870
28537|0xbcac9|6|13233502
28537|0xbcac9|7|26662163
28537|0xbcac9|8|53290689
28537|0x8bcac9|9|106535646
28537|0x18bcac9|10|213213850
28537|0x18bcac9|11|426602896
28537|0x18bcac9|12|853435900
28537|0x98bcac9|13|1706968445
28537|0x98bcac9|14|2937815930
28537|0x298bcac9|15|5802819644
28537|0x698bcac9|16|10810787484
28537|0xe98bcac9|17|22135591012
28537|0xe98bcac9|18|43888899718
28537|0x2e98bcac9|19|86936382137
28537|0x6e98bcac9|20|173902298833
28537|0xee98bcac9|21|348188185174
28537|0x1ee98bcac9|22|696958630333
28537|0x3ee98bcac9|23|1392313487079
28537|0x3ee98bcac9|24|2784122048682
29079|0x1e27|1|329885
29079|0x11e27|2|730335
29079|0x11e27|3|1592680
29079|0x11e27|4|3296468
29079|0x91e27|5|6679951
29079|0x191e27|6|13353723
29079|0x391e27|7|26709002
29079|0x391e27|8|47396115
29079|0x391e27|9|96947018
29079|0x391e27|10|213589583
29079|0x391e27|11|427359947
29079|0x391e27|12|741775523
29079|0x8391e27|13|1490495226
29079|0x18391e27|14|2733240962
29079|0x18391e27|15|5554926169
29079|0x18391e27|16|10892159936
29079|0x98391e27|17|21591692050
29079|0x198391e27|18|43477770185
29079|0x398391e27|19|88538936802
29079|0x398391e27|20|173840467473
29079|0x398391e27|21|348487517671
29079|0x1398391e27|22|695735764519
29079|0x1398391e27|23|1390977301785
29079|0x5398391e27|24|2780980529983
29257|0x1ff9|1|330112
29257|0x1ff9|2|761669
29257|0x21ff9|3|1574955
29257|0x21ff9|4|3201048
29257|0xa1ff9|5|6542817
29257|0xa1ff9|6|13265410
29257|0x2a1ff9|7|26625841
29257|0x6a1ff9|8|47272482
29257|0xea1ff9|9|84427298
29257|0x1ea1ff9|10|213694942
29257|0x3ea1ff9|11|427500115
29257|0x3ea1ff9|12|855134359
29257|0x3ea1ff9|13|1482241250
29257|0x3ea1ff9|14|3235146530
29257|0x23ea1ff9|15|5668970747
29257|0x23ea1ff9|16|12163218921
29257|0xa3ea1ff9|17|21547950726
29257|0x1a3ea1ff9|18|43650101182
29257|0x3a3ea1ff9|19|87426546226
29257|0x3a3ea1ff9|20|173525302421
29257|0xba3ea1ff9|21|347479563291
29257|0x1ba3ea1ff9|22|695630250354
29257|0x3ba3ea1ff9|23|1390025198706
29257|0x3ba3ea1ff9|24|2780490870060
29439|0x8cff|1|334907
29439|0x8cff|2|733107
29439|0x28cff|3|1579240
29439|0x68cff|4|3218293
29439|0x68cff|5|6569958
29439|0x168cff|6|13293808
29439|0x168cff|7|26729608
29439|0x568cff|8|53439127
29439|0x568cff|9|106831311
29439|0x1568cff|10|213820834
29439|0x1568cff|11|427803048
29439|0x1568cff|12|855746151
29439|0x1568cff|13|1663388356
29439|0x1568cff|14|2774413548
29439|0x21568cff|15|5397554903
29439|0x61568cff|16|10920539493
29439|0xe1568cff|17|21563650414
29439|0x1e1568cff|18|43723294897
29439|0x1e1568cff|19|87211320236
29439|0x1e1568cff|20|173540878801
29439|0x9e1568cff|21|347903167382
29439|0x19e1568cff|22|695204364396
29439|0x39e1568cff|23|1389377671658
29439|0x39e1568cff|24|2778822195722
29623|0xda07|1|335240
29623|0x1da07|2|734175
29623|0x1da07|3|1606329
29623|0x5da07|4|3198673
29623|0x5da07|5|6619997
29623|0x5da07|6|13303239
29623|0x25da07|7|26643259
29623|0x25da07|8|53438614
29623|0x25da07|9|106966752
29623|0x25da07|10|214014191
29623|0x25da07|11|428095071
29623|0x425da07|12|856693855
29623|0xc25da07|13|1442169614
29623|0x1c25da07|14|2790276357
29623|0x3c25da07|15|5737303243
29623|0x3c25da07|16|10822072817
29623|0x3c25da07|17|21619816777
29623|0x3c25da07|18|43119348714
29623|0x3c25da07|19|86830569852
29623|0x3c25da07|20|174763038414
29623|0x3c25da07|21|349531019353
29623|0x103c25da07|22|696158034825
29623|0x303c25da07|23|1389557650337
29623|0x303c25da07|24|2777517475626
30155|0x7e3|1|336708
30155|0x107e3|2|758414
30155|0x107e3|3|1594639
30155|0x507e3|4|3245877
30155|0xd07e3|5|6626591
30155|0x1d07e3|6|13299405
30155|0x3d07e3|7|26734851
30155|0x3d07e3|8|53622443
30155|0x3d07e3|9|107210546
30155|0x13d07e3|10|216264160
30155|0x13d07e3|11|428900004
30155|0x13d07e3|12|858006400
30155|0x13d07e3|13|1626701840
30155|0x13d07e3|14|2697406658
30155|0x213d07e3|15|6114985583
30155|0x613d07e3|16|10837100261
30155|0x613d07e3|17|21628021461
30155|0x613d07e3|18|43496298060
30155|0x2613d07e3|19|87598368855
30155|0x6613d07e3|20|173456262852
30155|0x6613d07e3|21|346961390745
30155|0x6613d07e3|22|693775709401
30155|0x6613d07e3|23|1386688946044
30155|0x6613d07e3|24|2773083067354
30335|0x497f|1|337616
30335|0x1497f|2|740272
30335|0x1497f|3|1598231
30335|0x5497f|4|3254078
30335|0x5497f|5|6667468
30335|0x5497f|6|13309377
30335|0x5497f|7|26810749
30335|0x5497f|8|53604512
30335|0x85497f|9|107139461
30335|0x85497f|10|214421458
30335|0x285497f|11|428963097
30335|0x285497f|12|857851940
30335|0x285497f|13|1448888379
30335|0x1285497f|14|3431682637
30335|0x3285497f|15|5908089830
30335|0x3285497f|16|11037026966
30335|0xb285497f|17|21600259144
30335|0xb285497f|18|43526032938
30335|0x2b285497f|19|86586226682
30335|0x2b285497f|20|174533529409
30335|0x2b285497f|21|347022844872
30335|0x2b285497f|22|699843489372
30335|0x22b285497f|23|1385992987421
30335|0x22b285497f|24|2771223797165
30513|0x81d1|1|338015
30513|0x181d1|2|742099
30513|0x381d1|3|1634077
30513|0x781d1|4|3252368
30513|0xf81d1|5|6674362
30513|0x1f81d1|6|13377016
30513|0x3f81d1|7|26710367
30513|0x3f81d1|8|53594659
30513|0xbf81d1|9|107153544
30513|0xbf81d1|10|210849613
30513|0x2bf81d1|11|383399216
30513|0x6bf81d1|12|790572298
30513|0x6bf81d1|13|1366647478
30513|0x16bf81d1|14|3235849065
30513|0x36bf81d1|15|5835669431
30513|0x36bf81d1|16|10882943584
30513|0xb6bf81d1|17|22126301101
30513|0xb6bf81d1|18|43492523420
30513|0x2b6bf81d1|19|86342804017
30513|0x2b6bf81d1|20|173124903259
30513|0xab6bf81d1|21|346460327327
30513|0xab6bf81d1|22|696845694450
30513|0xab6bf81d1|23|1385698062884
30513|0xab6bf81d1|24|2770591723278
30691|0x85cb|1|338233
30691|0x85cb|2|743786
30691|0x85cb|3|1605953
30691|0x85cb|4|3270744
30691|0x885cb|5|6703923
30691|0x885cb|6|13387835
30691|0x885cb|7|26800146
30691|0x4885cb|8|53621636
30691|0xc885cb|9|107322906
30691|0xc885cb|10|214764704
30691|0xc885cb|11|359119097
30691|0xc885cb|12|842579410
30691|0x8c885cb|13|1717883207
30691|0x8c885cb|14|3205667479
30691|0x8c885cb|15|5563422482
30691|0x8c885cb|16|11252935654
30691|0x8c885cb|17|21575915313
30691|0x108c885cb|18|43500489543
30691|0x108c885cb|19|87252913380
30691|0x108c885cb|20|174794862188
30691|0x108c885cb|21|346551360868
30691|0x108c885cb|22|698111383042
30691|0x108c885cb|23|1385002658183
30691|0x108c885cb|24|2776559194435
31229|0x2b55|1|365790
31229|0x2b55|2|747828
31229|0x22b55|3|1617974
31229|0x22b55|4|3306391
31229|0x22b55|5|6647001
31229|0x22b55|6|13390128
31229|0x222b55|7|26904919
31229|0x622b55|8|53784348
31229|0xe22b55|9|107537967
31229|0xe22b55|10|215257863
31229|0x2e22b55|11|351271703
31229|0x2e22b55|12|715076180
31229|0x2e22b55|13|1706769220
31229|0x2e22b55|14|2983934876
31229|0x2e22b55|15|6890965018
31229|0x42e22b55|16|10813035179
31229|0x42e22b55|17|21810278432
31229|0x142e22b55|18|43824196189
31229|0x142e22b55|19|86441321774
31229|0x542e22b55|20|173886034472
31229|0x542e22b55|21|348303630811
31229|0x1542e22b55|22|698347235763
31229|0x3542e22b55|23|1393514918569
31229|0x7542e22b55|24|2770003283779
31409|0x8e51|1|341099
31409|0x18e51|2|749435
31409|0x38e51|3|1646401
31409|0x38e51|4|3300906
31409|0xb8e51|5|6609228
31409|0x1b8e51|6|13399911
31409|0x3b8e51|7|26798377
31409|0x3b8e51|8|53798197
31409|0x3b8e51|9|107699539
31409|0x13b8e51|10|215454104
31409|0x13b8e51|11|430844622
31409|0x53b8e51|12|697714423
31409|0x53b8e51|13|1723741166
31409|0x53b8e51|14|2944813027
31409|0x53b8e51|15|6912219683
31409|0x53b8e51|16|10907863505
31409|0x53b8e51|17|21825850022
31409|0x53b8e51|18|43391000128
31409|0x2053b8e51|19|91278839219
31409|0x6053b8e51|20|173057092668
31409|0xe053b8e51|21|348445072196
31409|0x1e053b8e51|22|694062984487
31409|0x1e053b8e51|23|1385643169708
31409|0x5e053b8e51|24|2768907486835
31595|0xd943|1|341155
31595|0xd943|2|751354
31595|0x2d943|3|1626065
31595|0x6d943|4|3322969
31595|0x6d943|5|6642884
31595|0x6d943|6|13432064
31595|0x6d943|7|26877211
31595|0x46d943|8|53034182
31595|0x46d943|9|100608828
31595|0x46d943|10|215551690
31595|0x46d943|11|431213873
31595|0x46d943|12|862522298
31595|0x846d943|13|1725134620
31595|0x846d943|14|2760360560
31595|0x846d943|15|5436706682
31595|0x846d943|16|11095964826
31595|0x8846d943|17|22896585905
31595|0x18846d943|18|44626801446
31595|0x38846d943|19|87648374702
31595|0x78846d943|20|174791716748
31595|0x78846d943|21|346508949408
31595|0x78846d943|22|695245499760
31595|0x278846d943|23|1391192658114
31595|0x278846d943|24|2768628109790
32105|0xe2d9|1|342328
32105|0x1e2d9|2|755287
32105|0x3e2d9|3|1658060
32105|0x7e2d9|4|3330715
32105|0x7e2d9|5|6669610
32105|0x7e2d9|6|13412961
32105|0x7e2d9|7|26941504
32105|0x7e2d9|8|42156812
32105|0x7e2d9|9|93672232
32105|0x107e2d9|10|215856483
32105|0x307e2d9|11|431970376
32105|0x307e2d9|12|694064697
32105|0xb07e2d9|13|1354679697
32105|0xb07e2d9|14|2706194751
32105|0x2b07e2d9|15|5540274266
32105|0x2b07e2d9|16|10807230275
32105|0xab07e2d9|17|21586603015
32105|0x1ab07e2d9|18|43327807276
32105|0x3ab07e2d9|19|86523918214
32105|0x7ab07e2d9|20|172809673824
32105|0xfab07e2d9|21|346346276750
32105|0x1fab07e2d9|22|692765598680
32105|0x1fab07e2d9|23|1386886162112
32105|0x1fab07e2d9|24|2767493180474
32291|0x218b|1|344915
32291|0x1218b|2|756688
32291|0x3218b|3|1666777
32291|0x3218b|4|3316248
32291|0x3218b|5|6710979
32291|0x13218b|6|13413687
32291|0x33218b|7|26858987
32291|0x33218b|8|53895976
32291|0xb3218b|9|107928718
32291|0x1b3218b|10|199350124
32291|0x3b3218b|11|432234732
32291|0x7b3218b|12|872083107
32291|0xfb3218b|13|1729324439
32291|0x1fb3218b|14|2942870733
32291|0x1fb3218b|15|5549935156
32291|0x1fb3218b|16|11097839334
32291|0x9fb3218b|17|21943671936
32291|0x9fb3218b|18|43314044479
32291|0x9fb3218b|19|87215455342
32291|0x9fb3218b|20|173133358669
32291|0x9fb3218b|21|345878831685
32291|0x109fb3218b|22|695904257523
32291|0x309fb3218b|23|1390339454737
32291|0x709fb3218b|24|2766723841749
32475|0x4d53|1|343043
32475|0x14d53|2|759867
32475|0x14d53|3|1643701
32475|0x54d53|4|3866083
32475|0xd4d53|5|7798240
32475|0x1d4d53|6|13468719
32475|0x3d4d53|7|26951127
32475|0x3d4d53|8|54009552
32475|0xbd4d53|9|108026173
32475|0xbd4d53|10|216154836
32475|0x2bd4d53|11|430502051
32475|0x6bd4d53|12|779665444
32475|0x6bd4d53|13|1729814372
32475|0x16bd4d53|14|2761674303
32475|0x36bd4d53|15|5631721338
32475|0x36bd4d53|16|10789244835
32475|0x36bd4d53|17|22066586004
32475|0x36bd4d53|18|43381148676
32475|0x36bd4d53|19|86265916373
32475|0x36bd4d53|20|173115153530
32475|0x36bd4d53|21|346392827654
32475|0x36bd4d53|22|695290123332
32475|0x2036bd4d53|23|1391301185587
32475|0x2036bd4d53|24|2763026229871
32645|0xa14d|1|343954
32645|0x1a14d|2|759656
32645|0x3a14d|3|1649417
32645|0x3a14d|4|3350284
32645|0xba14d|5|6739822
32645|0x1ba14d|6|13489598
32645|0x3ba14d|7|27015848
32645|0x3ba14d|8|54029411
32645|0x3ba14d|9|107994563
32645|0x3ba14d|10|216223319
32645|0x3ba14d|11|432589525
32645|0x43ba14d|12|865328501
32645|0xc3ba14d|13|1430271949
32645|0x1c3ba14d|14|2929631841
32645|0x1c3ba14d|15|5882824070
32645|0x5c3ba14d|16|10829825973
32645|0xdc3ba14d|17|22185509742
32645|0xdc3ba14d|18|43235764415
32645|0xdc3ba14d|19|86558473078
32645|0x4dc3ba14d|20|172806902170
32645|0xcdc3ba14d|21|345304965183
32645|0x1cdc3ba14d|22|700950514978
32645|0x1cdc3ba14d|23|1431684610455
32645|0x5cdc3ba14d|24|2853367591003
33033|0x15d39|1|578831
33033|0x35d39|2|1375180
33033|0x35d39|3|3044571
33033|0xb5d39|4|6252443
33033|0xb5d39|5|12637148
33033|0x2b5d39|6|25489898
33033|0x2b5d39|7|51013150
33033|0xab5d39|8|102089337
33033|0xab5d39|9|204350250
33033|0xab5d39|10|408900495
33033|0xab5d39|11|818450004
33033|0xab5d39|12|1570744243
33033|0xab5d39|13|2755868383
33033|0x20ab5d39|14|5757294714
33033|0x20ab5d39|15|13087581833
33033|0xa0ab5d39|16|22136483882
33033|0xa0ab5d39|17|45837852743
33033|0xa0ab5d39|18|90442921151
33033|0x4a0ab5d39|19|183576855232
33033|0x4a0ab5d39|20|363462728210
33033|0x4a0ab5d39|21|727086229041
33033|0x24a0ab5d39|22|1448299711803
33033|0x64a0ab5d39|23|2868147878116
33033|0xe4a0ab5d39|24|5715265331506
33195|0x7103|1|599039
33195|0x27103|2|1375920
33195|0x67103|3|3045578
33195|0x67103|4|6243458
33195|0x67103|5|12692542
33195|0x67103|6|25560149
33195|0x467103|7|51081103
33195|0x467103|8|102282011
33195|0x467103|9|204483771
33195|0x2467103|10|408993381
33195|0x6467103|11|818152533
33195|0x6467103|12|1636537569
33195|0x16467103|13|2848635697
33195|0x36467103|14|5967227377
33195|0x76467103|15|10872500571
33195|0xf6467103|16|21564513603
33195|0xf6467103|17|46195027127
33195|0x2f6467103|18|89189109301
33195|0x6f6467103|19|178725587255
33195|0x6f6467103|20|358934872414
33195|0x6f6467103|21|718803887320
33195|0x6f6467103|22|1444144352499
33195|0x46f6467103|23|2878232257872
33195|0xc6f6467103|24|5712377994540
33407|0x13d7f|1|574581
33407|0x13d7f|2|1399956
33407|0x13d7f|3|3053372
33407|0x93d7f|4|6262628
33407|0x193d7f|5|12719895
33407|0x193d7f|6|25479623
33407|0x593d7f|7|51051803
33407|0xd93d7f|8|102258899
33407|0x1d93d7f|9|204752096
33407|0x1d93d7f|10|382240519
33407|0x5d93d7f|11|818480959
33407|0xdd93d7f|12|1637160100
33407|0x1dd93d7f|13|3274269157
33407|0x3dd93d7f|14|6103609248
33407|0x3dd93d7f|15|11351956968
33407|0x3dd93d7f|16|21606246195
33407|0x13dd93d7f|17|45094286162
33407|0x33dd93d7f|18|89379355568
33407|0x73dd93d7f|19|178705039235
33407|0x73dd93d7f|20|357113786459
33407|0x73dd93d7f|21|720414146422
33407|0x73dd93d7f|22|1430695350891
33407|0x73dd93d7f|23|2857289109309
33407|0x73dd93d7f|24|5711930635607
33569|0xc0e1|1|580614
33569|0xc0e1|2|1401086
33569|0x4c0e1|3|3055634
33569|0x4c0e1|4|6271478
33569|0x14c0e1|5|12739769
33569|0x34c0e1|6|25531559
33569|0x34c0e1|7|51056332
33569|0xb4c0e1|8|102232444
33569|0xb4c0e1|9|204600311
33569|0x2b4c0e1|10|409402640
33569|0x2b4c0e1|11|819003041
33569|0xab4c0e1|12|1638378660
33569|0xab4c0e1|13|3275146431
33569|0x2ab4c0e1|14|6043399493
33569|0x2ab4c0e1|15|10831257328
33569|0x2ab4c0e1|16|21803973399
33569|0x2ab4c0e1|17|43376198865
33569|0x2ab4c0e1|18|91927102367
33569|0x2ab4c0e1|19|179753380457
33569|0x2ab4c0e1|20|356686554560
33569|0x2ab4c0e1|21|715382313109
33569|0x202ab4c0e1|22|1431045819215
33569|0x202ab4c0e1|23|2859514333040
33569|0x202ab4c0e1|24|5716237046130
33753|0x1cc69|1|584462
33753|0x1cc69|2|1402630
33753|0x1cc69|3|3043094
33753|0x1cc69|4|6294367
33753|0x1cc69|5|12754304
33753|0x21cc69|6|25532156
33753|0x61cc69|7|47429312
33753|0xe1cc69|8|102066020
33753|0x1e1cc69|9|204413116
33753|0x1e1cc69|10|408889437
33753|0x5e1cc69|11|817760634
33753|0xde1cc69|12|1496398032
33753|0x1de1cc69|13|3267170216
33753|0x3de1cc69|14|6035763173
33753|0x3de1cc69|15|12104604682
33753|0x3de1cc69|16|21658194919
33753|0x13de1cc69|17|46084838140
33753|0x13de1cc69|18|88876602807
33753|0x13de1cc69|19|179061938250
33753|0x93de1cc69|20|356156897236
33753|0x93de1cc69|21|712742732110
33753|0x93de1cc69|22|1427493053290
33753|0x93de1cc69|23|2849144525445
33753|0x893de1cc69|24|5698759223841
34149|0x1246d|1|581387
34149|0x1246d|2|1405772
34149|0x1246d|3|3068377
34149|0x1246d|4|6304887
34149|0x1246d|5|12661017
34149|0x21246d|6|25522811
34149|0x21246d|7|51015827
34149|0x21246d|8|102157559
34149|0x121246d|9|204510591
34149|0x321246d|10|409101527
34149|0x721246d|11|818381216
34149|0xf21246d|12|1410062448
34149|0x1f21246d|13|3273698788
34149|0x1f21246d|14|6530576989
34149|0x1f21246d|15|11560230066
34149|0x9f21246d|16|22760072616
34149|0x19f21246d|17|44901537151
34149|0x19f21246d|18|89133188367
34149|0x19f21246d|19|179070733480
34149|0x19f21246d|20|356376337396
34149|0x119f21246d|21|712625179397
34149|0x319f21246d|22|1425259652733
34149|0x719f21246d|23|2849136966081
34149|0xf19f21246d|24|3858959142769
34283|0x7ac3|1|363003
34283|0x7ac3|2|903339
34283|0x7ac3|3|1947404
34283|0x87ac3|4|3792756
34283|0x187ac3|5|7871811
34283|0x187ac3|6|15803416
34283|0x587ac3|7|31427635
34283|0x587ac3|8|62993652
34283|0x1587ac3|9|126164223
34283|0x1587ac3|10|251959345
34283|0x5587ac3|11|504211844
34283|0x5587ac3|12|1008520398
34283|0x5587ac3|13|2017480755
34283|0x25587ac3|14|3689283459
34283|0x65587ac3|15|6632990530
34283|0x65587ac3|16|14626078777
34283|0x65587ac3|17|27697154328
34283|0x65587ac3|18|62518877242
34283|0x465587ac3|19|110583250590
34283|0x465587ac3|20|230664381092
34283|0x1465587ac3|21|440688175388
34283|0x3465587ac3|22|878837969743
34283|0x7465587ac3|23|1750718552475
34283|0xf465587ac3|24|3504104923972
34403|0x2b4b|1|371127
34403|0x22b4b|2|915283
34403|0x22b4b|3|1716255
34403|0x22b4b|4|4029484
34403|0x22b4b|5|7848441
34403|0x22b4b|6|15529980
34403|0x22b4b|7|31532045
34403|0x822b4b|8|62943990
34403|0x1822b4b|9|126160096
34403|0x1822b4b|10|252288727
34403|0x1822b4b|11|504543986
34403|0x9822b4b|12|1009112862
34403|0x19822b4b|13|2017688058
34403|0x19822b4b|14|4035914778
34403|0x19822b4b|15|6861799513
34403|0x19822b4b|16|14034127887
34403|0x19822b4b|17|26873807521
34403|0x19822b4b|18|54848266202
34403|0x419822b4b|19|110548245819
34403|0x419822b4b|20|220903289072
34403|0x1419822b4b|21|441807655047
34403|0x3419822b4b|22|879888124687
34403|0x3419822b4b|23|1751638364321
34403|0xb419822b4b|24|3503736508216
34511|0xc02f|1|356241
34511|0xc02f|2|886084
34511|0x4c02f|3|1968283
34511|0x4c02f|4|3811176
34511|0x14c02f|5|7891113
34511|0x34c02f|6|15742271
34511|0x74c02f|7|31384645
34511|0x74c02f|8|63061904
34511|0x174c02f|9|126331654
34511|0x374c02f|10|252112036
34511|0x374c02f|11|501924603
34511|0xb74c02f|12|1008963000
34511|0xb74c02f|13|1922957445
34511|0x2b74c02f|14|3880074341
34511|0x6b74c02f|15|6905790546
34511|0x6b74c02f|16|13855905477
34511|0x6b74c02f|17|30221220692
34511|0x26b74c02f|18|57997576791
34511|0x66b74c02f|19|113489572050
34511|0x66b74c02f|20|219844127672
34511|0x166b74c02f|21|441184176367
34511|0x366b74c02f|22|884275394471
34511|0x766b74c02f|23|1748173633801
34511|0x766b74c02f|24|3502843758671
34625|0x8c1|1|371397
34625|0x8c1|2|899703
34625|0x8c1|3|1718154
34625|0x8c1|4|4041857
34625|0x8c1|5|7883258
34625|0x2008c1|6|15545508
34625|0x6008c1|7|31597090
34625|0x6008c1|8|62910392
34625|0x16008c1|9|125874257
34625|0x36008c1|10|252036081
34625|0x36008c1|11|504072379
34625|0x36008c1|12|1008027756
34625|0x36008c1|13|1836131153
34625|0x36008c1|14|4030404294
34625|0x36008c1|15|7284471885
34625|0x836008c1|16|14505527168
34625|0x1836008c1|17|27386439132
34625|0x3836008c1|18|57690394523
34625|0x7836008c1|19|110755959367
34625|0x7836008c1|20|221387394217
34625|0x17836008c1|21|443246892960
34625|0x17836008c1|22|880024178396
34625|0x57836008c1|23|1749482740724
34625|0xd7836008c1|24|3502175538461
34737|0x16151|1|327549
34737|0x36151|2|816429
34737|0x36151|3|1957391
34737|0xb6151|4|3925986
34737|0x1b6151|5|8710249
34737|0x1b6151|6|15785565
34737|0x5b6151|7|31345864
34737|0xdb6151|8|62948956
34737|0xdb6151|9|125757837
34737|0xdb6151|10|251770381
34737|0xdb6151|11|503757889
34737|0x8db6151|12|899680223
34737|0x18db6151|13|2016008596
34737|0x38db6151|14|4034062485
34737|0x38db6151|15|6948974267
34737|0x38db6151|16|13498651396
34737|0x138db6151|17|30255726875
34737|0x138db6151|18|54813046531
34737|0x538db6151|19|110041050908
34737|0xd38db6151|20|219972466003
34737|0xd38db6151|21|441114078770
34737|0x2d38db6151|22|883010355131
34737|0x6d38db6151|23|1754987641722
34737|0xed38db6151|24|3502350727537
35055|0x1a60f|1|372563
35055|0x3a60f|2|890427
35055|0x3a60f|3|1890378
35055|0x3a60f|4|3884763
35055|0x3a60f|5|7875389
35055|0x23a60f|6|15850392
35055|0x23a60f|7|31623640
35055|0xa3a60f|8|63459114
35055|0x1a3a60f|9|127373062
35055|0x1a3a60f|10|254652692
35055|0x1a3a60f|11|508697879
35055|0x9a3a60f|12|1018693632
35055|0x19a3a60f|13|1770859437
35055|0x39a3a60f|14|3410485657
35055|0x79a3a60f|15|8124965492
35055|0xf9a3a60f|16|15082537190
35055|0xf9a3a60f|17|30367741531
35055|0xf9a3a60f|18|56936997237
35055|0xf9a3a60f|19|109543032213
35055|0x8f9a3a60f|20|226121840321
35055|0x8f9a3a60f|21|441274085596
35055|0x8f9a3a60f|22|880136863268
35055|0x8f9a3a60f|23|1755560394958
35055|0x8f9a3a60f|24|3502358861016
35165|0x12f5|1|325953
35165|0x12f5|2|824627
35165|0x412f5|3|1993550
35165|0x412f5|4|3906627
35165|0x412f5|5|7788313
35165|0x2412f5|6|15809840
35165|0x6412f5|7|31868318
35165|0xe412f5|8|63570195
35165|0x1e412f5|9|127275671
35165|0x3e412f5|10|254627927
35165|0x3e412f5|11|509104696
35165|0xbe412f5|12|1023052692
35165|0xbe412f5|13|2036940661
35165|0x2be412f5|14|4074013560
35165|0x2be412f5|15|6953012796
35165|0x2be412f5|16|16294810707
35165|0x12be412f5|17|27934639823
35165|0x32be412f5|18|57556847519
35165|0x72be412f5|19|115095049441
35165|0xf2be412f5|20|221613445118
35165|0xf2be412f5|21|441226846223
35165|0xf2be412f5|22|880544765623
35165|0xf2be412f5|23|1749975024583
35165|0xf2be412f5|24|3499800970954
35283|0x1b65b|1|372822
35283|0x1b65b|2|892220
35283|0x1b65b|3|1988398
35283|0x1b65b|4|3784184
35283|0x1b65b|5|7873883
35283|0x1b65b|6|15872087
35283|0x1b65b|7|31576057
35283|0x1b65b|8|63683756
35283|0x1b65b|9|127331581
35283|0x1b65b|10|254707503
35283|0x401b65b|11|509287623
35283|0xc01b65b|12|1018859608
35283|0x1c01b65b|13|2037511759
35283|0x1c01b65b|14|4075349099
35283|0x1c01b65b|15|6826877696
35283|0x1c01b65b|16|13608751264
35283|0x1c01b65b|17|28772362486
35283|0x1c01b65b|18|53603885996
35283|0x41c01b65b|19|111194344365
35283|0x41c01b65b|20|220742534431
35283|0x41c01b65b|21|442076608377
35283|0x241c01b65b|22|885696824988
35283|0x641c01b65b|23|1749235453456
35283|0xe41c01b65b|24|3500126495121
35393|0x85c1|1|373250
35393|0x85c1|2|912135
35393|0x485c1|3|1801208
35393|0x485c1|4|3966203
35393|0x485c1|5|7916139
35393|0x485c1|6|15910948
35393|0x4485c1|7|31777463
35393|0xc485c1|8|63597715
35393|0xc485c1|9|127462743
35393|0x2c485c1|10|254545991
35393|0x6c485c1|11|509474462
35393|0xec485c1|12|1025380643
35393|0x1ec485c1|13|2037756694
35393|0x1ec485c1|14|4075912380
35393|0x5ec485c1|15|7323229931
35393|0x5ec485c1|16|14296235082
35393|0x5ec485c1|17|30021554935
35393|0x25ec485c1|18|59636913784
35393|0x25ec485c1|19|112972045006
35393|0x25ec485c1|20|222992781468
35393|0x125ec485c1|21|441045155546
35393|0x125ec485c1|22|878934601080
35393|0x525ec485c1|23|1749058460284
35393|0x525ec485c1|24|3500706350478
35503|0x10c4f|1|328752
35503|0x30c4f|2|802608
35503|0x30c4f|3|1982190
35503|0xb0c4f|4|3968541
35503|0x1b0c4f|5|7825975
35503|0x3b0c4f|6|15849318
35503|0x3b0c4f|7|31834198
35503|0x3b0c4f|8|63682441
35503|0x13b0c4f|9|127493545
35503|0x13b0c4f|10|254568920
35503|0x53b0c4f|11|510227878
35503|0xd3b0c4f|12|1021503910
35503|0xd3b0c4f|13|2038392183
35503|0x2d3b0c4f|14|4076775425
35503|0x6d3b0c4f|15|7921440609
35503|0xed3b0c4f|16|14644461992
35503|0xed3b0c4f|17|29632514208
35503|0xed3b0c4f|18|58804756277
35503|0x4ed3b0c4f|19|115025093003
35503|0x4ed3b0c4f|20|232309889281
35503|0x4ed3b0c4f|21|447254977652
35503|0x4ed3b0c4f|22|884916254508
35503|0x44ed3b0c4f|23|1740262391854
35503|0x44ed3b0c4f|24|3508967137524
35617|0xb8e1|1|373452
35617|0x2b8e1|2|895024
35617|0x6b8e1|3|1782554
35617|0x6b8e1|4|3997604
35617|0x6b8e1|5|7902730
35617|0x6b8e1|6|15552149
35617|0x46b8e1|7|31674068
35617|0xc6b8e1|8|63154318
35617|0xc6b8e1|9|126305686
35617|0xc6b8e1|10|252919950
35617|0xc6b8e1|11|505367274
35617|0xc6b8e1|12|958663067
35617|0xc6b8e1|13|2022333710
35617|0xc6b8e1|14|3382644198
35617|0xc6b8e1|15|6714349140
35617|0xc6b8e1|16|13390564613
35617|0xc6b8e1|17|26542014767
35617|0xc6b8e1|18|52934744161
35617|0x400c6b8e1|19|117308297884
35617|0x400c6b8e1|20|221764466573
35617|0x1400c6b8e1|21|449227279113
35617|0x1400c6b8e1|22|886053855810
35617|0x1400c6b8e1|23|1746745422290
35617|0x1400c6b8e1|24|3505761470833
35727|0x336f|1|326977
35727|0x2336f|2|809884
35727|0x2336f|3|1995428
35727|0xa336f|4|3862640
35727|0xa336f|5|7774530
35727|0x2a336f|6|15804282
35727|0x2a336f|7|31530493
35727|0xaa336f|8|63164352
35727|0x1aa336f|9|126557898
35727|0x1aa336f|10|252300624
35727|0x1aa336f|11|504702872
35727|0x9aa336f|12|1009374784
35727|0x19aa336f|13|2018886322
35727|0x19aa336f|14|4041851489
35727|0x59aa336f|15|7466521976
35727|0xd9aa336f|16|13472237428
35727|0x1d9aa336f|17|27114984018
35727|0x1d9aa336f|18|60147515543
35727|0x1d9aa336f|19|108926903495
35727|0x9d9aa336f|20|221152164163
35727|0x19d9aa336f|21|443076858607
35727|0x39d9aa336f|22|885180376288
35727|0x39d9aa336f|23|1745398991811
35727|0xb9d9aa336f|24|3508576660986
