33|0x61|1|2574161
33|0xe1|2|4798
33|0x1e1|3|4820
33|0x3e1|4|4845
33|0x3e1|5|7509
33|0x3e1|6|12342
33|0x3e1|7|21717
33|0x3e1|8|40678
33|0x3e1|9|78604
33|0x83e1|10|155082
33|0x183e1|11|306657
33|0x383e1|12|610004
33|0x783e1|13|1216686
33|0xf83e1|14|2704037
33|0xf83e1|15|28611801
33|0xf83e1|16|11863298
33|0xf83e1|17|39484573
33|0xf83e1|18|47194332
33|0xf83e1|19|94171361
33|0x20f83e1|20|187847266
33|0x60f83e1|21|412216536
33|0xe0f83e1|22|947269906
33|0x1e0f83e1|23|2028201836
33|0x3e0f83e1|24|2831122755
9037|0x4d85|1|146711
9037|0xcd85|2|372101
9037|0x1cd85|3|786165
9037|0x1cd85|4|1576781
9037|0x5cd85|5|3257782
9037|0xdcd85|6|6518046
9037|0xdcd85|7|13000014
9037|0xdcd85|8|25988861
9037|0x4dcd85|9|51917956
9037|0xcdcd85|10|103448131
9037|0x1cdcd85|11|206229882
9037|0x3cdcd85|12|411905232
9037|0x3cdcd85|13|824774632
9037|0xbcdcd85|14|1570931801
9037|0x1bcdcd85|15|3295939601
9037|0x1bcdcd85|16|6589908766
9037|0x1bcdcd85|17|10832771405
9037|0x9bcdcd85|18|23789469365
9037|0x9bcdcd85|19|44228829942
9037|0x9bcdcd85|20|89571651955
9037|0x49bcdcd85|21|178925365131
9037|0x49bcdcd85|22|356825863088
9037|0x149bcdcd85|23|712740817789
9037|0x149bcdcd85|24|1424343753844
9201|0x6d11|1|158322
9201|0x6d11|2|364256
9201|0x6d11|3|795167
9201|0x6d11|4|1612091
9201|0x6d11|5|3207128
9201|0x6d11|6|6394668
9201|0x106d11|7|12844567
9201|0x306d11|8|25779440
9201|0x306d11|9|51524296
9201|0xb06d11|10|102959804
9201|0x1b06d11|11|205946269
9201|0x3b06d11|12|357524193
9201|0x3b06d11|13|737843206
9201|0xbb06d11|14|1368422175
9201|0xbb06d11|15|3026611204
9201|0x2bb06d11|16|5512419211
9201|0x6bb06d11|17|10794151041
9201|0xebb06d11|18|21755905046
9201|0x1ebb06d11|19|45067606165
9201|0x1ebb06d11|20|92020961306
9201|0x1ebb06d11|21|178215943708
9201|0x9ebb06d11|22|356345203229
9201|0x19ebb06d11|23|712335208015
9201|0x39ebb06d11|24|1426197148274
10141|0x16b5|1|163097
10141|0x96b5|2|376492
10141|0x96b5|3|786273
10141|0x296b5|4|1602577
10141|0x696b5|5|3189903
10141|0x696b5|6|6478604
10141|0x696b5|7|13007504
10141|0x696b5|8|25946797
10141|0x696b5|9|51869912
10141|0x696b5|10|89026841
10141|0x10696b5|11|207641750
10141|0x30696b5|12|414998857
10141|0x70696b5|13|821107745
10141|0x70696b5|14|1659750523
10141|0x170696b5|15|2958123898
10141|0x370696b5|16|5556754205
10141|0x770696b5|17|11049112162
10141|0x770696b5|18|21691396194
10141|0x1770696b5|19|43545413062
10141|0x1770696b5|20|89674478838
10141|0x1770696b5|21|177652099380
10141|0x9770696b5|22|354681349119
10141|0x19770696b5|23|709669250264
10141|0x19770696b5|24|1417795489312
11019|0x48a3|1|164852
11019|0xc8a3|2|340993
11019|0xc8a3|3|783871
11019|0xc8a3|4|1577881
11019|0x4c8a3|5|3229661
11019|0xcc8a3|6|6489585
11019|0xcc8a3|7|13056046
11019|0xcc8a3|8|26092857
11019|0x4cc8a3|9|42144162
11019|0x4cc8a3|10|94881330
11019|0x14cc8a3|11|208620121
11019|0x14cc8a3|12|417290694
11019|0x54cc8a3|13|717295764
11019|0x54cc8a3|14|1497520349
11019|0x54cc8a3|15|3114289565
11019|0x254cc8a3|16|5599926179
11019|0x254cc8a3|17|10891228505
11019|0xa54cc8a3|18|22709754625
11019|0x1a54cc8a3|19|44191657329
11019|0x3a54cc8a3|20|88201122174
11019|0x7a54cc8a3|21|176589094844
11019|0xfa54cc8a3|22|356112617013
11019|0x1fa54cc8a3|23|706474177981
11019|0x3fa54cc8a3|24|1412995481473
11219|0x645b|1|168210
11219|0x645b|2|342846
11219|0x645b|3|768568
11219|0x2645b|4|1589193
11219|0x6645b|5|3259515
11219|0x6645b|6|6508692
11219|0x6645b|7|13062696
11219|0x26645b|8|26090367
11219|0x26645b|9|52269315
11219|0xa6645b|10|97765842
11219|0xa6645b|11|208947132
11219|0xa6645b|12|417918407
11219|0x4a6645b|13|673887785
11219|0xca6645b|14|1672292258
11219|0xca6645b|15|3413694602
11219|0x2ca6645b|16|5461077260
11219|0x6ca6645b|17|10943063734
11219|0xeca6645b|18|22550497302
11219|0x1eca6645b|19|45044807343
11219|0x3eca6645b|20|88350383109
11219|0x7eca6645b|21|177631571866
11219|0xfeca6645b|22|354680910359
11219|0xfeca6645b|23|661798045282
11219|0x2feca6645b|24|877356829555
12125|0x1cf5|1|94501
12125|0x9cf5|2|210882
12125|0x9cf5|3|503949
12125|0x29cf5|4|1039694
12125|0x69cf5|5|2058849
12125|0xe9cf5|6|4180758
12125|0xe9cf5|7|8190791
12125|0x2e9cf5|8|16395486
12125|0x6e9cf5|9|33023411
12125|0x6e9cf5|10|65791067
12125|0x16e9cf5|11|131752076
12125|0x16e9cf5|12|262878185
12125|0x56e9cf5|13|526547214
12125|0xd6e9cf5|14|906557829
12125|0x1d6e9cf5|15|2104973825
12125|0x1d6e9cf5|16|4178909300
12125|0x1d6e9cf5|17|6801499804
12125|0x1d6e9cf5|18|13692818061
12125|0x1d6e9cf5|19|33428207824
12125|0x21d6e9cf5|20|56678531410
12125|0x61d6e9cf5|21|111982147161
12125|0x61d6e9cf5|22|212278025485
12125|0x61d6e9cf5|23|434604502820
12125|0x261d6e9cf5|24|873618477528
12241|0x931|1|152885
12241|0x8931|2|223577
12241|0x8931|3|506015
12241|0x8931|4|1030126
12241|0x8931|5|1889732
12241|0x8931|6|4169057
12241|0x8931|7|8162200
12241|0x208931|8|16163149
12241|0x608931|9|31076069
12241|0x608931|10|65322353
12241|0x608931|11|130677171
12241|0x608931|12|261404585
12241|0x608931|13|522546234
12241|0x8608931|14|935731578
12241|0x18608931|15|2096055275
12241|0x38608931|16|3623890797
12241|0x78608931|17|8379657297
12241|0x78608931|18|14520466447
12241|0x78608931|19|29592872730
12241|0x78608931|20|55900677367
12241|0x478608931|21|111534760160
12241|0x478608931|22|213253592242
12241|0x478608931|23|434905139843
12241|0x478608931|24|873438052361
13087|0x8df|1|106641
13087|0x88df|2|227950
13087|0x188df|3|539360
13087|0x188df|4|1043625
13087|0x588df|5|2089268
13087|0x588df|6|4035304
13087|0x1588df|7|8248568
13087|0x3588df|8|16493144
13087|0x7588df|9|32780154
13087|0xf588df|10|65597964
13087|0xf588df|11|131262508
13087|0xf588df|12|262081559
13087|0xf588df|13|525099107
13087|0x8f588df|14|1049224212
13087|0x8f588df|15|2100124121
13087|0x8f588df|16|3391390026
13087|0x8f588df|17|6912919049
13087|0x8f588df|18|13540522997
13087|0x8f588df|19|28122731650
13087|0x208f588df|20|54867417877
13087|0x208f588df|21|109709518945
13087|0xa08f588df|22|213345998499
13087|0xa08f588df|23|433933497067
13087|0xa08f588df|24|869169522989
13185|0xc81|1|107200
13185|0xc81|2|226518
13185|0xc81|3|483052
13185|0xc81|4|1008509
13185|0x40c81|5|2081054
13185|0xc0c81|6|3949555
13185|0x1c0c81|7|8196511
13185|0x3c0c81|8|16364413
13185|0x7c0c81|9|32668341
13185|0x7c0c81|10|65416124
13185|0x17c0c81|11|130590402
13185|0x37c0c81|12|261327217
13185|0x37c0c81|13|522305261
13185|0xb7c0c81|14|1045176542
13185|0xb7c0c81|15|2091095650
13185|0xb7c0c81|16|3397108882
13185|0xb7c0c81|17|6841115826
13185|0x8b7c0c81|18|16248721083
13185|0x8b7c0c81|19|27761632846
13185|0x8b7c0c81|20|54614812954
13185|0x8b7c0c81|21|111350469349
13185|0x8b7c0c81|22|214920851715
13185|0x108b7c0c81|23|436587096376
13185|0x308b7c0c81|24|870921907325
13305|0x1e49|1|109626
13305|0x1e49|2|229314
13305|0x1e49|3|486915
13305|0x21e49|4|1014457
13305|0x21e49|5|2091559
13305|0xa1e49|6|3979199
13305|0xa1e49|7|8180209
13305|0x2a1e49|8|16396260
13305|0x2a1e49|9|32631244
13305|0x2a1e49|10|65521613
13305|0x12a1e49|11|130754884
13305|0x32a1e49|12|261590711
13305|0x32a1e49|13|446273125
13305|0xb2a1e49|14|1046588186
13305|0xb2a1e49|15|1985474444
13305|0xb2a1e49|16|3691664252
13305|0x4b2a1e49|17|7273186450
13305|0xcb2a1e49|18|13507709368
13305|0x1cb2a1e49|19|31775406893
13305|0x1cb2a1e49|20|54847640242
13305|0x1cb2a1e49|21|109161846768
13305|0x9cb2a1e49|22|214747592451
13305|0x9cb2a1e49|23|434784712490
13305|0x9cb2a1e49|24|873233437631
14113|0xce1|1|108862
14113|0xce1|2|233733
14113|0xce1|3|477542
14113|0x20ce1|4|914750
14113|0x20ce1|5|2032506
14113|0xa0ce1|6|4199378
14113|0x1a0ce1|7|8117263
14113|0x3a0ce1|8|16535874
14113|0x7a0ce1|9|32996749
14113|0xfa0ce1|10|66039017
14113|0x1fa0ce1|11|131457475
14113|0x3fa0ce1|12|233033829
14113|0x7fa0ce1|13|526524476
14113|0x7fa0ce1|14|989420572
14113|0x7fa0ce1|15|2123994963
14113|0x7fa0ce1|16|3645160971
14113|0x47fa0ce1|17|7370743718
14113|0x47fa0ce1|18|13547269433
14113|0x47fa0ce1|19|26908146010
14113|0x47fa0ce1|20|54794220152
14113|0x47fa0ce1|21|108313898856
14113|0x47fa0ce1|22|214446170880
14113|0x47fa0ce1|23|428687805589
14113|0x47fa0ce1|24|869032655522
14235|0x5693|1|97451
14235|0x5693|2|206392
14235|0x5693|3|441130
14235|0x25693|4|1050481
14235|0x65693|5|2111652
14235|0x65693|6|4059044
14235|0x165693|7|8289424
14235|0x365693|8|16638350
14235|0x365693|9|33255562
14235|0xb65693|10|66399877
14235|0x1b65693|11|132502331
14235|0x3b65693|12|265850893
14235|0x7b65693|13|531647185
14235|0xfb65693|14|1062506302
14235|0x1fb65693|15|2125674539
14235|0x3fb65693|16|4250981028
14235|0x7fb65693|17|7262838121
14235|0xffb65693|18|13900433561
14235|0x1ffb65693|19|27384465367
14235|0x3ffb65693|20|57066423472
14235|0x7ffb65693|21|108882486099
14235|0xfffb65693|22|216350862517
14235|0xfffb65693|23|430893173516
14235|0x2fffb65693|24|869238212145
15021|0x3925|1|109929
15021|0x3925|2|238528
15021|0x13925|3|510429
15021|0x33925|4|1026366
15021|0x33925|5|2026674
15021|0x33925|6|4150665
15021|0x33925|7|8352673
15021|0x233925|8|16694961
15021|0x633925|9|33286042
15021|0x633925|10|66982982
15021|0x633925|11|133935566
15021|0x2633925|12|266957257
15021|0x2633925|13|535085937
15021|0xa633925|14|1068884488
15021|0xa633925|15|2136168116
15021|0xa633925|16|4276535871
15021|0xa633925|17|8548451235
15021|0x8a633925|18|14973543278
15021|0x8a633925|19|27515677401
15021|0x8a633925|20|56005165962
15021|0x8a633925|21|107913959846
15021|0x88a633925|22|216603484895
15021|0x88a633925|23|432818206381
15021|0x288a633925|24|865936549756
15121|0x15f1|1|97260
15121|0x15f1|2|226388
15121|0x15f1|3|448410
15121|0x15f1|4|962522
15121|0x15f1|5|2104044
15121|0x15f1|6|4177204
15121|0x1015f1|7|8258383
15121|0x3015f1|8|16714938
15121|0x7015f1|9|33512294
15121|0xf015f1|10|66731566
15121|0x1f015f1|11|133307294
15121|0x3f015f1|12|267703689
15121|0x3f015f1|13|535211970
15121|0xbf015f1|14|1068958269
15121|0xbf015f1|15|1792618541
15121|0x2bf015f1|16|4278031067
15121|0x6bf015f1|17|6964488144
15121|0xebf015f1|18|13604676442
15121|0xebf015f1|19|27249214427
15121|0xebf015f1|20|54450104519
15121|0xebf015f1|21|109109961968
15121|0xebf015f1|22|219204931210
15121|0x10ebf015f1|23|430590781948
15121|0x10ebf015f1|24|866963801999
15239|0x1a37|1|113238
15239|0x9a37|2|239610
15239|0x9a37|3|513153
15239|0x9a37|4|1046621
15239|0x49a37|5|2113537
15239|0xc9a37|6|4133973
15239|0x1c9a37|7|8288905
15239|0x3c9a37|8|16774491
15239|0x3c9a37|9|33517830
15239|0xbc9a37|10|66701324
15239|0x1bc9a37|11|133687115
15239|0x3bc9a37|12|267235128
15239|0x3bc9a37|13|535160450
15239|0x3bc9a37|14|1070518070
15239|0x13bc9a37|15|2140142259
15239|0x33bc9a37|16|3747870080
15239|0x73bc9a37|17|7174137301
15239|0xf3bc9a37|18|14687348494
15239|0x1f3bc9a37|19|27218646812
15239|0x1f3bc9a37|20|54466644917
15239|0x5f3bc9a37|21|108371222357
15239|0x5f3bc9a37|22|217173731722
15239|0x15f3bc9a37|23|430543645680
15239|0x15f3bc9a37|24|880370702358
15357|0x7955|1|111219
15357|0xf955|2|226669
15357|0x1f955|3|483427
15357|0x3f955|4|979130
15357|0x7f955|5|1932677
15357|0xff955|6|3769403
15357|0xff955|7|7837807
15357|0xff955|8|15224947
15357|0x4ff955|9|30541823
15357|0xcff955|10|61168227
15357|0xcff955|11|122062676
15357|0xcff955|12|237950078
15357|0x4cff955|13|476385863
15357|0x4cff955|14|957278588
15357|0x14cff955|15|1948681176
15357|0x14cff955|16|3864522212
15357|0x14cff955|17|7665141114
15357|0x94cff955|18|15590941883
15357|0x194cff955|19|28755460740
15357|0x194cff955|20|58917054025
15357|0x594cff955|21|118923790506
15357|0x594cff955|22|227363881250
15357|0x1594cff955|23|433911682249
15357|0x3594cff955|24|867519551710
16097|0x521|1|109524
16097|0x8521|2|242400
16097|0x18521|3|522720
16097|0x18521|4|1070474
16097|0x58521|5|1950427
16097|0xd8521|6|4265019
16097|0xd8521|7|8423369
16097|0x2d8521|8|16674775
16097|0x6d8521|9|33636497
16097|0xed8521|10|54149907
16097|0x1ed8521|11|134617463
16097|0x1ed8521|12|269607426
16097|0x1ed8521|13|538644172
16097|0x9ed8521|14|1075535115
16097|0x9ed8521|15|2150153606
16097|0x9ed8521|16|3713447286
16097|0x49ed8521|17|7705159452
16097|0xc9ed8521|18|13469736169
16097|0x1c9ed8521|19|27152978069
16097|0x3c9ed8521|20|53931742082
16097|0x7c9ed8521|21|108199341627
16097|0x7c9ed8521|22|217154761848
16097|0x7c9ed8521|23|432227034654
16097|0x7c9ed8521|24|865730803295
16215|0x1c67|1|99243
16215|0x1c67|2|213658
16215|0x11c67|3|524979
16215|0x31c67|4|1057906
16215|0x71c67|5|2153343
16215|0xf1c67|6|4121021
16215|0xf1c67|7|8411185
16215|0x2f1c67|8|16867338
16215|0x2f1c67|9|33629964
16215|0x2f1c67|10|67465775
16215|0x2f1c67|11|134722799
16215|0x2f1c67|12|269726695
16215|0x2f1c67|13|538684033
16215|0x82f1c67|14|1077238947
16215|0x82f1c67|15|1927071170
16215|0x282f1c67|16|3385736231
16215|0x682f1c67|17|7366235607
16215|0x682f1c67|18|14994969541
16215|0x1682f1c67|19|27939054529
16215|0x3682f1c67|20|54115888239
16215|0x7682f1c67|21|109707709604
16215|0xf682f1c67|22|217082191793
16215|0xf682f1c67|23|431060962226
16215|0x2f682f1c67|24|863819829455
16315|0x2d73|1|112857
16315|0xad73|2|243469
16315|0xad73|3|527947
16315|0x2ad73|4|1062820
16315|0x6ad73|5|1985960
16315|0x6ad73|6|4293468
16315|0x16ad73|7|8448536
16315|0x16ad73|8|16711777
16315|0x56ad73|9|33755505
16315|0x56ad73|10|67366426
16315|0x56ad73|11|134649033
16315|0x56ad73|12|269406002
16315|0x456ad73|13|464289957
16315|0x456ad73|14|852432963
16315|0x456ad73|15|1686892892
16315|0x456ad73|16|3428415828
16315|0x456ad73|17|7685409406
16315|0x8456ad73|18|13986845923
16315|0x8456ad73|19|32756464946
16315|0x28456ad73|20|53998985794
16315|0x28456ad73|21|109964879380
16315|0xa8456ad73|22|217311735090
16315|0xa8456ad73|23|429870558144
16315|0xa8456ad73|24|863428405295
16805|0xbe2d|1|199495
16805|0xbe2d|2|456307
16805|0xbe2d|3|936629
16805|0x4be2d|4|1923712
16805|0xcbe2d|5|3726210
16805|0xcbe2d|6|7645758
16805|0xcbe2d|7|15016835
16805|0xcbe2d|8|30055076
16805|0x8cbe2d|9|60079580
16805|0x18cbe2d|10|120309485
16805|0x18cbe2d|11|240928537
16805|0x58cbe2d|12|481387556
16805|0x58cbe2d|13|951576897
16805|0x158cbe2d|14|2040144314
16805|0x358cbe2d|15|4092176688
16805|0x758cbe2d|16|6810344906
16805|0xf58cbe2d|17|13780811874
16805|0x1f58cbe2d|18|27563938913
16805|0x1f58cbe2d|19|56691246490
16805|0x5f58cbe2d|20|112423809638
16805|0x5f58cbe2d|21|221633813553
16805|0x15f58cbe2d|22|439242983695
16805|0x15f58cbe2d|23|884603400001
16805|0x15f58cbe2d|24|1752010299275
16917|0x7d3d|1|167872
16917|0x7d3d|2|391345
16917|0x7d3d|3|975629
16917|0x47d3d|4|2021381
16917|0xc7d3d|5|3760162
16917|0x1c7d3d|6|7900153
16917|0x3c7d3d|7|15756618
16917|0x7c7d3d|8|31399775
16917|0xfc7d3d|9|62620508
16917|0x1fc7d3d|10|125459939
16917|0x3fc7d3d|11|251378981
16917|0x7fc7d3d|12|502067621
16917|0x7fc7d3d|13|937232574
16917|0x7fc7d3d|14|1741322465
16917|0x7fc7d3d|15|3552193715
16917|0x47fc7d3d|16|6810352503
16917|0x47fc7d3d|17|14176313086
16917|0x147fc7d3d|18|27449317146
16917|0x347fc7d3d|19|55315953886
16917|0x747fc7d3d|20|108755806972
16917|0xf47fc7d3d|21|214820070565
16917|0x1f47fc7d3d|22|439065042148
16917|0x3f47fc7d3d|23|885339602180
16917|0x7f47fc7d3d|24|1751215046830
17035|0x9523|1|188273
17035|0x9523|2|445241
17035|0x9523|3|975416
17035|0x49523|4|1781331
17035|0x49523|5|3979331
17035|0x149523|6|7759743
17035|0x349523|7|15683800
17035|0x349523|8|31322230
17035|0x349523|9|62302774
17035|0x1349523|10|125051479
17035|0x3349523|11|249984540
17035|0x7349523|12|499988974
17035|0xf349523|13|1000535753
17035|0x1f349523|14|1916148952
17035|0x1f349523|15|4020047061
17035|0x1f349523|16|8040190548
17035|0x9f349523|17|13464134945
17035|0x9f349523|18|26834187277
17035|0x29f349523|19|55245725004
17035|0x29f349523|20|108565426735
17035|0xa9f349523|21|215135963034
17035|0x1a9f349523|22|438615764138
17035|0x1a9f349523|23|884936991233
17035|0x1a9f349523|24|1751535670841
17139|0xa63b|1|190944
17139|0x1a63b|2|446114
17139|0x1a63b|3|993003
17139|0x5a63b|4|2011029
17139|0xda63b|5|3783225
17139|0x1da63b|6|7891614
17139|0x1da63b|7|15606565
17139|0x1da63b|8|31423126
17139|0x1da63b|9|62649034
17139|0x11da63b|10|125452102
17139|0x11da63b|11|250756098
17139|0x51da63b|12|503142669
17139|0x51da63b|13|948777356
17139|0x51da63b|14|1706850413
17139|0x51da63b|15|3858173541
17139|0x51da63b|16|6796534263
17139|0x851da63b|17|13403738955
17139|0x851da63b|18|31835573433
17139|0x851da63b|19|56078860983
17139|0x851da63b|20|108804988773
17139|0x851da63b|21|215340051981
17139|0x10851da63b|22|438232354434
17139|0x10851da63b|23|884941540304
17139|0x10851da63b|24|1751674691026
17263|0x7b8f|1|191000
17263|0x7b8f|2|446718
17263|0x7b8f|3|979843
17263|0x47b8f|4|2029108
17263|0xc7b8f|5|3809423
17263|0xc7b8f|6|7866960
17263|0xc7b8f|7|15611050
17263|0x4c7b8f|8|31369116
17263|0xcc7b8f|9|62725467
17263|0x1cc7b8f|10|125691499
17263|0x1cc7b8f|11|251144819
17263|0x5cc7b8f|12|502846015
17263|0xdcc7b8f|13|1005075093
17263|0xdcc7b8f|14|1776756370
17263|0xdcc7b8f|15|3505492334
17263|0xdcc7b8f|16|6810621584
17263|0x8dcc7b8f|17|13238969243
17263|0x8dcc7b8f|18|27338640098
17263|0x28dcc7b8f|19|55116356366
17263|0x28dcc7b8f|20|108717299924
17263|0xa8dcc7b8f|21|215141194921
17263|0x1a8dcc7b8f|22|437614942505
17263|0x3a8dcc7b8f|23|884625345659
17263|0x3a8dcc7b8f|24|1751119633228
17365|0xdd7d|1|201091
17365|0xdd7d|2|437133
17365|0xdd7d|3|975781
17365|0xdd7d|4|1906449
17365|0xdd7d|5|3658235
17365|0x10dd7d|6|7527363
17365|0x10dd7d|7|14728918
17365|0x10dd7d|8|29733658
17365|0x10dd7d|9|59306296
17365|0x10dd7d|10|118757371
17365|0x10dd7d|11|237123577
17365|0x10dd7d|12|470619307
17365|0x810dd7d|13|947714845
17365|0x810dd7d|14|1896327476
17365|0x2810dd7d|15|3755847051
17365|0x6810dd7d|16|7512216313
17365|0x6810dd7d|17|15010771552
17365|0x16810dd7d|18|28263119743
17365|0x16810dd7d|19|54910802869
17365|0x16810dd7d|20|116830101272
17365|0x96810dd7d|21|223728090855
17365|0x196810dd7d|22|437975468710
17365|0x396810dd7d|23|884699292159
17365|0x396810dd7d|24|1750387579993
17869|0x2f05|1|167269
17869|0x2f05|2|434947
17869|0x22f05|3|993119
17869|0x62f05|4|1995277
17869|0x62f05|5|3812471
17869|0x62f05|6|7900006
17869|0x262f05|7|15827103
17869|0x662f05|8|31472796
17869|0xe62f05|9|59336803
17869|0x1e62f05|10|118430573
17869|0x1e62f05|11|237228420
17869|0x1e62f05|12|435488147
17869|0x1e62f05|13|1007013920
17869|0x11e62f05|14|1669565692
17869|0x31e62f05|15|4029744839
17869|0x31e62f05|16|7112652896
17869|0x31e62f05|17|13408389300
17869|0x131e62f05|18|28180907257
17869|0x131e62f05|19|55259600261
17869|0x131e62f05|20|108798066797
17869|0x931e62f05|21|215359955162
17869|0x1931e62f05|22|437441914612
17869|0x3931e62f05|23|884099424375
17869|0x7931e62f05|24|1752455971373
17993|0x8bf9|1|190232
17993|0x8bf9|2|453089
17993|0x28bf9|3|995984
17993|0x28bf9|4|2028008
17993|0x28bf9|5|3795681
17993|0x28bf9|6|7894994
17993|0x28bf9|7|15614861
17993|0x28bf9|8|31520487
17993|0x28bf9|9|62876507
17993|0x1028bf9|10|126049273
17993|0x1028bf9|11|252281080
17993|0x5028bf9|12|503701821
17993|0x5028bf9|13|990302988
17993|0x5028bf9|14|2015399099
17993|0x25028bf9|15|4031399797
17993|0x65028bf9|16|6746885677
17993|0xe5028bf9|17|16126216073
17993|0xe5028bf9|18|28539812224
17993|0xe5028bf9|19|53792988276
17993|0xe5028bf9|20|107763293359
17993|0xe5028bf9|21|214929826421
17993|0xe5028bf9|22|436450765901
17993|0x20e5028bf9|23|883732037095
17993|0x20e5028bf9|24|1750386005318
18089|0xbd99|1|192926
18089|0x1bd99|2|453609
18089|0x3bd99|3|997773
18089|0x3bd99|4|1819745
18089|0x3bd99|5|3990493
18089|0x13bd99|6|7875185
18089|0x33bd99|7|15564370
18089|0x33bd99|8|31469304
18089|0x33bd99|9|63009084
18089|0x33bd99|10|125851272
18089|0x33bd99|11|252053654
18089|0x33bd99|12|504540110
18089|0x833bd99|13|1008107208
18089|0x1833bd99|14|2016725800
18089|0x3833bd99|15|3425965867
18089|0x7833bd99|16|7427784836
18089|0xf833bd99|17|14869470705
18089|0xf833bd99|18|28271821013
18089|0x2f833bd99|19|58581779821
18089|0x6f833bd99|20|108580504246
18089|0xef833bd99|21|215524846981
18089|0xef833bd99|22|436748358045
18089|0xef833bd99|23|883414469539
18089|0x4ef833bd99|24|1750357235171
18211|0x208b|1|192871
18211|0x1208b|2|454443
18211|0x3208b|3|1000992
18211|0x7208b|4|1783076
18211|0x7208b|5|4024629
18211|0x7208b|6|7885247
18211|0x7208b|7|15614031
18211|0x7208b|8|31711953
18211|0x7208b|9|63104488
18211|0x107208b|10|126197475
18211|0x307208b|11|207981627
18211|0x707208b|12|504953687
18211|0x707208b|13|1008715701
18211|0x1707208b|14|2005251550
18211|0x3707208b|15|4034995779
18211|0x3707208b|16|8085230091
18211|0xb707208b|17|13893630317
18211|0xb707208b|18|28328471078
18211|0xb707208b|19|53799962396
18211|0x4b707208b|20|108676582227
18211|0xcb707208b|21|216051662858
18211|0xcb707208b|22|436163768470
18211|0xcb707208b|23|883216686599
18211|0xcb707208b|24|1750109979018
18315|0xa823|1|169108
18315|0x1a823|2|462202
18315|0x1a823|3|1002995
18315|0x1a823|4|2041405
18315|0x9a823|5|3828123
18315|0x9a823|6|7971931
18315|0x29a823|7|15938135
18315|0x69a823|8|31660518
18315|0x69a823|9|63567274
18315|0x169a823|10|127130858
18315|0x369a823|11|253720337
18315|0x369a823|12|507969691
18315|0xb69a823|13|854909333
18315|0xb69a823|14|1667826130
18315|0xb69a823|15|4036402332
18315|0xb69a823|16|7606288662
18315|0x8b69a823|17|13298777178
18315|0x8b69a823|18|27099726705
18315|0x28b69a823|19|54300739384
18315|0x68b69a823|20|109179787771
18315|0xe8b69a823|21|216063904202
18315|0x1e8b69a823|22|435428296011
18315|0x1e8b69a823|23|882862102232
18315|0x5e8b69a823|24|1749862773386
18429|0x4d55|1|170033
18429|0x14d55|2|449950
18429|0x14d55|3|1005332
18429|0x54d55|4|2038904
18429|0x54d55|5|3856847
18429|0x154d55|6|7948795
18429|0x154d55|7|15934107
18429|0x154d55|8|31663673
18429|0x954d55|9|63514332
18429|0x954d55|10|126960993
18429|0x954d55|11|254288858
18429|0x4954d55|12|527096156
18429|0x4954d55|13|1016549851
18429|0x14954d55|14|2032535741
18429|0x14954d55|15|3472384165
18429|0x54954d55|16|7227370748
18429|0x54954d55|17|13959390617
18429|0x154954d55|18|27403228350
18429|0x354954d55|19|54221767936
18429|0x354954d55|20|110687285930
18429|0x354954d55|21|216651129132
18429|0x354954d55|22|434855181670
18429|0x354954d55|23|882207844999
18429|0x4354954d55|24|1750753751487
18917|0xcbed|1|194163
18917|0x1cbed|2|460319
18917|0x3cbed|3|860925
18917|0x7cbed|4|1893197
18917|0x7cbed|5|4071520
18917|0x7cbed|6|7856024
18917|0x27cbed|7|15841189
18917|0x67cbed|8|31951317
18917|0x67cbed|9|63765478
18917|0x67cbed|10|127065323
18917|0x267cbed|11|254406913
18917|0x267cbed|12|508642199
18917|0x267cbed|13|1018714504
18917|0x267cbed|14|2036420521
18917|0x267cbed|15|4073829019
18917|0x4267cbed|16|6780540425
18917|0x4267cbed|17|13478345836
18917|0x14267cbed|18|27340888838
18917|0x14267cbed|19|54205227415
18917|0x14267cbed|20|109164984113
18917|0x14267cbed|21|216773142840
18917|0x114267cbed|22|433839655734
18917|0x314267cbed|23|881212359568
18917|0x314267cbed|24|1748820790379
19023|0x8caf|1|194442
19023|0x8caf|2|482592
19023|0x28caf|3|966671
19023|0x68caf|4|1994373
19023|0x68caf|5|3916199
19023|0x168caf|6|8174664
19023|0x368caf|7|16043906
19023|0x368caf|8|32173987
19023|0xb68caf|9|64427971
19023|0x1b68caf|10|128703324
19023|0x1b68caf|11|257591610
19023|0x5b68caf|12|514837453
19023|0xdb68caf|13|1028227914
19023|0xdb68caf|14|2060182302
19023|0xdb68caf|15|4034620404
19023|0xdb68caf|16|7204600216
19023|0xdb68caf|17|15345830253
19023|0x10db68caf|18|29705476332
19023|0x30db68caf|19|55274844299
19023|0x30db68caf|20|111956552846
19023|0xb0db68caf|21|222217316395
19023|0xb0db68caf|22|434301746142
19023|0x2b0db68caf|23|881902839686
19023|0x6b0db68caf|24|1748766278636
19139|0x35eb|1|210715
19139|0x135eb|2|462457
19139|0x335eb|3|968549
19139|0x335eb|4|1999235
19139|0xb35eb|5|3924572
19139|0xb35eb|6|7999194
19139|0x2b35eb|7|16057262
19139|0x2b35eb|8|32012611
19139|0xab35eb|9|64234206
19139|0xab35eb|10|128577300
19139|0xab35eb|11|240463807
19139|0xab35eb|12|481687874
19139|0xab35eb|13|1028453002
19139|0xab35eb|14|2055926593
19139|0xab35eb|15|4111973287
19139|0xab35eb|16|8223910209
19139|0xab35eb|17|13599874813
19139|0xab35eb|18|26533595273
19139|0x200ab35eb|19|55267954348
19139|0x200ab35eb|20|110573195213
19139|0xa00ab35eb|21|216599594615
19139|0x1a00ab35eb|22|433992874489
19139|0x1a00ab35eb|23|881918575671
19139|0x1a00ab35eb|24|1749349967805
19249|0x2dd1|1|192397
19249|0x12dd1|2|463007
19249|0x32dd1|3|993710
19249|0x32dd1|4|2003984
19249|0xb2dd1|5|3937093
19249|0x1b2dd1|6|7906359
19249|0x3b2dd1|7|16022396
19249|0x7b2dd1|8|32101770
19249|0x7b2dd1|9|64320394
19249|0x7b2dd1|10|128479140
19249|0x27b2dd1|11|257050011
19249|0x27b2dd1|12|514082882
19249|0x27b2dd1|13|1028591377
19249|0x127b2dd1|14|2017910006
19249|0x327b2dd1|15|4114391254
19249|0x727b2dd1|16|6846157190
19249|0x727b2dd1|17|13591712711
19249|0x727b2dd1|18|26705947458
19249|0x727b2dd1|19|55768003568
19249|0x727b2dd1|20|108678704725
19249|0x727b2dd1|21|215105726709
19249|0x727b2dd1|22|433865937628
19249|0x20727b2dd1|23|881538673664
19249|0x60727b2dd1|24|1748687524936
19359|0x105f|1|214941
19359|0x105f|2|464271
19359|0x2105f|3|972883
19359|0x6105f|4|1845797
19359|0x6105f|5|3920183
19359|0x16105f|6|7621208
19359|0x16105f|7|15020639
19359|0x16105f|8|30118978
19359|0x96105f|9|60567894
19359|0x96105f|10|128543920
19359|0x96105f|11|257286775
19359|0x496105f|12|513957375
19359|0x496105f|13|1029991027
19359|0x1496105f|14|1798746936
19359|0x1496105f|15|3433706274
19359|0x5496105f|16|7118192779
19359|0xd496105f|17|13635732145
19359|0xd496105f|18|28499557264
19359|0xd496105f|19|53755724530
19359|0x4d496105f|20|109810693068
19359|0xcd496105f|21|216691485745
19359|0xcd496105f|22|434038575027
19359|0xcd496105f|23|881147198849
19359|0x4cd496105f|24|1750311863930
19865|0xb6a9|1|172029
19865|0xb6a9|2|425104
19865|0x2b6a9|3|982288
19865|0x2b6a9|4|2029976
19865|0x2b6a9|5|4088713
19865|0x12b6a9|6|8046422
19865|0x32b6a9|7|16097724
19865|0x72b6a9|8|32294739
19865|0xf2b6a9|9|64293037
19865|0xf2b6a9|10|128687852
19865|0x2f2b6a9|11|257535395
19865|0x6f2b6a9|12|515091335
19865|0xef2b6a9|13|931230991
19865|0x1ef2b6a9|14|1934449683
19865|0x1ef2b6a9|15|4107226400
19865|0x1ef2b6a9|16|8242470265
19865|0x9ef2b6a9|17|13771825801
19865|0x9ef2b6a9|18|27777218740
19865|0x29ef2b6a9|19|54595780585
19865|0x29ef2b6a9|20|109949043207
19865|0x29ef2b6a9|21|216527855893
19865|0x29ef2b6a9|22|433446885128
19865|0x229ef2b6a9|23|880098976394
19865|0x229ef2b6a9|24|1747575161343
19969|0xb201|1|196040
19969|0x1b201|2|469365
19969|0x3b201|3|984242
19969|0x3b201|4|2033873
19969|0x3b201|5|4030851
19969|0x3b201|6|8114329
19969|0x3b201|7|16082308
19969|0x43b201|8|32240537
19969|0xc3b201|9|64356807
19969|0x1c3b201|10|129225164
19969|0x3c3b201|11|257451422
19969|0x7c3b201|12|515653412
19969|0xfc3b201|13|986275551
19969|0x1fc3b201|14|2062454447
19969|0x1fc3b201|15|3984933928
19969|0x5fc3b201|16|6783705283
19969|0x5fc3b201|17|13528266754
19969|0x5fc3b201|18|27779690074
19969|0x25fc3b201|19|54897805526
19969|0x25fc3b201|20|109821163506
19969|0x25fc3b201|21|216917470987
19969|0x125fc3b201|22|433206038793
19969|0x125fc3b201|23|879606330659
19969|0x525fc3b201|24|1747952504388
20091|0x60b3|1|172754
20091|0x160b3|2|471187
20091|0x160b3|3|986689
20091|0x160b3|4|2059337
20091|0x160b3|5|4105978
20091|0x160b3|6|8051661
20091|0x2160b3|7|16113817
20091|0x2160b3|8|32261417
20091|0xa160b3|9|64425985
20091|0x1a160b3|10|121805298
20091|0x1a160b3|11|258488244
20091|0x5a160b3|12|515868285
20091|0x5a160b3|13|1032610117
20091|0x5a160b3|14|2060714075
20091|0x25a160b3|15|3437471878
20091|0x65a160b3|16|7592052798
20091|0x65a160b3|17|14231748718
20091|0x65a160b3|18|27064717247
20091|0x65a160b3|19|56261325437
20091|0x65a160b3|20|106721721571
20091|0x865a160b3|21|217028213375
20091|0x865a160b3|22|433208651280
20091|0x865a160b3|23|879848117374
20091|0x865a160b3|24|1747106055631
20203|0xe9c3|1|196076
20203|0xe9c3|2|471000
20203|0xe9c3|3|989176
20203|0xe9c3|4|1849832
20203|0xe9c3|5|4056686
20203|0x10e9c3|6|8023269
20203|0x10e9c3|7|16111629
20203|0x50e9c3|8|32085432
20203|0xd0e9c3|9|64403472
20203|0x1d0e9c3|10|129034420
20203|0x3d0e9c3|11|257956356
20203|0x3d0e9c3|12|516463446
20203|0xbd0e9c3|13|919637556
20203|0xbd0e9c3|14|1698498587
20203|0xbd0e9c3|15|3445487745
20203|0xbd0e9c3|16|8256984974
20203|0x8bd0e9c3|17|13459023085
20203|0x8bd0e9c3|18|29928655050
20203|0x28bd0e9c3|19|56605357954
20203|0x28bd0e9c3|20|108634008467
20203|0x28bd0e9c3|21|216705079081
20203|0x128bd0e9c3|22|433097021283
20203|0x328bd0e9c3|23|879766931317
20203|0x328bd0e9c3|24|1747385401393
20307|0xccdb|1|194393
20307|0xccdb|2|469748
20307|0x2ccdb|3|1012335
20307|0x2ccdb|4|1992732
20307|0x2ccdb|5|3580308
20307|0x2ccdb|6|8029868
20307|0x22ccdb|7|16128937
20307|0x22ccdb|8|32282336
20307|0xa2ccdb|9|64397676
20307|0xa2ccdb|10|128854987
20307|0x2a2ccdb|11|257915982
20307|0x2a2ccdb|12|516547449
20307|0xaa2ccdb|13|1032393034
20307|0x1aa2ccdb|14|2063261105
20307|0x3aa2ccdb|15|3652022296
20307|0x7aa2ccdb|16|7180929490
20307|0x7aa2ccdb|17|14288504331
20307|0x7aa2ccdb|18|26893711226
20307|0x7aa2ccdb|19|57309775788
20307|0x7aa2ccdb|20|108896730123
20307|0x7aa2ccdb|21|217356233745
20307|0x7aa2ccdb|22|433636157075
20307|0x7aa2ccdb|23|880380152031
20307|0x7aa2ccdb|24|1744898037842
20427|0xdde3|1|194116
20427|0x1dde3|2|470680
20427|0x1dde3|3|991048
20427|0x5dde3|4|2017010
20427|0x5dde3|5|3919744
20427|0x5dde3|6|8077668
20427|0x25dde3|7|15462356
20427|0x25dde3|8|32302576
20427|0xa5dde3|9|64416702
20427|0x1a5dde3|10|129258513
20427|0x3a5dde3|11|258342639
20427|0x7a5dde3|12|515916691
20427|0x7a5dde3|13|844196980
20427|0x7a5dde3|14|1703792538
20427|0x7a5dde3|15|3434471026
20427|0x47a5dde3|16|6850847506
20427|0x47a5dde3|17|13465904186
20427|0x147a5dde3|18|27505117261
20427|0x147a5dde3|19|55260012879
20427|0x147a5dde3|20|108984409709
20427|0x147a5dde3|21|217070865508
20427|0x147a5dde3|22|437448313701
20427|0x2147a5dde3|23|884930068750
20427|0x2147a5dde3|24|1742220687903
20905|0xe299|1|195185
20905|0xe299|2|476850
20905|0xe299|3|1002507
20905|0xe299|4|2040356
20905|0x8e299|5|3950929
20905|0x18e299|6|7648293
20905|0x38e299|7|15105638
20905|0x78e299|8|30061514
20905|0xf8e299|9|60280740
20905|0xf8e299|10|120831879
20905|0xf8e299|11|254527868
20905|0x4f8e299|12|517723864
20905|0xcf8e299|13|1033871796
20905|0x1cf8e299|14|1781242838
20905|0x3cf8e299|15|3434075365
20905|0x3cf8e299|16|6978137157
20905|0x3cf8e299|17|15115797596
20905|0x13cf8e299|18|29328135489
20905|0x13cf8e299|19|55689223581
20905|0x53cf8e299|20|108994711236
20905|0x53cf8e299|21|217323747452
20905|0x53cf8e299|22|431788568309
20905|0x53cf8e299|23|874207473193
20905|0x453cf8e299|24|1750050858526
21025|0xb1e1|1|198049
21025|0x1b1e1|2|477918
21025|0x3b1e1|3|944478
21025|0x7b1e1|4|1933501
21025|0xfb1e1|5|4069491
21025|0xfb1e1|6|8023349
21025|0xfb1e1|7|15932955
21025|0xfb1e1|8|31653100
21025|0xfb1e1|9|64689950
21025|0x10fb1e1|10|128838315
21025|0x30fb1e1|11|257573558
21025|0x70fb1e1|12|515854787
21025|0x70fb1e1|13|1030490468
21025|0x170fb1e1|14|2061379464
21025|0x170fb1e1|15|3697714550
21025|0x170fb1e1|16|8245720105
21025|0x170fb1e1|17|14319658889
21025|0x170fb1e1|18|27236480601
21025|0x2170fb1e1|19|55601585086
21025|0x2170fb1e1|20|112788944754
21025|0xa170fb1e1|21|216719126311
21025|0x1a170fb1e1|22|432179291913
21025|0x1a170fb1e1|23|875522370448
21025|0x5a170fb1e1|24|1756358070649
21139|0x9b9b|1|198169
21139|0x19b9b|2|476460
21139|0x19b9b|3|926312
21139|0x59b9b|4|1887891
21139|0x59b9b|5|4101596
21139|0x159b9b|6|7941207
21139|0x159b9b|7|15989407
21139|0x559b9b|8|32208046
21139|0x559b9b|9|63937872
21139|0x1559b9b|10|128380747
21139|0x1559b9b|11|256592419
21139|0x1559b9b|12|516249799
21139|0x1559b9b|13|959418815
21139|0x11559b9b|14|1881845609
21139|0x31559b9b|15|4141765502
21139|0x71559b9b|16|7058485151
21139|0xf1559b9b|17|13565616804
21139|0xf1559b9b|18|28237793641
21139|0xf1559b9b|19|60087137597
21139|0xf1559b9b|20|109819629882
21139|0x8f1559b9b|21|216521830344
21139|0x18f1559b9b|22|434132987181
21139|0x38f1559b9b|23|880010650202
21139|0x38f1559b9b|24|1751846506873
21245|0xda55|1|174913
21245|0x1da55|2|422038
21245|0x1da55|3|899471
21245|0x5da55|4|2042248
21245|0xdda55|5|4028362
21245|0xdda55|6|7964373
21245|0x2dda55|7|16110263
21245|0x6dda55|8|32303760
21245|0xedda55|9|56983287
21245|0x1edda55|10|129181125
21245|0x1edda55|11|257841616
21245|0x1edda55|12|515742325
21245|0x9edda55|13|1033806337
21245|0x9edda55|14|2071660369
21245|0x9edda55|15|4143465988
21245|0x9edda55|16|8286431419
21245|0x9edda55|17|14286790880
21245|0x9edda55|18|26954201405
21245|0x9edda55|19|53847537215
21245|0x9edda55|20|110204697895
21245|0x809edda55|21|216485203939
21245|0x809edda55|22|430807648806
21245|0x2809edda55|23|874393811780
21245|0x6809edda55|24|1759417673857
21359|0x6b8f|1|199092
21359|0x6b8f|2|480415
21359|0x26b8f|3|1017565
21359|0x66b8f|4|1862045
21359|0xe6b8f|5|4088446
21359|0xe6b8f|6|8090241
21359|0x2e6b8f|7|16084272
21359|0x2e6b8f|8|32359983
21359|0x2e6b8f|9|64735060
21359|0x12e6b8f|10|129485973
21359|0x12e6b8f|11|258653168
21359|0x12e6b8f|12|517880296
21359|0x12e6b8f|13|1036150004
21359|0x112e6b8f|14|2010091885
21359|0x112e6b8f|15|4144837305
21359|0x112e6b8f|16|8288896606
21359|0x912e6b8f|17|14631211253
21359|0x1912e6b8f|18|27263652396
21359|0x1912e6b8f|19|56732223535
21359|0x1912e6b8f|20|109598762637
21359|0x1912e6b8f|21|216599785817
21359|0x1912e6b8f|22|432202850397
21359|0x1912e6b8f|23|875797528285
21359|0x41912e6b8f|24|1754572862986
21479|0xfd7|1|173054
21479|0x10fd7|2|477174
21479|0x10fd7|3|1013476
21479|0x10fd7|4|2038641
21479|0x90fd7|5|3899919
21479|0x190fd7|6|8013143
21479|0x190fd7|7|16126423
21479|0x590fd7|8|32097976
21479|0xd90fd7|9|64157630
21479|0xd90fd7|10|128395884
21479|0xd90fd7|11|256716944
21479|0x4d90fd7|12|513792763
21479|0x4d90fd7|13|1028551129
21479|0x4d90fd7|14|2014504663
21479|0x4d90fd7|15|4127152150
21479|0x44d90fd7|16|7586170093
21479|0xc4d90fd7|17|13539895947
21479|0xc4d90fd7|18|28240520591
21479|0xc4d90fd7|19|53948497268
21479|0x4c4d90fd7|20|111644481743
21479|0x4c4d90fd7|21|217129588706
21479|0x4c4d90fd7|22|432895432180
21479|0x24c4d90fd7|23|885567798130
21479|0x24c4d90fd7|24|1749371734549
21953|0xba41|1|206817
21953|0xba41|2|374313
21953|0xba41|3|845258
21953|0x4ba41|4|1989123
21953|0xcba41|5|3955360
21953|0x1cba41|6|7849087
21953|0x1cba41|7|16011188
21953|0x1cba41|8|31920345
21953|0x9cba41|9|64034062
21953|0x9cba41|10|127731363
21953|0x9cba41|11|255574472
21953|0x9cba41|12|504315615
21953|0x9cba41|13|1021215180
21953|0x9cba41|14|1982091233
21953|0x9cba41|15|4086705910
21953|0x9cba41|16|7196761911
21953|0x809cba41|17|16440313258
21953|0x1809cba41|18|27158327411
21953|0x3809cba41|19|55736141771
21953|0x3809cba41|20|110074913107
21953|0xb809cba41|21|216559236928
21953|0xb809cba41|22|436519015308
21953|0x2b809cba41|23|876169191092
21953|0x2b809cba41|24|1748265129986
22065|0x42d1|1|199608
22065|0x142d1|2|423560
22065|0x142d1|3|955020
22065|0x142d1|4|1828689
22065|0x142d1|5|4085776
22065|0x1142d1|6|7861386
22065|0x1142d1|7|15913281
22065|0x5142d1|8|31942523
22065|0x5142d1|9|63817268
22065|0x5142d1|10|127712776
22065|0x5142d1|11|255114323
22065|0x45142d1|12|510623925
22065|0x45142d1|13|869348931
22065|0x45142d1|14|2042257271
22065|0x245142d1|15|3612636850
22065|0x645142d1|16|8169302073
22065|0xe45142d1|17|13651629145
22065|0x1e45142d1|18|27451502731
22065|0x1e45142d1|19|55152267098
22065|0x1e45142d1|20|109550701500
22065|0x1e45142d1|21|217102227123
22065|0x11e45142d1|22|432651053783
22065|0x31e45142d1|23|875296492983
22065|0x71e45142d1|24|1749198393559
22175|0x455f|1|176058
22175|0x1455f|2|389332
22175|0x1455f|3|966307
22175|0x1455f|4|2030403
22175|0x9455f|5|3882029
22175|0x19455f|6|8087088
22175|0x19455f|7|16158817
22175|0x19455f|8|32136640
22175|0x19455f|9|64441360
22175|0x119455f|10|129028106
22175|0x119455f|11|257588902
22175|0x519455f|12|515423369
22175|0xd19455f|13|887839646
22175|0xd19455f|14|2046318501
22175|0x2d19455f|15|4086517574
22175|0x2d19455f|16|8170845976
22175|0xad19455f|17|14438195069
22175|0xad19455f|18|28079699259
22175|0x2ad19455f|19|57667198338
22175|0x2ad19455f|20|112693367048
22175|0x2ad19455f|21|226749498508
22175|0x12ad19455f|22|433515969686
22175|0x12ad19455f|23|877739244673
22175|0x52ad19455f|24|1747603679430
22285|0x4fc5|1|178268
22285|0x4fc5|2|374081
22285|0x4fc5|3|979328
22285|0x4fc5|4|2009414
22285|0x4fc5|5|3856215
22285|0x4fc5|6|8059979
22285|0x204fc5|7|16051589
22285|0x604fc5|8|31852982
22285|0x604fc5|9|63839766
22285|0x604fc5|10|127902106
22285|0x604fc5|11|255495065
22285|0x604fc5|12|435106750
22285|0x604fc5|13|829492592
22285|0x604fc5|14|2045763752
22285|0x604fc5|15|3390823784
22285|0x40604fc5|16|6689970510
22285|0x40604fc5|17|13483931075
22285|0x40604fc5|18|26985515128
22285|0x40604fc5|19|53700253201
22285|0x440604fc5|20|112629278989
22285|0xc40604fc5|21|217165059343
22285|0xc40604fc5|22|440161919868
22285|0xc40604fc5|23|879765329579
22285|0xc40604fc5|24|1748268730557
22399|0x687f|1|176215
22399|0x1687f|2|426825
22399|0x3687f|3|970012
22399|0x7687f|4|2034012
22399|0x7687f|5|3904654
22399|0x17687f|6|7947039
22399|0x37687f|7|15887714
22399|0x37687f|8|31882608
22399|0x37687f|9|63773574
22399|0x37687f|10|127768707
22399|0x37687f|11|254968636
22399|0x37687f|12|510250689
22399|0x37687f|13|1020070035
22399|0x1037687f|14|2040318209
22399|0x3037687f|15|4079645758
22399|0x7037687f|16|8079102789
22399|0xf037687f|17|13806910726
22399|0xf037687f|18|28543359465
22399|0x2f037687f|19|54969771849
22399|0x2f037687f|20|112249335770
22399|0xaf037687f|21|219819615062
22399|0x1af037687f|22|432606657068
22399|0x1af037687f|23|875783199664
22399|0x1af037687f|24|1747229596435
22505|0xf059|1|198540
22505|0x1f059|2|426129
22505|0x3f059|3|971733
22505|0x7f059|4|1819647
22505|0xff059|5|4063820
22505|0x1ff059|6|7899287
22505|0x1ff059|7|15941256
22505|0x5ff059|8|31828103
22505|0x5ff059|9|63690586
22505|0x5ff059|10|118521754
22505|0x25ff059|11|255198456
22505|0x65ff059|12|510180705
22505|0xe5ff059|13|1020372734
22505|0x1e5ff059|14|2040155618
22505|0x1e5ff059|15|4085645127
22505|0x5e5ff059|16|8191316106
22505|0xde5ff059|17|14678440256
22505|0x1de5ff059|18|27481591828
22505|0x3de5ff059|19|55456320101
22505|0x3de5ff059|20|110907199138
22505|0xbde5ff059|21|216720864842
22505|0xbde5ff059|22|431974926233
22505|0x2bde5ff059|23|878506689771
22505|0x2bde5ff059|24|1745976526402
22981|0xbd0d|1|175065
22981|0x1bd0d|2|379299
22981|0x1bd0d|3|920080
22981|0x1bd0d|4|2034630
22981|0x1bd0d|5|3877847
22981|0x11bd0d|6|7960216
22981|0x31bd0d|7|16068300
22981|0x31bd0d|8|31812901
22981|0x31bd0d|9|63993561
22981|0x131bd0d|10|128011306
22981|0x331bd0d|11|255721995
22981|0x331bd0d|12|512369151
22981|0x331bd0d|13|1025246942
22981|0x331bd0d|14|2048928815
22981|0x331bd0d|15|4097566667
22981|0x4331bd0d|16|7511108867
22981|0x4331bd0d|17|14061884314
22981|0x4331bd0d|18|27340092440
22981|0x4331bd0d|19|54192875707
22981|0x4331bd0d|20|111323198265
22981|0x4331bd0d|21|226202006380
22981|0x104331bd0d|22|433237185956
22981|0x304331bd0d|23|879690195229
22981|0x304331bd0d|24|1744759984124
23097|0x7409|1|201812
23097|0x17409|2|431730
23097|0x37409|3|981409
23097|0x37409|4|1840241
23097|0x37409|5|4026986
23097|0x137409|6|7962466
23097|0x337409|7|15981200
23097|0x737409|8|31875564
23097|0xf37409|9|63889751
23097|0x1f37409|10|127861380
23097|0x3f37409|11|255808291
23097|0x3f37409|12|511341264
23097|0xbf37409|13|1022886961
23097|0xbf37409|14|1658746676
23097|0xbf37409|15|3491433565
23097|0x4bf37409|16|6951746018
23097|0xcbf37409|17|14196558106
23097|0x1cbf37409|18|27708439491
23097|0x3cbf37409|19|55071756726
23097|0x7cbf37409|20|110736028702
23097|0x7cbf37409|21|216651131671
23097|0x17cbf37409|22|431544166887
23097|0x17cbf37409|23|874830096812
23097|0x17cbf37409|24|1752566836219
23199|0x415f|1|195991
23199|0x415f|2|432329
23199|0x415f|3|993394
23199|0x4415f|4|2042958
23199|0x4415f|5|3914059
23199|0x4415f|6|7905129
23199|0x24415f|7|16094446
23199|0x24415f|8|31940089
23199|0xa4415f|9|63965822
23199|0x1a4415f|10|127871807
23199|0x1a4415f|11|255862229
23199|0x5a4415f|12|511401360
23199|0x5a4415f|13|1022892912
23199|0x5a4415f|14|1658361627
23199|0x5a4415f|15|3329502959
23199|0x45a4415f|16|6884633246
23199|0x45a4415f|17|13501326491
23199|0x145a4415f|18|27313607209
23199|0x345a4415f|19|54804950103
23199|0x745a4415f|20|110316297412
23199|0x745a4415f|21|217121330454
23199|0x745a4415f|22|435856438990
23199|0x745a4415f|23|874871548574
23199|0x745a4415f|24|1744935129374
23317|0x1c3d|1|177504
23317|0x1c3d|2|381013
23317|0x1c3d|3|925783
23317|0x41c3d|4|2061440
23317|0x41c3d|5|3893284
23317|0x41c3d|6|7961239
23317|0x241c3d|7|16071751
23317|0x241c3d|8|32088716
23317|0x241c3d|9|64104548
23317|0x1241c3d|10|128306493
23317|0x3241c3d|11|256553087
23317|0x3241c3d|12|479833225
23317|0xb241c3d|13|1025095305
23317|0xb241c3d|14|2054886888
23317|0xb241c3d|15|4105950262
23317|0x4b241c3d|16|7959594205
23317|0x4b241c3d|17|16426716308
23317|0x4b241c3d|18|30019527136
23317|0x4b241c3d|19|57011786579
23317|0x44b241c3d|20|113494875669
23317|0x44b241c3d|21|218327257642
23317|0x144b241c3d|22|434755269796
23317|0x344b241c3d|23|880552584471
23317|0x344b241c3d|24|1750003110163
23429|0x654d|1|202335
23429|0x1654d|2|433380
23429|0x1654d|3|927286
23429|0x5654d|4|1921071
23429|0x5654d|5|3954956
23429|0x15654d|6|8051818
23429|0x35654d|7|16005223
23429|0x75654d|8|32007692
23429|0x75654d|9|63754608
23429|0x75654d|10|115519820
23429|0x75654d|11|255744682
23429|0x75654d|12|417952084
23429|0x875654d|13|1023413610
23429|0x875654d|14|2048801558
23429|0x2875654d|15|3600323377
23429|0x6875654d|16|8274933151
23429|0x6875654d|17|13790043588
23429|0x6875654d|18|32155503091
23429|0x6875654d|19|55842009008
23429|0x6875654d|20|114507529218
23429|0x86875654d|21|220977158267
23429|0x86875654d|22|429265942332
23429|0x86875654d|23|883965043840
23429|0x86875654d|24|1744491976677
23541|0x385d|1|199843
23541|0x1385d|2|434213
23541|0x1385d|3|988372
23541|0x5385d|4|1923066
23541|0xd385d|5|4037545
23541|0x1d385d|6|8042015
23541|0x1d385d|7|15872063
23541|0x1d385d|8|32074005
23541|0x1d385d|9|64155480
23541|0x11d385d|10|128069901
23541|0x11d385d|11|228786696
23541|0x51d385d|12|513280658
23541|0xd1d385d|13|1027217512
23541|0x1d1d385d|14|2051958902
23541|0x1d1d385d|15|4105121600
23541|0x5d1d385d|16|8274562233
23541|0xdd1d385d|17|13416908505
23541|0x1dd1d385d|18|31919809448
23541|0x3dd1d385d|19|58964514306
23541|0x7dd1d385d|20|109776265136
23541|0x7dd1d385d|21|217560030842
23541|0x7dd1d385d|22|429332667469
23541|0x27dd1d385d|23|879290382571
23541|0x67dd1d385d|24|1744899127424
24041|0x4a59|1|196039
24041|0x4a59|2|436868
24041|0x24a59|3|1017608
24041|0x24a59|4|2007684
24041|0xa4a59|5|3889558
24041|0xa4a59|6|8089513
24041|0x2a4a59|7|16256383
24041|0x2a4a59|8|32241769
24041|0xaa4a59|9|64719195
24041|0xaa4a59|10|129579592
24041|0xaa4a59|11|258858810
24041|0xaa4a59|12|517793313
24041|0x8aa4a59|13|1037440960
24041|0x8aa4a59|14|2074208504
24041|0x8aa4a59|15|4150776481
24041|0x48aa4a59|16|8295816346
24041|0x48aa4a59|17|16591248216
24041|0x48aa4a59|18|27555172040
24041|0x48aa4a59|19|56393550844
24041|0x48aa4a59|20|111465378966
24041|0x848aa4a59|21|218218694501
24041|0x1848aa4a59|22|430780282000
24041|0x1848aa4a59|23|878399201758
24041|0x1848aa4a59|24|1752497934665
24145|0xaab1|1|176291
24145|0x1aab1|2|420180
24145|0x1aab1|3|998662
24145|0x5aab1|4|2035657
24145|0xdaab1|5|3902267
24145|0xdaab1|6|8111100
24145|0xdaab1|7|16254181
24145|0xdaab1|8|30975224
24145|0xdaab1|9|64734172
24145|0x10daab1|10|129361381
24145|0x30daab1|11|259153257
24145|0x70daab1|12|519606942
24145|0x70daab1|13|1036903754
24145|0x70daab1|14|1914485667
24145|0x70daab1|15|4150549175
24145|0x470daab1|16|8143539548
24145|0xc70daab1|17|14990831176
24145|0xc70daab1|18|27938851874
24145|0x2c70daab1|19|54589872733
24145|0x2c70daab1|20|111438999184
24145|0xac70daab1|21|218964633103
24145|0xac70daab1|22|432929797771
24145|0xac70daab1|23|882130798022
24145|0xac70daab1|24|1750680809190
24259|0xc1eb|1|201255
24259|0xc1eb|2|438177
24259|0xc1eb|3|1000317
24259|0xc1eb|4|2014956
24259|0x8c1eb|5|3928533
24259|0x8c1eb|6|8142812
24259|0x28c1eb|7|16263665
24259|0x68c1eb|8|32365642
24259|0x68c1eb|9|64906199
24259|0x168c1eb|10|129640560
24259|0x368c1eb|11|259439311
24259|0x368c1eb|12|518455658
24259|0x368c1eb|13|1038843861
24259|0x1368c1eb|14|2076548729
24259|0x1368c1eb|15|3724458541
24259|0x5368c1eb|16|7277568544
24259|0x5368c1eb|17|13923487457
24259|0x5368c1eb|18|27136268686
24259|0x5368c1eb|19|55566212590
24259|0x5368c1eb|20|110270658536
24259|0x5368c1eb|21|219600923672
24259|0x5368c1eb|22|434211542330
24259|0x205368c1eb|23|871832474042
24259|0x605368c1eb|24|1746707953204
24377|0xdf09|1|204205
24377|0xdf09|2|439034
24377|0x2df09|3|1002376
24377|0x2df09|4|2020240
24377|0xadf09|5|3942925
24377|0x1adf09|6|8162572
24377|0x1adf09|7|16323633
24377|0x5adf09|8|32553515
24377|0x5adf09|9|64981314
24377|0x15adf09|10|129863556
24377|0x35adf09|11|260747517
24377|0x35adf09|12|460563448
24377|0xb5adf09|13|1045482485
24377|0xb5adf09|14|1695736658
24377|0xb5adf09|15|3583342237
24377|0x4b5adf09|16|6827218571
24377|0xcb5adf09|17|13421845903
24377|0xcb5adf09|18|27790878092
24377|0xcb5adf09|19|55259195987
24377|0x4cb5adf09|20|112461817328
24377|0xccb5adf09|21|219784129877
24377|0x1ccb5adf09|22|428513053100
24377|0x3ccb5adf09|23|872784663229
24377|0x3ccb5adf09|24|1744764538899
24483|0xcc0b|1|210499
24483|0xcc0b|2|386496
24483|0x2cc0b|3|883476
24483|0x2cc0b|4|1991513
24483|0x2cc0b|5|4109122
24483|0x2cc0b|6|7975074
24483|0x2cc0b|7|16203302
24483|0x2cc0b|8|32472972
24483|0x82cc0b|9|64803657
24483|0x182cc0b|10|129947281
24483|0x182cc0b|11|259139851
24483|0x182cc0b|12|519207803
24483|0x182cc0b|13|1012288592
24483|0x182cc0b|14|2078425691
24483|0x182cc0b|15|4154656456
24483|0x182cc0b|16|6734548981
24483|0x8182cc0b|17|13723309470
24483|0x8182cc0b|18|27773278654
24483|0x28182cc0b|19|55524333557
24483|0x28182cc0b|20|110475053631
24483|0xa8182cc0b|21|219298104713
24483|0xa8182cc0b|22|431602154693
24483|0xa8182cc0b|23|874459374047
24483|0x4a8182cc0b|24|1750573397744
24973|0xc945|1|205013
24973|0xc945|2|457994
24973|0x2c945|3|1013516
24973|0x6c945|4|1867827
24973|0x6c945|5|4112163
24973|0x6c945|6|8131082
24973|0x6c945|7|16200402
24973|0x6c945|8|32784281
24973|0x6c945|9|65327888
24973|0x6c945|10|130692681
24973|0x206c945|11|261508570
24973|0x206c945|12|522190153
24973|0x206c945|13|1045575833
24973|0x1206c945|14|2090770599
24973|0x1206c945|15|4181579749
24973|0x1206c945|16|7384821060
24973|0x9206c945|17|16642444311
24973|0x19206c945|18|28194283597
24973|0x39206c945|19|56745394510
24973|0x79206c945|20|109709715978
24973|0x79206c945|21|221718687359
24973|0x79206c945|22|432153043480
24973|0x79206c945|23|879756855301
24973|0x79206c945|24|1742904840031
25089|0x9e01|1|182734
25089|0x19e01|2|433687
25089|0x39e01|3|1013909
25089|0x39e01|4|2055399
25089|0x39e01|5|3955132
25089|0x39e01|6|8136451
25089|0x39e01|7|16355458
25089|0x39e01|8|32538448
25089|0x839e01|9|65210109
25089|0x1839e01|10|130525910
25089|0x1839e01|11|261607668
25089|0x5839e01|12|522546864
25089|0xd839e01|13|1047633963
25089|0x1d839e01|14|1953828258
25089|0x1d839e01|15|4199643571
25089|0x1d839e01|16|8370993632
25089|0x9d839e01|17|16490356166
25089|0x19d839e01|18|29458175862
25089|0x39d839e01|19|55802612521
25089|0x39d839e01|20|111449764913
25089|0x39d839e01|21|217091412266
25089|0x139d839e01|22|431990586037
25089|0x339d839e01|23|873285021390
25089|0x339d839e01|24|1740888412247
25199|0x3c8f|1|202883
25199|0x13c8f|2|443302
25199|0x13c8f|3|1015680
25199|0x13c8f|4|1938769
25199|0x93c8f|5|4065812
25199|0x193c8f|6|8148051
25199|0x393c8f|7|16280733
25199|0x393c8f|8|32675086
25199|0x393c8f|9|65350829
25199|0x393c8f|10|130856286
25199|0x2393c8f|11|261651612
25199|0x2393c8f|12|522509772
25199|0x2393c8f|13|1046007586
25199|0x2393c8f|14|2093959438
25199|0x22393c8f|15|4212741895
25199|0x62393c8f|16|8373164570
25199|0xe2393c8f|17|15662951191
25199|0xe2393c8f|18|28178608203
25199|0xe2393c8f|19|54910450010
25199|0x4e2393c8f|20|109200913720
25199|0xce2393c8f|21|218579783988
25199|0x1ce2393c8f|22|428975000188
25199|0x3ce2393c8f|23|874027555591
25199|0x3ce2393c8f|24|1745559389494
25313|0x6121|1|205619
25313|0x6121|2|456977
25313|0x6121|3|1017751
25313|0x46121|4|2042696
25313|0xc6121|5|3927274
25313|0x1c6121|6|8132001
25313|0x3c6121|7|16251197
25313|0x7c6121|8|32517499
25313|0xfc6121|9|65148082
25313|0x1fc6121|10|130113047
25313|0x1fc6121|11|260224019
25313|0x5fc6121|12|521143765
25313|0x5fc6121|13|1046287744
25313|0x5fc6121|14|1863761148
25313|0x25fc6121|15|4206211377
25313|0x25fc6121|16|8346593887
25313|0x25fc6121|17|16754639826
25313|0x25fc6121|18|30997890133
25313|0x25fc6121|19|59572198299
25313|0x425fc6121|20|109261511524
25313|0x425fc6121|21|219114157538
25313|0x1425fc6121|22|428941979982
25313|0x1425fc6121|23|871850231255
25313|0x5425fc6121|24|1742100288277
25417|0xfef9|1|181073
25417|0x1fef9|2|388904
25417|0x1fef9|3|968899
25417|0x5fef9|4|2071970
25417|0x5fef9|5|3972198
25417|0x15fef9|6|8102496
25417|0x35fef9|7|16314345
25417|0x35fef9|8|32501845
25417|0x35fef9|9|65259729
25417|0x135fef9|10|130108953
25417|0x335fef9|11|260618086
25417|0x735fef9|12|520981892
25417|0x735fef9|13|1042825728
25417|0x1735fef9|14|2047062919
25417|0x1735fef9|15|4040074110
25417|0x1735fef9|16|6853071290
25417|0x9735fef9|17|14087943640
25417|0x19735fef9|18|27175878138
25417|0x39735fef9|19|55615680734
25417|0x39735fef9|20|109668989799
25417|0x39735fef9|21|220126432151
25417|0x39735fef9|22|428911995426
25417|0x39735fef9|23|875320290356
25417|0x39735fef9|24|1751007282439
25533|0x6f95|1|206245
25533|0x16f95|2|444580
25533|0x36f95|3|1020732
25533|0x36f95|4|1970538
25533|0x36f95|5|4010718
25533|0x136f95|6|8167504
25533|0x136f95|7|16105285
25533|0x136f95|8|32652059
25533|0x936f95|9|64755945
25533|0x1936f95|10|129744045
25533|0x3936f95|11|259646512
25533|0x3936f95|12|521165390
25533|0xb936f95|13|1008829073
25533|0x1b936f95|14|2095898845
25533|0x3b936f95|15|4195647362
25533|0x3b936f95|16|6951087402
25533|0x3b936f95|17|13581282847
25533|0x3b936f95|18|27475419776
25533|0x23b936f95|19|59251881802
25533|0x23b936f95|20|111554326449
25533|0x23b936f95|21|217800846010
25533|0x123b936f95|22|435799445850
25533|0x123b936f95|23|871873310460
25533|0x123b936f95|24|1742331187273
26005|0xbdbd|1|198540
26005|0xbdbd|2|470323
26005|0x2bdbd|3|1029167
26005|0x6bdbd|4|2073753
26005|0xebdbd|5|3956974
26005|0x1ebdbd|6|8149037
26005|0x1ebdbd|7|16328095
26005|0x5ebdbd|8|32510534
26005|0x5ebdbd|9|64996292
26005|0x5ebdbd|10|130213691
26005|0x5ebdbd|11|260467982
26005|0x5ebdbd|12|520236153
26005|0x85ebdbd|13|1040239506
26005|0x85ebdbd|14|1733501410
26005|0x85ebdbd|15|4196207411
26005|0x485ebdbd|16|8390054198
26005|0xc85ebdbd|17|15798306727
26005|0xc85ebdbd|18|27710128904
26005|0x2c85ebdbd|19|60084110729
26005|0x6c85ebdbd|20|110209248532
26005|0x6c85ebdbd|21|218493446619
26005|0x6c85ebdbd|22|431110610052
26005|0x6c85ebdbd|23|873289874534
26005|0x6c85ebdbd|24|1741201765284
26107|0xdd33|1|539012
26107|0xdd33|2|780219
26107|0x2dd33|3|1052851
26107|0x6dd33|4|2081224
26107|0x6dd33|5|3952701
26107|0x6dd33|6|8186198
26107|0x6dd33|7|16202075
26107|0x6dd33|8|32566408
26107|0x6dd33|9|64837379
26107|0x6dd33|10|130145989
26107|0x6dd33|11|263198456
26107|0x406dd33|12|522529118
26107|0xc06dd33|13|961395732
26107|0xc06dd33|14|1679213088
26107|0xc06dd33|15|3354124201
26107|0xc06dd33|16|6705768554
26107|0x8c06dd33|17|13876858510
26107|0x8c06dd33|18|27900989244
26107|0x8c06dd33|19|55361677844
26107|0x8c06dd33|20|117804913987
26107|0x88c06dd33|21|217595576830
26107|0x88c06dd33|22|429202690170
26107|0x288c06dd33|23|870425981607
26107|0x288c06dd33|24|1738915891663
26221|0x9365|1|182455
26221|0x19365|2|394462
26221|0x39365|3|853289
26221|0x39365|4|2032143
26221|0x39365|5|4010913
26221|0x39365|6|7994300
26221|0x39365|7|16282494
26221|0x439365|8|32385666
26221|0xc39365|9|64924540
26221|0xc39365|10|129883532
26221|0xc39365|11|211234396
26221|0xc39365|12|455183636
26221|0xc39365|13|965055488
26221|0xc39365|14|1823936794
26221|0xc39365|15|3611204617
26221|0x40c39365|16|6760687110
26221|0xc0c39365|17|13843149138
26221|0xc0c39365|18|27673380750
26221|0xc0c39365|19|55552258651
26221|0xc0c39365|20|112921779836
26221|0xc0c39365|21|218860078505
26221|0xc0c39365|22|430704013322
26221|0x20c0c39365|23|869992062951
26221|0x60c0c39365|24|1739713014280
26335|0xd51f|1|182282
26335|0xd51f|2|407989
26335|0xd51f|3|846884
26335|0x4d51f|4|1994410
26335|0x4d51f|5|4004294
26335|0x4d51f|6|7968984
26335|0x24d51f|7|16287885
26335|0x24d51f|8|32345246
26335|0x24d51f|9|64801007
26335|0x124d51f|10|129830497
26335|0x124d51f|11|259303042
26335|0x524d51f|12|518841153
26335|0xd24d51f|13|1037304389
26335|0xd24d51f|14|2075543022
26335|0x2d24d51f|15|4177946085
26335|0x2d24d51f|16|7261382519
26335|0x2d24d51f|17|13826084656
26335|0x2d24d51f|18|28015211528
26335|0x2d24d51f|19|54027655063
26335|0x42d24d51f|20|111134600972
26335|0x42d24d51f|21|223970461214
26335|0x42d24d51f|22|431061966561
26335|0x242d24d51f|23|872587212916
26335|0x242d24d51f|24|1737047286419
26451|0x74db|1|199527
26451|0x74db|2|465100
26451|0x274db|3|964123
26451|0x274db|4|2016575
26451|0x274db|5|3918164
26451|0x1274db|6|8149688
26451|0x1274db|7|16330043
26451|0x1274db|8|32495903
26451|0x1274db|9|64893297
26451|0x11274db|10|130289213
26451|0x31274db|11|260634531
26451|0x71274db|12|520959556
26451|0xf1274db|13|1042176660
26451|0x1f1274db|14|1843807698
26451|0x1f1274db|15|4096638816
26451|0x1f1274db|16|8406170353
26451|0x9f1274db|17|14528785296
26451|0x9f1274db|18|30989897693
26451|0x9f1274db|19|55874206534
26451|0x49f1274db|20|111619048055
26451|0x49f1274db|21|217597386586
26451|0x49f1274db|22|431808714609
26451|0x49f1274db|23|872768242951
26451|0x49f1274db|24|1742218604262
26559|0x883f|1|207917
26559|0x1883f|2|450838
26559|0x3883f|3|990067
26559|0x7883f|4|2019706
26559|0x7883f|5|3913873
26559|0x17883f|6|8144163
26559|0x37883f|7|16317484
26559|0x77883f|8|32526170
26559|0x77883f|9|64880990
26559|0x177883f|10|130300020
26559|0x177883f|11|260286827
26559|0x177883f|12|521078008
26559|0x177883f|13|1043048713
26559|0x1177883f|14|2084832914
26559|0x3177883f|15|4177945994
26559|0x3177883f|16|8425411160
26559|0x3177883f|17|15947536438
26559|0x3177883f|18|27350593455
26559|0x3177883f|19|54079715754
26559|0x43177883f|20|112055755258
26559|0xc3177883f|21|217785117508
26559|0xc3177883f|22|429881950876
26559|0xc3177883f|23|869531328806
26559|0xc3177883f|24|1741770886191
27023|0x956f|1|205616
27023|0x956f|2|453305
27023|0x2956f|3|1011457
27023|0x6956f|4|2034274
27023|0xe956f|5|3931272
27023|0x1e956f|6|8135247
27023|0x3e956f|7|16215234
27023|0x7e956f|8|32602694
27023|0x7e956f|9|64889701
27023|0x7e956f|10|129814893
27023|0x27e956f|11|260096417
27023|0x27e956f|12|414009528
27023|0x27e956f|13|1040861104
27023|0x127e956f|14|2080845172
27023|0x127e956f|15|4176606150
27023|0x527e956f|16|7341346114
27023|0x527e956f|17|16906011875
27023|0x527e956f|18|27752943258
27023|0x527e956f|19|67314502764
27023|0x4527e956f|20|109681612985
27023|0x4527e956f|21|217003529645
27023|0x4527e956f|22|432932246916
27023|0x4527e956f|23|867282907288
27023|0x44527e956f|24|1739420959693
27137|0x9601|1|209103
27137|0x19601|2|453743
27137|0x39601|3|994433
27137|0x39601|4|2035690
27137|0x39601|5|3946638
27137|0x39601|6|8141061
27137|0x239601|7|16395625
27137|0x639601|8|32536896
27137|0xe39601|9|65238911
27137|0x1e39601|10|130709615
27137|0x3e39601|11|261124317
27137|0x3e39601|12|522449246
27137|0x3e39601|13|1044850436
27137|0x3e39601|14|2097788404
27137|0x3e39601|15|4075016034
27137|0x43e39601|16|6973355822
27137|0xc3e39601|17|13808424279
27137|0x1c3e39601|18|27476950725
27137|0x3c3e39601|19|55430708315
27137|0x3c3e39601|20|110970265934
27137|0x3c3e39601|21|217640790114
27137|0x3c3e39601|22|432238886370
27137|0x23c3e39601|23|868506829843
27137|0x63c3e39601|24|1747845555573
27245|0x2f65|1|209394
27245|0x2f65|2|454265
27245|0x2f65|3|974891
27245|0x42f65|4|2057607
27245|0xc2f65|5|3988471
27245|0x1c2f65|6|8208935
27245|0x3c2f65|7|16448892
27245|0x7c2f65|8|32762861
27245|0xfc2f65|9|61472747
27245|0x1fc2f65|10|128499703
27245|0x1fc2f65|11|230024847
27245|0x5fc2f65|12|444997089
27245|0xdfc2f65|13|1057998311
27245|0xdfc2f65|14|2115896367
27245|0x2dfc2f65|15|4222480646
27245|0x2dfc2f65|16|6761822800
27245|0x2dfc2f65|17|13662013616
27245|0x2dfc2f65|18|26961271140
27245|0x22dfc2f65|19|55103802366
27245|0x22dfc2f65|20|110794884999
27245|0xa2dfc2f65|21|219582088860
27245|0xa2dfc2f65|22|429975896240
27245|0x2a2dfc2f65|23|867796972212
27245|0x2a2dfc2f65|24|1737919184920
27363|0x2acb|1|184142
27363|0x2acb|2|460632
27363|0x22acb|3|976606
27363|0x62acb|4|2069360
27363|0x62acb|5|3990691
27363|0x162acb|6|8202639
27363|0x362acb|7|16423920
27363|0x762acb|8|32707183
27363|0xf62acb|9|65667367
27363|0xf62acb|10|131187465
27363|0xf62acb|11|262260986
27363|0xf62acb|12|525097160
27363|0x8f62acb|13|1039606494
27363|0x8f62acb|14|2116259851
27363|0x28f62acb|15|3473387067
27363|0x68f62acb|16|6798962714
27363|0x68f62acb|17|14322402950
27363|0x168f62acb|18|27301605628
27363|0x368f62acb|19|55083267893
27363|0x768f62acb|20|108855723750
27363|0xf68f62acb|21|217474389284
27363|0xf68f62acb|22|430385381483
27363|0x2f68f62acb|23|867242880869
27363|0x2f68f62acb|24|1739780018804
27473|0xbdb1|1|184302
27473|0x1bdb1|2|438117
27473|0x3bdb1|3|977894
27473|0x3bdb1|4|2055731
27473|0xbbdb1|5|4025569
27473|0xbbdb1|6|8210535
27473|0xbbdb1|7|16439780
27473|0xbbdb1|8|32653664
27473|0xbbdb1|9|65507358
27473|0xbbdb1|10|131219757
27473|0xbbdb1|11|262019313
27473|0x40bbdb1|12|462405026
27473|0x40bbdb1|13|918433262
27473|0x140bbdb1|14|1676737447
27473|0x140bbdb1|15|3395843205
27473|0x540bbdb1|16|7132915893
27473|0xd40bbdb1|17|14804875914
27473|0xd40bbdb1|18|27599053729
27473|0xd40bbdb1|19|56857602397
27473|0x4d40bbdb1|20|110565040620
27473|0xcd40bbdb1|21|217164475061
27473|0x1cd40bbdb1|22|431477565070
27473|0x1cd40bbdb1|23|868084885386
27473|0x5cd40bbdb1|24|1736255885816
27587|0x5ceb|1|184950
27587|0x15ceb|2|401233
27587|0x15ceb|3|861871
27587|0x15ceb|4|2015629
27587|0x15ceb|5|4139728
27587|0x15ceb|6|8092282
27587|0x215ceb|7|16489549
27587|0x615ceb|8|32706468
27587|0x615ceb|9|65591411
27587|0x615ceb|10|131461886
27587|0x615ceb|11|262673905
27587|0x4615ceb|12|525242869
27587|0xc615ceb|13|844984994
27587|0xc615ceb|14|1731572333
27587|0x2c615ceb|15|4202003638
27587|0x2c615ceb|16|8198044831
27587|0xac615ceb|17|15511222702
27587|0xac615ceb|18|27483766011
27587|0xac615ceb|19|55617901004
27587|0xac615ceb|20|108623888946
27587|0xac615ceb|21|218218846682
27587|0x10ac615ceb|22|430390469454
27587|0x10ac615ceb|23|871878139522
27587|0x50ac615ceb|24|1737612369076
28079|0x94f|1|183379
28079|0x1094f|2|420356
28079|0x1094f|3|993254
28079|0x5094f|4|2066894
28079|0xd094f|5|3359850
28079|0xd094f|6|8146828
28079|0x2d094f|7|16437583
28079|0x6d094f|8|30710794
28079|0xed094f|9|65681748
28079|0x1ed094f|10|131027947
28079|0x3ed094f|11|220893786
28079|0x7ed094f|12|523744831
28079|0xfed094f|13|1048274066
28079|0x1fed094f|14|2096424362
28079|0x1fed094f|15|4199329786
28079|0x5fed094f|16|8416721640
28079|0xdfed094f|17|16882479713
28079|0x1dfed094f|18|27892467207
28079|0x1dfed094f|19|57831433308
28079|0x1dfed094f|20|108874965122
28079|0x1dfed094f|21|217046945642
28079|0x1dfed094f|22|433775298886
28079|0x21dfed094f|23|868539848714
28079|0x21dfed094f|24|1739528551135
28189|0xc435|1|210769
28189|0x1c435|2|459619
28189|0x3c435|3|904893
28189|0x7c435|4|1940226
28189|0x7c435|5|4175613
28189|0x17c435|6|8116530
28189|0x17c435|7|16413015
28189|0x17c435|8|32871538
28189|0x17c435|9|65800517
28189|0x117c435|10|131425534
28189|0x317c435|11|263358429
28189|0x317c435|12|526863243
28189|0x317c435|13|1053980178
28189|0x1317c435|14|2103726157
28189|0x3317c435|15|4210226462
28189|0x3317c435|16|7784658965
28189|0x3317c435|17|13889760491
28189|0x3317c435|18|27908081915
28189|0x23317c435|19|54343141671
28189|0x63317c435|20|111765800141
28189|0xe3317c435|21|220398217703
28189|0x1e3317c435|22|433704259967
28189|0x3e3317c435|23|872539036555
28189|0x3e3317c435|24|1736704587212
28305|0x1271|1|210928
28305|0x11271|2|459215
28305|0x11271|3|982125
28305|0x11271|4|1892288
28305|0x91271|5|4175190
28305|0x191271|6|8178783
28305|0x391271|7|16337804
28305|0x791271|8|32760790
28305|0xf91271|9|65807637
28305|0x1f91271|10|131468403
28305|0x1f91271|11|263345423
28305|0x5f91271|12|526918972
28305|0xdf91271|13|1051611010
28305|0x1df91271|14|2103077996
28305|0x1df91271|15|3474683665
28305|0x1df91271|16|8424144699
28305|0x1df91271|17|15174181020
28305|0x1df91271|18|27845913780
28305|0x21df91271|19|57717109832
28305|0x61df91271|20|108964132798
28305|0xe1df91271|21|217675653270
28305|0xe1df91271|22|433322672148
28305|0x2e1df91271|23|870438713960
28305|0x2e1df91271|24|1736883611905
28421|0x5cd|1|211035
28421|0x5cd|2|459630
28421|0x5cd|3|1009250
28421|0x405cd|4|1973186
28421|0xc05cd|5|4110731
28421|0xc05cd|6|8197919
28421|0xc05cd|7|16347694
28421|0x4c05cd|8|33005665
28421|0x4c05cd|9|65821392
28421|0x4c05cd|10|131816105
28421|0x4c05cd|11|263346557
28421|0x4c05cd|12|526902292
28421|0x84c05cd|13|1054289465
28421|0x84c05cd|14|2108823165
28421|0x284c05cd|15|4217465322
28421|0x684c05cd|16|7626554977
28421|0x684c05cd|17|14506021940
28421|0x1684c05cd|18|26946003805
28421|0x1684c05cd|19|56741318188
28421|0x1684c05cd|20|108074323200
28421|0x1684c05cd|21|219827091775
28421|0x1684c05cd|22|432499393787
28421|0x1684c05cd|23|866853165660
28421|0x41684c05cd|24|1734973257290
28533|0xa8dd|1|204068
28533|0x1a8dd|2|405964
28533|0x3a8dd|3|887168
28533|0x7a8dd|4|2080541
28533|0xfa8dd|5|4089313
28533|0xfa8dd|6|8090638
28533|0x2fa8dd|7|16492671
28533|0x2fa8dd|8|32786617
28533|0x2fa8dd|9|65854895
28533|0x2fa8dd|10|131413955
28533|0x2fa8dd|11|263624212
28533|0x2fa8dd|12|526724008
28533|0x2fa8dd|13|1053598368
28533|0x2fa8dd|14|2107712241
28533|0x2fa8dd|15|4215303290
28533|0x402fa8dd|16|8429790311
28533|0x402fa8dd|17|14614872970
28533|0x402fa8dd|18|28246734620
28533|0x2402fa8dd|19|55816956784
28533|0x6402fa8dd|20|109403295291
28533|0x6402fa8dd|21|218550096564
28533|0x16402fa8dd|22|431238955830
28533|0x16402fa8dd|23|868409497154
28533|0x16402fa8dd|24|1742432299840
28647|0x33d7|1|205799
28647|0x133d7|2|406567
28647|0x133d7|3|967036
28647|0x133d7|4|2084434
28647|0x133d7|5|3961926
28647|0x1133d7|6|8183595
28647|0x1133d7|7|16462047
28647|0x1133d7|8|32643088
28647|0x1133d7|9|65483383
28647|0x11133d7|10|130912613
28647|0x11133d7|11|262491495
28647|0x51133d7|12|527550418
28647|0xd1133d7|13|1055172905
28647|0xd1133d7|14|1783740758
28647|0xd1133d7|15|4217568346
28647|0x4d1133d7|16|7445015257
28647|0x4d1133d7|17|15393982397
28647|0x4d1133d7|18|27425222531
28647|0x4d1133d7|19|55354764844
28647|0x4d1133d7|20|109322275414
28647|0x4d1133d7|21|216479161515
28647|0x104d1133d7|22|433968273051
28647|0x304d1133d7|23|878322342690
28647|0x304d1133d7|24|1737470954107
29121|0x9e41|1|212809
29121|0x9e41|2|416889
29121|0x29e41|3|878485
29121|0x69e41|4|2080410
29121|0xe9e41|5|4175617
29121|0xe9e41|6|8166736
29121|0x2e9e41|7|16570191
29121|0x2e9e41|8|32987964
29121|0x2e9e41|9|66160449
29121|0x12e9e41|10|131740126
29121|0x12e9e41|11|263636300
29121|0x12e9e41|12|528208803
29121|0x92e9e41|13|1055707578
29121|0x92e9e41|14|2078020914
29121|0x92e9e41|15|4223991170
29121|0x92e9e41|16|8448620616
29121|0x892e9e41|17|14057540793
29121|0x1892e9e41|18|27018999496
29121|0x3892e9e41|19|56468788459
29121|0x3892e9e41|20|114336511936
29121|0xb892e9e41|21|216652464987
29121|0xb892e9e41|22|431533510565
29121|0xb892e9e41|23|871734457124
29121|0x4b892e9e41|24|1735124360843
29235|0xd8fb|1|212786
29235|0x1d8fb|2|466132
29235|0x3d8fb|3|909167
29235|0x7d8fb|4|1929596
29235|0x7d8fb|5|4160451
29235|0x17d8fb|6|8154018
29235|0x37d8fb|7|16457513
29235|0x77d8fb|8|33129987
29235|0xf7d8fb|9|65922497
29235|0xf7d8fb|10|131796537
29235|0xf7d8fb|11|262401547
29235|0xf7d8fb|12|455836711
29235|0xf7d8fb|13|1056075565
29235|0x10f7d8fb|14|2112839308
29235|0x10f7d8fb|15|3588768468
29235|0x50f7d8fb|16|6864528746
29235|0xd0f7d8fb|17|14749878353
29235|0xd0f7d8fb|18|27313414463
29235|0xd0f7d8fb|19|54461902041
29235|0xd0f7d8fb|20|108581001705
29235|0x8d0f7d8fb|21|216312934851
29235|0x18d0f7d8fb|22|430451808893
29235|0x18d0f7d8fb|23|868345373320
29235|0x18d0f7d8fb|24|1740945431612
29349|0x252d|1|200462
29349|0x252d|2|409916
29349|0x2252d|3|883227
29349|0x2252d|4|2015694
29349|0x2252d|5|4127762
29349|0x12252d|6|8115790
29349|0x12252d|7|16592038
29349|0x52252d|8|32963264
29349|0xd2252d|9|66030745
29349|0xd2252d|10|132071448
29349|0xd2252d|11|239763836
29349|0x4d2252d|12|528795589
29349|0x4d2252d|13|1056497838
29349|0x14d2252d|14|2113692938
29349|0x14d2252d|15|4152363092
29349|0x14d2252d|16|7021173626
29349|0x14d2252d|17|14145582952
29349|0x114d2252d|18|27070003104
29349|0x114d2252d|19|54328430905
29349|0x114d2252d|20|108161104904
29349|0x914d2252d|21|218175362711
29349|0x914d2252d|22|433043024936
29349|0x2914d2252d|23|867627173715
29349|0x6914d2252d|24|1734780612994
29453|0x93c5|1|206100
29453|0x193c5|2|434759
29453|0x393c5|3|884094
29453|0x393c5|4|1991073
29453|0x393c5|5|4128160
29453|0x1393c5|6|8078739
29453|0x3393c5|7|16522367
29453|0x3393c5|8|32907441
29453|0x3393c5|9|66070843
29453|0x3393c5|10|132010495
29453|0x23393c5|11|264475372
29453|0x23393c5|12|528759554
29453|0xa3393c5|13|1057438793
29453|0x1a3393c5|14|2024297634
29453|0x1a3393c5|15|3831947156
29453|0x1a3393c5|16|6857349527
29453|0x9a3393c5|17|17064558658
29453|0x19a3393c5|18|27943858605
29453|0x39a3393c5|19|55684967191
29453|0x79a3393c5|20|110534620385
29453|0xf9a3393c5|21|220420817510
29453|0x1f9a3393c5|22|431949572769
29453|0x3f9a3393c5|23|864845068589
29453|0x3f9a3393c5|24|1741746392955
29569|0xcc81|1|213147
29569|0x1cc81|2|466968
29569|0x3cc81|3|1006704
29569|0x3cc81|4|1909957
29569|0xbcc81|5|4145673
29569|0x1bcc81|6|8322289
29569|0x3bcc81|7|16592836
29569|0x3bcc81|8|33170858
29569|0x3bcc81|9|66441987
29569|0x13bcc81|10|133101054
29569|0x13bcc81|11|266940331
29569|0x53bcc81|12|533332197
29569|0x53bcc81|13|1063234586
29569|0x53bcc81|14|2075485939
29569|0x53bcc81|15|4106796616
29569|0x53bcc81|16|7993964070
29569|0x853bcc81|17|13978654536
29569|0x1853bcc81|18|27613702588
29569|0x3853bcc81|19|54686860980
29569|0x3853bcc81|20|108536123096
29569|0x3853bcc81|21|217657741747
29569|0x3853bcc81|22|432383030847
29569|0x23853bcc81|23|875726221947
29569|0x63853bcc81|24|1734620916021
29685|0x605d|1|213972
29685|0x605d|2|467384
29685|0x2605d|3|1008288
29685|0x2605d|4|2046925
29685|0x2605d|5|4016034
29685|0x12605d|6|8281683
29685|0x32605d|7|16513738
29685|0x32605d|8|33081355
29685|0xb2605d|9|66342194
29685|0xb2605d|10|132670839
29685|0xb2605d|11|265297255
29685|0x4b2605d|12|532391193
29685|0x4b2605d|13|1066643202
29685|0x4b2605d|14|2133448041
29685|0x24b2605d|15|4267741189
29685|0x64b2605d|16|7696340888
29685|0xe4b2605d|17|13454736336
29685|0x1e4b2605d|18|27270008472
29685|0x1e4b2605d|19|61014807646
29685|0x5e4b2605d|20|122452125727
29685|0x5e4b2605d|21|216398047466
29685|0x5e4b2605d|22|432667192224
29685|0x25e4b2605d|23|864851420438
29685|0x25e4b2605d|24|1732848708104
30151|0xbbf7|1|215017
30151|0xbbf7|2|470299
30151|0x2bbf7|3|1014493
30151|0x2bbf7|4|2074024
30151|0xabbf7|5|4085606
30151|0xabbf7|6|8271715
30151|0xabbf7|7|16617055
30151|0x4abbf7|8|33179426
30151|0x4abbf7|9|66524273
30151|0x4abbf7|10|133289921
30151|0x24abbf7|11|266165442
30151|0x24abbf7|12|532931098
30151|0x24abbf7|13|1065764078
30151|0x124abbf7|14|2122630001
30151|0x324abbf7|15|3498379195
30151|0x724abbf7|16|8536622101
30151|0x724abbf7|17|14505684787
30151|0x1724abbf7|18|27891198604
30151|0x1724abbf7|19|54633161943
30151|0x5724abbf7|20|109860208404
30151|0xd724abbf7|21|227353621791
30151|0x1d724abbf7|22|431913781408
30151|0x3d724abbf7|23|865392603087
30151|0x3d724abbf7|24|1733552888513
30265|0x9809|1|188645
30265|0x9809|2|414374
30265|0x29809|3|1002475
30265|0x29809|4|2069354
30265|0xa9809|5|4067359
30265|0x1a9809|6|8246421
30265|0x1a9809|7|16630977
30265|0x1a9809|8|33135750
30265|0x1a9809|9|66507757
30265|0x1a9809|10|132830171
30265|0x1a9809|11|265999796
30265|0x1a9809|12|532846377
30265|0x81a9809|13|1064961151
30265|0x181a9809|14|1969001780
30265|0x381a9809|15|4257815377
30265|0x781a9809|16|8513637220
30265|0x781a9809|17|14184617511
30265|0x1781a9809|18|27265073135
30265|0x1781a9809|19|54430277326
30265|0x1781a9809|20|108589831288
30265|0x1781a9809|21|215949525421
30265|0x11781a9809|22|431130896390
30265|0x11781a9809|23|864745227913
30265|0x51781a9809|24|1732620325794
30375|0xd117|1|214875
30375|0x1d117|2|471355
30375|0x1d117|3|1033044
30375|0x1d117|4|2054925
30375|0x1d117|5|4018597
30375|0x11d117|6|8262445
30375|0x11d117|7|16631405
30375|0x11d117|8|33111807
30375|0x11d117|9|66382818
30375|0x11d117|10|132702285
30375|0x211d117|11|265254154
30375|0x211d117|12|530068852
30375|0x211d117|13|1060940301
30375|0x1211d117|14|2121304819
30375|0x1211d117|15|3682405829
30375|0x1211d117|16|8335424824
30375|0x1211d117|17|17111849655
30375|0x1211d117|18|28827166319
30375|0x1211d117|19|64538544803
30375|0x1211d117|20|109072905369
30375|0x1211d117|21|218007919710
30375|0x1211d117|22|430446048652
30375|0x201211d117|23|864038755267
30375|0x601211d117|24|1735338200598
30485|0x203d|1|212326
30485|0x1203d|2|471959
30485|0x1203d|3|1018984
30485|0x5203d|4|2080137
30485|0xd203d|5|4060125
30485|0x1d203d|6|8319894
30485|0x3d203d|7|16638865
30485|0x3d203d|8|33265804
30485|0x3d203d|9|66949387
30485|0x13d203d|10|133872324
30485|0x13d203d|11|267487960
30485|0x53d203d|12|534484900
30485|0xd3d203d|13|906286193
30485|0xd3d203d|14|1962683661
30485|0xd3d203d|15|4280035054
30485|0xd3d203d|16|8561181565
30485|0x8d3d203d|17|16984637108
30485|0x18d3d203d|18|27428034871
30485|0x18d3d203d|19|58481862050
30485|0x18d3d203d|20|112980718663
30485|0x98d3d203d|21|216845560141
30485|0x198d3d203d|22|432188730533
30485|0x198d3d203d|23|869060222694
30485|0x598d3d203d|24|1734546768567
30603|0xf823|1|189180
30603|0x1f823|2|415796
30603|0x3f823|3|976058
30603|0x3f823|4|2079656
30603|0x3f823|5|4174432
30603|0x3f823|6|8428703
30603|0x3f823|7|16661721
30603|0x3f823|8|33507406
30603|0x83f823|9|66922108
30603|0x83f823|10|133947884
30603|0x83f823|11|267851830
30603|0x83f823|12|535648794
30603|0x83f823|13|1020170945
30603|0x83f823|14|2140720561
30603|0x2083f823|15|4282565287
30603|0x2083f823|16|8016609193
30603|0x2083f823|17|17001827794
30603|0x12083f823|18|32820640754
30603|0x32083f823|19|55071047869
30603|0x32083f823|20|110238121144
30603|0x32083f823|21|218086169057
30603|0x132083f823|22|432752825374
30603|0x132083f823|23|866495071739
30603|0x132083f823|24|1733501781241
30709|0x3c5d|1|212793
30709|0x13c5d|2|474869
30709|0x33c5d|3|950089
30709|0x33c5d|4|2026227
30709|0xb3c5d|5|4253379
30709|0x1b3c5d|6|8339395
30709|0x3b3c5d|7|16719138
30709|0x7b3c5d|8|33614942
30709|0x7b3c5d|9|66804851
30709|0x17b3c5d|10|134076996
30709|0x17b3c5d|11|267851601
30709|0x57b3c5d|12|534794083
30709|0xd7b3c5d|13|1070750304
30709|0x1d7b3c5d|14|2140733718
30709|0x1d7b3c5d|15|4280623879
30709|0x1d7b3c5d|16|8504277278
30709|0x9d7b3c5d|17|16394274872
30709|0x19d7b3c5d|18|28448938140
30709|0x19d7b3c5d|19|53987054953
30709|0x19d7b3c5d|20|108788587676
30709|0x19d7b3c5d|21|217850356992
30709|0x19d7b3c5d|22|440959542741
30709|0x19d7b3c5d|23|866233623019
30709|0x419d7b3c5d|24|1731025747499
31183|0xed2f|1|216542
31183|0x1ed2f|2|475820
31183|0x3ed2f|3|1028741
31183|0x3ed2f|4|2097365
31183|0xbed2f|5|3659468
31183|0xbed2f|6|8317704
31183|0xbed2f|7|16767234
31183|0x4bed2f|8|33574082
31183|0xcbed2f|9|67081616
31183|0xcbed2f|10|133899281
31183|0xcbed2f|11|268347576
31183|0xcbed2f|12|534439289
31183|0x8cbed2f|13|1072397069
31183|0x8cbed2f|14|2144770822
31183|0x8cbed2f|15|3894082310
31183|0x8cbed2f|16|8533436960
31183|0x88cbed2f|17|13774030579
31183|0x188cbed2f|18|27034486367
31183|0x388cbed2f|19|59739291190
31183|0x788cbed2f|20|111038166802
31183|0x788cbed2f|21|217606243536
31183|0x788cbed2f|22|430449760309
31183|0x788cbed2f|23|865984820810
31183|0x4788cbed2f|24|1728601140752
31293|0x6d15|1|216675
31293|0x6d15|2|476377
31293|0x26d15|3|1030306
31293|0x26d15|4|2096906
31293|0x26d15|5|4052000
31293|0x126d15|6|8346235
31293|0x326d15|7|16797023
31293|0x326d15|8|27815518
31293|0x326d15|9|67230776
31293|0x326d15|10|134268176
31293|0x326d15|11|268450245
31293|0x4326d15|12|477311186
31293|0xc326d15|13|1072996879
31293|0x1c326d15|14|2043005672
31293|0x1c326d15|15|3955231625
31293|0x5c326d15|16|6765951401
31293|0x5c326d15|17|15094807464
31293|0x5c326d15|18|28353524732
31293|0x25c326d15|19|54306980670
31293|0x25c326d15|20|108232956387
31293|0x25c326d15|21|215648585734
31293|0x25c326d15|22|430949430989
31293|0x25c326d15|23|864839113666
31293|0x25c326d15|24|1728397145110
31407|0x1c4f|1|214535
31407|0x11c4f|2|476798
31407|0x11c4f|3|1031908
31407|0x11c4f|4|2098833
31407|0x11c4f|5|4051167
31407|0x11c4f|6|8377398
31407|0x11c4f|7|16722922
31407|0x411c4f|8|33559589
31407|0x411c4f|9|67149343
31407|0x411c4f|10|134125465
31407|0x411c4f|11|268340849
31407|0x4411c4f|12|536737915
31407|0x4411c4f|13|1073380201
31407|0x14411c4f|14|2145703065
31407|0x34411c4f|15|3413749344
31407|0x74411c4f|16|7663650744
31407|0xf4411c4f|17|17175732552
31407|0xf4411c4f|18|32903882266
31407|0x2f4411c4f|19|54398623026
31407|0x6f4411c4f|20|109282438393
31407|0xef4411c4f|21|216155633884
31407|0xef4411c4f|22|434051701407
31407|0x2ef4411c4f|23|871433592400
31407|0x2ef4411c4f|24|1728623762113
31521|0xc8e1|1|217006
31521|0xc8e1|2|477808
31521|0x2c8e1|3|1033197
31521|0x2c8e1|4|2087427
31521|0x2c8e1|5|4047251
31521|0x2c8e1|6|8355607
31521|0x22c8e1|7|16913729
31521|0x22c8e1|8|33558026
31521|0x22c8e1|9|67108287
31521|0x122c8e1|10|134062116
31521|0x122c8e1|11|217403147
31521|0x522c8e1|12|537171375
31521|0x522c8e1|13|1074256197
31521|0x522c8e1|14|1693782115
31521|0x2522c8e1|15|4201417221
31521|0x2522c8e1|16|8594234109
31521|0xa522c8e1|17|15455452467
31521|0x1a522c8e1|18|27448382771
31521|0x3a522c8e1|19|56505642641
31521|0x3a522c8e1|20|108051821641
31521|0x3a522c8e1|21|220439335902
31521|0x13a522c8e1|22|431111851574
31521|0x33a522c8e1|23|864179579254
31521|0x33a522c8e1|24|1727540440054
31627|0xd423|1|216909
31627|0xd423|2|478274
31627|0xd423|3|1052600
31627|0xd423|4|2090218
31627|0xd423|5|4055151
31627|0xd423|6|8392002
31627|0x20d423|7|16756798
31627|0x60d423|8|33538532
31627|0xe0d423|9|67094539
31627|0xe0d423|10|133958314
31627|0xe0d423|11|268318183
31627|0xe0d423|12|537543443
31627|0xe0d423|13|1074529434
31627|0xe0d423|14|1838205971
31627|0xe0d423|15|3853702502
31627|0xe0d423|16|6995283375
31627|0x80e0d423|17|13979155585
31627|0x80e0d423|18|27321588391
31627|0x280e0d423|19|54281665866
31627|0x280e0d423|20|108617462580
31627|0xa80e0d423|21|215830019528
31627|0xa80e0d423|22|431627060960
31627|0x2a80e0d423|23|862882940255
31627|0x2a80e0d423|24|1727479151346
31741|0xb955|1|217276
31741|0x1b955|2|478850
31741|0x1b955|3|1036157
31741|0x1b955|4|2114274
31741|0x1b955|5|4062663
31741|0x1b955|6|8396155
31741|0x1b955|7|16824835
31741|0x41b955|8|33535660
31741|0x41b955|9|67250000
31741|0x141b955|10|134370486
31741|0x341b955|11|268622574
31741|0x741b955|12|536877028
31741|0x741b955|13|1074917045
31741|0x741b955|14|1866439979
31741|0x741b955|15|3666838016
31741|0x4741b955|16|8580173650
31741|0x4741b955|17|15184335621
31741|0x14741b955|18|28732478106
31741|0x14741b955|19|54034579976
31741|0x14741b955|20|107975341270
31741|0x14741b955|21|218478498173
31741|0x14741b955|22|431226670050
31741|0x14741b955|23|864797337079
31741|0x14741b955|24|1727599907562
32193|0x9241|1|189884
32193|0x9241|2|448150
32193|0x9241|3|1039981
32193|0x9241|4|2118236
32193|0x89241|5|4082363
32193|0x89241|6|8360779
32193|0x289241|7|16831328
32193|0x289241|8|33457122
32193|0x289241|9|52716765
32193|0x289241|10|134359998
32193|0x2289241|11|274831726
32193|0x2289241|12|537999015
32193|0x2289241|13|1075900703
32193|0x12289241|14|1933923653
32193|0x12289241|15|4061272684
32193|0x12289241|16|7767248923
32193|0x92289241|17|13448161584
32193|0x92289241|18|27015461493
32193|0x92289241|19|54514358874
32193|0x492289241|20|108252408006
32193|0x492289241|21|219800551773
32193|0x1492289241|22|434103564813
32193|0x3492289241|23|863400806269
32193|0x3492289241|24|1728853017087
32305|0x1ad1|1|219301
32305|0x1ad1|2|440274
32305|0x1ad1|3|945287
32305|0x1ad1|4|2109605
32305|0x81ad1|5|4254872
32305|0x81ad1|6|8379272
32305|0x81ad1|7|16733607
32305|0x481ad1|8|33787649
32305|0x481ad1|9|67433401
32305|0x1481ad1|10|134712467
32305|0x1481ad1|11|268700166
32305|0x5481ad1|12|538263450
32305|0x5481ad1|13|1016808833
32305|0x5481ad1|14|2151585959
32305|0x5481ad1|15|4307820581
32305|0x5481ad1|16|8634292928
32305|0x85481ad1|17|13865181386
32305|0x185481ad1|18|29129156669
32305|0x185481ad1|19|55922346641
32305|0x585481ad1|20|108094131235
32305|0xd85481ad1|21|217220799337
32305|0x1d85481ad1|22|440941043250
32305|0x1d85481ad1|23|864629157577
32305|0x5d85481ad1|24|1726145355902
32417|0xe561|1|218661
32417|0xe561|2|480417
32417|0x2e561|3|1045634
32417|0x2e561|4|2018277
32417|0xae561|5|4255698
32417|0xae561|6|8402219
32417|0xae561|7|16714136
32417|0x4ae561|8|33607879
32417|0x4ae561|9|67480125
32417|0x4ae561|10|134654784
32417|0x4ae561|11|269290249
32417|0x44ae561|12|538983422
32417|0x44ae561|13|1078186609
32417|0x144ae561|14|2156534492
32417|0x344ae561|15|3430937255
32417|0x744ae561|16|7650230051
32417|0x744ae561|17|14213818565
32417|0x744ae561|18|27199519959
32417|0x2744ae561|19|54087355236
32417|0x2744ae561|20|109199658174
32417|0xa744ae561|21|216501210622
32417|0x1a744ae561|22|431320528847
32417|0x3a744ae561|23|863632804769
32417|0x3a744ae561|24|1726060908470
32529|0x51f1|1|217908
32529|0x51f1|2|433729
32529|0x51f1|3|920035
32529|0x451f1|4|2146549
32529|0x451f1|5|4260781
32529|0x1451f1|6|8412649
32529|0x1451f1|7|16704824
32529|0x1451f1|8|33577490
32529|0x1451f1|9|67215214
32529|0x1451f1|10|134846897
32529|0x21451f1|11|269511757
32529|0x21451f1|12|539436679
32529|0xa1451f1|13|1077723665
32529|0xa1451f1|14|1842905759
32529|0xa1451f1|15|4298243594
32529|0x4a1451f1|16|7475643346
32529|0x4a1451f1|17|15306383725
32529|0x14a1451f1|18|27477001254
32529|0x34a1451f1|19|55023346044
32529|0x34a1451f1|20|108071126094
32529|0xb4a1451f1|21|215636420400
32529|0xb4a1451f1|22|431121185250
32529|0xb4a1451f1|23|864621461908
32529|0xb4a1451f1|24|1725500910359
32643|0x72b|1|245470
32643|0x72b|2|481473
32643|0x2072b|3|1048208
32643|0x2072b|4|2046866
32643|0xa072b|5|4178558
32643|0x1a072b|6|8445004
32643|0x3a072b|7|16845845
32643|0x7a072b|8|33602122
32643|0x7a072b|9|67255316
32643|0x7a072b|10|134499477
32643|0x7a072b|11|269549130
32643|0x7a072b|12|539422290
32643|0x87a072b|13|1078102530
32643|0x87a072b|14|2156517908
32643|0x287a072b|15|4314004647
32643|0x687a072b|16|7172633876
32643|0x687a072b|17|13949506982
32643|0x687a072b|18|27161603023
32643|0x2687a072b|19|54171643982
32643|0x2687a072b|20|112302627820
32643|0x2687a072b|21|217039900496
32643|0x12687a072b|22|431367302803
32643|0x12687a072b|23|863743416832
32643|0x52687a072b|24|1727204645624
32757|0xf45d|1|190439
32757|0xf45d|2|479073
32757|0xf45d|3|1047909
32757|0x4f45d|4|2122151
32757|0xcf45d|5|4091986
32757|0xcf45d|6|8405559
32757|0x2cf45d|7|16809062
32757|0x6cf45d|8|33151470
32757|0xecf45d|9|67372975
32757|0xecf45d|10|134958142
32757|0xecf45d|11|269971738
32757|0xecf45d|12|539351092
32757|0xecf45d|13|1021925727
32757|0x10ecf45d|14|2013766326
32757|0x10ecf45d|15|3887661169
32757|0x50ecf45d|16|6750135995
32757|0x50ecf45d|17|13902453251
32757|0x150ecf45d|18|27214920635
32757|0x150ecf45d|19|53969925072
32757|0x150ecf45d|20|109768827558
32757|0x950ecf45d|21|216305304415
32757|0x1950ecf45d|22|431965087977
32757|0x3950ecf45d|23|858057480112
32757|0x3950ecf45d|24|1713290945576
33063|0xde97|1|366578
33063|0xde97|2|863750
33063|0x4de97|3|1735325
33063|0xcde97|4|3966499
33063|0xcde97|5|7845570
33063|0x2cde97|6|15710714
33063|0x2cde97|7|31553858
33063|0x2cde97|8|63035716
33063|0x12cde97|9|126119731
33063|0x32cde97|10|252098442
33063|0x32cde97|11|465461855
33063|0xb2cde97|12|1010088861
33063|0x1b2cde97|13|2019219680
33063|0x1b2cde97|14|3986622497
33063|0x5b2cde97|15|8059505467
33063|0xdb2cde97|16|13549998363
33063|0x1db2cde97|17|30795106230
33063|0x3db2cde97|18|54907560831
33063|0x3db2cde97|19|111320117440
33063|0xbdb2cde97|20|221004749523
33063|0xbdb2cde97|21|439071593938
33063|0xbdb2cde97|22|880170130693
33063|0x4bdb2cde97|23|1769306293840
33063|0x4bdb2cde97|24|3499394232368
33171|0x1c49b|1|346704
33171|0x3c49b|2|769835
33171|0x7c49b|3|1863358
33171|0xfc49b|4|3904462
33171|0xfc49b|5|7675367
33171|0x2fc49b|6|15647741
33171|0x2fc49b|7|31271072
33171|0xafc49b|8|62536048
33171|0x1afc49b|9|125354377
33171|0x3afc49b|10|250408086
33171|0x3afc49b|11|501139596
33171|0x3afc49b|12|999872988
33171|0x13afc49b|13|1890160403
33171|0x33afc49b|14|3681221288
33171|0x73afc49b|15|7462540385
33171|0x73afc49b|16|14107575570
33171|0x73afc49b|17|26777570395
33171|0x273afc49b|18|54936833675
33171|0x673afc49b|19|111614932607
33171|0x673afc49b|20|221107195386
33171|0x673afc49b|21|439208450538
33171|0x673afc49b|22|879436020245
33171|0x673afc49b|23|1773234525009
33171|0x673afc49b|24|3495516328065
33299|0x1981b|1|324880
33299|0x1981b|2|783878
33299|0x5981b|3|1943753
33299|0xd981b|4|3843501
33299|0xd981b|5|7676616
33299|0xd981b|6|15673461
33299|0x4d981b|7|31230608
33299|0x4d981b|8|62475879
33299|0x14d981b|9|125175585
33299|0x14d981b|10|250473696
33299|0x14d981b|11|415470980
33299|0x14d981b|12|1002351040
33299|0x14d981b|13|2005082771
33299|0x14d981b|14|3455517148
33299|0x14d981b|15|6694838521
33299|0x814d981b|16|13401868969
33299|0x1814d981b|17|32488234866
33299|0x3814d981b|18|57031101415
33299|0x7814d981b|19|110962638684
33299|0xf814d981b|20|220400162984
33299|0x1f814d981b|21|442468090260
33299|0x1f814d981b|22|880478582828
33299|0x1f814d981b|23|1770574396574
33299|0x1f814d981b|24|3499174682895
33393|0xfe91|1|369512
33393|0x2fe91|2|876871
33393|0x2fe91|3|1913676
33393|0xafe91|4|3769495
33393|0xafe91|5|7833840
33393|0x2afe91|6|15544624
33393|0x6afe91|7|31241592
33393|0xeafe91|8|62654524
33393|0x1eafe91|9|125641016
33393|0x3eafe91|10|250583918
33393|0x3eafe91|11|499560980
33393|0x3eafe91|12|941334956
33393|0x13eafe91|13|2006212204
33393|0x33eafe91|14|4011657825
33393|0x73eafe91|15|8024006642
33393|0xf3eafe91|16|13434969886
33393|0x1f3eafe91|17|27222555888
33393|0x3f3eafe91|18|54766717188
33393|0x7f3eafe91|19|110416195879
33393|0x7f3eafe91|20|220215507714
33393|0x7f3eafe91|21|439696685776
33393|0x27f3eafe91|22|883350984839
33393|0x27f3eafe91|23|1769156956235
33393|0xa7f3eafe91|24|3493989801604
33511|0x170d7|1|363759
33511|0x370d7|2|877885
33511|0x370d7|3|1930301
33511|0xb70d7|4|3732685
33511|0xb70d7|5|7851557
33511|0x2b70d7|6|15717676
33511|0x2b70d7|7|31292384
33511|0xab70d7|8|62826013
33511|0xab70d7|9|125294745
33511|0x2ab70d7|10|250568075
33511|0x2ab70d7|11|501644344
33511|0xaab70d7|12|1003499777
33511|0x1aab70d7|13|2007398580
33511|0x3aab70d7|14|4012735000
33511|0x3aab70d7|15|8013666366
33511|0x3aab70d7|16|14909959355
33511|0x3aab70d7|17|26671938521
33511|0x3aab70d7|18|52720919140
33511|0x3aab70d7|19|114704884660
33511|0x3aab70d7|20|219199146854
33511|0x3aab70d7|21|438239031710
33511|0x3aab70d7|22|878708630442
33511|0x3aab70d7|23|1768835112651
33511|0x3aab70d7|24|3494060929399
33629|0xe8f5|1|367219
33629|0x2e8f5|2|878730
33629|0x6e8f5|3|1942998
33629|0xee8f5|4|3788585
33629|0xee8f5|5|7898515
33629|0x2ee8f5|6|15814055
33629|0x6ee8f5|7|31416182
33629|0xeee8f5|8|63121413
33629|0xeee8f5|9|126262901
33629|0xeee8f5|10|252190452
33629|0xeee8f5|11|504601535
33629|0x8eee8f5|12|1009488922
33629|0x8eee8f5|13|2015634223
33629|0x8eee8f5|14|4029074905
33629|0x8eee8f5|15|7680866322
33629|0x88eee8f5|16|14611370783
33629|0x88eee8f5|17|26489634566
33629|0x88eee8f5|18|56020353682
33629|0x488eee8f5|19|111796288660
33629|0xc88eee8f5|20|221758706589
33629|0xc88eee8f5|21|437485275178
33629|0x2c88eee8f5|22|885082300828
33629|0x6c88eee8f5|23|1768833787577
33629|0xec88eee8f5|24|3497090990145
33727|0x16c3f|1|370338
33727|0x16c3f|2|844221
33727|0x56c3f|3|1761051
33727|0x56c3f|4|4011471
33727|0x156c3f|5|7855249
33727|0x356c3f|6|15608286
33727|0x756c3f|7|31634461
33727|0x756c3f|8|62717577
33727|0x756c3f|9|126060185
33727|0x2756c3f|10|251822682
33727|0x6756c3f|11|503093007
33727|0xe756c3f|12|1006504178
33727|0xe756c3f|13|2015792405
33727|0x2e756c3f|14|4042212053
33727|0x6e756c3f|15|7270837461
33727|0xee756c3f|16|13563836239
33727|0xee756c3f|17|27995122706
33727|0xee756c3f|18|54357159585
33727|0xee756c3f|19|109665987539
33727|0x8ee756c3f|20|220911140471
33727|0x18ee756c3f|21|435289855917
33727|0x38ee756c3f|22|877622765150
33727|0x38ee756c3f|23|1771030923865
33727|0xb8ee756c3f|24|3505425646307
34043|0xe633|1|370572
34043|0xe633|2|882207
34043|0x4e633|3|1931905
34043|0x4e633|4|3841460
34043|0x4e633|5|7768480
34043|0x4e633|6|15536642
34043|0x4e633|7|31370579
34043|0x84e633|8|69599041
34043|0x184e633|9|125255528
34043|0x184e633|10|250940484
34043|0x584e633|11|501993150
34043|0x584e633|12|1003489525
34043|0x1584e633|13|2007668116
34043|0x3584e633|14|4017385908
34043|0x3584e633|15|8014587771
34043|0x3584e633|16|14027377344
34043|0x13584e633|17|27726771934
34043|0x13584e633|18|55215196937
34043|0x13584e633|19|114472033236
34043|0x93584e633|20|225027852173
34043|0x93584e633|21|447553362165
34043|0x293584e633|22|880477079711
34043|0x293584e633|23|1762914788238
34043|0x293584e633|24|3500241368466
34155|0x17f43|1|370776
34155|0x37f43|2|835401
34155|0x77f43|3|1770306
34155|0x77f43|4|3867995
34155|0x77f43|5|7717791
34155|0x77f43|6|15515808
34155|0x477f43|7|31106394
34155|0x477f43|8|62037428
34155|0x1477f43|9|124758909
34155|0x3477f43|10|249036628
34155|0x7477f43|11|498262228
34155|0x7477f43|12|996776939
34155|0x17477f43|13|1727990860
34155|0x37477f43|14|3987090876
34155|0x77477f43|15|6647683300
34155|0x77477f43|16|13619506490
34155|0x77477f43|17|27053856514
34155|0x277477f43|18|54820016564
34155|0x277477f43|19|112365733948
34155|0x277477f43|20|221922848998
34155|0x277477f43|21|446067907343
34155|0x277477f43|22|883137309811
34155|0x277477f43|23|1765534425126
34155|0x277477f43|24|3499286651652
34265|0x1aa69|1|326825
34265|0x3aa69|2|777951
34265|0x7aa69|3|1903143
34265|0xfaa69|4|3789247
34265|0x1faa69|5|7856945
34265|0x3faa69|6|15575397
34265|0x3faa69|7|31112449
34265|0xbfaa69|8|62265861
34265|0xbfaa69|9|124630360
34265|0x2bfaa69|10|249350420
34265|0x2bfaa69|11|436992574
34265|0xabfaa69|12|997402077
34265|0x1abfaa69|13|1994742895
34265|0x1abfaa69|14|3908130013
34265|0x5abfaa69|15|7507027181
34265|0xdabfaa69|16|14627909770
34265|0x1dabfaa69|17|27144468801
34265|0x1dabfaa69|18|55339624553
34265|0x1dabfaa69|19|109874265329
34265|0x9dabfaa69|20|221012997223
34265|0x9dabfaa69|21|445824996475
34265|0x9dabfaa69|22|881110400794
34265|0x9dabfaa69|23|1763499549876
34265|0x9dabfaa69|24|3512679096120
34375|0x14377|1|324517
34375|0x34377|2|826983
34375|0x34377|3|1979238
34375|0xb4377|4|3813228
34375|0x1b4377|5|7769175
34375|0x3b4377|6|15506507
34375|0x7b4377|7|31017068
34375|0xfb4377|8|62290384
34375|0x1fb4377|9|124689399
34375|0x3fb4377|10|249289407
34375|0x3fb4377|11|492803072
34375|0x3fb4377|12|997411138
34375|0x3fb4377|13|1995799854
34375|0x23fb4377|14|3990296514
34375|0x23fb4377|15|6765296208
34375|0xa3fb4377|16|14274554426
34375|0x1a3fb4377|17|26909097322
34375|0x3a3fb4377|18|55517290974
34375|0x3a3fb4377|19|113809290463
34375|0xba3fb4377|20|218866195754
34375|0x1ba3fb4377|21|437209577988
34375|0x1ba3fb4377|22|889812076296
34375|0x1ba3fb4377|23|1764498736078
34375|0x9ba3fb4377|24|3494132341158
34481|0x251|1|369221
34481|0x251|2|883766
34481|0x251|3|1970584
34481|0x80251|4|3844556
34481|0x80251|5|7848032
34481|0x80251|6|15473826
34481|0x480251|7|31380431
34481|0x480251|8|62703158
34481|0x1480251|9|125676070
34481|0x1480251|10|251054351
34481|0x5480251|11|502286185
34481|0xd480251|12|989132528
34481|0xd480251|13|2010311843
34481|0x2d480251|14|3535528402
34481|0x2d480251|15|7444132318
34481|0x2d480251|16|13563989569
34481|0x12d480251|17|28513674590
34481|0x12d480251|18|54523396021
34481|0x52d480251|19|111669828347
34481|0xd2d480251|20|223255473704
34481|0x1d2d480251|21|437452591360
34481|0x3d2d480251|22|892878242567
34481|0x3d2d480251|23|1763079571937
34481|0x3d2d480251|24|3496610173020
34601|0x10519|1|372015
34601|0x30519|2|886730
34601|0x70519|3|1975230
34601|0x70519|4|3768891
34601|0x170519|5|7862873
34601|0x370519|6|15664902
34601|0x370519|7|31442061
34601|0xb70519|8|62804986
34601|0x1b70519|9|125689155
34601|0x3b70519|10|251368167
34601|0x7b70519|11|501055636
34601|0x7b70519|12|1005110275
34601|0x7b70519|13|1808538923
34601|0x7b70519|14|3511715363
34601|0x47b70519|15|6739070885
34601|0x47b70519|16|13260821116
34601|0x147b70519|17|30279171320
34601|0x347b70519|18|59502409714
34601|0x347b70519|19|111089069420
34601|0xb47b70519|20|221953241884
34601|0xb47b70519|21|438667441740
34601|0x2b47b70519|22|880667467077
34601|0x6b47b70519|23|1769555528887
34601|0x6b47b70519|24|3496653546903
34709|0x8bbd|1|372041
34709|0x28bbd|2|887344
34709|0x68bbd|3|1792023
34709|0x68bbd|4|4000532
34709|0x68bbd|5|7713258
34709|0x68bbd|6|15616766
34709|0x68bbd|7|31275994
34709|0x868bbd|8|62845777
34709|0x868bbd|9|125840451
34709|0x2868bbd|10|251151389
34709|0x6868bbd|11|502572542
34709|0x6868bbd|12|1004963111
34709|0x6868bbd|13|1702752519
34709|0x6868bbd|14|3640787936
34709|0x46868bbd|15|8041535358
34709|0x46868bbd|16|14016191082
34709|0x46868bbd|17|26477941732
34709|0x246868bbd|18|54942590449
34709|0x646868bbd|19|110890218076
34709|0xe46868bbd|20|220495124932
34709|0xe46868bbd|21|446117002723
34709|0xe46868bbd|22|890276615960
34709|0xe46868bbd|23|1761842236471
34709|0x8e46868bbd|24|3495973950024
35029|0x707d|1|398242
35029|0x707d|2|890251
35029|0x707d|3|1963369
35029|0x707d|4|3312327
35029|0x707d|5|7791774
35029|0x20707d|6|15816985
35029|0x60707d|7|31537122
35029|0x60707d|8|63304194
35029|0x60707d|9|126766869
35029|0x60707d|10|253504959
35029|0x460707d|11|507249059
35029|0x460707d|12|1013706744
35029|0x460707d|13|2027962351
35029|0x2460707d|14|4055539159
35029|0x2460707d|15|6794792004
35029|0xa460707d|16|13404923180
35029|0xa460707d|17|27498669624
35029|0xa460707d|18|55179837517
35029|0x4a460707d|19|109802036753
35029|0x4a460707d|20|221305664112
35029|0x14a460707d|21|437236390698
35029|0x14a460707d|22|882544570113
35029|0x14a460707d|23|1763565118523
35029|0x94a460707d|24|3494877377800
35139|0x4b6b|1|372586
35139|0x4b6b|2|904320
35139|0x4b6b|3|1965667
35139|0x4b6b|4|3463939
35139|0x104b6b|5|7829357
35139|0x304b6b|6|15829460
35139|0x304b6b|7|31494764
35139|0x304b6b|8|63234932
35139|0x1304b6b|9|126627628
35139|0x1304b6b|10|253551947
35139|0x1304b6b|11|506552418
35139|0x9304b6b|12|1013502906
35139|0x9304b6b|13|2026798309
35139|0x9304b6b|14|3415696623
35139|0x49304b6b|15|7479172182
35139|0x49304b6b|16|13708491873
35139|0x49304b6b|17|26554441999
35139|0x249304b6b|18|55563533276
35139|0x649304b6b|19|110699706376
35139|0x649304b6b|20|220415877600
35139|0x1649304b6b|21|437506219546
35139|0x1649304b6b|22|886893334717
35139|0x1649304b6b|23|1762292845087
35139|0x1649304b6b|24|3496321665323
35253|0xdc9d|1|373058
35253|0xdc9d|2|838695
35253|0x4dc9d|3|1838115
35253|0x4dc9d|4|3993680
35253|0x4dc9d|5|7847154
35253|0x4dc9d|6|15649947
35253|0x4dc9d|7|31674424
35253|0x84dc9d|8|63312300
35253|0x84dc9d|9|126623611
35253|0x84dc9d|10|253420701
35253|0x84dc9d|11|507204207
35253|0x884dc9d|12|1014257934
35253|0x884dc9d|13|2016240036
35253|0x2884dc9d|14|4054193601
35253|0x6884dc9d|15|8115560323
35253|0x6884dc9d|16|16225182183
35253|0x16884dc9d|17|32895841287
35253|0x36884dc9d|18|56971625556
35253|0x36884dc9d|19|110108633912
35253|0xb6884dc9d|20|221206586802
35253|0xb6884dc9d|21|438318594460
35253|0xb6884dc9d|22|878798950927
35253|0xb6884dc9d|23|1763098195464
35253|0xb6884dc9d|24|3492619447456
35363|0x1758b|1|371112
35363|0x1758b|2|911793
35363|0x1758b|3|1970747
35363|0x1758b|4|3766101
35363|0x11758b|5|7870014
35363|0x11758b|6|15855394
35363|0x51758b|7|31567433
35363|0xd1758b|8|63193282
35363|0xd1758b|9|126767246
35363|0x2d1758b|10|252984216
35363|0x6d1758b|11|506691611
35363|0xed1758b|12|1013629229
35363|0x1ed1758b|13|2027746760
35363|0x3ed1758b|14|4056211876
35363|0x3ed1758b|15|7222964429
35363|0xbed1758b|16|15118934538
35363|0x1bed1758b|17|27289279161
35363|0x3bed1758b|18|58426163477
35363|0x3bed1758b|19|110073999082
35363|0x3bed1758b|20|221217318104
35363|0x3bed1758b|21|436937378173
35363|0x23bed1758b|22|881570181730
35363|0x63bed1758b|23|1763595812674
35363|0xe3bed1758b|24|3494102610033
35475|0x239b|1|373319
35475|0x2239b|2|912548
35475|0x6239b|3|1973251
35475|0xe239b|4|3772962
35475|0x1e239b|5|7893254
35475|0x1e239b|6|15892799
35475|0x1e239b|7|31547832
35475|0x9e239b|8|63391088
35475|0x9e239b|9|126706549
35475|0x29e239b|10|253071175
35475|0x29e239b|11|507168099
35475|0x29e239b|12|1013861454
35475|0x29e239b|13|2028043863
35475|0x29e239b|14|4056620046
35475|0x429e239b|15|7033671310
35475|0xc29e239b|16|14096020079
35475|0x1c29e239b|17|27439043279
35475|0x1c29e239b|18|56674378038
35475|0x5c29e239b|19|114186726440
35475|0xdc29e239b|20|221717471018
35475|0x1dc29e239b|21|438756856113
35475|0x1dc29e239b|22|879122413105
35475|0x1dc29e239b|23|1760341424537
35475|0x1dc29e239b|24|3505522549279
35581|0x16255|1|328810
35581|0x16255|2|787420
35581|0x16255|3|1975188
35581|0x16255|4|3962775
35581|0x16255|5|7797727
35581|0x216255|6|15723745
35581|0x216255|7|30196103
35581|0x216255|8|59924798
35581|0x216255|9|119569095
35581|0x216255|10|253764440
35581|0x216255|11|506445325
35581|0x216255|12|1014143577
35581|0x216255|13|2029091690
35581|0x20216255|14|4058883002
35581|0x60216255|15|7616965437
35581|0x60216255|16|13392886728
35581|0x160216255|17|30157747467
35581|0x360216255|18|55751005021
35581|0x360216255|19|109732724714
35581|0xb60216255|20|228750841845
35581|0x1b60216255|21|443080882919
35581|0x3b60216255|22|885364755130
35581|0x3b60216255|23|1766248857136
35581|0xbb60216255|24|3490192821070
35699|0x91bb|1|373821
35699|0x291bb|2|895807
35699|0x291bb|3|1994090
35699|0xa91bb|4|3759627
35699|0xa91bb|5|7895131
35699|0x2a91bb|6|15811721
35699|0x6a91bb|7|31552213
35699|0x6a91bb|8|63360400
35699|0x16a91bb|9|126602415
35699|0x16a91bb|10|253056361
35699|0x16a91bb|11|506347820
35699|0x16a91bb|12|1013424069
35699|0x16a91bb|13|1919119766
35699|0x16a91bb|14|4052898544
35699|0x16a91bb|15|7506544077
35699|0x816a91bb|16|14901844350
35699|0x1816a91bb|17|27338954538
35699|0x3816a91bb|18|56447089270
35699|0x3816a91bb|19|112106581584
35699|0xb816a91bb|20|222765227508
35699|0x1b816a91bb|21|438421505746
35699|0x3b816a91bb|22|881175089441
35699|0x3b816a91bb|23|1760116745533
35699|0x3b816a91bb|24|3493739131220
35813|0xb9ed|1|329249
35813|0x2b9ed|2|844403
35813|0x6b9ed|3|1999875
35813|0xeb9ed|4|3882735
35813|0xeb9ed|5|7849545
35813|0x2eb9ed|6|15864614
35813|0x6eb9ed|7|31828294
35813|0x6eb9ed|8|63308511
35813|0x6eb9ed|9|126806823
35813|0x26eb9ed|10|253633821
35813|0x66eb9ed|11|428311305
35813|0x66eb9ed|12|1014581332
35813|0x66eb9ed|13|2029258313
35813|0x266eb9ed|14|3528051404
35813|0x266eb9ed|15|6728261142
35813|0xa66eb9ed|16|14213818508
35813|0x1a66eb9ed|17|30064094287
35813|0x1a66eb9ed|18|59132531375
35813|0x1a66eb9ed|19|110486160892
35813|0x9a66eb9ed|20|221427034177
35813|0x9a66eb9ed|21|437146314383
35813|0x9a66eb9ed|22|883046045976
35813|0x9a66eb9ed|23|1760969722071
35813|0x9a66eb9ed|24|3497692904152
