49|0x51|1|1623400
49|0xd1|2|8267
49|0xd1|3|9220
49|0xd1|4|11136
49|0xd1|5|15413
49|0x8d1|6|24612
49|0x18d1|7|41541
49|0x18d1|8|77699
49|0x58d1|9|148110
49|0x58d1|10|289711
49|0x158d1|11|573817
49|0x358d1|12|1167953
49|0x758d1|13|2270722
49|0xf58d1|14|4551271
49|0x1f58d1|15|9106033
49|0x1f58d1|16|20618373
49|0x1f58d1|17|42635819
49|0x1f58d1|18|101194743
49|0x1f58d1|19|169862975
49|0x21f58d1|20|350231472
49|0x21f58d1|21|677921344
49|0xa1f58d1|22|1354270887
49|0x1a1f58d1|23|2708345426
49|0x1a1f58d1|24|5413103240
8975|0x6bef|1|70289
8975|0x6bef|2|169180
8975|0x6bef|3|393906
8975|0x6bef|4|727503
8975|0x6bef|5|1472154
8975|0x86bef|6|2966009
8975|0x86bef|7|5920642
8975|0x86bef|8|11886680
8975|0x486bef|9|24301313
8975|0x486bef|10|60568797
8975|0x1486bef|11|124566475
8975|0x3486bef|12|248555109
8975|0x3486bef|13|496237553
8975|0xb486bef|14|993838499
8975|0x1b486bef|15|1802729174
8975|0x1b486bef|16|3351902631
8975|0x1b486bef|17|6975082181
8975|0x9b486bef|18|13341296092
8975|0x9b486bef|19|27233350127
8975|0x9b486bef|20|57879935087
8975|0x49b486bef|21|111596799448
8975|0x49b486bef|22|219579586446
8975|0x49b486bef|23|439666480353
8975|0x49b486bef|24|878665853729
9133|0x3825|1|91682
9133|0x3825|2|203732
9133|0x13825|3|457958
9133|0x13825|4|1010003
9133|0x13825|5|1977096
9133|0x13825|6|3737607
9133|0x13825|7|7655000
9133|0x13825|8|15247834
9133|0x13825|9|30438897
9133|0x813825|10|60926692
9133|0x813825|11|121908689
9133|0x2813825|12|200751095
9133|0x6813825|13|486421836
9133|0x6813825|14|976385284
9133|0x16813825|15|1989842545
9133|0x36813825|16|3927406644
9133|0x36813825|17|7283076093
9133|0xb6813825|18|13710745237
9133|0x1b6813825|19|28773935446
9133|0x1b6813825|20|60686265701
9133|0x5b6813825|21|111635948231
9133|0x5b6813825|22|220376416853
9133|0x15b6813825|23|437846567651
9133|0x35b6813825|24|877912038244
10013|0x5335|1|90428
10013|0xd335|2|210048
10013|0x1d335|3|490148
10013|0x3d335|4|1035435
10013|0x7d335|5|1952317
10013|0x7d335|6|3872699
10013|0x17d335|7|7615931
10013|0x37d335|8|15489367
10013|0x37d335|9|30945713
10013|0xb7d335|10|61905210
10013|0xb7d335|11|117420661
10013|0x2b7d335|12|247653019
10013|0x2b7d335|13|496491431
10013|0x2b7d335|14|990874593
10013|0x12b7d335|15|1987263307
10013|0x32b7d335|16|4015346595
10013|0x72b7d335|17|6729843475
10013|0x72b7d335|18|16234756273
10013|0x172b7d335|19|32264380595
10013|0x172b7d335|20|54681346964
10013|0x572b7d335|21|118612626160
10013|0xd72b7d335|22|223780809429
10013|0xd72b7d335|23|439343227412
10013|0xd72b7d335|24|874548660002
10123|0x4823|1|91149
10123|0xc823|2|210903
10123|0xc823|3|490921
10123|0x2c823|4|998778
10123|0x2c823|5|2048007
10123|0x2c823|6|3886730
10123|0x2c823|7|7807273
10123|0x2c823|8|15818281
10123|0x2c823|9|31680600
10123|0x2c823|10|63259239
10123|0x2c823|11|126548832
10123|0x202c823|12|253832701
10123|0x602c823|13|507869763
10123|0x602c823|14|1010216471
10123|0x1602c823|15|2019208203
10123|0x3602c823|16|4087644803
10123|0x7602c823|17|6846904133
10123|0xf602c823|18|14153467610
10123|0xf602c823|19|28902052723
10123|0xf602c823|20|55091128054
10123|0xf602c823|21|111790112507
10123|0xf602c823|22|219460419867
10123|0xf602c823|23|437234421997
10123|0xf602c823|24|872855139854
10241|0x5801|1|98958
10241|0xd801|2|240239
10241|0x1d801|3|501246
10241|0x3d801|4|883172
10241|0x7d801|5|1897142
10241|0xfd801|6|3895569
10241|0x1fd801|7|7865233
10241|0x3fd801|8|15596301
10241|0x3fd801|9|31162939
10241|0x3fd801|10|62214986
10241|0x3fd801|11|124651393
10241|0x23fd801|12|249256740
10241|0x63fd801|13|499440906
10241|0x63fd801|14|967549067
10241|0x63fd801|15|2021856164
10241|0x63fd801|16|4024810712
10241|0x63fd801|17|6638414609
10241|0x63fd801|18|13267039447
10241|0x63fd801|19|28596940167
10241|0x2063fd801|20|55393942298
10241|0x6063fd801|21|116784598560
10241|0x6063fd801|22|221347988299
10241|0x6063fd801|23|436908149753
10241|0x6063fd801|24|874049948599
11099|0xcd3|1|90925
11099|0xcd3|2|189359
11099|0xcd3|3|426740
11099|0xcd3|4|886216
11099|0x40cd3|5|2073778
11099|0xc0cd3|6|4028820
11099|0x1c0cd3|7|7953474
11099|0x3c0cd3|8|16133266
11099|0x3c0cd3|9|32052132
11099|0xbc0cd3|10|64184569
11099|0x1bc0cd3|11|126393296
11099|0x1bc0cd3|12|255400584
11099|0x5bc0cd3|13|510835191
11099|0x5bc0cd3|14|1027999140
11099|0x5bc0cd3|15|2065856466
11099|0x25bc0cd3|16|4137534778
11099|0x25bc0cd3|17|6894254716
11099|0x25bc0cd3|18|13835816345
11099|0x25bc0cd3|19|27557181733
11099|0x25bc0cd3|20|53602363087
11099|0x425bc0cd3|21|112798039148
11099|0x425bc0cd3|22|218380616585
11099|0x1425bc0cd3|23|437077534141
11099|0x1425bc0cd3|24|872115299820
11185|0x3d51|1|92852
11185|0x3d51|2|191743
11185|0x13d51|3|429954
11185|0x13d51|4|959028
11185|0x13d51|5|2053332
11185|0x93d51|6|3942566
11185|0x193d51|7|8017310
11185|0x193d51|8|15946737
11185|0x593d51|9|31918218
11185|0x593d51|10|63956331
11185|0x1593d51|11|127681417
11185|0x1593d51|12|254935944
11185|0x5593d51|13|512565338
11185|0x5593d51|14|1020674859
11185|0x15593d51|15|2034240725
11185|0x15593d51|16|4107649828
11185|0x55593d51|17|7833113042
11185|0x55593d51|18|13764713669
11185|0x155593d51|19|27297080654
11185|0x355593d51|20|54670783196
11185|0x755593d51|21|109118127617
11185|0xf55593d51|22|219333401284
11185|0x1f55593d51|23|438771045240
11185|0x1f55593d51|24|872351127143
12073|0x5d19|1|91963
12073|0xdd19|2|207316
12073|0x1dd19|3|502733
12073|0x1dd19|4|1009359
12073|0x5dd19|5|2031089
12073|0xddd19|6|3974346
12073|0x1ddd19|7|7891654
12073|0x3ddd19|8|16025401
12073|0x3ddd19|9|32026382
12073|0xbddd19|10|64131303
12073|0xbddd19|11|128626212
12073|0x2bddd19|12|257398805
12073|0x6bddd19|13|514627734
12073|0x6bddd19|14|1031122792
12073|0x16bddd19|15|1974625124
12073|0x16bddd19|16|4128093021
12073|0x16bddd19|17|6882767677
12073|0x96bddd19|18|13514956170
12073|0x196bddd19|19|30265403783
12073|0x396bddd19|20|56093910900
12073|0x396bddd19|21|109391366119
12073|0x396bddd19|22|218091054959
12073|0x396bddd19|23|436494768529
12073|0x396bddd19|24|871207080579
12171|0x23|1|90117
12171|0x8023|2|196284
12171|0x8023|3|442262
12171|0x8023|4|889208
12171|0x48023|5|1940967
12171|0xc8023|6|3861345
12171|0x1c8023|7|7958055
12171|0x1c8023|8|15664458
12171|0x1c8023|9|31271504
12171|0x1c8023|10|62473487
12171|0x11c8023|11|125500973
12171|0x31c8023|12|253235404
12171|0x71c8023|13|509595434
12171|0xf1c8023|14|1014551773
12171|0x1f1c8023|15|1827205401
12171|0x3f1c8023|16|4119416718
12171|0x3f1c8023|17|8236787870
12171|0xbf1c8023|18|13963843558
12171|0xbf1c8023|19|28243383116
12171|0x2bf1c8023|20|56140066300
12171|0x6bf1c8023|21|109664606542
12171|0x6bf1c8023|22|218107660664
12171|0x6bf1c8023|23|439752793829
12171|0x6bf1c8023|24|869706056833
12287|0x4fff|1|107390
12287|0xcfff|2|210911
12287|0x1cfff|3|445551
12287|0x3cfff|4|892833
12287|0x7cfff|5|2032319
12287|0xfcfff|6|3922210
12287|0x1fcfff|7|8085444
12287|0x3fcfff|8|15885015
12287|0x7fcfff|9|31909228
12287|0xffcfff|10|63920269
12287|0xffcfff|11|127767136
12287|0x2ffcfff|12|255847335
12287|0x6ffcfff|13|511272608
12287|0x6ffcfff|14|1033153077
12287|0x16ffcfff|15|2045002382
12287|0x36ffcfff|16|4118751021
12287|0x76ffcfff|17|8151688041
12287|0xf6ffcfff|18|13633298868
12287|0x1f6ffcfff|19|28000316074
12287|0x3f6ffcfff|20|54640011615
12287|0x7f6ffcfff|21|109700920923
12287|0xff6ffcfff|22|219987877838
12287|0xff6ffcfff|23|439135024066
12287|0xff6ffcfff|24|872423596273
13135|0x3af|1|91732
13135|0x3af|2|198942
13135|0x103af|3|424433
13135|0x103af|4|921093
13135|0x503af|5|2073472
13135|0xd03af|6|3971068
13135|0xd03af|7|8086930
13135|0xd03af|8|16280034
13135|0x4d03af|9|32393533
13135|0xcd03af|10|64878928
13135|0x1cd03af|11|129672717
13135|0x3cd03af|12|259455451
13135|0x7cd03af|13|518889910
13135|0x7cd03af|14|1034444867
13135|0x7cd03af|15|2059945613
13135|0x7cd03af|16|4120250563
13135|0x47cd03af|17|7430971925
13135|0x47cd03af|18|16061616088
13135|0x47cd03af|19|27455523426
13135|0x47cd03af|20|54089562973
13135|0x447cd03af|21|110839507478
13135|0x447cd03af|22|218147535714
13135|0x447cd03af|23|435201510286
13135|0x2447cd03af|24|872358337740
13233|0x3551|1|106747
13233|0x3551|2|226859
13233|0x3551|3|485877
13233|0x3551|4|1032953
13233|0x43551|5|1848350
13233|0xc3551|6|4451488
13233|0x1c3551|7|9267851
13233|0x3c3551|8|16029333
13233|0x7c3551|9|32201974
13233|0xfc3551|10|64407076
13233|0x1fc3551|11|128967037
13233|0x3fc3551|12|258247820
13233|0x3fc3551|13|542527116
13233|0x3fc3551|14|981053436
13233|0x3fc3551|15|1721187528
13233|0x3fc3551|16|3787867053
13233|0x3fc3551|17|7526374352
13233|0x3fc3551|18|13457702712
13233|0x3fc3551|19|27693036553
13233|0x203fc3551|20|57477742550
13233|0x203fc3551|21|112727970066
13233|0x203fc3551|22|219740993988
13233|0x1203fc3551|23|434406897311
13233|0x1203fc3551|24|869173639887
14061|0x16e5|1|110687
14061|0x96e5|2|412493
14061|0x96e5|3|497109
14061|0x96e5|4|1037989
14061|0x96e5|5|1942321
14061|0x96e5|6|4115972
14061|0x96e5|7|8002161
14061|0x2096e5|8|16217042
14061|0x2096e5|9|32222411
14061|0x2096e5|10|64707047
14061|0x2096e5|11|129237534
14061|0x22096e5|12|258566396
14061|0x22096e5|13|517227498
14061|0xa2096e5|14|1026707766
14061|0xa2096e5|15|2055784760
14061|0xa2096e5|16|3615873872
14061|0x4a2096e5|17|7188828709
14061|0xca2096e5|18|13305368239
14061|0xca2096e5|19|27394111897
14061|0x2ca2096e5|20|56937371697
14061|0x2ca2096e5|21|108787371608
14061|0xaca2096e5|22|217065618179
14061|0xaca2096e5|23|438848718239
14061|0x2aca2096e5|24|867800263791
14183|0x7457|1|110502
14183|0xf457|2|414832
14183|0x1f457|3|448488
14183|0x1f457|4|914722
14183|0x1f457|5|2009391
14183|0x9f457|6|3942751
14183|0x9f457|7|8183161
14183|0x9f457|8|16036825
14183|0x9f457|9|32111400
14183|0x89f457|10|51466282
14183|0x189f457|11|128977428
14183|0x389f457|12|257752752
14183|0x389f457|13|516150504
14183|0x389f457|14|1024427400
14183|0x1389f457|15|2040867339
14183|0x1389f457|16|4114915792
14183|0x1389f457|17|8338498564
14183|0x9389f457|18|13346839030
14183|0x9389f457|19|30753674780
14183|0x29389f457|20|56129212577
14183|0x69389f457|21|111604967472
14183|0xe9389f457|22|216405430127
14183|0x1e9389f457|23|433389013567
14183|0x1e9389f457|24|865390415676
14273|0x5841|1|111224
14273|0xd841|2|390821
14273|0x1d841|3|461907
14273|0x3d841|4|919166
14273|0x7d841|5|2034152
14273|0x7d841|6|3978276
14273|0x7d841|7|8135543
14273|0x27d841|8|16037103
14273|0x27d841|9|32301626
14273|0xa7d841|10|64459848
14273|0xa7d841|11|129133208
14273|0x2a7d841|12|258003051
14273|0x2a7d841|13|515295870
14273|0x2a7d841|14|1029187922
14273|0x12a7d841|15|2062281215
14273|0x32a7d841|16|3887248393
14273|0x72a7d841|17|6969823566
14273|0xf2a7d841|18|14511066199
14273|0x1f2a7d841|19|28053000199
14273|0x3f2a7d841|20|55327428463
14273|0x7f2a7d841|21|108603397612
14273|0x7f2a7d841|22|218692055643
14273|0x7f2a7d841|23|433956002588
14273|0x27f2a7d841|24|867608852420
15053|0x4205|1|116064
15053|0x4205|2|430293
15053|0x4205|3|527284
15053|0x24205|4|1027158
15053|0x64205|5|1906694
15053|0xe4205|6|4082224
15053|0xe4205|7|7928557
15053|0x2e4205|8|16134432
15053|0x2e4205|9|32220352
15053|0x2e4205|10|64366332
15053|0x2e4205|11|128814538
15053|0x2e4205|12|257550408
15053|0x2e4205|13|515664132
15053|0x2e4205|14|1032606244
15053|0x2e4205|15|2075834808
15053|0x202e4205|16|4140422276
15053|0x602e4205|17|8290405830
15053|0xe02e4205|18|16719111580
15053|0xe02e4205|19|29068790292
15053|0x2e02e4205|20|54536577446
15053|0x2e02e4205|21|112356418399
15053|0xae02e4205|22|217322617160
15053|0xae02e4205|23|433243016591
15053|0xae02e4205|24|868327704220
15163|0x65f3|1|112534
15163|0xe5f3|2|239311
15163|0xe5f3|3|515528
15163|0xe5f3|4|906660
15163|0x4e5f3|5|1917037
15163|0x4e5f3|6|4008642
15163|0x4e5f3|7|8147583
15163|0x24e5f3|8|16054735
15163|0x24e5f3|9|32041320
15163|0xa4e5f3|10|64362276
15163|0x1a4e5f3|11|128435584
15163|0x3a4e5f3|12|257060095
15163|0x3a4e5f3|13|499982086
15163|0xba4e5f3|14|1036406838
15163|0x1ba4e5f3|15|2086745151
15163|0x3ba4e5f3|16|3445850007
15163|0x7ba4e5f3|17|7555954308
15163|0xfba4e5f3|18|14627364016
15163|0x1fba4e5f3|19|28482271216
15163|0x1fba4e5f3|20|54393062404
15163|0x5fba4e5f3|21|108196543961
15163|0x5fba4e5f3|22|220050085165
15163|0x5fba4e5f3|23|437772249014
15163|0x25fba4e5f3|24|870834233324
15297|0x5441|1|112380
15297|0xd441|2|230570
15297|0x1d441|3|452434
15297|0x1d441|4|909953
15297|0x5d441|5|2153248
15297|0x5d441|6|4059024
15297|0x15d441|7|8215252
15297|0x35d441|8|16574631
15297|0x35d441|9|32893807
15297|0xb5d441|10|65805414
15297|0x1b5d441|11|131640823
15297|0x3b5d441|12|262808646
15297|0x7b5d441|13|530621543
15297|0xfb5d441|14|1059889597
15297|0xfb5d441|15|2092320329
15297|0xfb5d441|16|4050803998
15297|0x4fb5d441|17|8414409122
15297|0x4fb5d441|18|16925164402
15297|0x14fb5d441|19|27190733230
15297|0x14fb5d441|20|54321688451
15297|0x54fb5d441|21|109567247660
15297|0x54fb5d441|22|219772975509
15297|0x54fb5d441|23|433672194707
15297|0x254fb5d441|24|867767830020
16051|0x207b|1|112071
16051|0xa07b|2|244108
16051|0xa07b|3|522246
16051|0x2a07b|4|1074759
16051|0x6a07b|5|1911132
16051|0x6a07b|6|4158020
16051|0x6a07b|7|8276204
16051|0x6a07b|8|16485709
16051|0x6a07b|9|32903690
16051|0x86a07b|10|65887762
16051|0x186a07b|11|131863738
16051|0x186a07b|12|263757117
16051|0x586a07b|13|527665951
16051|0xd86a07b|14|933133137
16051|0x1d86a07b|15|2117963962
16051|0x1d86a07b|16|3502813600
16051|0x5d86a07b|17|7519193908
16051|0x5d86a07b|18|14065115769
16051|0x5d86a07b|19|27390890873
16051|0x5d86a07b|20|55249582913
16051|0x5d86a07b|21|108024066475
16051|0x85d86a07b|22|216122511083
16051|0x85d86a07b|23|433995403084
16051|0x85d86a07b|24|865269522827
16143|0x4fef|1|114138
16143|0xcfef|2|244310
16143|0xcfef|3|545224
16143|0xcfef|4|977739
16143|0xcfef|5|1960422
16143|0x8cfef|6|4281131
16143|0x18cfef|7|8144324
16143|0x38cfef|8|16663055
16143|0x38cfef|9|33218473
16143|0xb8cfef|10|66488064
16143|0xb8cfef|11|133455920
16143|0x2b8cfef|12|267003264
16143|0x6b8cfef|13|536200434
16143|0x6b8cfef|14|979874907
16143|0x6b8cfef|15|1908194822
16143|0x26b8cfef|16|3987698143
16143|0x66b8cfef|17|8596024764
16143|0xe6b8cfef|18|13402200311
16143|0x1e6b8cfef|19|30966207446
16143|0x1e6b8cfef|20|54179838741
16143|0x5e6b8cfef|21|108472157622
16143|0x5e6b8cfef|22|217082574949
16143|0x5e6b8cfef|23|433999040272
16143|0x25e6b8cfef|24|863358755831
16259|0x472b|1|98967
16259|0x472b|2|245495
16259|0x472b|3|525122
16259|0x472b|4|1061423
16259|0x472b|5|2152775
16259|0x8472b|6|4111908
16259|0x8472b|7|8381069
16259|0x8472b|8|16766069
16259|0x48472b|9|33411954
16259|0xc8472b|10|66997077
16259|0xc8472b|11|133831597
16259|0xc8472b|12|266720765
16259|0xc8472b|13|531854095
16259|0xc8472b|14|1063068374
16259|0x10c8472b|15|2119999515
16259|0x30c8472b|16|3524029558
16259|0x70c8472b|17|7554901582
16259|0x70c8472b|18|13798122828
16259|0x170c8472b|19|27932101151
16259|0x370c8472b|20|55082536813
16259|0x770c8472b|21|109431446113
16259|0x770c8472b|22|216474798331
16259|0x1770c8472b|23|431972156229
16259|0x1770c8472b|24|864838775056
16383|0x3fff|1|183287
16383|0xbfff|2|230113
16383|0x1bfff|3|463088
16383|0x3bfff|4|934897
16383|0x7bfff|5|2134942
16383|0xfbfff|6|4106751
16383|0x1fbfff|7|8345805
16383|0x3fbfff|8|16549815
16383|0x7fbfff|9|33106020
16383|0xffbfff|10|66163466
16383|0x1ffbfff|11|132325271
16383|0x3ffbfff|12|265021399
16383|0x7ffbfff|13|500419082
16383|0xfffbfff|14|1058995237
16383|0xfffbfff|15|1892276126
16383|0x2fffbfff|16|3686411136
16383|0x6fffbfff|17|8543806464
16383|0xefffbfff|18|16946346917
16383|0x1efffbfff|19|28429531739
16383|0x3efffbfff|20|56449294976
16383|0x7efffbfff|21|108009821383
16383|0xfefffbfff|22|214289644709
16383|0x1fefffbfff|23|431240792526
16383|0x3fefffbfff|24|860126663992
16843|0xdbe3|1|165254
16843|0x1dbe3|2|408381
16843|0x3dbe3|3|854386
16843|0x7dbe3|4|1999179
16843|0x7dbe3|5|3845908
16843|0x17dbe3|6|7856650
16843|0x17dbe3|7|15524418
16843|0x57dbe3|8|31070357
16843|0xd7dbe3|9|62064977
16843|0xd7dbe3|10|124388074
16843|0x2d7dbe3|11|248423887
16843|0x2d7dbe3|12|497071045
16843|0x2d7dbe3|13|995243696
16843|0x12d7dbe3|14|1993402832
16843|0x12d7dbe3|15|3929861946
16843|0x52d7dbe3|16|7798613203
16843|0xd2d7dbe3|17|15182483904
16843|0xd2d7dbe3|18|27615430799
16843|0xd2d7dbe3|19|59314000440
16843|0xd2d7dbe3|20|111215686051
16843|0xd2d7dbe3|21|223821102334
16843|0x10d2d7dbe3|22|444601278786
16843|0x30d2d7dbe3|23|875542074739
16843|0x70d2d7dbe3|24|1755630709307
16955|0x46f3|1|167886
16955|0x146f3|2|391029
16955|0x346f3|3|869586
16955|0x746f3|4|2023515
16955|0xf46f3|5|3654460
16955|0x1f46f3|6|7727628
16955|0x1f46f3|7|15189292
16955|0x1f46f3|8|30438391
16955|0x9f46f3|9|60985874
16955|0x19f46f3|10|121923774
16955|0x19f46f3|11|243909186
16955|0x19f46f3|12|483965452
16955|0x19f46f3|13|990539560
16955|0x119f46f3|14|1919057905
16955|0x319f46f3|15|3920609786
16955|0x319f46f3|16|7900114522
16955|0xb19f46f3|17|14023326955
16955|0xb19f46f3|18|27524274561
16955|0xb19f46f3|19|65741383473
16955|0x4b19f46f3|20|111924831014
16955|0x4b19f46f3|21|220717653156
16955|0x4b19f46f3|22|442365460193
16955|0x24b19f46f3|23|872984977623
16955|0x64b19f46f3|24|1753472444435
17079|0x3b07|1|180345
17079|0x3b07|2|445405
17079|0x23b07|3|976221
17079|0x23b07|4|1902050
17079|0x23b07|5|3756987
17079|0x123b07|6|7562217
17079|0x123b07|7|15103559
17079|0x523b07|8|30263840
17079|0x523b07|9|60620002
17079|0x523b07|10|121431197
17079|0x2523b07|11|231519844
17079|0x6523b07|12|462829802
17079|0xe523b07|13|981037101
17079|0x1e523b07|14|1958450619
17079|0x3e523b07|15|3784722852
17079|0x7e523b07|16|6635506592
17079|0xfe523b07|17|15885292411
17079|0x1fe523b07|18|32496023442
17079|0x3fe523b07|19|55901381006
17079|0x7fe523b07|20|111505993143
17079|0xffe523b07|21|222903496951
17079|0xffe523b07|22|442171771841
17079|0xffe523b07|23|873311899183
17079|0xffe523b07|24|1753786647757
17177|0x6929|1|165813
17177|0x6929|2|393201
17177|0x6929|3|861079
17177|0x6929|4|1943859
17177|0x6929|5|3749558
17177|0x106929|6|7860588
17177|0x306929|7|15445257
17177|0x706929|8|30868871
17177|0xf06929|9|61656924
17177|0x1f06929|10|123497591
17177|0x1f06929|11|247045160
17177|0x5f06929|12|494341186
17177|0x5f06929|13|987092159
17177|0x5f06929|14|1975247247
17177|0x5f06929|15|3935713554
17177|0x5f06929|16|6983422565
17177|0x85f06929|17|13599811940
17177|0x185f06929|18|30397450241
17177|0x185f06929|19|55835960854
17177|0x585f06929|20|111284591550
17177|0xd85f06929|21|220896934795
17177|0xd85f06929|22|441807847999
17177|0x2d85f06929|23|874779282362
17177|0x2d85f06929|24|1756559529293
17293|0xb745|1|190802
17293|0xb745|2|464797
17293|0xb745|3|979969
17293|0x4b745|4|1774516
17293|0x4b745|5|3927292
17293|0x14b745|6|7577462
17293|0x34b745|7|15445958
17293|0x34b745|8|30830512
17293|0x34b745|9|61684508
17293|0x134b745|10|123358729
17293|0x334b745|11|246572024
17293|0x334b745|12|493218457
17293|0x334b745|13|986032249
17293|0x1334b745|14|1982410663
17293|0x3334b745|15|3954207291
17293|0x3334b745|16|7889777598
17293|0x3334b745|17|14223326915
17293|0x13334b745|18|28096682204
17293|0x13334b745|19|57775418655
17293|0x13334b745|20|110296705187
17293|0x13334b745|21|220082990366
17293|0x113334b745|22|442975291575
17293|0x313334b745|23|874332455972
17293|0x313334b745|24|1756769176376
17395|0xd3b|1|191039
17395|0x10d3b|2|448231
17395|0x30d3b|3|1005940
17395|0x70d3b|4|1823432
17395|0xf0d3b|5|4073107
17395|0xf0d3b|6|7665622
17395|0xf0d3b|7|15758164
17395|0x4f0d3b|8|31410604
17395|0xcf0d3b|9|62722743
17395|0x1cf0d3b|10|106717931
17395|0x1cf0d3b|11|251747132
17395|0x1cf0d3b|12|460602076
17395|0x9cf0d3b|13|1007472890
17395|0x9cf0d3b|14|1997386253
17395|0x9cf0d3b|15|3645323523
17395|0x9cf0d3b|16|7867317288
17395|0x89cf0d3b|17|15720028495
17395|0x89cf0d3b|18|27200665168
17395|0x89cf0d3b|19|56533512669
17395|0x489cf0d3b|20|110261771324
17395|0x489cf0d3b|21|224980158291
17395|0x489cf0d3b|22|442057642129
17395|0x2489cf0d3b|23|872104408595
17395|0x6489cf0d3b|24|1756240198493
17903|0x890f|1|192147
17903|0x1890f|2|452187
17903|0x1890f|3|1010765
17903|0x1890f|4|1886532
17903|0x1890f|5|3979951
17903|0x1890f|6|7727384
17903|0x21890f|7|15711429
17903|0x61890f|8|31485682
17903|0x61890f|9|62525575
17903|0x161890f|10|125615200
17903|0x161890f|11|251144143
17903|0x561890f|12|502685236
17903|0x561890f|13|1005458517
17903|0x1561890f|14|1707429925
17903|0x1561890f|15|3981034907
17903|0x5561890f|16|6977931513
17903|0x5561890f|17|13230452973
17903|0x15561890f|18|27040184872
17903|0x35561890f|19|55411835630
17903|0x35561890f|20|110933241505
17903|0x35561890f|21|223815817388
17903|0x35561890f|22|441663784655
17903|0x235561890f|23|872717731267
17903|0x235561890f|24|1752359677879
18019|0x6b4b|1|220721
18019|0x6b4b|2|453229
18019|0x6b4b|3|969730
18019|0x6b4b|4|1826783
18019|0x6b4b|5|4083967
18019|0x6b4b|6|7682869
18019|0x6b4b|7|15725344
18019|0x6b4b|8|31376581
18019|0x806b4b|9|62885846
18019|0x1806b4b|10|125666202
18019|0x3806b4b|11|251257532
18019|0x3806b4b|12|502915720
18019|0xb806b4b|13|968394425
18019|0x1b806b4b|14|2091260560
18019|0x1b806b4b|15|4030479266
18019|0x5b806b4b|16|8001272108
18019|0xdb806b4b|17|13428332915
18019|0xdb806b4b|18|28090721254
18019|0x2db806b4b|19|55238107049
18019|0x2db806b4b|20|109835250265
18019|0x2db806b4b|21|222713963226
18019|0x2db806b4b|22|443228706243
18019|0x22db806b4b|23|877882111237
18019|0x22db806b4b|24|1750267474581
18121|0xb379|1|192969
18121|0xb379|2|422319
18121|0xb379|3|878928
18121|0xb379|4|1965912
18121|0xb379|5|4022063
18121|0xb379|6|7814926
18121|0x20b379|7|15827076
18121|0x60b379|8|31893995
18121|0x60b379|9|60116979
18121|0x160b379|10|120118336
18121|0x360b379|11|254964073
18121|0x360b379|12|490338464
18121|0xb60b379|13|1019666287
18121|0xb60b379|14|1694445837
18121|0x2b60b379|15|3474152071
18121|0x2b60b379|16|7355742830
18121|0xab60b379|17|14414181876
18121|0x1ab60b379|18|27342836602
18121|0x1ab60b379|19|55082918905
18121|0x5ab60b379|20|128748919663
18121|0x5ab60b379|21|217448336999
18121|0x15ab60b379|22|445338994569
18121|0x35ab60b379|23|879169243199
18121|0x35ab60b379|24|1749236632439
18239|0x28bf|1|192669
18239|0x128bf|2|455232
18239|0x328bf|3|1001631
18239|0x728bf|4|1857246
18239|0x728bf|5|4051936
18239|0x1728bf|6|8001066
18239|0x1728bf|7|15981557
18239|0x1728bf|8|31811329
18239|0x1728bf|9|63806175
18239|0x1728bf|10|128479138
18239|0x21728bf|11|257001788
18239|0x21728bf|12|512889210
18239|0x21728bf|13|1025043143
18239|0x121728bf|14|1745585971
18239|0x321728bf|15|3878336897
18239|0x721728bf|16|7117495636
18239|0xf21728bf|17|13539654899
18239|0xf21728bf|18|28221471814
18239|0xf21728bf|19|55813256942
18239|0xf21728bf|20|108759281073
18239|0xf21728bf|21|229539050001
18239|0xf21728bf|22|452101577736
18239|0x20f21728bf|23|880842731869
18239|0x60f21728bf|24|1749487188869
18357|0xae9d|1|194578
18357|0x1ae9d|2|455692
18357|0x3ae9d|3|1004356
18357|0x3ae9d|4|1851783
18357|0xbae9d|5|4060139
18357|0x1bae9d|6|7998292
18357|0x1bae9d|7|15873222
18357|0x1bae9d|8|31907152
18357|0x1bae9d|9|63817327
18357|0x11bae9d|10|127735757
18357|0x31bae9d|11|243375153
18357|0x31bae9d|12|493853931
18357|0x31bae9d|13|1024865501
18357|0x31bae9d|14|1975408417
18357|0x231bae9d|15|4046950380
18357|0x231bae9d|16|7448460038
18357|0xa31bae9d|17|13667134450
18357|0xa31bae9d|18|32417321304
18357|0xa31bae9d|19|57999491757
18357|0xa31bae9d|20|109793140525
18357|0xa31bae9d|21|231203326206
18357|0x10a31bae9d|22|440597775180
18357|0x10a31bae9d|23|877249952767
18357|0x10a31bae9d|24|1750015457813
18833|0x9771|1|193364
18833|0x19771|2|459841
18833|0x39771|3|962766
18833|0x39771|4|2043147
18833|0xb9771|5|3859225
18833|0xb9771|6|7971720
18833|0xb9771|7|15992311
18833|0x4b9771|8|31795290
18833|0x4b9771|9|63934877
18833|0x14b9771|10|127761951
18833|0x34b9771|11|254698761
18833|0x74b9771|12|507206161
18833|0x74b9771|13|1014137182
18833|0x174b9771|14|2029270028
18833|0x174b9771|15|3723122897
18833|0x574b9771|16|6846976416
18833|0x574b9771|17|16192205318
18833|0x574b9771|18|30732649270
18833|0x2574b9771|19|57676508837
18833|0x2574b9771|20|114630346257
18833|0xa574b9771|21|223022554014
18833|0xa574b9771|22|440288342098
18833|0xa574b9771|23|875618874048
18833|0x4a574b9771|24|1750695408469
18949|0xf2cd|1|173669
18949|0xf2cd|2|403665
18949|0xf2cd|3|926679
18949|0x4f2cd|4|1991523
18949|0xcf2cd|5|3909188
18949|0x1cf2cd|6|7903633
18949|0x1cf2cd|7|15973319
18949|0x5cf2cd|8|31742978
18949|0x5cf2cd|9|63393197
18949|0x5cf2cd|10|126604645
18949|0x5cf2cd|11|253493283
18949|0x5cf2cd|12|507360033
18949|0x5cf2cd|13|1013681988
18949|0x5cf2cd|14|2033065827
18949|0x205cf2cd|15|4075226339
18949|0x205cf2cd|16|7872531861
18949|0xa05cf2cd|17|13474849970
18949|0xa05cf2cd|18|27484564099
18949|0x2a05cf2cd|19|55029245870
18949|0x2a05cf2cd|20|108158525681
18949|0xaa05cf2cd|21|217332624197
18949|0x1aa05cf2cd|22|448192540086
18949|0x3aa05cf2cd|23|875664184431
18949|0x3aa05cf2cd|24|1752280573444
19049|0xe5d9|1|194302
19049|0x1e5d9|2|461702
19049|0x1e5d9|3|966934
19049|0x1e5d9|4|1822242
19049|0x9e5d9|5|4068792
19049|0x9e5d9|6|8009276
19049|0x9e5d9|7|15919794
19049|0x9e5d9|8|31993192
19049|0x89e5d9|9|64063456
19049|0x189e5d9|10|128025441
19049|0x389e5d9|11|255717190
19049|0x389e5d9|12|511144129
19049|0x389e5d9|13|961938614
19049|0x1389e5d9|14|2036172510
19049|0x3389e5d9|15|4076347751
19049|0x3389e5d9|16|8153456946
19049|0x3389e5d9|17|16288890443
19049|0x13389e5d9|18|28122236095
19049|0x13389e5d9|19|58267090986
19049|0x53389e5d9|20|108406801059
19049|0xd3389e5d9|21|218173535589
19049|0x1d3389e5d9|22|440168297507
19049|0x3d3389e5d9|23|879234453888
19049|0x3d3389e5d9|24|1751928938238
19167|0xf11f|1|194387
19167|0x1f11f|2|462420
19167|0x1f11f|3|971562
19167|0x5f11f|4|1970709
19167|0x5f11f|5|3919224
19167|0x5f11f|6|7965467
19167|0x25f11f|7|15953234
19167|0x65f11f|8|31804915
19167|0xe5f11f|9|63670850
19167|0xe5f11f|10|114426709
19167|0xe5f11f|11|254448022
19167|0xe5f11f|12|509025001
19167|0xe5f11f|13|910886712
19167|0xe5f11f|14|1725451323
19167|0xe5f11f|15|3407438234
19167|0x40e5f11f|16|7470457176
19167|0x40e5f11f|17|16291801285
19167|0x140e5f11f|18|33259020357
19167|0x340e5f11f|19|54256722369
19167|0x340e5f11f|20|109287155755
19167|0xb40e5f11f|21|218942702077
19167|0x1b40e5f11f|22|441134870959
19167|0x1b40e5f11f|23|879464523794
19167|0x1b40e5f11f|24|1754724057049
19287|0xd067|1|171596
19287|0x1d067|2|407917
19287|0x1d067|3|871897
19287|0x5d067|4|1966381
19287|0xdd067|5|4025571
19287|0xdd067|6|7830476
19287|0xdd067|7|15895577
19287|0x4dd067|8|31858068
19287|0xcdd067|9|63604816
19287|0xcdd067|10|127574393
19287|0x2cdd067|11|218308405
19287|0x2cdd067|12|510206505
19287|0x2cdd067|13|1019647246
19287|0x2cdd067|14|1703534821
19287|0x2cdd067|15|4101734970
19287|0x42cdd067|16|6701310843
19287|0x42cdd067|17|13363432219
19287|0x142cdd067|18|30312817374
19287|0x142cdd067|19|55216502392
19287|0x142cdd067|20|109962297225
19287|0x142cdd067|21|217620193336
19287|0x142cdd067|22|439027472581
19287|0x142cdd067|23|871758603409
19287|0x142cdd067|24|1753524831298
19389|0xc795|1|192723
19389|0xc795|2|464381
19389|0xc795|3|973685
19389|0x4c795|4|2028784
19389|0x4c795|5|3932269
19389|0x4c795|6|8037338
19389|0x4c795|7|16093331
19389|0x4c795|8|32045688
19389|0x4c795|9|63975163
19389|0x4c795|10|128083277
19389|0x204c795|11|256166360
19389|0x604c795|12|511967173
19389|0xe04c795|13|1025270565
19389|0xe04c795|14|2049644482
19389|0xe04c795|15|3800799035
19389|0x4e04c795|16|7651402639
19389|0x4e04c795|17|13958356006
19389|0x14e04c795|18|29127402087
19389|0x34e04c795|19|54269735904
19389|0x74e04c795|20|109514713775
19389|0x74e04c795|21|217242911117
19389|0x74e04c795|22|438911672294
19389|0x74e04c795|23|868956815873
19389|0x474e04c795|24|1752487106634
19899|0x6f73|1|195940
19899|0x16f73|2|468984
19899|0x36f73|3|983049
19899|0x36f73|4|2051590
19899|0xb6f73|5|3892181
19899|0xb6f73|6|8006927
19899|0x2b6f73|7|16054295
19899|0x6b6f73|8|31903536
19899|0x6b6f73|9|64000425
19899|0x16b6f73|10|128350915
19899|0x36b6f73|11|255219783
19899|0x36b6f73|12|513403658
19899|0x36b6f73|13|946297098
19899|0x136b6f73|14|2017773386
19899|0x136b6f73|15|4046560273
19899|0x136b6f73|16|7055016526
19899|0x936b6f73|17|14151128756
19899|0x1936b6f73|18|28183885607
19899|0x3936b6f73|19|55510554442
19899|0x7936b6f73|20|109798268722
19899|0x7936b6f73|21|217273141291
19899|0x7936b6f73|22|439196173056
19899|0x27936b6f73|23|868877872659
19899|0x67936b6f73|24|1752562062125
20001|0xb5e1|1|196055
20001|0xb5e1|2|469596
20001|0x2b5e1|3|985167
20001|0x6b5e1|4|1911620
20001|0xeb5e1|5|4070351
20001|0x1eb5e1|6|8038791
20001|0x3eb5e1|7|16032225
20001|0x3eb5e1|8|31974423
20001|0xbeb5e1|9|64065114
20001|0xbeb5e1|10|128049500
20001|0xbeb5e1|11|256739578
20001|0x4beb5e1|12|513852981
20001|0xcbeb5e1|13|1026890877
20001|0xcbeb5e1|14|2053135568
20001|0xcbeb5e1|15|4099259932
20001|0x4cbeb5e1|16|6926801904
20001|0x4cbeb5e1|17|13704312830
20001|0x4cbeb5e1|18|32825438071
20001|0x4cbeb5e1|19|54400502107
20001|0x44cbeb5e1|20|108955487564
20001|0x44cbeb5e1|21|216770984283
20001|0x144cbeb5e1|22|438502504529
20001|0x144cbeb5e1|23|866592896966
20001|0x144cbeb5e1|24|1751814903954
20113|0x3271|1|191742
20113|0x13271|2|413788
20113|0x13271|3|868667
20113|0x53271|4|2023501
20113|0x53271|5|4044929
20113|0x153271|6|7894711
20113|0x353271|7|15999856
20113|0x353271|8|31928852
20113|0xb53271|9|63782185
20113|0xb53271|10|127979146
20113|0xb53271|11|255365587
20113|0x4b53271|12|511105795
20113|0x4b53271|13|1023451145
20113|0x4b53271|14|1995587669
20113|0x24b53271|15|3536771435
20113|0x24b53271|16|7438383898
20113|0x24b53271|17|13523262817
20113|0x24b53271|18|31954560390
20113|0x24b53271|19|55362931589
20113|0x424b53271|20|110251585877
20113|0xc24b53271|21|217145470881
20113|0x1c24b53271|22|438375188799
20113|0x3c24b53271|23|868631347103
20113|0x7c24b53271|24|1751555016890
20229|0x25cd|1|172888
20229|0x125cd|2|414771
20229|0x125cd|3|895373
20229|0x125cd|4|2003313
20229|0x125cd|5|3977661
20229|0x1125cd|6|7869404
20229|0x1125cd|7|16015779
20229|0x1125cd|8|32013665
20229|0x1125cd|9|63997662
20229|0x11125cd|10|127916490
20229|0x11125cd|11|256113851
20229|0x11125cd|12|511936963
20229|0x11125cd|13|982761104
20229|0x111125cd|14|2047191340
20229|0x311125cd|15|3640908893
20229|0x711125cd|16|8188631315
20229|0xf11125cd|17|13671072633
20229|0x1f11125cd|18|31052688827
20229|0x3f11125cd|19|58928889473
20229|0x3f11125cd|20|112770412790
20229|0xbf11125cd|21|218758673914
20229|0xbf11125cd|22|437753574318
20229|0x2bf11125cd|23|868301424942
20229|0x6bf11125cd|24|1750995024118
20333|0x1265|1|221495
20333|0x11265|2|472494
20333|0x31265|3|991564
20333|0x71265|4|1805779
20333|0x71265|5|4073931
20333|0x171265|6|7996250
20333|0x171265|7|15797999
20333|0x171265|8|32113112
20333|0x971265|9|63888005
20333|0x1971265|10|127760627
20333|0x1971265|11|255705516
20333|0x5971265|12|511608113
20333|0x5971265|13|1022974932
20333|0x5971265|14|2048323070
20333|0x5971265|15|4093160863
20333|0x5971265|16|8188229948
20333|0x5971265|17|16379285078
20333|0x5971265|18|27235737658
20333|0x5971265|19|53766079835
20333|0x405971265|20|109484619946
20333|0x405971265|21|217131214863
20333|0x1405971265|22|441635179010
20333|0x1405971265|23|869041415479
20333|0x5405971265|24|1750669865756
20453|0x55ed|1|179909
20453|0x155ed|2|455543
20453|0x355ed|3|991568
20453|0x355ed|4|1980967
20453|0x355ed|5|3644282
20453|0x355ed|6|7742557
20453|0x355ed|7|14954323
20453|0x355ed|8|29991132
20453|0x8355ed|9|60100579
20453|0x18355ed|10|120095143
20453|0x38355ed|11|239907561
20453|0x78355ed|12|477526623
20453|0x78355ed|13|955962232
20453|0x78355ed|14|1833922982
20453|0x78355ed|15|4002757758
20453|0x478355ed|16|7075081705
20453|0xc78355ed|17|16157075105
20453|0xc78355ed|18|28736293035
20453|0xc78355ed|19|53836203766
20453|0x4c78355ed|20|110285183971
20453|0xcc78355ed|21|217865132871
20453|0xcc78355ed|22|439187440284
20453|0xcc78355ed|23|870138199133
20453|0xcc78355ed|24|1724221515333
20935|0x1ff7|1|192917
20935|0x1ff7|2|442816
20935|0x21ff7|3|904206
20935|0x61ff7|4|1775143
20935|0x61ff7|5|3951501
20935|0x61ff7|6|7569499
20935|0x261ff7|7|15447487
20935|0x661ff7|8|30714294
20935|0xe61ff7|9|61199237
20935|0x1e61ff7|10|122570357
20935|0x3e61ff7|11|245278357
20935|0x3e61ff7|12|489448760
20935|0xbe61ff7|13|978594777
20935|0x1be61ff7|14|1960807332
20935|0x1be61ff7|15|3919540191
20935|0x1be61ff7|16|7847519468
20935|0x9be61ff7|17|14660328022
20935|0x19be61ff7|18|25902730193
20935|0x19be61ff7|19|53298000633
20935|0x59be61ff7|20|106034175838
20935|0x59be61ff7|21|207252476539
20935|0x159be61ff7|22|420034015465
20935|0x359be61ff7|23|838132052652
20935|0x359be61ff7|24|1660621602034
21033|0x6a19|1|173950
21033|0x16a19|2|420520
21033|0x36a19|3|884470
21033|0x36a19|4|1823854
21033|0xb6a19|5|3846825
21033|0x1b6a19|6|7508346
21033|0x3b6a19|7|15112726
21033|0x3b6a19|8|29711386
21033|0xbb6a19|9|60722457
21033|0xbb6a19|10|121445489
21033|0x2bb6a19|11|243051926
21033|0x2bb6a19|12|486276556
21033|0xabb6a19|13|974440907
21033|0xabb6a19|14|1616214589
21033|0xabb6a19|15|3292233634
21033|0x4abb6a19|16|7790103115
21033|0x4abb6a19|17|13411205119
21033|0x4abb6a19|18|25352411096
21033|0x4abb6a19|19|54005266339
21033|0x44abb6a19|20|102480024453
21033|0x44abb6a19|21|207926927138
21033|0x44abb6a19|22|418640850776
21033|0x244abb6a19|23|838108745546
21033|0x644abb6a19|24|1667748227772
21145|0xe1a9|1|174258
21145|0x1e1a9|2|419329
21145|0x1e1a9|3|995141
21145|0x1e1a9|4|1976105
21145|0x9e1a9|5|3586580
21145|0x19e1a9|6|7559266
21145|0x19e1a9|7|15282337
21145|0x59e1a9|8|30325647
21145|0x59e1a9|9|60775821
21145|0x59e1a9|10|121408215
21145|0x59e1a9|11|242115995
21145|0x59e1a9|12|484922683
21145|0x59e1a9|13|970041328
21145|0x59e1a9|14|1938368058
21145|0x59e1a9|15|3352361346
21145|0x59e1a9|16|6793116156
21145|0x59e1a9|17|12988328270
21145|0x10059e1a9|18|30549453298
21145|0x30059e1a9|19|52780576797
21145|0x30059e1a9|20|103649664170
21145|0xb0059e1a9|21|208273298053
21145|0x1b0059e1a9|22|420272815466
21145|0x1b0059e1a9|23|831924169591
21145|0x5b0059e1a9|24|1667685057739
21247|0xacff|1|174313
21247|0xacff|2|421974
21247|0x2acff|3|955236
21247|0x6acff|4|2048086
21247|0x6acff|5|3595413
21247|0x16acff|6|7784007
21247|0x16acff|7|15218765
21247|0x16acff|8|29515733
21247|0x16acff|9|60883091
21247|0x16acff|10|122365416
21247|0x216acff|11|245060178
21247|0x216acff|12|489992566
21247|0xa16acff|13|977023648
21247|0x1a16acff|14|1954043634
21247|0x1a16acff|15|3912470298
21247|0x5a16acff|16|6716895565
21247|0x5a16acff|17|14152904647
21247|0x15a16acff|18|26135544051
21247|0x15a16acff|19|56872423326
21247|0x55a16acff|20|106678514499
21247|0x55a16acff|21|212514916853
21247|0x155a16acff|22|417298870021
21247|0x355a16acff|23|837715266299
21247|0x355a16acff|24|1663313145734
21361|0xd91|1|174612
21361|0xd91|2|422720
21361|0xd91|3|888144
21361|0x40d91|4|1834799
21361|0x40d91|5|3687834
21361|0x140d91|6|7544140
21361|0x140d91|7|15124943
21361|0x540d91|8|30549485
21361|0xd40d91|9|60760170
21361|0xd40d91|10|121174729
21361|0x2d40d91|11|241434133
21361|0x2d40d91|12|484316165
21361|0x2d40d91|13|927946674
21361|0x2d40d91|14|1938436336
21361|0x2d40d91|15|3878094076
21361|0x2d40d91|16|7292974143
21361|0x2d40d91|17|15515659132
21361|0x2d40d91|18|25607784384
21361|0x2d40d91|19|55595616864
21361|0x402d40d91|20|104748353381
21361|0x402d40d91|21|208566148166
21361|0x1402d40d91|22|417291970605
21361|0x1402d40d91|23|840278905400
21361|0x5402d40d91|24|1661977996824
21471|0x281f|1|174926
21471|0x1281f|2|423804
21471|0x1281f|3|891915
21471|0x5281f|4|1832289
21471|0x5281f|5|3908775
21471|0x5281f|6|7544910
21471|0x5281f|7|15148540
21471|0x5281f|8|30610821
21471|0x85281f|9|61211728
21471|0x85281f|10|122366279
21471|0x85281f|11|244176694
21471|0x85281f|12|487455150
21471|0x85281f|13|975700136
21471|0x85281f|14|1952014677
21471|0x2085281f|15|3482603288
21471|0x2085281f|16|7806903463
21471|0xa085281f|17|13347653387
21471|0x1a085281f|18|28653430362
21471|0x3a085281f|19|53594039057
21471|0x7a085281f|20|108389200933
21471|0x7a085281f|21|209371677046
21471|0x17a085281f|22|421744004807
21471|0x37a085281f|23|834023241386
21471|0x37a085281f|24|1670464566102
21941|0xb09d|1|175510
21941|0x1b09d|2|388713
21941|0x3b09d|3|846744
21941|0x3b09d|4|1943922
21941|0x3b09d|5|3716357
21941|0x3b09d|6|7631909
21941|0x3b09d|7|15391760
21941|0x43b09d|8|30547412
21941|0xc3b09d|9|60922175
21941|0xc3b09d|10|121893257
21941|0xc3b09d|11|244549045
21941|0x4c3b09d|12|488628666
21941|0xcc3b09d|13|977222795
21941|0xcc3b09d|14|1955211991
21941|0xcc3b09d|15|3644984883
21941|0xcc3b09d|16|7841195261
21941|0xcc3b09d|17|15734484226
21941|0xcc3b09d|18|25749062166
21941|0x20cc3b09d|19|52896624173
21941|0x20cc3b09d|20|104648445518
21941|0x20cc3b09d|21|207821346791
21941|0x120cc3b09d|22|417283348156
21941|0x120cc3b09d|23|835406077884
21941|0x120cc3b09d|24|1664397747191
22051|0x98b|1|202160
22051|0x98b|2|426067
22051|0x2098b|3|964124
22051|0x6098b|4|1881874
22051|0xe098b|5|3738831
22051|0xe098b|6|7761727
22051|0x2e098b|7|15252787
22051|0x2e098b|8|30910333
22051|0xae098b|9|61742291
22051|0x1ae098b|10|123082439
22051|0x3ae098b|11|246098570
22051|0x3ae098b|12|492466264
22051|0xbae098b|13|930295004
22051|0x1bae098b|14|1967287164
22051|0x1bae098b|15|3840480625
22051|0x5bae098b|16|6395070476
22051|0x5bae098b|17|13096381929
22051|0x15bae098b|18|25803664870
22051|0x15bae098b|19|56131244332
22051|0x55bae098b|20|105727782985
22051|0xd5bae098b|21|208119043791
22051|0xd5bae098b|22|417895008133
22051|0x2d5bae098b|23|832554444022
22051|0x2d5bae098b|24|1663483237867
22151|0x8f37|1|176019
22151|0x8f37|2|375487
22151|0x8f37|3|962881
22151|0x8f37|4|1967916
22151|0x88f37|5|3635270
22151|0x88f37|6|7769303
22151|0x288f37|7|15263366
22151|0x288f37|8|30718775
22151|0xa88f37|9|62554425
22151|0x1a88f37|10|134497198
22151|0x1a88f37|11|245162131
22151|0x1a88f37|12|479257903
22151|0x1a88f37|13|980395785
22151|0x1a88f37|14|1883205357
22151|0x1a88f37|15|3946045470
22151|0x1a88f37|16|6404512616
22151|0x81a88f37|17|13826424294
22151|0x181a88f37|18|26261936665
22151|0x381a88f37|19|54385619661
22151|0x381a88f37|20|103455438816
22151|0xb81a88f37|21|208024594393
22151|0xb81a88f37|22|415068512530
22151|0x2b81a88f37|23|834436648796
22151|0x2b81a88f37|24|1662059764639
22257|0xda11|1|176048
22257|0x1da11|2|373805
22257|0x1da11|3|851534
22257|0x1da11|4|1801606
22257|0x1da11|5|3866236
22257|0x1da11|6|7581588
22257|0x1da11|7|15163743
22257|0x1da11|8|29687578
22257|0x1da11|9|60910997
22257|0x101da11|10|121749871
22257|0x301da11|11|243534649
22257|0x701da11|12|487600687
22257|0xf01da11|13|975724710
22257|0xf01da11|14|1951374166
22257|0xf01da11|15|3513075725
22257|0x4f01da11|16|7777755040
22257|0x4f01da11|17|15578594004
22257|0x14f01da11|18|31070355407
22257|0x34f01da11|19|51850565352
22257|0x34f01da11|20|105475593436
22257|0xb4f01da11|21|208094409347
22257|0x1b4f01da11|22|439613701940
22257|0x1b4f01da11|23|1318103068861
22257|0x5b4f01da11|24|2154726642840
22401|0xe881|1|315358
22401|0x1e881|2|668948
22401|0x3e881|3|1524608
22401|0x7e881|4|3192691
22401|0x7e881|5|6503313
22401|0x7e881|6|12984130
22401|0x7e881|7|26082247
22401|0x7e881|8|52219901
22401|0x7e881|9|104385641
22401|0x7e881|10|184106212
22401|0x7e881|11|417713833
22401|0x407e881|12|835883665
22401|0xc07e881|13|1671698624
22401|0xc07e881|14|2816079098
22401|0xc07e881|15|5717572822
22401|0x4c07e881|16|10970386524
22401|0x4c07e881|17|21707190560
22401|0x14c07e881|18|43695991809
22401|0x34c07e881|19|88342255121
22401|0x34c07e881|20|177113940287
22401|0x34c07e881|21|290475979617
22401|0x34c07e881|22|474972921941
22401|0x34c07e881|23|1228225230689
22401|0x34c07e881|24|1927438712620
22903|0x5047|1|201695
22903|0x5047|2|430900
22903|0x25047|3|998311
22903|0x65047|4|1877267
22903|0xe5047|5|4093416
22903|0x1e5047|6|8109141
22903|0x1e5047|7|16238561
22903|0x1e5047|8|32500159
22903|0x1e5047|9|64954999
22903|0x1e5047|10|130209422
22903|0x1e5047|11|260209668
22903|0x1e5047|12|520835796
22903|0x81e5047|13|1041257709
22903|0x181e5047|14|1779586102
22903|0x181e5047|15|4162456894
22903|0x581e5047|16|8272148222
22903|0xd81e5047|17|13536239166
22903|0x1d81e5047|18|27631492981
22903|0x3d81e5047|19|54862268898
22903|0x7d81e5047|20|108640805122
22903|0xfd81e5047|21|217958678752
22903|0xfd81e5047|22|432908582304
22903|0xfd81e5047|23|869462286459
22903|0xfd81e5047|24|1746064026673
23011|0xb3cb|1|230236
23011|0x1b3cb|2|431548
23011|0x1b3cb|3|979957
23011|0x5b3cb|4|2035580
23011|0x5b3cb|5|4093978
23011|0x15b3cb|6|8121546
23011|0x15b3cb|7|16347876
23011|0x55b3cb|8|32503172
23011|0xd5b3cb|9|65083485
23011|0x1d5b3cb|10|130528531
23011|0x1d5b3cb|11|260663341
23011|0x5d5b3cb|12|521223812
23011|0xdd5b3cb|13|873846599
23011|0x1dd5b3cb|14|2085965247
23011|0x1dd5b3cb|15|3601795432
23011|0x5dd5b3cb|16|7783520823
23011|0xddd5b3cb|17|16639702328
23011|0xddd5b3cb|18|29655274815
23011|0xddd5b3cb|19|54609242538
23011|0x4ddd5b3cb|20|109556990166
23011|0x4ddd5b3cb|21|211336230865
23011|0x14ddd5b3cb|22|416115089331
23011|0x34ddd5b3cb|23|874986404135
23011|0x34ddd5b3cb|24|1742410288175
23125|0xd2fd|1|221037
23125|0x1d2fd|2|379770
23125|0x1d2fd|3|965637
23125|0x1d2fd|4|2056354
23125|0x9d2fd|5|3913981
23125|0x19d2fd|6|7942133
23125|0x19d2fd|7|15912913
23125|0x59d2fd|8|31943178
23125|0x59d2fd|9|63943309
23125|0x59d2fd|10|127871138
23125|0x259d2fd|11|256045788
23125|0x659d2fd|12|511869615
23125|0x659d2fd|13|1024627315
23125|0x1659d2fd|14|2043644108
23125|0x1659d2fd|15|4083210720
23125|0x1659d2fd|16|7078528914
23125|0x1659d2fd|17|14279517589
23125|0x11659d2fd|18|30091675599
23125|0x11659d2fd|19|57326497302
23125|0x11659d2fd|20|108585746757
23125|0x91659d2fd|21|209442345125
23125|0x91659d2fd|22|705105363202
23125|0x291659d2fd|23|1061182200250
23125|0x291659d2fd|24|1744796612166
23251|0xd5b|1|247100
23251|0x10d5b|2|432609
23251|0x10d5b|3|983905
23251|0x10d5b|4|1843000
23251|0x10d5b|5|4117954
23251|0x110d5b|6|8091906
23251|0x110d5b|7|15981970
23251|0x510d5b|8|32460170
23251|0xd10d5b|9|64576212
23251|0x1d10d5b|10|129394321
23251|0x3d10d5b|11|258732108
23251|0x7d10d5b|12|517094094
23251|0x7d10d5b|13|1034507473
23251|0x17d10d5b|14|1956906014
23251|0x37d10d5b|15|3440861919
23251|0x37d10d5b|16|6768273793
23251|0xb7d10d5b|17|13679971063
23251|0x1b7d10d5b|18|29493896322
23251|0x3b7d10d5b|19|55228799560
23251|0x3b7d10d5b|20|110814442994
23251|0x3b7d10d5b|21|215306783217
23251|0x13b7d10d5b|22|437708916213
23251|0x33b7d10d5b|23|871299221379
23251|0x73b7d10d5b|24|1743946846577
23367|0xde77|1|202513
23367|0xde77|2|433530
23367|0x2de77|3|985907
23367|0x2de77|4|2075146
23367|0x2de77|5|3891555
23367|0x2de77|6|8030070
23367|0x22de77|7|16066360
23367|0x62de77|8|32148909
23367|0xe2de77|9|64267363
23367|0xe2de77|10|128746648
23367|0xe2de77|11|257112891
23367|0x4e2de77|12|515849364
23367|0x4e2de77|13|1033467267
23367|0x4e2de77|14|2012561364
23367|0x4e2de77|15|4133565524
23367|0x4e2de77|16|6945743290
23367|0x4e2de77|17|16534739240
23367|0x4e2de77|18|26767057269
23367|0x204e2de77|19|57483187296
23367|0x604e2de77|20|115266033619
23367|0xe04e2de77|21|219498278171
23367|0xe04e2de77|22|434601085718
23367|0x2e04e2de77|23|870823649918
23367|0x2e04e2de77|24|1741837047907
23483|0x3173|1|202333
23483|0x3173|2|434090
23483|0x3173|3|987647
23483|0x3173|4|2079201
23483|0x83173|5|3886191
23483|0x183173|6|8083126
23483|0x183173|7|15859124
23483|0x583173|8|27782646
23483|0x583173|9|64210470
23483|0x583173|10|128147024
23483|0x2583173|11|250976059
23483|0x2583173|12|513184125
23483|0x2583173|13|968368271
23483|0x12583173|14|1670738009
23483|0x12583173|15|3353242086
23483|0x52583173|16|6804265225
23483|0xd2583173|17|13347600556
23483|0x1d2583173|18|29535648407
23483|0x3d2583173|19|54308051859
23483|0x3d2583173|20|110192223944
23483|0x3d2583173|21|217025725547
23483|0x13d2583173|22|434715971183
23483|0x13d2583173|23|868256296150
23483|0x53d2583173|24|1744520742604
23959|0xf227|1|203109
23959|0x1f227|2|459621
23959|0x3f227|3|911278
23959|0x7f227|4|1841746
23959|0xff227|5|4114739
23959|0xff227|6|7911070
23959|0x2ff227|7|16036751
23959|0x6ff227|8|32164605
23959|0x6ff227|9|64552962
23959|0x16ff227|10|128868644
23959|0x16ff227|11|258379342
23959|0x56ff227|12|515225643
23959|0x56ff227|13|1028732100
23959|0x56ff227|14|2054068169
23959|0x256ff227|15|3617630617
23959|0x656ff227|16|6613803434
23959|0xe56ff227|17|16451376331
23959|0x1e56ff227|18|29120591897
23959|0x1e56ff227|19|54287659343
23959|0x1e56ff227|20|109369726302
23959|0x9e56ff227|21|217404366003
23959|0x19e56ff227|22|434617714526
23959|0x39e56ff227|23|868031600274
23959|0x39e56ff227|24|1741996832766
24077|0x20c5|1|203427
24077|0x20c5|2|437172
24077|0x220c5|3|912266
24077|0x620c5|4|1883143
24077|0xe20c5|5|4106990
24077|0xe20c5|6|7982137
24077|0xe20c5|7|16200368
24077|0x4e20c5|8|32457532
24077|0x4e20c5|9|64673806
24077|0x4e20c5|10|129432951
24077|0x4e20c5|11|258930217
24077|0x44e20c5|12|518494418
24077|0xc4e20c5|13|1036825443
24077|0x1c4e20c5|14|1665326346
24077|0x3c4e20c5|15|3358685290
24077|0x7c4e20c5|16|6916273532
24077|0x7c4e20c5|17|16456760722
24077|0x17c4e20c5|18|27142370909
24077|0x17c4e20c5|19|57496017602
24077|0x17c4e20c5|20|111325389773
24077|0x97c4e20c5|21|217633325153
24077|0x97c4e20c5|22|434777902960
24077|0x297c4e20c5|23|868186584297
24077|0x697c4e20c5|24|1743402927569
24197|0xea4d|1|203519
24197|0xea4d|2|437817
24197|0x2ea4d|3|951389
24197|0x6ea4d|4|1866280
24197|0x6ea4d|5|4136846
24197|0x6ea4d|6|8015812
24197|0x26ea4d|7|16094800
24197|0x66ea4d|8|32424431
24197|0xe6ea4d|9|64718929
24197|0xe6ea4d|10|129569720
24197|0x2e6ea4d|11|259477960
24197|0x6e6ea4d|12|518996035
24197|0x6e6ea4d|13|1037474232
24197|0x6e6ea4d|14|2083712508
24197|0x26e6ea4d|15|3493439608
24197|0x26e6ea4d|16|8066160303
24197|0x26e6ea4d|17|13479878216
24197|0x126e6ea4d|18|27048156492
24197|0x326e6ea4d|19|55298650120
24197|0x726e6ea4d|20|109305435734
24197|0x726e6ea4d|21|217827397129
24197|0x726e6ea4d|22|435044118919
24197|0x726e6ea4d|23|867644762983
24197|0x726e6ea4d|24|1743355463317
24301|0xaee5|1|179800
24301|0xaee5|2|416949
24301|0x2aee5|3|1001071
24301|0x6aee5|4|2030058
24301|0xeaee5|5|3937648
24301|0x1eaee5|6|8144824
24301|0x3eaee5|7|16259448
24301|0x7eaee5|8|32281799
24301|0xfeaee5|9|64945938
24301|0xfeaee5|10|129482935
24301|0xfeaee5|11|259507223
24301|0xfeaee5|12|519429232
24301|0xfeaee5|13|1038529064
24301|0x10feaee5|14|1713473790
24301|0x10feaee5|15|4088315578
24301|0x50feaee5|16|8309982424
24301|0xd0feaee5|17|16524829982
24301|0x1d0feaee5|18|29407101176
24301|0x1d0feaee5|19|54193251834
24301|0x5d0feaee5|20|110181229032
24301|0x5d0feaee5|21|219360461805
24301|0x5d0feaee5|22|439095116778
24301|0x25d0feaee5|23|872149744337
24301|0x65d0feaee5|24|1744467135193
24415|0xbc9f|1|192856
24415|0x1bc9f|2|386340
24415|0x1bc9f|3|971076
24415|0x5bc9f|4|2020151
24415|0x5bc9f|5|3969211
24415|0x5bc9f|6|8054845
24415|0x25bc9f|7|16270767
24415|0x25bc9f|8|32354623
24415|0x25bc9f|9|64851554
24415|0x125bc9f|10|129845791
24415|0x325bc9f|11|259952244
24415|0x725bc9f|12|520583279
24415|0xf25bc9f|13|959642437
24415|0xf25bc9f|14|2077046801
24415|0x2f25bc9f|15|4157105970
24415|0x2f25bc9f|16|8314218957
24415|0xaf25bc9f|17|14339674855
24415|0xaf25bc9f|18|31680496349
24415|0xaf25bc9f|19|55703594809
24415|0xaf25bc9f|20|109413506697
24415|0xaf25bc9f|21|220660938412
24415|0xaf25bc9f|22|434362169231
24415|0xaf25bc9f|23|867875340697
24415|0x40af25bc9f|24|1743775840723
24527|0x472f|1|180047
24527|0x472f|2|386833
24527|0x472f|3|932496
24527|0x4472f|4|2024066
24527|0x4472f|5|4045831
24527|0x4472f|6|8004332
24527|0x24472f|7|16316304
24527|0x64472f|8|32519232
24527|0xe4472f|9|65036561
24527|0x1e4472f|10|130147833
24527|0x3e4472f|11|259765152
24527|0x7e4472f|12|520594822
24527|0xfe4472f|13|1039738452
24527|0x1fe4472f|14|1936567328
24527|0x1fe4472f|15|3554537344
24527|0x1fe4472f|16|7210846319
24527|0x9fe4472f|17|15149356314
24527|0x19fe4472f|18|31396550546
24527|0x39fe4472f|19|58189993718
24527|0x79fe4472f|20|112468740511
24527|0x79fe4472f|21|221010958074
24527|0x79fe4472f|22|434595257670
24527|0x79fe4472f|23|868231939946
24527|0x79fe4472f|24|1746704085228
25013|0x449d|1|201084
25013|0x449d|2|387416
25013|0x449d|3|974670
25013|0x449d|4|2040542
25013|0x449d|5|3952924
25013|0x10449d|6|8072524
25013|0x10449d|7|16302390
25013|0x10449d|8|32460600
25013|0x90449d|9|65113054
25013|0x90449d|10|130186821
25013|0x90449d|11|260396038
25013|0x90449d|12|520585630
25013|0x90449d|13|1040917592
25013|0x1090449d|14|2082813207
25013|0x3090449d|15|4164354267
25013|0x3090449d|16|8298911687
25013|0x3090449d|17|13602829476
25013|0x13090449d|18|32574121667
25013|0x33090449d|19|59137005135
25013|0x33090449d|20|111450803822
25013|0xb3090449d|21|221578311775
25013|0x1b3090449d|22|433901935367
25013|0x3b3090449d|23|867599276797
25013|0x7b3090449d|24|1739812738467
25127|0xed97|1|180723
25127|0xed97|2|389800
25127|0xed97|3|918025
25127|0xed97|4|2062682
25127|0x8ed97|5|4034315
25127|0x18ed97|6|8019058
25127|0x18ed97|7|16290840
25127|0x58ed97|8|32331475
25127|0xd8ed97|9|65016283
25127|0xd8ed97|10|129882697
25127|0xd8ed97|11|260572200
25127|0x4d8ed97|12|432179709
25127|0xcd8ed97|13|880846342
25127|0xcd8ed97|14|2082539055
25127|0xcd8ed97|15|3680166710
25127|0xcd8ed97|16|6927939667
25127|0xcd8ed97|17|13764072308
25127|0x10cd8ed97|18|29063868390
25127|0x10cd8ed97|19|60552911024
25127|0x50cd8ed97|20|112001662981
25127|0x50cd8ed97|21|219743643488
25127|0x150cd8ed97|22|436652232785
25127|0x350cd8ed97|23|868415877013
25127|0x350cd8ed97|24|1738208564006
25231|0x7c6f|1|205276
25231|0x7c6f|2|467458
25231|0x7c6f|3|1012757
25231|0x7c6f|4|1834684
25231|0x87c6f|5|4163296
25231|0x87c6f|6|8166491
25231|0x287c6f|7|16196882
25231|0x687c6f|8|32693865
25231|0x687c6f|9|65017021
25231|0x687c6f|10|130321469
25231|0x2687c6f|11|260041364
25231|0x2687c6f|12|518856955
25231|0xa687c6f|13|904719948
25231|0x1a687c6f|14|1672812405
25231|0x1a687c6f|15|4168782365
25231|0x5a687c6f|16|8337958841
25231|0xda687c6f|17|13417010938
25231|0xda687c6f|18|27461887993
25231|0x2da687c6f|19|60823881485
25231|0x6da687c6f|20|109479276497
25231|0x6da687c6f|21|219516775278
25231|0x16da687c6f|22|436907856107
25231|0x36da687c6f|23|870720797539
25231|0x76da687c6f|24|1737363579247
25347|0x9fab|1|179187
25347|0x19fab|2|390758
25347|0x19fab|3|961520
25347|0x59fab|4|2078286
25347|0x59fab|5|3980676
25347|0x159fab|6|8093005
25347|0x159fab|7|16301645
25347|0x159fab|8|32462353
25347|0x159fab|9|65067565
25347|0x1159fab|10|130175983
25347|0x1159fab|11|260358037
25347|0x1159fab|12|520725424
25347|0x1159fab|13|1043116564
25347|0x1159fab|14|2058730933
25347|0x21159fab|15|4172224345
25347|0x61159fab|16|8338416828
25347|0xe1159fab|17|16590263368
25347|0xe1159fab|18|31234838823
25347|0x2e1159fab|19|58072917989
25347|0x6e1159fab|20|110792029968
25347|0x6e1159fab|21|219576477292
25347|0x6e1159fab|22|435687510549
25347|0x26e1159fab|23|870313210673
25347|0x26e1159fab|24|1741864291877
25463|0x6647|1|205880
25463|0x16647|2|444379
25463|0x16647|3|1042511
25463|0x56647|4|2055869
25463|0x56647|5|3932535
25463|0x156647|6|8147167
25463|0x156647|7|16320203
25463|0x156647|8|32474843
25463|0x956647|9|65213598
25463|0x956647|10|130158510
25463|0x956647|11|260749025
25463|0x4956647|12|520978933
25463|0xc956647|13|939213442
25463|0xc956647|14|2079904324
25463|0x2c956647|15|4159309730
25463|0x2c956647|16|8285435446
25463|0xac956647|17|16461279425
25463|0xac956647|18|28975289831
25463|0x2ac956647|19|55177124054
25463|0x6ac956647|20|110821510918
25463|0xeac956647|21|219345047368
25463|0x1eac956647|22|435624089380
25463|0x1eac956647|23|873674245978
25463|0x1eac956647|24|1743163570269
25571|0xf9cb|1|205923
25571|0x1f9cb|2|443077
25571|0x3f9cb|3|972610
25571|0x3f9cb|4|1918336
25571|0x3f9cb|5|3996768
25571|0x3f9cb|6|8106747
25571|0x23f9cb|7|16246249
25571|0x23f9cb|8|32287244
25571|0xa3f9cb|9|64621885
25571|0x1a3f9cb|10|129321366
25571|0x3a3f9cb|11|258694358
25571|0x7a3f9cb|12|517025124
25571|0x7a3f9cb|13|1034190008
25571|0x17a3f9cb|14|1904983143
25571|0x37a3f9cb|15|4129629921
25571|0x77a3f9cb|16|8181732226
25571|0xf7a3f9cb|17|16422374906
25571|0xf7a3f9cb|18|28888850458
25571|0xf7a3f9cb|19|57196223933
25571|0xf7a3f9cb|20|109561950140
25571|0xf7a3f9cb|21|218262898461
25571|0xf7a3f9cb|22|434341649847
25571|0x20f7a3f9cb|23|868463312742
25571|0x20f7a3f9cb|24|1739580664870
26045|0xfd95|1|206752
26045|0x1fd95|2|445493
26045|0x1fd95|3|915799
26045|0x5fd95|4|2002954
26045|0xdfd95|5|4099438
26045|0xdfd95|6|7934728
26045|0x2dfd95|7|16248712
26045|0x2dfd95|8|32335815
26045|0x2dfd95|9|64708783
26045|0x12dfd95|10|129485898
26045|0x12dfd95|11|258922888
26045|0x52dfd95|12|516741748
26045|0xd2dfd95|13|1032581660
26045|0xd2dfd95|14|2068172506
26045|0x2d2dfd95|15|4149884712
26045|0x2d2dfd95|16|8297199385
26045|0xad2dfd95|17|13575910298
26045|0x1ad2dfd95|18|26904488627
26045|0x1ad2dfd95|19|56094882788
26045|0x1ad2dfd95|20|109989385314
26045|0x1ad2dfd95|21|219093602833
26045|0x11ad2dfd95|22|436609525025
26045|0x31ad2dfd95|23|867852680786
26045|0x31ad2dfd95|24|1737265526298
26157|0xd9a5|1|182185
26157|0xd9a5|2|440434
26157|0x2d9a5|3|1031222
26157|0x2d9a5|4|2103980
26157|0xad9a5|5|3953582
26157|0xad9a5|6|8165344
26157|0x2ad9a5|7|13496944
26157|0x6ad9a5|8|32421657
26157|0xead9a5|9|65075455
26157|0xead9a5|10|129645086
26157|0xead9a5|11|259169158
26157|0x4ead9a5|12|518668369
26157|0x4ead9a5|13|1037613500
26157|0x14ead9a5|14|1672843462
26157|0x14ead9a5|15|4150025406
26157|0x54ead9a5|16|8302220218
26157|0xd4ead9a5|17|13361834074
26157|0x1d4ead9a5|18|28361000526
26157|0x1d4ead9a5|19|55895338567
26157|0x1d4ead9a5|20|110842644282
26157|0x9d4ead9a5|21|218905858311
26157|0x19d4ead9a5|22|434128941067
26157|0x39d4ead9a5|23|868431364681
26157|0x39d4ead9a5|24|1737679239135
26267|0xf93|1|205735
26267|0xf93|2|421166
26267|0x20f93|3|846018
26267|0x60f93|4|1965955
26267|0x60f93|5|4015420
26267|0x60f93|6|7915299
26267|0x260f93|7|16234128
26267|0x660f93|8|32265912
26267|0x660f93|9|64766063
26267|0x660f93|10|129434129
26267|0x660f93|11|259422766
26267|0x660f93|12|518129677
26267|0x8660f93|13|1036218193
26267|0x8660f93|14|2073051913
26267|0x8660f93|15|3384537645
26267|0x48660f93|16|7153026590
26267|0xc8660f93|17|16581820176
26267|0xc8660f93|18|28203945050
26267|0x2c8660f93|19|56172871410
26267|0x2c8660f93|20|109126834765
26267|0xac8660f93|21|219864379788
26267|0xac8660f93|22|434794127390
26267|0x2ac8660f93|23|870625806583
26267|0x6ac8660f93|24|1736515955958
26379|0xaca3|1|182494
26379|0x1aca3|2|393716
26379|0x1aca3|3|924386
26379|0x1aca3|4|2027655
26379|0x9aca3|5|3922633
26379|0x9aca3|6|8091337
26379|0x29aca3|7|16328522
26379|0x69aca3|8|32497208
26379|0x69aca3|9|64698222
26379|0x169aca3|10|129669280
26379|0x169aca3|11|259488843
26379|0x569aca3|12|518952478
26379|0x569aca3|13|1038359709
26379|0x569aca3|14|1814790345
26379|0x569aca3|15|3594654890
26379|0x4569aca3|16|8307668826
26379|0xc569aca3|17|16596314341
26379|0xc569aca3|18|29230617928
26379|0x2c569aca3|19|55601702476
26379|0x6c569aca3|20|111031668268
26379|0xec569aca3|21|220587424063
26379|0x1ec569aca3|22|433589466264
26379|0x1ec569aca3|23|867292116884
26379|0x5ec569aca3|24|1739160079769
26483|0x15bb|1|208095
26483|0x15bb|2|450275
26483|0x15bb|3|962434
26483|0x15bb|4|1884265
26483|0x815bb|5|4041083
26483|0x815bb|6|8133225
26483|0x2815bb|7|16089060
26483|0x6815bb|8|32609004
26483|0xe815bb|9|64854995
26483|0x1e815bb|10|129969109
26483|0x1e815bb|11|259492745
26483|0x5e815bb|12|519285435
26483|0xde815bb|13|1038587802
26483|0xde815bb|14|1875909016
26483|0x2de815bb|15|4155156543
26483|0x2de815bb|16|8311150334
26483|0x2de815bb|17|15362818122
26483|0x12de815bb|18|30526580270
26483|0x12de815bb|19|57495382759
26483|0x12de815bb|20|111328797452
26483|0x12de815bb|21|221687080420
26483|0x12de815bb|22|434108374768
26483|0x12de815bb|23|844078337064
26483|0x12de815bb|24|1727340425430
26603|0x88c3|1|208182
26603|0x88c3|2|450899
26603|0x88c3|3|983985
26603|0x488c3|4|1999984
26603|0x488c3|5|3994238
26603|0x1488c3|6|8195615
26603|0x3488c3|7|16318968
26603|0x7488c3|8|32741420
26603|0x7488c3|9|65616496
26603|0x7488c3|10|131298185
26603|0x27488c3|11|262753659
26603|0x67488c3|12|526431803
26603|0x67488c3|13|881969067
26603|0x167488c3|14|1787095132
26603|0x167488c3|15|4056178670
26603|0x167488c3|16|6675764280
26603|0x967488c3|17|13649377499
26603|0x1967488c3|18|26924822851
26603|0x3967488c3|19|54158485679
26603|0x7967488c3|20|109426002745
26603|0x7967488c3|21|218602950369
26603|0x7967488c3|22|434562106578
26603|0x7967488c3|23|867001838162
26603|0x7967488c3|24|1740872836608
27065|0xcc89|1|208775
27065|0xcc89|2|453314
27065|0xcc89|3|970435
27065|0xcc89|4|1910500
27065|0x8cc89|5|4165512
27065|0x8cc89|6|8186304
27065|0x8cc89|7|16309654
27065|0x48cc89|8|32870068
27065|0xc8cc89|9|65852279
27065|0x1c8cc89|10|114271476
27065|0x3c8cc89|11|263193395
27065|0x3c8cc89|12|526285767
27065|0xbc8cc89|13|868507647
27065|0xbc8cc89|14|1694187140
27065|0x2bc8cc89|15|4211709512
27065|0x2bc8cc89|16|6781790921
27065|0x2bc8cc89|17|15112023380
27065|0x12bc8cc89|18|27115585511
27065|0x32bc8cc89|19|56421424748
27065|0x32bc8cc89|20|109015844838
27065|0x32bc8cc89|21|219081473854
27065|0x32bc8cc89|22|433058878571
27065|0x32bc8cc89|23|865271571718
27065|0x432bc8cc89|24|1739548762111
27175|0x6597|1|209104
27175|0x6597|2|453756
27175|0x6597|3|983285
27175|0x6597|4|2038887
27175|0x6597|5|3982132
27175|0x6597|6|8199343
27175|0x206597|7|16475467
27175|0x206597|8|32738761
27175|0x206597|9|65724104
27175|0x1206597|10|131890358
27175|0x3206597|11|262144436
27175|0x7206597|12|526543774
27175|0x7206597|13|981530141
27175|0x7206597|14|1733801462
27175|0x7206597|15|3542832394
27175|0x7206597|16|8428534275
27175|0x87206597|17|13915026828
27175|0x87206597|18|26734076572
27175|0x87206597|19|54348353623
27175|0x87206597|20|109353356154
27175|0x887206597|21|218729553671
27175|0x887206597|22|432601629814
27175|0x887206597|23|868808287337
27175|0x4887206597|24|1745049096249
27283|0x439b|1|196617
27283|0x1439b|2|400029
27283|0x1439b|3|892747
27283|0x1439b|4|2042000
27283|0x9439b|5|4196253
27283|0x19439b|6|8261091
27283|0x19439b|7|16652635
27283|0x19439b|8|33297504
27283|0x99439b|9|66436263
27283|0x99439b|10|132999201
27283|0x299439b|11|265375089
27283|0x699439b|12|531609271
27283|0x699439b|13|1062642674
27283|0x699439b|14|2126138758
27283|0x699439b|15|3721263454
27283|0x4699439b|16|6955587357
27283|0x4699439b|17|13316239071
27283|0x4699439b|18|26900887754
27283|0x4699439b|19|57466957751
27283|0x44699439b|20|109194214142
27283|0x44699439b|21|220465187252
27283|0x144699439b|22|433584343954
27283|0x344699439b|23|864342416398
27283|0x744699439b|24|1737655869633
27397|0xa9cd|1|209389
27397|0xa9cd|2|455147
27397|0xa9cd|3|1030799
27397|0x4a9cd|4|1994737
27397|0x4a9cd|5|4112312
27397|0x14a9cd|6|8261605
27397|0x34a9cd|7|16511979
27397|0x34a9cd|8|33256596
27397|0x34a9cd|9|66501329
27397|0x34a9cd|10|132835611
27397|0x34a9cd|11|265998390
27397|0x434a9cd|12|531860277
27397|0xc34a9cd|13|1063563450
27397|0xc34a9cd|14|2126230540
27397|0xc34a9cd|15|3529597908
27397|0x4c34a9cd|16|8436544101
27397|0xcc34a9cd|17|14601776711
27397|0xcc34a9cd|18|27811355331
27397|0x2cc34a9cd|19|56801537092
27397|0x2cc34a9cd|20|109377252705
27397|0xacc34a9cd|21|218788127053
27397|0x1acc34a9cd|22|433186861744
27397|0x3acc34a9cd|23|863673835282
27397|0x3acc34a9cd|24|1738392527761
27509|0xccdd|1|209584
27509|0xccdd|2|453537
27509|0x2ccdd|3|997149
27509|0x2ccdd|4|2047243
27509|0xaccdd|5|4031576
27509|0x1accdd|6|8275849
27509|0x3accdd|7|16698533
27509|0x3accdd|8|33119683
27509|0xbaccdd|9|66380281
27509|0x1baccdd|10|112586966
27509|0x3baccdd|11|222300629
27509|0x3baccdd|12|531971218
27509|0xbbaccdd|13|1064619479
27509|0x1bbaccdd|14|1772289819
27509|0x1bbaccdd|15|3377040808
27509|0x5bbaccdd|16|6986989469
27509|0x5bbaccdd|17|16850175320
27509|0x15bbaccdd|18|26937013624
27509|0x35bbaccdd|19|55444151182
27509|0x35bbaccdd|20|108669132482
27509|0x35bbaccdd|21|218464364174
27509|0x35bbaccdd|22|433403198974
27509|0x235bbaccdd|23|863292356350
27509|0x235bbaccdd|24|1737348209151
27623|0x77d7|1|228688
27623|0x177d7|2|456372
27623|0x377d7|3|980007
27623|0x377d7|4|2052363
27623|0xb77d7|5|3985255
27623|0x1b77d7|6|8260703
27623|0x3b77d7|7|16632090
27623|0x7b77d7|8|33131674
27623|0xfb77d7|9|66645715
27623|0xfb77d7|10|132623341
27623|0x2fb77d7|11|265747811
27623|0x6fb77d7|12|532624485
27623|0xefb77d7|13|1064387816
27623|0xefb77d7|14|2128785544
27623|0x2efb77d7|15|4256271057
27623|0x2efb77d7|16|8506874146
27623|0xaefb77d7|17|13607575950
27623|0x1aefb77d7|18|27237135969
27623|0x1aefb77d7|19|55996311560
27623|0x1aefb77d7|20|108512287585
27623|0x9aefb77d7|21|218763572136
27623|0x9aefb77d7|22|433494206022
27623|0x29aefb77d7|23|863315930160
27623|0x69aefb77d7|24|1736073802536
28117|0x637d|1|210944
28117|0x1637d|2|459295
28117|0x1637d|3|986882
28117|0x5637d|4|2090355
28117|0xd637d|5|4012586
28117|0xd637d|6|8280311
28117|0xd637d|7|16716539
28117|0xd637d|8|33179916
28117|0x8d637d|9|66518154
28117|0x18d637d|10|133292174
28117|0x38d637d|11|266523277
28117|0x38d637d|12|533158712
28117|0xb8d637d|13|896654464
28117|0x1b8d637d|14|2131942613
28117|0x3b8d637d|15|3598182927
28117|0x7b8d637d|16|7103615579
28117|0x7b8d637d|17|13777949613
28117|0x7b8d637d|18|27035192755
28117|0x27b8d637d|19|56031699388
28117|0x67b8d637d|20|107903370161
28117|0x67b8d637d|21|219202676576
28117|0x67b8d637d|22|434330661988
28117|0x67b8d637d|23|863649845720
28117|0x67b8d637d|24|1735914915555
28223|0x81bf|1|210844
28223|0x81bf|2|490920
28223|0x81bf|3|988180
28223|0x81bf|4|2071959
28223|0x81bf|5|4039656
28223|0x81bf|6|8290726
28223|0x2081bf|7|16774210
28223|0x6081bf|8|33171090
28223|0xe081bf|9|66523600
28223|0x1e081bf|10|133411419
28223|0x3e081bf|11|266461330
28223|0x7e081bf|12|532830503
28223|0xfe081bf|13|959896823
28223|0xfe081bf|14|2133235138
28223|0x2fe081bf|15|3669995816
28223|0x6fe081bf|16|6860048472
28223|0x6fe081bf|17|13908207429
28223|0x6fe081bf|18|29681113016
28223|0x26fe081bf|19|54368033448
28223|0x66fe081bf|20|108148860982
28223|0xe6fe081bf|21|217842365552
28223|0xe6fe081bf|22|433596939093
28223|0x2e6fe081bf|23|864518931419
28223|0x2e6fe081bf|24|1735377197207
28335|0xa84f|1|211653
28335|0x1a84f|2|460299
28335|0x1a84f|3|958240
28335|0x5a84f|4|1942008
28335|0x5a84f|5|4177336
28335|0x15a84f|6|8292590
28335|0x35a84f|7|16642730
28335|0x35a84f|8|33381495
28335|0x35a84f|9|66669415
28335|0x135a84f|10|133545412
28335|0x335a84f|11|266539937
28335|0x335a84f|12|533305106
28335|0x335a84f|13|842099726
28335|0x335a84f|14|2133786006
28335|0x335a84f|15|3468664614
28335|0x4335a84f|16|7039733235
28335|0x4335a84f|17|17072264144
28335|0x14335a84f|18|26789506470
28335|0x34335a84f|19|54094063022
28335|0x74335a84f|20|109926086798
28335|0xf4335a84f|21|217399822651
28335|0x1f4335a84f|22|434989033342
28335|0x1f4335a84f|23|862555384167
28335|0x5f4335a84f|24|1734780509923
28449|0xd4e1|1|211170
28449|0x1d4e1|2|461052
28449|0x3d4e1|3|1014278
28449|0x7d4e1|4|2076212
28449|0x7d4e1|5|4024630
28449|0x17d4e1|6|8261703
28449|0x37d4e1|7|16717534
28449|0x37d4e1|8|33209890
28449|0xb7d4e1|9|66612180
28449|0x1b7d4e1|10|133206324
28449|0x3b7d4e1|11|267369450
28449|0x3b7d4e1|12|533231853
28449|0x3b7d4e1|13|1066602363
28449|0x13b7d4e1|14|2128153965
28449|0x13b7d4e1|15|4269321859
28449|0x53b7d4e1|16|6969327012
28449|0xd3b7d4e1|17|13814156024
28449|0xd3b7d4e1|18|27577138752
28449|0xd3b7d4e1|19|54407333499
28449|0xd3b7d4e1|20|107689390711
28449|0x8d3b7d4e1|21|217502471886
28449|0x18d3b7d4e1|22|437150868269
28449|0x18d3b7d4e1|23|863564305179
28449|0x18d3b7d4e1|24|1734259514641
28555|0x4023|1|186450
28555|0x4023|2|447552
28555|0x24023|3|992733
28555|0x24023|4|2108857
28555|0xa4023|5|4205590
28555|0xa4023|6|7518664
28555|0x2a4023|7|15102623
28555|0x6a4023|8|30816188
28555|0xea4023|9|62376040
28555|0x1ea4023|10|133177068
28555|0x1ea4023|11|266696626
28555|0x5ea4023|12|533718273
28555|0xdea4023|13|1067412186
28555|0xdea4023|14|2134869804
28555|0x2dea4023|15|3942336525
28555|0x2dea4023|16|7638869232
28555|0xadea4023|17|13550735927
28555|0x1adea4023|18|27343300878
28555|0x3adea4023|19|56200499619
28555|0x3adea4023|20|108625843025
28555|0xbadea4023|21|217565422672
28555|0xbadea4023|22|433808253255
28555|0xbadea4023|23|863340846997
28555|0x4badea4023|24|1734141920880
28673|0x9001|1|211304
28673|0x19001|2|462232
28673|0x39001|3|992174
28673|0x79001|4|2098565
28673|0xf9001|5|4023643
28673|0x1f9001|6|8373840
28673|0x3f9001|7|16678617
28673|0x7f9001|8|33455695
28673|0xff9001|9|66675346
28673|0xff9001|10|133389375
28673|0xff9001|11|267367139
28673|0xff9001|12|533441208
28673|0xff9001|13|1067852513
28673|0x10ff9001|14|2135567833
28673|0x30ff9001|15|4271318805
28673|0x30ff9001|16|8541128698
28673|0x30ff9001|17|15000023861
28673|0x30ff9001|18|26945155425
28673|0x30ff9001|19|53793210661
28673|0x30ff9001|20|109290966763
28673|0x30ff9001|21|215155658251
28673|0x1030ff9001|22|434092367254
28673|0x1030ff9001|23|863283224108
28673|0x1030ff9001|24|1734639723054
29151|0x8a1f|1|212538
29151|0x8a1f|2|464670
29151|0x8a1f|3|953610
29151|0x8a1f|4|1913771
29151|0x8a1f|5|4163430
29151|0x108a1f|6|8228526
29151|0x308a1f|7|16611945
29151|0x708a1f|8|33448437
29151|0x708a1f|9|66804471
29151|0x1708a1f|10|133491364
29151|0x3708a1f|11|261486794
29151|0x7708a1f|12|534727490
29151|0xf708a1f|13|1069827284
29151|0xf708a1f|14|2128893963
29151|0x2f708a1f|15|3423067389
29151|0x2f708a1f|16|6988551043
29151|0x2f708a1f|17|13760938671
29151|0x2f708a1f|18|27379182890
29151|0x22f708a1f|19|53974301357
29151|0x22f708a1f|20|110375189219
29151|0xa2f708a1f|21|216815789967
29151|0x1a2f708a1f|22|434004380555
29151|0x1a2f708a1f|23|862988837936
29151|0x5a2f708a1f|24|1732759673605
29259|0x4763|1|212696
29259|0x14763|2|465335
29259|0x34763|3|1002307
29259|0x34763|4|2040184
29259|0x34763|5|3980655
29259|0x34763|6|8311131
29259|0x34763|7|16685678
29259|0x434763|8|33290900
29259|0xc34763|9|66718761
29259|0x1c34763|10|133858242
29259|0x3c34763|11|267623881
29259|0x3c34763|12|534396638
29259|0x3c34763|13|1069037568
29259|0x13c34763|14|2139726518
29259|0x13c34763|15|3472708838
29259|0x53c34763|16|6987429283
29259|0xd3c34763|17|13959096233
29259|0x1d3c34763|18|27471292999
29259|0x3d3c34763|19|54124269708
29259|0x7d3c34763|20|108548954836
29259|0xfd3c34763|21|216477806518
29259|0x1fd3c34763|22|434021807350
29259|0x3fd3c34763|23|861725816913
29259|0x3fd3c34763|24|1734993569780
29375|0xfd3f|1|208302
29375|0x1fd3f|2|463600
29375|0x3fd3f|3|1001650
29375|0x3fd3f|4|2048765
29375|0x3fd3f|5|4050209
29375|0x3fd3f|6|8400820
29375|0x3fd3f|7|16667712
29375|0x43fd3f|8|33488710
29375|0xc3fd3f|9|66837388
29375|0x1c3fd3f|10|133842235
29375|0x1c3fd3f|11|267457550
29375|0x1c3fd3f|12|535419811
29375|0x9c3fd3f|13|1069803982
29375|0x19c3fd3f|14|1731291281
29375|0x19c3fd3f|15|3521075632
29375|0x19c3fd3f|16|7467173513
29375|0x99c3fd3f|17|13570368890
29375|0x99c3fd3f|18|27572051642
29375|0x99c3fd3f|19|54708473389
29375|0x499c3fd3f|20|108874484577
29375|0xc99c3fd3f|21|217152928345
29375|0xc99c3fd3f|22|435018410203
29375|0x2c99c3fd3f|23|861143491306
29375|0x6c99c3fd3f|24|1732075905078
29483|0xb383|1|213301
29483|0xb383|2|466733
29483|0x2b383|3|1005146
29483|0x2b383|4|2049753
29483|0xab383|5|4016728
29483|0x1ab383|6|8295071
29483|0x3ab383|7|16834043
29483|0x3ab383|8|33337412
29483|0xbab383|9|66792769
29483|0xbab383|10|134059163
29483|0x2bab383|11|267570134
29483|0x6bab383|12|535303217
29483|0x6bab383|13|946536758
29483|0x6bab383|14|2092061155
29483|0x6bab383|15|3430425120
29483|0x6bab383|16|8568066389
29483|0x6bab383|17|14925454400
29483|0x106bab383|18|28536265647
29483|0x306bab383|19|55195930286
29483|0x306bab383|20|110186409599
29483|0xb06bab383|21|216399762145
29483|0xb06bab383|22|435240797738
29483|0x2b06bab383|23|861717413514
29483|0x6b06bab383|24|1731585780574
29597|0xaab5|1|211087
29597|0xaab5|2|465028
29597|0xaab5|3|1004820
29597|0xaab5|4|1996376
29597|0x8aab5|5|4081509
29597|0x8aab5|6|8305453
29597|0x8aab5|7|16772823
29597|0x8aab5|8|33368582
29597|0x8aab5|9|66852501
29597|0x8aab5|10|133775723
29597|0x208aab5|11|268376619
29597|0x608aab5|12|535731918
29597|0xe08aab5|13|1070991933
29597|0xe08aab5|14|2142998690
29597|0xe08aab5|15|3561567510
29597|0xe08aab5|16|6938000512
29597|0x8e08aab5|17|13678979018
29597|0x18e08aab5|18|27590782199
29597|0x38e08aab5|19|55268408376
29597|0x78e08aab5|20|108647703328
29597|0x78e08aab5|21|216633572614
29597|0x178e08aab5|22|436825947066
29597|0x178e08aab5|23|862220738231
29597|0x578e08aab5|24|1732158200405
30067|0xb7bb|1|214555
30067|0x1b7bb|2|470062
30067|0x3b7bb|3|1013322
30067|0x7b7bb|4|2061587
30067|0x7b7bb|5|4060535
30067|0x17b7bb|6|8268361
30067|0x37b7bb|7|16711292
30067|0x37b7bb|8|33475520
30067|0x37b7bb|9|66940844
30067|0x37b7bb|10|133870952
30067|0x37b7bb|11|268255760
30067|0x37b7bb|12|535920979
30067|0x37b7bb|13|1071905382
30067|0x1037b7bb|14|1999687075
30067|0x1037b7bb|15|3681355933
30067|0x5037b7bb|16|7143063282
30067|0xd037b7bb|17|14717041436
30067|0x1d037b7bb|18|27870484093
30067|0x3d037b7bb|19|55318525137
30067|0x3d037b7bb|20|109383391333
30067|0x3d037b7bb|21|216327547910
30067|0x3d037b7bb|22|434909447427
30067|0x23d037b7bb|23|861400981017
30067|0x63d037b7bb|24|1731416337935
30177|0x8e21|1|214330
30177|0x8e21|2|470456
30177|0x28e21|3|1014758
30177|0x68e21|4|2103800
30177|0xe8e21|5|4080685
30177|0xe8e21|6|8282721
30177|0xe8e21|7|16834783
30177|0x4e8e21|8|33559305
30177|0x4e8e21|9|67013820
30177|0x4e8e21|10|134015781
30177|0x4e8e21|11|268036990
30177|0x44e8e21|12|536749108
30177|0x44e8e21|13|1073503732
30177|0x144e8e21|14|1831743914
30177|0x144e8e21|15|3737916852
30177|0x544e8e21|16|6774908165
30177|0x544e8e21|17|13471923387
30177|0x544e8e21|18|27615719290
30177|0x2544e8e21|19|53905977655
30177|0x6544e8e21|20|108274520169
30177|0xe544e8e21|21|216540037316
30177|0xe544e8e21|22|436464073621
30177|0x2e544e8e21|23|861474102034
30177|0x6e544e8e21|24|1729651769981
30295|0xd567|1|212638
30295|0xd567|2|471078
30295|0x2d567|3|1016369
30295|0x6d567|4|2063605
30295|0x6d567|5|4064502
30295|0x16d567|6|8307726
30295|0x36d567|7|16714199
30295|0x36d567|8|33213638
30295|0x36d567|9|66665518
30295|0x136d567|10|133996216
30295|0x136d567|11|267681565
30295|0x136d567|12|534170880
30295|0x136d567|13|1069361114
30295|0x1136d567|14|2136981392
30295|0x3136d567|15|3670228290
30295|0x3136d567|16|7927214048
30295|0x3136d567|17|13899653852
30295|0x3136d567|18|27464685983
30295|0x3136d567|19|55595333564
30295|0x3136d567|20|108677648251
30295|0x3136d567|21|215705437839
30295|0x3136d567|22|440906253599
30295|0x3136d567|23|863222607893
30295|0x403136d567|24|1729203862250
30407|0x6af7|1|214744
30407|0x16af7|2|471740
30407|0x16af7|3|1018153
30407|0x16af7|4|2080367
30407|0x96af7|5|3824780
30407|0x96af7|6|7571367
30407|0x296af7|7|15389598
30407|0x296af7|8|30682334
30407|0xa96af7|9|61202334
30407|0x1a96af7|10|129273643
30407|0x3a96af7|11|268930629
30407|0x3a96af7|12|537059881
30407|0x3a96af7|13|1074617111
30407|0x13a96af7|14|2148362318
30407|0x33a96af7|15|3527992736
30407|0x73a96af7|16|7320393533
30407|0x73a96af7|17|13485672055
30407|0x73a96af7|18|28077381863
30407|0x273a96af7|19|56419481106
30407|0x273a96af7|20|111249273712
30407|0xa73a96af7|21|216161399624
30407|0x1a73a96af7|22|433642769340
30407|0x3a73a96af7|23|862246371874
30407|0x7a73a96af7|24|1730345522350
30517|0x631d|1|214907
30517|0x1631d|2|472243
30517|0x1631d|3|1019701
30517|0x5631d|4|2058979
30517|0x5631d|5|4082159
30517|0x15631d|6|8394629
30517|0x15631d|7|16752610
30517|0x15631d|8|33430095
30517|0x95631d|9|67231487
30517|0x95631d|10|134320833
30517|0x95631d|11|268943750
30517|0x95631d|12|537696366
30517|0x95631d|13|1075434466
30517|0x1095631d|14|2148663164
30517|0x3095631d|15|3711711744
30517|0x3095631d|16|8598905411
30517|0xb095631d|17|14616553470
30517|0xb095631d|18|27348920673
30517|0x2b095631d|19|58098578857
30517|0x6b095631d|20|108581158012
30517|0xeb095631d|21|218503339844
30517|0xeb095631d|22|433146341258
30517|0x2eb095631d|23|862377783267
30517|0x6eb095631d|24|1729697469904
30635|0xcb03|1|215048
30635|0xcb03|2|452876
30635|0x2cb03|3|919647
30635|0x6cb03|4|2059509
30635|0xecb03|5|4264777
30635|0xecb03|6|8329147
30635|0xecb03|7|16858046
30635|0x4ecb03|8|33512977
30635|0x4ecb03|9|67269558
30635|0x14ecb03|10|134570245
30635|0x14ecb03|11|269248398
30635|0x14ecb03|12|526181886
30635|0x14ecb03|13|858924991
30635|0x14ecb03|14|2151210877
30635|0x14ecb03|15|4202797840
30635|0x14ecb03|16|7728038776
30635|0x814ecb03|17|14332737554
30635|0x814ecb03|18|27211019738
30635|0x2814ecb03|19|55236829323
30635|0x2814ecb03|20|108684954465
30635|0xa814ecb03|21|216784620289
30635|0xa814ecb03|22|433589466117
30635|0x2a814ecb03|23|861761258946
30635|0x2a814ecb03|24|1730222331467
31093|0xcedd|1|216166
31093|0x1cedd|2|475560
31093|0x3cedd|3|1049289
31093|0x7cedd|4|2074944
31093|0xfcedd|5|4062569
31093|0xfcedd|6|8430770
31093|0xfcedd|7|16741728
31093|0xfcedd|8|33494176
31093|0xfcedd|9|67158631
31093|0xfcedd|10|134568845
31093|0xfcedd|11|269268337
31093|0xfcedd|12|538103313
31093|0xfcedd|13|1076439510
31093|0xfcedd|14|2152625712
31093|0xfcedd|15|4306207233
31093|0xfcedd|16|8002551439
31093|0x800fcedd|17|13658255180
31093|0x800fcedd|18|27695022385
31093|0x2800fcedd|19|55551290457
31093|0x6800fcedd|20|108362601870
31093|0x6800fcedd|21|219612827323
31093|0x6800fcedd|22|441092856284
31093|0x6800fcedd|23|873565432452
31093|0x6800fcedd|24|1727462559040
31207|0x89d7|1|259883
31207|0x189d7|2|473641
31207|0x389d7|3|1028596
31207|0x389d7|4|1929778
31207|0xb89d7|5|4193275
31207|0x1b89d7|6|8337249
31207|0x1b89d7|7|16774958
31207|0x1b89d7|8|33510037
31207|0x1b89d7|9|66968740
31207|0x11b89d7|10|134163740
31207|0x11b89d7|11|267991906
31207|0x51b89d7|12|536276691
31207|0x51b89d7|13|961130143
31207|0x51b89d7|14|2149666864
31207|0x251b89d7|15|3772663031
31207|0x251b89d7|16|7662573893
31207|0xa51b89d7|17|14650639065
31207|0x1a51b89d7|18|32276644410
31207|0x3a51b89d7|19|57203364604
31207|0x7a51b89d7|20|107546565988
31207|0x7a51b89d7|21|218776992781
31207|0x17a51b89d7|22|431832360955
31207|0x37a51b89d7|23|863900189369
31207|0x77a51b89d7|24|1729352431115
31317|0xb2fd|1|188412
31317|0xb2fd|2|419452
31317|0xb2fd|3|971156
31317|0xb2fd|4|2081508
31317|0x8b2fd|5|4150517
31317|0x18b2fd|6|8239845
31317|0x18b2fd|7|16693234
31317|0x18b2fd|8|33511077
31317|0x98b2fd|9|66652704
31317|0x98b2fd|10|133928038
31317|0x98b2fd|11|268031823
31317|0x98b2fd|12|536477938
31317|0x898b2fd|13|882733964
31317|0x898b2fd|14|2146617011
31317|0x2898b2fd|15|4327795151
31317|0x6898b2fd|16|7010153408
31317|0xe898b2fd|17|15666462370
31317|0xe898b2fd|18|27100590056
31317|0x2e898b2fd|19|54206782835
31317|0x2e898b2fd|20|112615280956
31317|0x2e898b2fd|21|220114288996
31317|0x12e898b2fd|22|432157427762
31317|0x32e898b2fd|23|869978545593
31317|0x72e898b2fd|24|1727121218525
31429|0xf40d|1|216853
31429|0xf40d|2|477211
31429|0x2f40d|3|1056051
31429|0x6f40d|4|2016172
31429|0xef40d|5|4118038
31429|0x1ef40d|6|8363470
31429|0x3ef40d|7|16700968
31429|0x7ef40d|8|33700356
31429|0x7ef40d|9|67180709
31429|0x7ef40d|10|134033452
31429|0x27ef40d|11|269247510
31429|0x67ef40d|12|536512132
31429|0x67ef40d|13|1072788259
31429|0x67ef40d|14|2147949484
31429|0x67ef40d|15|4295193753
31429|0x67ef40d|16|8154914492
31429|0x867ef40d|17|17157096301
31429|0x867ef40d|18|30191127290
31429|0x867ef40d|19|54401087439
31429|0x867ef40d|20|107558056078
31429|0x867ef40d|21|215492288047
31429|0x867ef40d|22|430750414611
31429|0x867ef40d|23|865285774568
31429|0x867ef40d|24|1728048376118
31541|0x3f1d|1|216742
31541|0x3f1d|2|493096
31541|0x3f1d|3|1033424
31541|0x3f1d|4|2087842
31541|0x3f1d|5|4033888
31541|0x3f1d|6|8372008
31541|0x203f1d|7|16778582
31541|0x203f1d|8|33359744
31541|0x203f1d|9|67105341
31541|0x1203f1d|10|134211585
31541|0x3203f1d|11|268459273
31541|0x7203f1d|12|536974613
31541|0xf203f1d|13|1073889678
31541|0xf203f1d|14|2148199583
31541|0x2f203f1d|15|4296783960
31541|0x6f203f1d|16|7644283948
31541|0xef203f1d|17|13699457313
31541|0xef203f1d|18|27081291250
31541|0x2ef203f1d|19|54259912494
31541|0x2ef203f1d|20|110249262207
31541|0x2ef203f1d|21|216357669030
31541|0x2ef203f1d|22|431755514265
31541|0x2ef203f1d|23|865184305957
31541|0x2ef203f1d|24|1726108862309
31651|0x900b|1|214335
31651|0x1900b|2|478542
31651|0x1900b|3|1035171
31651|0x5900b|4|2114569
31651|0x5900b|5|4069666
31651|0x5900b|6|8396044
31651|0x5900b|7|15109018
31651|0x45900b|8|31066426
31651|0xc5900b|9|61155802
31651|0xc5900b|10|121147544
31651|0x2c5900b|11|261287956
31651|0x2c5900b|12|537053992
31651|0x2c5900b|13|1052554762
31651|0x12c5900b|14|2148839400
31651|0x32c5900b|15|4045059819
31651|0x72c5900b|16|8597465418
31651|0x72c5900b|17|14778786548
31651|0x72c5900b|18|34386449623
31651|0x272c5900b|19|58323980011
31651|0x672c5900b|20|111570081300
31651|0x672c5900b|21|216061036132
31651|0x672c5900b|22|432561103941
31651|0x672c5900b|23|864418373487
31651|0x4672c5900b|24|1730264009997
32111|0x818f|1|217500
32111|0x1818f|2|508278
32111|0x3818f|3|1039224
32111|0x3818f|4|2104247
32111|0xb818f|5|4081116
32111|0xb818f|6|8381142
32111|0xb818f|7|16818082
32111|0x4b818f|8|33494313
32111|0x4b818f|9|67147583
32111|0x14b818f|10|134566663
32111|0x34b818f|11|269146521
32111|0x74b818f|12|538500157
32111|0xf4b818f|13|1076735561
32111|0xf4b818f|14|2150903373
32111|0xf4b818f|15|4305462488
32111|0xf4b818f|16|8610636439
32111|0x8f4b818f|17|17220672057
32111|0x8f4b818f|18|29118468145
32111|0x28f4b818f|19|54359571911
32111|0x68f4b818f|20|107596034411
32111|0x68f4b818f|21|216286767453
32111|0x168f4b818f|22|432983514425
32111|0x168f4b818f|23|865882534215
32111|0x568f4b818f|24|1725834344856
32225|0x8621|1|217669
32225|0x8621|2|481360
32225|0x8621|3|1020313
32225|0x48621|4|1976960
32225|0xc8621|5|4249351
32225|0xc8621|6|8347722
32225|0xc8621|7|16637218
32225|0xc8621|8|33731857
32225|0x8c8621|9|67216618
32225|0x18c8621|10|134298267
32225|0x38c8621|11|269355884
32225|0x78c8621|12|538155122
32225|0x78c8621|13|1076759214
32225|0x78c8621|14|2031714322
32225|0x78c8621|15|4306748921
32225|0x478c8621|16|8614378379
32225|0xc78c8621|17|17228604499
32225|0x1c78c8621|18|27861011308
32225|0x1c78c8621|19|55513631438
32225|0x1c78c8621|20|108985021200
32225|0x1c78c8621|21|217461625636
32225|0x1c78c8621|22|431324709742
32225|0x1c78c8621|23|862604177758
32225|0x1c78c8621|24|1728226887251
32333|0xea85|1|215736
32333|0xea85|2|482397
32333|0xea85|3|1046962
32333|0x4ea85|4|1973214
32333|0xcea85|5|4265002
32333|0x1cea85|6|8391957
32333|0x3cea85|7|16643332
32333|0x7cea85|8|33766526
32333|0x7cea85|9|67247884
32333|0x17cea85|10|134409230
32333|0x37cea85|11|235067991
32333|0x37cea85|12|538564663
32333|0xb7cea85|13|1077124281
32333|0x1b7cea85|14|2154080865
32333|0x1b7cea85|15|3529494152
32333|0x5b7cea85|16|7427277203
32333|0x5b7cea85|17|13850859188
32333|0x15b7cea85|18|27798262334
32333|0x15b7cea85|19|54038675575
32333|0x15b7cea85|20|107826837151
32333|0x15b7cea85|21|216045005716
32333|0x115b7cea85|22|432177913970
32333|0x115b7cea85|23|862812157019
32333|0x515b7cea85|24|1729744746479
32449|0x1141|1|190230
32449|0x11141|2|484377
32449|0x11141|3|1045909
32449|0x51141|4|2132550
32449|0x51141|5|4115765
32449|0x151141|6|8397470
32449|0x351141|7|16791762
32449|0x351141|8|33702323
32449|0xb51141|9|67449133
32449|0x1b51141|10|134571287
32449|0x1b51141|11|269320258
32449|0x1b51141|12|538906275
32449|0x9b51141|13|1018324199
32449|0x19b51141|14|2154690954
32449|0x19b51141|15|3523998290
32449|0x19b51141|16|8620768473
32449|0x99b51141|17|15812592820
32449|0x199b51141|18|27684472182
32449|0x199b51141|19|54004107046
32449|0x599b51141|20|115072243155
32449|0x599b51141|21|216001465648
32449|0x599b51141|22|431468790998
32449|0x2599b51141|23|865935695368
32449|0x2599b51141|24|1726577251688
32557|0x28a5|1|190618
32557|0x128a5|2|474614
32557|0x328a5|3|1047028
32557|0x328a5|4|2129953
32557|0xb28a5|5|4126416
32557|0xb28a5|6|8424694
32557|0x2b28a5|7|16809310
32557|0x6b28a5|8|33668263
32557|0x6b28a5|9|67328699
32557|0x6b28a5|10|134731864
32557|0x6b28a5|11|269347804
32557|0x46b28a5|12|539317993
32557|0x46b28a5|13|1076839468
32557|0x146b28a5|14|2155634198
32557|0x146b28a5|15|4311932656
32557|0x546b28a5|16|6938984926
32557|0x546b28a5|17|14180415565
32557|0x546b28a5|18|27693011393
32557|0x546b28a5|19|53881347032
32557|0x546b28a5|20|109251841013
32557|0x546b28a5|21|216807406303
32557|0x10546b28a5|22|438573529935
32557|0x10546b28a5|23|863455690384
32557|0x50546b28a5|24|1735350403142
32667|0xce93|1|218403
32667|0xce93|2|481667
32667|0xce93|3|1046716
32667|0xce93|4|2137737
32667|0x8ce93|5|4128188
32667|0x18ce93|6|8423489
32667|0x18ce93|7|16827386
32667|0x18ce93|8|33713460
32667|0x98ce93|9|67234402
32667|0x198ce93|10|134443805
32667|0x398ce93|11|269519272
32667|0x798ce93|12|538878050
32667|0xf98ce93|13|1077924123
32667|0xf98ce93|14|2155482488
32667|0xf98ce93|15|4315487466
32667|0x4f98ce93|16|8615434818
32667|0x4f98ce93|17|17256027430
32667|0x14f98ce93|18|30197749401
32667|0x14f98ce93|19|56063453559
32667|0x14f98ce93|20|107701345313
32667|0x94f98ce93|21|219061968259
32667|0x94f98ce93|22|435970972626
32667|0x294f98ce93|23|864029764688
32667|0x294f98ce93|24|1725818083983
32981|0xb87d|1|368584
32981|0xb87d|2|873422
32981|0xb87d|3|1939011
32981|0x8b87d|4|3807648
32981|0x8b87d|5|7887100
32981|0x8b87d|6|15868790
32981|0x8b87d|7|31734185
32981|0x88b87d|8|63388101
32981|0x88b87d|9|127007117
32981|0x288b87d|10|254330122
32981|0x288b87d|11|508924180
32981|0xa88b87d|12|1017917121
32981|0xa88b87d|13|2035850387
32981|0x2a88b87d|14|3806653629
32981|0x6a88b87d|15|7111849847
32981|0x6a88b87d|16|14279702819
32981|0x16a88b87d|17|27678071493
32981|0x36a88b87d|18|55880253450
32981|0x76a88b87d|19|111207638087
32981|0x76a88b87d|20|222311853905
32981|0x176a88b87d|21|446278366212
32981|0x176a88b87d|22|887006610893
32981|0x576a88b87d|23|1763836611332
32981|0x576a88b87d|24|3526340245954
33111|0x1fa67|1|366271
33111|0x3fa67|2|795669
33111|0x3fa67|3|1815740
33111|0xbfa67|4|3960216
33111|0xbfa67|5|7656135
33111|0xbfa67|6|15576083
33111|0x4bfa67|7|31188261
33111|0x4bfa67|8|62586005
33111|0x14bfa67|9|125043376
33111|0x34bfa67|10|250116278
33111|0x34bfa67|11|502806681
33111|0xb4bfa67|12|1000885458
33111|0xb4bfa67|13|2003607366
33111|0x2b4bfa67|14|4008622328
33111|0x2b4bfa67|15|6841025705
33111|0x2b4bfa67|16|15925361351
33111|0x2b4bfa67|17|26672015336
33111|0x2b4bfa67|18|53293628778
33111|0x2b4bfa67|19|109233422475
33111|0x2b4bfa67|20|218661599438
33111|0x2b4bfa67|21|438619180333
33111|0x202b4bfa67|22|867521454148
33111|0x602b4bfa67|23|1753038164839
33111|0xe02b4bfa67|24|3525004887752
33219|0x176eb|1|324632
33219|0x376eb|2|784703
33219|0x376eb|3|1879629
33219|0x376eb|4|3890571
33219|0x1376eb|5|7679813
33219|0x1376eb|6|15680612
33219|0x5376eb|7|31353339
33219|0xd376eb|8|62572238
33219|0xd376eb|9|125179712
33219|0xd376eb|10|250673963
33219|0xd376eb|11|501020877
33219|0xd376eb|12|1002398723
33219|0x10d376eb|13|1907194554
33219|0x30d376eb|14|3342497995
33219|0x70d376eb|15|7541661301
33219|0xf0d376eb|16|13332689599
33219|0xf0d376eb|17|27967960225
33219|0x2f0d376eb|18|56875733871
33219|0x2f0d376eb|19|109023011487
33219|0xaf0d376eb|20|219334900984
33219|0x1af0d376eb|21|438211566626
33219|0x3af0d376eb|22|865909759216
33219|0x7af0d376eb|23|1754312483835
33219|0x7af0d376eb|24|3528338570441
33327|0x4cf|1|366718
33327|0x204cf|2|876375
33327|0x204cf|3|1941267
33327|0x204cf|4|3718918
33327|0x1204cf|5|7814871
33327|0x1204cf|6|15561433
33327|0x5204cf|7|31099554
33327|0xd204cf|8|62509573
33327|0x1d204cf|9|125233352
33327|0x1d204cf|10|250359583
33327|0x5d204cf|11|500623847
33327|0xdd204cf|12|1001420533
33327|0x1dd204cf|13|2002683696
33327|0x3dd204cf|14|4005438154
33327|0x3dd204cf|15|8012459228
33327|0x3dd204cf|16|14181387869
33327|0x3dd204cf|17|26364129609
33327|0x3dd204cf|18|53208773892
33327|0x3dd204cf|19|112500903280
33327|0x3dd204cf|20|218273614782
33327|0x103dd204cf|21|449900661348
33327|0x303dd204cf|22|868143340360
33327|0x703dd204cf|23|1768942650538
33327|0x703dd204cf|24|3525096583976
33455|0x144f|1|369112
33455|0x2144f|2|897752
33455|0x6144f|3|1928969
33455|0xe144f|4|3736334
33455|0x1e144f|5|7854206
33455|0x3e144f|6|15616178
33455|0x7e144f|7|31341379
33455|0xfe144f|8|62509018
33455|0xfe144f|9|125311870
33455|0xfe144f|10|250567145
33455|0x4fe144f|11|501264605
33455|0x4fe144f|12|1002704392
33455|0x14fe144f|13|1977559771
33455|0x34fe144f|14|3434386643
33455|0x74fe144f|15|6803263933
33455|0x74fe144f|16|15945107630
33455|0x174fe144f|17|30584784222
33455|0x174fe144f|18|54896503515
33455|0x174fe144f|19|109003161886
33455|0x974fe144f|20|221392166980
33455|0x974fe144f|21|438179457298
33455|0x2974fe144f|22|866356880427
33455|0x6974fe144f|23|1752778726746
33455|0xe974fe144f|24|3524048254065
33549|0x3c5|1|369272
33549|0x203c5|2|878103
33549|0x203c5|3|1880826
33549|0xa03c5|4|3844547
33549|0x1a03c5|5|7804930
33549|0x1a03c5|6|15500386
33549|0x5a03c5|7|31286574
33549|0xda03c5|8|62686289
33549|0x1da03c5|9|125350012
33549|0x1da03c5|10|251071874
33549|0x1da03c5|11|501511789
33549|0x9da03c5|12|1003174679
33549|0x19da03c5|13|2006438893
33549|0x39da03c5|14|3310625671
33549|0x39da03c5|15|6856119723
33549|0xb9da03c5|16|14038330571
33549|0xb9da03c5|17|27565419960
33549|0xb9da03c5|18|54282930712
33549|0x4b9da03c5|19|109499560060
33549|0xcb9da03c5|20|221724438799
33549|0xcb9da03c5|21|441919515349
33549|0xcb9da03c5|22|867941981265
33549|0x4cb9da03c5|23|1752136035798
33549|0x4cb9da03c5|24|3525030165343
33667|0x1232b|1|325470
33667|0x1232b|2|878857
33667|0x5232b|3|1951634
33667|0x5232b|4|3772812
33667|0x5232b|5|7817787
33667|0x25232b|6|15758635
33667|0x25232b|7|31233992
33667|0x25232b|8|62608110
33667|0x25232b|9|125479735
33667|0x25232b|10|250711685
33667|0x425232b|11|501699229
33667|0x425232b|12|1003480309
33667|0x425232b|13|2006782604
33667|0x2425232b|14|4009575764
33667|0x2425232b|15|7453890652
33667|0xa425232b|16|13720589890
33667|0x1a425232b|17|27151220662
33667|0x3a425232b|18|55204751202
33667|0x7a425232b|19|110162934233
33667|0xfa425232b|20|219188246135
33667|0xfa425232b|21|438131420585
33667|0xfa425232b|22|872423562166
33667|0xfa425232b|23|1750976999862
33667|0xfa425232b|24|3518357068193
33785|0xce49|1|326361
33785|0xce49|2|774492
33785|0xce49|3|1947179
33785|0x8ce49|4|3847744
33785|0x8ce49|5|7400672
33785|0x28ce49|6|15713016
33785|0x68ce49|7|31244745
33785|0xe8ce49|8|62707860
33785|0xe8ce49|9|125302115
33785|0xe8ce49|10|250686778
33785|0x4e8ce49|11|501648617
33785|0xce8ce49|12|914357806
33785|0x1ce8ce49|13|1684932628
33785|0x1ce8ce49|14|3673939554
33785|0x5ce8ce49|15|7985004689
33785|0xdce8ce49|16|13697039869
33785|0xdce8ce49|17|27936323299
33785|0x2dce8ce49|18|54053489918
33785|0x6dce8ce49|19|110053109724
33785|0xedce8ce49|20|217840812208
33785|0xedce8ce49|21|443707391691
33785|0xedce8ce49|22|873502633691
33785|0xedce8ce49|23|1760068184952
33785|0x8edce8ce49|24|3511128971939
34091|0x1183|1|326305
34091|0x1183|2|776673
34091|0x41183|3|1933411
34091|0xc1183|4|3766854
34091|0xc1183|5|7808747
34091|0x2c1183|6|15458751
34091|0x2c1183|7|31044255
34091|0xac1183|8|62021848
34091|0xac1183|9|124251800
34091|0x2ac1183|10|248334814
34091|0x2ac1183|11|496774172
34091|0xaac1183|12|993213104
34091|0x1aac1183|13|1987551643
34091|0x3aac1183|14|4008682000
34091|0x7aac1183|15|8021373397
34091|0x7aac1183|16|13895646981
34091|0x7aac1183|17|26450782018
34091|0x7aac1183|18|60886980681
34091|0x7aac1183|19|108112303715
34091|0x7aac1183|20|217993868405
34091|0x107aac1183|21|439662423744
34091|0x107aac1183|22|873458866142
34091|0x107aac1183|23|1759176627823
34091|0x907aac1183|24|3512329919915
34211|0xd60b|1|344141
34211|0xd60b|2|883624
34211|0x4d60b|3|1964113
34211|0xcd60b|4|3801862
34211|0xcd60b|5|7745850
34211|0x2cd60b|6|15580968
34211|0x6cd60b|7|31267158
34211|0xecd60b|8|62500600
34211|0xecd60b|9|125112822
34211|0x2ecd60b|10|250198168
34211|0x2ecd60b|11|500310506
34211|0xaecd60b|12|1004028701
34211|0xaecd60b|13|2009723911
34211|0xaecd60b|14|3411232826
34211|0xaecd60b|15|7661841126
34211|0xaecd60b|16|14340416508
34211|0xaecd60b|17|31565882058
34211|0xaecd60b|18|52800991807
34211|0x40aecd60b|19|112139745244
34211|0x40aecd60b|20|217352681202
34211|0x40aecd60b|21|438315098032
34211|0x40aecd60b|22|880791666631
34211|0x440aecd60b|23|1759236810279
34211|0x440aecd60b|24|3513093898720
34321|0x12af1|1|371361
34321|0x32af1|2|884548
34321|0x32af1|3|1968771
34321|0x32af1|4|3790898
34321|0x132af1|5|7425942
34321|0x132af1|6|15046559
34321|0x532af1|7|29890632
34321|0x532af1|8|58540056
34321|0x532af1|9|125835372
34321|0x2532af1|10|251277214
34321|0x2532af1|11|503256330
34321|0x2532af1|12|979826395
34321|0x12532af1|13|1981878900
34321|0x12532af1|14|3707562907
34321|0x52532af1|15|6768036670
34321|0x52532af1|16|13445851012
34321|0x152532af1|17|29146618139
34321|0x352532af1|18|54764493346
34321|0x352532af1|19|111309799931
34321|0x352532af1|20|219583404993
34321|0x1352532af1|21|440971290518
34321|0x3352532af1|22|875319682784
34321|0x3352532af1|23|1758084640116
34321|0xb352532af1|24|3515432368903
34433|0x1b981|1|329723
34433|0x1b981|2|849869
34433|0x1b981|3|1950594
34433|0x9b981|4|3868368
34433|0x9b981|5|7762716
34433|0x9b981|6|15701223
34433|0x9b981|7|31308733
34433|0x9b981|8|62357313
34433|0x9b981|9|125873486
34433|0x9b981|10|251558975
34433|0x409b981|11|505252361
34433|0x409b981|12|1008807374
34433|0x409b981|13|1836714682
34433|0x2409b981|14|3458298202
34433|0x6409b981|15|6654964318
34433|0xe409b981|16|13585711445
34433|0xe409b981|17|28943118885
34433|0xe409b981|18|54644316332
34433|0xe409b981|19|113008894862
34433|0xe409b981|20|218808119946
34433|0x10e409b981|21|438503176940
34433|0x30e409b981|22|878659319505
34433|0x30e409b981|23|1761692070931
34433|0x30e409b981|24|3506743944976
34541|0xc6e5|1|372235
34541|0xc6e5|2|886418
34541|0x4c6e5|3|1969174
34541|0xcc6e5|4|3835505
34541|0x1cc6e5|5|7895210
34541|0x1cc6e5|6|15818639
34541|0x5cc6e5|7|31558805
34541|0x5cc6e5|8|63186972
34541|0x5cc6e5|9|126411640
34541|0x25cc6e5|10|253309881
34541|0x25cc6e5|11|506159012
34541|0x25cc6e5|12|1012508666
34541|0x25cc6e5|13|2024091035
34541|0x25cc6e5|14|3423854367
34541|0x425cc6e5|15|6942428436
34541|0x425cc6e5|16|13290885303
34541|0x425cc6e5|17|28103011931
34541|0x2425cc6e5|18|54861178060
34541|0x6425cc6e5|19|108762883873
34541|0xe425cc6e5|20|215413696219
34541|0x1e425cc6e5|21|436487562689
34541|0x1e425cc6e5|22|875585924012
34541|0x5e425cc6e5|23|1756632315474
34541|0x5e425cc6e5|24|3510369497197
34647|0x15467|1|386187
34647|0x35467|2|802206
34647|0x75467|3|1803799
34647|0x75467|4|4011072
34647|0x75467|5|7792575
34647|0x75467|6|15597191
34647|0x75467|7|31620842
34647|0x75467|8|63099746
34647|0x75467|9|126100450
34647|0x75467|10|251941158
34647|0x75467|11|504453250
34647|0x75467|12|1008604486
34647|0x75467|13|2017458877
34647|0x20075467|14|4046022635
34647|0x60075467|15|8089198877
34647|0xe0075467|16|14118987517
34647|0xe0075467|17|29176266375
34647|0xe0075467|18|54485019279
34647|0xe0075467|19|108088832907
34647|0xe0075467|20|216005447761
34647|0x10e0075467|21|436179921492
34647|0x30e0075467|22|875044137111
34647|0x70e0075467|23|1756145256380
34647|0xf0e0075467|24|3511167773973
34765|0x1bd05|1|371746
34765|0x3bd05|2|888192
34765|0x7bd05|3|1957716
34765|0x7bd05|4|3873618
34765|0x7bd05|5|7941482
34765|0x27bd05|6|15938189
34765|0x27bd05|7|31863103
34765|0xa7bd05|8|63835709
34765|0x1a7bd05|9|127360062
34765|0x1a7bd05|10|255411275
34765|0x1a7bd05|11|510169785
34765|0x9a7bd05|12|879504152
34765|0x19a7bd05|13|2041313621
34765|0x19a7bd05|14|3712289120
34765|0x19a7bd05|15|8097430477
34765|0x19a7bd05|16|13872997577
34765|0x19a7bd05|17|26659878488
34765|0x19a7bd05|18|58106262012
34765|0x419a7bd05|19|108959892570
34765|0x419a7bd05|20|215398146443
34765|0x1419a7bd05|21|436150985582
34765|0x3419a7bd05|22|875655791272
34765|0x7419a7bd05|23|1757013704108
34765|0xf419a7bd05|24|3510056148734
35085|0x6dc5|1|372167
35085|0x6dc5|2|888570
35085|0x46dc5|3|1979770
35085|0xc6dc5|4|3831045
35085|0xc6dc5|5|8443964
35085|0x2c6dc5|6|15911363
35085|0x2c6dc5|7|31903077
35085|0x2c6dc5|8|63612724
35085|0x12c6dc5|9|127339910
35085|0x32c6dc5|10|255294403
35085|0x32c6dc5|11|510139903
35085|0x32c6dc5|12|1021330615
35085|0x132c6dc5|13|2043845016
35085|0x132c6dc5|14|3666034430
35085|0x532c6dc5|15|8164083554
35085|0x532c6dc5|16|13366590186
35085|0x1532c6dc5|17|27763588006
35085|0x1532c6dc5|18|55012993792
35085|0x5532c6dc5|19|109118196651
35085|0xd532c6dc5|20|215272212536
35085|0x1d532c6dc5|21|435825961412
35085|0x1d532c6dc5|22|873983623978
35085|0x1d532c6dc5|23|1754872711958
35085|0x1d532c6dc5|24|3509269905868
35197|0xf7d5|1|357514
35197|0x2f7d5|2|891712
35197|0x6f7d5|3|1986660
35197|0xef7d5|4|3832091
35197|0x1ef7d5|5|7854274
35197|0x1ef7d5|6|15878337
35197|0x5ef7d5|7|31879999
35197|0x5ef7d5|8|63572795
35197|0x15ef7d5|9|126914815
35197|0x35ef7d5|10|254211511
35197|0x35ef7d5|11|508844578
35197|0xb5ef7d5|12|1018362835
35197|0xb5ef7d5|13|2035571145
35197|0x2b5ef7d5|14|4084221698
35197|0x2b5ef7d5|15|7793782113
35197|0x2b5ef7d5|16|13939968468
35197|0x12b5ef7d5|17|27913871898
35197|0x12b5ef7d5|18|54939870354
35197|0x12b5ef7d5|19|109930414835
35197|0x92b5ef7d5|20|215390169828
35197|0x192b5ef7d5|21|435434376709
35197|0x192b5ef7d5|22|874355353568
35197|0x192b5ef7d5|23|1755384711531
35197|0x992b5ef7d5|24|3510801510049
35303|0x79d7|1|372580
35303|0x279d7|2|892619
35303|0x279d7|3|1994527
35303|0x279d7|4|3747118
35303|0x1279d7|5|7878041
35303|0x3279d7|6|15829037
35303|0x7279d7|7|31474719
35303|0xf279d7|8|63349421
35303|0xf279d7|9|126754507
35303|0x2f279d7|10|253221539
35303|0x6f279d7|11|506726670
35303|0xef279d7|12|1013588426
35303|0xef279d7|13|1718016920
35303|0xef279d7|14|4054378439
35303|0x4ef279d7|15|6674126694
35303|0x4ef279d7|16|13800729605
35303|0x14ef279d7|17|27687267087
35303|0x34ef279d7|18|60004171720
35303|0x74ef279d7|19|109690662659
35303|0xf4ef279d7|20|215480276870
35303|0x1f4ef279d7|21|435630797749
35303|0x1f4ef279d7|22|874374325542
35303|0x1f4ef279d7|23|1754975107067
35303|0x9f4ef279d7|24|3507114302188
35417|0x1de9|1|373025
35417|0x21de9|2|911303
35417|0x61de9|3|1971797
35417|0x61de9|4|3768758
35417|0x61de9|5|7885846
35417|0x61de9|6|15900249
35417|0x461de9|7|31584433
35417|0xc61de9|8|63169350
35417|0x1c61de9|9|126314752
35417|0x3c61de9|10|253495616
35417|0x7c61de9|11|506868584
35417|0x7c61de9|12|872432423
35417|0x7c61de9|13|2027330842
35417|0x7c61de9|14|3617395382
35417|0x7c61de9|15|8105075379
35417|0x87c61de9|16|13972950316
35417|0x87c61de9|17|27036241836
35417|0x87c61de9|18|56341337831
35417|0x87c61de9|19|110971226189
35417|0x87c61de9|20|215729595487
35417|0x87c61de9|21|434424776629
35417|0x2087c61de9|22|873079746201
35417|0x2087c61de9|23|1754738468152
35417|0xa087c61de9|24|3506237518659
35527|0x116f7|1|376280
35527|0x316f7|2|894665
35527|0x316f7|3|1906654
35527|0xb16f7|4|3859428
35527|0xb16f7|5|7777017
35527|0xb16f7|6|15598624
35527|0xb16f7|7|31403129
35527|0xb16f7|8|62554964
35527|0x10b16f7|9|125521384
35527|0x30b16f7|10|251289240
35527|0x30b16f7|11|502588335
35527|0xb0b16f7|12|1005366042
35527|0x1b0b16f7|13|2010445057
35527|0x1b0b16f7|14|4021719088
35527|0x1b0b16f7|15|8043138369
35527|0x1b0b16f7|16|15579519923
35527|0x11b0b16f7|17|28029655294
35527|0x11b0b16f7|18|55095035215
35527|0x11b0b16f7|19|109966924023
35527|0x11b0b16f7|20|221916388722
35527|0x111b0b16f7|21|440480364380
35527|0x311b0b16f7|22|875752828639
35527|0x711b0b16f7|23|1755713201000
35527|0xf11b0b16f7|24|3509675215982
35643|0x15f3|1|389073
35643|0x15f3|2|887440
35643|0x15f3|3|1788241
35643|0x15f3|4|3999542
35643|0x1015f3|5|7773170
35643|0x3015f3|6|15517121
35643|0x3015f3|7|31348999
35643|0x3015f3|8|62863966
35643|0x13015f3|9|125906763
35643|0x33015f3|10|251523353
35643|0x33015f3|11|503186918
35643|0xb3015f3|12|1006582126
35643|0x1b3015f3|13|2013325386
35643|0x3b3015f3|14|4026490088
35643|0x7b3015f3|15|7466271699
35643|0xfb3015f3|16|13291816020
35643|0x1fb3015f3|17|27972970912
35643|0x1fb3015f3|18|56863073387
35643|0x1fb3015f3|19|116221047483
35643|0x9fb3015f3|20|221735908381
35643|0x19fb3015f3|21|438724038387
35643|0x39fb3015f3|22|877755090799
35643|0x79fb3015f3|23|1752012242220
35643|0xf9fb3015f3|24|3511090035190
35749|0x1642d|1|374643
35749|0x3642d|2|802425
35749|0x7642d|3|1819926
35749|0xf642d|4|3995597
35749|0x1f642d|5|7746922
35749|0x3f642d|6|15592536
35749|0x7f642d|7|31423046
35749|0xff642d|8|62879468
35749|0xff642d|9|125848725
35749|0xff642d|10|251585335
35749|0xff642d|11|503466756
35749|0xff642d|12|1006897255
35749|0x10ff642d|13|2013553172
35749|0x30ff642d|14|4030948267
35749|0x70ff642d|15|8081980219
35749|0xf0ff642d|16|14387001746
35749|0xf0ff642d|17|28880876571
35749|0x2f0ff642d|18|55530929506
35749|0x2f0ff642d|19|111020452996
35749|0x2f0ff642d|20|222589328847
35749|0x2f0ff642d|21|439507715789
35749|0x2f0ff642d|22|875107120490
35749|0x42f0ff642d|23|1752623516989
35749|0x42f0ff642d|24|3506970369102
